<?xml version="1.0" encoding="utf-8"?><testsuite errors="0" failures="0" name="pytest" skips="0" tests="1" time="381.551"><testcase classname="tests.basic_parse_test" file="tests/basic_parse_test.py" line="57" name="test_semantic_ontology" time="379.91334557533264"><system-out>Parsing PDF /Users/audodds/src/hohonu/padhana/tests/../test_documents/OFSAA_DD_E16101_01.pdf
--------------------------------- NEW PAGE --------------------------------
--------------------------------- CONTENT AREA --------------------------------- 
Oracle® Financial Services Analytical Applications
Data Model



--------------------------------- CONTENT AREA --------------------------------- 
Data Dictionary
Release 7.1



--------------------------------- CONTENT AREA --------------------------------- 
Part No. E16101-01



--------------------------------- CONTENT AREA --------------------------------- 
September 2010



--------------------------------- CONTENT AREA --------------------------------- 
This content area has an image
{&apos;type&apos;: &apos;figure&apos;, &apos;bbox&apos;: (90.0, 39.4, 182.22899999999998, 54.4), &apos;name&apos;: &apos;Im0&apos;, &apos;children&apos;: [{&apos;type&apos;: &apos;image&apos;, &apos;height&apos;: 15.0, &apos;width&apos;: 92.22899999999998, &apos;value&apos;: None, &apos;children&apos;: [], &apos;features&apos;: {}}], &apos;features&apos;: {}}
*********************





--------------------------------- NEW PAGE --------------------------------
--------------------------------- CONTENT AREA --------------------------------- 
Oracle Financial Services Analytical Applications Data Model Data Dictionary, Release 7.1



--------------------------------- CONTENT AREA --------------------------------- 
Part No. E16101-01



--------------------------------- CONTENT AREA --------------------------------- 
Copyright © 2010, Oracle and/or its affiliates. All rights reserved.



--------------------------------- CONTENT AREA --------------------------------- 
Primary Author: Surag Ramachandran



--------------------------------- CONTENT AREA --------------------------------- 
Contributing Author: Aravind Venketaraman



--------------------------------- CONTENT AREA --------------------------------- 
Oracle is a registered trademark of Oracle Corporation and/or its affiliates. Other names may be trademarks
of their respective owners.



--------------------------------- CONTENT AREA --------------------------------- 
This software and related documentation are provided under a license agreement containing restrictions on
use and disclosure and are protected by intellectual property laws. Except as expressly permitted in your
license agreement or allowed by law, you may not use, copy, reproduce, translate, broadcast, modify, license,
transmit, distribute, exhibit, perform, publish or display any part, in any form, or by any means. Reverse
engineering, disassembly, or decompilation of this software, unless required by law for interoperability, is
prohibited.



--------------------------------- CONTENT AREA --------------------------------- 
The information contained herein is subject to change without notice and is not warranted to be error-free. If
you find any errors, please report them to us in writing.



--------------------------------- CONTENT AREA --------------------------------- 
If this software or related documentation is delivered to the U.S. Government or anyone licensing it on behalf
of the U.S. Government, the following notice is applicable:



--------------------------------- CONTENT AREA --------------------------------- 
U.S. GOVERNMENT RIGHTS
Programs, software, databases, and related documentation and technical data delivered to U.S. Government
customers are &quot;commercial computer software&quot; or &quot;commercial technical data&quot; pursuant to the applicable
Federal Acquisition Regulation and agency-specific supplemental regulations. As such, the use, duplication,
disclosure, modification, and adaptation shall be subject to the restrictions and license terms set forth in the
applicable Government contract, and, to the extent applicable by the terms of the Government contract, the
additional rights set forth in FAR 52.227-19, Commercial Computer Software License (December 2007). Oracle
USA, Inc., 500 Oracle Parkway, Redwood City, CA 94065.



--------------------------------- CONTENT AREA --------------------------------- 
This software is developed for general use in a variety of information management applications. It is not
developed or intended for use in any inherently dangerous applications, including applications which may
create a risk of personal injury. If you use this software in dangerous applications, then you shall be
responsible to take all appropriate fail-safe, backup, redundancy and other measures to ensure the safe use of
this software. Oracle Corporation and its affiliates disclaim any liability for any damages caused by use of this
software in dangerous applications.



--------------------------------- CONTENT AREA --------------------------------- 
This software and documentation may provide access to or information on content, products and services
from third parties. Oracle Corporation and its affiliates are not responsible for and expressly disclaim all
warranties of any kind with respect to third party content, products and services. Oracle Corporation and its
affiliates will not be responsible for any loss, costs, or damages incurred due to your access to or use of third
party content, products or services.



--------------------------------- NEW PAGE --------------------------------
--------------------------------- CONTENT AREA --------------------------------- 
Contents



--------------------------------- CONTENT AREA --------------------------------- 
Send Us Your Comments



--------------------------------- CONTENT AREA --------------------------------- 
Preface



--------------------------------- CONTENT AREA --------------------------------- 
1 Getting Started with Oracle Financial Services Analytical Applications Data
Dictionary



--------------------------------- CONTENT AREA --------------------------------- 
Introduction...............................................................................................................................1-1
OracleFinancialServicesOverview.........................................................................................1-1
OracleFinancialServicesAnalyticalApplications..................................................................1-1
SubjectAreas.............................................................................................................................1-4
DataDictionaryTableStructure...............................................................................................1-4



--------------------------------- CONTENT AREA --------------------------------- 
2 INSTRUMENTS



--------------------------------- CONTENT AREA --------------------------------- 
OverviewoftheINSTRUMENTSDatabasetables..................................................................2-1
FSI_D_LOAN_CONTRACTS...................................................................................................2-1
FSI_D_MORTGAGES.............................................................................................................2-27
FSI_D_CREDIT_CARDS........................................................................................................ 2-49
FSI_D_CREDIT_LINES...........................................................................................................2-78
FSI_D_LEASES......................................................................................................................2-102
FSI_D_CASA.........................................................................................................................2-123
FSI_D_TERM_DEPOSITS.................................................................................................... 2-148
FSI_D_BORROWINGS.........................................................................................................2-169
FSI_D_ANNUITY_CONTRACTS........................................................................................2-210
FSI_D_RETIREMENT_ACCOUNTS....................................................................................2-273
FSI_D_INVESTMENTS.......................................................................................................2-296
FSI_D_BREAK_FUNDING_CHARGES...............................................................................2-318



--------------------------------- CONTENT AREA --------------------------------- 
iii



--------------------------------- CONTENT AREA --------------------------------- 
This content area has an image
{&apos;type&apos;: &apos;figure&apos;, &apos;bbox&apos;: (0, 0, 612.0, 792.0), &apos;name&apos;: &apos;fx0&apos;, &apos;children&apos;: [{&apos;type&apos;: &apos;text&apos;, &apos;bbox&apos;: (114.0, 399.726, 117.89, 413.20599999999996), &apos;color_space&apos;: &apos;DeviceGray&apos;, &apos;ncolor&apos;: None, &apos;size&apos;: 13.479999999999961, &apos;value&apos;: &apos;I&apos;, &apos;children&apos;: [], &apos;features&apos;: {}}, {&apos;type&apos;: &apos;text&apos;, &apos;bbox&apos;: (117.89, 399.726, 123.99, 413.20599999999996), &apos;color_space&apos;: &apos;DeviceGray&apos;, &apos;ncolor&apos;: None, &apos;size&apos;: 13.479999999999961, &apos;value&apos;: &apos;n&apos;, &apos;children&apos;: [], &apos;features&apos;: {}}, {&apos;type&apos;: &apos;text&apos;, &apos;bbox&apos;: (123.99, 399.726, 127.32, 413.20599999999996), &apos;color_space&apos;: &apos;DeviceGray&apos;, &apos;ncolor&apos;: None, &apos;size&apos;: 13.479999999999961, &apos;value&apos;: &apos;t&apos;, &apos;children&apos;: [], &apos;features&apos;: {}}, {&apos;type&apos;: &apos;text&apos;, &apos;bbox&apos;: (127.32, 399.726, 131.20999999999998, 413.20599999999996), &apos;color_space&apos;: &apos;DeviceGray&apos;, &apos;ncolor&apos;: None, &apos;size&apos;: 13.479999999999961, &apos;value&apos;: &apos;r&apos;, &apos;children&apos;: [], &apos;features&apos;: {}}, {&apos;type&apos;: &apos;text&apos;, &apos;bbox&apos;: (131.21, 399.726, 136.77, 413.20599999999996), &apos;color_space&apos;: &apos;DeviceGray&apos;, &apos;ncolor&apos;: None, &apos;size&apos;: 13.479999999999961, &apos;value&apos;: &apos;o&apos;, &apos;children&apos;: [], &apos;features&apos;: {}}, {&apos;type&apos;: &apos;text&apos;, &apos;bbox&apos;: (136.77, 399.726, 142.87, 413.20599999999996), &apos;color_space&apos;: &apos;DeviceGray&apos;, &apos;ncolor&apos;: None, &apos;size&apos;: 13.479999999999961, &apos;value&apos;: &apos;d&apos;, &apos;children&apos;: [], &apos;features&apos;: {}}, {&apos;type&apos;: &apos;text&apos;, &apos;bbox&apos;: (142.87, 399.726, 148.97, 413.20599999999996), &apos;color_space&apos;: &apos;DeviceGray&apos;, &apos;ncolor&apos;: None, &apos;size&apos;: 13.479999999999961, &apos;value&apos;: &apos;u&apos;, &apos;children&apos;: [], &apos;features&apos;: {}}, {&apos;type&apos;: &apos;text&apos;, &apos;bbox&apos;: (148.97, 399.726, 153.4, 413.20599999999996), &apos;color_space&apos;: &apos;DeviceGray&apos;, &apos;ncolor&apos;: None, &apos;size&apos;: 13.479999999999961, &apos;value&apos;: &apos;c&apos;, &apos;children&apos;: [], &apos;features&apos;: {}}, {&apos;type&apos;: &apos;text&apos;, &apos;bbox&apos;: (153.4, 399.726, 156.73000000000002, 413.20599999999996), &apos;color_space&apos;: &apos;DeviceGray&apos;, &apos;ncolor&apos;: None, &apos;size&apos;: 13.479999999999961, &apos;value&apos;: &apos;t&apos;, &apos;children&apos;: [], &apos;features&apos;: {}}, {&apos;type&apos;: &apos;text&apos;, &apos;bbox&apos;: (156.73000000000002, 399.726, 160.06000000000003, 413.20599999999996), &apos;color_space&apos;: &apos;DeviceGray&apos;, &apos;ncolor&apos;: None, &apos;size&apos;: 13.479999999999961, &apos;value&apos;: &apos;i&apos;, &apos;children&apos;: [], &apos;features&apos;: {}}, {&apos;type&apos;: &apos;text&apos;, &apos;bbox&apos;: (160.06, 399.726, 165.62, 413.20599999999996), &apos;color_space&apos;: &apos;DeviceGray&apos;, &apos;ncolor&apos;: None, &apos;size&apos;: 13.479999999999961, &apos;value&apos;: &apos;o&apos;, &apos;children&apos;: [], &apos;features&apos;: {}}, {&apos;type&apos;: &apos;text&apos;, &apos;bbox&apos;: (165.62, 399.726, 171.72, 413.20599999999996), &apos;color_space&apos;: &apos;DeviceGray&apos;, &apos;ncolor&apos;: None, &apos;size&apos;: 13.479999999999961, &apos;value&apos;: &apos;n&apos;, &apos;children&apos;: [], &apos;features&apos;: {}}, {&apos;type&apos;: &apos;text&apos;, &apos;bbox&apos;: (171.768, 400.455, 174.538, 413.745), &apos;color_space&apos;: &apos;DeviceGray&apos;, &apos;ncolor&apos;: None, &apos;size&apos;: 13.29000000000002, &apos;value&apos;: &apos;.&apos;, &apos;children&apos;: [], &apos;features&apos;: {}}, {&apos;type&apos;: &apos;text&apos;, &apos;bbox&apos;: (174.538, 400.455, 177.30800000000002, 413.745), &apos;color_space&apos;: &apos;DeviceGray&apos;, &apos;ncolor&apos;: None, &apos;size&apos;: 13.29000000000002, &apos;value&apos;: &apos;.&apos;, &apos;children&apos;: [], &apos;features&apos;: {}}, {&apos;type&apos;: &apos;text&apos;, &apos;bbox&apos;: (177.308, 400.455, 180.078, 413.745), &apos;color_space&apos;: &apos;DeviceGray&apos;, &apos;ncolor&apos;: None, &apos;size&apos;: 13.29000000000002, &apos;value&apos;: &apos;.&apos;, &apos;children&apos;: [], &apos;features&apos;: {}}, {&apos;type&apos;: &apos;text&apos;, &apos;bbox&apos;: (180.078, 400.455, 182.848, 413.745), &apos;color_space&apos;: &apos;DeviceGray&apos;, &apos;ncolor&apos;: None, &apos;size&apos;: 13.29000000000002, &apos;value&apos;: &apos;.&apos;, &apos;children&apos;: [], &apos;features&apos;: {}}, {&apos;type&apos;: &apos;text&apos;, &apos;bbox&apos;: (182.848, 400.455, 185.61800000000002, 413.745), &apos;color_space&apos;: &apos;DeviceGray&apos;, &apos;ncolor&apos;: None, &apos;size&apos;: 13.29000000000002, &apos;value&apos;: &apos;.&apos;, &apos;children&apos;: [], &apos;features&apos;: {}}, {&apos;type&apos;: &apos;text&apos;, &apos;bbox&apos;: (185.618, 400.455, 188.388, 413.745), &apos;color_space&apos;: &apos;DeviceGray&apos;, &apos;ncolor&apos;: None, &apos;size&apos;: 13.29000000000002, &apos;value&apos;: &apos;.&apos;, &apos;children&apos;: [], &apos;features&apos;: {}}, {&apos;type&apos;: &apos;text&apos;, &apos;bbox&apos;: (188.388, 400.455, 191.15800000000002, 413.745), &apos;color_space&apos;: &apos;DeviceGray&apos;, &apos;ncolor&apos;: None, &apos;size&apos;: 13.29000000000002, &apos;value&apos;: &apos;.&apos;, &apos;children&apos;: [], &apos;features&apos;: {}}, {&apos;type&apos;: &apos;text&apos;, &apos;bbox&apos;: (191.15800000000002, 400.455, 193.92800000000003, 413.745), &apos;color_space&apos;: &apos;DeviceGray&apos;, &apos;ncolor&apos;: None, &apos;size&apos;: 13.29000000000002, &apos;value&apos;: &apos;.&apos;, &apos;children&apos;: [], &apos;features&apos;: {}}, {&apos;type&apos;: &apos;text&apos;, &apos;bbox&apos;: (193.928, 400.455, 196.698, 413.745), &apos;color_space&apos;: &apos;DeviceGray&apos;, &apos;ncolor&apos;: None, &apos;size&apos;: 13.29000000000002, &apos;value&apos;: &apos;.&apos;, &apos;children&apos;: [], &apos;features&apos;: {}}, {&apos;type&apos;: &apos;text&apos;, &apos;bbox&apos;: (196.698, 400.455, 199.46800000000002, 413.745), &apos;color_space&apos;: &apos;DeviceGray&apos;, &apos;ncolor&apos;: None, &apos;size&apos;: 13.29000000000002, &apos;value&apos;: &apos;.&apos;, &apos;children&apos;: [], &apos;features&apos;: {}}, {&apos;type&apos;: &apos;text&apos;, &apos;bbox&apos;: (199.468, 400.455, 202.238, 413.745), &apos;color_space&apos;: &apos;DeviceGray&apos;, &apos;ncolor&apos;: None, &apos;size&apos;: 13.29000000000002, &apos;value&apos;: &apos;.&apos;, &apos;children&apos;: [], &apos;features&apos;: {}}, {&apos;type&apos;: &apos;text&apos;, &apos;bbox&apos;: (202.238, 400.455, 205.008, 413.745), &apos;color_space&apos;: &apos;DeviceGray&apos;, &apos;ncolor&apos;: None, &apos;size&apos;: 13.29000000000002, &apos;value&apos;: &apos;.&apos;, &apos;children&apos;: [], &apos;features&apos;: {}}, {&apos;type&apos;: &apos;text&apos;, &apos;bbox&apos;: (205.008, 400.455, 207.77800000000002, 413.745), &apos;color_space&apos;: &apos;DeviceGray&apos;, &apos;ncolor&apos;: None, &apos;size&apos;: 13.29000000000002, &apos;value&apos;: &apos;.&apos;, &apos;children&apos;: [], &apos;features&apos;: {}}, {&apos;type&apos;: &apos;text&apos;, &apos;bbox&apos;: (207.77800000000002, 400.455, 210.54800000000003, 413.745), &apos;color_space&apos;: &apos;DeviceGray&apos;, &apos;ncolor&apos;: None, &apos;size&apos;: 13.29000000000002, &apos;value&apos;: &apos;.&apos;, &apos;children&apos;: [], &apos;features&apos;: {}}, {&apos;type&apos;: &apos;text&apos;, &apos;bbox&apos;: (210.548, 400.455, 213.318, 413.745), &apos;color_space&apos;: &apos;DeviceGray&apos;, &apos;ncolor&apos;: None, &apos;size&apos;: 13.29000000000002, &apos;value&apos;: &apos;.&apos;, &apos;children&apos;: [], &apos;features&apos;: {}}, {&apos;type&apos;: &apos;text&apos;, &apos;bbox&apos;: (213.318, 400.455, 216.08800000000002, 413.745), &apos;color_space&apos;: &apos;DeviceGray&apos;, &apos;ncolor&apos;: None, &apos;size&apos;: 13.29000000000002, &apos;value&apos;: &apos;.&apos;, &apos;children&apos;: [], &apos;features&apos;: {}}, {&apos;type&apos;: &apos;text&apos;, &apos;bbox&apos;: (216.08800000000002, 400.455, 218.85800000000003, 413.745), &apos;color_space&apos;: &apos;DeviceGray&apos;, &apos;ncolor&apos;: None, &apos;size&apos;: 13.29000000000002, &apos;value&apos;: &apos;.&apos;, &apos;children&apos;: [], &apos;features&apos;: {}}, {&apos;type&apos;: &apos;text&apos;, &apos;bbox&apos;: (218.858, 400.455, 221.62800000000001, 413.745), &apos;color_space&apos;: &apos;DeviceGray&apos;, &apos;ncolor&apos;: None, &apos;size&apos;: 13.29000000000002, &apos;value&apos;: &apos;.&apos;, &apos;children&apos;: [], &apos;features&apos;: {}}, {&apos;type&apos;: &apos;text&apos;, &apos;bbox&apos;: (221.62800000000001, 400.455, 224.39800000000002, 413.745), &apos;color_space&apos;: &apos;DeviceGray&apos;, &apos;ncolor&apos;: None, &apos;size&apos;: 13.29000000000002, &apos;value&apos;: &apos;.&apos;, &apos;children&apos;: [], &apos;features&apos;: {}}, {&apos;type&apos;: &apos;text&apos;, &apos;bbox&apos;: (224.39800000000002, 400.455, 227.16800000000003, 413.745), &apos;color_space&apos;: &apos;DeviceGray&apos;, &apos;ncolor&apos;: None, &apos;size&apos;: 13.29000000000002, &apos;value&apos;: &apos;.&apos;, &apos;children&apos;: [], &apos;features&apos;: {}}, {&apos;type&apos;: &apos;text&apos;, &apos;bbox&apos;: (227.16800000000003, 400.455, 229.93800000000005, 413.745), &apos;color_space&apos;: &apos;DeviceGray&apos;, &apos;ncolor&apos;: None, &apos;size&apos;: 13.29000000000002, &apos;value&apos;: &apos;.&apos;, &apos;children&apos;: [], &apos;features&apos;: {}}, {&apos;type&apos;: &apos;text&apos;, &apos;bbox&apos;: (229.93800000000005, 400.455, 232.70800000000006, 413.745), &apos;color_space&apos;: &apos;DeviceGray&apos;, &apos;ncolor&apos;: None, &apos;size&apos;: 13.29000000000002, &apos;value&apos;: &apos;.&apos;, &apos;children&apos;: [], &apos;features&apos;: {}}, {&apos;type&apos;: &apos;text&apos;, &apos;bbox&apos;: (232.70800000000003, 400.455, 235.47800000000004, 413.745), &apos;color_space&apos;: &apos;DeviceGray&apos;, &apos;ncolor&apos;: None, &apos;size&apos;: 13.29000000000002, &apos;value&apos;: &apos;.&apos;, &apos;children&apos;: [], &apos;features&apos;: {}}, {&apos;type&apos;: &apos;text&apos;, &apos;bbox&apos;: (235.47800000000004, 400.455, 238.24800000000005, 413.745), &apos;color_space&apos;: &apos;DeviceGray&apos;, &apos;ncolor&apos;: None, &apos;size&apos;: 13.29000000000002, &apos;value&apos;: &apos;.&apos;, &apos;children&apos;: [], &apos;features&apos;: {}}, {&apos;type&apos;: &apos;text&apos;, &apos;bbox&apos;: (238.24800000000005, 400.455, 241.01800000000006, 413.745), &apos;color_space&apos;: &apos;DeviceGray&apos;, &apos;ncolor&apos;: None, &apos;size&apos;: 13.29000000000002, &apos;value&apos;: &apos;.&apos;, &apos;children&apos;: [], &apos;features&apos;: {}}, {&apos;type&apos;: &apos;text&apos;, &apos;bbox&apos;: (241.01800000000003, 400.455, 243.78800000000004, 413.745), &apos;color_space&apos;: &apos;DeviceGray&apos;, &apos;ncolor&apos;: None, &apos;size&apos;: 13.29000000000002, &apos;value&apos;: &apos;.&apos;, &apos;children&apos;: [], &apos;features&apos;: {}}, {&apos;type&apos;: &apos;text&apos;, &apos;bbox&apos;: (243.788, 400.455, 246.55800000000002, 413.745), &apos;color_space&apos;: &apos;DeviceGray&apos;, &apos;ncolor&apos;: None, &apos;size&apos;: 13.29000000000002, &apos;value&apos;: &apos;.&apos;, &apos;children&apos;: [], &apos;features&apos;: {}}, {&apos;type&apos;: &apos;text&apos;, &apos;bbox&apos;: (246.55800000000002, 400.455, 249.32800000000003, 413.745), &apos;color_space&apos;: &apos;DeviceGray&apos;, &apos;ncolor&apos;: None, &apos;size&apos;: 13.29000000000002, &apos;value&apos;: &apos;.&apos;, &apos;children&apos;: [], &apos;features&apos;: {}}, {&apos;type&apos;: &apos;text&apos;, &apos;bbox&apos;: (249.32800000000003, 400.455, 252.09800000000004, 413.745), &apos;color_space&apos;: &apos;DeviceGray&apos;, &apos;ncolor&apos;: None, &apos;size&apos;: 13.29000000000002, &apos;value&apos;: &apos;.&apos;, &apos;children&apos;: [], &apos;features&apos;: {}}, {&apos;type&apos;: &apos;text&apos;, &apos;bbox&apos;: (252.098, 400.455, 254.86800000000002, 413.745), &apos;color_space&apos;: &apos;DeviceGray&apos;, &apos;ncolor&apos;: None, &apos;size&apos;: 13.29000000000002, &apos;value&apos;: &apos;.&apos;, &apos;children&apos;: [], &apos;features&apos;: {}}, {&apos;type&apos;: &apos;text&apos;, &apos;bbox&apos;: (254.868, 400.455, 257.638, 413.745), &apos;color_space&apos;: &apos;DeviceGray&apos;, &apos;ncolor&apos;: None, &apos;size&apos;: 13.29000000000002, &apos;value&apos;: &apos;.&apos;, &apos;children&apos;: [], &apos;features&apos;: {}}, {&apos;type&apos;: &apos;text&apos;, &apos;bbox&apos;: (257.63800000000003, 400.455, 260.408, 413.745), &apos;color_space&apos;: &apos;DeviceGray&apos;, &apos;ncolor&apos;: None, &apos;size&apos;: 13.29000000000002, &apos;value&apos;: &apos;.&apos;, &apos;children&apos;: [], &apos;features&apos;: {}}, {&apos;type&apos;: &apos;text&apos;, &apos;bbox&apos;: (260.408, 400.455, 263.178, 413.745), &apos;color_space&apos;: &apos;DeviceGray&apos;, &apos;ncolor&apos;: None, &apos;size&apos;: 13.29000000000002, &apos;value&apos;: &apos;.&apos;, &apos;children&apos;: [], &apos;features&apos;: {}}, {&apos;type&apos;: &apos;text&apos;, &apos;bbox&apos;: (263.178, 400.455, 265.948, 413.745), &apos;color_space&apos;: &apos;DeviceGray&apos;, &apos;ncolor&apos;: None, &apos;size&apos;: 13.29000000000002, &apos;value&apos;: &apos;.&apos;, &apos;children&apos;: [], &apos;features&apos;: {}}, {&apos;type&apos;: &apos;text&apos;, &apos;bbox&apos;: (265.948, 400.455, 268.71799999999996, 413.745), &apos;color_space&apos;: &apos;DeviceGray&apos;, &apos;ncolor&apos;: None, &apos;size&apos;: 13.29000000000002, &apos;value&apos;: &apos;.&apos;, &apos;children&apos;: [], &apos;features&apos;: {}}, {&apos;type&apos;: &apos;text&apos;, &apos;bbox&apos;: (268.71799999999996, 400.455, 271.48799999999994, 413.745), &apos;color_space&apos;: &apos;DeviceGray&apos;, &apos;ncolor&apos;: None, &apos;size&apos;: 13.29000000000002, &apos;value&apos;: &apos;.&apos;, &apos;children&apos;: [], &apos;features&apos;: {}}, {&apos;type&apos;: &apos;text&apos;, &apos;bbox&apos;: (271.488, 400.455, 274.258, 413.745), &apos;color_space&apos;: &apos;DeviceGray&apos;, &apos;ncolor&apos;: None, &apos;size&apos;: 13.29000000000002, &apos;value&apos;: &apos;.&apos;, &apos;children&apos;: [], &apos;features&apos;: {}}, {&apos;type&apos;: &apos;text&apos;, &apos;bbox&apos;: (274.258, 400.455, 277.02799999999996, 413.745), &apos;color_space&apos;: &apos;DeviceGray&apos;, &apos;ncolor&apos;: None, &apos;size&apos;: 13.29000000000002, &apos;value&apos;: &apos;.&apos;, &apos;children&apos;: [], &apos;features&apos;: {}}, {&apos;type&apos;: &apos;text&apos;, &apos;bbox&apos;: (277.02799999999996, 400.455, 279.79799999999994, 413.745), &apos;color_space&apos;: &apos;DeviceGray&apos;, &apos;ncolor&apos;: None, &apos;size&apos;: 13.29000000000002, &apos;value&apos;: &apos;.&apos;, &apos;children&apos;: [], &apos;features&apos;: {}}, {&apos;type&apos;: &apos;text&apos;, &apos;bbox&apos;: (279.798, 400.455, 282.568, 413.745), &apos;color_space&apos;: &apos;DeviceGray&apos;, &apos;ncolor&apos;: None, &apos;size&apos;: 13.29000000000002, &apos;value&apos;: &apos;.&apos;, &apos;children&apos;: [], &apos;features&apos;: {}}, {&apos;type&apos;: &apos;text&apos;, &apos;bbox&apos;: (282.568, 400.455, 285.33799999999997, 413.745), &apos;color_space&apos;: &apos;DeviceGray&apos;, &apos;ncolor&apos;: None, &apos;size&apos;: 13.29000000000002, &apos;value&apos;: &apos;.&apos;, &apos;children&apos;: [], &apos;features&apos;: {}}, {&apos;type&apos;: &apos;text&apos;, &apos;bbox&apos;: (285.33799999999997, 400.455, 288.10799999999995, 413.745), &apos;color_space&apos;: &apos;DeviceGray&apos;, &apos;ncolor&apos;: None, &apos;size&apos;: 13.29000000000002, &apos;value&apos;: &apos;.&apos;, &apos;children&apos;: [], &apos;features&apos;: {}}, {&apos;type&apos;: &apos;text&apos;, &apos;bbox&apos;: (288.10799999999995, 400.455, 290.87799999999993, 413.745), &apos;color_space&apos;: &apos;DeviceGray&apos;, &apos;ncolor&apos;: None, &apos;size&apos;: 13.29000000000002, &apos;value&apos;: &apos;.&apos;, &apos;children&apos;: [], &apos;features&apos;: {}}, {&apos;type&apos;: &apos;text&apos;, &apos;bbox&apos;: (290.87799999999993, 400.455, 293.6479999999999, 413.745), &apos;color_space&apos;: &apos;DeviceGray&apos;, &apos;ncolor&apos;: None, &apos;size&apos;: 13.29000000000002, &apos;value&apos;: &apos;.&apos;, &apos;children&apos;: [], &apos;features&apos;: {}}, {&apos;type&apos;: &apos;text&apos;, &apos;bbox&apos;: (293.64799999999997, 400.455, 296.41799999999995, 413.745), &apos;color_space&apos;: &apos;DeviceGray&apos;, &apos;ncolor&apos;: None, &apos;size&apos;: 13.29000000000002, &apos;value&apos;: &apos;.&apos;, &apos;children&apos;: [], &apos;features&apos;: {}}, {&apos;type&apos;: &apos;text&apos;, &apos;bbox&apos;: (296.41799999999995, 400.455, 299.18799999999993, 413.745), &apos;color_space&apos;: &apos;DeviceGray&apos;, &apos;ncolor&apos;: None, &apos;size&apos;: 13.29000000000002, &apos;value&apos;: &apos;.&apos;, &apos;children&apos;: [], &apos;features&apos;: {}}, {&apos;type&apos;: &apos;text&apos;, &apos;bbox&apos;: (299.18799999999993, 400.455, 301.9579999999999, 413.745), &apos;color_space&apos;: &apos;DeviceGray&apos;, &apos;ncolor&apos;: None, &apos;size&apos;: 13.29000000000002, &apos;value&apos;: &apos;.&apos;, &apos;children&apos;: [], &apos;features&apos;: {}}, {&apos;type&apos;: &apos;text&apos;, &apos;bbox&apos;: (301.95799999999997, 400.455, 304.72799999999995, 413.745), &apos;color_space&apos;: &apos;DeviceGray&apos;, &apos;ncolor&apos;: None, &apos;size&apos;: 13.29000000000002, &apos;value&apos;: &apos;.&apos;, &apos;children&apos;: [], &apos;features&apos;: {}}, {&apos;type&apos;: &apos;text&apos;, &apos;bbox&apos;: (304.72799999999995, 400.455, 307.49799999999993, 413.745), &apos;color_space&apos;: &apos;DeviceGray&apos;, &apos;ncolor&apos;: None, &apos;size&apos;: 13.29000000000002, &apos;value&apos;: &apos;.&apos;, &apos;children&apos;: [], &apos;features&apos;: {}}, {&apos;type&apos;: &apos;text&apos;, &apos;bbox&apos;: (307.49799999999993, 400.455, 310.2679999999999, 413.745), &apos;color_space&apos;: &apos;DeviceGray&apos;, &apos;ncolor&apos;: None, &apos;size&apos;: 13.29000000000002, &apos;value&apos;: &apos;.&apos;, &apos;children&apos;: [], &apos;features&apos;: {}}, {&apos;type&apos;: &apos;text&apos;, &apos;bbox&apos;: (310.268, 400.455, 313.03799999999995, 413.745), &apos;color_space&apos;: &apos;DeviceGray&apos;, &apos;ncolor&apos;: None, &apos;size&apos;: 13.29000000000002, &apos;value&apos;: &apos;.&apos;, &apos;children&apos;: [], &apos;features&apos;: {}}, {&apos;type&apos;: &apos;text&apos;, &apos;bbox&apos;: (313.038, 400.455, 315.808, 413.745), &apos;color_space&apos;: &apos;DeviceGray&apos;, &apos;ncolor&apos;: None, &apos;size&apos;: 13.29000000000002, &apos;value&apos;: &apos;.&apos;, &apos;children&apos;: [], &apos;features&apos;: {}}, {&apos;type&apos;: &apos;text&apos;, &apos;bbox&apos;: (315.808, 400.455, 318.578, 413.745), &apos;color_space&apos;: &apos;DeviceGray&apos;, &apos;ncolor&apos;: None, &apos;size&apos;: 13.29000000000002, &apos;value&apos;: &apos;.&apos;, &apos;children&apos;: [], &apos;features&apos;: {}}, {&apos;type&apos;: &apos;text&apos;, &apos;bbox&apos;: (318.578, 400.455, 321.34799999999996, 413.745), &apos;color_space&apos;: &apos;DeviceGray&apos;, &apos;ncolor&apos;: None, &apos;size&apos;: 13.29000000000002, &apos;value&apos;: &apos;.&apos;, &apos;children&apos;: [], &apos;features&apos;: {}}, {&apos;type&apos;: &apos;text&apos;, &apos;bbox&apos;: (321.348, 400.455, 324.118, 413.745), &apos;color_space&apos;: &apos;DeviceGray&apos;, &apos;ncolor&apos;: None, &apos;size&apos;: 13.29000000000002, &apos;value&apos;: &apos;.&apos;, &apos;children&apos;: [], &apos;features&apos;: {}}, {&apos;type&apos;: &apos;text&apos;, &apos;bbox&apos;: (324.11800000000005, 400.455, 326.88800000000003, 413.745), &apos;color_space&apos;: &apos;DeviceGray&apos;, &apos;ncolor&apos;: None, &apos;size&apos;: 13.29000000000002, &apos;value&apos;: &apos;.&apos;, &apos;children&apos;: [], &apos;features&apos;: {}}, {&apos;type&apos;: &apos;text&apos;, &apos;bbox&apos;: (326.88800000000003, 400.455, 329.658, 413.745), &apos;color_space&apos;: &apos;DeviceGray&apos;, &apos;ncolor&apos;: None, &apos;size&apos;: 13.29000000000002, &apos;value&apos;: &apos;.&apos;, &apos;children&apos;: [], &apos;features&apos;: {}}, {&apos;type&apos;: &apos;text&apos;, &apos;bbox&apos;: (329.658, 400.455, 332.428, 413.745), &apos;color_space&apos;: &apos;DeviceGray&apos;, &apos;ncolor&apos;: None, &apos;size&apos;: 13.29000000000002, &apos;value&apos;: &apos;.&apos;, &apos;children&apos;: [], &apos;features&apos;: {}}, {&apos;type&apos;: &apos;text&apos;, &apos;bbox&apos;: (332.42800000000005, 400.455, 335.19800000000004, 413.745), &apos;color_space&apos;: &apos;DeviceGray&apos;, &apos;ncolor&apos;: None, &apos;size&apos;: 13.29000000000002, &apos;value&apos;: &apos;.&apos;, &apos;children&apos;: [], &apos;features&apos;: {}}, {&apos;type&apos;: &apos;text&apos;, &apos;bbox&apos;: (335.1980000000001, 400.455, 337.9680000000001, 413.745), &apos;color_space&apos;: &apos;DeviceGray&apos;, &apos;ncolor&apos;: None, &apos;size&apos;: 13.29000000000002, &apos;value&apos;: &apos;.&apos;, &apos;children&apos;: [], &apos;features&apos;: {}}, {&apos;type&apos;: &apos;text&apos;, &apos;bbox&apos;: (337.9680000000001, 400.455, 340.73800000000006, 413.745), &apos;color_space&apos;: &apos;DeviceGray&apos;, &apos;ncolor&apos;: None, &apos;size&apos;: 13.29000000000002, &apos;value&apos;: &apos;.&apos;, &apos;children&apos;: [], &apos;features&apos;: {}}, {&apos;type&apos;: &apos;text&apos;, &apos;bbox&apos;: (340.73800000000006, 400.455, 343.50800000000004, 413.745), &apos;color_space&apos;: &apos;DeviceGray&apos;, &apos;ncolor&apos;: None, &apos;size&apos;: 13.29000000000002, &apos;value&apos;: &apos;.&apos;, &apos;children&apos;: [], &apos;features&apos;: {}}, {&apos;type&apos;: &apos;text&apos;, &apos;bbox&apos;: (343.5080000000001, 400.455, 346.2780000000001, 413.745), &apos;color_space&apos;: &apos;DeviceGray&apos;, &apos;ncolor&apos;: None, &apos;size&apos;: 13.29000000000002, &apos;value&apos;: &apos;.&apos;, &apos;children&apos;: [], &apos;features&apos;: {}}, {&apos;type&apos;: &apos;text&apos;, &apos;bbox&apos;: (346.27800000000013, 400.455, 349.0480000000001, 413.745), &apos;color_space&apos;: &apos;DeviceGray&apos;, &apos;ncolor&apos;: None, &apos;size&apos;: 13.29000000000002, &apos;value&apos;: &apos;.&apos;, &apos;children&apos;: [], &apos;features&apos;: {}}, {&apos;type&apos;: &apos;text&apos;, &apos;bbox&apos;: (349.0480000000001, 400.455, 351.8180000000001, 413.745), &apos;color_space&apos;: &apos;DeviceGray&apos;, &apos;ncolor&apos;: None, &apos;size&apos;: 13.29000000000002, &apos;value&apos;: &apos;.&apos;, &apos;children&apos;: [], &apos;features&apos;: {}}, {&apos;type&apos;: &apos;text&apos;, &apos;bbox&apos;: (351.8180000000001, 400.455, 354.5880000000001, 413.745), &apos;color_space&apos;: &apos;DeviceGray&apos;, &apos;ncolor&apos;: None, &apos;size&apos;: 13.29000000000002, &apos;value&apos;: &apos;.&apos;, &apos;children&apos;: [], &apos;features&apos;: {}}, {&apos;type&apos;: &apos;text&apos;, &apos;bbox&apos;: (354.58800000000014, 400.455, 357.3580000000001, 413.745), &apos;color_space&apos;: &apos;DeviceGray&apos;, &apos;ncolor&apos;: None, &apos;size&apos;: 13.29000000000002, &apos;value&apos;: &apos;.&apos;, &apos;children&apos;: [], &apos;features&apos;: {}}, {&apos;type&apos;: &apos;text&apos;, &apos;bbox&apos;: (357.3580000000002, 400.455, 360.12800000000016, 413.745), &apos;color_space&apos;: &apos;DeviceGray&apos;, &apos;ncolor&apos;: None, &apos;size&apos;: 13.29000000000002, &apos;value&apos;: &apos;.&apos;, &apos;children&apos;: [], &apos;features&apos;: {}}, {&apos;type&apos;: &apos;text&apos;, &apos;bbox&apos;: (360.12800000000016, 400.455, 362.89800000000014, 413.745), &apos;color_space&apos;: &apos;DeviceGray&apos;, &apos;ncolor&apos;: None, &apos;size&apos;: 13.29000000000002, &apos;value&apos;: &apos;.&apos;, &apos;children&apos;: [], &apos;features&apos;: {}}, {&apos;type&apos;: &apos;text&apos;, &apos;bbox&apos;: (362.89800000000014, 400.455, 365.6680000000001, 413.745), &apos;color_space&apos;: &apos;DeviceGray&apos;, &apos;ncolor&apos;: None, &apos;size&apos;: 13.29000000000002, &apos;value&apos;: &apos;.&apos;, &apos;children&apos;: [], &apos;features&apos;: {}}, {&apos;type&apos;: &apos;text&apos;, &apos;bbox&apos;: (365.6680000000002, 400.455, 368.43800000000016, 413.745), &apos;color_space&apos;: &apos;DeviceGray&apos;, &apos;ncolor&apos;: None, &apos;size&apos;: 13.29000000000002, &apos;value&apos;: &apos;.&apos;, &apos;children&apos;: [], &apos;features&apos;: {}}, {&apos;type&apos;: &apos;text&apos;, &apos;bbox&apos;: (368.4380000000002, 400.455, 371.2080000000002, 413.745), &apos;color_space&apos;: &apos;DeviceGray&apos;, &apos;ncolor&apos;: None, &apos;size&apos;: 13.29000000000002, &apos;value&apos;: &apos;.&apos;, &apos;children&apos;: [], &apos;features&apos;: {}}, {&apos;type&apos;: &apos;text&apos;, &apos;bbox&apos;: (371.2080000000002, 400.455, 373.9780000000002, 413.745), &apos;color_space&apos;: &apos;DeviceGray&apos;, &apos;ncolor&apos;: None, &apos;size&apos;: 13.29000000000002, &apos;value&apos;: &apos;.&apos;, &apos;children&apos;: [], &apos;features&apos;: {}}, {&apos;type&apos;: &apos;text&apos;, &apos;bbox&apos;: (373.9780000000002, 400.455, 376.74800000000016, 413.745), &apos;color_space&apos;: &apos;DeviceGray&apos;, &apos;ncolor&apos;: None, &apos;size&apos;: 13.29000000000002, &apos;value&apos;: &apos;.&apos;, &apos;children&apos;: [], &apos;features&apos;: {}}, {&apos;type&apos;: &apos;text&apos;, &apos;bbox&apos;: (376.7480000000002, 400.455, 379.5180000000002, 413.745), &apos;color_space&apos;: &apos;DeviceGray&apos;, &apos;ncolor&apos;: None, &apos;size&apos;: 13.29000000000002, &apos;value&apos;: &apos;.&apos;, &apos;children&apos;: [], &apos;features&apos;: {}}, {&apos;type&apos;: &apos;text&apos;, &apos;bbox&apos;: (379.51800000000026, 400.455, 382.28800000000024, 413.745), &apos;color_space&apos;: &apos;DeviceGray&apos;, &apos;ncolor&apos;: None, &apos;size&apos;: 13.29000000000002, &apos;value&apos;: &apos;.&apos;, &apos;children&apos;: [], &apos;features&apos;: {}}, {&apos;type&apos;: &apos;text&apos;, &apos;bbox&apos;: (382.28800000000024, 400.455, 385.0580000000002, 413.745), &apos;color_space&apos;: &apos;DeviceGray&apos;, &apos;ncolor&apos;: None, &apos;size&apos;: 13.29000000000002, &apos;value&apos;: &apos;.&apos;, &apos;children&apos;: [], &apos;features&apos;: {}}, {&apos;type&apos;: &apos;text&apos;, &apos;bbox&apos;: (385.0580000000002, 400.455, 387.8280000000002, 413.745), &apos;color_space&apos;: &apos;DeviceGray&apos;, &apos;ncolor&apos;: None, &apos;size&apos;: 13.29000000000002, &apos;value&apos;: &apos;.&apos;, &apos;children&apos;: [], &apos;features&apos;: {}}, {&apos;type&apos;: &apos;text&apos;, &apos;bbox&apos;: (387.82800000000026, 400.455, 390.59800000000024, 413.745), &apos;color_space&apos;: &apos;DeviceGray&apos;, &apos;ncolor&apos;: None, &apos;size&apos;: 13.29000000000002, &apos;value&apos;: &apos;.&apos;, &apos;children&apos;: [], &apos;features&apos;: {}}, {&apos;type&apos;: &apos;text&apos;, &apos;bbox&apos;: (390.5980000000003, 400.455, 393.3680000000003, 413.745), &apos;color_space&apos;: &apos;DeviceGray&apos;, &apos;ncolor&apos;: None, &apos;size&apos;: 13.29000000000002, &apos;value&apos;: &apos;.&apos;, &apos;children&apos;: [], &apos;features&apos;: {}}, {&apos;type&apos;: &apos;text&apos;, &apos;bbox&apos;: (393.3680000000003, 400.455, 396.13800000000026, 413.745), &apos;color_space&apos;: &apos;DeviceGray&apos;, &apos;ncolor&apos;: None, &apos;size&apos;: 13.29000000000002, &apos;value&apos;: &apos;.&apos;, &apos;children&apos;: [], &apos;features&apos;: {}}, {&apos;type&apos;: &apos;text&apos;, &apos;bbox&apos;: (396.13800000000026, 400.455, 398.90800000000024, 413.745), &apos;color_space&apos;: &apos;DeviceGray&apos;, &apos;ncolor&apos;: None, &apos;size&apos;: 13.29000000000002, &apos;value&apos;: &apos;.&apos;, &apos;children&apos;: [], &apos;features&apos;: {}}, {&apos;type&apos;: &apos;text&apos;, &apos;bbox&apos;: (398.9080000000003, 400.455, 401.6780000000003, 413.745), &apos;color_space&apos;: &apos;DeviceGray&apos;, &apos;ncolor&apos;: None, &apos;size&apos;: 13.29000000000002, &apos;value&apos;: &apos;.&apos;, &apos;children&apos;: [], &apos;features&apos;: {}}, {&apos;type&apos;: &apos;text&apos;, &apos;bbox&apos;: (401.67800000000034, 400.455, 404.4480000000003, 413.745), &apos;color_space&apos;: &apos;DeviceGray&apos;, &apos;ncolor&apos;: None, &apos;size&apos;: 13.29000000000002, &apos;value&apos;: &apos;.&apos;, &apos;children&apos;: [], &apos;features&apos;: {}}, {&apos;type&apos;: &apos;text&apos;, &apos;bbox&apos;: (404.4480000000003, 400.455, 407.2180000000003, 413.745), &apos;color_space&apos;: &apos;DeviceGray&apos;, &apos;ncolor&apos;: None, &apos;size&apos;: 13.29000000000002, &apos;value&apos;: &apos;.&apos;, &apos;children&apos;: [], &apos;features&apos;: {}}, {&apos;type&apos;: &apos;text&apos;, &apos;bbox&apos;: (407.2180000000003, 400.455, 409.9880000000003, 413.745), &apos;color_space&apos;: &apos;DeviceGray&apos;, &apos;ncolor&apos;: None, &apos;size&apos;: 13.29000000000002, &apos;value&apos;: &apos;.&apos;, &apos;children&apos;: [], &apos;features&apos;: {}}, {&apos;type&apos;: &apos;text&apos;, &apos;bbox&apos;: (409.98800000000034, 400.455, 412.7580000000003, 413.745), &apos;color_space&apos;: &apos;DeviceGray&apos;, &apos;ncolor&apos;: None, &apos;size&apos;: 13.29000000000002, &apos;value&apos;: &apos;.&apos;, &apos;children&apos;: [], &apos;features&apos;: {}}, {&apos;type&apos;: &apos;text&apos;, &apos;bbox&apos;: (412.7580000000004, 400.455, 415.52800000000036, 413.745), &apos;color_space&apos;: &apos;DeviceGray&apos;, &apos;ncolor&apos;: None, &apos;size&apos;: 13.29000000000002, &apos;value&apos;: &apos;.&apos;, &apos;children&apos;: [], &apos;features&apos;: {}}, {&apos;type&apos;: &apos;text&apos;, &apos;bbox&apos;: (415.52800000000036, 400.455, 418.29800000000034, 413.745), &apos;color_space&apos;: &apos;DeviceGray&apos;, &apos;ncolor&apos;: None, &apos;size&apos;: 13.29000000000002, &apos;value&apos;: &apos;.&apos;, &apos;children&apos;: [], &apos;features&apos;: {}}, {&apos;type&apos;: &apos;text&apos;, &apos;bbox&apos;: (418.29800000000034, 400.455, 421.0680000000003, 413.745), &apos;color_space&apos;: &apos;DeviceGray&apos;, &apos;ncolor&apos;: None, &apos;size&apos;: 13.29000000000002, &apos;value&apos;: &apos;.&apos;, &apos;children&apos;: [], &apos;features&apos;: {}}, {&apos;type&apos;: &apos;text&apos;, &apos;bbox&apos;: (421.0680000000004, 400.455, 423.83800000000036, 413.745), &apos;color_space&apos;: &apos;DeviceGray&apos;, &apos;ncolor&apos;: None, &apos;size&apos;: 13.29000000000002, &apos;value&apos;: &apos;.&apos;, &apos;children&apos;: [], &apos;features&apos;: {}}, {&apos;type&apos;: &apos;text&apos;, &apos;bbox&apos;: (423.8380000000004, 400.455, 426.6080000000004, 413.745), &apos;color_space&apos;: &apos;DeviceGray&apos;, &apos;ncolor&apos;: None, &apos;size&apos;: 13.29000000000002, &apos;value&apos;: &apos;.&apos;, &apos;children&apos;: [], &apos;features&apos;: {}}, {&apos;type&apos;: &apos;text&apos;, &apos;bbox&apos;: (426.6080000000004, 400.455, 429.3780000000004, 413.745), &apos;color_space&apos;: &apos;DeviceGray&apos;, &apos;ncolor&apos;: None, &apos;size&apos;: 13.29000000000002, &apos;value&apos;: &apos;.&apos;, &apos;children&apos;: [], &apos;features&apos;: {}}, {&apos;type&apos;: &apos;text&apos;, &apos;bbox&apos;: (429.3780000000004, 400.455, 432.14800000000037, 413.745), &apos;color_space&apos;: &apos;DeviceGray&apos;, &apos;ncolor&apos;: None, &apos;size&apos;: 13.29000000000002, &apos;value&apos;: &apos;.&apos;, &apos;children&apos;: [], &apos;features&apos;: {}}, {&apos;type&apos;: &apos;text&apos;, &apos;bbox&apos;: (432.14800000000037, 400.455, 434.91800000000035, 413.745), &apos;color_space&apos;: &apos;DeviceGray&apos;, &apos;ncolor&apos;: None, &apos;size&apos;: 13.29000000000002, &apos;value&apos;: &apos;.&apos;, &apos;children&apos;: [], &apos;features&apos;: {}}, {&apos;type&apos;: &apos;text&apos;, &apos;bbox&apos;: (434.91800000000035, 400.455, 437.68800000000033, 413.745), &apos;color_space&apos;: &apos;DeviceGray&apos;, &apos;ncolor&apos;: None, &apos;size&apos;: 13.29000000000002, &apos;value&apos;: &apos;.&apos;, &apos;children&apos;: [], &apos;features&apos;: {}}, {&apos;type&apos;: &apos;text&apos;, &apos;bbox&apos;: (437.68800000000033, 400.455, 440.4580000000003, 413.745), &apos;color_space&apos;: &apos;DeviceGray&apos;, &apos;ncolor&apos;: None, &apos;size&apos;: 13.29000000000002, &apos;value&apos;: &apos;.&apos;, &apos;children&apos;: [], &apos;features&apos;: {}}, {&apos;type&apos;: &apos;text&apos;, &apos;bbox&apos;: (440.4580000000003, 400.455, 443.2280000000003, 413.745), &apos;color_space&apos;: &apos;DeviceGray&apos;, &apos;ncolor&apos;: None, &apos;size&apos;: 13.29000000000002, &apos;value&apos;: &apos;.&apos;, &apos;children&apos;: [], &apos;features&apos;: {}}, {&apos;type&apos;: &apos;text&apos;, &apos;bbox&apos;: (443.2280000000003, 400.455, 445.9980000000003, 413.745), &apos;color_space&apos;: &apos;DeviceGray&apos;, &apos;ncolor&apos;: None, &apos;size&apos;: 13.29000000000002, &apos;value&apos;: &apos;.&apos;, &apos;children&apos;: [], &apos;features&apos;: {}}, {&apos;type&apos;: &apos;text&apos;, &apos;bbox&apos;: (445.9980000000003, 400.455, 448.76800000000026, 413.745), &apos;color_space&apos;: &apos;DeviceGray&apos;, &apos;ncolor&apos;: None, &apos;size&apos;: 13.29000000000002, &apos;value&apos;: &apos;.&apos;, &apos;children&apos;: [], &apos;features&apos;: {}}, {&apos;type&apos;: &apos;text&apos;, &apos;bbox&apos;: (448.76800000000026, 400.455, 451.53800000000024, 413.745), &apos;color_space&apos;: &apos;DeviceGray&apos;, &apos;ncolor&apos;: None, &apos;size&apos;: 13.29000000000002, &apos;value&apos;: &apos;.&apos;, &apos;children&apos;: [], &apos;features&apos;: {}}, {&apos;type&apos;: &apos;text&apos;, &apos;bbox&apos;: (451.53800000000024, 400.455, 454.3080000000002, 413.745), &apos;color_space&apos;: &apos;DeviceGray&apos;, &apos;ncolor&apos;: None, &apos;size&apos;: 13.29000000000002, &apos;value&apos;: &apos;.&apos;, &apos;children&apos;: [], &apos;features&apos;: {}}, {&apos;type&apos;: &apos;text&apos;, &apos;bbox&apos;: (454.3080000000002, 400.455, 457.0780000000002, 413.745), &apos;color_space&apos;: &apos;DeviceGray&apos;, &apos;ncolor&apos;: None, &apos;size&apos;: 13.29000000000002, &apos;value&apos;: &apos;.&apos;, &apos;children&apos;: [], &apos;features&apos;: {}}, {&apos;type&apos;: &apos;text&apos;, &apos;bbox&apos;: (457.0780000000002, 400.455, 459.8480000000002, 413.745), &apos;color_space&apos;: &apos;DeviceGray&apos;, &apos;ncolor&apos;: None, &apos;size&apos;: 13.29000000000002, &apos;value&apos;: &apos;.&apos;, &apos;children&apos;: [], &apos;features&apos;: {}}, {&apos;type&apos;: &apos;text&apos;, &apos;bbox&apos;: (459.8480000000002, 400.455, 462.61800000000017, 413.745), &apos;color_space&apos;: &apos;DeviceGray&apos;, &apos;ncolor&apos;: None, &apos;size&apos;: 13.29000000000002, &apos;value&apos;: &apos;.&apos;, &apos;children&apos;: [], &apos;features&apos;: {}}, {&apos;type&apos;: &apos;text&apos;, &apos;bbox&apos;: (462.61800000000017, 400.455, 465.38800000000015, 413.745), &apos;color_space&apos;: &apos;DeviceGray&apos;, &apos;ncolor&apos;: None, &apos;size&apos;: 13.29000000000002, &apos;value&apos;: &apos;.&apos;, &apos;children&apos;: [], &apos;features&apos;: {}}, {&apos;type&apos;: &apos;text&apos;, &apos;bbox&apos;: (465.38800000000015, 400.455, 468.15800000000013, 413.745), &apos;color_space&apos;: &apos;DeviceGray&apos;, &apos;ncolor&apos;: None, &apos;size&apos;: 13.29000000000002, &apos;value&apos;: &apos;.&apos;, &apos;children&apos;: [], &apos;features&apos;: {}}, {&apos;type&apos;: &apos;text&apos;, &apos;bbox&apos;: (468.15800000000013, 400.455, 470.9280000000001, 413.745), &apos;color_space&apos;: &apos;DeviceGray&apos;, &apos;ncolor&apos;: None, &apos;size&apos;: 13.29000000000002, &apos;value&apos;: &apos;.&apos;, &apos;children&apos;: [], &apos;features&apos;: {}}, {&apos;type&apos;: &apos;text&apos;, &apos;bbox&apos;: (470.9280000000001, 400.455, 473.6980000000001, 413.745), &apos;color_space&apos;: &apos;DeviceGray&apos;, &apos;ncolor&apos;: None, &apos;size&apos;: 13.29000000000002, &apos;value&apos;: &apos;.&apos;, &apos;children&apos;: [], &apos;features&apos;: {}}, {&apos;type&apos;: &apos;text&apos;, &apos;bbox&apos;: (473.6980000000001, 400.455, 476.4680000000001, 413.745), &apos;color_space&apos;: &apos;DeviceGray&apos;, &apos;ncolor&apos;: None, &apos;size&apos;: 13.29000000000002, &apos;value&apos;: &apos;.&apos;, &apos;children&apos;: [], &apos;features&apos;: {}}, {&apos;type&apos;: &apos;text&apos;, &apos;bbox&apos;: (476.4680000000001, 400.455, 479.23800000000006, 413.745), &apos;color_space&apos;: &apos;DeviceGray&apos;, &apos;ncolor&apos;: None, &apos;size&apos;: 13.29000000000002, &apos;value&apos;: &apos;.&apos;, &apos;children&apos;: [], &apos;features&apos;: {}}, {&apos;type&apos;: &apos;text&apos;, &apos;bbox&apos;: (479.23800000000006, 400.455, 482.00800000000004, 413.745), &apos;color_space&apos;: &apos;DeviceGray&apos;, &apos;ncolor&apos;: None, &apos;size&apos;: 13.29000000000002, &apos;value&apos;: &apos;.&apos;, &apos;children&apos;: [], &apos;features&apos;: {}}, {&apos;type&apos;: &apos;text&apos;, &apos;bbox&apos;: (482.00800000000004, 400.455, 484.778, 413.745), &apos;color_space&apos;: &apos;DeviceGray&apos;, &apos;ncolor&apos;: None, &apos;size&apos;: 13.29000000000002, &apos;value&apos;: &apos;.&apos;, &apos;children&apos;: [], &apos;features&apos;: {}}, {&apos;type&apos;: &apos;text&apos;, &apos;bbox&apos;: (484.778, 400.455, 487.548, 413.745), &apos;color_space&apos;: &apos;DeviceGray&apos;, &apos;ncolor&apos;: None, &apos;size&apos;: 13.29000000000002, &apos;value&apos;: &apos;.&apos;, &apos;children&apos;: [], &apos;features&apos;: {}}, {&apos;type&apos;: &apos;text&apos;, &apos;bbox&apos;: (487.548, 400.455, 490.318, 413.745), &apos;color_space&apos;: &apos;DeviceGray&apos;, &apos;ncolor&apos;: None, &apos;size&apos;: 13.29000000000002, &apos;value&apos;: &apos;.&apos;, &apos;children&apos;: [], &apos;features&apos;: {}}, {&apos;type&apos;: &apos;text&apos;, &apos;bbox&apos;: (490.318, 400.455, 493.08799999999997, 413.745), &apos;color_space&apos;: &apos;DeviceGray&apos;, &apos;ncolor&apos;: None, &apos;size&apos;: 13.29000000000002, &apos;value&apos;: &apos;.&apos;, &apos;children&apos;: [], &apos;features&apos;: {}}, {&apos;type&apos;: &apos;text&apos;, &apos;bbox&apos;: (493.08799999999997, 400.455, 495.85799999999995, 413.745), &apos;color_space&apos;: &apos;DeviceGray&apos;, &apos;ncolor&apos;: None, &apos;size&apos;: 13.29000000000002, &apos;value&apos;: &apos;.&apos;, &apos;children&apos;: [], &apos;features&apos;: {}}, {&apos;type&apos;: &apos;text&apos;, &apos;bbox&apos;: (495.85799999999995, 400.455, 498.62799999999993, 413.745), &apos;color_space&apos;: &apos;DeviceGray&apos;, &apos;ncolor&apos;: None, &apos;size&apos;: 13.29000000000002, &apos;value&apos;: &apos;.&apos;, &apos;children&apos;: [], &apos;features&apos;: {}}, {&apos;type&apos;: &apos;text&apos;, &apos;bbox&apos;: (498.62799999999993, 400.455, 501.3979999999999, 413.745), &apos;color_space&apos;: &apos;DeviceGray&apos;, &apos;ncolor&apos;: None, &apos;size&apos;: 13.29000000000002, &apos;value&apos;: &apos;.&apos;, &apos;children&apos;: [], &apos;features&apos;: {}}, {&apos;type&apos;: &apos;text&apos;, &apos;bbox&apos;: (501.3979999999999, 400.455, 504.1679999999999, 413.745), &apos;color_space&apos;: &apos;DeviceGray&apos;, &apos;ncolor&apos;: None, &apos;size&apos;: 13.29000000000002, &apos;value&apos;: &apos;.&apos;, &apos;children&apos;: [], &apos;features&apos;: {}}, {&apos;type&apos;: &apos;text&apos;, &apos;bbox&apos;: (504.1679999999999, 400.455, 506.9379999999999, 413.745), &apos;color_space&apos;: &apos;DeviceGray&apos;, &apos;ncolor&apos;: None, &apos;size&apos;: 13.29000000000002, &apos;value&apos;: &apos;.&apos;, &apos;children&apos;: [], &apos;features&apos;: {}}, {&apos;type&apos;: &apos;text&apos;, &apos;bbox&apos;: (506.9379999999999, 400.455, 509.70799999999986, 413.745), &apos;color_space&apos;: &apos;DeviceGray&apos;, &apos;ncolor&apos;: None, &apos;size&apos;: 13.29000000000002, &apos;value&apos;: &apos;.&apos;, &apos;children&apos;: [], &apos;features&apos;: {}}, {&apos;type&apos;: &apos;text&apos;, &apos;bbox&apos;: (509.70799999999986, 400.455, 512.4779999999998, 413.745), &apos;color_space&apos;: &apos;DeviceGray&apos;, &apos;ncolor&apos;: None, &apos;size&apos;: 13.29000000000002, &apos;value&apos;: &apos;.&apos;, &apos;children&apos;: [], &apos;features&apos;: {}}, {&apos;type&apos;: &apos;text&apos;, &apos;bbox&apos;: (512.4779999999998, 400.455, 515.2479999999998, 413.745), &apos;color_space&apos;: &apos;DeviceGray&apos;, &apos;ncolor&apos;: None, &apos;size&apos;: 13.29000000000002, &apos;value&apos;: &apos;.&apos;, &apos;children&apos;: [], &apos;features&apos;: {}}, {&apos;type&apos;: &apos;text&apos;, &apos;bbox&apos;: (515.2479999999998, 400.455, 518.0179999999998, 413.745), &apos;color_space&apos;: &apos;DeviceGray&apos;, &apos;ncolor&apos;: None, &apos;size&apos;: 13.29000000000002, &apos;value&apos;: &apos;.&apos;, &apos;children&apos;: [], &apos;features&apos;: {}}, {&apos;type&apos;: &apos;text&apos;, &apos;bbox&apos;: (518.0179999999998, 400.455, 520.7879999999998, 413.745), &apos;color_space&apos;: &apos;DeviceGray&apos;, &apos;ncolor&apos;: None, &apos;size&apos;: 13.29000000000002, &apos;value&apos;: &apos;.&apos;, &apos;children&apos;: [], &apos;features&apos;: {}}, {&apos;type&apos;: &apos;text&apos;, &apos;bbox&apos;: (520.7879999999998, 400.455, 523.5579999999998, 413.745), &apos;color_space&apos;: &apos;DeviceGray&apos;, &apos;ncolor&apos;: None, &apos;size&apos;: 13.29000000000002, &apos;value&apos;: &apos;.&apos;, &apos;children&apos;: [], &apos;features&apos;: {}}, {&apos;type&apos;: &apos;text&apos;, &apos;bbox&apos;: (525.548, 400.455, 531.108, 413.745), &apos;color_space&apos;: &apos;DeviceGray&apos;, &apos;ncolor&apos;: None, &apos;size&apos;: 13.29000000000002, &apos;value&apos;: &apos;1&apos;, &apos;children&apos;: [], &apos;features&apos;: {}}, {&apos;type&apos;: &apos;text&apos;, &apos;bbox&apos;: (531.108, 400.455, 534.438, 413.745), &apos;color_space&apos;: &apos;DeviceGray&apos;, &apos;ncolor&apos;: None, &apos;size&apos;: 13.29000000000002, &apos;value&apos;: &apos;-&apos;, &apos;children&apos;: [], &apos;features&apos;: {}}, {&apos;type&apos;: &apos;text&apos;, &apos;bbox&apos;: (534.439, 400.455, 539.9989999999999, 413.745), &apos;color_space&apos;: &apos;DeviceGray&apos;, &apos;ncolor&apos;: None, &apos;size&apos;: 13.29000000000002, &apos;value&apos;: &apos;1&apos;, &apos;children&apos;: [], &apos;features&apos;: {}}], &apos;features&apos;: {}}
*********************





--------------------------------- CONTENT AREA --------------------------------- 
This content area has an image
{&apos;type&apos;: &apos;figure&apos;, &apos;bbox&apos;: (0, 0, 612.0, 792.0), &apos;name&apos;: &apos;fx1&apos;, &apos;children&apos;: [{&apos;type&apos;: &apos;text&apos;, &apos;bbox&apos;: (114.0, 384.235, 122.33, 397.715), &apos;color_space&apos;: &apos;DeviceGray&apos;, &apos;ncolor&apos;: None, &apos;size&apos;: 13.479999999999961, &apos;value&apos;: &apos;O&apos;, &apos;children&apos;: [], &apos;features&apos;: {}}, {&apos;type&apos;: &apos;text&apos;, &apos;bbox&apos;: (122.33, 384.235, 126.22, 397.715), &apos;color_space&apos;: &apos;DeviceGray&apos;, &apos;ncolor&apos;: None, &apos;size&apos;: 13.479999999999961, &apos;value&apos;: &apos;r&apos;, &apos;children&apos;: [], &apos;features&apos;: {}}, {&apos;type&apos;: &apos;text&apos;, &apos;bbox&apos;: (126.22, 384.235, 131.22, 397.715), &apos;color_space&apos;: &apos;DeviceGray&apos;, &apos;ncolor&apos;: None, &apos;size&apos;: 13.479999999999961, &apos;value&apos;: &apos;a&apos;, &apos;children&apos;: [], &apos;features&apos;: {}}, {&apos;type&apos;: &apos;text&apos;, &apos;bbox&apos;: (131.22, 384.235, 135.65, 397.715), &apos;color_space&apos;: &apos;DeviceGray&apos;, &apos;ncolor&apos;: None, &apos;size&apos;: 13.479999999999961, &apos;value&apos;: &apos;c&apos;, &apos;children&apos;: [], &apos;features&apos;: {}}, {&apos;type&apos;: &apos;text&apos;, &apos;bbox&apos;: (135.65, 384.235, 138.98000000000002, 397.715), &apos;color_space&apos;: &apos;DeviceGray&apos;, &apos;ncolor&apos;: None, &apos;size&apos;: 13.479999999999961, &apos;value&apos;: &apos;l&apos;, &apos;children&apos;: [], &apos;features&apos;: {}}, {&apos;type&apos;: &apos;text&apos;, &apos;bbox&apos;: (138.98, 384.235, 143.98, 397.715), &apos;color_space&apos;: &apos;DeviceGray&apos;, &apos;ncolor&apos;: None, &apos;size&apos;: 13.479999999999961, &apos;value&apos;: &apos;e&apos;, &apos;children&apos;: [], &apos;features&apos;: {}}, {&apos;type&apos;: &apos;text&apos;, &apos;bbox&apos;: (146.49, 384.235, 152.06, 397.715), &apos;color_space&apos;: &apos;DeviceGray&apos;, &apos;ncolor&apos;: None, &apos;size&apos;: 13.479999999999961, &apos;value&apos;: &apos;F&apos;, &apos;children&apos;: [], &apos;features&apos;: {}}, {&apos;type&apos;: &apos;text&apos;, &apos;bbox&apos;: (152.06, 384.235, 155.39000000000001, 397.715), &apos;color_space&apos;: &apos;DeviceGray&apos;, &apos;ncolor&apos;: None, &apos;size&apos;: 13.479999999999961, &apos;value&apos;: &apos;i&apos;, &apos;children&apos;: [], &apos;features&apos;: {}}, {&apos;type&apos;: &apos;text&apos;, &apos;bbox&apos;: (155.39000000000001, 384.235, 161.49, 397.715), &apos;color_space&apos;: &apos;DeviceGray&apos;, &apos;ncolor&apos;: None, &apos;size&apos;: 13.479999999999961, &apos;value&apos;: &apos;n&apos;, &apos;children&apos;: [], &apos;features&apos;: {}}, {&apos;type&apos;: &apos;text&apos;, &apos;bbox&apos;: (161.49, 384.235, 166.49, 397.715), &apos;color_space&apos;: &apos;DeviceGray&apos;, &apos;ncolor&apos;: None, &apos;size&apos;: 13.479999999999961, &apos;value&apos;: &apos;a&apos;, &apos;children&apos;: [], &apos;features&apos;: {}}, {&apos;type&apos;: &apos;text&apos;, &apos;bbox&apos;: (166.49, 384.235, 172.59, 397.715), &apos;color_space&apos;: &apos;DeviceGray&apos;, &apos;ncolor&apos;: None, &apos;size&apos;: 13.479999999999961, &apos;value&apos;: &apos;n&apos;, &apos;children&apos;: [], &apos;features&apos;: {}}, {&apos;type&apos;: &apos;text&apos;, &apos;bbox&apos;: (172.59, 384.235, 177.02, 397.715), &apos;color_space&apos;: &apos;DeviceGray&apos;, &apos;ncolor&apos;: None, &apos;size&apos;: 13.479999999999961, &apos;value&apos;: &apos;c&apos;, &apos;children&apos;: [], &apos;features&apos;: {}}, {&apos;type&apos;: &apos;text&apos;, &apos;bbox&apos;: (177.02, 384.235, 180.35000000000002, 397.715), &apos;color_space&apos;: &apos;DeviceGray&apos;, &apos;ncolor&apos;: None, &apos;size&apos;: 13.479999999999961, &apos;value&apos;: &apos;i&apos;, &apos;children&apos;: [], &apos;features&apos;: {}}, {&apos;type&apos;: &apos;text&apos;, &apos;bbox&apos;: (180.35000000000002, 384.235, 185.35000000000002, 397.715), &apos;color_space&apos;: &apos;DeviceGray&apos;, &apos;ncolor&apos;: None, &apos;size&apos;: 13.479999999999961, &apos;value&apos;: &apos;a&apos;, &apos;children&apos;: [], &apos;features&apos;: {}}, {&apos;type&apos;: &apos;text&apos;, &apos;bbox&apos;: (185.35000000000002, 384.235, 188.68000000000004, 397.715), &apos;color_space&apos;: &apos;DeviceGray&apos;, &apos;ncolor&apos;: None, &apos;size&apos;: 13.479999999999961, &apos;value&apos;: &apos;l&apos;, &apos;children&apos;: [], &apos;features&apos;: {}}, {&apos;type&apos;: &apos;text&apos;, &apos;bbox&apos;: (191.211, 384.235, 197.311, 397.715), &apos;color_space&apos;: &apos;DeviceGray&apos;, &apos;ncolor&apos;: None, &apos;size&apos;: 13.479999999999961, &apos;value&apos;: &apos;S&apos;, &apos;children&apos;: [], &apos;features&apos;: {}}, {&apos;type&apos;: &apos;text&apos;, &apos;bbox&apos;: (197.311, 384.235, 202.311, 397.715), &apos;color_space&apos;: &apos;DeviceGray&apos;, &apos;ncolor&apos;: None, &apos;size&apos;: 13.479999999999961, &apos;value&apos;: &apos;e&apos;, &apos;children&apos;: [], &apos;features&apos;: {}}, {&apos;type&apos;: &apos;text&apos;, &apos;bbox&apos;: (202.311, 384.235, 206.201, 397.715), &apos;color_space&apos;: &apos;DeviceGray&apos;, &apos;ncolor&apos;: None, &apos;size&apos;: 13.479999999999961, &apos;value&apos;: &apos;r&apos;, &apos;children&apos;: [], &apos;features&apos;: {}}, {&apos;type&apos;: &apos;text&apos;, &apos;bbox&apos;: (206.20100000000002, 384.235, 211.75100000000003, 397.715), &apos;color_space&apos;: &apos;DeviceGray&apos;, &apos;ncolor&apos;: None, &apos;size&apos;: 13.479999999999961, &apos;value&apos;: &apos;v&apos;, &apos;children&apos;: [], &apos;features&apos;: {}}, {&apos;type&apos;: &apos;text&apos;, &apos;bbox&apos;: (211.751, 384.235, 215.08100000000002, 397.715), &apos;color_space&apos;: &apos;DeviceGray&apos;, &apos;ncolor&apos;: None, &apos;size&apos;: 13.479999999999961, &apos;value&apos;: &apos;i&apos;, &apos;children&apos;: [], &apos;features&apos;: {}}, {&apos;type&apos;: &apos;text&apos;, &apos;bbox&apos;: (215.08100000000002, 384.235, 219.51100000000002, 397.715), &apos;color_space&apos;: &apos;DeviceGray&apos;, &apos;ncolor&apos;: None, &apos;size&apos;: 13.479999999999961, &apos;value&apos;: &apos;c&apos;, &apos;children&apos;: [], &apos;features&apos;: {}}, {&apos;type&apos;: &apos;text&apos;, &apos;bbox&apos;: (219.51100000000002, 384.235, 224.51100000000002, 397.715), &apos;color_space&apos;: &apos;DeviceGray&apos;, &apos;ncolor&apos;: None, &apos;size&apos;: 13.479999999999961, &apos;value&apos;: &apos;e&apos;, &apos;children&apos;: [], &apos;features&apos;: {}}, {&apos;type&apos;: &apos;text&apos;, &apos;bbox&apos;: (224.51100000000002, 384.235, 228.94100000000003, 397.715), &apos;color_space&apos;: &apos;DeviceGray&apos;, &apos;ncolor&apos;: None, &apos;size&apos;: 13.479999999999961, &apos;value&apos;: &apos;s&apos;, &apos;children&apos;: [], &apos;features&apos;: {}}, {&apos;type&apos;: &apos;text&apos;, &apos;bbox&apos;: (231.474, 384.235, 239.804, 397.715), &apos;color_space&apos;: &apos;DeviceGray&apos;, &apos;ncolor&apos;: None, &apos;size&apos;: 13.479999999999961, &apos;value&apos;: &apos;O&apos;, &apos;children&apos;: [], &apos;features&apos;: {}}, {&apos;type&apos;: &apos;text&apos;, &apos;bbox&apos;: (239.804, 384.235, 245.354, 397.715), &apos;color_space&apos;: &apos;DeviceGray&apos;, &apos;ncolor&apos;: None, &apos;size&apos;: 13.479999999999961, &apos;value&apos;: &apos;v&apos;, &apos;children&apos;: [], &apos;features&apos;: {}}, {&apos;type&apos;: &apos;text&apos;, &apos;bbox&apos;: (245.35399999999998, 384.235, 250.35399999999998, 397.715), &apos;color_space&apos;: &apos;DeviceGray&apos;, &apos;ncolor&apos;: None, &apos;size&apos;: 13.479999999999961, &apos;value&apos;: &apos;e&apos;, &apos;children&apos;: [], &apos;features&apos;: {}}, {&apos;type&apos;: &apos;text&apos;, &apos;bbox&apos;: (250.35399999999998, 384.235, 254.24399999999997, 397.715), &apos;color_space&apos;: &apos;DeviceGray&apos;, &apos;ncolor&apos;: None, &apos;size&apos;: 13.479999999999961, &apos;value&apos;: &apos;r&apos;, &apos;children&apos;: [], &apos;features&apos;: {}}, {&apos;type&apos;: &apos;text&apos;, &apos;bbox&apos;: (254.244, 384.235, 259.794, 397.715), &apos;color_space&apos;: &apos;DeviceGray&apos;, &apos;ncolor&apos;: None, &apos;size&apos;: 13.479999999999961, &apos;value&apos;: &apos;v&apos;, &apos;children&apos;: [], &apos;features&apos;: {}}, {&apos;type&apos;: &apos;text&apos;, &apos;bbox&apos;: (259.794, 384.235, 263.12399999999997, 397.715), &apos;color_space&apos;: &apos;DeviceGray&apos;, &apos;ncolor&apos;: None, &apos;size&apos;: 13.479999999999961, &apos;value&apos;: &apos;i&apos;, &apos;children&apos;: [], &apos;features&apos;: {}}, {&apos;type&apos;: &apos;text&apos;, &apos;bbox&apos;: (263.124, 384.235, 268.124, 397.715), &apos;color_space&apos;: &apos;DeviceGray&apos;, &apos;ncolor&apos;: None, &apos;size&apos;: 13.479999999999961, &apos;value&apos;: &apos;e&apos;, &apos;children&apos;: [], &apos;features&apos;: {}}, {&apos;type&apos;: &apos;text&apos;, &apos;bbox&apos;: (268.124, 384.235, 276.454, 397.715), &apos;color_space&apos;: &apos;DeviceGray&apos;, &apos;ncolor&apos;: None, &apos;size&apos;: 13.479999999999961, &apos;value&apos;: &apos;w&apos;, &apos;children&apos;: [], &apos;features&apos;: {}}, {&apos;type&apos;: &apos;text&apos;, &apos;bbox&apos;: (276.469, 384.964, 279.239, 398.254), &apos;color_space&apos;: &apos;DeviceGray&apos;, &apos;ncolor&apos;: None, &apos;size&apos;: 13.29000000000002, &apos;value&apos;: &apos;.&apos;, &apos;children&apos;: [], &apos;features&apos;: {}}, {&apos;type&apos;: &apos;text&apos;, &apos;bbox&apos;: (279.239, 384.964, 282.00899999999996, 398.254), &apos;color_space&apos;: &apos;DeviceGray&apos;, &apos;ncolor&apos;: None, &apos;size&apos;: 13.29000000000002, &apos;value&apos;: &apos;.&apos;, &apos;children&apos;: [], &apos;features&apos;: {}}, {&apos;type&apos;: &apos;text&apos;, &apos;bbox&apos;: (282.009, 384.964, 284.779, 398.254), &apos;color_space&apos;: &apos;DeviceGray&apos;, &apos;ncolor&apos;: None, &apos;size&apos;: 13.29000000000002, &apos;value&apos;: &apos;.&apos;, &apos;children&apos;: [], &apos;features&apos;: {}}, {&apos;type&apos;: &apos;text&apos;, &apos;bbox&apos;: (284.779, 384.964, 287.549, 398.254), &apos;color_space&apos;: &apos;DeviceGray&apos;, &apos;ncolor&apos;: None, &apos;size&apos;: 13.29000000000002, &apos;value&apos;: &apos;.&apos;, &apos;children&apos;: [], &apos;features&apos;: {}}, {&apos;type&apos;: &apos;text&apos;, &apos;bbox&apos;: (287.549, 384.964, 290.31899999999996, 398.254), &apos;color_space&apos;: &apos;DeviceGray&apos;, &apos;ncolor&apos;: None, &apos;size&apos;: 13.29000000000002, &apos;value&apos;: &apos;.&apos;, &apos;children&apos;: [], &apos;features&apos;: {}}, {&apos;type&apos;: &apos;text&apos;, &apos;bbox&apos;: (290.319, 384.964, 293.089, 398.254), &apos;color_space&apos;: &apos;DeviceGray&apos;, &apos;ncolor&apos;: None, &apos;size&apos;: 13.29000000000002, &apos;value&apos;: &apos;.&apos;, &apos;children&apos;: [], &apos;features&apos;: {}}, {&apos;type&apos;: &apos;text&apos;, &apos;bbox&apos;: (293.089, 384.964, 295.859, 398.254), &apos;color_space&apos;: &apos;DeviceGray&apos;, &apos;ncolor&apos;: None, &apos;size&apos;: 13.29000000000002, &apos;value&apos;: &apos;.&apos;, &apos;children&apos;: [], &apos;features&apos;: {}}, {&apos;type&apos;: &apos;text&apos;, &apos;bbox&apos;: (295.859, 384.964, 298.62899999999996, 398.254), &apos;color_space&apos;: &apos;DeviceGray&apos;, &apos;ncolor&apos;: None, &apos;size&apos;: 13.29000000000002, &apos;value&apos;: &apos;.&apos;, &apos;children&apos;: [], &apos;features&apos;: {}}, {&apos;type&apos;: &apos;text&apos;, &apos;bbox&apos;: (298.629, 384.964, 301.399, 398.254), &apos;color_space&apos;: &apos;DeviceGray&apos;, &apos;ncolor&apos;: None, &apos;size&apos;: 13.29000000000002, &apos;value&apos;: &apos;.&apos;, &apos;children&apos;: [], &apos;features&apos;: {}}, {&apos;type&apos;: &apos;text&apos;, &apos;bbox&apos;: (301.399, 384.964, 304.169, 398.254), &apos;color_space&apos;: &apos;DeviceGray&apos;, &apos;ncolor&apos;: None, &apos;size&apos;: 13.29000000000002, &apos;value&apos;: &apos;.&apos;, &apos;children&apos;: [], &apos;features&apos;: {}}, {&apos;type&apos;: &apos;text&apos;, &apos;bbox&apos;: (304.169, 384.964, 306.93899999999996, 398.254), &apos;color_space&apos;: &apos;DeviceGray&apos;, &apos;ncolor&apos;: None, &apos;size&apos;: 13.29000000000002, &apos;value&apos;: &apos;.&apos;, &apos;children&apos;: [], &apos;features&apos;: {}}, {&apos;type&apos;: &apos;text&apos;, &apos;bbox&apos;: (306.93899999999996, 384.964, 309.70899999999995, 398.254), &apos;color_space&apos;: &apos;DeviceGray&apos;, &apos;ncolor&apos;: None, &apos;size&apos;: 13.29000000000002, &apos;value&apos;: &apos;.&apos;, &apos;children&apos;: [], &apos;features&apos;: {}}, {&apos;type&apos;: &apos;text&apos;, &apos;bbox&apos;: (309.709, 384.964, 312.479, 398.254), &apos;color_space&apos;: &apos;DeviceGray&apos;, &apos;ncolor&apos;: None, &apos;size&apos;: 13.29000000000002, &apos;value&apos;: &apos;.&apos;, &apos;children&apos;: [], &apos;features&apos;: {}}, {&apos;type&apos;: &apos;text&apos;, &apos;bbox&apos;: (312.479, 384.964, 315.24899999999997, 398.254), &apos;color_space&apos;: &apos;DeviceGray&apos;, &apos;ncolor&apos;: None, &apos;size&apos;: 13.29000000000002, &apos;value&apos;: &apos;.&apos;, &apos;children&apos;: [], &apos;features&apos;: {}}, {&apos;type&apos;: &apos;text&apos;, &apos;bbox&apos;: (315.249, 384.964, 318.019, 398.254), &apos;color_space&apos;: &apos;DeviceGray&apos;, &apos;ncolor&apos;: None, &apos;size&apos;: 13.29000000000002, &apos;value&apos;: &apos;.&apos;, &apos;children&apos;: [], &apos;features&apos;: {}}, {&apos;type&apos;: &apos;text&apos;, &apos;bbox&apos;: (318.019, 384.964, 320.789, 398.254), &apos;color_space&apos;: &apos;DeviceGray&apos;, &apos;ncolor&apos;: None, &apos;size&apos;: 13.29000000000002, &apos;value&apos;: &apos;.&apos;, &apos;children&apos;: [], &apos;features&apos;: {}}, {&apos;type&apos;: &apos;text&apos;, &apos;bbox&apos;: (320.789, 384.964, 323.55899999999997, 398.254), &apos;color_space&apos;: &apos;DeviceGray&apos;, &apos;ncolor&apos;: None, &apos;size&apos;: 13.29000000000002, &apos;value&apos;: &apos;.&apos;, &apos;children&apos;: [], &apos;features&apos;: {}}, {&apos;type&apos;: &apos;text&apos;, &apos;bbox&apos;: (323.559, 384.964, 326.329, 398.254), &apos;color_space&apos;: &apos;DeviceGray&apos;, &apos;ncolor&apos;: None, &apos;size&apos;: 13.29000000000002, &apos;value&apos;: &apos;.&apos;, &apos;children&apos;: [], &apos;features&apos;: {}}, {&apos;type&apos;: &apos;text&apos;, &apos;bbox&apos;: (326.329, 384.964, 329.099, 398.254), &apos;color_space&apos;: &apos;DeviceGray&apos;, &apos;ncolor&apos;: None, &apos;size&apos;: 13.29000000000002, &apos;value&apos;: &apos;.&apos;, &apos;children&apos;: [], &apos;features&apos;: {}}, {&apos;type&apos;: &apos;text&apos;, &apos;bbox&apos;: (329.09900000000005, 384.964, 331.869, 398.254), &apos;color_space&apos;: &apos;DeviceGray&apos;, &apos;ncolor&apos;: None, &apos;size&apos;: 13.29000000000002, &apos;value&apos;: &apos;.&apos;, &apos;children&apos;: [], &apos;features&apos;: {}}, {&apos;type&apos;: &apos;text&apos;, &apos;bbox&apos;: (331.869, 384.964, 334.639, 398.254), &apos;color_space&apos;: &apos;DeviceGray&apos;, &apos;ncolor&apos;: None, &apos;size&apos;: 13.29000000000002, &apos;value&apos;: &apos;.&apos;, &apos;children&apos;: [], &apos;features&apos;: {}}, {&apos;type&apos;: &apos;text&apos;, &apos;bbox&apos;: (334.639, 384.964, 337.409, 398.254), &apos;color_space&apos;: &apos;DeviceGray&apos;, &apos;ncolor&apos;: None, &apos;size&apos;: 13.29000000000002, &apos;value&apos;: &apos;.&apos;, &apos;children&apos;: [], &apos;features&apos;: {}}, {&apos;type&apos;: &apos;text&apos;, &apos;bbox&apos;: (337.40900000000005, 384.964, 340.17900000000003, 398.254), &apos;color_space&apos;: &apos;DeviceGray&apos;, &apos;ncolor&apos;: None, &apos;size&apos;: 13.29000000000002, &apos;value&apos;: &apos;.&apos;, &apos;children&apos;: [], &apos;features&apos;: {}}, {&apos;type&apos;: &apos;text&apos;, &apos;bbox&apos;: (340.17900000000003, 384.964, 342.949, 398.254), &apos;color_space&apos;: &apos;DeviceGray&apos;, &apos;ncolor&apos;: None, &apos;size&apos;: 13.29000000000002, &apos;value&apos;: &apos;.&apos;, &apos;children&apos;: [], &apos;features&apos;: {}}, {&apos;type&apos;: &apos;text&apos;, &apos;bbox&apos;: (342.949, 384.964, 345.719, 398.254), &apos;color_space&apos;: &apos;DeviceGray&apos;, &apos;ncolor&apos;: None, &apos;size&apos;: 13.29000000000002, &apos;value&apos;: &apos;.&apos;, &apos;children&apos;: [], &apos;features&apos;: {}}, {&apos;type&apos;: &apos;text&apos;, &apos;bbox&apos;: (345.71900000000005, 384.964, 348.48900000000003, 398.254), &apos;color_space&apos;: &apos;DeviceGray&apos;, &apos;ncolor&apos;: None, &apos;size&apos;: 13.29000000000002, &apos;value&apos;: &apos;.&apos;, &apos;children&apos;: [], &apos;features&apos;: {}}, {&apos;type&apos;: &apos;text&apos;, &apos;bbox&apos;: (348.48900000000003, 384.964, 351.259, 398.254), &apos;color_space&apos;: &apos;DeviceGray&apos;, &apos;ncolor&apos;: None, &apos;size&apos;: 13.29000000000002, &apos;value&apos;: &apos;.&apos;, &apos;children&apos;: [], &apos;features&apos;: {}}, {&apos;type&apos;: &apos;text&apos;, &apos;bbox&apos;: (351.259, 384.964, 354.029, 398.254), &apos;color_space&apos;: &apos;DeviceGray&apos;, &apos;ncolor&apos;: None, &apos;size&apos;: 13.29000000000002, &apos;value&apos;: &apos;.&apos;, &apos;children&apos;: [], &apos;features&apos;: {}}, {&apos;type&apos;: &apos;text&apos;, &apos;bbox&apos;: (354.029, 384.964, 356.799, 398.254), &apos;color_space&apos;: &apos;DeviceGray&apos;, &apos;ncolor&apos;: None, &apos;size&apos;: 13.29000000000002, &apos;value&apos;: &apos;.&apos;, &apos;children&apos;: [], &apos;features&apos;: {}}, {&apos;type&apos;: &apos;text&apos;, &apos;bbox&apos;: (356.799, 384.964, 359.56899999999996, 398.254), &apos;color_space&apos;: &apos;DeviceGray&apos;, &apos;ncolor&apos;: None, &apos;size&apos;: 13.29000000000002, &apos;value&apos;: &apos;.&apos;, &apos;children&apos;: [], &apos;features&apos;: {}}, {&apos;type&apos;: &apos;text&apos;, &apos;bbox&apos;: (359.569, 384.964, 362.339, 398.254), &apos;color_space&apos;: &apos;DeviceGray&apos;, &apos;ncolor&apos;: None, &apos;size&apos;: 13.29000000000002, &apos;value&apos;: &apos;.&apos;, &apos;children&apos;: [], &apos;features&apos;: {}}, {&apos;type&apos;: &apos;text&apos;, &apos;bbox&apos;: (362.339, 384.964, 365.109, 398.254), &apos;color_space&apos;: &apos;DeviceGray&apos;, &apos;ncolor&apos;: None, &apos;size&apos;: 13.29000000000002, &apos;value&apos;: &apos;.&apos;, &apos;children&apos;: [], &apos;features&apos;: {}}, {&apos;type&apos;: &apos;text&apos;, &apos;bbox&apos;: (365.109, 384.964, 367.87899999999996, 398.254), &apos;color_space&apos;: &apos;DeviceGray&apos;, &apos;ncolor&apos;: None, &apos;size&apos;: 13.29000000000002, &apos;value&apos;: &apos;.&apos;, &apos;children&apos;: [], &apos;features&apos;: {}}, {&apos;type&apos;: &apos;text&apos;, &apos;bbox&apos;: (367.879, 384.964, 370.649, 398.254), &apos;color_space&apos;: &apos;DeviceGray&apos;, &apos;ncolor&apos;: None, &apos;size&apos;: 13.29000000000002, &apos;value&apos;: &apos;.&apos;, &apos;children&apos;: [], &apos;features&apos;: {}}, {&apos;type&apos;: &apos;text&apos;, &apos;bbox&apos;: (370.649, 384.964, 373.419, 398.254), &apos;color_space&apos;: &apos;DeviceGray&apos;, &apos;ncolor&apos;: None, &apos;size&apos;: 13.29000000000002, &apos;value&apos;: &apos;.&apos;, &apos;children&apos;: [], &apos;features&apos;: {}}, {&apos;type&apos;: &apos;text&apos;, &apos;bbox&apos;: (373.419, 384.964, 376.18899999999996, 398.254), &apos;color_space&apos;: &apos;DeviceGray&apos;, &apos;ncolor&apos;: None, &apos;size&apos;: 13.29000000000002, &apos;value&apos;: &apos;.&apos;, &apos;children&apos;: [], &apos;features&apos;: {}}, {&apos;type&apos;: &apos;text&apos;, &apos;bbox&apos;: (376.18899999999996, 384.964, 378.95899999999995, 398.254), &apos;color_space&apos;: &apos;DeviceGray&apos;, &apos;ncolor&apos;: None, &apos;size&apos;: 13.29000000000002, &apos;value&apos;: &apos;.&apos;, &apos;children&apos;: [], &apos;features&apos;: {}}, {&apos;type&apos;: &apos;text&apos;, &apos;bbox&apos;: (378.95899999999995, 384.964, 381.7289999999999, 398.254), &apos;color_space&apos;: &apos;DeviceGray&apos;, &apos;ncolor&apos;: None, &apos;size&apos;: 13.29000000000002, &apos;value&apos;: &apos;.&apos;, &apos;children&apos;: [], &apos;features&apos;: {}}, {&apos;type&apos;: &apos;text&apos;, &apos;bbox&apos;: (381.729, 384.964, 384.49899999999997, 398.254), &apos;color_space&apos;: &apos;DeviceGray&apos;, &apos;ncolor&apos;: None, &apos;size&apos;: 13.29000000000002, &apos;value&apos;: &apos;.&apos;, &apos;children&apos;: [], &apos;features&apos;: {}}, {&apos;type&apos;: &apos;text&apos;, &apos;bbox&apos;: (384.49899999999997, 384.964, 387.26899999999995, 398.254), &apos;color_space&apos;: &apos;DeviceGray&apos;, &apos;ncolor&apos;: None, &apos;size&apos;: 13.29000000000002, &apos;value&apos;: &apos;.&apos;, &apos;children&apos;: [], &apos;features&apos;: {}}, {&apos;type&apos;: &apos;text&apos;, &apos;bbox&apos;: (387.26899999999995, 384.964, 390.03899999999993, 398.254), &apos;color_space&apos;: &apos;DeviceGray&apos;, &apos;ncolor&apos;: None, &apos;size&apos;: 13.29000000000002, &apos;value&apos;: &apos;.&apos;, &apos;children&apos;: [], &apos;features&apos;: {}}, {&apos;type&apos;: &apos;text&apos;, &apos;bbox&apos;: (390.039, 384.964, 392.80899999999997, 398.254), &apos;color_space&apos;: &apos;DeviceGray&apos;, &apos;ncolor&apos;: None, &apos;size&apos;: 13.29000000000002, &apos;value&apos;: &apos;.&apos;, &apos;children&apos;: [], &apos;features&apos;: {}}, {&apos;type&apos;: &apos;text&apos;, &apos;bbox&apos;: (392.80899999999997, 384.964, 395.57899999999995, 398.254), &apos;color_space&apos;: &apos;DeviceGray&apos;, &apos;ncolor&apos;: None, &apos;size&apos;: 13.29000000000002, &apos;value&apos;: &apos;.&apos;, &apos;children&apos;: [], &apos;features&apos;: {}}, {&apos;type&apos;: &apos;text&apos;, &apos;bbox&apos;: (395.57899999999995, 384.964, 398.34899999999993, 398.254), &apos;color_space&apos;: &apos;DeviceGray&apos;, &apos;ncolor&apos;: None, &apos;size&apos;: 13.29000000000002, &apos;value&apos;: &apos;.&apos;, &apos;children&apos;: [], &apos;features&apos;: {}}, {&apos;type&apos;: &apos;text&apos;, &apos;bbox&apos;: (398.34899999999993, 384.964, 401.1189999999999, 398.254), &apos;color_space&apos;: &apos;DeviceGray&apos;, &apos;ncolor&apos;: None, &apos;size&apos;: 13.29000000000002, &apos;value&apos;: &apos;.&apos;, &apos;children&apos;: [], &apos;features&apos;: {}}, {&apos;type&apos;: &apos;text&apos;, &apos;bbox&apos;: (401.1189999999999, 384.964, 403.8889999999999, 398.254), &apos;color_space&apos;: &apos;DeviceGray&apos;, &apos;ncolor&apos;: None, &apos;size&apos;: 13.29000000000002, &apos;value&apos;: &apos;.&apos;, &apos;children&apos;: [], &apos;features&apos;: {}}, {&apos;type&apos;: &apos;text&apos;, &apos;bbox&apos;: (403.88899999999995, 384.964, 406.65899999999993, 398.254), &apos;color_space&apos;: &apos;DeviceGray&apos;, &apos;ncolor&apos;: None, &apos;size&apos;: 13.29000000000002, &apos;value&apos;: &apos;.&apos;, &apos;children&apos;: [], &apos;features&apos;: {}}, {&apos;type&apos;: &apos;text&apos;, &apos;bbox&apos;: (406.65899999999993, 384.964, 409.4289999999999, 398.254), &apos;color_space&apos;: &apos;DeviceGray&apos;, &apos;ncolor&apos;: None, &apos;size&apos;: 13.29000000000002, &apos;value&apos;: &apos;.&apos;, &apos;children&apos;: [], &apos;features&apos;: {}}, {&apos;type&apos;: &apos;text&apos;, &apos;bbox&apos;: (409.429, 384.964, 412.19899999999996, 398.254), &apos;color_space&apos;: &apos;DeviceGray&apos;, &apos;ncolor&apos;: None, &apos;size&apos;: 13.29000000000002, &apos;value&apos;: &apos;.&apos;, &apos;children&apos;: [], &apos;features&apos;: {}}, {&apos;type&apos;: &apos;text&apos;, &apos;bbox&apos;: (412.19899999999996, 384.964, 414.96899999999994, 398.254), &apos;color_space&apos;: &apos;DeviceGray&apos;, &apos;ncolor&apos;: None, &apos;size&apos;: 13.29000000000002, &apos;value&apos;: &apos;.&apos;, &apos;children&apos;: [], &apos;features&apos;: {}}, {&apos;type&apos;: &apos;text&apos;, &apos;bbox&apos;: (414.96899999999994, 384.964, 417.7389999999999, 398.254), &apos;color_space&apos;: &apos;DeviceGray&apos;, &apos;ncolor&apos;: None, &apos;size&apos;: 13.29000000000002, &apos;value&apos;: &apos;.&apos;, &apos;children&apos;: [], &apos;features&apos;: {}}, {&apos;type&apos;: &apos;text&apos;, &apos;bbox&apos;: (417.739, 384.964, 420.50899999999996, 398.254), &apos;color_space&apos;: &apos;DeviceGray&apos;, &apos;ncolor&apos;: None, &apos;size&apos;: 13.29000000000002, &apos;value&apos;: &apos;.&apos;, &apos;children&apos;: [], &apos;features&apos;: {}}, {&apos;type&apos;: &apos;text&apos;, &apos;bbox&apos;: (420.509, 384.964, 423.279, 398.254), &apos;color_space&apos;: &apos;DeviceGray&apos;, &apos;ncolor&apos;: None, &apos;size&apos;: 13.29000000000002, &apos;value&apos;: &apos;.&apos;, &apos;children&apos;: [], &apos;features&apos;: {}}, {&apos;type&apos;: &apos;text&apos;, &apos;bbox&apos;: (423.279, 384.964, 426.049, 398.254), &apos;color_space&apos;: &apos;DeviceGray&apos;, &apos;ncolor&apos;: None, &apos;size&apos;: 13.29000000000002, &apos;value&apos;: &apos;.&apos;, &apos;children&apos;: [], &apos;features&apos;: {}}, {&apos;type&apos;: &apos;text&apos;, &apos;bbox&apos;: (426.049, 384.964, 428.81899999999996, 398.254), &apos;color_space&apos;: &apos;DeviceGray&apos;, &apos;ncolor&apos;: None, &apos;size&apos;: 13.29000000000002, &apos;value&apos;: &apos;.&apos;, &apos;children&apos;: [], &apos;features&apos;: {}}, {&apos;type&apos;: &apos;text&apos;, &apos;bbox&apos;: (428.819, 384.964, 431.589, 398.254), &apos;color_space&apos;: &apos;DeviceGray&apos;, &apos;ncolor&apos;: None, &apos;size&apos;: 13.29000000000002, &apos;value&apos;: &apos;.&apos;, &apos;children&apos;: [], &apos;features&apos;: {}}, {&apos;type&apos;: &apos;text&apos;, &apos;bbox&apos;: (431.58900000000006, 384.964, 434.35900000000004, 398.254), &apos;color_space&apos;: &apos;DeviceGray&apos;, &apos;ncolor&apos;: None, &apos;size&apos;: 13.29000000000002, &apos;value&apos;: &apos;.&apos;, &apos;children&apos;: [], &apos;features&apos;: {}}, {&apos;type&apos;: &apos;text&apos;, &apos;bbox&apos;: (434.35900000000004, 384.964, 437.129, 398.254), &apos;color_space&apos;: &apos;DeviceGray&apos;, &apos;ncolor&apos;: None, &apos;size&apos;: 13.29000000000002, &apos;value&apos;: &apos;.&apos;, &apos;children&apos;: [], &apos;features&apos;: {}}, {&apos;type&apos;: &apos;text&apos;, &apos;bbox&apos;: (437.129, 384.964, 439.899, 398.254), &apos;color_space&apos;: &apos;DeviceGray&apos;, &apos;ncolor&apos;: None, &apos;size&apos;: 13.29000000000002, &apos;value&apos;: &apos;.&apos;, &apos;children&apos;: [], &apos;features&apos;: {}}, {&apos;type&apos;: &apos;text&apos;, &apos;bbox&apos;: (439.89900000000006, 384.964, 442.66900000000004, 398.254), &apos;color_space&apos;: &apos;DeviceGray&apos;, &apos;ncolor&apos;: None, &apos;size&apos;: 13.29000000000002, &apos;value&apos;: &apos;.&apos;, &apos;children&apos;: [], &apos;features&apos;: {}}, {&apos;type&apos;: &apos;text&apos;, &apos;bbox&apos;: (442.6690000000001, 384.964, 445.4390000000001, 398.254), &apos;color_space&apos;: &apos;DeviceGray&apos;, &apos;ncolor&apos;: None, &apos;size&apos;: 13.29000000000002, &apos;value&apos;: &apos;.&apos;, &apos;children&apos;: [], &apos;features&apos;: {}}, {&apos;type&apos;: &apos;text&apos;, &apos;bbox&apos;: (445.4390000000001, 384.964, 448.20900000000006, 398.254), &apos;color_space&apos;: &apos;DeviceGray&apos;, &apos;ncolor&apos;: None, &apos;size&apos;: 13.29000000000002, &apos;value&apos;: &apos;.&apos;, &apos;children&apos;: [], &apos;features&apos;: {}}, {&apos;type&apos;: &apos;text&apos;, &apos;bbox&apos;: (448.20900000000006, 384.964, 450.97900000000004, 398.254), &apos;color_space&apos;: &apos;DeviceGray&apos;, &apos;ncolor&apos;: None, &apos;size&apos;: 13.29000000000002, &apos;value&apos;: &apos;.&apos;, &apos;children&apos;: [], &apos;features&apos;: {}}, {&apos;type&apos;: &apos;text&apos;, &apos;bbox&apos;: (450.9790000000001, 384.964, 453.7490000000001, 398.254), &apos;color_space&apos;: &apos;DeviceGray&apos;, &apos;ncolor&apos;: None, &apos;size&apos;: 13.29000000000002, &apos;value&apos;: &apos;.&apos;, &apos;children&apos;: [], &apos;features&apos;: {}}, {&apos;type&apos;: &apos;text&apos;, &apos;bbox&apos;: (453.74900000000014, 384.964, 456.5190000000001, 398.254), &apos;color_space&apos;: &apos;DeviceGray&apos;, &apos;ncolor&apos;: None, &apos;size&apos;: 13.29000000000002, &apos;value&apos;: &apos;.&apos;, &apos;children&apos;: [], &apos;features&apos;: {}}, {&apos;type&apos;: &apos;text&apos;, &apos;bbox&apos;: (456.5190000000001, 384.964, 459.2890000000001, 398.254), &apos;color_space&apos;: &apos;DeviceGray&apos;, &apos;ncolor&apos;: None, &apos;size&apos;: 13.29000000000002, &apos;value&apos;: &apos;.&apos;, &apos;children&apos;: [], &apos;features&apos;: {}}, {&apos;type&apos;: &apos;text&apos;, &apos;bbox&apos;: (459.2890000000001, 384.964, 462.0590000000001, 398.254), &apos;color_space&apos;: &apos;DeviceGray&apos;, &apos;ncolor&apos;: None, &apos;size&apos;: 13.29000000000002, &apos;value&apos;: &apos;.&apos;, &apos;children&apos;: [], &apos;features&apos;: {}}, {&apos;type&apos;: &apos;text&apos;, &apos;bbox&apos;: (462.05900000000014, 384.964, 464.8290000000001, 398.254), &apos;color_space&apos;: &apos;DeviceGray&apos;, &apos;ncolor&apos;: None, &apos;size&apos;: 13.29000000000002, &apos;value&apos;: &apos;.&apos;, &apos;children&apos;: [], &apos;features&apos;: {}}, {&apos;type&apos;: &apos;text&apos;, &apos;bbox&apos;: (464.8290000000002, 384.964, 467.59900000000016, 398.254), &apos;color_space&apos;: &apos;DeviceGray&apos;, &apos;ncolor&apos;: None, &apos;size&apos;: 13.29000000000002, &apos;value&apos;: &apos;.&apos;, &apos;children&apos;: [], &apos;features&apos;: {}}, {&apos;type&apos;: &apos;text&apos;, &apos;bbox&apos;: (467.59900000000016, 384.964, 470.36900000000014, 398.254), &apos;color_space&apos;: &apos;DeviceGray&apos;, &apos;ncolor&apos;: None, &apos;size&apos;: 13.29000000000002, &apos;value&apos;: &apos;.&apos;, &apos;children&apos;: [], &apos;features&apos;: {}}, {&apos;type&apos;: &apos;text&apos;, &apos;bbox&apos;: (470.36900000000014, 384.964, 473.1390000000001, 398.254), &apos;color_space&apos;: &apos;DeviceGray&apos;, &apos;ncolor&apos;: None, &apos;size&apos;: 13.29000000000002, &apos;value&apos;: &apos;.&apos;, &apos;children&apos;: [], &apos;features&apos;: {}}, {&apos;type&apos;: &apos;text&apos;, &apos;bbox&apos;: (473.1390000000002, 384.964, 475.90900000000016, 398.254), &apos;color_space&apos;: &apos;DeviceGray&apos;, &apos;ncolor&apos;: None, &apos;size&apos;: 13.29000000000002, &apos;value&apos;: &apos;.&apos;, &apos;children&apos;: [], &apos;features&apos;: {}}, {&apos;type&apos;: &apos;text&apos;, &apos;bbox&apos;: (475.9090000000002, 384.964, 478.6790000000002, 398.254), &apos;color_space&apos;: &apos;DeviceGray&apos;, &apos;ncolor&apos;: None, &apos;size&apos;: 13.29000000000002, &apos;value&apos;: &apos;.&apos;, &apos;children&apos;: [], &apos;features&apos;: {}}, {&apos;type&apos;: &apos;text&apos;, &apos;bbox&apos;: (478.6790000000002, 384.964, 481.4490000000002, 398.254), &apos;color_space&apos;: &apos;DeviceGray&apos;, &apos;ncolor&apos;: None, &apos;size&apos;: 13.29000000000002, &apos;value&apos;: &apos;.&apos;, &apos;children&apos;: [], &apos;features&apos;: {}}, {&apos;type&apos;: &apos;text&apos;, &apos;bbox&apos;: (481.4490000000002, 384.964, 484.21900000000016, 398.254), &apos;color_space&apos;: &apos;DeviceGray&apos;, &apos;ncolor&apos;: None, &apos;size&apos;: 13.29000000000002, &apos;value&apos;: &apos;.&apos;, &apos;children&apos;: [], &apos;features&apos;: {}}, {&apos;type&apos;: &apos;text&apos;, &apos;bbox&apos;: (484.2190000000002, 384.964, 486.9890000000002, 398.254), &apos;color_space&apos;: &apos;DeviceGray&apos;, &apos;ncolor&apos;: None, &apos;size&apos;: 13.29000000000002, &apos;value&apos;: &apos;.&apos;, &apos;children&apos;: [], &apos;features&apos;: {}}, {&apos;type&apos;: &apos;text&apos;, &apos;bbox&apos;: (486.98900000000026, 384.964, 489.75900000000024, 398.254), &apos;color_space&apos;: &apos;DeviceGray&apos;, &apos;ncolor&apos;: None, &apos;size&apos;: 13.29000000000002, &apos;value&apos;: &apos;.&apos;, &apos;children&apos;: [], &apos;features&apos;: {}}, {&apos;type&apos;: &apos;text&apos;, &apos;bbox&apos;: (489.75900000000024, 384.964, 492.5290000000002, 398.254), &apos;color_space&apos;: &apos;DeviceGray&apos;, &apos;ncolor&apos;: None, &apos;size&apos;: 13.29000000000002, &apos;value&apos;: &apos;.&apos;, &apos;children&apos;: [], &apos;features&apos;: {}}, {&apos;type&apos;: &apos;text&apos;, &apos;bbox&apos;: (492.5290000000002, 384.964, 495.2990000000002, 398.254), &apos;color_space&apos;: &apos;DeviceGray&apos;, &apos;ncolor&apos;: None, &apos;size&apos;: 13.29000000000002, &apos;value&apos;: &apos;.&apos;, &apos;children&apos;: [], &apos;features&apos;: {}}, {&apos;type&apos;: &apos;text&apos;, &apos;bbox&apos;: (495.29900000000026, 384.964, 498.06900000000024, 398.254), &apos;color_space&apos;: &apos;DeviceGray&apos;, &apos;ncolor&apos;: None, &apos;size&apos;: 13.29000000000002, &apos;value&apos;: &apos;.&apos;, &apos;children&apos;: [], &apos;features&apos;: {}}, {&apos;type&apos;: &apos;text&apos;, &apos;bbox&apos;: (498.0690000000003, 384.964, 500.8390000000003, 398.254), &apos;color_space&apos;: &apos;DeviceGray&apos;, &apos;ncolor&apos;: None, &apos;size&apos;: 13.29000000000002, &apos;value&apos;: &apos;.&apos;, &apos;children&apos;: [], &apos;features&apos;: {}}, {&apos;type&apos;: &apos;text&apos;, &apos;bbox&apos;: (500.8390000000003, 384.964, 503.60900000000026, 398.254), &apos;color_space&apos;: &apos;DeviceGray&apos;, &apos;ncolor&apos;: None, &apos;size&apos;: 13.29000000000002, &apos;value&apos;: &apos;.&apos;, &apos;children&apos;: [], &apos;features&apos;: {}}, {&apos;type&apos;: &apos;text&apos;, &apos;bbox&apos;: (503.60900000000026, 384.964, 506.37900000000025, 398.254), &apos;color_space&apos;: &apos;DeviceGray&apos;, &apos;ncolor&apos;: None, &apos;size&apos;: 13.29000000000002, &apos;value&apos;: &apos;.&apos;, &apos;children&apos;: [], &apos;features&apos;: {}}, {&apos;type&apos;: &apos;text&apos;, &apos;bbox&apos;: (506.3790000000003, 384.964, 509.1490000000003, 398.254), &apos;color_space&apos;: &apos;DeviceGray&apos;, &apos;ncolor&apos;: None, &apos;size&apos;: 13.29000000000002, &apos;value&apos;: &apos;.&apos;, &apos;children&apos;: [], &apos;features&apos;: {}}, {&apos;type&apos;: &apos;text&apos;, &apos;bbox&apos;: (509.14900000000034, 384.964, 511.9190000000003, 398.254), &apos;color_space&apos;: &apos;DeviceGray&apos;, &apos;ncolor&apos;: None, &apos;size&apos;: 13.29000000000002, &apos;value&apos;: &apos;.&apos;, &apos;children&apos;: [], &apos;features&apos;: {}}, {&apos;type&apos;: &apos;text&apos;, &apos;bbox&apos;: (511.9190000000003, 384.964, 514.6890000000003, 398.254), &apos;color_space&apos;: &apos;DeviceGray&apos;, &apos;ncolor&apos;: None, &apos;size&apos;: 13.29000000000002, &apos;value&apos;: &apos;.&apos;, &apos;children&apos;: [], &apos;features&apos;: {}}, {&apos;type&apos;: &apos;text&apos;, &apos;bbox&apos;: (514.6890000000003, 384.964, 517.4590000000003, 398.254), &apos;color_space&apos;: &apos;DeviceGray&apos;, &apos;ncolor&apos;: None, &apos;size&apos;: 13.29000000000002, &apos;value&apos;: &apos;.&apos;, &apos;children&apos;: [], &apos;features&apos;: {}}, {&apos;type&apos;: &apos;text&apos;, &apos;bbox&apos;: (517.4590000000003, 384.964, 520.2290000000003, 398.254), &apos;color_space&apos;: &apos;DeviceGray&apos;, &apos;ncolor&apos;: None, &apos;size&apos;: 13.29000000000002, &apos;value&apos;: &apos;.&apos;, &apos;children&apos;: [], &apos;features&apos;: {}}, {&apos;type&apos;: &apos;text&apos;, &apos;bbox&apos;: (520.2290000000004, 384.964, 522.9990000000004, 398.254), &apos;color_space&apos;: &apos;DeviceGray&apos;, &apos;ncolor&apos;: None, &apos;size&apos;: 13.29000000000002, &apos;value&apos;: &apos;.&apos;, &apos;children&apos;: [], &apos;features&apos;: {}}, {&apos;type&apos;: &apos;text&apos;, &apos;bbox&apos;: (525.548, 384.964, 531.108, 398.254), &apos;color_space&apos;: &apos;DeviceGray&apos;, &apos;ncolor&apos;: None, &apos;size&apos;: 13.29000000000002, &apos;value&apos;: &apos;1&apos;, &apos;children&apos;: [], &apos;features&apos;: {}}, {&apos;type&apos;: &apos;text&apos;, &apos;bbox&apos;: (531.108, 384.964, 534.438, 398.254), &apos;color_space&apos;: &apos;DeviceGray&apos;, &apos;ncolor&apos;: None, &apos;size&apos;: 13.29000000000002, &apos;value&apos;: &apos;-&apos;, &apos;children&apos;: [], &apos;features&apos;: {}}, {&apos;type&apos;: &apos;text&apos;, &apos;bbox&apos;: (534.439, 384.964, 539.9989999999999, 398.254), &apos;color_space&apos;: &apos;DeviceGray&apos;, &apos;ncolor&apos;: None, &apos;size&apos;: 13.29000000000002, &apos;value&apos;: &apos;1&apos;, &apos;children&apos;: [], &apos;features&apos;: {}}], &apos;features&apos;: {}}
*********************





--------------------------------- CONTENT AREA --------------------------------- 
This content area has an image
{&apos;type&apos;: &apos;figure&apos;, &apos;bbox&apos;: (0, 0, 612.0, 792.0), &apos;name&apos;: &apos;fx2&apos;, &apos;children&apos;: [{&apos;type&apos;: &apos;text&apos;, &apos;bbox&apos;: (114.0, 368.744, 122.33, 382.224), &apos;color_space&apos;: &apos;DeviceGray&apos;, &apos;ncolor&apos;: None, &apos;size&apos;: 13.479999999999961, &apos;value&apos;: &apos;O&apos;, &apos;children&apos;: [], &apos;features&apos;: {}}, {&apos;type&apos;: &apos;text&apos;, &apos;bbox&apos;: (122.33, 368.744, 126.22, 382.224), &apos;color_space&apos;: &apos;DeviceGray&apos;, &apos;ncolor&apos;: None, &apos;size&apos;: 13.479999999999961, &apos;value&apos;: &apos;r&apos;, &apos;children&apos;: [], &apos;features&apos;: {}}, {&apos;type&apos;: &apos;text&apos;, &apos;bbox&apos;: (126.22, 368.744, 131.22, 382.224), &apos;color_space&apos;: &apos;DeviceGray&apos;, &apos;ncolor&apos;: None, &apos;size&apos;: 13.479999999999961, &apos;value&apos;: &apos;a&apos;, &apos;children&apos;: [], &apos;features&apos;: {}}, {&apos;type&apos;: &apos;text&apos;, &apos;bbox&apos;: (131.22, 368.744, 135.65, 382.224), &apos;color_space&apos;: &apos;DeviceGray&apos;, &apos;ncolor&apos;: None, &apos;size&apos;: 13.479999999999961, &apos;value&apos;: &apos;c&apos;, &apos;children&apos;: [], &apos;features&apos;: {}}, {&apos;type&apos;: &apos;text&apos;, &apos;bbox&apos;: (135.65, 368.744, 138.98000000000002, 382.224), &apos;color_space&apos;: &apos;DeviceGray&apos;, &apos;ncolor&apos;: None, &apos;size&apos;: 13.479999999999961, &apos;value&apos;: &apos;l&apos;, &apos;children&apos;: [], &apos;features&apos;: {}}, {&apos;type&apos;: &apos;text&apos;, &apos;bbox&apos;: (138.98, 368.744, 143.98, 382.224), &apos;color_space&apos;: &apos;DeviceGray&apos;, &apos;ncolor&apos;: None, &apos;size&apos;: 13.479999999999961, &apos;value&apos;: &apos;e&apos;, &apos;children&apos;: [], &apos;features&apos;: {}}, {&apos;type&apos;: &apos;text&apos;, &apos;bbox&apos;: (146.49, 368.744, 152.06, 382.224), &apos;color_space&apos;: &apos;DeviceGray&apos;, &apos;ncolor&apos;: None, &apos;size&apos;: 13.479999999999961, &apos;value&apos;: &apos;F&apos;, &apos;children&apos;: [], &apos;features&apos;: {}}, {&apos;type&apos;: &apos;text&apos;, &apos;bbox&apos;: (152.06, 368.744, 155.39000000000001, 382.224), &apos;color_space&apos;: &apos;DeviceGray&apos;, &apos;ncolor&apos;: None, &apos;size&apos;: 13.479999999999961, &apos;value&apos;: &apos;i&apos;, &apos;children&apos;: [], &apos;features&apos;: {}}, {&apos;type&apos;: &apos;text&apos;, &apos;bbox&apos;: (155.39000000000001, 368.744, 161.49, 382.224), &apos;color_space&apos;: &apos;DeviceGray&apos;, &apos;ncolor&apos;: None, &apos;size&apos;: 13.479999999999961, &apos;value&apos;: &apos;n&apos;, &apos;children&apos;: [], &apos;features&apos;: {}}, {&apos;type&apos;: &apos;text&apos;, &apos;bbox&apos;: (161.49, 368.744, 166.49, 382.224), &apos;color_space&apos;: &apos;DeviceGray&apos;, &apos;ncolor&apos;: None, &apos;size&apos;: 13.479999999999961, &apos;value&apos;: &apos;a&apos;, &apos;children&apos;: [], &apos;features&apos;: {}}, {&apos;type&apos;: &apos;text&apos;, &apos;bbox&apos;: (166.49, 368.744, 172.59, 382.224), &apos;color_space&apos;: &apos;DeviceGray&apos;, &apos;ncolor&apos;: None, &apos;size&apos;: 13.479999999999961, &apos;value&apos;: &apos;n&apos;, &apos;children&apos;: [], &apos;features&apos;: {}}, {&apos;type&apos;: &apos;text&apos;, &apos;bbox&apos;: (172.59, 368.744, 177.02, 382.224), &apos;color_space&apos;: &apos;DeviceGray&apos;, &apos;ncolor&apos;: None, &apos;size&apos;: 13.479999999999961, &apos;value&apos;: &apos;c&apos;, &apos;children&apos;: [], &apos;features&apos;: {}}, {&apos;type&apos;: &apos;text&apos;, &apos;bbox&apos;: (177.02, 368.744, 180.35000000000002, 382.224), &apos;color_space&apos;: &apos;DeviceGray&apos;, &apos;ncolor&apos;: None, &apos;size&apos;: 13.479999999999961, &apos;value&apos;: &apos;i&apos;, &apos;children&apos;: [], &apos;features&apos;: {}}, {&apos;type&apos;: &apos;text&apos;, &apos;bbox&apos;: (180.35000000000002, 368.744, 185.35000000000002, 382.224), &apos;color_space&apos;: &apos;DeviceGray&apos;, &apos;ncolor&apos;: None, &apos;size&apos;: 13.479999999999961, &apos;value&apos;: &apos;a&apos;, &apos;children&apos;: [], &apos;features&apos;: {}}, {&apos;type&apos;: &apos;text&apos;, &apos;bbox&apos;: (185.35000000000002, 368.744, 188.68000000000004, 382.224), &apos;color_space&apos;: &apos;DeviceGray&apos;, &apos;ncolor&apos;: None, &apos;size&apos;: 13.479999999999961, &apos;value&apos;: &apos;l&apos;, &apos;children&apos;: [], &apos;features&apos;: {}}, {&apos;type&apos;: &apos;text&apos;, &apos;bbox&apos;: (191.211, 368.744, 197.311, 382.224), &apos;color_space&apos;: &apos;DeviceGray&apos;, &apos;ncolor&apos;: None, &apos;size&apos;: 13.479999999999961, &apos;value&apos;: &apos;S&apos;, &apos;children&apos;: [], &apos;features&apos;: {}}, {&apos;type&apos;: &apos;text&apos;, &apos;bbox&apos;: (197.311, 368.744, 202.311, 382.224), &apos;color_space&apos;: &apos;DeviceGray&apos;, &apos;ncolor&apos;: None, &apos;size&apos;: 13.479999999999961, &apos;value&apos;: &apos;e&apos;, &apos;children&apos;: [], &apos;features&apos;: {}}, {&apos;type&apos;: &apos;text&apos;, &apos;bbox&apos;: (202.311, 368.744, 206.201, 382.224), &apos;color_space&apos;: &apos;DeviceGray&apos;, &apos;ncolor&apos;: None, &apos;size&apos;: 13.479999999999961, &apos;value&apos;: &apos;r&apos;, &apos;children&apos;: [], &apos;features&apos;: {}}, {&apos;type&apos;: &apos;text&apos;, &apos;bbox&apos;: (206.20100000000002, 368.744, 211.75100000000003, 382.224), &apos;color_space&apos;: &apos;DeviceGray&apos;, &apos;ncolor&apos;: None, &apos;size&apos;: 13.479999999999961, &apos;value&apos;: &apos;v&apos;, &apos;children&apos;: [], &apos;features&apos;: {}}, {&apos;type&apos;: &apos;text&apos;, &apos;bbox&apos;: (211.751, 368.744, 215.08100000000002, 382.224), &apos;color_space&apos;: &apos;DeviceGray&apos;, &apos;ncolor&apos;: None, &apos;size&apos;: 13.479999999999961, &apos;value&apos;: &apos;i&apos;, &apos;children&apos;: [], &apos;features&apos;: {}}, {&apos;type&apos;: &apos;text&apos;, &apos;bbox&apos;: (215.08100000000002, 368.744, 219.51100000000002, 382.224), &apos;color_space&apos;: &apos;DeviceGray&apos;, &apos;ncolor&apos;: None, &apos;size&apos;: 13.479999999999961, &apos;value&apos;: &apos;c&apos;, &apos;children&apos;: [], &apos;features&apos;: {}}, {&apos;type&apos;: &apos;text&apos;, &apos;bbox&apos;: (219.51100000000002, 368.744, 224.51100000000002, 382.224), &apos;color_space&apos;: &apos;DeviceGray&apos;, &apos;ncolor&apos;: None, &apos;size&apos;: 13.479999999999961, &apos;value&apos;: &apos;e&apos;, &apos;children&apos;: [], &apos;features&apos;: {}}, {&apos;type&apos;: &apos;text&apos;, &apos;bbox&apos;: (224.51100000000002, 368.744, 228.94100000000003, 382.224), &apos;color_space&apos;: &apos;DeviceGray&apos;, &apos;ncolor&apos;: None, &apos;size&apos;: 13.479999999999961, &apos;value&apos;: &apos;s&apos;, &apos;children&apos;: [], &apos;features&apos;: {}}, {&apos;type&apos;: &apos;text&apos;, &apos;bbox&apos;: (231.474, 368.744, 239.244, 382.224), &apos;color_space&apos;: &apos;DeviceGray&apos;, &apos;ncolor&apos;: None, &apos;size&apos;: 13.479999999999961, &apos;value&apos;: &apos;A&apos;, &apos;children&apos;: [], &apos;features&apos;: {}}, {&apos;type&apos;: &apos;text&apos;, &apos;bbox&apos;: (239.244, 368.744, 245.344, 382.224), &apos;color_space&apos;: &apos;DeviceGray&apos;, &apos;ncolor&apos;: None, &apos;size&apos;: 13.479999999999961, &apos;value&apos;: &apos;n&apos;, &apos;children&apos;: [], &apos;features&apos;: {}}, {&apos;type&apos;: &apos;text&apos;, &apos;bbox&apos;: (245.344, 368.744, 250.344, 382.224), &apos;color_space&apos;: &apos;DeviceGray&apos;, &apos;ncolor&apos;: None, &apos;size&apos;: 13.479999999999961, &apos;value&apos;: &apos;a&apos;, &apos;children&apos;: [], &apos;features&apos;: {}}, {&apos;type&apos;: &apos;text&apos;, &apos;bbox&apos;: (250.344, 368.744, 253.674, 382.224), &apos;color_space&apos;: &apos;DeviceGray&apos;, &apos;ncolor&apos;: None, &apos;size&apos;: 13.479999999999961, &apos;value&apos;: &apos;l&apos;, &apos;children&apos;: [], &apos;features&apos;: {}}, {&apos;type&apos;: &apos;text&apos;, &apos;bbox&apos;: (253.67399999999998, 368.744, 259.234, 382.224), &apos;color_space&apos;: &apos;DeviceGray&apos;, &apos;ncolor&apos;: None, &apos;size&apos;: 13.479999999999961, &apos;value&apos;: &apos;y&apos;, &apos;children&apos;: [], &apos;features&apos;: {}}, {&apos;type&apos;: &apos;text&apos;, &apos;bbox&apos;: (259.234, 368.744, 262.56399999999996, 382.224), &apos;color_space&apos;: &apos;DeviceGray&apos;, &apos;ncolor&apos;: None, &apos;size&apos;: 13.479999999999961, &apos;value&apos;: &apos;t&apos;, &apos;children&apos;: [], &apos;features&apos;: {}}, {&apos;type&apos;: &apos;text&apos;, &apos;bbox&apos;: (262.56399999999996, 368.744, 265.89399999999995, 382.224), &apos;color_space&apos;: &apos;DeviceGray&apos;, &apos;ncolor&apos;: None, &apos;size&apos;: 13.479999999999961, &apos;value&apos;: &apos;i&apos;, &apos;children&apos;: [], &apos;features&apos;: {}}, {&apos;type&apos;: &apos;text&apos;, &apos;bbox&apos;: (265.894, 368.744, 270.324, 382.224), &apos;color_space&apos;: &apos;DeviceGray&apos;, &apos;ncolor&apos;: None, &apos;size&apos;: 13.479999999999961, &apos;value&apos;: &apos;c&apos;, &apos;children&apos;: [], &apos;features&apos;: {}}, {&apos;type&apos;: &apos;text&apos;, &apos;bbox&apos;: (270.324, 368.744, 275.324, 382.224), &apos;color_space&apos;: &apos;DeviceGray&apos;, &apos;ncolor&apos;: None, &apos;size&apos;: 13.479999999999961, &apos;value&apos;: &apos;a&apos;, &apos;children&apos;: [], &apos;features&apos;: {}}, {&apos;type&apos;: &apos;text&apos;, &apos;bbox&apos;: (275.324, 368.744, 278.654, 382.224), &apos;color_space&apos;: &apos;DeviceGray&apos;, &apos;ncolor&apos;: None, &apos;size&apos;: 13.479999999999961, &apos;value&apos;: &apos;l&apos;, &apos;children&apos;: [], &apos;features&apos;: {}}, {&apos;type&apos;: &apos;text&apos;, &apos;bbox&apos;: (281.181, 368.744, 288.95099999999996, 382.224), &apos;color_space&apos;: &apos;DeviceGray&apos;, &apos;ncolor&apos;: None, &apos;size&apos;: 13.479999999999961, &apos;value&apos;: &apos;A&apos;, &apos;children&apos;: [], &apos;features&apos;: {}}, {&apos;type&apos;: &apos;text&apos;, &apos;bbox&apos;: (288.95099999999996, 368.744, 295.051, 382.224), &apos;color_space&apos;: &apos;DeviceGray&apos;, &apos;ncolor&apos;: None, &apos;size&apos;: 13.479999999999961, &apos;value&apos;: &apos;p&apos;, &apos;children&apos;: [], &apos;features&apos;: {}}, {&apos;type&apos;: &apos;text&apos;, &apos;bbox&apos;: (295.051, 368.744, 301.151, 382.224), &apos;color_space&apos;: &apos;DeviceGray&apos;, &apos;ncolor&apos;: None, &apos;size&apos;: 13.479999999999961, &apos;value&apos;: &apos;p&apos;, &apos;children&apos;: [], &apos;features&apos;: {}}, {&apos;type&apos;: &apos;text&apos;, &apos;bbox&apos;: (301.15099999999995, 368.744, 304.48099999999994, 382.224), &apos;color_space&apos;: &apos;DeviceGray&apos;, &apos;ncolor&apos;: None, &apos;size&apos;: 13.479999999999961, &apos;value&apos;: &apos;l&apos;, &apos;children&apos;: [], &apos;features&apos;: {}}, {&apos;type&apos;: &apos;text&apos;, &apos;bbox&apos;: (304.481, 368.744, 307.811, 382.224), &apos;color_space&apos;: &apos;DeviceGray&apos;, &apos;ncolor&apos;: None, &apos;size&apos;: 13.479999999999961, &apos;value&apos;: &apos;i&apos;, &apos;children&apos;: [], &apos;features&apos;: {}}, {&apos;type&apos;: &apos;text&apos;, &apos;bbox&apos;: (307.811, 368.744, 312.241, 382.224), &apos;color_space&apos;: &apos;DeviceGray&apos;, &apos;ncolor&apos;: None, &apos;size&apos;: 13.479999999999961, &apos;value&apos;: &apos;c&apos;, &apos;children&apos;: [], &apos;features&apos;: {}}, {&apos;type&apos;: &apos;text&apos;, &apos;bbox&apos;: (312.241, 368.744, 317.241, 382.224), &apos;color_space&apos;: &apos;DeviceGray&apos;, &apos;ncolor&apos;: None, &apos;size&apos;: 13.479999999999961, &apos;value&apos;: &apos;a&apos;, &apos;children&apos;: [], &apos;features&apos;: {}}, {&apos;type&apos;: &apos;text&apos;, &apos;bbox&apos;: (317.241, 368.744, 320.57099999999997, 382.224), &apos;color_space&apos;: &apos;DeviceGray&apos;, &apos;ncolor&apos;: None, &apos;size&apos;: 13.479999999999961, &apos;value&apos;: &apos;t&apos;, &apos;children&apos;: [], &apos;features&apos;: {}}, {&apos;type&apos;: &apos;text&apos;, &apos;bbox&apos;: (320.57099999999997, 368.744, 323.90099999999995, 382.224), &apos;color_space&apos;: &apos;DeviceGray&apos;, &apos;ncolor&apos;: None, &apos;size&apos;: 13.479999999999961, &apos;value&apos;: &apos;i&apos;, &apos;children&apos;: [], &apos;features&apos;: {}}, {&apos;type&apos;: &apos;text&apos;, &apos;bbox&apos;: (323.90099999999995, 368.744, 329.46099999999996, 382.224), &apos;color_space&apos;: &apos;DeviceGray&apos;, &apos;ncolor&apos;: None, &apos;size&apos;: 13.479999999999961, &apos;value&apos;: &apos;o&apos;, &apos;children&apos;: [], &apos;features&apos;: {}}, {&apos;type&apos;: &apos;text&apos;, &apos;bbox&apos;: (329.46099999999996, 368.744, 335.561, 382.224), &apos;color_space&apos;: &apos;DeviceGray&apos;, &apos;ncolor&apos;: None, &apos;size&apos;: 13.479999999999961, &apos;value&apos;: &apos;n&apos;, &apos;children&apos;: [], &apos;features&apos;: {}}, {&apos;type&apos;: &apos;text&apos;, &apos;bbox&apos;: (335.561, 368.744, 339.991, 382.224), &apos;color_space&apos;: &apos;DeviceGray&apos;, &apos;ncolor&apos;: None, &apos;size&apos;: 13.479999999999961, &apos;value&apos;: &apos;s&apos;, &apos;children&apos;: [], &apos;features&apos;: {}}, {&apos;type&apos;: &apos;text&apos;, &apos;bbox&apos;: (340.043, 369.474, 342.813, 382.764), &apos;color_space&apos;: &apos;DeviceGray&apos;, &apos;ncolor&apos;: None, &apos;size&apos;: 13.29000000000002, &apos;value&apos;: &apos;.&apos;, &apos;children&apos;: [], &apos;features&apos;: {}}, {&apos;type&apos;: &apos;text&apos;, &apos;bbox&apos;: (342.813, 369.474, 345.58299999999997, 382.764), &apos;color_space&apos;: &apos;DeviceGray&apos;, &apos;ncolor&apos;: None, &apos;size&apos;: 13.29000000000002, &apos;value&apos;: &apos;.&apos;, &apos;children&apos;: [], &apos;features&apos;: {}}, {&apos;type&apos;: &apos;text&apos;, &apos;bbox&apos;: (345.583, 369.474, 348.353, 382.764), &apos;color_space&apos;: &apos;DeviceGray&apos;, &apos;ncolor&apos;: None, &apos;size&apos;: 13.29000000000002, &apos;value&apos;: &apos;.&apos;, &apos;children&apos;: [], &apos;features&apos;: {}}, {&apos;type&apos;: &apos;text&apos;, &apos;bbox&apos;: (348.353, 369.474, 351.123, 382.764), &apos;color_space&apos;: &apos;DeviceGray&apos;, &apos;ncolor&apos;: None, &apos;size&apos;: 13.29000000000002, &apos;value&apos;: &apos;.&apos;, &apos;children&apos;: [], &apos;features&apos;: {}}, {&apos;type&apos;: &apos;text&apos;, &apos;bbox&apos;: (351.123, 369.474, 353.893, 382.764), &apos;color_space&apos;: &apos;DeviceGray&apos;, &apos;ncolor&apos;: None, &apos;size&apos;: 13.29000000000002, &apos;value&apos;: &apos;.&apos;, &apos;children&apos;: [], &apos;features&apos;: {}}, {&apos;type&apos;: &apos;text&apos;, &apos;bbox&apos;: (353.89300000000003, 369.474, 356.663, 382.764), &apos;color_space&apos;: &apos;DeviceGray&apos;, &apos;ncolor&apos;: None, &apos;size&apos;: 13.29000000000002, &apos;value&apos;: &apos;.&apos;, &apos;children&apos;: [], &apos;features&apos;: {}}, {&apos;type&apos;: &apos;text&apos;, &apos;bbox&apos;: (356.663, 369.474, 359.433, 382.764), &apos;color_space&apos;: &apos;DeviceGray&apos;, &apos;ncolor&apos;: None, &apos;size&apos;: 13.29000000000002, &apos;value&apos;: &apos;.&apos;, &apos;children&apos;: [], &apos;features&apos;: {}}, {&apos;type&apos;: &apos;text&apos;, &apos;bbox&apos;: (359.433, 369.474, 362.203, 382.764), &apos;color_space&apos;: &apos;DeviceGray&apos;, &apos;ncolor&apos;: None, &apos;size&apos;: 13.29000000000002, &apos;value&apos;: &apos;.&apos;, &apos;children&apos;: [], &apos;features&apos;: {}}, {&apos;type&apos;: &apos;text&apos;, &apos;bbox&apos;: (362.20300000000003, 369.474, 364.973, 382.764), &apos;color_space&apos;: &apos;DeviceGray&apos;, &apos;ncolor&apos;: None, &apos;size&apos;: 13.29000000000002, &apos;value&apos;: &apos;.&apos;, &apos;children&apos;: [], &apos;features&apos;: {}}, {&apos;type&apos;: &apos;text&apos;, &apos;bbox&apos;: (364.973, 369.474, 367.743, 382.764), &apos;color_space&apos;: &apos;DeviceGray&apos;, &apos;ncolor&apos;: None, &apos;size&apos;: 13.29000000000002, &apos;value&apos;: &apos;.&apos;, &apos;children&apos;: [], &apos;features&apos;: {}}, {&apos;type&apos;: &apos;text&apos;, &apos;bbox&apos;: (367.743, 369.474, 370.513, 382.764), &apos;color_space&apos;: &apos;DeviceGray&apos;, &apos;ncolor&apos;: None, &apos;size&apos;: 13.29000000000002, &apos;value&apos;: &apos;.&apos;, &apos;children&apos;: [], &apos;features&apos;: {}}, {&apos;type&apos;: &apos;text&apos;, &apos;bbox&apos;: (370.51300000000003, 369.474, 373.283, 382.764), &apos;color_space&apos;: &apos;DeviceGray&apos;, &apos;ncolor&apos;: None, &apos;size&apos;: 13.29000000000002, &apos;value&apos;: &apos;.&apos;, &apos;children&apos;: [], &apos;features&apos;: {}}, {&apos;type&apos;: &apos;text&apos;, &apos;bbox&apos;: (373.283, 369.474, 376.053, 382.764), &apos;color_space&apos;: &apos;DeviceGray&apos;, &apos;ncolor&apos;: None, &apos;size&apos;: 13.29000000000002, &apos;value&apos;: &apos;.&apos;, &apos;children&apos;: [], &apos;features&apos;: {}}, {&apos;type&apos;: &apos;text&apos;, &apos;bbox&apos;: (376.053, 369.474, 378.823, 382.764), &apos;color_space&apos;: &apos;DeviceGray&apos;, &apos;ncolor&apos;: None, &apos;size&apos;: 13.29000000000002, &apos;value&apos;: &apos;.&apos;, &apos;children&apos;: [], &apos;features&apos;: {}}, {&apos;type&apos;: &apos;text&apos;, &apos;bbox&apos;: (378.82300000000004, 369.474, 381.593, 382.764), &apos;color_space&apos;: &apos;DeviceGray&apos;, &apos;ncolor&apos;: None, &apos;size&apos;: 13.29000000000002, &apos;value&apos;: &apos;.&apos;, &apos;children&apos;: [], &apos;features&apos;: {}}, {&apos;type&apos;: &apos;text&apos;, &apos;bbox&apos;: (381.593, 369.474, 384.363, 382.764), &apos;color_space&apos;: &apos;DeviceGray&apos;, &apos;ncolor&apos;: None, &apos;size&apos;: 13.29000000000002, &apos;value&apos;: &apos;.&apos;, &apos;children&apos;: [], &apos;features&apos;: {}}, {&apos;type&apos;: &apos;text&apos;, &apos;bbox&apos;: (384.363, 369.474, 387.133, 382.764), &apos;color_space&apos;: &apos;DeviceGray&apos;, &apos;ncolor&apos;: None, &apos;size&apos;: 13.29000000000002, &apos;value&apos;: &apos;.&apos;, &apos;children&apos;: [], &apos;features&apos;: {}}, {&apos;type&apos;: &apos;text&apos;, &apos;bbox&apos;: (387.13300000000004, 369.474, 389.903, 382.764), &apos;color_space&apos;: &apos;DeviceGray&apos;, &apos;ncolor&apos;: None, &apos;size&apos;: 13.29000000000002, &apos;value&apos;: &apos;.&apos;, &apos;children&apos;: [], &apos;features&apos;: {}}, {&apos;type&apos;: &apos;text&apos;, &apos;bbox&apos;: (389.903, 369.474, 392.673, 382.764), &apos;color_space&apos;: &apos;DeviceGray&apos;, &apos;ncolor&apos;: None, &apos;size&apos;: 13.29000000000002, &apos;value&apos;: &apos;.&apos;, &apos;children&apos;: [], &apos;features&apos;: {}}, {&apos;type&apos;: &apos;text&apos;, &apos;bbox&apos;: (392.673, 369.474, 395.443, 382.764), &apos;color_space&apos;: &apos;DeviceGray&apos;, &apos;ncolor&apos;: None, &apos;size&apos;: 13.29000000000002, &apos;value&apos;: &apos;.&apos;, &apos;children&apos;: [], &apos;features&apos;: {}}, {&apos;type&apos;: &apos;text&apos;, &apos;bbox&apos;: (395.44300000000004, 369.474, 398.213, 382.764), &apos;color_space&apos;: &apos;DeviceGray&apos;, &apos;ncolor&apos;: None, &apos;size&apos;: 13.29000000000002, &apos;value&apos;: &apos;.&apos;, &apos;children&apos;: [], &apos;features&apos;: {}}, {&apos;type&apos;: &apos;text&apos;, &apos;bbox&apos;: (398.213, 369.474, 400.983, 382.764), &apos;color_space&apos;: &apos;DeviceGray&apos;, &apos;ncolor&apos;: None, &apos;size&apos;: 13.29000000000002, &apos;value&apos;: &apos;.&apos;, &apos;children&apos;: [], &apos;features&apos;: {}}, {&apos;type&apos;: &apos;text&apos;, &apos;bbox&apos;: (400.98300000000006, 369.474, 403.75300000000004, 382.764), &apos;color_space&apos;: &apos;DeviceGray&apos;, &apos;ncolor&apos;: None, &apos;size&apos;: 13.29000000000002, &apos;value&apos;: &apos;.&apos;, &apos;children&apos;: [], &apos;features&apos;: {}}, {&apos;type&apos;: &apos;text&apos;, &apos;bbox&apos;: (403.75300000000004, 369.474, 406.523, 382.764), &apos;color_space&apos;: &apos;DeviceGray&apos;, &apos;ncolor&apos;: None, &apos;size&apos;: 13.29000000000002, &apos;value&apos;: &apos;.&apos;, &apos;children&apos;: [], &apos;features&apos;: {}}, {&apos;type&apos;: &apos;text&apos;, &apos;bbox&apos;: (406.523, 369.474, 409.293, 382.764), &apos;color_space&apos;: &apos;DeviceGray&apos;, &apos;ncolor&apos;: None, &apos;size&apos;: 13.29000000000002, &apos;value&apos;: &apos;.&apos;, &apos;children&apos;: [], &apos;features&apos;: {}}, {&apos;type&apos;: &apos;text&apos;, &apos;bbox&apos;: (409.293, 369.474, 412.063, 382.764), &apos;color_space&apos;: &apos;DeviceGray&apos;, &apos;ncolor&apos;: None, &apos;size&apos;: 13.29000000000002, &apos;value&apos;: &apos;.&apos;, &apos;children&apos;: [], &apos;features&apos;: {}}, {&apos;type&apos;: &apos;text&apos;, &apos;bbox&apos;: (412.06300000000005, 369.474, 414.833, 382.764), &apos;color_space&apos;: &apos;DeviceGray&apos;, &apos;ncolor&apos;: None, &apos;size&apos;: 13.29000000000002, &apos;value&apos;: &apos;.&apos;, &apos;children&apos;: [], &apos;features&apos;: {}}, {&apos;type&apos;: &apos;text&apos;, &apos;bbox&apos;: (414.833, 369.474, 417.603, 382.764), &apos;color_space&apos;: &apos;DeviceGray&apos;, &apos;ncolor&apos;: None, &apos;size&apos;: 13.29000000000002, &apos;value&apos;: &apos;.&apos;, &apos;children&apos;: [], &apos;features&apos;: {}}, {&apos;type&apos;: &apos;text&apos;, &apos;bbox&apos;: (417.603, 369.474, 420.373, 382.764), &apos;color_space&apos;: &apos;DeviceGray&apos;, &apos;ncolor&apos;: None, &apos;size&apos;: 13.29000000000002, &apos;value&apos;: &apos;.&apos;, &apos;children&apos;: [], &apos;features&apos;: {}}, {&apos;type&apos;: &apos;text&apos;, &apos;bbox&apos;: (420.37300000000005, 369.474, 423.14300000000003, 382.764), &apos;color_space&apos;: &apos;DeviceGray&apos;, &apos;ncolor&apos;: None, &apos;size&apos;: 13.29000000000002, &apos;value&apos;: &apos;.&apos;, &apos;children&apos;: [], &apos;features&apos;: {}}, {&apos;type&apos;: &apos;text&apos;, &apos;bbox&apos;: (423.14300000000003, 369.474, 425.913, 382.764), &apos;color_space&apos;: &apos;DeviceGray&apos;, &apos;ncolor&apos;: None, &apos;size&apos;: 13.29000000000002, &apos;value&apos;: &apos;.&apos;, &apos;children&apos;: [], &apos;features&apos;: {}}, {&apos;type&apos;: &apos;text&apos;, &apos;bbox&apos;: (425.913, 369.474, 428.683, 382.764), &apos;color_space&apos;: &apos;DeviceGray&apos;, &apos;ncolor&apos;: None, &apos;size&apos;: 13.29000000000002, &apos;value&apos;: &apos;.&apos;, &apos;children&apos;: [], &apos;features&apos;: {}}, {&apos;type&apos;: &apos;text&apos;, &apos;bbox&apos;: (428.683, 369.474, 431.453, 382.764), &apos;color_space&apos;: &apos;DeviceGray&apos;, &apos;ncolor&apos;: None, &apos;size&apos;: 13.29000000000002, &apos;value&apos;: &apos;.&apos;, &apos;children&apos;: [], &apos;features&apos;: {}}, {&apos;type&apos;: &apos;text&apos;, &apos;bbox&apos;: (431.453, 369.474, 434.22299999999996, 382.764), &apos;color_space&apos;: &apos;DeviceGray&apos;, &apos;ncolor&apos;: None, &apos;size&apos;: 13.29000000000002, &apos;value&apos;: &apos;.&apos;, &apos;children&apos;: [], &apos;features&apos;: {}}, {&apos;type&apos;: &apos;text&apos;, &apos;bbox&apos;: (434.223, 369.474, 436.993, 382.764), &apos;color_space&apos;: &apos;DeviceGray&apos;, &apos;ncolor&apos;: None, &apos;size&apos;: 13.29000000000002, &apos;value&apos;: &apos;.&apos;, &apos;children&apos;: [], &apos;features&apos;: {}}, {&apos;type&apos;: &apos;text&apos;, &apos;bbox&apos;: (436.993, 369.474, 439.763, 382.764), &apos;color_space&apos;: &apos;DeviceGray&apos;, &apos;ncolor&apos;: None, &apos;size&apos;: 13.29000000000002, &apos;value&apos;: &apos;.&apos;, &apos;children&apos;: [], &apos;features&apos;: {}}, {&apos;type&apos;: &apos;text&apos;, &apos;bbox&apos;: (439.763, 369.474, 442.53299999999996, 382.764), &apos;color_space&apos;: &apos;DeviceGray&apos;, &apos;ncolor&apos;: None, &apos;size&apos;: 13.29000000000002, &apos;value&apos;: &apos;.&apos;, &apos;children&apos;: [], &apos;features&apos;: {}}, {&apos;type&apos;: &apos;text&apos;, &apos;bbox&apos;: (442.533, 369.474, 445.303, 382.764), &apos;color_space&apos;: &apos;DeviceGray&apos;, &apos;ncolor&apos;: None, &apos;size&apos;: 13.29000000000002, &apos;value&apos;: &apos;.&apos;, &apos;children&apos;: [], &apos;features&apos;: {}}, {&apos;type&apos;: &apos;text&apos;, &apos;bbox&apos;: (445.303, 369.474, 448.073, 382.764), &apos;color_space&apos;: &apos;DeviceGray&apos;, &apos;ncolor&apos;: None, &apos;size&apos;: 13.29000000000002, &apos;value&apos;: &apos;.&apos;, &apos;children&apos;: [], &apos;features&apos;: {}}, {&apos;type&apos;: &apos;text&apos;, &apos;bbox&apos;: (448.073, 369.474, 450.84299999999996, 382.764), &apos;color_space&apos;: &apos;DeviceGray&apos;, &apos;ncolor&apos;: None, &apos;size&apos;: 13.29000000000002, &apos;value&apos;: &apos;.&apos;, &apos;children&apos;: [], &apos;features&apos;: {}}, {&apos;type&apos;: &apos;text&apos;, &apos;bbox&apos;: (450.84299999999996, 369.474, 453.61299999999994, 382.764), &apos;color_space&apos;: &apos;DeviceGray&apos;, &apos;ncolor&apos;: None, &apos;size&apos;: 13.29000000000002, &apos;value&apos;: &apos;.&apos;, &apos;children&apos;: [], &apos;features&apos;: {}}, {&apos;type&apos;: &apos;text&apos;, &apos;bbox&apos;: (453.61299999999994, 369.474, 456.3829999999999, 382.764), &apos;color_space&apos;: &apos;DeviceGray&apos;, &apos;ncolor&apos;: None, &apos;size&apos;: 13.29000000000002, &apos;value&apos;: &apos;.&apos;, &apos;children&apos;: [], &apos;features&apos;: {}}, {&apos;type&apos;: &apos;text&apos;, &apos;bbox&apos;: (456.383, 369.474, 459.15299999999996, 382.764), &apos;color_space&apos;: &apos;DeviceGray&apos;, &apos;ncolor&apos;: None, &apos;size&apos;: 13.29000000000002, &apos;value&apos;: &apos;.&apos;, &apos;children&apos;: [], &apos;features&apos;: {}}, {&apos;type&apos;: &apos;text&apos;, &apos;bbox&apos;: (459.15299999999996, 369.474, 461.92299999999994, 382.764), &apos;color_space&apos;: &apos;DeviceGray&apos;, &apos;ncolor&apos;: None, &apos;size&apos;: 13.29000000000002, &apos;value&apos;: &apos;.&apos;, &apos;children&apos;: [], &apos;features&apos;: {}}, {&apos;type&apos;: &apos;text&apos;, &apos;bbox&apos;: (461.92299999999994, 369.474, 464.6929999999999, 382.764), &apos;color_space&apos;: &apos;DeviceGray&apos;, &apos;ncolor&apos;: None, &apos;size&apos;: 13.29000000000002, &apos;value&apos;: &apos;.&apos;, &apos;children&apos;: [], &apos;features&apos;: {}}, {&apos;type&apos;: &apos;text&apos;, &apos;bbox&apos;: (464.693, 369.474, 467.46299999999997, 382.764), &apos;color_space&apos;: &apos;DeviceGray&apos;, &apos;ncolor&apos;: None, &apos;size&apos;: 13.29000000000002, &apos;value&apos;: &apos;.&apos;, &apos;children&apos;: [], &apos;features&apos;: {}}, {&apos;type&apos;: &apos;text&apos;, &apos;bbox&apos;: (467.46299999999997, 369.474, 470.23299999999995, 382.764), &apos;color_space&apos;: &apos;DeviceGray&apos;, &apos;ncolor&apos;: None, &apos;size&apos;: 13.29000000000002, &apos;value&apos;: &apos;.&apos;, &apos;children&apos;: [], &apos;features&apos;: {}}, {&apos;type&apos;: &apos;text&apos;, &apos;bbox&apos;: (470.23299999999995, 369.474, 473.00299999999993, 382.764), &apos;color_space&apos;: &apos;DeviceGray&apos;, &apos;ncolor&apos;: None, &apos;size&apos;: 13.29000000000002, &apos;value&apos;: &apos;.&apos;, &apos;children&apos;: [], &apos;features&apos;: {}}, {&apos;type&apos;: &apos;text&apos;, &apos;bbox&apos;: (473.00299999999993, 369.474, 475.7729999999999, 382.764), &apos;color_space&apos;: &apos;DeviceGray&apos;, &apos;ncolor&apos;: None, &apos;size&apos;: 13.29000000000002, &apos;value&apos;: &apos;.&apos;, &apos;children&apos;: [], &apos;features&apos;: {}}, {&apos;type&apos;: &apos;text&apos;, &apos;bbox&apos;: (475.77299999999997, 369.474, 478.54299999999995, 382.764), &apos;color_space&apos;: &apos;DeviceGray&apos;, &apos;ncolor&apos;: None, &apos;size&apos;: 13.29000000000002, &apos;value&apos;: &apos;.&apos;, &apos;children&apos;: [], &apos;features&apos;: {}}, {&apos;type&apos;: &apos;text&apos;, &apos;bbox&apos;: (478.543, 369.474, 481.313, 382.764), &apos;color_space&apos;: &apos;DeviceGray&apos;, &apos;ncolor&apos;: None, &apos;size&apos;: 13.29000000000002, &apos;value&apos;: &apos;.&apos;, &apos;children&apos;: [], &apos;features&apos;: {}}, {&apos;type&apos;: &apos;text&apos;, &apos;bbox&apos;: (481.313, 369.474, 484.08299999999997, 382.764), &apos;color_space&apos;: &apos;DeviceGray&apos;, &apos;ncolor&apos;: None, &apos;size&apos;: 13.29000000000002, &apos;value&apos;: &apos;.&apos;, &apos;children&apos;: [], &apos;features&apos;: {}}, {&apos;type&apos;: &apos;text&apos;, &apos;bbox&apos;: (484.08299999999997, 369.474, 486.85299999999995, 382.764), &apos;color_space&apos;: &apos;DeviceGray&apos;, &apos;ncolor&apos;: None, &apos;size&apos;: 13.29000000000002, &apos;value&apos;: &apos;.&apos;, &apos;children&apos;: [], &apos;features&apos;: {}}, {&apos;type&apos;: &apos;text&apos;, &apos;bbox&apos;: (486.853, 369.474, 489.623, 382.764), &apos;color_space&apos;: &apos;DeviceGray&apos;, &apos;ncolor&apos;: None, &apos;size&apos;: 13.29000000000002, &apos;value&apos;: &apos;.&apos;, &apos;children&apos;: [], &apos;features&apos;: {}}, {&apos;type&apos;: &apos;text&apos;, &apos;bbox&apos;: (489.62300000000005, 369.474, 492.39300000000003, 382.764), &apos;color_space&apos;: &apos;DeviceGray&apos;, &apos;ncolor&apos;: None, &apos;size&apos;: 13.29000000000002, &apos;value&apos;: &apos;.&apos;, &apos;children&apos;: [], &apos;features&apos;: {}}, {&apos;type&apos;: &apos;text&apos;, &apos;bbox&apos;: (492.39300000000003, 369.474, 495.163, 382.764), &apos;color_space&apos;: &apos;DeviceGray&apos;, &apos;ncolor&apos;: None, &apos;size&apos;: 13.29000000000002, &apos;value&apos;: &apos;.&apos;, &apos;children&apos;: [], &apos;features&apos;: {}}, {&apos;type&apos;: &apos;text&apos;, &apos;bbox&apos;: (495.163, 369.474, 497.933, 382.764), &apos;color_space&apos;: &apos;DeviceGray&apos;, &apos;ncolor&apos;: None, &apos;size&apos;: 13.29000000000002, &apos;value&apos;: &apos;.&apos;, &apos;children&apos;: [], &apos;features&apos;: {}}, {&apos;type&apos;: &apos;text&apos;, &apos;bbox&apos;: (497.93300000000005, 369.474, 500.70300000000003, 382.764), &apos;color_space&apos;: &apos;DeviceGray&apos;, &apos;ncolor&apos;: None, &apos;size&apos;: 13.29000000000002, &apos;value&apos;: &apos;.&apos;, &apos;children&apos;: [], &apos;features&apos;: {}}, {&apos;type&apos;: &apos;text&apos;, &apos;bbox&apos;: (500.7030000000001, 369.474, 503.47300000000007, 382.764), &apos;color_space&apos;: &apos;DeviceGray&apos;, &apos;ncolor&apos;: None, &apos;size&apos;: 13.29000000000002, &apos;value&apos;: &apos;.&apos;, &apos;children&apos;: [], &apos;features&apos;: {}}, {&apos;type&apos;: &apos;text&apos;, &apos;bbox&apos;: (503.47300000000007, 369.474, 506.24300000000005, 382.764), &apos;color_space&apos;: &apos;DeviceGray&apos;, &apos;ncolor&apos;: None, &apos;size&apos;: 13.29000000000002, &apos;value&apos;: &apos;.&apos;, &apos;children&apos;: [], &apos;features&apos;: {}}, {&apos;type&apos;: &apos;text&apos;, &apos;bbox&apos;: (506.24300000000005, 369.474, 509.01300000000003, 382.764), &apos;color_space&apos;: &apos;DeviceGray&apos;, &apos;ncolor&apos;: None, &apos;size&apos;: 13.29000000000002, &apos;value&apos;: &apos;.&apos;, &apos;children&apos;: [], &apos;features&apos;: {}}, {&apos;type&apos;: &apos;text&apos;, &apos;bbox&apos;: (509.0130000000001, 369.474, 511.7830000000001, 382.764), &apos;color_space&apos;: &apos;DeviceGray&apos;, &apos;ncolor&apos;: None, &apos;size&apos;: 13.29000000000002, &apos;value&apos;: &apos;.&apos;, &apos;children&apos;: [], &apos;features&apos;: {}}, {&apos;type&apos;: &apos;text&apos;, &apos;bbox&apos;: (511.78300000000013, 369.474, 514.5530000000001, 382.764), &apos;color_space&apos;: &apos;DeviceGray&apos;, &apos;ncolor&apos;: None, &apos;size&apos;: 13.29000000000002, &apos;value&apos;: &apos;.&apos;, &apos;children&apos;: [], &apos;features&apos;: {}}, {&apos;type&apos;: &apos;text&apos;, &apos;bbox&apos;: (514.5530000000001, 369.474, 517.3230000000001, 382.764), &apos;color_space&apos;: &apos;DeviceGray&apos;, &apos;ncolor&apos;: None, &apos;size&apos;: 13.29000000000002, &apos;value&apos;: &apos;.&apos;, &apos;children&apos;: [], &apos;features&apos;: {}}, {&apos;type&apos;: &apos;text&apos;, &apos;bbox&apos;: (517.3230000000001, 369.474, 520.0930000000001, 382.764), &apos;color_space&apos;: &apos;DeviceGray&apos;, &apos;ncolor&apos;: None, &apos;size&apos;: 13.29000000000002, &apos;value&apos;: &apos;.&apos;, &apos;children&apos;: [], &apos;features&apos;: {}}, {&apos;type&apos;: &apos;text&apos;, &apos;bbox&apos;: (520.0930000000001, 369.474, 522.863, 382.764), &apos;color_space&apos;: &apos;DeviceGray&apos;, &apos;ncolor&apos;: None, &apos;size&apos;: 13.29000000000002, &apos;value&apos;: &apos;.&apos;, &apos;children&apos;: [], &apos;features&apos;: {}}, {&apos;type&apos;: &apos;text&apos;, &apos;bbox&apos;: (525.548, 369.474, 531.108, 382.764), &apos;color_space&apos;: &apos;DeviceGray&apos;, &apos;ncolor&apos;: None, &apos;size&apos;: 13.29000000000002, &apos;value&apos;: &apos;1&apos;, &apos;children&apos;: [], &apos;features&apos;: {}}, {&apos;type&apos;: &apos;text&apos;, &apos;bbox&apos;: (531.108, 369.474, 534.438, 382.764), &apos;color_space&apos;: &apos;DeviceGray&apos;, &apos;ncolor&apos;: None, &apos;size&apos;: 13.29000000000002, &apos;value&apos;: &apos;-&apos;, &apos;children&apos;: [], &apos;features&apos;: {}}, {&apos;type&apos;: &apos;text&apos;, &apos;bbox&apos;: (534.439, 369.474, 539.9989999999999, 382.764), &apos;color_space&apos;: &apos;DeviceGray&apos;, &apos;ncolor&apos;: None, &apos;size&apos;: 13.29000000000002, &apos;value&apos;: &apos;1&apos;, &apos;children&apos;: [], &apos;features&apos;: {}}], &apos;features&apos;: {}}
*********************





--------------------------------- CONTENT AREA --------------------------------- 
This content area has an image
{&apos;type&apos;: &apos;figure&apos;, &apos;bbox&apos;: (0, 0, 612.0, 792.0), &apos;name&apos;: &apos;fx3&apos;, &apos;children&apos;: [{&apos;type&apos;: &apos;text&apos;, &apos;bbox&apos;: (114.0, 353.25300000000004, 120.1, 366.733), &apos;color_space&apos;: &apos;DeviceGray&apos;, &apos;ncolor&apos;: None, &apos;size&apos;: 13.479999999999961, &apos;value&apos;: &apos;S&apos;, &apos;children&apos;: [], &apos;features&apos;: {}}, {&apos;type&apos;: &apos;text&apos;, &apos;bbox&apos;: (120.1, 353.25300000000004, 126.19999999999999, 366.733), &apos;color_space&apos;: &apos;DeviceGray&apos;, &apos;ncolor&apos;: None, &apos;size&apos;: 13.479999999999961, &apos;value&apos;: &apos;u&apos;, &apos;children&apos;: [], &apos;features&apos;: {}}, {&apos;type&apos;: &apos;text&apos;, &apos;bbox&apos;: (126.2, 353.25300000000004, 132.3, 366.733), &apos;color_space&apos;: &apos;DeviceGray&apos;, &apos;ncolor&apos;: None, &apos;size&apos;: 13.479999999999961, &apos;value&apos;: &apos;b&apos;, &apos;children&apos;: [], &apos;features&apos;: {}}, {&apos;type&apos;: &apos;text&apos;, &apos;bbox&apos;: (132.3, 353.25300000000004, 135.63000000000002, 366.733), &apos;color_space&apos;: &apos;DeviceGray&apos;, &apos;ncolor&apos;: None, &apos;size&apos;: 13.479999999999961, &apos;value&apos;: &apos;j&apos;, &apos;children&apos;: [], &apos;features&apos;: {}}, {&apos;type&apos;: &apos;text&apos;, &apos;bbox&apos;: (135.63, 353.25300000000004, 140.63, 366.733), &apos;color_space&apos;: &apos;DeviceGray&apos;, &apos;ncolor&apos;: None, &apos;size&apos;: 13.479999999999961, &apos;value&apos;: &apos;e&apos;, &apos;children&apos;: [], &apos;features&apos;: {}}, {&apos;type&apos;: &apos;text&apos;, &apos;bbox&apos;: (140.63, 353.25300000000004, 145.06, 366.733), &apos;color_space&apos;: &apos;DeviceGray&apos;, &apos;ncolor&apos;: None, &apos;size&apos;: 13.479999999999961, &apos;value&apos;: &apos;c&apos;, &apos;children&apos;: [], &apos;features&apos;: {}}, {&apos;type&apos;: &apos;text&apos;, &apos;bbox&apos;: (145.06, 353.25300000000004, 148.39000000000001, 366.733), &apos;color_space&apos;: &apos;DeviceGray&apos;, &apos;ncolor&apos;: None, &apos;size&apos;: 13.479999999999961, &apos;value&apos;: &apos;t&apos;, &apos;children&apos;: [], &apos;features&apos;: {}}, {&apos;type&apos;: &apos;text&apos;, &apos;bbox&apos;: (150.923, 353.25300000000004, 158.693, 366.733), &apos;color_space&apos;: &apos;DeviceGray&apos;, &apos;ncolor&apos;: None, &apos;size&apos;: 13.479999999999961, &apos;value&apos;: &apos;A&apos;, &apos;children&apos;: [], &apos;features&apos;: {}}, {&apos;type&apos;: &apos;text&apos;, &apos;bbox&apos;: (158.693, 353.25300000000004, 162.583, 366.733), &apos;color_space&apos;: &apos;DeviceGray&apos;, &apos;ncolor&apos;: None, &apos;size&apos;: 13.479999999999961, &apos;value&apos;: &apos;r&apos;, &apos;children&apos;: [], &apos;features&apos;: {}}, {&apos;type&apos;: &apos;text&apos;, &apos;bbox&apos;: (162.583, 353.25300000000004, 167.583, 366.733), &apos;color_space&apos;: &apos;DeviceGray&apos;, &apos;ncolor&apos;: None, &apos;size&apos;: 13.479999999999961, &apos;value&apos;: &apos;e&apos;, &apos;children&apos;: [], &apos;features&apos;: {}}, {&apos;type&apos;: &apos;text&apos;, &apos;bbox&apos;: (167.583, 353.25300000000004, 172.583, 366.733), &apos;color_space&apos;: &apos;DeviceGray&apos;, &apos;ncolor&apos;: None, &apos;size&apos;: 13.479999999999961, &apos;value&apos;: &apos;a&apos;, &apos;children&apos;: [], &apos;features&apos;: {}}, {&apos;type&apos;: &apos;text&apos;, &apos;bbox&apos;: (172.583, 353.25300000000004, 177.013, 366.733), &apos;color_space&apos;: &apos;DeviceGray&apos;, &apos;ncolor&apos;: None, &apos;size&apos;: 13.479999999999961, &apos;value&apos;: &apos;s&apos;, &apos;children&apos;: [], &apos;features&apos;: {}}, {&apos;type&apos;: &apos;text&apos;, &apos;bbox&apos;: (177.031, 353.983, 179.80100000000002, 367.273), &apos;color_space&apos;: &apos;DeviceGray&apos;, &apos;ncolor&apos;: None, &apos;size&apos;: 13.29000000000002, &apos;value&apos;: &apos;.&apos;, &apos;children&apos;: [], &apos;features&apos;: {}}, {&apos;type&apos;: &apos;text&apos;, &apos;bbox&apos;: (179.80100000000002, 353.983, 182.57100000000003, 367.273), &apos;color_space&apos;: &apos;DeviceGray&apos;, &apos;ncolor&apos;: None, &apos;size&apos;: 13.29000000000002, &apos;value&apos;: &apos;.&apos;, &apos;children&apos;: [], &apos;features&apos;: {}}, {&apos;type&apos;: &apos;text&apos;, &apos;bbox&apos;: (182.571, 353.983, 185.341, 367.273), &apos;color_space&apos;: &apos;DeviceGray&apos;, &apos;ncolor&apos;: None, &apos;size&apos;: 13.29000000000002, &apos;value&apos;: &apos;.&apos;, &apos;children&apos;: [], &apos;features&apos;: {}}, {&apos;type&apos;: &apos;text&apos;, &apos;bbox&apos;: (185.341, 353.983, 188.11100000000002, 367.273), &apos;color_space&apos;: &apos;DeviceGray&apos;, &apos;ncolor&apos;: None, &apos;size&apos;: 13.29000000000002, &apos;value&apos;: &apos;.&apos;, &apos;children&apos;: [], &apos;features&apos;: {}}, {&apos;type&apos;: &apos;text&apos;, &apos;bbox&apos;: (188.11100000000002, 353.983, 190.88100000000003, 367.273), &apos;color_space&apos;: &apos;DeviceGray&apos;, &apos;ncolor&apos;: None, &apos;size&apos;: 13.29000000000002, &apos;value&apos;: &apos;.&apos;, &apos;children&apos;: [], &apos;features&apos;: {}}, {&apos;type&apos;: &apos;text&apos;, &apos;bbox&apos;: (190.881, 353.983, 193.651, 367.273), &apos;color_space&apos;: &apos;DeviceGray&apos;, &apos;ncolor&apos;: None, &apos;size&apos;: 13.29000000000002, &apos;value&apos;: &apos;.&apos;, &apos;children&apos;: [], &apos;features&apos;: {}}, {&apos;type&apos;: &apos;text&apos;, &apos;bbox&apos;: (193.651, 353.983, 196.42100000000002, 367.273), &apos;color_space&apos;: &apos;DeviceGray&apos;, &apos;ncolor&apos;: None, &apos;size&apos;: 13.29000000000002, &apos;value&apos;: &apos;.&apos;, &apos;children&apos;: [], &apos;features&apos;: {}}, {&apos;type&apos;: &apos;text&apos;, &apos;bbox&apos;: (196.421, 353.983, 199.191, 367.273), &apos;color_space&apos;: &apos;DeviceGray&apos;, &apos;ncolor&apos;: None, &apos;size&apos;: 13.29000000000002, &apos;value&apos;: &apos;.&apos;, &apos;children&apos;: [], &apos;features&apos;: {}}, {&apos;type&apos;: &apos;text&apos;, &apos;bbox&apos;: (199.191, 353.983, 201.961, 367.273), &apos;color_space&apos;: &apos;DeviceGray&apos;, &apos;ncolor&apos;: None, &apos;size&apos;: 13.29000000000002, &apos;value&apos;: &apos;.&apos;, &apos;children&apos;: [], &apos;features&apos;: {}}, {&apos;type&apos;: &apos;text&apos;, &apos;bbox&apos;: (201.961, 353.983, 204.73100000000002, 367.273), &apos;color_space&apos;: &apos;DeviceGray&apos;, &apos;ncolor&apos;: None, &apos;size&apos;: 13.29000000000002, &apos;value&apos;: &apos;.&apos;, &apos;children&apos;: [], &apos;features&apos;: {}}, {&apos;type&apos;: &apos;text&apos;, &apos;bbox&apos;: (204.731, 353.983, 207.501, 367.273), &apos;color_space&apos;: &apos;DeviceGray&apos;, &apos;ncolor&apos;: None, &apos;size&apos;: 13.29000000000002, &apos;value&apos;: &apos;.&apos;, &apos;children&apos;: [], &apos;features&apos;: {}}, {&apos;type&apos;: &apos;text&apos;, &apos;bbox&apos;: (207.501, 353.983, 210.27100000000002, 367.273), &apos;color_space&apos;: &apos;DeviceGray&apos;, &apos;ncolor&apos;: None, &apos;size&apos;: 13.29000000000002, &apos;value&apos;: &apos;.&apos;, &apos;children&apos;: [], &apos;features&apos;: {}}, {&apos;type&apos;: &apos;text&apos;, &apos;bbox&apos;: (210.27100000000002, 353.983, 213.04100000000003, 367.273), &apos;color_space&apos;: &apos;DeviceGray&apos;, &apos;ncolor&apos;: None, &apos;size&apos;: 13.29000000000002, &apos;value&apos;: &apos;.&apos;, &apos;children&apos;: [], &apos;features&apos;: {}}, {&apos;type&apos;: &apos;text&apos;, &apos;bbox&apos;: (213.041, 353.983, 215.811, 367.273), &apos;color_space&apos;: &apos;DeviceGray&apos;, &apos;ncolor&apos;: None, &apos;size&apos;: 13.29000000000002, &apos;value&apos;: &apos;.&apos;, &apos;children&apos;: [], &apos;features&apos;: {}}, {&apos;type&apos;: &apos;text&apos;, &apos;bbox&apos;: (215.811, 353.983, 218.58100000000002, 367.273), &apos;color_space&apos;: &apos;DeviceGray&apos;, &apos;ncolor&apos;: None, &apos;size&apos;: 13.29000000000002, &apos;value&apos;: &apos;.&apos;, &apos;children&apos;: [], &apos;features&apos;: {}}, {&apos;type&apos;: &apos;text&apos;, &apos;bbox&apos;: (218.58100000000002, 353.983, 221.35100000000003, 367.273), &apos;color_space&apos;: &apos;DeviceGray&apos;, &apos;ncolor&apos;: None, &apos;size&apos;: 13.29000000000002, &apos;value&apos;: &apos;.&apos;, &apos;children&apos;: [], &apos;features&apos;: {}}, {&apos;type&apos;: &apos;text&apos;, &apos;bbox&apos;: (221.35100000000003, 353.983, 224.12100000000004, 367.273), &apos;color_space&apos;: &apos;DeviceGray&apos;, &apos;ncolor&apos;: None, &apos;size&apos;: 13.29000000000002, &apos;value&apos;: &apos;.&apos;, &apos;children&apos;: [], &apos;features&apos;: {}}, {&apos;type&apos;: &apos;text&apos;, &apos;bbox&apos;: (224.12100000000004, 353.983, 226.89100000000005, 367.273), &apos;color_space&apos;: &apos;DeviceGray&apos;, &apos;ncolor&apos;: None, &apos;size&apos;: 13.29000000000002, &apos;value&apos;: &apos;.&apos;, &apos;children&apos;: [], &apos;features&apos;: {}}, {&apos;type&apos;: &apos;text&apos;, &apos;bbox&apos;: (226.89100000000002, 353.983, 229.66100000000003, 367.273), &apos;color_space&apos;: &apos;DeviceGray&apos;, &apos;ncolor&apos;: None, &apos;size&apos;: 13.29000000000002, &apos;value&apos;: &apos;.&apos;, &apos;children&apos;: [], &apos;features&apos;: {}}, {&apos;type&apos;: &apos;text&apos;, &apos;bbox&apos;: (229.66100000000003, 353.983, 232.43100000000004, 367.273), &apos;color_space&apos;: &apos;DeviceGray&apos;, &apos;ncolor&apos;: None, &apos;size&apos;: 13.29000000000002, &apos;value&apos;: &apos;.&apos;, &apos;children&apos;: [], &apos;features&apos;: {}}, {&apos;type&apos;: &apos;text&apos;, &apos;bbox&apos;: (232.43100000000004, 353.983, 235.20100000000005, 367.273), &apos;color_space&apos;: &apos;DeviceGray&apos;, &apos;ncolor&apos;: None, &apos;size&apos;: 13.29000000000002, &apos;value&apos;: &apos;.&apos;, &apos;children&apos;: [], &apos;features&apos;: {}}, {&apos;type&apos;: &apos;text&apos;, &apos;bbox&apos;: (235.20100000000002, 353.983, 237.97100000000003, 367.273), &apos;color_space&apos;: &apos;DeviceGray&apos;, &apos;ncolor&apos;: None, &apos;size&apos;: 13.29000000000002, &apos;value&apos;: &apos;.&apos;, &apos;children&apos;: [], &apos;features&apos;: {}}, {&apos;type&apos;: &apos;text&apos;, &apos;bbox&apos;: (237.97100000000003, 353.983, 240.74100000000004, 367.273), &apos;color_space&apos;: &apos;DeviceGray&apos;, &apos;ncolor&apos;: None, &apos;size&apos;: 13.29000000000002, &apos;value&apos;: &apos;.&apos;, &apos;children&apos;: [], &apos;features&apos;: {}}, {&apos;type&apos;: &apos;text&apos;, &apos;bbox&apos;: (240.74100000000004, 353.983, 243.51100000000005, 367.273), &apos;color_space&apos;: &apos;DeviceGray&apos;, &apos;ncolor&apos;: None, &apos;size&apos;: 13.29000000000002, &apos;value&apos;: &apos;.&apos;, &apos;children&apos;: [], &apos;features&apos;: {}}, {&apos;type&apos;: &apos;text&apos;, &apos;bbox&apos;: (243.51100000000002, 353.983, 246.28100000000003, 367.273), &apos;color_space&apos;: &apos;DeviceGray&apos;, &apos;ncolor&apos;: None, &apos;size&apos;: 13.29000000000002, &apos;value&apos;: &apos;.&apos;, &apos;children&apos;: [], &apos;features&apos;: {}}, {&apos;type&apos;: &apos;text&apos;, &apos;bbox&apos;: (246.28100000000003, 353.983, 249.05100000000004, 367.273), &apos;color_space&apos;: &apos;DeviceGray&apos;, &apos;ncolor&apos;: None, &apos;size&apos;: 13.29000000000002, &apos;value&apos;: &apos;.&apos;, &apos;children&apos;: [], &apos;features&apos;: {}}, {&apos;type&apos;: &apos;text&apos;, &apos;bbox&apos;: (249.05100000000004, 353.983, 251.82100000000005, 367.273), &apos;color_space&apos;: &apos;DeviceGray&apos;, &apos;ncolor&apos;: None, &apos;size&apos;: 13.29000000000002, &apos;value&apos;: &apos;.&apos;, &apos;children&apos;: [], &apos;features&apos;: {}}, {&apos;type&apos;: &apos;text&apos;, &apos;bbox&apos;: (251.82100000000003, 353.983, 254.59100000000004, 367.273), &apos;color_space&apos;: &apos;DeviceGray&apos;, &apos;ncolor&apos;: None, &apos;size&apos;: 13.29000000000002, &apos;value&apos;: &apos;.&apos;, &apos;children&apos;: [], &apos;features&apos;: {}}, {&apos;type&apos;: &apos;text&apos;, &apos;bbox&apos;: (254.591, 353.983, 257.361, 367.273), &apos;color_space&apos;: &apos;DeviceGray&apos;, &apos;ncolor&apos;: None, &apos;size&apos;: 13.29000000000002, &apos;value&apos;: &apos;.&apos;, &apos;children&apos;: [], &apos;features&apos;: {}}, {&apos;type&apos;: &apos;text&apos;, &apos;bbox&apos;: (257.361, 353.983, 260.131, 367.273), &apos;color_space&apos;: &apos;DeviceGray&apos;, &apos;ncolor&apos;: None, &apos;size&apos;: 13.29000000000002, &apos;value&apos;: &apos;.&apos;, &apos;children&apos;: [], &apos;features&apos;: {}}, {&apos;type&apos;: &apos;text&apos;, &apos;bbox&apos;: (260.13100000000003, 353.983, 262.901, 367.273), &apos;color_space&apos;: &apos;DeviceGray&apos;, &apos;ncolor&apos;: None, &apos;size&apos;: 13.29000000000002, &apos;value&apos;: &apos;.&apos;, &apos;children&apos;: [], &apos;features&apos;: {}}, {&apos;type&apos;: &apos;text&apos;, &apos;bbox&apos;: (262.901, 353.983, 265.671, 367.273), &apos;color_space&apos;: &apos;DeviceGray&apos;, &apos;ncolor&apos;: None, &apos;size&apos;: 13.29000000000002, &apos;value&apos;: &apos;.&apos;, &apos;children&apos;: [], &apos;features&apos;: {}}, {&apos;type&apos;: &apos;text&apos;, &apos;bbox&apos;: (265.671, 353.983, 268.441, 367.273), &apos;color_space&apos;: &apos;DeviceGray&apos;, &apos;ncolor&apos;: None, &apos;size&apos;: 13.29000000000002, &apos;value&apos;: &apos;.&apos;, &apos;children&apos;: [], &apos;features&apos;: {}}, {&apos;type&apos;: &apos;text&apos;, &apos;bbox&apos;: (268.44100000000003, 353.983, 271.211, 367.273), &apos;color_space&apos;: &apos;DeviceGray&apos;, &apos;ncolor&apos;: None, &apos;size&apos;: 13.29000000000002, &apos;value&apos;: &apos;.&apos;, &apos;children&apos;: [], &apos;features&apos;: {}}, {&apos;type&apos;: &apos;text&apos;, &apos;bbox&apos;: (271.211, 353.983, 273.981, 367.273), &apos;color_space&apos;: &apos;DeviceGray&apos;, &apos;ncolor&apos;: None, &apos;size&apos;: 13.29000000000002, &apos;value&apos;: &apos;.&apos;, &apos;children&apos;: [], &apos;features&apos;: {}}, {&apos;type&apos;: &apos;text&apos;, &apos;bbox&apos;: (273.981, 353.983, 276.751, 367.273), &apos;color_space&apos;: &apos;DeviceGray&apos;, &apos;ncolor&apos;: None, &apos;size&apos;: 13.29000000000002, &apos;value&apos;: &apos;.&apos;, &apos;children&apos;: [], &apos;features&apos;: {}}, {&apos;type&apos;: &apos;text&apos;, &apos;bbox&apos;: (276.751, 353.983, 279.52099999999996, 367.273), &apos;color_space&apos;: &apos;DeviceGray&apos;, &apos;ncolor&apos;: None, &apos;size&apos;: 13.29000000000002, &apos;value&apos;: &apos;.&apos;, &apos;children&apos;: [], &apos;features&apos;: {}}, {&apos;type&apos;: &apos;text&apos;, &apos;bbox&apos;: (279.52099999999996, 353.983, 282.29099999999994, 367.273), &apos;color_space&apos;: &apos;DeviceGray&apos;, &apos;ncolor&apos;: None, &apos;size&apos;: 13.29000000000002, &apos;value&apos;: &apos;.&apos;, &apos;children&apos;: [], &apos;features&apos;: {}}, {&apos;type&apos;: &apos;text&apos;, &apos;bbox&apos;: (282.291, 353.983, 285.061, 367.273), &apos;color_space&apos;: &apos;DeviceGray&apos;, &apos;ncolor&apos;: None, &apos;size&apos;: 13.29000000000002, &apos;value&apos;: &apos;.&apos;, &apos;children&apos;: [], &apos;features&apos;: {}}, {&apos;type&apos;: &apos;text&apos;, &apos;bbox&apos;: (285.061, 353.983, 287.83099999999996, 367.273), &apos;color_space&apos;: &apos;DeviceGray&apos;, &apos;ncolor&apos;: None, &apos;size&apos;: 13.29000000000002, &apos;value&apos;: &apos;.&apos;, &apos;children&apos;: [], &apos;features&apos;: {}}, {&apos;type&apos;: &apos;text&apos;, &apos;bbox&apos;: (287.83099999999996, 353.983, 290.60099999999994, 367.273), &apos;color_space&apos;: &apos;DeviceGray&apos;, &apos;ncolor&apos;: None, &apos;size&apos;: 13.29000000000002, &apos;value&apos;: &apos;.&apos;, &apos;children&apos;: [], &apos;features&apos;: {}}, {&apos;type&apos;: &apos;text&apos;, &apos;bbox&apos;: (290.601, 353.983, 293.371, 367.273), &apos;color_space&apos;: &apos;DeviceGray&apos;, &apos;ncolor&apos;: None, &apos;size&apos;: 13.29000000000002, &apos;value&apos;: &apos;.&apos;, &apos;children&apos;: [], &apos;features&apos;: {}}, {&apos;type&apos;: &apos;text&apos;, &apos;bbox&apos;: (293.371, 353.983, 296.14099999999996, 367.273), &apos;color_space&apos;: &apos;DeviceGray&apos;, &apos;ncolor&apos;: None, &apos;size&apos;: 13.29000000000002, &apos;value&apos;: &apos;.&apos;, &apos;children&apos;: [], &apos;features&apos;: {}}, {&apos;type&apos;: &apos;text&apos;, &apos;bbox&apos;: (296.14099999999996, 353.983, 298.91099999999994, 367.273), &apos;color_space&apos;: &apos;DeviceGray&apos;, &apos;ncolor&apos;: None, &apos;size&apos;: 13.29000000000002, &apos;value&apos;: &apos;.&apos;, &apos;children&apos;: [], &apos;features&apos;: {}}, {&apos;type&apos;: &apos;text&apos;, &apos;bbox&apos;: (298.91099999999994, 353.983, 301.6809999999999, 367.273), &apos;color_space&apos;: &apos;DeviceGray&apos;, &apos;ncolor&apos;: None, &apos;size&apos;: 13.29000000000002, &apos;value&apos;: &apos;.&apos;, &apos;children&apos;: [], &apos;features&apos;: {}}, {&apos;type&apos;: &apos;text&apos;, &apos;bbox&apos;: (301.6809999999999, 353.983, 304.4509999999999, 367.273), &apos;color_space&apos;: &apos;DeviceGray&apos;, &apos;ncolor&apos;: None, &apos;size&apos;: 13.29000000000002, &apos;value&apos;: &apos;.&apos;, &apos;children&apos;: [], &apos;features&apos;: {}}, {&apos;type&apos;: &apos;text&apos;, &apos;bbox&apos;: (304.45099999999996, 353.983, 307.22099999999995, 367.273), &apos;color_space&apos;: &apos;DeviceGray&apos;, &apos;ncolor&apos;: None, &apos;size&apos;: 13.29000000000002, &apos;value&apos;: &apos;.&apos;, &apos;children&apos;: [], &apos;features&apos;: {}}, {&apos;type&apos;: &apos;text&apos;, &apos;bbox&apos;: (307.22099999999995, 353.983, 309.99099999999993, 367.273), &apos;color_space&apos;: &apos;DeviceGray&apos;, &apos;ncolor&apos;: None, &apos;size&apos;: 13.29000000000002, &apos;value&apos;: &apos;.&apos;, &apos;children&apos;: [], &apos;features&apos;: {}}, {&apos;type&apos;: &apos;text&apos;, &apos;bbox&apos;: (309.991, 353.983, 312.76099999999997, 367.273), &apos;color_space&apos;: &apos;DeviceGray&apos;, &apos;ncolor&apos;: None, &apos;size&apos;: 13.29000000000002, &apos;value&apos;: &apos;.&apos;, &apos;children&apos;: [], &apos;features&apos;: {}}, {&apos;type&apos;: &apos;text&apos;, &apos;bbox&apos;: (312.76099999999997, 353.983, 315.53099999999995, 367.273), &apos;color_space&apos;: &apos;DeviceGray&apos;, &apos;ncolor&apos;: None, &apos;size&apos;: 13.29000000000002, &apos;value&apos;: &apos;.&apos;, &apos;children&apos;: [], &apos;features&apos;: {}}, {&apos;type&apos;: &apos;text&apos;, &apos;bbox&apos;: (315.53099999999995, 353.983, 318.30099999999993, 367.273), &apos;color_space&apos;: &apos;DeviceGray&apos;, &apos;ncolor&apos;: None, &apos;size&apos;: 13.29000000000002, &apos;value&apos;: &apos;.&apos;, &apos;children&apos;: [], &apos;features&apos;: {}}, {&apos;type&apos;: &apos;text&apos;, &apos;bbox&apos;: (318.301, 353.983, 321.07099999999997, 367.273), &apos;color_space&apos;: &apos;DeviceGray&apos;, &apos;ncolor&apos;: None, &apos;size&apos;: 13.29000000000002, &apos;value&apos;: &apos;.&apos;, &apos;children&apos;: [], &apos;features&apos;: {}}, {&apos;type&apos;: &apos;text&apos;, &apos;bbox&apos;: (321.071, 353.983, 323.841, 367.273), &apos;color_space&apos;: &apos;DeviceGray&apos;, &apos;ncolor&apos;: None, &apos;size&apos;: 13.29000000000002, &apos;value&apos;: &apos;.&apos;, &apos;children&apos;: [], &apos;features&apos;: {}}, {&apos;type&apos;: &apos;text&apos;, &apos;bbox&apos;: (323.841, 353.983, 326.611, 367.273), &apos;color_space&apos;: &apos;DeviceGray&apos;, &apos;ncolor&apos;: None, &apos;size&apos;: 13.29000000000002, &apos;value&apos;: &apos;.&apos;, &apos;children&apos;: [], &apos;features&apos;: {}}, {&apos;type&apos;: &apos;text&apos;, &apos;bbox&apos;: (326.611, 353.983, 329.381, 367.273), &apos;color_space&apos;: &apos;DeviceGray&apos;, &apos;ncolor&apos;: None, &apos;size&apos;: 13.29000000000002, &apos;value&apos;: &apos;.&apos;, &apos;children&apos;: [], &apos;features&apos;: {}}, {&apos;type&apos;: &apos;text&apos;, &apos;bbox&apos;: (329.38100000000003, 353.983, 332.151, 367.273), &apos;color_space&apos;: &apos;DeviceGray&apos;, &apos;ncolor&apos;: None, &apos;size&apos;: 13.29000000000002, &apos;value&apos;: &apos;.&apos;, &apos;children&apos;: [], &apos;features&apos;: {}}, {&apos;type&apos;: &apos;text&apos;, &apos;bbox&apos;: (332.15100000000007, 353.983, 334.92100000000005, 367.273), &apos;color_space&apos;: &apos;DeviceGray&apos;, &apos;ncolor&apos;: None, &apos;size&apos;: 13.29000000000002, &apos;value&apos;: &apos;.&apos;, &apos;children&apos;: [], &apos;features&apos;: {}}, {&apos;type&apos;: &apos;text&apos;, &apos;bbox&apos;: (334.92100000000005, 353.983, 337.69100000000003, 367.273), &apos;color_space&apos;: &apos;DeviceGray&apos;, &apos;ncolor&apos;: None, &apos;size&apos;: 13.29000000000002, &apos;value&apos;: &apos;.&apos;, &apos;children&apos;: [], &apos;features&apos;: {}}, {&apos;type&apos;: &apos;text&apos;, &apos;bbox&apos;: (337.69100000000003, 353.983, 340.461, 367.273), &apos;color_space&apos;: &apos;DeviceGray&apos;, &apos;ncolor&apos;: None, &apos;size&apos;: 13.29000000000002, &apos;value&apos;: &apos;.&apos;, &apos;children&apos;: [], &apos;features&apos;: {}}, {&apos;type&apos;: &apos;text&apos;, &apos;bbox&apos;: (340.46100000000007, 353.983, 343.23100000000005, 367.273), &apos;color_space&apos;: &apos;DeviceGray&apos;, &apos;ncolor&apos;: None, &apos;size&apos;: 13.29000000000002, &apos;value&apos;: &apos;.&apos;, &apos;children&apos;: [], &apos;features&apos;: {}}, {&apos;type&apos;: &apos;text&apos;, &apos;bbox&apos;: (343.2310000000001, 353.983, 346.0010000000001, 367.273), &apos;color_space&apos;: &apos;DeviceGray&apos;, &apos;ncolor&apos;: None, &apos;size&apos;: 13.29000000000002, &apos;value&apos;: &apos;.&apos;, &apos;children&apos;: [], &apos;features&apos;: {}}, {&apos;type&apos;: &apos;text&apos;, &apos;bbox&apos;: (346.0010000000001, 353.983, 348.7710000000001, 367.273), &apos;color_space&apos;: &apos;DeviceGray&apos;, &apos;ncolor&apos;: None, &apos;size&apos;: 13.29000000000002, &apos;value&apos;: &apos;.&apos;, &apos;children&apos;: [], &apos;features&apos;: {}}, {&apos;type&apos;: &apos;text&apos;, &apos;bbox&apos;: (348.7710000000001, 353.983, 351.54100000000005, 367.273), &apos;color_space&apos;: &apos;DeviceGray&apos;, &apos;ncolor&apos;: None, &apos;size&apos;: 13.29000000000002, &apos;value&apos;: &apos;.&apos;, &apos;children&apos;: [], &apos;features&apos;: {}}, {&apos;type&apos;: &apos;text&apos;, &apos;bbox&apos;: (351.5410000000001, 353.983, 354.3110000000001, 367.273), &apos;color_space&apos;: &apos;DeviceGray&apos;, &apos;ncolor&apos;: None, &apos;size&apos;: 13.29000000000002, &apos;value&apos;: &apos;.&apos;, &apos;children&apos;: [], &apos;features&apos;: {}}, {&apos;type&apos;: &apos;text&apos;, &apos;bbox&apos;: (354.31100000000015, 353.983, 357.08100000000013, 367.273), &apos;color_space&apos;: &apos;DeviceGray&apos;, &apos;ncolor&apos;: None, &apos;size&apos;: 13.29000000000002, &apos;value&apos;: &apos;.&apos;, &apos;children&apos;: [], &apos;features&apos;: {}}, {&apos;type&apos;: &apos;text&apos;, &apos;bbox&apos;: (357.08100000000013, 353.983, 359.8510000000001, 367.273), &apos;color_space&apos;: &apos;DeviceGray&apos;, &apos;ncolor&apos;: None, &apos;size&apos;: 13.29000000000002, &apos;value&apos;: &apos;.&apos;, &apos;children&apos;: [], &apos;features&apos;: {}}, {&apos;type&apos;: &apos;text&apos;, &apos;bbox&apos;: (359.8510000000001, 353.983, 362.6210000000001, 367.273), &apos;color_space&apos;: &apos;DeviceGray&apos;, &apos;ncolor&apos;: None, &apos;size&apos;: 13.29000000000002, &apos;value&apos;: &apos;.&apos;, &apos;children&apos;: [], &apos;features&apos;: {}}, {&apos;type&apos;: &apos;text&apos;, &apos;bbox&apos;: (362.62100000000015, 353.983, 365.39100000000013, 367.273), &apos;color_space&apos;: &apos;DeviceGray&apos;, &apos;ncolor&apos;: None, &apos;size&apos;: 13.29000000000002, &apos;value&apos;: &apos;.&apos;, &apos;children&apos;: [], &apos;features&apos;: {}}, {&apos;type&apos;: &apos;text&apos;, &apos;bbox&apos;: (365.3910000000002, 353.983, 368.1610000000002, 367.273), &apos;color_space&apos;: &apos;DeviceGray&apos;, &apos;ncolor&apos;: None, &apos;size&apos;: 13.29000000000002, &apos;value&apos;: &apos;.&apos;, &apos;children&apos;: [], &apos;features&apos;: {}}, {&apos;type&apos;: &apos;text&apos;, &apos;bbox&apos;: (368.1610000000002, 353.983, 370.93100000000015, 367.273), &apos;color_space&apos;: &apos;DeviceGray&apos;, &apos;ncolor&apos;: None, &apos;size&apos;: 13.29000000000002, &apos;value&apos;: &apos;.&apos;, &apos;children&apos;: [], &apos;features&apos;: {}}, {&apos;type&apos;: &apos;text&apos;, &apos;bbox&apos;: (370.93100000000015, 353.983, 373.70100000000014, 367.273), &apos;color_space&apos;: &apos;DeviceGray&apos;, &apos;ncolor&apos;: None, &apos;size&apos;: 13.29000000000002, &apos;value&apos;: &apos;.&apos;, &apos;children&apos;: [], &apos;features&apos;: {}}, {&apos;type&apos;: &apos;text&apos;, &apos;bbox&apos;: (373.7010000000002, 353.983, 376.4710000000002, 367.273), &apos;color_space&apos;: &apos;DeviceGray&apos;, &apos;ncolor&apos;: None, &apos;size&apos;: 13.29000000000002, &apos;value&apos;: &apos;.&apos;, &apos;children&apos;: [], &apos;features&apos;: {}}, {&apos;type&apos;: &apos;text&apos;, &apos;bbox&apos;: (376.47100000000023, 353.983, 379.2410000000002, 367.273), &apos;color_space&apos;: &apos;DeviceGray&apos;, &apos;ncolor&apos;: None, &apos;size&apos;: 13.29000000000002, &apos;value&apos;: &apos;.&apos;, &apos;children&apos;: [], &apos;features&apos;: {}}, {&apos;type&apos;: &apos;text&apos;, &apos;bbox&apos;: (379.2410000000002, 353.983, 382.0110000000002, 367.273), &apos;color_space&apos;: &apos;DeviceGray&apos;, &apos;ncolor&apos;: None, &apos;size&apos;: 13.29000000000002, &apos;value&apos;: &apos;.&apos;, &apos;children&apos;: [], &apos;features&apos;: {}}, {&apos;type&apos;: &apos;text&apos;, &apos;bbox&apos;: (382.0110000000002, 353.983, 384.7810000000002, 367.273), &apos;color_space&apos;: &apos;DeviceGray&apos;, &apos;ncolor&apos;: None, &apos;size&apos;: 13.29000000000002, &apos;value&apos;: &apos;.&apos;, &apos;children&apos;: [], &apos;features&apos;: {}}, {&apos;type&apos;: &apos;text&apos;, &apos;bbox&apos;: (384.78100000000023, 353.983, 387.5510000000002, 367.273), &apos;color_space&apos;: &apos;DeviceGray&apos;, &apos;ncolor&apos;: None, &apos;size&apos;: 13.29000000000002, &apos;value&apos;: &apos;.&apos;, &apos;children&apos;: [], &apos;features&apos;: {}}, {&apos;type&apos;: &apos;text&apos;, &apos;bbox&apos;: (387.5510000000003, 353.983, 390.32100000000025, 367.273), &apos;color_space&apos;: &apos;DeviceGray&apos;, &apos;ncolor&apos;: None, &apos;size&apos;: 13.29000000000002, &apos;value&apos;: &apos;.&apos;, &apos;children&apos;: [], &apos;features&apos;: {}}, {&apos;type&apos;: &apos;text&apos;, &apos;bbox&apos;: (390.32100000000025, 353.983, 393.09100000000024, 367.273), &apos;color_space&apos;: &apos;DeviceGray&apos;, &apos;ncolor&apos;: None, &apos;size&apos;: 13.29000000000002, &apos;value&apos;: &apos;.&apos;, &apos;children&apos;: [], &apos;features&apos;: {}}, {&apos;type&apos;: &apos;text&apos;, &apos;bbox&apos;: (393.09100000000024, 353.983, 395.8610000000002, 367.273), &apos;color_space&apos;: &apos;DeviceGray&apos;, &apos;ncolor&apos;: None, &apos;size&apos;: 13.29000000000002, &apos;value&apos;: &apos;.&apos;, &apos;children&apos;: [], &apos;features&apos;: {}}, {&apos;type&apos;: &apos;text&apos;, &apos;bbox&apos;: (395.8610000000003, 353.983, 398.63100000000026, 367.273), &apos;color_space&apos;: &apos;DeviceGray&apos;, &apos;ncolor&apos;: None, &apos;size&apos;: 13.29000000000002, &apos;value&apos;: &apos;.&apos;, &apos;children&apos;: [], &apos;features&apos;: {}}, {&apos;type&apos;: &apos;text&apos;, &apos;bbox&apos;: (398.6310000000003, 353.983, 401.4010000000003, 367.273), &apos;color_space&apos;: &apos;DeviceGray&apos;, &apos;ncolor&apos;: None, &apos;size&apos;: 13.29000000000002, &apos;value&apos;: &apos;.&apos;, &apos;children&apos;: [], &apos;features&apos;: {}}, {&apos;type&apos;: &apos;text&apos;, &apos;bbox&apos;: (401.4010000000003, 353.983, 404.1710000000003, 367.273), &apos;color_space&apos;: &apos;DeviceGray&apos;, &apos;ncolor&apos;: None, &apos;size&apos;: 13.29000000000002, &apos;value&apos;: &apos;.&apos;, &apos;children&apos;: [], &apos;features&apos;: {}}, {&apos;type&apos;: &apos;text&apos;, &apos;bbox&apos;: (404.1710000000003, 353.983, 406.94100000000026, 367.273), &apos;color_space&apos;: &apos;DeviceGray&apos;, &apos;ncolor&apos;: None, &apos;size&apos;: 13.29000000000002, &apos;value&apos;: &apos;.&apos;, &apos;children&apos;: [], &apos;features&apos;: {}}, {&apos;type&apos;: &apos;text&apos;, &apos;bbox&apos;: (406.9410000000003, 353.983, 409.7110000000003, 367.273), &apos;color_space&apos;: &apos;DeviceGray&apos;, &apos;ncolor&apos;: None, &apos;size&apos;: 13.29000000000002, &apos;value&apos;: &apos;.&apos;, &apos;children&apos;: [], &apos;features&apos;: {}}, {&apos;type&apos;: &apos;text&apos;, &apos;bbox&apos;: (409.71100000000035, 353.983, 412.48100000000034, 367.273), &apos;color_space&apos;: &apos;DeviceGray&apos;, &apos;ncolor&apos;: None, &apos;size&apos;: 13.29000000000002, &apos;value&apos;: &apos;.&apos;, &apos;children&apos;: [], &apos;features&apos;: {}}, {&apos;type&apos;: &apos;text&apos;, &apos;bbox&apos;: (412.48100000000034, 353.983, 415.2510000000003, 367.273), &apos;color_space&apos;: &apos;DeviceGray&apos;, &apos;ncolor&apos;: None, &apos;size&apos;: 13.29000000000002, &apos;value&apos;: &apos;.&apos;, &apos;children&apos;: [], &apos;features&apos;: {}}, {&apos;type&apos;: &apos;text&apos;, &apos;bbox&apos;: (415.2510000000003, 353.983, 418.0210000000003, 367.273), &apos;color_space&apos;: &apos;DeviceGray&apos;, &apos;ncolor&apos;: None, &apos;size&apos;: 13.29000000000002, &apos;value&apos;: &apos;.&apos;, &apos;children&apos;: [], &apos;features&apos;: {}}, {&apos;type&apos;: &apos;text&apos;, &apos;bbox&apos;: (418.02100000000036, 353.983, 420.79100000000034, 367.273), &apos;color_space&apos;: &apos;DeviceGray&apos;, &apos;ncolor&apos;: None, &apos;size&apos;: 13.29000000000002, &apos;value&apos;: &apos;.&apos;, &apos;children&apos;: [], &apos;features&apos;: {}}, {&apos;type&apos;: &apos;text&apos;, &apos;bbox&apos;: (420.7910000000004, 353.983, 423.5610000000004, 367.273), &apos;color_space&apos;: &apos;DeviceGray&apos;, &apos;ncolor&apos;: None, &apos;size&apos;: 13.29000000000002, &apos;value&apos;: &apos;.&apos;, &apos;children&apos;: [], &apos;features&apos;: {}}, {&apos;type&apos;: &apos;text&apos;, &apos;bbox&apos;: (423.5610000000004, 353.983, 426.33100000000036, 367.273), &apos;color_space&apos;: &apos;DeviceGray&apos;, &apos;ncolor&apos;: None, &apos;size&apos;: 13.29000000000002, &apos;value&apos;: &apos;.&apos;, &apos;children&apos;: [], &apos;features&apos;: {}}, {&apos;type&apos;: &apos;text&apos;, &apos;bbox&apos;: (426.33100000000036, 353.983, 429.10100000000034, 367.273), &apos;color_space&apos;: &apos;DeviceGray&apos;, &apos;ncolor&apos;: None, &apos;size&apos;: 13.29000000000002, &apos;value&apos;: &apos;.&apos;, &apos;children&apos;: [], &apos;features&apos;: {}}, {&apos;type&apos;: &apos;text&apos;, &apos;bbox&apos;: (429.1010000000004, 353.983, 431.8710000000004, 367.273), &apos;color_space&apos;: &apos;DeviceGray&apos;, &apos;ncolor&apos;: None, &apos;size&apos;: 13.29000000000002, &apos;value&apos;: &apos;.&apos;, &apos;children&apos;: [], &apos;features&apos;: {}}, {&apos;type&apos;: &apos;text&apos;, &apos;bbox&apos;: (431.87100000000044, 353.983, 434.6410000000004, 367.273), &apos;color_space&apos;: &apos;DeviceGray&apos;, &apos;ncolor&apos;: None, &apos;size&apos;: 13.29000000000002, &apos;value&apos;: &apos;.&apos;, &apos;children&apos;: [], &apos;features&apos;: {}}, {&apos;type&apos;: &apos;text&apos;, &apos;bbox&apos;: (434.6410000000004, 353.983, 437.4110000000004, 367.273), &apos;color_space&apos;: &apos;DeviceGray&apos;, &apos;ncolor&apos;: None, &apos;size&apos;: 13.29000000000002, &apos;value&apos;: &apos;.&apos;, &apos;children&apos;: [], &apos;features&apos;: {}}, {&apos;type&apos;: &apos;text&apos;, &apos;bbox&apos;: (437.4110000000004, 353.983, 440.1810000000004, 367.273), &apos;color_space&apos;: &apos;DeviceGray&apos;, &apos;ncolor&apos;: None, &apos;size&apos;: 13.29000000000002, &apos;value&apos;: &apos;.&apos;, &apos;children&apos;: [], &apos;features&apos;: {}}, {&apos;type&apos;: &apos;text&apos;, &apos;bbox&apos;: (440.1810000000004, 353.983, 442.95100000000036, 367.273), &apos;color_space&apos;: &apos;DeviceGray&apos;, &apos;ncolor&apos;: None, &apos;size&apos;: 13.29000000000002, &apos;value&apos;: &apos;.&apos;, &apos;children&apos;: [], &apos;features&apos;: {}}, {&apos;type&apos;: &apos;text&apos;, &apos;bbox&apos;: (442.95100000000036, 353.983, 445.72100000000034, 367.273), &apos;color_space&apos;: &apos;DeviceGray&apos;, &apos;ncolor&apos;: None, &apos;size&apos;: 13.29000000000002, &apos;value&apos;: &apos;.&apos;, &apos;children&apos;: [], &apos;features&apos;: {}}, {&apos;type&apos;: &apos;text&apos;, &apos;bbox&apos;: (445.72100000000034, 353.983, 448.4910000000003, 367.273), &apos;color_space&apos;: &apos;DeviceGray&apos;, &apos;ncolor&apos;: None, &apos;size&apos;: 13.29000000000002, &apos;value&apos;: &apos;.&apos;, &apos;children&apos;: [], &apos;features&apos;: {}}, {&apos;type&apos;: &apos;text&apos;, &apos;bbox&apos;: (448.4910000000003, 353.983, 451.2610000000003, 367.273), &apos;color_space&apos;: &apos;DeviceGray&apos;, &apos;ncolor&apos;: None, &apos;size&apos;: 13.29000000000002, &apos;value&apos;: &apos;.&apos;, &apos;children&apos;: [], &apos;features&apos;: {}}, {&apos;type&apos;: &apos;text&apos;, &apos;bbox&apos;: (451.2610000000003, 353.983, 454.0310000000003, 367.273), &apos;color_space&apos;: &apos;DeviceGray&apos;, &apos;ncolor&apos;: None, &apos;size&apos;: 13.29000000000002, &apos;value&apos;: &apos;.&apos;, &apos;children&apos;: [], &apos;features&apos;: {}}, {&apos;type&apos;: &apos;text&apos;, &apos;bbox&apos;: (454.0310000000003, 353.983, 456.8010000000003, 367.273), &apos;color_space&apos;: &apos;DeviceGray&apos;, &apos;ncolor&apos;: None, &apos;size&apos;: 13.29000000000002, &apos;value&apos;: &apos;.&apos;, &apos;children&apos;: [], &apos;features&apos;: {}}, {&apos;type&apos;: &apos;text&apos;, &apos;bbox&apos;: (456.8010000000003, 353.983, 459.57100000000025, 367.273), &apos;color_space&apos;: &apos;DeviceGray&apos;, &apos;ncolor&apos;: None, &apos;size&apos;: 13.29000000000002, &apos;value&apos;: &apos;.&apos;, &apos;children&apos;: [], &apos;features&apos;: {}}, {&apos;type&apos;: &apos;text&apos;, &apos;bbox&apos;: (459.57100000000025, 353.983, 462.34100000000024, 367.273), &apos;color_space&apos;: &apos;DeviceGray&apos;, &apos;ncolor&apos;: None, &apos;size&apos;: 13.29000000000002, &apos;value&apos;: &apos;.&apos;, &apos;children&apos;: [], &apos;features&apos;: {}}, {&apos;type&apos;: &apos;text&apos;, &apos;bbox&apos;: (462.34100000000024, 353.983, 465.1110000000002, 367.273), &apos;color_space&apos;: &apos;DeviceGray&apos;, &apos;ncolor&apos;: None, &apos;size&apos;: 13.29000000000002, &apos;value&apos;: &apos;.&apos;, &apos;children&apos;: [], &apos;features&apos;: {}}, {&apos;type&apos;: &apos;text&apos;, &apos;bbox&apos;: (465.1110000000002, 353.983, 467.8810000000002, 367.273), &apos;color_space&apos;: &apos;DeviceGray&apos;, &apos;ncolor&apos;: None, &apos;size&apos;: 13.29000000000002, &apos;value&apos;: &apos;.&apos;, &apos;children&apos;: [], &apos;features&apos;: {}}, {&apos;type&apos;: &apos;text&apos;, &apos;bbox&apos;: (467.8810000000002, 353.983, 470.6510000000002, 367.273), &apos;color_space&apos;: &apos;DeviceGray&apos;, &apos;ncolor&apos;: None, &apos;size&apos;: 13.29000000000002, &apos;value&apos;: &apos;.&apos;, &apos;children&apos;: [], &apos;features&apos;: {}}, {&apos;type&apos;: &apos;text&apos;, &apos;bbox&apos;: (470.6510000000002, 353.983, 473.42100000000016, 367.273), &apos;color_space&apos;: &apos;DeviceGray&apos;, &apos;ncolor&apos;: None, &apos;size&apos;: 13.29000000000002, &apos;value&apos;: &apos;.&apos;, &apos;children&apos;: [], &apos;features&apos;: {}}, {&apos;type&apos;: &apos;text&apos;, &apos;bbox&apos;: (473.42100000000016, 353.983, 476.19100000000014, 367.273), &apos;color_space&apos;: &apos;DeviceGray&apos;, &apos;ncolor&apos;: None, &apos;size&apos;: 13.29000000000002, &apos;value&apos;: &apos;.&apos;, &apos;children&apos;: [], &apos;features&apos;: {}}, {&apos;type&apos;: &apos;text&apos;, &apos;bbox&apos;: (476.19100000000014, 353.983, 478.9610000000001, 367.273), &apos;color_space&apos;: &apos;DeviceGray&apos;, &apos;ncolor&apos;: None, &apos;size&apos;: 13.29000000000002, &apos;value&apos;: &apos;.&apos;, &apos;children&apos;: [], &apos;features&apos;: {}}, {&apos;type&apos;: &apos;text&apos;, &apos;bbox&apos;: (478.9610000000001, 353.983, 481.7310000000001, 367.273), &apos;color_space&apos;: &apos;DeviceGray&apos;, &apos;ncolor&apos;: None, &apos;size&apos;: 13.29000000000002, &apos;value&apos;: &apos;.&apos;, &apos;children&apos;: [], &apos;features&apos;: {}}, {&apos;type&apos;: &apos;text&apos;, &apos;bbox&apos;: (481.7310000000001, 353.983, 484.5010000000001, 367.273), &apos;color_space&apos;: &apos;DeviceGray&apos;, &apos;ncolor&apos;: None, &apos;size&apos;: 13.29000000000002, &apos;value&apos;: &apos;.&apos;, &apos;children&apos;: [], &apos;features&apos;: {}}, {&apos;type&apos;: &apos;text&apos;, &apos;bbox&apos;: (484.5010000000001, 353.983, 487.2710000000001, 367.273), &apos;color_space&apos;: &apos;DeviceGray&apos;, &apos;ncolor&apos;: None, &apos;size&apos;: 13.29000000000002, &apos;value&apos;: &apos;.&apos;, &apos;children&apos;: [], &apos;features&apos;: {}}, {&apos;type&apos;: &apos;text&apos;, &apos;bbox&apos;: (487.2710000000001, 353.983, 490.04100000000005, 367.273), &apos;color_space&apos;: &apos;DeviceGray&apos;, &apos;ncolor&apos;: None, &apos;size&apos;: 13.29000000000002, &apos;value&apos;: &apos;.&apos;, &apos;children&apos;: [], &apos;features&apos;: {}}, {&apos;type&apos;: &apos;text&apos;, &apos;bbox&apos;: (490.04100000000005, 353.983, 492.81100000000004, 367.273), &apos;color_space&apos;: &apos;DeviceGray&apos;, &apos;ncolor&apos;: None, &apos;size&apos;: 13.29000000000002, &apos;value&apos;: &apos;.&apos;, &apos;children&apos;: [], &apos;features&apos;: {}}, {&apos;type&apos;: &apos;text&apos;, &apos;bbox&apos;: (492.81100000000004, 353.983, 495.581, 367.273), &apos;color_space&apos;: &apos;DeviceGray&apos;, &apos;ncolor&apos;: None, &apos;size&apos;: 13.29000000000002, &apos;value&apos;: &apos;.&apos;, &apos;children&apos;: [], &apos;features&apos;: {}}, {&apos;type&apos;: &apos;text&apos;, &apos;bbox&apos;: (495.581, 353.983, 498.351, 367.273), &apos;color_space&apos;: &apos;DeviceGray&apos;, &apos;ncolor&apos;: None, &apos;size&apos;: 13.29000000000002, &apos;value&apos;: &apos;.&apos;, &apos;children&apos;: [], &apos;features&apos;: {}}, {&apos;type&apos;: &apos;text&apos;, &apos;bbox&apos;: (498.351, 353.983, 501.121, 367.273), &apos;color_space&apos;: &apos;DeviceGray&apos;, &apos;ncolor&apos;: None, &apos;size&apos;: 13.29000000000002, &apos;value&apos;: &apos;.&apos;, &apos;children&apos;: [], &apos;features&apos;: {}}, {&apos;type&apos;: &apos;text&apos;, &apos;bbox&apos;: (501.121, 353.983, 503.89099999999996, 367.273), &apos;color_space&apos;: &apos;DeviceGray&apos;, &apos;ncolor&apos;: None, &apos;size&apos;: 13.29000000000002, &apos;value&apos;: &apos;.&apos;, &apos;children&apos;: [], &apos;features&apos;: {}}, {&apos;type&apos;: &apos;text&apos;, &apos;bbox&apos;: (503.89099999999996, 353.983, 506.66099999999994, 367.273), &apos;color_space&apos;: &apos;DeviceGray&apos;, &apos;ncolor&apos;: None, &apos;size&apos;: 13.29000000000002, &apos;value&apos;: &apos;.&apos;, &apos;children&apos;: [], &apos;features&apos;: {}}, {&apos;type&apos;: &apos;text&apos;, &apos;bbox&apos;: (506.66099999999994, 353.983, 509.4309999999999, 367.273), &apos;color_space&apos;: &apos;DeviceGray&apos;, &apos;ncolor&apos;: None, &apos;size&apos;: 13.29000000000002, &apos;value&apos;: &apos;.&apos;, &apos;children&apos;: [], &apos;features&apos;: {}}, {&apos;type&apos;: &apos;text&apos;, &apos;bbox&apos;: (509.4309999999999, 353.983, 512.2009999999999, 367.273), &apos;color_space&apos;: &apos;DeviceGray&apos;, &apos;ncolor&apos;: None, &apos;size&apos;: 13.29000000000002, &apos;value&apos;: &apos;.&apos;, &apos;children&apos;: [], &apos;features&apos;: {}}, {&apos;type&apos;: &apos;text&apos;, &apos;bbox&apos;: (512.2009999999999, 353.983, 514.9709999999999, 367.273), &apos;color_space&apos;: &apos;DeviceGray&apos;, &apos;ncolor&apos;: None, &apos;size&apos;: 13.29000000000002, &apos;value&apos;: &apos;.&apos;, &apos;children&apos;: [], &apos;features&apos;: {}}, {&apos;type&apos;: &apos;text&apos;, &apos;bbox&apos;: (514.9709999999999, 353.983, 517.7409999999999, 367.273), &apos;color_space&apos;: &apos;DeviceGray&apos;, &apos;ncolor&apos;: None, &apos;size&apos;: 13.29000000000002, &apos;value&apos;: &apos;.&apos;, &apos;children&apos;: [], &apos;features&apos;: {}}, {&apos;type&apos;: &apos;text&apos;, &apos;bbox&apos;: (517.7409999999999, 353.983, 520.5109999999999, 367.273), &apos;color_space&apos;: &apos;DeviceGray&apos;, &apos;ncolor&apos;: None, &apos;size&apos;: 13.29000000000002, &apos;value&apos;: &apos;.&apos;, &apos;children&apos;: [], &apos;features&apos;: {}}, {&apos;type&apos;: &apos;text&apos;, &apos;bbox&apos;: (520.5109999999999, 353.983, 523.2809999999998, 367.273), &apos;color_space&apos;: &apos;DeviceGray&apos;, &apos;ncolor&apos;: None, &apos;size&apos;: 13.29000000000002, &apos;value&apos;: &apos;.&apos;, &apos;children&apos;: [], &apos;features&apos;: {}}, {&apos;type&apos;: &apos;text&apos;, &apos;bbox&apos;: (525.548, 353.983, 531.108, 367.273), &apos;color_space&apos;: &apos;DeviceGray&apos;, &apos;ncolor&apos;: None, &apos;size&apos;: 13.29000000000002, &apos;value&apos;: &apos;1&apos;, &apos;children&apos;: [], &apos;features&apos;: {}}, {&apos;type&apos;: &apos;text&apos;, &apos;bbox&apos;: (531.108, 353.983, 534.438, 367.273), &apos;color_space&apos;: &apos;DeviceGray&apos;, &apos;ncolor&apos;: None, &apos;size&apos;: 13.29000000000002, &apos;value&apos;: &apos;-&apos;, &apos;children&apos;: [], &apos;features&apos;: {}}, {&apos;type&apos;: &apos;text&apos;, &apos;bbox&apos;: (534.439, 353.983, 539.9989999999999, 367.273), &apos;color_space&apos;: &apos;DeviceGray&apos;, &apos;ncolor&apos;: None, &apos;size&apos;: 13.29000000000002, &apos;value&apos;: &apos;4&apos;, &apos;children&apos;: [], &apos;features&apos;: {}}], &apos;features&apos;: {}}
*********************





--------------------------------- CONTENT AREA --------------------------------- 
This content area has an image
{&apos;type&apos;: &apos;figure&apos;, &apos;bbox&apos;: (0, 0, 612.0, 792.0), &apos;name&apos;: &apos;fx4&apos;, &apos;children&apos;: [{&apos;type&apos;: &apos;text&apos;, &apos;bbox&apos;: (114.0, 337.762, 122.31, 351.24199999999996), &apos;color_space&apos;: &apos;DeviceGray&apos;, &apos;ncolor&apos;: None, &apos;size&apos;: 13.479999999999961, &apos;value&apos;: &apos;D&apos;, &apos;children&apos;: [], &apos;features&apos;: {}}, {&apos;type&apos;: &apos;text&apos;, &apos;bbox&apos;: (122.31, 337.762, 127.31, 351.24199999999996), &apos;color_space&apos;: &apos;DeviceGray&apos;, &apos;ncolor&apos;: None, &apos;size&apos;: 13.479999999999961, &apos;value&apos;: &apos;a&apos;, &apos;children&apos;: [], &apos;features&apos;: {}}, {&apos;type&apos;: &apos;text&apos;, &apos;bbox&apos;: (127.31, 337.762, 130.64000000000001, 351.24199999999996), &apos;color_space&apos;: &apos;DeviceGray&apos;, &apos;ncolor&apos;: None, &apos;size&apos;: 13.479999999999961, &apos;value&apos;: &apos;t&apos;, &apos;children&apos;: [], &apos;features&apos;: {}}, {&apos;type&apos;: &apos;text&apos;, &apos;bbox&apos;: (130.64, 337.762, 135.64, 351.24199999999996), &apos;color_space&apos;: &apos;DeviceGray&apos;, &apos;ncolor&apos;: None, &apos;size&apos;: 13.479999999999961, &apos;value&apos;: &apos;a&apos;, &apos;children&apos;: [], &apos;features&apos;: {}}, {&apos;type&apos;: &apos;text&apos;, &apos;bbox&apos;: (138.14, 337.762, 146.45, 351.24199999999996), &apos;color_space&apos;: &apos;DeviceGray&apos;, &apos;ncolor&apos;: None, &apos;size&apos;: 13.479999999999961, &apos;value&apos;: &apos;D&apos;, &apos;children&apos;: [], &apos;features&apos;: {}}, {&apos;type&apos;: &apos;text&apos;, &apos;bbox&apos;: (146.45, 337.762, 149.78, 351.24199999999996), &apos;color_space&apos;: &apos;DeviceGray&apos;, &apos;ncolor&apos;: None, &apos;size&apos;: 13.479999999999961, &apos;value&apos;: &apos;i&apos;, &apos;children&apos;: [], &apos;features&apos;: {}}, {&apos;type&apos;: &apos;text&apos;, &apos;bbox&apos;: (149.77999999999997, 337.762, 154.20999999999998, 351.24199999999996), &apos;color_space&apos;: &apos;DeviceGray&apos;, &apos;ncolor&apos;: None, &apos;size&apos;: 13.479999999999961, &apos;value&apos;: &apos;c&apos;, &apos;children&apos;: [], &apos;features&apos;: {}}, {&apos;type&apos;: &apos;text&apos;, &apos;bbox&apos;: (154.20999999999998, 337.762, 157.54, 351.24199999999996), &apos;color_space&apos;: &apos;DeviceGray&apos;, &apos;ncolor&apos;: None, &apos;size&apos;: 13.479999999999961, &apos;value&apos;: &apos;t&apos;, &apos;children&apos;: [], &apos;features&apos;: {}}, {&apos;type&apos;: &apos;text&apos;, &apos;bbox&apos;: (157.54, 337.762, 160.87, 351.24199999999996), &apos;color_space&apos;: &apos;DeviceGray&apos;, &apos;ncolor&apos;: None, &apos;size&apos;: 13.479999999999961, &apos;value&apos;: &apos;i&apos;, &apos;children&apos;: [], &apos;features&apos;: {}}, {&apos;type&apos;: &apos;text&apos;, &apos;bbox&apos;: (160.86999999999998, 337.762, 166.42999999999998, 351.24199999999996), &apos;color_space&apos;: &apos;DeviceGray&apos;, &apos;ncolor&apos;: None, &apos;size&apos;: 13.479999999999961, &apos;value&apos;: &apos;o&apos;, &apos;children&apos;: [], &apos;features&apos;: {}}, {&apos;type&apos;: &apos;text&apos;, &apos;bbox&apos;: (166.42999999999998, 337.762, 172.52999999999997, 351.24199999999996), &apos;color_space&apos;: &apos;DeviceGray&apos;, &apos;ncolor&apos;: None, &apos;size&apos;: 13.479999999999961, &apos;value&apos;: &apos;n&apos;, &apos;children&apos;: [], &apos;features&apos;: {}}, {&apos;type&apos;: &apos;text&apos;, &apos;bbox&apos;: (172.52999999999997, 337.762, 177.52999999999997, 351.24199999999996), &apos;color_space&apos;: &apos;DeviceGray&apos;, &apos;ncolor&apos;: None, &apos;size&apos;: 13.479999999999961, &apos;value&apos;: &apos;a&apos;, &apos;children&apos;: [], &apos;features&apos;: {}}, {&apos;type&apos;: &apos;text&apos;, &apos;bbox&apos;: (177.52999999999997, 337.762, 181.41999999999996, 351.24199999999996), &apos;color_space&apos;: &apos;DeviceGray&apos;, &apos;ncolor&apos;: None, &apos;size&apos;: 13.479999999999961, &apos;value&apos;: &apos;r&apos;, &apos;children&apos;: [], &apos;features&apos;: {}}, {&apos;type&apos;: &apos;text&apos;, &apos;bbox&apos;: (181.42, 337.762, 186.98, 351.24199999999996), &apos;color_space&apos;: &apos;DeviceGray&apos;, &apos;ncolor&apos;: None, &apos;size&apos;: 13.479999999999961, &apos;value&apos;: &apos;y&apos;, &apos;children&apos;: [], &apos;features&apos;: {}}, {&apos;type&apos;: &apos;text&apos;, &apos;bbox&apos;: (189.502, 337.762, 196.162, 351.24199999999996), &apos;color_space&apos;: &apos;DeviceGray&apos;, &apos;ncolor&apos;: None, &apos;size&apos;: 13.479999999999961, &apos;value&apos;: &apos;T&apos;, &apos;children&apos;: [], &apos;features&apos;: {}}, {&apos;type&apos;: &apos;text&apos;, &apos;bbox&apos;: (196.162, 337.762, 201.162, 351.24199999999996), &apos;color_space&apos;: &apos;DeviceGray&apos;, &apos;ncolor&apos;: None, &apos;size&apos;: 13.479999999999961, &apos;value&apos;: &apos;a&apos;, &apos;children&apos;: [], &apos;features&apos;: {}}, {&apos;type&apos;: &apos;text&apos;, &apos;bbox&apos;: (201.162, 337.762, 207.262, 351.24199999999996), &apos;color_space&apos;: &apos;DeviceGray&apos;, &apos;ncolor&apos;: None, &apos;size&apos;: 13.479999999999961, &apos;value&apos;: &apos;b&apos;, &apos;children&apos;: [], &apos;features&apos;: {}}, {&apos;type&apos;: &apos;text&apos;, &apos;bbox&apos;: (207.262, 337.762, 210.592, 351.24199999999996), &apos;color_space&apos;: &apos;DeviceGray&apos;, &apos;ncolor&apos;: None, &apos;size&apos;: 13.479999999999961, &apos;value&apos;: &apos;l&apos;, &apos;children&apos;: [], &apos;features&apos;: {}}, {&apos;type&apos;: &apos;text&apos;, &apos;bbox&apos;: (210.592, 337.762, 215.592, 351.24199999999996), &apos;color_space&apos;: &apos;DeviceGray&apos;, &apos;ncolor&apos;: None, &apos;size&apos;: 13.479999999999961, &apos;value&apos;: &apos;e&apos;, &apos;children&apos;: [], &apos;features&apos;: {}}, {&apos;type&apos;: &apos;text&apos;, &apos;bbox&apos;: (218.11, 337.762, 224.21, 351.24199999999996), &apos;color_space&apos;: &apos;DeviceGray&apos;, &apos;ncolor&apos;: None, &apos;size&apos;: 13.479999999999961, &apos;value&apos;: &apos;S&apos;, &apos;children&apos;: [], &apos;features&apos;: {}}, {&apos;type&apos;: &apos;text&apos;, &apos;bbox&apos;: (224.21, 337.762, 227.54000000000002, 351.24199999999996), &apos;color_space&apos;: &apos;DeviceGray&apos;, &apos;ncolor&apos;: None, &apos;size&apos;: 13.479999999999961, &apos;value&apos;: &apos;t&apos;, &apos;children&apos;: [], &apos;features&apos;: {}}, {&apos;type&apos;: &apos;text&apos;, &apos;bbox&apos;: (227.54000000000002, 337.762, 231.43, 351.24199999999996), &apos;color_space&apos;: &apos;DeviceGray&apos;, &apos;ncolor&apos;: None, &apos;size&apos;: 13.479999999999961, &apos;value&apos;: &apos;r&apos;, &apos;children&apos;: [], &apos;features&apos;: {}}, {&apos;type&apos;: &apos;text&apos;, &apos;bbox&apos;: (231.43, 337.762, 237.53, 351.24199999999996), &apos;color_space&apos;: &apos;DeviceGray&apos;, &apos;ncolor&apos;: None, &apos;size&apos;: 13.479999999999961, &apos;value&apos;: &apos;u&apos;, &apos;children&apos;: [], &apos;features&apos;: {}}, {&apos;type&apos;: &apos;text&apos;, &apos;bbox&apos;: (237.53000000000003, 337.762, 241.96000000000004, 351.24199999999996), &apos;color_space&apos;: &apos;DeviceGray&apos;, &apos;ncolor&apos;: None, &apos;size&apos;: 13.479999999999961, &apos;value&apos;: &apos;c&apos;, &apos;children&apos;: [], &apos;features&apos;: {}}, {&apos;type&apos;: &apos;text&apos;, &apos;bbox&apos;: (241.96, 337.762, 245.29000000000002, 351.24199999999996), &apos;color_space&apos;: &apos;DeviceGray&apos;, &apos;ncolor&apos;: None, &apos;size&apos;: 13.479999999999961, &apos;value&apos;: &apos;t&apos;, &apos;children&apos;: [], &apos;features&apos;: {}}, {&apos;type&apos;: &apos;text&apos;, &apos;bbox&apos;: (245.29000000000002, 337.762, 251.39000000000001, 351.24199999999996), &apos;color_space&apos;: &apos;DeviceGray&apos;, &apos;ncolor&apos;: None, &apos;size&apos;: 13.479999999999961, &apos;value&apos;: &apos;u&apos;, &apos;children&apos;: [], &apos;features&apos;: {}}, {&apos;type&apos;: &apos;text&apos;, &apos;bbox&apos;: (251.39000000000001, 337.762, 255.28, 351.24199999999996), &apos;color_space&apos;: &apos;DeviceGray&apos;, &apos;ncolor&apos;: None, &apos;size&apos;: 13.479999999999961, &apos;value&apos;: &apos;r&apos;, &apos;children&apos;: [], &apos;features&apos;: {}}, {&apos;type&apos;: &apos;text&apos;, &apos;bbox&apos;: (255.28000000000003, 337.762, 260.28000000000003, 351.24199999999996), &apos;color_space&apos;: &apos;DeviceGray&apos;, &apos;ncolor&apos;: None, &apos;size&apos;: 13.479999999999961, &apos;value&apos;: &apos;e&apos;, &apos;children&apos;: [], &apos;features&apos;: {}}, {&apos;type&apos;: &apos;text&apos;, &apos;bbox&apos;: (260.316, 338.49199999999996, 263.08599999999996, 351.782), &apos;color_space&apos;: &apos;DeviceGray&apos;, &apos;ncolor&apos;: None, &apos;size&apos;: 13.29000000000002, &apos;value&apos;: &apos;.&apos;, &apos;children&apos;: [], &apos;features&apos;: {}}, {&apos;type&apos;: &apos;text&apos;, &apos;bbox&apos;: (263.08599999999996, 338.49199999999996, 265.85599999999994, 351.782), &apos;color_space&apos;: &apos;DeviceGray&apos;, &apos;ncolor&apos;: None, &apos;size&apos;: 13.29000000000002, &apos;value&apos;: &apos;.&apos;, &apos;children&apos;: [], &apos;features&apos;: {}}, {&apos;type&apos;: &apos;text&apos;, &apos;bbox&apos;: (265.856, 338.49199999999996, 268.626, 351.782), &apos;color_space&apos;: &apos;DeviceGray&apos;, &apos;ncolor&apos;: None, &apos;size&apos;: 13.29000000000002, &apos;value&apos;: &apos;.&apos;, &apos;children&apos;: [], &apos;features&apos;: {}}, {&apos;type&apos;: &apos;text&apos;, &apos;bbox&apos;: (268.626, 338.49199999999996, 271.39599999999996, 351.782), &apos;color_space&apos;: &apos;DeviceGray&apos;, &apos;ncolor&apos;: None, &apos;size&apos;: 13.29000000000002, &apos;value&apos;: &apos;.&apos;, &apos;children&apos;: [], &apos;features&apos;: {}}, {&apos;type&apos;: &apos;text&apos;, &apos;bbox&apos;: (271.39599999999996, 338.49199999999996, 274.16599999999994, 351.782), &apos;color_space&apos;: &apos;DeviceGray&apos;, &apos;ncolor&apos;: None, &apos;size&apos;: 13.29000000000002, &apos;value&apos;: &apos;.&apos;, &apos;children&apos;: [], &apos;features&apos;: {}}, {&apos;type&apos;: &apos;text&apos;, &apos;bbox&apos;: (274.166, 338.49199999999996, 276.936, 351.782), &apos;color_space&apos;: &apos;DeviceGray&apos;, &apos;ncolor&apos;: None, &apos;size&apos;: 13.29000000000002, &apos;value&apos;: &apos;.&apos;, &apos;children&apos;: [], &apos;features&apos;: {}}, {&apos;type&apos;: &apos;text&apos;, &apos;bbox&apos;: (276.936, 338.49199999999996, 279.70599999999996, 351.782), &apos;color_space&apos;: &apos;DeviceGray&apos;, &apos;ncolor&apos;: None, &apos;size&apos;: 13.29000000000002, &apos;value&apos;: &apos;.&apos;, &apos;children&apos;: [], &apos;features&apos;: {}}, {&apos;type&apos;: &apos;text&apos;, &apos;bbox&apos;: (279.70599999999996, 338.49199999999996, 282.47599999999994, 351.782), &apos;color_space&apos;: &apos;DeviceGray&apos;, &apos;ncolor&apos;: None, &apos;size&apos;: 13.29000000000002, &apos;value&apos;: &apos;.&apos;, &apos;children&apos;: [], &apos;features&apos;: {}}, {&apos;type&apos;: &apos;text&apos;, &apos;bbox&apos;: (282.476, 338.49199999999996, 285.246, 351.782), &apos;color_space&apos;: &apos;DeviceGray&apos;, &apos;ncolor&apos;: None, &apos;size&apos;: 13.29000000000002, &apos;value&apos;: &apos;.&apos;, &apos;children&apos;: [], &apos;features&apos;: {}}, {&apos;type&apos;: &apos;text&apos;, &apos;bbox&apos;: (285.246, 338.49199999999996, 288.01599999999996, 351.782), &apos;color_space&apos;: &apos;DeviceGray&apos;, &apos;ncolor&apos;: None, &apos;size&apos;: 13.29000000000002, &apos;value&apos;: &apos;.&apos;, &apos;children&apos;: [], &apos;features&apos;: {}}, {&apos;type&apos;: &apos;text&apos;, &apos;bbox&apos;: (288.01599999999996, 338.49199999999996, 290.78599999999994, 351.782), &apos;color_space&apos;: &apos;DeviceGray&apos;, &apos;ncolor&apos;: None, &apos;size&apos;: 13.29000000000002, &apos;value&apos;: &apos;.&apos;, &apos;children&apos;: [], &apos;features&apos;: {}}, {&apos;type&apos;: &apos;text&apos;, &apos;bbox&apos;: (290.78599999999994, 338.49199999999996, 293.5559999999999, 351.782), &apos;color_space&apos;: &apos;DeviceGray&apos;, &apos;ncolor&apos;: None, &apos;size&apos;: 13.29000000000002, &apos;value&apos;: &apos;.&apos;, &apos;children&apos;: [], &apos;features&apos;: {}}, {&apos;type&apos;: &apos;text&apos;, &apos;bbox&apos;: (293.556, 338.49199999999996, 296.32599999999996, 351.782), &apos;color_space&apos;: &apos;DeviceGray&apos;, &apos;ncolor&apos;: None, &apos;size&apos;: 13.29000000000002, &apos;value&apos;: &apos;.&apos;, &apos;children&apos;: [], &apos;features&apos;: {}}, {&apos;type&apos;: &apos;text&apos;, &apos;bbox&apos;: (296.32599999999996, 338.49199999999996, 299.09599999999995, 351.782), &apos;color_space&apos;: &apos;DeviceGray&apos;, &apos;ncolor&apos;: None, &apos;size&apos;: 13.29000000000002, &apos;value&apos;: &apos;.&apos;, &apos;children&apos;: [], &apos;features&apos;: {}}, {&apos;type&apos;: &apos;text&apos;, &apos;bbox&apos;: (299.096, 338.49199999999996, 301.866, 351.782), &apos;color_space&apos;: &apos;DeviceGray&apos;, &apos;ncolor&apos;: None, &apos;size&apos;: 13.29000000000002, &apos;value&apos;: &apos;.&apos;, &apos;children&apos;: [], &apos;features&apos;: {}}, {&apos;type&apos;: &apos;text&apos;, &apos;bbox&apos;: (301.866, 338.49199999999996, 304.63599999999997, 351.782), &apos;color_space&apos;: &apos;DeviceGray&apos;, &apos;ncolor&apos;: None, &apos;size&apos;: 13.29000000000002, &apos;value&apos;: &apos;.&apos;, &apos;children&apos;: [], &apos;features&apos;: {}}, {&apos;type&apos;: &apos;text&apos;, &apos;bbox&apos;: (304.63599999999997, 338.49199999999996, 307.40599999999995, 351.782), &apos;color_space&apos;: &apos;DeviceGray&apos;, &apos;ncolor&apos;: None, &apos;size&apos;: 13.29000000000002, &apos;value&apos;: &apos;.&apos;, &apos;children&apos;: [], &apos;features&apos;: {}}, {&apos;type&apos;: &apos;text&apos;, &apos;bbox&apos;: (307.406, 338.49199999999996, 310.176, 351.782), &apos;color_space&apos;: &apos;DeviceGray&apos;, &apos;ncolor&apos;: None, &apos;size&apos;: 13.29000000000002, &apos;value&apos;: &apos;.&apos;, &apos;children&apos;: [], &apos;features&apos;: {}}, {&apos;type&apos;: &apos;text&apos;, &apos;bbox&apos;: (310.176, 338.49199999999996, 312.94599999999997, 351.782), &apos;color_space&apos;: &apos;DeviceGray&apos;, &apos;ncolor&apos;: None, &apos;size&apos;: 13.29000000000002, &apos;value&apos;: &apos;.&apos;, &apos;children&apos;: [], &apos;features&apos;: {}}, {&apos;type&apos;: &apos;text&apos;, &apos;bbox&apos;: (312.946, 338.49199999999996, 315.716, 351.782), &apos;color_space&apos;: &apos;DeviceGray&apos;, &apos;ncolor&apos;: None, &apos;size&apos;: 13.29000000000002, &apos;value&apos;: &apos;.&apos;, &apos;children&apos;: [], &apos;features&apos;: {}}, {&apos;type&apos;: &apos;text&apos;, &apos;bbox&apos;: (315.716, 338.49199999999996, 318.486, 351.782), &apos;color_space&apos;: &apos;DeviceGray&apos;, &apos;ncolor&apos;: None, &apos;size&apos;: 13.29000000000002, &apos;value&apos;: &apos;.&apos;, &apos;children&apos;: [], &apos;features&apos;: {}}, {&apos;type&apos;: &apos;text&apos;, &apos;bbox&apos;: (318.486, 338.49199999999996, 321.256, 351.782), &apos;color_space&apos;: &apos;DeviceGray&apos;, &apos;ncolor&apos;: None, &apos;size&apos;: 13.29000000000002, &apos;value&apos;: &apos;.&apos;, &apos;children&apos;: [], &apos;features&apos;: {}}, {&apos;type&apos;: &apos;text&apos;, &apos;bbox&apos;: (321.25600000000003, 338.49199999999996, 324.026, 351.782), &apos;color_space&apos;: &apos;DeviceGray&apos;, &apos;ncolor&apos;: None, &apos;size&apos;: 13.29000000000002, &apos;value&apos;: &apos;.&apos;, &apos;children&apos;: [], &apos;features&apos;: {}}, {&apos;type&apos;: &apos;text&apos;, &apos;bbox&apos;: (324.026, 338.49199999999996, 326.796, 351.782), &apos;color_space&apos;: &apos;DeviceGray&apos;, &apos;ncolor&apos;: None, &apos;size&apos;: 13.29000000000002, &apos;value&apos;: &apos;.&apos;, &apos;children&apos;: [], &apos;features&apos;: {}}, {&apos;type&apos;: &apos;text&apos;, &apos;bbox&apos;: (326.796, 338.49199999999996, 329.566, 351.782), &apos;color_space&apos;: &apos;DeviceGray&apos;, &apos;ncolor&apos;: None, &apos;size&apos;: 13.29000000000002, &apos;value&apos;: &apos;.&apos;, &apos;children&apos;: [], &apos;features&apos;: {}}, {&apos;type&apos;: &apos;text&apos;, &apos;bbox&apos;: (329.56600000000003, 338.49199999999996, 332.336, 351.782), &apos;color_space&apos;: &apos;DeviceGray&apos;, &apos;ncolor&apos;: None, &apos;size&apos;: 13.29000000000002, &apos;value&apos;: &apos;.&apos;, &apos;children&apos;: [], &apos;features&apos;: {}}, {&apos;type&apos;: &apos;text&apos;, &apos;bbox&apos;: (332.336, 338.49199999999996, 335.106, 351.782), &apos;color_space&apos;: &apos;DeviceGray&apos;, &apos;ncolor&apos;: None, &apos;size&apos;: 13.29000000000002, &apos;value&apos;: &apos;.&apos;, &apos;children&apos;: [], &apos;features&apos;: {}}, {&apos;type&apos;: &apos;text&apos;, &apos;bbox&apos;: (335.106, 338.49199999999996, 337.876, 351.782), &apos;color_space&apos;: &apos;DeviceGray&apos;, &apos;ncolor&apos;: None, &apos;size&apos;: 13.29000000000002, &apos;value&apos;: &apos;.&apos;, &apos;children&apos;: [], &apos;features&apos;: {}}, {&apos;type&apos;: &apos;text&apos;, &apos;bbox&apos;: (337.876, 338.49199999999996, 340.64599999999996, 351.782), &apos;color_space&apos;: &apos;DeviceGray&apos;, &apos;ncolor&apos;: None, &apos;size&apos;: 13.29000000000002, &apos;value&apos;: &apos;.&apos;, &apos;children&apos;: [], &apos;features&apos;: {}}, {&apos;type&apos;: &apos;text&apos;, &apos;bbox&apos;: (340.64599999999996, 338.49199999999996, 343.41599999999994, 351.782), &apos;color_space&apos;: &apos;DeviceGray&apos;, &apos;ncolor&apos;: None, &apos;size&apos;: 13.29000000000002, &apos;value&apos;: &apos;.&apos;, &apos;children&apos;: [], &apos;features&apos;: {}}, {&apos;type&apos;: &apos;text&apos;, &apos;bbox&apos;: (343.416, 338.49199999999996, 346.186, 351.782), &apos;color_space&apos;: &apos;DeviceGray&apos;, &apos;ncolor&apos;: None, &apos;size&apos;: 13.29000000000002, &apos;value&apos;: &apos;.&apos;, &apos;children&apos;: [], &apos;features&apos;: {}}, {&apos;type&apos;: &apos;text&apos;, &apos;bbox&apos;: (346.186, 338.49199999999996, 348.95599999999996, 351.782), &apos;color_space&apos;: &apos;DeviceGray&apos;, &apos;ncolor&apos;: None, &apos;size&apos;: 13.29000000000002, &apos;value&apos;: &apos;.&apos;, &apos;children&apos;: [], &apos;features&apos;: {}}, {&apos;type&apos;: &apos;text&apos;, &apos;bbox&apos;: (348.95599999999996, 338.49199999999996, 351.72599999999994, 351.782), &apos;color_space&apos;: &apos;DeviceGray&apos;, &apos;ncolor&apos;: None, &apos;size&apos;: 13.29000000000002, &apos;value&apos;: &apos;.&apos;, &apos;children&apos;: [], &apos;features&apos;: {}}, {&apos;type&apos;: &apos;text&apos;, &apos;bbox&apos;: (351.726, 338.49199999999996, 354.496, 351.782), &apos;color_space&apos;: &apos;DeviceGray&apos;, &apos;ncolor&apos;: None, &apos;size&apos;: 13.29000000000002, &apos;value&apos;: &apos;.&apos;, &apos;children&apos;: [], &apos;features&apos;: {}}, {&apos;type&apos;: &apos;text&apos;, &apos;bbox&apos;: (354.496, 338.49199999999996, 357.26599999999996, 351.782), &apos;color_space&apos;: &apos;DeviceGray&apos;, &apos;ncolor&apos;: None, &apos;size&apos;: 13.29000000000002, &apos;value&apos;: &apos;.&apos;, &apos;children&apos;: [], &apos;features&apos;: {}}, {&apos;type&apos;: &apos;text&apos;, &apos;bbox&apos;: (357.26599999999996, 338.49199999999996, 360.03599999999994, 351.782), &apos;color_space&apos;: &apos;DeviceGray&apos;, &apos;ncolor&apos;: None, &apos;size&apos;: 13.29000000000002, &apos;value&apos;: &apos;.&apos;, &apos;children&apos;: [], &apos;features&apos;: {}}, {&apos;type&apos;: &apos;text&apos;, &apos;bbox&apos;: (360.03599999999994, 338.49199999999996, 362.8059999999999, 351.782), &apos;color_space&apos;: &apos;DeviceGray&apos;, &apos;ncolor&apos;: None, &apos;size&apos;: 13.29000000000002, &apos;value&apos;: &apos;.&apos;, &apos;children&apos;: [], &apos;features&apos;: {}}, {&apos;type&apos;: &apos;text&apos;, &apos;bbox&apos;: (362.8059999999999, 338.49199999999996, 365.5759999999999, 351.782), &apos;color_space&apos;: &apos;DeviceGray&apos;, &apos;ncolor&apos;: None, &apos;size&apos;: 13.29000000000002, &apos;value&apos;: &apos;.&apos;, &apos;children&apos;: [], &apos;features&apos;: {}}, {&apos;type&apos;: &apos;text&apos;, &apos;bbox&apos;: (365.57599999999996, 338.49199999999996, 368.34599999999995, 351.782), &apos;color_space&apos;: &apos;DeviceGray&apos;, &apos;ncolor&apos;: None, &apos;size&apos;: 13.29000000000002, &apos;value&apos;: &apos;.&apos;, &apos;children&apos;: [], &apos;features&apos;: {}}, {&apos;type&apos;: &apos;text&apos;, &apos;bbox&apos;: (368.34599999999995, 338.49199999999996, 371.11599999999993, 351.782), &apos;color_space&apos;: &apos;DeviceGray&apos;, &apos;ncolor&apos;: None, &apos;size&apos;: 13.29000000000002, &apos;value&apos;: &apos;.&apos;, &apos;children&apos;: [], &apos;features&apos;: {}}, {&apos;type&apos;: &apos;text&apos;, &apos;bbox&apos;: (371.11599999999993, 338.49199999999996, 373.8859999999999, 351.782), &apos;color_space&apos;: &apos;DeviceGray&apos;, &apos;ncolor&apos;: None, &apos;size&apos;: 13.29000000000002, &apos;value&apos;: &apos;.&apos;, &apos;children&apos;: [], &apos;features&apos;: {}}, {&apos;type&apos;: &apos;text&apos;, &apos;bbox&apos;: (373.88599999999997, 338.49199999999996, 376.65599999999995, 351.782), &apos;color_space&apos;: &apos;DeviceGray&apos;, &apos;ncolor&apos;: None, &apos;size&apos;: 13.29000000000002, &apos;value&apos;: &apos;.&apos;, &apos;children&apos;: [], &apos;features&apos;: {}}, {&apos;type&apos;: &apos;text&apos;, &apos;bbox&apos;: (376.65599999999995, 338.49199999999996, 379.42599999999993, 351.782), &apos;color_space&apos;: &apos;DeviceGray&apos;, &apos;ncolor&apos;: None, &apos;size&apos;: 13.29000000000002, &apos;value&apos;: &apos;.&apos;, &apos;children&apos;: [], &apos;features&apos;: {}}, {&apos;type&apos;: &apos;text&apos;, &apos;bbox&apos;: (379.42599999999993, 338.49199999999996, 382.1959999999999, 351.782), &apos;color_space&apos;: &apos;DeviceGray&apos;, &apos;ncolor&apos;: None, &apos;size&apos;: 13.29000000000002, &apos;value&apos;: &apos;.&apos;, &apos;children&apos;: [], &apos;features&apos;: {}}, {&apos;type&apos;: &apos;text&apos;, &apos;bbox&apos;: (382.1959999999999, 338.49199999999996, 384.9659999999999, 351.782), &apos;color_space&apos;: &apos;DeviceGray&apos;, &apos;ncolor&apos;: None, &apos;size&apos;: 13.29000000000002, &apos;value&apos;: &apos;.&apos;, &apos;children&apos;: [], &apos;features&apos;: {}}, {&apos;type&apos;: &apos;text&apos;, &apos;bbox&apos;: (384.9659999999999, 338.49199999999996, 387.7359999999999, 351.782), &apos;color_space&apos;: &apos;DeviceGray&apos;, &apos;ncolor&apos;: None, &apos;size&apos;: 13.29000000000002, &apos;value&apos;: &apos;.&apos;, &apos;children&apos;: [], &apos;features&apos;: {}}, {&apos;type&apos;: &apos;text&apos;, &apos;bbox&apos;: (387.73599999999993, 338.49199999999996, 390.5059999999999, 351.782), &apos;color_space&apos;: &apos;DeviceGray&apos;, &apos;ncolor&apos;: None, &apos;size&apos;: 13.29000000000002, &apos;value&apos;: &apos;.&apos;, &apos;children&apos;: [], &apos;features&apos;: {}}, {&apos;type&apos;: &apos;text&apos;, &apos;bbox&apos;: (390.5059999999999, 338.49199999999996, 393.2759999999999, 351.782), &apos;color_space&apos;: &apos;DeviceGray&apos;, &apos;ncolor&apos;: None, &apos;size&apos;: 13.29000000000002, &apos;value&apos;: &apos;.&apos;, &apos;children&apos;: [], &apos;features&apos;: {}}, {&apos;type&apos;: &apos;text&apos;, &apos;bbox&apos;: (393.27599999999995, 338.49199999999996, 396.04599999999994, 351.782), &apos;color_space&apos;: &apos;DeviceGray&apos;, &apos;ncolor&apos;: None, &apos;size&apos;: 13.29000000000002, &apos;value&apos;: &apos;.&apos;, &apos;children&apos;: [], &apos;features&apos;: {}}, {&apos;type&apos;: &apos;text&apos;, &apos;bbox&apos;: (396.04599999999994, 338.49199999999996, 398.8159999999999, 351.782), &apos;color_space&apos;: &apos;DeviceGray&apos;, &apos;ncolor&apos;: None, &apos;size&apos;: 13.29000000000002, &apos;value&apos;: &apos;.&apos;, &apos;children&apos;: [], &apos;features&apos;: {}}, {&apos;type&apos;: &apos;text&apos;, &apos;bbox&apos;: (398.8159999999999, 338.49199999999996, 401.5859999999999, 351.782), &apos;color_space&apos;: &apos;DeviceGray&apos;, &apos;ncolor&apos;: None, &apos;size&apos;: 13.29000000000002, &apos;value&apos;: &apos;.&apos;, &apos;children&apos;: [], &apos;features&apos;: {}}, {&apos;type&apos;: &apos;text&apos;, &apos;bbox&apos;: (401.58599999999996, 338.49199999999996, 404.35599999999994, 351.782), &apos;color_space&apos;: &apos;DeviceGray&apos;, &apos;ncolor&apos;: None, &apos;size&apos;: 13.29000000000002, &apos;value&apos;: &apos;.&apos;, &apos;children&apos;: [], &apos;features&apos;: {}}, {&apos;type&apos;: &apos;text&apos;, &apos;bbox&apos;: (404.356, 338.49199999999996, 407.126, 351.782), &apos;color_space&apos;: &apos;DeviceGray&apos;, &apos;ncolor&apos;: None, &apos;size&apos;: 13.29000000000002, &apos;value&apos;: &apos;.&apos;, &apos;children&apos;: [], &apos;features&apos;: {}}, {&apos;type&apos;: &apos;text&apos;, &apos;bbox&apos;: (407.126, 338.49199999999996, 409.89599999999996, 351.782), &apos;color_space&apos;: &apos;DeviceGray&apos;, &apos;ncolor&apos;: None, &apos;size&apos;: 13.29000000000002, &apos;value&apos;: &apos;.&apos;, &apos;children&apos;: [], &apos;features&apos;: {}}, {&apos;type&apos;: &apos;text&apos;, &apos;bbox&apos;: (409.89599999999996, 338.49199999999996, 412.66599999999994, 351.782), &apos;color_space&apos;: &apos;DeviceGray&apos;, &apos;ncolor&apos;: None, &apos;size&apos;: 13.29000000000002, &apos;value&apos;: &apos;.&apos;, &apos;children&apos;: [], &apos;features&apos;: {}}, {&apos;type&apos;: &apos;text&apos;, &apos;bbox&apos;: (412.666, 338.49199999999996, 415.436, 351.782), &apos;color_space&apos;: &apos;DeviceGray&apos;, &apos;ncolor&apos;: None, &apos;size&apos;: 13.29000000000002, &apos;value&apos;: &apos;.&apos;, &apos;children&apos;: [], &apos;features&apos;: {}}, {&apos;type&apos;: &apos;text&apos;, &apos;bbox&apos;: (415.43600000000004, 338.49199999999996, 418.206, 351.782), &apos;color_space&apos;: &apos;DeviceGray&apos;, &apos;ncolor&apos;: None, &apos;size&apos;: 13.29000000000002, &apos;value&apos;: &apos;.&apos;, &apos;children&apos;: [], &apos;features&apos;: {}}, {&apos;type&apos;: &apos;text&apos;, &apos;bbox&apos;: (418.206, 338.49199999999996, 420.976, 351.782), &apos;color_space&apos;: &apos;DeviceGray&apos;, &apos;ncolor&apos;: None, &apos;size&apos;: 13.29000000000002, &apos;value&apos;: &apos;.&apos;, &apos;children&apos;: [], &apos;features&apos;: {}}, {&apos;type&apos;: &apos;text&apos;, &apos;bbox&apos;: (420.976, 338.49199999999996, 423.746, 351.782), &apos;color_space&apos;: &apos;DeviceGray&apos;, &apos;ncolor&apos;: None, &apos;size&apos;: 13.29000000000002, &apos;value&apos;: &apos;.&apos;, &apos;children&apos;: [], &apos;features&apos;: {}}, {&apos;type&apos;: &apos;text&apos;, &apos;bbox&apos;: (423.74600000000004, 338.49199999999996, 426.516, 351.782), &apos;color_space&apos;: &apos;DeviceGray&apos;, &apos;ncolor&apos;: None, &apos;size&apos;: 13.29000000000002, &apos;value&apos;: &apos;.&apos;, &apos;children&apos;: [], &apos;features&apos;: {}}, {&apos;type&apos;: &apos;text&apos;, &apos;bbox&apos;: (426.5160000000001, 338.49199999999996, 429.28600000000006, 351.782), &apos;color_space&apos;: &apos;DeviceGray&apos;, &apos;ncolor&apos;: None, &apos;size&apos;: 13.29000000000002, &apos;value&apos;: &apos;.&apos;, &apos;children&apos;: [], &apos;features&apos;: {}}, {&apos;type&apos;: &apos;text&apos;, &apos;bbox&apos;: (429.28600000000006, 338.49199999999996, 432.05600000000004, 351.782), &apos;color_space&apos;: &apos;DeviceGray&apos;, &apos;ncolor&apos;: None, &apos;size&apos;: 13.29000000000002, &apos;value&apos;: &apos;.&apos;, &apos;children&apos;: [], &apos;features&apos;: {}}, {&apos;type&apos;: &apos;text&apos;, &apos;bbox&apos;: (432.05600000000004, 338.49199999999996, 434.826, 351.782), &apos;color_space&apos;: &apos;DeviceGray&apos;, &apos;ncolor&apos;: None, &apos;size&apos;: 13.29000000000002, &apos;value&apos;: &apos;.&apos;, &apos;children&apos;: [], &apos;features&apos;: {}}, {&apos;type&apos;: &apos;text&apos;, &apos;bbox&apos;: (434.8260000000001, 338.49199999999996, 437.59600000000006, 351.782), &apos;color_space&apos;: &apos;DeviceGray&apos;, &apos;ncolor&apos;: None, &apos;size&apos;: 13.29000000000002, &apos;value&apos;: &apos;.&apos;, &apos;children&apos;: [], &apos;features&apos;: {}}, {&apos;type&apos;: &apos;text&apos;, &apos;bbox&apos;: (437.5960000000001, 338.49199999999996, 440.3660000000001, 351.782), &apos;color_space&apos;: &apos;DeviceGray&apos;, &apos;ncolor&apos;: None, &apos;size&apos;: 13.29000000000002, &apos;value&apos;: &apos;.&apos;, &apos;children&apos;: [], &apos;features&apos;: {}}, {&apos;type&apos;: &apos;text&apos;, &apos;bbox&apos;: (440.3660000000001, 338.49199999999996, 443.1360000000001, 351.782), &apos;color_space&apos;: &apos;DeviceGray&apos;, &apos;ncolor&apos;: None, &apos;size&apos;: 13.29000000000002, &apos;value&apos;: &apos;.&apos;, &apos;children&apos;: [], &apos;features&apos;: {}}, {&apos;type&apos;: &apos;text&apos;, &apos;bbox&apos;: (443.1360000000001, 338.49199999999996, 445.90600000000006, 351.782), &apos;color_space&apos;: &apos;DeviceGray&apos;, &apos;ncolor&apos;: None, &apos;size&apos;: 13.29000000000002, &apos;value&apos;: &apos;.&apos;, &apos;children&apos;: [], &apos;features&apos;: {}}, {&apos;type&apos;: &apos;text&apos;, &apos;bbox&apos;: (445.9060000000001, 338.49199999999996, 448.6760000000001, 351.782), &apos;color_space&apos;: &apos;DeviceGray&apos;, &apos;ncolor&apos;: None, &apos;size&apos;: 13.29000000000002, &apos;value&apos;: &apos;.&apos;, &apos;children&apos;: [], &apos;features&apos;: {}}, {&apos;type&apos;: &apos;text&apos;, &apos;bbox&apos;: (448.67600000000016, 338.49199999999996, 451.44600000000014, 351.782), &apos;color_space&apos;: &apos;DeviceGray&apos;, &apos;ncolor&apos;: None, &apos;size&apos;: 13.29000000000002, &apos;value&apos;: &apos;.&apos;, &apos;children&apos;: [], &apos;features&apos;: {}}, {&apos;type&apos;: &apos;text&apos;, &apos;bbox&apos;: (451.44600000000014, 338.49199999999996, 454.2160000000001, 351.782), &apos;color_space&apos;: &apos;DeviceGray&apos;, &apos;ncolor&apos;: None, &apos;size&apos;: 13.29000000000002, &apos;value&apos;: &apos;.&apos;, &apos;children&apos;: [], &apos;features&apos;: {}}, {&apos;type&apos;: &apos;text&apos;, &apos;bbox&apos;: (454.2160000000001, 338.49199999999996, 456.9860000000001, 351.782), &apos;color_space&apos;: &apos;DeviceGray&apos;, &apos;ncolor&apos;: None, &apos;size&apos;: 13.29000000000002, &apos;value&apos;: &apos;.&apos;, &apos;children&apos;: [], &apos;features&apos;: {}}, {&apos;type&apos;: &apos;text&apos;, &apos;bbox&apos;: (456.98600000000016, 338.49199999999996, 459.75600000000014, 351.782), &apos;color_space&apos;: &apos;DeviceGray&apos;, &apos;ncolor&apos;: None, &apos;size&apos;: 13.29000000000002, &apos;value&apos;: &apos;.&apos;, &apos;children&apos;: [], &apos;features&apos;: {}}, {&apos;type&apos;: &apos;text&apos;, &apos;bbox&apos;: (459.7560000000002, 338.49199999999996, 462.5260000000002, 351.782), &apos;color_space&apos;: &apos;DeviceGray&apos;, &apos;ncolor&apos;: None, &apos;size&apos;: 13.29000000000002, &apos;value&apos;: &apos;.&apos;, &apos;children&apos;: [], &apos;features&apos;: {}}, {&apos;type&apos;: &apos;text&apos;, &apos;bbox&apos;: (462.5260000000002, 338.49199999999996, 465.29600000000016, 351.782), &apos;color_space&apos;: &apos;DeviceGray&apos;, &apos;ncolor&apos;: None, &apos;size&apos;: 13.29000000000002, &apos;value&apos;: &apos;.&apos;, &apos;children&apos;: [], &apos;features&apos;: {}}, {&apos;type&apos;: &apos;text&apos;, &apos;bbox&apos;: (465.29600000000016, 338.49199999999996, 468.06600000000014, 351.782), &apos;color_space&apos;: &apos;DeviceGray&apos;, &apos;ncolor&apos;: None, &apos;size&apos;: 13.29000000000002, &apos;value&apos;: &apos;.&apos;, &apos;children&apos;: [], &apos;features&apos;: {}}, {&apos;type&apos;: &apos;text&apos;, &apos;bbox&apos;: (468.0660000000002, 338.49199999999996, 470.8360000000002, 351.782), &apos;color_space&apos;: &apos;DeviceGray&apos;, &apos;ncolor&apos;: None, &apos;size&apos;: 13.29000000000002, &apos;value&apos;: &apos;.&apos;, &apos;children&apos;: [], &apos;features&apos;: {}}, {&apos;type&apos;: &apos;text&apos;, &apos;bbox&apos;: (470.83600000000024, 338.49199999999996, 473.6060000000002, 351.782), &apos;color_space&apos;: &apos;DeviceGray&apos;, &apos;ncolor&apos;: None, &apos;size&apos;: 13.29000000000002, &apos;value&apos;: &apos;.&apos;, &apos;children&apos;: [], &apos;features&apos;: {}}, {&apos;type&apos;: &apos;text&apos;, &apos;bbox&apos;: (473.6060000000002, 338.49199999999996, 476.3760000000002, 351.782), &apos;color_space&apos;: &apos;DeviceGray&apos;, &apos;ncolor&apos;: None, &apos;size&apos;: 13.29000000000002, &apos;value&apos;: &apos;.&apos;, &apos;children&apos;: [], &apos;features&apos;: {}}, {&apos;type&apos;: &apos;text&apos;, &apos;bbox&apos;: (476.3760000000002, 338.49199999999996, 479.1460000000002, 351.782), &apos;color_space&apos;: &apos;DeviceGray&apos;, &apos;ncolor&apos;: None, &apos;size&apos;: 13.29000000000002, &apos;value&apos;: &apos;.&apos;, &apos;children&apos;: [], &apos;features&apos;: {}}, {&apos;type&apos;: &apos;text&apos;, &apos;bbox&apos;: (479.14600000000024, 338.49199999999996, 481.9160000000002, 351.782), &apos;color_space&apos;: &apos;DeviceGray&apos;, &apos;ncolor&apos;: None, &apos;size&apos;: 13.29000000000002, &apos;value&apos;: &apos;.&apos;, &apos;children&apos;: [], &apos;features&apos;: {}}, {&apos;type&apos;: &apos;text&apos;, &apos;bbox&apos;: (481.9160000000003, 338.49199999999996, 484.68600000000026, 351.782), &apos;color_space&apos;: &apos;DeviceGray&apos;, &apos;ncolor&apos;: None, &apos;size&apos;: 13.29000000000002, &apos;value&apos;: &apos;.&apos;, &apos;children&apos;: [], &apos;features&apos;: {}}, {&apos;type&apos;: &apos;text&apos;, &apos;bbox&apos;: (484.68600000000026, 338.49199999999996, 487.45600000000024, 351.782), &apos;color_space&apos;: &apos;DeviceGray&apos;, &apos;ncolor&apos;: None, &apos;size&apos;: 13.29000000000002, &apos;value&apos;: &apos;.&apos;, &apos;children&apos;: [], &apos;features&apos;: {}}, {&apos;type&apos;: &apos;text&apos;, &apos;bbox&apos;: (487.45600000000024, 338.49199999999996, 490.2260000000002, 351.782), &apos;color_space&apos;: &apos;DeviceGray&apos;, &apos;ncolor&apos;: None, &apos;size&apos;: 13.29000000000002, &apos;value&apos;: &apos;.&apos;, &apos;children&apos;: [], &apos;features&apos;: {}}, {&apos;type&apos;: &apos;text&apos;, &apos;bbox&apos;: (490.2260000000003, 338.49199999999996, 492.99600000000027, 351.782), &apos;color_space&apos;: &apos;DeviceGray&apos;, &apos;ncolor&apos;: None, &apos;size&apos;: 13.29000000000002, &apos;value&apos;: &apos;.&apos;, &apos;children&apos;: [], &apos;features&apos;: {}}, {&apos;type&apos;: &apos;text&apos;, &apos;bbox&apos;: (492.9960000000003, 338.49199999999996, 495.7660000000003, 351.782), &apos;color_space&apos;: &apos;DeviceGray&apos;, &apos;ncolor&apos;: None, &apos;size&apos;: 13.29000000000002, &apos;value&apos;: &apos;.&apos;, &apos;children&apos;: [], &apos;features&apos;: {}}, {&apos;type&apos;: &apos;text&apos;, &apos;bbox&apos;: (495.7660000000003, 338.49199999999996, 498.5360000000003, 351.782), &apos;color_space&apos;: &apos;DeviceGray&apos;, &apos;ncolor&apos;: None, &apos;size&apos;: 13.29000000000002, &apos;value&apos;: &apos;.&apos;, &apos;children&apos;: [], &apos;features&apos;: {}}, {&apos;type&apos;: &apos;text&apos;, &apos;bbox&apos;: (498.5360000000003, 338.49199999999996, 501.30600000000027, 351.782), &apos;color_space&apos;: &apos;DeviceGray&apos;, &apos;ncolor&apos;: None, &apos;size&apos;: 13.29000000000002, &apos;value&apos;: &apos;.&apos;, &apos;children&apos;: [], &apos;features&apos;: {}}, {&apos;type&apos;: &apos;text&apos;, &apos;bbox&apos;: (501.3060000000003, 338.49199999999996, 504.0760000000003, 351.782), &apos;color_space&apos;: &apos;DeviceGray&apos;, &apos;ncolor&apos;: None, &apos;size&apos;: 13.29000000000002, &apos;value&apos;: &apos;.&apos;, &apos;children&apos;: [], &apos;features&apos;: {}}, {&apos;type&apos;: &apos;text&apos;, &apos;bbox&apos;: (504.07600000000036, 338.49199999999996, 506.84600000000034, 351.782), &apos;color_space&apos;: &apos;DeviceGray&apos;, &apos;ncolor&apos;: None, &apos;size&apos;: 13.29000000000002, &apos;value&apos;: &apos;.&apos;, &apos;children&apos;: [], &apos;features&apos;: {}}, {&apos;type&apos;: &apos;text&apos;, &apos;bbox&apos;: (506.84600000000034, 338.49199999999996, 509.6160000000003, 351.782), &apos;color_space&apos;: &apos;DeviceGray&apos;, &apos;ncolor&apos;: None, &apos;size&apos;: 13.29000000000002, &apos;value&apos;: &apos;.&apos;, &apos;children&apos;: [], &apos;features&apos;: {}}, {&apos;type&apos;: &apos;text&apos;, &apos;bbox&apos;: (509.6160000000003, 338.49199999999996, 512.3860000000003, 351.782), &apos;color_space&apos;: &apos;DeviceGray&apos;, &apos;ncolor&apos;: None, &apos;size&apos;: 13.29000000000002, &apos;value&apos;: &apos;.&apos;, &apos;children&apos;: [], &apos;features&apos;: {}}, {&apos;type&apos;: &apos;text&apos;, &apos;bbox&apos;: (512.3860000000004, 338.49199999999996, 515.1560000000004, 351.782), &apos;color_space&apos;: &apos;DeviceGray&apos;, &apos;ncolor&apos;: None, &apos;size&apos;: 13.29000000000002, &apos;value&apos;: &apos;.&apos;, &apos;children&apos;: [], &apos;features&apos;: {}}, {&apos;type&apos;: &apos;text&apos;, &apos;bbox&apos;: (515.1560000000004, 338.49199999999996, 517.9260000000004, 351.782), &apos;color_space&apos;: &apos;DeviceGray&apos;, &apos;ncolor&apos;: None, &apos;size&apos;: 13.29000000000002, &apos;value&apos;: &apos;.&apos;, &apos;children&apos;: [], &apos;features&apos;: {}}, {&apos;type&apos;: &apos;text&apos;, &apos;bbox&apos;: (517.9260000000004, 338.49199999999996, 520.6960000000004, 351.782), &apos;color_space&apos;: &apos;DeviceGray&apos;, &apos;ncolor&apos;: None, &apos;size&apos;: 13.29000000000002, &apos;value&apos;: &apos;.&apos;, &apos;children&apos;: [], &apos;features&apos;: {}}, {&apos;type&apos;: &apos;text&apos;, &apos;bbox&apos;: (520.6960000000004, 338.49199999999996, 523.4660000000003, 351.782), &apos;color_space&apos;: &apos;DeviceGray&apos;, &apos;ncolor&apos;: None, &apos;size&apos;: 13.29000000000002, &apos;value&apos;: &apos;.&apos;, &apos;children&apos;: [], &apos;features&apos;: {}}, {&apos;type&apos;: &apos;text&apos;, &apos;bbox&apos;: (525.548, 338.49199999999996, 531.108, 351.782), &apos;color_space&apos;: &apos;DeviceGray&apos;, &apos;ncolor&apos;: None, &apos;size&apos;: 13.29000000000002, &apos;value&apos;: &apos;1&apos;, &apos;children&apos;: [], &apos;features&apos;: {}}, {&apos;type&apos;: &apos;text&apos;, &apos;bbox&apos;: (531.108, 338.49199999999996, 534.438, 351.782), &apos;color_space&apos;: &apos;DeviceGray&apos;, &apos;ncolor&apos;: None, &apos;size&apos;: 13.29000000000002, &apos;value&apos;: &apos;-&apos;, &apos;children&apos;: [], &apos;features&apos;: {}}, {&apos;type&apos;: &apos;text&apos;, &apos;bbox&apos;: (534.439, 338.49199999999996, 539.9989999999999, 351.782), &apos;color_space&apos;: &apos;DeviceGray&apos;, &apos;ncolor&apos;: None, &apos;size&apos;: 13.29000000000002, &apos;value&apos;: &apos;4&apos;, &apos;children&apos;: [], &apos;features&apos;: {}}], &apos;features&apos;: {}}
*********************





--------------------------------- CONTENT AREA --------------------------------- 
This content area has an image
{&apos;type&apos;: &apos;figure&apos;, &apos;bbox&apos;: (0, 0, 612.0, 792.0), &apos;name&apos;: &apos;fx5&apos;, &apos;children&apos;: [{&apos;type&apos;: &apos;text&apos;, &apos;bbox&apos;: (114.0, 286.473, 122.33, 299.953), &apos;color_space&apos;: &apos;DeviceGray&apos;, &apos;ncolor&apos;: None, &apos;size&apos;: 13.479999999999961, &apos;value&apos;: &apos;O&apos;, &apos;children&apos;: [], &apos;features&apos;: {}}, {&apos;type&apos;: &apos;text&apos;, &apos;bbox&apos;: (122.33, 286.473, 127.88, 299.953), &apos;color_space&apos;: &apos;DeviceGray&apos;, &apos;ncolor&apos;: None, &apos;size&apos;: 13.479999999999961, &apos;value&apos;: &apos;v&apos;, &apos;children&apos;: [], &apos;features&apos;: {}}, {&apos;type&apos;: &apos;text&apos;, &apos;bbox&apos;: (127.88, 286.473, 132.88, 299.953), &apos;color_space&apos;: &apos;DeviceGray&apos;, &apos;ncolor&apos;: None, &apos;size&apos;: 13.479999999999961, &apos;value&apos;: &apos;e&apos;, &apos;children&apos;: [], &apos;features&apos;: {}}, {&apos;type&apos;: &apos;text&apos;, &apos;bbox&apos;: (132.88, 286.473, 136.76999999999998, 299.953), &apos;color_space&apos;: &apos;DeviceGray&apos;, &apos;ncolor&apos;: None, &apos;size&apos;: 13.479999999999961, &apos;value&apos;: &apos;r&apos;, &apos;children&apos;: [], &apos;features&apos;: {}}, {&apos;type&apos;: &apos;text&apos;, &apos;bbox&apos;: (136.77, 286.473, 142.32000000000002, 299.953), &apos;color_space&apos;: &apos;DeviceGray&apos;, &apos;ncolor&apos;: None, &apos;size&apos;: 13.479999999999961, &apos;value&apos;: &apos;v&apos;, &apos;children&apos;: [], &apos;features&apos;: {}}, {&apos;type&apos;: &apos;text&apos;, &apos;bbox&apos;: (142.32, 286.473, 145.65, 299.953), &apos;color_space&apos;: &apos;DeviceGray&apos;, &apos;ncolor&apos;: None, &apos;size&apos;: 13.479999999999961, &apos;value&apos;: &apos;i&apos;, &apos;children&apos;: [], &apos;features&apos;: {}}, {&apos;type&apos;: &apos;text&apos;, &apos;bbox&apos;: (145.65, 286.473, 150.65, 299.953), &apos;color_space&apos;: &apos;DeviceGray&apos;, &apos;ncolor&apos;: None, &apos;size&apos;: 13.479999999999961, &apos;value&apos;: &apos;e&apos;, &apos;children&apos;: [], &apos;features&apos;: {}}, {&apos;type&apos;: &apos;text&apos;, &apos;bbox&apos;: (150.65, 286.473, 158.98000000000002, 299.953), &apos;color_space&apos;: &apos;DeviceGray&apos;, &apos;ncolor&apos;: None, &apos;size&apos;: 13.479999999999961, &apos;value&apos;: &apos;w&apos;, &apos;children&apos;: [], &apos;features&apos;: {}}, {&apos;type&apos;: &apos;text&apos;, &apos;bbox&apos;: (161.495, 286.473, 167.055, 299.953), &apos;color_space&apos;: &apos;DeviceGray&apos;, &apos;ncolor&apos;: None, &apos;size&apos;: 13.479999999999961, &apos;value&apos;: &apos;o&apos;, &apos;children&apos;: [], &apos;features&apos;: {}}, {&apos;type&apos;: &apos;text&apos;, &apos;bbox&apos;: (167.055, 286.473, 170.945, 299.953), &apos;color_space&apos;: &apos;DeviceGray&apos;, &apos;ncolor&apos;: None, &apos;size&apos;: 13.479999999999961, &apos;value&apos;: &apos;f&apos;, &apos;children&apos;: [], &apos;features&apos;: {}}, {&apos;type&apos;: &apos;text&apos;, &apos;bbox&apos;: (173.448, 286.473, 176.77800000000002, 299.953), &apos;color_space&apos;: &apos;DeviceGray&apos;, &apos;ncolor&apos;: None, &apos;size&apos;: 13.479999999999961, &apos;value&apos;: &apos;t&apos;, &apos;children&apos;: [], &apos;features&apos;: {}}, {&apos;type&apos;: &apos;text&apos;, &apos;bbox&apos;: (176.77800000000002, 286.473, 182.87800000000001, 299.953), &apos;color_space&apos;: &apos;DeviceGray&apos;, &apos;ncolor&apos;: None, &apos;size&apos;: 13.479999999999961, &apos;value&apos;: &apos;h&apos;, &apos;children&apos;: [], &apos;features&apos;: {}}, {&apos;type&apos;: &apos;text&apos;, &apos;bbox&apos;: (182.87800000000001, 286.473, 187.87800000000001, 299.953), &apos;color_space&apos;: &apos;DeviceGray&apos;, &apos;ncolor&apos;: None, &apos;size&apos;: 13.479999999999961, &apos;value&apos;: &apos;e&apos;, &apos;children&apos;: [], &apos;features&apos;: {}}, {&apos;type&apos;: &apos;text&apos;, &apos;bbox&apos;: (190.386, 286.473, 194.27599999999998, 299.953), &apos;color_space&apos;: &apos;DeviceGray&apos;, &apos;ncolor&apos;: None, &apos;size&apos;: 13.479999999999961, &apos;value&apos;: &apos;I&apos;, &apos;children&apos;: [], &apos;features&apos;: {}}, {&apos;type&apos;: &apos;text&apos;, &apos;bbox&apos;: (194.27599999999998, 286.473, 202.606, 299.953), &apos;color_space&apos;: &apos;DeviceGray&apos;, &apos;ncolor&apos;: None, &apos;size&apos;: 13.479999999999961, &apos;value&apos;: &apos;N&apos;, &apos;children&apos;: [], &apos;features&apos;: {}}, {&apos;type&apos;: &apos;text&apos;, &apos;bbox&apos;: (202.606, 286.473, 208.706, 299.953), &apos;color_space&apos;: &apos;DeviceGray&apos;, &apos;ncolor&apos;: None, &apos;size&apos;: 13.479999999999961, &apos;value&apos;: &apos;S&apos;, &apos;children&apos;: [], &apos;features&apos;: {}}, {&apos;type&apos;: &apos;text&apos;, &apos;bbox&apos;: (208.706, 286.473, 215.36599999999999, 299.953), &apos;color_space&apos;: &apos;DeviceGray&apos;, &apos;ncolor&apos;: None, &apos;size&apos;: 13.479999999999961, &apos;value&apos;: &apos;T&apos;, &apos;children&apos;: [], &apos;features&apos;: {}}, {&apos;type&apos;: &apos;text&apos;, &apos;bbox&apos;: (215.36599999999999, 286.473, 222.49599999999998, 299.953), &apos;color_space&apos;: &apos;DeviceGray&apos;, &apos;ncolor&apos;: None, &apos;size&apos;: 13.479999999999961, &apos;value&apos;: &apos;R&apos;, &apos;children&apos;: [], &apos;features&apos;: {}}, {&apos;type&apos;: &apos;text&apos;, &apos;bbox&apos;: (222.49599999999998, 286.473, 230.266, 299.953), &apos;color_space&apos;: &apos;DeviceGray&apos;, &apos;ncolor&apos;: None, &apos;size&apos;: 13.479999999999961, &apos;value&apos;: &apos;U&apos;, &apos;children&apos;: [], &apos;features&apos;: {}}, {&apos;type&apos;: &apos;text&apos;, &apos;bbox&apos;: (230.266, 286.473, 240.266, 299.953), &apos;color_space&apos;: &apos;DeviceGray&apos;, &apos;ncolor&apos;: None, &apos;size&apos;: 13.479999999999961, &apos;value&apos;: &apos;M&apos;, &apos;children&apos;: [], &apos;features&apos;: {}}, {&apos;type&apos;: &apos;text&apos;, &apos;bbox&apos;: (240.266, 286.473, 246.316, 299.953), &apos;color_space&apos;: &apos;DeviceGray&apos;, &apos;ncolor&apos;: None, &apos;size&apos;: 13.479999999999961, &apos;value&apos;: &apos;E&apos;, &apos;children&apos;: [], &apos;features&apos;: {}}, {&apos;type&apos;: &apos;text&apos;, &apos;bbox&apos;: (246.316, 286.473, 254.64600000000002, 299.953), &apos;color_space&apos;: &apos;DeviceGray&apos;, &apos;ncolor&apos;: None, &apos;size&apos;: 13.479999999999961, &apos;value&apos;: &apos;N&apos;, &apos;children&apos;: [], &apos;features&apos;: {}}, {&apos;type&apos;: &apos;text&apos;, &apos;bbox&apos;: (254.64600000000002, 286.473, 261.30600000000004, 299.953), &apos;color_space&apos;: &apos;DeviceGray&apos;, &apos;ncolor&apos;: None, &apos;size&apos;: 13.479999999999961, &apos;value&apos;: &apos;T&apos;, &apos;children&apos;: [], &apos;features&apos;: {}}, {&apos;type&apos;: &apos;text&apos;, &apos;bbox&apos;: (261.306, 286.473, 267.406, 299.953), &apos;color_space&apos;: &apos;DeviceGray&apos;, &apos;ncolor&apos;: None, &apos;size&apos;: 13.479999999999961, &apos;value&apos;: &apos;S&apos;, &apos;children&apos;: [], &apos;features&apos;: {}}, {&apos;type&apos;: &apos;text&apos;, &apos;bbox&apos;: (269.97, 286.473, 278.28000000000003, 299.953), &apos;color_space&apos;: &apos;DeviceGray&apos;, &apos;ncolor&apos;: None, &apos;size&apos;: 13.479999999999961, &apos;value&apos;: &apos;D&apos;, &apos;children&apos;: [], &apos;features&apos;: {}}, {&apos;type&apos;: &apos;text&apos;, &apos;bbox&apos;: (278.28000000000003, 286.473, 283.28000000000003, 299.953), &apos;color_space&apos;: &apos;DeviceGray&apos;, &apos;ncolor&apos;: None, &apos;size&apos;: 13.479999999999961, &apos;value&apos;: &apos;a&apos;, &apos;children&apos;: [], &apos;features&apos;: {}}, {&apos;type&apos;: &apos;text&apos;, &apos;bbox&apos;: (283.28000000000003, 286.473, 286.61, 299.953), &apos;color_space&apos;: &apos;DeviceGray&apos;, &apos;ncolor&apos;: None, &apos;size&apos;: 13.479999999999961, &apos;value&apos;: &apos;t&apos;, &apos;children&apos;: [], &apos;features&apos;: {}}, {&apos;type&apos;: &apos;text&apos;, &apos;bbox&apos;: (286.61, 286.473, 291.61, 299.953), &apos;color_space&apos;: &apos;DeviceGray&apos;, &apos;ncolor&apos;: None, &apos;size&apos;: 13.479999999999961, &apos;value&apos;: &apos;a&apos;, &apos;children&apos;: [], &apos;features&apos;: {}}, {&apos;type&apos;: &apos;text&apos;, &apos;bbox&apos;: (291.61, 286.473, 297.71000000000004, 299.953), &apos;color_space&apos;: &apos;DeviceGray&apos;, &apos;ncolor&apos;: None, &apos;size&apos;: 13.479999999999961, &apos;value&apos;: &apos;b&apos;, &apos;children&apos;: [], &apos;features&apos;: {}}, {&apos;type&apos;: &apos;text&apos;, &apos;bbox&apos;: (297.71000000000004, 286.473, 302.71000000000004, 299.953), &apos;color_space&apos;: &apos;DeviceGray&apos;, &apos;ncolor&apos;: None, &apos;size&apos;: 13.479999999999961, &apos;value&apos;: &apos;a&apos;, &apos;children&apos;: [], &apos;features&apos;: {}}, {&apos;type&apos;: &apos;text&apos;, &apos;bbox&apos;: (302.71000000000004, 286.473, 307.14000000000004, 299.953), &apos;color_space&apos;: &apos;DeviceGray&apos;, &apos;ncolor&apos;: None, &apos;size&apos;: 13.479999999999961, &apos;value&apos;: &apos;s&apos;, &apos;children&apos;: [], &apos;features&apos;: {}}, {&apos;type&apos;: &apos;text&apos;, &apos;bbox&apos;: (307.14000000000004, 286.473, 312.14000000000004, 299.953), &apos;color_space&apos;: &apos;DeviceGray&apos;, &apos;ncolor&apos;: None, &apos;size&apos;: 13.479999999999961, &apos;value&apos;: &apos;e&apos;, &apos;children&apos;: [], &apos;features&apos;: {}}, {&apos;type&apos;: &apos;text&apos;, &apos;bbox&apos;: (314.657, 286.473, 317.98699999999997, 299.953), &apos;color_space&apos;: &apos;DeviceGray&apos;, &apos;ncolor&apos;: None, &apos;size&apos;: 13.479999999999961, &apos;value&apos;: &apos;t&apos;, &apos;children&apos;: [], &apos;features&apos;: {}}, {&apos;type&apos;: &apos;text&apos;, &apos;bbox&apos;: (317.98699999999997, 286.473, 322.98699999999997, 299.953), &apos;color_space&apos;: &apos;DeviceGray&apos;, &apos;ncolor&apos;: None, &apos;size&apos;: 13.479999999999961, &apos;value&apos;: &apos;a&apos;, &apos;children&apos;: [], &apos;features&apos;: {}}, {&apos;type&apos;: &apos;text&apos;, &apos;bbox&apos;: (322.98699999999997, 286.473, 329.087, 299.953), &apos;color_space&apos;: &apos;DeviceGray&apos;, &apos;ncolor&apos;: None, &apos;size&apos;: 13.479999999999961, &apos;value&apos;: &apos;b&apos;, &apos;children&apos;: [], &apos;features&apos;: {}}, {&apos;type&apos;: &apos;text&apos;, &apos;bbox&apos;: (329.087, 286.473, 332.417, 299.953), &apos;color_space&apos;: &apos;DeviceGray&apos;, &apos;ncolor&apos;: None, &apos;size&apos;: 13.479999999999961, &apos;value&apos;: &apos;l&apos;, &apos;children&apos;: [], &apos;features&apos;: {}}, {&apos;type&apos;: &apos;text&apos;, &apos;bbox&apos;: (332.417, 286.473, 337.417, 299.953), &apos;color_space&apos;: &apos;DeviceGray&apos;, &apos;ncolor&apos;: None, &apos;size&apos;: 13.479999999999961, &apos;value&apos;: &apos;e&apos;, &apos;children&apos;: [], &apos;features&apos;: {}}, {&apos;type&apos;: &apos;text&apos;, &apos;bbox&apos;: (337.417, 286.473, 341.847, 299.953), &apos;color_space&apos;: &apos;DeviceGray&apos;, &apos;ncolor&apos;: None, &apos;size&apos;: 13.479999999999961, &apos;value&apos;: &apos;s&apos;, &apos;children&apos;: [], &apos;features&apos;: {}}, {&apos;type&apos;: &apos;text&apos;, &apos;bbox&apos;: (341.864, 287.203, 344.63399999999996, 300.493), &apos;color_space&apos;: &apos;DeviceGray&apos;, &apos;ncolor&apos;: None, &apos;size&apos;: 13.29000000000002, &apos;value&apos;: &apos;.&apos;, &apos;children&apos;: [], &apos;features&apos;: {}}, {&apos;type&apos;: &apos;text&apos;, &apos;bbox&apos;: (344.63399999999996, 287.203, 347.40399999999994, 300.493), &apos;color_space&apos;: &apos;DeviceGray&apos;, &apos;ncolor&apos;: None, &apos;size&apos;: 13.29000000000002, &apos;value&apos;: &apos;.&apos;, &apos;children&apos;: [], &apos;features&apos;: {}}, {&apos;type&apos;: &apos;text&apos;, &apos;bbox&apos;: (347.404, 287.203, 350.174, 300.493), &apos;color_space&apos;: &apos;DeviceGray&apos;, &apos;ncolor&apos;: None, &apos;size&apos;: 13.29000000000002, &apos;value&apos;: &apos;.&apos;, &apos;children&apos;: [], &apos;features&apos;: {}}, {&apos;type&apos;: &apos;text&apos;, &apos;bbox&apos;: (350.174, 287.203, 352.94399999999996, 300.493), &apos;color_space&apos;: &apos;DeviceGray&apos;, &apos;ncolor&apos;: None, &apos;size&apos;: 13.29000000000002, &apos;value&apos;: &apos;.&apos;, &apos;children&apos;: [], &apos;features&apos;: {}}, {&apos;type&apos;: &apos;text&apos;, &apos;bbox&apos;: (352.94399999999996, 287.203, 355.71399999999994, 300.493), &apos;color_space&apos;: &apos;DeviceGray&apos;, &apos;ncolor&apos;: None, &apos;size&apos;: 13.29000000000002, &apos;value&apos;: &apos;.&apos;, &apos;children&apos;: [], &apos;features&apos;: {}}, {&apos;type&apos;: &apos;text&apos;, &apos;bbox&apos;: (355.714, 287.203, 358.484, 300.493), &apos;color_space&apos;: &apos;DeviceGray&apos;, &apos;ncolor&apos;: None, &apos;size&apos;: 13.29000000000002, &apos;value&apos;: &apos;.&apos;, &apos;children&apos;: [], &apos;features&apos;: {}}, {&apos;type&apos;: &apos;text&apos;, &apos;bbox&apos;: (358.484, 287.203, 361.25399999999996, 300.493), &apos;color_space&apos;: &apos;DeviceGray&apos;, &apos;ncolor&apos;: None, &apos;size&apos;: 13.29000000000002, &apos;value&apos;: &apos;.&apos;, &apos;children&apos;: [], &apos;features&apos;: {}}, {&apos;type&apos;: &apos;text&apos;, &apos;bbox&apos;: (361.25399999999996, 287.203, 364.02399999999994, 300.493), &apos;color_space&apos;: &apos;DeviceGray&apos;, &apos;ncolor&apos;: None, &apos;size&apos;: 13.29000000000002, &apos;value&apos;: &apos;.&apos;, &apos;children&apos;: [], &apos;features&apos;: {}}, {&apos;type&apos;: &apos;text&apos;, &apos;bbox&apos;: (364.024, 287.203, 366.794, 300.493), &apos;color_space&apos;: &apos;DeviceGray&apos;, &apos;ncolor&apos;: None, &apos;size&apos;: 13.29000000000002, &apos;value&apos;: &apos;.&apos;, &apos;children&apos;: [], &apos;features&apos;: {}}, {&apos;type&apos;: &apos;text&apos;, &apos;bbox&apos;: (366.794, 287.203, 369.56399999999996, 300.493), &apos;color_space&apos;: &apos;DeviceGray&apos;, &apos;ncolor&apos;: None, &apos;size&apos;: 13.29000000000002, &apos;value&apos;: &apos;.&apos;, &apos;children&apos;: [], &apos;features&apos;: {}}, {&apos;type&apos;: &apos;text&apos;, &apos;bbox&apos;: (369.56399999999996, 287.203, 372.33399999999995, 300.493), &apos;color_space&apos;: &apos;DeviceGray&apos;, &apos;ncolor&apos;: None, &apos;size&apos;: 13.29000000000002, &apos;value&apos;: &apos;.&apos;, &apos;children&apos;: [], &apos;features&apos;: {}}, {&apos;type&apos;: &apos;text&apos;, &apos;bbox&apos;: (372.33399999999995, 287.203, 375.1039999999999, 300.493), &apos;color_space&apos;: &apos;DeviceGray&apos;, &apos;ncolor&apos;: None, &apos;size&apos;: 13.29000000000002, &apos;value&apos;: &apos;.&apos;, &apos;children&apos;: [], &apos;features&apos;: {}}, {&apos;type&apos;: &apos;text&apos;, &apos;bbox&apos;: (375.104, 287.203, 377.87399999999997, 300.493), &apos;color_space&apos;: &apos;DeviceGray&apos;, &apos;ncolor&apos;: None, &apos;size&apos;: 13.29000000000002, &apos;value&apos;: &apos;.&apos;, &apos;children&apos;: [], &apos;features&apos;: {}}, {&apos;type&apos;: &apos;text&apos;, &apos;bbox&apos;: (377.87399999999997, 287.203, 380.64399999999995, 300.493), &apos;color_space&apos;: &apos;DeviceGray&apos;, &apos;ncolor&apos;: None, &apos;size&apos;: 13.29000000000002, &apos;value&apos;: &apos;.&apos;, &apos;children&apos;: [], &apos;features&apos;: {}}, {&apos;type&apos;: &apos;text&apos;, &apos;bbox&apos;: (380.644, 287.203, 383.414, 300.493), &apos;color_space&apos;: &apos;DeviceGray&apos;, &apos;ncolor&apos;: None, &apos;size&apos;: 13.29000000000002, &apos;value&apos;: &apos;.&apos;, &apos;children&apos;: [], &apos;features&apos;: {}}, {&apos;type&apos;: &apos;text&apos;, &apos;bbox&apos;: (383.414, 287.203, 386.18399999999997, 300.493), &apos;color_space&apos;: &apos;DeviceGray&apos;, &apos;ncolor&apos;: None, &apos;size&apos;: 13.29000000000002, &apos;value&apos;: &apos;.&apos;, &apos;children&apos;: [], &apos;features&apos;: {}}, {&apos;type&apos;: &apos;text&apos;, &apos;bbox&apos;: (386.18399999999997, 287.203, 388.95399999999995, 300.493), &apos;color_space&apos;: &apos;DeviceGray&apos;, &apos;ncolor&apos;: None, &apos;size&apos;: 13.29000000000002, &apos;value&apos;: &apos;.&apos;, &apos;children&apos;: [], &apos;features&apos;: {}}, {&apos;type&apos;: &apos;text&apos;, &apos;bbox&apos;: (388.954, 287.203, 391.724, 300.493), &apos;color_space&apos;: &apos;DeviceGray&apos;, &apos;ncolor&apos;: None, &apos;size&apos;: 13.29000000000002, &apos;value&apos;: &apos;.&apos;, &apos;children&apos;: [], &apos;features&apos;: {}}, {&apos;type&apos;: &apos;text&apos;, &apos;bbox&apos;: (391.724, 287.203, 394.49399999999997, 300.493), &apos;color_space&apos;: &apos;DeviceGray&apos;, &apos;ncolor&apos;: None, &apos;size&apos;: 13.29000000000002, &apos;value&apos;: &apos;.&apos;, &apos;children&apos;: [], &apos;features&apos;: {}}, {&apos;type&apos;: &apos;text&apos;, &apos;bbox&apos;: (394.494, 287.203, 397.264, 300.493), &apos;color_space&apos;: &apos;DeviceGray&apos;, &apos;ncolor&apos;: None, &apos;size&apos;: 13.29000000000002, &apos;value&apos;: &apos;.&apos;, &apos;children&apos;: [], &apos;features&apos;: {}}, {&apos;type&apos;: &apos;text&apos;, &apos;bbox&apos;: (397.264, 287.203, 400.034, 300.493), &apos;color_space&apos;: &apos;DeviceGray&apos;, &apos;ncolor&apos;: None, &apos;size&apos;: 13.29000000000002, &apos;value&apos;: &apos;.&apos;, &apos;children&apos;: [], &apos;features&apos;: {}}, {&apos;type&apos;: &apos;text&apos;, &apos;bbox&apos;: (400.034, 287.203, 402.804, 300.493), &apos;color_space&apos;: &apos;DeviceGray&apos;, &apos;ncolor&apos;: None, &apos;size&apos;: 13.29000000000002, &apos;value&apos;: &apos;.&apos;, &apos;children&apos;: [], &apos;features&apos;: {}}, {&apos;type&apos;: &apos;text&apos;, &apos;bbox&apos;: (402.80400000000003, 287.203, 405.574, 300.493), &apos;color_space&apos;: &apos;DeviceGray&apos;, &apos;ncolor&apos;: None, &apos;size&apos;: 13.29000000000002, &apos;value&apos;: &apos;.&apos;, &apos;children&apos;: [], &apos;features&apos;: {}}, {&apos;type&apos;: &apos;text&apos;, &apos;bbox&apos;: (405.574, 287.203, 408.344, 300.493), &apos;color_space&apos;: &apos;DeviceGray&apos;, &apos;ncolor&apos;: None, &apos;size&apos;: 13.29000000000002, &apos;value&apos;: &apos;.&apos;, &apos;children&apos;: [], &apos;features&apos;: {}}, {&apos;type&apos;: &apos;text&apos;, &apos;bbox&apos;: (408.344, 287.203, 411.114, 300.493), &apos;color_space&apos;: &apos;DeviceGray&apos;, &apos;ncolor&apos;: None, &apos;size&apos;: 13.29000000000002, &apos;value&apos;: &apos;.&apos;, &apos;children&apos;: [], &apos;features&apos;: {}}, {&apos;type&apos;: &apos;text&apos;, &apos;bbox&apos;: (411.11400000000003, 287.203, 413.884, 300.493), &apos;color_space&apos;: &apos;DeviceGray&apos;, &apos;ncolor&apos;: None, &apos;size&apos;: 13.29000000000002, &apos;value&apos;: &apos;.&apos;, &apos;children&apos;: [], &apos;features&apos;: {}}, {&apos;type&apos;: &apos;text&apos;, &apos;bbox&apos;: (413.884, 287.203, 416.654, 300.493), &apos;color_space&apos;: &apos;DeviceGray&apos;, &apos;ncolor&apos;: None, &apos;size&apos;: 13.29000000000002, &apos;value&apos;: &apos;.&apos;, &apos;children&apos;: [], &apos;features&apos;: {}}, {&apos;type&apos;: &apos;text&apos;, &apos;bbox&apos;: (416.654, 287.203, 419.424, 300.493), &apos;color_space&apos;: &apos;DeviceGray&apos;, &apos;ncolor&apos;: None, &apos;size&apos;: 13.29000000000002, &apos;value&apos;: &apos;.&apos;, &apos;children&apos;: [], &apos;features&apos;: {}}, {&apos;type&apos;: &apos;text&apos;, &apos;bbox&apos;: (419.424, 287.203, 422.19399999999996, 300.493), &apos;color_space&apos;: &apos;DeviceGray&apos;, &apos;ncolor&apos;: None, &apos;size&apos;: 13.29000000000002, &apos;value&apos;: &apos;.&apos;, &apos;children&apos;: [], &apos;features&apos;: {}}, {&apos;type&apos;: &apos;text&apos;, &apos;bbox&apos;: (422.19399999999996, 287.203, 424.96399999999994, 300.493), &apos;color_space&apos;: &apos;DeviceGray&apos;, &apos;ncolor&apos;: None, &apos;size&apos;: 13.29000000000002, &apos;value&apos;: &apos;.&apos;, &apos;children&apos;: [], &apos;features&apos;: {}}, {&apos;type&apos;: &apos;text&apos;, &apos;bbox&apos;: (424.964, 287.203, 427.734, 300.493), &apos;color_space&apos;: &apos;DeviceGray&apos;, &apos;ncolor&apos;: None, &apos;size&apos;: 13.29000000000002, &apos;value&apos;: &apos;.&apos;, &apos;children&apos;: [], &apos;features&apos;: {}}, {&apos;type&apos;: &apos;text&apos;, &apos;bbox&apos;: (427.734, 287.203, 430.50399999999996, 300.493), &apos;color_space&apos;: &apos;DeviceGray&apos;, &apos;ncolor&apos;: None, &apos;size&apos;: 13.29000000000002, &apos;value&apos;: &apos;.&apos;, &apos;children&apos;: [], &apos;features&apos;: {}}, {&apos;type&apos;: &apos;text&apos;, &apos;bbox&apos;: (430.50399999999996, 287.203, 433.27399999999994, 300.493), &apos;color_space&apos;: &apos;DeviceGray&apos;, &apos;ncolor&apos;: None, &apos;size&apos;: 13.29000000000002, &apos;value&apos;: &apos;.&apos;, &apos;children&apos;: [], &apos;features&apos;: {}}, {&apos;type&apos;: &apos;text&apos;, &apos;bbox&apos;: (433.274, 287.203, 436.044, 300.493), &apos;color_space&apos;: &apos;DeviceGray&apos;, &apos;ncolor&apos;: None, &apos;size&apos;: 13.29000000000002, &apos;value&apos;: &apos;.&apos;, &apos;children&apos;: [], &apos;features&apos;: {}}, {&apos;type&apos;: &apos;text&apos;, &apos;bbox&apos;: (436.044, 287.203, 438.81399999999996, 300.493), &apos;color_space&apos;: &apos;DeviceGray&apos;, &apos;ncolor&apos;: None, &apos;size&apos;: 13.29000000000002, &apos;value&apos;: &apos;.&apos;, &apos;children&apos;: [], &apos;features&apos;: {}}, {&apos;type&apos;: &apos;text&apos;, &apos;bbox&apos;: (438.81399999999996, 287.203, 441.58399999999995, 300.493), &apos;color_space&apos;: &apos;DeviceGray&apos;, &apos;ncolor&apos;: None, &apos;size&apos;: 13.29000000000002, &apos;value&apos;: &apos;.&apos;, &apos;children&apos;: [], &apos;features&apos;: {}}, {&apos;type&apos;: &apos;text&apos;, &apos;bbox&apos;: (441.58399999999995, 287.203, 444.3539999999999, 300.493), &apos;color_space&apos;: &apos;DeviceGray&apos;, &apos;ncolor&apos;: None, &apos;size&apos;: 13.29000000000002, &apos;value&apos;: &apos;.&apos;, &apos;children&apos;: [], &apos;features&apos;: {}}, {&apos;type&apos;: &apos;text&apos;, &apos;bbox&apos;: (444.3539999999999, 287.203, 447.1239999999999, 300.493), &apos;color_space&apos;: &apos;DeviceGray&apos;, &apos;ncolor&apos;: None, &apos;size&apos;: 13.29000000000002, &apos;value&apos;: &apos;.&apos;, &apos;children&apos;: [], &apos;features&apos;: {}}, {&apos;type&apos;: &apos;text&apos;, &apos;bbox&apos;: (447.12399999999997, 287.203, 449.89399999999995, 300.493), &apos;color_space&apos;: &apos;DeviceGray&apos;, &apos;ncolor&apos;: None, &apos;size&apos;: 13.29000000000002, &apos;value&apos;: &apos;.&apos;, &apos;children&apos;: [], &apos;features&apos;: {}}, {&apos;type&apos;: &apos;text&apos;, &apos;bbox&apos;: (449.89399999999995, 287.203, 452.66399999999993, 300.493), &apos;color_space&apos;: &apos;DeviceGray&apos;, &apos;ncolor&apos;: None, &apos;size&apos;: 13.29000000000002, &apos;value&apos;: &apos;.&apos;, &apos;children&apos;: [], &apos;features&apos;: {}}, {&apos;type&apos;: &apos;text&apos;, &apos;bbox&apos;: (452.66399999999993, 287.203, 455.4339999999999, 300.493), &apos;color_space&apos;: &apos;DeviceGray&apos;, &apos;ncolor&apos;: None, &apos;size&apos;: 13.29000000000002, &apos;value&apos;: &apos;.&apos;, &apos;children&apos;: [], &apos;features&apos;: {}}, {&apos;type&apos;: &apos;text&apos;, &apos;bbox&apos;: (455.43399999999997, 287.203, 458.20399999999995, 300.493), &apos;color_space&apos;: &apos;DeviceGray&apos;, &apos;ncolor&apos;: None, &apos;size&apos;: 13.29000000000002, &apos;value&apos;: &apos;.&apos;, &apos;children&apos;: [], &apos;features&apos;: {}}, {&apos;type&apos;: &apos;text&apos;, &apos;bbox&apos;: (458.20399999999995, 287.203, 460.97399999999993, 300.493), &apos;color_space&apos;: &apos;DeviceGray&apos;, &apos;ncolor&apos;: None, &apos;size&apos;: 13.29000000000002, &apos;value&apos;: &apos;.&apos;, &apos;children&apos;: [], &apos;features&apos;: {}}, {&apos;type&apos;: &apos;text&apos;, &apos;bbox&apos;: (460.97399999999993, 287.203, 463.7439999999999, 300.493), &apos;color_space&apos;: &apos;DeviceGray&apos;, &apos;ncolor&apos;: None, &apos;size&apos;: 13.29000000000002, &apos;value&apos;: &apos;.&apos;, &apos;children&apos;: [], &apos;features&apos;: {}}, {&apos;type&apos;: &apos;text&apos;, &apos;bbox&apos;: (463.7439999999999, 287.203, 466.5139999999999, 300.493), &apos;color_space&apos;: &apos;DeviceGray&apos;, &apos;ncolor&apos;: None, &apos;size&apos;: 13.29000000000002, &apos;value&apos;: &apos;.&apos;, &apos;children&apos;: [], &apos;features&apos;: {}}, {&apos;type&apos;: &apos;text&apos;, &apos;bbox&apos;: (466.5139999999999, 287.203, 469.2839999999999, 300.493), &apos;color_space&apos;: &apos;DeviceGray&apos;, &apos;ncolor&apos;: None, &apos;size&apos;: 13.29000000000002, &apos;value&apos;: &apos;.&apos;, &apos;children&apos;: [], &apos;features&apos;: {}}, {&apos;type&apos;: &apos;text&apos;, &apos;bbox&apos;: (469.28399999999993, 287.203, 472.0539999999999, 300.493), &apos;color_space&apos;: &apos;DeviceGray&apos;, &apos;ncolor&apos;: None, &apos;size&apos;: 13.29000000000002, &apos;value&apos;: &apos;.&apos;, &apos;children&apos;: [], &apos;features&apos;: {}}, {&apos;type&apos;: &apos;text&apos;, &apos;bbox&apos;: (472.0539999999999, 287.203, 474.8239999999999, 300.493), &apos;color_space&apos;: &apos;DeviceGray&apos;, &apos;ncolor&apos;: None, &apos;size&apos;: 13.29000000000002, &apos;value&apos;: &apos;.&apos;, &apos;children&apos;: [], &apos;features&apos;: {}}, {&apos;type&apos;: &apos;text&apos;, &apos;bbox&apos;: (474.82399999999996, 287.203, 477.59399999999994, 300.493), &apos;color_space&apos;: &apos;DeviceGray&apos;, &apos;ncolor&apos;: None, &apos;size&apos;: 13.29000000000002, &apos;value&apos;: &apos;.&apos;, &apos;children&apos;: [], &apos;features&apos;: {}}, {&apos;type&apos;: &apos;text&apos;, &apos;bbox&apos;: (477.59399999999994, 287.203, 480.3639999999999, 300.493), &apos;color_space&apos;: &apos;DeviceGray&apos;, &apos;ncolor&apos;: None, &apos;size&apos;: 13.29000000000002, &apos;value&apos;: &apos;.&apos;, &apos;children&apos;: [], &apos;features&apos;: {}}, {&apos;type&apos;: &apos;text&apos;, &apos;bbox&apos;: (480.3639999999999, 287.203, 483.1339999999999, 300.493), &apos;color_space&apos;: &apos;DeviceGray&apos;, &apos;ncolor&apos;: None, &apos;size&apos;: 13.29000000000002, &apos;value&apos;: &apos;.&apos;, &apos;children&apos;: [], &apos;features&apos;: {}}, {&apos;type&apos;: &apos;text&apos;, &apos;bbox&apos;: (483.13399999999996, 287.203, 485.90399999999994, 300.493), &apos;color_space&apos;: &apos;DeviceGray&apos;, &apos;ncolor&apos;: None, &apos;size&apos;: 13.29000000000002, &apos;value&apos;: &apos;.&apos;, &apos;children&apos;: [], &apos;features&apos;: {}}, {&apos;type&apos;: &apos;text&apos;, &apos;bbox&apos;: (485.904, 287.203, 488.674, 300.493), &apos;color_space&apos;: &apos;DeviceGray&apos;, &apos;ncolor&apos;: None, &apos;size&apos;: 13.29000000000002, &apos;value&apos;: &apos;.&apos;, &apos;children&apos;: [], &apos;features&apos;: {}}, {&apos;type&apos;: &apos;text&apos;, &apos;bbox&apos;: (488.674, 287.203, 491.44399999999996, 300.493), &apos;color_space&apos;: &apos;DeviceGray&apos;, &apos;ncolor&apos;: None, &apos;size&apos;: 13.29000000000002, &apos;value&apos;: &apos;.&apos;, &apos;children&apos;: [], &apos;features&apos;: {}}, {&apos;type&apos;: &apos;text&apos;, &apos;bbox&apos;: (491.44399999999996, 287.203, 494.21399999999994, 300.493), &apos;color_space&apos;: &apos;DeviceGray&apos;, &apos;ncolor&apos;: None, &apos;size&apos;: 13.29000000000002, &apos;value&apos;: &apos;.&apos;, &apos;children&apos;: [], &apos;features&apos;: {}}, {&apos;type&apos;: &apos;text&apos;, &apos;bbox&apos;: (494.214, 287.203, 496.984, 300.493), &apos;color_space&apos;: &apos;DeviceGray&apos;, &apos;ncolor&apos;: None, &apos;size&apos;: 13.29000000000002, &apos;value&apos;: &apos;.&apos;, &apos;children&apos;: [], &apos;features&apos;: {}}, {&apos;type&apos;: &apos;text&apos;, &apos;bbox&apos;: (496.98400000000004, 287.203, 499.754, 300.493), &apos;color_space&apos;: &apos;DeviceGray&apos;, &apos;ncolor&apos;: None, &apos;size&apos;: 13.29000000000002, &apos;value&apos;: &apos;.&apos;, &apos;children&apos;: [], &apos;features&apos;: {}}, {&apos;type&apos;: &apos;text&apos;, &apos;bbox&apos;: (499.754, 287.203, 502.524, 300.493), &apos;color_space&apos;: &apos;DeviceGray&apos;, &apos;ncolor&apos;: None, &apos;size&apos;: 13.29000000000002, &apos;value&apos;: &apos;.&apos;, &apos;children&apos;: [], &apos;features&apos;: {}}, {&apos;type&apos;: &apos;text&apos;, &apos;bbox&apos;: (502.524, 287.203, 505.294, 300.493), &apos;color_space&apos;: &apos;DeviceGray&apos;, &apos;ncolor&apos;: None, &apos;size&apos;: 13.29000000000002, &apos;value&apos;: &apos;.&apos;, &apos;children&apos;: [], &apos;features&apos;: {}}, {&apos;type&apos;: &apos;text&apos;, &apos;bbox&apos;: (505.29400000000004, 287.203, 508.064, 300.493), &apos;color_space&apos;: &apos;DeviceGray&apos;, &apos;ncolor&apos;: None, &apos;size&apos;: 13.29000000000002, &apos;value&apos;: &apos;.&apos;, &apos;children&apos;: [], &apos;features&apos;: {}}, {&apos;type&apos;: &apos;text&apos;, &apos;bbox&apos;: (508.0640000000001, 287.203, 510.83400000000006, 300.493), &apos;color_space&apos;: &apos;DeviceGray&apos;, &apos;ncolor&apos;: None, &apos;size&apos;: 13.29000000000002, &apos;value&apos;: &apos;.&apos;, &apos;children&apos;: [], &apos;features&apos;: {}}, {&apos;type&apos;: &apos;text&apos;, &apos;bbox&apos;: (510.83400000000006, 287.203, 513.604, 300.493), &apos;color_space&apos;: &apos;DeviceGray&apos;, &apos;ncolor&apos;: None, &apos;size&apos;: 13.29000000000002, &apos;value&apos;: &apos;.&apos;, &apos;children&apos;: [], &apos;features&apos;: {}}, {&apos;type&apos;: &apos;text&apos;, &apos;bbox&apos;: (513.604, 287.203, 516.374, 300.493), &apos;color_space&apos;: &apos;DeviceGray&apos;, &apos;ncolor&apos;: None, &apos;size&apos;: 13.29000000000002, &apos;value&apos;: &apos;.&apos;, &apos;children&apos;: [], &apos;features&apos;: {}}, {&apos;type&apos;: &apos;text&apos;, &apos;bbox&apos;: (516.374, 287.203, 519.144, 300.493), &apos;color_space&apos;: &apos;DeviceGray&apos;, &apos;ncolor&apos;: None, &apos;size&apos;: 13.29000000000002, &apos;value&apos;: &apos;.&apos;, &apos;children&apos;: [], &apos;features&apos;: {}}, {&apos;type&apos;: &apos;text&apos;, &apos;bbox&apos;: (519.1440000000001, 287.203, 521.9140000000001, 300.493), &apos;color_space&apos;: &apos;DeviceGray&apos;, &apos;ncolor&apos;: None, &apos;size&apos;: 13.29000000000002, &apos;value&apos;: &apos;.&apos;, &apos;children&apos;: [], &apos;features&apos;: {}}, {&apos;type&apos;: &apos;text&apos;, &apos;bbox&apos;: (521.9140000000001, 287.203, 524.6840000000001, 300.493), &apos;color_space&apos;: &apos;DeviceGray&apos;, &apos;ncolor&apos;: None, &apos;size&apos;: 13.29000000000002, &apos;value&apos;: &apos;.&apos;, &apos;children&apos;: [], &apos;features&apos;: {}}, {&apos;type&apos;: &apos;text&apos;, &apos;bbox&apos;: (525.548, 287.203, 531.108, 300.493), &apos;color_space&apos;: &apos;DeviceGray&apos;, &apos;ncolor&apos;: None, &apos;size&apos;: 13.29000000000002, &apos;value&apos;: &apos;2&apos;, &apos;children&apos;: [], &apos;features&apos;: {}}, {&apos;type&apos;: &apos;text&apos;, &apos;bbox&apos;: (531.108, 287.203, 534.438, 300.493), &apos;color_space&apos;: &apos;DeviceGray&apos;, &apos;ncolor&apos;: None, &apos;size&apos;: 13.29000000000002, &apos;value&apos;: &apos;-&apos;, &apos;children&apos;: [], &apos;features&apos;: {}}, {&apos;type&apos;: &apos;text&apos;, &apos;bbox&apos;: (534.439, 287.203, 539.9989999999999, 300.493), &apos;color_space&apos;: &apos;DeviceGray&apos;, &apos;ncolor&apos;: None, &apos;size&apos;: 13.29000000000002, &apos;value&apos;: &apos;1&apos;, &apos;children&apos;: [], &apos;features&apos;: {}}], &apos;features&apos;: {}}
*********************





--------------------------------- CONTENT AREA --------------------------------- 
This content area has an image
{&apos;type&apos;: &apos;figure&apos;, &apos;bbox&apos;: (0, 0, 612.0, 792.0), &apos;name&apos;: &apos;fx6&apos;, &apos;children&apos;: [{&apos;type&apos;: &apos;text&apos;, &apos;bbox&apos;: (114.0, 270.98100000000005, 119.57, 284.461), &apos;color_space&apos;: &apos;DeviceGray&apos;, &apos;ncolor&apos;: None, &apos;size&apos;: 13.479999999999961, &apos;value&apos;: &apos;F&apos;, &apos;children&apos;: [], &apos;features&apos;: {}}, {&apos;type&apos;: &apos;text&apos;, &apos;bbox&apos;: (119.57, 270.98100000000005, 125.66999999999999, 284.461), &apos;color_space&apos;: &apos;DeviceGray&apos;, &apos;ncolor&apos;: None, &apos;size&apos;: 13.479999999999961, &apos;value&apos;: &apos;S&apos;, &apos;children&apos;: [], &apos;features&apos;: {}}, {&apos;type&apos;: &apos;text&apos;, &apos;bbox&apos;: (125.67, 270.98100000000005, 129.56, 284.461), &apos;color_space&apos;: &apos;DeviceGray&apos;, &apos;ncolor&apos;: None, &apos;size&apos;: 13.479999999999961, &apos;value&apos;: &apos;I&apos;, &apos;children&apos;: [], &apos;features&apos;: {}}, {&apos;type&apos;: &apos;text&apos;, &apos;bbox&apos;: (129.56, 270.98100000000005, 134.56, 284.461), &apos;color_space&apos;: &apos;DeviceGray&apos;, &apos;ncolor&apos;: None, &apos;size&apos;: 13.479999999999961, &apos;value&apos;: &apos;_&apos;, &apos;children&apos;: [], &apos;features&apos;: {}}, {&apos;type&apos;: &apos;text&apos;, &apos;bbox&apos;: (134.56, 270.98100000000005, 142.87, 284.461), &apos;color_space&apos;: &apos;DeviceGray&apos;, &apos;ncolor&apos;: None, &apos;size&apos;: 13.479999999999961, &apos;value&apos;: &apos;D&apos;, &apos;children&apos;: [], &apos;features&apos;: {}}, {&apos;type&apos;: &apos;text&apos;, &apos;bbox&apos;: (142.87, 270.98100000000005, 147.87, 284.461), &apos;color_space&apos;: &apos;DeviceGray&apos;, &apos;ncolor&apos;: None, &apos;size&apos;: 13.479999999999961, &apos;value&apos;: &apos;_&apos;, &apos;children&apos;: [], &apos;features&apos;: {}}, {&apos;type&apos;: &apos;text&apos;, &apos;bbox&apos;: (147.87, 270.98100000000005, 153.92000000000002, 284.461), &apos;color_space&apos;: &apos;DeviceGray&apos;, &apos;ncolor&apos;: None, &apos;size&apos;: 13.479999999999961, &apos;value&apos;: &apos;L&apos;, &apos;children&apos;: [], &apos;features&apos;: {}}, {&apos;type&apos;: &apos;text&apos;, &apos;bbox&apos;: (153.92000000000002, 270.98100000000005, 162.25000000000003, 284.461), &apos;color_space&apos;: &apos;DeviceGray&apos;, &apos;ncolor&apos;: None, &apos;size&apos;: 13.479999999999961, &apos;value&apos;: &apos;O&apos;, &apos;children&apos;: [], &apos;features&apos;: {}}, {&apos;type&apos;: &apos;text&apos;, &apos;bbox&apos;: (162.25, 270.98100000000005, 170.02, 284.461), &apos;color_space&apos;: &apos;DeviceGray&apos;, &apos;ncolor&apos;: None, &apos;size&apos;: 13.479999999999961, &apos;value&apos;: &apos;A&apos;, &apos;children&apos;: [], &apos;features&apos;: {}}, {&apos;type&apos;: &apos;text&apos;, &apos;bbox&apos;: (170.02, 270.98100000000005, 178.35000000000002, 284.461), &apos;color_space&apos;: &apos;DeviceGray&apos;, &apos;ncolor&apos;: None, &apos;size&apos;: 13.479999999999961, &apos;value&apos;: &apos;N&apos;, &apos;children&apos;: [], &apos;features&apos;: {}}, {&apos;type&apos;: &apos;text&apos;, &apos;bbox&apos;: (178.35000000000002, 270.98100000000005, 183.35000000000002, 284.461), &apos;color_space&apos;: &apos;DeviceGray&apos;, &apos;ncolor&apos;: None, &apos;size&apos;: 13.479999999999961, &apos;value&apos;: &apos;_&apos;, &apos;children&apos;: [], &apos;features&apos;: {}}, {&apos;type&apos;: &apos;text&apos;, &apos;bbox&apos;: (183.35000000000002, 270.98100000000005, 190.57000000000002, 284.461), &apos;color_space&apos;: &apos;DeviceGray&apos;, &apos;ncolor&apos;: None, &apos;size&apos;: 13.479999999999961, &apos;value&apos;: &apos;C&apos;, &apos;children&apos;: [], &apos;features&apos;: {}}, {&apos;type&apos;: &apos;text&apos;, &apos;bbox&apos;: (190.57, 270.98100000000005, 198.9, 284.461), &apos;color_space&apos;: &apos;DeviceGray&apos;, &apos;ncolor&apos;: None, &apos;size&apos;: 13.479999999999961, &apos;value&apos;: &apos;O&apos;, &apos;children&apos;: [], &apos;features&apos;: {}}, {&apos;type&apos;: &apos;text&apos;, &apos;bbox&apos;: (198.9, 270.98100000000005, 207.23000000000002, 284.461), &apos;color_space&apos;: &apos;DeviceGray&apos;, &apos;ncolor&apos;: None, &apos;size&apos;: 13.479999999999961, &apos;value&apos;: &apos;N&apos;, &apos;children&apos;: [], &apos;features&apos;: {}}, {&apos;type&apos;: &apos;text&apos;, &apos;bbox&apos;: (207.23000000000002, 270.98100000000005, 213.89000000000001, 284.461), &apos;color_space&apos;: &apos;DeviceGray&apos;, &apos;ncolor&apos;: None, &apos;size&apos;: 13.479999999999961, &apos;value&apos;: &apos;T&apos;, &apos;children&apos;: [], &apos;features&apos;: {}}, {&apos;type&apos;: &apos;text&apos;, &apos;bbox&apos;: (213.89, 270.98100000000005, 221.01999999999998, 284.461), &apos;color_space&apos;: &apos;DeviceGray&apos;, &apos;ncolor&apos;: None, &apos;size&apos;: 13.479999999999961, &apos;value&apos;: &apos;R&apos;, &apos;children&apos;: [], &apos;features&apos;: {}}, {&apos;type&apos;: &apos;text&apos;, &apos;bbox&apos;: (221.01999999999998, 270.98100000000005, 228.79, 284.461), &apos;color_space&apos;: &apos;DeviceGray&apos;, &apos;ncolor&apos;: None, &apos;size&apos;: 13.479999999999961, &apos;value&apos;: &apos;A&apos;, &apos;children&apos;: [], &apos;features&apos;: {}}, {&apos;type&apos;: &apos;text&apos;, &apos;bbox&apos;: (228.79, 270.98100000000005, 236.01, 284.461), &apos;color_space&apos;: &apos;DeviceGray&apos;, &apos;ncolor&apos;: None, &apos;size&apos;: 13.479999999999961, &apos;value&apos;: &apos;C&apos;, &apos;children&apos;: [], &apos;features&apos;: {}}, {&apos;type&apos;: &apos;text&apos;, &apos;bbox&apos;: (236.01, 270.98100000000005, 242.67, 284.461), &apos;color_space&apos;: &apos;DeviceGray&apos;, &apos;ncolor&apos;: None, &apos;size&apos;: 13.479999999999961, &apos;value&apos;: &apos;T&apos;, &apos;children&apos;: [], &apos;features&apos;: {}}, {&apos;type&apos;: &apos;text&apos;, &apos;bbox&apos;: (242.67, 270.98100000000005, 248.76999999999998, 284.461), &apos;color_space&apos;: &apos;DeviceGray&apos;, &apos;ncolor&apos;: None, &apos;size&apos;: 13.479999999999961, &apos;value&apos;: &apos;S&apos;, &apos;children&apos;: [], &apos;features&apos;: {}}, {&apos;type&apos;: &apos;text&apos;, &apos;bbox&apos;: (248.853, 271.712, 251.62300000000002, 285.002), &apos;color_space&apos;: &apos;DeviceGray&apos;, &apos;ncolor&apos;: None, &apos;size&apos;: 13.29000000000002, &apos;value&apos;: &apos;.&apos;, &apos;children&apos;: [], &apos;features&apos;: {}}, {&apos;type&apos;: &apos;text&apos;, &apos;bbox&apos;: (251.62300000000002, 271.712, 254.39300000000003, 285.002), &apos;color_space&apos;: &apos;DeviceGray&apos;, &apos;ncolor&apos;: None, &apos;size&apos;: 13.29000000000002, &apos;value&apos;: &apos;.&apos;, &apos;children&apos;: [], &apos;features&apos;: {}}, {&apos;type&apos;: &apos;text&apos;, &apos;bbox&apos;: (254.393, 271.712, 257.163, 285.002), &apos;color_space&apos;: &apos;DeviceGray&apos;, &apos;ncolor&apos;: None, &apos;size&apos;: 13.29000000000002, &apos;value&apos;: &apos;.&apos;, &apos;children&apos;: [], &apos;features&apos;: {}}, {&apos;type&apos;: &apos;text&apos;, &apos;bbox&apos;: (257.163, 271.712, 259.933, 285.002), &apos;color_space&apos;: &apos;DeviceGray&apos;, &apos;ncolor&apos;: None, &apos;size&apos;: 13.29000000000002, &apos;value&apos;: &apos;.&apos;, &apos;children&apos;: [], &apos;features&apos;: {}}, {&apos;type&apos;: &apos;text&apos;, &apos;bbox&apos;: (259.933, 271.712, 262.703, 285.002), &apos;color_space&apos;: &apos;DeviceGray&apos;, &apos;ncolor&apos;: None, &apos;size&apos;: 13.29000000000002, &apos;value&apos;: &apos;.&apos;, &apos;children&apos;: [], &apos;features&apos;: {}}, {&apos;type&apos;: &apos;text&apos;, &apos;bbox&apos;: (262.70300000000003, 271.712, 265.473, 285.002), &apos;color_space&apos;: &apos;DeviceGray&apos;, &apos;ncolor&apos;: None, &apos;size&apos;: 13.29000000000002, &apos;value&apos;: &apos;.&apos;, &apos;children&apos;: [], &apos;features&apos;: {}}, {&apos;type&apos;: &apos;text&apos;, &apos;bbox&apos;: (265.473, 271.712, 268.243, 285.002), &apos;color_space&apos;: &apos;DeviceGray&apos;, &apos;ncolor&apos;: None, &apos;size&apos;: 13.29000000000002, &apos;value&apos;: &apos;.&apos;, &apos;children&apos;: [], &apos;features&apos;: {}}, {&apos;type&apos;: &apos;text&apos;, &apos;bbox&apos;: (268.243, 271.712, 271.013, 285.002), &apos;color_space&apos;: &apos;DeviceGray&apos;, &apos;ncolor&apos;: None, &apos;size&apos;: 13.29000000000002, &apos;value&apos;: &apos;.&apos;, &apos;children&apos;: [], &apos;features&apos;: {}}, {&apos;type&apos;: &apos;text&apos;, &apos;bbox&apos;: (271.01300000000003, 271.712, 273.783, 285.002), &apos;color_space&apos;: &apos;DeviceGray&apos;, &apos;ncolor&apos;: None, &apos;size&apos;: 13.29000000000002, &apos;value&apos;: &apos;.&apos;, &apos;children&apos;: [], &apos;features&apos;: {}}, {&apos;type&apos;: &apos;text&apos;, &apos;bbox&apos;: (273.783, 271.712, 276.553, 285.002), &apos;color_space&apos;: &apos;DeviceGray&apos;, &apos;ncolor&apos;: None, &apos;size&apos;: 13.29000000000002, &apos;value&apos;: &apos;.&apos;, &apos;children&apos;: [], &apos;features&apos;: {}}, {&apos;type&apos;: &apos;text&apos;, &apos;bbox&apos;: (276.553, 271.712, 279.323, 285.002), &apos;color_space&apos;: &apos;DeviceGray&apos;, &apos;ncolor&apos;: None, &apos;size&apos;: 13.29000000000002, &apos;value&apos;: &apos;.&apos;, &apos;children&apos;: [], &apos;features&apos;: {}}, {&apos;type&apos;: &apos;text&apos;, &apos;bbox&apos;: (279.323, 271.712, 282.09299999999996, 285.002), &apos;color_space&apos;: &apos;DeviceGray&apos;, &apos;ncolor&apos;: None, &apos;size&apos;: 13.29000000000002, &apos;value&apos;: &apos;.&apos;, &apos;children&apos;: [], &apos;features&apos;: {}}, {&apos;type&apos;: &apos;text&apos;, &apos;bbox&apos;: (282.093, 271.712, 284.863, 285.002), &apos;color_space&apos;: &apos;DeviceGray&apos;, &apos;ncolor&apos;: None, &apos;size&apos;: 13.29000000000002, &apos;value&apos;: &apos;.&apos;, &apos;children&apos;: [], &apos;features&apos;: {}}, {&apos;type&apos;: &apos;text&apos;, &apos;bbox&apos;: (284.863, 271.712, 287.633, 285.002), &apos;color_space&apos;: &apos;DeviceGray&apos;, &apos;ncolor&apos;: None, &apos;size&apos;: 13.29000000000002, &apos;value&apos;: &apos;.&apos;, &apos;children&apos;: [], &apos;features&apos;: {}}, {&apos;type&apos;: &apos;text&apos;, &apos;bbox&apos;: (287.63300000000004, 271.712, 290.403, 285.002), &apos;color_space&apos;: &apos;DeviceGray&apos;, &apos;ncolor&apos;: None, &apos;size&apos;: 13.29000000000002, &apos;value&apos;: &apos;.&apos;, &apos;children&apos;: [], &apos;features&apos;: {}}, {&apos;type&apos;: &apos;text&apos;, &apos;bbox&apos;: (290.403, 271.712, 293.173, 285.002), &apos;color_space&apos;: &apos;DeviceGray&apos;, &apos;ncolor&apos;: None, &apos;size&apos;: 13.29000000000002, &apos;value&apos;: &apos;.&apos;, &apos;children&apos;: [], &apos;features&apos;: {}}, {&apos;type&apos;: &apos;text&apos;, &apos;bbox&apos;: (293.173, 271.712, 295.943, 285.002), &apos;color_space&apos;: &apos;DeviceGray&apos;, &apos;ncolor&apos;: None, &apos;size&apos;: 13.29000000000002, &apos;value&apos;: &apos;.&apos;, &apos;children&apos;: [], &apos;features&apos;: {}}, {&apos;type&apos;: &apos;text&apos;, &apos;bbox&apos;: (295.94300000000004, 271.712, 298.713, 285.002), &apos;color_space&apos;: &apos;DeviceGray&apos;, &apos;ncolor&apos;: None, &apos;size&apos;: 13.29000000000002, &apos;value&apos;: &apos;.&apos;, &apos;children&apos;: [], &apos;features&apos;: {}}, {&apos;type&apos;: &apos;text&apos;, &apos;bbox&apos;: (298.713, 271.712, 301.483, 285.002), &apos;color_space&apos;: &apos;DeviceGray&apos;, &apos;ncolor&apos;: None, &apos;size&apos;: 13.29000000000002, &apos;value&apos;: &apos;.&apos;, &apos;children&apos;: [], &apos;features&apos;: {}}, {&apos;type&apos;: &apos;text&apos;, &apos;bbox&apos;: (301.48300000000006, 271.712, 304.25300000000004, 285.002), &apos;color_space&apos;: &apos;DeviceGray&apos;, &apos;ncolor&apos;: None, &apos;size&apos;: 13.29000000000002, &apos;value&apos;: &apos;.&apos;, &apos;children&apos;: [], &apos;features&apos;: {}}, {&apos;type&apos;: &apos;text&apos;, &apos;bbox&apos;: (304.25300000000004, 271.712, 307.023, 285.002), &apos;color_space&apos;: &apos;DeviceGray&apos;, &apos;ncolor&apos;: None, &apos;size&apos;: 13.29000000000002, &apos;value&apos;: &apos;.&apos;, &apos;children&apos;: [], &apos;features&apos;: {}}, {&apos;type&apos;: &apos;text&apos;, &apos;bbox&apos;: (307.023, 271.712, 309.793, 285.002), &apos;color_space&apos;: &apos;DeviceGray&apos;, &apos;ncolor&apos;: None, &apos;size&apos;: 13.29000000000002, &apos;value&apos;: &apos;.&apos;, &apos;children&apos;: [], &apos;features&apos;: {}}, {&apos;type&apos;: &apos;text&apos;, &apos;bbox&apos;: (309.79300000000006, 271.712, 312.56300000000005, 285.002), &apos;color_space&apos;: &apos;DeviceGray&apos;, &apos;ncolor&apos;: None, &apos;size&apos;: 13.29000000000002, &apos;value&apos;: &apos;.&apos;, &apos;children&apos;: [], &apos;features&apos;: {}}, {&apos;type&apos;: &apos;text&apos;, &apos;bbox&apos;: (312.56300000000005, 271.712, 315.333, 285.002), &apos;color_space&apos;: &apos;DeviceGray&apos;, &apos;ncolor&apos;: None, &apos;size&apos;: 13.29000000000002, &apos;value&apos;: &apos;.&apos;, &apos;children&apos;: [], &apos;features&apos;: {}}, {&apos;type&apos;: &apos;text&apos;, &apos;bbox&apos;: (315.333, 271.712, 318.103, 285.002), &apos;color_space&apos;: &apos;DeviceGray&apos;, &apos;ncolor&apos;: None, &apos;size&apos;: 13.29000000000002, &apos;value&apos;: &apos;.&apos;, &apos;children&apos;: [], &apos;features&apos;: {}}, {&apos;type&apos;: &apos;text&apos;, &apos;bbox&apos;: (318.10300000000007, 271.712, 320.87300000000005, 285.002), &apos;color_space&apos;: &apos;DeviceGray&apos;, &apos;ncolor&apos;: None, &apos;size&apos;: 13.29000000000002, &apos;value&apos;: &apos;.&apos;, &apos;children&apos;: [], &apos;features&apos;: {}}, {&apos;type&apos;: &apos;text&apos;, &apos;bbox&apos;: (320.87300000000005, 271.712, 323.64300000000003, 285.002), &apos;color_space&apos;: &apos;DeviceGray&apos;, &apos;ncolor&apos;: None, &apos;size&apos;: 13.29000000000002, &apos;value&apos;: &apos;.&apos;, &apos;children&apos;: [], &apos;features&apos;: {}}, {&apos;type&apos;: &apos;text&apos;, &apos;bbox&apos;: (323.64300000000003, 271.712, 326.413, 285.002), &apos;color_space&apos;: &apos;DeviceGray&apos;, &apos;ncolor&apos;: None, &apos;size&apos;: 13.29000000000002, &apos;value&apos;: &apos;.&apos;, &apos;children&apos;: [], &apos;features&apos;: {}}, {&apos;type&apos;: &apos;text&apos;, &apos;bbox&apos;: (326.413, 271.712, 329.183, 285.002), &apos;color_space&apos;: &apos;DeviceGray&apos;, &apos;ncolor&apos;: None, &apos;size&apos;: 13.29000000000002, &apos;value&apos;: &apos;.&apos;, &apos;children&apos;: [], &apos;features&apos;: {}}, {&apos;type&apos;: &apos;text&apos;, &apos;bbox&apos;: (329.183, 271.712, 331.953, 285.002), &apos;color_space&apos;: &apos;DeviceGray&apos;, &apos;ncolor&apos;: None, &apos;size&apos;: 13.29000000000002, &apos;value&apos;: &apos;.&apos;, &apos;children&apos;: [], &apos;features&apos;: {}}, {&apos;type&apos;: &apos;text&apos;, &apos;bbox&apos;: (331.95300000000003, 271.712, 334.723, 285.002), &apos;color_space&apos;: &apos;DeviceGray&apos;, &apos;ncolor&apos;: None, &apos;size&apos;: 13.29000000000002, &apos;value&apos;: &apos;.&apos;, &apos;children&apos;: [], &apos;features&apos;: {}}, {&apos;type&apos;: &apos;text&apos;, &apos;bbox&apos;: (334.723, 271.712, 337.493, 285.002), &apos;color_space&apos;: &apos;DeviceGray&apos;, &apos;ncolor&apos;: None, &apos;size&apos;: 13.29000000000002, &apos;value&apos;: &apos;.&apos;, &apos;children&apos;: [], &apos;features&apos;: {}}, {&apos;type&apos;: &apos;text&apos;, &apos;bbox&apos;: (337.493, 271.712, 340.263, 285.002), &apos;color_space&apos;: &apos;DeviceGray&apos;, &apos;ncolor&apos;: None, &apos;size&apos;: 13.29000000000002, &apos;value&apos;: &apos;.&apos;, &apos;children&apos;: [], &apos;features&apos;: {}}, {&apos;type&apos;: &apos;text&apos;, &apos;bbox&apos;: (340.26300000000003, 271.712, 343.033, 285.002), &apos;color_space&apos;: &apos;DeviceGray&apos;, &apos;ncolor&apos;: None, &apos;size&apos;: 13.29000000000002, &apos;value&apos;: &apos;.&apos;, &apos;children&apos;: [], &apos;features&apos;: {}}, {&apos;type&apos;: &apos;text&apos;, &apos;bbox&apos;: (343.033, 271.712, 345.803, 285.002), &apos;color_space&apos;: &apos;DeviceGray&apos;, &apos;ncolor&apos;: None, &apos;size&apos;: 13.29000000000002, &apos;value&apos;: &apos;.&apos;, &apos;children&apos;: [], &apos;features&apos;: {}}, {&apos;type&apos;: &apos;text&apos;, &apos;bbox&apos;: (345.803, 271.712, 348.573, 285.002), &apos;color_space&apos;: &apos;DeviceGray&apos;, &apos;ncolor&apos;: None, &apos;size&apos;: 13.29000000000002, &apos;value&apos;: &apos;.&apos;, &apos;children&apos;: [], &apos;features&apos;: {}}, {&apos;type&apos;: &apos;text&apos;, &apos;bbox&apos;: (348.573, 271.712, 351.34299999999996, 285.002), &apos;color_space&apos;: &apos;DeviceGray&apos;, &apos;ncolor&apos;: None, &apos;size&apos;: 13.29000000000002, &apos;value&apos;: &apos;.&apos;, &apos;children&apos;: [], &apos;features&apos;: {}}, {&apos;type&apos;: &apos;text&apos;, &apos;bbox&apos;: (351.34299999999996, 271.712, 354.11299999999994, 285.002), &apos;color_space&apos;: &apos;DeviceGray&apos;, &apos;ncolor&apos;: None, &apos;size&apos;: 13.29000000000002, &apos;value&apos;: &apos;.&apos;, &apos;children&apos;: [], &apos;features&apos;: {}}, {&apos;type&apos;: &apos;text&apos;, &apos;bbox&apos;: (354.113, 271.712, 356.883, 285.002), &apos;color_space&apos;: &apos;DeviceGray&apos;, &apos;ncolor&apos;: None, &apos;size&apos;: 13.29000000000002, &apos;value&apos;: &apos;.&apos;, &apos;children&apos;: [], &apos;features&apos;: {}}, {&apos;type&apos;: &apos;text&apos;, &apos;bbox&apos;: (356.883, 271.712, 359.65299999999996, 285.002), &apos;color_space&apos;: &apos;DeviceGray&apos;, &apos;ncolor&apos;: None, &apos;size&apos;: 13.29000000000002, &apos;value&apos;: &apos;.&apos;, &apos;children&apos;: [], &apos;features&apos;: {}}, {&apos;type&apos;: &apos;text&apos;, &apos;bbox&apos;: (359.65299999999996, 271.712, 362.42299999999994, 285.002), &apos;color_space&apos;: &apos;DeviceGray&apos;, &apos;ncolor&apos;: None, &apos;size&apos;: 13.29000000000002, &apos;value&apos;: &apos;.&apos;, &apos;children&apos;: [], &apos;features&apos;: {}}, {&apos;type&apos;: &apos;text&apos;, &apos;bbox&apos;: (362.423, 271.712, 365.193, 285.002), &apos;color_space&apos;: &apos;DeviceGray&apos;, &apos;ncolor&apos;: None, &apos;size&apos;: 13.29000000000002, &apos;value&apos;: &apos;.&apos;, &apos;children&apos;: [], &apos;features&apos;: {}}, {&apos;type&apos;: &apos;text&apos;, &apos;bbox&apos;: (365.193, 271.712, 367.96299999999997, 285.002), &apos;color_space&apos;: &apos;DeviceGray&apos;, &apos;ncolor&apos;: None, &apos;size&apos;: 13.29000000000002, &apos;value&apos;: &apos;.&apos;, &apos;children&apos;: [], &apos;features&apos;: {}}, {&apos;type&apos;: &apos;text&apos;, &apos;bbox&apos;: (367.96299999999997, 271.712, 370.73299999999995, 285.002), &apos;color_space&apos;: &apos;DeviceGray&apos;, &apos;ncolor&apos;: None, &apos;size&apos;: 13.29000000000002, &apos;value&apos;: &apos;.&apos;, &apos;children&apos;: [], &apos;features&apos;: {}}, {&apos;type&apos;: &apos;text&apos;, &apos;bbox&apos;: (370.73299999999995, 271.712, 373.50299999999993, 285.002), &apos;color_space&apos;: &apos;DeviceGray&apos;, &apos;ncolor&apos;: None, &apos;size&apos;: 13.29000000000002, &apos;value&apos;: &apos;.&apos;, &apos;children&apos;: [], &apos;features&apos;: {}}, {&apos;type&apos;: &apos;text&apos;, &apos;bbox&apos;: (373.50299999999993, 271.712, 376.2729999999999, 285.002), &apos;color_space&apos;: &apos;DeviceGray&apos;, &apos;ncolor&apos;: None, &apos;size&apos;: 13.29000000000002, &apos;value&apos;: &apos;.&apos;, &apos;children&apos;: [], &apos;features&apos;: {}}, {&apos;type&apos;: &apos;text&apos;, &apos;bbox&apos;: (376.27299999999997, 271.712, 379.04299999999995, 285.002), &apos;color_space&apos;: &apos;DeviceGray&apos;, &apos;ncolor&apos;: None, &apos;size&apos;: 13.29000000000002, &apos;value&apos;: &apos;.&apos;, &apos;children&apos;: [], &apos;features&apos;: {}}, {&apos;type&apos;: &apos;text&apos;, &apos;bbox&apos;: (379.04299999999995, 271.712, 381.81299999999993, 285.002), &apos;color_space&apos;: &apos;DeviceGray&apos;, &apos;ncolor&apos;: None, &apos;size&apos;: 13.29000000000002, &apos;value&apos;: &apos;.&apos;, &apos;children&apos;: [], &apos;features&apos;: {}}, {&apos;type&apos;: &apos;text&apos;, &apos;bbox&apos;: (381.813, 271.712, 384.58299999999997, 285.002), &apos;color_space&apos;: &apos;DeviceGray&apos;, &apos;ncolor&apos;: None, &apos;size&apos;: 13.29000000000002, &apos;value&apos;: &apos;.&apos;, &apos;children&apos;: [], &apos;features&apos;: {}}, {&apos;type&apos;: &apos;text&apos;, &apos;bbox&apos;: (384.58299999999997, 271.712, 387.35299999999995, 285.002), &apos;color_space&apos;: &apos;DeviceGray&apos;, &apos;ncolor&apos;: None, &apos;size&apos;: 13.29000000000002, &apos;value&apos;: &apos;.&apos;, &apos;children&apos;: [], &apos;features&apos;: {}}, {&apos;type&apos;: &apos;text&apos;, &apos;bbox&apos;: (387.35299999999995, 271.712, 390.12299999999993, 285.002), &apos;color_space&apos;: &apos;DeviceGray&apos;, &apos;ncolor&apos;: None, &apos;size&apos;: 13.29000000000002, &apos;value&apos;: &apos;.&apos;, &apos;children&apos;: [], &apos;features&apos;: {}}, {&apos;type&apos;: &apos;text&apos;, &apos;bbox&apos;: (390.123, 271.712, 392.893, 285.002), &apos;color_space&apos;: &apos;DeviceGray&apos;, &apos;ncolor&apos;: None, &apos;size&apos;: 13.29000000000002, &apos;value&apos;: &apos;.&apos;, &apos;children&apos;: [], &apos;features&apos;: {}}, {&apos;type&apos;: &apos;text&apos;, &apos;bbox&apos;: (392.89300000000003, 271.712, 395.663, 285.002), &apos;color_space&apos;: &apos;DeviceGray&apos;, &apos;ncolor&apos;: None, &apos;size&apos;: 13.29000000000002, &apos;value&apos;: &apos;.&apos;, &apos;children&apos;: [], &apos;features&apos;: {}}, {&apos;type&apos;: &apos;text&apos;, &apos;bbox&apos;: (395.663, 271.712, 398.433, 285.002), &apos;color_space&apos;: &apos;DeviceGray&apos;, &apos;ncolor&apos;: None, &apos;size&apos;: 13.29000000000002, &apos;value&apos;: &apos;.&apos;, &apos;children&apos;: [], &apos;features&apos;: {}}, {&apos;type&apos;: &apos;text&apos;, &apos;bbox&apos;: (398.433, 271.712, 401.203, 285.002), &apos;color_space&apos;: &apos;DeviceGray&apos;, &apos;ncolor&apos;: None, &apos;size&apos;: 13.29000000000002, &apos;value&apos;: &apos;.&apos;, &apos;children&apos;: [], &apos;features&apos;: {}}, {&apos;type&apos;: &apos;text&apos;, &apos;bbox&apos;: (401.20300000000003, 271.712, 403.973, 285.002), &apos;color_space&apos;: &apos;DeviceGray&apos;, &apos;ncolor&apos;: None, &apos;size&apos;: 13.29000000000002, &apos;value&apos;: &apos;.&apos;, &apos;children&apos;: [], &apos;features&apos;: {}}, {&apos;type&apos;: &apos;text&apos;, &apos;bbox&apos;: (403.97300000000007, 271.712, 406.74300000000005, 285.002), &apos;color_space&apos;: &apos;DeviceGray&apos;, &apos;ncolor&apos;: None, &apos;size&apos;: 13.29000000000002, &apos;value&apos;: &apos;.&apos;, &apos;children&apos;: [], &apos;features&apos;: {}}, {&apos;type&apos;: &apos;text&apos;, &apos;bbox&apos;: (406.74300000000005, 271.712, 409.51300000000003, 285.002), &apos;color_space&apos;: &apos;DeviceGray&apos;, &apos;ncolor&apos;: None, &apos;size&apos;: 13.29000000000002, &apos;value&apos;: &apos;.&apos;, &apos;children&apos;: [], &apos;features&apos;: {}}, {&apos;type&apos;: &apos;text&apos;, &apos;bbox&apos;: (409.51300000000003, 271.712, 412.283, 285.002), &apos;color_space&apos;: &apos;DeviceGray&apos;, &apos;ncolor&apos;: None, &apos;size&apos;: 13.29000000000002, &apos;value&apos;: &apos;.&apos;, &apos;children&apos;: [], &apos;features&apos;: {}}, {&apos;type&apos;: &apos;text&apos;, &apos;bbox&apos;: (412.2830000000001, 271.712, 415.05300000000005, 285.002), &apos;color_space&apos;: &apos;DeviceGray&apos;, &apos;ncolor&apos;: None, &apos;size&apos;: 13.29000000000002, &apos;value&apos;: &apos;.&apos;, &apos;children&apos;: [], &apos;features&apos;: {}}, {&apos;type&apos;: &apos;text&apos;, &apos;bbox&apos;: (415.0530000000001, 271.712, 417.8230000000001, 285.002), &apos;color_space&apos;: &apos;DeviceGray&apos;, &apos;ncolor&apos;: None, &apos;size&apos;: 13.29000000000002, &apos;value&apos;: &apos;.&apos;, &apos;children&apos;: [], &apos;features&apos;: {}}, {&apos;type&apos;: &apos;text&apos;, &apos;bbox&apos;: (417.8230000000001, 271.712, 420.5930000000001, 285.002), &apos;color_space&apos;: &apos;DeviceGray&apos;, &apos;ncolor&apos;: None, &apos;size&apos;: 13.29000000000002, &apos;value&apos;: &apos;.&apos;, &apos;children&apos;: [], &apos;features&apos;: {}}, {&apos;type&apos;: &apos;text&apos;, &apos;bbox&apos;: (420.5930000000001, 271.712, 423.36300000000006, 285.002), &apos;color_space&apos;: &apos;DeviceGray&apos;, &apos;ncolor&apos;: None, &apos;size&apos;: 13.29000000000002, &apos;value&apos;: &apos;.&apos;, &apos;children&apos;: [], &apos;features&apos;: {}}, {&apos;type&apos;: &apos;text&apos;, &apos;bbox&apos;: (423.3630000000001, 271.712, 426.1330000000001, 285.002), &apos;color_space&apos;: &apos;DeviceGray&apos;, &apos;ncolor&apos;: None, &apos;size&apos;: 13.29000000000002, &apos;value&apos;: &apos;.&apos;, &apos;children&apos;: [], &apos;features&apos;: {}}, {&apos;type&apos;: &apos;text&apos;, &apos;bbox&apos;: (426.13300000000015, 271.712, 428.90300000000013, 285.002), &apos;color_space&apos;: &apos;DeviceGray&apos;, &apos;ncolor&apos;: None, &apos;size&apos;: 13.29000000000002, &apos;value&apos;: &apos;.&apos;, &apos;children&apos;: [], &apos;features&apos;: {}}, {&apos;type&apos;: &apos;text&apos;, &apos;bbox&apos;: (428.90300000000013, 271.712, 431.6730000000001, 285.002), &apos;color_space&apos;: &apos;DeviceGray&apos;, &apos;ncolor&apos;: None, &apos;size&apos;: 13.29000000000002, &apos;value&apos;: &apos;.&apos;, &apos;children&apos;: [], &apos;features&apos;: {}}, {&apos;type&apos;: &apos;text&apos;, &apos;bbox&apos;: (431.6730000000001, 271.712, 434.4430000000001, 285.002), &apos;color_space&apos;: &apos;DeviceGray&apos;, &apos;ncolor&apos;: None, &apos;size&apos;: 13.29000000000002, &apos;value&apos;: &apos;.&apos;, &apos;children&apos;: [], &apos;features&apos;: {}}, {&apos;type&apos;: &apos;text&apos;, &apos;bbox&apos;: (434.44300000000015, 271.712, 437.21300000000014, 285.002), &apos;color_space&apos;: &apos;DeviceGray&apos;, &apos;ncolor&apos;: None, &apos;size&apos;: 13.29000000000002, &apos;value&apos;: &apos;.&apos;, &apos;children&apos;: [], &apos;features&apos;: {}}, {&apos;type&apos;: &apos;text&apos;, &apos;bbox&apos;: (437.2130000000002, 271.712, 439.9830000000002, 285.002), &apos;color_space&apos;: &apos;DeviceGray&apos;, &apos;ncolor&apos;: None, &apos;size&apos;: 13.29000000000002, &apos;value&apos;: &apos;.&apos;, &apos;children&apos;: [], &apos;features&apos;: {}}, {&apos;type&apos;: &apos;text&apos;, &apos;bbox&apos;: (439.9830000000002, 271.712, 442.75300000000016, 285.002), &apos;color_space&apos;: &apos;DeviceGray&apos;, &apos;ncolor&apos;: None, &apos;size&apos;: 13.29000000000002, &apos;value&apos;: &apos;.&apos;, &apos;children&apos;: [], &apos;features&apos;: {}}, {&apos;type&apos;: &apos;text&apos;, &apos;bbox&apos;: (442.75300000000016, 271.712, 445.52300000000014, 285.002), &apos;color_space&apos;: &apos;DeviceGray&apos;, &apos;ncolor&apos;: None, &apos;size&apos;: 13.29000000000002, &apos;value&apos;: &apos;.&apos;, &apos;children&apos;: [], &apos;features&apos;: {}}, {&apos;type&apos;: &apos;text&apos;, &apos;bbox&apos;: (445.5230000000002, 271.712, 448.2930000000002, 285.002), &apos;color_space&apos;: &apos;DeviceGray&apos;, &apos;ncolor&apos;: None, &apos;size&apos;: 13.29000000000002, &apos;value&apos;: &apos;.&apos;, &apos;children&apos;: [], &apos;features&apos;: {}}, {&apos;type&apos;: &apos;text&apos;, &apos;bbox&apos;: (448.29300000000023, 271.712, 451.0630000000002, 285.002), &apos;color_space&apos;: &apos;DeviceGray&apos;, &apos;ncolor&apos;: None, &apos;size&apos;: 13.29000000000002, &apos;value&apos;: &apos;.&apos;, &apos;children&apos;: [], &apos;features&apos;: {}}, {&apos;type&apos;: &apos;text&apos;, &apos;bbox&apos;: (451.0630000000002, 271.712, 453.8330000000002, 285.002), &apos;color_space&apos;: &apos;DeviceGray&apos;, &apos;ncolor&apos;: None, &apos;size&apos;: 13.29000000000002, &apos;value&apos;: &apos;.&apos;, &apos;children&apos;: [], &apos;features&apos;: {}}, {&apos;type&apos;: &apos;text&apos;, &apos;bbox&apos;: (453.8330000000002, 271.712, 456.6030000000002, 285.002), &apos;color_space&apos;: &apos;DeviceGray&apos;, &apos;ncolor&apos;: None, &apos;size&apos;: 13.29000000000002, &apos;value&apos;: &apos;.&apos;, &apos;children&apos;: [], &apos;features&apos;: {}}, {&apos;type&apos;: &apos;text&apos;, &apos;bbox&apos;: (456.60300000000024, 271.712, 459.3730000000002, 285.002), &apos;color_space&apos;: &apos;DeviceGray&apos;, &apos;ncolor&apos;: None, &apos;size&apos;: 13.29000000000002, &apos;value&apos;: &apos;.&apos;, &apos;children&apos;: [], &apos;features&apos;: {}}, {&apos;type&apos;: &apos;text&apos;, &apos;bbox&apos;: (459.3730000000003, 271.712, 462.14300000000026, 285.002), &apos;color_space&apos;: &apos;DeviceGray&apos;, &apos;ncolor&apos;: None, &apos;size&apos;: 13.29000000000002, &apos;value&apos;: &apos;.&apos;, &apos;children&apos;: [], &apos;features&apos;: {}}, {&apos;type&apos;: &apos;text&apos;, &apos;bbox&apos;: (462.14300000000026, 271.712, 464.91300000000024, 285.002), &apos;color_space&apos;: &apos;DeviceGray&apos;, &apos;ncolor&apos;: None, &apos;size&apos;: 13.29000000000002, &apos;value&apos;: &apos;.&apos;, &apos;children&apos;: [], &apos;features&apos;: {}}, {&apos;type&apos;: &apos;text&apos;, &apos;bbox&apos;: (464.91300000000024, 271.712, 467.6830000000002, 285.002), &apos;color_space&apos;: &apos;DeviceGray&apos;, &apos;ncolor&apos;: None, &apos;size&apos;: 13.29000000000002, &apos;value&apos;: &apos;.&apos;, &apos;children&apos;: [], &apos;features&apos;: {}}, {&apos;type&apos;: &apos;text&apos;, &apos;bbox&apos;: (467.6830000000003, 271.712, 470.45300000000026, 285.002), &apos;color_space&apos;: &apos;DeviceGray&apos;, &apos;ncolor&apos;: None, &apos;size&apos;: 13.29000000000002, &apos;value&apos;: &apos;.&apos;, &apos;children&apos;: [], &apos;features&apos;: {}}, {&apos;type&apos;: &apos;text&apos;, &apos;bbox&apos;: (470.4530000000003, 271.712, 473.2230000000003, 285.002), &apos;color_space&apos;: &apos;DeviceGray&apos;, &apos;ncolor&apos;: None, &apos;size&apos;: 13.29000000000002, &apos;value&apos;: &apos;.&apos;, &apos;children&apos;: [], &apos;features&apos;: {}}, {&apos;type&apos;: &apos;text&apos;, &apos;bbox&apos;: (473.2230000000003, 271.712, 475.9930000000003, 285.002), &apos;color_space&apos;: &apos;DeviceGray&apos;, &apos;ncolor&apos;: None, &apos;size&apos;: 13.29000000000002, &apos;value&apos;: &apos;.&apos;, &apos;children&apos;: [], &apos;features&apos;: {}}, {&apos;type&apos;: &apos;text&apos;, &apos;bbox&apos;: (475.9930000000003, 271.712, 478.76300000000026, 285.002), &apos;color_space&apos;: &apos;DeviceGray&apos;, &apos;ncolor&apos;: None, &apos;size&apos;: 13.29000000000002, &apos;value&apos;: &apos;.&apos;, &apos;children&apos;: [], &apos;features&apos;: {}}, {&apos;type&apos;: &apos;text&apos;, &apos;bbox&apos;: (478.7630000000003, 271.712, 481.5330000000003, 285.002), &apos;color_space&apos;: &apos;DeviceGray&apos;, &apos;ncolor&apos;: None, &apos;size&apos;: 13.29000000000002, &apos;value&apos;: &apos;.&apos;, &apos;children&apos;: [], &apos;features&apos;: {}}, {&apos;type&apos;: &apos;text&apos;, &apos;bbox&apos;: (481.53300000000036, 271.712, 484.30300000000034, 285.002), &apos;color_space&apos;: &apos;DeviceGray&apos;, &apos;ncolor&apos;: None, &apos;size&apos;: 13.29000000000002, &apos;value&apos;: &apos;.&apos;, &apos;children&apos;: [], &apos;features&apos;: {}}, {&apos;type&apos;: &apos;text&apos;, &apos;bbox&apos;: (484.30300000000034, 271.712, 487.0730000000003, 285.002), &apos;color_space&apos;: &apos;DeviceGray&apos;, &apos;ncolor&apos;: None, &apos;size&apos;: 13.29000000000002, &apos;value&apos;: &apos;.&apos;, &apos;children&apos;: [], &apos;features&apos;: {}}, {&apos;type&apos;: &apos;text&apos;, &apos;bbox&apos;: (487.0730000000003, 271.712, 489.8430000000003, 285.002), &apos;color_space&apos;: &apos;DeviceGray&apos;, &apos;ncolor&apos;: None, &apos;size&apos;: 13.29000000000002, &apos;value&apos;: &apos;.&apos;, &apos;children&apos;: [], &apos;features&apos;: {}}, {&apos;type&apos;: &apos;text&apos;, &apos;bbox&apos;: (489.84300000000036, 271.712, 492.61300000000034, 285.002), &apos;color_space&apos;: &apos;DeviceGray&apos;, &apos;ncolor&apos;: None, &apos;size&apos;: 13.29000000000002, &apos;value&apos;: &apos;.&apos;, &apos;children&apos;: [], &apos;features&apos;: {}}, {&apos;type&apos;: &apos;text&apos;, &apos;bbox&apos;: (492.6130000000004, 271.712, 495.3830000000004, 285.002), &apos;color_space&apos;: &apos;DeviceGray&apos;, &apos;ncolor&apos;: None, &apos;size&apos;: 13.29000000000002, &apos;value&apos;: &apos;.&apos;, &apos;children&apos;: [], &apos;features&apos;: {}}, {&apos;type&apos;: &apos;text&apos;, &apos;bbox&apos;: (495.3830000000004, 271.712, 498.15300000000036, 285.002), &apos;color_space&apos;: &apos;DeviceGray&apos;, &apos;ncolor&apos;: None, &apos;size&apos;: 13.29000000000002, &apos;value&apos;: &apos;.&apos;, &apos;children&apos;: [], &apos;features&apos;: {}}, {&apos;type&apos;: &apos;text&apos;, &apos;bbox&apos;: (498.15300000000036, 271.712, 500.92300000000034, 285.002), &apos;color_space&apos;: &apos;DeviceGray&apos;, &apos;ncolor&apos;: None, &apos;size&apos;: 13.29000000000002, &apos;value&apos;: &apos;.&apos;, &apos;children&apos;: [], &apos;features&apos;: {}}, {&apos;type&apos;: &apos;text&apos;, &apos;bbox&apos;: (500.9230000000004, 271.712, 503.6930000000004, 285.002), &apos;color_space&apos;: &apos;DeviceGray&apos;, &apos;ncolor&apos;: None, &apos;size&apos;: 13.29000000000002, &apos;value&apos;: &apos;.&apos;, &apos;children&apos;: [], &apos;features&apos;: {}}, {&apos;type&apos;: &apos;text&apos;, &apos;bbox&apos;: (503.69300000000044, 271.712, 506.4630000000004, 285.002), &apos;color_space&apos;: &apos;DeviceGray&apos;, &apos;ncolor&apos;: None, &apos;size&apos;: 13.29000000000002, &apos;value&apos;: &apos;.&apos;, &apos;children&apos;: [], &apos;features&apos;: {}}, {&apos;type&apos;: &apos;text&apos;, &apos;bbox&apos;: (506.4630000000004, 271.712, 509.2330000000004, 285.002), &apos;color_space&apos;: &apos;DeviceGray&apos;, &apos;ncolor&apos;: None, &apos;size&apos;: 13.29000000000002, &apos;value&apos;: &apos;.&apos;, &apos;children&apos;: [], &apos;features&apos;: {}}, {&apos;type&apos;: &apos;text&apos;, &apos;bbox&apos;: (509.2330000000004, 271.712, 512.0030000000004, 285.002), &apos;color_space&apos;: &apos;DeviceGray&apos;, &apos;ncolor&apos;: None, &apos;size&apos;: 13.29000000000002, &apos;value&apos;: &apos;.&apos;, &apos;children&apos;: [], &apos;features&apos;: {}}, {&apos;type&apos;: &apos;text&apos;, &apos;bbox&apos;: (512.0030000000004, 271.712, 514.7730000000004, 285.002), &apos;color_space&apos;: &apos;DeviceGray&apos;, &apos;ncolor&apos;: None, &apos;size&apos;: 13.29000000000002, &apos;value&apos;: &apos;.&apos;, &apos;children&apos;: [], &apos;features&apos;: {}}, {&apos;type&apos;: &apos;text&apos;, &apos;bbox&apos;: (514.7730000000004, 271.712, 517.5430000000003, 285.002), &apos;color_space&apos;: &apos;DeviceGray&apos;, &apos;ncolor&apos;: None, &apos;size&apos;: 13.29000000000002, &apos;value&apos;: &apos;.&apos;, &apos;children&apos;: [], &apos;features&apos;: {}}, {&apos;type&apos;: &apos;text&apos;, &apos;bbox&apos;: (517.5430000000003, 271.712, 520.3130000000003, 285.002), &apos;color_space&apos;: &apos;DeviceGray&apos;, &apos;ncolor&apos;: None, &apos;size&apos;: 13.29000000000002, &apos;value&apos;: &apos;.&apos;, &apos;children&apos;: [], &apos;features&apos;: {}}, {&apos;type&apos;: &apos;text&apos;, &apos;bbox&apos;: (520.3130000000003, 271.712, 523.0830000000003, 285.002), &apos;color_space&apos;: &apos;DeviceGray&apos;, &apos;ncolor&apos;: None, &apos;size&apos;: 13.29000000000002, &apos;value&apos;: &apos;.&apos;, &apos;children&apos;: [], &apos;features&apos;: {}}, {&apos;type&apos;: &apos;text&apos;, &apos;bbox&apos;: (525.548, 271.712, 531.108, 285.002), &apos;color_space&apos;: &apos;DeviceGray&apos;, &apos;ncolor&apos;: None, &apos;size&apos;: 13.29000000000002, &apos;value&apos;: &apos;2&apos;, &apos;children&apos;: [], &apos;features&apos;: {}}, {&apos;type&apos;: &apos;text&apos;, &apos;bbox&apos;: (531.108, 271.712, 534.438, 285.002), &apos;color_space&apos;: &apos;DeviceGray&apos;, &apos;ncolor&apos;: None, &apos;size&apos;: 13.29000000000002, &apos;value&apos;: &apos;-&apos;, &apos;children&apos;: [], &apos;features&apos;: {}}, {&apos;type&apos;: &apos;text&apos;, &apos;bbox&apos;: (534.439, 271.712, 539.9989999999999, 285.002), &apos;color_space&apos;: &apos;DeviceGray&apos;, &apos;ncolor&apos;: None, &apos;size&apos;: 13.29000000000002, &apos;value&apos;: &apos;1&apos;, &apos;children&apos;: [], &apos;features&apos;: {}}], &apos;features&apos;: {}}
*********************





--------------------------------- CONTENT AREA --------------------------------- 
This content area has an image
{&apos;type&apos;: &apos;figure&apos;, &apos;bbox&apos;: (0, 0, 612.0, 792.0), &apos;name&apos;: &apos;fx7&apos;, &apos;children&apos;: [{&apos;type&apos;: &apos;text&apos;, &apos;bbox&apos;: (114.0, 255.491, 119.57, 268.971), &apos;color_space&apos;: &apos;DeviceGray&apos;, &apos;ncolor&apos;: None, &apos;size&apos;: 13.47999999999999, &apos;value&apos;: &apos;F&apos;, &apos;children&apos;: [], &apos;features&apos;: {}}, {&apos;type&apos;: &apos;text&apos;, &apos;bbox&apos;: (119.57, 255.491, 125.66999999999999, 268.971), &apos;color_space&apos;: &apos;DeviceGray&apos;, &apos;ncolor&apos;: None, &apos;size&apos;: 13.47999999999999, &apos;value&apos;: &apos;S&apos;, &apos;children&apos;: [], &apos;features&apos;: {}}, {&apos;type&apos;: &apos;text&apos;, &apos;bbox&apos;: (125.67, 255.491, 129.56, 268.971), &apos;color_space&apos;: &apos;DeviceGray&apos;, &apos;ncolor&apos;: None, &apos;size&apos;: 13.47999999999999, &apos;value&apos;: &apos;I&apos;, &apos;children&apos;: [], &apos;features&apos;: {}}, {&apos;type&apos;: &apos;text&apos;, &apos;bbox&apos;: (129.56, 255.491, 134.56, 268.971), &apos;color_space&apos;: &apos;DeviceGray&apos;, &apos;ncolor&apos;: None, &apos;size&apos;: 13.47999999999999, &apos;value&apos;: &apos;_&apos;, &apos;children&apos;: [], &apos;features&apos;: {}}, {&apos;type&apos;: &apos;text&apos;, &apos;bbox&apos;: (134.56, 255.491, 142.87, 268.971), &apos;color_space&apos;: &apos;DeviceGray&apos;, &apos;ncolor&apos;: None, &apos;size&apos;: 13.47999999999999, &apos;value&apos;: &apos;D&apos;, &apos;children&apos;: [], &apos;features&apos;: {}}, {&apos;type&apos;: &apos;text&apos;, &apos;bbox&apos;: (142.87, 255.491, 147.87, 268.971), &apos;color_space&apos;: &apos;DeviceGray&apos;, &apos;ncolor&apos;: None, &apos;size&apos;: 13.47999999999999, &apos;value&apos;: &apos;_&apos;, &apos;children&apos;: [], &apos;features&apos;: {}}, {&apos;type&apos;: &apos;text&apos;, &apos;bbox&apos;: (147.87, 255.491, 157.87, 268.971), &apos;color_space&apos;: &apos;DeviceGray&apos;, &apos;ncolor&apos;: None, &apos;size&apos;: 13.47999999999999, &apos;value&apos;: &apos;M&apos;, &apos;children&apos;: [], &apos;features&apos;: {}}, {&apos;type&apos;: &apos;text&apos;, &apos;bbox&apos;: (157.87, 255.491, 166.20000000000002, 268.971), &apos;color_space&apos;: &apos;DeviceGray&apos;, &apos;ncolor&apos;: None, &apos;size&apos;: 13.47999999999999, &apos;value&apos;: &apos;O&apos;, &apos;children&apos;: [], &apos;features&apos;: {}}, {&apos;type&apos;: &apos;text&apos;, &apos;bbox&apos;: (166.2, 255.491, 173.32999999999998, 268.971), &apos;color_space&apos;: &apos;DeviceGray&apos;, &apos;ncolor&apos;: None, &apos;size&apos;: 13.47999999999999, &apos;value&apos;: &apos;R&apos;, &apos;children&apos;: [], &apos;features&apos;: {}}, {&apos;type&apos;: &apos;text&apos;, &apos;bbox&apos;: (173.33, 255.491, 179.99, 268.971), &apos;color_space&apos;: &apos;DeviceGray&apos;, &apos;ncolor&apos;: None, &apos;size&apos;: 13.47999999999999, &apos;value&apos;: &apos;T&apos;, &apos;children&apos;: [], &apos;features&apos;: {}}, {&apos;type&apos;: &apos;text&apos;, &apos;bbox&apos;: (179.99, 255.491, 188.32000000000002, 268.971), &apos;color_space&apos;: &apos;DeviceGray&apos;, &apos;ncolor&apos;: None, &apos;size&apos;: 13.47999999999999, &apos;value&apos;: &apos;G&apos;, &apos;children&apos;: [], &apos;features&apos;: {}}, {&apos;type&apos;: &apos;text&apos;, &apos;bbox&apos;: (188.32, 255.491, 196.09, 268.971), &apos;color_space&apos;: &apos;DeviceGray&apos;, &apos;ncolor&apos;: None, &apos;size&apos;: 13.47999999999999, &apos;value&apos;: &apos;A&apos;, &apos;children&apos;: [], &apos;features&apos;: {}}, {&apos;type&apos;: &apos;text&apos;, &apos;bbox&apos;: (196.09, 255.491, 204.42000000000002, 268.971), &apos;color_space&apos;: &apos;DeviceGray&apos;, &apos;ncolor&apos;: None, &apos;size&apos;: 13.47999999999999, &apos;value&apos;: &apos;G&apos;, &apos;children&apos;: [], &apos;features&apos;: {}}, {&apos;type&apos;: &apos;text&apos;, &apos;bbox&apos;: (204.42000000000002, 255.491, 210.47000000000003, 268.971), &apos;color_space&apos;: &apos;DeviceGray&apos;, &apos;ncolor&apos;: None, &apos;size&apos;: 13.47999999999999, &apos;value&apos;: &apos;E&apos;, &apos;children&apos;: [], &apos;features&apos;: {}}, {&apos;type&apos;: &apos;text&apos;, &apos;bbox&apos;: (210.47, 255.491, 216.57, 268.971), &apos;color_space&apos;: &apos;DeviceGray&apos;, &apos;ncolor&apos;: None, &apos;size&apos;: 13.47999999999999, &apos;value&apos;: &apos;S&apos;, &apos;children&apos;: [], &apos;features&apos;: {}}, {&apos;type&apos;: &apos;text&apos;, &apos;bbox&apos;: (216.631, 256.221, 219.401, 269.511), &apos;color_space&apos;: &apos;DeviceGray&apos;, &apos;ncolor&apos;: None, &apos;size&apos;: 13.29000000000002, &apos;value&apos;: &apos;.&apos;, &apos;children&apos;: [], &apos;features&apos;: {}}, {&apos;type&apos;: &apos;text&apos;, &apos;bbox&apos;: (219.401, 256.221, 222.17100000000002, 269.511), &apos;color_space&apos;: &apos;DeviceGray&apos;, &apos;ncolor&apos;: None, &apos;size&apos;: 13.29000000000002, &apos;value&apos;: &apos;.&apos;, &apos;children&apos;: [], &apos;features&apos;: {}}, {&apos;type&apos;: &apos;text&apos;, &apos;bbox&apos;: (222.171, 256.221, 224.941, 269.511), &apos;color_space&apos;: &apos;DeviceGray&apos;, &apos;ncolor&apos;: None, &apos;size&apos;: 13.29000000000002, &apos;value&apos;: &apos;.&apos;, &apos;children&apos;: [], &apos;features&apos;: {}}, {&apos;type&apos;: &apos;text&apos;, &apos;bbox&apos;: (224.941, 256.221, 227.711, 269.511), &apos;color_space&apos;: &apos;DeviceGray&apos;, &apos;ncolor&apos;: None, &apos;size&apos;: 13.29000000000002, &apos;value&apos;: &apos;.&apos;, &apos;children&apos;: [], &apos;features&apos;: {}}, {&apos;type&apos;: &apos;text&apos;, &apos;bbox&apos;: (227.711, 256.221, 230.48100000000002, 269.511), &apos;color_space&apos;: &apos;DeviceGray&apos;, &apos;ncolor&apos;: None, &apos;size&apos;: 13.29000000000002, &apos;value&apos;: &apos;.&apos;, &apos;children&apos;: [], &apos;features&apos;: {}}, {&apos;type&apos;: &apos;text&apos;, &apos;bbox&apos;: (230.481, 256.221, 233.251, 269.511), &apos;color_space&apos;: &apos;DeviceGray&apos;, &apos;ncolor&apos;: None, &apos;size&apos;: 13.29000000000002, &apos;value&apos;: &apos;.&apos;, &apos;children&apos;: [], &apos;features&apos;: {}}, {&apos;type&apos;: &apos;text&apos;, &apos;bbox&apos;: (233.251, 256.221, 236.02100000000002, 269.511), &apos;color_space&apos;: &apos;DeviceGray&apos;, &apos;ncolor&apos;: None, &apos;size&apos;: 13.29000000000002, &apos;value&apos;: &apos;.&apos;, &apos;children&apos;: [], &apos;features&apos;: {}}, {&apos;type&apos;: &apos;text&apos;, &apos;bbox&apos;: (236.02100000000002, 256.221, 238.79100000000003, 269.511), &apos;color_space&apos;: &apos;DeviceGray&apos;, &apos;ncolor&apos;: None, &apos;size&apos;: 13.29000000000002, &apos;value&apos;: &apos;.&apos;, &apos;children&apos;: [], &apos;features&apos;: {}}, {&apos;type&apos;: &apos;text&apos;, &apos;bbox&apos;: (238.791, 256.221, 241.561, 269.511), &apos;color_space&apos;: &apos;DeviceGray&apos;, &apos;ncolor&apos;: None, &apos;size&apos;: 13.29000000000002, &apos;value&apos;: &apos;.&apos;, &apos;children&apos;: [], &apos;features&apos;: {}}, {&apos;type&apos;: &apos;text&apos;, &apos;bbox&apos;: (241.561, 256.221, 244.33100000000002, 269.511), &apos;color_space&apos;: &apos;DeviceGray&apos;, &apos;ncolor&apos;: None, &apos;size&apos;: 13.29000000000002, &apos;value&apos;: &apos;.&apos;, &apos;children&apos;: [], &apos;features&apos;: {}}, {&apos;type&apos;: &apos;text&apos;, &apos;bbox&apos;: (244.331, 256.221, 247.101, 269.511), &apos;color_space&apos;: &apos;DeviceGray&apos;, &apos;ncolor&apos;: None, &apos;size&apos;: 13.29000000000002, &apos;value&apos;: &apos;.&apos;, &apos;children&apos;: [], &apos;features&apos;: {}}, {&apos;type&apos;: &apos;text&apos;, &apos;bbox&apos;: (247.101, 256.221, 249.871, 269.511), &apos;color_space&apos;: &apos;DeviceGray&apos;, &apos;ncolor&apos;: None, &apos;size&apos;: 13.29000000000002, &apos;value&apos;: &apos;.&apos;, &apos;children&apos;: [], &apos;features&apos;: {}}, {&apos;type&apos;: &apos;text&apos;, &apos;bbox&apos;: (249.871, 256.221, 252.64100000000002, 269.511), &apos;color_space&apos;: &apos;DeviceGray&apos;, &apos;ncolor&apos;: None, &apos;size&apos;: 13.29000000000002, &apos;value&apos;: &apos;.&apos;, &apos;children&apos;: [], &apos;features&apos;: {}}, {&apos;type&apos;: &apos;text&apos;, &apos;bbox&apos;: (252.64100000000002, 256.221, 255.41100000000003, 269.511), &apos;color_space&apos;: &apos;DeviceGray&apos;, &apos;ncolor&apos;: None, &apos;size&apos;: 13.29000000000002, &apos;value&apos;: &apos;.&apos;, &apos;children&apos;: [], &apos;features&apos;: {}}, {&apos;type&apos;: &apos;text&apos;, &apos;bbox&apos;: (255.411, 256.221, 258.181, 269.511), &apos;color_space&apos;: &apos;DeviceGray&apos;, &apos;ncolor&apos;: None, &apos;size&apos;: 13.29000000000002, &apos;value&apos;: &apos;.&apos;, &apos;children&apos;: [], &apos;features&apos;: {}}, {&apos;type&apos;: &apos;text&apos;, &apos;bbox&apos;: (258.18100000000004, 256.221, 260.951, 269.511), &apos;color_space&apos;: &apos;DeviceGray&apos;, &apos;ncolor&apos;: None, &apos;size&apos;: 13.29000000000002, &apos;value&apos;: &apos;.&apos;, &apos;children&apos;: [], &apos;features&apos;: {}}, {&apos;type&apos;: &apos;text&apos;, &apos;bbox&apos;: (260.951, 256.221, 263.721, 269.511), &apos;color_space&apos;: &apos;DeviceGray&apos;, &apos;ncolor&apos;: None, &apos;size&apos;: 13.29000000000002, &apos;value&apos;: &apos;.&apos;, &apos;children&apos;: [], &apos;features&apos;: {}}, {&apos;type&apos;: &apos;text&apos;, &apos;bbox&apos;: (263.721, 256.221, 266.491, 269.511), &apos;color_space&apos;: &apos;DeviceGray&apos;, &apos;ncolor&apos;: None, &apos;size&apos;: 13.29000000000002, &apos;value&apos;: &apos;.&apos;, &apos;children&apos;: [], &apos;features&apos;: {}}, {&apos;type&apos;: &apos;text&apos;, &apos;bbox&apos;: (266.49100000000004, 256.221, 269.261, 269.511), &apos;color_space&apos;: &apos;DeviceGray&apos;, &apos;ncolor&apos;: None, &apos;size&apos;: 13.29000000000002, &apos;value&apos;: &apos;.&apos;, &apos;children&apos;: [], &apos;features&apos;: {}}, {&apos;type&apos;: &apos;text&apos;, &apos;bbox&apos;: (269.261, 256.221, 272.031, 269.511), &apos;color_space&apos;: &apos;DeviceGray&apos;, &apos;ncolor&apos;: None, &apos;size&apos;: 13.29000000000002, &apos;value&apos;: &apos;.&apos;, &apos;children&apos;: [], &apos;features&apos;: {}}, {&apos;type&apos;: &apos;text&apos;, &apos;bbox&apos;: (272.031, 256.221, 274.801, 269.511), &apos;color_space&apos;: &apos;DeviceGray&apos;, &apos;ncolor&apos;: None, &apos;size&apos;: 13.29000000000002, &apos;value&apos;: &apos;.&apos;, &apos;children&apos;: [], &apos;features&apos;: {}}, {&apos;type&apos;: &apos;text&apos;, &apos;bbox&apos;: (274.80100000000004, 256.221, 277.571, 269.511), &apos;color_space&apos;: &apos;DeviceGray&apos;, &apos;ncolor&apos;: None, &apos;size&apos;: 13.29000000000002, &apos;value&apos;: &apos;.&apos;, &apos;children&apos;: [], &apos;features&apos;: {}}, {&apos;type&apos;: &apos;text&apos;, &apos;bbox&apos;: (277.571, 256.221, 280.341, 269.511), &apos;color_space&apos;: &apos;DeviceGray&apos;, &apos;ncolor&apos;: None, &apos;size&apos;: 13.29000000000002, &apos;value&apos;: &apos;.&apos;, &apos;children&apos;: [], &apos;features&apos;: {}}, {&apos;type&apos;: &apos;text&apos;, &apos;bbox&apos;: (280.341, 256.221, 283.111, 269.511), &apos;color_space&apos;: &apos;DeviceGray&apos;, &apos;ncolor&apos;: None, &apos;size&apos;: 13.29000000000002, &apos;value&apos;: &apos;.&apos;, &apos;children&apos;: [], &apos;features&apos;: {}}, {&apos;type&apos;: &apos;text&apos;, &apos;bbox&apos;: (283.11100000000005, 256.221, 285.88100000000003, 269.511), &apos;color_space&apos;: &apos;DeviceGray&apos;, &apos;ncolor&apos;: None, &apos;size&apos;: 13.29000000000002, &apos;value&apos;: &apos;.&apos;, &apos;children&apos;: [], &apos;features&apos;: {}}, {&apos;type&apos;: &apos;text&apos;, &apos;bbox&apos;: (285.88100000000003, 256.221, 288.651, 269.511), &apos;color_space&apos;: &apos;DeviceGray&apos;, &apos;ncolor&apos;: None, &apos;size&apos;: 13.29000000000002, &apos;value&apos;: &apos;.&apos;, &apos;children&apos;: [], &apos;features&apos;: {}}, {&apos;type&apos;: &apos;text&apos;, &apos;bbox&apos;: (288.651, 256.221, 291.421, 269.511), &apos;color_space&apos;: &apos;DeviceGray&apos;, &apos;ncolor&apos;: None, &apos;size&apos;: 13.29000000000002, &apos;value&apos;: &apos;.&apos;, &apos;children&apos;: [], &apos;features&apos;: {}}, {&apos;type&apos;: &apos;text&apos;, &apos;bbox&apos;: (291.42100000000005, 256.221, 294.19100000000003, 269.511), &apos;color_space&apos;: &apos;DeviceGray&apos;, &apos;ncolor&apos;: None, &apos;size&apos;: 13.29000000000002, &apos;value&apos;: &apos;.&apos;, &apos;children&apos;: [], &apos;features&apos;: {}}, {&apos;type&apos;: &apos;text&apos;, &apos;bbox&apos;: (294.19100000000003, 256.221, 296.961, 269.511), &apos;color_space&apos;: &apos;DeviceGray&apos;, &apos;ncolor&apos;: None, &apos;size&apos;: 13.29000000000002, &apos;value&apos;: &apos;.&apos;, &apos;children&apos;: [], &apos;features&apos;: {}}, {&apos;type&apos;: &apos;text&apos;, &apos;bbox&apos;: (296.961, 256.221, 299.731, 269.511), &apos;color_space&apos;: &apos;DeviceGray&apos;, &apos;ncolor&apos;: None, &apos;size&apos;: 13.29000000000002, &apos;value&apos;: &apos;.&apos;, &apos;children&apos;: [], &apos;features&apos;: {}}, {&apos;type&apos;: &apos;text&apos;, &apos;bbox&apos;: (299.731, 256.221, 302.501, 269.511), &apos;color_space&apos;: &apos;DeviceGray&apos;, &apos;ncolor&apos;: None, &apos;size&apos;: 13.29000000000002, &apos;value&apos;: &apos;.&apos;, &apos;children&apos;: [], &apos;features&apos;: {}}, {&apos;type&apos;: &apos;text&apos;, &apos;bbox&apos;: (302.501, 256.221, 305.27099999999996, 269.511), &apos;color_space&apos;: &apos;DeviceGray&apos;, &apos;ncolor&apos;: None, &apos;size&apos;: 13.29000000000002, &apos;value&apos;: &apos;.&apos;, &apos;children&apos;: [], &apos;features&apos;: {}}, {&apos;type&apos;: &apos;text&apos;, &apos;bbox&apos;: (305.271, 256.221, 308.041, 269.511), &apos;color_space&apos;: &apos;DeviceGray&apos;, &apos;ncolor&apos;: None, &apos;size&apos;: 13.29000000000002, &apos;value&apos;: &apos;.&apos;, &apos;children&apos;: [], &apos;features&apos;: {}}, {&apos;type&apos;: &apos;text&apos;, &apos;bbox&apos;: (308.041, 256.221, 310.811, 269.511), &apos;color_space&apos;: &apos;DeviceGray&apos;, &apos;ncolor&apos;: None, &apos;size&apos;: 13.29000000000002, &apos;value&apos;: &apos;.&apos;, &apos;children&apos;: [], &apos;features&apos;: {}}, {&apos;type&apos;: &apos;text&apos;, &apos;bbox&apos;: (310.811, 256.221, 313.58099999999996, 269.511), &apos;color_space&apos;: &apos;DeviceGray&apos;, &apos;ncolor&apos;: None, &apos;size&apos;: 13.29000000000002, &apos;value&apos;: &apos;.&apos;, &apos;children&apos;: [], &apos;features&apos;: {}}, {&apos;type&apos;: &apos;text&apos;, &apos;bbox&apos;: (313.581, 256.221, 316.351, 269.511), &apos;color_space&apos;: &apos;DeviceGray&apos;, &apos;ncolor&apos;: None, &apos;size&apos;: 13.29000000000002, &apos;value&apos;: &apos;.&apos;, &apos;children&apos;: [], &apos;features&apos;: {}}, {&apos;type&apos;: &apos;text&apos;, &apos;bbox&apos;: (316.351, 256.221, 319.121, 269.511), &apos;color_space&apos;: &apos;DeviceGray&apos;, &apos;ncolor&apos;: None, &apos;size&apos;: 13.29000000000002, &apos;value&apos;: &apos;.&apos;, &apos;children&apos;: [], &apos;features&apos;: {}}, {&apos;type&apos;: &apos;text&apos;, &apos;bbox&apos;: (319.121, 256.221, 321.89099999999996, 269.511), &apos;color_space&apos;: &apos;DeviceGray&apos;, &apos;ncolor&apos;: None, &apos;size&apos;: 13.29000000000002, &apos;value&apos;: &apos;.&apos;, &apos;children&apos;: [], &apos;features&apos;: {}}, {&apos;type&apos;: &apos;text&apos;, &apos;bbox&apos;: (321.89099999999996, 256.221, 324.66099999999994, 269.511), &apos;color_space&apos;: &apos;DeviceGray&apos;, &apos;ncolor&apos;: None, &apos;size&apos;: 13.29000000000002, &apos;value&apos;: &apos;.&apos;, &apos;children&apos;: [], &apos;features&apos;: {}}, {&apos;type&apos;: &apos;text&apos;, &apos;bbox&apos;: (324.66099999999994, 256.221, 327.4309999999999, 269.511), &apos;color_space&apos;: &apos;DeviceGray&apos;, &apos;ncolor&apos;: None, &apos;size&apos;: 13.29000000000002, &apos;value&apos;: &apos;.&apos;, &apos;children&apos;: [], &apos;features&apos;: {}}, {&apos;type&apos;: &apos;text&apos;, &apos;bbox&apos;: (327.431, 256.221, 330.20099999999996, 269.511), &apos;color_space&apos;: &apos;DeviceGray&apos;, &apos;ncolor&apos;: None, &apos;size&apos;: 13.29000000000002, &apos;value&apos;: &apos;.&apos;, &apos;children&apos;: [], &apos;features&apos;: {}}, {&apos;type&apos;: &apos;text&apos;, &apos;bbox&apos;: (330.20099999999996, 256.221, 332.97099999999995, 269.511), &apos;color_space&apos;: &apos;DeviceGray&apos;, &apos;ncolor&apos;: None, &apos;size&apos;: 13.29000000000002, &apos;value&apos;: &apos;.&apos;, &apos;children&apos;: [], &apos;features&apos;: {}}, {&apos;type&apos;: &apos;text&apos;, &apos;bbox&apos;: (332.97099999999995, 256.221, 335.74099999999993, 269.511), &apos;color_space&apos;: &apos;DeviceGray&apos;, &apos;ncolor&apos;: None, &apos;size&apos;: 13.29000000000002, &apos;value&apos;: &apos;.&apos;, &apos;children&apos;: [], &apos;features&apos;: {}}, {&apos;type&apos;: &apos;text&apos;, &apos;bbox&apos;: (335.741, 256.221, 338.51099999999997, 269.511), &apos;color_space&apos;: &apos;DeviceGray&apos;, &apos;ncolor&apos;: None, &apos;size&apos;: 13.29000000000002, &apos;value&apos;: &apos;.&apos;, &apos;children&apos;: [], &apos;features&apos;: {}}, {&apos;type&apos;: &apos;text&apos;, &apos;bbox&apos;: (338.51099999999997, 256.221, 341.28099999999995, 269.511), &apos;color_space&apos;: &apos;DeviceGray&apos;, &apos;ncolor&apos;: None, &apos;size&apos;: 13.29000000000002, &apos;value&apos;: &apos;.&apos;, &apos;children&apos;: [], &apos;features&apos;: {}}, {&apos;type&apos;: &apos;text&apos;, &apos;bbox&apos;: (341.28099999999995, 256.221, 344.05099999999993, 269.511), &apos;color_space&apos;: &apos;DeviceGray&apos;, &apos;ncolor&apos;: None, &apos;size&apos;: 13.29000000000002, &apos;value&apos;: &apos;.&apos;, &apos;children&apos;: [], &apos;features&apos;: {}}, {&apos;type&apos;: &apos;text&apos;, &apos;bbox&apos;: (344.05099999999993, 256.221, 346.8209999999999, 269.511), &apos;color_space&apos;: &apos;DeviceGray&apos;, &apos;ncolor&apos;: None, &apos;size&apos;: 13.29000000000002, &apos;value&apos;: &apos;.&apos;, &apos;children&apos;: [], &apos;features&apos;: {}}, {&apos;type&apos;: &apos;text&apos;, &apos;bbox&apos;: (346.8209999999999, 256.221, 349.5909999999999, 269.511), &apos;color_space&apos;: &apos;DeviceGray&apos;, &apos;ncolor&apos;: None, &apos;size&apos;: 13.29000000000002, &apos;value&apos;: &apos;.&apos;, &apos;children&apos;: [], &apos;features&apos;: {}}, {&apos;type&apos;: &apos;text&apos;, &apos;bbox&apos;: (349.59099999999995, 256.221, 352.36099999999993, 269.511), &apos;color_space&apos;: &apos;DeviceGray&apos;, &apos;ncolor&apos;: None, &apos;size&apos;: 13.29000000000002, &apos;value&apos;: &apos;.&apos;, &apos;children&apos;: [], &apos;features&apos;: {}}, {&apos;type&apos;: &apos;text&apos;, &apos;bbox&apos;: (352.361, 256.221, 355.131, 269.511), &apos;color_space&apos;: &apos;DeviceGray&apos;, &apos;ncolor&apos;: None, &apos;size&apos;: 13.29000000000002, &apos;value&apos;: &apos;.&apos;, &apos;children&apos;: [], &apos;features&apos;: {}}, {&apos;type&apos;: &apos;text&apos;, &apos;bbox&apos;: (355.131, 256.221, 357.90099999999995, 269.511), &apos;color_space&apos;: &apos;DeviceGray&apos;, &apos;ncolor&apos;: None, &apos;size&apos;: 13.29000000000002, &apos;value&apos;: &apos;.&apos;, &apos;children&apos;: [], &apos;features&apos;: {}}, {&apos;type&apos;: &apos;text&apos;, &apos;bbox&apos;: (357.90099999999995, 256.221, 360.67099999999994, 269.511), &apos;color_space&apos;: &apos;DeviceGray&apos;, &apos;ncolor&apos;: None, &apos;size&apos;: 13.29000000000002, &apos;value&apos;: &apos;.&apos;, &apos;children&apos;: [], &apos;features&apos;: {}}, {&apos;type&apos;: &apos;text&apos;, &apos;bbox&apos;: (360.671, 256.221, 363.441, 269.511), &apos;color_space&apos;: &apos;DeviceGray&apos;, &apos;ncolor&apos;: None, &apos;size&apos;: 13.29000000000002, &apos;value&apos;: &apos;.&apos;, &apos;children&apos;: [], &apos;features&apos;: {}}, {&apos;type&apos;: &apos;text&apos;, &apos;bbox&apos;: (363.44100000000003, 256.221, 366.211, 269.511), &apos;color_space&apos;: &apos;DeviceGray&apos;, &apos;ncolor&apos;: None, &apos;size&apos;: 13.29000000000002, &apos;value&apos;: &apos;.&apos;, &apos;children&apos;: [], &apos;features&apos;: {}}, {&apos;type&apos;: &apos;text&apos;, &apos;bbox&apos;: (366.211, 256.221, 368.981, 269.511), &apos;color_space&apos;: &apos;DeviceGray&apos;, &apos;ncolor&apos;: None, &apos;size&apos;: 13.29000000000002, &apos;value&apos;: &apos;.&apos;, &apos;children&apos;: [], &apos;features&apos;: {}}, {&apos;type&apos;: &apos;text&apos;, &apos;bbox&apos;: (368.981, 256.221, 371.751, 269.511), &apos;color_space&apos;: &apos;DeviceGray&apos;, &apos;ncolor&apos;: None, &apos;size&apos;: 13.29000000000002, &apos;value&apos;: &apos;.&apos;, &apos;children&apos;: [], &apos;features&apos;: {}}, {&apos;type&apos;: &apos;text&apos;, &apos;bbox&apos;: (371.75100000000003, 256.221, 374.521, 269.511), &apos;color_space&apos;: &apos;DeviceGray&apos;, &apos;ncolor&apos;: None, &apos;size&apos;: 13.29000000000002, &apos;value&apos;: &apos;.&apos;, &apos;children&apos;: [], &apos;features&apos;: {}}, {&apos;type&apos;: &apos;text&apos;, &apos;bbox&apos;: (374.5210000000001, 256.221, 377.29100000000005, 269.511), &apos;color_space&apos;: &apos;DeviceGray&apos;, &apos;ncolor&apos;: None, &apos;size&apos;: 13.29000000000002, &apos;value&apos;: &apos;.&apos;, &apos;children&apos;: [], &apos;features&apos;: {}}, {&apos;type&apos;: &apos;text&apos;, &apos;bbox&apos;: (377.29100000000005, 256.221, 380.06100000000004, 269.511), &apos;color_space&apos;: &apos;DeviceGray&apos;, &apos;ncolor&apos;: None, &apos;size&apos;: 13.29000000000002, &apos;value&apos;: &apos;.&apos;, &apos;children&apos;: [], &apos;features&apos;: {}}, {&apos;type&apos;: &apos;text&apos;, &apos;bbox&apos;: (380.06100000000004, 256.221, 382.831, 269.511), &apos;color_space&apos;: &apos;DeviceGray&apos;, &apos;ncolor&apos;: None, &apos;size&apos;: 13.29000000000002, &apos;value&apos;: &apos;.&apos;, &apos;children&apos;: [], &apos;features&apos;: {}}, {&apos;type&apos;: &apos;text&apos;, &apos;bbox&apos;: (382.8310000000001, 256.221, 385.60100000000006, 269.511), &apos;color_space&apos;: &apos;DeviceGray&apos;, &apos;ncolor&apos;: None, &apos;size&apos;: 13.29000000000002, &apos;value&apos;: &apos;.&apos;, &apos;children&apos;: [], &apos;features&apos;: {}}, {&apos;type&apos;: &apos;text&apos;, &apos;bbox&apos;: (385.6010000000001, 256.221, 388.3710000000001, 269.511), &apos;color_space&apos;: &apos;DeviceGray&apos;, &apos;ncolor&apos;: None, &apos;size&apos;: 13.29000000000002, &apos;value&apos;: &apos;.&apos;, &apos;children&apos;: [], &apos;features&apos;: {}}, {&apos;type&apos;: &apos;text&apos;, &apos;bbox&apos;: (388.3710000000001, 256.221, 391.1410000000001, 269.511), &apos;color_space&apos;: &apos;DeviceGray&apos;, &apos;ncolor&apos;: None, &apos;size&apos;: 13.29000000000002, &apos;value&apos;: &apos;.&apos;, &apos;children&apos;: [], &apos;features&apos;: {}}, {&apos;type&apos;: &apos;text&apos;, &apos;bbox&apos;: (391.1410000000001, 256.221, 393.91100000000006, 269.511), &apos;color_space&apos;: &apos;DeviceGray&apos;, &apos;ncolor&apos;: None, &apos;size&apos;: 13.29000000000002, &apos;value&apos;: &apos;.&apos;, &apos;children&apos;: [], &apos;features&apos;: {}}, {&apos;type&apos;: &apos;text&apos;, &apos;bbox&apos;: (393.9110000000001, 256.221, 396.6810000000001, 269.511), &apos;color_space&apos;: &apos;DeviceGray&apos;, &apos;ncolor&apos;: None, &apos;size&apos;: 13.29000000000002, &apos;value&apos;: &apos;.&apos;, &apos;children&apos;: [], &apos;features&apos;: {}}, {&apos;type&apos;: &apos;text&apos;, &apos;bbox&apos;: (396.68100000000015, 256.221, 399.45100000000014, 269.511), &apos;color_space&apos;: &apos;DeviceGray&apos;, &apos;ncolor&apos;: None, &apos;size&apos;: 13.29000000000002, &apos;value&apos;: &apos;.&apos;, &apos;children&apos;: [], &apos;features&apos;: {}}, {&apos;type&apos;: &apos;text&apos;, &apos;bbox&apos;: (399.45100000000014, 256.221, 402.2210000000001, 269.511), &apos;color_space&apos;: &apos;DeviceGray&apos;, &apos;ncolor&apos;: None, &apos;size&apos;: 13.29000000000002, &apos;value&apos;: &apos;.&apos;, &apos;children&apos;: [], &apos;features&apos;: {}}, {&apos;type&apos;: &apos;text&apos;, &apos;bbox&apos;: (402.2210000000001, 256.221, 404.9910000000001, 269.511), &apos;color_space&apos;: &apos;DeviceGray&apos;, &apos;ncolor&apos;: None, &apos;size&apos;: 13.29000000000002, &apos;value&apos;: &apos;.&apos;, &apos;children&apos;: [], &apos;features&apos;: {}}, {&apos;type&apos;: &apos;text&apos;, &apos;bbox&apos;: (404.99100000000016, 256.221, 407.76100000000014, 269.511), &apos;color_space&apos;: &apos;DeviceGray&apos;, &apos;ncolor&apos;: None, &apos;size&apos;: 13.29000000000002, &apos;value&apos;: &apos;.&apos;, &apos;children&apos;: [], &apos;features&apos;: {}}, {&apos;type&apos;: &apos;text&apos;, &apos;bbox&apos;: (407.7610000000002, 256.221, 410.5310000000002, 269.511), &apos;color_space&apos;: &apos;DeviceGray&apos;, &apos;ncolor&apos;: None, &apos;size&apos;: 13.29000000000002, &apos;value&apos;: &apos;.&apos;, &apos;children&apos;: [], &apos;features&apos;: {}}, {&apos;type&apos;: &apos;text&apos;, &apos;bbox&apos;: (410.5310000000002, 256.221, 413.30100000000016, 269.511), &apos;color_space&apos;: &apos;DeviceGray&apos;, &apos;ncolor&apos;: None, &apos;size&apos;: 13.29000000000002, &apos;value&apos;: &apos;.&apos;, &apos;children&apos;: [], &apos;features&apos;: {}}, {&apos;type&apos;: &apos;text&apos;, &apos;bbox&apos;: (413.30100000000016, 256.221, 416.07100000000014, 269.511), &apos;color_space&apos;: &apos;DeviceGray&apos;, &apos;ncolor&apos;: None, &apos;size&apos;: 13.29000000000002, &apos;value&apos;: &apos;.&apos;, &apos;children&apos;: [], &apos;features&apos;: {}}, {&apos;type&apos;: &apos;text&apos;, &apos;bbox&apos;: (416.0710000000002, 256.221, 418.8410000000002, 269.511), &apos;color_space&apos;: &apos;DeviceGray&apos;, &apos;ncolor&apos;: None, &apos;size&apos;: 13.29000000000002, &apos;value&apos;: &apos;.&apos;, &apos;children&apos;: [], &apos;features&apos;: {}}, {&apos;type&apos;: &apos;text&apos;, &apos;bbox&apos;: (418.84100000000024, 256.221, 421.6110000000002, 269.511), &apos;color_space&apos;: &apos;DeviceGray&apos;, &apos;ncolor&apos;: None, &apos;size&apos;: 13.29000000000002, &apos;value&apos;: &apos;.&apos;, &apos;children&apos;: [], &apos;features&apos;: {}}, {&apos;type&apos;: &apos;text&apos;, &apos;bbox&apos;: (421.6110000000002, 256.221, 424.3810000000002, 269.511), &apos;color_space&apos;: &apos;DeviceGray&apos;, &apos;ncolor&apos;: None, &apos;size&apos;: 13.29000000000002, &apos;value&apos;: &apos;.&apos;, &apos;children&apos;: [], &apos;features&apos;: {}}, {&apos;type&apos;: &apos;text&apos;, &apos;bbox&apos;: (424.3810000000002, 256.221, 427.1510000000002, 269.511), &apos;color_space&apos;: &apos;DeviceGray&apos;, &apos;ncolor&apos;: None, &apos;size&apos;: 13.29000000000002, &apos;value&apos;: &apos;.&apos;, &apos;children&apos;: [], &apos;features&apos;: {}}, {&apos;type&apos;: &apos;text&apos;, &apos;bbox&apos;: (427.15100000000024, 256.221, 429.9210000000002, 269.511), &apos;color_space&apos;: &apos;DeviceGray&apos;, &apos;ncolor&apos;: None, &apos;size&apos;: 13.29000000000002, &apos;value&apos;: &apos;.&apos;, &apos;children&apos;: [], &apos;features&apos;: {}}, {&apos;type&apos;: &apos;text&apos;, &apos;bbox&apos;: (429.9210000000003, 256.221, 432.69100000000026, 269.511), &apos;color_space&apos;: &apos;DeviceGray&apos;, &apos;ncolor&apos;: None, &apos;size&apos;: 13.29000000000002, &apos;value&apos;: &apos;.&apos;, &apos;children&apos;: [], &apos;features&apos;: {}}, {&apos;type&apos;: &apos;text&apos;, &apos;bbox&apos;: (432.69100000000026, 256.221, 435.46100000000024, 269.511), &apos;color_space&apos;: &apos;DeviceGray&apos;, &apos;ncolor&apos;: None, &apos;size&apos;: 13.29000000000002, &apos;value&apos;: &apos;.&apos;, &apos;children&apos;: [], &apos;features&apos;: {}}, {&apos;type&apos;: &apos;text&apos;, &apos;bbox&apos;: (435.46100000000024, 256.221, 438.2310000000002, 269.511), &apos;color_space&apos;: &apos;DeviceGray&apos;, &apos;ncolor&apos;: None, &apos;size&apos;: 13.29000000000002, &apos;value&apos;: &apos;.&apos;, &apos;children&apos;: [], &apos;features&apos;: {}}, {&apos;type&apos;: &apos;text&apos;, &apos;bbox&apos;: (438.2310000000003, 256.221, 441.00100000000026, 269.511), &apos;color_space&apos;: &apos;DeviceGray&apos;, &apos;ncolor&apos;: None, &apos;size&apos;: 13.29000000000002, &apos;value&apos;: &apos;.&apos;, &apos;children&apos;: [], &apos;features&apos;: {}}, {&apos;type&apos;: &apos;text&apos;, &apos;bbox&apos;: (441.0010000000003, 256.221, 443.7710000000003, 269.511), &apos;color_space&apos;: &apos;DeviceGray&apos;, &apos;ncolor&apos;: None, &apos;size&apos;: 13.29000000000002, &apos;value&apos;: &apos;.&apos;, &apos;children&apos;: [], &apos;features&apos;: {}}, {&apos;type&apos;: &apos;text&apos;, &apos;bbox&apos;: (443.7710000000003, 256.221, 446.5410000000003, 269.511), &apos;color_space&apos;: &apos;DeviceGray&apos;, &apos;ncolor&apos;: None, &apos;size&apos;: 13.29000000000002, &apos;value&apos;: &apos;.&apos;, &apos;children&apos;: [], &apos;features&apos;: {}}, {&apos;type&apos;: &apos;text&apos;, &apos;bbox&apos;: (446.5410000000003, 256.221, 449.31100000000026, 269.511), &apos;color_space&apos;: &apos;DeviceGray&apos;, &apos;ncolor&apos;: None, &apos;size&apos;: 13.29000000000002, &apos;value&apos;: &apos;.&apos;, &apos;children&apos;: [], &apos;features&apos;: {}}, {&apos;type&apos;: &apos;text&apos;, &apos;bbox&apos;: (449.3110000000003, 256.221, 452.0810000000003, 269.511), &apos;color_space&apos;: &apos;DeviceGray&apos;, &apos;ncolor&apos;: None, &apos;size&apos;: 13.29000000000002, &apos;value&apos;: &apos;.&apos;, &apos;children&apos;: [], &apos;features&apos;: {}}, {&apos;type&apos;: &apos;text&apos;, &apos;bbox&apos;: (452.08100000000036, 256.221, 454.85100000000034, 269.511), &apos;color_space&apos;: &apos;DeviceGray&apos;, &apos;ncolor&apos;: None, &apos;size&apos;: 13.29000000000002, &apos;value&apos;: &apos;.&apos;, &apos;children&apos;: [], &apos;features&apos;: {}}, {&apos;type&apos;: &apos;text&apos;, &apos;bbox&apos;: (454.85100000000034, 256.221, 457.6210000000003, 269.511), &apos;color_space&apos;: &apos;DeviceGray&apos;, &apos;ncolor&apos;: None, &apos;size&apos;: 13.29000000000002, &apos;value&apos;: &apos;.&apos;, &apos;children&apos;: [], &apos;features&apos;: {}}, {&apos;type&apos;: &apos;text&apos;, &apos;bbox&apos;: (457.6210000000003, 256.221, 460.3910000000003, 269.511), &apos;color_space&apos;: &apos;DeviceGray&apos;, &apos;ncolor&apos;: None, &apos;size&apos;: 13.29000000000002, &apos;value&apos;: &apos;.&apos;, &apos;children&apos;: [], &apos;features&apos;: {}}, {&apos;type&apos;: &apos;text&apos;, &apos;bbox&apos;: (460.39100000000036, 256.221, 463.16100000000034, 269.511), &apos;color_space&apos;: &apos;DeviceGray&apos;, &apos;ncolor&apos;: None, &apos;size&apos;: 13.29000000000002, &apos;value&apos;: &apos;.&apos;, &apos;children&apos;: [], &apos;features&apos;: {}}, {&apos;type&apos;: &apos;text&apos;, &apos;bbox&apos;: (463.1610000000004, 256.221, 465.9310000000004, 269.511), &apos;color_space&apos;: &apos;DeviceGray&apos;, &apos;ncolor&apos;: None, &apos;size&apos;: 13.29000000000002, &apos;value&apos;: &apos;.&apos;, &apos;children&apos;: [], &apos;features&apos;: {}}, {&apos;type&apos;: &apos;text&apos;, &apos;bbox&apos;: (465.9310000000004, 256.221, 468.70100000000036, 269.511), &apos;color_space&apos;: &apos;DeviceGray&apos;, &apos;ncolor&apos;: None, &apos;size&apos;: 13.29000000000002, &apos;value&apos;: &apos;.&apos;, &apos;children&apos;: [], &apos;features&apos;: {}}, {&apos;type&apos;: &apos;text&apos;, &apos;bbox&apos;: (468.70100000000036, 256.221, 471.47100000000034, 269.511), &apos;color_space&apos;: &apos;DeviceGray&apos;, &apos;ncolor&apos;: None, &apos;size&apos;: 13.29000000000002, &apos;value&apos;: &apos;.&apos;, &apos;children&apos;: [], &apos;features&apos;: {}}, {&apos;type&apos;: &apos;text&apos;, &apos;bbox&apos;: (471.4710000000004, 256.221, 474.2410000000004, 269.511), &apos;color_space&apos;: &apos;DeviceGray&apos;, &apos;ncolor&apos;: None, &apos;size&apos;: 13.29000000000002, &apos;value&apos;: &apos;.&apos;, &apos;children&apos;: [], &apos;features&apos;: {}}, {&apos;type&apos;: &apos;text&apos;, &apos;bbox&apos;: (474.24100000000044, 256.221, 477.0110000000004, 269.511), &apos;color_space&apos;: &apos;DeviceGray&apos;, &apos;ncolor&apos;: None, &apos;size&apos;: 13.29000000000002, &apos;value&apos;: &apos;.&apos;, &apos;children&apos;: [], &apos;features&apos;: {}}, {&apos;type&apos;: &apos;text&apos;, &apos;bbox&apos;: (477.0110000000004, 256.221, 479.7810000000004, 269.511), &apos;color_space&apos;: &apos;DeviceGray&apos;, &apos;ncolor&apos;: None, &apos;size&apos;: 13.29000000000002, &apos;value&apos;: &apos;.&apos;, &apos;children&apos;: [], &apos;features&apos;: {}}, {&apos;type&apos;: &apos;text&apos;, &apos;bbox&apos;: (479.7810000000004, 256.221, 482.5510000000004, 269.511), &apos;color_space&apos;: &apos;DeviceGray&apos;, &apos;ncolor&apos;: None, &apos;size&apos;: 13.29000000000002, &apos;value&apos;: &apos;.&apos;, &apos;children&apos;: [], &apos;features&apos;: {}}, {&apos;type&apos;: &apos;text&apos;, &apos;bbox&apos;: (482.5510000000004, 256.221, 485.32100000000037, 269.511), &apos;color_space&apos;: &apos;DeviceGray&apos;, &apos;ncolor&apos;: None, &apos;size&apos;: 13.29000000000002, &apos;value&apos;: &apos;.&apos;, &apos;children&apos;: [], &apos;features&apos;: {}}, {&apos;type&apos;: &apos;text&apos;, &apos;bbox&apos;: (485.32100000000037, 256.221, 488.09100000000035, 269.511), &apos;color_space&apos;: &apos;DeviceGray&apos;, &apos;ncolor&apos;: None, &apos;size&apos;: 13.29000000000002, &apos;value&apos;: &apos;.&apos;, &apos;children&apos;: [], &apos;features&apos;: {}}, {&apos;type&apos;: &apos;text&apos;, &apos;bbox&apos;: (488.09100000000035, 256.221, 490.86100000000033, 269.511), &apos;color_space&apos;: &apos;DeviceGray&apos;, &apos;ncolor&apos;: None, &apos;size&apos;: 13.29000000000002, &apos;value&apos;: &apos;.&apos;, &apos;children&apos;: [], &apos;features&apos;: {}}, {&apos;type&apos;: &apos;text&apos;, &apos;bbox&apos;: (490.86100000000033, 256.221, 493.6310000000003, 269.511), &apos;color_space&apos;: &apos;DeviceGray&apos;, &apos;ncolor&apos;: None, &apos;size&apos;: 13.29000000000002, &apos;value&apos;: &apos;.&apos;, &apos;children&apos;: [], &apos;features&apos;: {}}, {&apos;type&apos;: &apos;text&apos;, &apos;bbox&apos;: (493.6310000000003, 256.221, 496.4010000000003, 269.511), &apos;color_space&apos;: &apos;DeviceGray&apos;, &apos;ncolor&apos;: None, &apos;size&apos;: 13.29000000000002, &apos;value&apos;: &apos;.&apos;, &apos;children&apos;: [], &apos;features&apos;: {}}, {&apos;type&apos;: &apos;text&apos;, &apos;bbox&apos;: (496.4010000000003, 256.221, 499.1710000000003, 269.511), &apos;color_space&apos;: &apos;DeviceGray&apos;, &apos;ncolor&apos;: None, &apos;size&apos;: 13.29000000000002, &apos;value&apos;: &apos;.&apos;, &apos;children&apos;: [], &apos;features&apos;: {}}, {&apos;type&apos;: &apos;text&apos;, &apos;bbox&apos;: (499.1710000000003, 256.221, 501.94100000000026, 269.511), &apos;color_space&apos;: &apos;DeviceGray&apos;, &apos;ncolor&apos;: None, &apos;size&apos;: 13.29000000000002, &apos;value&apos;: &apos;.&apos;, &apos;children&apos;: [], &apos;features&apos;: {}}, {&apos;type&apos;: &apos;text&apos;, &apos;bbox&apos;: (501.94100000000026, 256.221, 504.71100000000024, 269.511), &apos;color_space&apos;: &apos;DeviceGray&apos;, &apos;ncolor&apos;: None, &apos;size&apos;: 13.29000000000002, &apos;value&apos;: &apos;.&apos;, &apos;children&apos;: [], &apos;features&apos;: {}}, {&apos;type&apos;: &apos;text&apos;, &apos;bbox&apos;: (504.71100000000024, 256.221, 507.4810000000002, 269.511), &apos;color_space&apos;: &apos;DeviceGray&apos;, &apos;ncolor&apos;: None, &apos;size&apos;: 13.29000000000002, &apos;value&apos;: &apos;.&apos;, &apos;children&apos;: [], &apos;features&apos;: {}}, {&apos;type&apos;: &apos;text&apos;, &apos;bbox&apos;: (507.4810000000002, 256.221, 510.2510000000002, 269.511), &apos;color_space&apos;: &apos;DeviceGray&apos;, &apos;ncolor&apos;: None, &apos;size&apos;: 13.29000000000002, &apos;value&apos;: &apos;.&apos;, &apos;children&apos;: [], &apos;features&apos;: {}}, {&apos;type&apos;: &apos;text&apos;, &apos;bbox&apos;: (510.2510000000002, 256.221, 513.0210000000002, 269.511), &apos;color_space&apos;: &apos;DeviceGray&apos;, &apos;ncolor&apos;: None, &apos;size&apos;: 13.29000000000002, &apos;value&apos;: &apos;.&apos;, &apos;children&apos;: [], &apos;features&apos;: {}}, {&apos;type&apos;: &apos;text&apos;, &apos;bbox&apos;: (513.0210000000002, 256.221, 515.7910000000002, 269.511), &apos;color_space&apos;: &apos;DeviceGray&apos;, &apos;ncolor&apos;: None, &apos;size&apos;: 13.29000000000002, &apos;value&apos;: &apos;.&apos;, &apos;children&apos;: [], &apos;features&apos;: {}}, {&apos;type&apos;: &apos;text&apos;, &apos;bbox&apos;: (515.7910000000002, 256.221, 518.5610000000001, 269.511), &apos;color_space&apos;: &apos;DeviceGray&apos;, &apos;ncolor&apos;: None, &apos;size&apos;: 13.29000000000002, &apos;value&apos;: &apos;.&apos;, &apos;children&apos;: [], &apos;features&apos;: {}}, {&apos;type&apos;: &apos;text&apos;, &apos;bbox&apos;: (519.986, 256.221, 525.5459999999999, 269.511), &apos;color_space&apos;: &apos;DeviceGray&apos;, &apos;ncolor&apos;: None, &apos;size&apos;: 13.29000000000002, &apos;value&apos;: &apos;2&apos;, &apos;children&apos;: [], &apos;features&apos;: {}}, {&apos;type&apos;: &apos;text&apos;, &apos;bbox&apos;: (525.5459999999999, 256.221, 528.876, 269.511), &apos;color_space&apos;: &apos;DeviceGray&apos;, &apos;ncolor&apos;: None, &apos;size&apos;: 13.29000000000002, &apos;value&apos;: &apos;-&apos;, &apos;children&apos;: [], &apos;features&apos;: {}}, {&apos;type&apos;: &apos;text&apos;, &apos;bbox&apos;: (528.877, 256.221, 534.4369999999999, 269.511), &apos;color_space&apos;: &apos;DeviceGray&apos;, &apos;ncolor&apos;: None, &apos;size&apos;: 13.29000000000002, &apos;value&apos;: &apos;2&apos;, &apos;children&apos;: [], &apos;features&apos;: {}}, {&apos;type&apos;: &apos;text&apos;, &apos;bbox&apos;: (534.4369999999999, 256.221, 539.9969999999998, 269.511), &apos;color_space&apos;: &apos;DeviceGray&apos;, &apos;ncolor&apos;: None, &apos;size&apos;: 13.29000000000002, &apos;value&apos;: &apos;7&apos;, &apos;children&apos;: [], &apos;features&apos;: {}}], &apos;features&apos;: {}}
*********************





--------------------------------- CONTENT AREA --------------------------------- 
This content area has an image
{&apos;type&apos;: &apos;figure&apos;, &apos;bbox&apos;: (0, 0, 612.0, 792.0), &apos;name&apos;: &apos;fx8&apos;, &apos;children&apos;: [{&apos;type&apos;: &apos;text&apos;, &apos;bbox&apos;: (114.0, 239.999, 119.57, 253.47899999999998), &apos;color_space&apos;: &apos;DeviceGray&apos;, &apos;ncolor&apos;: None, &apos;size&apos;: 13.47999999999999, &apos;value&apos;: &apos;F&apos;, &apos;children&apos;: [], &apos;features&apos;: {}}, {&apos;type&apos;: &apos;text&apos;, &apos;bbox&apos;: (119.57, 239.999, 125.66999999999999, 253.47899999999998), &apos;color_space&apos;: &apos;DeviceGray&apos;, &apos;ncolor&apos;: None, &apos;size&apos;: 13.47999999999999, &apos;value&apos;: &apos;S&apos;, &apos;children&apos;: [], &apos;features&apos;: {}}, {&apos;type&apos;: &apos;text&apos;, &apos;bbox&apos;: (125.67, 239.999, 129.56, 253.47899999999998), &apos;color_space&apos;: &apos;DeviceGray&apos;, &apos;ncolor&apos;: None, &apos;size&apos;: 13.47999999999999, &apos;value&apos;: &apos;I&apos;, &apos;children&apos;: [], &apos;features&apos;: {}}, {&apos;type&apos;: &apos;text&apos;, &apos;bbox&apos;: (129.56, 239.999, 134.56, 253.47899999999998), &apos;color_space&apos;: &apos;DeviceGray&apos;, &apos;ncolor&apos;: None, &apos;size&apos;: 13.47999999999999, &apos;value&apos;: &apos;_&apos;, &apos;children&apos;: [], &apos;features&apos;: {}}, {&apos;type&apos;: &apos;text&apos;, &apos;bbox&apos;: (134.56, 239.999, 142.87, 253.47899999999998), &apos;color_space&apos;: &apos;DeviceGray&apos;, &apos;ncolor&apos;: None, &apos;size&apos;: 13.47999999999999, &apos;value&apos;: &apos;D&apos;, &apos;children&apos;: [], &apos;features&apos;: {}}, {&apos;type&apos;: &apos;text&apos;, &apos;bbox&apos;: (142.87, 239.999, 147.87, 253.47899999999998), &apos;color_space&apos;: &apos;DeviceGray&apos;, &apos;ncolor&apos;: None, &apos;size&apos;: 13.47999999999999, &apos;value&apos;: &apos;_&apos;, &apos;children&apos;: [], &apos;features&apos;: {}}, {&apos;type&apos;: &apos;text&apos;, &apos;bbox&apos;: (147.87, 239.999, 155.09, 253.47899999999998), &apos;color_space&apos;: &apos;DeviceGray&apos;, &apos;ncolor&apos;: None, &apos;size&apos;: 13.47999999999999, &apos;value&apos;: &apos;C&apos;, &apos;children&apos;: [], &apos;features&apos;: {}}, {&apos;type&apos;: &apos;text&apos;, &apos;bbox&apos;: (155.09, 239.999, 162.22, 253.47899999999998), &apos;color_space&apos;: &apos;DeviceGray&apos;, &apos;ncolor&apos;: None, &apos;size&apos;: 13.47999999999999, &apos;value&apos;: &apos;R&apos;, &apos;children&apos;: [], &apos;features&apos;: {}}, {&apos;type&apos;: &apos;text&apos;, &apos;bbox&apos;: (162.22, 239.999, 168.27, 253.47899999999998), &apos;color_space&apos;: &apos;DeviceGray&apos;, &apos;ncolor&apos;: None, &apos;size&apos;: 13.47999999999999, &apos;value&apos;: &apos;E&apos;, &apos;children&apos;: [], &apos;features&apos;: {}}, {&apos;type&apos;: &apos;text&apos;, &apos;bbox&apos;: (168.27, 239.999, 176.58, 253.47899999999998), &apos;color_space&apos;: &apos;DeviceGray&apos;, &apos;ncolor&apos;: None, &apos;size&apos;: 13.47999999999999, &apos;value&apos;: &apos;D&apos;, &apos;children&apos;: [], &apos;features&apos;: {}}, {&apos;type&apos;: &apos;text&apos;, &apos;bbox&apos;: (176.58, 239.999, 180.47, 253.47899999999998), &apos;color_space&apos;: &apos;DeviceGray&apos;, &apos;ncolor&apos;: None, &apos;size&apos;: 13.47999999999999, &apos;value&apos;: &apos;I&apos;, &apos;children&apos;: [], &apos;features&apos;: {}}, {&apos;type&apos;: &apos;text&apos;, &apos;bbox&apos;: (180.47, 239.999, 187.13, 253.47899999999998), &apos;color_space&apos;: &apos;DeviceGray&apos;, &apos;ncolor&apos;: None, &apos;size&apos;: 13.47999999999999, &apos;value&apos;: &apos;T&apos;, &apos;children&apos;: [], &apos;features&apos;: {}}, {&apos;type&apos;: &apos;text&apos;, &apos;bbox&apos;: (187.13, 239.999, 192.13, 253.47899999999998), &apos;color_space&apos;: &apos;DeviceGray&apos;, &apos;ncolor&apos;: None, &apos;size&apos;: 13.47999999999999, &apos;value&apos;: &apos;_&apos;, &apos;children&apos;: [], &apos;features&apos;: {}}, {&apos;type&apos;: &apos;text&apos;, &apos;bbox&apos;: (192.13, 239.999, 199.35, 253.47899999999998), &apos;color_space&apos;: &apos;DeviceGray&apos;, &apos;ncolor&apos;: None, &apos;size&apos;: 13.47999999999999, &apos;value&apos;: &apos;C&apos;, &apos;children&apos;: [], &apos;features&apos;: {}}, {&apos;type&apos;: &apos;text&apos;, &apos;bbox&apos;: (199.35, 239.999, 207.12, 253.47899999999998), &apos;color_space&apos;: &apos;DeviceGray&apos;, &apos;ncolor&apos;: None, &apos;size&apos;: 13.47999999999999, &apos;value&apos;: &apos;A&apos;, &apos;children&apos;: [], &apos;features&apos;: {}}, {&apos;type&apos;: &apos;text&apos;, &apos;bbox&apos;: (207.12, 239.999, 214.25, 253.47899999999998), &apos;color_space&apos;: &apos;DeviceGray&apos;, &apos;ncolor&apos;: None, &apos;size&apos;: 13.47999999999999, &apos;value&apos;: &apos;R&apos;, &apos;children&apos;: [], &apos;features&apos;: {}}, {&apos;type&apos;: &apos;text&apos;, &apos;bbox&apos;: (214.25, 239.999, 222.56, 253.47899999999998), &apos;color_space&apos;: &apos;DeviceGray&apos;, &apos;ncolor&apos;: None, &apos;size&apos;: 13.47999999999999, &apos;value&apos;: &apos;D&apos;, &apos;children&apos;: [], &apos;features&apos;: {}}, {&apos;type&apos;: &apos;text&apos;, &apos;bbox&apos;: (222.56, 239.999, 228.66, 253.47899999999998), &apos;color_space&apos;: &apos;DeviceGray&apos;, &apos;ncolor&apos;: None, &apos;size&apos;: 13.47999999999999, &apos;value&apos;: &apos;S&apos;, &apos;children&apos;: [], &apos;features&apos;: {}}, {&apos;type&apos;: &apos;text&apos;, &apos;bbox&apos;: (228.736, 240.73, 231.506, 254.02), &apos;color_space&apos;: &apos;DeviceGray&apos;, &apos;ncolor&apos;: None, &apos;size&apos;: 13.29000000000002, &apos;value&apos;: &apos;.&apos;, &apos;children&apos;: [], &apos;features&apos;: {}}, {&apos;type&apos;: &apos;text&apos;, &apos;bbox&apos;: (231.506, 240.73, 234.276, 254.02), &apos;color_space&apos;: &apos;DeviceGray&apos;, &apos;ncolor&apos;: None, &apos;size&apos;: 13.29000000000002, &apos;value&apos;: &apos;.&apos;, &apos;children&apos;: [], &apos;features&apos;: {}}, {&apos;type&apos;: &apos;text&apos;, &apos;bbox&apos;: (234.27599999999998, 240.73, 237.046, 254.02), &apos;color_space&apos;: &apos;DeviceGray&apos;, &apos;ncolor&apos;: None, &apos;size&apos;: 13.29000000000002, &apos;value&apos;: &apos;.&apos;, &apos;children&apos;: [], &apos;features&apos;: {}}, {&apos;type&apos;: &apos;text&apos;, &apos;bbox&apos;: (237.046, 240.73, 239.816, 254.02), &apos;color_space&apos;: &apos;DeviceGray&apos;, &apos;ncolor&apos;: None, &apos;size&apos;: 13.29000000000002, &apos;value&apos;: &apos;.&apos;, &apos;children&apos;: [], &apos;features&apos;: {}}, {&apos;type&apos;: &apos;text&apos;, &apos;bbox&apos;: (239.816, 240.73, 242.586, 254.02), &apos;color_space&apos;: &apos;DeviceGray&apos;, &apos;ncolor&apos;: None, &apos;size&apos;: 13.29000000000002, &apos;value&apos;: &apos;.&apos;, &apos;children&apos;: [], &apos;features&apos;: {}}, {&apos;type&apos;: &apos;text&apos;, &apos;bbox&apos;: (242.58599999999998, 240.73, 245.356, 254.02), &apos;color_space&apos;: &apos;DeviceGray&apos;, &apos;ncolor&apos;: None, &apos;size&apos;: 13.29000000000002, &apos;value&apos;: &apos;.&apos;, &apos;children&apos;: [], &apos;features&apos;: {}}, {&apos;type&apos;: &apos;text&apos;, &apos;bbox&apos;: (245.356, 240.73, 248.126, 254.02), &apos;color_space&apos;: &apos;DeviceGray&apos;, &apos;ncolor&apos;: None, &apos;size&apos;: 13.29000000000002, &apos;value&apos;: &apos;.&apos;, &apos;children&apos;: [], &apos;features&apos;: {}}, {&apos;type&apos;: &apos;text&apos;, &apos;bbox&apos;: (248.12599999999998, 240.73, 250.896, 254.02), &apos;color_space&apos;: &apos;DeviceGray&apos;, &apos;ncolor&apos;: None, &apos;size&apos;: 13.29000000000002, &apos;value&apos;: &apos;.&apos;, &apos;children&apos;: [], &apos;features&apos;: {}}, {&apos;type&apos;: &apos;text&apos;, &apos;bbox&apos;: (250.896, 240.73, 253.666, 254.02), &apos;color_space&apos;: &apos;DeviceGray&apos;, &apos;ncolor&apos;: None, &apos;size&apos;: 13.29000000000002, &apos;value&apos;: &apos;.&apos;, &apos;children&apos;: [], &apos;features&apos;: {}}, {&apos;type&apos;: &apos;text&apos;, &apos;bbox&apos;: (253.666, 240.73, 256.436, 254.02), &apos;color_space&apos;: &apos;DeviceGray&apos;, &apos;ncolor&apos;: None, &apos;size&apos;: 13.29000000000002, &apos;value&apos;: &apos;.&apos;, &apos;children&apos;: [], &apos;features&apos;: {}}, {&apos;type&apos;: &apos;text&apos;, &apos;bbox&apos;: (256.436, 240.73, 259.20599999999996, 254.02), &apos;color_space&apos;: &apos;DeviceGray&apos;, &apos;ncolor&apos;: None, &apos;size&apos;: 13.29000000000002, &apos;value&apos;: &apos;.&apos;, &apos;children&apos;: [], &apos;features&apos;: {}}, {&apos;type&apos;: &apos;text&apos;, &apos;bbox&apos;: (259.206, 240.73, 261.976, 254.02), &apos;color_space&apos;: &apos;DeviceGray&apos;, &apos;ncolor&apos;: None, &apos;size&apos;: 13.29000000000002, &apos;value&apos;: &apos;.&apos;, &apos;children&apos;: [], &apos;features&apos;: {}}, {&apos;type&apos;: &apos;text&apos;, &apos;bbox&apos;: (261.976, 240.73, 264.746, 254.02), &apos;color_space&apos;: &apos;DeviceGray&apos;, &apos;ncolor&apos;: None, &apos;size&apos;: 13.29000000000002, &apos;value&apos;: &apos;.&apos;, &apos;children&apos;: [], &apos;features&apos;: {}}, {&apos;type&apos;: &apos;text&apos;, &apos;bbox&apos;: (264.746, 240.73, 267.51599999999996, 254.02), &apos;color_space&apos;: &apos;DeviceGray&apos;, &apos;ncolor&apos;: None, &apos;size&apos;: 13.29000000000002, &apos;value&apos;: &apos;.&apos;, &apos;children&apos;: [], &apos;features&apos;: {}}, {&apos;type&apos;: &apos;text&apos;, &apos;bbox&apos;: (267.516, 240.73, 270.286, 254.02), &apos;color_space&apos;: &apos;DeviceGray&apos;, &apos;ncolor&apos;: None, &apos;size&apos;: 13.29000000000002, &apos;value&apos;: &apos;.&apos;, &apos;children&apos;: [], &apos;features&apos;: {}}, {&apos;type&apos;: &apos;text&apos;, &apos;bbox&apos;: (270.286, 240.73, 273.056, 254.02), &apos;color_space&apos;: &apos;DeviceGray&apos;, &apos;ncolor&apos;: None, &apos;size&apos;: 13.29000000000002, &apos;value&apos;: &apos;.&apos;, &apos;children&apos;: [], &apos;features&apos;: {}}, {&apos;type&apos;: &apos;text&apos;, &apos;bbox&apos;: (273.056, 240.73, 275.82599999999996, 254.02), &apos;color_space&apos;: &apos;DeviceGray&apos;, &apos;ncolor&apos;: None, &apos;size&apos;: 13.29000000000002, &apos;value&apos;: &apos;.&apos;, &apos;children&apos;: [], &apos;features&apos;: {}}, {&apos;type&apos;: &apos;text&apos;, &apos;bbox&apos;: (275.826, 240.73, 278.596, 254.02), &apos;color_space&apos;: &apos;DeviceGray&apos;, &apos;ncolor&apos;: None, &apos;size&apos;: 13.29000000000002, &apos;value&apos;: &apos;.&apos;, &apos;children&apos;: [], &apos;features&apos;: {}}, {&apos;type&apos;: &apos;text&apos;, &apos;bbox&apos;: (278.596, 240.73, 281.366, 254.02), &apos;color_space&apos;: &apos;DeviceGray&apos;, &apos;ncolor&apos;: None, &apos;size&apos;: 13.29000000000002, &apos;value&apos;: &apos;.&apos;, &apos;children&apos;: [], &apos;features&apos;: {}}, {&apos;type&apos;: &apos;text&apos;, &apos;bbox&apos;: (281.366, 240.73, 284.13599999999997, 254.02), &apos;color_space&apos;: &apos;DeviceGray&apos;, &apos;ncolor&apos;: None, &apos;size&apos;: 13.29000000000002, &apos;value&apos;: &apos;.&apos;, &apos;children&apos;: [], &apos;features&apos;: {}}, {&apos;type&apos;: &apos;text&apos;, &apos;bbox&apos;: (284.136, 240.73, 286.906, 254.02), &apos;color_space&apos;: &apos;DeviceGray&apos;, &apos;ncolor&apos;: None, &apos;size&apos;: 13.29000000000002, &apos;value&apos;: &apos;.&apos;, &apos;children&apos;: [], &apos;features&apos;: {}}, {&apos;type&apos;: &apos;text&apos;, &apos;bbox&apos;: (286.906, 240.73, 289.676, 254.02), &apos;color_space&apos;: &apos;DeviceGray&apos;, &apos;ncolor&apos;: None, &apos;size&apos;: 13.29000000000002, &apos;value&apos;: &apos;.&apos;, &apos;children&apos;: [], &apos;features&apos;: {}}, {&apos;type&apos;: &apos;text&apos;, &apos;bbox&apos;: (289.67600000000004, 240.73, 292.446, 254.02), &apos;color_space&apos;: &apos;DeviceGray&apos;, &apos;ncolor&apos;: None, &apos;size&apos;: 13.29000000000002, &apos;value&apos;: &apos;.&apos;, &apos;children&apos;: [], &apos;features&apos;: {}}, {&apos;type&apos;: &apos;text&apos;, &apos;bbox&apos;: (292.446, 240.73, 295.216, 254.02), &apos;color_space&apos;: &apos;DeviceGray&apos;, &apos;ncolor&apos;: None, &apos;size&apos;: 13.29000000000002, &apos;value&apos;: &apos;.&apos;, &apos;children&apos;: [], &apos;features&apos;: {}}, {&apos;type&apos;: &apos;text&apos;, &apos;bbox&apos;: (295.216, 240.73, 297.986, 254.02), &apos;color_space&apos;: &apos;DeviceGray&apos;, &apos;ncolor&apos;: None, &apos;size&apos;: 13.29000000000002, &apos;value&apos;: &apos;.&apos;, &apos;children&apos;: [], &apos;features&apos;: {}}, {&apos;type&apos;: &apos;text&apos;, &apos;bbox&apos;: (297.986, 240.73, 300.756, 254.02), &apos;color_space&apos;: &apos;DeviceGray&apos;, &apos;ncolor&apos;: None, &apos;size&apos;: 13.29000000000002, &apos;value&apos;: &apos;.&apos;, &apos;children&apos;: [], &apos;features&apos;: {}}, {&apos;type&apos;: &apos;text&apos;, &apos;bbox&apos;: (300.75600000000003, 240.73, 303.526, 254.02), &apos;color_space&apos;: &apos;DeviceGray&apos;, &apos;ncolor&apos;: None, &apos;size&apos;: 13.29000000000002, &apos;value&apos;: &apos;.&apos;, &apos;children&apos;: [], &apos;features&apos;: {}}, {&apos;type&apos;: &apos;text&apos;, &apos;bbox&apos;: (303.526, 240.73, 306.296, 254.02), &apos;color_space&apos;: &apos;DeviceGray&apos;, &apos;ncolor&apos;: None, &apos;size&apos;: 13.29000000000002, &apos;value&apos;: &apos;.&apos;, &apos;children&apos;: [], &apos;features&apos;: {}}, {&apos;type&apos;: &apos;text&apos;, &apos;bbox&apos;: (306.296, 240.73, 309.066, 254.02), &apos;color_space&apos;: &apos;DeviceGray&apos;, &apos;ncolor&apos;: None, &apos;size&apos;: 13.29000000000002, &apos;value&apos;: &apos;.&apos;, &apos;children&apos;: [], &apos;features&apos;: {}}, {&apos;type&apos;: &apos;text&apos;, &apos;bbox&apos;: (309.06600000000003, 240.73, 311.836, 254.02), &apos;color_space&apos;: &apos;DeviceGray&apos;, &apos;ncolor&apos;: None, &apos;size&apos;: 13.29000000000002, &apos;value&apos;: &apos;.&apos;, &apos;children&apos;: [], &apos;features&apos;: {}}, {&apos;type&apos;: &apos;text&apos;, &apos;bbox&apos;: (311.836, 240.73, 314.606, 254.02), &apos;color_space&apos;: &apos;DeviceGray&apos;, &apos;ncolor&apos;: None, &apos;size&apos;: 13.29000000000002, &apos;value&apos;: &apos;.&apos;, &apos;children&apos;: [], &apos;features&apos;: {}}, {&apos;type&apos;: &apos;text&apos;, &apos;bbox&apos;: (314.606, 240.73, 317.376, 254.02), &apos;color_space&apos;: &apos;DeviceGray&apos;, &apos;ncolor&apos;: None, &apos;size&apos;: 13.29000000000002, &apos;value&apos;: &apos;.&apos;, &apos;children&apos;: [], &apos;features&apos;: {}}, {&apos;type&apos;: &apos;text&apos;, &apos;bbox&apos;: (317.376, 240.73, 320.14599999999996, 254.02), &apos;color_space&apos;: &apos;DeviceGray&apos;, &apos;ncolor&apos;: None, &apos;size&apos;: 13.29000000000002, &apos;value&apos;: &apos;.&apos;, &apos;children&apos;: [], &apos;features&apos;: {}}, {&apos;type&apos;: &apos;text&apos;, &apos;bbox&apos;: (320.14599999999996, 240.73, 322.91599999999994, 254.02), &apos;color_space&apos;: &apos;DeviceGray&apos;, &apos;ncolor&apos;: None, &apos;size&apos;: 13.29000000000002, &apos;value&apos;: &apos;.&apos;, &apos;children&apos;: [], &apos;features&apos;: {}}, {&apos;type&apos;: &apos;text&apos;, &apos;bbox&apos;: (322.916, 240.73, 325.686, 254.02), &apos;color_space&apos;: &apos;DeviceGray&apos;, &apos;ncolor&apos;: None, &apos;size&apos;: 13.29000000000002, &apos;value&apos;: &apos;.&apos;, &apos;children&apos;: [], &apos;features&apos;: {}}, {&apos;type&apos;: &apos;text&apos;, &apos;bbox&apos;: (325.686, 240.73, 328.45599999999996, 254.02), &apos;color_space&apos;: &apos;DeviceGray&apos;, &apos;ncolor&apos;: None, &apos;size&apos;: 13.29000000000002, &apos;value&apos;: &apos;.&apos;, &apos;children&apos;: [], &apos;features&apos;: {}}, {&apos;type&apos;: &apos;text&apos;, &apos;bbox&apos;: (328.45599999999996, 240.73, 331.22599999999994, 254.02), &apos;color_space&apos;: &apos;DeviceGray&apos;, &apos;ncolor&apos;: None, &apos;size&apos;: 13.29000000000002, &apos;value&apos;: &apos;.&apos;, &apos;children&apos;: [], &apos;features&apos;: {}}, {&apos;type&apos;: &apos;text&apos;, &apos;bbox&apos;: (331.226, 240.73, 333.996, 254.02), &apos;color_space&apos;: &apos;DeviceGray&apos;, &apos;ncolor&apos;: None, &apos;size&apos;: 13.29000000000002, &apos;value&apos;: &apos;.&apos;, &apos;children&apos;: [], &apos;features&apos;: {}}, {&apos;type&apos;: &apos;text&apos;, &apos;bbox&apos;: (333.996, 240.73, 336.76599999999996, 254.02), &apos;color_space&apos;: &apos;DeviceGray&apos;, &apos;ncolor&apos;: None, &apos;size&apos;: 13.29000000000002, &apos;value&apos;: &apos;.&apos;, &apos;children&apos;: [], &apos;features&apos;: {}}, {&apos;type&apos;: &apos;text&apos;, &apos;bbox&apos;: (336.76599999999996, 240.73, 339.53599999999994, 254.02), &apos;color_space&apos;: &apos;DeviceGray&apos;, &apos;ncolor&apos;: None, &apos;size&apos;: 13.29000000000002, &apos;value&apos;: &apos;.&apos;, &apos;children&apos;: [], &apos;features&apos;: {}}, {&apos;type&apos;: &apos;text&apos;, &apos;bbox&apos;: (339.53599999999994, 240.73, 342.3059999999999, 254.02), &apos;color_space&apos;: &apos;DeviceGray&apos;, &apos;ncolor&apos;: None, &apos;size&apos;: 13.29000000000002, &apos;value&apos;: &apos;.&apos;, &apos;children&apos;: [], &apos;features&apos;: {}}, {&apos;type&apos;: &apos;text&apos;, &apos;bbox&apos;: (342.3059999999999, 240.73, 345.0759999999999, 254.02), &apos;color_space&apos;: &apos;DeviceGray&apos;, &apos;ncolor&apos;: None, &apos;size&apos;: 13.29000000000002, &apos;value&apos;: &apos;.&apos;, &apos;children&apos;: [], &apos;features&apos;: {}}, {&apos;type&apos;: &apos;text&apos;, &apos;bbox&apos;: (345.07599999999996, 240.73, 347.84599999999995, 254.02), &apos;color_space&apos;: &apos;DeviceGray&apos;, &apos;ncolor&apos;: None, &apos;size&apos;: 13.29000000000002, &apos;value&apos;: &apos;.&apos;, &apos;children&apos;: [], &apos;features&apos;: {}}, {&apos;type&apos;: &apos;text&apos;, &apos;bbox&apos;: (347.84599999999995, 240.73, 350.61599999999993, 254.02), &apos;color_space&apos;: &apos;DeviceGray&apos;, &apos;ncolor&apos;: None, &apos;size&apos;: 13.29000000000002, &apos;value&apos;: &apos;.&apos;, &apos;children&apos;: [], &apos;features&apos;: {}}, {&apos;type&apos;: &apos;text&apos;, &apos;bbox&apos;: (350.61599999999993, 240.73, 353.3859999999999, 254.02), &apos;color_space&apos;: &apos;DeviceGray&apos;, &apos;ncolor&apos;: None, &apos;size&apos;: 13.29000000000002, &apos;value&apos;: &apos;.&apos;, &apos;children&apos;: [], &apos;features&apos;: {}}, {&apos;type&apos;: &apos;text&apos;, &apos;bbox&apos;: (353.38599999999997, 240.73, 356.15599999999995, 254.02), &apos;color_space&apos;: &apos;DeviceGray&apos;, &apos;ncolor&apos;: None, &apos;size&apos;: 13.29000000000002, &apos;value&apos;: &apos;.&apos;, &apos;children&apos;: [], &apos;features&apos;: {}}, {&apos;type&apos;: &apos;text&apos;, &apos;bbox&apos;: (356.15599999999995, 240.73, 358.92599999999993, 254.02), &apos;color_space&apos;: &apos;DeviceGray&apos;, &apos;ncolor&apos;: None, &apos;size&apos;: 13.29000000000002, &apos;value&apos;: &apos;.&apos;, &apos;children&apos;: [], &apos;features&apos;: {}}, {&apos;type&apos;: &apos;text&apos;, &apos;bbox&apos;: (358.92599999999993, 240.73, 361.6959999999999, 254.02), &apos;color_space&apos;: &apos;DeviceGray&apos;, &apos;ncolor&apos;: None, &apos;size&apos;: 13.29000000000002, &apos;value&apos;: &apos;.&apos;, &apos;children&apos;: [], &apos;features&apos;: {}}, {&apos;type&apos;: &apos;text&apos;, &apos;bbox&apos;: (361.6959999999999, 240.73, 364.4659999999999, 254.02), &apos;color_space&apos;: &apos;DeviceGray&apos;, &apos;ncolor&apos;: None, &apos;size&apos;: 13.29000000000002, &apos;value&apos;: &apos;.&apos;, &apos;children&apos;: [], &apos;features&apos;: {}}, {&apos;type&apos;: &apos;text&apos;, &apos;bbox&apos;: (364.46599999999995, 240.73, 367.23599999999993, 254.02), &apos;color_space&apos;: &apos;DeviceGray&apos;, &apos;ncolor&apos;: None, &apos;size&apos;: 13.29000000000002, &apos;value&apos;: &apos;.&apos;, &apos;children&apos;: [], &apos;features&apos;: {}}, {&apos;type&apos;: &apos;text&apos;, &apos;bbox&apos;: (367.236, 240.73, 370.006, 254.02), &apos;color_space&apos;: &apos;DeviceGray&apos;, &apos;ncolor&apos;: None, &apos;size&apos;: 13.29000000000002, &apos;value&apos;: &apos;.&apos;, &apos;children&apos;: [], &apos;features&apos;: {}}, {&apos;type&apos;: &apos;text&apos;, &apos;bbox&apos;: (370.006, 240.73, 372.77599999999995, 254.02), &apos;color_space&apos;: &apos;DeviceGray&apos;, &apos;ncolor&apos;: None, &apos;size&apos;: 13.29000000000002, &apos;value&apos;: &apos;.&apos;, &apos;children&apos;: [], &apos;features&apos;: {}}, {&apos;type&apos;: &apos;text&apos;, &apos;bbox&apos;: (372.77599999999995, 240.73, 375.54599999999994, 254.02), &apos;color_space&apos;: &apos;DeviceGray&apos;, &apos;ncolor&apos;: None, &apos;size&apos;: 13.29000000000002, &apos;value&apos;: &apos;.&apos;, &apos;children&apos;: [], &apos;features&apos;: {}}, {&apos;type&apos;: &apos;text&apos;, &apos;bbox&apos;: (375.546, 240.73, 378.316, 254.02), &apos;color_space&apos;: &apos;DeviceGray&apos;, &apos;ncolor&apos;: None, &apos;size&apos;: 13.29000000000002, &apos;value&apos;: &apos;.&apos;, &apos;children&apos;: [], &apos;features&apos;: {}}, {&apos;type&apos;: &apos;text&apos;, &apos;bbox&apos;: (378.31600000000003, 240.73, 381.086, 254.02), &apos;color_space&apos;: &apos;DeviceGray&apos;, &apos;ncolor&apos;: None, &apos;size&apos;: 13.29000000000002, &apos;value&apos;: &apos;.&apos;, &apos;children&apos;: [], &apos;features&apos;: {}}, {&apos;type&apos;: &apos;text&apos;, &apos;bbox&apos;: (381.086, 240.73, 383.856, 254.02), &apos;color_space&apos;: &apos;DeviceGray&apos;, &apos;ncolor&apos;: None, &apos;size&apos;: 13.29000000000002, &apos;value&apos;: &apos;.&apos;, &apos;children&apos;: [], &apos;features&apos;: {}}, {&apos;type&apos;: &apos;text&apos;, &apos;bbox&apos;: (383.856, 240.73, 386.626, 254.02), &apos;color_space&apos;: &apos;DeviceGray&apos;, &apos;ncolor&apos;: None, &apos;size&apos;: 13.29000000000002, &apos;value&apos;: &apos;.&apos;, &apos;children&apos;: [], &apos;features&apos;: {}}, {&apos;type&apos;: &apos;text&apos;, &apos;bbox&apos;: (386.62600000000003, 240.73, 389.396, 254.02), &apos;color_space&apos;: &apos;DeviceGray&apos;, &apos;ncolor&apos;: None, &apos;size&apos;: 13.29000000000002, &apos;value&apos;: &apos;.&apos;, &apos;children&apos;: [], &apos;features&apos;: {}}, {&apos;type&apos;: &apos;text&apos;, &apos;bbox&apos;: (389.3960000000001, 240.73, 392.16600000000005, 254.02), &apos;color_space&apos;: &apos;DeviceGray&apos;, &apos;ncolor&apos;: None, &apos;size&apos;: 13.29000000000002, &apos;value&apos;: &apos;.&apos;, &apos;children&apos;: [], &apos;features&apos;: {}}, {&apos;type&apos;: &apos;text&apos;, &apos;bbox&apos;: (392.16600000000005, 240.73, 394.93600000000004, 254.02), &apos;color_space&apos;: &apos;DeviceGray&apos;, &apos;ncolor&apos;: None, &apos;size&apos;: 13.29000000000002, &apos;value&apos;: &apos;.&apos;, &apos;children&apos;: [], &apos;features&apos;: {}}, {&apos;type&apos;: &apos;text&apos;, &apos;bbox&apos;: (394.93600000000004, 240.73, 397.706, 254.02), &apos;color_space&apos;: &apos;DeviceGray&apos;, &apos;ncolor&apos;: None, &apos;size&apos;: 13.29000000000002, &apos;value&apos;: &apos;.&apos;, &apos;children&apos;: [], &apos;features&apos;: {}}, {&apos;type&apos;: &apos;text&apos;, &apos;bbox&apos;: (397.7060000000001, 240.73, 400.47600000000006, 254.02), &apos;color_space&apos;: &apos;DeviceGray&apos;, &apos;ncolor&apos;: None, &apos;size&apos;: 13.29000000000002, &apos;value&apos;: &apos;.&apos;, &apos;children&apos;: [], &apos;features&apos;: {}}, {&apos;type&apos;: &apos;text&apos;, &apos;bbox&apos;: (400.4760000000001, 240.73, 403.2460000000001, 254.02), &apos;color_space&apos;: &apos;DeviceGray&apos;, &apos;ncolor&apos;: None, &apos;size&apos;: 13.29000000000002, &apos;value&apos;: &apos;.&apos;, &apos;children&apos;: [], &apos;features&apos;: {}}, {&apos;type&apos;: &apos;text&apos;, &apos;bbox&apos;: (403.2460000000001, 240.73, 406.0160000000001, 254.02), &apos;color_space&apos;: &apos;DeviceGray&apos;, &apos;ncolor&apos;: None, &apos;size&apos;: 13.29000000000002, &apos;value&apos;: &apos;.&apos;, &apos;children&apos;: [], &apos;features&apos;: {}}, {&apos;type&apos;: &apos;text&apos;, &apos;bbox&apos;: (406.0160000000001, 240.73, 408.78600000000006, 254.02), &apos;color_space&apos;: &apos;DeviceGray&apos;, &apos;ncolor&apos;: None, &apos;size&apos;: 13.29000000000002, &apos;value&apos;: &apos;.&apos;, &apos;children&apos;: [], &apos;features&apos;: {}}, {&apos;type&apos;: &apos;text&apos;, &apos;bbox&apos;: (408.7860000000001, 240.73, 411.5560000000001, 254.02), &apos;color_space&apos;: &apos;DeviceGray&apos;, &apos;ncolor&apos;: None, &apos;size&apos;: 13.29000000000002, &apos;value&apos;: &apos;.&apos;, &apos;children&apos;: [], &apos;features&apos;: {}}, {&apos;type&apos;: &apos;text&apos;, &apos;bbox&apos;: (411.55600000000015, 240.73, 414.32600000000014, 254.02), &apos;color_space&apos;: &apos;DeviceGray&apos;, &apos;ncolor&apos;: None, &apos;size&apos;: 13.29000000000002, &apos;value&apos;: &apos;.&apos;, &apos;children&apos;: [], &apos;features&apos;: {}}, {&apos;type&apos;: &apos;text&apos;, &apos;bbox&apos;: (414.32600000000014, 240.73, 417.0960000000001, 254.02), &apos;color_space&apos;: &apos;DeviceGray&apos;, &apos;ncolor&apos;: None, &apos;size&apos;: 13.29000000000002, &apos;value&apos;: &apos;.&apos;, &apos;children&apos;: [], &apos;features&apos;: {}}, {&apos;type&apos;: &apos;text&apos;, &apos;bbox&apos;: (417.0960000000001, 240.73, 419.8660000000001, 254.02), &apos;color_space&apos;: &apos;DeviceGray&apos;, &apos;ncolor&apos;: None, &apos;size&apos;: 13.29000000000002, &apos;value&apos;: &apos;.&apos;, &apos;children&apos;: [], &apos;features&apos;: {}}, {&apos;type&apos;: &apos;text&apos;, &apos;bbox&apos;: (419.86600000000016, 240.73, 422.63600000000014, 254.02), &apos;color_space&apos;: &apos;DeviceGray&apos;, &apos;ncolor&apos;: None, &apos;size&apos;: 13.29000000000002, &apos;value&apos;: &apos;.&apos;, &apos;children&apos;: [], &apos;features&apos;: {}}, {&apos;type&apos;: &apos;text&apos;, &apos;bbox&apos;: (422.6360000000002, 240.73, 425.4060000000002, 254.02), &apos;color_space&apos;: &apos;DeviceGray&apos;, &apos;ncolor&apos;: None, &apos;size&apos;: 13.29000000000002, &apos;value&apos;: &apos;.&apos;, &apos;children&apos;: [], &apos;features&apos;: {}}, {&apos;type&apos;: &apos;text&apos;, &apos;bbox&apos;: (425.4060000000002, 240.73, 428.17600000000016, 254.02), &apos;color_space&apos;: &apos;DeviceGray&apos;, &apos;ncolor&apos;: None, &apos;size&apos;: 13.29000000000002, &apos;value&apos;: &apos;.&apos;, &apos;children&apos;: [], &apos;features&apos;: {}}, {&apos;type&apos;: &apos;text&apos;, &apos;bbox&apos;: (428.17600000000016, 240.73, 430.94600000000014, 254.02), &apos;color_space&apos;: &apos;DeviceGray&apos;, &apos;ncolor&apos;: None, &apos;size&apos;: 13.29000000000002, &apos;value&apos;: &apos;.&apos;, &apos;children&apos;: [], &apos;features&apos;: {}}, {&apos;type&apos;: &apos;text&apos;, &apos;bbox&apos;: (430.9460000000002, 240.73, 433.7160000000002, 254.02), &apos;color_space&apos;: &apos;DeviceGray&apos;, &apos;ncolor&apos;: None, &apos;size&apos;: 13.29000000000002, &apos;value&apos;: &apos;.&apos;, &apos;children&apos;: [], &apos;features&apos;: {}}, {&apos;type&apos;: &apos;text&apos;, &apos;bbox&apos;: (433.71600000000024, 240.73, 436.4860000000002, 254.02), &apos;color_space&apos;: &apos;DeviceGray&apos;, &apos;ncolor&apos;: None, &apos;size&apos;: 13.29000000000002, &apos;value&apos;: &apos;.&apos;, &apos;children&apos;: [], &apos;features&apos;: {}}, {&apos;type&apos;: &apos;text&apos;, &apos;bbox&apos;: (436.4860000000002, 240.73, 439.2560000000002, 254.02), &apos;color_space&apos;: &apos;DeviceGray&apos;, &apos;ncolor&apos;: None, &apos;size&apos;: 13.29000000000002, &apos;value&apos;: &apos;.&apos;, &apos;children&apos;: [], &apos;features&apos;: {}}, {&apos;type&apos;: &apos;text&apos;, &apos;bbox&apos;: (439.2560000000002, 240.73, 442.0260000000002, 254.02), &apos;color_space&apos;: &apos;DeviceGray&apos;, &apos;ncolor&apos;: None, &apos;size&apos;: 13.29000000000002, &apos;value&apos;: &apos;.&apos;, &apos;children&apos;: [], &apos;features&apos;: {}}, {&apos;type&apos;: &apos;text&apos;, &apos;bbox&apos;: (442.02600000000024, 240.73, 444.7960000000002, 254.02), &apos;color_space&apos;: &apos;DeviceGray&apos;, &apos;ncolor&apos;: None, &apos;size&apos;: 13.29000000000002, &apos;value&apos;: &apos;.&apos;, &apos;children&apos;: [], &apos;features&apos;: {}}, {&apos;type&apos;: &apos;text&apos;, &apos;bbox&apos;: (444.7960000000003, 240.73, 447.56600000000026, 254.02), &apos;color_space&apos;: &apos;DeviceGray&apos;, &apos;ncolor&apos;: None, &apos;size&apos;: 13.29000000000002, &apos;value&apos;: &apos;.&apos;, &apos;children&apos;: [], &apos;features&apos;: {}}, {&apos;type&apos;: &apos;text&apos;, &apos;bbox&apos;: (447.56600000000026, 240.73, 450.33600000000024, 254.02), &apos;color_space&apos;: &apos;DeviceGray&apos;, &apos;ncolor&apos;: None, &apos;size&apos;: 13.29000000000002, &apos;value&apos;: &apos;.&apos;, &apos;children&apos;: [], &apos;features&apos;: {}}, {&apos;type&apos;: &apos;text&apos;, &apos;bbox&apos;: (450.33600000000024, 240.73, 453.1060000000002, 254.02), &apos;color_space&apos;: &apos;DeviceGray&apos;, &apos;ncolor&apos;: None, &apos;size&apos;: 13.29000000000002, &apos;value&apos;: &apos;.&apos;, &apos;children&apos;: [], &apos;features&apos;: {}}, {&apos;type&apos;: &apos;text&apos;, &apos;bbox&apos;: (453.1060000000003, 240.73, 455.87600000000026, 254.02), &apos;color_space&apos;: &apos;DeviceGray&apos;, &apos;ncolor&apos;: None, &apos;size&apos;: 13.29000000000002, &apos;value&apos;: &apos;.&apos;, &apos;children&apos;: [], &apos;features&apos;: {}}, {&apos;type&apos;: &apos;text&apos;, &apos;bbox&apos;: (455.8760000000003, 240.73, 458.6460000000003, 254.02), &apos;color_space&apos;: &apos;DeviceGray&apos;, &apos;ncolor&apos;: None, &apos;size&apos;: 13.29000000000002, &apos;value&apos;: &apos;.&apos;, &apos;children&apos;: [], &apos;features&apos;: {}}, {&apos;type&apos;: &apos;text&apos;, &apos;bbox&apos;: (458.6460000000003, 240.73, 461.4160000000003, 254.02), &apos;color_space&apos;: &apos;DeviceGray&apos;, &apos;ncolor&apos;: None, &apos;size&apos;: 13.29000000000002, &apos;value&apos;: &apos;.&apos;, &apos;children&apos;: [], &apos;features&apos;: {}}, {&apos;type&apos;: &apos;text&apos;, &apos;bbox&apos;: (461.4160000000003, 240.73, 464.18600000000026, 254.02), &apos;color_space&apos;: &apos;DeviceGray&apos;, &apos;ncolor&apos;: None, &apos;size&apos;: 13.29000000000002, &apos;value&apos;: &apos;.&apos;, &apos;children&apos;: [], &apos;features&apos;: {}}, {&apos;type&apos;: &apos;text&apos;, &apos;bbox&apos;: (464.1860000000003, 240.73, 466.9560000000003, 254.02), &apos;color_space&apos;: &apos;DeviceGray&apos;, &apos;ncolor&apos;: None, &apos;size&apos;: 13.29000000000002, &apos;value&apos;: &apos;.&apos;, &apos;children&apos;: [], &apos;features&apos;: {}}, {&apos;type&apos;: &apos;text&apos;, &apos;bbox&apos;: (466.95600000000036, 240.73, 469.72600000000034, 254.02), &apos;color_space&apos;: &apos;DeviceGray&apos;, &apos;ncolor&apos;: None, &apos;size&apos;: 13.29000000000002, &apos;value&apos;: &apos;.&apos;, &apos;children&apos;: [], &apos;features&apos;: {}}, {&apos;type&apos;: &apos;text&apos;, &apos;bbox&apos;: (469.72600000000034, 240.73, 472.4960000000003, 254.02), &apos;color_space&apos;: &apos;DeviceGray&apos;, &apos;ncolor&apos;: None, &apos;size&apos;: 13.29000000000002, &apos;value&apos;: &apos;.&apos;, &apos;children&apos;: [], &apos;features&apos;: {}}, {&apos;type&apos;: &apos;text&apos;, &apos;bbox&apos;: (472.4960000000003, 240.73, 475.2660000000003, 254.02), &apos;color_space&apos;: &apos;DeviceGray&apos;, &apos;ncolor&apos;: None, &apos;size&apos;: 13.29000000000002, &apos;value&apos;: &apos;.&apos;, &apos;children&apos;: [], &apos;features&apos;: {}}, {&apos;type&apos;: &apos;text&apos;, &apos;bbox&apos;: (475.26600000000036, 240.73, 478.03600000000034, 254.02), &apos;color_space&apos;: &apos;DeviceGray&apos;, &apos;ncolor&apos;: None, &apos;size&apos;: 13.29000000000002, &apos;value&apos;: &apos;.&apos;, &apos;children&apos;: [], &apos;features&apos;: {}}, {&apos;type&apos;: &apos;text&apos;, &apos;bbox&apos;: (478.0360000000004, 240.73, 480.8060000000004, 254.02), &apos;color_space&apos;: &apos;DeviceGray&apos;, &apos;ncolor&apos;: None, &apos;size&apos;: 13.29000000000002, &apos;value&apos;: &apos;.&apos;, &apos;children&apos;: [], &apos;features&apos;: {}}, {&apos;type&apos;: &apos;text&apos;, &apos;bbox&apos;: (480.8060000000004, 240.73, 483.57600000000036, 254.02), &apos;color_space&apos;: &apos;DeviceGray&apos;, &apos;ncolor&apos;: None, &apos;size&apos;: 13.29000000000002, &apos;value&apos;: &apos;.&apos;, &apos;children&apos;: [], &apos;features&apos;: {}}, {&apos;type&apos;: &apos;text&apos;, &apos;bbox&apos;: (483.57600000000036, 240.73, 486.34600000000034, 254.02), &apos;color_space&apos;: &apos;DeviceGray&apos;, &apos;ncolor&apos;: None, &apos;size&apos;: 13.29000000000002, &apos;value&apos;: &apos;.&apos;, &apos;children&apos;: [], &apos;features&apos;: {}}, {&apos;type&apos;: &apos;text&apos;, &apos;bbox&apos;: (486.3460000000004, 240.73, 489.1160000000004, 254.02), &apos;color_space&apos;: &apos;DeviceGray&apos;, &apos;ncolor&apos;: None, &apos;size&apos;: 13.29000000000002, &apos;value&apos;: &apos;.&apos;, &apos;children&apos;: [], &apos;features&apos;: {}}, {&apos;type&apos;: &apos;text&apos;, &apos;bbox&apos;: (489.1160000000004, 240.73, 491.88600000000037, 254.02), &apos;color_space&apos;: &apos;DeviceGray&apos;, &apos;ncolor&apos;: None, &apos;size&apos;: 13.29000000000002, &apos;value&apos;: &apos;.&apos;, &apos;children&apos;: [], &apos;features&apos;: {}}, {&apos;type&apos;: &apos;text&apos;, &apos;bbox&apos;: (491.88600000000037, 240.73, 494.65600000000035, 254.02), &apos;color_space&apos;: &apos;DeviceGray&apos;, &apos;ncolor&apos;: None, &apos;size&apos;: 13.29000000000002, &apos;value&apos;: &apos;.&apos;, &apos;children&apos;: [], &apos;features&apos;: {}}, {&apos;type&apos;: &apos;text&apos;, &apos;bbox&apos;: (494.65600000000035, 240.73, 497.42600000000033, 254.02), &apos;color_space&apos;: &apos;DeviceGray&apos;, &apos;ncolor&apos;: None, &apos;size&apos;: 13.29000000000002, &apos;value&apos;: &apos;.&apos;, &apos;children&apos;: [], &apos;features&apos;: {}}, {&apos;type&apos;: &apos;text&apos;, &apos;bbox&apos;: (497.42600000000033, 240.73, 500.1960000000003, 254.02), &apos;color_space&apos;: &apos;DeviceGray&apos;, &apos;ncolor&apos;: None, &apos;size&apos;: 13.29000000000002, &apos;value&apos;: &apos;.&apos;, &apos;children&apos;: [], &apos;features&apos;: {}}, {&apos;type&apos;: &apos;text&apos;, &apos;bbox&apos;: (500.1960000000003, 240.73, 502.9660000000003, 254.02), &apos;color_space&apos;: &apos;DeviceGray&apos;, &apos;ncolor&apos;: None, &apos;size&apos;: 13.29000000000002, &apos;value&apos;: &apos;.&apos;, &apos;children&apos;: [], &apos;features&apos;: {}}, {&apos;type&apos;: &apos;text&apos;, &apos;bbox&apos;: (502.9660000000003, 240.73, 505.7360000000003, 254.02), &apos;color_space&apos;: &apos;DeviceGray&apos;, &apos;ncolor&apos;: None, &apos;size&apos;: 13.29000000000002, &apos;value&apos;: &apos;.&apos;, &apos;children&apos;: [], &apos;features&apos;: {}}, {&apos;type&apos;: &apos;text&apos;, &apos;bbox&apos;: (505.7360000000003, 240.73, 508.50600000000026, 254.02), &apos;color_space&apos;: &apos;DeviceGray&apos;, &apos;ncolor&apos;: None, &apos;size&apos;: 13.29000000000002, &apos;value&apos;: &apos;.&apos;, &apos;children&apos;: [], &apos;features&apos;: {}}, {&apos;type&apos;: &apos;text&apos;, &apos;bbox&apos;: (508.50600000000026, 240.73, 511.27600000000024, 254.02), &apos;color_space&apos;: &apos;DeviceGray&apos;, &apos;ncolor&apos;: None, &apos;size&apos;: 13.29000000000002, &apos;value&apos;: &apos;.&apos;, &apos;children&apos;: [], &apos;features&apos;: {}}, {&apos;type&apos;: &apos;text&apos;, &apos;bbox&apos;: (511.27600000000024, 240.73, 514.0460000000003, 254.02), &apos;color_space&apos;: &apos;DeviceGray&apos;, &apos;ncolor&apos;: None, &apos;size&apos;: 13.29000000000002, &apos;value&apos;: &apos;.&apos;, &apos;children&apos;: [], &apos;features&apos;: {}}, {&apos;type&apos;: &apos;text&apos;, &apos;bbox&apos;: (514.0460000000003, 240.73, 516.8160000000003, 254.02), &apos;color_space&apos;: &apos;DeviceGray&apos;, &apos;ncolor&apos;: None, &apos;size&apos;: 13.29000000000002, &apos;value&apos;: &apos;.&apos;, &apos;children&apos;: [], &apos;features&apos;: {}}, {&apos;type&apos;: &apos;text&apos;, &apos;bbox&apos;: (519.986, 240.73, 525.5459999999999, 254.02), &apos;color_space&apos;: &apos;DeviceGray&apos;, &apos;ncolor&apos;: None, &apos;size&apos;: 13.29000000000002, &apos;value&apos;: &apos;2&apos;, &apos;children&apos;: [], &apos;features&apos;: {}}, {&apos;type&apos;: &apos;text&apos;, &apos;bbox&apos;: (525.5459999999999, 240.73, 528.876, 254.02), &apos;color_space&apos;: &apos;DeviceGray&apos;, &apos;ncolor&apos;: None, &apos;size&apos;: 13.29000000000002, &apos;value&apos;: &apos;-&apos;, &apos;children&apos;: [], &apos;features&apos;: {}}, {&apos;type&apos;: &apos;text&apos;, &apos;bbox&apos;: (528.877, 240.73, 534.4369999999999, 254.02), &apos;color_space&apos;: &apos;DeviceGray&apos;, &apos;ncolor&apos;: None, &apos;size&apos;: 13.29000000000002, &apos;value&apos;: &apos;4&apos;, &apos;children&apos;: [], &apos;features&apos;: {}}, {&apos;type&apos;: &apos;text&apos;, &apos;bbox&apos;: (534.4369999999999, 240.73, 539.9969999999998, 254.02), &apos;color_space&apos;: &apos;DeviceGray&apos;, &apos;ncolor&apos;: None, &apos;size&apos;: 13.29000000000002, &apos;value&apos;: &apos;9&apos;, &apos;children&apos;: [], &apos;features&apos;: {}}], &apos;features&apos;: {}}
*********************





--------------------------------- CONTENT AREA --------------------------------- 
This content area has an image
{&apos;type&apos;: &apos;figure&apos;, &apos;bbox&apos;: (0, 0, 612.0, 792.0), &apos;name&apos;: &apos;fx9&apos;, &apos;children&apos;: [{&apos;type&apos;: &apos;text&apos;, &apos;bbox&apos;: (114.0, 224.509, 119.57, 237.98899999999998), &apos;color_space&apos;: &apos;DeviceGray&apos;, &apos;ncolor&apos;: None, &apos;size&apos;: 13.47999999999999, &apos;value&apos;: &apos;F&apos;, &apos;children&apos;: [], &apos;features&apos;: {}}, {&apos;type&apos;: &apos;text&apos;, &apos;bbox&apos;: (119.57, 224.509, 125.66999999999999, 237.98899999999998), &apos;color_space&apos;: &apos;DeviceGray&apos;, &apos;ncolor&apos;: None, &apos;size&apos;: 13.47999999999999, &apos;value&apos;: &apos;S&apos;, &apos;children&apos;: [], &apos;features&apos;: {}}, {&apos;type&apos;: &apos;text&apos;, &apos;bbox&apos;: (125.67, 224.509, 129.56, 237.98899999999998), &apos;color_space&apos;: &apos;DeviceGray&apos;, &apos;ncolor&apos;: None, &apos;size&apos;: 13.47999999999999, &apos;value&apos;: &apos;I&apos;, &apos;children&apos;: [], &apos;features&apos;: {}}, {&apos;type&apos;: &apos;text&apos;, &apos;bbox&apos;: (129.56, 224.509, 134.56, 237.98899999999998), &apos;color_space&apos;: &apos;DeviceGray&apos;, &apos;ncolor&apos;: None, &apos;size&apos;: 13.47999999999999, &apos;value&apos;: &apos;_&apos;, &apos;children&apos;: [], &apos;features&apos;: {}}, {&apos;type&apos;: &apos;text&apos;, &apos;bbox&apos;: (134.56, 224.509, 142.87, 237.98899999999998), &apos;color_space&apos;: &apos;DeviceGray&apos;, &apos;ncolor&apos;: None, &apos;size&apos;: 13.47999999999999, &apos;value&apos;: &apos;D&apos;, &apos;children&apos;: [], &apos;features&apos;: {}}, {&apos;type&apos;: &apos;text&apos;, &apos;bbox&apos;: (142.87, 224.509, 147.87, 237.98899999999998), &apos;color_space&apos;: &apos;DeviceGray&apos;, &apos;ncolor&apos;: None, &apos;size&apos;: 13.47999999999999, &apos;value&apos;: &apos;_&apos;, &apos;children&apos;: [], &apos;features&apos;: {}}, {&apos;type&apos;: &apos;text&apos;, &apos;bbox&apos;: (147.87, 224.509, 155.09, 237.98899999999998), &apos;color_space&apos;: &apos;DeviceGray&apos;, &apos;ncolor&apos;: None, &apos;size&apos;: 13.47999999999999, &apos;value&apos;: &apos;C&apos;, &apos;children&apos;: [], &apos;features&apos;: {}}, {&apos;type&apos;: &apos;text&apos;, &apos;bbox&apos;: (155.09, 224.509, 162.22, 237.98899999999998), &apos;color_space&apos;: &apos;DeviceGray&apos;, &apos;ncolor&apos;: None, &apos;size&apos;: 13.47999999999999, &apos;value&apos;: &apos;R&apos;, &apos;children&apos;: [], &apos;features&apos;: {}}, {&apos;type&apos;: &apos;text&apos;, &apos;bbox&apos;: (162.22, 224.509, 168.27, 237.98899999999998), &apos;color_space&apos;: &apos;DeviceGray&apos;, &apos;ncolor&apos;: None, &apos;size&apos;: 13.47999999999999, &apos;value&apos;: &apos;E&apos;, &apos;children&apos;: [], &apos;features&apos;: {}}, {&apos;type&apos;: &apos;text&apos;, &apos;bbox&apos;: (168.27, 224.509, 176.58, 237.98899999999998), &apos;color_space&apos;: &apos;DeviceGray&apos;, &apos;ncolor&apos;: None, &apos;size&apos;: 13.47999999999999, &apos;value&apos;: &apos;D&apos;, &apos;children&apos;: [], &apos;features&apos;: {}}, {&apos;type&apos;: &apos;text&apos;, &apos;bbox&apos;: (176.58, 224.509, 180.47, 237.98899999999998), &apos;color_space&apos;: &apos;DeviceGray&apos;, &apos;ncolor&apos;: None, &apos;size&apos;: 13.47999999999999, &apos;value&apos;: &apos;I&apos;, &apos;children&apos;: [], &apos;features&apos;: {}}, {&apos;type&apos;: &apos;text&apos;, &apos;bbox&apos;: (180.47, 224.509, 187.13, 237.98899999999998), &apos;color_space&apos;: &apos;DeviceGray&apos;, &apos;ncolor&apos;: None, &apos;size&apos;: 13.47999999999999, &apos;value&apos;: &apos;T&apos;, &apos;children&apos;: [], &apos;features&apos;: {}}, {&apos;type&apos;: &apos;text&apos;, &apos;bbox&apos;: (187.13, 224.509, 192.13, 237.98899999999998), &apos;color_space&apos;: &apos;DeviceGray&apos;, &apos;ncolor&apos;: None, &apos;size&apos;: 13.47999999999999, &apos;value&apos;: &apos;_&apos;, &apos;children&apos;: [], &apos;features&apos;: {}}, {&apos;type&apos;: &apos;text&apos;, &apos;bbox&apos;: (192.13, 224.509, 198.18, 237.98899999999998), &apos;color_space&apos;: &apos;DeviceGray&apos;, &apos;ncolor&apos;: None, &apos;size&apos;: 13.47999999999999, &apos;value&apos;: &apos;L&apos;, &apos;children&apos;: [], &apos;features&apos;: {}}, {&apos;type&apos;: &apos;text&apos;, &apos;bbox&apos;: (198.18, 224.509, 202.07, 237.98899999999998), &apos;color_space&apos;: &apos;DeviceGray&apos;, &apos;ncolor&apos;: None, &apos;size&apos;: 13.47999999999999, &apos;value&apos;: &apos;I&apos;, &apos;children&apos;: [], &apos;features&apos;: {}}, {&apos;type&apos;: &apos;text&apos;, &apos;bbox&apos;: (202.07, 224.509, 210.4, 237.98899999999998), &apos;color_space&apos;: &apos;DeviceGray&apos;, &apos;ncolor&apos;: None, &apos;size&apos;: 13.47999999999999, &apos;value&apos;: &apos;N&apos;, &apos;children&apos;: [], &apos;features&apos;: {}}, {&apos;type&apos;: &apos;text&apos;, &apos;bbox&apos;: (210.39999999999998, 224.509, 216.45, 237.98899999999998), &apos;color_space&apos;: &apos;DeviceGray&apos;, &apos;ncolor&apos;: None, &apos;size&apos;: 13.47999999999999, &apos;value&apos;: &apos;E&apos;, &apos;children&apos;: [], &apos;features&apos;: {}}, {&apos;type&apos;: &apos;text&apos;, &apos;bbox&apos;: (216.45, 224.509, 222.54999999999998, 237.98899999999998), &apos;color_space&apos;: &apos;DeviceGray&apos;, &apos;ncolor&apos;: None, &apos;size&apos;: 13.47999999999999, &apos;value&apos;: &apos;S&apos;, &apos;children&apos;: [], &apos;features&apos;: {}}, {&apos;type&apos;: &apos;text&apos;, &apos;bbox&apos;: (222.627, 225.23899999999998, 225.39700000000002, 238.529), &apos;color_space&apos;: &apos;DeviceGray&apos;, &apos;ncolor&apos;: None, &apos;size&apos;: 13.29000000000002, &apos;value&apos;: &apos;.&apos;, &apos;children&apos;: [], &apos;features&apos;: {}}, {&apos;type&apos;: &apos;text&apos;, &apos;bbox&apos;: (225.39700000000002, 225.23899999999998, 228.16700000000003, 238.529), &apos;color_space&apos;: &apos;DeviceGray&apos;, &apos;ncolor&apos;: None, &apos;size&apos;: 13.29000000000002, &apos;value&apos;: &apos;.&apos;, &apos;children&apos;: [], &apos;features&apos;: {}}, {&apos;type&apos;: &apos;text&apos;, &apos;bbox&apos;: (228.167, 225.23899999999998, 230.937, 238.529), &apos;color_space&apos;: &apos;DeviceGray&apos;, &apos;ncolor&apos;: None, &apos;size&apos;: 13.29000000000002, &apos;value&apos;: &apos;.&apos;, &apos;children&apos;: [], &apos;features&apos;: {}}, {&apos;type&apos;: &apos;text&apos;, &apos;bbox&apos;: (230.937, 225.23899999999998, 233.70700000000002, 238.529), &apos;color_space&apos;: &apos;DeviceGray&apos;, &apos;ncolor&apos;: None, &apos;size&apos;: 13.29000000000002, &apos;value&apos;: &apos;.&apos;, &apos;children&apos;: [], &apos;features&apos;: {}}, {&apos;type&apos;: &apos;text&apos;, &apos;bbox&apos;: (233.70700000000002, 225.23899999999998, 236.47700000000003, 238.529), &apos;color_space&apos;: &apos;DeviceGray&apos;, &apos;ncolor&apos;: None, &apos;size&apos;: 13.29000000000002, &apos;value&apos;: &apos;.&apos;, &apos;children&apos;: [], &apos;features&apos;: {}}, {&apos;type&apos;: &apos;text&apos;, &apos;bbox&apos;: (236.477, 225.23899999999998, 239.247, 238.529), &apos;color_space&apos;: &apos;DeviceGray&apos;, &apos;ncolor&apos;: None, &apos;size&apos;: 13.29000000000002, &apos;value&apos;: &apos;.&apos;, &apos;children&apos;: [], &apos;features&apos;: {}}, {&apos;type&apos;: &apos;text&apos;, &apos;bbox&apos;: (239.247, 225.23899999999998, 242.01700000000002, 238.529), &apos;color_space&apos;: &apos;DeviceGray&apos;, &apos;ncolor&apos;: None, &apos;size&apos;: 13.29000000000002, &apos;value&apos;: &apos;.&apos;, &apos;children&apos;: [], &apos;features&apos;: {}}, {&apos;type&apos;: &apos;text&apos;, &apos;bbox&apos;: (242.017, 225.23899999999998, 244.787, 238.529), &apos;color_space&apos;: &apos;DeviceGray&apos;, &apos;ncolor&apos;: None, &apos;size&apos;: 13.29000000000002, &apos;value&apos;: &apos;.&apos;, &apos;children&apos;: [], &apos;features&apos;: {}}, {&apos;type&apos;: &apos;text&apos;, &apos;bbox&apos;: (244.787, 225.23899999999998, 247.55700000000002, 238.529), &apos;color_space&apos;: &apos;DeviceGray&apos;, &apos;ncolor&apos;: None, &apos;size&apos;: 13.29000000000002, &apos;value&apos;: &apos;.&apos;, &apos;children&apos;: [], &apos;features&apos;: {}}, {&apos;type&apos;: &apos;text&apos;, &apos;bbox&apos;: (247.55700000000002, 225.23899999999998, 250.32700000000003, 238.529), &apos;color_space&apos;: &apos;DeviceGray&apos;, &apos;ncolor&apos;: None, &apos;size&apos;: 13.29000000000002, &apos;value&apos;: &apos;.&apos;, &apos;children&apos;: [], &apos;features&apos;: {}}, {&apos;type&apos;: &apos;text&apos;, &apos;bbox&apos;: (250.327, 225.23899999999998, 253.097, 238.529), &apos;color_space&apos;: &apos;DeviceGray&apos;, &apos;ncolor&apos;: None, &apos;size&apos;: 13.29000000000002, &apos;value&apos;: &apos;.&apos;, &apos;children&apos;: [], &apos;features&apos;: {}}, {&apos;type&apos;: &apos;text&apos;, &apos;bbox&apos;: (253.097, 225.23899999999998, 255.86700000000002, 238.529), &apos;color_space&apos;: &apos;DeviceGray&apos;, &apos;ncolor&apos;: None, &apos;size&apos;: 13.29000000000002, &apos;value&apos;: &apos;.&apos;, &apos;children&apos;: [], &apos;features&apos;: {}}, {&apos;type&apos;: &apos;text&apos;, &apos;bbox&apos;: (255.86700000000002, 225.23899999999998, 258.637, 238.529), &apos;color_space&apos;: &apos;DeviceGray&apos;, &apos;ncolor&apos;: None, &apos;size&apos;: 13.29000000000002, &apos;value&apos;: &apos;.&apos;, &apos;children&apos;: [], &apos;features&apos;: {}}, {&apos;type&apos;: &apos;text&apos;, &apos;bbox&apos;: (258.637, 225.23899999999998, 261.407, 238.529), &apos;color_space&apos;: &apos;DeviceGray&apos;, &apos;ncolor&apos;: None, &apos;size&apos;: 13.29000000000002, &apos;value&apos;: &apos;.&apos;, &apos;children&apos;: [], &apos;features&apos;: {}}, {&apos;type&apos;: &apos;text&apos;, &apos;bbox&apos;: (261.40700000000004, 225.23899999999998, 264.177, 238.529), &apos;color_space&apos;: &apos;DeviceGray&apos;, &apos;ncolor&apos;: None, &apos;size&apos;: 13.29000000000002, &apos;value&apos;: &apos;.&apos;, &apos;children&apos;: [], &apos;features&apos;: {}}, {&apos;type&apos;: &apos;text&apos;, &apos;bbox&apos;: (264.177, 225.23899999999998, 266.947, 238.529), &apos;color_space&apos;: &apos;DeviceGray&apos;, &apos;ncolor&apos;: None, &apos;size&apos;: 13.29000000000002, &apos;value&apos;: &apos;.&apos;, &apos;children&apos;: [], &apos;features&apos;: {}}, {&apos;type&apos;: &apos;text&apos;, &apos;bbox&apos;: (266.947, 225.23899999999998, 269.717, 238.529), &apos;color_space&apos;: &apos;DeviceGray&apos;, &apos;ncolor&apos;: None, &apos;size&apos;: 13.29000000000002, &apos;value&apos;: &apos;.&apos;, &apos;children&apos;: [], &apos;features&apos;: {}}, {&apos;type&apos;: &apos;text&apos;, &apos;bbox&apos;: (269.71700000000004, 225.23899999999998, 272.487, 238.529), &apos;color_space&apos;: &apos;DeviceGray&apos;, &apos;ncolor&apos;: None, &apos;size&apos;: 13.29000000000002, &apos;value&apos;: &apos;.&apos;, &apos;children&apos;: [], &apos;features&apos;: {}}, {&apos;type&apos;: &apos;text&apos;, &apos;bbox&apos;: (272.487, 225.23899999999998, 275.257, 238.529), &apos;color_space&apos;: &apos;DeviceGray&apos;, &apos;ncolor&apos;: None, &apos;size&apos;: 13.29000000000002, &apos;value&apos;: &apos;.&apos;, &apos;children&apos;: [], &apos;features&apos;: {}}, {&apos;type&apos;: &apos;text&apos;, &apos;bbox&apos;: (275.25700000000006, 225.23899999999998, 278.02700000000004, 238.529), &apos;color_space&apos;: &apos;DeviceGray&apos;, &apos;ncolor&apos;: None, &apos;size&apos;: 13.29000000000002, &apos;value&apos;: &apos;.&apos;, &apos;children&apos;: [], &apos;features&apos;: {}}, {&apos;type&apos;: &apos;text&apos;, &apos;bbox&apos;: (278.02700000000004, 225.23899999999998, 280.797, 238.529), &apos;color_space&apos;: &apos;DeviceGray&apos;, &apos;ncolor&apos;: None, &apos;size&apos;: 13.29000000000002, &apos;value&apos;: &apos;.&apos;, &apos;children&apos;: [], &apos;features&apos;: {}}, {&apos;type&apos;: &apos;text&apos;, &apos;bbox&apos;: (280.797, 225.23899999999998, 283.567, 238.529), &apos;color_space&apos;: &apos;DeviceGray&apos;, &apos;ncolor&apos;: None, &apos;size&apos;: 13.29000000000002, &apos;value&apos;: &apos;.&apos;, &apos;children&apos;: [], &apos;features&apos;: {}}, {&apos;type&apos;: &apos;text&apos;, &apos;bbox&apos;: (283.56700000000006, 225.23899999999998, 286.33700000000005, 238.529), &apos;color_space&apos;: &apos;DeviceGray&apos;, &apos;ncolor&apos;: None, &apos;size&apos;: 13.29000000000002, &apos;value&apos;: &apos;.&apos;, &apos;children&apos;: [], &apos;features&apos;: {}}, {&apos;type&apos;: &apos;text&apos;, &apos;bbox&apos;: (286.33700000000005, 225.23899999999998, 289.107, 238.529), &apos;color_space&apos;: &apos;DeviceGray&apos;, &apos;ncolor&apos;: None, &apos;size&apos;: 13.29000000000002, &apos;value&apos;: &apos;.&apos;, &apos;children&apos;: [], &apos;features&apos;: {}}, {&apos;type&apos;: &apos;text&apos;, &apos;bbox&apos;: (289.107, 225.23899999999998, 291.877, 238.529), &apos;color_space&apos;: &apos;DeviceGray&apos;, &apos;ncolor&apos;: None, &apos;size&apos;: 13.29000000000002, &apos;value&apos;: &apos;.&apos;, &apos;children&apos;: [], &apos;features&apos;: {}}, {&apos;type&apos;: &apos;text&apos;, &apos;bbox&apos;: (291.87700000000007, 225.23899999999998, 294.64700000000005, 238.529), &apos;color_space&apos;: &apos;DeviceGray&apos;, &apos;ncolor&apos;: None, &apos;size&apos;: 13.29000000000002, &apos;value&apos;: &apos;.&apos;, &apos;children&apos;: [], &apos;features&apos;: {}}, {&apos;type&apos;: &apos;text&apos;, &apos;bbox&apos;: (294.64700000000005, 225.23899999999998, 297.41700000000003, 238.529), &apos;color_space&apos;: &apos;DeviceGray&apos;, &apos;ncolor&apos;: None, &apos;size&apos;: 13.29000000000002, &apos;value&apos;: &apos;.&apos;, &apos;children&apos;: [], &apos;features&apos;: {}}, {&apos;type&apos;: &apos;text&apos;, &apos;bbox&apos;: (297.41700000000003, 225.23899999999998, 300.187, 238.529), &apos;color_space&apos;: &apos;DeviceGray&apos;, &apos;ncolor&apos;: None, &apos;size&apos;: 13.29000000000002, &apos;value&apos;: &apos;.&apos;, &apos;children&apos;: [], &apos;features&apos;: {}}, {&apos;type&apos;: &apos;text&apos;, &apos;bbox&apos;: (300.187, 225.23899999999998, 302.957, 238.529), &apos;color_space&apos;: &apos;DeviceGray&apos;, &apos;ncolor&apos;: None, &apos;size&apos;: 13.29000000000002, &apos;value&apos;: &apos;.&apos;, &apos;children&apos;: [], &apos;features&apos;: {}}, {&apos;type&apos;: &apos;text&apos;, &apos;bbox&apos;: (302.957, 225.23899999999998, 305.727, 238.529), &apos;color_space&apos;: &apos;DeviceGray&apos;, &apos;ncolor&apos;: None, &apos;size&apos;: 13.29000000000002, &apos;value&apos;: &apos;.&apos;, &apos;children&apos;: [], &apos;features&apos;: {}}, {&apos;type&apos;: &apos;text&apos;, &apos;bbox&apos;: (305.72700000000003, 225.23899999999998, 308.497, 238.529), &apos;color_space&apos;: &apos;DeviceGray&apos;, &apos;ncolor&apos;: None, &apos;size&apos;: 13.29000000000002, &apos;value&apos;: &apos;.&apos;, &apos;children&apos;: [], &apos;features&apos;: {}}, {&apos;type&apos;: &apos;text&apos;, &apos;bbox&apos;: (308.497, 225.23899999999998, 311.267, 238.529), &apos;color_space&apos;: &apos;DeviceGray&apos;, &apos;ncolor&apos;: None, &apos;size&apos;: 13.29000000000002, &apos;value&apos;: &apos;.&apos;, &apos;children&apos;: [], &apos;features&apos;: {}}, {&apos;type&apos;: &apos;text&apos;, &apos;bbox&apos;: (311.267, 225.23899999999998, 314.037, 238.529), &apos;color_space&apos;: &apos;DeviceGray&apos;, &apos;ncolor&apos;: None, &apos;size&apos;: 13.29000000000002, &apos;value&apos;: &apos;.&apos;, &apos;children&apos;: [], &apos;features&apos;: {}}, {&apos;type&apos;: &apos;text&apos;, &apos;bbox&apos;: (314.03700000000003, 225.23899999999998, 316.807, 238.529), &apos;color_space&apos;: &apos;DeviceGray&apos;, &apos;ncolor&apos;: None, &apos;size&apos;: 13.29000000000002, &apos;value&apos;: &apos;.&apos;, &apos;children&apos;: [], &apos;features&apos;: {}}, {&apos;type&apos;: &apos;text&apos;, &apos;bbox&apos;: (316.807, 225.23899999999998, 319.577, 238.529), &apos;color_space&apos;: &apos;DeviceGray&apos;, &apos;ncolor&apos;: None, &apos;size&apos;: 13.29000000000002, &apos;value&apos;: &apos;.&apos;, &apos;children&apos;: [], &apos;features&apos;: {}}, {&apos;type&apos;: &apos;text&apos;, &apos;bbox&apos;: (319.577, 225.23899999999998, 322.347, 238.529), &apos;color_space&apos;: &apos;DeviceGray&apos;, &apos;ncolor&apos;: None, &apos;size&apos;: 13.29000000000002, &apos;value&apos;: &apos;.&apos;, &apos;children&apos;: [], &apos;features&apos;: {}}, {&apos;type&apos;: &apos;text&apos;, &apos;bbox&apos;: (322.347, 225.23899999999998, 325.11699999999996, 238.529), &apos;color_space&apos;: &apos;DeviceGray&apos;, &apos;ncolor&apos;: None, &apos;size&apos;: 13.29000000000002, &apos;value&apos;: &apos;.&apos;, &apos;children&apos;: [], &apos;features&apos;: {}}, {&apos;type&apos;: &apos;text&apos;, &apos;bbox&apos;: (325.11699999999996, 225.23899999999998, 327.88699999999994, 238.529), &apos;color_space&apos;: &apos;DeviceGray&apos;, &apos;ncolor&apos;: None, &apos;size&apos;: 13.29000000000002, &apos;value&apos;: &apos;.&apos;, &apos;children&apos;: [], &apos;features&apos;: {}}, {&apos;type&apos;: &apos;text&apos;, &apos;bbox&apos;: (327.887, 225.23899999999998, 330.657, 238.529), &apos;color_space&apos;: &apos;DeviceGray&apos;, &apos;ncolor&apos;: None, &apos;size&apos;: 13.29000000000002, &apos;value&apos;: &apos;.&apos;, &apos;children&apos;: [], &apos;features&apos;: {}}, {&apos;type&apos;: &apos;text&apos;, &apos;bbox&apos;: (330.657, 225.23899999999998, 333.42699999999996, 238.529), &apos;color_space&apos;: &apos;DeviceGray&apos;, &apos;ncolor&apos;: None, &apos;size&apos;: 13.29000000000002, &apos;value&apos;: &apos;.&apos;, &apos;children&apos;: [], &apos;features&apos;: {}}, {&apos;type&apos;: &apos;text&apos;, &apos;bbox&apos;: (333.42699999999996, 225.23899999999998, 336.19699999999995, 238.529), &apos;color_space&apos;: &apos;DeviceGray&apos;, &apos;ncolor&apos;: None, &apos;size&apos;: 13.29000000000002, &apos;value&apos;: &apos;.&apos;, &apos;children&apos;: [], &apos;features&apos;: {}}, {&apos;type&apos;: &apos;text&apos;, &apos;bbox&apos;: (336.197, 225.23899999999998, 338.967, 238.529), &apos;color_space&apos;: &apos;DeviceGray&apos;, &apos;ncolor&apos;: None, &apos;size&apos;: 13.29000000000002, &apos;value&apos;: &apos;.&apos;, &apos;children&apos;: [], &apos;features&apos;: {}}, {&apos;type&apos;: &apos;text&apos;, &apos;bbox&apos;: (338.967, 225.23899999999998, 341.73699999999997, 238.529), &apos;color_space&apos;: &apos;DeviceGray&apos;, &apos;ncolor&apos;: None, &apos;size&apos;: 13.29000000000002, &apos;value&apos;: &apos;.&apos;, &apos;children&apos;: [], &apos;features&apos;: {}}, {&apos;type&apos;: &apos;text&apos;, &apos;bbox&apos;: (341.73699999999997, 225.23899999999998, 344.50699999999995, 238.529), &apos;color_space&apos;: &apos;DeviceGray&apos;, &apos;ncolor&apos;: None, &apos;size&apos;: 13.29000000000002, &apos;value&apos;: &apos;.&apos;, &apos;children&apos;: [], &apos;features&apos;: {}}, {&apos;type&apos;: &apos;text&apos;, &apos;bbox&apos;: (344.50699999999995, 225.23899999999998, 347.27699999999993, 238.529), &apos;color_space&apos;: &apos;DeviceGray&apos;, &apos;ncolor&apos;: None, &apos;size&apos;: 13.29000000000002, &apos;value&apos;: &apos;.&apos;, &apos;children&apos;: [], &apos;features&apos;: {}}, {&apos;type&apos;: &apos;text&apos;, &apos;bbox&apos;: (347.27699999999993, 225.23899999999998, 350.0469999999999, 238.529), &apos;color_space&apos;: &apos;DeviceGray&apos;, &apos;ncolor&apos;: None, &apos;size&apos;: 13.29000000000002, &apos;value&apos;: &apos;.&apos;, &apos;children&apos;: [], &apos;features&apos;: {}}, {&apos;type&apos;: &apos;text&apos;, &apos;bbox&apos;: (350.04699999999997, 225.23899999999998, 352.81699999999995, 238.529), &apos;color_space&apos;: &apos;DeviceGray&apos;, &apos;ncolor&apos;: None, &apos;size&apos;: 13.29000000000002, &apos;value&apos;: &apos;.&apos;, &apos;children&apos;: [], &apos;features&apos;: {}}, {&apos;type&apos;: &apos;text&apos;, &apos;bbox&apos;: (352.81699999999995, 225.23899999999998, 355.58699999999993, 238.529), &apos;color_space&apos;: &apos;DeviceGray&apos;, &apos;ncolor&apos;: None, &apos;size&apos;: 13.29000000000002, &apos;value&apos;: &apos;.&apos;, &apos;children&apos;: [], &apos;features&apos;: {}}, {&apos;type&apos;: &apos;text&apos;, &apos;bbox&apos;: (355.587, 225.23899999999998, 358.35699999999997, 238.529), &apos;color_space&apos;: &apos;DeviceGray&apos;, &apos;ncolor&apos;: None, &apos;size&apos;: 13.29000000000002, &apos;value&apos;: &apos;.&apos;, &apos;children&apos;: [], &apos;features&apos;: {}}, {&apos;type&apos;: &apos;text&apos;, &apos;bbox&apos;: (358.35699999999997, 225.23899999999998, 361.12699999999995, 238.529), &apos;color_space&apos;: &apos;DeviceGray&apos;, &apos;ncolor&apos;: None, &apos;size&apos;: 13.29000000000002, &apos;value&apos;: &apos;.&apos;, &apos;children&apos;: [], &apos;features&apos;: {}}, {&apos;type&apos;: &apos;text&apos;, &apos;bbox&apos;: (361.12699999999995, 225.23899999999998, 363.89699999999993, 238.529), &apos;color_space&apos;: &apos;DeviceGray&apos;, &apos;ncolor&apos;: None, &apos;size&apos;: 13.29000000000002, &apos;value&apos;: &apos;.&apos;, &apos;children&apos;: [], &apos;features&apos;: {}}, {&apos;type&apos;: &apos;text&apos;, &apos;bbox&apos;: (363.897, 225.23899999999998, 366.667, 238.529), &apos;color_space&apos;: &apos;DeviceGray&apos;, &apos;ncolor&apos;: None, &apos;size&apos;: 13.29000000000002, &apos;value&apos;: &apos;.&apos;, &apos;children&apos;: [], &apos;features&apos;: {}}, {&apos;type&apos;: &apos;text&apos;, &apos;bbox&apos;: (366.66700000000003, 225.23899999999998, 369.437, 238.529), &apos;color_space&apos;: &apos;DeviceGray&apos;, &apos;ncolor&apos;: None, &apos;size&apos;: 13.29000000000002, &apos;value&apos;: &apos;.&apos;, &apos;children&apos;: [], &apos;features&apos;: {}}, {&apos;type&apos;: &apos;text&apos;, &apos;bbox&apos;: (369.437, 225.23899999999998, 372.207, 238.529), &apos;color_space&apos;: &apos;DeviceGray&apos;, &apos;ncolor&apos;: None, &apos;size&apos;: 13.29000000000002, &apos;value&apos;: &apos;.&apos;, &apos;children&apos;: [], &apos;features&apos;: {}}, {&apos;type&apos;: &apos;text&apos;, &apos;bbox&apos;: (372.207, 225.23899999999998, 374.977, 238.529), &apos;color_space&apos;: &apos;DeviceGray&apos;, &apos;ncolor&apos;: None, &apos;size&apos;: 13.29000000000002, &apos;value&apos;: &apos;.&apos;, &apos;children&apos;: [], &apos;features&apos;: {}}, {&apos;type&apos;: &apos;text&apos;, &apos;bbox&apos;: (374.97700000000003, 225.23899999999998, 377.747, 238.529), &apos;color_space&apos;: &apos;DeviceGray&apos;, &apos;ncolor&apos;: None, &apos;size&apos;: 13.29000000000002, &apos;value&apos;: &apos;.&apos;, &apos;children&apos;: [], &apos;features&apos;: {}}, {&apos;type&apos;: &apos;text&apos;, &apos;bbox&apos;: (377.74700000000007, 225.23899999999998, 380.51700000000005, 238.529), &apos;color_space&apos;: &apos;DeviceGray&apos;, &apos;ncolor&apos;: None, &apos;size&apos;: 13.29000000000002, &apos;value&apos;: &apos;.&apos;, &apos;children&apos;: [], &apos;features&apos;: {}}, {&apos;type&apos;: &apos;text&apos;, &apos;bbox&apos;: (380.51700000000005, 225.23899999999998, 383.28700000000003, 238.529), &apos;color_space&apos;: &apos;DeviceGray&apos;, &apos;ncolor&apos;: None, &apos;size&apos;: 13.29000000000002, &apos;value&apos;: &apos;.&apos;, &apos;children&apos;: [], &apos;features&apos;: {}}, {&apos;type&apos;: &apos;text&apos;, &apos;bbox&apos;: (383.28700000000003, 225.23899999999998, 386.057, 238.529), &apos;color_space&apos;: &apos;DeviceGray&apos;, &apos;ncolor&apos;: None, &apos;size&apos;: 13.29000000000002, &apos;value&apos;: &apos;.&apos;, &apos;children&apos;: [], &apos;features&apos;: {}}, {&apos;type&apos;: &apos;text&apos;, &apos;bbox&apos;: (386.0570000000001, 225.23899999999998, 388.82700000000006, 238.529), &apos;color_space&apos;: &apos;DeviceGray&apos;, &apos;ncolor&apos;: None, &apos;size&apos;: 13.29000000000002, &apos;value&apos;: &apos;.&apos;, &apos;children&apos;: [], &apos;features&apos;: {}}, {&apos;type&apos;: &apos;text&apos;, &apos;bbox&apos;: (388.8270000000001, 225.23899999999998, 391.5970000000001, 238.529), &apos;color_space&apos;: &apos;DeviceGray&apos;, &apos;ncolor&apos;: None, &apos;size&apos;: 13.29000000000002, &apos;value&apos;: &apos;.&apos;, &apos;children&apos;: [], &apos;features&apos;: {}}, {&apos;type&apos;: &apos;text&apos;, &apos;bbox&apos;: (391.5970000000001, 225.23899999999998, 394.3670000000001, 238.529), &apos;color_space&apos;: &apos;DeviceGray&apos;, &apos;ncolor&apos;: None, &apos;size&apos;: 13.29000000000002, &apos;value&apos;: &apos;.&apos;, &apos;children&apos;: [], &apos;features&apos;: {}}, {&apos;type&apos;: &apos;text&apos;, &apos;bbox&apos;: (394.3670000000001, 225.23899999999998, 397.13700000000006, 238.529), &apos;color_space&apos;: &apos;DeviceGray&apos;, &apos;ncolor&apos;: None, &apos;size&apos;: 13.29000000000002, &apos;value&apos;: &apos;.&apos;, &apos;children&apos;: [], &apos;features&apos;: {}}, {&apos;type&apos;: &apos;text&apos;, &apos;bbox&apos;: (397.1370000000001, 225.23899999999998, 399.9070000000001, 238.529), &apos;color_space&apos;: &apos;DeviceGray&apos;, &apos;ncolor&apos;: None, &apos;size&apos;: 13.29000000000002, &apos;value&apos;: &apos;.&apos;, &apos;children&apos;: [], &apos;features&apos;: {}}, {&apos;type&apos;: &apos;text&apos;, &apos;bbox&apos;: (399.90700000000015, 225.23899999999998, 402.67700000000013, 238.529), &apos;color_space&apos;: &apos;DeviceGray&apos;, &apos;ncolor&apos;: None, &apos;size&apos;: 13.29000000000002, &apos;value&apos;: &apos;.&apos;, &apos;children&apos;: [], &apos;features&apos;: {}}, {&apos;type&apos;: &apos;text&apos;, &apos;bbox&apos;: (402.67700000000013, 225.23899999999998, 405.4470000000001, 238.529), &apos;color_space&apos;: &apos;DeviceGray&apos;, &apos;ncolor&apos;: None, &apos;size&apos;: 13.29000000000002, &apos;value&apos;: &apos;.&apos;, &apos;children&apos;: [], &apos;features&apos;: {}}, {&apos;type&apos;: &apos;text&apos;, &apos;bbox&apos;: (405.4470000000001, 225.23899999999998, 408.2170000000001, 238.529), &apos;color_space&apos;: &apos;DeviceGray&apos;, &apos;ncolor&apos;: None, &apos;size&apos;: 13.29000000000002, &apos;value&apos;: &apos;.&apos;, &apos;children&apos;: [], &apos;features&apos;: {}}, {&apos;type&apos;: &apos;text&apos;, &apos;bbox&apos;: (408.21700000000016, 225.23899999999998, 410.98700000000014, 238.529), &apos;color_space&apos;: &apos;DeviceGray&apos;, &apos;ncolor&apos;: None, &apos;size&apos;: 13.29000000000002, &apos;value&apos;: &apos;.&apos;, &apos;children&apos;: [], &apos;features&apos;: {}}, {&apos;type&apos;: &apos;text&apos;, &apos;bbox&apos;: (410.9870000000002, 225.23899999999998, 413.7570000000002, 238.529), &apos;color_space&apos;: &apos;DeviceGray&apos;, &apos;ncolor&apos;: None, &apos;size&apos;: 13.29000000000002, &apos;value&apos;: &apos;.&apos;, &apos;children&apos;: [], &apos;features&apos;: {}}, {&apos;type&apos;: &apos;text&apos;, &apos;bbox&apos;: (413.7570000000002, 225.23899999999998, 416.52700000000016, 238.529), &apos;color_space&apos;: &apos;DeviceGray&apos;, &apos;ncolor&apos;: None, &apos;size&apos;: 13.29000000000002, &apos;value&apos;: &apos;.&apos;, &apos;children&apos;: [], &apos;features&apos;: {}}, {&apos;type&apos;: &apos;text&apos;, &apos;bbox&apos;: (416.52700000000016, 225.23899999999998, 419.29700000000014, 238.529), &apos;color_space&apos;: &apos;DeviceGray&apos;, &apos;ncolor&apos;: None, &apos;size&apos;: 13.29000000000002, &apos;value&apos;: &apos;.&apos;, &apos;children&apos;: [], &apos;features&apos;: {}}, {&apos;type&apos;: &apos;text&apos;, &apos;bbox&apos;: (419.2970000000002, 225.23899999999998, 422.0670000000002, 238.529), &apos;color_space&apos;: &apos;DeviceGray&apos;, &apos;ncolor&apos;: None, &apos;size&apos;: 13.29000000000002, &apos;value&apos;: &apos;.&apos;, &apos;children&apos;: [], &apos;features&apos;: {}}, {&apos;type&apos;: &apos;text&apos;, &apos;bbox&apos;: (422.06700000000023, 225.23899999999998, 424.8370000000002, 238.529), &apos;color_space&apos;: &apos;DeviceGray&apos;, &apos;ncolor&apos;: None, &apos;size&apos;: 13.29000000000002, &apos;value&apos;: &apos;.&apos;, &apos;children&apos;: [], &apos;features&apos;: {}}, {&apos;type&apos;: &apos;text&apos;, &apos;bbox&apos;: (424.8370000000002, 225.23899999999998, 427.6070000000002, 238.529), &apos;color_space&apos;: &apos;DeviceGray&apos;, &apos;ncolor&apos;: None, &apos;size&apos;: 13.29000000000002, &apos;value&apos;: &apos;.&apos;, &apos;children&apos;: [], &apos;features&apos;: {}}, {&apos;type&apos;: &apos;text&apos;, &apos;bbox&apos;: (427.6070000000002, 225.23899999999998, 430.3770000000002, 238.529), &apos;color_space&apos;: &apos;DeviceGray&apos;, &apos;ncolor&apos;: None, &apos;size&apos;: 13.29000000000002, &apos;value&apos;: &apos;.&apos;, &apos;children&apos;: [], &apos;features&apos;: {}}, {&apos;type&apos;: &apos;text&apos;, &apos;bbox&apos;: (430.37700000000024, 225.23899999999998, 433.1470000000002, 238.529), &apos;color_space&apos;: &apos;DeviceGray&apos;, &apos;ncolor&apos;: None, &apos;size&apos;: 13.29000000000002, &apos;value&apos;: &apos;.&apos;, &apos;children&apos;: [], &apos;features&apos;: {}}, {&apos;type&apos;: &apos;text&apos;, &apos;bbox&apos;: (433.1470000000003, 225.23899999999998, 435.91700000000026, 238.529), &apos;color_space&apos;: &apos;DeviceGray&apos;, &apos;ncolor&apos;: None, &apos;size&apos;: 13.29000000000002, &apos;value&apos;: &apos;.&apos;, &apos;children&apos;: [], &apos;features&apos;: {}}, {&apos;type&apos;: &apos;text&apos;, &apos;bbox&apos;: (435.91700000000026, 225.23899999999998, 438.68700000000024, 238.529), &apos;color_space&apos;: &apos;DeviceGray&apos;, &apos;ncolor&apos;: None, &apos;size&apos;: 13.29000000000002, &apos;value&apos;: &apos;.&apos;, &apos;children&apos;: [], &apos;features&apos;: {}}, {&apos;type&apos;: &apos;text&apos;, &apos;bbox&apos;: (438.68700000000024, 225.23899999999998, 441.4570000000002, 238.529), &apos;color_space&apos;: &apos;DeviceGray&apos;, &apos;ncolor&apos;: None, &apos;size&apos;: 13.29000000000002, &apos;value&apos;: &apos;.&apos;, &apos;children&apos;: [], &apos;features&apos;: {}}, {&apos;type&apos;: &apos;text&apos;, &apos;bbox&apos;: (441.4570000000003, 225.23899999999998, 444.22700000000026, 238.529), &apos;color_space&apos;: &apos;DeviceGray&apos;, &apos;ncolor&apos;: None, &apos;size&apos;: 13.29000000000002, &apos;value&apos;: &apos;.&apos;, &apos;children&apos;: [], &apos;features&apos;: {}}, {&apos;type&apos;: &apos;text&apos;, &apos;bbox&apos;: (444.2270000000003, 225.23899999999998, 446.9970000000003, 238.529), &apos;color_space&apos;: &apos;DeviceGray&apos;, &apos;ncolor&apos;: None, &apos;size&apos;: 13.29000000000002, &apos;value&apos;: &apos;.&apos;, &apos;children&apos;: [], &apos;features&apos;: {}}, {&apos;type&apos;: &apos;text&apos;, &apos;bbox&apos;: (446.9970000000003, 225.23899999999998, 449.7670000000003, 238.529), &apos;color_space&apos;: &apos;DeviceGray&apos;, &apos;ncolor&apos;: None, &apos;size&apos;: 13.29000000000002, &apos;value&apos;: &apos;.&apos;, &apos;children&apos;: [], &apos;features&apos;: {}}, {&apos;type&apos;: &apos;text&apos;, &apos;bbox&apos;: (449.7670000000003, 225.23899999999998, 452.53700000000026, 238.529), &apos;color_space&apos;: &apos;DeviceGray&apos;, &apos;ncolor&apos;: None, &apos;size&apos;: 13.29000000000002, &apos;value&apos;: &apos;.&apos;, &apos;children&apos;: [], &apos;features&apos;: {}}, {&apos;type&apos;: &apos;text&apos;, &apos;bbox&apos;: (452.5370000000003, 225.23899999999998, 455.3070000000003, 238.529), &apos;color_space&apos;: &apos;DeviceGray&apos;, &apos;ncolor&apos;: None, &apos;size&apos;: 13.29000000000002, &apos;value&apos;: &apos;.&apos;, &apos;children&apos;: [], &apos;features&apos;: {}}, {&apos;type&apos;: &apos;text&apos;, &apos;bbox&apos;: (455.30700000000036, 225.23899999999998, 458.07700000000034, 238.529), &apos;color_space&apos;: &apos;DeviceGray&apos;, &apos;ncolor&apos;: None, &apos;size&apos;: 13.29000000000002, &apos;value&apos;: &apos;.&apos;, &apos;children&apos;: [], &apos;features&apos;: {}}, {&apos;type&apos;: &apos;text&apos;, &apos;bbox&apos;: (458.07700000000034, 225.23899999999998, 460.8470000000003, 238.529), &apos;color_space&apos;: &apos;DeviceGray&apos;, &apos;ncolor&apos;: None, &apos;size&apos;: 13.29000000000002, &apos;value&apos;: &apos;.&apos;, &apos;children&apos;: [], &apos;features&apos;: {}}, {&apos;type&apos;: &apos;text&apos;, &apos;bbox&apos;: (460.8470000000003, 225.23899999999998, 463.6170000000003, 238.529), &apos;color_space&apos;: &apos;DeviceGray&apos;, &apos;ncolor&apos;: None, &apos;size&apos;: 13.29000000000002, &apos;value&apos;: &apos;.&apos;, &apos;children&apos;: [], &apos;features&apos;: {}}, {&apos;type&apos;: &apos;text&apos;, &apos;bbox&apos;: (463.61700000000036, 225.23899999999998, 466.38700000000034, 238.529), &apos;color_space&apos;: &apos;DeviceGray&apos;, &apos;ncolor&apos;: None, &apos;size&apos;: 13.29000000000002, &apos;value&apos;: &apos;.&apos;, &apos;children&apos;: [], &apos;features&apos;: {}}, {&apos;type&apos;: &apos;text&apos;, &apos;bbox&apos;: (466.3870000000004, 225.23899999999998, 469.1570000000004, 238.529), &apos;color_space&apos;: &apos;DeviceGray&apos;, &apos;ncolor&apos;: None, &apos;size&apos;: 13.29000000000002, &apos;value&apos;: &apos;.&apos;, &apos;children&apos;: [], &apos;features&apos;: {}}, {&apos;type&apos;: &apos;text&apos;, &apos;bbox&apos;: (469.1570000000004, 225.23899999999998, 471.92700000000036, 238.529), &apos;color_space&apos;: &apos;DeviceGray&apos;, &apos;ncolor&apos;: None, &apos;size&apos;: 13.29000000000002, &apos;value&apos;: &apos;.&apos;, &apos;children&apos;: [], &apos;features&apos;: {}}, {&apos;type&apos;: &apos;text&apos;, &apos;bbox&apos;: (471.92700000000036, 225.23899999999998, 474.69700000000034, 238.529), &apos;color_space&apos;: &apos;DeviceGray&apos;, &apos;ncolor&apos;: None, &apos;size&apos;: 13.29000000000002, &apos;value&apos;: &apos;.&apos;, &apos;children&apos;: [], &apos;features&apos;: {}}, {&apos;type&apos;: &apos;text&apos;, &apos;bbox&apos;: (474.6970000000004, 225.23899999999998, 477.4670000000004, 238.529), &apos;color_space&apos;: &apos;DeviceGray&apos;, &apos;ncolor&apos;: None, &apos;size&apos;: 13.29000000000002, &apos;value&apos;: &apos;.&apos;, &apos;children&apos;: [], &apos;features&apos;: {}}, {&apos;type&apos;: &apos;text&apos;, &apos;bbox&apos;: (477.46700000000044, 225.23899999999998, 480.2370000000004, 238.529), &apos;color_space&apos;: &apos;DeviceGray&apos;, &apos;ncolor&apos;: None, &apos;size&apos;: 13.29000000000002, &apos;value&apos;: &apos;.&apos;, &apos;children&apos;: [], &apos;features&apos;: {}}, {&apos;type&apos;: &apos;text&apos;, &apos;bbox&apos;: (480.2370000000004, 225.23899999999998, 483.0070000000004, 238.529), &apos;color_space&apos;: &apos;DeviceGray&apos;, &apos;ncolor&apos;: None, &apos;size&apos;: 13.29000000000002, &apos;value&apos;: &apos;.&apos;, &apos;children&apos;: [], &apos;features&apos;: {}}, {&apos;type&apos;: &apos;text&apos;, &apos;bbox&apos;: (483.0070000000004, 225.23899999999998, 485.7770000000004, 238.529), &apos;color_space&apos;: &apos;DeviceGray&apos;, &apos;ncolor&apos;: None, &apos;size&apos;: 13.29000000000002, &apos;value&apos;: &apos;.&apos;, &apos;children&apos;: [], &apos;features&apos;: {}}, {&apos;type&apos;: &apos;text&apos;, &apos;bbox&apos;: (485.7770000000004, 225.23899999999998, 488.54700000000037, 238.529), &apos;color_space&apos;: &apos;DeviceGray&apos;, &apos;ncolor&apos;: None, &apos;size&apos;: 13.29000000000002, &apos;value&apos;: &apos;.&apos;, &apos;children&apos;: [], &apos;features&apos;: {}}, {&apos;type&apos;: &apos;text&apos;, &apos;bbox&apos;: (488.54700000000037, 225.23899999999998, 491.31700000000035, 238.529), &apos;color_space&apos;: &apos;DeviceGray&apos;, &apos;ncolor&apos;: None, &apos;size&apos;: 13.29000000000002, &apos;value&apos;: &apos;.&apos;, &apos;children&apos;: [], &apos;features&apos;: {}}, {&apos;type&apos;: &apos;text&apos;, &apos;bbox&apos;: (491.31700000000035, 225.23899999999998, 494.08700000000033, 238.529), &apos;color_space&apos;: &apos;DeviceGray&apos;, &apos;ncolor&apos;: None, &apos;size&apos;: 13.29000000000002, &apos;value&apos;: &apos;.&apos;, &apos;children&apos;: [], &apos;features&apos;: {}}, {&apos;type&apos;: &apos;text&apos;, &apos;bbox&apos;: (494.08700000000033, 225.23899999999998, 496.8570000000003, 238.529), &apos;color_space&apos;: &apos;DeviceGray&apos;, &apos;ncolor&apos;: None, &apos;size&apos;: 13.29000000000002, &apos;value&apos;: &apos;.&apos;, &apos;children&apos;: [], &apos;features&apos;: {}}, {&apos;type&apos;: &apos;text&apos;, &apos;bbox&apos;: (496.8570000000003, 225.23899999999998, 499.6270000000003, 238.529), &apos;color_space&apos;: &apos;DeviceGray&apos;, &apos;ncolor&apos;: None, &apos;size&apos;: 13.29000000000002, &apos;value&apos;: &apos;.&apos;, &apos;children&apos;: [], &apos;features&apos;: {}}, {&apos;type&apos;: &apos;text&apos;, &apos;bbox&apos;: (499.6270000000003, 225.23899999999998, 502.3970000000003, 238.529), &apos;color_space&apos;: &apos;DeviceGray&apos;, &apos;ncolor&apos;: None, &apos;size&apos;: 13.29000000000002, &apos;value&apos;: &apos;.&apos;, &apos;children&apos;: [], &apos;features&apos;: {}}, {&apos;type&apos;: &apos;text&apos;, &apos;bbox&apos;: (502.3970000000003, 225.23899999999998, 505.16700000000026, 238.529), &apos;color_space&apos;: &apos;DeviceGray&apos;, &apos;ncolor&apos;: None, &apos;size&apos;: 13.29000000000002, &apos;value&apos;: &apos;.&apos;, &apos;children&apos;: [], &apos;features&apos;: {}}, {&apos;type&apos;: &apos;text&apos;, &apos;bbox&apos;: (505.16700000000026, 225.23899999999998, 507.93700000000024, 238.529), &apos;color_space&apos;: &apos;DeviceGray&apos;, &apos;ncolor&apos;: None, &apos;size&apos;: 13.29000000000002, &apos;value&apos;: &apos;.&apos;, &apos;children&apos;: [], &apos;features&apos;: {}}, {&apos;type&apos;: &apos;text&apos;, &apos;bbox&apos;: (507.93700000000024, 225.23899999999998, 510.7070000000002, 238.529), &apos;color_space&apos;: &apos;DeviceGray&apos;, &apos;ncolor&apos;: None, &apos;size&apos;: 13.29000000000002, &apos;value&apos;: &apos;.&apos;, &apos;children&apos;: [], &apos;features&apos;: {}}, {&apos;type&apos;: &apos;text&apos;, &apos;bbox&apos;: (510.7070000000002, 225.23899999999998, 513.4770000000002, 238.529), &apos;color_space&apos;: &apos;DeviceGray&apos;, &apos;ncolor&apos;: None, &apos;size&apos;: 13.29000000000002, &apos;value&apos;: &apos;.&apos;, &apos;children&apos;: [], &apos;features&apos;: {}}, {&apos;type&apos;: &apos;text&apos;, &apos;bbox&apos;: (513.4770000000002, 225.23899999999998, 516.2470000000002, 238.529), &apos;color_space&apos;: &apos;DeviceGray&apos;, &apos;ncolor&apos;: None, &apos;size&apos;: 13.29000000000002, &apos;value&apos;: &apos;.&apos;, &apos;children&apos;: [], &apos;features&apos;: {}}, {&apos;type&apos;: &apos;text&apos;, &apos;bbox&apos;: (516.2470000000002, 225.23899999999998, 519.0170000000002, 238.529), &apos;color_space&apos;: &apos;DeviceGray&apos;, &apos;ncolor&apos;: None, &apos;size&apos;: 13.29000000000002, &apos;value&apos;: &apos;.&apos;, &apos;children&apos;: [], &apos;features&apos;: {}}, {&apos;type&apos;: &apos;text&apos;, &apos;bbox&apos;: (519.986, 225.23899999999998, 525.5459999999999, 238.529), &apos;color_space&apos;: &apos;DeviceGray&apos;, &apos;ncolor&apos;: None, &apos;size&apos;: 13.29000000000002, &apos;value&apos;: &apos;2&apos;, &apos;children&apos;: [], &apos;features&apos;: {}}, {&apos;type&apos;: &apos;text&apos;, &apos;bbox&apos;: (525.5459999999999, 225.23899999999998, 528.876, 238.529), &apos;color_space&apos;: &apos;DeviceGray&apos;, &apos;ncolor&apos;: None, &apos;size&apos;: 13.29000000000002, &apos;value&apos;: &apos;-&apos;, &apos;children&apos;: [], &apos;features&apos;: {}}, {&apos;type&apos;: &apos;text&apos;, &apos;bbox&apos;: (528.877, 225.23899999999998, 534.4369999999999, 238.529), &apos;color_space&apos;: &apos;DeviceGray&apos;, &apos;ncolor&apos;: None, &apos;size&apos;: 13.29000000000002, &apos;value&apos;: &apos;7&apos;, &apos;children&apos;: [], &apos;features&apos;: {}}, {&apos;type&apos;: &apos;text&apos;, &apos;bbox&apos;: (534.4369999999999, 225.23899999999998, 539.9969999999998, 238.529), &apos;color_space&apos;: &apos;DeviceGray&apos;, &apos;ncolor&apos;: None, &apos;size&apos;: 13.29000000000002, &apos;value&apos;: &apos;8&apos;, &apos;children&apos;: [], &apos;features&apos;: {}}], &apos;features&apos;: {}}
*********************





--------------------------------- CONTENT AREA --------------------------------- 
This content area has an image
{&apos;type&apos;: &apos;figure&apos;, &apos;bbox&apos;: (0, 0, 612.0, 792.0), &apos;name&apos;: &apos;fx10&apos;, &apos;children&apos;: [{&apos;type&apos;: &apos;text&apos;, &apos;bbox&apos;: (114.0, 209.017, 119.57, 222.497), &apos;color_space&apos;: &apos;DeviceGray&apos;, &apos;ncolor&apos;: None, &apos;size&apos;: 13.480000000000018, &apos;value&apos;: &apos;F&apos;, &apos;children&apos;: [], &apos;features&apos;: {}}, {&apos;type&apos;: &apos;text&apos;, &apos;bbox&apos;: (119.57, 209.017, 125.66999999999999, 222.497), &apos;color_space&apos;: &apos;DeviceGray&apos;, &apos;ncolor&apos;: None, &apos;size&apos;: 13.480000000000018, &apos;value&apos;: &apos;S&apos;, &apos;children&apos;: [], &apos;features&apos;: {}}, {&apos;type&apos;: &apos;text&apos;, &apos;bbox&apos;: (125.67, 209.017, 129.56, 222.497), &apos;color_space&apos;: &apos;DeviceGray&apos;, &apos;ncolor&apos;: None, &apos;size&apos;: 13.480000000000018, &apos;value&apos;: &apos;I&apos;, &apos;children&apos;: [], &apos;features&apos;: {}}, {&apos;type&apos;: &apos;text&apos;, &apos;bbox&apos;: (129.56, 209.017, 134.56, 222.497), &apos;color_space&apos;: &apos;DeviceGray&apos;, &apos;ncolor&apos;: None, &apos;size&apos;: 13.480000000000018, &apos;value&apos;: &apos;_&apos;, &apos;children&apos;: [], &apos;features&apos;: {}}, {&apos;type&apos;: &apos;text&apos;, &apos;bbox&apos;: (134.56, 209.017, 142.87, 222.497), &apos;color_space&apos;: &apos;DeviceGray&apos;, &apos;ncolor&apos;: None, &apos;size&apos;: 13.480000000000018, &apos;value&apos;: &apos;D&apos;, &apos;children&apos;: [], &apos;features&apos;: {}}, {&apos;type&apos;: &apos;text&apos;, &apos;bbox&apos;: (142.87, 209.017, 147.87, 222.497), &apos;color_space&apos;: &apos;DeviceGray&apos;, &apos;ncolor&apos;: None, &apos;size&apos;: 13.480000000000018, &apos;value&apos;: &apos;_&apos;, &apos;children&apos;: [], &apos;features&apos;: {}}, {&apos;type&apos;: &apos;text&apos;, &apos;bbox&apos;: (147.87, 209.017, 153.92000000000002, 222.497), &apos;color_space&apos;: &apos;DeviceGray&apos;, &apos;ncolor&apos;: None, &apos;size&apos;: 13.480000000000018, &apos;value&apos;: &apos;L&apos;, &apos;children&apos;: [], &apos;features&apos;: {}}, {&apos;type&apos;: &apos;text&apos;, &apos;bbox&apos;: (153.92000000000002, 209.017, 159.97000000000003, 222.497), &apos;color_space&apos;: &apos;DeviceGray&apos;, &apos;ncolor&apos;: None, &apos;size&apos;: 13.480000000000018, &apos;value&apos;: &apos;E&apos;, &apos;children&apos;: [], &apos;features&apos;: {}}, {&apos;type&apos;: &apos;text&apos;, &apos;bbox&apos;: (159.97, 209.017, 167.74, 222.497), &apos;color_space&apos;: &apos;DeviceGray&apos;, &apos;ncolor&apos;: None, &apos;size&apos;: 13.480000000000018, &apos;value&apos;: &apos;A&apos;, &apos;children&apos;: [], &apos;features&apos;: {}}, {&apos;type&apos;: &apos;text&apos;, &apos;bbox&apos;: (167.74, 209.017, 173.84, 222.497), &apos;color_space&apos;: &apos;DeviceGray&apos;, &apos;ncolor&apos;: None, &apos;size&apos;: 13.480000000000018, &apos;value&apos;: &apos;S&apos;, &apos;children&apos;: [], &apos;features&apos;: {}}, {&apos;type&apos;: &apos;text&apos;, &apos;bbox&apos;: (173.84, 209.017, 179.89000000000001, 222.497), &apos;color_space&apos;: &apos;DeviceGray&apos;, &apos;ncolor&apos;: None, &apos;size&apos;: 13.480000000000018, &apos;value&apos;: &apos;E&apos;, &apos;children&apos;: [], &apos;features&apos;: {}}, {&apos;type&apos;: &apos;text&apos;, &apos;bbox&apos;: (179.89, 209.017, 185.98999999999998, 222.497), &apos;color_space&apos;: &apos;DeviceGray&apos;, &apos;ncolor&apos;: None, &apos;size&apos;: 13.480000000000018, &apos;value&apos;: &apos;S&apos;, &apos;children&apos;: [], &apos;features&apos;: {}}, {&apos;type&apos;: &apos;text&apos;, &apos;bbox&apos;: (186.06, 209.748, 188.83, 223.038), &apos;color_space&apos;: &apos;DeviceGray&apos;, &apos;ncolor&apos;: None, &apos;size&apos;: 13.29000000000002, &apos;value&apos;: &apos;.&apos;, &apos;children&apos;: [], &apos;features&apos;: {}}, {&apos;type&apos;: &apos;text&apos;, &apos;bbox&apos;: (188.83, 209.748, 191.60000000000002, 223.038), &apos;color_space&apos;: &apos;DeviceGray&apos;, &apos;ncolor&apos;: None, &apos;size&apos;: 13.29000000000002, &apos;value&apos;: &apos;.&apos;, &apos;children&apos;: [], &apos;features&apos;: {}}, {&apos;type&apos;: &apos;text&apos;, &apos;bbox&apos;: (191.6, 209.748, 194.37, 223.038), &apos;color_space&apos;: &apos;DeviceGray&apos;, &apos;ncolor&apos;: None, &apos;size&apos;: 13.29000000000002, &apos;value&apos;: &apos;.&apos;, &apos;children&apos;: [], &apos;features&apos;: {}}, {&apos;type&apos;: &apos;text&apos;, &apos;bbox&apos;: (194.37, 209.748, 197.14000000000001, 223.038), &apos;color_space&apos;: &apos;DeviceGray&apos;, &apos;ncolor&apos;: None, &apos;size&apos;: 13.29000000000002, &apos;value&apos;: &apos;.&apos;, &apos;children&apos;: [], &apos;features&apos;: {}}, {&apos;type&apos;: &apos;text&apos;, &apos;bbox&apos;: (197.14000000000001, 209.748, 199.91000000000003, 223.038), &apos;color_space&apos;: &apos;DeviceGray&apos;, &apos;ncolor&apos;: None, &apos;size&apos;: 13.29000000000002, &apos;value&apos;: &apos;.&apos;, &apos;children&apos;: [], &apos;features&apos;: {}}, {&apos;type&apos;: &apos;text&apos;, &apos;bbox&apos;: (199.91, 209.748, 202.68, 223.038), &apos;color_space&apos;: &apos;DeviceGray&apos;, &apos;ncolor&apos;: None, &apos;size&apos;: 13.29000000000002, &apos;value&apos;: &apos;.&apos;, &apos;children&apos;: [], &apos;features&apos;: {}}, {&apos;type&apos;: &apos;text&apos;, &apos;bbox&apos;: (202.68, 209.748, 205.45000000000002, 223.038), &apos;color_space&apos;: &apos;DeviceGray&apos;, &apos;ncolor&apos;: None, &apos;size&apos;: 13.29000000000002, &apos;value&apos;: &apos;.&apos;, &apos;children&apos;: [], &apos;features&apos;: {}}, {&apos;type&apos;: &apos;text&apos;, &apos;bbox&apos;: (205.45, 209.748, 208.22, 223.038), &apos;color_space&apos;: &apos;DeviceGray&apos;, &apos;ncolor&apos;: None, &apos;size&apos;: 13.29000000000002, &apos;value&apos;: &apos;.&apos;, &apos;children&apos;: [], &apos;features&apos;: {}}, {&apos;type&apos;: &apos;text&apos;, &apos;bbox&apos;: (208.22, 209.748, 210.99, 223.038), &apos;color_space&apos;: &apos;DeviceGray&apos;, &apos;ncolor&apos;: None, &apos;size&apos;: 13.29000000000002, &apos;value&apos;: &apos;.&apos;, &apos;children&apos;: [], &apos;features&apos;: {}}, {&apos;type&apos;: &apos;text&apos;, &apos;bbox&apos;: (210.99, 209.748, 213.76000000000002, 223.038), &apos;color_space&apos;: &apos;DeviceGray&apos;, &apos;ncolor&apos;: None, &apos;size&apos;: 13.29000000000002, &apos;value&apos;: &apos;.&apos;, &apos;children&apos;: [], &apos;features&apos;: {}}, {&apos;type&apos;: &apos;text&apos;, &apos;bbox&apos;: (213.76, 209.748, 216.53, 223.038), &apos;color_space&apos;: &apos;DeviceGray&apos;, &apos;ncolor&apos;: None, &apos;size&apos;: 13.29000000000002, &apos;value&apos;: &apos;.&apos;, &apos;children&apos;: [], &apos;features&apos;: {}}, {&apos;type&apos;: &apos;text&apos;, &apos;bbox&apos;: (216.53, 209.748, 219.3, 223.038), &apos;color_space&apos;: &apos;DeviceGray&apos;, &apos;ncolor&apos;: None, &apos;size&apos;: 13.29000000000002, &apos;value&apos;: &apos;.&apos;, &apos;children&apos;: [], &apos;features&apos;: {}}, {&apos;type&apos;: &apos;text&apos;, &apos;bbox&apos;: (219.3, 209.748, 222.07000000000002, 223.038), &apos;color_space&apos;: &apos;DeviceGray&apos;, &apos;ncolor&apos;: None, &apos;size&apos;: 13.29000000000002, &apos;value&apos;: &apos;.&apos;, &apos;children&apos;: [], &apos;features&apos;: {}}, {&apos;type&apos;: &apos;text&apos;, &apos;bbox&apos;: (222.07, 209.748, 224.84, 223.038), &apos;color_space&apos;: &apos;DeviceGray&apos;, &apos;ncolor&apos;: None, &apos;size&apos;: 13.29000000000002, &apos;value&apos;: &apos;.&apos;, &apos;children&apos;: [], &apos;features&apos;: {}}, {&apos;type&apos;: &apos;text&apos;, &apos;bbox&apos;: (224.84, 209.748, 227.61, 223.038), &apos;color_space&apos;: &apos;DeviceGray&apos;, &apos;ncolor&apos;: None, &apos;size&apos;: 13.29000000000002, &apos;value&apos;: &apos;.&apos;, &apos;children&apos;: [], &apos;features&apos;: {}}, {&apos;type&apos;: &apos;text&apos;, &apos;bbox&apos;: (227.61, 209.748, 230.38000000000002, 223.038), &apos;color_space&apos;: &apos;DeviceGray&apos;, &apos;ncolor&apos;: None, &apos;size&apos;: 13.29000000000002, &apos;value&apos;: &apos;.&apos;, &apos;children&apos;: [], &apos;features&apos;: {}}, {&apos;type&apos;: &apos;text&apos;, &apos;bbox&apos;: (230.38000000000002, 209.748, 233.15000000000003, 223.038), &apos;color_space&apos;: &apos;DeviceGray&apos;, &apos;ncolor&apos;: None, &apos;size&apos;: 13.29000000000002, &apos;value&apos;: &apos;.&apos;, &apos;children&apos;: [], &apos;features&apos;: {}}, {&apos;type&apos;: &apos;text&apos;, &apos;bbox&apos;: (233.15000000000003, 209.748, 235.92000000000004, 223.038), &apos;color_space&apos;: &apos;DeviceGray&apos;, &apos;ncolor&apos;: None, &apos;size&apos;: 13.29000000000002, &apos;value&apos;: &apos;.&apos;, &apos;children&apos;: [], &apos;features&apos;: {}}, {&apos;type&apos;: &apos;text&apos;, &apos;bbox&apos;: (235.92000000000002, 209.748, 238.69000000000003, 223.038), &apos;color_space&apos;: &apos;DeviceGray&apos;, &apos;ncolor&apos;: None, &apos;size&apos;: 13.29000000000002, &apos;value&apos;: &apos;.&apos;, &apos;children&apos;: [], &apos;features&apos;: {}}, {&apos;type&apos;: &apos;text&apos;, &apos;bbox&apos;: (238.69000000000003, 209.748, 241.46000000000004, 223.038), &apos;color_space&apos;: &apos;DeviceGray&apos;, &apos;ncolor&apos;: None, &apos;size&apos;: 13.29000000000002, &apos;value&apos;: &apos;.&apos;, &apos;children&apos;: [], &apos;features&apos;: {}}, {&apos;type&apos;: &apos;text&apos;, &apos;bbox&apos;: (241.46000000000004, 209.748, 244.23000000000005, 223.038), &apos;color_space&apos;: &apos;DeviceGray&apos;, &apos;ncolor&apos;: None, &apos;size&apos;: 13.29000000000002, &apos;value&apos;: &apos;.&apos;, &apos;children&apos;: [], &apos;features&apos;: {}}, {&apos;type&apos;: &apos;text&apos;, &apos;bbox&apos;: (244.23000000000002, 209.748, 247.00000000000003, 223.038), &apos;color_space&apos;: &apos;DeviceGray&apos;, &apos;ncolor&apos;: None, &apos;size&apos;: 13.29000000000002, &apos;value&apos;: &apos;.&apos;, &apos;children&apos;: [], &apos;features&apos;: {}}, {&apos;type&apos;: &apos;text&apos;, &apos;bbox&apos;: (247.00000000000003, 209.748, 249.77000000000004, 223.038), &apos;color_space&apos;: &apos;DeviceGray&apos;, &apos;ncolor&apos;: None, &apos;size&apos;: 13.29000000000002, &apos;value&apos;: &apos;.&apos;, &apos;children&apos;: [], &apos;features&apos;: {}}, {&apos;type&apos;: &apos;text&apos;, &apos;bbox&apos;: (249.77000000000004, 209.748, 252.54000000000005, 223.038), &apos;color_space&apos;: &apos;DeviceGray&apos;, &apos;ncolor&apos;: None, &apos;size&apos;: 13.29000000000002, &apos;value&apos;: &apos;.&apos;, &apos;children&apos;: [], &apos;features&apos;: {}}, {&apos;type&apos;: &apos;text&apos;, &apos;bbox&apos;: (252.54000000000002, 209.748, 255.31000000000003, 223.038), &apos;color_space&apos;: &apos;DeviceGray&apos;, &apos;ncolor&apos;: None, &apos;size&apos;: 13.29000000000002, &apos;value&apos;: &apos;.&apos;, &apos;children&apos;: [], &apos;features&apos;: {}}, {&apos;type&apos;: &apos;text&apos;, &apos;bbox&apos;: (255.31000000000003, 209.748, 258.08000000000004, 223.038), &apos;color_space&apos;: &apos;DeviceGray&apos;, &apos;ncolor&apos;: None, &apos;size&apos;: 13.29000000000002, &apos;value&apos;: &apos;.&apos;, &apos;children&apos;: [], &apos;features&apos;: {}}, {&apos;type&apos;: &apos;text&apos;, &apos;bbox&apos;: (258.08000000000004, 209.748, 260.85, 223.038), &apos;color_space&apos;: &apos;DeviceGray&apos;, &apos;ncolor&apos;: None, &apos;size&apos;: 13.29000000000002, &apos;value&apos;: &apos;.&apos;, &apos;children&apos;: [], &apos;features&apos;: {}}, {&apos;type&apos;: &apos;text&apos;, &apos;bbox&apos;: (260.85, 209.748, 263.62, 223.038), &apos;color_space&apos;: &apos;DeviceGray&apos;, &apos;ncolor&apos;: None, &apos;size&apos;: 13.29000000000002, &apos;value&apos;: &apos;.&apos;, &apos;children&apos;: [], &apos;features&apos;: {}}, {&apos;type&apos;: &apos;text&apos;, &apos;bbox&apos;: (263.62, 209.748, 266.39, 223.038), &apos;color_space&apos;: &apos;DeviceGray&apos;, &apos;ncolor&apos;: None, &apos;size&apos;: 13.29000000000002, &apos;value&apos;: &apos;.&apos;, &apos;children&apos;: [], &apos;features&apos;: {}}, {&apos;type&apos;: &apos;text&apos;, &apos;bbox&apos;: (266.39, 209.748, 269.15999999999997, 223.038), &apos;color_space&apos;: &apos;DeviceGray&apos;, &apos;ncolor&apos;: None, &apos;size&apos;: 13.29000000000002, &apos;value&apos;: &apos;.&apos;, &apos;children&apos;: [], &apos;features&apos;: {}}, {&apos;type&apos;: &apos;text&apos;, &apos;bbox&apos;: (269.16, 209.748, 271.93, 223.038), &apos;color_space&apos;: &apos;DeviceGray&apos;, &apos;ncolor&apos;: None, &apos;size&apos;: 13.29000000000002, &apos;value&apos;: &apos;.&apos;, &apos;children&apos;: [], &apos;features&apos;: {}}, {&apos;type&apos;: &apos;text&apos;, &apos;bbox&apos;: (271.93, 209.748, 274.7, 223.038), &apos;color_space&apos;: &apos;DeviceGray&apos;, &apos;ncolor&apos;: None, &apos;size&apos;: 13.29000000000002, &apos;value&apos;: &apos;.&apos;, &apos;children&apos;: [], &apos;features&apos;: {}}, {&apos;type&apos;: &apos;text&apos;, &apos;bbox&apos;: (274.7, 209.748, 277.46999999999997, 223.038), &apos;color_space&apos;: &apos;DeviceGray&apos;, &apos;ncolor&apos;: None, &apos;size&apos;: 13.29000000000002, &apos;value&apos;: &apos;.&apos;, &apos;children&apos;: [], &apos;features&apos;: {}}, {&apos;type&apos;: &apos;text&apos;, &apos;bbox&apos;: (277.47, 209.748, 280.24, 223.038), &apos;color_space&apos;: &apos;DeviceGray&apos;, &apos;ncolor&apos;: None, &apos;size&apos;: 13.29000000000002, &apos;value&apos;: &apos;.&apos;, &apos;children&apos;: [], &apos;features&apos;: {}}, {&apos;type&apos;: &apos;text&apos;, &apos;bbox&apos;: (280.24, 209.748, 283.01, 223.038), &apos;color_space&apos;: &apos;DeviceGray&apos;, &apos;ncolor&apos;: None, &apos;size&apos;: 13.29000000000002, &apos;value&apos;: &apos;.&apos;, &apos;children&apos;: [], &apos;features&apos;: {}}, {&apos;type&apos;: &apos;text&apos;, &apos;bbox&apos;: (283.01, 209.748, 285.78, 223.038), &apos;color_space&apos;: &apos;DeviceGray&apos;, &apos;ncolor&apos;: None, &apos;size&apos;: 13.29000000000002, &apos;value&apos;: &apos;.&apos;, &apos;children&apos;: [], &apos;features&apos;: {}}, {&apos;type&apos;: &apos;text&apos;, &apos;bbox&apos;: (285.78, 209.748, 288.54999999999995, 223.038), &apos;color_space&apos;: &apos;DeviceGray&apos;, &apos;ncolor&apos;: None, &apos;size&apos;: 13.29000000000002, &apos;value&apos;: &apos;.&apos;, &apos;children&apos;: [], &apos;features&apos;: {}}, {&apos;type&apos;: &apos;text&apos;, &apos;bbox&apos;: (288.54999999999995, 209.748, 291.31999999999994, 223.038), &apos;color_space&apos;: &apos;DeviceGray&apos;, &apos;ncolor&apos;: None, &apos;size&apos;: 13.29000000000002, &apos;value&apos;: &apos;.&apos;, &apos;children&apos;: [], &apos;features&apos;: {}}, {&apos;type&apos;: &apos;text&apos;, &apos;bbox&apos;: (291.32, 209.748, 294.09, 223.038), &apos;color_space&apos;: &apos;DeviceGray&apos;, &apos;ncolor&apos;: None, &apos;size&apos;: 13.29000000000002, &apos;value&apos;: &apos;.&apos;, &apos;children&apos;: [], &apos;features&apos;: {}}, {&apos;type&apos;: &apos;text&apos;, &apos;bbox&apos;: (294.09, 209.748, 296.85999999999996, 223.038), &apos;color_space&apos;: &apos;DeviceGray&apos;, &apos;ncolor&apos;: None, &apos;size&apos;: 13.29000000000002, &apos;value&apos;: &apos;.&apos;, &apos;children&apos;: [], &apos;features&apos;: {}}, {&apos;type&apos;: &apos;text&apos;, &apos;bbox&apos;: (296.85999999999996, 209.748, 299.62999999999994, 223.038), &apos;color_space&apos;: &apos;DeviceGray&apos;, &apos;ncolor&apos;: None, &apos;size&apos;: 13.29000000000002, &apos;value&apos;: &apos;.&apos;, &apos;children&apos;: [], &apos;features&apos;: {}}, {&apos;type&apos;: &apos;text&apos;, &apos;bbox&apos;: (299.63, 209.748, 302.4, 223.038), &apos;color_space&apos;: &apos;DeviceGray&apos;, &apos;ncolor&apos;: None, &apos;size&apos;: 13.29000000000002, &apos;value&apos;: &apos;.&apos;, &apos;children&apos;: [], &apos;features&apos;: {}}, {&apos;type&apos;: &apos;text&apos;, &apos;bbox&apos;: (302.4, 209.748, 305.16999999999996, 223.038), &apos;color_space&apos;: &apos;DeviceGray&apos;, &apos;ncolor&apos;: None, &apos;size&apos;: 13.29000000000002, &apos;value&apos;: &apos;.&apos;, &apos;children&apos;: [], &apos;features&apos;: {}}, {&apos;type&apos;: &apos;text&apos;, &apos;bbox&apos;: (305.16999999999996, 209.748, 307.93999999999994, 223.038), &apos;color_space&apos;: &apos;DeviceGray&apos;, &apos;ncolor&apos;: None, &apos;size&apos;: 13.29000000000002, &apos;value&apos;: &apos;.&apos;, &apos;children&apos;: [], &apos;features&apos;: {}}, {&apos;type&apos;: &apos;text&apos;, &apos;bbox&apos;: (307.93999999999994, 209.748, 310.7099999999999, 223.038), &apos;color_space&apos;: &apos;DeviceGray&apos;, &apos;ncolor&apos;: None, &apos;size&apos;: 13.29000000000002, &apos;value&apos;: &apos;.&apos;, &apos;children&apos;: [], &apos;features&apos;: {}}, {&apos;type&apos;: &apos;text&apos;, &apos;bbox&apos;: (310.7099999999999, 209.748, 313.4799999999999, 223.038), &apos;color_space&apos;: &apos;DeviceGray&apos;, &apos;ncolor&apos;: None, &apos;size&apos;: 13.29000000000002, &apos;value&apos;: &apos;.&apos;, &apos;children&apos;: [], &apos;features&apos;: {}}, {&apos;type&apos;: &apos;text&apos;, &apos;bbox&apos;: (313.47999999999996, 209.748, 316.24999999999994, 223.038), &apos;color_space&apos;: &apos;DeviceGray&apos;, &apos;ncolor&apos;: None, &apos;size&apos;: 13.29000000000002, &apos;value&apos;: &apos;.&apos;, &apos;children&apos;: [], &apos;features&apos;: {}}, {&apos;type&apos;: &apos;text&apos;, &apos;bbox&apos;: (316.24999999999994, 209.748, 319.0199999999999, 223.038), &apos;color_space&apos;: &apos;DeviceGray&apos;, &apos;ncolor&apos;: None, &apos;size&apos;: 13.29000000000002, &apos;value&apos;: &apos;.&apos;, &apos;children&apos;: [], &apos;features&apos;: {}}, {&apos;type&apos;: &apos;text&apos;, &apos;bbox&apos;: (319.02, 209.748, 321.78999999999996, 223.038), &apos;color_space&apos;: &apos;DeviceGray&apos;, &apos;ncolor&apos;: None, &apos;size&apos;: 13.29000000000002, &apos;value&apos;: &apos;.&apos;, &apos;children&apos;: [], &apos;features&apos;: {}}, {&apos;type&apos;: &apos;text&apos;, &apos;bbox&apos;: (321.78999999999996, 209.748, 324.55999999999995, 223.038), &apos;color_space&apos;: &apos;DeviceGray&apos;, &apos;ncolor&apos;: None, &apos;size&apos;: 13.29000000000002, &apos;value&apos;: &apos;.&apos;, &apos;children&apos;: [], &apos;features&apos;: {}}, {&apos;type&apos;: &apos;text&apos;, &apos;bbox&apos;: (324.55999999999995, 209.748, 327.3299999999999, 223.038), &apos;color_space&apos;: &apos;DeviceGray&apos;, &apos;ncolor&apos;: None, &apos;size&apos;: 13.29000000000002, &apos;value&apos;: &apos;.&apos;, &apos;children&apos;: [], &apos;features&apos;: {}}, {&apos;type&apos;: &apos;text&apos;, &apos;bbox&apos;: (327.33, 209.748, 330.09999999999997, 223.038), &apos;color_space&apos;: &apos;DeviceGray&apos;, &apos;ncolor&apos;: None, &apos;size&apos;: 13.29000000000002, &apos;value&apos;: &apos;.&apos;, &apos;children&apos;: [], &apos;features&apos;: {}}, {&apos;type&apos;: &apos;text&apos;, &apos;bbox&apos;: (330.1, 209.748, 332.87, 223.038), &apos;color_space&apos;: &apos;DeviceGray&apos;, &apos;ncolor&apos;: None, &apos;size&apos;: 13.29000000000002, &apos;value&apos;: &apos;.&apos;, &apos;children&apos;: [], &apos;features&apos;: {}}, {&apos;type&apos;: &apos;text&apos;, &apos;bbox&apos;: (332.87, 209.748, 335.64, 223.038), &apos;color_space&apos;: &apos;DeviceGray&apos;, &apos;ncolor&apos;: None, &apos;size&apos;: 13.29000000000002, &apos;value&apos;: &apos;.&apos;, &apos;children&apos;: [], &apos;features&apos;: {}}, {&apos;type&apos;: &apos;text&apos;, &apos;bbox&apos;: (335.64, 209.748, 338.40999999999997, 223.038), &apos;color_space&apos;: &apos;DeviceGray&apos;, &apos;ncolor&apos;: None, &apos;size&apos;: 13.29000000000002, &apos;value&apos;: &apos;.&apos;, &apos;children&apos;: [], &apos;features&apos;: {}}, {&apos;type&apos;: &apos;text&apos;, &apos;bbox&apos;: (338.41, 209.748, 341.18, 223.038), &apos;color_space&apos;: &apos;DeviceGray&apos;, &apos;ncolor&apos;: None, &apos;size&apos;: 13.29000000000002, &apos;value&apos;: &apos;.&apos;, &apos;children&apos;: [], &apos;features&apos;: {}}, {&apos;type&apos;: &apos;text&apos;, &apos;bbox&apos;: (341.18000000000006, 209.748, 343.95000000000005, 223.038), &apos;color_space&apos;: &apos;DeviceGray&apos;, &apos;ncolor&apos;: None, &apos;size&apos;: 13.29000000000002, &apos;value&apos;: &apos;.&apos;, &apos;children&apos;: [], &apos;features&apos;: {}}, {&apos;type&apos;: &apos;text&apos;, &apos;bbox&apos;: (343.95000000000005, 209.748, 346.72, 223.038), &apos;color_space&apos;: &apos;DeviceGray&apos;, &apos;ncolor&apos;: None, &apos;size&apos;: 13.29000000000002, &apos;value&apos;: &apos;.&apos;, &apos;children&apos;: [], &apos;features&apos;: {}}, {&apos;type&apos;: &apos;text&apos;, &apos;bbox&apos;: (346.72, 209.748, 349.49, 223.038), &apos;color_space&apos;: &apos;DeviceGray&apos;, &apos;ncolor&apos;: None, &apos;size&apos;: 13.29000000000002, &apos;value&apos;: &apos;.&apos;, &apos;children&apos;: [], &apos;features&apos;: {}}, {&apos;type&apos;: &apos;text&apos;, &apos;bbox&apos;: (349.49000000000007, 209.748, 352.26000000000005, 223.038), &apos;color_space&apos;: &apos;DeviceGray&apos;, &apos;ncolor&apos;: None, &apos;size&apos;: 13.29000000000002, &apos;value&apos;: &apos;.&apos;, &apos;children&apos;: [], &apos;features&apos;: {}}, {&apos;type&apos;: &apos;text&apos;, &apos;bbox&apos;: (352.2600000000001, 209.748, 355.0300000000001, 223.038), &apos;color_space&apos;: &apos;DeviceGray&apos;, &apos;ncolor&apos;: None, &apos;size&apos;: 13.29000000000002, &apos;value&apos;: &apos;.&apos;, &apos;children&apos;: [], &apos;features&apos;: {}}, {&apos;type&apos;: &apos;text&apos;, &apos;bbox&apos;: (355.0300000000001, 209.748, 357.80000000000007, 223.038), &apos;color_space&apos;: &apos;DeviceGray&apos;, &apos;ncolor&apos;: None, &apos;size&apos;: 13.29000000000002, &apos;value&apos;: &apos;.&apos;, &apos;children&apos;: [], &apos;features&apos;: {}}, {&apos;type&apos;: &apos;text&apos;, &apos;bbox&apos;: (357.80000000000007, 209.748, 360.57000000000005, 223.038), &apos;color_space&apos;: &apos;DeviceGray&apos;, &apos;ncolor&apos;: None, &apos;size&apos;: 13.29000000000002, &apos;value&apos;: &apos;.&apos;, &apos;children&apos;: [], &apos;features&apos;: {}}, {&apos;type&apos;: &apos;text&apos;, &apos;bbox&apos;: (360.5700000000001, 209.748, 363.3400000000001, 223.038), &apos;color_space&apos;: &apos;DeviceGray&apos;, &apos;ncolor&apos;: None, &apos;size&apos;: 13.29000000000002, &apos;value&apos;: &apos;.&apos;, &apos;children&apos;: [], &apos;features&apos;: {}}, {&apos;type&apos;: &apos;text&apos;, &apos;bbox&apos;: (363.34000000000015, 209.748, 366.1100000000001, 223.038), &apos;color_space&apos;: &apos;DeviceGray&apos;, &apos;ncolor&apos;: None, &apos;size&apos;: 13.29000000000002, &apos;value&apos;: &apos;.&apos;, &apos;children&apos;: [], &apos;features&apos;: {}}, {&apos;type&apos;: &apos;text&apos;, &apos;bbox&apos;: (366.1100000000001, 209.748, 368.8800000000001, 223.038), &apos;color_space&apos;: &apos;DeviceGray&apos;, &apos;ncolor&apos;: None, &apos;size&apos;: 13.29000000000002, &apos;value&apos;: &apos;.&apos;, &apos;children&apos;: [], &apos;features&apos;: {}}, {&apos;type&apos;: &apos;text&apos;, &apos;bbox&apos;: (368.8800000000001, 209.748, 371.6500000000001, 223.038), &apos;color_space&apos;: &apos;DeviceGray&apos;, &apos;ncolor&apos;: None, &apos;size&apos;: 13.29000000000002, &apos;value&apos;: &apos;.&apos;, &apos;children&apos;: [], &apos;features&apos;: {}}, {&apos;type&apos;: &apos;text&apos;, &apos;bbox&apos;: (371.65000000000015, 209.748, 374.42000000000013, 223.038), &apos;color_space&apos;: &apos;DeviceGray&apos;, &apos;ncolor&apos;: None, &apos;size&apos;: 13.29000000000002, &apos;value&apos;: &apos;.&apos;, &apos;children&apos;: [], &apos;features&apos;: {}}, {&apos;type&apos;: &apos;text&apos;, &apos;bbox&apos;: (374.4200000000002, 209.748, 377.19000000000017, 223.038), &apos;color_space&apos;: &apos;DeviceGray&apos;, &apos;ncolor&apos;: None, &apos;size&apos;: 13.29000000000002, &apos;value&apos;: &apos;.&apos;, &apos;children&apos;: [], &apos;features&apos;: {}}, {&apos;type&apos;: &apos;text&apos;, &apos;bbox&apos;: (377.19000000000017, 209.748, 379.96000000000015, 223.038), &apos;color_space&apos;: &apos;DeviceGray&apos;, &apos;ncolor&apos;: None, &apos;size&apos;: 13.29000000000002, &apos;value&apos;: &apos;.&apos;, &apos;children&apos;: [], &apos;features&apos;: {}}, {&apos;type&apos;: &apos;text&apos;, &apos;bbox&apos;: (379.96000000000015, 209.748, 382.73000000000013, 223.038), &apos;color_space&apos;: &apos;DeviceGray&apos;, &apos;ncolor&apos;: None, &apos;size&apos;: 13.29000000000002, &apos;value&apos;: &apos;.&apos;, &apos;children&apos;: [], &apos;features&apos;: {}}, {&apos;type&apos;: &apos;text&apos;, &apos;bbox&apos;: (382.7300000000002, 209.748, 385.50000000000017, 223.038), &apos;color_space&apos;: &apos;DeviceGray&apos;, &apos;ncolor&apos;: None, &apos;size&apos;: 13.29000000000002, &apos;value&apos;: &apos;.&apos;, &apos;children&apos;: [], &apos;features&apos;: {}}, {&apos;type&apos;: &apos;text&apos;, &apos;bbox&apos;: (385.5000000000002, 209.748, 388.2700000000002, 223.038), &apos;color_space&apos;: &apos;DeviceGray&apos;, &apos;ncolor&apos;: None, &apos;size&apos;: 13.29000000000002, &apos;value&apos;: &apos;.&apos;, &apos;children&apos;: [], &apos;features&apos;: {}}, {&apos;type&apos;: &apos;text&apos;, &apos;bbox&apos;: (388.2700000000002, 209.748, 391.0400000000002, 223.038), &apos;color_space&apos;: &apos;DeviceGray&apos;, &apos;ncolor&apos;: None, &apos;size&apos;: 13.29000000000002, &apos;value&apos;: &apos;.&apos;, &apos;children&apos;: [], &apos;features&apos;: {}}, {&apos;type&apos;: &apos;text&apos;, &apos;bbox&apos;: (391.0400000000002, 209.748, 393.8100000000002, 223.038), &apos;color_space&apos;: &apos;DeviceGray&apos;, &apos;ncolor&apos;: None, &apos;size&apos;: 13.29000000000002, &apos;value&apos;: &apos;.&apos;, &apos;children&apos;: [], &apos;features&apos;: {}}, {&apos;type&apos;: &apos;text&apos;, &apos;bbox&apos;: (393.81000000000023, 209.748, 396.5800000000002, 223.038), &apos;color_space&apos;: &apos;DeviceGray&apos;, &apos;ncolor&apos;: None, &apos;size&apos;: 13.29000000000002, &apos;value&apos;: &apos;.&apos;, &apos;children&apos;: [], &apos;features&apos;: {}}, {&apos;type&apos;: &apos;text&apos;, &apos;bbox&apos;: (396.58000000000027, 209.748, 399.35000000000025, 223.038), &apos;color_space&apos;: &apos;DeviceGray&apos;, &apos;ncolor&apos;: None, &apos;size&apos;: 13.29000000000002, &apos;value&apos;: &apos;.&apos;, &apos;children&apos;: [], &apos;features&apos;: {}}, {&apos;type&apos;: &apos;text&apos;, &apos;bbox&apos;: (399.35000000000025, 209.748, 402.12000000000023, 223.038), &apos;color_space&apos;: &apos;DeviceGray&apos;, &apos;ncolor&apos;: None, &apos;size&apos;: 13.29000000000002, &apos;value&apos;: &apos;.&apos;, &apos;children&apos;: [], &apos;features&apos;: {}}, {&apos;type&apos;: &apos;text&apos;, &apos;bbox&apos;: (402.12000000000023, 209.748, 404.8900000000002, 223.038), &apos;color_space&apos;: &apos;DeviceGray&apos;, &apos;ncolor&apos;: None, &apos;size&apos;: 13.29000000000002, &apos;value&apos;: &apos;.&apos;, &apos;children&apos;: [], &apos;features&apos;: {}}, {&apos;type&apos;: &apos;text&apos;, &apos;bbox&apos;: (404.89000000000027, 209.748, 407.66000000000025, 223.038), &apos;color_space&apos;: &apos;DeviceGray&apos;, &apos;ncolor&apos;: None, &apos;size&apos;: 13.29000000000002, &apos;value&apos;: &apos;.&apos;, &apos;children&apos;: [], &apos;features&apos;: {}}, {&apos;type&apos;: &apos;text&apos;, &apos;bbox&apos;: (407.6600000000003, 209.748, 410.4300000000003, 223.038), &apos;color_space&apos;: &apos;DeviceGray&apos;, &apos;ncolor&apos;: None, &apos;size&apos;: 13.29000000000002, &apos;value&apos;: &apos;.&apos;, &apos;children&apos;: [], &apos;features&apos;: {}}, {&apos;type&apos;: &apos;text&apos;, &apos;bbox&apos;: (410.4300000000003, 209.748, 413.2000000000003, 223.038), &apos;color_space&apos;: &apos;DeviceGray&apos;, &apos;ncolor&apos;: None, &apos;size&apos;: 13.29000000000002, &apos;value&apos;: &apos;.&apos;, &apos;children&apos;: [], &apos;features&apos;: {}}, {&apos;type&apos;: &apos;text&apos;, &apos;bbox&apos;: (413.2000000000003, 209.748, 415.97000000000025, 223.038), &apos;color_space&apos;: &apos;DeviceGray&apos;, &apos;ncolor&apos;: None, &apos;size&apos;: 13.29000000000002, &apos;value&apos;: &apos;.&apos;, &apos;children&apos;: [], &apos;features&apos;: {}}, {&apos;type&apos;: &apos;text&apos;, &apos;bbox&apos;: (415.9700000000003, 209.748, 418.7400000000003, 223.038), &apos;color_space&apos;: &apos;DeviceGray&apos;, &apos;ncolor&apos;: None, &apos;size&apos;: 13.29000000000002, &apos;value&apos;: &apos;.&apos;, &apos;children&apos;: [], &apos;features&apos;: {}}, {&apos;type&apos;: &apos;text&apos;, &apos;bbox&apos;: (418.74000000000035, 209.748, 421.51000000000033, 223.038), &apos;color_space&apos;: &apos;DeviceGray&apos;, &apos;ncolor&apos;: None, &apos;size&apos;: 13.29000000000002, &apos;value&apos;: &apos;.&apos;, &apos;children&apos;: [], &apos;features&apos;: {}}, {&apos;type&apos;: &apos;text&apos;, &apos;bbox&apos;: (421.51000000000033, 209.748, 424.2800000000003, 223.038), &apos;color_space&apos;: &apos;DeviceGray&apos;, &apos;ncolor&apos;: None, &apos;size&apos;: 13.29000000000002, &apos;value&apos;: &apos;.&apos;, &apos;children&apos;: [], &apos;features&apos;: {}}, {&apos;type&apos;: &apos;text&apos;, &apos;bbox&apos;: (424.2800000000003, 209.748, 427.0500000000003, 223.038), &apos;color_space&apos;: &apos;DeviceGray&apos;, &apos;ncolor&apos;: None, &apos;size&apos;: 13.29000000000002, &apos;value&apos;: &apos;.&apos;, &apos;children&apos;: [], &apos;features&apos;: {}}, {&apos;type&apos;: &apos;text&apos;, &apos;bbox&apos;: (427.05000000000035, 209.748, 429.82000000000033, 223.038), &apos;color_space&apos;: &apos;DeviceGray&apos;, &apos;ncolor&apos;: None, &apos;size&apos;: 13.29000000000002, &apos;value&apos;: &apos;.&apos;, &apos;children&apos;: [], &apos;features&apos;: {}}, {&apos;type&apos;: &apos;text&apos;, &apos;bbox&apos;: (429.8200000000004, 209.748, 432.5900000000004, 223.038), &apos;color_space&apos;: &apos;DeviceGray&apos;, &apos;ncolor&apos;: None, &apos;size&apos;: 13.29000000000002, &apos;value&apos;: &apos;.&apos;, &apos;children&apos;: [], &apos;features&apos;: {}}, {&apos;type&apos;: &apos;text&apos;, &apos;bbox&apos;: (432.5900000000004, 209.748, 435.36000000000035, 223.038), &apos;color_space&apos;: &apos;DeviceGray&apos;, &apos;ncolor&apos;: None, &apos;size&apos;: 13.29000000000002, &apos;value&apos;: &apos;.&apos;, &apos;children&apos;: [], &apos;features&apos;: {}}, {&apos;type&apos;: &apos;text&apos;, &apos;bbox&apos;: (435.36000000000035, 209.748, 438.13000000000034, 223.038), &apos;color_space&apos;: &apos;DeviceGray&apos;, &apos;ncolor&apos;: None, &apos;size&apos;: 13.29000000000002, &apos;value&apos;: &apos;.&apos;, &apos;children&apos;: [], &apos;features&apos;: {}}, {&apos;type&apos;: &apos;text&apos;, &apos;bbox&apos;: (438.1300000000004, 209.748, 440.9000000000004, 223.038), &apos;color_space&apos;: &apos;DeviceGray&apos;, &apos;ncolor&apos;: None, &apos;size&apos;: 13.29000000000002, &apos;value&apos;: &apos;.&apos;, &apos;children&apos;: [], &apos;features&apos;: {}}, {&apos;type&apos;: &apos;text&apos;, &apos;bbox&apos;: (440.90000000000043, 209.748, 443.6700000000004, 223.038), &apos;color_space&apos;: &apos;DeviceGray&apos;, &apos;ncolor&apos;: None, &apos;size&apos;: 13.29000000000002, &apos;value&apos;: &apos;.&apos;, &apos;children&apos;: [], &apos;features&apos;: {}}, {&apos;type&apos;: &apos;text&apos;, &apos;bbox&apos;: (443.6700000000004, 209.748, 446.4400000000004, 223.038), &apos;color_space&apos;: &apos;DeviceGray&apos;, &apos;ncolor&apos;: None, &apos;size&apos;: 13.29000000000002, &apos;value&apos;: &apos;.&apos;, &apos;children&apos;: [], &apos;features&apos;: {}}, {&apos;type&apos;: &apos;text&apos;, &apos;bbox&apos;: (446.4400000000004, 209.748, 449.2100000000004, 223.038), &apos;color_space&apos;: &apos;DeviceGray&apos;, &apos;ncolor&apos;: None, &apos;size&apos;: 13.29000000000002, &apos;value&apos;: &apos;.&apos;, &apos;children&apos;: [], &apos;features&apos;: {}}, {&apos;type&apos;: &apos;text&apos;, &apos;bbox&apos;: (449.2100000000004, 209.748, 451.98000000000036, 223.038), &apos;color_space&apos;: &apos;DeviceGray&apos;, &apos;ncolor&apos;: None, &apos;size&apos;: 13.29000000000002, &apos;value&apos;: &apos;.&apos;, &apos;children&apos;: [], &apos;features&apos;: {}}, {&apos;type&apos;: &apos;text&apos;, &apos;bbox&apos;: (451.98000000000036, 209.748, 454.75000000000034, 223.038), &apos;color_space&apos;: &apos;DeviceGray&apos;, &apos;ncolor&apos;: None, &apos;size&apos;: 13.29000000000002, &apos;value&apos;: &apos;.&apos;, &apos;children&apos;: [], &apos;features&apos;: {}}, {&apos;type&apos;: &apos;text&apos;, &apos;bbox&apos;: (454.75000000000034, 209.748, 457.5200000000003, 223.038), &apos;color_space&apos;: &apos;DeviceGray&apos;, &apos;ncolor&apos;: None, &apos;size&apos;: 13.29000000000002, &apos;value&apos;: &apos;.&apos;, &apos;children&apos;: [], &apos;features&apos;: {}}, {&apos;type&apos;: &apos;text&apos;, &apos;bbox&apos;: (457.5200000000003, 209.748, 460.2900000000003, 223.038), &apos;color_space&apos;: &apos;DeviceGray&apos;, &apos;ncolor&apos;: None, &apos;size&apos;: 13.29000000000002, &apos;value&apos;: &apos;.&apos;, &apos;children&apos;: [], &apos;features&apos;: {}}, {&apos;type&apos;: &apos;text&apos;, &apos;bbox&apos;: (460.2900000000003, 209.748, 463.0600000000003, 223.038), &apos;color_space&apos;: &apos;DeviceGray&apos;, &apos;ncolor&apos;: None, &apos;size&apos;: 13.29000000000002, &apos;value&apos;: &apos;.&apos;, &apos;children&apos;: [], &apos;features&apos;: {}}, {&apos;type&apos;: &apos;text&apos;, &apos;bbox&apos;: (463.0600000000003, 209.748, 465.83000000000027, 223.038), &apos;color_space&apos;: &apos;DeviceGray&apos;, &apos;ncolor&apos;: None, &apos;size&apos;: 13.29000000000002, &apos;value&apos;: &apos;.&apos;, &apos;children&apos;: [], &apos;features&apos;: {}}, {&apos;type&apos;: &apos;text&apos;, &apos;bbox&apos;: (465.83000000000027, 209.748, 468.60000000000025, 223.038), &apos;color_space&apos;: &apos;DeviceGray&apos;, &apos;ncolor&apos;: None, &apos;size&apos;: 13.29000000000002, &apos;value&apos;: &apos;.&apos;, &apos;children&apos;: [], &apos;features&apos;: {}}, {&apos;type&apos;: &apos;text&apos;, &apos;bbox&apos;: (468.60000000000025, 209.748, 471.37000000000023, 223.038), &apos;color_space&apos;: &apos;DeviceGray&apos;, &apos;ncolor&apos;: None, &apos;size&apos;: 13.29000000000002, &apos;value&apos;: &apos;.&apos;, &apos;children&apos;: [], &apos;features&apos;: {}}, {&apos;type&apos;: &apos;text&apos;, &apos;bbox&apos;: (471.37000000000023, 209.748, 474.1400000000002, 223.038), &apos;color_space&apos;: &apos;DeviceGray&apos;, &apos;ncolor&apos;: None, &apos;size&apos;: 13.29000000000002, &apos;value&apos;: &apos;.&apos;, &apos;children&apos;: [], &apos;features&apos;: {}}, {&apos;type&apos;: &apos;text&apos;, &apos;bbox&apos;: (474.1400000000002, 209.748, 476.9100000000002, 223.038), &apos;color_space&apos;: &apos;DeviceGray&apos;, &apos;ncolor&apos;: None, &apos;size&apos;: 13.29000000000002, &apos;value&apos;: &apos;.&apos;, &apos;children&apos;: [], &apos;features&apos;: {}}, {&apos;type&apos;: &apos;text&apos;, &apos;bbox&apos;: (476.9100000000002, 209.748, 479.6800000000002, 223.038), &apos;color_space&apos;: &apos;DeviceGray&apos;, &apos;ncolor&apos;: None, &apos;size&apos;: 13.29000000000002, &apos;value&apos;: &apos;.&apos;, &apos;children&apos;: [], &apos;features&apos;: {}}, {&apos;type&apos;: &apos;text&apos;, &apos;bbox&apos;: (479.6800000000002, 209.748, 482.45000000000016, 223.038), &apos;color_space&apos;: &apos;DeviceGray&apos;, &apos;ncolor&apos;: None, &apos;size&apos;: 13.29000000000002, &apos;value&apos;: &apos;.&apos;, &apos;children&apos;: [], &apos;features&apos;: {}}, {&apos;type&apos;: &apos;text&apos;, &apos;bbox&apos;: (482.45000000000016, 209.748, 485.22000000000014, 223.038), &apos;color_space&apos;: &apos;DeviceGray&apos;, &apos;ncolor&apos;: None, &apos;size&apos;: 13.29000000000002, &apos;value&apos;: &apos;.&apos;, &apos;children&apos;: [], &apos;features&apos;: {}}, {&apos;type&apos;: &apos;text&apos;, &apos;bbox&apos;: (485.22000000000014, 209.748, 487.9900000000001, 223.038), &apos;color_space&apos;: &apos;DeviceGray&apos;, &apos;ncolor&apos;: None, &apos;size&apos;: 13.29000000000002, &apos;value&apos;: &apos;.&apos;, &apos;children&apos;: [], &apos;features&apos;: {}}, {&apos;type&apos;: &apos;text&apos;, &apos;bbox&apos;: (487.9900000000001, 209.748, 490.7600000000001, 223.038), &apos;color_space&apos;: &apos;DeviceGray&apos;, &apos;ncolor&apos;: None, &apos;size&apos;: 13.29000000000002, &apos;value&apos;: &apos;.&apos;, &apos;children&apos;: [], &apos;features&apos;: {}}, {&apos;type&apos;: &apos;text&apos;, &apos;bbox&apos;: (490.7600000000001, 209.748, 493.5300000000001, 223.038), &apos;color_space&apos;: &apos;DeviceGray&apos;, &apos;ncolor&apos;: None, &apos;size&apos;: 13.29000000000002, &apos;value&apos;: &apos;.&apos;, &apos;children&apos;: [], &apos;features&apos;: {}}, {&apos;type&apos;: &apos;text&apos;, &apos;bbox&apos;: (493.5300000000001, 209.748, 496.30000000000007, 223.038), &apos;color_space&apos;: &apos;DeviceGray&apos;, &apos;ncolor&apos;: None, &apos;size&apos;: 13.29000000000002, &apos;value&apos;: &apos;.&apos;, &apos;children&apos;: [], &apos;features&apos;: {}}, {&apos;type&apos;: &apos;text&apos;, &apos;bbox&apos;: (496.30000000000007, 209.748, 499.07000000000005, 223.038), &apos;color_space&apos;: &apos;DeviceGray&apos;, &apos;ncolor&apos;: None, &apos;size&apos;: 13.29000000000002, &apos;value&apos;: &apos;.&apos;, &apos;children&apos;: [], &apos;features&apos;: {}}, {&apos;type&apos;: &apos;text&apos;, &apos;bbox&apos;: (499.07000000000005, 209.748, 501.84000000000003, 223.038), &apos;color_space&apos;: &apos;DeviceGray&apos;, &apos;ncolor&apos;: None, &apos;size&apos;: 13.29000000000002, &apos;value&apos;: &apos;.&apos;, &apos;children&apos;: [], &apos;features&apos;: {}}, {&apos;type&apos;: &apos;text&apos;, &apos;bbox&apos;: (501.84000000000003, 209.748, 504.61, 223.038), &apos;color_space&apos;: &apos;DeviceGray&apos;, &apos;ncolor&apos;: None, &apos;size&apos;: 13.29000000000002, &apos;value&apos;: &apos;.&apos;, &apos;children&apos;: [], &apos;features&apos;: {}}, {&apos;type&apos;: &apos;text&apos;, &apos;bbox&apos;: (504.61, 209.748, 507.38, 223.038), &apos;color_space&apos;: &apos;DeviceGray&apos;, &apos;ncolor&apos;: None, &apos;size&apos;: 13.29000000000002, &apos;value&apos;: &apos;.&apos;, &apos;children&apos;: [], &apos;features&apos;: {}}, {&apos;type&apos;: &apos;text&apos;, &apos;bbox&apos;: (507.38, 209.748, 510.15, 223.038), &apos;color_space&apos;: &apos;DeviceGray&apos;, &apos;ncolor&apos;: None, &apos;size&apos;: 13.29000000000002, &apos;value&apos;: &apos;.&apos;, &apos;children&apos;: [], &apos;features&apos;: {}}, {&apos;type&apos;: &apos;text&apos;, &apos;bbox&apos;: (510.15, 209.748, 512.92, 223.038), &apos;color_space&apos;: &apos;DeviceGray&apos;, &apos;ncolor&apos;: None, &apos;size&apos;: 13.29000000000002, &apos;value&apos;: &apos;.&apos;, &apos;children&apos;: [], &apos;features&apos;: {}}, {&apos;type&apos;: &apos;text&apos;, &apos;bbox&apos;: (514.425, 209.748, 519.9849999999999, 223.038), &apos;color_space&apos;: &apos;DeviceGray&apos;, &apos;ncolor&apos;: None, &apos;size&apos;: 13.29000000000002, &apos;value&apos;: &apos;2&apos;, &apos;children&apos;: [], &apos;features&apos;: {}}, {&apos;type&apos;: &apos;text&apos;, &apos;bbox&apos;: (519.9849999999999, 209.748, 523.3149999999999, 223.038), &apos;color_space&apos;: &apos;DeviceGray&apos;, &apos;ncolor&apos;: None, &apos;size&apos;: 13.29000000000002, &apos;value&apos;: &apos;-&apos;, &apos;children&apos;: [], &apos;features&apos;: {}}, {&apos;type&apos;: &apos;text&apos;, &apos;bbox&apos;: (523.315, 209.748, 528.875, 223.038), &apos;color_space&apos;: &apos;DeviceGray&apos;, &apos;ncolor&apos;: None, &apos;size&apos;: 13.29000000000002, &apos;value&apos;: &apos;1&apos;, &apos;children&apos;: [], &apos;features&apos;: {}}, {&apos;type&apos;: &apos;text&apos;, &apos;bbox&apos;: (528.875, 209.748, 534.435, 223.038), &apos;color_space&apos;: &apos;DeviceGray&apos;, &apos;ncolor&apos;: None, &apos;size&apos;: 13.29000000000002, &apos;value&apos;: &apos;0&apos;, &apos;children&apos;: [], &apos;features&apos;: {}}, {&apos;type&apos;: &apos;text&apos;, &apos;bbox&apos;: (534.4350000000001, 209.748, 539.995, 223.038), &apos;color_space&apos;: &apos;DeviceGray&apos;, &apos;ncolor&apos;: None, &apos;size&apos;: 13.29000000000002, &apos;value&apos;: &apos;2&apos;, &apos;children&apos;: [], &apos;features&apos;: {}}], &apos;features&apos;: {}}
*********************





--------------------------------- CONTENT AREA --------------------------------- 
This content area has an image
{&apos;type&apos;: &apos;figure&apos;, &apos;bbox&apos;: (0, 0, 612.0, 792.0), &apos;name&apos;: &apos;fx11&apos;, &apos;children&apos;: [{&apos;type&apos;: &apos;text&apos;, &apos;bbox&apos;: (114.0, 193.527, 119.57, 207.007), &apos;color_space&apos;: &apos;DeviceGray&apos;, &apos;ncolor&apos;: None, &apos;size&apos;: 13.480000000000018, &apos;value&apos;: &apos;F&apos;, &apos;children&apos;: [], &apos;features&apos;: {}}, {&apos;type&apos;: &apos;text&apos;, &apos;bbox&apos;: (119.57, 193.527, 125.66999999999999, 207.007), &apos;color_space&apos;: &apos;DeviceGray&apos;, &apos;ncolor&apos;: None, &apos;size&apos;: 13.480000000000018, &apos;value&apos;: &apos;S&apos;, &apos;children&apos;: [], &apos;features&apos;: {}}, {&apos;type&apos;: &apos;text&apos;, &apos;bbox&apos;: (125.67, 193.527, 129.56, 207.007), &apos;color_space&apos;: &apos;DeviceGray&apos;, &apos;ncolor&apos;: None, &apos;size&apos;: 13.480000000000018, &apos;value&apos;: &apos;I&apos;, &apos;children&apos;: [], &apos;features&apos;: {}}, {&apos;type&apos;: &apos;text&apos;, &apos;bbox&apos;: (129.56, 193.527, 134.56, 207.007), &apos;color_space&apos;: &apos;DeviceGray&apos;, &apos;ncolor&apos;: None, &apos;size&apos;: 13.480000000000018, &apos;value&apos;: &apos;_&apos;, &apos;children&apos;: [], &apos;features&apos;: {}}, {&apos;type&apos;: &apos;text&apos;, &apos;bbox&apos;: (134.56, 193.527, 142.87, 207.007), &apos;color_space&apos;: &apos;DeviceGray&apos;, &apos;ncolor&apos;: None, &apos;size&apos;: 13.480000000000018, &apos;value&apos;: &apos;D&apos;, &apos;children&apos;: [], &apos;features&apos;: {}}, {&apos;type&apos;: &apos;text&apos;, &apos;bbox&apos;: (142.87, 193.527, 147.87, 207.007), &apos;color_space&apos;: &apos;DeviceGray&apos;, &apos;ncolor&apos;: None, &apos;size&apos;: 13.480000000000018, &apos;value&apos;: &apos;_&apos;, &apos;children&apos;: [], &apos;features&apos;: {}}, {&apos;type&apos;: &apos;text&apos;, &apos;bbox&apos;: (147.87, 193.527, 155.09, 207.007), &apos;color_space&apos;: &apos;DeviceGray&apos;, &apos;ncolor&apos;: None, &apos;size&apos;: 13.480000000000018, &apos;value&apos;: &apos;C&apos;, &apos;children&apos;: [], &apos;features&apos;: {}}, {&apos;type&apos;: &apos;text&apos;, &apos;bbox&apos;: (155.09, 193.527, 162.86, 207.007), &apos;color_space&apos;: &apos;DeviceGray&apos;, &apos;ncolor&apos;: None, &apos;size&apos;: 13.480000000000018, &apos;value&apos;: &apos;A&apos;, &apos;children&apos;: [], &apos;features&apos;: {}}, {&apos;type&apos;: &apos;text&apos;, &apos;bbox&apos;: (162.86, 193.527, 168.96, 207.007), &apos;color_space&apos;: &apos;DeviceGray&apos;, &apos;ncolor&apos;: None, &apos;size&apos;: 13.480000000000018, &apos;value&apos;: &apos;S&apos;, &apos;children&apos;: [], &apos;features&apos;: {}}, {&apos;type&apos;: &apos;text&apos;, &apos;bbox&apos;: (168.96, 193.527, 176.73000000000002, 207.007), &apos;color_space&apos;: &apos;DeviceGray&apos;, &apos;ncolor&apos;: None, &apos;size&apos;: 13.480000000000018, &apos;value&apos;: &apos;A&apos;, &apos;children&apos;: [], &apos;features&apos;: {}}, {&apos;type&apos;: &apos;text&apos;, &apos;bbox&apos;: (176.773, 194.25699999999998, 179.543, 207.547), &apos;color_space&apos;: &apos;DeviceGray&apos;, &apos;ncolor&apos;: None, &apos;size&apos;: 13.29000000000002, &apos;value&apos;: &apos;.&apos;, &apos;children&apos;: [], &apos;features&apos;: {}}, {&apos;type&apos;: &apos;text&apos;, &apos;bbox&apos;: (179.543, 194.25699999999998, 182.31300000000002, 207.547), &apos;color_space&apos;: &apos;DeviceGray&apos;, &apos;ncolor&apos;: None, &apos;size&apos;: 13.29000000000002, &apos;value&apos;: &apos;.&apos;, &apos;children&apos;: [], &apos;features&apos;: {}}, {&apos;type&apos;: &apos;text&apos;, &apos;bbox&apos;: (182.313, 194.25699999999998, 185.083, 207.547), &apos;color_space&apos;: &apos;DeviceGray&apos;, &apos;ncolor&apos;: None, &apos;size&apos;: 13.29000000000002, &apos;value&apos;: &apos;.&apos;, &apos;children&apos;: [], &apos;features&apos;: {}}, {&apos;type&apos;: &apos;text&apos;, &apos;bbox&apos;: (185.083, 194.25699999999998, 187.853, 207.547), &apos;color_space&apos;: &apos;DeviceGray&apos;, &apos;ncolor&apos;: None, &apos;size&apos;: 13.29000000000002, &apos;value&apos;: &apos;.&apos;, &apos;children&apos;: [], &apos;features&apos;: {}}, {&apos;type&apos;: &apos;text&apos;, &apos;bbox&apos;: (187.853, 194.25699999999998, 190.62300000000002, 207.547), &apos;color_space&apos;: &apos;DeviceGray&apos;, &apos;ncolor&apos;: None, &apos;size&apos;: 13.29000000000002, &apos;value&apos;: &apos;.&apos;, &apos;children&apos;: [], &apos;features&apos;: {}}, {&apos;type&apos;: &apos;text&apos;, &apos;bbox&apos;: (190.623, 194.25699999999998, 193.393, 207.547), &apos;color_space&apos;: &apos;DeviceGray&apos;, &apos;ncolor&apos;: None, &apos;size&apos;: 13.29000000000002, &apos;value&apos;: &apos;.&apos;, &apos;children&apos;: [], &apos;features&apos;: {}}, {&apos;type&apos;: &apos;text&apos;, &apos;bbox&apos;: (193.393, 194.25699999999998, 196.163, 207.547), &apos;color_space&apos;: &apos;DeviceGray&apos;, &apos;ncolor&apos;: None, &apos;size&apos;: 13.29000000000002, &apos;value&apos;: &apos;.&apos;, &apos;children&apos;: [], &apos;features&apos;: {}}, {&apos;type&apos;: &apos;text&apos;, &apos;bbox&apos;: (196.163, 194.25699999999998, 198.93300000000002, 207.547), &apos;color_space&apos;: &apos;DeviceGray&apos;, &apos;ncolor&apos;: None, &apos;size&apos;: 13.29000000000002, &apos;value&apos;: &apos;.&apos;, &apos;children&apos;: [], &apos;features&apos;: {}}, {&apos;type&apos;: &apos;text&apos;, &apos;bbox&apos;: (198.933, 194.25699999999998, 201.703, 207.547), &apos;color_space&apos;: &apos;DeviceGray&apos;, &apos;ncolor&apos;: None, &apos;size&apos;: 13.29000000000002, &apos;value&apos;: &apos;.&apos;, &apos;children&apos;: [], &apos;features&apos;: {}}, {&apos;type&apos;: &apos;text&apos;, &apos;bbox&apos;: (201.703, 194.25699999999998, 204.473, 207.547), &apos;color_space&apos;: &apos;DeviceGray&apos;, &apos;ncolor&apos;: None, &apos;size&apos;: 13.29000000000002, &apos;value&apos;: &apos;.&apos;, &apos;children&apos;: [], &apos;features&apos;: {}}, {&apos;type&apos;: &apos;text&apos;, &apos;bbox&apos;: (204.47299999999998, 194.25699999999998, 207.243, 207.547), &apos;color_space&apos;: &apos;DeviceGray&apos;, &apos;ncolor&apos;: None, &apos;size&apos;: 13.29000000000002, &apos;value&apos;: &apos;.&apos;, &apos;children&apos;: [], &apos;features&apos;: {}}, {&apos;type&apos;: &apos;text&apos;, &apos;bbox&apos;: (207.243, 194.25699999999998, 210.013, 207.547), &apos;color_space&apos;: &apos;DeviceGray&apos;, &apos;ncolor&apos;: None, &apos;size&apos;: 13.29000000000002, &apos;value&apos;: &apos;.&apos;, &apos;children&apos;: [], &apos;features&apos;: {}}, {&apos;type&apos;: &apos;text&apos;, &apos;bbox&apos;: (210.013, 194.25699999999998, 212.78300000000002, 207.547), &apos;color_space&apos;: &apos;DeviceGray&apos;, &apos;ncolor&apos;: None, &apos;size&apos;: 13.29000000000002, &apos;value&apos;: &apos;.&apos;, &apos;children&apos;: [], &apos;features&apos;: {}}, {&apos;type&apos;: &apos;text&apos;, &apos;bbox&apos;: (212.78300000000002, 194.25699999999998, 215.55300000000003, 207.547), &apos;color_space&apos;: &apos;DeviceGray&apos;, &apos;ncolor&apos;: None, &apos;size&apos;: 13.29000000000002, &apos;value&apos;: &apos;.&apos;, &apos;children&apos;: [], &apos;features&apos;: {}}, {&apos;type&apos;: &apos;text&apos;, &apos;bbox&apos;: (215.553, 194.25699999999998, 218.323, 207.547), &apos;color_space&apos;: &apos;DeviceGray&apos;, &apos;ncolor&apos;: None, &apos;size&apos;: 13.29000000000002, &apos;value&apos;: &apos;.&apos;, &apos;children&apos;: [], &apos;features&apos;: {}}, {&apos;type&apos;: &apos;text&apos;, &apos;bbox&apos;: (218.323, 194.25699999999998, 221.09300000000002, 207.547), &apos;color_space&apos;: &apos;DeviceGray&apos;, &apos;ncolor&apos;: None, &apos;size&apos;: 13.29000000000002, &apos;value&apos;: &apos;.&apos;, &apos;children&apos;: [], &apos;features&apos;: {}}, {&apos;type&apos;: &apos;text&apos;, &apos;bbox&apos;: (221.09300000000002, 194.25699999999998, 223.86300000000003, 207.547), &apos;color_space&apos;: &apos;DeviceGray&apos;, &apos;ncolor&apos;: None, &apos;size&apos;: 13.29000000000002, &apos;value&apos;: &apos;.&apos;, &apos;children&apos;: [], &apos;features&apos;: {}}, {&apos;type&apos;: &apos;text&apos;, &apos;bbox&apos;: (223.863, 194.25699999999998, 226.633, 207.547), &apos;color_space&apos;: &apos;DeviceGray&apos;, &apos;ncolor&apos;: None, &apos;size&apos;: 13.29000000000002, &apos;value&apos;: &apos;.&apos;, &apos;children&apos;: [], &apos;features&apos;: {}}, {&apos;type&apos;: &apos;text&apos;, &apos;bbox&apos;: (226.633, 194.25699999999998, 229.40300000000002, 207.547), &apos;color_space&apos;: &apos;DeviceGray&apos;, &apos;ncolor&apos;: None, &apos;size&apos;: 13.29000000000002, &apos;value&apos;: &apos;.&apos;, &apos;children&apos;: [], &apos;features&apos;: {}}, {&apos;type&apos;: &apos;text&apos;, &apos;bbox&apos;: (229.40300000000002, 194.25699999999998, 232.17300000000003, 207.547), &apos;color_space&apos;: &apos;DeviceGray&apos;, &apos;ncolor&apos;: None, &apos;size&apos;: 13.29000000000002, &apos;value&apos;: &apos;.&apos;, &apos;children&apos;: [], &apos;features&apos;: {}}, {&apos;type&apos;: &apos;text&apos;, &apos;bbox&apos;: (232.17300000000003, 194.25699999999998, 234.94300000000004, 207.547), &apos;color_space&apos;: &apos;DeviceGray&apos;, &apos;ncolor&apos;: None, &apos;size&apos;: 13.29000000000002, &apos;value&apos;: &apos;.&apos;, &apos;children&apos;: [], &apos;features&apos;: {}}, {&apos;type&apos;: &apos;text&apos;, &apos;bbox&apos;: (234.94300000000004, 194.25699999999998, 237.71300000000005, 207.547), &apos;color_space&apos;: &apos;DeviceGray&apos;, &apos;ncolor&apos;: None, &apos;size&apos;: 13.29000000000002, &apos;value&apos;: &apos;.&apos;, &apos;children&apos;: [], &apos;features&apos;: {}}, {&apos;type&apos;: &apos;text&apos;, &apos;bbox&apos;: (237.71300000000002, 194.25699999999998, 240.48300000000003, 207.547), &apos;color_space&apos;: &apos;DeviceGray&apos;, &apos;ncolor&apos;: None, &apos;size&apos;: 13.29000000000002, &apos;value&apos;: &apos;.&apos;, &apos;children&apos;: [], &apos;features&apos;: {}}, {&apos;type&apos;: &apos;text&apos;, &apos;bbox&apos;: (240.48300000000003, 194.25699999999998, 243.25300000000004, 207.547), &apos;color_space&apos;: &apos;DeviceGray&apos;, &apos;ncolor&apos;: None, &apos;size&apos;: 13.29000000000002, &apos;value&apos;: &apos;.&apos;, &apos;children&apos;: [], &apos;features&apos;: {}}, {&apos;type&apos;: &apos;text&apos;, &apos;bbox&apos;: (243.25300000000004, 194.25699999999998, 246.02300000000005, 207.547), &apos;color_space&apos;: &apos;DeviceGray&apos;, &apos;ncolor&apos;: None, &apos;size&apos;: 13.29000000000002, &apos;value&apos;: &apos;.&apos;, &apos;children&apos;: [], &apos;features&apos;: {}}, {&apos;type&apos;: &apos;text&apos;, &apos;bbox&apos;: (246.02300000000002, 194.25699999999998, 248.79300000000003, 207.547), &apos;color_space&apos;: &apos;DeviceGray&apos;, &apos;ncolor&apos;: None, &apos;size&apos;: 13.29000000000002, &apos;value&apos;: &apos;.&apos;, &apos;children&apos;: [], &apos;features&apos;: {}}, {&apos;type&apos;: &apos;text&apos;, &apos;bbox&apos;: (248.793, 194.25699999999998, 251.56300000000002, 207.547), &apos;color_space&apos;: &apos;DeviceGray&apos;, &apos;ncolor&apos;: None, &apos;size&apos;: 13.29000000000002, &apos;value&apos;: &apos;.&apos;, &apos;children&apos;: [], &apos;features&apos;: {}}, {&apos;type&apos;: &apos;text&apos;, &apos;bbox&apos;: (251.56300000000002, 194.25699999999998, 254.33300000000003, 207.547), &apos;color_space&apos;: &apos;DeviceGray&apos;, &apos;ncolor&apos;: None, &apos;size&apos;: 13.29000000000002, &apos;value&apos;: &apos;.&apos;, &apos;children&apos;: [], &apos;features&apos;: {}}, {&apos;type&apos;: &apos;text&apos;, &apos;bbox&apos;: (254.33300000000003, 194.25699999999998, 257.103, 207.547), &apos;color_space&apos;: &apos;DeviceGray&apos;, &apos;ncolor&apos;: None, &apos;size&apos;: 13.29000000000002, &apos;value&apos;: &apos;.&apos;, &apos;children&apos;: [], &apos;features&apos;: {}}, {&apos;type&apos;: &apos;text&apos;, &apos;bbox&apos;: (257.103, 194.25699999999998, 259.873, 207.547), &apos;color_space&apos;: &apos;DeviceGray&apos;, &apos;ncolor&apos;: None, &apos;size&apos;: 13.29000000000002, &apos;value&apos;: &apos;.&apos;, &apos;children&apos;: [], &apos;features&apos;: {}}, {&apos;type&apos;: &apos;text&apos;, &apos;bbox&apos;: (259.873, 194.25699999999998, 262.643, 207.547), &apos;color_space&apos;: &apos;DeviceGray&apos;, &apos;ncolor&apos;: None, &apos;size&apos;: 13.29000000000002, &apos;value&apos;: &apos;.&apos;, &apos;children&apos;: [], &apos;features&apos;: {}}, {&apos;type&apos;: &apos;text&apos;, &apos;bbox&apos;: (262.64300000000003, 194.25699999999998, 265.413, 207.547), &apos;color_space&apos;: &apos;DeviceGray&apos;, &apos;ncolor&apos;: None, &apos;size&apos;: 13.29000000000002, &apos;value&apos;: &apos;.&apos;, &apos;children&apos;: [], &apos;features&apos;: {}}, {&apos;type&apos;: &apos;text&apos;, &apos;bbox&apos;: (265.413, 194.25699999999998, 268.183, 207.547), &apos;color_space&apos;: &apos;DeviceGray&apos;, &apos;ncolor&apos;: None, &apos;size&apos;: 13.29000000000002, &apos;value&apos;: &apos;.&apos;, &apos;children&apos;: [], &apos;features&apos;: {}}, {&apos;type&apos;: &apos;text&apos;, &apos;bbox&apos;: (268.183, 194.25699999999998, 270.953, 207.547), &apos;color_space&apos;: &apos;DeviceGray&apos;, &apos;ncolor&apos;: None, &apos;size&apos;: 13.29000000000002, &apos;value&apos;: &apos;.&apos;, &apos;children&apos;: [], &apos;features&apos;: {}}, {&apos;type&apos;: &apos;text&apos;, &apos;bbox&apos;: (270.953, 194.25699999999998, 273.72299999999996, 207.547), &apos;color_space&apos;: &apos;DeviceGray&apos;, &apos;ncolor&apos;: None, &apos;size&apos;: 13.29000000000002, &apos;value&apos;: &apos;.&apos;, &apos;children&apos;: [], &apos;features&apos;: {}}, {&apos;type&apos;: &apos;text&apos;, &apos;bbox&apos;: (273.72299999999996, 194.25699999999998, 276.49299999999994, 207.547), &apos;color_space&apos;: &apos;DeviceGray&apos;, &apos;ncolor&apos;: None, &apos;size&apos;: 13.29000000000002, &apos;value&apos;: &apos;.&apos;, &apos;children&apos;: [], &apos;features&apos;: {}}, {&apos;type&apos;: &apos;text&apos;, &apos;bbox&apos;: (276.493, 194.25699999999998, 279.263, 207.547), &apos;color_space&apos;: &apos;DeviceGray&apos;, &apos;ncolor&apos;: None, &apos;size&apos;: 13.29000000000002, &apos;value&apos;: &apos;.&apos;, &apos;children&apos;: [], &apos;features&apos;: {}}, {&apos;type&apos;: &apos;text&apos;, &apos;bbox&apos;: (279.263, 194.25699999999998, 282.03299999999996, 207.547), &apos;color_space&apos;: &apos;DeviceGray&apos;, &apos;ncolor&apos;: None, &apos;size&apos;: 13.29000000000002, &apos;value&apos;: &apos;.&apos;, &apos;children&apos;: [], &apos;features&apos;: {}}, {&apos;type&apos;: &apos;text&apos;, &apos;bbox&apos;: (282.03299999999996, 194.25699999999998, 284.80299999999994, 207.547), &apos;color_space&apos;: &apos;DeviceGray&apos;, &apos;ncolor&apos;: None, &apos;size&apos;: 13.29000000000002, &apos;value&apos;: &apos;.&apos;, &apos;children&apos;: [], &apos;features&apos;: {}}, {&apos;type&apos;: &apos;text&apos;, &apos;bbox&apos;: (284.803, 194.25699999999998, 287.573, 207.547), &apos;color_space&apos;: &apos;DeviceGray&apos;, &apos;ncolor&apos;: None, &apos;size&apos;: 13.29000000000002, &apos;value&apos;: &apos;.&apos;, &apos;children&apos;: [], &apos;features&apos;: {}}, {&apos;type&apos;: &apos;text&apos;, &apos;bbox&apos;: (287.573, 194.25699999999998, 290.34299999999996, 207.547), &apos;color_space&apos;: &apos;DeviceGray&apos;, &apos;ncolor&apos;: None, &apos;size&apos;: 13.29000000000002, &apos;value&apos;: &apos;.&apos;, &apos;children&apos;: [], &apos;features&apos;: {}}, {&apos;type&apos;: &apos;text&apos;, &apos;bbox&apos;: (290.34299999999996, 194.25699999999998, 293.11299999999994, 207.547), &apos;color_space&apos;: &apos;DeviceGray&apos;, &apos;ncolor&apos;: None, &apos;size&apos;: 13.29000000000002, &apos;value&apos;: &apos;.&apos;, &apos;children&apos;: [], &apos;features&apos;: {}}, {&apos;type&apos;: &apos;text&apos;, &apos;bbox&apos;: (293.11299999999994, 194.25699999999998, 295.8829999999999, 207.547), &apos;color_space&apos;: &apos;DeviceGray&apos;, &apos;ncolor&apos;: None, &apos;size&apos;: 13.29000000000002, &apos;value&apos;: &apos;.&apos;, &apos;children&apos;: [], &apos;features&apos;: {}}, {&apos;type&apos;: &apos;text&apos;, &apos;bbox&apos;: (295.8829999999999, 194.25699999999998, 298.6529999999999, 207.547), &apos;color_space&apos;: &apos;DeviceGray&apos;, &apos;ncolor&apos;: None, &apos;size&apos;: 13.29000000000002, &apos;value&apos;: &apos;.&apos;, &apos;children&apos;: [], &apos;features&apos;: {}}, {&apos;type&apos;: &apos;text&apos;, &apos;bbox&apos;: (298.65299999999996, 194.25699999999998, 301.42299999999994, 207.547), &apos;color_space&apos;: &apos;DeviceGray&apos;, &apos;ncolor&apos;: None, &apos;size&apos;: 13.29000000000002, &apos;value&apos;: &apos;.&apos;, &apos;children&apos;: [], &apos;features&apos;: {}}, {&apos;type&apos;: &apos;text&apos;, &apos;bbox&apos;: (301.42299999999994, 194.25699999999998, 304.1929999999999, 207.547), &apos;color_space&apos;: &apos;DeviceGray&apos;, &apos;ncolor&apos;: None, &apos;size&apos;: 13.29000000000002, &apos;value&apos;: &apos;.&apos;, &apos;children&apos;: [], &apos;features&apos;: {}}, {&apos;type&apos;: &apos;text&apos;, &apos;bbox&apos;: (304.1929999999999, 194.25699999999998, 306.9629999999999, 207.547), &apos;color_space&apos;: &apos;DeviceGray&apos;, &apos;ncolor&apos;: None, &apos;size&apos;: 13.29000000000002, &apos;value&apos;: &apos;.&apos;, &apos;children&apos;: [], &apos;features&apos;: {}}, {&apos;type&apos;: &apos;text&apos;, &apos;bbox&apos;: (306.96299999999997, 194.25699999999998, 309.73299999999995, 207.547), &apos;color_space&apos;: &apos;DeviceGray&apos;, &apos;ncolor&apos;: None, &apos;size&apos;: 13.29000000000002, &apos;value&apos;: &apos;.&apos;, &apos;children&apos;: [], &apos;features&apos;: {}}, {&apos;type&apos;: &apos;text&apos;, &apos;bbox&apos;: (309.73299999999995, 194.25699999999998, 312.50299999999993, 207.547), &apos;color_space&apos;: &apos;DeviceGray&apos;, &apos;ncolor&apos;: None, &apos;size&apos;: 13.29000000000002, &apos;value&apos;: &apos;.&apos;, &apos;children&apos;: [], &apos;features&apos;: {}}, {&apos;type&apos;: &apos;text&apos;, &apos;bbox&apos;: (312.50299999999993, 194.25699999999998, 315.2729999999999, 207.547), &apos;color_space&apos;: &apos;DeviceGray&apos;, &apos;ncolor&apos;: None, &apos;size&apos;: 13.29000000000002, &apos;value&apos;: &apos;.&apos;, &apos;children&apos;: [], &apos;features&apos;: {}}, {&apos;type&apos;: &apos;text&apos;, &apos;bbox&apos;: (315.27299999999997, 194.25699999999998, 318.04299999999995, 207.547), &apos;color_space&apos;: &apos;DeviceGray&apos;, &apos;ncolor&apos;: None, &apos;size&apos;: 13.29000000000002, &apos;value&apos;: &apos;.&apos;, &apos;children&apos;: [], &apos;features&apos;: {}}, {&apos;type&apos;: &apos;text&apos;, &apos;bbox&apos;: (318.043, 194.25699999999998, 320.813, 207.547), &apos;color_space&apos;: &apos;DeviceGray&apos;, &apos;ncolor&apos;: None, &apos;size&apos;: 13.29000000000002, &apos;value&apos;: &apos;.&apos;, &apos;children&apos;: [], &apos;features&apos;: {}}, {&apos;type&apos;: &apos;text&apos;, &apos;bbox&apos;: (320.813, 194.25699999999998, 323.58299999999997, 207.547), &apos;color_space&apos;: &apos;DeviceGray&apos;, &apos;ncolor&apos;: None, &apos;size&apos;: 13.29000000000002, &apos;value&apos;: &apos;.&apos;, &apos;children&apos;: [], &apos;features&apos;: {}}, {&apos;type&apos;: &apos;text&apos;, &apos;bbox&apos;: (323.58299999999997, 194.25699999999998, 326.35299999999995, 207.547), &apos;color_space&apos;: &apos;DeviceGray&apos;, &apos;ncolor&apos;: None, &apos;size&apos;: 13.29000000000002, &apos;value&apos;: &apos;.&apos;, &apos;children&apos;: [], &apos;features&apos;: {}}, {&apos;type&apos;: &apos;text&apos;, &apos;bbox&apos;: (326.353, 194.25699999999998, 329.123, 207.547), &apos;color_space&apos;: &apos;DeviceGray&apos;, &apos;ncolor&apos;: None, &apos;size&apos;: 13.29000000000002, &apos;value&apos;: &apos;.&apos;, &apos;children&apos;: [], &apos;features&apos;: {}}, {&apos;type&apos;: &apos;text&apos;, &apos;bbox&apos;: (329.12300000000005, 194.25699999999998, 331.89300000000003, 207.547), &apos;color_space&apos;: &apos;DeviceGray&apos;, &apos;ncolor&apos;: None, &apos;size&apos;: 13.29000000000002, &apos;value&apos;: &apos;.&apos;, &apos;children&apos;: [], &apos;features&apos;: {}}, {&apos;type&apos;: &apos;text&apos;, &apos;bbox&apos;: (331.89300000000003, 194.25699999999998, 334.663, 207.547), &apos;color_space&apos;: &apos;DeviceGray&apos;, &apos;ncolor&apos;: None, &apos;size&apos;: 13.29000000000002, &apos;value&apos;: &apos;.&apos;, &apos;children&apos;: [], &apos;features&apos;: {}}, {&apos;type&apos;: &apos;text&apos;, &apos;bbox&apos;: (334.663, 194.25699999999998, 337.433, 207.547), &apos;color_space&apos;: &apos;DeviceGray&apos;, &apos;ncolor&apos;: None, &apos;size&apos;: 13.29000000000002, &apos;value&apos;: &apos;.&apos;, &apos;children&apos;: [], &apos;features&apos;: {}}, {&apos;type&apos;: &apos;text&apos;, &apos;bbox&apos;: (337.43300000000005, 194.25699999999998, 340.20300000000003, 207.547), &apos;color_space&apos;: &apos;DeviceGray&apos;, &apos;ncolor&apos;: None, &apos;size&apos;: 13.29000000000002, &apos;value&apos;: &apos;.&apos;, &apos;children&apos;: [], &apos;features&apos;: {}}, {&apos;type&apos;: &apos;text&apos;, &apos;bbox&apos;: (340.2030000000001, 194.25699999999998, 342.97300000000007, 207.547), &apos;color_space&apos;: &apos;DeviceGray&apos;, &apos;ncolor&apos;: None, &apos;size&apos;: 13.29000000000002, &apos;value&apos;: &apos;.&apos;, &apos;children&apos;: [], &apos;features&apos;: {}}, {&apos;type&apos;: &apos;text&apos;, &apos;bbox&apos;: (342.97300000000007, 194.25699999999998, 345.74300000000005, 207.547), &apos;color_space&apos;: &apos;DeviceGray&apos;, &apos;ncolor&apos;: None, &apos;size&apos;: 13.29000000000002, &apos;value&apos;: &apos;.&apos;, &apos;children&apos;: [], &apos;features&apos;: {}}, {&apos;type&apos;: &apos;text&apos;, &apos;bbox&apos;: (345.74300000000005, 194.25699999999998, 348.51300000000003, 207.547), &apos;color_space&apos;: &apos;DeviceGray&apos;, &apos;ncolor&apos;: None, &apos;size&apos;: 13.29000000000002, &apos;value&apos;: &apos;.&apos;, &apos;children&apos;: [], &apos;features&apos;: {}}, {&apos;type&apos;: &apos;text&apos;, &apos;bbox&apos;: (348.5130000000001, 194.25699999999998, 351.2830000000001, 207.547), &apos;color_space&apos;: &apos;DeviceGray&apos;, &apos;ncolor&apos;: None, &apos;size&apos;: 13.29000000000002, &apos;value&apos;: &apos;.&apos;, &apos;children&apos;: [], &apos;features&apos;: {}}, {&apos;type&apos;: &apos;text&apos;, &apos;bbox&apos;: (351.28300000000013, 194.25699999999998, 354.0530000000001, 207.547), &apos;color_space&apos;: &apos;DeviceGray&apos;, &apos;ncolor&apos;: None, &apos;size&apos;: 13.29000000000002, &apos;value&apos;: &apos;.&apos;, &apos;children&apos;: [], &apos;features&apos;: {}}, {&apos;type&apos;: &apos;text&apos;, &apos;bbox&apos;: (354.0530000000001, 194.25699999999998, 356.8230000000001, 207.547), &apos;color_space&apos;: &apos;DeviceGray&apos;, &apos;ncolor&apos;: None, &apos;size&apos;: 13.29000000000002, &apos;value&apos;: &apos;.&apos;, &apos;children&apos;: [], &apos;features&apos;: {}}, {&apos;type&apos;: &apos;text&apos;, &apos;bbox&apos;: (356.8230000000001, 194.25699999999998, 359.5930000000001, 207.547), &apos;color_space&apos;: &apos;DeviceGray&apos;, &apos;ncolor&apos;: None, &apos;size&apos;: 13.29000000000002, &apos;value&apos;: &apos;.&apos;, &apos;children&apos;: [], &apos;features&apos;: {}}, {&apos;type&apos;: &apos;text&apos;, &apos;bbox&apos;: (359.59300000000013, 194.25699999999998, 362.3630000000001, 207.547), &apos;color_space&apos;: &apos;DeviceGray&apos;, &apos;ncolor&apos;: None, &apos;size&apos;: 13.29000000000002, &apos;value&apos;: &apos;.&apos;, &apos;children&apos;: [], &apos;features&apos;: {}}, {&apos;type&apos;: &apos;text&apos;, &apos;bbox&apos;: (362.36300000000017, 194.25699999999998, 365.13300000000015, 207.547), &apos;color_space&apos;: &apos;DeviceGray&apos;, &apos;ncolor&apos;: None, &apos;size&apos;: 13.29000000000002, &apos;value&apos;: &apos;.&apos;, &apos;children&apos;: [], &apos;features&apos;: {}}, {&apos;type&apos;: &apos;text&apos;, &apos;bbox&apos;: (365.13300000000015, 194.25699999999998, 367.90300000000013, 207.547), &apos;color_space&apos;: &apos;DeviceGray&apos;, &apos;ncolor&apos;: None, &apos;size&apos;: 13.29000000000002, &apos;value&apos;: &apos;.&apos;, &apos;children&apos;: [], &apos;features&apos;: {}}, {&apos;type&apos;: &apos;text&apos;, &apos;bbox&apos;: (367.90300000000013, 194.25699999999998, 370.6730000000001, 207.547), &apos;color_space&apos;: &apos;DeviceGray&apos;, &apos;ncolor&apos;: None, &apos;size&apos;: 13.29000000000002, &apos;value&apos;: &apos;.&apos;, &apos;children&apos;: [], &apos;features&apos;: {}}, {&apos;type&apos;: &apos;text&apos;, &apos;bbox&apos;: (370.6730000000002, 194.25699999999998, 373.44300000000015, 207.547), &apos;color_space&apos;: &apos;DeviceGray&apos;, &apos;ncolor&apos;: None, &apos;size&apos;: 13.29000000000002, &apos;value&apos;: &apos;.&apos;, &apos;children&apos;: [], &apos;features&apos;: {}}, {&apos;type&apos;: &apos;text&apos;, &apos;bbox&apos;: (373.4430000000002, 194.25699999999998, 376.2130000000002, 207.547), &apos;color_space&apos;: &apos;DeviceGray&apos;, &apos;ncolor&apos;: None, &apos;size&apos;: 13.29000000000002, &apos;value&apos;: &apos;.&apos;, &apos;children&apos;: [], &apos;features&apos;: {}}, {&apos;type&apos;: &apos;text&apos;, &apos;bbox&apos;: (376.2130000000002, 194.25699999999998, 378.9830000000002, 207.547), &apos;color_space&apos;: &apos;DeviceGray&apos;, &apos;ncolor&apos;: None, &apos;size&apos;: 13.29000000000002, &apos;value&apos;: &apos;.&apos;, &apos;children&apos;: [], &apos;features&apos;: {}}, {&apos;type&apos;: &apos;text&apos;, &apos;bbox&apos;: (378.9830000000002, 194.25699999999998, 381.75300000000016, 207.547), &apos;color_space&apos;: &apos;DeviceGray&apos;, &apos;ncolor&apos;: None, &apos;size&apos;: 13.29000000000002, &apos;value&apos;: &apos;.&apos;, &apos;children&apos;: [], &apos;features&apos;: {}}, {&apos;type&apos;: &apos;text&apos;, &apos;bbox&apos;: (381.7530000000002, 194.25699999999998, 384.5230000000002, 207.547), &apos;color_space&apos;: &apos;DeviceGray&apos;, &apos;ncolor&apos;: None, &apos;size&apos;: 13.29000000000002, &apos;value&apos;: &apos;.&apos;, &apos;children&apos;: [], &apos;features&apos;: {}}, {&apos;type&apos;: &apos;text&apos;, &apos;bbox&apos;: (384.52300000000025, 194.25699999999998, 387.29300000000023, 207.547), &apos;color_space&apos;: &apos;DeviceGray&apos;, &apos;ncolor&apos;: None, &apos;size&apos;: 13.29000000000002, &apos;value&apos;: &apos;.&apos;, &apos;children&apos;: [], &apos;features&apos;: {}}, {&apos;type&apos;: &apos;text&apos;, &apos;bbox&apos;: (387.29300000000023, 194.25699999999998, 390.0630000000002, 207.547), &apos;color_space&apos;: &apos;DeviceGray&apos;, &apos;ncolor&apos;: None, &apos;size&apos;: 13.29000000000002, &apos;value&apos;: &apos;.&apos;, &apos;children&apos;: [], &apos;features&apos;: {}}, {&apos;type&apos;: &apos;text&apos;, &apos;bbox&apos;: (390.0630000000002, 194.25699999999998, 392.8330000000002, 207.547), &apos;color_space&apos;: &apos;DeviceGray&apos;, &apos;ncolor&apos;: None, &apos;size&apos;: 13.29000000000002, &apos;value&apos;: &apos;.&apos;, &apos;children&apos;: [], &apos;features&apos;: {}}, {&apos;type&apos;: &apos;text&apos;, &apos;bbox&apos;: (392.83300000000025, 194.25699999999998, 395.60300000000024, 207.547), &apos;color_space&apos;: &apos;DeviceGray&apos;, &apos;ncolor&apos;: None, &apos;size&apos;: 13.29000000000002, &apos;value&apos;: &apos;.&apos;, &apos;children&apos;: [], &apos;features&apos;: {}}, {&apos;type&apos;: &apos;text&apos;, &apos;bbox&apos;: (395.6030000000003, 194.25699999999998, 398.3730000000003, 207.547), &apos;color_space&apos;: &apos;DeviceGray&apos;, &apos;ncolor&apos;: None, &apos;size&apos;: 13.29000000000002, &apos;value&apos;: &apos;.&apos;, &apos;children&apos;: [], &apos;features&apos;: {}}, {&apos;type&apos;: &apos;text&apos;, &apos;bbox&apos;: (398.3730000000003, 194.25699999999998, 401.14300000000026, 207.547), &apos;color_space&apos;: &apos;DeviceGray&apos;, &apos;ncolor&apos;: None, &apos;size&apos;: 13.29000000000002, &apos;value&apos;: &apos;.&apos;, &apos;children&apos;: [], &apos;features&apos;: {}}, {&apos;type&apos;: &apos;text&apos;, &apos;bbox&apos;: (401.14300000000026, 194.25699999999998, 403.91300000000024, 207.547), &apos;color_space&apos;: &apos;DeviceGray&apos;, &apos;ncolor&apos;: None, &apos;size&apos;: 13.29000000000002, &apos;value&apos;: &apos;.&apos;, &apos;children&apos;: [], &apos;features&apos;: {}}, {&apos;type&apos;: &apos;text&apos;, &apos;bbox&apos;: (403.9130000000003, 194.25699999999998, 406.6830000000003, 207.547), &apos;color_space&apos;: &apos;DeviceGray&apos;, &apos;ncolor&apos;: None, &apos;size&apos;: 13.29000000000002, &apos;value&apos;: &apos;.&apos;, &apos;children&apos;: [], &apos;features&apos;: {}}, {&apos;type&apos;: &apos;text&apos;, &apos;bbox&apos;: (406.68300000000033, 194.25699999999998, 409.4530000000003, 207.547), &apos;color_space&apos;: &apos;DeviceGray&apos;, &apos;ncolor&apos;: None, &apos;size&apos;: 13.29000000000002, &apos;value&apos;: &apos;.&apos;, &apos;children&apos;: [], &apos;features&apos;: {}}, {&apos;type&apos;: &apos;text&apos;, &apos;bbox&apos;: (409.4530000000003, 194.25699999999998, 412.2230000000003, 207.547), &apos;color_space&apos;: &apos;DeviceGray&apos;, &apos;ncolor&apos;: None, &apos;size&apos;: 13.29000000000002, &apos;value&apos;: &apos;.&apos;, &apos;children&apos;: [], &apos;features&apos;: {}}, {&apos;type&apos;: &apos;text&apos;, &apos;bbox&apos;: (412.2230000000003, 194.25699999999998, 414.9930000000003, 207.547), &apos;color_space&apos;: &apos;DeviceGray&apos;, &apos;ncolor&apos;: None, &apos;size&apos;: 13.29000000000002, &apos;value&apos;: &apos;.&apos;, &apos;children&apos;: [], &apos;features&apos;: {}}, {&apos;type&apos;: &apos;text&apos;, &apos;bbox&apos;: (414.99300000000034, 194.25699999999998, 417.7630000000003, 207.547), &apos;color_space&apos;: &apos;DeviceGray&apos;, &apos;ncolor&apos;: None, &apos;size&apos;: 13.29000000000002, &apos;value&apos;: &apos;.&apos;, &apos;children&apos;: [], &apos;features&apos;: {}}, {&apos;type&apos;: &apos;text&apos;, &apos;bbox&apos;: (417.7630000000004, 194.25699999999998, 420.53300000000036, 207.547), &apos;color_space&apos;: &apos;DeviceGray&apos;, &apos;ncolor&apos;: None, &apos;size&apos;: 13.29000000000002, &apos;value&apos;: &apos;.&apos;, &apos;children&apos;: [], &apos;features&apos;: {}}, {&apos;type&apos;: &apos;text&apos;, &apos;bbox&apos;: (420.53300000000036, 194.25699999999998, 423.30300000000034, 207.547), &apos;color_space&apos;: &apos;DeviceGray&apos;, &apos;ncolor&apos;: None, &apos;size&apos;: 13.29000000000002, &apos;value&apos;: &apos;.&apos;, &apos;children&apos;: [], &apos;features&apos;: {}}, {&apos;type&apos;: &apos;text&apos;, &apos;bbox&apos;: (423.30300000000034, 194.25699999999998, 426.0730000000003, 207.547), &apos;color_space&apos;: &apos;DeviceGray&apos;, &apos;ncolor&apos;: None, &apos;size&apos;: 13.29000000000002, &apos;value&apos;: &apos;.&apos;, &apos;children&apos;: [], &apos;features&apos;: {}}, {&apos;type&apos;: &apos;text&apos;, &apos;bbox&apos;: (426.0730000000004, 194.25699999999998, 428.84300000000036, 207.547), &apos;color_space&apos;: &apos;DeviceGray&apos;, &apos;ncolor&apos;: None, &apos;size&apos;: 13.29000000000002, &apos;value&apos;: &apos;.&apos;, &apos;children&apos;: [], &apos;features&apos;: {}}, {&apos;type&apos;: &apos;text&apos;, &apos;bbox&apos;: (428.8430000000004, 194.25699999999998, 431.6130000000004, 207.547), &apos;color_space&apos;: &apos;DeviceGray&apos;, &apos;ncolor&apos;: None, &apos;size&apos;: 13.29000000000002, &apos;value&apos;: &apos;.&apos;, &apos;children&apos;: [], &apos;features&apos;: {}}, {&apos;type&apos;: &apos;text&apos;, &apos;bbox&apos;: (431.6130000000004, 194.25699999999998, 434.3830000000004, 207.547), &apos;color_space&apos;: &apos;DeviceGray&apos;, &apos;ncolor&apos;: None, &apos;size&apos;: 13.29000000000002, &apos;value&apos;: &apos;.&apos;, &apos;children&apos;: [], &apos;features&apos;: {}}, {&apos;type&apos;: &apos;text&apos;, &apos;bbox&apos;: (434.3830000000004, 194.25699999999998, 437.15300000000036, 207.547), &apos;color_space&apos;: &apos;DeviceGray&apos;, &apos;ncolor&apos;: None, &apos;size&apos;: 13.29000000000002, &apos;value&apos;: &apos;.&apos;, &apos;children&apos;: [], &apos;features&apos;: {}}, {&apos;type&apos;: &apos;text&apos;, &apos;bbox&apos;: (437.15300000000036, 194.25699999999998, 439.92300000000034, 207.547), &apos;color_space&apos;: &apos;DeviceGray&apos;, &apos;ncolor&apos;: None, &apos;size&apos;: 13.29000000000002, &apos;value&apos;: &apos;.&apos;, &apos;children&apos;: [], &apos;features&apos;: {}}, {&apos;type&apos;: &apos;text&apos;, &apos;bbox&apos;: (439.92300000000034, 194.25699999999998, 442.6930000000003, 207.547), &apos;color_space&apos;: &apos;DeviceGray&apos;, &apos;ncolor&apos;: None, &apos;size&apos;: 13.29000000000002, &apos;value&apos;: &apos;.&apos;, &apos;children&apos;: [], &apos;features&apos;: {}}, {&apos;type&apos;: &apos;text&apos;, &apos;bbox&apos;: (442.6930000000003, 194.25699999999998, 445.4630000000003, 207.547), &apos;color_space&apos;: &apos;DeviceGray&apos;, &apos;ncolor&apos;: None, &apos;size&apos;: 13.29000000000002, &apos;value&apos;: &apos;.&apos;, &apos;children&apos;: [], &apos;features&apos;: {}}, {&apos;type&apos;: &apos;text&apos;, &apos;bbox&apos;: (445.4630000000003, 194.25699999999998, 448.2330000000003, 207.547), &apos;color_space&apos;: &apos;DeviceGray&apos;, &apos;ncolor&apos;: None, &apos;size&apos;: 13.29000000000002, &apos;value&apos;: &apos;.&apos;, &apos;children&apos;: [], &apos;features&apos;: {}}, {&apos;type&apos;: &apos;text&apos;, &apos;bbox&apos;: (448.2330000000003, 194.25699999999998, 451.00300000000027, 207.547), &apos;color_space&apos;: &apos;DeviceGray&apos;, &apos;ncolor&apos;: None, &apos;size&apos;: 13.29000000000002, &apos;value&apos;: &apos;.&apos;, &apos;children&apos;: [], &apos;features&apos;: {}}, {&apos;type&apos;: &apos;text&apos;, &apos;bbox&apos;: (451.00300000000027, 194.25699999999998, 453.77300000000025, 207.547), &apos;color_space&apos;: &apos;DeviceGray&apos;, &apos;ncolor&apos;: None, &apos;size&apos;: 13.29000000000002, &apos;value&apos;: &apos;.&apos;, &apos;children&apos;: [], &apos;features&apos;: {}}, {&apos;type&apos;: &apos;text&apos;, &apos;bbox&apos;: (453.77300000000025, 194.25699999999998, 456.54300000000023, 207.547), &apos;color_space&apos;: &apos;DeviceGray&apos;, &apos;ncolor&apos;: None, &apos;size&apos;: 13.29000000000002, &apos;value&apos;: &apos;.&apos;, &apos;children&apos;: [], &apos;features&apos;: {}}, {&apos;type&apos;: &apos;text&apos;, &apos;bbox&apos;: (456.54300000000023, 194.25699999999998, 459.3130000000002, 207.547), &apos;color_space&apos;: &apos;DeviceGray&apos;, &apos;ncolor&apos;: None, &apos;size&apos;: 13.29000000000002, &apos;value&apos;: &apos;.&apos;, &apos;children&apos;: [], &apos;features&apos;: {}}, {&apos;type&apos;: &apos;text&apos;, &apos;bbox&apos;: (459.3130000000002, 194.25699999999998, 462.0830000000002, 207.547), &apos;color_space&apos;: &apos;DeviceGray&apos;, &apos;ncolor&apos;: None, &apos;size&apos;: 13.29000000000002, &apos;value&apos;: &apos;.&apos;, &apos;children&apos;: [], &apos;features&apos;: {}}, {&apos;type&apos;: &apos;text&apos;, &apos;bbox&apos;: (462.0830000000002, 194.25699999999998, 464.8530000000002, 207.547), &apos;color_space&apos;: &apos;DeviceGray&apos;, &apos;ncolor&apos;: None, &apos;size&apos;: 13.29000000000002, &apos;value&apos;: &apos;.&apos;, &apos;children&apos;: [], &apos;features&apos;: {}}, {&apos;type&apos;: &apos;text&apos;, &apos;bbox&apos;: (464.8530000000002, 194.25699999999998, 467.62300000000016, 207.547), &apos;color_space&apos;: &apos;DeviceGray&apos;, &apos;ncolor&apos;: None, &apos;size&apos;: 13.29000000000002, &apos;value&apos;: &apos;.&apos;, &apos;children&apos;: [], &apos;features&apos;: {}}, {&apos;type&apos;: &apos;text&apos;, &apos;bbox&apos;: (467.62300000000016, 194.25699999999998, 470.39300000000014, 207.547), &apos;color_space&apos;: &apos;DeviceGray&apos;, &apos;ncolor&apos;: None, &apos;size&apos;: 13.29000000000002, &apos;value&apos;: &apos;.&apos;, &apos;children&apos;: [], &apos;features&apos;: {}}, {&apos;type&apos;: &apos;text&apos;, &apos;bbox&apos;: (470.39300000000014, 194.25699999999998, 473.1630000000001, 207.547), &apos;color_space&apos;: &apos;DeviceGray&apos;, &apos;ncolor&apos;: None, &apos;size&apos;: 13.29000000000002, &apos;value&apos;: &apos;.&apos;, &apos;children&apos;: [], &apos;features&apos;: {}}, {&apos;type&apos;: &apos;text&apos;, &apos;bbox&apos;: (473.1630000000001, 194.25699999999998, 475.9330000000001, 207.547), &apos;color_space&apos;: &apos;DeviceGray&apos;, &apos;ncolor&apos;: None, &apos;size&apos;: 13.29000000000002, &apos;value&apos;: &apos;.&apos;, &apos;children&apos;: [], &apos;features&apos;: {}}, {&apos;type&apos;: &apos;text&apos;, &apos;bbox&apos;: (475.9330000000001, 194.25699999999998, 478.7030000000001, 207.547), &apos;color_space&apos;: &apos;DeviceGray&apos;, &apos;ncolor&apos;: None, &apos;size&apos;: 13.29000000000002, &apos;value&apos;: &apos;.&apos;, &apos;children&apos;: [], &apos;features&apos;: {}}, {&apos;type&apos;: &apos;text&apos;, &apos;bbox&apos;: (478.7030000000001, 194.25699999999998, 481.47300000000007, 207.547), &apos;color_space&apos;: &apos;DeviceGray&apos;, &apos;ncolor&apos;: None, &apos;size&apos;: 13.29000000000002, &apos;value&apos;: &apos;.&apos;, &apos;children&apos;: [], &apos;features&apos;: {}}, {&apos;type&apos;: &apos;text&apos;, &apos;bbox&apos;: (481.47300000000007, 194.25699999999998, 484.24300000000005, 207.547), &apos;color_space&apos;: &apos;DeviceGray&apos;, &apos;ncolor&apos;: None, &apos;size&apos;: 13.29000000000002, &apos;value&apos;: &apos;.&apos;, &apos;children&apos;: [], &apos;features&apos;: {}}, {&apos;type&apos;: &apos;text&apos;, &apos;bbox&apos;: (484.24300000000005, 194.25699999999998, 487.01300000000003, 207.547), &apos;color_space&apos;: &apos;DeviceGray&apos;, &apos;ncolor&apos;: None, &apos;size&apos;: 13.29000000000002, &apos;value&apos;: &apos;.&apos;, &apos;children&apos;: [], &apos;features&apos;: {}}, {&apos;type&apos;: &apos;text&apos;, &apos;bbox&apos;: (487.01300000000003, 194.25699999999998, 489.783, 207.547), &apos;color_space&apos;: &apos;DeviceGray&apos;, &apos;ncolor&apos;: None, &apos;size&apos;: 13.29000000000002, &apos;value&apos;: &apos;.&apos;, &apos;children&apos;: [], &apos;features&apos;: {}}, {&apos;type&apos;: &apos;text&apos;, &apos;bbox&apos;: (489.783, 194.25699999999998, 492.553, 207.547), &apos;color_space&apos;: &apos;DeviceGray&apos;, &apos;ncolor&apos;: None, &apos;size&apos;: 13.29000000000002, &apos;value&apos;: &apos;.&apos;, &apos;children&apos;: [], &apos;features&apos;: {}}, {&apos;type&apos;: &apos;text&apos;, &apos;bbox&apos;: (492.553, 194.25699999999998, 495.323, 207.547), &apos;color_space&apos;: &apos;DeviceGray&apos;, &apos;ncolor&apos;: None, &apos;size&apos;: 13.29000000000002, &apos;value&apos;: &apos;.&apos;, &apos;children&apos;: [], &apos;features&apos;: {}}, {&apos;type&apos;: &apos;text&apos;, &apos;bbox&apos;: (495.323, 194.25699999999998, 498.09299999999996, 207.547), &apos;color_space&apos;: &apos;DeviceGray&apos;, &apos;ncolor&apos;: None, &apos;size&apos;: 13.29000000000002, &apos;value&apos;: &apos;.&apos;, &apos;children&apos;: [], &apos;features&apos;: {}}, {&apos;type&apos;: &apos;text&apos;, &apos;bbox&apos;: (498.09299999999996, 194.25699999999998, 500.86299999999994, 207.547), &apos;color_space&apos;: &apos;DeviceGray&apos;, &apos;ncolor&apos;: None, &apos;size&apos;: 13.29000000000002, &apos;value&apos;: &apos;.&apos;, &apos;children&apos;: [], &apos;features&apos;: {}}, {&apos;type&apos;: &apos;text&apos;, &apos;bbox&apos;: (500.86299999999994, 194.25699999999998, 503.6329999999999, 207.547), &apos;color_space&apos;: &apos;DeviceGray&apos;, &apos;ncolor&apos;: None, &apos;size&apos;: 13.29000000000002, &apos;value&apos;: &apos;.&apos;, &apos;children&apos;: [], &apos;features&apos;: {}}, {&apos;type&apos;: &apos;text&apos;, &apos;bbox&apos;: (503.6329999999999, 194.25699999999998, 506.4029999999999, 207.547), &apos;color_space&apos;: &apos;DeviceGray&apos;, &apos;ncolor&apos;: None, &apos;size&apos;: 13.29000000000002, &apos;value&apos;: &apos;.&apos;, &apos;children&apos;: [], &apos;features&apos;: {}}, {&apos;type&apos;: &apos;text&apos;, &apos;bbox&apos;: (506.4029999999999, 194.25699999999998, 509.1729999999999, 207.547), &apos;color_space&apos;: &apos;DeviceGray&apos;, &apos;ncolor&apos;: None, &apos;size&apos;: 13.29000000000002, &apos;value&apos;: &apos;.&apos;, &apos;children&apos;: [], &apos;features&apos;: {}}, {&apos;type&apos;: &apos;text&apos;, &apos;bbox&apos;: (509.1729999999999, 194.25699999999998, 511.94299999999987, 207.547), &apos;color_space&apos;: &apos;DeviceGray&apos;, &apos;ncolor&apos;: None, &apos;size&apos;: 13.29000000000002, &apos;value&apos;: &apos;.&apos;, &apos;children&apos;: [], &apos;features&apos;: {}}, {&apos;type&apos;: &apos;text&apos;, &apos;bbox&apos;: (514.425, 194.25699999999998, 519.9849999999999, 207.547), &apos;color_space&apos;: &apos;DeviceGray&apos;, &apos;ncolor&apos;: None, &apos;size&apos;: 13.29000000000002, &apos;value&apos;: &apos;2&apos;, &apos;children&apos;: [], &apos;features&apos;: {}}, {&apos;type&apos;: &apos;text&apos;, &apos;bbox&apos;: (519.9849999999999, 194.25699999999998, 523.3149999999999, 207.547), &apos;color_space&apos;: &apos;DeviceGray&apos;, &apos;ncolor&apos;: None, &apos;size&apos;: 13.29000000000002, &apos;value&apos;: &apos;-&apos;, &apos;children&apos;: [], &apos;features&apos;: {}}, {&apos;type&apos;: &apos;text&apos;, &apos;bbox&apos;: (523.315, 194.25699999999998, 528.875, 207.547), &apos;color_space&apos;: &apos;DeviceGray&apos;, &apos;ncolor&apos;: None, &apos;size&apos;: 13.29000000000002, &apos;value&apos;: &apos;1&apos;, &apos;children&apos;: [], &apos;features&apos;: {}}, {&apos;type&apos;: &apos;text&apos;, &apos;bbox&apos;: (528.875, 194.25699999999998, 534.435, 207.547), &apos;color_space&apos;: &apos;DeviceGray&apos;, &apos;ncolor&apos;: None, &apos;size&apos;: 13.29000000000002, &apos;value&apos;: &apos;2&apos;, &apos;children&apos;: [], &apos;features&apos;: {}}, {&apos;type&apos;: &apos;text&apos;, &apos;bbox&apos;: (534.4350000000001, 194.25699999999998, 539.995, 207.547), &apos;color_space&apos;: &apos;DeviceGray&apos;, &apos;ncolor&apos;: None, &apos;size&apos;: 13.29000000000002, &apos;value&apos;: &apos;3&apos;, &apos;children&apos;: [], &apos;features&apos;: {}}], &apos;features&apos;: {}}
*********************





--------------------------------- CONTENT AREA --------------------------------- 
This content area has an image
{&apos;type&apos;: &apos;figure&apos;, &apos;bbox&apos;: (0, 0, 612.0, 792.0), &apos;name&apos;: &apos;fx12&apos;, &apos;children&apos;: [{&apos;type&apos;: &apos;text&apos;, &apos;bbox&apos;: (114.0, 178.035, 119.57, 191.515), &apos;color_space&apos;: &apos;DeviceGray&apos;, &apos;ncolor&apos;: None, &apos;size&apos;: 13.47999999999999, &apos;value&apos;: &apos;F&apos;, &apos;children&apos;: [], &apos;features&apos;: {}}, {&apos;type&apos;: &apos;text&apos;, &apos;bbox&apos;: (119.57, 178.035, 125.66999999999999, 191.515), &apos;color_space&apos;: &apos;DeviceGray&apos;, &apos;ncolor&apos;: None, &apos;size&apos;: 13.47999999999999, &apos;value&apos;: &apos;S&apos;, &apos;children&apos;: [], &apos;features&apos;: {}}, {&apos;type&apos;: &apos;text&apos;, &apos;bbox&apos;: (125.67, 178.035, 129.56, 191.515), &apos;color_space&apos;: &apos;DeviceGray&apos;, &apos;ncolor&apos;: None, &apos;size&apos;: 13.47999999999999, &apos;value&apos;: &apos;I&apos;, &apos;children&apos;: [], &apos;features&apos;: {}}, {&apos;type&apos;: &apos;text&apos;, &apos;bbox&apos;: (129.56, 178.035, 134.56, 191.515), &apos;color_space&apos;: &apos;DeviceGray&apos;, &apos;ncolor&apos;: None, &apos;size&apos;: 13.47999999999999, &apos;value&apos;: &apos;_&apos;, &apos;children&apos;: [], &apos;features&apos;: {}}, {&apos;type&apos;: &apos;text&apos;, &apos;bbox&apos;: (134.56, 178.035, 142.87, 191.515), &apos;color_space&apos;: &apos;DeviceGray&apos;, &apos;ncolor&apos;: None, &apos;size&apos;: 13.47999999999999, &apos;value&apos;: &apos;D&apos;, &apos;children&apos;: [], &apos;features&apos;: {}}, {&apos;type&apos;: &apos;text&apos;, &apos;bbox&apos;: (142.87, 178.035, 147.87, 191.515), &apos;color_space&apos;: &apos;DeviceGray&apos;, &apos;ncolor&apos;: None, &apos;size&apos;: 13.47999999999999, &apos;value&apos;: &apos;_&apos;, &apos;children&apos;: [], &apos;features&apos;: {}}, {&apos;type&apos;: &apos;text&apos;, &apos;bbox&apos;: (147.87, 178.035, 154.53, 191.515), &apos;color_space&apos;: &apos;DeviceGray&apos;, &apos;ncolor&apos;: None, &apos;size&apos;: 13.47999999999999, &apos;value&apos;: &apos;T&apos;, &apos;children&apos;: [], &apos;features&apos;: {}}, {&apos;type&apos;: &apos;text&apos;, &apos;bbox&apos;: (154.53, 178.035, 160.58, 191.515), &apos;color_space&apos;: &apos;DeviceGray&apos;, &apos;ncolor&apos;: None, &apos;size&apos;: 13.47999999999999, &apos;value&apos;: &apos;E&apos;, &apos;children&apos;: [], &apos;features&apos;: {}}, {&apos;type&apos;: &apos;text&apos;, &apos;bbox&apos;: (160.57999999999998, 178.035, 167.70999999999998, 191.515), &apos;color_space&apos;: &apos;DeviceGray&apos;, &apos;ncolor&apos;: None, &apos;size&apos;: 13.47999999999999, &apos;value&apos;: &apos;R&apos;, &apos;children&apos;: [], &apos;features&apos;: {}}, {&apos;type&apos;: &apos;text&apos;, &apos;bbox&apos;: (167.71, 178.035, 177.71, 191.515), &apos;color_space&apos;: &apos;DeviceGray&apos;, &apos;ncolor&apos;: None, &apos;size&apos;: 13.47999999999999, &apos;value&apos;: &apos;M&apos;, &apos;children&apos;: [], &apos;features&apos;: {}}, {&apos;type&apos;: &apos;text&apos;, &apos;bbox&apos;: (177.71, 178.035, 182.71, 191.515), &apos;color_space&apos;: &apos;DeviceGray&apos;, &apos;ncolor&apos;: None, &apos;size&apos;: 13.47999999999999, &apos;value&apos;: &apos;_&apos;, &apos;children&apos;: [], &apos;features&apos;: {}}, {&apos;type&apos;: &apos;text&apos;, &apos;bbox&apos;: (182.71, 178.035, 191.02, 191.515), &apos;color_space&apos;: &apos;DeviceGray&apos;, &apos;ncolor&apos;: None, &apos;size&apos;: 13.47999999999999, &apos;value&apos;: &apos;D&apos;, &apos;children&apos;: [], &apos;features&apos;: {}}, {&apos;type&apos;: &apos;text&apos;, &apos;bbox&apos;: (191.02, 178.035, 197.07000000000002, 191.515), &apos;color_space&apos;: &apos;DeviceGray&apos;, &apos;ncolor&apos;: None, &apos;size&apos;: 13.47999999999999, &apos;value&apos;: &apos;E&apos;, &apos;children&apos;: [], &apos;features&apos;: {}}, {&apos;type&apos;: &apos;text&apos;, &apos;bbox&apos;: (197.07, 178.035, 203.17, 191.515), &apos;color_space&apos;: &apos;DeviceGray&apos;, &apos;ncolor&apos;: None, &apos;size&apos;: 13.47999999999999, &apos;value&apos;: &apos;P&apos;, &apos;children&apos;: [], &apos;features&apos;: {}}, {&apos;type&apos;: &apos;text&apos;, &apos;bbox&apos;: (203.17000000000002, 178.035, 211.50000000000003, 191.515), &apos;color_space&apos;: &apos;DeviceGray&apos;, &apos;ncolor&apos;: None, &apos;size&apos;: 13.47999999999999, &apos;value&apos;: &apos;O&apos;, &apos;children&apos;: [], &apos;features&apos;: {}}, {&apos;type&apos;: &apos;text&apos;, &apos;bbox&apos;: (211.5, 178.035, 217.6, 191.515), &apos;color_space&apos;: &apos;DeviceGray&apos;, &apos;ncolor&apos;: None, &apos;size&apos;: 13.47999999999999, &apos;value&apos;: &apos;S&apos;, &apos;children&apos;: [], &apos;features&apos;: {}}, {&apos;type&apos;: &apos;text&apos;, &apos;bbox&apos;: (217.6, 178.035, 221.48999999999998, 191.515), &apos;color_space&apos;: &apos;DeviceGray&apos;, &apos;ncolor&apos;: None, &apos;size&apos;: 13.47999999999999, &apos;value&apos;: &apos;I&apos;, &apos;children&apos;: [], &apos;features&apos;: {}}, {&apos;type&apos;: &apos;text&apos;, &apos;bbox&apos;: (221.49, 178.035, 228.15, 191.515), &apos;color_space&apos;: &apos;DeviceGray&apos;, &apos;ncolor&apos;: None, &apos;size&apos;: 13.47999999999999, &apos;value&apos;: &apos;T&apos;, &apos;children&apos;: [], &apos;features&apos;: {}}, {&apos;type&apos;: &apos;text&apos;, &apos;bbox&apos;: (228.14999999999998, 178.035, 234.24999999999997, 191.515), &apos;color_space&apos;: &apos;DeviceGray&apos;, &apos;ncolor&apos;: None, &apos;size&apos;: 13.47999999999999, &apos;value&apos;: &apos;S&apos;, &apos;children&apos;: [], &apos;features&apos;: {}}, {&apos;type&apos;: &apos;text&apos;, &apos;bbox&apos;: (234.336, 178.766, 237.10600000000002, 192.056), &apos;color_space&apos;: &apos;DeviceGray&apos;, &apos;ncolor&apos;: None, &apos;size&apos;: 13.29000000000002, &apos;value&apos;: &apos;.&apos;, &apos;children&apos;: [], &apos;features&apos;: {}}, {&apos;type&apos;: &apos;text&apos;, &apos;bbox&apos;: (237.10600000000002, 178.766, 239.87600000000003, 192.056), &apos;color_space&apos;: &apos;DeviceGray&apos;, &apos;ncolor&apos;: None, &apos;size&apos;: 13.29000000000002, &apos;value&apos;: &apos;.&apos;, &apos;children&apos;: [], &apos;features&apos;: {}}, {&apos;type&apos;: &apos;text&apos;, &apos;bbox&apos;: (239.876, 178.766, 242.64600000000002, 192.056), &apos;color_space&apos;: &apos;DeviceGray&apos;, &apos;ncolor&apos;: None, &apos;size&apos;: 13.29000000000002, &apos;value&apos;: &apos;.&apos;, &apos;children&apos;: [], &apos;features&apos;: {}}, {&apos;type&apos;: &apos;text&apos;, &apos;bbox&apos;: (242.64600000000002, 178.766, 245.41600000000003, 192.056), &apos;color_space&apos;: &apos;DeviceGray&apos;, &apos;ncolor&apos;: None, &apos;size&apos;: 13.29000000000002, &apos;value&apos;: &apos;.&apos;, &apos;children&apos;: [], &apos;features&apos;: {}}, {&apos;type&apos;: &apos;text&apos;, &apos;bbox&apos;: (245.41600000000003, 178.766, 248.18600000000004, 192.056), &apos;color_space&apos;: &apos;DeviceGray&apos;, &apos;ncolor&apos;: None, &apos;size&apos;: 13.29000000000002, &apos;value&apos;: &apos;.&apos;, &apos;children&apos;: [], &apos;features&apos;: {}}, {&apos;type&apos;: &apos;text&apos;, &apos;bbox&apos;: (248.186, 178.766, 250.95600000000002, 192.056), &apos;color_space&apos;: &apos;DeviceGray&apos;, &apos;ncolor&apos;: None, &apos;size&apos;: 13.29000000000002, &apos;value&apos;: &apos;.&apos;, &apos;children&apos;: [], &apos;features&apos;: {}}, {&apos;type&apos;: &apos;text&apos;, &apos;bbox&apos;: (250.95600000000002, 178.766, 253.72600000000003, 192.056), &apos;color_space&apos;: &apos;DeviceGray&apos;, &apos;ncolor&apos;: None, &apos;size&apos;: 13.29000000000002, &apos;value&apos;: &apos;.&apos;, &apos;children&apos;: [], &apos;features&apos;: {}}, {&apos;type&apos;: &apos;text&apos;, &apos;bbox&apos;: (253.726, 178.766, 256.496, 192.056), &apos;color_space&apos;: &apos;DeviceGray&apos;, &apos;ncolor&apos;: None, &apos;size&apos;: 13.29000000000002, &apos;value&apos;: &apos;.&apos;, &apos;children&apos;: [], &apos;features&apos;: {}}, {&apos;type&apos;: &apos;text&apos;, &apos;bbox&apos;: (256.49600000000004, 178.766, 259.266, 192.056), &apos;color_space&apos;: &apos;DeviceGray&apos;, &apos;ncolor&apos;: None, &apos;size&apos;: 13.29000000000002, &apos;value&apos;: &apos;.&apos;, &apos;children&apos;: [], &apos;features&apos;: {}}, {&apos;type&apos;: &apos;text&apos;, &apos;bbox&apos;: (259.266, 178.766, 262.036, 192.056), &apos;color_space&apos;: &apos;DeviceGray&apos;, &apos;ncolor&apos;: None, &apos;size&apos;: 13.29000000000002, &apos;value&apos;: &apos;.&apos;, &apos;children&apos;: [], &apos;features&apos;: {}}, {&apos;type&apos;: &apos;text&apos;, &apos;bbox&apos;: (262.036, 178.766, 264.806, 192.056), &apos;color_space&apos;: &apos;DeviceGray&apos;, &apos;ncolor&apos;: None, &apos;size&apos;: 13.29000000000002, &apos;value&apos;: &apos;.&apos;, &apos;children&apos;: [], &apos;features&apos;: {}}, {&apos;type&apos;: &apos;text&apos;, &apos;bbox&apos;: (264.80600000000004, 178.766, 267.576, 192.056), &apos;color_space&apos;: &apos;DeviceGray&apos;, &apos;ncolor&apos;: None, &apos;size&apos;: 13.29000000000002, &apos;value&apos;: &apos;.&apos;, &apos;children&apos;: [], &apos;features&apos;: {}}, {&apos;type&apos;: &apos;text&apos;, &apos;bbox&apos;: (267.576, 178.766, 270.346, 192.056), &apos;color_space&apos;: &apos;DeviceGray&apos;, &apos;ncolor&apos;: None, &apos;size&apos;: 13.29000000000002, &apos;value&apos;: &apos;.&apos;, &apos;children&apos;: [], &apos;features&apos;: {}}, {&apos;type&apos;: &apos;text&apos;, &apos;bbox&apos;: (270.346, 178.766, 273.116, 192.056), &apos;color_space&apos;: &apos;DeviceGray&apos;, &apos;ncolor&apos;: None, &apos;size&apos;: 13.29000000000002, &apos;value&apos;: &apos;.&apos;, &apos;children&apos;: [], &apos;features&apos;: {}}, {&apos;type&apos;: &apos;text&apos;, &apos;bbox&apos;: (273.11600000000004, 178.766, 275.886, 192.056), &apos;color_space&apos;: &apos;DeviceGray&apos;, &apos;ncolor&apos;: None, &apos;size&apos;: 13.29000000000002, &apos;value&apos;: &apos;.&apos;, &apos;children&apos;: [], &apos;features&apos;: {}}, {&apos;type&apos;: &apos;text&apos;, &apos;bbox&apos;: (275.886, 178.766, 278.656, 192.056), &apos;color_space&apos;: &apos;DeviceGray&apos;, &apos;ncolor&apos;: None, &apos;size&apos;: 13.29000000000002, &apos;value&apos;: &apos;.&apos;, &apos;children&apos;: [], &apos;features&apos;: {}}, {&apos;type&apos;: &apos;text&apos;, &apos;bbox&apos;: (278.656, 178.766, 281.426, 192.056), &apos;color_space&apos;: &apos;DeviceGray&apos;, &apos;ncolor&apos;: None, &apos;size&apos;: 13.29000000000002, &apos;value&apos;: &apos;.&apos;, &apos;children&apos;: [], &apos;features&apos;: {}}, {&apos;type&apos;: &apos;text&apos;, &apos;bbox&apos;: (281.42600000000004, 178.766, 284.196, 192.056), &apos;color_space&apos;: &apos;DeviceGray&apos;, &apos;ncolor&apos;: None, &apos;size&apos;: 13.29000000000002, &apos;value&apos;: &apos;.&apos;, &apos;children&apos;: [], &apos;features&apos;: {}}, {&apos;type&apos;: &apos;text&apos;, &apos;bbox&apos;: (284.196, 178.766, 286.966, 192.056), &apos;color_space&apos;: &apos;DeviceGray&apos;, &apos;ncolor&apos;: None, &apos;size&apos;: 13.29000000000002, &apos;value&apos;: &apos;.&apos;, &apos;children&apos;: [], &apos;features&apos;: {}}, {&apos;type&apos;: &apos;text&apos;, &apos;bbox&apos;: (286.966, 178.766, 289.736, 192.056), &apos;color_space&apos;: &apos;DeviceGray&apos;, &apos;ncolor&apos;: None, &apos;size&apos;: 13.29000000000002, &apos;value&apos;: &apos;.&apos;, &apos;children&apos;: [], &apos;features&apos;: {}}, {&apos;type&apos;: &apos;text&apos;, &apos;bbox&apos;: (289.73600000000005, 178.766, 292.50600000000003, 192.056), &apos;color_space&apos;: &apos;DeviceGray&apos;, &apos;ncolor&apos;: None, &apos;size&apos;: 13.29000000000002, &apos;value&apos;: &apos;.&apos;, &apos;children&apos;: [], &apos;features&apos;: {}}, {&apos;type&apos;: &apos;text&apos;, &apos;bbox&apos;: (292.50600000000003, 178.766, 295.276, 192.056), &apos;color_space&apos;: &apos;DeviceGray&apos;, &apos;ncolor&apos;: None, &apos;size&apos;: 13.29000000000002, &apos;value&apos;: &apos;.&apos;, &apos;children&apos;: [], &apos;features&apos;: {}}, {&apos;type&apos;: &apos;text&apos;, &apos;bbox&apos;: (295.27600000000007, 178.766, 298.04600000000005, 192.056), &apos;color_space&apos;: &apos;DeviceGray&apos;, &apos;ncolor&apos;: None, &apos;size&apos;: 13.29000000000002, &apos;value&apos;: &apos;.&apos;, &apos;children&apos;: [], &apos;features&apos;: {}}, {&apos;type&apos;: &apos;text&apos;, &apos;bbox&apos;: (298.04600000000005, 178.766, 300.81600000000003, 192.056), &apos;color_space&apos;: &apos;DeviceGray&apos;, &apos;ncolor&apos;: None, &apos;size&apos;: 13.29000000000002, &apos;value&apos;: &apos;.&apos;, &apos;children&apos;: [], &apos;features&apos;: {}}, {&apos;type&apos;: &apos;text&apos;, &apos;bbox&apos;: (300.81600000000003, 178.766, 303.586, 192.056), &apos;color_space&apos;: &apos;DeviceGray&apos;, &apos;ncolor&apos;: None, &apos;size&apos;: 13.29000000000002, &apos;value&apos;: &apos;.&apos;, &apos;children&apos;: [], &apos;features&apos;: {}}, {&apos;type&apos;: &apos;text&apos;, &apos;bbox&apos;: (303.586, 178.766, 306.356, 192.056), &apos;color_space&apos;: &apos;DeviceGray&apos;, &apos;ncolor&apos;: None, &apos;size&apos;: 13.29000000000002, &apos;value&apos;: &apos;.&apos;, &apos;children&apos;: [], &apos;features&apos;: {}}, {&apos;type&apos;: &apos;text&apos;, &apos;bbox&apos;: (306.35600000000005, 178.766, 309.12600000000003, 192.056), &apos;color_space&apos;: &apos;DeviceGray&apos;, &apos;ncolor&apos;: None, &apos;size&apos;: 13.29000000000002, &apos;value&apos;: &apos;.&apos;, &apos;children&apos;: [], &apos;features&apos;: {}}, {&apos;type&apos;: &apos;text&apos;, &apos;bbox&apos;: (309.12600000000003, 178.766, 311.896, 192.056), &apos;color_space&apos;: &apos;DeviceGray&apos;, &apos;ncolor&apos;: None, &apos;size&apos;: 13.29000000000002, &apos;value&apos;: &apos;.&apos;, &apos;children&apos;: [], &apos;features&apos;: {}}, {&apos;type&apos;: &apos;text&apos;, &apos;bbox&apos;: (311.896, 178.766, 314.666, 192.056), &apos;color_space&apos;: &apos;DeviceGray&apos;, &apos;ncolor&apos;: None, &apos;size&apos;: 13.29000000000002, &apos;value&apos;: &apos;.&apos;, &apos;children&apos;: [], &apos;features&apos;: {}}, {&apos;type&apos;: &apos;text&apos;, &apos;bbox&apos;: (314.66600000000005, 178.766, 317.43600000000004, 192.056), &apos;color_space&apos;: &apos;DeviceGray&apos;, &apos;ncolor&apos;: None, &apos;size&apos;: 13.29000000000002, &apos;value&apos;: &apos;.&apos;, &apos;children&apos;: [], &apos;features&apos;: {}}, {&apos;type&apos;: &apos;text&apos;, &apos;bbox&apos;: (317.43600000000004, 178.766, 320.206, 192.056), &apos;color_space&apos;: &apos;DeviceGray&apos;, &apos;ncolor&apos;: None, &apos;size&apos;: 13.29000000000002, &apos;value&apos;: &apos;.&apos;, &apos;children&apos;: [], &apos;features&apos;: {}}, {&apos;type&apos;: &apos;text&apos;, &apos;bbox&apos;: (320.206, 178.766, 322.976, 192.056), &apos;color_space&apos;: &apos;DeviceGray&apos;, &apos;ncolor&apos;: None, &apos;size&apos;: 13.29000000000002, &apos;value&apos;: &apos;.&apos;, &apos;children&apos;: [], &apos;features&apos;: {}}, {&apos;type&apos;: &apos;text&apos;, &apos;bbox&apos;: (322.976, 178.766, 325.746, 192.056), &apos;color_space&apos;: &apos;DeviceGray&apos;, &apos;ncolor&apos;: None, &apos;size&apos;: 13.29000000000002, &apos;value&apos;: &apos;.&apos;, &apos;children&apos;: [], &apos;features&apos;: {}}, {&apos;type&apos;: &apos;text&apos;, &apos;bbox&apos;: (325.746, 178.766, 328.51599999999996, 192.056), &apos;color_space&apos;: &apos;DeviceGray&apos;, &apos;ncolor&apos;: None, &apos;size&apos;: 13.29000000000002, &apos;value&apos;: &apos;.&apos;, &apos;children&apos;: [], &apos;features&apos;: {}}, {&apos;type&apos;: &apos;text&apos;, &apos;bbox&apos;: (328.516, 178.766, 331.286, 192.056), &apos;color_space&apos;: &apos;DeviceGray&apos;, &apos;ncolor&apos;: None, &apos;size&apos;: 13.29000000000002, &apos;value&apos;: &apos;.&apos;, &apos;children&apos;: [], &apos;features&apos;: {}}, {&apos;type&apos;: &apos;text&apos;, &apos;bbox&apos;: (331.286, 178.766, 334.056, 192.056), &apos;color_space&apos;: &apos;DeviceGray&apos;, &apos;ncolor&apos;: None, &apos;size&apos;: 13.29000000000002, &apos;value&apos;: &apos;.&apos;, &apos;children&apos;: [], &apos;features&apos;: {}}, {&apos;type&apos;: &apos;text&apos;, &apos;bbox&apos;: (334.056, 178.766, 336.82599999999996, 192.056), &apos;color_space&apos;: &apos;DeviceGray&apos;, &apos;ncolor&apos;: None, &apos;size&apos;: 13.29000000000002, &apos;value&apos;: &apos;.&apos;, &apos;children&apos;: [], &apos;features&apos;: {}}, {&apos;type&apos;: &apos;text&apos;, &apos;bbox&apos;: (336.826, 178.766, 339.596, 192.056), &apos;color_space&apos;: &apos;DeviceGray&apos;, &apos;ncolor&apos;: None, &apos;size&apos;: 13.29000000000002, &apos;value&apos;: &apos;.&apos;, &apos;children&apos;: [], &apos;features&apos;: {}}, {&apos;type&apos;: &apos;text&apos;, &apos;bbox&apos;: (339.596, 178.766, 342.366, 192.056), &apos;color_space&apos;: &apos;DeviceGray&apos;, &apos;ncolor&apos;: None, &apos;size&apos;: 13.29000000000002, &apos;value&apos;: &apos;.&apos;, &apos;children&apos;: [], &apos;features&apos;: {}}, {&apos;type&apos;: &apos;text&apos;, &apos;bbox&apos;: (342.366, 178.766, 345.13599999999997, 192.056), &apos;color_space&apos;: &apos;DeviceGray&apos;, &apos;ncolor&apos;: None, &apos;size&apos;: 13.29000000000002, &apos;value&apos;: &apos;.&apos;, &apos;children&apos;: [], &apos;features&apos;: {}}, {&apos;type&apos;: &apos;text&apos;, &apos;bbox&apos;: (345.13599999999997, 178.766, 347.90599999999995, 192.056), &apos;color_space&apos;: &apos;DeviceGray&apos;, &apos;ncolor&apos;: None, &apos;size&apos;: 13.29000000000002, &apos;value&apos;: &apos;.&apos;, &apos;children&apos;: [], &apos;features&apos;: {}}, {&apos;type&apos;: &apos;text&apos;, &apos;bbox&apos;: (347.90599999999995, 178.766, 350.67599999999993, 192.056), &apos;color_space&apos;: &apos;DeviceGray&apos;, &apos;ncolor&apos;: None, &apos;size&apos;: 13.29000000000002, &apos;value&apos;: &apos;.&apos;, &apos;children&apos;: [], &apos;features&apos;: {}}, {&apos;type&apos;: &apos;text&apos;, &apos;bbox&apos;: (350.676, 178.766, 353.44599999999997, 192.056), &apos;color_space&apos;: &apos;DeviceGray&apos;, &apos;ncolor&apos;: None, &apos;size&apos;: 13.29000000000002, &apos;value&apos;: &apos;.&apos;, &apos;children&apos;: [], &apos;features&apos;: {}}, {&apos;type&apos;: &apos;text&apos;, &apos;bbox&apos;: (353.44599999999997, 178.766, 356.21599999999995, 192.056), &apos;color_space&apos;: &apos;DeviceGray&apos;, &apos;ncolor&apos;: None, &apos;size&apos;: 13.29000000000002, &apos;value&apos;: &apos;.&apos;, &apos;children&apos;: [], &apos;features&apos;: {}}, {&apos;type&apos;: &apos;text&apos;, &apos;bbox&apos;: (356.21599999999995, 178.766, 358.98599999999993, 192.056), &apos;color_space&apos;: &apos;DeviceGray&apos;, &apos;ncolor&apos;: None, &apos;size&apos;: 13.29000000000002, &apos;value&apos;: &apos;.&apos;, &apos;children&apos;: [], &apos;features&apos;: {}}, {&apos;type&apos;: &apos;text&apos;, &apos;bbox&apos;: (358.986, 178.766, 361.756, 192.056), &apos;color_space&apos;: &apos;DeviceGray&apos;, &apos;ncolor&apos;: None, &apos;size&apos;: 13.29000000000002, &apos;value&apos;: &apos;.&apos;, &apos;children&apos;: [], &apos;features&apos;: {}}, {&apos;type&apos;: &apos;text&apos;, &apos;bbox&apos;: (361.756, 178.766, 364.52599999999995, 192.056), &apos;color_space&apos;: &apos;DeviceGray&apos;, &apos;ncolor&apos;: None, &apos;size&apos;: 13.29000000000002, &apos;value&apos;: &apos;.&apos;, &apos;children&apos;: [], &apos;features&apos;: {}}, {&apos;type&apos;: &apos;text&apos;, &apos;bbox&apos;: (364.52599999999995, 178.766, 367.29599999999994, 192.056), &apos;color_space&apos;: &apos;DeviceGray&apos;, &apos;ncolor&apos;: None, &apos;size&apos;: 13.29000000000002, &apos;value&apos;: &apos;.&apos;, &apos;children&apos;: [], &apos;features&apos;: {}}, {&apos;type&apos;: &apos;text&apos;, &apos;bbox&apos;: (367.29599999999994, 178.766, 370.0659999999999, 192.056), &apos;color_space&apos;: &apos;DeviceGray&apos;, &apos;ncolor&apos;: None, &apos;size&apos;: 13.29000000000002, &apos;value&apos;: &apos;.&apos;, &apos;children&apos;: [], &apos;features&apos;: {}}, {&apos;type&apos;: &apos;text&apos;, &apos;bbox&apos;: (370.066, 178.766, 372.83599999999996, 192.056), &apos;color_space&apos;: &apos;DeviceGray&apos;, &apos;ncolor&apos;: None, &apos;size&apos;: 13.29000000000002, &apos;value&apos;: &apos;.&apos;, &apos;children&apos;: [], &apos;features&apos;: {}}, {&apos;type&apos;: &apos;text&apos;, &apos;bbox&apos;: (372.836, 178.766, 375.606, 192.056), &apos;color_space&apos;: &apos;DeviceGray&apos;, &apos;ncolor&apos;: None, &apos;size&apos;: 13.29000000000002, &apos;value&apos;: &apos;.&apos;, &apos;children&apos;: [], &apos;features&apos;: {}}, {&apos;type&apos;: &apos;text&apos;, &apos;bbox&apos;: (375.606, 178.766, 378.376, 192.056), &apos;color_space&apos;: &apos;DeviceGray&apos;, &apos;ncolor&apos;: None, &apos;size&apos;: 13.29000000000002, &apos;value&apos;: &apos;.&apos;, &apos;children&apos;: [], &apos;features&apos;: {}}, {&apos;type&apos;: &apos;text&apos;, &apos;bbox&apos;: (378.376, 178.766, 381.14599999999996, 192.056), &apos;color_space&apos;: &apos;DeviceGray&apos;, &apos;ncolor&apos;: None, &apos;size&apos;: 13.29000000000002, &apos;value&apos;: &apos;.&apos;, &apos;children&apos;: [], &apos;features&apos;: {}}, {&apos;type&apos;: &apos;text&apos;, &apos;bbox&apos;: (381.146, 178.766, 383.916, 192.056), &apos;color_space&apos;: &apos;DeviceGray&apos;, &apos;ncolor&apos;: None, &apos;size&apos;: 13.29000000000002, &apos;value&apos;: &apos;.&apos;, &apos;children&apos;: [], &apos;features&apos;: {}}, {&apos;type&apos;: &apos;text&apos;, &apos;bbox&apos;: (383.91600000000005, 178.766, 386.68600000000004, 192.056), &apos;color_space&apos;: &apos;DeviceGray&apos;, &apos;ncolor&apos;: None, &apos;size&apos;: 13.29000000000002, &apos;value&apos;: &apos;.&apos;, &apos;children&apos;: [], &apos;features&apos;: {}}, {&apos;type&apos;: &apos;text&apos;, &apos;bbox&apos;: (386.68600000000004, 178.766, 389.456, 192.056), &apos;color_space&apos;: &apos;DeviceGray&apos;, &apos;ncolor&apos;: None, &apos;size&apos;: 13.29000000000002, &apos;value&apos;: &apos;.&apos;, &apos;children&apos;: [], &apos;features&apos;: {}}, {&apos;type&apos;: &apos;text&apos;, &apos;bbox&apos;: (389.456, 178.766, 392.226, 192.056), &apos;color_space&apos;: &apos;DeviceGray&apos;, &apos;ncolor&apos;: None, &apos;size&apos;: 13.29000000000002, &apos;value&apos;: &apos;.&apos;, &apos;children&apos;: [], &apos;features&apos;: {}}, {&apos;type&apos;: &apos;text&apos;, &apos;bbox&apos;: (392.22600000000006, 178.766, 394.99600000000004, 192.056), &apos;color_space&apos;: &apos;DeviceGray&apos;, &apos;ncolor&apos;: None, &apos;size&apos;: 13.29000000000002, &apos;value&apos;: &apos;.&apos;, &apos;children&apos;: [], &apos;features&apos;: {}}, {&apos;type&apos;: &apos;text&apos;, &apos;bbox&apos;: (394.9960000000001, 178.766, 397.7660000000001, 192.056), &apos;color_space&apos;: &apos;DeviceGray&apos;, &apos;ncolor&apos;: None, &apos;size&apos;: 13.29000000000002, &apos;value&apos;: &apos;.&apos;, &apos;children&apos;: [], &apos;features&apos;: {}}, {&apos;type&apos;: &apos;text&apos;, &apos;bbox&apos;: (397.7660000000001, 178.766, 400.53600000000006, 192.056), &apos;color_space&apos;: &apos;DeviceGray&apos;, &apos;ncolor&apos;: None, &apos;size&apos;: 13.29000000000002, &apos;value&apos;: &apos;.&apos;, &apos;children&apos;: [], &apos;features&apos;: {}}, {&apos;type&apos;: &apos;text&apos;, &apos;bbox&apos;: (400.53600000000006, 178.766, 403.30600000000004, 192.056), &apos;color_space&apos;: &apos;DeviceGray&apos;, &apos;ncolor&apos;: None, &apos;size&apos;: 13.29000000000002, &apos;value&apos;: &apos;.&apos;, &apos;children&apos;: [], &apos;features&apos;: {}}, {&apos;type&apos;: &apos;text&apos;, &apos;bbox&apos;: (403.3060000000001, 178.766, 406.0760000000001, 192.056), &apos;color_space&apos;: &apos;DeviceGray&apos;, &apos;ncolor&apos;: None, &apos;size&apos;: 13.29000000000002, &apos;value&apos;: &apos;.&apos;, &apos;children&apos;: [], &apos;features&apos;: {}}, {&apos;type&apos;: &apos;text&apos;, &apos;bbox&apos;: (406.07600000000014, 178.766, 408.8460000000001, 192.056), &apos;color_space&apos;: &apos;DeviceGray&apos;, &apos;ncolor&apos;: None, &apos;size&apos;: 13.29000000000002, &apos;value&apos;: &apos;.&apos;, &apos;children&apos;: [], &apos;features&apos;: {}}, {&apos;type&apos;: &apos;text&apos;, &apos;bbox&apos;: (408.8460000000001, 178.766, 411.6160000000001, 192.056), &apos;color_space&apos;: &apos;DeviceGray&apos;, &apos;ncolor&apos;: None, &apos;size&apos;: 13.29000000000002, &apos;value&apos;: &apos;.&apos;, &apos;children&apos;: [], &apos;features&apos;: {}}, {&apos;type&apos;: &apos;text&apos;, &apos;bbox&apos;: (411.6160000000001, 178.766, 414.3860000000001, 192.056), &apos;color_space&apos;: &apos;DeviceGray&apos;, &apos;ncolor&apos;: None, &apos;size&apos;: 13.29000000000002, &apos;value&apos;: &apos;.&apos;, &apos;children&apos;: [], &apos;features&apos;: {}}, {&apos;type&apos;: &apos;text&apos;, &apos;bbox&apos;: (414.38600000000014, 178.766, 417.1560000000001, 192.056), &apos;color_space&apos;: &apos;DeviceGray&apos;, &apos;ncolor&apos;: None, &apos;size&apos;: 13.29000000000002, &apos;value&apos;: &apos;.&apos;, &apos;children&apos;: [], &apos;features&apos;: {}}, {&apos;type&apos;: &apos;text&apos;, &apos;bbox&apos;: (417.1560000000002, 178.766, 419.92600000000016, 192.056), &apos;color_space&apos;: &apos;DeviceGray&apos;, &apos;ncolor&apos;: None, &apos;size&apos;: 13.29000000000002, &apos;value&apos;: &apos;.&apos;, &apos;children&apos;: [], &apos;features&apos;: {}}, {&apos;type&apos;: &apos;text&apos;, &apos;bbox&apos;: (419.92600000000016, 178.766, 422.69600000000014, 192.056), &apos;color_space&apos;: &apos;DeviceGray&apos;, &apos;ncolor&apos;: None, &apos;size&apos;: 13.29000000000002, &apos;value&apos;: &apos;.&apos;, &apos;children&apos;: [], &apos;features&apos;: {}}, {&apos;type&apos;: &apos;text&apos;, &apos;bbox&apos;: (422.69600000000014, 178.766, 425.4660000000001, 192.056), &apos;color_space&apos;: &apos;DeviceGray&apos;, &apos;ncolor&apos;: None, &apos;size&apos;: 13.29000000000002, &apos;value&apos;: &apos;.&apos;, &apos;children&apos;: [], &apos;features&apos;: {}}, {&apos;type&apos;: &apos;text&apos;, &apos;bbox&apos;: (425.4660000000002, 178.766, 428.23600000000016, 192.056), &apos;color_space&apos;: &apos;DeviceGray&apos;, &apos;ncolor&apos;: None, &apos;size&apos;: 13.29000000000002, &apos;value&apos;: &apos;.&apos;, &apos;children&apos;: [], &apos;features&apos;: {}}, {&apos;type&apos;: &apos;text&apos;, &apos;bbox&apos;: (428.2360000000002, 178.766, 431.0060000000002, 192.056), &apos;color_space&apos;: &apos;DeviceGray&apos;, &apos;ncolor&apos;: None, &apos;size&apos;: 13.29000000000002, &apos;value&apos;: &apos;.&apos;, &apos;children&apos;: [], &apos;features&apos;: {}}, {&apos;type&apos;: &apos;text&apos;, &apos;bbox&apos;: (431.0060000000002, 178.766, 433.7760000000002, 192.056), &apos;color_space&apos;: &apos;DeviceGray&apos;, &apos;ncolor&apos;: None, &apos;size&apos;: 13.29000000000002, &apos;value&apos;: &apos;.&apos;, &apos;children&apos;: [], &apos;features&apos;: {}}, {&apos;type&apos;: &apos;text&apos;, &apos;bbox&apos;: (433.7760000000002, 178.766, 436.54600000000016, 192.056), &apos;color_space&apos;: &apos;DeviceGray&apos;, &apos;ncolor&apos;: None, &apos;size&apos;: 13.29000000000002, &apos;value&apos;: &apos;.&apos;, &apos;children&apos;: [], &apos;features&apos;: {}}, {&apos;type&apos;: &apos;text&apos;, &apos;bbox&apos;: (436.5460000000002, 178.766, 439.3160000000002, 192.056), &apos;color_space&apos;: &apos;DeviceGray&apos;, &apos;ncolor&apos;: None, &apos;size&apos;: 13.29000000000002, &apos;value&apos;: &apos;.&apos;, &apos;children&apos;: [], &apos;features&apos;: {}}, {&apos;type&apos;: &apos;text&apos;, &apos;bbox&apos;: (439.31600000000026, 178.766, 442.08600000000024, 192.056), &apos;color_space&apos;: &apos;DeviceGray&apos;, &apos;ncolor&apos;: None, &apos;size&apos;: 13.29000000000002, &apos;value&apos;: &apos;.&apos;, &apos;children&apos;: [], &apos;features&apos;: {}}, {&apos;type&apos;: &apos;text&apos;, &apos;bbox&apos;: (442.08600000000024, 178.766, 444.8560000000002, 192.056), &apos;color_space&apos;: &apos;DeviceGray&apos;, &apos;ncolor&apos;: None, &apos;size&apos;: 13.29000000000002, &apos;value&apos;: &apos;.&apos;, &apos;children&apos;: [], &apos;features&apos;: {}}, {&apos;type&apos;: &apos;text&apos;, &apos;bbox&apos;: (444.8560000000002, 178.766, 447.6260000000002, 192.056), &apos;color_space&apos;: &apos;DeviceGray&apos;, &apos;ncolor&apos;: None, &apos;size&apos;: 13.29000000000002, &apos;value&apos;: &apos;.&apos;, &apos;children&apos;: [], &apos;features&apos;: {}}, {&apos;type&apos;: &apos;text&apos;, &apos;bbox&apos;: (447.62600000000026, 178.766, 450.39600000000024, 192.056), &apos;color_space&apos;: &apos;DeviceGray&apos;, &apos;ncolor&apos;: None, &apos;size&apos;: 13.29000000000002, &apos;value&apos;: &apos;.&apos;, &apos;children&apos;: [], &apos;features&apos;: {}}, {&apos;type&apos;: &apos;text&apos;, &apos;bbox&apos;: (450.3960000000003, 178.766, 453.1660000000003, 192.056), &apos;color_space&apos;: &apos;DeviceGray&apos;, &apos;ncolor&apos;: None, &apos;size&apos;: 13.29000000000002, &apos;value&apos;: &apos;.&apos;, &apos;children&apos;: [], &apos;features&apos;: {}}, {&apos;type&apos;: &apos;text&apos;, &apos;bbox&apos;: (453.1660000000003, 178.766, 455.93600000000026, 192.056), &apos;color_space&apos;: &apos;DeviceGray&apos;, &apos;ncolor&apos;: None, &apos;size&apos;: 13.29000000000002, &apos;value&apos;: &apos;.&apos;, &apos;children&apos;: [], &apos;features&apos;: {}}, {&apos;type&apos;: &apos;text&apos;, &apos;bbox&apos;: (455.93600000000026, 178.766, 458.70600000000024, 192.056), &apos;color_space&apos;: &apos;DeviceGray&apos;, &apos;ncolor&apos;: None, &apos;size&apos;: 13.29000000000002, &apos;value&apos;: &apos;.&apos;, &apos;children&apos;: [], &apos;features&apos;: {}}, {&apos;type&apos;: &apos;text&apos;, &apos;bbox&apos;: (458.7060000000003, 178.766, 461.4760000000003, 192.056), &apos;color_space&apos;: &apos;DeviceGray&apos;, &apos;ncolor&apos;: None, &apos;size&apos;: 13.29000000000002, &apos;value&apos;: &apos;.&apos;, &apos;children&apos;: [], &apos;features&apos;: {}}, {&apos;type&apos;: &apos;text&apos;, &apos;bbox&apos;: (461.47600000000034, 178.766, 464.2460000000003, 192.056), &apos;color_space&apos;: &apos;DeviceGray&apos;, &apos;ncolor&apos;: None, &apos;size&apos;: 13.29000000000002, &apos;value&apos;: &apos;.&apos;, &apos;children&apos;: [], &apos;features&apos;: {}}, {&apos;type&apos;: &apos;text&apos;, &apos;bbox&apos;: (464.2460000000003, 178.766, 467.0160000000003, 192.056), &apos;color_space&apos;: &apos;DeviceGray&apos;, &apos;ncolor&apos;: None, &apos;size&apos;: 13.29000000000002, &apos;value&apos;: &apos;.&apos;, &apos;children&apos;: [], &apos;features&apos;: {}}, {&apos;type&apos;: &apos;text&apos;, &apos;bbox&apos;: (467.0160000000003, 178.766, 469.7860000000003, 192.056), &apos;color_space&apos;: &apos;DeviceGray&apos;, &apos;ncolor&apos;: None, &apos;size&apos;: 13.29000000000002, &apos;value&apos;: &apos;.&apos;, &apos;children&apos;: [], &apos;features&apos;: {}}, {&apos;type&apos;: &apos;text&apos;, &apos;bbox&apos;: (469.78600000000034, 178.766, 472.5560000000003, 192.056), &apos;color_space&apos;: &apos;DeviceGray&apos;, &apos;ncolor&apos;: None, &apos;size&apos;: 13.29000000000002, &apos;value&apos;: &apos;.&apos;, &apos;children&apos;: [], &apos;features&apos;: {}}, {&apos;type&apos;: &apos;text&apos;, &apos;bbox&apos;: (472.5560000000004, 178.766, 475.32600000000036, 192.056), &apos;color_space&apos;: &apos;DeviceGray&apos;, &apos;ncolor&apos;: None, &apos;size&apos;: 13.29000000000002, &apos;value&apos;: &apos;.&apos;, &apos;children&apos;: [], &apos;features&apos;: {}}, {&apos;type&apos;: &apos;text&apos;, &apos;bbox&apos;: (475.32600000000036, 178.766, 478.09600000000034, 192.056), &apos;color_space&apos;: &apos;DeviceGray&apos;, &apos;ncolor&apos;: None, &apos;size&apos;: 13.29000000000002, &apos;value&apos;: &apos;.&apos;, &apos;children&apos;: [], &apos;features&apos;: {}}, {&apos;type&apos;: &apos;text&apos;, &apos;bbox&apos;: (478.09600000000034, 178.766, 480.8660000000003, 192.056), &apos;color_space&apos;: &apos;DeviceGray&apos;, &apos;ncolor&apos;: None, &apos;size&apos;: 13.29000000000002, &apos;value&apos;: &apos;.&apos;, &apos;children&apos;: [], &apos;features&apos;: {}}, {&apos;type&apos;: &apos;text&apos;, &apos;bbox&apos;: (480.8660000000004, 178.766, 483.63600000000037, 192.056), &apos;color_space&apos;: &apos;DeviceGray&apos;, &apos;ncolor&apos;: None, &apos;size&apos;: 13.29000000000002, &apos;value&apos;: &apos;.&apos;, &apos;children&apos;: [], &apos;features&apos;: {}}, {&apos;type&apos;: &apos;text&apos;, &apos;bbox&apos;: (483.6360000000004, 178.766, 486.4060000000004, 192.056), &apos;color_space&apos;: &apos;DeviceGray&apos;, &apos;ncolor&apos;: None, &apos;size&apos;: 13.29000000000002, &apos;value&apos;: &apos;.&apos;, &apos;children&apos;: [], &apos;features&apos;: {}}, {&apos;type&apos;: &apos;text&apos;, &apos;bbox&apos;: (486.4060000000004, 178.766, 489.1760000000004, 192.056), &apos;color_space&apos;: &apos;DeviceGray&apos;, &apos;ncolor&apos;: None, &apos;size&apos;: 13.29000000000002, &apos;value&apos;: &apos;.&apos;, &apos;children&apos;: [], &apos;features&apos;: {}}, {&apos;type&apos;: &apos;text&apos;, &apos;bbox&apos;: (489.1760000000004, 178.766, 491.94600000000037, 192.056), &apos;color_space&apos;: &apos;DeviceGray&apos;, &apos;ncolor&apos;: None, &apos;size&apos;: 13.29000000000002, &apos;value&apos;: &apos;.&apos;, &apos;children&apos;: [], &apos;features&apos;: {}}, {&apos;type&apos;: &apos;text&apos;, &apos;bbox&apos;: (491.9460000000004, 178.766, 494.7160000000004, 192.056), &apos;color_space&apos;: &apos;DeviceGray&apos;, &apos;ncolor&apos;: None, &apos;size&apos;: 13.29000000000002, &apos;value&apos;: &apos;.&apos;, &apos;children&apos;: [], &apos;features&apos;: {}}, {&apos;type&apos;: &apos;text&apos;, &apos;bbox&apos;: (494.7160000000004, 178.766, 497.4860000000004, 192.056), &apos;color_space&apos;: &apos;DeviceGray&apos;, &apos;ncolor&apos;: None, &apos;size&apos;: 13.29000000000002, &apos;value&apos;: &apos;.&apos;, &apos;children&apos;: [], &apos;features&apos;: {}}, {&apos;type&apos;: &apos;text&apos;, &apos;bbox&apos;: (497.4860000000004, 178.766, 500.25600000000037, 192.056), &apos;color_space&apos;: &apos;DeviceGray&apos;, &apos;ncolor&apos;: None, &apos;size&apos;: 13.29000000000002, &apos;value&apos;: &apos;.&apos;, &apos;children&apos;: [], &apos;features&apos;: {}}, {&apos;type&apos;: &apos;text&apos;, &apos;bbox&apos;: (500.25600000000037, 178.766, 503.02600000000035, 192.056), &apos;color_space&apos;: &apos;DeviceGray&apos;, &apos;ncolor&apos;: None, &apos;size&apos;: 13.29000000000002, &apos;value&apos;: &apos;.&apos;, &apos;children&apos;: [], &apos;features&apos;: {}}, {&apos;type&apos;: &apos;text&apos;, &apos;bbox&apos;: (503.02600000000035, 178.766, 505.79600000000033, 192.056), &apos;color_space&apos;: &apos;DeviceGray&apos;, &apos;ncolor&apos;: None, &apos;size&apos;: 13.29000000000002, &apos;value&apos;: &apos;.&apos;, &apos;children&apos;: [], &apos;features&apos;: {}}, {&apos;type&apos;: &apos;text&apos;, &apos;bbox&apos;: (505.79600000000033, 178.766, 508.5660000000003, 192.056), &apos;color_space&apos;: &apos;DeviceGray&apos;, &apos;ncolor&apos;: None, &apos;size&apos;: 13.29000000000002, &apos;value&apos;: &apos;.&apos;, &apos;children&apos;: [], &apos;features&apos;: {}}, {&apos;type&apos;: &apos;text&apos;, &apos;bbox&apos;: (508.5660000000003, 178.766, 511.3360000000003, 192.056), &apos;color_space&apos;: &apos;DeviceGray&apos;, &apos;ncolor&apos;: None, &apos;size&apos;: 13.29000000000002, &apos;value&apos;: &apos;.&apos;, &apos;children&apos;: [], &apos;features&apos;: {}}, {&apos;type&apos;: &apos;text&apos;, &apos;bbox&apos;: (514.425, 178.766, 519.9849999999999, 192.056), &apos;color_space&apos;: &apos;DeviceGray&apos;, &apos;ncolor&apos;: None, &apos;size&apos;: 13.29000000000002, &apos;value&apos;: &apos;2&apos;, &apos;children&apos;: [], &apos;features&apos;: {}}, {&apos;type&apos;: &apos;text&apos;, &apos;bbox&apos;: (519.9849999999999, 178.766, 523.3149999999999, 192.056), &apos;color_space&apos;: &apos;DeviceGray&apos;, &apos;ncolor&apos;: None, &apos;size&apos;: 13.29000000000002, &apos;value&apos;: &apos;-&apos;, &apos;children&apos;: [], &apos;features&apos;: {}}, {&apos;type&apos;: &apos;text&apos;, &apos;bbox&apos;: (523.315, 178.766, 528.875, 192.056), &apos;color_space&apos;: &apos;DeviceGray&apos;, &apos;ncolor&apos;: None, &apos;size&apos;: 13.29000000000002, &apos;value&apos;: &apos;1&apos;, &apos;children&apos;: [], &apos;features&apos;: {}}, {&apos;type&apos;: &apos;text&apos;, &apos;bbox&apos;: (528.875, 178.766, 534.435, 192.056), &apos;color_space&apos;: &apos;DeviceGray&apos;, &apos;ncolor&apos;: None, &apos;size&apos;: 13.29000000000002, &apos;value&apos;: &apos;4&apos;, &apos;children&apos;: [], &apos;features&apos;: {}}, {&apos;type&apos;: &apos;text&apos;, &apos;bbox&apos;: (534.4350000000001, 178.766, 539.995, 192.056), &apos;color_space&apos;: &apos;DeviceGray&apos;, &apos;ncolor&apos;: None, &apos;size&apos;: 13.29000000000002, &apos;value&apos;: &apos;8&apos;, &apos;children&apos;: [], &apos;features&apos;: {}}], &apos;features&apos;: {}}
*********************





--------------------------------- CONTENT AREA --------------------------------- 
This content area has an image
{&apos;type&apos;: &apos;figure&apos;, &apos;bbox&apos;: (0, 0, 612.0, 792.0), &apos;name&apos;: &apos;fx13&apos;, &apos;children&apos;: [{&apos;type&apos;: &apos;text&apos;, &apos;bbox&apos;: (114.0, 162.54399999999998, 119.57, 176.024), &apos;color_space&apos;: &apos;DeviceGray&apos;, &apos;ncolor&apos;: None, &apos;size&apos;: 13.480000000000018, &apos;value&apos;: &apos;F&apos;, &apos;children&apos;: [], &apos;features&apos;: {}}, {&apos;type&apos;: &apos;text&apos;, &apos;bbox&apos;: (119.57, 162.54399999999998, 125.66999999999999, 176.024), &apos;color_space&apos;: &apos;DeviceGray&apos;, &apos;ncolor&apos;: None, &apos;size&apos;: 13.480000000000018, &apos;value&apos;: &apos;S&apos;, &apos;children&apos;: [], &apos;features&apos;: {}}, {&apos;type&apos;: &apos;text&apos;, &apos;bbox&apos;: (125.67, 162.54399999999998, 129.56, 176.024), &apos;color_space&apos;: &apos;DeviceGray&apos;, &apos;ncolor&apos;: None, &apos;size&apos;: 13.480000000000018, &apos;value&apos;: &apos;I&apos;, &apos;children&apos;: [], &apos;features&apos;: {}}, {&apos;type&apos;: &apos;text&apos;, &apos;bbox&apos;: (129.56, 162.54399999999998, 134.56, 176.024), &apos;color_space&apos;: &apos;DeviceGray&apos;, &apos;ncolor&apos;: None, &apos;size&apos;: 13.480000000000018, &apos;value&apos;: &apos;_&apos;, &apos;children&apos;: [], &apos;features&apos;: {}}, {&apos;type&apos;: &apos;text&apos;, &apos;bbox&apos;: (134.56, 162.54399999999998, 142.87, 176.024), &apos;color_space&apos;: &apos;DeviceGray&apos;, &apos;ncolor&apos;: None, &apos;size&apos;: 13.480000000000018, &apos;value&apos;: &apos;D&apos;, &apos;children&apos;: [], &apos;features&apos;: {}}, {&apos;type&apos;: &apos;text&apos;, &apos;bbox&apos;: (142.87, 162.54399999999998, 147.87, 176.024), &apos;color_space&apos;: &apos;DeviceGray&apos;, &apos;ncolor&apos;: None, &apos;size&apos;: 13.480000000000018, &apos;value&apos;: &apos;_&apos;, &apos;children&apos;: [], &apos;features&apos;: {}}, {&apos;type&apos;: &apos;text&apos;, &apos;bbox&apos;: (147.87, 162.54399999999998, 154.47, 176.024), &apos;color_space&apos;: &apos;DeviceGray&apos;, &apos;ncolor&apos;: None, &apos;size&apos;: 13.480000000000018, &apos;value&apos;: &apos;B&apos;, &apos;children&apos;: [], &apos;features&apos;: {}}, {&apos;type&apos;: &apos;text&apos;, &apos;bbox&apos;: (154.47, 162.54399999999998, 162.8, 176.024), &apos;color_space&apos;: &apos;DeviceGray&apos;, &apos;ncolor&apos;: None, &apos;size&apos;: 13.480000000000018, &apos;value&apos;: &apos;O&apos;, &apos;children&apos;: [], &apos;features&apos;: {}}, {&apos;type&apos;: &apos;text&apos;, &apos;bbox&apos;: (162.8, 162.54399999999998, 169.93, 176.024), &apos;color_space&apos;: &apos;DeviceGray&apos;, &apos;ncolor&apos;: None, &apos;size&apos;: 13.480000000000018, &apos;value&apos;: &apos;R&apos;, &apos;children&apos;: [], &apos;features&apos;: {}}, {&apos;type&apos;: &apos;text&apos;, &apos;bbox&apos;: (169.93, 162.54399999999998, 177.06, 176.024), &apos;color_space&apos;: &apos;DeviceGray&apos;, &apos;ncolor&apos;: None, &apos;size&apos;: 13.480000000000018, &apos;value&apos;: &apos;R&apos;, &apos;children&apos;: [], &apos;features&apos;: {}}, {&apos;type&apos;: &apos;text&apos;, &apos;bbox&apos;: (177.06, 162.54399999999998, 185.39000000000001, 176.024), &apos;color_space&apos;: &apos;DeviceGray&apos;, &apos;ncolor&apos;: None, &apos;size&apos;: 13.480000000000018, &apos;value&apos;: &apos;O&apos;, &apos;children&apos;: [], &apos;features&apos;: {}}, {&apos;type&apos;: &apos;text&apos;, &apos;bbox&apos;: (185.39000000000001, 162.54399999999998, 195.39000000000001, 176.024), &apos;color_space&apos;: &apos;DeviceGray&apos;, &apos;ncolor&apos;: None, &apos;size&apos;: 13.480000000000018, &apos;value&apos;: &apos;W&apos;, &apos;children&apos;: [], &apos;features&apos;: {}}, {&apos;type&apos;: &apos;text&apos;, &apos;bbox&apos;: (195.39000000000001, 162.54399999999998, 199.28, 176.024), &apos;color_space&apos;: &apos;DeviceGray&apos;, &apos;ncolor&apos;: None, &apos;size&apos;: 13.480000000000018, &apos;value&apos;: &apos;I&apos;, &apos;children&apos;: [], &apos;features&apos;: {}}, {&apos;type&apos;: &apos;text&apos;, &apos;bbox&apos;: (199.28000000000003, 162.54399999999998, 207.61000000000004, 176.024), &apos;color_space&apos;: &apos;DeviceGray&apos;, &apos;ncolor&apos;: None, &apos;size&apos;: 13.480000000000018, &apos;value&apos;: &apos;N&apos;, &apos;children&apos;: [], &apos;features&apos;: {}}, {&apos;type&apos;: &apos;text&apos;, &apos;bbox&apos;: (207.61, 162.54399999999998, 215.94000000000003, 176.024), &apos;color_space&apos;: &apos;DeviceGray&apos;, &apos;ncolor&apos;: None, &apos;size&apos;: 13.480000000000018, &apos;value&apos;: &apos;G&apos;, &apos;children&apos;: [], &apos;features&apos;: {}}, {&apos;type&apos;: &apos;text&apos;, &apos;bbox&apos;: (215.94, 162.54399999999998, 222.04, 176.024), &apos;color_space&apos;: &apos;DeviceGray&apos;, &apos;ncolor&apos;: None, &apos;size&apos;: 13.480000000000018, &apos;value&apos;: &apos;S&apos;, &apos;children&apos;: [], &apos;features&apos;: {}}, {&apos;type&apos;: &apos;text&apos;, &apos;bbox&apos;: (222.09, 163.27499999999998, 224.86, 176.565), &apos;color_space&apos;: &apos;DeviceGray&apos;, &apos;ncolor&apos;: None, &apos;size&apos;: 13.29000000000002, &apos;value&apos;: &apos;.&apos;, &apos;children&apos;: [], &apos;features&apos;: {}}, {&apos;type&apos;: &apos;text&apos;, &apos;bbox&apos;: (224.86, 163.27499999999998, 227.63000000000002, 176.565), &apos;color_space&apos;: &apos;DeviceGray&apos;, &apos;ncolor&apos;: None, &apos;size&apos;: 13.29000000000002, &apos;value&apos;: &apos;.&apos;, &apos;children&apos;: [], &apos;features&apos;: {}}, {&apos;type&apos;: &apos;text&apos;, &apos;bbox&apos;: (227.63, 163.27499999999998, 230.4, 176.565), &apos;color_space&apos;: &apos;DeviceGray&apos;, &apos;ncolor&apos;: None, &apos;size&apos;: 13.29000000000002, &apos;value&apos;: &apos;.&apos;, &apos;children&apos;: [], &apos;features&apos;: {}}, {&apos;type&apos;: &apos;text&apos;, &apos;bbox&apos;: (230.4, 163.27499999999998, 233.17000000000002, 176.565), &apos;color_space&apos;: &apos;DeviceGray&apos;, &apos;ncolor&apos;: None, &apos;size&apos;: 13.29000000000002, &apos;value&apos;: &apos;.&apos;, &apos;children&apos;: [], &apos;features&apos;: {}}, {&apos;type&apos;: &apos;text&apos;, &apos;bbox&apos;: (233.17000000000002, 163.27499999999998, 235.94000000000003, 176.565), &apos;color_space&apos;: &apos;DeviceGray&apos;, &apos;ncolor&apos;: None, &apos;size&apos;: 13.29000000000002, &apos;value&apos;: &apos;.&apos;, &apos;children&apos;: [], &apos;features&apos;: {}}, {&apos;type&apos;: &apos;text&apos;, &apos;bbox&apos;: (235.94, 163.27499999999998, 238.71, 176.565), &apos;color_space&apos;: &apos;DeviceGray&apos;, &apos;ncolor&apos;: None, &apos;size&apos;: 13.29000000000002, &apos;value&apos;: &apos;.&apos;, &apos;children&apos;: [], &apos;features&apos;: {}}, {&apos;type&apos;: &apos;text&apos;, &apos;bbox&apos;: (238.71, 163.27499999999998, 241.48000000000002, 176.565), &apos;color_space&apos;: &apos;DeviceGray&apos;, &apos;ncolor&apos;: None, &apos;size&apos;: 13.29000000000002, &apos;value&apos;: &apos;.&apos;, &apos;children&apos;: [], &apos;features&apos;: {}}, {&apos;type&apos;: &apos;text&apos;, &apos;bbox&apos;: (241.48000000000002, 163.27499999999998, 244.25000000000003, 176.565), &apos;color_space&apos;: &apos;DeviceGray&apos;, &apos;ncolor&apos;: None, &apos;size&apos;: 13.29000000000002, &apos;value&apos;: &apos;.&apos;, &apos;children&apos;: [], &apos;features&apos;: {}}, {&apos;type&apos;: &apos;text&apos;, &apos;bbox&apos;: (244.25, 163.27499999999998, 247.02, 176.565), &apos;color_space&apos;: &apos;DeviceGray&apos;, &apos;ncolor&apos;: None, &apos;size&apos;: 13.29000000000002, &apos;value&apos;: &apos;.&apos;, &apos;children&apos;: [], &apos;features&apos;: {}}, {&apos;type&apos;: &apos;text&apos;, &apos;bbox&apos;: (247.02, 163.27499999999998, 249.79000000000002, 176.565), &apos;color_space&apos;: &apos;DeviceGray&apos;, &apos;ncolor&apos;: None, &apos;size&apos;: 13.29000000000002, &apos;value&apos;: &apos;.&apos;, &apos;children&apos;: [], &apos;features&apos;: {}}, {&apos;type&apos;: &apos;text&apos;, &apos;bbox&apos;: (249.79, 163.27499999999998, 252.56, 176.565), &apos;color_space&apos;: &apos;DeviceGray&apos;, &apos;ncolor&apos;: None, &apos;size&apos;: 13.29000000000002, &apos;value&apos;: &apos;.&apos;, &apos;children&apos;: [], &apos;features&apos;: {}}, {&apos;type&apos;: &apos;text&apos;, &apos;bbox&apos;: (252.56, 163.27499999999998, 255.33, 176.565), &apos;color_space&apos;: &apos;DeviceGray&apos;, &apos;ncolor&apos;: None, &apos;size&apos;: 13.29000000000002, &apos;value&apos;: &apos;.&apos;, &apos;children&apos;: [], &apos;features&apos;: {}}, {&apos;type&apos;: &apos;text&apos;, &apos;bbox&apos;: (255.33, 163.27499999999998, 258.1, 176.565), &apos;color_space&apos;: &apos;DeviceGray&apos;, &apos;ncolor&apos;: None, &apos;size&apos;: 13.29000000000002, &apos;value&apos;: &apos;.&apos;, &apos;children&apos;: [], &apos;features&apos;: {}}, {&apos;type&apos;: &apos;text&apos;, &apos;bbox&apos;: (258.1, 163.27499999999998, 260.87, 176.565), &apos;color_space&apos;: &apos;DeviceGray&apos;, &apos;ncolor&apos;: None, &apos;size&apos;: 13.29000000000002, &apos;value&apos;: &apos;.&apos;, &apos;children&apos;: [], &apos;features&apos;: {}}, {&apos;type&apos;: &apos;text&apos;, &apos;bbox&apos;: (260.87, 163.27499999999998, 263.64, 176.565), &apos;color_space&apos;: &apos;DeviceGray&apos;, &apos;ncolor&apos;: None, &apos;size&apos;: 13.29000000000002, &apos;value&apos;: &apos;.&apos;, &apos;children&apos;: [], &apos;features&apos;: {}}, {&apos;type&apos;: &apos;text&apos;, &apos;bbox&apos;: (263.64, 163.27499999999998, 266.40999999999997, 176.565), &apos;color_space&apos;: &apos;DeviceGray&apos;, &apos;ncolor&apos;: None, &apos;size&apos;: 13.29000000000002, &apos;value&apos;: &apos;.&apos;, &apos;children&apos;: [], &apos;features&apos;: {}}, {&apos;type&apos;: &apos;text&apos;, &apos;bbox&apos;: (266.41, 163.27499999999998, 269.18, 176.565), &apos;color_space&apos;: &apos;DeviceGray&apos;, &apos;ncolor&apos;: None, &apos;size&apos;: 13.29000000000002, &apos;value&apos;: &apos;.&apos;, &apos;children&apos;: [], &apos;features&apos;: {}}, {&apos;type&apos;: &apos;text&apos;, &apos;bbox&apos;: (269.18, 163.27499999999998, 271.95, 176.565), &apos;color_space&apos;: &apos;DeviceGray&apos;, &apos;ncolor&apos;: None, &apos;size&apos;: 13.29000000000002, &apos;value&apos;: &apos;.&apos;, &apos;children&apos;: [], &apos;features&apos;: {}}, {&apos;type&apos;: &apos;text&apos;, &apos;bbox&apos;: (271.95000000000005, 163.27499999999998, 274.72, 176.565), &apos;color_space&apos;: &apos;DeviceGray&apos;, &apos;ncolor&apos;: None, &apos;size&apos;: 13.29000000000002, &apos;value&apos;: &apos;.&apos;, &apos;children&apos;: [], &apos;features&apos;: {}}, {&apos;type&apos;: &apos;text&apos;, &apos;bbox&apos;: (274.72, 163.27499999999998, 277.49, 176.565), &apos;color_space&apos;: &apos;DeviceGray&apos;, &apos;ncolor&apos;: None, &apos;size&apos;: 13.29000000000002, &apos;value&apos;: &apos;.&apos;, &apos;children&apos;: [], &apos;features&apos;: {}}, {&apos;type&apos;: &apos;text&apos;, &apos;bbox&apos;: (277.49, 163.27499999999998, 280.26, 176.565), &apos;color_space&apos;: &apos;DeviceGray&apos;, &apos;ncolor&apos;: None, &apos;size&apos;: 13.29000000000002, &apos;value&apos;: &apos;.&apos;, &apos;children&apos;: [], &apos;features&apos;: {}}, {&apos;type&apos;: &apos;text&apos;, &apos;bbox&apos;: (280.26000000000005, 163.27499999999998, 283.03000000000003, 176.565), &apos;color_space&apos;: &apos;DeviceGray&apos;, &apos;ncolor&apos;: None, &apos;size&apos;: 13.29000000000002, &apos;value&apos;: &apos;.&apos;, &apos;children&apos;: [], &apos;features&apos;: {}}, {&apos;type&apos;: &apos;text&apos;, &apos;bbox&apos;: (283.03000000000003, 163.27499999999998, 285.8, 176.565), &apos;color_space&apos;: &apos;DeviceGray&apos;, &apos;ncolor&apos;: None, &apos;size&apos;: 13.29000000000002, &apos;value&apos;: &apos;.&apos;, &apos;children&apos;: [], &apos;features&apos;: {}}, {&apos;type&apos;: &apos;text&apos;, &apos;bbox&apos;: (285.80000000000007, 163.27499999999998, 288.57000000000005, 176.565), &apos;color_space&apos;: &apos;DeviceGray&apos;, &apos;ncolor&apos;: None, &apos;size&apos;: 13.29000000000002, &apos;value&apos;: &apos;.&apos;, &apos;children&apos;: [], &apos;features&apos;: {}}, {&apos;type&apos;: &apos;text&apos;, &apos;bbox&apos;: (288.57000000000005, 163.27499999999998, 291.34000000000003, 176.565), &apos;color_space&apos;: &apos;DeviceGray&apos;, &apos;ncolor&apos;: None, &apos;size&apos;: 13.29000000000002, &apos;value&apos;: &apos;.&apos;, &apos;children&apos;: [], &apos;features&apos;: {}}, {&apos;type&apos;: &apos;text&apos;, &apos;bbox&apos;: (291.34000000000003, 163.27499999999998, 294.11, 176.565), &apos;color_space&apos;: &apos;DeviceGray&apos;, &apos;ncolor&apos;: None, &apos;size&apos;: 13.29000000000002, &apos;value&apos;: &apos;.&apos;, &apos;children&apos;: [], &apos;features&apos;: {}}, {&apos;type&apos;: &apos;text&apos;, &apos;bbox&apos;: (294.11, 163.27499999999998, 296.88, 176.565), &apos;color_space&apos;: &apos;DeviceGray&apos;, &apos;ncolor&apos;: None, &apos;size&apos;: 13.29000000000002, &apos;value&apos;: &apos;.&apos;, &apos;children&apos;: [], &apos;features&apos;: {}}, {&apos;type&apos;: &apos;text&apos;, &apos;bbox&apos;: (296.88, 163.27499999999998, 299.65, 176.565), &apos;color_space&apos;: &apos;DeviceGray&apos;, &apos;ncolor&apos;: None, &apos;size&apos;: 13.29000000000002, &apos;value&apos;: &apos;.&apos;, &apos;children&apos;: [], &apos;features&apos;: {}}, {&apos;type&apos;: &apos;text&apos;, &apos;bbox&apos;: (299.65000000000003, 163.27499999999998, 302.42, 176.565), &apos;color_space&apos;: &apos;DeviceGray&apos;, &apos;ncolor&apos;: None, &apos;size&apos;: 13.29000000000002, &apos;value&apos;: &apos;.&apos;, &apos;children&apos;: [], &apos;features&apos;: {}}, {&apos;type&apos;: &apos;text&apos;, &apos;bbox&apos;: (302.42, 163.27499999999998, 305.19, 176.565), &apos;color_space&apos;: &apos;DeviceGray&apos;, &apos;ncolor&apos;: None, &apos;size&apos;: 13.29000000000002, &apos;value&apos;: &apos;.&apos;, &apos;children&apos;: [], &apos;features&apos;: {}}, {&apos;type&apos;: &apos;text&apos;, &apos;bbox&apos;: (305.19, 163.27499999999998, 307.96, 176.565), &apos;color_space&apos;: &apos;DeviceGray&apos;, &apos;ncolor&apos;: None, &apos;size&apos;: 13.29000000000002, &apos;value&apos;: &apos;.&apos;, &apos;children&apos;: [], &apos;features&apos;: {}}, {&apos;type&apos;: &apos;text&apos;, &apos;bbox&apos;: (307.96000000000004, 163.27499999999998, 310.73, 176.565), &apos;color_space&apos;: &apos;DeviceGray&apos;, &apos;ncolor&apos;: None, &apos;size&apos;: 13.29000000000002, &apos;value&apos;: &apos;.&apos;, &apos;children&apos;: [], &apos;features&apos;: {}}, {&apos;type&apos;: &apos;text&apos;, &apos;bbox&apos;: (310.73, 163.27499999999998, 313.5, 176.565), &apos;color_space&apos;: &apos;DeviceGray&apos;, &apos;ncolor&apos;: None, &apos;size&apos;: 13.29000000000002, &apos;value&apos;: &apos;.&apos;, &apos;children&apos;: [], &apos;features&apos;: {}}, {&apos;type&apos;: &apos;text&apos;, &apos;bbox&apos;: (313.5, 163.27499999999998, 316.27, 176.565), &apos;color_space&apos;: &apos;DeviceGray&apos;, &apos;ncolor&apos;: None, &apos;size&apos;: 13.29000000000002, &apos;value&apos;: &apos;.&apos;, &apos;children&apos;: [], &apos;features&apos;: {}}, {&apos;type&apos;: &apos;text&apos;, &apos;bbox&apos;: (316.27, 163.27499999999998, 319.03999999999996, 176.565), &apos;color_space&apos;: &apos;DeviceGray&apos;, &apos;ncolor&apos;: None, &apos;size&apos;: 13.29000000000002, &apos;value&apos;: &apos;.&apos;, &apos;children&apos;: [], &apos;features&apos;: {}}, {&apos;type&apos;: &apos;text&apos;, &apos;bbox&apos;: (319.03999999999996, 163.27499999999998, 321.80999999999995, 176.565), &apos;color_space&apos;: &apos;DeviceGray&apos;, &apos;ncolor&apos;: None, &apos;size&apos;: 13.29000000000002, &apos;value&apos;: &apos;.&apos;, &apos;children&apos;: [], &apos;features&apos;: {}}, {&apos;type&apos;: &apos;text&apos;, &apos;bbox&apos;: (321.81, 163.27499999999998, 324.58, 176.565), &apos;color_space&apos;: &apos;DeviceGray&apos;, &apos;ncolor&apos;: None, &apos;size&apos;: 13.29000000000002, &apos;value&apos;: &apos;.&apos;, &apos;children&apos;: [], &apos;features&apos;: {}}, {&apos;type&apos;: &apos;text&apos;, &apos;bbox&apos;: (324.58, 163.27499999999998, 327.34999999999997, 176.565), &apos;color_space&apos;: &apos;DeviceGray&apos;, &apos;ncolor&apos;: None, &apos;size&apos;: 13.29000000000002, &apos;value&apos;: &apos;.&apos;, &apos;children&apos;: [], &apos;features&apos;: {}}, {&apos;type&apos;: &apos;text&apos;, &apos;bbox&apos;: (327.34999999999997, 163.27499999999998, 330.11999999999995, 176.565), &apos;color_space&apos;: &apos;DeviceGray&apos;, &apos;ncolor&apos;: None, &apos;size&apos;: 13.29000000000002, &apos;value&apos;: &apos;.&apos;, &apos;children&apos;: [], &apos;features&apos;: {}}, {&apos;type&apos;: &apos;text&apos;, &apos;bbox&apos;: (330.12, 163.27499999999998, 332.89, 176.565), &apos;color_space&apos;: &apos;DeviceGray&apos;, &apos;ncolor&apos;: None, &apos;size&apos;: 13.29000000000002, &apos;value&apos;: &apos;.&apos;, &apos;children&apos;: [], &apos;features&apos;: {}}, {&apos;type&apos;: &apos;text&apos;, &apos;bbox&apos;: (332.89, 163.27499999999998, 335.65999999999997, 176.565), &apos;color_space&apos;: &apos;DeviceGray&apos;, &apos;ncolor&apos;: None, &apos;size&apos;: 13.29000000000002, &apos;value&apos;: &apos;.&apos;, &apos;children&apos;: [], &apos;features&apos;: {}}, {&apos;type&apos;: &apos;text&apos;, &apos;bbox&apos;: (335.65999999999997, 163.27499999999998, 338.42999999999995, 176.565), &apos;color_space&apos;: &apos;DeviceGray&apos;, &apos;ncolor&apos;: None, &apos;size&apos;: 13.29000000000002, &apos;value&apos;: &apos;.&apos;, &apos;children&apos;: [], &apos;features&apos;: {}}, {&apos;type&apos;: &apos;text&apos;, &apos;bbox&apos;: (338.42999999999995, 163.27499999999998, 341.19999999999993, 176.565), &apos;color_space&apos;: &apos;DeviceGray&apos;, &apos;ncolor&apos;: None, &apos;size&apos;: 13.29000000000002, &apos;value&apos;: &apos;.&apos;, &apos;children&apos;: [], &apos;features&apos;: {}}, {&apos;type&apos;: &apos;text&apos;, &apos;bbox&apos;: (341.19999999999993, 163.27499999999998, 343.9699999999999, 176.565), &apos;color_space&apos;: &apos;DeviceGray&apos;, &apos;ncolor&apos;: None, &apos;size&apos;: 13.29000000000002, &apos;value&apos;: &apos;.&apos;, &apos;children&apos;: [], &apos;features&apos;: {}}, {&apos;type&apos;: &apos;text&apos;, &apos;bbox&apos;: (343.96999999999997, 163.27499999999998, 346.73999999999995, 176.565), &apos;color_space&apos;: &apos;DeviceGray&apos;, &apos;ncolor&apos;: None, &apos;size&apos;: 13.29000000000002, &apos;value&apos;: &apos;.&apos;, &apos;children&apos;: [], &apos;features&apos;: {}}, {&apos;type&apos;: &apos;text&apos;, &apos;bbox&apos;: (346.73999999999995, 163.27499999999998, 349.50999999999993, 176.565), &apos;color_space&apos;: &apos;DeviceGray&apos;, &apos;ncolor&apos;: None, &apos;size&apos;: 13.29000000000002, &apos;value&apos;: &apos;.&apos;, &apos;children&apos;: [], &apos;features&apos;: {}}, {&apos;type&apos;: &apos;text&apos;, &apos;bbox&apos;: (349.50999999999993, 163.27499999999998, 352.2799999999999, 176.565), &apos;color_space&apos;: &apos;DeviceGray&apos;, &apos;ncolor&apos;: None, &apos;size&apos;: 13.29000000000002, &apos;value&apos;: &apos;.&apos;, &apos;children&apos;: [], &apos;features&apos;: {}}, {&apos;type&apos;: &apos;text&apos;, &apos;bbox&apos;: (352.28, 163.27499999999998, 355.04999999999995, 176.565), &apos;color_space&apos;: &apos;DeviceGray&apos;, &apos;ncolor&apos;: None, &apos;size&apos;: 13.29000000000002, &apos;value&apos;: &apos;.&apos;, &apos;children&apos;: [], &apos;features&apos;: {}}, {&apos;type&apos;: &apos;text&apos;, &apos;bbox&apos;: (355.04999999999995, 163.27499999999998, 357.81999999999994, 176.565), &apos;color_space&apos;: &apos;DeviceGray&apos;, &apos;ncolor&apos;: None, &apos;size&apos;: 13.29000000000002, &apos;value&apos;: &apos;.&apos;, &apos;children&apos;: [], &apos;features&apos;: {}}, {&apos;type&apos;: &apos;text&apos;, &apos;bbox&apos;: (357.81999999999994, 163.27499999999998, 360.5899999999999, 176.565), &apos;color_space&apos;: &apos;DeviceGray&apos;, &apos;ncolor&apos;: None, &apos;size&apos;: 13.29000000000002, &apos;value&apos;: &apos;.&apos;, &apos;children&apos;: [], &apos;features&apos;: {}}, {&apos;type&apos;: &apos;text&apos;, &apos;bbox&apos;: (360.59, 163.27499999999998, 363.35999999999996, 176.565), &apos;color_space&apos;: &apos;DeviceGray&apos;, &apos;ncolor&apos;: None, &apos;size&apos;: 13.29000000000002, &apos;value&apos;: &apos;.&apos;, &apos;children&apos;: [], &apos;features&apos;: {}}, {&apos;type&apos;: &apos;text&apos;, &apos;bbox&apos;: (363.36, 163.27499999999998, 366.13, 176.565), &apos;color_space&apos;: &apos;DeviceGray&apos;, &apos;ncolor&apos;: None, &apos;size&apos;: 13.29000000000002, &apos;value&apos;: &apos;.&apos;, &apos;children&apos;: [], &apos;features&apos;: {}}, {&apos;type&apos;: &apos;text&apos;, &apos;bbox&apos;: (366.13, 163.27499999999998, 368.9, 176.565), &apos;color_space&apos;: &apos;DeviceGray&apos;, &apos;ncolor&apos;: None, &apos;size&apos;: 13.29000000000002, &apos;value&apos;: &apos;.&apos;, &apos;children&apos;: [], &apos;features&apos;: {}}, {&apos;type&apos;: &apos;text&apos;, &apos;bbox&apos;: (368.9, 163.27499999999998, 371.66999999999996, 176.565), &apos;color_space&apos;: &apos;DeviceGray&apos;, &apos;ncolor&apos;: None, &apos;size&apos;: 13.29000000000002, &apos;value&apos;: &apos;.&apos;, &apos;children&apos;: [], &apos;features&apos;: {}}, {&apos;type&apos;: &apos;text&apos;, &apos;bbox&apos;: (371.67, 163.27499999999998, 374.44, 176.565), &apos;color_space&apos;: &apos;DeviceGray&apos;, &apos;ncolor&apos;: None, &apos;size&apos;: 13.29000000000002, &apos;value&apos;: &apos;.&apos;, &apos;children&apos;: [], &apos;features&apos;: {}}, {&apos;type&apos;: &apos;text&apos;, &apos;bbox&apos;: (374.44000000000005, 163.27499999999998, 377.21000000000004, 176.565), &apos;color_space&apos;: &apos;DeviceGray&apos;, &apos;ncolor&apos;: None, &apos;size&apos;: 13.29000000000002, &apos;value&apos;: &apos;.&apos;, &apos;children&apos;: [], &apos;features&apos;: {}}, {&apos;type&apos;: &apos;text&apos;, &apos;bbox&apos;: (377.21000000000004, 163.27499999999998, 379.98, 176.565), &apos;color_space&apos;: &apos;DeviceGray&apos;, &apos;ncolor&apos;: None, &apos;size&apos;: 13.29000000000002, &apos;value&apos;: &apos;.&apos;, &apos;children&apos;: [], &apos;features&apos;: {}}, {&apos;type&apos;: &apos;text&apos;, &apos;bbox&apos;: (379.98, 163.27499999999998, 382.75, 176.565), &apos;color_space&apos;: &apos;DeviceGray&apos;, &apos;ncolor&apos;: None, &apos;size&apos;: 13.29000000000002, &apos;value&apos;: &apos;.&apos;, &apos;children&apos;: [], &apos;features&apos;: {}}, {&apos;type&apos;: &apos;text&apos;, &apos;bbox&apos;: (382.75000000000006, 163.27499999999998, 385.52000000000004, 176.565), &apos;color_space&apos;: &apos;DeviceGray&apos;, &apos;ncolor&apos;: None, &apos;size&apos;: 13.29000000000002, &apos;value&apos;: &apos;.&apos;, &apos;children&apos;: [], &apos;features&apos;: {}}, {&apos;type&apos;: &apos;text&apos;, &apos;bbox&apos;: (385.5200000000001, 163.27499999999998, 388.2900000000001, 176.565), &apos;color_space&apos;: &apos;DeviceGray&apos;, &apos;ncolor&apos;: None, &apos;size&apos;: 13.29000000000002, &apos;value&apos;: &apos;.&apos;, &apos;children&apos;: [], &apos;features&apos;: {}}, {&apos;type&apos;: &apos;text&apos;, &apos;bbox&apos;: (388.2900000000001, 163.27499999999998, 391.06000000000006, 176.565), &apos;color_space&apos;: &apos;DeviceGray&apos;, &apos;ncolor&apos;: None, &apos;size&apos;: 13.29000000000002, &apos;value&apos;: &apos;.&apos;, &apos;children&apos;: [], &apos;features&apos;: {}}, {&apos;type&apos;: &apos;text&apos;, &apos;bbox&apos;: (391.06000000000006, 163.27499999999998, 393.83000000000004, 176.565), &apos;color_space&apos;: &apos;DeviceGray&apos;, &apos;ncolor&apos;: None, &apos;size&apos;: 13.29000000000002, &apos;value&apos;: &apos;.&apos;, &apos;children&apos;: [], &apos;features&apos;: {}}, {&apos;type&apos;: &apos;text&apos;, &apos;bbox&apos;: (393.8300000000001, 163.27499999999998, 396.6000000000001, 176.565), &apos;color_space&apos;: &apos;DeviceGray&apos;, &apos;ncolor&apos;: None, &apos;size&apos;: 13.29000000000002, &apos;value&apos;: &apos;.&apos;, &apos;children&apos;: [], &apos;features&apos;: {}}, {&apos;type&apos;: &apos;text&apos;, &apos;bbox&apos;: (396.60000000000014, 163.27499999999998, 399.3700000000001, 176.565), &apos;color_space&apos;: &apos;DeviceGray&apos;, &apos;ncolor&apos;: None, &apos;size&apos;: 13.29000000000002, &apos;value&apos;: &apos;.&apos;, &apos;children&apos;: [], &apos;features&apos;: {}}, {&apos;type&apos;: &apos;text&apos;, &apos;bbox&apos;: (399.3700000000001, 163.27499999999998, 402.1400000000001, 176.565), &apos;color_space&apos;: &apos;DeviceGray&apos;, &apos;ncolor&apos;: None, &apos;size&apos;: 13.29000000000002, &apos;value&apos;: &apos;.&apos;, &apos;children&apos;: [], &apos;features&apos;: {}}, {&apos;type&apos;: &apos;text&apos;, &apos;bbox&apos;: (402.1400000000001, 163.27499999999998, 404.9100000000001, 176.565), &apos;color_space&apos;: &apos;DeviceGray&apos;, &apos;ncolor&apos;: None, &apos;size&apos;: 13.29000000000002, &apos;value&apos;: &apos;.&apos;, &apos;children&apos;: [], &apos;features&apos;: {}}, {&apos;type&apos;: &apos;text&apos;, &apos;bbox&apos;: (404.91000000000014, 163.27499999999998, 407.6800000000001, 176.565), &apos;color_space&apos;: &apos;DeviceGray&apos;, &apos;ncolor&apos;: None, &apos;size&apos;: 13.29000000000002, &apos;value&apos;: &apos;.&apos;, &apos;children&apos;: [], &apos;features&apos;: {}}, {&apos;type&apos;: &apos;text&apos;, &apos;bbox&apos;: (407.6800000000002, 163.27499999999998, 410.45000000000016, 176.565), &apos;color_space&apos;: &apos;DeviceGray&apos;, &apos;ncolor&apos;: None, &apos;size&apos;: 13.29000000000002, &apos;value&apos;: &apos;.&apos;, &apos;children&apos;: [], &apos;features&apos;: {}}, {&apos;type&apos;: &apos;text&apos;, &apos;bbox&apos;: (410.45000000000016, 163.27499999999998, 413.22000000000014, 176.565), &apos;color_space&apos;: &apos;DeviceGray&apos;, &apos;ncolor&apos;: None, &apos;size&apos;: 13.29000000000002, &apos;value&apos;: &apos;.&apos;, &apos;children&apos;: [], &apos;features&apos;: {}}, {&apos;type&apos;: &apos;text&apos;, &apos;bbox&apos;: (413.22000000000014, 163.27499999999998, 415.9900000000001, 176.565), &apos;color_space&apos;: &apos;DeviceGray&apos;, &apos;ncolor&apos;: None, &apos;size&apos;: 13.29000000000002, &apos;value&apos;: &apos;.&apos;, &apos;children&apos;: [], &apos;features&apos;: {}}, {&apos;type&apos;: &apos;text&apos;, &apos;bbox&apos;: (415.9900000000002, 163.27499999999998, 418.76000000000016, 176.565), &apos;color_space&apos;: &apos;DeviceGray&apos;, &apos;ncolor&apos;: None, &apos;size&apos;: 13.29000000000002, &apos;value&apos;: &apos;.&apos;, &apos;children&apos;: [], &apos;features&apos;: {}}, {&apos;type&apos;: &apos;text&apos;, &apos;bbox&apos;: (418.7600000000002, 163.27499999999998, 421.5300000000002, 176.565), &apos;color_space&apos;: &apos;DeviceGray&apos;, &apos;ncolor&apos;: None, &apos;size&apos;: 13.29000000000002, &apos;value&apos;: &apos;.&apos;, &apos;children&apos;: [], &apos;features&apos;: {}}, {&apos;type&apos;: &apos;text&apos;, &apos;bbox&apos;: (421.5300000000002, 163.27499999999998, 424.3000000000002, 176.565), &apos;color_space&apos;: &apos;DeviceGray&apos;, &apos;ncolor&apos;: None, &apos;size&apos;: 13.29000000000002, &apos;value&apos;: &apos;.&apos;, &apos;children&apos;: [], &apos;features&apos;: {}}, {&apos;type&apos;: &apos;text&apos;, &apos;bbox&apos;: (424.3000000000002, 163.27499999999998, 427.07000000000016, 176.565), &apos;color_space&apos;: &apos;DeviceGray&apos;, &apos;ncolor&apos;: None, &apos;size&apos;: 13.29000000000002, &apos;value&apos;: &apos;.&apos;, &apos;children&apos;: [], &apos;features&apos;: {}}, {&apos;type&apos;: &apos;text&apos;, &apos;bbox&apos;: (427.0700000000002, 163.27499999999998, 429.8400000000002, 176.565), &apos;color_space&apos;: &apos;DeviceGray&apos;, &apos;ncolor&apos;: None, &apos;size&apos;: 13.29000000000002, &apos;value&apos;: &apos;.&apos;, &apos;children&apos;: [], &apos;features&apos;: {}}, {&apos;type&apos;: &apos;text&apos;, &apos;bbox&apos;: (429.84000000000026, 163.27499999999998, 432.61000000000024, 176.565), &apos;color_space&apos;: &apos;DeviceGray&apos;, &apos;ncolor&apos;: None, &apos;size&apos;: 13.29000000000002, &apos;value&apos;: &apos;.&apos;, &apos;children&apos;: [], &apos;features&apos;: {}}, {&apos;type&apos;: &apos;text&apos;, &apos;bbox&apos;: (432.61000000000024, 163.27499999999998, 435.3800000000002, 176.565), &apos;color_space&apos;: &apos;DeviceGray&apos;, &apos;ncolor&apos;: None, &apos;size&apos;: 13.29000000000002, &apos;value&apos;: &apos;.&apos;, &apos;children&apos;: [], &apos;features&apos;: {}}, {&apos;type&apos;: &apos;text&apos;, &apos;bbox&apos;: (435.3800000000002, 163.27499999999998, 438.1500000000002, 176.565), &apos;color_space&apos;: &apos;DeviceGray&apos;, &apos;ncolor&apos;: None, &apos;size&apos;: 13.29000000000002, &apos;value&apos;: &apos;.&apos;, &apos;children&apos;: [], &apos;features&apos;: {}}, {&apos;type&apos;: &apos;text&apos;, &apos;bbox&apos;: (438.15000000000026, 163.27499999999998, 440.92000000000024, 176.565), &apos;color_space&apos;: &apos;DeviceGray&apos;, &apos;ncolor&apos;: None, &apos;size&apos;: 13.29000000000002, &apos;value&apos;: &apos;.&apos;, &apos;children&apos;: [], &apos;features&apos;: {}}, {&apos;type&apos;: &apos;text&apos;, &apos;bbox&apos;: (440.9200000000003, 163.27499999999998, 443.6900000000003, 176.565), &apos;color_space&apos;: &apos;DeviceGray&apos;, &apos;ncolor&apos;: None, &apos;size&apos;: 13.29000000000002, &apos;value&apos;: &apos;.&apos;, &apos;children&apos;: [], &apos;features&apos;: {}}, {&apos;type&apos;: &apos;text&apos;, &apos;bbox&apos;: (443.6900000000003, 163.27499999999998, 446.46000000000026, 176.565), &apos;color_space&apos;: &apos;DeviceGray&apos;, &apos;ncolor&apos;: None, &apos;size&apos;: 13.29000000000002, &apos;value&apos;: &apos;.&apos;, &apos;children&apos;: [], &apos;features&apos;: {}}, {&apos;type&apos;: &apos;text&apos;, &apos;bbox&apos;: (446.46000000000026, 163.27499999999998, 449.23000000000025, 176.565), &apos;color_space&apos;: &apos;DeviceGray&apos;, &apos;ncolor&apos;: None, &apos;size&apos;: 13.29000000000002, &apos;value&apos;: &apos;.&apos;, &apos;children&apos;: [], &apos;features&apos;: {}}, {&apos;type&apos;: &apos;text&apos;, &apos;bbox&apos;: (449.2300000000003, 163.27499999999998, 452.0000000000003, 176.565), &apos;color_space&apos;: &apos;DeviceGray&apos;, &apos;ncolor&apos;: None, &apos;size&apos;: 13.29000000000002, &apos;value&apos;: &apos;.&apos;, &apos;children&apos;: [], &apos;features&apos;: {}}, {&apos;type&apos;: &apos;text&apos;, &apos;bbox&apos;: (452.00000000000034, 163.27499999999998, 454.7700000000003, 176.565), &apos;color_space&apos;: &apos;DeviceGray&apos;, &apos;ncolor&apos;: None, &apos;size&apos;: 13.29000000000002, &apos;value&apos;: &apos;.&apos;, &apos;children&apos;: [], &apos;features&apos;: {}}, {&apos;type&apos;: &apos;text&apos;, &apos;bbox&apos;: (454.7700000000003, 163.27499999999998, 457.5400000000003, 176.565), &apos;color_space&apos;: &apos;DeviceGray&apos;, &apos;ncolor&apos;: None, &apos;size&apos;: 13.29000000000002, &apos;value&apos;: &apos;.&apos;, &apos;children&apos;: [], &apos;features&apos;: {}}, {&apos;type&apos;: &apos;text&apos;, &apos;bbox&apos;: (457.5400000000003, 163.27499999999998, 460.3100000000003, 176.565), &apos;color_space&apos;: &apos;DeviceGray&apos;, &apos;ncolor&apos;: None, &apos;size&apos;: 13.29000000000002, &apos;value&apos;: &apos;.&apos;, &apos;children&apos;: [], &apos;features&apos;: {}}, {&apos;type&apos;: &apos;text&apos;, &apos;bbox&apos;: (460.31000000000034, 163.27499999999998, 463.0800000000003, 176.565), &apos;color_space&apos;: &apos;DeviceGray&apos;, &apos;ncolor&apos;: None, &apos;size&apos;: 13.29000000000002, &apos;value&apos;: &apos;.&apos;, &apos;children&apos;: [], &apos;features&apos;: {}}, {&apos;type&apos;: &apos;text&apos;, &apos;bbox&apos;: (463.0800000000004, 163.27499999999998, 465.85000000000036, 176.565), &apos;color_space&apos;: &apos;DeviceGray&apos;, &apos;ncolor&apos;: None, &apos;size&apos;: 13.29000000000002, &apos;value&apos;: &apos;.&apos;, &apos;children&apos;: [], &apos;features&apos;: {}}, {&apos;type&apos;: &apos;text&apos;, &apos;bbox&apos;: (465.85000000000036, 163.27499999999998, 468.62000000000035, 176.565), &apos;color_space&apos;: &apos;DeviceGray&apos;, &apos;ncolor&apos;: None, &apos;size&apos;: 13.29000000000002, &apos;value&apos;: &apos;.&apos;, &apos;children&apos;: [], &apos;features&apos;: {}}, {&apos;type&apos;: &apos;text&apos;, &apos;bbox&apos;: (468.62000000000035, 163.27499999999998, 471.3900000000003, 176.565), &apos;color_space&apos;: &apos;DeviceGray&apos;, &apos;ncolor&apos;: None, &apos;size&apos;: 13.29000000000002, &apos;value&apos;: &apos;.&apos;, &apos;children&apos;: [], &apos;features&apos;: {}}, {&apos;type&apos;: &apos;text&apos;, &apos;bbox&apos;: (471.3900000000004, 163.27499999999998, 474.16000000000037, 176.565), &apos;color_space&apos;: &apos;DeviceGray&apos;, &apos;ncolor&apos;: None, &apos;size&apos;: 13.29000000000002, &apos;value&apos;: &apos;.&apos;, &apos;children&apos;: [], &apos;features&apos;: {}}, {&apos;type&apos;: &apos;text&apos;, &apos;bbox&apos;: (474.1600000000004, 163.27499999999998, 476.9300000000004, 176.565), &apos;color_space&apos;: &apos;DeviceGray&apos;, &apos;ncolor&apos;: None, &apos;size&apos;: 13.29000000000002, &apos;value&apos;: &apos;.&apos;, &apos;children&apos;: [], &apos;features&apos;: {}}, {&apos;type&apos;: &apos;text&apos;, &apos;bbox&apos;: (476.9300000000004, 163.27499999999998, 479.7000000000004, 176.565), &apos;color_space&apos;: &apos;DeviceGray&apos;, &apos;ncolor&apos;: None, &apos;size&apos;: 13.29000000000002, &apos;value&apos;: &apos;.&apos;, &apos;children&apos;: [], &apos;features&apos;: {}}, {&apos;type&apos;: &apos;text&apos;, &apos;bbox&apos;: (479.7000000000004, 163.27499999999998, 482.47000000000037, 176.565), &apos;color_space&apos;: &apos;DeviceGray&apos;, &apos;ncolor&apos;: None, &apos;size&apos;: 13.29000000000002, &apos;value&apos;: &apos;.&apos;, &apos;children&apos;: [], &apos;features&apos;: {}}, {&apos;type&apos;: &apos;text&apos;, &apos;bbox&apos;: (482.47000000000037, 163.27499999999998, 485.24000000000035, 176.565), &apos;color_space&apos;: &apos;DeviceGray&apos;, &apos;ncolor&apos;: None, &apos;size&apos;: 13.29000000000002, &apos;value&apos;: &apos;.&apos;, &apos;children&apos;: [], &apos;features&apos;: {}}, {&apos;type&apos;: &apos;text&apos;, &apos;bbox&apos;: (485.24000000000035, 163.27499999999998, 488.01000000000033, 176.565), &apos;color_space&apos;: &apos;DeviceGray&apos;, &apos;ncolor&apos;: None, &apos;size&apos;: 13.29000000000002, &apos;value&apos;: &apos;.&apos;, &apos;children&apos;: [], &apos;features&apos;: {}}, {&apos;type&apos;: &apos;text&apos;, &apos;bbox&apos;: (488.01000000000033, 163.27499999999998, 490.7800000000003, 176.565), &apos;color_space&apos;: &apos;DeviceGray&apos;, &apos;ncolor&apos;: None, &apos;size&apos;: 13.29000000000002, &apos;value&apos;: &apos;.&apos;, &apos;children&apos;: [], &apos;features&apos;: {}}, {&apos;type&apos;: &apos;text&apos;, &apos;bbox&apos;: (490.7800000000003, 163.27499999999998, 493.5500000000003, 176.565), &apos;color_space&apos;: &apos;DeviceGray&apos;, &apos;ncolor&apos;: None, &apos;size&apos;: 13.29000000000002, &apos;value&apos;: &apos;.&apos;, &apos;children&apos;: [], &apos;features&apos;: {}}, {&apos;type&apos;: &apos;text&apos;, &apos;bbox&apos;: (493.5500000000003, 163.27499999999998, 496.3200000000003, 176.565), &apos;color_space&apos;: &apos;DeviceGray&apos;, &apos;ncolor&apos;: None, &apos;size&apos;: 13.29000000000002, &apos;value&apos;: &apos;.&apos;, &apos;children&apos;: [], &apos;features&apos;: {}}, {&apos;type&apos;: &apos;text&apos;, &apos;bbox&apos;: (496.3200000000003, 163.27499999999998, 499.09000000000026, 176.565), &apos;color_space&apos;: &apos;DeviceGray&apos;, &apos;ncolor&apos;: None, &apos;size&apos;: 13.29000000000002, &apos;value&apos;: &apos;.&apos;, &apos;children&apos;: [], &apos;features&apos;: {}}, {&apos;type&apos;: &apos;text&apos;, &apos;bbox&apos;: (499.09000000000026, 163.27499999999998, 501.86000000000024, 176.565), &apos;color_space&apos;: &apos;DeviceGray&apos;, &apos;ncolor&apos;: None, &apos;size&apos;: 13.29000000000002, &apos;value&apos;: &apos;.&apos;, &apos;children&apos;: [], &apos;features&apos;: {}}, {&apos;type&apos;: &apos;text&apos;, &apos;bbox&apos;: (501.86000000000024, 163.27499999999998, 504.6300000000002, 176.565), &apos;color_space&apos;: &apos;DeviceGray&apos;, &apos;ncolor&apos;: None, &apos;size&apos;: 13.29000000000002, &apos;value&apos;: &apos;.&apos;, &apos;children&apos;: [], &apos;features&apos;: {}}, {&apos;type&apos;: &apos;text&apos;, &apos;bbox&apos;: (504.6300000000002, 163.27499999999998, 507.4000000000002, 176.565), &apos;color_space&apos;: &apos;DeviceGray&apos;, &apos;ncolor&apos;: None, &apos;size&apos;: 13.29000000000002, &apos;value&apos;: &apos;.&apos;, &apos;children&apos;: [], &apos;features&apos;: {}}, {&apos;type&apos;: &apos;text&apos;, &apos;bbox&apos;: (507.4000000000002, 163.27499999999998, 510.1700000000002, 176.565), &apos;color_space&apos;: &apos;DeviceGray&apos;, &apos;ncolor&apos;: None, &apos;size&apos;: 13.29000000000002, &apos;value&apos;: &apos;.&apos;, &apos;children&apos;: [], &apos;features&apos;: {}}, {&apos;type&apos;: &apos;text&apos;, &apos;bbox&apos;: (510.1700000000002, 163.27499999999998, 512.9400000000002, 176.565), &apos;color_space&apos;: &apos;DeviceGray&apos;, &apos;ncolor&apos;: None, &apos;size&apos;: 13.29000000000002, &apos;value&apos;: &apos;.&apos;, &apos;children&apos;: [], &apos;features&apos;: {}}, {&apos;type&apos;: &apos;text&apos;, &apos;bbox&apos;: (514.425, 163.27499999999998, 519.9849999999999, 176.565), &apos;color_space&apos;: &apos;DeviceGray&apos;, &apos;ncolor&apos;: None, &apos;size&apos;: 13.29000000000002, &apos;value&apos;: &apos;2&apos;, &apos;children&apos;: [], &apos;features&apos;: {}}, {&apos;type&apos;: &apos;text&apos;, &apos;bbox&apos;: (519.9849999999999, 163.27499999999998, 523.3149999999999, 176.565), &apos;color_space&apos;: &apos;DeviceGray&apos;, &apos;ncolor&apos;: None, &apos;size&apos;: 13.29000000000002, &apos;value&apos;: &apos;-&apos;, &apos;children&apos;: [], &apos;features&apos;: {}}, {&apos;type&apos;: &apos;text&apos;, &apos;bbox&apos;: (523.315, 163.27499999999998, 528.875, 176.565), &apos;color_space&apos;: &apos;DeviceGray&apos;, &apos;ncolor&apos;: None, &apos;size&apos;: 13.29000000000002, &apos;value&apos;: &apos;1&apos;, &apos;children&apos;: [], &apos;features&apos;: {}}, {&apos;type&apos;: &apos;text&apos;, &apos;bbox&apos;: (528.875, 163.27499999999998, 534.435, 176.565), &apos;color_space&apos;: &apos;DeviceGray&apos;, &apos;ncolor&apos;: None, &apos;size&apos;: 13.29000000000002, &apos;value&apos;: &apos;6&apos;, &apos;children&apos;: [], &apos;features&apos;: {}}, {&apos;type&apos;: &apos;text&apos;, &apos;bbox&apos;: (534.4350000000001, 163.27499999999998, 539.995, 176.565), &apos;color_space&apos;: &apos;DeviceGray&apos;, &apos;ncolor&apos;: None, &apos;size&apos;: 13.29000000000002, &apos;value&apos;: &apos;9&apos;, &apos;children&apos;: [], &apos;features&apos;: {}}], &apos;features&apos;: {}}
*********************





--------------------------------- CONTENT AREA --------------------------------- 
This content area has an image
{&apos;type&apos;: &apos;figure&apos;, &apos;bbox&apos;: (0, 0, 612.0, 792.0), &apos;name&apos;: &apos;fx14&apos;, &apos;children&apos;: [{&apos;type&apos;: &apos;text&apos;, &apos;bbox&apos;: (114.0, 147.053, 119.57, 160.53300000000002), &apos;color_space&apos;: &apos;DeviceGray&apos;, &apos;ncolor&apos;: None, &apos;size&apos;: 13.480000000000018, &apos;value&apos;: &apos;F&apos;, &apos;children&apos;: [], &apos;features&apos;: {}}, {&apos;type&apos;: &apos;text&apos;, &apos;bbox&apos;: (119.57, 147.053, 125.66999999999999, 160.53300000000002), &apos;color_space&apos;: &apos;DeviceGray&apos;, &apos;ncolor&apos;: None, &apos;size&apos;: 13.480000000000018, &apos;value&apos;: &apos;S&apos;, &apos;children&apos;: [], &apos;features&apos;: {}}, {&apos;type&apos;: &apos;text&apos;, &apos;bbox&apos;: (125.67, 147.053, 129.56, 160.53300000000002), &apos;color_space&apos;: &apos;DeviceGray&apos;, &apos;ncolor&apos;: None, &apos;size&apos;: 13.480000000000018, &apos;value&apos;: &apos;I&apos;, &apos;children&apos;: [], &apos;features&apos;: {}}, {&apos;type&apos;: &apos;text&apos;, &apos;bbox&apos;: (129.56, 147.053, 134.56, 160.53300000000002), &apos;color_space&apos;: &apos;DeviceGray&apos;, &apos;ncolor&apos;: None, &apos;size&apos;: 13.480000000000018, &apos;value&apos;: &apos;_&apos;, &apos;children&apos;: [], &apos;features&apos;: {}}, {&apos;type&apos;: &apos;text&apos;, &apos;bbox&apos;: (134.56, 147.053, 142.87, 160.53300000000002), &apos;color_space&apos;: &apos;DeviceGray&apos;, &apos;ncolor&apos;: None, &apos;size&apos;: 13.480000000000018, &apos;value&apos;: &apos;D&apos;, &apos;children&apos;: [], &apos;features&apos;: {}}, {&apos;type&apos;: &apos;text&apos;, &apos;bbox&apos;: (142.87, 147.053, 147.87, 160.53300000000002), &apos;color_space&apos;: &apos;DeviceGray&apos;, &apos;ncolor&apos;: None, &apos;size&apos;: 13.480000000000018, &apos;value&apos;: &apos;_&apos;, &apos;children&apos;: [], &apos;features&apos;: {}}, {&apos;type&apos;: &apos;text&apos;, &apos;bbox&apos;: (147.87, 147.053, 155.64000000000001, 160.53300000000002), &apos;color_space&apos;: &apos;DeviceGray&apos;, &apos;ncolor&apos;: None, &apos;size&apos;: 13.480000000000018, &apos;value&apos;: &apos;A&apos;, &apos;children&apos;: [], &apos;features&apos;: {}}, {&apos;type&apos;: &apos;text&apos;, &apos;bbox&apos;: (155.64000000000001, 147.053, 163.97000000000003, 160.53300000000002), &apos;color_space&apos;: &apos;DeviceGray&apos;, &apos;ncolor&apos;: None, &apos;size&apos;: 13.480000000000018, &apos;value&apos;: &apos;N&apos;, &apos;children&apos;: [], &apos;features&apos;: {}}, {&apos;type&apos;: &apos;text&apos;, &apos;bbox&apos;: (163.97, 147.053, 172.3, 160.53300000000002), &apos;color_space&apos;: &apos;DeviceGray&apos;, &apos;ncolor&apos;: None, &apos;size&apos;: 13.480000000000018, &apos;value&apos;: &apos;N&apos;, &apos;children&apos;: [], &apos;features&apos;: {}}, {&apos;type&apos;: &apos;text&apos;, &apos;bbox&apos;: (172.3, 147.053, 180.07000000000002, 160.53300000000002), &apos;color_space&apos;: &apos;DeviceGray&apos;, &apos;ncolor&apos;: None, &apos;size&apos;: 13.480000000000018, &apos;value&apos;: &apos;U&apos;, &apos;children&apos;: [], &apos;features&apos;: {}}, {&apos;type&apos;: &apos;text&apos;, &apos;bbox&apos;: (180.07, 147.053, 183.95999999999998, 160.53300000000002), &apos;color_space&apos;: &apos;DeviceGray&apos;, &apos;ncolor&apos;: None, &apos;size&apos;: 13.480000000000018, &apos;value&apos;: &apos;I&apos;, &apos;children&apos;: [], &apos;features&apos;: {}}, {&apos;type&apos;: &apos;text&apos;, &apos;bbox&apos;: (183.96, 147.053, 190.62, 160.53300000000002), &apos;color_space&apos;: &apos;DeviceGray&apos;, &apos;ncolor&apos;: None, &apos;size&apos;: 13.480000000000018, &apos;value&apos;: &apos;T&apos;, &apos;children&apos;: [], &apos;features&apos;: {}}, {&apos;type&apos;: &apos;text&apos;, &apos;bbox&apos;: (190.62, 147.053, 197.28, 160.53300000000002), &apos;color_space&apos;: &apos;DeviceGray&apos;, &apos;ncolor&apos;: None, &apos;size&apos;: 13.480000000000018, &apos;value&apos;: &apos;Y&apos;, &apos;children&apos;: [], &apos;features&apos;: {}}, {&apos;type&apos;: &apos;text&apos;, &apos;bbox&apos;: (197.28, 147.053, 202.28, 160.53300000000002), &apos;color_space&apos;: &apos;DeviceGray&apos;, &apos;ncolor&apos;: None, &apos;size&apos;: 13.480000000000018, &apos;value&apos;: &apos;_&apos;, &apos;children&apos;: [], &apos;features&apos;: {}}, {&apos;type&apos;: &apos;text&apos;, &apos;bbox&apos;: (202.28, 147.053, 209.5, 160.53300000000002), &apos;color_space&apos;: &apos;DeviceGray&apos;, &apos;ncolor&apos;: None, &apos;size&apos;: 13.480000000000018, &apos;value&apos;: &apos;C&apos;, &apos;children&apos;: [], &apos;features&apos;: {}}, {&apos;type&apos;: &apos;text&apos;, &apos;bbox&apos;: (209.5, 147.053, 217.83, 160.53300000000002), &apos;color_space&apos;: &apos;DeviceGray&apos;, &apos;ncolor&apos;: None, &apos;size&apos;: 13.480000000000018, &apos;value&apos;: &apos;O&apos;, &apos;children&apos;: [], &apos;features&apos;: {}}, {&apos;type&apos;: &apos;text&apos;, &apos;bbox&apos;: (217.82999999999998, 147.053, 226.16, 160.53300000000002), &apos;color_space&apos;: &apos;DeviceGray&apos;, &apos;ncolor&apos;: None, &apos;size&apos;: 13.480000000000018, &apos;value&apos;: &apos;N&apos;, &apos;children&apos;: [], &apos;features&apos;: {}}, {&apos;type&apos;: &apos;text&apos;, &apos;bbox&apos;: (226.16, 147.053, 232.82, 160.53300000000002), &apos;color_space&apos;: &apos;DeviceGray&apos;, &apos;ncolor&apos;: None, &apos;size&apos;: 13.480000000000018, &apos;value&apos;: &apos;T&apos;, &apos;children&apos;: [], &apos;features&apos;: {}}, {&apos;type&apos;: &apos;text&apos;, &apos;bbox&apos;: (232.82, 147.053, 239.95, 160.53300000000002), &apos;color_space&apos;: &apos;DeviceGray&apos;, &apos;ncolor&apos;: None, &apos;size&apos;: 13.480000000000018, &apos;value&apos;: &apos;R&apos;, &apos;children&apos;: [], &apos;features&apos;: {}}, {&apos;type&apos;: &apos;text&apos;, &apos;bbox&apos;: (239.95, 147.053, 247.72, 160.53300000000002), &apos;color_space&apos;: &apos;DeviceGray&apos;, &apos;ncolor&apos;: None, &apos;size&apos;: 13.480000000000018, &apos;value&apos;: &apos;A&apos;, &apos;children&apos;: [], &apos;features&apos;: {}}, {&apos;type&apos;: &apos;text&apos;, &apos;bbox&apos;: (247.72, 147.053, 254.94, 160.53300000000002), &apos;color_space&apos;: &apos;DeviceGray&apos;, &apos;ncolor&apos;: None, &apos;size&apos;: 13.480000000000018, &apos;value&apos;: &apos;C&apos;, &apos;children&apos;: [], &apos;features&apos;: {}}, {&apos;type&apos;: &apos;text&apos;, &apos;bbox&apos;: (254.94, 147.053, 261.6, 160.53300000000002), &apos;color_space&apos;: &apos;DeviceGray&apos;, &apos;ncolor&apos;: None, &apos;size&apos;: 13.480000000000018, &apos;value&apos;: &apos;T&apos;, &apos;children&apos;: [], &apos;features&apos;: {}}, {&apos;type&apos;: &apos;text&apos;, &apos;bbox&apos;: (261.6, 147.053, 267.70000000000005, 160.53300000000002), &apos;color_space&apos;: &apos;DeviceGray&apos;, &apos;ncolor&apos;: None, &apos;size&apos;: 13.480000000000018, &apos;value&apos;: &apos;S&apos;, &apos;children&apos;: [], &apos;features&apos;: {}}, {&apos;type&apos;: &apos;text&apos;, &apos;bbox&apos;: (267.803, 147.784, 270.573, 161.074), &apos;color_space&apos;: &apos;DeviceGray&apos;, &apos;ncolor&apos;: None, &apos;size&apos;: 13.29000000000002, &apos;value&apos;: &apos;.&apos;, &apos;children&apos;: [], &apos;features&apos;: {}}, {&apos;type&apos;: &apos;text&apos;, &apos;bbox&apos;: (270.573, 147.784, 273.34299999999996, 161.074), &apos;color_space&apos;: &apos;DeviceGray&apos;, &apos;ncolor&apos;: None, &apos;size&apos;: 13.29000000000002, &apos;value&apos;: &apos;.&apos;, &apos;children&apos;: [], &apos;features&apos;: {}}, {&apos;type&apos;: &apos;text&apos;, &apos;bbox&apos;: (273.343, 147.784, 276.113, 161.074), &apos;color_space&apos;: &apos;DeviceGray&apos;, &apos;ncolor&apos;: None, &apos;size&apos;: 13.29000000000002, &apos;value&apos;: &apos;.&apos;, &apos;children&apos;: [], &apos;features&apos;: {}}, {&apos;type&apos;: &apos;text&apos;, &apos;bbox&apos;: (276.113, 147.784, 278.883, 161.074), &apos;color_space&apos;: &apos;DeviceGray&apos;, &apos;ncolor&apos;: None, &apos;size&apos;: 13.29000000000002, &apos;value&apos;: &apos;.&apos;, &apos;children&apos;: [], &apos;features&apos;: {}}, {&apos;type&apos;: &apos;text&apos;, &apos;bbox&apos;: (278.883, 147.784, 281.65299999999996, 161.074), &apos;color_space&apos;: &apos;DeviceGray&apos;, &apos;ncolor&apos;: None, &apos;size&apos;: 13.29000000000002, &apos;value&apos;: &apos;.&apos;, &apos;children&apos;: [], &apos;features&apos;: {}}, {&apos;type&apos;: &apos;text&apos;, &apos;bbox&apos;: (281.653, 147.784, 284.423, 161.074), &apos;color_space&apos;: &apos;DeviceGray&apos;, &apos;ncolor&apos;: None, &apos;size&apos;: 13.29000000000002, &apos;value&apos;: &apos;.&apos;, &apos;children&apos;: [], &apos;features&apos;: {}}, {&apos;type&apos;: &apos;text&apos;, &apos;bbox&apos;: (284.423, 147.784, 287.193, 161.074), &apos;color_space&apos;: &apos;DeviceGray&apos;, &apos;ncolor&apos;: None, &apos;size&apos;: 13.29000000000002, &apos;value&apos;: &apos;.&apos;, &apos;children&apos;: [], &apos;features&apos;: {}}, {&apos;type&apos;: &apos;text&apos;, &apos;bbox&apos;: (287.193, 147.784, 289.96299999999997, 161.074), &apos;color_space&apos;: &apos;DeviceGray&apos;, &apos;ncolor&apos;: None, &apos;size&apos;: 13.29000000000002, &apos;value&apos;: &apos;.&apos;, &apos;children&apos;: [], &apos;features&apos;: {}}, {&apos;type&apos;: &apos;text&apos;, &apos;bbox&apos;: (289.963, 147.784, 292.733, 161.074), &apos;color_space&apos;: &apos;DeviceGray&apos;, &apos;ncolor&apos;: None, &apos;size&apos;: 13.29000000000002, &apos;value&apos;: &apos;.&apos;, &apos;children&apos;: [], &apos;features&apos;: {}}, {&apos;type&apos;: &apos;text&apos;, &apos;bbox&apos;: (292.733, 147.784, 295.503, 161.074), &apos;color_space&apos;: &apos;DeviceGray&apos;, &apos;ncolor&apos;: None, &apos;size&apos;: 13.29000000000002, &apos;value&apos;: &apos;.&apos;, &apos;children&apos;: [], &apos;features&apos;: {}}, {&apos;type&apos;: &apos;text&apos;, &apos;bbox&apos;: (295.503, 147.784, 298.27299999999997, 161.074), &apos;color_space&apos;: &apos;DeviceGray&apos;, &apos;ncolor&apos;: None, &apos;size&apos;: 13.29000000000002, &apos;value&apos;: &apos;.&apos;, &apos;children&apos;: [], &apos;features&apos;: {}}, {&apos;type&apos;: &apos;text&apos;, &apos;bbox&apos;: (298.273, 147.784, 301.043, 161.074), &apos;color_space&apos;: &apos;DeviceGray&apos;, &apos;ncolor&apos;: None, &apos;size&apos;: 13.29000000000002, &apos;value&apos;: &apos;.&apos;, &apos;children&apos;: [], &apos;features&apos;: {}}, {&apos;type&apos;: &apos;text&apos;, &apos;bbox&apos;: (301.043, 147.784, 303.813, 161.074), &apos;color_space&apos;: &apos;DeviceGray&apos;, &apos;ncolor&apos;: None, &apos;size&apos;: 13.29000000000002, &apos;value&apos;: &apos;.&apos;, &apos;children&apos;: [], &apos;features&apos;: {}}, {&apos;type&apos;: &apos;text&apos;, &apos;bbox&apos;: (303.813, 147.784, 306.58299999999997, 161.074), &apos;color_space&apos;: &apos;DeviceGray&apos;, &apos;ncolor&apos;: None, &apos;size&apos;: 13.29000000000002, &apos;value&apos;: &apos;.&apos;, &apos;children&apos;: [], &apos;features&apos;: {}}, {&apos;type&apos;: &apos;text&apos;, &apos;bbox&apos;: (306.583, 147.784, 309.353, 161.074), &apos;color_space&apos;: &apos;DeviceGray&apos;, &apos;ncolor&apos;: None, &apos;size&apos;: 13.29000000000002, &apos;value&apos;: &apos;.&apos;, &apos;children&apos;: [], &apos;features&apos;: {}}, {&apos;type&apos;: &apos;text&apos;, &apos;bbox&apos;: (309.353, 147.784, 312.123, 161.074), &apos;color_space&apos;: &apos;DeviceGray&apos;, &apos;ncolor&apos;: None, &apos;size&apos;: 13.29000000000002, &apos;value&apos;: &apos;.&apos;, &apos;children&apos;: [], &apos;features&apos;: {}}, {&apos;type&apos;: &apos;text&apos;, &apos;bbox&apos;: (312.123, 147.784, 314.893, 161.074), &apos;color_space&apos;: &apos;DeviceGray&apos;, &apos;ncolor&apos;: None, &apos;size&apos;: 13.29000000000002, &apos;value&apos;: &apos;.&apos;, &apos;children&apos;: [], &apos;features&apos;: {}}, {&apos;type&apos;: &apos;text&apos;, &apos;bbox&apos;: (314.89300000000003, 147.784, 317.663, 161.074), &apos;color_space&apos;: &apos;DeviceGray&apos;, &apos;ncolor&apos;: None, &apos;size&apos;: 13.29000000000002, &apos;value&apos;: &apos;.&apos;, &apos;children&apos;: [], &apos;features&apos;: {}}, {&apos;type&apos;: &apos;text&apos;, &apos;bbox&apos;: (317.663, 147.784, 320.433, 161.074), &apos;color_space&apos;: &apos;DeviceGray&apos;, &apos;ncolor&apos;: None, &apos;size&apos;: 13.29000000000002, &apos;value&apos;: &apos;.&apos;, &apos;children&apos;: [], &apos;features&apos;: {}}, {&apos;type&apos;: &apos;text&apos;, &apos;bbox&apos;: (320.433, 147.784, 323.203, 161.074), &apos;color_space&apos;: &apos;DeviceGray&apos;, &apos;ncolor&apos;: None, &apos;size&apos;: 13.29000000000002, &apos;value&apos;: &apos;.&apos;, &apos;children&apos;: [], &apos;features&apos;: {}}, {&apos;type&apos;: &apos;text&apos;, &apos;bbox&apos;: (323.20300000000003, 147.784, 325.973, 161.074), &apos;color_space&apos;: &apos;DeviceGray&apos;, &apos;ncolor&apos;: None, &apos;size&apos;: 13.29000000000002, &apos;value&apos;: &apos;.&apos;, &apos;children&apos;: [], &apos;features&apos;: {}}, {&apos;type&apos;: &apos;text&apos;, &apos;bbox&apos;: (325.973, 147.784, 328.743, 161.074), &apos;color_space&apos;: &apos;DeviceGray&apos;, &apos;ncolor&apos;: None, &apos;size&apos;: 13.29000000000002, &apos;value&apos;: &apos;.&apos;, &apos;children&apos;: [], &apos;features&apos;: {}}, {&apos;type&apos;: &apos;text&apos;, &apos;bbox&apos;: (328.74300000000005, 147.784, 331.51300000000003, 161.074), &apos;color_space&apos;: &apos;DeviceGray&apos;, &apos;ncolor&apos;: None, &apos;size&apos;: 13.29000000000002, &apos;value&apos;: &apos;.&apos;, &apos;children&apos;: [], &apos;features&apos;: {}}, {&apos;type&apos;: &apos;text&apos;, &apos;bbox&apos;: (331.51300000000003, 147.784, 334.283, 161.074), &apos;color_space&apos;: &apos;DeviceGray&apos;, &apos;ncolor&apos;: None, &apos;size&apos;: 13.29000000000002, &apos;value&apos;: &apos;.&apos;, &apos;children&apos;: [], &apos;features&apos;: {}}, {&apos;type&apos;: &apos;text&apos;, &apos;bbox&apos;: (334.283, 147.784, 337.053, 161.074), &apos;color_space&apos;: &apos;DeviceGray&apos;, &apos;ncolor&apos;: None, &apos;size&apos;: 13.29000000000002, &apos;value&apos;: &apos;.&apos;, &apos;children&apos;: [], &apos;features&apos;: {}}, {&apos;type&apos;: &apos;text&apos;, &apos;bbox&apos;: (337.053, 147.784, 339.823, 161.074), &apos;color_space&apos;: &apos;DeviceGray&apos;, &apos;ncolor&apos;: None, &apos;size&apos;: 13.29000000000002, &apos;value&apos;: &apos;.&apos;, &apos;children&apos;: [], &apos;features&apos;: {}}, {&apos;type&apos;: &apos;text&apos;, &apos;bbox&apos;: (339.82300000000004, 147.784, 342.593, 161.074), &apos;color_space&apos;: &apos;DeviceGray&apos;, &apos;ncolor&apos;: None, &apos;size&apos;: 13.29000000000002, &apos;value&apos;: &apos;.&apos;, &apos;children&apos;: [], &apos;features&apos;: {}}, {&apos;type&apos;: &apos;text&apos;, &apos;bbox&apos;: (342.593, 147.784, 345.363, 161.074), &apos;color_space&apos;: &apos;DeviceGray&apos;, &apos;ncolor&apos;: None, &apos;size&apos;: 13.29000000000002, &apos;value&apos;: &apos;.&apos;, &apos;children&apos;: [], &apos;features&apos;: {}}, {&apos;type&apos;: &apos;text&apos;, &apos;bbox&apos;: (345.363, 147.784, 348.133, 161.074), &apos;color_space&apos;: &apos;DeviceGray&apos;, &apos;ncolor&apos;: None, &apos;size&apos;: 13.29000000000002, &apos;value&apos;: &apos;.&apos;, &apos;children&apos;: [], &apos;features&apos;: {}}, {&apos;type&apos;: &apos;text&apos;, &apos;bbox&apos;: (348.13300000000004, 147.784, 350.903, 161.074), &apos;color_space&apos;: &apos;DeviceGray&apos;, &apos;ncolor&apos;: None, &apos;size&apos;: 13.29000000000002, &apos;value&apos;: &apos;.&apos;, &apos;children&apos;: [], &apos;features&apos;: {}}, {&apos;type&apos;: &apos;text&apos;, &apos;bbox&apos;: (350.903, 147.784, 353.673, 161.074), &apos;color_space&apos;: &apos;DeviceGray&apos;, &apos;ncolor&apos;: None, &apos;size&apos;: 13.29000000000002, &apos;value&apos;: &apos;.&apos;, &apos;children&apos;: [], &apos;features&apos;: {}}, {&apos;type&apos;: &apos;text&apos;, &apos;bbox&apos;: (353.673, 147.784, 356.443, 161.074), &apos;color_space&apos;: &apos;DeviceGray&apos;, &apos;ncolor&apos;: None, &apos;size&apos;: 13.29000000000002, &apos;value&apos;: &apos;.&apos;, &apos;children&apos;: [], &apos;features&apos;: {}}, {&apos;type&apos;: &apos;text&apos;, &apos;bbox&apos;: (356.443, 147.784, 359.21299999999997, 161.074), &apos;color_space&apos;: &apos;DeviceGray&apos;, &apos;ncolor&apos;: None, &apos;size&apos;: 13.29000000000002, &apos;value&apos;: &apos;.&apos;, &apos;children&apos;: [], &apos;features&apos;: {}}, {&apos;type&apos;: &apos;text&apos;, &apos;bbox&apos;: (359.21299999999997, 147.784, 361.98299999999995, 161.074), &apos;color_space&apos;: &apos;DeviceGray&apos;, &apos;ncolor&apos;: None, &apos;size&apos;: 13.29000000000002, &apos;value&apos;: &apos;.&apos;, &apos;children&apos;: [], &apos;features&apos;: {}}, {&apos;type&apos;: &apos;text&apos;, &apos;bbox&apos;: (361.983, 147.784, 364.753, 161.074), &apos;color_space&apos;: &apos;DeviceGray&apos;, &apos;ncolor&apos;: None, &apos;size&apos;: 13.29000000000002, &apos;value&apos;: &apos;.&apos;, &apos;children&apos;: [], &apos;features&apos;: {}}, {&apos;type&apos;: &apos;text&apos;, &apos;bbox&apos;: (364.753, 147.784, 367.52299999999997, 161.074), &apos;color_space&apos;: &apos;DeviceGray&apos;, &apos;ncolor&apos;: None, &apos;size&apos;: 13.29000000000002, &apos;value&apos;: &apos;.&apos;, &apos;children&apos;: [], &apos;features&apos;: {}}, {&apos;type&apos;: &apos;text&apos;, &apos;bbox&apos;: (367.52299999999997, 147.784, 370.29299999999995, 161.074), &apos;color_space&apos;: &apos;DeviceGray&apos;, &apos;ncolor&apos;: None, &apos;size&apos;: 13.29000000000002, &apos;value&apos;: &apos;.&apos;, &apos;children&apos;: [], &apos;features&apos;: {}}, {&apos;type&apos;: &apos;text&apos;, &apos;bbox&apos;: (370.293, 147.784, 373.063, 161.074), &apos;color_space&apos;: &apos;DeviceGray&apos;, &apos;ncolor&apos;: None, &apos;size&apos;: 13.29000000000002, &apos;value&apos;: &apos;.&apos;, &apos;children&apos;: [], &apos;features&apos;: {}}, {&apos;type&apos;: &apos;text&apos;, &apos;bbox&apos;: (373.063, 147.784, 375.83299999999997, 161.074), &apos;color_space&apos;: &apos;DeviceGray&apos;, &apos;ncolor&apos;: None, &apos;size&apos;: 13.29000000000002, &apos;value&apos;: &apos;.&apos;, &apos;children&apos;: [], &apos;features&apos;: {}}, {&apos;type&apos;: &apos;text&apos;, &apos;bbox&apos;: (375.83299999999997, 147.784, 378.60299999999995, 161.074), &apos;color_space&apos;: &apos;DeviceGray&apos;, &apos;ncolor&apos;: None, &apos;size&apos;: 13.29000000000002, &apos;value&apos;: &apos;.&apos;, &apos;children&apos;: [], &apos;features&apos;: {}}, {&apos;type&apos;: &apos;text&apos;, &apos;bbox&apos;: (378.60299999999995, 147.784, 381.37299999999993, 161.074), &apos;color_space&apos;: &apos;DeviceGray&apos;, &apos;ncolor&apos;: None, &apos;size&apos;: 13.29000000000002, &apos;value&apos;: &apos;.&apos;, &apos;children&apos;: [], &apos;features&apos;: {}}, {&apos;type&apos;: &apos;text&apos;, &apos;bbox&apos;: (381.37299999999993, 147.784, 384.1429999999999, 161.074), &apos;color_space&apos;: &apos;DeviceGray&apos;, &apos;ncolor&apos;: None, &apos;size&apos;: 13.29000000000002, &apos;value&apos;: &apos;.&apos;, &apos;children&apos;: [], &apos;features&apos;: {}}, {&apos;type&apos;: &apos;text&apos;, &apos;bbox&apos;: (384.143, 147.784, 386.91299999999995, 161.074), &apos;color_space&apos;: &apos;DeviceGray&apos;, &apos;ncolor&apos;: None, &apos;size&apos;: 13.29000000000002, &apos;value&apos;: &apos;.&apos;, &apos;children&apos;: [], &apos;features&apos;: {}}, {&apos;type&apos;: &apos;text&apos;, &apos;bbox&apos;: (386.91299999999995, 147.784, 389.68299999999994, 161.074), &apos;color_space&apos;: &apos;DeviceGray&apos;, &apos;ncolor&apos;: None, &apos;size&apos;: 13.29000000000002, &apos;value&apos;: &apos;.&apos;, &apos;children&apos;: [], &apos;features&apos;: {}}, {&apos;type&apos;: &apos;text&apos;, &apos;bbox&apos;: (389.68299999999994, 147.784, 392.4529999999999, 161.074), &apos;color_space&apos;: &apos;DeviceGray&apos;, &apos;ncolor&apos;: None, &apos;size&apos;: 13.29000000000002, &apos;value&apos;: &apos;.&apos;, &apos;children&apos;: [], &apos;features&apos;: {}}, {&apos;type&apos;: &apos;text&apos;, &apos;bbox&apos;: (392.453, 147.784, 395.22299999999996, 161.074), &apos;color_space&apos;: &apos;DeviceGray&apos;, &apos;ncolor&apos;: None, &apos;size&apos;: 13.29000000000002, &apos;value&apos;: &apos;.&apos;, &apos;children&apos;: [], &apos;features&apos;: {}}, {&apos;type&apos;: &apos;text&apos;, &apos;bbox&apos;: (395.22299999999996, 147.784, 397.99299999999994, 161.074), &apos;color_space&apos;: &apos;DeviceGray&apos;, &apos;ncolor&apos;: None, &apos;size&apos;: 13.29000000000002, &apos;value&apos;: &apos;.&apos;, &apos;children&apos;: [], &apos;features&apos;: {}}, {&apos;type&apos;: &apos;text&apos;, &apos;bbox&apos;: (397.99299999999994, 147.784, 400.7629999999999, 161.074), &apos;color_space&apos;: &apos;DeviceGray&apos;, &apos;ncolor&apos;: None, &apos;size&apos;: 13.29000000000002, &apos;value&apos;: &apos;.&apos;, &apos;children&apos;: [], &apos;features&apos;: {}}, {&apos;type&apos;: &apos;text&apos;, &apos;bbox&apos;: (400.7629999999999, 147.784, 403.5329999999999, 161.074), &apos;color_space&apos;: &apos;DeviceGray&apos;, &apos;ncolor&apos;: None, &apos;size&apos;: 13.29000000000002, &apos;value&apos;: &apos;.&apos;, &apos;children&apos;: [], &apos;features&apos;: {}}, {&apos;type&apos;: &apos;text&apos;, &apos;bbox&apos;: (403.53299999999996, 147.784, 406.30299999999994, 161.074), &apos;color_space&apos;: &apos;DeviceGray&apos;, &apos;ncolor&apos;: None, &apos;size&apos;: 13.29000000000002, &apos;value&apos;: &apos;.&apos;, &apos;children&apos;: [], &apos;features&apos;: {}}, {&apos;type&apos;: &apos;text&apos;, &apos;bbox&apos;: (406.303, 147.784, 409.073, 161.074), &apos;color_space&apos;: &apos;DeviceGray&apos;, &apos;ncolor&apos;: None, &apos;size&apos;: 13.29000000000002, &apos;value&apos;: &apos;.&apos;, &apos;children&apos;: [], &apos;features&apos;: {}}, {&apos;type&apos;: &apos;text&apos;, &apos;bbox&apos;: (409.073, 147.784, 411.84299999999996, 161.074), &apos;color_space&apos;: &apos;DeviceGray&apos;, &apos;ncolor&apos;: None, &apos;size&apos;: 13.29000000000002, &apos;value&apos;: &apos;.&apos;, &apos;children&apos;: [], &apos;features&apos;: {}}, {&apos;type&apos;: &apos;text&apos;, &apos;bbox&apos;: (411.84299999999996, 147.784, 414.61299999999994, 161.074), &apos;color_space&apos;: &apos;DeviceGray&apos;, &apos;ncolor&apos;: None, &apos;size&apos;: 13.29000000000002, &apos;value&apos;: &apos;.&apos;, &apos;children&apos;: [], &apos;features&apos;: {}}, {&apos;type&apos;: &apos;text&apos;, &apos;bbox&apos;: (414.613, 147.784, 417.383, 161.074), &apos;color_space&apos;: &apos;DeviceGray&apos;, &apos;ncolor&apos;: None, &apos;size&apos;: 13.29000000000002, &apos;value&apos;: &apos;.&apos;, &apos;children&apos;: [], &apos;features&apos;: {}}, {&apos;type&apos;: &apos;text&apos;, &apos;bbox&apos;: (417.38300000000004, 147.784, 420.153, 161.074), &apos;color_space&apos;: &apos;DeviceGray&apos;, &apos;ncolor&apos;: None, &apos;size&apos;: 13.29000000000002, &apos;value&apos;: &apos;.&apos;, &apos;children&apos;: [], &apos;features&apos;: {}}, {&apos;type&apos;: &apos;text&apos;, &apos;bbox&apos;: (420.153, 147.784, 422.923, 161.074), &apos;color_space&apos;: &apos;DeviceGray&apos;, &apos;ncolor&apos;: None, &apos;size&apos;: 13.29000000000002, &apos;value&apos;: &apos;.&apos;, &apos;children&apos;: [], &apos;features&apos;: {}}, {&apos;type&apos;: &apos;text&apos;, &apos;bbox&apos;: (422.923, 147.784, 425.693, 161.074), &apos;color_space&apos;: &apos;DeviceGray&apos;, &apos;ncolor&apos;: None, &apos;size&apos;: 13.29000000000002, &apos;value&apos;: &apos;.&apos;, &apos;children&apos;: [], &apos;features&apos;: {}}, {&apos;type&apos;: &apos;text&apos;, &apos;bbox&apos;: (425.69300000000004, 147.784, 428.463, 161.074), &apos;color_space&apos;: &apos;DeviceGray&apos;, &apos;ncolor&apos;: None, &apos;size&apos;: 13.29000000000002, &apos;value&apos;: &apos;.&apos;, &apos;children&apos;: [], &apos;features&apos;: {}}, {&apos;type&apos;: &apos;text&apos;, &apos;bbox&apos;: (428.4630000000001, 147.784, 431.23300000000006, 161.074), &apos;color_space&apos;: &apos;DeviceGray&apos;, &apos;ncolor&apos;: None, &apos;size&apos;: 13.29000000000002, &apos;value&apos;: &apos;.&apos;, &apos;children&apos;: [], &apos;features&apos;: {}}, {&apos;type&apos;: &apos;text&apos;, &apos;bbox&apos;: (431.23300000000006, 147.784, 434.00300000000004, 161.074), &apos;color_space&apos;: &apos;DeviceGray&apos;, &apos;ncolor&apos;: None, &apos;size&apos;: 13.29000000000002, &apos;value&apos;: &apos;.&apos;, &apos;children&apos;: [], &apos;features&apos;: {}}, {&apos;type&apos;: &apos;text&apos;, &apos;bbox&apos;: (434.00300000000004, 147.784, 436.773, 161.074), &apos;color_space&apos;: &apos;DeviceGray&apos;, &apos;ncolor&apos;: None, &apos;size&apos;: 13.29000000000002, &apos;value&apos;: &apos;.&apos;, &apos;children&apos;: [], &apos;features&apos;: {}}, {&apos;type&apos;: &apos;text&apos;, &apos;bbox&apos;: (436.7730000000001, 147.784, 439.54300000000006, 161.074), &apos;color_space&apos;: &apos;DeviceGray&apos;, &apos;ncolor&apos;: None, &apos;size&apos;: 13.29000000000002, &apos;value&apos;: &apos;.&apos;, &apos;children&apos;: [], &apos;features&apos;: {}}, {&apos;type&apos;: &apos;text&apos;, &apos;bbox&apos;: (439.5430000000001, 147.784, 442.3130000000001, 161.074), &apos;color_space&apos;: &apos;DeviceGray&apos;, &apos;ncolor&apos;: None, &apos;size&apos;: 13.29000000000002, &apos;value&apos;: &apos;.&apos;, &apos;children&apos;: [], &apos;features&apos;: {}}, {&apos;type&apos;: &apos;text&apos;, &apos;bbox&apos;: (442.3130000000001, 147.784, 445.0830000000001, 161.074), &apos;color_space&apos;: &apos;DeviceGray&apos;, &apos;ncolor&apos;: None, &apos;size&apos;: 13.29000000000002, &apos;value&apos;: &apos;.&apos;, &apos;children&apos;: [], &apos;features&apos;: {}}, {&apos;type&apos;: &apos;text&apos;, &apos;bbox&apos;: (445.0830000000001, 147.784, 447.85300000000007, 161.074), &apos;color_space&apos;: &apos;DeviceGray&apos;, &apos;ncolor&apos;: None, &apos;size&apos;: 13.29000000000002, &apos;value&apos;: &apos;.&apos;, &apos;children&apos;: [], &apos;features&apos;: {}}, {&apos;type&apos;: &apos;text&apos;, &apos;bbox&apos;: (447.8530000000001, 147.784, 450.6230000000001, 161.074), &apos;color_space&apos;: &apos;DeviceGray&apos;, &apos;ncolor&apos;: None, &apos;size&apos;: 13.29000000000002, &apos;value&apos;: &apos;.&apos;, &apos;children&apos;: [], &apos;features&apos;: {}}, {&apos;type&apos;: &apos;text&apos;, &apos;bbox&apos;: (450.62300000000016, 147.784, 453.39300000000014, 161.074), &apos;color_space&apos;: &apos;DeviceGray&apos;, &apos;ncolor&apos;: None, &apos;size&apos;: 13.29000000000002, &apos;value&apos;: &apos;.&apos;, &apos;children&apos;: [], &apos;features&apos;: {}}, {&apos;type&apos;: &apos;text&apos;, &apos;bbox&apos;: (453.39300000000014, 147.784, 456.1630000000001, 161.074), &apos;color_space&apos;: &apos;DeviceGray&apos;, &apos;ncolor&apos;: None, &apos;size&apos;: 13.29000000000002, &apos;value&apos;: &apos;.&apos;, &apos;children&apos;: [], &apos;features&apos;: {}}, {&apos;type&apos;: &apos;text&apos;, &apos;bbox&apos;: (456.1630000000001, 147.784, 458.9330000000001, 161.074), &apos;color_space&apos;: &apos;DeviceGray&apos;, &apos;ncolor&apos;: None, &apos;size&apos;: 13.29000000000002, &apos;value&apos;: &apos;.&apos;, &apos;children&apos;: [], &apos;features&apos;: {}}, {&apos;type&apos;: &apos;text&apos;, &apos;bbox&apos;: (458.93300000000016, 147.784, 461.70300000000015, 161.074), &apos;color_space&apos;: &apos;DeviceGray&apos;, &apos;ncolor&apos;: None, &apos;size&apos;: 13.29000000000002, &apos;value&apos;: &apos;.&apos;, &apos;children&apos;: [], &apos;features&apos;: {}}, {&apos;type&apos;: &apos;text&apos;, &apos;bbox&apos;: (461.7030000000002, 147.784, 464.4730000000002, 161.074), &apos;color_space&apos;: &apos;DeviceGray&apos;, &apos;ncolor&apos;: None, &apos;size&apos;: 13.29000000000002, &apos;value&apos;: &apos;.&apos;, &apos;children&apos;: [], &apos;features&apos;: {}}, {&apos;type&apos;: &apos;text&apos;, &apos;bbox&apos;: (464.4730000000002, 147.784, 467.24300000000017, 161.074), &apos;color_space&apos;: &apos;DeviceGray&apos;, &apos;ncolor&apos;: None, &apos;size&apos;: 13.29000000000002, &apos;value&apos;: &apos;.&apos;, &apos;children&apos;: [], &apos;features&apos;: {}}, {&apos;type&apos;: &apos;text&apos;, &apos;bbox&apos;: (467.24300000000017, 147.784, 470.01300000000015, 161.074), &apos;color_space&apos;: &apos;DeviceGray&apos;, &apos;ncolor&apos;: None, &apos;size&apos;: 13.29000000000002, &apos;value&apos;: &apos;.&apos;, &apos;children&apos;: [], &apos;features&apos;: {}}, {&apos;type&apos;: &apos;text&apos;, &apos;bbox&apos;: (470.0130000000002, 147.784, 472.7830000000002, 161.074), &apos;color_space&apos;: &apos;DeviceGray&apos;, &apos;ncolor&apos;: None, &apos;size&apos;: 13.29000000000002, &apos;value&apos;: &apos;.&apos;, &apos;children&apos;: [], &apos;features&apos;: {}}, {&apos;type&apos;: &apos;text&apos;, &apos;bbox&apos;: (472.78300000000024, 147.784, 475.5530000000002, 161.074), &apos;color_space&apos;: &apos;DeviceGray&apos;, &apos;ncolor&apos;: None, &apos;size&apos;: 13.29000000000002, &apos;value&apos;: &apos;.&apos;, &apos;children&apos;: [], &apos;features&apos;: {}}, {&apos;type&apos;: &apos;text&apos;, &apos;bbox&apos;: (475.5530000000002, 147.784, 478.3230000000002, 161.074), &apos;color_space&apos;: &apos;DeviceGray&apos;, &apos;ncolor&apos;: None, &apos;size&apos;: 13.29000000000002, &apos;value&apos;: &apos;.&apos;, &apos;children&apos;: [], &apos;features&apos;: {}}, {&apos;type&apos;: &apos;text&apos;, &apos;bbox&apos;: (478.3230000000002, 147.784, 481.0930000000002, 161.074), &apos;color_space&apos;: &apos;DeviceGray&apos;, &apos;ncolor&apos;: None, &apos;size&apos;: 13.29000000000002, &apos;value&apos;: &apos;.&apos;, &apos;children&apos;: [], &apos;features&apos;: {}}, {&apos;type&apos;: &apos;text&apos;, &apos;bbox&apos;: (481.09300000000025, 147.784, 483.8630000000002, 161.074), &apos;color_space&apos;: &apos;DeviceGray&apos;, &apos;ncolor&apos;: None, &apos;size&apos;: 13.29000000000002, &apos;value&apos;: &apos;.&apos;, &apos;children&apos;: [], &apos;features&apos;: {}}, {&apos;type&apos;: &apos;text&apos;, &apos;bbox&apos;: (483.8630000000003, 147.784, 486.63300000000027, 161.074), &apos;color_space&apos;: &apos;DeviceGray&apos;, &apos;ncolor&apos;: None, &apos;size&apos;: 13.29000000000002, &apos;value&apos;: &apos;.&apos;, &apos;children&apos;: [], &apos;features&apos;: {}}, {&apos;type&apos;: &apos;text&apos;, &apos;bbox&apos;: (486.63300000000027, 147.784, 489.40300000000025, 161.074), &apos;color_space&apos;: &apos;DeviceGray&apos;, &apos;ncolor&apos;: None, &apos;size&apos;: 13.29000000000002, &apos;value&apos;: &apos;.&apos;, &apos;children&apos;: [], &apos;features&apos;: {}}, {&apos;type&apos;: &apos;text&apos;, &apos;bbox&apos;: (489.40300000000025, 147.784, 492.17300000000023, 161.074), &apos;color_space&apos;: &apos;DeviceGray&apos;, &apos;ncolor&apos;: None, &apos;size&apos;: 13.29000000000002, &apos;value&apos;: &apos;.&apos;, &apos;children&apos;: [], &apos;features&apos;: {}}, {&apos;type&apos;: &apos;text&apos;, &apos;bbox&apos;: (492.1730000000003, 147.784, 494.94300000000027, 161.074), &apos;color_space&apos;: &apos;DeviceGray&apos;, &apos;ncolor&apos;: None, &apos;size&apos;: 13.29000000000002, &apos;value&apos;: &apos;.&apos;, &apos;children&apos;: [], &apos;features&apos;: {}}, {&apos;type&apos;: &apos;text&apos;, &apos;bbox&apos;: (494.9430000000003, 147.784, 497.7130000000003, 161.074), &apos;color_space&apos;: &apos;DeviceGray&apos;, &apos;ncolor&apos;: None, &apos;size&apos;: 13.29000000000002, &apos;value&apos;: &apos;.&apos;, &apos;children&apos;: [], &apos;features&apos;: {}}, {&apos;type&apos;: &apos;text&apos;, &apos;bbox&apos;: (497.7130000000003, 147.784, 500.4830000000003, 161.074), &apos;color_space&apos;: &apos;DeviceGray&apos;, &apos;ncolor&apos;: None, &apos;size&apos;: 13.29000000000002, &apos;value&apos;: &apos;.&apos;, &apos;children&apos;: [], &apos;features&apos;: {}}, {&apos;type&apos;: &apos;text&apos;, &apos;bbox&apos;: (500.4830000000003, 147.784, 503.25300000000027, 161.074), &apos;color_space&apos;: &apos;DeviceGray&apos;, &apos;ncolor&apos;: None, &apos;size&apos;: 13.29000000000002, &apos;value&apos;: &apos;.&apos;, &apos;children&apos;: [], &apos;features&apos;: {}}, {&apos;type&apos;: &apos;text&apos;, &apos;bbox&apos;: (503.2530000000003, 147.784, 506.0230000000003, 161.074), &apos;color_space&apos;: &apos;DeviceGray&apos;, &apos;ncolor&apos;: None, &apos;size&apos;: 13.29000000000002, &apos;value&apos;: &apos;.&apos;, &apos;children&apos;: [], &apos;features&apos;: {}}, {&apos;type&apos;: &apos;text&apos;, &apos;bbox&apos;: (506.02300000000037, 147.784, 508.79300000000035, 161.074), &apos;color_space&apos;: &apos;DeviceGray&apos;, &apos;ncolor&apos;: None, &apos;size&apos;: 13.29000000000002, &apos;value&apos;: &apos;.&apos;, &apos;children&apos;: [], &apos;features&apos;: {}}, {&apos;type&apos;: &apos;text&apos;, &apos;bbox&apos;: (508.79300000000035, 147.784, 511.56300000000033, 161.074), &apos;color_space&apos;: &apos;DeviceGray&apos;, &apos;ncolor&apos;: None, &apos;size&apos;: 13.29000000000002, &apos;value&apos;: &apos;.&apos;, &apos;children&apos;: [], &apos;features&apos;: {}}, {&apos;type&apos;: &apos;text&apos;, &apos;bbox&apos;: (514.425, 147.784, 519.9849999999999, 161.074), &apos;color_space&apos;: &apos;DeviceGray&apos;, &apos;ncolor&apos;: None, &apos;size&apos;: 13.29000000000002, &apos;value&apos;: &apos;2&apos;, &apos;children&apos;: [], &apos;features&apos;: {}}, {&apos;type&apos;: &apos;text&apos;, &apos;bbox&apos;: (519.9849999999999, 147.784, 523.3149999999999, 161.074), &apos;color_space&apos;: &apos;DeviceGray&apos;, &apos;ncolor&apos;: None, &apos;size&apos;: 13.29000000000002, &apos;value&apos;: &apos;-&apos;, &apos;children&apos;: [], &apos;features&apos;: {}}, {&apos;type&apos;: &apos;text&apos;, &apos;bbox&apos;: (523.315, 147.784, 528.875, 161.074), &apos;color_space&apos;: &apos;DeviceGray&apos;, &apos;ncolor&apos;: None, &apos;size&apos;: 13.29000000000002, &apos;value&apos;: &apos;2&apos;, &apos;children&apos;: [], &apos;features&apos;: {}}, {&apos;type&apos;: &apos;text&apos;, &apos;bbox&apos;: (528.875, 147.784, 534.435, 161.074), &apos;color_space&apos;: &apos;DeviceGray&apos;, &apos;ncolor&apos;: None, &apos;size&apos;: 13.29000000000002, &apos;value&apos;: &apos;1&apos;, &apos;children&apos;: [], &apos;features&apos;: {}}, {&apos;type&apos;: &apos;text&apos;, &apos;bbox&apos;: (534.4350000000001, 147.784, 539.995, 161.074), &apos;color_space&apos;: &apos;DeviceGray&apos;, &apos;ncolor&apos;: None, &apos;size&apos;: 13.29000000000002, &apos;value&apos;: &apos;0&apos;, &apos;children&apos;: [], &apos;features&apos;: {}}], &apos;features&apos;: {}}
*********************





--------------------------------- CONTENT AREA --------------------------------- 
This content area has an image
{&apos;type&apos;: &apos;figure&apos;, &apos;bbox&apos;: (0, 0, 612.0, 792.0), &apos;name&apos;: &apos;fx15&apos;, &apos;children&apos;: [{&apos;type&apos;: &apos;text&apos;, &apos;bbox&apos;: (114.0, 131.56199999999998, 119.57, 145.04199999999997), &apos;color_space&apos;: &apos;DeviceGray&apos;, &apos;ncolor&apos;: None, &apos;size&apos;: 13.47999999999999, &apos;value&apos;: &apos;F&apos;, &apos;children&apos;: [], &apos;features&apos;: {}}, {&apos;type&apos;: &apos;text&apos;, &apos;bbox&apos;: (119.57, 131.56199999999998, 125.66999999999999, 145.04199999999997), &apos;color_space&apos;: &apos;DeviceGray&apos;, &apos;ncolor&apos;: None, &apos;size&apos;: 13.47999999999999, &apos;value&apos;: &apos;S&apos;, &apos;children&apos;: [], &apos;features&apos;: {}}, {&apos;type&apos;: &apos;text&apos;, &apos;bbox&apos;: (125.67, 131.56199999999998, 129.56, 145.04199999999997), &apos;color_space&apos;: &apos;DeviceGray&apos;, &apos;ncolor&apos;: None, &apos;size&apos;: 13.47999999999999, &apos;value&apos;: &apos;I&apos;, &apos;children&apos;: [], &apos;features&apos;: {}}, {&apos;type&apos;: &apos;text&apos;, &apos;bbox&apos;: (129.56, 131.56199999999998, 134.56, 145.04199999999997), &apos;color_space&apos;: &apos;DeviceGray&apos;, &apos;ncolor&apos;: None, &apos;size&apos;: 13.47999999999999, &apos;value&apos;: &apos;_&apos;, &apos;children&apos;: [], &apos;features&apos;: {}}, {&apos;type&apos;: &apos;text&apos;, &apos;bbox&apos;: (134.56, 131.56199999999998, 142.87, 145.04199999999997), &apos;color_space&apos;: &apos;DeviceGray&apos;, &apos;ncolor&apos;: None, &apos;size&apos;: 13.47999999999999, &apos;value&apos;: &apos;D&apos;, &apos;children&apos;: [], &apos;features&apos;: {}}, {&apos;type&apos;: &apos;text&apos;, &apos;bbox&apos;: (142.87, 131.56199999999998, 147.87, 145.04199999999997), &apos;color_space&apos;: &apos;DeviceGray&apos;, &apos;ncolor&apos;: None, &apos;size&apos;: 13.47999999999999, &apos;value&apos;: &apos;_&apos;, &apos;children&apos;: [], &apos;features&apos;: {}}, {&apos;type&apos;: &apos;text&apos;, &apos;bbox&apos;: (147.87, 131.56199999999998, 155.0, 145.04199999999997), &apos;color_space&apos;: &apos;DeviceGray&apos;, &apos;ncolor&apos;: None, &apos;size&apos;: 13.47999999999999, &apos;value&apos;: &apos;R&apos;, &apos;children&apos;: [], &apos;features&apos;: {}}, {&apos;type&apos;: &apos;text&apos;, &apos;bbox&apos;: (155.0, 131.56199999999998, 161.05, 145.04199999999997), &apos;color_space&apos;: &apos;DeviceGray&apos;, &apos;ncolor&apos;: None, &apos;size&apos;: 13.47999999999999, &apos;value&apos;: &apos;E&apos;, &apos;children&apos;: [], &apos;features&apos;: {}}, {&apos;type&apos;: &apos;text&apos;, &apos;bbox&apos;: (161.05, 131.56199999999998, 167.71, 145.04199999999997), &apos;color_space&apos;: &apos;DeviceGray&apos;, &apos;ncolor&apos;: None, &apos;size&apos;: 13.47999999999999, &apos;value&apos;: &apos;T&apos;, &apos;children&apos;: [], &apos;features&apos;: {}}, {&apos;type&apos;: &apos;text&apos;, &apos;bbox&apos;: (167.71, 131.56199999999998, 171.6, 145.04199999999997), &apos;color_space&apos;: &apos;DeviceGray&apos;, &apos;ncolor&apos;: None, &apos;size&apos;: 13.47999999999999, &apos;value&apos;: &apos;I&apos;, &apos;children&apos;: [], &apos;features&apos;: {}}, {&apos;type&apos;: &apos;text&apos;, &apos;bbox&apos;: (171.60000000000002, 131.56199999999998, 178.73000000000002, 145.04199999999997), &apos;color_space&apos;: &apos;DeviceGray&apos;, &apos;ncolor&apos;: None, &apos;size&apos;: 13.47999999999999, &apos;value&apos;: &apos;R&apos;, &apos;children&apos;: [], &apos;features&apos;: {}}, {&apos;type&apos;: &apos;text&apos;, &apos;bbox&apos;: (178.73000000000002, 131.56199999999998, 184.78000000000003, 145.04199999999997), &apos;color_space&apos;: &apos;DeviceGray&apos;, &apos;ncolor&apos;: None, &apos;size&apos;: 13.47999999999999, &apos;value&apos;: &apos;E&apos;, &apos;children&apos;: [], &apos;features&apos;: {}}, {&apos;type&apos;: &apos;text&apos;, &apos;bbox&apos;: (184.78, 131.56199999999998, 194.78, 145.04199999999997), &apos;color_space&apos;: &apos;DeviceGray&apos;, &apos;ncolor&apos;: None, &apos;size&apos;: 13.47999999999999, &apos;value&apos;: &apos;M&apos;, &apos;children&apos;: [], &apos;features&apos;: {}}, {&apos;type&apos;: &apos;text&apos;, &apos;bbox&apos;: (194.78, 131.56199999999998, 200.83, 145.04199999999997), &apos;color_space&apos;: &apos;DeviceGray&apos;, &apos;ncolor&apos;: None, &apos;size&apos;: 13.47999999999999, &apos;value&apos;: &apos;E&apos;, &apos;children&apos;: [], &apos;features&apos;: {}}, {&apos;type&apos;: &apos;text&apos;, &apos;bbox&apos;: (200.82999999999998, 131.56199999999998, 209.16, 145.04199999999997), &apos;color_space&apos;: &apos;DeviceGray&apos;, &apos;ncolor&apos;: None, &apos;size&apos;: 13.47999999999999, &apos;value&apos;: &apos;N&apos;, &apos;children&apos;: [], &apos;features&apos;: {}}, {&apos;type&apos;: &apos;text&apos;, &apos;bbox&apos;: (209.16, 131.56199999999998, 215.82, 145.04199999999997), &apos;color_space&apos;: &apos;DeviceGray&apos;, &apos;ncolor&apos;: None, &apos;size&apos;: 13.47999999999999, &apos;value&apos;: &apos;T&apos;, &apos;children&apos;: [], &apos;features&apos;: {}}, {&apos;type&apos;: &apos;text&apos;, &apos;bbox&apos;: (215.82, 131.56199999999998, 220.82, 145.04199999999997), &apos;color_space&apos;: &apos;DeviceGray&apos;, &apos;ncolor&apos;: None, &apos;size&apos;: 13.47999999999999, &apos;value&apos;: &apos;_&apos;, &apos;children&apos;: [], &apos;features&apos;: {}}, {&apos;type&apos;: &apos;text&apos;, &apos;bbox&apos;: (220.82, 131.56199999999998, 228.59, 145.04199999999997), &apos;color_space&apos;: &apos;DeviceGray&apos;, &apos;ncolor&apos;: None, &apos;size&apos;: 13.47999999999999, &apos;value&apos;: &apos;A&apos;, &apos;children&apos;: [], &apos;features&apos;: {}}, {&apos;type&apos;: &apos;text&apos;, &apos;bbox&apos;: (228.58999999999997, 131.56199999999998, 235.80999999999997, 145.04199999999997), &apos;color_space&apos;: &apos;DeviceGray&apos;, &apos;ncolor&apos;: None, &apos;size&apos;: 13.47999999999999, &apos;value&apos;: &apos;C&apos;, &apos;children&apos;: [], &apos;features&apos;: {}}, {&apos;type&apos;: &apos;text&apos;, &apos;bbox&apos;: (235.81, 131.56199999999998, 243.03, 145.04199999999997), &apos;color_space&apos;: &apos;DeviceGray&apos;, &apos;ncolor&apos;: None, &apos;size&apos;: 13.47999999999999, &apos;value&apos;: &apos;C&apos;, &apos;children&apos;: [], &apos;features&apos;: {}}, {&apos;type&apos;: &apos;text&apos;, &apos;bbox&apos;: (243.03, 131.56199999999998, 251.36, 145.04199999999997), &apos;color_space&apos;: &apos;DeviceGray&apos;, &apos;ncolor&apos;: None, &apos;size&apos;: 13.47999999999999, &apos;value&apos;: &apos;O&apos;, &apos;children&apos;: [], &apos;features&apos;: {}}, {&apos;type&apos;: &apos;text&apos;, &apos;bbox&apos;: (251.36, 131.56199999999998, 259.13, 145.04199999999997), &apos;color_space&apos;: &apos;DeviceGray&apos;, &apos;ncolor&apos;: None, &apos;size&apos;: 13.47999999999999, &apos;value&apos;: &apos;U&apos;, &apos;children&apos;: [], &apos;features&apos;: {}}, {&apos;type&apos;: &apos;text&apos;, &apos;bbox&apos;: (259.13, 131.56199999999998, 267.46, 145.04199999999997), &apos;color_space&apos;: &apos;DeviceGray&apos;, &apos;ncolor&apos;: None, &apos;size&apos;: 13.47999999999999, &apos;value&apos;: &apos;N&apos;, &apos;children&apos;: [], &apos;features&apos;: {}}, {&apos;type&apos;: &apos;text&apos;, &apos;bbox&apos;: (267.46000000000004, 131.56199999999998, 274.12000000000006, 145.04199999999997), &apos;color_space&apos;: &apos;DeviceGray&apos;, &apos;ncolor&apos;: None, &apos;size&apos;: 13.47999999999999, &apos;value&apos;: &apos;T&apos;, &apos;children&apos;: [], &apos;features&apos;: {}}, {&apos;type&apos;: &apos;text&apos;, &apos;bbox&apos;: (274.12, 131.56199999999998, 280.22, 145.04199999999997), &apos;color_space&apos;: &apos;DeviceGray&apos;, &apos;ncolor&apos;: None, &apos;size&apos;: 13.47999999999999, &apos;value&apos;: &apos;S&apos;, &apos;children&apos;: [], &apos;features&apos;: {}}, {&apos;type&apos;: &apos;text&apos;, &apos;bbox&apos;: (280.342, 132.29299999999998, 283.11199999999997, 145.583), &apos;color_space&apos;: &apos;DeviceGray&apos;, &apos;ncolor&apos;: None, &apos;size&apos;: 13.29000000000002, &apos;value&apos;: &apos;.&apos;, &apos;children&apos;: [], &apos;features&apos;: {}}, {&apos;type&apos;: &apos;text&apos;, &apos;bbox&apos;: (283.11199999999997, 132.29299999999998, 285.88199999999995, 145.583), &apos;color_space&apos;: &apos;DeviceGray&apos;, &apos;ncolor&apos;: None, &apos;size&apos;: 13.29000000000002, &apos;value&apos;: &apos;.&apos;, &apos;children&apos;: [], &apos;features&apos;: {}}, {&apos;type&apos;: &apos;text&apos;, &apos;bbox&apos;: (285.882, 132.29299999999998, 288.652, 145.583), &apos;color_space&apos;: &apos;DeviceGray&apos;, &apos;ncolor&apos;: None, &apos;size&apos;: 13.29000000000002, &apos;value&apos;: &apos;.&apos;, &apos;children&apos;: [], &apos;features&apos;: {}}, {&apos;type&apos;: &apos;text&apos;, &apos;bbox&apos;: (288.652, 132.29299999999998, 291.42199999999997, 145.583), &apos;color_space&apos;: &apos;DeviceGray&apos;, &apos;ncolor&apos;: None, &apos;size&apos;: 13.29000000000002, &apos;value&apos;: &apos;.&apos;, &apos;children&apos;: [], &apos;features&apos;: {}}, {&apos;type&apos;: &apos;text&apos;, &apos;bbox&apos;: (291.42199999999997, 132.29299999999998, 294.19199999999995, 145.583), &apos;color_space&apos;: &apos;DeviceGray&apos;, &apos;ncolor&apos;: None, &apos;size&apos;: 13.29000000000002, &apos;value&apos;: &apos;.&apos;, &apos;children&apos;: [], &apos;features&apos;: {}}, {&apos;type&apos;: &apos;text&apos;, &apos;bbox&apos;: (294.192, 132.29299999999998, 296.962, 145.583), &apos;color_space&apos;: &apos;DeviceGray&apos;, &apos;ncolor&apos;: None, &apos;size&apos;: 13.29000000000002, &apos;value&apos;: &apos;.&apos;, &apos;children&apos;: [], &apos;features&apos;: {}}, {&apos;type&apos;: &apos;text&apos;, &apos;bbox&apos;: (296.962, 132.29299999999998, 299.73199999999997, 145.583), &apos;color_space&apos;: &apos;DeviceGray&apos;, &apos;ncolor&apos;: None, &apos;size&apos;: 13.29000000000002, &apos;value&apos;: &apos;.&apos;, &apos;children&apos;: [], &apos;features&apos;: {}}, {&apos;type&apos;: &apos;text&apos;, &apos;bbox&apos;: (299.73199999999997, 132.29299999999998, 302.50199999999995, 145.583), &apos;color_space&apos;: &apos;DeviceGray&apos;, &apos;ncolor&apos;: None, &apos;size&apos;: 13.29000000000002, &apos;value&apos;: &apos;.&apos;, &apos;children&apos;: [], &apos;features&apos;: {}}, {&apos;type&apos;: &apos;text&apos;, &apos;bbox&apos;: (302.502, 132.29299999999998, 305.272, 145.583), &apos;color_space&apos;: &apos;DeviceGray&apos;, &apos;ncolor&apos;: None, &apos;size&apos;: 13.29000000000002, &apos;value&apos;: &apos;.&apos;, &apos;children&apos;: [], &apos;features&apos;: {}}, {&apos;type&apos;: &apos;text&apos;, &apos;bbox&apos;: (305.272, 132.29299999999998, 308.042, 145.583), &apos;color_space&apos;: &apos;DeviceGray&apos;, &apos;ncolor&apos;: None, &apos;size&apos;: 13.29000000000002, &apos;value&apos;: &apos;.&apos;, &apos;children&apos;: [], &apos;features&apos;: {}}, {&apos;type&apos;: &apos;text&apos;, &apos;bbox&apos;: (308.042, 132.29299999999998, 310.81199999999995, 145.583), &apos;color_space&apos;: &apos;DeviceGray&apos;, &apos;ncolor&apos;: None, &apos;size&apos;: 13.29000000000002, &apos;value&apos;: &apos;.&apos;, &apos;children&apos;: [], &apos;features&apos;: {}}, {&apos;type&apos;: &apos;text&apos;, &apos;bbox&apos;: (310.812, 132.29299999999998, 313.582, 145.583), &apos;color_space&apos;: &apos;DeviceGray&apos;, &apos;ncolor&apos;: None, &apos;size&apos;: 13.29000000000002, &apos;value&apos;: &apos;.&apos;, &apos;children&apos;: [], &apos;features&apos;: {}}, {&apos;type&apos;: &apos;text&apos;, &apos;bbox&apos;: (313.582, 132.29299999999998, 316.352, 145.583), &apos;color_space&apos;: &apos;DeviceGray&apos;, &apos;ncolor&apos;: None, &apos;size&apos;: 13.29000000000002, &apos;value&apos;: &apos;.&apos;, &apos;children&apos;: [], &apos;features&apos;: {}}, {&apos;type&apos;: &apos;text&apos;, &apos;bbox&apos;: (316.352, 132.29299999999998, 319.12199999999996, 145.583), &apos;color_space&apos;: &apos;DeviceGray&apos;, &apos;ncolor&apos;: None, &apos;size&apos;: 13.29000000000002, &apos;value&apos;: &apos;.&apos;, &apos;children&apos;: [], &apos;features&apos;: {}}, {&apos;type&apos;: &apos;text&apos;, &apos;bbox&apos;: (319.122, 132.29299999999998, 321.892, 145.583), &apos;color_space&apos;: &apos;DeviceGray&apos;, &apos;ncolor&apos;: None, &apos;size&apos;: 13.29000000000002, &apos;value&apos;: &apos;.&apos;, &apos;children&apos;: [], &apos;features&apos;: {}}, {&apos;type&apos;: &apos;text&apos;, &apos;bbox&apos;: (321.892, 132.29299999999998, 324.662, 145.583), &apos;color_space&apos;: &apos;DeviceGray&apos;, &apos;ncolor&apos;: None, &apos;size&apos;: 13.29000000000002, &apos;value&apos;: &apos;.&apos;, &apos;children&apos;: [], &apos;features&apos;: {}}, {&apos;type&apos;: &apos;text&apos;, &apos;bbox&apos;: (324.662, 132.29299999999998, 327.43199999999996, 145.583), &apos;color_space&apos;: &apos;DeviceGray&apos;, &apos;ncolor&apos;: None, &apos;size&apos;: 13.29000000000002, &apos;value&apos;: &apos;.&apos;, &apos;children&apos;: [], &apos;features&apos;: {}}, {&apos;type&apos;: &apos;text&apos;, &apos;bbox&apos;: (327.432, 132.29299999999998, 330.202, 145.583), &apos;color_space&apos;: &apos;DeviceGray&apos;, &apos;ncolor&apos;: None, &apos;size&apos;: 13.29000000000002, &apos;value&apos;: &apos;.&apos;, &apos;children&apos;: [], &apos;features&apos;: {}}, {&apos;type&apos;: &apos;text&apos;, &apos;bbox&apos;: (330.202, 132.29299999999998, 332.972, 145.583), &apos;color_space&apos;: &apos;DeviceGray&apos;, &apos;ncolor&apos;: None, &apos;size&apos;: 13.29000000000002, &apos;value&apos;: &apos;.&apos;, &apos;children&apos;: [], &apos;features&apos;: {}}, {&apos;type&apos;: &apos;text&apos;, &apos;bbox&apos;: (332.972, 132.29299999999998, 335.74199999999996, 145.583), &apos;color_space&apos;: &apos;DeviceGray&apos;, &apos;ncolor&apos;: None, &apos;size&apos;: 13.29000000000002, &apos;value&apos;: &apos;.&apos;, &apos;children&apos;: [], &apos;features&apos;: {}}, {&apos;type&apos;: &apos;text&apos;, &apos;bbox&apos;: (335.742, 132.29299999999998, 338.512, 145.583), &apos;color_space&apos;: &apos;DeviceGray&apos;, &apos;ncolor&apos;: None, &apos;size&apos;: 13.29000000000002, &apos;value&apos;: &apos;.&apos;, &apos;children&apos;: [], &apos;features&apos;: {}}, {&apos;type&apos;: &apos;text&apos;, &apos;bbox&apos;: (338.512, 132.29299999999998, 341.282, 145.583), &apos;color_space&apos;: &apos;DeviceGray&apos;, &apos;ncolor&apos;: None, &apos;size&apos;: 13.29000000000002, &apos;value&apos;: &apos;.&apos;, &apos;children&apos;: [], &apos;features&apos;: {}}, {&apos;type&apos;: &apos;text&apos;, &apos;bbox&apos;: (341.28200000000004, 132.29299999999998, 344.052, 145.583), &apos;color_space&apos;: &apos;DeviceGray&apos;, &apos;ncolor&apos;: None, &apos;size&apos;: 13.29000000000002, &apos;value&apos;: &apos;.&apos;, &apos;children&apos;: [], &apos;features&apos;: {}}, {&apos;type&apos;: &apos;text&apos;, &apos;bbox&apos;: (344.052, 132.29299999999998, 346.822, 145.583), &apos;color_space&apos;: &apos;DeviceGray&apos;, &apos;ncolor&apos;: None, &apos;size&apos;: 13.29000000000002, &apos;value&apos;: &apos;.&apos;, &apos;children&apos;: [], &apos;features&apos;: {}}, {&apos;type&apos;: &apos;text&apos;, &apos;bbox&apos;: (346.822, 132.29299999999998, 349.592, 145.583), &apos;color_space&apos;: &apos;DeviceGray&apos;, &apos;ncolor&apos;: None, &apos;size&apos;: 13.29000000000002, &apos;value&apos;: &apos;.&apos;, &apos;children&apos;: [], &apos;features&apos;: {}}, {&apos;type&apos;: &apos;text&apos;, &apos;bbox&apos;: (349.592, 132.29299999999998, 352.36199999999997, 145.583), &apos;color_space&apos;: &apos;DeviceGray&apos;, &apos;ncolor&apos;: None, &apos;size&apos;: 13.29000000000002, &apos;value&apos;: &apos;.&apos;, &apos;children&apos;: [], &apos;features&apos;: {}}, {&apos;type&apos;: &apos;text&apos;, &apos;bbox&apos;: (352.362, 132.29299999999998, 355.132, 145.583), &apos;color_space&apos;: &apos;DeviceGray&apos;, &apos;ncolor&apos;: None, &apos;size&apos;: 13.29000000000002, &apos;value&apos;: &apos;.&apos;, &apos;children&apos;: [], &apos;features&apos;: {}}, {&apos;type&apos;: &apos;text&apos;, &apos;bbox&apos;: (355.132, 132.29299999999998, 357.902, 145.583), &apos;color_space&apos;: &apos;DeviceGray&apos;, &apos;ncolor&apos;: None, &apos;size&apos;: 13.29000000000002, &apos;value&apos;: &apos;.&apos;, &apos;children&apos;: [], &apos;features&apos;: {}}, {&apos;type&apos;: &apos;text&apos;, &apos;bbox&apos;: (357.902, 132.29299999999998, 360.67199999999997, 145.583), &apos;color_space&apos;: &apos;DeviceGray&apos;, &apos;ncolor&apos;: None, &apos;size&apos;: 13.29000000000002, &apos;value&apos;: &apos;.&apos;, &apos;children&apos;: [], &apos;features&apos;: {}}, {&apos;type&apos;: &apos;text&apos;, &apos;bbox&apos;: (360.672, 132.29299999999998, 363.442, 145.583), &apos;color_space&apos;: &apos;DeviceGray&apos;, &apos;ncolor&apos;: None, &apos;size&apos;: 13.29000000000002, &apos;value&apos;: &apos;.&apos;, &apos;children&apos;: [], &apos;features&apos;: {}}, {&apos;type&apos;: &apos;text&apos;, &apos;bbox&apos;: (363.442, 132.29299999999998, 366.212, 145.583), &apos;color_space&apos;: &apos;DeviceGray&apos;, &apos;ncolor&apos;: None, &apos;size&apos;: 13.29000000000002, &apos;value&apos;: &apos;.&apos;, &apos;children&apos;: [], &apos;features&apos;: {}}, {&apos;type&apos;: &apos;text&apos;, &apos;bbox&apos;: (366.212, 132.29299999999998, 368.98199999999997, 145.583), &apos;color_space&apos;: &apos;DeviceGray&apos;, &apos;ncolor&apos;: None, &apos;size&apos;: 13.29000000000002, &apos;value&apos;: &apos;.&apos;, &apos;children&apos;: [], &apos;features&apos;: {}}, {&apos;type&apos;: &apos;text&apos;, &apos;bbox&apos;: (368.98199999999997, 132.29299999999998, 371.75199999999995, 145.583), &apos;color_space&apos;: &apos;DeviceGray&apos;, &apos;ncolor&apos;: None, &apos;size&apos;: 13.29000000000002, &apos;value&apos;: &apos;.&apos;, &apos;children&apos;: [], &apos;features&apos;: {}}, {&apos;type&apos;: &apos;text&apos;, &apos;bbox&apos;: (371.75199999999995, 132.29299999999998, 374.52199999999993, 145.583), &apos;color_space&apos;: &apos;DeviceGray&apos;, &apos;ncolor&apos;: None, &apos;size&apos;: 13.29000000000002, &apos;value&apos;: &apos;.&apos;, &apos;children&apos;: [], &apos;features&apos;: {}}, {&apos;type&apos;: &apos;text&apos;, &apos;bbox&apos;: (374.522, 132.29299999999998, 377.292, 145.583), &apos;color_space&apos;: &apos;DeviceGray&apos;, &apos;ncolor&apos;: None, &apos;size&apos;: 13.29000000000002, &apos;value&apos;: &apos;.&apos;, &apos;children&apos;: [], &apos;features&apos;: {}}, {&apos;type&apos;: &apos;text&apos;, &apos;bbox&apos;: (377.292, 132.29299999999998, 380.06199999999995, 145.583), &apos;color_space&apos;: &apos;DeviceGray&apos;, &apos;ncolor&apos;: None, &apos;size&apos;: 13.29000000000002, &apos;value&apos;: &apos;.&apos;, &apos;children&apos;: [], &apos;features&apos;: {}}, {&apos;type&apos;: &apos;text&apos;, &apos;bbox&apos;: (380.06199999999995, 132.29299999999998, 382.83199999999994, 145.583), &apos;color_space&apos;: &apos;DeviceGray&apos;, &apos;ncolor&apos;: None, &apos;size&apos;: 13.29000000000002, &apos;value&apos;: &apos;.&apos;, &apos;children&apos;: [], &apos;features&apos;: {}}, {&apos;type&apos;: &apos;text&apos;, &apos;bbox&apos;: (382.832, 132.29299999999998, 385.602, 145.583), &apos;color_space&apos;: &apos;DeviceGray&apos;, &apos;ncolor&apos;: None, &apos;size&apos;: 13.29000000000002, &apos;value&apos;: &apos;.&apos;, &apos;children&apos;: [], &apos;features&apos;: {}}, {&apos;type&apos;: &apos;text&apos;, &apos;bbox&apos;: (385.602, 132.29299999999998, 388.37199999999996, 145.583), &apos;color_space&apos;: &apos;DeviceGray&apos;, &apos;ncolor&apos;: None, &apos;size&apos;: 13.29000000000002, &apos;value&apos;: &apos;.&apos;, &apos;children&apos;: [], &apos;features&apos;: {}}, {&apos;type&apos;: &apos;text&apos;, &apos;bbox&apos;: (388.37199999999996, 132.29299999999998, 391.14199999999994, 145.583), &apos;color_space&apos;: &apos;DeviceGray&apos;, &apos;ncolor&apos;: None, &apos;size&apos;: 13.29000000000002, &apos;value&apos;: &apos;.&apos;, &apos;children&apos;: [], &apos;features&apos;: {}}, {&apos;type&apos;: &apos;text&apos;, &apos;bbox&apos;: (391.14199999999994, 132.29299999999998, 393.9119999999999, 145.583), &apos;color_space&apos;: &apos;DeviceGray&apos;, &apos;ncolor&apos;: None, &apos;size&apos;: 13.29000000000002, &apos;value&apos;: &apos;.&apos;, &apos;children&apos;: [], &apos;features&apos;: {}}, {&apos;type&apos;: &apos;text&apos;, &apos;bbox&apos;: (393.9119999999999, 132.29299999999998, 396.6819999999999, 145.583), &apos;color_space&apos;: &apos;DeviceGray&apos;, &apos;ncolor&apos;: None, &apos;size&apos;: 13.29000000000002, &apos;value&apos;: &apos;.&apos;, &apos;children&apos;: [], &apos;features&apos;: {}}, {&apos;type&apos;: &apos;text&apos;, &apos;bbox&apos;: (396.68199999999996, 132.29299999999998, 399.45199999999994, 145.583), &apos;color_space&apos;: &apos;DeviceGray&apos;, &apos;ncolor&apos;: None, &apos;size&apos;: 13.29000000000002, &apos;value&apos;: &apos;.&apos;, &apos;children&apos;: [], &apos;features&apos;: {}}, {&apos;type&apos;: &apos;text&apos;, &apos;bbox&apos;: (399.45199999999994, 132.29299999999998, 402.2219999999999, 145.583), &apos;color_space&apos;: &apos;DeviceGray&apos;, &apos;ncolor&apos;: None, &apos;size&apos;: 13.29000000000002, &apos;value&apos;: &apos;.&apos;, &apos;children&apos;: [], &apos;features&apos;: {}}, {&apos;type&apos;: &apos;text&apos;, &apos;bbox&apos;: (402.2219999999999, 132.29299999999998, 404.9919999999999, 145.583), &apos;color_space&apos;: &apos;DeviceGray&apos;, &apos;ncolor&apos;: None, &apos;size&apos;: 13.29000000000002, &apos;value&apos;: &apos;.&apos;, &apos;children&apos;: [], &apos;features&apos;: {}}, {&apos;type&apos;: &apos;text&apos;, &apos;bbox&apos;: (404.99199999999996, 132.29299999999998, 407.76199999999994, 145.583), &apos;color_space&apos;: &apos;DeviceGray&apos;, &apos;ncolor&apos;: None, &apos;size&apos;: 13.29000000000002, &apos;value&apos;: &apos;.&apos;, &apos;children&apos;: [], &apos;features&apos;: {}}, {&apos;type&apos;: &apos;text&apos;, &apos;bbox&apos;: (407.76199999999994, 132.29299999999998, 410.5319999999999, 145.583), &apos;color_space&apos;: &apos;DeviceGray&apos;, &apos;ncolor&apos;: None, &apos;size&apos;: 13.29000000000002, &apos;value&apos;: &apos;.&apos;, &apos;children&apos;: [], &apos;features&apos;: {}}, {&apos;type&apos;: &apos;text&apos;, &apos;bbox&apos;: (410.5319999999999, 132.29299999999998, 413.3019999999999, 145.583), &apos;color_space&apos;: &apos;DeviceGray&apos;, &apos;ncolor&apos;: None, &apos;size&apos;: 13.29000000000002, &apos;value&apos;: &apos;.&apos;, &apos;children&apos;: [], &apos;features&apos;: {}}, {&apos;type&apos;: &apos;text&apos;, &apos;bbox&apos;: (413.3019999999999, 132.29299999999998, 416.0719999999999, 145.583), &apos;color_space&apos;: &apos;DeviceGray&apos;, &apos;ncolor&apos;: None, &apos;size&apos;: 13.29000000000002, &apos;value&apos;: &apos;.&apos;, &apos;children&apos;: [], &apos;features&apos;: {}}, {&apos;type&apos;: &apos;text&apos;, &apos;bbox&apos;: (416.07199999999995, 132.29299999999998, 418.8419999999999, 145.583), &apos;color_space&apos;: &apos;DeviceGray&apos;, &apos;ncolor&apos;: None, &apos;size&apos;: 13.29000000000002, &apos;value&apos;: &apos;.&apos;, &apos;children&apos;: [], &apos;features&apos;: {}}, {&apos;type&apos;: &apos;text&apos;, &apos;bbox&apos;: (418.842, 132.29299999999998, 421.61199999999997, 145.583), &apos;color_space&apos;: &apos;DeviceGray&apos;, &apos;ncolor&apos;: None, &apos;size&apos;: 13.29000000000002, &apos;value&apos;: &apos;.&apos;, &apos;children&apos;: [], &apos;features&apos;: {}}, {&apos;type&apos;: &apos;text&apos;, &apos;bbox&apos;: (421.61199999999997, 132.29299999999998, 424.38199999999995, 145.583), &apos;color_space&apos;: &apos;DeviceGray&apos;, &apos;ncolor&apos;: None, &apos;size&apos;: 13.29000000000002, &apos;value&apos;: &apos;.&apos;, &apos;children&apos;: [], &apos;features&apos;: {}}, {&apos;type&apos;: &apos;text&apos;, &apos;bbox&apos;: (424.38199999999995, 132.29299999999998, 427.15199999999993, 145.583), &apos;color_space&apos;: &apos;DeviceGray&apos;, &apos;ncolor&apos;: None, &apos;size&apos;: 13.29000000000002, &apos;value&apos;: &apos;.&apos;, &apos;children&apos;: [], &apos;features&apos;: {}}, {&apos;type&apos;: &apos;text&apos;, &apos;bbox&apos;: (427.152, 132.29299999999998, 429.92199999999997, 145.583), &apos;color_space&apos;: &apos;DeviceGray&apos;, &apos;ncolor&apos;: None, &apos;size&apos;: 13.29000000000002, &apos;value&apos;: &apos;.&apos;, &apos;children&apos;: [], &apos;features&apos;: {}}, {&apos;type&apos;: &apos;text&apos;, &apos;bbox&apos;: (429.922, 132.29299999999998, 432.692, 145.583), &apos;color_space&apos;: &apos;DeviceGray&apos;, &apos;ncolor&apos;: None, &apos;size&apos;: 13.29000000000002, &apos;value&apos;: &apos;.&apos;, &apos;children&apos;: [], &apos;features&apos;: {}}, {&apos;type&apos;: &apos;text&apos;, &apos;bbox&apos;: (432.692, 132.29299999999998, 435.462, 145.583), &apos;color_space&apos;: &apos;DeviceGray&apos;, &apos;ncolor&apos;: None, &apos;size&apos;: 13.29000000000002, &apos;value&apos;: &apos;.&apos;, &apos;children&apos;: [], &apos;features&apos;: {}}, {&apos;type&apos;: &apos;text&apos;, &apos;bbox&apos;: (435.462, 132.29299999999998, 438.23199999999997, 145.583), &apos;color_space&apos;: &apos;DeviceGray&apos;, &apos;ncolor&apos;: None, &apos;size&apos;: 13.29000000000002, &apos;value&apos;: &apos;.&apos;, &apos;children&apos;: [], &apos;features&apos;: {}}, {&apos;type&apos;: &apos;text&apos;, &apos;bbox&apos;: (438.232, 132.29299999999998, 441.002, 145.583), &apos;color_space&apos;: &apos;DeviceGray&apos;, &apos;ncolor&apos;: None, &apos;size&apos;: 13.29000000000002, &apos;value&apos;: &apos;.&apos;, &apos;children&apos;: [], &apos;features&apos;: {}}, {&apos;type&apos;: &apos;text&apos;, &apos;bbox&apos;: (441.00200000000007, 132.29299999999998, 443.77200000000005, 145.583), &apos;color_space&apos;: &apos;DeviceGray&apos;, &apos;ncolor&apos;: None, &apos;size&apos;: 13.29000000000002, &apos;value&apos;: &apos;.&apos;, &apos;children&apos;: [], &apos;features&apos;: {}}, {&apos;type&apos;: &apos;text&apos;, &apos;bbox&apos;: (443.77200000000005, 132.29299999999998, 446.54200000000003, 145.583), &apos;color_space&apos;: &apos;DeviceGray&apos;, &apos;ncolor&apos;: None, &apos;size&apos;: 13.29000000000002, &apos;value&apos;: &apos;.&apos;, &apos;children&apos;: [], &apos;features&apos;: {}}, {&apos;type&apos;: &apos;text&apos;, &apos;bbox&apos;: (446.54200000000003, 132.29299999999998, 449.312, 145.583), &apos;color_space&apos;: &apos;DeviceGray&apos;, &apos;ncolor&apos;: None, &apos;size&apos;: 13.29000000000002, &apos;value&apos;: &apos;.&apos;, &apos;children&apos;: [], &apos;features&apos;: {}}, {&apos;type&apos;: &apos;text&apos;, &apos;bbox&apos;: (449.31200000000007, 132.29299999999998, 452.08200000000005, 145.583), &apos;color_space&apos;: &apos;DeviceGray&apos;, &apos;ncolor&apos;: None, &apos;size&apos;: 13.29000000000002, &apos;value&apos;: &apos;.&apos;, &apos;children&apos;: [], &apos;features&apos;: {}}, {&apos;type&apos;: &apos;text&apos;, &apos;bbox&apos;: (452.0820000000001, 132.29299999999998, 454.8520000000001, 145.583), &apos;color_space&apos;: &apos;DeviceGray&apos;, &apos;ncolor&apos;: None, &apos;size&apos;: 13.29000000000002, &apos;value&apos;: &apos;.&apos;, &apos;children&apos;: [], &apos;features&apos;: {}}, {&apos;type&apos;: &apos;text&apos;, &apos;bbox&apos;: (454.8520000000001, 132.29299999999998, 457.62200000000007, 145.583), &apos;color_space&apos;: &apos;DeviceGray&apos;, &apos;ncolor&apos;: None, &apos;size&apos;: 13.29000000000002, &apos;value&apos;: &apos;.&apos;, &apos;children&apos;: [], &apos;features&apos;: {}}, {&apos;type&apos;: &apos;text&apos;, &apos;bbox&apos;: (457.62200000000007, 132.29299999999998, 460.39200000000005, 145.583), &apos;color_space&apos;: &apos;DeviceGray&apos;, &apos;ncolor&apos;: None, &apos;size&apos;: 13.29000000000002, &apos;value&apos;: &apos;.&apos;, &apos;children&apos;: [], &apos;features&apos;: {}}, {&apos;type&apos;: &apos;text&apos;, &apos;bbox&apos;: (460.3920000000001, 132.29299999999998, 463.1620000000001, 145.583), &apos;color_space&apos;: &apos;DeviceGray&apos;, &apos;ncolor&apos;: None, &apos;size&apos;: 13.29000000000002, &apos;value&apos;: &apos;.&apos;, &apos;children&apos;: [], &apos;features&apos;: {}}, {&apos;type&apos;: &apos;text&apos;, &apos;bbox&apos;: (463.16200000000015, 132.29299999999998, 465.93200000000013, 145.583), &apos;color_space&apos;: &apos;DeviceGray&apos;, &apos;ncolor&apos;: None, &apos;size&apos;: 13.29000000000002, &apos;value&apos;: &apos;.&apos;, &apos;children&apos;: [], &apos;features&apos;: {}}, {&apos;type&apos;: &apos;text&apos;, &apos;bbox&apos;: (465.93200000000013, 132.29299999999998, 468.7020000000001, 145.583), &apos;color_space&apos;: &apos;DeviceGray&apos;, &apos;ncolor&apos;: None, &apos;size&apos;: 13.29000000000002, &apos;value&apos;: &apos;.&apos;, &apos;children&apos;: [], &apos;features&apos;: {}}, {&apos;type&apos;: &apos;text&apos;, &apos;bbox&apos;: (468.7020000000001, 132.29299999999998, 471.4720000000001, 145.583), &apos;color_space&apos;: &apos;DeviceGray&apos;, &apos;ncolor&apos;: None, &apos;size&apos;: 13.29000000000002, &apos;value&apos;: &apos;.&apos;, &apos;children&apos;: [], &apos;features&apos;: {}}, {&apos;type&apos;: &apos;text&apos;, &apos;bbox&apos;: (471.47200000000015, 132.29299999999998, 474.24200000000013, 145.583), &apos;color_space&apos;: &apos;DeviceGray&apos;, &apos;ncolor&apos;: None, &apos;size&apos;: 13.29000000000002, &apos;value&apos;: &apos;.&apos;, &apos;children&apos;: [], &apos;features&apos;: {}}, {&apos;type&apos;: &apos;text&apos;, &apos;bbox&apos;: (474.2420000000002, 132.29299999999998, 477.01200000000017, 145.583), &apos;color_space&apos;: &apos;DeviceGray&apos;, &apos;ncolor&apos;: None, &apos;size&apos;: 13.29000000000002, &apos;value&apos;: &apos;.&apos;, &apos;children&apos;: [], &apos;features&apos;: {}}, {&apos;type&apos;: &apos;text&apos;, &apos;bbox&apos;: (477.01200000000017, 132.29299999999998, 479.78200000000015, 145.583), &apos;color_space&apos;: &apos;DeviceGray&apos;, &apos;ncolor&apos;: None, &apos;size&apos;: 13.29000000000002, &apos;value&apos;: &apos;.&apos;, &apos;children&apos;: [], &apos;features&apos;: {}}, {&apos;type&apos;: &apos;text&apos;, &apos;bbox&apos;: (479.78200000000015, 132.29299999999998, 482.55200000000013, 145.583), &apos;color_space&apos;: &apos;DeviceGray&apos;, &apos;ncolor&apos;: None, &apos;size&apos;: 13.29000000000002, &apos;value&apos;: &apos;.&apos;, &apos;children&apos;: [], &apos;features&apos;: {}}, {&apos;type&apos;: &apos;text&apos;, &apos;bbox&apos;: (482.5520000000002, 132.29299999999998, 485.3220000000002, 145.583), &apos;color_space&apos;: &apos;DeviceGray&apos;, &apos;ncolor&apos;: None, &apos;size&apos;: 13.29000000000002, &apos;value&apos;: &apos;.&apos;, &apos;children&apos;: [], &apos;features&apos;: {}}, {&apos;type&apos;: &apos;text&apos;, &apos;bbox&apos;: (485.32200000000023, 132.29299999999998, 488.0920000000002, 145.583), &apos;color_space&apos;: &apos;DeviceGray&apos;, &apos;ncolor&apos;: None, &apos;size&apos;: 13.29000000000002, &apos;value&apos;: &apos;.&apos;, &apos;children&apos;: [], &apos;features&apos;: {}}, {&apos;type&apos;: &apos;text&apos;, &apos;bbox&apos;: (488.0920000000002, 132.29299999999998, 490.8620000000002, 145.583), &apos;color_space&apos;: &apos;DeviceGray&apos;, &apos;ncolor&apos;: None, &apos;size&apos;: 13.29000000000002, &apos;value&apos;: &apos;.&apos;, &apos;children&apos;: [], &apos;features&apos;: {}}, {&apos;type&apos;: &apos;text&apos;, &apos;bbox&apos;: (490.8620000000002, 132.29299999999998, 493.6320000000002, 145.583), &apos;color_space&apos;: &apos;DeviceGray&apos;, &apos;ncolor&apos;: None, &apos;size&apos;: 13.29000000000002, &apos;value&apos;: &apos;.&apos;, &apos;children&apos;: [], &apos;features&apos;: {}}, {&apos;type&apos;: &apos;text&apos;, &apos;bbox&apos;: (493.63200000000023, 132.29299999999998, 496.4020000000002, 145.583), &apos;color_space&apos;: &apos;DeviceGray&apos;, &apos;ncolor&apos;: None, &apos;size&apos;: 13.29000000000002, &apos;value&apos;: &apos;.&apos;, &apos;children&apos;: [], &apos;features&apos;: {}}, {&apos;type&apos;: &apos;text&apos;, &apos;bbox&apos;: (496.40200000000027, 132.29299999999998, 499.17200000000025, 145.583), &apos;color_space&apos;: &apos;DeviceGray&apos;, &apos;ncolor&apos;: None, &apos;size&apos;: 13.29000000000002, &apos;value&apos;: &apos;.&apos;, &apos;children&apos;: [], &apos;features&apos;: {}}, {&apos;type&apos;: &apos;text&apos;, &apos;bbox&apos;: (499.17200000000025, 132.29299999999998, 501.94200000000023, 145.583), &apos;color_space&apos;: &apos;DeviceGray&apos;, &apos;ncolor&apos;: None, &apos;size&apos;: 13.29000000000002, &apos;value&apos;: &apos;.&apos;, &apos;children&apos;: [], &apos;features&apos;: {}}, {&apos;type&apos;: &apos;text&apos;, &apos;bbox&apos;: (501.94200000000023, 132.29299999999998, 504.7120000000002, 145.583), &apos;color_space&apos;: &apos;DeviceGray&apos;, &apos;ncolor&apos;: None, &apos;size&apos;: 13.29000000000002, &apos;value&apos;: &apos;.&apos;, &apos;children&apos;: [], &apos;features&apos;: {}}, {&apos;type&apos;: &apos;text&apos;, &apos;bbox&apos;: (504.7120000000003, 132.29299999999998, 507.48200000000026, 145.583), &apos;color_space&apos;: &apos;DeviceGray&apos;, &apos;ncolor&apos;: None, &apos;size&apos;: 13.29000000000002, &apos;value&apos;: &apos;.&apos;, &apos;children&apos;: [], &apos;features&apos;: {}}, {&apos;type&apos;: &apos;text&apos;, &apos;bbox&apos;: (507.4820000000003, 132.29299999999998, 510.2520000000003, 145.583), &apos;color_space&apos;: &apos;DeviceGray&apos;, &apos;ncolor&apos;: None, &apos;size&apos;: 13.29000000000002, &apos;value&apos;: &apos;.&apos;, &apos;children&apos;: [], &apos;features&apos;: {}}, {&apos;type&apos;: &apos;text&apos;, &apos;bbox&apos;: (510.2520000000003, 132.29299999999998, 513.0220000000003, 145.583), &apos;color_space&apos;: &apos;DeviceGray&apos;, &apos;ncolor&apos;: None, &apos;size&apos;: 13.29000000000002, &apos;value&apos;: &apos;.&apos;, &apos;children&apos;: [], &apos;features&apos;: {}}, {&apos;type&apos;: &apos;text&apos;, &apos;bbox&apos;: (514.425, 132.29299999999998, 519.9849999999999, 145.583), &apos;color_space&apos;: &apos;DeviceGray&apos;, &apos;ncolor&apos;: None, &apos;size&apos;: 13.29000000000002, &apos;value&apos;: &apos;2&apos;, &apos;children&apos;: [], &apos;features&apos;: {}}, {&apos;type&apos;: &apos;text&apos;, &apos;bbox&apos;: (519.9849999999999, 132.29299999999998, 523.3149999999999, 145.583), &apos;color_space&apos;: &apos;DeviceGray&apos;, &apos;ncolor&apos;: None, &apos;size&apos;: 13.29000000000002, &apos;value&apos;: &apos;-&apos;, &apos;children&apos;: [], &apos;features&apos;: {}}, {&apos;type&apos;: &apos;text&apos;, &apos;bbox&apos;: (523.315, 132.29299999999998, 528.875, 145.583), &apos;color_space&apos;: &apos;DeviceGray&apos;, &apos;ncolor&apos;: None, &apos;size&apos;: 13.29000000000002, &apos;value&apos;: &apos;2&apos;, &apos;children&apos;: [], &apos;features&apos;: {}}, {&apos;type&apos;: &apos;text&apos;, &apos;bbox&apos;: (528.875, 132.29299999999998, 534.435, 145.583), &apos;color_space&apos;: &apos;DeviceGray&apos;, &apos;ncolor&apos;: None, &apos;size&apos;: 13.29000000000002, &apos;value&apos;: &apos;7&apos;, &apos;children&apos;: [], &apos;features&apos;: {}}, {&apos;type&apos;: &apos;text&apos;, &apos;bbox&apos;: (534.4350000000001, 132.29299999999998, 539.995, 145.583), &apos;color_space&apos;: &apos;DeviceGray&apos;, &apos;ncolor&apos;: None, &apos;size&apos;: 13.29000000000002, &apos;value&apos;: &apos;3&apos;, &apos;children&apos;: [], &apos;features&apos;: {}}], &apos;features&apos;: {}}
*********************





--------------------------------- CONTENT AREA --------------------------------- 
This content area has an image
{&apos;type&apos;: &apos;figure&apos;, &apos;bbox&apos;: (0, 0, 612.0, 792.0), &apos;name&apos;: &apos;fx16&apos;, &apos;children&apos;: [{&apos;type&apos;: &apos;text&apos;, &apos;bbox&apos;: (114.0, 116.071, 119.57, 129.551), &apos;color_space&apos;: &apos;DeviceGray&apos;, &apos;ncolor&apos;: None, &apos;size&apos;: 13.47999999999999, &apos;value&apos;: &apos;F&apos;, &apos;children&apos;: [], &apos;features&apos;: {}}, {&apos;type&apos;: &apos;text&apos;, &apos;bbox&apos;: (119.57, 116.071, 125.66999999999999, 129.551), &apos;color_space&apos;: &apos;DeviceGray&apos;, &apos;ncolor&apos;: None, &apos;size&apos;: 13.47999999999999, &apos;value&apos;: &apos;S&apos;, &apos;children&apos;: [], &apos;features&apos;: {}}, {&apos;type&apos;: &apos;text&apos;, &apos;bbox&apos;: (125.67, 116.071, 129.56, 129.551), &apos;color_space&apos;: &apos;DeviceGray&apos;, &apos;ncolor&apos;: None, &apos;size&apos;: 13.47999999999999, &apos;value&apos;: &apos;I&apos;, &apos;children&apos;: [], &apos;features&apos;: {}}, {&apos;type&apos;: &apos;text&apos;, &apos;bbox&apos;: (129.56, 116.071, 134.56, 129.551), &apos;color_space&apos;: &apos;DeviceGray&apos;, &apos;ncolor&apos;: None, &apos;size&apos;: 13.47999999999999, &apos;value&apos;: &apos;_&apos;, &apos;children&apos;: [], &apos;features&apos;: {}}, {&apos;type&apos;: &apos;text&apos;, &apos;bbox&apos;: (134.56, 116.071, 142.87, 129.551), &apos;color_space&apos;: &apos;DeviceGray&apos;, &apos;ncolor&apos;: None, &apos;size&apos;: 13.47999999999999, &apos;value&apos;: &apos;D&apos;, &apos;children&apos;: [], &apos;features&apos;: {}}, {&apos;type&apos;: &apos;text&apos;, &apos;bbox&apos;: (142.87, 116.071, 147.87, 129.551), &apos;color_space&apos;: &apos;DeviceGray&apos;, &apos;ncolor&apos;: None, &apos;size&apos;: 13.47999999999999, &apos;value&apos;: &apos;_&apos;, &apos;children&apos;: [], &apos;features&apos;: {}}, {&apos;type&apos;: &apos;text&apos;, &apos;bbox&apos;: (147.87, 116.071, 151.76, 129.551), &apos;color_space&apos;: &apos;DeviceGray&apos;, &apos;ncolor&apos;: None, &apos;size&apos;: 13.47999999999999, &apos;value&apos;: &apos;I&apos;, &apos;children&apos;: [], &apos;features&apos;: {}}, {&apos;type&apos;: &apos;text&apos;, &apos;bbox&apos;: (151.76, 116.071, 160.09, 129.551), &apos;color_space&apos;: &apos;DeviceGray&apos;, &apos;ncolor&apos;: None, &apos;size&apos;: 13.47999999999999, &apos;value&apos;: &apos;N&apos;, &apos;children&apos;: [], &apos;features&apos;: {}}, {&apos;type&apos;: &apos;text&apos;, &apos;bbox&apos;: (160.09, 116.071, 167.86, 129.551), &apos;color_space&apos;: &apos;DeviceGray&apos;, &apos;ncolor&apos;: None, &apos;size&apos;: 13.47999999999999, &apos;value&apos;: &apos;V&apos;, &apos;children&apos;: [], &apos;features&apos;: {}}, {&apos;type&apos;: &apos;text&apos;, &apos;bbox&apos;: (167.86, 116.071, 173.91000000000003, 129.551), &apos;color_space&apos;: &apos;DeviceGray&apos;, &apos;ncolor&apos;: None, &apos;size&apos;: 13.47999999999999, &apos;value&apos;: &apos;E&apos;, &apos;children&apos;: [], &apos;features&apos;: {}}, {&apos;type&apos;: &apos;text&apos;, &apos;bbox&apos;: (173.91, 116.071, 180.01, 129.551), &apos;color_space&apos;: &apos;DeviceGray&apos;, &apos;ncolor&apos;: None, &apos;size&apos;: 13.47999999999999, &apos;value&apos;: &apos;S&apos;, &apos;children&apos;: [], &apos;features&apos;: {}}, {&apos;type&apos;: &apos;text&apos;, &apos;bbox&apos;: (180.01, 116.071, 186.67, 129.551), &apos;color_space&apos;: &apos;DeviceGray&apos;, &apos;ncolor&apos;: None, &apos;size&apos;: 13.47999999999999, &apos;value&apos;: &apos;T&apos;, &apos;children&apos;: [], &apos;features&apos;: {}}, {&apos;type&apos;: &apos;text&apos;, &apos;bbox&apos;: (186.67000000000002, 116.071, 196.67000000000002, 129.551), &apos;color_space&apos;: &apos;DeviceGray&apos;, &apos;ncolor&apos;: None, &apos;size&apos;: 13.47999999999999, &apos;value&apos;: &apos;M&apos;, &apos;children&apos;: [], &apos;features&apos;: {}}, {&apos;type&apos;: &apos;text&apos;, &apos;bbox&apos;: (196.67000000000002, 116.071, 202.72000000000003, 129.551), &apos;color_space&apos;: &apos;DeviceGray&apos;, &apos;ncolor&apos;: None, &apos;size&apos;: 13.47999999999999, &apos;value&apos;: &apos;E&apos;, &apos;children&apos;: [], &apos;features&apos;: {}}, {&apos;type&apos;: &apos;text&apos;, &apos;bbox&apos;: (202.72, 116.071, 211.05, 129.551), &apos;color_space&apos;: &apos;DeviceGray&apos;, &apos;ncolor&apos;: None, &apos;size&apos;: 13.47999999999999, &apos;value&apos;: &apos;N&apos;, &apos;children&apos;: [], &apos;features&apos;: {}}, {&apos;type&apos;: &apos;text&apos;, &apos;bbox&apos;: (211.05, 116.071, 217.71, 129.551), &apos;color_space&apos;: &apos;DeviceGray&apos;, &apos;ncolor&apos;: None, &apos;size&apos;: 13.47999999999999, &apos;value&apos;: &apos;T&apos;, &apos;children&apos;: [], &apos;features&apos;: {}}, {&apos;type&apos;: &apos;text&apos;, &apos;bbox&apos;: (217.70999999999998, 116.071, 223.80999999999997, 129.551), &apos;color_space&apos;: &apos;DeviceGray&apos;, &apos;ncolor&apos;: None, &apos;size&apos;: 13.47999999999999, &apos;value&apos;: &apos;S&apos;, &apos;children&apos;: [], &apos;features&apos;: {}}, {&apos;type&apos;: &apos;text&apos;, &apos;bbox&apos;: (226.392, 116.802, 229.162, 130.092), &apos;color_space&apos;: &apos;DeviceGray&apos;, &apos;ncolor&apos;: None, &apos;size&apos;: 13.290000000000006, &apos;value&apos;: &apos;.&apos;, &apos;children&apos;: [], &apos;features&apos;: {}}, {&apos;type&apos;: &apos;text&apos;, &apos;bbox&apos;: (229.162, 116.802, 231.93200000000002, 130.092), &apos;color_space&apos;: &apos;DeviceGray&apos;, &apos;ncolor&apos;: None, &apos;size&apos;: 13.290000000000006, &apos;value&apos;: &apos;.&apos;, &apos;children&apos;: [], &apos;features&apos;: {}}, {&apos;type&apos;: &apos;text&apos;, &apos;bbox&apos;: (231.932, 116.802, 234.702, 130.092), &apos;color_space&apos;: &apos;DeviceGray&apos;, &apos;ncolor&apos;: None, &apos;size&apos;: 13.290000000000006, &apos;value&apos;: &apos;.&apos;, &apos;children&apos;: [], &apos;features&apos;: {}}, {&apos;type&apos;: &apos;text&apos;, &apos;bbox&apos;: (234.702, 116.802, 237.472, 130.092), &apos;color_space&apos;: &apos;DeviceGray&apos;, &apos;ncolor&apos;: None, &apos;size&apos;: 13.290000000000006, &apos;value&apos;: &apos;.&apos;, &apos;children&apos;: [], &apos;features&apos;: {}}, {&apos;type&apos;: &apos;text&apos;, &apos;bbox&apos;: (237.472, 116.802, 240.24200000000002, 130.092), &apos;color_space&apos;: &apos;DeviceGray&apos;, &apos;ncolor&apos;: None, &apos;size&apos;: 13.290000000000006, &apos;value&apos;: &apos;.&apos;, &apos;children&apos;: [], &apos;features&apos;: {}}, {&apos;type&apos;: &apos;text&apos;, &apos;bbox&apos;: (240.242, 116.802, 243.012, 130.092), &apos;color_space&apos;: &apos;DeviceGray&apos;, &apos;ncolor&apos;: None, &apos;size&apos;: 13.290000000000006, &apos;value&apos;: &apos;.&apos;, &apos;children&apos;: [], &apos;features&apos;: {}}, {&apos;type&apos;: &apos;text&apos;, &apos;bbox&apos;: (243.012, 116.802, 245.782, 130.092), &apos;color_space&apos;: &apos;DeviceGray&apos;, &apos;ncolor&apos;: None, &apos;size&apos;: 13.290000000000006, &apos;value&apos;: &apos;.&apos;, &apos;children&apos;: [], &apos;features&apos;: {}}, {&apos;type&apos;: &apos;text&apos;, &apos;bbox&apos;: (245.78199999999998, 116.802, 248.552, 130.092), &apos;color_space&apos;: &apos;DeviceGray&apos;, &apos;ncolor&apos;: None, &apos;size&apos;: 13.290000000000006, &apos;value&apos;: &apos;.&apos;, &apos;children&apos;: [], &apos;features&apos;: {}}, {&apos;type&apos;: &apos;text&apos;, &apos;bbox&apos;: (248.552, 116.802, 251.322, 130.092), &apos;color_space&apos;: &apos;DeviceGray&apos;, &apos;ncolor&apos;: None, &apos;size&apos;: 13.290000000000006, &apos;value&apos;: &apos;.&apos;, &apos;children&apos;: [], &apos;features&apos;: {}}, {&apos;type&apos;: &apos;text&apos;, &apos;bbox&apos;: (251.322, 116.802, 254.092, 130.092), &apos;color_space&apos;: &apos;DeviceGray&apos;, &apos;ncolor&apos;: None, &apos;size&apos;: 13.290000000000006, &apos;value&apos;: &apos;.&apos;, &apos;children&apos;: [], &apos;features&apos;: {}}, {&apos;type&apos;: &apos;text&apos;, &apos;bbox&apos;: (254.09199999999998, 116.802, 256.86199999999997, 130.092), &apos;color_space&apos;: &apos;DeviceGray&apos;, &apos;ncolor&apos;: None, &apos;size&apos;: 13.290000000000006, &apos;value&apos;: &apos;.&apos;, &apos;children&apos;: [], &apos;features&apos;: {}}, {&apos;type&apos;: &apos;text&apos;, &apos;bbox&apos;: (256.86199999999997, 116.802, 259.63199999999995, 130.092), &apos;color_space&apos;: &apos;DeviceGray&apos;, &apos;ncolor&apos;: None, &apos;size&apos;: 13.290000000000006, &apos;value&apos;: &apos;.&apos;, &apos;children&apos;: [], &apos;features&apos;: {}}, {&apos;type&apos;: &apos;text&apos;, &apos;bbox&apos;: (259.632, 116.802, 262.402, 130.092), &apos;color_space&apos;: &apos;DeviceGray&apos;, &apos;ncolor&apos;: None, &apos;size&apos;: 13.290000000000006, &apos;value&apos;: &apos;.&apos;, &apos;children&apos;: [], &apos;features&apos;: {}}, {&apos;type&apos;: &apos;text&apos;, &apos;bbox&apos;: (262.402, 116.802, 265.17199999999997, 130.092), &apos;color_space&apos;: &apos;DeviceGray&apos;, &apos;ncolor&apos;: None, &apos;size&apos;: 13.290000000000006, &apos;value&apos;: &apos;.&apos;, &apos;children&apos;: [], &apos;features&apos;: {}}, {&apos;type&apos;: &apos;text&apos;, &apos;bbox&apos;: (265.172, 116.802, 267.942, 130.092), &apos;color_space&apos;: &apos;DeviceGray&apos;, &apos;ncolor&apos;: None, &apos;size&apos;: 13.290000000000006, &apos;value&apos;: &apos;.&apos;, &apos;children&apos;: [], &apos;features&apos;: {}}, {&apos;type&apos;: &apos;text&apos;, &apos;bbox&apos;: (267.942, 116.802, 270.712, 130.092), &apos;color_space&apos;: &apos;DeviceGray&apos;, &apos;ncolor&apos;: None, &apos;size&apos;: 13.290000000000006, &apos;value&apos;: &apos;.&apos;, &apos;children&apos;: [], &apos;features&apos;: {}}, {&apos;type&apos;: &apos;text&apos;, &apos;bbox&apos;: (270.712, 116.802, 273.48199999999997, 130.092), &apos;color_space&apos;: &apos;DeviceGray&apos;, &apos;ncolor&apos;: None, &apos;size&apos;: 13.290000000000006, &apos;value&apos;: &apos;.&apos;, &apos;children&apos;: [], &apos;features&apos;: {}}, {&apos;type&apos;: &apos;text&apos;, &apos;bbox&apos;: (273.482, 116.802, 276.252, 130.092), &apos;color_space&apos;: &apos;DeviceGray&apos;, &apos;ncolor&apos;: None, &apos;size&apos;: 13.290000000000006, &apos;value&apos;: &apos;.&apos;, &apos;children&apos;: [], &apos;features&apos;: {}}, {&apos;type&apos;: &apos;text&apos;, &apos;bbox&apos;: (276.252, 116.802, 279.022, 130.092), &apos;color_space&apos;: &apos;DeviceGray&apos;, &apos;ncolor&apos;: None, &apos;size&apos;: 13.290000000000006, &apos;value&apos;: &apos;.&apos;, &apos;children&apos;: [], &apos;features&apos;: {}}, {&apos;type&apos;: &apos;text&apos;, &apos;bbox&apos;: (279.02200000000005, 116.802, 281.79200000000003, 130.092), &apos;color_space&apos;: &apos;DeviceGray&apos;, &apos;ncolor&apos;: None, &apos;size&apos;: 13.290000000000006, &apos;value&apos;: &apos;.&apos;, &apos;children&apos;: [], &apos;features&apos;: {}}, {&apos;type&apos;: &apos;text&apos;, &apos;bbox&apos;: (281.79200000000003, 116.802, 284.562, 130.092), &apos;color_space&apos;: &apos;DeviceGray&apos;, &apos;ncolor&apos;: None, &apos;size&apos;: 13.290000000000006, &apos;value&apos;: &apos;.&apos;, &apos;children&apos;: [], &apos;features&apos;: {}}, {&apos;type&apos;: &apos;text&apos;, &apos;bbox&apos;: (284.562, 116.802, 287.332, 130.092), &apos;color_space&apos;: &apos;DeviceGray&apos;, &apos;ncolor&apos;: None, &apos;size&apos;: 13.290000000000006, &apos;value&apos;: &apos;.&apos;, &apos;children&apos;: [], &apos;features&apos;: {}}, {&apos;type&apos;: &apos;text&apos;, &apos;bbox&apos;: (287.33200000000005, 116.802, 290.10200000000003, 130.092), &apos;color_space&apos;: &apos;DeviceGray&apos;, &apos;ncolor&apos;: None, &apos;size&apos;: 13.290000000000006, &apos;value&apos;: &apos;.&apos;, &apos;children&apos;: [], &apos;features&apos;: {}}, {&apos;type&apos;: &apos;text&apos;, &apos;bbox&apos;: (290.10200000000003, 116.802, 292.872, 130.092), &apos;color_space&apos;: &apos;DeviceGray&apos;, &apos;ncolor&apos;: None, &apos;size&apos;: 13.290000000000006, &apos;value&apos;: &apos;.&apos;, &apos;children&apos;: [], &apos;features&apos;: {}}, {&apos;type&apos;: &apos;text&apos;, &apos;bbox&apos;: (292.872, 116.802, 295.642, 130.092), &apos;color_space&apos;: &apos;DeviceGray&apos;, &apos;ncolor&apos;: None, &apos;size&apos;: 13.290000000000006, &apos;value&apos;: &apos;.&apos;, &apos;children&apos;: [], &apos;features&apos;: {}}, {&apos;type&apos;: &apos;text&apos;, &apos;bbox&apos;: (295.64200000000005, 116.802, 298.41200000000003, 130.092), &apos;color_space&apos;: &apos;DeviceGray&apos;, &apos;ncolor&apos;: None, &apos;size&apos;: 13.290000000000006, &apos;value&apos;: &apos;.&apos;, &apos;children&apos;: [], &apos;features&apos;: {}}, {&apos;type&apos;: &apos;text&apos;, &apos;bbox&apos;: (298.41200000000003, 116.802, 301.182, 130.092), &apos;color_space&apos;: &apos;DeviceGray&apos;, &apos;ncolor&apos;: None, &apos;size&apos;: 13.290000000000006, &apos;value&apos;: &apos;.&apos;, &apos;children&apos;: [], &apos;features&apos;: {}}, {&apos;type&apos;: &apos;text&apos;, &apos;bbox&apos;: (301.182, 116.802, 303.952, 130.092), &apos;color_space&apos;: &apos;DeviceGray&apos;, &apos;ncolor&apos;: None, &apos;size&apos;: 13.290000000000006, &apos;value&apos;: &apos;.&apos;, &apos;children&apos;: [], &apos;features&apos;: {}}, {&apos;type&apos;: &apos;text&apos;, &apos;bbox&apos;: (303.952, 116.802, 306.722, 130.092), &apos;color_space&apos;: &apos;DeviceGray&apos;, &apos;ncolor&apos;: None, &apos;size&apos;: 13.290000000000006, &apos;value&apos;: &apos;.&apos;, &apos;children&apos;: [], &apos;features&apos;: {}}, {&apos;type&apos;: &apos;text&apos;, &apos;bbox&apos;: (306.722, 116.802, 309.49199999999996, 130.092), &apos;color_space&apos;: &apos;DeviceGray&apos;, &apos;ncolor&apos;: None, &apos;size&apos;: 13.290000000000006, &apos;value&apos;: &apos;.&apos;, &apos;children&apos;: [], &apos;features&apos;: {}}, {&apos;type&apos;: &apos;text&apos;, &apos;bbox&apos;: (309.492, 116.802, 312.262, 130.092), &apos;color_space&apos;: &apos;DeviceGray&apos;, &apos;ncolor&apos;: None, &apos;size&apos;: 13.290000000000006, &apos;value&apos;: &apos;.&apos;, &apos;children&apos;: [], &apos;features&apos;: {}}, {&apos;type&apos;: &apos;text&apos;, &apos;bbox&apos;: (312.262, 116.802, 315.032, 130.092), &apos;color_space&apos;: &apos;DeviceGray&apos;, &apos;ncolor&apos;: None, &apos;size&apos;: 13.290000000000006, &apos;value&apos;: &apos;.&apos;, &apos;children&apos;: [], &apos;features&apos;: {}}, {&apos;type&apos;: &apos;text&apos;, &apos;bbox&apos;: (315.032, 116.802, 317.80199999999996, 130.092), &apos;color_space&apos;: &apos;DeviceGray&apos;, &apos;ncolor&apos;: None, &apos;size&apos;: 13.290000000000006, &apos;value&apos;: &apos;.&apos;, &apos;children&apos;: [], &apos;features&apos;: {}}, {&apos;type&apos;: &apos;text&apos;, &apos;bbox&apos;: (317.802, 116.802, 320.572, 130.092), &apos;color_space&apos;: &apos;DeviceGray&apos;, &apos;ncolor&apos;: None, &apos;size&apos;: 13.290000000000006, &apos;value&apos;: &apos;.&apos;, &apos;children&apos;: [], &apos;features&apos;: {}}, {&apos;type&apos;: &apos;text&apos;, &apos;bbox&apos;: (320.572, 116.802, 323.342, 130.092), &apos;color_space&apos;: &apos;DeviceGray&apos;, &apos;ncolor&apos;: None, &apos;size&apos;: 13.290000000000006, &apos;value&apos;: &apos;.&apos;, &apos;children&apos;: [], &apos;features&apos;: {}}, {&apos;type&apos;: &apos;text&apos;, &apos;bbox&apos;: (323.342, 116.802, 326.11199999999997, 130.092), &apos;color_space&apos;: &apos;DeviceGray&apos;, &apos;ncolor&apos;: None, &apos;size&apos;: 13.290000000000006, &apos;value&apos;: &apos;.&apos;, &apos;children&apos;: [], &apos;features&apos;: {}}, {&apos;type&apos;: &apos;text&apos;, &apos;bbox&apos;: (326.11199999999997, 116.802, 328.88199999999995, 130.092), &apos;color_space&apos;: &apos;DeviceGray&apos;, &apos;ncolor&apos;: None, &apos;size&apos;: 13.290000000000006, &apos;value&apos;: &apos;.&apos;, &apos;children&apos;: [], &apos;features&apos;: {}}, {&apos;type&apos;: &apos;text&apos;, &apos;bbox&apos;: (328.88199999999995, 116.802, 331.65199999999993, 130.092), &apos;color_space&apos;: &apos;DeviceGray&apos;, &apos;ncolor&apos;: None, &apos;size&apos;: 13.290000000000006, &apos;value&apos;: &apos;.&apos;, &apos;children&apos;: [], &apos;features&apos;: {}}, {&apos;type&apos;: &apos;text&apos;, &apos;bbox&apos;: (331.652, 116.802, 334.42199999999997, 130.092), &apos;color_space&apos;: &apos;DeviceGray&apos;, &apos;ncolor&apos;: None, &apos;size&apos;: 13.290000000000006, &apos;value&apos;: &apos;.&apos;, &apos;children&apos;: [], &apos;features&apos;: {}}, {&apos;type&apos;: &apos;text&apos;, &apos;bbox&apos;: (334.42199999999997, 116.802, 337.19199999999995, 130.092), &apos;color_space&apos;: &apos;DeviceGray&apos;, &apos;ncolor&apos;: None, &apos;size&apos;: 13.290000000000006, &apos;value&apos;: &apos;.&apos;, &apos;children&apos;: [], &apos;features&apos;: {}}, {&apos;type&apos;: &apos;text&apos;, &apos;bbox&apos;: (337.19199999999995, 116.802, 339.96199999999993, 130.092), &apos;color_space&apos;: &apos;DeviceGray&apos;, &apos;ncolor&apos;: None, &apos;size&apos;: 13.290000000000006, &apos;value&apos;: &apos;.&apos;, &apos;children&apos;: [], &apos;features&apos;: {}}, {&apos;type&apos;: &apos;text&apos;, &apos;bbox&apos;: (339.962, 116.802, 342.73199999999997, 130.092), &apos;color_space&apos;: &apos;DeviceGray&apos;, &apos;ncolor&apos;: None, &apos;size&apos;: 13.290000000000006, &apos;value&apos;: &apos;.&apos;, &apos;children&apos;: [], &apos;features&apos;: {}}, {&apos;type&apos;: &apos;text&apos;, &apos;bbox&apos;: (342.73199999999997, 116.802, 345.50199999999995, 130.092), &apos;color_space&apos;: &apos;DeviceGray&apos;, &apos;ncolor&apos;: None, &apos;size&apos;: 13.290000000000006, &apos;value&apos;: &apos;.&apos;, &apos;children&apos;: [], &apos;features&apos;: {}}, {&apos;type&apos;: &apos;text&apos;, &apos;bbox&apos;: (345.50199999999995, 116.802, 348.27199999999993, 130.092), &apos;color_space&apos;: &apos;DeviceGray&apos;, &apos;ncolor&apos;: None, &apos;size&apos;: 13.290000000000006, &apos;value&apos;: &apos;.&apos;, &apos;children&apos;: [], &apos;features&apos;: {}}, {&apos;type&apos;: &apos;text&apos;, &apos;bbox&apos;: (348.27199999999993, 116.802, 351.0419999999999, 130.092), &apos;color_space&apos;: &apos;DeviceGray&apos;, &apos;ncolor&apos;: None, &apos;size&apos;: 13.290000000000006, &apos;value&apos;: &apos;.&apos;, &apos;children&apos;: [], &apos;features&apos;: {}}, {&apos;type&apos;: &apos;text&apos;, &apos;bbox&apos;: (351.0419999999999, 116.802, 353.8119999999999, 130.092), &apos;color_space&apos;: &apos;DeviceGray&apos;, &apos;ncolor&apos;: None, &apos;size&apos;: 13.290000000000006, &apos;value&apos;: &apos;.&apos;, &apos;children&apos;: [], &apos;features&apos;: {}}, {&apos;type&apos;: &apos;text&apos;, &apos;bbox&apos;: (353.81199999999995, 116.802, 356.58199999999994, 130.092), &apos;color_space&apos;: &apos;DeviceGray&apos;, &apos;ncolor&apos;: None, &apos;size&apos;: 13.290000000000006, &apos;value&apos;: &apos;.&apos;, &apos;children&apos;: [], &apos;features&apos;: {}}, {&apos;type&apos;: &apos;text&apos;, &apos;bbox&apos;: (356.58199999999994, 116.802, 359.3519999999999, 130.092), &apos;color_space&apos;: &apos;DeviceGray&apos;, &apos;ncolor&apos;: None, &apos;size&apos;: 13.290000000000006, &apos;value&apos;: &apos;.&apos;, &apos;children&apos;: [], &apos;features&apos;: {}}, {&apos;type&apos;: &apos;text&apos;, &apos;bbox&apos;: (359.352, 116.802, 362.12199999999996, 130.092), &apos;color_space&apos;: &apos;DeviceGray&apos;, &apos;ncolor&apos;: None, &apos;size&apos;: 13.290000000000006, &apos;value&apos;: &apos;.&apos;, &apos;children&apos;: [], &apos;features&apos;: {}}, {&apos;type&apos;: &apos;text&apos;, &apos;bbox&apos;: (362.12199999999996, 116.802, 364.89199999999994, 130.092), &apos;color_space&apos;: &apos;DeviceGray&apos;, &apos;ncolor&apos;: None, &apos;size&apos;: 13.290000000000006, &apos;value&apos;: &apos;.&apos;, &apos;children&apos;: [], &apos;features&apos;: {}}, {&apos;type&apos;: &apos;text&apos;, &apos;bbox&apos;: (364.89199999999994, 116.802, 367.6619999999999, 130.092), &apos;color_space&apos;: &apos;DeviceGray&apos;, &apos;ncolor&apos;: None, &apos;size&apos;: 13.290000000000006, &apos;value&apos;: &apos;.&apos;, &apos;children&apos;: [], &apos;features&apos;: {}}, {&apos;type&apos;: &apos;text&apos;, &apos;bbox&apos;: (367.662, 116.802, 370.43199999999996, 130.092), &apos;color_space&apos;: &apos;DeviceGray&apos;, &apos;ncolor&apos;: None, &apos;size&apos;: 13.290000000000006, &apos;value&apos;: &apos;.&apos;, &apos;children&apos;: [], &apos;features&apos;: {}}, {&apos;type&apos;: &apos;text&apos;, &apos;bbox&apos;: (370.432, 116.802, 373.202, 130.092), &apos;color_space&apos;: &apos;DeviceGray&apos;, &apos;ncolor&apos;: None, &apos;size&apos;: 13.290000000000006, &apos;value&apos;: &apos;.&apos;, &apos;children&apos;: [], &apos;features&apos;: {}}, {&apos;type&apos;: &apos;text&apos;, &apos;bbox&apos;: (373.202, 116.802, 375.972, 130.092), &apos;color_space&apos;: &apos;DeviceGray&apos;, &apos;ncolor&apos;: None, &apos;size&apos;: 13.290000000000006, &apos;value&apos;: &apos;.&apos;, &apos;children&apos;: [], &apos;features&apos;: {}}, {&apos;type&apos;: &apos;text&apos;, &apos;bbox&apos;: (375.972, 116.802, 378.74199999999996, 130.092), &apos;color_space&apos;: &apos;DeviceGray&apos;, &apos;ncolor&apos;: None, &apos;size&apos;: 13.290000000000006, &apos;value&apos;: &apos;.&apos;, &apos;children&apos;: [], &apos;features&apos;: {}}, {&apos;type&apos;: &apos;text&apos;, &apos;bbox&apos;: (378.742, 116.802, 381.512, 130.092), &apos;color_space&apos;: &apos;DeviceGray&apos;, &apos;ncolor&apos;: None, &apos;size&apos;: 13.290000000000006, &apos;value&apos;: &apos;.&apos;, &apos;children&apos;: [], &apos;features&apos;: {}}, {&apos;type&apos;: &apos;text&apos;, &apos;bbox&apos;: (381.51200000000006, 116.802, 384.28200000000004, 130.092), &apos;color_space&apos;: &apos;DeviceGray&apos;, &apos;ncolor&apos;: None, &apos;size&apos;: 13.290000000000006, &apos;value&apos;: &apos;.&apos;, &apos;children&apos;: [], &apos;features&apos;: {}}, {&apos;type&apos;: &apos;text&apos;, &apos;bbox&apos;: (384.28200000000004, 116.802, 387.052, 130.092), &apos;color_space&apos;: &apos;DeviceGray&apos;, &apos;ncolor&apos;: None, &apos;size&apos;: 13.290000000000006, &apos;value&apos;: &apos;.&apos;, &apos;children&apos;: [], &apos;features&apos;: {}}, {&apos;type&apos;: &apos;text&apos;, &apos;bbox&apos;: (387.052, 116.802, 389.822, 130.092), &apos;color_space&apos;: &apos;DeviceGray&apos;, &apos;ncolor&apos;: None, &apos;size&apos;: 13.290000000000006, &apos;value&apos;: &apos;.&apos;, &apos;children&apos;: [], &apos;features&apos;: {}}, {&apos;type&apos;: &apos;text&apos;, &apos;bbox&apos;: (389.82200000000006, 116.802, 392.59200000000004, 130.092), &apos;color_space&apos;: &apos;DeviceGray&apos;, &apos;ncolor&apos;: None, &apos;size&apos;: 13.290000000000006, &apos;value&apos;: &apos;.&apos;, &apos;children&apos;: [], &apos;features&apos;: {}}, {&apos;type&apos;: &apos;text&apos;, &apos;bbox&apos;: (392.5920000000001, 116.802, 395.3620000000001, 130.092), &apos;color_space&apos;: &apos;DeviceGray&apos;, &apos;ncolor&apos;: None, &apos;size&apos;: 13.290000000000006, &apos;value&apos;: &apos;.&apos;, &apos;children&apos;: [], &apos;features&apos;: {}}, {&apos;type&apos;: &apos;text&apos;, &apos;bbox&apos;: (395.3620000000001, 116.802, 398.13200000000006, 130.092), &apos;color_space&apos;: &apos;DeviceGray&apos;, &apos;ncolor&apos;: None, &apos;size&apos;: 13.290000000000006, &apos;value&apos;: &apos;.&apos;, &apos;children&apos;: [], &apos;features&apos;: {}}, {&apos;type&apos;: &apos;text&apos;, &apos;bbox&apos;: (398.13200000000006, 116.802, 400.90200000000004, 130.092), &apos;color_space&apos;: &apos;DeviceGray&apos;, &apos;ncolor&apos;: None, &apos;size&apos;: 13.290000000000006, &apos;value&apos;: &apos;.&apos;, &apos;children&apos;: [], &apos;features&apos;: {}}, {&apos;type&apos;: &apos;text&apos;, &apos;bbox&apos;: (400.9020000000001, 116.802, 403.6720000000001, 130.092), &apos;color_space&apos;: &apos;DeviceGray&apos;, &apos;ncolor&apos;: None, &apos;size&apos;: 13.290000000000006, &apos;value&apos;: &apos;.&apos;, &apos;children&apos;: [], &apos;features&apos;: {}}, {&apos;type&apos;: &apos;text&apos;, &apos;bbox&apos;: (403.67200000000014, 116.802, 406.4420000000001, 130.092), &apos;color_space&apos;: &apos;DeviceGray&apos;, &apos;ncolor&apos;: None, &apos;size&apos;: 13.290000000000006, &apos;value&apos;: &apos;.&apos;, &apos;children&apos;: [], &apos;features&apos;: {}}, {&apos;type&apos;: &apos;text&apos;, &apos;bbox&apos;: (406.4420000000001, 116.802, 409.2120000000001, 130.092), &apos;color_space&apos;: &apos;DeviceGray&apos;, &apos;ncolor&apos;: None, &apos;size&apos;: 13.290000000000006, &apos;value&apos;: &apos;.&apos;, &apos;children&apos;: [], &apos;features&apos;: {}}, {&apos;type&apos;: &apos;text&apos;, &apos;bbox&apos;: (409.2120000000001, 116.802, 411.9820000000001, 130.092), &apos;color_space&apos;: &apos;DeviceGray&apos;, &apos;ncolor&apos;: None, &apos;size&apos;: 13.290000000000006, &apos;value&apos;: &apos;.&apos;, &apos;children&apos;: [], &apos;features&apos;: {}}, {&apos;type&apos;: &apos;text&apos;, &apos;bbox&apos;: (411.98200000000014, 116.802, 414.7520000000001, 130.092), &apos;color_space&apos;: &apos;DeviceGray&apos;, &apos;ncolor&apos;: None, &apos;size&apos;: 13.290000000000006, &apos;value&apos;: &apos;.&apos;, &apos;children&apos;: [], &apos;features&apos;: {}}, {&apos;type&apos;: &apos;text&apos;, &apos;bbox&apos;: (414.7520000000002, 116.802, 417.52200000000016, 130.092), &apos;color_space&apos;: &apos;DeviceGray&apos;, &apos;ncolor&apos;: None, &apos;size&apos;: 13.290000000000006, &apos;value&apos;: &apos;.&apos;, &apos;children&apos;: [], &apos;features&apos;: {}}, {&apos;type&apos;: &apos;text&apos;, &apos;bbox&apos;: (417.52200000000016, 116.802, 420.29200000000014, 130.092), &apos;color_space&apos;: &apos;DeviceGray&apos;, &apos;ncolor&apos;: None, &apos;size&apos;: 13.290000000000006, &apos;value&apos;: &apos;.&apos;, &apos;children&apos;: [], &apos;features&apos;: {}}, {&apos;type&apos;: &apos;text&apos;, &apos;bbox&apos;: (420.29200000000014, 116.802, 423.0620000000001, 130.092), &apos;color_space&apos;: &apos;DeviceGray&apos;, &apos;ncolor&apos;: None, &apos;size&apos;: 13.290000000000006, &apos;value&apos;: &apos;.&apos;, &apos;children&apos;: [], &apos;features&apos;: {}}, {&apos;type&apos;: &apos;text&apos;, &apos;bbox&apos;: (423.0620000000002, 116.802, 425.83200000000016, 130.092), &apos;color_space&apos;: &apos;DeviceGray&apos;, &apos;ncolor&apos;: None, &apos;size&apos;: 13.290000000000006, &apos;value&apos;: &apos;.&apos;, &apos;children&apos;: [], &apos;features&apos;: {}}, {&apos;type&apos;: &apos;text&apos;, &apos;bbox&apos;: (425.8320000000002, 116.802, 428.6020000000002, 130.092), &apos;color_space&apos;: &apos;DeviceGray&apos;, &apos;ncolor&apos;: None, &apos;size&apos;: 13.290000000000006, &apos;value&apos;: &apos;.&apos;, &apos;children&apos;: [], &apos;features&apos;: {}}, {&apos;type&apos;: &apos;text&apos;, &apos;bbox&apos;: (428.6020000000002, 116.802, 431.3720000000002, 130.092), &apos;color_space&apos;: &apos;DeviceGray&apos;, &apos;ncolor&apos;: None, &apos;size&apos;: 13.290000000000006, &apos;value&apos;: &apos;.&apos;, &apos;children&apos;: [], &apos;features&apos;: {}}, {&apos;type&apos;: &apos;text&apos;, &apos;bbox&apos;: (431.3720000000002, 116.802, 434.14200000000017, 130.092), &apos;color_space&apos;: &apos;DeviceGray&apos;, &apos;ncolor&apos;: None, &apos;size&apos;: 13.290000000000006, &apos;value&apos;: &apos;.&apos;, &apos;children&apos;: [], &apos;features&apos;: {}}, {&apos;type&apos;: &apos;text&apos;, &apos;bbox&apos;: (434.1420000000002, 116.802, 436.9120000000002, 130.092), &apos;color_space&apos;: &apos;DeviceGray&apos;, &apos;ncolor&apos;: None, &apos;size&apos;: 13.290000000000006, &apos;value&apos;: &apos;.&apos;, &apos;children&apos;: [], &apos;features&apos;: {}}, {&apos;type&apos;: &apos;text&apos;, &apos;bbox&apos;: (436.91200000000026, 116.802, 439.68200000000024, 130.092), &apos;color_space&apos;: &apos;DeviceGray&apos;, &apos;ncolor&apos;: None, &apos;size&apos;: 13.290000000000006, &apos;value&apos;: &apos;.&apos;, &apos;children&apos;: [], &apos;features&apos;: {}}, {&apos;type&apos;: &apos;text&apos;, &apos;bbox&apos;: (439.68200000000024, 116.802, 442.4520000000002, 130.092), &apos;color_space&apos;: &apos;DeviceGray&apos;, &apos;ncolor&apos;: None, &apos;size&apos;: 13.290000000000006, &apos;value&apos;: &apos;.&apos;, &apos;children&apos;: [], &apos;features&apos;: {}}, {&apos;type&apos;: &apos;text&apos;, &apos;bbox&apos;: (442.4520000000002, 116.802, 445.2220000000002, 130.092), &apos;color_space&apos;: &apos;DeviceGray&apos;, &apos;ncolor&apos;: None, &apos;size&apos;: 13.290000000000006, &apos;value&apos;: &apos;.&apos;, &apos;children&apos;: [], &apos;features&apos;: {}}, {&apos;type&apos;: &apos;text&apos;, &apos;bbox&apos;: (445.22200000000026, 116.802, 447.99200000000025, 130.092), &apos;color_space&apos;: &apos;DeviceGray&apos;, &apos;ncolor&apos;: None, &apos;size&apos;: 13.290000000000006, &apos;value&apos;: &apos;.&apos;, &apos;children&apos;: [], &apos;features&apos;: {}}, {&apos;type&apos;: &apos;text&apos;, &apos;bbox&apos;: (447.9920000000003, 116.802, 450.7620000000003, 130.092), &apos;color_space&apos;: &apos;DeviceGray&apos;, &apos;ncolor&apos;: None, &apos;size&apos;: 13.290000000000006, &apos;value&apos;: &apos;.&apos;, &apos;children&apos;: [], &apos;features&apos;: {}}, {&apos;type&apos;: &apos;text&apos;, &apos;bbox&apos;: (450.7620000000003, 116.802, 453.53200000000027, 130.092), &apos;color_space&apos;: &apos;DeviceGray&apos;, &apos;ncolor&apos;: None, &apos;size&apos;: 13.290000000000006, &apos;value&apos;: &apos;.&apos;, &apos;children&apos;: [], &apos;features&apos;: {}}, {&apos;type&apos;: &apos;text&apos;, &apos;bbox&apos;: (453.53200000000027, 116.802, 456.30200000000025, 130.092), &apos;color_space&apos;: &apos;DeviceGray&apos;, &apos;ncolor&apos;: None, &apos;size&apos;: 13.290000000000006, &apos;value&apos;: &apos;.&apos;, &apos;children&apos;: [], &apos;features&apos;: {}}, {&apos;type&apos;: &apos;text&apos;, &apos;bbox&apos;: (456.3020000000003, 116.802, 459.0720000000003, 130.092), &apos;color_space&apos;: &apos;DeviceGray&apos;, &apos;ncolor&apos;: None, &apos;size&apos;: 13.290000000000006, &apos;value&apos;: &apos;.&apos;, &apos;children&apos;: [], &apos;features&apos;: {}}, {&apos;type&apos;: &apos;text&apos;, &apos;bbox&apos;: (459.07200000000034, 116.802, 461.8420000000003, 130.092), &apos;color_space&apos;: &apos;DeviceGray&apos;, &apos;ncolor&apos;: None, &apos;size&apos;: 13.290000000000006, &apos;value&apos;: &apos;.&apos;, &apos;children&apos;: [], &apos;features&apos;: {}}, {&apos;type&apos;: &apos;text&apos;, &apos;bbox&apos;: (461.8420000000003, 116.802, 464.6120000000003, 130.092), &apos;color_space&apos;: &apos;DeviceGray&apos;, &apos;ncolor&apos;: None, &apos;size&apos;: 13.290000000000006, &apos;value&apos;: &apos;.&apos;, &apos;children&apos;: [], &apos;features&apos;: {}}, {&apos;type&apos;: &apos;text&apos;, &apos;bbox&apos;: (464.6120000000003, 116.802, 467.3820000000003, 130.092), &apos;color_space&apos;: &apos;DeviceGray&apos;, &apos;ncolor&apos;: None, &apos;size&apos;: 13.290000000000006, &apos;value&apos;: &apos;.&apos;, &apos;children&apos;: [], &apos;features&apos;: {}}, {&apos;type&apos;: &apos;text&apos;, &apos;bbox&apos;: (467.38200000000035, 116.802, 470.1520000000003, 130.092), &apos;color_space&apos;: &apos;DeviceGray&apos;, &apos;ncolor&apos;: None, &apos;size&apos;: 13.290000000000006, &apos;value&apos;: &apos;.&apos;, &apos;children&apos;: [], &apos;features&apos;: {}}, {&apos;type&apos;: &apos;text&apos;, &apos;bbox&apos;: (470.1520000000004, 116.802, 472.92200000000037, 130.092), &apos;color_space&apos;: &apos;DeviceGray&apos;, &apos;ncolor&apos;: None, &apos;size&apos;: 13.290000000000006, &apos;value&apos;: &apos;.&apos;, &apos;children&apos;: [], &apos;features&apos;: {}}, {&apos;type&apos;: &apos;text&apos;, &apos;bbox&apos;: (472.92200000000037, 116.802, 475.69200000000035, 130.092), &apos;color_space&apos;: &apos;DeviceGray&apos;, &apos;ncolor&apos;: None, &apos;size&apos;: 13.290000000000006, &apos;value&apos;: &apos;.&apos;, &apos;children&apos;: [], &apos;features&apos;: {}}, {&apos;type&apos;: &apos;text&apos;, &apos;bbox&apos;: (475.69200000000035, 116.802, 478.46200000000033, 130.092), &apos;color_space&apos;: &apos;DeviceGray&apos;, &apos;ncolor&apos;: None, &apos;size&apos;: 13.290000000000006, &apos;value&apos;: &apos;.&apos;, &apos;children&apos;: [], &apos;features&apos;: {}}, {&apos;type&apos;: &apos;text&apos;, &apos;bbox&apos;: (478.4620000000004, 116.802, 481.23200000000037, 130.092), &apos;color_space&apos;: &apos;DeviceGray&apos;, &apos;ncolor&apos;: None, &apos;size&apos;: 13.290000000000006, &apos;value&apos;: &apos;.&apos;, &apos;children&apos;: [], &apos;features&apos;: {}}, {&apos;type&apos;: &apos;text&apos;, &apos;bbox&apos;: (481.2320000000004, 116.802, 484.0020000000004, 130.092), &apos;color_space&apos;: &apos;DeviceGray&apos;, &apos;ncolor&apos;: None, &apos;size&apos;: 13.290000000000006, &apos;value&apos;: &apos;.&apos;, &apos;children&apos;: [], &apos;features&apos;: {}}, {&apos;type&apos;: &apos;text&apos;, &apos;bbox&apos;: (484.0020000000004, 116.802, 486.7720000000004, 130.092), &apos;color_space&apos;: &apos;DeviceGray&apos;, &apos;ncolor&apos;: None, &apos;size&apos;: 13.290000000000006, &apos;value&apos;: &apos;.&apos;, &apos;children&apos;: [], &apos;features&apos;: {}}, {&apos;type&apos;: &apos;text&apos;, &apos;bbox&apos;: (486.7720000000004, 116.802, 489.54200000000037, 130.092), &apos;color_space&apos;: &apos;DeviceGray&apos;, &apos;ncolor&apos;: None, &apos;size&apos;: 13.290000000000006, &apos;value&apos;: &apos;.&apos;, &apos;children&apos;: [], &apos;features&apos;: {}}, {&apos;type&apos;: &apos;text&apos;, &apos;bbox&apos;: (489.54200000000037, 116.802, 492.31200000000035, 130.092), &apos;color_space&apos;: &apos;DeviceGray&apos;, &apos;ncolor&apos;: None, &apos;size&apos;: 13.290000000000006, &apos;value&apos;: &apos;.&apos;, &apos;children&apos;: [], &apos;features&apos;: {}}, {&apos;type&apos;: &apos;text&apos;, &apos;bbox&apos;: (492.31200000000035, 116.802, 495.08200000000033, 130.092), &apos;color_space&apos;: &apos;DeviceGray&apos;, &apos;ncolor&apos;: None, &apos;size&apos;: 13.290000000000006, &apos;value&apos;: &apos;.&apos;, &apos;children&apos;: [], &apos;features&apos;: {}}, {&apos;type&apos;: &apos;text&apos;, &apos;bbox&apos;: (495.08200000000033, 116.802, 497.8520000000003, 130.092), &apos;color_space&apos;: &apos;DeviceGray&apos;, &apos;ncolor&apos;: None, &apos;size&apos;: 13.290000000000006, &apos;value&apos;: &apos;.&apos;, &apos;children&apos;: [], &apos;features&apos;: {}}, {&apos;type&apos;: &apos;text&apos;, &apos;bbox&apos;: (497.8520000000003, 116.802, 500.6220000000003, 130.092), &apos;color_space&apos;: &apos;DeviceGray&apos;, &apos;ncolor&apos;: None, &apos;size&apos;: 13.290000000000006, &apos;value&apos;: &apos;.&apos;, &apos;children&apos;: [], &apos;features&apos;: {}}, {&apos;type&apos;: &apos;text&apos;, &apos;bbox&apos;: (500.6220000000003, 116.802, 503.3920000000003, 130.092), &apos;color_space&apos;: &apos;DeviceGray&apos;, &apos;ncolor&apos;: None, &apos;size&apos;: 13.290000000000006, &apos;value&apos;: &apos;.&apos;, &apos;children&apos;: [], &apos;features&apos;: {}}, {&apos;type&apos;: &apos;text&apos;, &apos;bbox&apos;: (503.3920000000003, 116.802, 506.16200000000026, 130.092), &apos;color_space&apos;: &apos;DeviceGray&apos;, &apos;ncolor&apos;: None, &apos;size&apos;: 13.290000000000006, &apos;value&apos;: &apos;.&apos;, &apos;children&apos;: [], &apos;features&apos;: {}}, {&apos;type&apos;: &apos;text&apos;, &apos;bbox&apos;: (506.16200000000026, 116.802, 508.93200000000024, 130.092), &apos;color_space&apos;: &apos;DeviceGray&apos;, &apos;ncolor&apos;: None, &apos;size&apos;: 13.290000000000006, &apos;value&apos;: &apos;.&apos;, &apos;children&apos;: [], &apos;features&apos;: {}}, {&apos;type&apos;: &apos;text&apos;, &apos;bbox&apos;: (508.93200000000024, 116.802, 511.7020000000002, 130.092), &apos;color_space&apos;: &apos;DeviceGray&apos;, &apos;ncolor&apos;: None, &apos;size&apos;: 13.290000000000006, &apos;value&apos;: &apos;.&apos;, &apos;children&apos;: [], &apos;features&apos;: {}}, {&apos;type&apos;: &apos;text&apos;, &apos;bbox&apos;: (514.425, 116.802, 519.9849999999999, 130.092), &apos;color_space&apos;: &apos;DeviceGray&apos;, &apos;ncolor&apos;: None, &apos;size&apos;: 13.290000000000006, &apos;value&apos;: &apos;2&apos;, &apos;children&apos;: [], &apos;features&apos;: {}}, {&apos;type&apos;: &apos;text&apos;, &apos;bbox&apos;: (519.9849999999999, 116.802, 523.3149999999999, 130.092), &apos;color_space&apos;: &apos;DeviceGray&apos;, &apos;ncolor&apos;: None, &apos;size&apos;: 13.290000000000006, &apos;value&apos;: &apos;-&apos;, &apos;children&apos;: [], &apos;features&apos;: {}}, {&apos;type&apos;: &apos;text&apos;, &apos;bbox&apos;: (523.315, 116.802, 528.875, 130.092), &apos;color_space&apos;: &apos;DeviceGray&apos;, &apos;ncolor&apos;: None, &apos;size&apos;: 13.290000000000006, &apos;value&apos;: &apos;2&apos;, &apos;children&apos;: [], &apos;features&apos;: {}}, {&apos;type&apos;: &apos;text&apos;, &apos;bbox&apos;: (528.875, 116.802, 534.435, 130.092), &apos;color_space&apos;: &apos;DeviceGray&apos;, &apos;ncolor&apos;: None, &apos;size&apos;: 13.290000000000006, &apos;value&apos;: &apos;9&apos;, &apos;children&apos;: [], &apos;features&apos;: {}}, {&apos;type&apos;: &apos;text&apos;, &apos;bbox&apos;: (534.4350000000001, 116.802, 539.995, 130.092), &apos;color_space&apos;: &apos;DeviceGray&apos;, &apos;ncolor&apos;: None, &apos;size&apos;: 13.290000000000006, &apos;value&apos;: &apos;6&apos;, &apos;children&apos;: [], &apos;features&apos;: {}}], &apos;features&apos;: {}}
*********************





--------------------------------- CONTENT AREA --------------------------------- 
This content area has an image
{&apos;type&apos;: &apos;figure&apos;, &apos;bbox&apos;: (0, 0, 612.0, 792.0), &apos;name&apos;: &apos;fx17&apos;, &apos;children&apos;: [{&apos;type&apos;: &apos;text&apos;, &apos;bbox&apos;: (114.0, 100.58, 119.57, 114.06), &apos;color_space&apos;: &apos;DeviceGray&apos;, &apos;ncolor&apos;: None, &apos;size&apos;: 13.480000000000004, &apos;value&apos;: &apos;F&apos;, &apos;children&apos;: [], &apos;features&apos;: {}}, {&apos;type&apos;: &apos;text&apos;, &apos;bbox&apos;: (119.57, 100.58, 125.66999999999999, 114.06), &apos;color_space&apos;: &apos;DeviceGray&apos;, &apos;ncolor&apos;: None, &apos;size&apos;: 13.480000000000004, &apos;value&apos;: &apos;S&apos;, &apos;children&apos;: [], &apos;features&apos;: {}}, {&apos;type&apos;: &apos;text&apos;, &apos;bbox&apos;: (125.67, 100.58, 129.56, 114.06), &apos;color_space&apos;: &apos;DeviceGray&apos;, &apos;ncolor&apos;: None, &apos;size&apos;: 13.480000000000004, &apos;value&apos;: &apos;I&apos;, &apos;children&apos;: [], &apos;features&apos;: {}}, {&apos;type&apos;: &apos;text&apos;, &apos;bbox&apos;: (129.56, 100.58, 134.56, 114.06), &apos;color_space&apos;: &apos;DeviceGray&apos;, &apos;ncolor&apos;: None, &apos;size&apos;: 13.480000000000004, &apos;value&apos;: &apos;_&apos;, &apos;children&apos;: [], &apos;features&apos;: {}}, {&apos;type&apos;: &apos;text&apos;, &apos;bbox&apos;: (134.56, 100.58, 142.87, 114.06), &apos;color_space&apos;: &apos;DeviceGray&apos;, &apos;ncolor&apos;: None, &apos;size&apos;: 13.480000000000004, &apos;value&apos;: &apos;D&apos;, &apos;children&apos;: [], &apos;features&apos;: {}}, {&apos;type&apos;: &apos;text&apos;, &apos;bbox&apos;: (142.87, 100.58, 147.87, 114.06), &apos;color_space&apos;: &apos;DeviceGray&apos;, &apos;ncolor&apos;: None, &apos;size&apos;: 13.480000000000004, &apos;value&apos;: &apos;_&apos;, &apos;children&apos;: [], &apos;features&apos;: {}}, {&apos;type&apos;: &apos;text&apos;, &apos;bbox&apos;: (147.87, 100.58, 154.47, 114.06), &apos;color_space&apos;: &apos;DeviceGray&apos;, &apos;ncolor&apos;: None, &apos;size&apos;: 13.480000000000004, &apos;value&apos;: &apos;B&apos;, &apos;children&apos;: [], &apos;features&apos;: {}}, {&apos;type&apos;: &apos;text&apos;, &apos;bbox&apos;: (154.47, 100.58, 161.6, 114.06), &apos;color_space&apos;: &apos;DeviceGray&apos;, &apos;ncolor&apos;: None, &apos;size&apos;: 13.480000000000004, &apos;value&apos;: &apos;R&apos;, &apos;children&apos;: [], &apos;features&apos;: {}}, {&apos;type&apos;: &apos;text&apos;, &apos;bbox&apos;: (161.60000000000002, 100.58, 167.65000000000003, 114.06), &apos;color_space&apos;: &apos;DeviceGray&apos;, &apos;ncolor&apos;: None, &apos;size&apos;: 13.480000000000004, &apos;value&apos;: &apos;E&apos;, &apos;children&apos;: [], &apos;features&apos;: {}}, {&apos;type&apos;: &apos;text&apos;, &apos;bbox&apos;: (167.65, 100.58, 175.42000000000002, 114.06), &apos;color_space&apos;: &apos;DeviceGray&apos;, &apos;ncolor&apos;: None, &apos;size&apos;: 13.480000000000004, &apos;value&apos;: &apos;A&apos;, &apos;children&apos;: [], &apos;features&apos;: {}}, {&apos;type&apos;: &apos;text&apos;, &apos;bbox&apos;: (175.42000000000002, 100.58, 183.11, 114.06), &apos;color_space&apos;: &apos;DeviceGray&apos;, &apos;ncolor&apos;: None, &apos;size&apos;: 13.480000000000004, &apos;value&apos;: &apos;K&apos;, &apos;children&apos;: [], &apos;features&apos;: {}}, {&apos;type&apos;: &apos;text&apos;, &apos;bbox&apos;: (183.11, 100.58, 188.11, 114.06), &apos;color_space&apos;: &apos;DeviceGray&apos;, &apos;ncolor&apos;: None, &apos;size&apos;: 13.480000000000004, &apos;value&apos;: &apos;_&apos;, &apos;children&apos;: [], &apos;features&apos;: {}}, {&apos;type&apos;: &apos;text&apos;, &apos;bbox&apos;: (188.11, 100.58, 193.68, 114.06), &apos;color_space&apos;: &apos;DeviceGray&apos;, &apos;ncolor&apos;: None, &apos;size&apos;: 13.480000000000004, &apos;value&apos;: &apos;F&apos;, &apos;children&apos;: [], &apos;features&apos;: {}}, {&apos;type&apos;: &apos;text&apos;, &apos;bbox&apos;: (193.68, 100.58, 201.45000000000002, 114.06), &apos;color_space&apos;: &apos;DeviceGray&apos;, &apos;ncolor&apos;: None, &apos;size&apos;: 13.480000000000004, &apos;value&apos;: &apos;U&apos;, &apos;children&apos;: [], &apos;features&apos;: {}}, {&apos;type&apos;: &apos;text&apos;, &apos;bbox&apos;: (201.45, 100.58, 209.78, 114.06), &apos;color_space&apos;: &apos;DeviceGray&apos;, &apos;ncolor&apos;: None, &apos;size&apos;: 13.480000000000004, &apos;value&apos;: &apos;N&apos;, &apos;children&apos;: [], &apos;features&apos;: {}}, {&apos;type&apos;: &apos;text&apos;, &apos;bbox&apos;: (209.78, 100.58, 218.09, 114.06), &apos;color_space&apos;: &apos;DeviceGray&apos;, &apos;ncolor&apos;: None, &apos;size&apos;: 13.480000000000004, &apos;value&apos;: &apos;D&apos;, &apos;children&apos;: [], &apos;features&apos;: {}}, {&apos;type&apos;: &apos;text&apos;, &apos;bbox&apos;: (218.09, 100.58, 221.98, 114.06), &apos;color_space&apos;: &apos;DeviceGray&apos;, &apos;ncolor&apos;: None, &apos;size&apos;: 13.480000000000004, &apos;value&apos;: &apos;I&apos;, &apos;children&apos;: [], &apos;features&apos;: {}}, {&apos;type&apos;: &apos;text&apos;, &apos;bbox&apos;: (221.98000000000002, 100.58, 230.31000000000003, 114.06), &apos;color_space&apos;: &apos;DeviceGray&apos;, &apos;ncolor&apos;: None, &apos;size&apos;: 13.480000000000004, &apos;value&apos;: &apos;N&apos;, &apos;children&apos;: [], &apos;features&apos;: {}}, {&apos;type&apos;: &apos;text&apos;, &apos;bbox&apos;: (230.31, 100.58, 238.64000000000001, 114.06), &apos;color_space&apos;: &apos;DeviceGray&apos;, &apos;ncolor&apos;: None, &apos;size&apos;: 13.480000000000004, &apos;value&apos;: &apos;G&apos;, &apos;children&apos;: [], &apos;features&apos;: {}}, {&apos;type&apos;: &apos;text&apos;, &apos;bbox&apos;: (238.64, 100.58, 243.64, 114.06), &apos;color_space&apos;: &apos;DeviceGray&apos;, &apos;ncolor&apos;: None, &apos;size&apos;: 13.480000000000004, &apos;value&apos;: &apos;_&apos;, &apos;children&apos;: [], &apos;features&apos;: {}}, {&apos;type&apos;: &apos;text&apos;, &apos;bbox&apos;: (243.64, 100.58, 250.85999999999999, 114.06), &apos;color_space&apos;: &apos;DeviceGray&apos;, &apos;ncolor&apos;: None, &apos;size&apos;: 13.480000000000004, &apos;value&apos;: &apos;C&apos;, &apos;children&apos;: [], &apos;features&apos;: {}}, {&apos;type&apos;: &apos;text&apos;, &apos;bbox&apos;: (250.85999999999999, 100.58, 259.19, 114.06), &apos;color_space&apos;: &apos;DeviceGray&apos;, &apos;ncolor&apos;: None, &apos;size&apos;: 13.480000000000004, &apos;value&apos;: &apos;H&apos;, &apos;children&apos;: [], &apos;features&apos;: {}}, {&apos;type&apos;: &apos;text&apos;, &apos;bbox&apos;: (259.19, 100.58, 266.96, 114.06), &apos;color_space&apos;: &apos;DeviceGray&apos;, &apos;ncolor&apos;: None, &apos;size&apos;: 13.480000000000004, &apos;value&apos;: &apos;A&apos;, &apos;children&apos;: [], &apos;features&apos;: {}}, {&apos;type&apos;: &apos;text&apos;, &apos;bbox&apos;: (266.96000000000004, 100.58, 274.09000000000003, 114.06), &apos;color_space&apos;: &apos;DeviceGray&apos;, &apos;ncolor&apos;: None, &apos;size&apos;: 13.480000000000004, &apos;value&apos;: &apos;R&apos;, &apos;children&apos;: [], &apos;features&apos;: {}}, {&apos;type&apos;: &apos;text&apos;, &apos;bbox&apos;: (274.09000000000003, 100.58, 282.42, 114.06), &apos;color_space&apos;: &apos;DeviceGray&apos;, &apos;ncolor&apos;: None, &apos;size&apos;: 13.480000000000004, &apos;value&apos;: &apos;G&apos;, &apos;children&apos;: [], &apos;features&apos;: {}}, {&apos;type&apos;: &apos;text&apos;, &apos;bbox&apos;: (282.42, 100.58, 288.47, 114.06), &apos;color_space&apos;: &apos;DeviceGray&apos;, &apos;ncolor&apos;: None, &apos;size&apos;: 13.480000000000004, &apos;value&apos;: &apos;E&apos;, &apos;children&apos;: [], &apos;features&apos;: {}}, {&apos;type&apos;: &apos;text&apos;, &apos;bbox&apos;: (288.47, 100.58, 294.57000000000005, 114.06), &apos;color_space&apos;: &apos;DeviceGray&apos;, &apos;ncolor&apos;: None, &apos;size&apos;: 13.480000000000004, &apos;value&apos;: &apos;S&apos;, &apos;children&apos;: [], &apos;features&apos;: {}}, {&apos;type&apos;: &apos;text&apos;, &apos;bbox&apos;: (294.678, 101.311, 297.448, 114.601), &apos;color_space&apos;: &apos;DeviceGray&apos;, &apos;ncolor&apos;: None, &apos;size&apos;: 13.289999999999992, &apos;value&apos;: &apos;.&apos;, &apos;children&apos;: [], &apos;features&apos;: {}}, {&apos;type&apos;: &apos;text&apos;, &apos;bbox&apos;: (297.448, 101.311, 300.21799999999996, 114.601), &apos;color_space&apos;: &apos;DeviceGray&apos;, &apos;ncolor&apos;: None, &apos;size&apos;: 13.289999999999992, &apos;value&apos;: &apos;.&apos;, &apos;children&apos;: [], &apos;features&apos;: {}}, {&apos;type&apos;: &apos;text&apos;, &apos;bbox&apos;: (300.218, 101.311, 302.988, 114.601), &apos;color_space&apos;: &apos;DeviceGray&apos;, &apos;ncolor&apos;: None, &apos;size&apos;: 13.289999999999992, &apos;value&apos;: &apos;.&apos;, &apos;children&apos;: [], &apos;features&apos;: {}}, {&apos;type&apos;: &apos;text&apos;, &apos;bbox&apos;: (302.988, 101.311, 305.758, 114.601), &apos;color_space&apos;: &apos;DeviceGray&apos;, &apos;ncolor&apos;: None, &apos;size&apos;: 13.289999999999992, &apos;value&apos;: &apos;.&apos;, &apos;children&apos;: [], &apos;features&apos;: {}}, {&apos;type&apos;: &apos;text&apos;, &apos;bbox&apos;: (305.758, 101.311, 308.52799999999996, 114.601), &apos;color_space&apos;: &apos;DeviceGray&apos;, &apos;ncolor&apos;: None, &apos;size&apos;: 13.289999999999992, &apos;value&apos;: &apos;.&apos;, &apos;children&apos;: [], &apos;features&apos;: {}}, {&apos;type&apos;: &apos;text&apos;, &apos;bbox&apos;: (308.528, 101.311, 311.298, 114.601), &apos;color_space&apos;: &apos;DeviceGray&apos;, &apos;ncolor&apos;: None, &apos;size&apos;: 13.289999999999992, &apos;value&apos;: &apos;.&apos;, &apos;children&apos;: [], &apos;features&apos;: {}}, {&apos;type&apos;: &apos;text&apos;, &apos;bbox&apos;: (311.298, 101.311, 314.068, 114.601), &apos;color_space&apos;: &apos;DeviceGray&apos;, &apos;ncolor&apos;: None, &apos;size&apos;: 13.289999999999992, &apos;value&apos;: &apos;.&apos;, &apos;children&apos;: [], &apos;features&apos;: {}}, {&apos;type&apos;: &apos;text&apos;, &apos;bbox&apos;: (314.068, 101.311, 316.83799999999997, 114.601), &apos;color_space&apos;: &apos;DeviceGray&apos;, &apos;ncolor&apos;: None, &apos;size&apos;: 13.289999999999992, &apos;value&apos;: &apos;.&apos;, &apos;children&apos;: [], &apos;features&apos;: {}}, {&apos;type&apos;: &apos;text&apos;, &apos;bbox&apos;: (316.838, 101.311, 319.608, 114.601), &apos;color_space&apos;: &apos;DeviceGray&apos;, &apos;ncolor&apos;: None, &apos;size&apos;: 13.289999999999992, &apos;value&apos;: &apos;.&apos;, &apos;children&apos;: [], &apos;features&apos;: {}}, {&apos;type&apos;: &apos;text&apos;, &apos;bbox&apos;: (319.608, 101.311, 322.378, 114.601), &apos;color_space&apos;: &apos;DeviceGray&apos;, &apos;ncolor&apos;: None, &apos;size&apos;: 13.289999999999992, &apos;value&apos;: &apos;.&apos;, &apos;children&apos;: [], &apos;features&apos;: {}}, {&apos;type&apos;: &apos;text&apos;, &apos;bbox&apos;: (322.378, 101.311, 325.14799999999997, 114.601), &apos;color_space&apos;: &apos;DeviceGray&apos;, &apos;ncolor&apos;: None, &apos;size&apos;: 13.289999999999992, &apos;value&apos;: &apos;.&apos;, &apos;children&apos;: [], &apos;features&apos;: {}}, {&apos;type&apos;: &apos;text&apos;, &apos;bbox&apos;: (325.148, 101.311, 327.918, 114.601), &apos;color_space&apos;: &apos;DeviceGray&apos;, &apos;ncolor&apos;: None, &apos;size&apos;: 13.289999999999992, &apos;value&apos;: &apos;.&apos;, &apos;children&apos;: [], &apos;features&apos;: {}}, {&apos;type&apos;: &apos;text&apos;, &apos;bbox&apos;: (327.918, 101.311, 330.688, 114.601), &apos;color_space&apos;: &apos;DeviceGray&apos;, &apos;ncolor&apos;: None, &apos;size&apos;: 13.289999999999992, &apos;value&apos;: &apos;.&apos;, &apos;children&apos;: [], &apos;features&apos;: {}}, {&apos;type&apos;: &apos;text&apos;, &apos;bbox&apos;: (330.688, 101.311, 333.45799999999997, 114.601), &apos;color_space&apos;: &apos;DeviceGray&apos;, &apos;ncolor&apos;: None, &apos;size&apos;: 13.289999999999992, &apos;value&apos;: &apos;.&apos;, &apos;children&apos;: [], &apos;features&apos;: {}}, {&apos;type&apos;: &apos;text&apos;, &apos;bbox&apos;: (333.458, 101.311, 336.228, 114.601), &apos;color_space&apos;: &apos;DeviceGray&apos;, &apos;ncolor&apos;: None, &apos;size&apos;: 13.289999999999992, &apos;value&apos;: &apos;.&apos;, &apos;children&apos;: [], &apos;features&apos;: {}}, {&apos;type&apos;: &apos;text&apos;, &apos;bbox&apos;: (336.228, 101.311, 338.998, 114.601), &apos;color_space&apos;: &apos;DeviceGray&apos;, &apos;ncolor&apos;: None, &apos;size&apos;: 13.289999999999992, &apos;value&apos;: &apos;.&apos;, &apos;children&apos;: [], &apos;features&apos;: {}}, {&apos;type&apos;: &apos;text&apos;, &apos;bbox&apos;: (338.998, 101.311, 341.768, 114.601), &apos;color_space&apos;: &apos;DeviceGray&apos;, &apos;ncolor&apos;: None, &apos;size&apos;: 13.289999999999992, &apos;value&apos;: &apos;.&apos;, &apos;children&apos;: [], &apos;features&apos;: {}}, {&apos;type&apos;: &apos;text&apos;, &apos;bbox&apos;: (341.76800000000003, 101.311, 344.538, 114.601), &apos;color_space&apos;: &apos;DeviceGray&apos;, &apos;ncolor&apos;: None, &apos;size&apos;: 13.289999999999992, &apos;value&apos;: &apos;.&apos;, &apos;children&apos;: [], &apos;features&apos;: {}}, {&apos;type&apos;: &apos;text&apos;, &apos;bbox&apos;: (344.538, 101.311, 347.308, 114.601), &apos;color_space&apos;: &apos;DeviceGray&apos;, &apos;ncolor&apos;: None, &apos;size&apos;: 13.289999999999992, &apos;value&apos;: &apos;.&apos;, &apos;children&apos;: [], &apos;features&apos;: {}}, {&apos;type&apos;: &apos;text&apos;, &apos;bbox&apos;: (347.308, 101.311, 350.078, 114.601), &apos;color_space&apos;: &apos;DeviceGray&apos;, &apos;ncolor&apos;: None, &apos;size&apos;: 13.289999999999992, &apos;value&apos;: &apos;.&apos;, &apos;children&apos;: [], &apos;features&apos;: {}}, {&apos;type&apos;: &apos;text&apos;, &apos;bbox&apos;: (350.07800000000003, 101.311, 352.848, 114.601), &apos;color_space&apos;: &apos;DeviceGray&apos;, &apos;ncolor&apos;: None, &apos;size&apos;: 13.289999999999992, &apos;value&apos;: &apos;.&apos;, &apos;children&apos;: [], &apos;features&apos;: {}}, {&apos;type&apos;: &apos;text&apos;, &apos;bbox&apos;: (352.848, 101.311, 355.618, 114.601), &apos;color_space&apos;: &apos;DeviceGray&apos;, &apos;ncolor&apos;: None, &apos;size&apos;: 13.289999999999992, &apos;value&apos;: &apos;.&apos;, &apos;children&apos;: [], &apos;features&apos;: {}}, {&apos;type&apos;: &apos;text&apos;, &apos;bbox&apos;: (355.61800000000005, 101.311, 358.38800000000003, 114.601), &apos;color_space&apos;: &apos;DeviceGray&apos;, &apos;ncolor&apos;: None, &apos;size&apos;: 13.289999999999992, &apos;value&apos;: &apos;.&apos;, &apos;children&apos;: [], &apos;features&apos;: {}}, {&apos;type&apos;: &apos;text&apos;, &apos;bbox&apos;: (358.38800000000003, 101.311, 361.158, 114.601), &apos;color_space&apos;: &apos;DeviceGray&apos;, &apos;ncolor&apos;: None, &apos;size&apos;: 13.289999999999992, &apos;value&apos;: &apos;.&apos;, &apos;children&apos;: [], &apos;features&apos;: {}}, {&apos;type&apos;: &apos;text&apos;, &apos;bbox&apos;: (361.158, 101.311, 363.928, 114.601), &apos;color_space&apos;: &apos;DeviceGray&apos;, &apos;ncolor&apos;: None, &apos;size&apos;: 13.289999999999992, &apos;value&apos;: &apos;.&apos;, &apos;children&apos;: [], &apos;features&apos;: {}}, {&apos;type&apos;: &apos;text&apos;, &apos;bbox&apos;: (363.928, 101.311, 366.698, 114.601), &apos;color_space&apos;: &apos;DeviceGray&apos;, &apos;ncolor&apos;: None, &apos;size&apos;: 13.289999999999992, &apos;value&apos;: &apos;.&apos;, &apos;children&apos;: [], &apos;features&apos;: {}}, {&apos;type&apos;: &apos;text&apos;, &apos;bbox&apos;: (366.69800000000004, 101.311, 369.468, 114.601), &apos;color_space&apos;: &apos;DeviceGray&apos;, &apos;ncolor&apos;: None, &apos;size&apos;: 13.289999999999992, &apos;value&apos;: &apos;.&apos;, &apos;children&apos;: [], &apos;features&apos;: {}}, {&apos;type&apos;: &apos;text&apos;, &apos;bbox&apos;: (369.468, 101.311, 372.238, 114.601), &apos;color_space&apos;: &apos;DeviceGray&apos;, &apos;ncolor&apos;: None, &apos;size&apos;: 13.289999999999992, &apos;value&apos;: &apos;.&apos;, &apos;children&apos;: [], &apos;features&apos;: {}}, {&apos;type&apos;: &apos;text&apos;, &apos;bbox&apos;: (372.238, 101.311, 375.008, 114.601), &apos;color_space&apos;: &apos;DeviceGray&apos;, &apos;ncolor&apos;: None, &apos;size&apos;: 13.289999999999992, &apos;value&apos;: &apos;.&apos;, &apos;children&apos;: [], &apos;features&apos;: {}}, {&apos;type&apos;: &apos;text&apos;, &apos;bbox&apos;: (375.00800000000004, 101.311, 377.778, 114.601), &apos;color_space&apos;: &apos;DeviceGray&apos;, &apos;ncolor&apos;: None, &apos;size&apos;: 13.289999999999992, &apos;value&apos;: &apos;.&apos;, &apos;children&apos;: [], &apos;features&apos;: {}}, {&apos;type&apos;: &apos;text&apos;, &apos;bbox&apos;: (377.778, 101.311, 380.548, 114.601), &apos;color_space&apos;: &apos;DeviceGray&apos;, &apos;ncolor&apos;: None, &apos;size&apos;: 13.289999999999992, &apos;value&apos;: &apos;.&apos;, &apos;children&apos;: [], &apos;features&apos;: {}}, {&apos;type&apos;: &apos;text&apos;, &apos;bbox&apos;: (380.548, 101.311, 383.318, 114.601), &apos;color_space&apos;: &apos;DeviceGray&apos;, &apos;ncolor&apos;: None, &apos;size&apos;: 13.289999999999992, &apos;value&apos;: &apos;.&apos;, &apos;children&apos;: [], &apos;features&apos;: {}}, {&apos;type&apos;: &apos;text&apos;, &apos;bbox&apos;: (383.318, 101.311, 386.08799999999997, 114.601), &apos;color_space&apos;: &apos;DeviceGray&apos;, &apos;ncolor&apos;: None, &apos;size&apos;: 13.289999999999992, &apos;value&apos;: &apos;.&apos;, &apos;children&apos;: [], &apos;features&apos;: {}}, {&apos;type&apos;: &apos;text&apos;, &apos;bbox&apos;: (386.08799999999997, 101.311, 388.85799999999995, 114.601), &apos;color_space&apos;: &apos;DeviceGray&apos;, &apos;ncolor&apos;: None, &apos;size&apos;: 13.289999999999992, &apos;value&apos;: &apos;.&apos;, &apos;children&apos;: [], &apos;features&apos;: {}}, {&apos;type&apos;: &apos;text&apos;, &apos;bbox&apos;: (388.858, 101.311, 391.628, 114.601), &apos;color_space&apos;: &apos;DeviceGray&apos;, &apos;ncolor&apos;: None, &apos;size&apos;: 13.289999999999992, &apos;value&apos;: &apos;.&apos;, &apos;children&apos;: [], &apos;features&apos;: {}}, {&apos;type&apos;: &apos;text&apos;, &apos;bbox&apos;: (391.628, 101.311, 394.39799999999997, 114.601), &apos;color_space&apos;: &apos;DeviceGray&apos;, &apos;ncolor&apos;: None, &apos;size&apos;: 13.289999999999992, &apos;value&apos;: &apos;.&apos;, &apos;children&apos;: [], &apos;features&apos;: {}}, {&apos;type&apos;: &apos;text&apos;, &apos;bbox&apos;: (394.39799999999997, 101.311, 397.16799999999995, 114.601), &apos;color_space&apos;: &apos;DeviceGray&apos;, &apos;ncolor&apos;: None, &apos;size&apos;: 13.289999999999992, &apos;value&apos;: &apos;.&apos;, &apos;children&apos;: [], &apos;features&apos;: {}}, {&apos;type&apos;: &apos;text&apos;, &apos;bbox&apos;: (397.168, 101.311, 399.938, 114.601), &apos;color_space&apos;: &apos;DeviceGray&apos;, &apos;ncolor&apos;: None, &apos;size&apos;: 13.289999999999992, &apos;value&apos;: &apos;.&apos;, &apos;children&apos;: [], &apos;features&apos;: {}}, {&apos;type&apos;: &apos;text&apos;, &apos;bbox&apos;: (399.938, 101.311, 402.70799999999997, 114.601), &apos;color_space&apos;: &apos;DeviceGray&apos;, &apos;ncolor&apos;: None, &apos;size&apos;: 13.289999999999992, &apos;value&apos;: &apos;.&apos;, &apos;children&apos;: [], &apos;features&apos;: {}}, {&apos;type&apos;: &apos;text&apos;, &apos;bbox&apos;: (402.70799999999997, 101.311, 405.47799999999995, 114.601), &apos;color_space&apos;: &apos;DeviceGray&apos;, &apos;ncolor&apos;: None, &apos;size&apos;: 13.289999999999992, &apos;value&apos;: &apos;.&apos;, &apos;children&apos;: [], &apos;features&apos;: {}}, {&apos;type&apos;: &apos;text&apos;, &apos;bbox&apos;: (405.47799999999995, 101.311, 408.24799999999993, 114.601), &apos;color_space&apos;: &apos;DeviceGray&apos;, &apos;ncolor&apos;: None, &apos;size&apos;: 13.289999999999992, &apos;value&apos;: &apos;.&apos;, &apos;children&apos;: [], &apos;features&apos;: {}}, {&apos;type&apos;: &apos;text&apos;, &apos;bbox&apos;: (408.24799999999993, 101.311, 411.0179999999999, 114.601), &apos;color_space&apos;: &apos;DeviceGray&apos;, &apos;ncolor&apos;: None, &apos;size&apos;: 13.289999999999992, &apos;value&apos;: &apos;.&apos;, &apos;children&apos;: [], &apos;features&apos;: {}}, {&apos;type&apos;: &apos;text&apos;, &apos;bbox&apos;: (411.018, 101.311, 413.78799999999995, 114.601), &apos;color_space&apos;: &apos;DeviceGray&apos;, &apos;ncolor&apos;: None, &apos;size&apos;: 13.289999999999992, &apos;value&apos;: &apos;.&apos;, &apos;children&apos;: [], &apos;features&apos;: {}}, {&apos;type&apos;: &apos;text&apos;, &apos;bbox&apos;: (413.78799999999995, 101.311, 416.55799999999994, 114.601), &apos;color_space&apos;: &apos;DeviceGray&apos;, &apos;ncolor&apos;: None, &apos;size&apos;: 13.289999999999992, &apos;value&apos;: &apos;.&apos;, &apos;children&apos;: [], &apos;features&apos;: {}}, {&apos;type&apos;: &apos;text&apos;, &apos;bbox&apos;: (416.55799999999994, 101.311, 419.3279999999999, 114.601), &apos;color_space&apos;: &apos;DeviceGray&apos;, &apos;ncolor&apos;: None, &apos;size&apos;: 13.289999999999992, &apos;value&apos;: &apos;.&apos;, &apos;children&apos;: [], &apos;features&apos;: {}}, {&apos;type&apos;: &apos;text&apos;, &apos;bbox&apos;: (419.328, 101.311, 422.09799999999996, 114.601), &apos;color_space&apos;: &apos;DeviceGray&apos;, &apos;ncolor&apos;: None, &apos;size&apos;: 13.289999999999992, &apos;value&apos;: &apos;.&apos;, &apos;children&apos;: [], &apos;features&apos;: {}}, {&apos;type&apos;: &apos;text&apos;, &apos;bbox&apos;: (422.09799999999996, 101.311, 424.86799999999994, 114.601), &apos;color_space&apos;: &apos;DeviceGray&apos;, &apos;ncolor&apos;: None, &apos;size&apos;: 13.289999999999992, &apos;value&apos;: &apos;.&apos;, &apos;children&apos;: [], &apos;features&apos;: {}}, {&apos;type&apos;: &apos;text&apos;, &apos;bbox&apos;: (424.86799999999994, 101.311, 427.6379999999999, 114.601), &apos;color_space&apos;: &apos;DeviceGray&apos;, &apos;ncolor&apos;: None, &apos;size&apos;: 13.289999999999992, &apos;value&apos;: &apos;.&apos;, &apos;children&apos;: [], &apos;features&apos;: {}}, {&apos;type&apos;: &apos;text&apos;, &apos;bbox&apos;: (427.6379999999999, 101.311, 430.4079999999999, 114.601), &apos;color_space&apos;: &apos;DeviceGray&apos;, &apos;ncolor&apos;: None, &apos;size&apos;: 13.289999999999992, &apos;value&apos;: &apos;.&apos;, &apos;children&apos;: [], &apos;features&apos;: {}}, {&apos;type&apos;: &apos;text&apos;, &apos;bbox&apos;: (430.40799999999996, 101.311, 433.17799999999994, 114.601), &apos;color_space&apos;: &apos;DeviceGray&apos;, &apos;ncolor&apos;: None, &apos;size&apos;: 13.289999999999992, &apos;value&apos;: &apos;.&apos;, &apos;children&apos;: [], &apos;features&apos;: {}}, {&apos;type&apos;: &apos;text&apos;, &apos;bbox&apos;: (433.178, 101.311, 435.948, 114.601), &apos;color_space&apos;: &apos;DeviceGray&apos;, &apos;ncolor&apos;: None, &apos;size&apos;: 13.289999999999992, &apos;value&apos;: &apos;.&apos;, &apos;children&apos;: [], &apos;features&apos;: {}}, {&apos;type&apos;: &apos;text&apos;, &apos;bbox&apos;: (435.948, 101.311, 438.71799999999996, 114.601), &apos;color_space&apos;: &apos;DeviceGray&apos;, &apos;ncolor&apos;: None, &apos;size&apos;: 13.289999999999992, &apos;value&apos;: &apos;.&apos;, &apos;children&apos;: [], &apos;features&apos;: {}}, {&apos;type&apos;: &apos;text&apos;, &apos;bbox&apos;: (438.71799999999996, 101.311, 441.48799999999994, 114.601), &apos;color_space&apos;: &apos;DeviceGray&apos;, &apos;ncolor&apos;: None, &apos;size&apos;: 13.289999999999992, &apos;value&apos;: &apos;.&apos;, &apos;children&apos;: [], &apos;features&apos;: {}}, {&apos;type&apos;: &apos;text&apos;, &apos;bbox&apos;: (441.488, 101.311, 444.258, 114.601), &apos;color_space&apos;: &apos;DeviceGray&apos;, &apos;ncolor&apos;: None, &apos;size&apos;: 13.289999999999992, &apos;value&apos;: &apos;.&apos;, &apos;children&apos;: [], &apos;features&apos;: {}}, {&apos;type&apos;: &apos;text&apos;, &apos;bbox&apos;: (444.25800000000004, 101.311, 447.028, 114.601), &apos;color_space&apos;: &apos;DeviceGray&apos;, &apos;ncolor&apos;: None, &apos;size&apos;: 13.289999999999992, &apos;value&apos;: &apos;.&apos;, &apos;children&apos;: [], &apos;features&apos;: {}}, {&apos;type&apos;: &apos;text&apos;, &apos;bbox&apos;: (447.028, 101.311, 449.798, 114.601), &apos;color_space&apos;: &apos;DeviceGray&apos;, &apos;ncolor&apos;: None, &apos;size&apos;: 13.289999999999992, &apos;value&apos;: &apos;.&apos;, &apos;children&apos;: [], &apos;features&apos;: {}}, {&apos;type&apos;: &apos;text&apos;, &apos;bbox&apos;: (449.798, 101.311, 452.568, 114.601), &apos;color_space&apos;: &apos;DeviceGray&apos;, &apos;ncolor&apos;: None, &apos;size&apos;: 13.289999999999992, &apos;value&apos;: &apos;.&apos;, &apos;children&apos;: [], &apos;features&apos;: {}}, {&apos;type&apos;: &apos;text&apos;, &apos;bbox&apos;: (452.56800000000004, 101.311, 455.338, 114.601), &apos;color_space&apos;: &apos;DeviceGray&apos;, &apos;ncolor&apos;: None, &apos;size&apos;: 13.289999999999992, &apos;value&apos;: &apos;.&apos;, &apos;children&apos;: [], &apos;features&apos;: {}}, {&apos;type&apos;: &apos;text&apos;, &apos;bbox&apos;: (455.3380000000001, 101.311, 458.10800000000006, 114.601), &apos;color_space&apos;: &apos;DeviceGray&apos;, &apos;ncolor&apos;: None, &apos;size&apos;: 13.289999999999992, &apos;value&apos;: &apos;.&apos;, &apos;children&apos;: [], &apos;features&apos;: {}}, {&apos;type&apos;: &apos;text&apos;, &apos;bbox&apos;: (458.10800000000006, 101.311, 460.87800000000004, 114.601), &apos;color_space&apos;: &apos;DeviceGray&apos;, &apos;ncolor&apos;: None, &apos;size&apos;: 13.289999999999992, &apos;value&apos;: &apos;.&apos;, &apos;children&apos;: [], &apos;features&apos;: {}}, {&apos;type&apos;: &apos;text&apos;, &apos;bbox&apos;: (460.87800000000004, 101.311, 463.648, 114.601), &apos;color_space&apos;: &apos;DeviceGray&apos;, &apos;ncolor&apos;: None, &apos;size&apos;: 13.289999999999992, &apos;value&apos;: &apos;.&apos;, &apos;children&apos;: [], &apos;features&apos;: {}}, {&apos;type&apos;: &apos;text&apos;, &apos;bbox&apos;: (463.6480000000001, 101.311, 466.41800000000006, 114.601), &apos;color_space&apos;: &apos;DeviceGray&apos;, &apos;ncolor&apos;: None, &apos;size&apos;: 13.289999999999992, &apos;value&apos;: &apos;.&apos;, &apos;children&apos;: [], &apos;features&apos;: {}}, {&apos;type&apos;: &apos;text&apos;, &apos;bbox&apos;: (466.4180000000001, 101.311, 469.1880000000001, 114.601), &apos;color_space&apos;: &apos;DeviceGray&apos;, &apos;ncolor&apos;: None, &apos;size&apos;: 13.289999999999992, &apos;value&apos;: &apos;.&apos;, &apos;children&apos;: [], &apos;features&apos;: {}}, {&apos;type&apos;: &apos;text&apos;, &apos;bbox&apos;: (469.1880000000001, 101.311, 471.9580000000001, 114.601), &apos;color_space&apos;: &apos;DeviceGray&apos;, &apos;ncolor&apos;: None, &apos;size&apos;: 13.289999999999992, &apos;value&apos;: &apos;.&apos;, &apos;children&apos;: [], &apos;features&apos;: {}}, {&apos;type&apos;: &apos;text&apos;, &apos;bbox&apos;: (471.9580000000001, 101.311, 474.72800000000007, 114.601), &apos;color_space&apos;: &apos;DeviceGray&apos;, &apos;ncolor&apos;: None, &apos;size&apos;: 13.289999999999992, &apos;value&apos;: &apos;.&apos;, &apos;children&apos;: [], &apos;features&apos;: {}}, {&apos;type&apos;: &apos;text&apos;, &apos;bbox&apos;: (474.7280000000001, 101.311, 477.4980000000001, 114.601), &apos;color_space&apos;: &apos;DeviceGray&apos;, &apos;ncolor&apos;: None, &apos;size&apos;: 13.289999999999992, &apos;value&apos;: &apos;.&apos;, &apos;children&apos;: [], &apos;features&apos;: {}}, {&apos;type&apos;: &apos;text&apos;, &apos;bbox&apos;: (477.49800000000016, 101.311, 480.26800000000014, 114.601), &apos;color_space&apos;: &apos;DeviceGray&apos;, &apos;ncolor&apos;: None, &apos;size&apos;: 13.289999999999992, &apos;value&apos;: &apos;.&apos;, &apos;children&apos;: [], &apos;features&apos;: {}}, {&apos;type&apos;: &apos;text&apos;, &apos;bbox&apos;: (480.26800000000014, 101.311, 483.0380000000001, 114.601), &apos;color_space&apos;: &apos;DeviceGray&apos;, &apos;ncolor&apos;: None, &apos;size&apos;: 13.289999999999992, &apos;value&apos;: &apos;.&apos;, &apos;children&apos;: [], &apos;features&apos;: {}}, {&apos;type&apos;: &apos;text&apos;, &apos;bbox&apos;: (483.0380000000001, 101.311, 485.8080000000001, 114.601), &apos;color_space&apos;: &apos;DeviceGray&apos;, &apos;ncolor&apos;: None, &apos;size&apos;: 13.289999999999992, &apos;value&apos;: &apos;.&apos;, &apos;children&apos;: [], &apos;features&apos;: {}}, {&apos;type&apos;: &apos;text&apos;, &apos;bbox&apos;: (485.80800000000016, 101.311, 488.57800000000015, 114.601), &apos;color_space&apos;: &apos;DeviceGray&apos;, &apos;ncolor&apos;: None, &apos;size&apos;: 13.289999999999992, &apos;value&apos;: &apos;.&apos;, &apos;children&apos;: [], &apos;features&apos;: {}}, {&apos;type&apos;: &apos;text&apos;, &apos;bbox&apos;: (488.5780000000002, 101.311, 491.3480000000002, 114.601), &apos;color_space&apos;: &apos;DeviceGray&apos;, &apos;ncolor&apos;: None, &apos;size&apos;: 13.289999999999992, &apos;value&apos;: &apos;.&apos;, &apos;children&apos;: [], &apos;features&apos;: {}}, {&apos;type&apos;: &apos;text&apos;, &apos;bbox&apos;: (491.3480000000002, 101.311, 494.11800000000017, 114.601), &apos;color_space&apos;: &apos;DeviceGray&apos;, &apos;ncolor&apos;: None, &apos;size&apos;: 13.289999999999992, &apos;value&apos;: &apos;.&apos;, &apos;children&apos;: [], &apos;features&apos;: {}}, {&apos;type&apos;: &apos;text&apos;, &apos;bbox&apos;: (494.11800000000017, 101.311, 496.88800000000015, 114.601), &apos;color_space&apos;: &apos;DeviceGray&apos;, &apos;ncolor&apos;: None, &apos;size&apos;: 13.289999999999992, &apos;value&apos;: &apos;.&apos;, &apos;children&apos;: [], &apos;features&apos;: {}}, {&apos;type&apos;: &apos;text&apos;, &apos;bbox&apos;: (496.8880000000002, 101.311, 499.6580000000002, 114.601), &apos;color_space&apos;: &apos;DeviceGray&apos;, &apos;ncolor&apos;: None, &apos;size&apos;: 13.289999999999992, &apos;value&apos;: &apos;.&apos;, &apos;children&apos;: [], &apos;features&apos;: {}}, {&apos;type&apos;: &apos;text&apos;, &apos;bbox&apos;: (499.65800000000024, 101.311, 502.4280000000002, 114.601), &apos;color_space&apos;: &apos;DeviceGray&apos;, &apos;ncolor&apos;: None, &apos;size&apos;: 13.289999999999992, &apos;value&apos;: &apos;.&apos;, &apos;children&apos;: [], &apos;features&apos;: {}}, {&apos;type&apos;: &apos;text&apos;, &apos;bbox&apos;: (502.4280000000002, 101.311, 505.1980000000002, 114.601), &apos;color_space&apos;: &apos;DeviceGray&apos;, &apos;ncolor&apos;: None, &apos;size&apos;: 13.289999999999992, &apos;value&apos;: &apos;.&apos;, &apos;children&apos;: [], &apos;features&apos;: {}}, {&apos;type&apos;: &apos;text&apos;, &apos;bbox&apos;: (505.1980000000002, 101.311, 507.9680000000002, 114.601), &apos;color_space&apos;: &apos;DeviceGray&apos;, &apos;ncolor&apos;: None, &apos;size&apos;: 13.289999999999992, &apos;value&apos;: &apos;.&apos;, &apos;children&apos;: [], &apos;features&apos;: {}}, {&apos;type&apos;: &apos;text&apos;, &apos;bbox&apos;: (507.96800000000025, 101.311, 510.7380000000002, 114.601), &apos;color_space&apos;: &apos;DeviceGray&apos;, &apos;ncolor&apos;: None, &apos;size&apos;: 13.289999999999992, &apos;value&apos;: &apos;.&apos;, &apos;children&apos;: [], &apos;features&apos;: {}}, {&apos;type&apos;: &apos;text&apos;, &apos;bbox&apos;: (510.7380000000003, 101.311, 513.5080000000003, 114.601), &apos;color_space&apos;: &apos;DeviceGray&apos;, &apos;ncolor&apos;: None, &apos;size&apos;: 13.289999999999992, &apos;value&apos;: &apos;.&apos;, &apos;children&apos;: [], &apos;features&apos;: {}}, {&apos;type&apos;: &apos;text&apos;, &apos;bbox&apos;: (514.425, 101.311, 519.9849999999999, 114.601), &apos;color_space&apos;: &apos;DeviceGray&apos;, &apos;ncolor&apos;: None, &apos;size&apos;: 13.289999999999992, &apos;value&apos;: &apos;2&apos;, &apos;children&apos;: [], &apos;features&apos;: {}}, {&apos;type&apos;: &apos;text&apos;, &apos;bbox&apos;: (519.9849999999999, 101.311, 523.3149999999999, 114.601), &apos;color_space&apos;: &apos;DeviceGray&apos;, &apos;ncolor&apos;: None, &apos;size&apos;: 13.289999999999992, &apos;value&apos;: &apos;-&apos;, &apos;children&apos;: [], &apos;features&apos;: {}}, {&apos;type&apos;: &apos;text&apos;, &apos;bbox&apos;: (523.315, 101.311, 528.875, 114.601), &apos;color_space&apos;: &apos;DeviceGray&apos;, &apos;ncolor&apos;: None, &apos;size&apos;: 13.289999999999992, &apos;value&apos;: &apos;3&apos;, &apos;children&apos;: [], &apos;features&apos;: {}}, {&apos;type&apos;: &apos;text&apos;, &apos;bbox&apos;: (528.875, 101.311, 534.435, 114.601), &apos;color_space&apos;: &apos;DeviceGray&apos;, &apos;ncolor&apos;: None, &apos;size&apos;: 13.289999999999992, &apos;value&apos;: &apos;1&apos;, &apos;children&apos;: [], &apos;features&apos;: {}}, {&apos;type&apos;: &apos;text&apos;, &apos;bbox&apos;: (534.4350000000001, 101.311, 539.995, 114.601), &apos;color_space&apos;: &apos;DeviceGray&apos;, &apos;ncolor&apos;: None, &apos;size&apos;: 13.289999999999992, &apos;value&apos;: &apos;8&apos;, &apos;children&apos;: [], &apos;features&apos;: {}}], &apos;features&apos;: {}}
*********************





--------------------------------- NEW PAGE --------------------------------
--------------------------------- CONTENT AREA --------------------------------- 
FSI_D_GUARANTEES..........................................................................................................2-349
FSI_D_LEDGER_STAT_INSTRUMENT............................................................................. 2-363
FSI_D_MM_CONTRACTS...................................................................................................2-377
FSI_D_MORTGAGE_BACK_SEC........................................................................................2-400
FSI_D_MUTUAL_FUNDS....................................................................................................2-423



--------------------------------- CONTENT AREA --------------------------------- 
3 Instrument Services Tables



--------------------------------- CONTENT AREA --------------------------------- 
OverviewoftheInstrumentServicesDatabaseTables...........................................................3-1
FSI_D_OTHER_SERVICES...................................................................................................... 3-1
FSI_D_TRUSTS.......................................................................................................................3-20
FSI_D_MERCHANT_CARDS................................................................................................ 3-39



--------------------------------- CONTENT AREA --------------------------------- 
4 Derivative Instruments Tables



--------------------------------- CONTENT AREA --------------------------------- 
FSI_D_DERIVATIVES..............................................................................................................4-1
FSI_D_SWAPS........................................................................................................................ 4-13
FSI_D_FORWARD_RATE_AGMTS...................................................................................... 4-27
FSI_D_FX_CONTRACTS........................................................................................................4-46
FSI_D_OPTIONS.................................................................................................................... 4-61
FSI_D_FUTURES....................................................................................................................4-79



--------------------------------- CONTENT AREA --------------------------------- 
5 LEDGER_STAT



--------------------------------- CONTENT AREA --------------------------------- 
OverviewoftheLEDGER_STATDatabasetable....................................................................5-1
LEDGERSTATTable................................................................................................................5-1



--------------------------------- CONTENT AREA --------------------------------- 
6 TRANSACTIONS



--------------------------------- CONTENT AREA --------------------------------- 
OverviewoftheTRANSACTIONSDatabasetables...............................................................6-1
ListofTRANSACTIONSDatabaseTables..............................................................................6-1
StructureofTRANSACTIONSDatabaseTables.....................................................................6-2



--------------------------------- CONTENT AREA --------------------------------- 
7 DIMENSIONS



--------------------------------- CONTENT AREA --------------------------------- 
DIM_FINANCIAL_ELEMENTS_B...........................................................................................7-1
DIM_FINANCIAL_ELEMENTS_TL.........................................................................................7-2
DIM_FINANCIAL_ELEMENTS_ATTR...................................................................................7-3
DIM_FINANCIAL_ELEMENTS_HIER....................................................................................7-3
DIM_ORG_UNIT_B..................................................................................................................7-4
DIM_ORG_UNIT_TL................................................................................................................7-5
DIM_ORG_UNIT_ATTR..........................................................................................................7-6
DIM_ORG_UNIT_HIER...........................................................................................................7-7
DIM_GENERAL_LEDGER_B...................................................................................................7-8



--------------------------------- CONTENT AREA --------------------------------- 
iv



--------------------------------- CONTENT AREA --------------------------------- 
This content area has an image
{&apos;type&apos;: &apos;figure&apos;, &apos;bbox&apos;: (0, 0, 612.0, 792.0), &apos;name&apos;: &apos;fx18&apos;, &apos;children&apos;: [{&apos;type&apos;: &apos;text&apos;, &apos;bbox&apos;: (78.0, 706.51, 83.57, 719.99), &apos;color_space&apos;: &apos;DeviceGray&apos;, &apos;ncolor&apos;: None, &apos;size&apos;: 13.480000000000018, &apos;value&apos;: &apos;F&apos;, &apos;children&apos;: [], &apos;features&apos;: {}}, {&apos;type&apos;: &apos;text&apos;, &apos;bbox&apos;: (83.57, 706.51, 89.66999999999999, 719.99), &apos;color_space&apos;: &apos;DeviceGray&apos;, &apos;ncolor&apos;: None, &apos;size&apos;: 13.480000000000018, &apos;value&apos;: &apos;S&apos;, &apos;children&apos;: [], &apos;features&apos;: {}}, {&apos;type&apos;: &apos;text&apos;, &apos;bbox&apos;: (89.67, 706.51, 93.56, 719.99), &apos;color_space&apos;: &apos;DeviceGray&apos;, &apos;ncolor&apos;: None, &apos;size&apos;: 13.480000000000018, &apos;value&apos;: &apos;I&apos;, &apos;children&apos;: [], &apos;features&apos;: {}}, {&apos;type&apos;: &apos;text&apos;, &apos;bbox&apos;: (93.56, 706.51, 98.56, 719.99), &apos;color_space&apos;: &apos;DeviceGray&apos;, &apos;ncolor&apos;: None, &apos;size&apos;: 13.480000000000018, &apos;value&apos;: &apos;_&apos;, &apos;children&apos;: [], &apos;features&apos;: {}}, {&apos;type&apos;: &apos;text&apos;, &apos;bbox&apos;: (98.56, 706.51, 106.87, 719.99), &apos;color_space&apos;: &apos;DeviceGray&apos;, &apos;ncolor&apos;: None, &apos;size&apos;: 13.480000000000018, &apos;value&apos;: &apos;D&apos;, &apos;children&apos;: [], &apos;features&apos;: {}}, {&apos;type&apos;: &apos;text&apos;, &apos;bbox&apos;: (106.87, 706.51, 111.87, 719.99), &apos;color_space&apos;: &apos;DeviceGray&apos;, &apos;ncolor&apos;: None, &apos;size&apos;: 13.480000000000018, &apos;value&apos;: &apos;_&apos;, &apos;children&apos;: [], &apos;features&apos;: {}}, {&apos;type&apos;: &apos;text&apos;, &apos;bbox&apos;: (111.87, 706.51, 120.2, 719.99), &apos;color_space&apos;: &apos;DeviceGray&apos;, &apos;ncolor&apos;: None, &apos;size&apos;: 13.480000000000018, &apos;value&apos;: &apos;G&apos;, &apos;children&apos;: [], &apos;features&apos;: {}}, {&apos;type&apos;: &apos;text&apos;, &apos;bbox&apos;: (120.2, 706.51, 127.97, 719.99), &apos;color_space&apos;: &apos;DeviceGray&apos;, &apos;ncolor&apos;: None, &apos;size&apos;: 13.480000000000018, &apos;value&apos;: &apos;U&apos;, &apos;children&apos;: [], &apos;features&apos;: {}}, {&apos;type&apos;: &apos;text&apos;, &apos;bbox&apos;: (127.97, 706.51, 135.74, 719.99), &apos;color_space&apos;: &apos;DeviceGray&apos;, &apos;ncolor&apos;: None, &apos;size&apos;: 13.480000000000018, &apos;value&apos;: &apos;A&apos;, &apos;children&apos;: [], &apos;features&apos;: {}}, {&apos;type&apos;: &apos;text&apos;, &apos;bbox&apos;: (135.74, 706.51, 142.87, 719.99), &apos;color_space&apos;: &apos;DeviceGray&apos;, &apos;ncolor&apos;: None, &apos;size&apos;: 13.480000000000018, &apos;value&apos;: &apos;R&apos;, &apos;children&apos;: [], &apos;features&apos;: {}}, {&apos;type&apos;: &apos;text&apos;, &apos;bbox&apos;: (142.87, 706.51, 150.64000000000001, 719.99), &apos;color_space&apos;: &apos;DeviceGray&apos;, &apos;ncolor&apos;: None, &apos;size&apos;: 13.480000000000018, &apos;value&apos;: &apos;A&apos;, &apos;children&apos;: [], &apos;features&apos;: {}}, {&apos;type&apos;: &apos;text&apos;, &apos;bbox&apos;: (150.64, 706.51, 158.97, 719.99), &apos;color_space&apos;: &apos;DeviceGray&apos;, &apos;ncolor&apos;: None, &apos;size&apos;: 13.480000000000018, &apos;value&apos;: &apos;N&apos;, &apos;children&apos;: [], &apos;features&apos;: {}}, {&apos;type&apos;: &apos;text&apos;, &apos;bbox&apos;: (158.97, 706.51, 165.63, 719.99), &apos;color_space&apos;: &apos;DeviceGray&apos;, &apos;ncolor&apos;: None, &apos;size&apos;: 13.480000000000018, &apos;value&apos;: &apos;T&apos;, &apos;children&apos;: [], &apos;features&apos;: {}}, {&apos;type&apos;: &apos;text&apos;, &apos;bbox&apos;: (165.63, 706.51, 171.68, 719.99), &apos;color_space&apos;: &apos;DeviceGray&apos;, &apos;ncolor&apos;: None, &apos;size&apos;: 13.480000000000018, &apos;value&apos;: &apos;E&apos;, &apos;children&apos;: [], &apos;features&apos;: {}}, {&apos;type&apos;: &apos;text&apos;, &apos;bbox&apos;: (171.68, 706.51, 177.73000000000002, 719.99), &apos;color_space&apos;: &apos;DeviceGray&apos;, &apos;ncolor&apos;: None, &apos;size&apos;: 13.480000000000018, &apos;value&apos;: &apos;E&apos;, &apos;children&apos;: [], &apos;features&apos;: {}}, {&apos;type&apos;: &apos;text&apos;, &apos;bbox&apos;: (177.73, 706.51, 183.82999999999998, 719.99), &apos;color_space&apos;: &apos;DeviceGray&apos;, &apos;ncolor&apos;: None, &apos;size&apos;: 13.480000000000018, &apos;value&apos;: &apos;S&apos;, &apos;children&apos;: [], &apos;features&apos;: {}}, {&apos;type&apos;: &apos;text&apos;, &apos;bbox&apos;: (183.917, 707.24, 186.687, 720.53), &apos;color_space&apos;: &apos;DeviceGray&apos;, &apos;ncolor&apos;: None, &apos;size&apos;: 13.289999999999964, &apos;value&apos;: &apos;.&apos;, &apos;children&apos;: [], &apos;features&apos;: {}}, {&apos;type&apos;: &apos;text&apos;, &apos;bbox&apos;: (186.687, 707.24, 189.45700000000002, 720.53), &apos;color_space&apos;: &apos;DeviceGray&apos;, &apos;ncolor&apos;: None, &apos;size&apos;: 13.289999999999964, &apos;value&apos;: &apos;.&apos;, &apos;children&apos;: [], &apos;features&apos;: {}}, {&apos;type&apos;: &apos;text&apos;, &apos;bbox&apos;: (189.457, 707.24, 192.227, 720.53), &apos;color_space&apos;: &apos;DeviceGray&apos;, &apos;ncolor&apos;: None, &apos;size&apos;: 13.289999999999964, &apos;value&apos;: &apos;.&apos;, &apos;children&apos;: [], &apos;features&apos;: {}}, {&apos;type&apos;: &apos;text&apos;, &apos;bbox&apos;: (192.227, 707.24, 194.997, 720.53), &apos;color_space&apos;: &apos;DeviceGray&apos;, &apos;ncolor&apos;: None, &apos;size&apos;: 13.289999999999964, &apos;value&apos;: &apos;.&apos;, &apos;children&apos;: [], &apos;features&apos;: {}}, {&apos;type&apos;: &apos;text&apos;, &apos;bbox&apos;: (194.997, 707.24, 197.76700000000002, 720.53), &apos;color_space&apos;: &apos;DeviceGray&apos;, &apos;ncolor&apos;: None, &apos;size&apos;: 13.289999999999964, &apos;value&apos;: &apos;.&apos;, &apos;children&apos;: [], &apos;features&apos;: {}}, {&apos;type&apos;: &apos;text&apos;, &apos;bbox&apos;: (197.767, 707.24, 200.537, 720.53), &apos;color_space&apos;: &apos;DeviceGray&apos;, &apos;ncolor&apos;: None, &apos;size&apos;: 13.289999999999964, &apos;value&apos;: &apos;.&apos;, &apos;children&apos;: [], &apos;features&apos;: {}}, {&apos;type&apos;: &apos;text&apos;, &apos;bbox&apos;: (200.537, 707.24, 203.30700000000002, 720.53), &apos;color_space&apos;: &apos;DeviceGray&apos;, &apos;ncolor&apos;: None, &apos;size&apos;: 13.289999999999964, &apos;value&apos;: &apos;.&apos;, &apos;children&apos;: [], &apos;features&apos;: {}}, {&apos;type&apos;: &apos;text&apos;, &apos;bbox&apos;: (203.30700000000002, 707.24, 206.07700000000003, 720.53), &apos;color_space&apos;: &apos;DeviceGray&apos;, &apos;ncolor&apos;: None, &apos;size&apos;: 13.289999999999964, &apos;value&apos;: &apos;.&apos;, &apos;children&apos;: [], &apos;features&apos;: {}}, {&apos;type&apos;: &apos;text&apos;, &apos;bbox&apos;: (206.077, 707.24, 208.847, 720.53), &apos;color_space&apos;: &apos;DeviceGray&apos;, &apos;ncolor&apos;: None, &apos;size&apos;: 13.289999999999964, &apos;value&apos;: &apos;.&apos;, &apos;children&apos;: [], &apos;features&apos;: {}}, {&apos;type&apos;: &apos;text&apos;, &apos;bbox&apos;: (208.847, 707.24, 211.61700000000002, 720.53), &apos;color_space&apos;: &apos;DeviceGray&apos;, &apos;ncolor&apos;: None, &apos;size&apos;: 13.289999999999964, &apos;value&apos;: &apos;.&apos;, &apos;children&apos;: [], &apos;features&apos;: {}}, {&apos;type&apos;: &apos;text&apos;, &apos;bbox&apos;: (211.617, 707.24, 214.387, 720.53), &apos;color_space&apos;: &apos;DeviceGray&apos;, &apos;ncolor&apos;: None, &apos;size&apos;: 13.289999999999964, &apos;value&apos;: &apos;.&apos;, &apos;children&apos;: [], &apos;features&apos;: {}}, {&apos;type&apos;: &apos;text&apos;, &apos;bbox&apos;: (214.387, 707.24, 217.157, 720.53), &apos;color_space&apos;: &apos;DeviceGray&apos;, &apos;ncolor&apos;: None, &apos;size&apos;: 13.289999999999964, &apos;value&apos;: &apos;.&apos;, &apos;children&apos;: [], &apos;features&apos;: {}}, {&apos;type&apos;: &apos;text&apos;, &apos;bbox&apos;: (217.157, 707.24, 219.92700000000002, 720.53), &apos;color_space&apos;: &apos;DeviceGray&apos;, &apos;ncolor&apos;: None, &apos;size&apos;: 13.289999999999964, &apos;value&apos;: &apos;.&apos;, &apos;children&apos;: [], &apos;features&apos;: {}}, {&apos;type&apos;: &apos;text&apos;, &apos;bbox&apos;: (219.92700000000002, 707.24, 222.69700000000003, 720.53), &apos;color_space&apos;: &apos;DeviceGray&apos;, &apos;ncolor&apos;: None, &apos;size&apos;: 13.289999999999964, &apos;value&apos;: &apos;.&apos;, &apos;children&apos;: [], &apos;features&apos;: {}}, {&apos;type&apos;: &apos;text&apos;, &apos;bbox&apos;: (222.697, 707.24, 225.467, 720.53), &apos;color_space&apos;: &apos;DeviceGray&apos;, &apos;ncolor&apos;: None, &apos;size&apos;: 13.289999999999964, &apos;value&apos;: &apos;.&apos;, &apos;children&apos;: [], &apos;features&apos;: {}}, {&apos;type&apos;: &apos;text&apos;, &apos;bbox&apos;: (225.467, 707.24, 228.23700000000002, 720.53), &apos;color_space&apos;: &apos;DeviceGray&apos;, &apos;ncolor&apos;: None, &apos;size&apos;: 13.289999999999964, &apos;value&apos;: &apos;.&apos;, &apos;children&apos;: [], &apos;features&apos;: {}}, {&apos;type&apos;: &apos;text&apos;, &apos;bbox&apos;: (228.23700000000002, 707.24, 231.00700000000003, 720.53), &apos;color_space&apos;: &apos;DeviceGray&apos;, &apos;ncolor&apos;: None, &apos;size&apos;: 13.289999999999964, &apos;value&apos;: &apos;.&apos;, &apos;children&apos;: [], &apos;features&apos;: {}}, {&apos;type&apos;: &apos;text&apos;, &apos;bbox&apos;: (231.007, 707.24, 233.77700000000002, 720.53), &apos;color_space&apos;: &apos;DeviceGray&apos;, &apos;ncolor&apos;: None, &apos;size&apos;: 13.289999999999964, &apos;value&apos;: &apos;.&apos;, &apos;children&apos;: [], &apos;features&apos;: {}}, {&apos;type&apos;: &apos;text&apos;, &apos;bbox&apos;: (233.77700000000002, 707.24, 236.54700000000003, 720.53), &apos;color_space&apos;: &apos;DeviceGray&apos;, &apos;ncolor&apos;: None, &apos;size&apos;: 13.289999999999964, &apos;value&apos;: &apos;.&apos;, &apos;children&apos;: [], &apos;features&apos;: {}}, {&apos;type&apos;: &apos;text&apos;, &apos;bbox&apos;: (236.54700000000003, 707.24, 239.31700000000004, 720.53), &apos;color_space&apos;: &apos;DeviceGray&apos;, &apos;ncolor&apos;: None, &apos;size&apos;: 13.289999999999964, &apos;value&apos;: &apos;.&apos;, &apos;children&apos;: [], &apos;features&apos;: {}}, {&apos;type&apos;: &apos;text&apos;, &apos;bbox&apos;: (239.31700000000004, 707.24, 242.08700000000005, 720.53), &apos;color_space&apos;: &apos;DeviceGray&apos;, &apos;ncolor&apos;: None, &apos;size&apos;: 13.289999999999964, &apos;value&apos;: &apos;.&apos;, &apos;children&apos;: [], &apos;features&apos;: {}}, {&apos;type&apos;: &apos;text&apos;, &apos;bbox&apos;: (242.08700000000005, 707.24, 244.85700000000006, 720.53), &apos;color_space&apos;: &apos;DeviceGray&apos;, &apos;ncolor&apos;: None, &apos;size&apos;: 13.289999999999964, &apos;value&apos;: &apos;.&apos;, &apos;children&apos;: [], &apos;features&apos;: {}}, {&apos;type&apos;: &apos;text&apos;, &apos;bbox&apos;: (244.85700000000003, 707.24, 247.62700000000004, 720.53), &apos;color_space&apos;: &apos;DeviceGray&apos;, &apos;ncolor&apos;: None, &apos;size&apos;: 13.289999999999964, &apos;value&apos;: &apos;.&apos;, &apos;children&apos;: [], &apos;features&apos;: {}}, {&apos;type&apos;: &apos;text&apos;, &apos;bbox&apos;: (247.62700000000004, 707.24, 250.39700000000005, 720.53), &apos;color_space&apos;: &apos;DeviceGray&apos;, &apos;ncolor&apos;: None, &apos;size&apos;: 13.289999999999964, &apos;value&apos;: &apos;.&apos;, &apos;children&apos;: [], &apos;features&apos;: {}}, {&apos;type&apos;: &apos;text&apos;, &apos;bbox&apos;: (250.39700000000005, 707.24, 253.16700000000006, 720.53), &apos;color_space&apos;: &apos;DeviceGray&apos;, &apos;ncolor&apos;: None, &apos;size&apos;: 13.289999999999964, &apos;value&apos;: &apos;.&apos;, &apos;children&apos;: [], &apos;features&apos;: {}}, {&apos;type&apos;: &apos;text&apos;, &apos;bbox&apos;: (253.16700000000003, 707.24, 255.93700000000004, 720.53), &apos;color_space&apos;: &apos;DeviceGray&apos;, &apos;ncolor&apos;: None, &apos;size&apos;: 13.289999999999964, &apos;value&apos;: &apos;.&apos;, &apos;children&apos;: [], &apos;features&apos;: {}}, {&apos;type&apos;: &apos;text&apos;, &apos;bbox&apos;: (255.937, 707.24, 258.707, 720.53), &apos;color_space&apos;: &apos;DeviceGray&apos;, &apos;ncolor&apos;: None, &apos;size&apos;: 13.289999999999964, &apos;value&apos;: &apos;.&apos;, &apos;children&apos;: [], &apos;features&apos;: {}}, {&apos;type&apos;: &apos;text&apos;, &apos;bbox&apos;: (258.707, 707.24, 261.477, 720.53), &apos;color_space&apos;: &apos;DeviceGray&apos;, &apos;ncolor&apos;: None, &apos;size&apos;: 13.289999999999964, &apos;value&apos;: &apos;.&apos;, &apos;children&apos;: [], &apos;features&apos;: {}}, {&apos;type&apos;: &apos;text&apos;, &apos;bbox&apos;: (261.47700000000003, 707.24, 264.247, 720.53), &apos;color_space&apos;: &apos;DeviceGray&apos;, &apos;ncolor&apos;: None, &apos;size&apos;: 13.289999999999964, &apos;value&apos;: &apos;.&apos;, &apos;children&apos;: [], &apos;features&apos;: {}}, {&apos;type&apos;: &apos;text&apos;, &apos;bbox&apos;: (264.247, 707.24, 267.017, 720.53), &apos;color_space&apos;: &apos;DeviceGray&apos;, &apos;ncolor&apos;: None, &apos;size&apos;: 13.289999999999964, &apos;value&apos;: &apos;.&apos;, &apos;children&apos;: [], &apos;features&apos;: {}}, {&apos;type&apos;: &apos;text&apos;, &apos;bbox&apos;: (267.017, 707.24, 269.787, 720.53), &apos;color_space&apos;: &apos;DeviceGray&apos;, &apos;ncolor&apos;: None, &apos;size&apos;: 13.289999999999964, &apos;value&apos;: &apos;.&apos;, &apos;children&apos;: [], &apos;features&apos;: {}}, {&apos;type&apos;: &apos;text&apos;, &apos;bbox&apos;: (269.78700000000003, 707.24, 272.557, 720.53), &apos;color_space&apos;: &apos;DeviceGray&apos;, &apos;ncolor&apos;: None, &apos;size&apos;: 13.289999999999964, &apos;value&apos;: &apos;.&apos;, &apos;children&apos;: [], &apos;features&apos;: {}}, {&apos;type&apos;: &apos;text&apos;, &apos;bbox&apos;: (272.557, 707.24, 275.327, 720.53), &apos;color_space&apos;: &apos;DeviceGray&apos;, &apos;ncolor&apos;: None, &apos;size&apos;: 13.289999999999964, &apos;value&apos;: &apos;.&apos;, &apos;children&apos;: [], &apos;features&apos;: {}}, {&apos;type&apos;: &apos;text&apos;, &apos;bbox&apos;: (275.327, 707.24, 278.097, 720.53), &apos;color_space&apos;: &apos;DeviceGray&apos;, &apos;ncolor&apos;: None, &apos;size&apos;: 13.289999999999964, &apos;value&apos;: &apos;.&apos;, &apos;children&apos;: [], &apos;features&apos;: {}}, {&apos;type&apos;: &apos;text&apos;, &apos;bbox&apos;: (278.097, 707.24, 280.86699999999996, 720.53), &apos;color_space&apos;: &apos;DeviceGray&apos;, &apos;ncolor&apos;: None, &apos;size&apos;: 13.289999999999964, &apos;value&apos;: &apos;.&apos;, &apos;children&apos;: [], &apos;features&apos;: {}}, {&apos;type&apos;: &apos;text&apos;, &apos;bbox&apos;: (280.86699999999996, 707.24, 283.63699999999994, 720.53), &apos;color_space&apos;: &apos;DeviceGray&apos;, &apos;ncolor&apos;: None, &apos;size&apos;: 13.289999999999964, &apos;value&apos;: &apos;.&apos;, &apos;children&apos;: [], &apos;features&apos;: {}}, {&apos;type&apos;: &apos;text&apos;, &apos;bbox&apos;: (283.637, 707.24, 286.407, 720.53), &apos;color_space&apos;: &apos;DeviceGray&apos;, &apos;ncolor&apos;: None, &apos;size&apos;: 13.289999999999964, &apos;value&apos;: &apos;.&apos;, &apos;children&apos;: [], &apos;features&apos;: {}}, {&apos;type&apos;: &apos;text&apos;, &apos;bbox&apos;: (286.407, 707.24, 289.17699999999996, 720.53), &apos;color_space&apos;: &apos;DeviceGray&apos;, &apos;ncolor&apos;: None, &apos;size&apos;: 13.289999999999964, &apos;value&apos;: &apos;.&apos;, &apos;children&apos;: [], &apos;features&apos;: {}}, {&apos;type&apos;: &apos;text&apos;, &apos;bbox&apos;: (289.17699999999996, 707.24, 291.94699999999995, 720.53), &apos;color_space&apos;: &apos;DeviceGray&apos;, &apos;ncolor&apos;: None, &apos;size&apos;: 13.289999999999964, &apos;value&apos;: &apos;.&apos;, &apos;children&apos;: [], &apos;features&apos;: {}}, {&apos;type&apos;: &apos;text&apos;, &apos;bbox&apos;: (291.947, 707.24, 294.717, 720.53), &apos;color_space&apos;: &apos;DeviceGray&apos;, &apos;ncolor&apos;: None, &apos;size&apos;: 13.289999999999964, &apos;value&apos;: &apos;.&apos;, &apos;children&apos;: [], &apos;features&apos;: {}}, {&apos;type&apos;: &apos;text&apos;, &apos;bbox&apos;: (294.717, 707.24, 297.48699999999997, 720.53), &apos;color_space&apos;: &apos;DeviceGray&apos;, &apos;ncolor&apos;: None, &apos;size&apos;: 13.289999999999964, &apos;value&apos;: &apos;.&apos;, &apos;children&apos;: [], &apos;features&apos;: {}}, {&apos;type&apos;: &apos;text&apos;, &apos;bbox&apos;: (297.48699999999997, 707.24, 300.25699999999995, 720.53), &apos;color_space&apos;: &apos;DeviceGray&apos;, &apos;ncolor&apos;: None, &apos;size&apos;: 13.289999999999964, &apos;value&apos;: &apos;.&apos;, &apos;children&apos;: [], &apos;features&apos;: {}}, {&apos;type&apos;: &apos;text&apos;, &apos;bbox&apos;: (300.25699999999995, 707.24, 303.02699999999993, 720.53), &apos;color_space&apos;: &apos;DeviceGray&apos;, &apos;ncolor&apos;: None, &apos;size&apos;: 13.289999999999964, &apos;value&apos;: &apos;.&apos;, &apos;children&apos;: [], &apos;features&apos;: {}}, {&apos;type&apos;: &apos;text&apos;, &apos;bbox&apos;: (303.02699999999993, 707.24, 305.7969999999999, 720.53), &apos;color_space&apos;: &apos;DeviceGray&apos;, &apos;ncolor&apos;: None, &apos;size&apos;: 13.289999999999964, &apos;value&apos;: &apos;.&apos;, &apos;children&apos;: [], &apos;features&apos;: {}}, {&apos;type&apos;: &apos;text&apos;, &apos;bbox&apos;: (305.79699999999997, 707.24, 308.56699999999995, 720.53), &apos;color_space&apos;: &apos;DeviceGray&apos;, &apos;ncolor&apos;: None, &apos;size&apos;: 13.289999999999964, &apos;value&apos;: &apos;.&apos;, &apos;children&apos;: [], &apos;features&apos;: {}}, {&apos;type&apos;: &apos;text&apos;, &apos;bbox&apos;: (308.56699999999995, 707.24, 311.33699999999993, 720.53), &apos;color_space&apos;: &apos;DeviceGray&apos;, &apos;ncolor&apos;: None, &apos;size&apos;: 13.289999999999964, &apos;value&apos;: &apos;.&apos;, &apos;children&apos;: [], &apos;features&apos;: {}}, {&apos;type&apos;: &apos;text&apos;, &apos;bbox&apos;: (311.33699999999993, 707.24, 314.1069999999999, 720.53), &apos;color_space&apos;: &apos;DeviceGray&apos;, &apos;ncolor&apos;: None, &apos;size&apos;: 13.289999999999964, &apos;value&apos;: &apos;.&apos;, &apos;children&apos;: [], &apos;features&apos;: {}}, {&apos;type&apos;: &apos;text&apos;, &apos;bbox&apos;: (314.10699999999997, 707.24, 316.87699999999995, 720.53), &apos;color_space&apos;: &apos;DeviceGray&apos;, &apos;ncolor&apos;: None, &apos;size&apos;: 13.289999999999964, &apos;value&apos;: &apos;.&apos;, &apos;children&apos;: [], &apos;features&apos;: {}}, {&apos;type&apos;: &apos;text&apos;, &apos;bbox&apos;: (316.87699999999995, 707.24, 319.64699999999993, 720.53), &apos;color_space&apos;: &apos;DeviceGray&apos;, &apos;ncolor&apos;: None, &apos;size&apos;: 13.289999999999964, &apos;value&apos;: &apos;.&apos;, &apos;children&apos;: [], &apos;features&apos;: {}}, {&apos;type&apos;: &apos;text&apos;, &apos;bbox&apos;: (319.64699999999993, 707.24, 322.4169999999999, 720.53), &apos;color_space&apos;: &apos;DeviceGray&apos;, &apos;ncolor&apos;: None, &apos;size&apos;: 13.289999999999964, &apos;value&apos;: &apos;.&apos;, &apos;children&apos;: [], &apos;features&apos;: {}}, {&apos;type&apos;: &apos;text&apos;, &apos;bbox&apos;: (322.417, 707.24, 325.18699999999995, 720.53), &apos;color_space&apos;: &apos;DeviceGray&apos;, &apos;ncolor&apos;: None, &apos;size&apos;: 13.289999999999964, &apos;value&apos;: &apos;.&apos;, &apos;children&apos;: [], &apos;features&apos;: {}}, {&apos;type&apos;: &apos;text&apos;, &apos;bbox&apos;: (325.187, 707.24, 327.957, 720.53), &apos;color_space&apos;: &apos;DeviceGray&apos;, &apos;ncolor&apos;: None, &apos;size&apos;: 13.289999999999964, &apos;value&apos;: &apos;.&apos;, &apos;children&apos;: [], &apos;features&apos;: {}}, {&apos;type&apos;: &apos;text&apos;, &apos;bbox&apos;: (327.957, 707.24, 330.727, 720.53), &apos;color_space&apos;: &apos;DeviceGray&apos;, &apos;ncolor&apos;: None, &apos;size&apos;: 13.289999999999964, &apos;value&apos;: &apos;.&apos;, &apos;children&apos;: [], &apos;features&apos;: {}}, {&apos;type&apos;: &apos;text&apos;, &apos;bbox&apos;: (330.727, 707.24, 333.49699999999996, 720.53), &apos;color_space&apos;: &apos;DeviceGray&apos;, &apos;ncolor&apos;: None, &apos;size&apos;: 13.289999999999964, &apos;value&apos;: &apos;.&apos;, &apos;children&apos;: [], &apos;features&apos;: {}}, {&apos;type&apos;: &apos;text&apos;, &apos;bbox&apos;: (333.497, 707.24, 336.267, 720.53), &apos;color_space&apos;: &apos;DeviceGray&apos;, &apos;ncolor&apos;: None, &apos;size&apos;: 13.289999999999964, &apos;value&apos;: &apos;.&apos;, &apos;children&apos;: [], &apos;features&apos;: {}}, {&apos;type&apos;: &apos;text&apos;, &apos;bbox&apos;: (336.26700000000005, 707.24, 339.03700000000003, 720.53), &apos;color_space&apos;: &apos;DeviceGray&apos;, &apos;ncolor&apos;: None, &apos;size&apos;: 13.289999999999964, &apos;value&apos;: &apos;.&apos;, &apos;children&apos;: [], &apos;features&apos;: {}}, {&apos;type&apos;: &apos;text&apos;, &apos;bbox&apos;: (339.03700000000003, 707.24, 341.807, 720.53), &apos;color_space&apos;: &apos;DeviceGray&apos;, &apos;ncolor&apos;: None, &apos;size&apos;: 13.289999999999964, &apos;value&apos;: &apos;.&apos;, &apos;children&apos;: [], &apos;features&apos;: {}}, {&apos;type&apos;: &apos;text&apos;, &apos;bbox&apos;: (341.807, 707.24, 344.577, 720.53), &apos;color_space&apos;: &apos;DeviceGray&apos;, &apos;ncolor&apos;: None, &apos;size&apos;: 13.289999999999964, &apos;value&apos;: &apos;.&apos;, &apos;children&apos;: [], &apos;features&apos;: {}}, {&apos;type&apos;: &apos;text&apos;, &apos;bbox&apos;: (344.57700000000006, 707.24, 347.34700000000004, 720.53), &apos;color_space&apos;: &apos;DeviceGray&apos;, &apos;ncolor&apos;: None, &apos;size&apos;: 13.289999999999964, &apos;value&apos;: &apos;.&apos;, &apos;children&apos;: [], &apos;features&apos;: {}}, {&apos;type&apos;: &apos;text&apos;, &apos;bbox&apos;: (347.3470000000001, 707.24, 350.1170000000001, 720.53), &apos;color_space&apos;: &apos;DeviceGray&apos;, &apos;ncolor&apos;: None, &apos;size&apos;: 13.289999999999964, &apos;value&apos;: &apos;.&apos;, &apos;children&apos;: [], &apos;features&apos;: {}}, {&apos;type&apos;: &apos;text&apos;, &apos;bbox&apos;: (350.1170000000001, 707.24, 352.88700000000006, 720.53), &apos;color_space&apos;: &apos;DeviceGray&apos;, &apos;ncolor&apos;: None, &apos;size&apos;: 13.289999999999964, &apos;value&apos;: &apos;.&apos;, &apos;children&apos;: [], &apos;features&apos;: {}}, {&apos;type&apos;: &apos;text&apos;, &apos;bbox&apos;: (352.88700000000006, 707.24, 355.65700000000004, 720.53), &apos;color_space&apos;: &apos;DeviceGray&apos;, &apos;ncolor&apos;: None, &apos;size&apos;: 13.289999999999964, &apos;value&apos;: &apos;.&apos;, &apos;children&apos;: [], &apos;features&apos;: {}}, {&apos;type&apos;: &apos;text&apos;, &apos;bbox&apos;: (355.6570000000001, 707.24, 358.4270000000001, 720.53), &apos;color_space&apos;: &apos;DeviceGray&apos;, &apos;ncolor&apos;: None, &apos;size&apos;: 13.289999999999964, &apos;value&apos;: &apos;.&apos;, &apos;children&apos;: [], &apos;features&apos;: {}}, {&apos;type&apos;: &apos;text&apos;, &apos;bbox&apos;: (358.42700000000013, 707.24, 361.1970000000001, 720.53), &apos;color_space&apos;: &apos;DeviceGray&apos;, &apos;ncolor&apos;: None, &apos;size&apos;: 13.289999999999964, &apos;value&apos;: &apos;.&apos;, &apos;children&apos;: [], &apos;features&apos;: {}}, {&apos;type&apos;: &apos;text&apos;, &apos;bbox&apos;: (361.1970000000001, 707.24, 363.9670000000001, 720.53), &apos;color_space&apos;: &apos;DeviceGray&apos;, &apos;ncolor&apos;: None, &apos;size&apos;: 13.289999999999964, &apos;value&apos;: &apos;.&apos;, &apos;children&apos;: [], &apos;features&apos;: {}}, {&apos;type&apos;: &apos;text&apos;, &apos;bbox&apos;: (363.9670000000001, 707.24, 366.7370000000001, 720.53), &apos;color_space&apos;: &apos;DeviceGray&apos;, &apos;ncolor&apos;: None, &apos;size&apos;: 13.289999999999964, &apos;value&apos;: &apos;.&apos;, &apos;children&apos;: [], &apos;features&apos;: {}}, {&apos;type&apos;: &apos;text&apos;, &apos;bbox&apos;: (366.73700000000014, 707.24, 369.5070000000001, 720.53), &apos;color_space&apos;: &apos;DeviceGray&apos;, &apos;ncolor&apos;: None, &apos;size&apos;: 13.289999999999964, &apos;value&apos;: &apos;.&apos;, &apos;children&apos;: [], &apos;features&apos;: {}}, {&apos;type&apos;: &apos;text&apos;, &apos;bbox&apos;: (369.5070000000002, 707.24, 372.27700000000016, 720.53), &apos;color_space&apos;: &apos;DeviceGray&apos;, &apos;ncolor&apos;: None, &apos;size&apos;: 13.289999999999964, &apos;value&apos;: &apos;.&apos;, &apos;children&apos;: [], &apos;features&apos;: {}}, {&apos;type&apos;: &apos;text&apos;, &apos;bbox&apos;: (372.27700000000016, 707.24, 375.04700000000014, 720.53), &apos;color_space&apos;: &apos;DeviceGray&apos;, &apos;ncolor&apos;: None, &apos;size&apos;: 13.289999999999964, &apos;value&apos;: &apos;.&apos;, &apos;children&apos;: [], &apos;features&apos;: {}}, {&apos;type&apos;: &apos;text&apos;, &apos;bbox&apos;: (375.04700000000014, 707.24, 377.8170000000001, 720.53), &apos;color_space&apos;: &apos;DeviceGray&apos;, &apos;ncolor&apos;: None, &apos;size&apos;: 13.289999999999964, &apos;value&apos;: &apos;.&apos;, &apos;children&apos;: [], &apos;features&apos;: {}}, {&apos;type&apos;: &apos;text&apos;, &apos;bbox&apos;: (377.8170000000002, 707.24, 380.58700000000016, 720.53), &apos;color_space&apos;: &apos;DeviceGray&apos;, &apos;ncolor&apos;: None, &apos;size&apos;: 13.289999999999964, &apos;value&apos;: &apos;.&apos;, &apos;children&apos;: [], &apos;features&apos;: {}}, {&apos;type&apos;: &apos;text&apos;, &apos;bbox&apos;: (380.5870000000002, 707.24, 383.3570000000002, 720.53), &apos;color_space&apos;: &apos;DeviceGray&apos;, &apos;ncolor&apos;: None, &apos;size&apos;: 13.289999999999964, &apos;value&apos;: &apos;.&apos;, &apos;children&apos;: [], &apos;features&apos;: {}}, {&apos;type&apos;: &apos;text&apos;, &apos;bbox&apos;: (383.3570000000002, 707.24, 386.1270000000002, 720.53), &apos;color_space&apos;: &apos;DeviceGray&apos;, &apos;ncolor&apos;: None, &apos;size&apos;: 13.289999999999964, &apos;value&apos;: &apos;.&apos;, &apos;children&apos;: [], &apos;features&apos;: {}}, {&apos;type&apos;: &apos;text&apos;, &apos;bbox&apos;: (386.1270000000002, 707.24, 388.89700000000016, 720.53), &apos;color_space&apos;: &apos;DeviceGray&apos;, &apos;ncolor&apos;: None, &apos;size&apos;: 13.289999999999964, &apos;value&apos;: &apos;.&apos;, &apos;children&apos;: [], &apos;features&apos;: {}}, {&apos;type&apos;: &apos;text&apos;, &apos;bbox&apos;: (388.8970000000002, 707.24, 391.6670000000002, 720.53), &apos;color_space&apos;: &apos;DeviceGray&apos;, &apos;ncolor&apos;: None, &apos;size&apos;: 13.289999999999964, &apos;value&apos;: &apos;.&apos;, &apos;children&apos;: [], &apos;features&apos;: {}}, {&apos;type&apos;: &apos;text&apos;, &apos;bbox&apos;: (391.66700000000026, 707.24, 394.43700000000024, 720.53), &apos;color_space&apos;: &apos;DeviceGray&apos;, &apos;ncolor&apos;: None, &apos;size&apos;: 13.289999999999964, &apos;value&apos;: &apos;.&apos;, &apos;children&apos;: [], &apos;features&apos;: {}}, {&apos;type&apos;: &apos;text&apos;, &apos;bbox&apos;: (394.43700000000024, 707.24, 397.2070000000002, 720.53), &apos;color_space&apos;: &apos;DeviceGray&apos;, &apos;ncolor&apos;: None, &apos;size&apos;: 13.289999999999964, &apos;value&apos;: &apos;.&apos;, &apos;children&apos;: [], &apos;features&apos;: {}}, {&apos;type&apos;: &apos;text&apos;, &apos;bbox&apos;: (397.2070000000002, 707.24, 399.9770000000002, 720.53), &apos;color_space&apos;: &apos;DeviceGray&apos;, &apos;ncolor&apos;: None, &apos;size&apos;: 13.289999999999964, &apos;value&apos;: &apos;.&apos;, &apos;children&apos;: [], &apos;features&apos;: {}}, {&apos;type&apos;: &apos;text&apos;, &apos;bbox&apos;: (399.97700000000026, 707.24, 402.74700000000024, 720.53), &apos;color_space&apos;: &apos;DeviceGray&apos;, &apos;ncolor&apos;: None, &apos;size&apos;: 13.289999999999964, &apos;value&apos;: &apos;.&apos;, &apos;children&apos;: [], &apos;features&apos;: {}}, {&apos;type&apos;: &apos;text&apos;, &apos;bbox&apos;: (402.7470000000003, 707.24, 405.5170000000003, 720.53), &apos;color_space&apos;: &apos;DeviceGray&apos;, &apos;ncolor&apos;: None, &apos;size&apos;: 13.289999999999964, &apos;value&apos;: &apos;.&apos;, &apos;children&apos;: [], &apos;features&apos;: {}}, {&apos;type&apos;: &apos;text&apos;, &apos;bbox&apos;: (405.5170000000003, 707.24, 408.28700000000026, 720.53), &apos;color_space&apos;: &apos;DeviceGray&apos;, &apos;ncolor&apos;: None, &apos;size&apos;: 13.289999999999964, &apos;value&apos;: &apos;.&apos;, &apos;children&apos;: [], &apos;features&apos;: {}}, {&apos;type&apos;: &apos;text&apos;, &apos;bbox&apos;: (408.28700000000026, 707.24, 411.05700000000024, 720.53), &apos;color_space&apos;: &apos;DeviceGray&apos;, &apos;ncolor&apos;: None, &apos;size&apos;: 13.289999999999964, &apos;value&apos;: &apos;.&apos;, &apos;children&apos;: [], &apos;features&apos;: {}}, {&apos;type&apos;: &apos;text&apos;, &apos;bbox&apos;: (411.0570000000003, 707.24, 413.8270000000003, 720.53), &apos;color_space&apos;: &apos;DeviceGray&apos;, &apos;ncolor&apos;: None, &apos;size&apos;: 13.289999999999964, &apos;value&apos;: &apos;.&apos;, &apos;children&apos;: [], &apos;features&apos;: {}}, {&apos;type&apos;: &apos;text&apos;, &apos;bbox&apos;: (413.82700000000034, 707.24, 416.5970000000003, 720.53), &apos;color_space&apos;: &apos;DeviceGray&apos;, &apos;ncolor&apos;: None, &apos;size&apos;: 13.289999999999964, &apos;value&apos;: &apos;.&apos;, &apos;children&apos;: [], &apos;features&apos;: {}}, {&apos;type&apos;: &apos;text&apos;, &apos;bbox&apos;: (416.5970000000003, 707.24, 419.3670000000003, 720.53), &apos;color_space&apos;: &apos;DeviceGray&apos;, &apos;ncolor&apos;: None, &apos;size&apos;: 13.289999999999964, &apos;value&apos;: &apos;.&apos;, &apos;children&apos;: [], &apos;features&apos;: {}}, {&apos;type&apos;: &apos;text&apos;, &apos;bbox&apos;: (419.3670000000003, 707.24, 422.1370000000003, 720.53), &apos;color_space&apos;: &apos;DeviceGray&apos;, &apos;ncolor&apos;: None, &apos;size&apos;: 13.289999999999964, &apos;value&apos;: &apos;.&apos;, &apos;children&apos;: [], &apos;features&apos;: {}}, {&apos;type&apos;: &apos;text&apos;, &apos;bbox&apos;: (422.13700000000034, 707.24, 424.9070000000003, 720.53), &apos;color_space&apos;: &apos;DeviceGray&apos;, &apos;ncolor&apos;: None, &apos;size&apos;: 13.289999999999964, &apos;value&apos;: &apos;.&apos;, &apos;children&apos;: [], &apos;features&apos;: {}}, {&apos;type&apos;: &apos;text&apos;, &apos;bbox&apos;: (424.9070000000004, 707.24, 427.67700000000036, 720.53), &apos;color_space&apos;: &apos;DeviceGray&apos;, &apos;ncolor&apos;: None, &apos;size&apos;: 13.289999999999964, &apos;value&apos;: &apos;.&apos;, &apos;children&apos;: [], &apos;features&apos;: {}}, {&apos;type&apos;: &apos;text&apos;, &apos;bbox&apos;: (427.67700000000036, 707.24, 430.44700000000034, 720.53), &apos;color_space&apos;: &apos;DeviceGray&apos;, &apos;ncolor&apos;: None, &apos;size&apos;: 13.289999999999964, &apos;value&apos;: &apos;.&apos;, &apos;children&apos;: [], &apos;features&apos;: {}}, {&apos;type&apos;: &apos;text&apos;, &apos;bbox&apos;: (430.44700000000034, 707.24, 433.2170000000003, 720.53), &apos;color_space&apos;: &apos;DeviceGray&apos;, &apos;ncolor&apos;: None, &apos;size&apos;: 13.289999999999964, &apos;value&apos;: &apos;.&apos;, &apos;children&apos;: [], &apos;features&apos;: {}}, {&apos;type&apos;: &apos;text&apos;, &apos;bbox&apos;: (433.2170000000004, 707.24, 435.98700000000036, 720.53), &apos;color_space&apos;: &apos;DeviceGray&apos;, &apos;ncolor&apos;: None, &apos;size&apos;: 13.289999999999964, &apos;value&apos;: &apos;.&apos;, &apos;children&apos;: [], &apos;features&apos;: {}}, {&apos;type&apos;: &apos;text&apos;, &apos;bbox&apos;: (435.9870000000004, 707.24, 438.7570000000004, 720.53), &apos;color_space&apos;: &apos;DeviceGray&apos;, &apos;ncolor&apos;: None, &apos;size&apos;: 13.289999999999964, &apos;value&apos;: &apos;.&apos;, &apos;children&apos;: [], &apos;features&apos;: {}}, {&apos;type&apos;: &apos;text&apos;, &apos;bbox&apos;: (438.7570000000004, 707.24, 441.5270000000004, 720.53), &apos;color_space&apos;: &apos;DeviceGray&apos;, &apos;ncolor&apos;: None, &apos;size&apos;: 13.289999999999964, &apos;value&apos;: &apos;.&apos;, &apos;children&apos;: [], &apos;features&apos;: {}}, {&apos;type&apos;: &apos;text&apos;, &apos;bbox&apos;: (441.5270000000004, 707.24, 444.29700000000037, 720.53), &apos;color_space&apos;: &apos;DeviceGray&apos;, &apos;ncolor&apos;: None, &apos;size&apos;: 13.289999999999964, &apos;value&apos;: &apos;.&apos;, &apos;children&apos;: [], &apos;features&apos;: {}}, {&apos;type&apos;: &apos;text&apos;, &apos;bbox&apos;: (444.29700000000037, 707.24, 447.06700000000035, 720.53), &apos;color_space&apos;: &apos;DeviceGray&apos;, &apos;ncolor&apos;: None, &apos;size&apos;: 13.289999999999964, &apos;value&apos;: &apos;.&apos;, &apos;children&apos;: [], &apos;features&apos;: {}}, {&apos;type&apos;: &apos;text&apos;, &apos;bbox&apos;: (447.06700000000035, 707.24, 449.83700000000033, 720.53), &apos;color_space&apos;: &apos;DeviceGray&apos;, &apos;ncolor&apos;: None, &apos;size&apos;: 13.289999999999964, &apos;value&apos;: &apos;.&apos;, &apos;children&apos;: [], &apos;features&apos;: {}}, {&apos;type&apos;: &apos;text&apos;, &apos;bbox&apos;: (449.83700000000033, 707.24, 452.6070000000003, 720.53), &apos;color_space&apos;: &apos;DeviceGray&apos;, &apos;ncolor&apos;: None, &apos;size&apos;: 13.289999999999964, &apos;value&apos;: &apos;.&apos;, &apos;children&apos;: [], &apos;features&apos;: {}}, {&apos;type&apos;: &apos;text&apos;, &apos;bbox&apos;: (452.6070000000003, 707.24, 455.3770000000003, 720.53), &apos;color_space&apos;: &apos;DeviceGray&apos;, &apos;ncolor&apos;: None, &apos;size&apos;: 13.289999999999964, &apos;value&apos;: &apos;.&apos;, &apos;children&apos;: [], &apos;features&apos;: {}}, {&apos;type&apos;: &apos;text&apos;, &apos;bbox&apos;: (455.3770000000003, 707.24, 458.1470000000003, 720.53), &apos;color_space&apos;: &apos;DeviceGray&apos;, &apos;ncolor&apos;: None, &apos;size&apos;: 13.289999999999964, &apos;value&apos;: &apos;.&apos;, &apos;children&apos;: [], &apos;features&apos;: {}}, {&apos;type&apos;: &apos;text&apos;, &apos;bbox&apos;: (458.1470000000003, 707.24, 460.91700000000026, 720.53), &apos;color_space&apos;: &apos;DeviceGray&apos;, &apos;ncolor&apos;: None, &apos;size&apos;: 13.289999999999964, &apos;value&apos;: &apos;.&apos;, &apos;children&apos;: [], &apos;features&apos;: {}}, {&apos;type&apos;: &apos;text&apos;, &apos;bbox&apos;: (460.91700000000026, 707.24, 463.68700000000024, 720.53), &apos;color_space&apos;: &apos;DeviceGray&apos;, &apos;ncolor&apos;: None, &apos;size&apos;: 13.289999999999964, &apos;value&apos;: &apos;.&apos;, &apos;children&apos;: [], &apos;features&apos;: {}}, {&apos;type&apos;: &apos;text&apos;, &apos;bbox&apos;: (463.68700000000024, 707.24, 466.4570000000002, 720.53), &apos;color_space&apos;: &apos;DeviceGray&apos;, &apos;ncolor&apos;: None, &apos;size&apos;: 13.289999999999964, &apos;value&apos;: &apos;.&apos;, &apos;children&apos;: [], &apos;features&apos;: {}}, {&apos;type&apos;: &apos;text&apos;, &apos;bbox&apos;: (466.4570000000002, 707.24, 469.2270000000002, 720.53), &apos;color_space&apos;: &apos;DeviceGray&apos;, &apos;ncolor&apos;: None, &apos;size&apos;: 13.289999999999964, &apos;value&apos;: &apos;.&apos;, &apos;children&apos;: [], &apos;features&apos;: {}}, {&apos;type&apos;: &apos;text&apos;, &apos;bbox&apos;: (469.2270000000002, 707.24, 471.9970000000002, 720.53), &apos;color_space&apos;: &apos;DeviceGray&apos;, &apos;ncolor&apos;: None, &apos;size&apos;: 13.289999999999964, &apos;value&apos;: &apos;.&apos;, &apos;children&apos;: [], &apos;features&apos;: {}}, {&apos;type&apos;: &apos;text&apos;, &apos;bbox&apos;: (471.9970000000002, 707.24, 474.76700000000017, 720.53), &apos;color_space&apos;: &apos;DeviceGray&apos;, &apos;ncolor&apos;: None, &apos;size&apos;: 13.289999999999964, &apos;value&apos;: &apos;.&apos;, &apos;children&apos;: [], &apos;features&apos;: {}}, {&apos;type&apos;: &apos;text&apos;, &apos;bbox&apos;: (474.76700000000017, 707.24, 477.53700000000015, 720.53), &apos;color_space&apos;: &apos;DeviceGray&apos;, &apos;ncolor&apos;: None, &apos;size&apos;: 13.289999999999964, &apos;value&apos;: &apos;.&apos;, &apos;children&apos;: [], &apos;features&apos;: {}}, {&apos;type&apos;: &apos;text&apos;, &apos;bbox&apos;: (478.425, 707.24, 483.985, 720.53), &apos;color_space&apos;: &apos;DeviceGray&apos;, &apos;ncolor&apos;: None, &apos;size&apos;: 13.289999999999964, &apos;value&apos;: &apos;2&apos;, &apos;children&apos;: [], &apos;features&apos;: {}}, {&apos;type&apos;: &apos;text&apos;, &apos;bbox&apos;: (483.985, 707.24, 487.315, 720.53), &apos;color_space&apos;: &apos;DeviceGray&apos;, &apos;ncolor&apos;: None, &apos;size&apos;: 13.289999999999964, &apos;value&apos;: &apos;-&apos;, &apos;children&apos;: [], &apos;features&apos;: {}}, {&apos;type&apos;: &apos;text&apos;, &apos;bbox&apos;: (487.316, 707.24, 492.876, 720.53), &apos;color_space&apos;: &apos;DeviceGray&apos;, &apos;ncolor&apos;: None, &apos;size&apos;: 13.289999999999964, &apos;value&apos;: &apos;3&apos;, &apos;children&apos;: [], &apos;features&apos;: {}}, {&apos;type&apos;: &apos;text&apos;, &apos;bbox&apos;: (492.876, 707.24, 498.436, 720.53), &apos;color_space&apos;: &apos;DeviceGray&apos;, &apos;ncolor&apos;: None, &apos;size&apos;: 13.289999999999964, &apos;value&apos;: &apos;4&apos;, &apos;children&apos;: [], &apos;features&apos;: {}}, {&apos;type&apos;: &apos;text&apos;, &apos;bbox&apos;: (498.436, 707.24, 503.996, 720.53), &apos;color_space&apos;: &apos;DeviceGray&apos;, &apos;ncolor&apos;: None, &apos;size&apos;: 13.289999999999964, &apos;value&apos;: &apos;9&apos;, &apos;children&apos;: [], &apos;features&apos;: {}}], &apos;features&apos;: {}}
*********************





--------------------------------- CONTENT AREA --------------------------------- 
This content area has an image
{&apos;type&apos;: &apos;figure&apos;, &apos;bbox&apos;: (0, 0, 612.0, 792.0), &apos;name&apos;: &apos;fx19&apos;, &apos;children&apos;: [{&apos;type&apos;: &apos;text&apos;, &apos;bbox&apos;: (78.0, 691.019, 83.57, 704.499), &apos;color_space&apos;: &apos;DeviceGray&apos;, &apos;ncolor&apos;: None, &apos;size&apos;: 13.480000000000018, &apos;value&apos;: &apos;F&apos;, &apos;children&apos;: [], &apos;features&apos;: {}}, {&apos;type&apos;: &apos;text&apos;, &apos;bbox&apos;: (83.57, 691.019, 89.66999999999999, 704.499), &apos;color_space&apos;: &apos;DeviceGray&apos;, &apos;ncolor&apos;: None, &apos;size&apos;: 13.480000000000018, &apos;value&apos;: &apos;S&apos;, &apos;children&apos;: [], &apos;features&apos;: {}}, {&apos;type&apos;: &apos;text&apos;, &apos;bbox&apos;: (89.67, 691.019, 93.56, 704.499), &apos;color_space&apos;: &apos;DeviceGray&apos;, &apos;ncolor&apos;: None, &apos;size&apos;: 13.480000000000018, &apos;value&apos;: &apos;I&apos;, &apos;children&apos;: [], &apos;features&apos;: {}}, {&apos;type&apos;: &apos;text&apos;, &apos;bbox&apos;: (93.56, 691.019, 98.56, 704.499), &apos;color_space&apos;: &apos;DeviceGray&apos;, &apos;ncolor&apos;: None, &apos;size&apos;: 13.480000000000018, &apos;value&apos;: &apos;_&apos;, &apos;children&apos;: [], &apos;features&apos;: {}}, {&apos;type&apos;: &apos;text&apos;, &apos;bbox&apos;: (98.56, 691.019, 106.87, 704.499), &apos;color_space&apos;: &apos;DeviceGray&apos;, &apos;ncolor&apos;: None, &apos;size&apos;: 13.480000000000018, &apos;value&apos;: &apos;D&apos;, &apos;children&apos;: [], &apos;features&apos;: {}}, {&apos;type&apos;: &apos;text&apos;, &apos;bbox&apos;: (106.87, 691.019, 111.87, 704.499), &apos;color_space&apos;: &apos;DeviceGray&apos;, &apos;ncolor&apos;: None, &apos;size&apos;: 13.480000000000018, &apos;value&apos;: &apos;_&apos;, &apos;children&apos;: [], &apos;features&apos;: {}}, {&apos;type&apos;: &apos;text&apos;, &apos;bbox&apos;: (111.87, 691.019, 117.92, 704.499), &apos;color_space&apos;: &apos;DeviceGray&apos;, &apos;ncolor&apos;: None, &apos;size&apos;: 13.480000000000018, &apos;value&apos;: &apos;L&apos;, &apos;children&apos;: [], &apos;features&apos;: {}}, {&apos;type&apos;: &apos;text&apos;, &apos;bbox&apos;: (117.92, 691.019, 123.97, 704.499), &apos;color_space&apos;: &apos;DeviceGray&apos;, &apos;ncolor&apos;: None, &apos;size&apos;: 13.480000000000018, &apos;value&apos;: &apos;E&apos;, &apos;children&apos;: [], &apos;features&apos;: {}}, {&apos;type&apos;: &apos;text&apos;, &apos;bbox&apos;: (123.97, 691.019, 132.28, 704.499), &apos;color_space&apos;: &apos;DeviceGray&apos;, &apos;ncolor&apos;: None, &apos;size&apos;: 13.480000000000018, &apos;value&apos;: &apos;D&apos;, &apos;children&apos;: [], &apos;features&apos;: {}}, {&apos;type&apos;: &apos;text&apos;, &apos;bbox&apos;: (132.28, 691.019, 140.61, 704.499), &apos;color_space&apos;: &apos;DeviceGray&apos;, &apos;ncolor&apos;: None, &apos;size&apos;: 13.480000000000018, &apos;value&apos;: &apos;G&apos;, &apos;children&apos;: [], &apos;features&apos;: {}}, {&apos;type&apos;: &apos;text&apos;, &apos;bbox&apos;: (140.61, 691.019, 146.66000000000003, 704.499), &apos;color_space&apos;: &apos;DeviceGray&apos;, &apos;ncolor&apos;: None, &apos;size&apos;: 13.480000000000018, &apos;value&apos;: &apos;E&apos;, &apos;children&apos;: [], &apos;features&apos;: {}}, {&apos;type&apos;: &apos;text&apos;, &apos;bbox&apos;: (146.66, 691.019, 153.79, 704.499), &apos;color_space&apos;: &apos;DeviceGray&apos;, &apos;ncolor&apos;: None, &apos;size&apos;: 13.480000000000018, &apos;value&apos;: &apos;R&apos;, &apos;children&apos;: [], &apos;features&apos;: {}}, {&apos;type&apos;: &apos;text&apos;, &apos;bbox&apos;: (153.79, 691.019, 158.79, 704.499), &apos;color_space&apos;: &apos;DeviceGray&apos;, &apos;ncolor&apos;: None, &apos;size&apos;: 13.480000000000018, &apos;value&apos;: &apos;_&apos;, &apos;children&apos;: [], &apos;features&apos;: {}}, {&apos;type&apos;: &apos;text&apos;, &apos;bbox&apos;: (158.79, 691.019, 164.89, 704.499), &apos;color_space&apos;: &apos;DeviceGray&apos;, &apos;ncolor&apos;: None, &apos;size&apos;: 13.480000000000018, &apos;value&apos;: &apos;S&apos;, &apos;children&apos;: [], &apos;features&apos;: {}}, {&apos;type&apos;: &apos;text&apos;, &apos;bbox&apos;: (164.89, 691.019, 171.54999999999998, 704.499), &apos;color_space&apos;: &apos;DeviceGray&apos;, &apos;ncolor&apos;: None, &apos;size&apos;: 13.480000000000018, &apos;value&apos;: &apos;T&apos;, &apos;children&apos;: [], &apos;features&apos;: {}}, {&apos;type&apos;: &apos;text&apos;, &apos;bbox&apos;: (171.54999999999998, 691.019, 179.32, 704.499), &apos;color_space&apos;: &apos;DeviceGray&apos;, &apos;ncolor&apos;: None, &apos;size&apos;: 13.480000000000018, &apos;value&apos;: &apos;A&apos;, &apos;children&apos;: [], &apos;features&apos;: {}}, {&apos;type&apos;: &apos;text&apos;, &apos;bbox&apos;: (179.32, 691.019, 185.98, 704.499), &apos;color_space&apos;: &apos;DeviceGray&apos;, &apos;ncolor&apos;: None, &apos;size&apos;: 13.480000000000018, &apos;value&apos;: &apos;T&apos;, &apos;children&apos;: [], &apos;features&apos;: {}}, {&apos;type&apos;: &apos;text&apos;, &apos;bbox&apos;: (185.97999999999996, 691.019, 190.97999999999996, 704.499), &apos;color_space&apos;: &apos;DeviceGray&apos;, &apos;ncolor&apos;: None, &apos;size&apos;: 13.480000000000018, &apos;value&apos;: &apos;_&apos;, &apos;children&apos;: [], &apos;features&apos;: {}}, {&apos;type&apos;: &apos;text&apos;, &apos;bbox&apos;: (190.97999999999996, 691.019, 194.86999999999995, 704.499), &apos;color_space&apos;: &apos;DeviceGray&apos;, &apos;ncolor&apos;: None, &apos;size&apos;: 13.480000000000018, &apos;value&apos;: &apos;I&apos;, &apos;children&apos;: [], &apos;features&apos;: {}}, {&apos;type&apos;: &apos;text&apos;, &apos;bbox&apos;: (194.86999999999998, 691.019, 203.2, 704.499), &apos;color_space&apos;: &apos;DeviceGray&apos;, &apos;ncolor&apos;: None, &apos;size&apos;: 13.480000000000018, &apos;value&apos;: &apos;N&apos;, &apos;children&apos;: [], &apos;features&apos;: {}}, {&apos;type&apos;: &apos;text&apos;, &apos;bbox&apos;: (203.2, 691.019, 209.29999999999998, 704.499), &apos;color_space&apos;: &apos;DeviceGray&apos;, &apos;ncolor&apos;: None, &apos;size&apos;: 13.480000000000018, &apos;value&apos;: &apos;S&apos;, &apos;children&apos;: [], &apos;features&apos;: {}}, {&apos;type&apos;: &apos;text&apos;, &apos;bbox&apos;: (209.29999999999998, 691.019, 215.95999999999998, 704.499), &apos;color_space&apos;: &apos;DeviceGray&apos;, &apos;ncolor&apos;: None, &apos;size&apos;: 13.480000000000018, &apos;value&apos;: &apos;T&apos;, &apos;children&apos;: [], &apos;features&apos;: {}}, {&apos;type&apos;: &apos;text&apos;, &apos;bbox&apos;: (215.95999999999998, 691.019, 223.08999999999997, 704.499), &apos;color_space&apos;: &apos;DeviceGray&apos;, &apos;ncolor&apos;: None, &apos;size&apos;: 13.480000000000018, &apos;value&apos;: &apos;R&apos;, &apos;children&apos;: [], &apos;features&apos;: {}}, {&apos;type&apos;: &apos;text&apos;, &apos;bbox&apos;: (223.08999999999997, 691.019, 230.85999999999999, 704.499), &apos;color_space&apos;: &apos;DeviceGray&apos;, &apos;ncolor&apos;: None, &apos;size&apos;: 13.480000000000018, &apos;value&apos;: &apos;U&apos;, &apos;children&apos;: [], &apos;features&apos;: {}}, {&apos;type&apos;: &apos;text&apos;, &apos;bbox&apos;: (230.85999999999999, 691.019, 240.85999999999999, 704.499), &apos;color_space&apos;: &apos;DeviceGray&apos;, &apos;ncolor&apos;: None, &apos;size&apos;: 13.480000000000018, &apos;value&apos;: &apos;M&apos;, &apos;children&apos;: [], &apos;features&apos;: {}}, {&apos;type&apos;: &apos;text&apos;, &apos;bbox&apos;: (240.85999999999999, 691.019, 246.91, 704.499), &apos;color_space&apos;: &apos;DeviceGray&apos;, &apos;ncolor&apos;: None, &apos;size&apos;: 13.480000000000018, &apos;value&apos;: &apos;E&apos;, &apos;children&apos;: [], &apos;features&apos;: {}}, {&apos;type&apos;: &apos;text&apos;, &apos;bbox&apos;: (246.91, 691.019, 255.24, 704.499), &apos;color_space&apos;: &apos;DeviceGray&apos;, &apos;ncolor&apos;: None, &apos;size&apos;: 13.480000000000018, &apos;value&apos;: &apos;N&apos;, &apos;children&apos;: [], &apos;features&apos;: {}}, {&apos;type&apos;: &apos;text&apos;, &apos;bbox&apos;: (255.24, 691.019, 261.90000000000003, 704.499), &apos;color_space&apos;: &apos;DeviceGray&apos;, &apos;ncolor&apos;: None, &apos;size&apos;: 13.480000000000018, &apos;value&apos;: &apos;T&apos;, &apos;children&apos;: [], &apos;features&apos;: {}}, {&apos;type&apos;: &apos;text&apos;, &apos;bbox&apos;: (262.047, 691.749, 264.817, 705.039), &apos;color_space&apos;: &apos;DeviceGray&apos;, &apos;ncolor&apos;: None, &apos;size&apos;: 13.289999999999964, &apos;value&apos;: &apos;.&apos;, &apos;children&apos;: [], &apos;features&apos;: {}}, {&apos;type&apos;: &apos;text&apos;, &apos;bbox&apos;: (264.817, 691.749, 267.587, 705.039), &apos;color_space&apos;: &apos;DeviceGray&apos;, &apos;ncolor&apos;: None, &apos;size&apos;: 13.289999999999964, &apos;value&apos;: &apos;.&apos;, &apos;children&apos;: [], &apos;features&apos;: {}}, {&apos;type&apos;: &apos;text&apos;, &apos;bbox&apos;: (267.58700000000005, 691.749, 270.357, 705.039), &apos;color_space&apos;: &apos;DeviceGray&apos;, &apos;ncolor&apos;: None, &apos;size&apos;: 13.289999999999964, &apos;value&apos;: &apos;.&apos;, &apos;children&apos;: [], &apos;features&apos;: {}}, {&apos;type&apos;: &apos;text&apos;, &apos;bbox&apos;: (270.357, 691.749, 273.127, 705.039), &apos;color_space&apos;: &apos;DeviceGray&apos;, &apos;ncolor&apos;: None, &apos;size&apos;: 13.289999999999964, &apos;value&apos;: &apos;.&apos;, &apos;children&apos;: [], &apos;features&apos;: {}}, {&apos;type&apos;: &apos;text&apos;, &apos;bbox&apos;: (273.127, 691.749, 275.897, 705.039), &apos;color_space&apos;: &apos;DeviceGray&apos;, &apos;ncolor&apos;: None, &apos;size&apos;: 13.289999999999964, &apos;value&apos;: &apos;.&apos;, &apos;children&apos;: [], &apos;features&apos;: {}}, {&apos;type&apos;: &apos;text&apos;, &apos;bbox&apos;: (275.89700000000005, 691.749, 278.66700000000003, 705.039), &apos;color_space&apos;: &apos;DeviceGray&apos;, &apos;ncolor&apos;: None, &apos;size&apos;: 13.289999999999964, &apos;value&apos;: &apos;.&apos;, &apos;children&apos;: [], &apos;features&apos;: {}}, {&apos;type&apos;: &apos;text&apos;, &apos;bbox&apos;: (278.66700000000003, 691.749, 281.437, 705.039), &apos;color_space&apos;: &apos;DeviceGray&apos;, &apos;ncolor&apos;: None, &apos;size&apos;: 13.289999999999964, &apos;value&apos;: &apos;.&apos;, &apos;children&apos;: [], &apos;features&apos;: {}}, {&apos;type&apos;: &apos;text&apos;, &apos;bbox&apos;: (281.437, 691.749, 284.207, 705.039), &apos;color_space&apos;: &apos;DeviceGray&apos;, &apos;ncolor&apos;: None, &apos;size&apos;: 13.289999999999964, &apos;value&apos;: &apos;.&apos;, &apos;children&apos;: [], &apos;features&apos;: {}}, {&apos;type&apos;: &apos;text&apos;, &apos;bbox&apos;: (284.20700000000005, 691.749, 286.97700000000003, 705.039), &apos;color_space&apos;: &apos;DeviceGray&apos;, &apos;ncolor&apos;: None, &apos;size&apos;: 13.289999999999964, &apos;value&apos;: &apos;.&apos;, &apos;children&apos;: [], &apos;features&apos;: {}}, {&apos;type&apos;: &apos;text&apos;, &apos;bbox&apos;: (286.97700000000003, 691.749, 289.747, 705.039), &apos;color_space&apos;: &apos;DeviceGray&apos;, &apos;ncolor&apos;: None, &apos;size&apos;: 13.289999999999964, &apos;value&apos;: &apos;.&apos;, &apos;children&apos;: [], &apos;features&apos;: {}}, {&apos;type&apos;: &apos;text&apos;, &apos;bbox&apos;: (289.747, 691.749, 292.517, 705.039), &apos;color_space&apos;: &apos;DeviceGray&apos;, &apos;ncolor&apos;: None, &apos;size&apos;: 13.289999999999964, &apos;value&apos;: &apos;.&apos;, &apos;children&apos;: [], &apos;features&apos;: {}}, {&apos;type&apos;: &apos;text&apos;, &apos;bbox&apos;: (292.51700000000005, 691.749, 295.28700000000003, 705.039), &apos;color_space&apos;: &apos;DeviceGray&apos;, &apos;ncolor&apos;: None, &apos;size&apos;: 13.289999999999964, &apos;value&apos;: &apos;.&apos;, &apos;children&apos;: [], &apos;features&apos;: {}}, {&apos;type&apos;: &apos;text&apos;, &apos;bbox&apos;: (295.28700000000003, 691.749, 298.057, 705.039), &apos;color_space&apos;: &apos;DeviceGray&apos;, &apos;ncolor&apos;: None, &apos;size&apos;: 13.289999999999964, &apos;value&apos;: &apos;.&apos;, &apos;children&apos;: [], &apos;features&apos;: {}}, {&apos;type&apos;: &apos;text&apos;, &apos;bbox&apos;: (298.057, 691.749, 300.827, 705.039), &apos;color_space&apos;: &apos;DeviceGray&apos;, &apos;ncolor&apos;: None, &apos;size&apos;: 13.289999999999964, &apos;value&apos;: &apos;.&apos;, &apos;children&apos;: [], &apos;features&apos;: {}}, {&apos;type&apos;: &apos;text&apos;, &apos;bbox&apos;: (300.82700000000006, 691.749, 303.59700000000004, 705.039), &apos;color_space&apos;: &apos;DeviceGray&apos;, &apos;ncolor&apos;: None, &apos;size&apos;: 13.289999999999964, &apos;value&apos;: &apos;.&apos;, &apos;children&apos;: [], &apos;features&apos;: {}}, {&apos;type&apos;: &apos;text&apos;, &apos;bbox&apos;: (303.59700000000004, 691.749, 306.367, 705.039), &apos;color_space&apos;: &apos;DeviceGray&apos;, &apos;ncolor&apos;: None, &apos;size&apos;: 13.289999999999964, &apos;value&apos;: &apos;.&apos;, &apos;children&apos;: [], &apos;features&apos;: {}}, {&apos;type&apos;: &apos;text&apos;, &apos;bbox&apos;: (306.367, 691.749, 309.137, 705.039), &apos;color_space&apos;: &apos;DeviceGray&apos;, &apos;ncolor&apos;: None, &apos;size&apos;: 13.289999999999964, &apos;value&apos;: &apos;.&apos;, &apos;children&apos;: [], &apos;features&apos;: {}}, {&apos;type&apos;: &apos;text&apos;, &apos;bbox&apos;: (309.13700000000006, 691.749, 311.90700000000004, 705.039), &apos;color_space&apos;: &apos;DeviceGray&apos;, &apos;ncolor&apos;: None, &apos;size&apos;: 13.289999999999964, &apos;value&apos;: &apos;.&apos;, &apos;children&apos;: [], &apos;features&apos;: {}}, {&apos;type&apos;: &apos;text&apos;, &apos;bbox&apos;: (311.90700000000004, 691.749, 314.677, 705.039), &apos;color_space&apos;: &apos;DeviceGray&apos;, &apos;ncolor&apos;: None, &apos;size&apos;: 13.289999999999964, &apos;value&apos;: &apos;.&apos;, &apos;children&apos;: [], &apos;features&apos;: {}}, {&apos;type&apos;: &apos;text&apos;, &apos;bbox&apos;: (314.677, 691.749, 317.447, 705.039), &apos;color_space&apos;: &apos;DeviceGray&apos;, &apos;ncolor&apos;: None, &apos;size&apos;: 13.289999999999964, &apos;value&apos;: &apos;.&apos;, &apos;children&apos;: [], &apos;features&apos;: {}}, {&apos;type&apos;: &apos;text&apos;, &apos;bbox&apos;: (317.44700000000006, 691.749, 320.21700000000004, 705.039), &apos;color_space&apos;: &apos;DeviceGray&apos;, &apos;ncolor&apos;: None, &apos;size&apos;: 13.289999999999964, &apos;value&apos;: &apos;.&apos;, &apos;children&apos;: [], &apos;features&apos;: {}}, {&apos;type&apos;: &apos;text&apos;, &apos;bbox&apos;: (320.21700000000004, 691.749, 322.987, 705.039), &apos;color_space&apos;: &apos;DeviceGray&apos;, &apos;ncolor&apos;: None, &apos;size&apos;: 13.289999999999964, &apos;value&apos;: &apos;.&apos;, &apos;children&apos;: [], &apos;features&apos;: {}}, {&apos;type&apos;: &apos;text&apos;, &apos;bbox&apos;: (322.9870000000001, 691.749, 325.75700000000006, 705.039), &apos;color_space&apos;: &apos;DeviceGray&apos;, &apos;ncolor&apos;: None, &apos;size&apos;: 13.289999999999964, &apos;value&apos;: &apos;.&apos;, &apos;children&apos;: [], &apos;features&apos;: {}}, {&apos;type&apos;: &apos;text&apos;, &apos;bbox&apos;: (325.75700000000006, 691.749, 328.52700000000004, 705.039), &apos;color_space&apos;: &apos;DeviceGray&apos;, &apos;ncolor&apos;: None, &apos;size&apos;: 13.289999999999964, &apos;value&apos;: &apos;.&apos;, &apos;children&apos;: [], &apos;features&apos;: {}}, {&apos;type&apos;: &apos;text&apos;, &apos;bbox&apos;: (328.52700000000004, 691.749, 331.297, 705.039), &apos;color_space&apos;: &apos;DeviceGray&apos;, &apos;ncolor&apos;: None, &apos;size&apos;: 13.289999999999964, &apos;value&apos;: &apos;.&apos;, &apos;children&apos;: [], &apos;features&apos;: {}}, {&apos;type&apos;: &apos;text&apos;, &apos;bbox&apos;: (331.297, 691.749, 334.067, 705.039), &apos;color_space&apos;: &apos;DeviceGray&apos;, &apos;ncolor&apos;: None, &apos;size&apos;: 13.289999999999964, &apos;value&apos;: &apos;.&apos;, &apos;children&apos;: [], &apos;features&apos;: {}}, {&apos;type&apos;: &apos;text&apos;, &apos;bbox&apos;: (334.06700000000006, 691.749, 336.83700000000005, 705.039), &apos;color_space&apos;: &apos;DeviceGray&apos;, &apos;ncolor&apos;: None, &apos;size&apos;: 13.289999999999964, &apos;value&apos;: &apos;.&apos;, &apos;children&apos;: [], &apos;features&apos;: {}}, {&apos;type&apos;: &apos;text&apos;, &apos;bbox&apos;: (336.83700000000005, 691.749, 339.607, 705.039), &apos;color_space&apos;: &apos;DeviceGray&apos;, &apos;ncolor&apos;: None, &apos;size&apos;: 13.289999999999964, &apos;value&apos;: &apos;.&apos;, &apos;children&apos;: [], &apos;features&apos;: {}}, {&apos;type&apos;: &apos;text&apos;, &apos;bbox&apos;: (339.607, 691.749, 342.377, 705.039), &apos;color_space&apos;: &apos;DeviceGray&apos;, &apos;ncolor&apos;: None, &apos;size&apos;: 13.289999999999964, &apos;value&apos;: &apos;.&apos;, &apos;children&apos;: [], &apos;features&apos;: {}}, {&apos;type&apos;: &apos;text&apos;, &apos;bbox&apos;: (342.37700000000007, 691.749, 345.14700000000005, 705.039), &apos;color_space&apos;: &apos;DeviceGray&apos;, &apos;ncolor&apos;: None, &apos;size&apos;: 13.289999999999964, &apos;value&apos;: &apos;.&apos;, &apos;children&apos;: [], &apos;features&apos;: {}}, {&apos;type&apos;: &apos;text&apos;, &apos;bbox&apos;: (345.14700000000005, 691.749, 347.91700000000003, 705.039), &apos;color_space&apos;: &apos;DeviceGray&apos;, &apos;ncolor&apos;: None, &apos;size&apos;: 13.289999999999964, &apos;value&apos;: &apos;.&apos;, &apos;children&apos;: [], &apos;features&apos;: {}}, {&apos;type&apos;: &apos;text&apos;, &apos;bbox&apos;: (347.91700000000003, 691.749, 350.687, 705.039), &apos;color_space&apos;: &apos;DeviceGray&apos;, &apos;ncolor&apos;: None, &apos;size&apos;: 13.289999999999964, &apos;value&apos;: &apos;.&apos;, &apos;children&apos;: [], &apos;features&apos;: {}}, {&apos;type&apos;: &apos;text&apos;, &apos;bbox&apos;: (350.687, 691.749, 353.457, 705.039), &apos;color_space&apos;: &apos;DeviceGray&apos;, &apos;ncolor&apos;: None, &apos;size&apos;: 13.289999999999964, &apos;value&apos;: &apos;.&apos;, &apos;children&apos;: [], &apos;features&apos;: {}}, {&apos;type&apos;: &apos;text&apos;, &apos;bbox&apos;: (353.457, 691.749, 356.227, 705.039), &apos;color_space&apos;: &apos;DeviceGray&apos;, &apos;ncolor&apos;: None, &apos;size&apos;: 13.289999999999964, &apos;value&apos;: &apos;.&apos;, &apos;children&apos;: [], &apos;features&apos;: {}}, {&apos;type&apos;: &apos;text&apos;, &apos;bbox&apos;: (356.22700000000003, 691.749, 358.997, 705.039), &apos;color_space&apos;: &apos;DeviceGray&apos;, &apos;ncolor&apos;: None, &apos;size&apos;: 13.289999999999964, &apos;value&apos;: &apos;.&apos;, &apos;children&apos;: [], &apos;features&apos;: {}}, {&apos;type&apos;: &apos;text&apos;, &apos;bbox&apos;: (358.997, 691.749, 361.767, 705.039), &apos;color_space&apos;: &apos;DeviceGray&apos;, &apos;ncolor&apos;: None, &apos;size&apos;: 13.289999999999964, &apos;value&apos;: &apos;.&apos;, &apos;children&apos;: [], &apos;features&apos;: {}}, {&apos;type&apos;: &apos;text&apos;, &apos;bbox&apos;: (361.767, 691.749, 364.537, 705.039), &apos;color_space&apos;: &apos;DeviceGray&apos;, &apos;ncolor&apos;: None, &apos;size&apos;: 13.289999999999964, &apos;value&apos;: &apos;.&apos;, &apos;children&apos;: [], &apos;features&apos;: {}}, {&apos;type&apos;: &apos;text&apos;, &apos;bbox&apos;: (364.53700000000003, 691.749, 367.307, 705.039), &apos;color_space&apos;: &apos;DeviceGray&apos;, &apos;ncolor&apos;: None, &apos;size&apos;: 13.289999999999964, &apos;value&apos;: &apos;.&apos;, &apos;children&apos;: [], &apos;features&apos;: {}}, {&apos;type&apos;: &apos;text&apos;, &apos;bbox&apos;: (367.307, 691.749, 370.077, 705.039), &apos;color_space&apos;: &apos;DeviceGray&apos;, &apos;ncolor&apos;: None, &apos;size&apos;: 13.289999999999964, &apos;value&apos;: &apos;.&apos;, &apos;children&apos;: [], &apos;features&apos;: {}}, {&apos;type&apos;: &apos;text&apos;, &apos;bbox&apos;: (370.077, 691.749, 372.847, 705.039), &apos;color_space&apos;: &apos;DeviceGray&apos;, &apos;ncolor&apos;: None, &apos;size&apos;: 13.289999999999964, &apos;value&apos;: &apos;.&apos;, &apos;children&apos;: [], &apos;features&apos;: {}}, {&apos;type&apos;: &apos;text&apos;, &apos;bbox&apos;: (372.847, 691.749, 375.61699999999996, 705.039), &apos;color_space&apos;: &apos;DeviceGray&apos;, &apos;ncolor&apos;: None, &apos;size&apos;: 13.289999999999964, &apos;value&apos;: &apos;.&apos;, &apos;children&apos;: [], &apos;features&apos;: {}}, {&apos;type&apos;: &apos;text&apos;, &apos;bbox&apos;: (375.61699999999996, 691.749, 378.38699999999994, 705.039), &apos;color_space&apos;: &apos;DeviceGray&apos;, &apos;ncolor&apos;: None, &apos;size&apos;: 13.289999999999964, &apos;value&apos;: &apos;.&apos;, &apos;children&apos;: [], &apos;features&apos;: {}}, {&apos;type&apos;: &apos;text&apos;, &apos;bbox&apos;: (378.387, 691.749, 381.157, 705.039), &apos;color_space&apos;: &apos;DeviceGray&apos;, &apos;ncolor&apos;: None, &apos;size&apos;: 13.289999999999964, &apos;value&apos;: &apos;.&apos;, &apos;children&apos;: [], &apos;features&apos;: {}}, {&apos;type&apos;: &apos;text&apos;, &apos;bbox&apos;: (381.157, 691.749, 383.92699999999996, 705.039), &apos;color_space&apos;: &apos;DeviceGray&apos;, &apos;ncolor&apos;: None, &apos;size&apos;: 13.289999999999964, &apos;value&apos;: &apos;.&apos;, &apos;children&apos;: [], &apos;features&apos;: {}}, {&apos;type&apos;: &apos;text&apos;, &apos;bbox&apos;: (383.92699999999996, 691.749, 386.69699999999995, 705.039), &apos;color_space&apos;: &apos;DeviceGray&apos;, &apos;ncolor&apos;: None, &apos;size&apos;: 13.289999999999964, &apos;value&apos;: &apos;.&apos;, &apos;children&apos;: [], &apos;features&apos;: {}}, {&apos;type&apos;: &apos;text&apos;, &apos;bbox&apos;: (386.697, 691.749, 389.467, 705.039), &apos;color_space&apos;: &apos;DeviceGray&apos;, &apos;ncolor&apos;: None, &apos;size&apos;: 13.289999999999964, &apos;value&apos;: &apos;.&apos;, &apos;children&apos;: [], &apos;features&apos;: {}}, {&apos;type&apos;: &apos;text&apos;, &apos;bbox&apos;: (389.467, 691.749, 392.23699999999997, 705.039), &apos;color_space&apos;: &apos;DeviceGray&apos;, &apos;ncolor&apos;: None, &apos;size&apos;: 13.289999999999964, &apos;value&apos;: &apos;.&apos;, &apos;children&apos;: [], &apos;features&apos;: {}}, {&apos;type&apos;: &apos;text&apos;, &apos;bbox&apos;: (392.23699999999997, 691.749, 395.00699999999995, 705.039), &apos;color_space&apos;: &apos;DeviceGray&apos;, &apos;ncolor&apos;: None, &apos;size&apos;: 13.289999999999964, &apos;value&apos;: &apos;.&apos;, &apos;children&apos;: [], &apos;features&apos;: {}}, {&apos;type&apos;: &apos;text&apos;, &apos;bbox&apos;: (395.00699999999995, 691.749, 397.77699999999993, 705.039), &apos;color_space&apos;: &apos;DeviceGray&apos;, &apos;ncolor&apos;: None, &apos;size&apos;: 13.289999999999964, &apos;value&apos;: &apos;.&apos;, &apos;children&apos;: [], &apos;features&apos;: {}}, {&apos;type&apos;: &apos;text&apos;, &apos;bbox&apos;: (397.777, 691.749, 400.54699999999997, 705.039), &apos;color_space&apos;: &apos;DeviceGray&apos;, &apos;ncolor&apos;: None, &apos;size&apos;: 13.289999999999964, &apos;value&apos;: &apos;.&apos;, &apos;children&apos;: [], &apos;features&apos;: {}}, {&apos;type&apos;: &apos;text&apos;, &apos;bbox&apos;: (400.547, 691.749, 403.317, 705.039), &apos;color_space&apos;: &apos;DeviceGray&apos;, &apos;ncolor&apos;: None, &apos;size&apos;: 13.289999999999964, &apos;value&apos;: &apos;.&apos;, &apos;children&apos;: [], &apos;features&apos;: {}}, {&apos;type&apos;: &apos;text&apos;, &apos;bbox&apos;: (403.317, 691.749, 406.087, 705.039), &apos;color_space&apos;: &apos;DeviceGray&apos;, &apos;ncolor&apos;: None, &apos;size&apos;: 13.289999999999964, &apos;value&apos;: &apos;.&apos;, &apos;children&apos;: [], &apos;features&apos;: {}}, {&apos;type&apos;: &apos;text&apos;, &apos;bbox&apos;: (406.087, 691.749, 408.85699999999997, 705.039), &apos;color_space&apos;: &apos;DeviceGray&apos;, &apos;ncolor&apos;: None, &apos;size&apos;: 13.289999999999964, &apos;value&apos;: &apos;.&apos;, &apos;children&apos;: [], &apos;features&apos;: {}}, {&apos;type&apos;: &apos;text&apos;, &apos;bbox&apos;: (408.857, 691.749, 411.627, 705.039), &apos;color_space&apos;: &apos;DeviceGray&apos;, &apos;ncolor&apos;: None, &apos;size&apos;: 13.289999999999964, &apos;value&apos;: &apos;.&apos;, &apos;children&apos;: [], &apos;features&apos;: {}}, {&apos;type&apos;: &apos;text&apos;, &apos;bbox&apos;: (411.62700000000007, 691.749, 414.39700000000005, 705.039), &apos;color_space&apos;: &apos;DeviceGray&apos;, &apos;ncolor&apos;: None, &apos;size&apos;: 13.289999999999964, &apos;value&apos;: &apos;.&apos;, &apos;children&apos;: [], &apos;features&apos;: {}}, {&apos;type&apos;: &apos;text&apos;, &apos;bbox&apos;: (414.39700000000005, 691.749, 417.16700000000003, 705.039), &apos;color_space&apos;: &apos;DeviceGray&apos;, &apos;ncolor&apos;: None, &apos;size&apos;: 13.289999999999964, &apos;value&apos;: &apos;.&apos;, &apos;children&apos;: [], &apos;features&apos;: {}}, {&apos;type&apos;: &apos;text&apos;, &apos;bbox&apos;: (417.16700000000003, 691.749, 419.937, 705.039), &apos;color_space&apos;: &apos;DeviceGray&apos;, &apos;ncolor&apos;: None, &apos;size&apos;: 13.289999999999964, &apos;value&apos;: &apos;.&apos;, &apos;children&apos;: [], &apos;features&apos;: {}}, {&apos;type&apos;: &apos;text&apos;, &apos;bbox&apos;: (419.93700000000007, 691.749, 422.70700000000005, 705.039), &apos;color_space&apos;: &apos;DeviceGray&apos;, &apos;ncolor&apos;: None, &apos;size&apos;: 13.289999999999964, &apos;value&apos;: &apos;.&apos;, &apos;children&apos;: [], &apos;features&apos;: {}}, {&apos;type&apos;: &apos;text&apos;, &apos;bbox&apos;: (422.7070000000001, 691.749, 425.4770000000001, 705.039), &apos;color_space&apos;: &apos;DeviceGray&apos;, &apos;ncolor&apos;: None, &apos;size&apos;: 13.289999999999964, &apos;value&apos;: &apos;.&apos;, &apos;children&apos;: [], &apos;features&apos;: {}}, {&apos;type&apos;: &apos;text&apos;, &apos;bbox&apos;: (425.4770000000001, 691.749, 428.24700000000007, 705.039), &apos;color_space&apos;: &apos;DeviceGray&apos;, &apos;ncolor&apos;: None, &apos;size&apos;: 13.289999999999964, &apos;value&apos;: &apos;.&apos;, &apos;children&apos;: [], &apos;features&apos;: {}}, {&apos;type&apos;: &apos;text&apos;, &apos;bbox&apos;: (428.24700000000007, 691.749, 431.01700000000005, 705.039), &apos;color_space&apos;: &apos;DeviceGray&apos;, &apos;ncolor&apos;: None, &apos;size&apos;: 13.289999999999964, &apos;value&apos;: &apos;.&apos;, &apos;children&apos;: [], &apos;features&apos;: {}}, {&apos;type&apos;: &apos;text&apos;, &apos;bbox&apos;: (431.0170000000001, 691.749, 433.7870000000001, 705.039), &apos;color_space&apos;: &apos;DeviceGray&apos;, &apos;ncolor&apos;: None, &apos;size&apos;: 13.289999999999964, &apos;value&apos;: &apos;.&apos;, &apos;children&apos;: [], &apos;features&apos;: {}}, {&apos;type&apos;: &apos;text&apos;, &apos;bbox&apos;: (433.78700000000015, 691.749, 436.55700000000013, 705.039), &apos;color_space&apos;: &apos;DeviceGray&apos;, &apos;ncolor&apos;: None, &apos;size&apos;: 13.289999999999964, &apos;value&apos;: &apos;.&apos;, &apos;children&apos;: [], &apos;features&apos;: {}}, {&apos;type&apos;: &apos;text&apos;, &apos;bbox&apos;: (436.55700000000013, 691.749, 439.3270000000001, 705.039), &apos;color_space&apos;: &apos;DeviceGray&apos;, &apos;ncolor&apos;: None, &apos;size&apos;: 13.289999999999964, &apos;value&apos;: &apos;.&apos;, &apos;children&apos;: [], &apos;features&apos;: {}}, {&apos;type&apos;: &apos;text&apos;, &apos;bbox&apos;: (439.3270000000001, 691.749, 442.0970000000001, 705.039), &apos;color_space&apos;: &apos;DeviceGray&apos;, &apos;ncolor&apos;: None, &apos;size&apos;: 13.289999999999964, &apos;value&apos;: &apos;.&apos;, &apos;children&apos;: [], &apos;features&apos;: {}}, {&apos;type&apos;: &apos;text&apos;, &apos;bbox&apos;: (442.09700000000015, 691.749, 444.86700000000013, 705.039), &apos;color_space&apos;: &apos;DeviceGray&apos;, &apos;ncolor&apos;: None, &apos;size&apos;: 13.289999999999964, &apos;value&apos;: &apos;.&apos;, &apos;children&apos;: [], &apos;features&apos;: {}}, {&apos;type&apos;: &apos;text&apos;, &apos;bbox&apos;: (444.8670000000002, 691.749, 447.63700000000017, 705.039), &apos;color_space&apos;: &apos;DeviceGray&apos;, &apos;ncolor&apos;: None, &apos;size&apos;: 13.289999999999964, &apos;value&apos;: &apos;.&apos;, &apos;children&apos;: [], &apos;features&apos;: {}}, {&apos;type&apos;: &apos;text&apos;, &apos;bbox&apos;: (447.63700000000017, 691.749, 450.40700000000015, 705.039), &apos;color_space&apos;: &apos;DeviceGray&apos;, &apos;ncolor&apos;: None, &apos;size&apos;: 13.289999999999964, &apos;value&apos;: &apos;.&apos;, &apos;children&apos;: [], &apos;features&apos;: {}}, {&apos;type&apos;: &apos;text&apos;, &apos;bbox&apos;: (450.40700000000015, 691.749, 453.17700000000013, 705.039), &apos;color_space&apos;: &apos;DeviceGray&apos;, &apos;ncolor&apos;: None, &apos;size&apos;: 13.289999999999964, &apos;value&apos;: &apos;.&apos;, &apos;children&apos;: [], &apos;features&apos;: {}}, {&apos;type&apos;: &apos;text&apos;, &apos;bbox&apos;: (453.1770000000002, 691.749, 455.9470000000002, 705.039), &apos;color_space&apos;: &apos;DeviceGray&apos;, &apos;ncolor&apos;: None, &apos;size&apos;: 13.289999999999964, &apos;value&apos;: &apos;.&apos;, &apos;children&apos;: [], &apos;features&apos;: {}}, {&apos;type&apos;: &apos;text&apos;, &apos;bbox&apos;: (455.94700000000023, 691.749, 458.7170000000002, 705.039), &apos;color_space&apos;: &apos;DeviceGray&apos;, &apos;ncolor&apos;: None, &apos;size&apos;: 13.289999999999964, &apos;value&apos;: &apos;.&apos;, &apos;children&apos;: [], &apos;features&apos;: {}}, {&apos;type&apos;: &apos;text&apos;, &apos;bbox&apos;: (458.7170000000002, 691.749, 461.4870000000002, 705.039), &apos;color_space&apos;: &apos;DeviceGray&apos;, &apos;ncolor&apos;: None, &apos;size&apos;: 13.289999999999964, &apos;value&apos;: &apos;.&apos;, &apos;children&apos;: [], &apos;features&apos;: {}}, {&apos;type&apos;: &apos;text&apos;, &apos;bbox&apos;: (461.4870000000002, 691.749, 464.2570000000002, 705.039), &apos;color_space&apos;: &apos;DeviceGray&apos;, &apos;ncolor&apos;: None, &apos;size&apos;: 13.289999999999964, &apos;value&apos;: &apos;.&apos;, &apos;children&apos;: [], &apos;features&apos;: {}}, {&apos;type&apos;: &apos;text&apos;, &apos;bbox&apos;: (464.25700000000023, 691.749, 467.0270000000002, 705.039), &apos;color_space&apos;: &apos;DeviceGray&apos;, &apos;ncolor&apos;: None, &apos;size&apos;: 13.289999999999964, &apos;value&apos;: &apos;.&apos;, &apos;children&apos;: [], &apos;features&apos;: {}}, {&apos;type&apos;: &apos;text&apos;, &apos;bbox&apos;: (467.02700000000027, 691.749, 469.79700000000025, 705.039), &apos;color_space&apos;: &apos;DeviceGray&apos;, &apos;ncolor&apos;: None, &apos;size&apos;: 13.289999999999964, &apos;value&apos;: &apos;.&apos;, &apos;children&apos;: [], &apos;features&apos;: {}}, {&apos;type&apos;: &apos;text&apos;, &apos;bbox&apos;: (469.79700000000025, 691.749, 472.56700000000023, 705.039), &apos;color_space&apos;: &apos;DeviceGray&apos;, &apos;ncolor&apos;: None, &apos;size&apos;: 13.289999999999964, &apos;value&apos;: &apos;.&apos;, &apos;children&apos;: [], &apos;features&apos;: {}}, {&apos;type&apos;: &apos;text&apos;, &apos;bbox&apos;: (472.56700000000023, 691.749, 475.3370000000002, 705.039), &apos;color_space&apos;: &apos;DeviceGray&apos;, &apos;ncolor&apos;: None, &apos;size&apos;: 13.289999999999964, &apos;value&apos;: &apos;.&apos;, &apos;children&apos;: [], &apos;features&apos;: {}}, {&apos;type&apos;: &apos;text&apos;, &apos;bbox&apos;: (478.425, 691.749, 483.985, 705.039), &apos;color_space&apos;: &apos;DeviceGray&apos;, &apos;ncolor&apos;: None, &apos;size&apos;: 13.289999999999964, &apos;value&apos;: &apos;2&apos;, &apos;children&apos;: [], &apos;features&apos;: {}}, {&apos;type&apos;: &apos;text&apos;, &apos;bbox&apos;: (483.985, 691.749, 487.315, 705.039), &apos;color_space&apos;: &apos;DeviceGray&apos;, &apos;ncolor&apos;: None, &apos;size&apos;: 13.289999999999964, &apos;value&apos;: &apos;-&apos;, &apos;children&apos;: [], &apos;features&apos;: {}}, {&apos;type&apos;: &apos;text&apos;, &apos;bbox&apos;: (487.316, 691.749, 492.876, 705.039), &apos;color_space&apos;: &apos;DeviceGray&apos;, &apos;ncolor&apos;: None, &apos;size&apos;: 13.289999999999964, &apos;value&apos;: &apos;3&apos;, &apos;children&apos;: [], &apos;features&apos;: {}}, {&apos;type&apos;: &apos;text&apos;, &apos;bbox&apos;: (492.876, 691.749, 498.436, 705.039), &apos;color_space&apos;: &apos;DeviceGray&apos;, &apos;ncolor&apos;: None, &apos;size&apos;: 13.289999999999964, &apos;value&apos;: &apos;6&apos;, &apos;children&apos;: [], &apos;features&apos;: {}}, {&apos;type&apos;: &apos;text&apos;, &apos;bbox&apos;: (498.436, 691.749, 503.996, 705.039), &apos;color_space&apos;: &apos;DeviceGray&apos;, &apos;ncolor&apos;: None, &apos;size&apos;: 13.289999999999964, &apos;value&apos;: &apos;3&apos;, &apos;children&apos;: [], &apos;features&apos;: {}}], &apos;features&apos;: {}}
*********************





--------------------------------- CONTENT AREA --------------------------------- 
This content area has an image
{&apos;type&apos;: &apos;figure&apos;, &apos;bbox&apos;: (0, 0, 612.0, 792.0), &apos;name&apos;: &apos;fx20&apos;, &apos;children&apos;: [{&apos;type&apos;: &apos;text&apos;, &apos;bbox&apos;: (78.0, 675.528, 83.57, 689.008), &apos;color_space&apos;: &apos;DeviceGray&apos;, &apos;ncolor&apos;: None, &apos;size&apos;: 13.480000000000018, &apos;value&apos;: &apos;F&apos;, &apos;children&apos;: [], &apos;features&apos;: {}}, {&apos;type&apos;: &apos;text&apos;, &apos;bbox&apos;: (83.57, 675.528, 89.66999999999999, 689.008), &apos;color_space&apos;: &apos;DeviceGray&apos;, &apos;ncolor&apos;: None, &apos;size&apos;: 13.480000000000018, &apos;value&apos;: &apos;S&apos;, &apos;children&apos;: [], &apos;features&apos;: {}}, {&apos;type&apos;: &apos;text&apos;, &apos;bbox&apos;: (89.67, 675.528, 93.56, 689.008), &apos;color_space&apos;: &apos;DeviceGray&apos;, &apos;ncolor&apos;: None, &apos;size&apos;: 13.480000000000018, &apos;value&apos;: &apos;I&apos;, &apos;children&apos;: [], &apos;features&apos;: {}}, {&apos;type&apos;: &apos;text&apos;, &apos;bbox&apos;: (93.56, 675.528, 98.56, 689.008), &apos;color_space&apos;: &apos;DeviceGray&apos;, &apos;ncolor&apos;: None, &apos;size&apos;: 13.480000000000018, &apos;value&apos;: &apos;_&apos;, &apos;children&apos;: [], &apos;features&apos;: {}}, {&apos;type&apos;: &apos;text&apos;, &apos;bbox&apos;: (98.56, 675.528, 106.87, 689.008), &apos;color_space&apos;: &apos;DeviceGray&apos;, &apos;ncolor&apos;: None, &apos;size&apos;: 13.480000000000018, &apos;value&apos;: &apos;D&apos;, &apos;children&apos;: [], &apos;features&apos;: {}}, {&apos;type&apos;: &apos;text&apos;, &apos;bbox&apos;: (106.87, 675.528, 111.87, 689.008), &apos;color_space&apos;: &apos;DeviceGray&apos;, &apos;ncolor&apos;: None, &apos;size&apos;: 13.480000000000018, &apos;value&apos;: &apos;_&apos;, &apos;children&apos;: [], &apos;features&apos;: {}}, {&apos;type&apos;: &apos;text&apos;, &apos;bbox&apos;: (111.87, 675.528, 121.87, 689.008), &apos;color_space&apos;: &apos;DeviceGray&apos;, &apos;ncolor&apos;: None, &apos;size&apos;: 13.480000000000018, &apos;value&apos;: &apos;M&apos;, &apos;children&apos;: [], &apos;features&apos;: {}}, {&apos;type&apos;: &apos;text&apos;, &apos;bbox&apos;: (121.87, 675.528, 131.87, 689.008), &apos;color_space&apos;: &apos;DeviceGray&apos;, &apos;ncolor&apos;: None, &apos;size&apos;: 13.480000000000018, &apos;value&apos;: &apos;M&apos;, &apos;children&apos;: [], &apos;features&apos;: {}}, {&apos;type&apos;: &apos;text&apos;, &apos;bbox&apos;: (131.87, 675.528, 136.87, 689.008), &apos;color_space&apos;: &apos;DeviceGray&apos;, &apos;ncolor&apos;: None, &apos;size&apos;: 13.480000000000018, &apos;value&apos;: &apos;_&apos;, &apos;children&apos;: [], &apos;features&apos;: {}}, {&apos;type&apos;: &apos;text&apos;, &apos;bbox&apos;: (136.87, 675.528, 144.09, 689.008), &apos;color_space&apos;: &apos;DeviceGray&apos;, &apos;ncolor&apos;: None, &apos;size&apos;: 13.480000000000018, &apos;value&apos;: &apos;C&apos;, &apos;children&apos;: [], &apos;features&apos;: {}}, {&apos;type&apos;: &apos;text&apos;, &apos;bbox&apos;: (144.09, 675.528, 152.42000000000002, 689.008), &apos;color_space&apos;: &apos;DeviceGray&apos;, &apos;ncolor&apos;: None, &apos;size&apos;: 13.480000000000018, &apos;value&apos;: &apos;O&apos;, &apos;children&apos;: [], &apos;features&apos;: {}}, {&apos;type&apos;: &apos;text&apos;, &apos;bbox&apos;: (152.42000000000002, 675.528, 160.75000000000003, 689.008), &apos;color_space&apos;: &apos;DeviceGray&apos;, &apos;ncolor&apos;: None, &apos;size&apos;: 13.480000000000018, &apos;value&apos;: &apos;N&apos;, &apos;children&apos;: [], &apos;features&apos;: {}}, {&apos;type&apos;: &apos;text&apos;, &apos;bbox&apos;: (160.75, 675.528, 167.41, 689.008), &apos;color_space&apos;: &apos;DeviceGray&apos;, &apos;ncolor&apos;: None, &apos;size&apos;: 13.480000000000018, &apos;value&apos;: &apos;T&apos;, &apos;children&apos;: [], &apos;features&apos;: {}}, {&apos;type&apos;: &apos;text&apos;, &apos;bbox&apos;: (167.41, 675.528, 174.54, 689.008), &apos;color_space&apos;: &apos;DeviceGray&apos;, &apos;ncolor&apos;: None, &apos;size&apos;: 13.480000000000018, &apos;value&apos;: &apos;R&apos;, &apos;children&apos;: [], &apos;features&apos;: {}}, {&apos;type&apos;: &apos;text&apos;, &apos;bbox&apos;: (174.54, 675.528, 182.31, 689.008), &apos;color_space&apos;: &apos;DeviceGray&apos;, &apos;ncolor&apos;: None, &apos;size&apos;: 13.480000000000018, &apos;value&apos;: &apos;A&apos;, &apos;children&apos;: [], &apos;features&apos;: {}}, {&apos;type&apos;: &apos;text&apos;, &apos;bbox&apos;: (182.31, 675.528, 189.53, 689.008), &apos;color_space&apos;: &apos;DeviceGray&apos;, &apos;ncolor&apos;: None, &apos;size&apos;: 13.480000000000018, &apos;value&apos;: &apos;C&apos;, &apos;children&apos;: [], &apos;features&apos;: {}}, {&apos;type&apos;: &apos;text&apos;, &apos;bbox&apos;: (189.52999999999997, 675.528, 196.18999999999997, 689.008), &apos;color_space&apos;: &apos;DeviceGray&apos;, &apos;ncolor&apos;: None, &apos;size&apos;: 13.480000000000018, &apos;value&apos;: &apos;T&apos;, &apos;children&apos;: [], &apos;features&apos;: {}}, {&apos;type&apos;: &apos;text&apos;, &apos;bbox&apos;: (196.19, 675.528, 202.29, 689.008), &apos;color_space&apos;: &apos;DeviceGray&apos;, &apos;ncolor&apos;: None, &apos;size&apos;: 13.480000000000018, &apos;value&apos;: &apos;S&apos;, &apos;children&apos;: [], &apos;features&apos;: {}}, {&apos;type&apos;: &apos;text&apos;, &apos;bbox&apos;: (202.355, 676.258, 205.125, 689.548), &apos;color_space&apos;: &apos;DeviceGray&apos;, &apos;ncolor&apos;: None, &apos;size&apos;: 13.289999999999964, &apos;value&apos;: &apos;.&apos;, &apos;children&apos;: [], &apos;features&apos;: {}}, {&apos;type&apos;: &apos;text&apos;, &apos;bbox&apos;: (205.125, 676.258, 207.895, 689.548), &apos;color_space&apos;: &apos;DeviceGray&apos;, &apos;ncolor&apos;: None, &apos;size&apos;: 13.289999999999964, &apos;value&apos;: &apos;.&apos;, &apos;children&apos;: [], &apos;features&apos;: {}}, {&apos;type&apos;: &apos;text&apos;, &apos;bbox&apos;: (207.89499999999998, 676.258, 210.665, 689.548), &apos;color_space&apos;: &apos;DeviceGray&apos;, &apos;ncolor&apos;: None, &apos;size&apos;: 13.289999999999964, &apos;value&apos;: &apos;.&apos;, &apos;children&apos;: [], &apos;features&apos;: {}}, {&apos;type&apos;: &apos;text&apos;, &apos;bbox&apos;: (210.665, 676.258, 213.435, 689.548), &apos;color_space&apos;: &apos;DeviceGray&apos;, &apos;ncolor&apos;: None, &apos;size&apos;: 13.289999999999964, &apos;value&apos;: &apos;.&apos;, &apos;children&apos;: [], &apos;features&apos;: {}}, {&apos;type&apos;: &apos;text&apos;, &apos;bbox&apos;: (213.435, 676.258, 216.205, 689.548), &apos;color_space&apos;: &apos;DeviceGray&apos;, &apos;ncolor&apos;: None, &apos;size&apos;: 13.289999999999964, &apos;value&apos;: &apos;.&apos;, &apos;children&apos;: [], &apos;features&apos;: {}}, {&apos;type&apos;: &apos;text&apos;, &apos;bbox&apos;: (216.20499999999998, 676.258, 218.975, 689.548), &apos;color_space&apos;: &apos;DeviceGray&apos;, &apos;ncolor&apos;: None, &apos;size&apos;: 13.289999999999964, &apos;value&apos;: &apos;.&apos;, &apos;children&apos;: [], &apos;features&apos;: {}}, {&apos;type&apos;: &apos;text&apos;, &apos;bbox&apos;: (218.975, 676.258, 221.745, 689.548), &apos;color_space&apos;: &apos;DeviceGray&apos;, &apos;ncolor&apos;: None, &apos;size&apos;: 13.289999999999964, &apos;value&apos;: &apos;.&apos;, &apos;children&apos;: [], &apos;features&apos;: {}}, {&apos;type&apos;: &apos;text&apos;, &apos;bbox&apos;: (221.745, 676.258, 224.51500000000001, 689.548), &apos;color_space&apos;: &apos;DeviceGray&apos;, &apos;ncolor&apos;: None, &apos;size&apos;: 13.289999999999964, &apos;value&apos;: &apos;.&apos;, &apos;children&apos;: [], &apos;features&apos;: {}}, {&apos;type&apos;: &apos;text&apos;, &apos;bbox&apos;: (224.515, 676.258, 227.285, 689.548), &apos;color_space&apos;: &apos;DeviceGray&apos;, &apos;ncolor&apos;: None, &apos;size&apos;: 13.289999999999964, &apos;value&apos;: &apos;.&apos;, &apos;children&apos;: [], &apos;features&apos;: {}}, {&apos;type&apos;: &apos;text&apos;, &apos;bbox&apos;: (227.285, 676.258, 230.055, 689.548), &apos;color_space&apos;: &apos;DeviceGray&apos;, &apos;ncolor&apos;: None, &apos;size&apos;: 13.289999999999964, &apos;value&apos;: &apos;.&apos;, &apos;children&apos;: [], &apos;features&apos;: {}}, {&apos;type&apos;: &apos;text&apos;, &apos;bbox&apos;: (230.05499999999998, 676.258, 232.825, 689.548), &apos;color_space&apos;: &apos;DeviceGray&apos;, &apos;ncolor&apos;: None, &apos;size&apos;: 13.289999999999964, &apos;value&apos;: &apos;.&apos;, &apos;children&apos;: [], &apos;features&apos;: {}}, {&apos;type&apos;: &apos;text&apos;, &apos;bbox&apos;: (232.825, 676.258, 235.595, 689.548), &apos;color_space&apos;: &apos;DeviceGray&apos;, &apos;ncolor&apos;: None, &apos;size&apos;: 13.289999999999964, &apos;value&apos;: &apos;.&apos;, &apos;children&apos;: [], &apos;features&apos;: {}}, {&apos;type&apos;: &apos;text&apos;, &apos;bbox&apos;: (235.595, 676.258, 238.365, 689.548), &apos;color_space&apos;: &apos;DeviceGray&apos;, &apos;ncolor&apos;: None, &apos;size&apos;: 13.289999999999964, &apos;value&apos;: &apos;.&apos;, &apos;children&apos;: [], &apos;features&apos;: {}}, {&apos;type&apos;: &apos;text&apos;, &apos;bbox&apos;: (238.365, 676.258, 241.13500000000002, 689.548), &apos;color_space&apos;: &apos;DeviceGray&apos;, &apos;ncolor&apos;: None, &apos;size&apos;: 13.289999999999964, &apos;value&apos;: &apos;.&apos;, &apos;children&apos;: [], &apos;features&apos;: {}}, {&apos;type&apos;: &apos;text&apos;, &apos;bbox&apos;: (241.135, 676.258, 243.905, 689.548), &apos;color_space&apos;: &apos;DeviceGray&apos;, &apos;ncolor&apos;: None, &apos;size&apos;: 13.289999999999964, &apos;value&apos;: &apos;.&apos;, &apos;children&apos;: [], &apos;features&apos;: {}}, {&apos;type&apos;: &apos;text&apos;, &apos;bbox&apos;: (243.905, 676.258, 246.675, 689.548), &apos;color_space&apos;: &apos;DeviceGray&apos;, &apos;ncolor&apos;: None, &apos;size&apos;: 13.289999999999964, &apos;value&apos;: &apos;.&apos;, &apos;children&apos;: [], &apos;features&apos;: {}}, {&apos;type&apos;: &apos;text&apos;, &apos;bbox&apos;: (246.675, 676.258, 249.44500000000002, 689.548), &apos;color_space&apos;: &apos;DeviceGray&apos;, &apos;ncolor&apos;: None, &apos;size&apos;: 13.289999999999964, &apos;value&apos;: &apos;.&apos;, &apos;children&apos;: [], &apos;features&apos;: {}}, {&apos;type&apos;: &apos;text&apos;, &apos;bbox&apos;: (249.445, 676.258, 252.215, 689.548), &apos;color_space&apos;: &apos;DeviceGray&apos;, &apos;ncolor&apos;: None, &apos;size&apos;: 13.289999999999964, &apos;value&apos;: &apos;.&apos;, &apos;children&apos;: [], &apos;features&apos;: {}}, {&apos;type&apos;: &apos;text&apos;, &apos;bbox&apos;: (252.215, 676.258, 254.985, 689.548), &apos;color_space&apos;: &apos;DeviceGray&apos;, &apos;ncolor&apos;: None, &apos;size&apos;: 13.289999999999964, &apos;value&apos;: &apos;.&apos;, &apos;children&apos;: [], &apos;features&apos;: {}}, {&apos;type&apos;: &apos;text&apos;, &apos;bbox&apos;: (254.985, 676.258, 257.755, 689.548), &apos;color_space&apos;: &apos;DeviceGray&apos;, &apos;ncolor&apos;: None, &apos;size&apos;: 13.289999999999964, &apos;value&apos;: &apos;.&apos;, &apos;children&apos;: [], &apos;features&apos;: {}}, {&apos;type&apos;: &apos;text&apos;, &apos;bbox&apos;: (257.755, 676.258, 260.525, 689.548), &apos;color_space&apos;: &apos;DeviceGray&apos;, &apos;ncolor&apos;: None, &apos;size&apos;: 13.289999999999964, &apos;value&apos;: &apos;.&apos;, &apos;children&apos;: [], &apos;features&apos;: {}}, {&apos;type&apos;: &apos;text&apos;, &apos;bbox&apos;: (260.52500000000003, 676.258, 263.295, 689.548), &apos;color_space&apos;: &apos;DeviceGray&apos;, &apos;ncolor&apos;: None, &apos;size&apos;: 13.289999999999964, &apos;value&apos;: &apos;.&apos;, &apos;children&apos;: [], &apos;features&apos;: {}}, {&apos;type&apos;: &apos;text&apos;, &apos;bbox&apos;: (263.295, 676.258, 266.065, 689.548), &apos;color_space&apos;: &apos;DeviceGray&apos;, &apos;ncolor&apos;: None, &apos;size&apos;: 13.289999999999964, &apos;value&apos;: &apos;.&apos;, &apos;children&apos;: [], &apos;features&apos;: {}}, {&apos;type&apos;: &apos;text&apos;, &apos;bbox&apos;: (266.06500000000005, 676.258, 268.83500000000004, 689.548), &apos;color_space&apos;: &apos;DeviceGray&apos;, &apos;ncolor&apos;: None, &apos;size&apos;: 13.289999999999964, &apos;value&apos;: &apos;.&apos;, &apos;children&apos;: [], &apos;features&apos;: {}}, {&apos;type&apos;: &apos;text&apos;, &apos;bbox&apos;: (268.83500000000004, 676.258, 271.605, 689.548), &apos;color_space&apos;: &apos;DeviceGray&apos;, &apos;ncolor&apos;: None, &apos;size&apos;: 13.289999999999964, &apos;value&apos;: &apos;.&apos;, &apos;children&apos;: [], &apos;features&apos;: {}}, {&apos;type&apos;: &apos;text&apos;, &apos;bbox&apos;: (271.605, 676.258, 274.375, 689.548), &apos;color_space&apos;: &apos;DeviceGray&apos;, &apos;ncolor&apos;: None, &apos;size&apos;: 13.289999999999964, &apos;value&apos;: &apos;.&apos;, &apos;children&apos;: [], &apos;features&apos;: {}}, {&apos;type&apos;: &apos;text&apos;, &apos;bbox&apos;: (274.375, 676.258, 277.145, 689.548), &apos;color_space&apos;: &apos;DeviceGray&apos;, &apos;ncolor&apos;: None, &apos;size&apos;: 13.289999999999964, &apos;value&apos;: &apos;.&apos;, &apos;children&apos;: [], &apos;features&apos;: {}}, {&apos;type&apos;: &apos;text&apos;, &apos;bbox&apos;: (277.145, 676.258, 279.91499999999996, 689.548), &apos;color_space&apos;: &apos;DeviceGray&apos;, &apos;ncolor&apos;: None, &apos;size&apos;: 13.289999999999964, &apos;value&apos;: &apos;.&apos;, &apos;children&apos;: [], &apos;features&apos;: {}}, {&apos;type&apos;: &apos;text&apos;, &apos;bbox&apos;: (279.915, 676.258, 282.685, 689.548), &apos;color_space&apos;: &apos;DeviceGray&apos;, &apos;ncolor&apos;: None, &apos;size&apos;: 13.289999999999964, &apos;value&apos;: &apos;.&apos;, &apos;children&apos;: [], &apos;features&apos;: {}}, {&apos;type&apos;: &apos;text&apos;, &apos;bbox&apos;: (282.685, 676.258, 285.455, 689.548), &apos;color_space&apos;: &apos;DeviceGray&apos;, &apos;ncolor&apos;: None, &apos;size&apos;: 13.289999999999964, &apos;value&apos;: &apos;.&apos;, &apos;children&apos;: [], &apos;features&apos;: {}}, {&apos;type&apos;: &apos;text&apos;, &apos;bbox&apos;: (285.455, 676.258, 288.22499999999997, 689.548), &apos;color_space&apos;: &apos;DeviceGray&apos;, &apos;ncolor&apos;: None, &apos;size&apos;: 13.289999999999964, &apos;value&apos;: &apos;.&apos;, &apos;children&apos;: [], &apos;features&apos;: {}}, {&apos;type&apos;: &apos;text&apos;, &apos;bbox&apos;: (288.225, 676.258, 290.995, 689.548), &apos;color_space&apos;: &apos;DeviceGray&apos;, &apos;ncolor&apos;: None, &apos;size&apos;: 13.289999999999964, &apos;value&apos;: &apos;.&apos;, &apos;children&apos;: [], &apos;features&apos;: {}}, {&apos;type&apos;: &apos;text&apos;, &apos;bbox&apos;: (290.995, 676.258, 293.765, 689.548), &apos;color_space&apos;: &apos;DeviceGray&apos;, &apos;ncolor&apos;: None, &apos;size&apos;: 13.289999999999964, &apos;value&apos;: &apos;.&apos;, &apos;children&apos;: [], &apos;features&apos;: {}}, {&apos;type&apos;: &apos;text&apos;, &apos;bbox&apos;: (293.765, 676.258, 296.53499999999997, 689.548), &apos;color_space&apos;: &apos;DeviceGray&apos;, &apos;ncolor&apos;: None, &apos;size&apos;: 13.289999999999964, &apos;value&apos;: &apos;.&apos;, &apos;children&apos;: [], &apos;features&apos;: {}}, {&apos;type&apos;: &apos;text&apos;, &apos;bbox&apos;: (296.53499999999997, 676.258, 299.30499999999995, 689.548), &apos;color_space&apos;: &apos;DeviceGray&apos;, &apos;ncolor&apos;: None, &apos;size&apos;: 13.289999999999964, &apos;value&apos;: &apos;.&apos;, &apos;children&apos;: [], &apos;features&apos;: {}}, {&apos;type&apos;: &apos;text&apos;, &apos;bbox&apos;: (299.30499999999995, 676.258, 302.07499999999993, 689.548), &apos;color_space&apos;: &apos;DeviceGray&apos;, &apos;ncolor&apos;: None, &apos;size&apos;: 13.289999999999964, &apos;value&apos;: &apos;.&apos;, &apos;children&apos;: [], &apos;features&apos;: {}}, {&apos;type&apos;: &apos;text&apos;, &apos;bbox&apos;: (302.075, 676.258, 304.84499999999997, 689.548), &apos;color_space&apos;: &apos;DeviceGray&apos;, &apos;ncolor&apos;: None, &apos;size&apos;: 13.289999999999964, &apos;value&apos;: &apos;.&apos;, &apos;children&apos;: [], &apos;features&apos;: {}}, {&apos;type&apos;: &apos;text&apos;, &apos;bbox&apos;: (304.84499999999997, 676.258, 307.61499999999995, 689.548), &apos;color_space&apos;: &apos;DeviceGray&apos;, &apos;ncolor&apos;: None, &apos;size&apos;: 13.289999999999964, &apos;value&apos;: &apos;.&apos;, &apos;children&apos;: [], &apos;features&apos;: {}}, {&apos;type&apos;: &apos;text&apos;, &apos;bbox&apos;: (307.61499999999995, 676.258, 310.38499999999993, 689.548), &apos;color_space&apos;: &apos;DeviceGray&apos;, &apos;ncolor&apos;: None, &apos;size&apos;: 13.289999999999964, &apos;value&apos;: &apos;.&apos;, &apos;children&apos;: [], &apos;features&apos;: {}}, {&apos;type&apos;: &apos;text&apos;, &apos;bbox&apos;: (310.385, 676.258, 313.155, 689.548), &apos;color_space&apos;: &apos;DeviceGray&apos;, &apos;ncolor&apos;: None, &apos;size&apos;: 13.289999999999964, &apos;value&apos;: &apos;.&apos;, &apos;children&apos;: [], &apos;features&apos;: {}}, {&apos;type&apos;: &apos;text&apos;, &apos;bbox&apos;: (313.155, 676.258, 315.92499999999995, 689.548), &apos;color_space&apos;: &apos;DeviceGray&apos;, &apos;ncolor&apos;: None, &apos;size&apos;: 13.289999999999964, &apos;value&apos;: &apos;.&apos;, &apos;children&apos;: [], &apos;features&apos;: {}}, {&apos;type&apos;: &apos;text&apos;, &apos;bbox&apos;: (315.92499999999995, 676.258, 318.69499999999994, 689.548), &apos;color_space&apos;: &apos;DeviceGray&apos;, &apos;ncolor&apos;: None, &apos;size&apos;: 13.289999999999964, &apos;value&apos;: &apos;.&apos;, &apos;children&apos;: [], &apos;features&apos;: {}}, {&apos;type&apos;: &apos;text&apos;, &apos;bbox&apos;: (318.69499999999994, 676.258, 321.4649999999999, 689.548), &apos;color_space&apos;: &apos;DeviceGray&apos;, &apos;ncolor&apos;: None, &apos;size&apos;: 13.289999999999964, &apos;value&apos;: &apos;.&apos;, &apos;children&apos;: [], &apos;features&apos;: {}}, {&apos;type&apos;: &apos;text&apos;, &apos;bbox&apos;: (321.4649999999999, 676.258, 324.2349999999999, 689.548), &apos;color_space&apos;: &apos;DeviceGray&apos;, &apos;ncolor&apos;: None, &apos;size&apos;: 13.289999999999964, &apos;value&apos;: &apos;.&apos;, &apos;children&apos;: [], &apos;features&apos;: {}}, {&apos;type&apos;: &apos;text&apos;, &apos;bbox&apos;: (324.23499999999996, 676.258, 327.00499999999994, 689.548), &apos;color_space&apos;: &apos;DeviceGray&apos;, &apos;ncolor&apos;: None, &apos;size&apos;: 13.289999999999964, &apos;value&apos;: &apos;.&apos;, &apos;children&apos;: [], &apos;features&apos;: {}}, {&apos;type&apos;: &apos;text&apos;, &apos;bbox&apos;: (327.00499999999994, 676.258, 329.7749999999999, 689.548), &apos;color_space&apos;: &apos;DeviceGray&apos;, &apos;ncolor&apos;: None, &apos;size&apos;: 13.289999999999964, &apos;value&apos;: &apos;.&apos;, &apos;children&apos;: [], &apos;features&apos;: {}}, {&apos;type&apos;: &apos;text&apos;, &apos;bbox&apos;: (329.7749999999999, 676.258, 332.5449999999999, 689.548), &apos;color_space&apos;: &apos;DeviceGray&apos;, &apos;ncolor&apos;: None, &apos;size&apos;: 13.289999999999964, &apos;value&apos;: &apos;.&apos;, &apos;children&apos;: [], &apos;features&apos;: {}}, {&apos;type&apos;: &apos;text&apos;, &apos;bbox&apos;: (332.54499999999996, 676.258, 335.31499999999994, 689.548), &apos;color_space&apos;: &apos;DeviceGray&apos;, &apos;ncolor&apos;: None, &apos;size&apos;: 13.289999999999964, &apos;value&apos;: &apos;.&apos;, &apos;children&apos;: [], &apos;features&apos;: {}}, {&apos;type&apos;: &apos;text&apos;, &apos;bbox&apos;: (335.31499999999994, 676.258, 338.0849999999999, 689.548), &apos;color_space&apos;: &apos;DeviceGray&apos;, &apos;ncolor&apos;: None, &apos;size&apos;: 13.289999999999964, &apos;value&apos;: &apos;.&apos;, &apos;children&apos;: [], &apos;features&apos;: {}}, {&apos;type&apos;: &apos;text&apos;, &apos;bbox&apos;: (338.0849999999999, 676.258, 340.8549999999999, 689.548), &apos;color_space&apos;: &apos;DeviceGray&apos;, &apos;ncolor&apos;: None, &apos;size&apos;: 13.289999999999964, &apos;value&apos;: &apos;.&apos;, &apos;children&apos;: [], &apos;features&apos;: {}}, {&apos;type&apos;: &apos;text&apos;, &apos;bbox&apos;: (340.85499999999996, 676.258, 343.62499999999994, 689.548), &apos;color_space&apos;: &apos;DeviceGray&apos;, &apos;ncolor&apos;: None, &apos;size&apos;: 13.289999999999964, &apos;value&apos;: &apos;.&apos;, &apos;children&apos;: [], &apos;features&apos;: {}}, {&apos;type&apos;: &apos;text&apos;, &apos;bbox&apos;: (343.625, 676.258, 346.395, 689.548), &apos;color_space&apos;: &apos;DeviceGray&apos;, &apos;ncolor&apos;: None, &apos;size&apos;: 13.289999999999964, &apos;value&apos;: &apos;.&apos;, &apos;children&apos;: [], &apos;features&apos;: {}}, {&apos;type&apos;: &apos;text&apos;, &apos;bbox&apos;: (346.395, 676.258, 349.16499999999996, 689.548), &apos;color_space&apos;: &apos;DeviceGray&apos;, &apos;ncolor&apos;: None, &apos;size&apos;: 13.289999999999964, &apos;value&apos;: &apos;.&apos;, &apos;children&apos;: [], &apos;features&apos;: {}}, {&apos;type&apos;: &apos;text&apos;, &apos;bbox&apos;: (349.16499999999996, 676.258, 351.93499999999995, 689.548), &apos;color_space&apos;: &apos;DeviceGray&apos;, &apos;ncolor&apos;: None, &apos;size&apos;: 13.289999999999964, &apos;value&apos;: &apos;.&apos;, &apos;children&apos;: [], &apos;features&apos;: {}}, {&apos;type&apos;: &apos;text&apos;, &apos;bbox&apos;: (351.935, 676.258, 354.705, 689.548), &apos;color_space&apos;: &apos;DeviceGray&apos;, &apos;ncolor&apos;: None, &apos;size&apos;: 13.289999999999964, &apos;value&apos;: &apos;.&apos;, &apos;children&apos;: [], &apos;features&apos;: {}}, {&apos;type&apos;: &apos;text&apos;, &apos;bbox&apos;: (354.70500000000004, 676.258, 357.475, 689.548), &apos;color_space&apos;: &apos;DeviceGray&apos;, &apos;ncolor&apos;: None, &apos;size&apos;: 13.289999999999964, &apos;value&apos;: &apos;.&apos;, &apos;children&apos;: [], &apos;features&apos;: {}}, {&apos;type&apos;: &apos;text&apos;, &apos;bbox&apos;: (357.475, 676.258, 360.245, 689.548), &apos;color_space&apos;: &apos;DeviceGray&apos;, &apos;ncolor&apos;: None, &apos;size&apos;: 13.289999999999964, &apos;value&apos;: &apos;.&apos;, &apos;children&apos;: [], &apos;features&apos;: {}}, {&apos;type&apos;: &apos;text&apos;, &apos;bbox&apos;: (360.245, 676.258, 363.015, 689.548), &apos;color_space&apos;: &apos;DeviceGray&apos;, &apos;ncolor&apos;: None, &apos;size&apos;: 13.289999999999964, &apos;value&apos;: &apos;.&apos;, &apos;children&apos;: [], &apos;features&apos;: {}}, {&apos;type&apos;: &apos;text&apos;, &apos;bbox&apos;: (363.01500000000004, 676.258, 365.785, 689.548), &apos;color_space&apos;: &apos;DeviceGray&apos;, &apos;ncolor&apos;: None, &apos;size&apos;: 13.289999999999964, &apos;value&apos;: &apos;.&apos;, &apos;children&apos;: [], &apos;features&apos;: {}}, {&apos;type&apos;: &apos;text&apos;, &apos;bbox&apos;: (365.7850000000001, 676.258, 368.55500000000006, 689.548), &apos;color_space&apos;: &apos;DeviceGray&apos;, &apos;ncolor&apos;: None, &apos;size&apos;: 13.289999999999964, &apos;value&apos;: &apos;.&apos;, &apos;children&apos;: [], &apos;features&apos;: {}}, {&apos;type&apos;: &apos;text&apos;, &apos;bbox&apos;: (368.55500000000006, 676.258, 371.32500000000005, 689.548), &apos;color_space&apos;: &apos;DeviceGray&apos;, &apos;ncolor&apos;: None, &apos;size&apos;: 13.289999999999964, &apos;value&apos;: &apos;.&apos;, &apos;children&apos;: [], &apos;features&apos;: {}}, {&apos;type&apos;: &apos;text&apos;, &apos;bbox&apos;: (371.32500000000005, 676.258, 374.095, 689.548), &apos;color_space&apos;: &apos;DeviceGray&apos;, &apos;ncolor&apos;: None, &apos;size&apos;: 13.289999999999964, &apos;value&apos;: &apos;.&apos;, &apos;children&apos;: [], &apos;features&apos;: {}}, {&apos;type&apos;: &apos;text&apos;, &apos;bbox&apos;: (374.0950000000001, 676.258, 376.86500000000007, 689.548), &apos;color_space&apos;: &apos;DeviceGray&apos;, &apos;ncolor&apos;: None, &apos;size&apos;: 13.289999999999964, &apos;value&apos;: &apos;.&apos;, &apos;children&apos;: [], &apos;features&apos;: {}}, {&apos;type&apos;: &apos;text&apos;, &apos;bbox&apos;: (376.8650000000001, 676.258, 379.6350000000001, 689.548), &apos;color_space&apos;: &apos;DeviceGray&apos;, &apos;ncolor&apos;: None, &apos;size&apos;: 13.289999999999964, &apos;value&apos;: &apos;.&apos;, &apos;children&apos;: [], &apos;features&apos;: {}}, {&apos;type&apos;: &apos;text&apos;, &apos;bbox&apos;: (379.6350000000001, 676.258, 382.4050000000001, 689.548), &apos;color_space&apos;: &apos;DeviceGray&apos;, &apos;ncolor&apos;: None, &apos;size&apos;: 13.289999999999964, &apos;value&apos;: &apos;.&apos;, &apos;children&apos;: [], &apos;features&apos;: {}}, {&apos;type&apos;: &apos;text&apos;, &apos;bbox&apos;: (382.4050000000001, 676.258, 385.17500000000007, 689.548), &apos;color_space&apos;: &apos;DeviceGray&apos;, &apos;ncolor&apos;: None, &apos;size&apos;: 13.289999999999964, &apos;value&apos;: &apos;.&apos;, &apos;children&apos;: [], &apos;features&apos;: {}}, {&apos;type&apos;: &apos;text&apos;, &apos;bbox&apos;: (385.1750000000001, 676.258, 387.9450000000001, 689.548), &apos;color_space&apos;: &apos;DeviceGray&apos;, &apos;ncolor&apos;: None, &apos;size&apos;: 13.289999999999964, &apos;value&apos;: &apos;.&apos;, &apos;children&apos;: [], &apos;features&apos;: {}}, {&apos;type&apos;: &apos;text&apos;, &apos;bbox&apos;: (387.94500000000016, 676.258, 390.71500000000015, 689.548), &apos;color_space&apos;: &apos;DeviceGray&apos;, &apos;ncolor&apos;: None, &apos;size&apos;: 13.289999999999964, &apos;value&apos;: &apos;.&apos;, &apos;children&apos;: [], &apos;features&apos;: {}}, {&apos;type&apos;: &apos;text&apos;, &apos;bbox&apos;: (390.71500000000015, 676.258, 393.4850000000001, 689.548), &apos;color_space&apos;: &apos;DeviceGray&apos;, &apos;ncolor&apos;: None, &apos;size&apos;: 13.289999999999964, &apos;value&apos;: &apos;.&apos;, &apos;children&apos;: [], &apos;features&apos;: {}}, {&apos;type&apos;: &apos;text&apos;, &apos;bbox&apos;: (393.4850000000001, 676.258, 396.2550000000001, 689.548), &apos;color_space&apos;: &apos;DeviceGray&apos;, &apos;ncolor&apos;: None, &apos;size&apos;: 13.289999999999964, &apos;value&apos;: &apos;.&apos;, &apos;children&apos;: [], &apos;features&apos;: {}}, {&apos;type&apos;: &apos;text&apos;, &apos;bbox&apos;: (396.25500000000017, 676.258, 399.02500000000015, 689.548), &apos;color_space&apos;: &apos;DeviceGray&apos;, &apos;ncolor&apos;: None, &apos;size&apos;: 13.289999999999964, &apos;value&apos;: &apos;.&apos;, &apos;children&apos;: [], &apos;features&apos;: {}}, {&apos;type&apos;: &apos;text&apos;, &apos;bbox&apos;: (399.0250000000002, 676.258, 401.7950000000002, 689.548), &apos;color_space&apos;: &apos;DeviceGray&apos;, &apos;ncolor&apos;: None, &apos;size&apos;: 13.289999999999964, &apos;value&apos;: &apos;.&apos;, &apos;children&apos;: [], &apos;features&apos;: {}}, {&apos;type&apos;: &apos;text&apos;, &apos;bbox&apos;: (401.7950000000002, 676.258, 404.56500000000017, 689.548), &apos;color_space&apos;: &apos;DeviceGray&apos;, &apos;ncolor&apos;: None, &apos;size&apos;: 13.289999999999964, &apos;value&apos;: &apos;.&apos;, &apos;children&apos;: [], &apos;features&apos;: {}}, {&apos;type&apos;: &apos;text&apos;, &apos;bbox&apos;: (404.56500000000017, 676.258, 407.33500000000015, 689.548), &apos;color_space&apos;: &apos;DeviceGray&apos;, &apos;ncolor&apos;: None, &apos;size&apos;: 13.289999999999964, &apos;value&apos;: &apos;.&apos;, &apos;children&apos;: [], &apos;features&apos;: {}}, {&apos;type&apos;: &apos;text&apos;, &apos;bbox&apos;: (407.3350000000002, 676.258, 410.1050000000002, 689.548), &apos;color_space&apos;: &apos;DeviceGray&apos;, &apos;ncolor&apos;: None, &apos;size&apos;: 13.289999999999964, &apos;value&apos;: &apos;.&apos;, &apos;children&apos;: [], &apos;features&apos;: {}}, {&apos;type&apos;: &apos;text&apos;, &apos;bbox&apos;: (410.10500000000025, 676.258, 412.8750000000002, 689.548), &apos;color_space&apos;: &apos;DeviceGray&apos;, &apos;ncolor&apos;: None, &apos;size&apos;: 13.289999999999964, &apos;value&apos;: &apos;.&apos;, &apos;children&apos;: [], &apos;features&apos;: {}}, {&apos;type&apos;: &apos;text&apos;, &apos;bbox&apos;: (412.8750000000002, 676.258, 415.6450000000002, 689.548), &apos;color_space&apos;: &apos;DeviceGray&apos;, &apos;ncolor&apos;: None, &apos;size&apos;: 13.289999999999964, &apos;value&apos;: &apos;.&apos;, &apos;children&apos;: [], &apos;features&apos;: {}}, {&apos;type&apos;: &apos;text&apos;, &apos;bbox&apos;: (415.6450000000002, 676.258, 418.4150000000002, 689.548), &apos;color_space&apos;: &apos;DeviceGray&apos;, &apos;ncolor&apos;: None, &apos;size&apos;: 13.289999999999964, &apos;value&apos;: &apos;.&apos;, &apos;children&apos;: [], &apos;features&apos;: {}}, {&apos;type&apos;: &apos;text&apos;, &apos;bbox&apos;: (418.41500000000025, 676.258, 421.18500000000023, 689.548), &apos;color_space&apos;: &apos;DeviceGray&apos;, &apos;ncolor&apos;: None, &apos;size&apos;: 13.289999999999964, &apos;value&apos;: &apos;.&apos;, &apos;children&apos;: [], &apos;features&apos;: {}}, {&apos;type&apos;: &apos;text&apos;, &apos;bbox&apos;: (421.1850000000003, 676.258, 423.95500000000027, 689.548), &apos;color_space&apos;: &apos;DeviceGray&apos;, &apos;ncolor&apos;: None, &apos;size&apos;: 13.289999999999964, &apos;value&apos;: &apos;.&apos;, &apos;children&apos;: [], &apos;features&apos;: {}}, {&apos;type&apos;: &apos;text&apos;, &apos;bbox&apos;: (423.95500000000027, 676.258, 426.72500000000025, 689.548), &apos;color_space&apos;: &apos;DeviceGray&apos;, &apos;ncolor&apos;: None, &apos;size&apos;: 13.289999999999964, &apos;value&apos;: &apos;.&apos;, &apos;children&apos;: [], &apos;features&apos;: {}}, {&apos;type&apos;: &apos;text&apos;, &apos;bbox&apos;: (426.72500000000025, 676.258, 429.49500000000023, 689.548), &apos;color_space&apos;: &apos;DeviceGray&apos;, &apos;ncolor&apos;: None, &apos;size&apos;: 13.289999999999964, &apos;value&apos;: &apos;.&apos;, &apos;children&apos;: [], &apos;features&apos;: {}}, {&apos;type&apos;: &apos;text&apos;, &apos;bbox&apos;: (429.4950000000003, 676.258, 432.26500000000027, 689.548), &apos;color_space&apos;: &apos;DeviceGray&apos;, &apos;ncolor&apos;: None, &apos;size&apos;: 13.289999999999964, &apos;value&apos;: &apos;.&apos;, &apos;children&apos;: [], &apos;features&apos;: {}}, {&apos;type&apos;: &apos;text&apos;, &apos;bbox&apos;: (432.2650000000003, 676.258, 435.0350000000003, 689.548), &apos;color_space&apos;: &apos;DeviceGray&apos;, &apos;ncolor&apos;: None, &apos;size&apos;: 13.289999999999964, &apos;value&apos;: &apos;.&apos;, &apos;children&apos;: [], &apos;features&apos;: {}}, {&apos;type&apos;: &apos;text&apos;, &apos;bbox&apos;: (435.0350000000003, 676.258, 437.8050000000003, 689.548), &apos;color_space&apos;: &apos;DeviceGray&apos;, &apos;ncolor&apos;: None, &apos;size&apos;: 13.289999999999964, &apos;value&apos;: &apos;.&apos;, &apos;children&apos;: [], &apos;features&apos;: {}}, {&apos;type&apos;: &apos;text&apos;, &apos;bbox&apos;: (437.8050000000003, 676.258, 440.5750000000003, 689.548), &apos;color_space&apos;: &apos;DeviceGray&apos;, &apos;ncolor&apos;: None, &apos;size&apos;: 13.289999999999964, &apos;value&apos;: &apos;.&apos;, &apos;children&apos;: [], &apos;features&apos;: {}}, {&apos;type&apos;: &apos;text&apos;, &apos;bbox&apos;: (440.57500000000033, 676.258, 443.3450000000003, 689.548), &apos;color_space&apos;: &apos;DeviceGray&apos;, &apos;ncolor&apos;: None, &apos;size&apos;: 13.289999999999964, &apos;value&apos;: &apos;.&apos;, &apos;children&apos;: [], &apos;features&apos;: {}}, {&apos;type&apos;: &apos;text&apos;, &apos;bbox&apos;: (443.34500000000037, 676.258, 446.11500000000035, 689.548), &apos;color_space&apos;: &apos;DeviceGray&apos;, &apos;ncolor&apos;: None, &apos;size&apos;: 13.289999999999964, &apos;value&apos;: &apos;.&apos;, &apos;children&apos;: [], &apos;features&apos;: {}}, {&apos;type&apos;: &apos;text&apos;, &apos;bbox&apos;: (446.11500000000035, 676.258, 448.88500000000033, 689.548), &apos;color_space&apos;: &apos;DeviceGray&apos;, &apos;ncolor&apos;: None, &apos;size&apos;: 13.289999999999964, &apos;value&apos;: &apos;.&apos;, &apos;children&apos;: [], &apos;features&apos;: {}}, {&apos;type&apos;: &apos;text&apos;, &apos;bbox&apos;: (448.88500000000033, 676.258, 451.6550000000003, 689.548), &apos;color_space&apos;: &apos;DeviceGray&apos;, &apos;ncolor&apos;: None, &apos;size&apos;: 13.289999999999964, &apos;value&apos;: &apos;.&apos;, &apos;children&apos;: [], &apos;features&apos;: {}}, {&apos;type&apos;: &apos;text&apos;, &apos;bbox&apos;: (451.65500000000037, 676.258, 454.42500000000035, 689.548), &apos;color_space&apos;: &apos;DeviceGray&apos;, &apos;ncolor&apos;: None, &apos;size&apos;: 13.289999999999964, &apos;value&apos;: &apos;.&apos;, &apos;children&apos;: [], &apos;features&apos;: {}}, {&apos;type&apos;: &apos;text&apos;, &apos;bbox&apos;: (454.4250000000004, 676.258, 457.1950000000004, 689.548), &apos;color_space&apos;: &apos;DeviceGray&apos;, &apos;ncolor&apos;: None, &apos;size&apos;: 13.289999999999964, &apos;value&apos;: &apos;.&apos;, &apos;children&apos;: [], &apos;features&apos;: {}}, {&apos;type&apos;: &apos;text&apos;, &apos;bbox&apos;: (457.1950000000004, 676.258, 459.9650000000004, 689.548), &apos;color_space&apos;: &apos;DeviceGray&apos;, &apos;ncolor&apos;: None, &apos;size&apos;: 13.289999999999964, &apos;value&apos;: &apos;.&apos;, &apos;children&apos;: [], &apos;features&apos;: {}}, {&apos;type&apos;: &apos;text&apos;, &apos;bbox&apos;: (459.9650000000004, 676.258, 462.73500000000035, 689.548), &apos;color_space&apos;: &apos;DeviceGray&apos;, &apos;ncolor&apos;: None, &apos;size&apos;: 13.289999999999964, &apos;value&apos;: &apos;.&apos;, &apos;children&apos;: [], &apos;features&apos;: {}}, {&apos;type&apos;: &apos;text&apos;, &apos;bbox&apos;: (462.73500000000035, 676.258, 465.50500000000034, 689.548), &apos;color_space&apos;: &apos;DeviceGray&apos;, &apos;ncolor&apos;: None, &apos;size&apos;: 13.289999999999964, &apos;value&apos;: &apos;.&apos;, &apos;children&apos;: [], &apos;features&apos;: {}}, {&apos;type&apos;: &apos;text&apos;, &apos;bbox&apos;: (465.50500000000034, 676.258, 468.2750000000003, 689.548), &apos;color_space&apos;: &apos;DeviceGray&apos;, &apos;ncolor&apos;: None, &apos;size&apos;: 13.289999999999964, &apos;value&apos;: &apos;.&apos;, &apos;children&apos;: [], &apos;features&apos;: {}}, {&apos;type&apos;: &apos;text&apos;, &apos;bbox&apos;: (468.2750000000003, 676.258, 471.0450000000003, 689.548), &apos;color_space&apos;: &apos;DeviceGray&apos;, &apos;ncolor&apos;: None, &apos;size&apos;: 13.289999999999964, &apos;value&apos;: &apos;.&apos;, &apos;children&apos;: [], &apos;features&apos;: {}}, {&apos;type&apos;: &apos;text&apos;, &apos;bbox&apos;: (471.0450000000003, 676.258, 473.8150000000003, 689.548), &apos;color_space&apos;: &apos;DeviceGray&apos;, &apos;ncolor&apos;: None, &apos;size&apos;: 13.289999999999964, &apos;value&apos;: &apos;.&apos;, &apos;children&apos;: [], &apos;features&apos;: {}}, {&apos;type&apos;: &apos;text&apos;, &apos;bbox&apos;: (473.8150000000003, 676.258, 476.58500000000026, 689.548), &apos;color_space&apos;: &apos;DeviceGray&apos;, &apos;ncolor&apos;: None, &apos;size&apos;: 13.289999999999964, &apos;value&apos;: &apos;.&apos;, &apos;children&apos;: [], &apos;features&apos;: {}}, {&apos;type&apos;: &apos;text&apos;, &apos;bbox&apos;: (478.425, 676.258, 483.985, 689.548), &apos;color_space&apos;: &apos;DeviceGray&apos;, &apos;ncolor&apos;: None, &apos;size&apos;: 13.289999999999964, &apos;value&apos;: &apos;2&apos;, &apos;children&apos;: [], &apos;features&apos;: {}}, {&apos;type&apos;: &apos;text&apos;, &apos;bbox&apos;: (483.985, 676.258, 487.315, 689.548), &apos;color_space&apos;: &apos;DeviceGray&apos;, &apos;ncolor&apos;: None, &apos;size&apos;: 13.289999999999964, &apos;value&apos;: &apos;-&apos;, &apos;children&apos;: [], &apos;features&apos;: {}}, {&apos;type&apos;: &apos;text&apos;, &apos;bbox&apos;: (487.316, 676.258, 492.876, 689.548), &apos;color_space&apos;: &apos;DeviceGray&apos;, &apos;ncolor&apos;: None, &apos;size&apos;: 13.289999999999964, &apos;value&apos;: &apos;3&apos;, &apos;children&apos;: [], &apos;features&apos;: {}}, {&apos;type&apos;: &apos;text&apos;, &apos;bbox&apos;: (492.876, 676.258, 498.436, 689.548), &apos;color_space&apos;: &apos;DeviceGray&apos;, &apos;ncolor&apos;: None, &apos;size&apos;: 13.289999999999964, &apos;value&apos;: &apos;7&apos;, &apos;children&apos;: [], &apos;features&apos;: {}}, {&apos;type&apos;: &apos;text&apos;, &apos;bbox&apos;: (498.436, 676.258, 503.996, 689.548), &apos;color_space&apos;: &apos;DeviceGray&apos;, &apos;ncolor&apos;: None, &apos;size&apos;: 13.289999999999964, &apos;value&apos;: &apos;7&apos;, &apos;children&apos;: [], &apos;features&apos;: {}}], &apos;features&apos;: {}}
*********************





--------------------------------- CONTENT AREA --------------------------------- 
This content area has an image
{&apos;type&apos;: &apos;figure&apos;, &apos;bbox&apos;: (0, 0, 612.0, 792.0), &apos;name&apos;: &apos;fx21&apos;, &apos;children&apos;: [{&apos;type&apos;: &apos;text&apos;, &apos;bbox&apos;: (78.0, 660.0369999999999, 83.57, 673.5169999999999), &apos;color_space&apos;: &apos;DeviceGray&apos;, &apos;ncolor&apos;: None, &apos;size&apos;: 13.480000000000018, &apos;value&apos;: &apos;F&apos;, &apos;children&apos;: [], &apos;features&apos;: {}}, {&apos;type&apos;: &apos;text&apos;, &apos;bbox&apos;: (83.57, 660.0369999999999, 89.66999999999999, 673.5169999999999), &apos;color_space&apos;: &apos;DeviceGray&apos;, &apos;ncolor&apos;: None, &apos;size&apos;: 13.480000000000018, &apos;value&apos;: &apos;S&apos;, &apos;children&apos;: [], &apos;features&apos;: {}}, {&apos;type&apos;: &apos;text&apos;, &apos;bbox&apos;: (89.67, 660.0369999999999, 93.56, 673.5169999999999), &apos;color_space&apos;: &apos;DeviceGray&apos;, &apos;ncolor&apos;: None, &apos;size&apos;: 13.480000000000018, &apos;value&apos;: &apos;I&apos;, &apos;children&apos;: [], &apos;features&apos;: {}}, {&apos;type&apos;: &apos;text&apos;, &apos;bbox&apos;: (93.56, 660.0369999999999, 98.56, 673.5169999999999), &apos;color_space&apos;: &apos;DeviceGray&apos;, &apos;ncolor&apos;: None, &apos;size&apos;: 13.480000000000018, &apos;value&apos;: &apos;_&apos;, &apos;children&apos;: [], &apos;features&apos;: {}}, {&apos;type&apos;: &apos;text&apos;, &apos;bbox&apos;: (98.56, 660.0369999999999, 106.87, 673.5169999999999), &apos;color_space&apos;: &apos;DeviceGray&apos;, &apos;ncolor&apos;: None, &apos;size&apos;: 13.480000000000018, &apos;value&apos;: &apos;D&apos;, &apos;children&apos;: [], &apos;features&apos;: {}}, {&apos;type&apos;: &apos;text&apos;, &apos;bbox&apos;: (106.87, 660.0369999999999, 111.87, 673.5169999999999), &apos;color_space&apos;: &apos;DeviceGray&apos;, &apos;ncolor&apos;: None, &apos;size&apos;: 13.480000000000018, &apos;value&apos;: &apos;_&apos;, &apos;children&apos;: [], &apos;features&apos;: {}}, {&apos;type&apos;: &apos;text&apos;, &apos;bbox&apos;: (111.87, 660.0369999999999, 121.87, 673.5169999999999), &apos;color_space&apos;: &apos;DeviceGray&apos;, &apos;ncolor&apos;: None, &apos;size&apos;: 13.480000000000018, &apos;value&apos;: &apos;M&apos;, &apos;children&apos;: [], &apos;features&apos;: {}}, {&apos;type&apos;: &apos;text&apos;, &apos;bbox&apos;: (121.87, 660.0369999999999, 130.20000000000002, 673.5169999999999), &apos;color_space&apos;: &apos;DeviceGray&apos;, &apos;ncolor&apos;: None, &apos;size&apos;: 13.480000000000018, &apos;value&apos;: &apos;O&apos;, &apos;children&apos;: [], &apos;features&apos;: {}}, {&apos;type&apos;: &apos;text&apos;, &apos;bbox&apos;: (130.2, 660.0369999999999, 137.32999999999998, 673.5169999999999), &apos;color_space&apos;: &apos;DeviceGray&apos;, &apos;ncolor&apos;: None, &apos;size&apos;: 13.480000000000018, &apos;value&apos;: &apos;R&apos;, &apos;children&apos;: [], &apos;features&apos;: {}}, {&apos;type&apos;: &apos;text&apos;, &apos;bbox&apos;: (137.33, 660.0369999999999, 143.99, 673.5169999999999), &apos;color_space&apos;: &apos;DeviceGray&apos;, &apos;ncolor&apos;: None, &apos;size&apos;: 13.480000000000018, &apos;value&apos;: &apos;T&apos;, &apos;children&apos;: [], &apos;features&apos;: {}}, {&apos;type&apos;: &apos;text&apos;, &apos;bbox&apos;: (143.99, 660.0369999999999, 152.32000000000002, 673.5169999999999), &apos;color_space&apos;: &apos;DeviceGray&apos;, &apos;ncolor&apos;: None, &apos;size&apos;: 13.480000000000018, &apos;value&apos;: &apos;G&apos;, &apos;children&apos;: [], &apos;features&apos;: {}}, {&apos;type&apos;: &apos;text&apos;, &apos;bbox&apos;: (152.32, 660.0369999999999, 160.09, 673.5169999999999), &apos;color_space&apos;: &apos;DeviceGray&apos;, &apos;ncolor&apos;: None, &apos;size&apos;: 13.480000000000018, &apos;value&apos;: &apos;A&apos;, &apos;children&apos;: [], &apos;features&apos;: {}}, {&apos;type&apos;: &apos;text&apos;, &apos;bbox&apos;: (160.09, 660.0369999999999, 168.42000000000002, 673.5169999999999), &apos;color_space&apos;: &apos;DeviceGray&apos;, &apos;ncolor&apos;: None, &apos;size&apos;: 13.480000000000018, &apos;value&apos;: &apos;G&apos;, &apos;children&apos;: [], &apos;features&apos;: {}}, {&apos;type&apos;: &apos;text&apos;, &apos;bbox&apos;: (168.42000000000002, 660.0369999999999, 174.47000000000003, 673.5169999999999), &apos;color_space&apos;: &apos;DeviceGray&apos;, &apos;ncolor&apos;: None, &apos;size&apos;: 13.480000000000018, &apos;value&apos;: &apos;E&apos;, &apos;children&apos;: [], &apos;features&apos;: {}}, {&apos;type&apos;: &apos;text&apos;, &apos;bbox&apos;: (174.47, 660.0369999999999, 179.47, 673.5169999999999), &apos;color_space&apos;: &apos;DeviceGray&apos;, &apos;ncolor&apos;: None, &apos;size&apos;: 13.480000000000018, &apos;value&apos;: &apos;_&apos;, &apos;children&apos;: [], &apos;features&apos;: {}}, {&apos;type&apos;: &apos;text&apos;, &apos;bbox&apos;: (179.47, 660.0369999999999, 186.07, 673.5169999999999), &apos;color_space&apos;: &apos;DeviceGray&apos;, &apos;ncolor&apos;: None, &apos;size&apos;: 13.480000000000018, &apos;value&apos;: &apos;B&apos;, &apos;children&apos;: [], &apos;features&apos;: {}}, {&apos;type&apos;: &apos;text&apos;, &apos;bbox&apos;: (186.07, 660.0369999999999, 193.84, 673.5169999999999), &apos;color_space&apos;: &apos;DeviceGray&apos;, &apos;ncolor&apos;: None, &apos;size&apos;: 13.480000000000018, &apos;value&apos;: &apos;A&apos;, &apos;children&apos;: [], &apos;features&apos;: {}}, {&apos;type&apos;: &apos;text&apos;, &apos;bbox&apos;: (193.83999999999997, 660.0369999999999, 201.05999999999997, 673.5169999999999), &apos;color_space&apos;: &apos;DeviceGray&apos;, &apos;ncolor&apos;: None, &apos;size&apos;: 13.480000000000018, &apos;value&apos;: &apos;C&apos;, &apos;children&apos;: [], &apos;features&apos;: {}}, {&apos;type&apos;: &apos;text&apos;, &apos;bbox&apos;: (201.06, 660.0369999999999, 208.75, 673.5169999999999), &apos;color_space&apos;: &apos;DeviceGray&apos;, &apos;ncolor&apos;: None, &apos;size&apos;: 13.480000000000018, &apos;value&apos;: &apos;K&apos;, &apos;children&apos;: [], &apos;features&apos;: {}}, {&apos;type&apos;: &apos;text&apos;, &apos;bbox&apos;: (208.75, 660.0369999999999, 213.75, 673.5169999999999), &apos;color_space&apos;: &apos;DeviceGray&apos;, &apos;ncolor&apos;: None, &apos;size&apos;: 13.480000000000018, &apos;value&apos;: &apos;_&apos;, &apos;children&apos;: [], &apos;features&apos;: {}}, {&apos;type&apos;: &apos;text&apos;, &apos;bbox&apos;: (213.75, 660.0369999999999, 219.85, 673.5169999999999), &apos;color_space&apos;: &apos;DeviceGray&apos;, &apos;ncolor&apos;: None, &apos;size&apos;: 13.480000000000018, &apos;value&apos;: &apos;S&apos;, &apos;children&apos;: [], &apos;features&apos;: {}}, {&apos;type&apos;: &apos;text&apos;, &apos;bbox&apos;: (219.85, 660.0369999999999, 225.9, 673.5169999999999), &apos;color_space&apos;: &apos;DeviceGray&apos;, &apos;ncolor&apos;: None, &apos;size&apos;: 13.480000000000018, &apos;value&apos;: &apos;E&apos;, &apos;children&apos;: [], &apos;features&apos;: {}}, {&apos;type&apos;: &apos;text&apos;, &apos;bbox&apos;: (225.9, 660.0369999999999, 233.12, 673.5169999999999), &apos;color_space&apos;: &apos;DeviceGray&apos;, &apos;ncolor&apos;: None, &apos;size&apos;: 13.480000000000018, &apos;value&apos;: &apos;C&apos;, &apos;children&apos;: [], &apos;features&apos;: {}}, {&apos;type&apos;: &apos;text&apos;, &apos;bbox&apos;: (233.214, 660.7669999999999, 235.984, 674.0569999999999), &apos;color_space&apos;: &apos;DeviceGray&apos;, &apos;ncolor&apos;: None, &apos;size&apos;: 13.289999999999964, &apos;value&apos;: &apos;.&apos;, &apos;children&apos;: [], &apos;features&apos;: {}}, {&apos;type&apos;: &apos;text&apos;, &apos;bbox&apos;: (235.984, 660.7669999999999, 238.75400000000002, 674.0569999999999), &apos;color_space&apos;: &apos;DeviceGray&apos;, &apos;ncolor&apos;: None, &apos;size&apos;: 13.289999999999964, &apos;value&apos;: &apos;.&apos;, &apos;children&apos;: [], &apos;features&apos;: {}}, {&apos;type&apos;: &apos;text&apos;, &apos;bbox&apos;: (238.754, 660.7669999999999, 241.524, 674.0569999999999), &apos;color_space&apos;: &apos;DeviceGray&apos;, &apos;ncolor&apos;: None, &apos;size&apos;: 13.289999999999964, &apos;value&apos;: &apos;.&apos;, &apos;children&apos;: [], &apos;features&apos;: {}}, {&apos;type&apos;: &apos;text&apos;, &apos;bbox&apos;: (241.524, 660.7669999999999, 244.294, 674.0569999999999), &apos;color_space&apos;: &apos;DeviceGray&apos;, &apos;ncolor&apos;: None, &apos;size&apos;: 13.289999999999964, &apos;value&apos;: &apos;.&apos;, &apos;children&apos;: [], &apos;features&apos;: {}}, {&apos;type&apos;: &apos;text&apos;, &apos;bbox&apos;: (244.294, 660.7669999999999, 247.06400000000002, 674.0569999999999), &apos;color_space&apos;: &apos;DeviceGray&apos;, &apos;ncolor&apos;: None, &apos;size&apos;: 13.289999999999964, &apos;value&apos;: &apos;.&apos;, &apos;children&apos;: [], &apos;features&apos;: {}}, {&apos;type&apos;: &apos;text&apos;, &apos;bbox&apos;: (247.064, 660.7669999999999, 249.834, 674.0569999999999), &apos;color_space&apos;: &apos;DeviceGray&apos;, &apos;ncolor&apos;: None, &apos;size&apos;: 13.289999999999964, &apos;value&apos;: &apos;.&apos;, &apos;children&apos;: [], &apos;features&apos;: {}}, {&apos;type&apos;: &apos;text&apos;, &apos;bbox&apos;: (249.834, 660.7669999999999, 252.604, 674.0569999999999), &apos;color_space&apos;: &apos;DeviceGray&apos;, &apos;ncolor&apos;: None, &apos;size&apos;: 13.289999999999964, &apos;value&apos;: &apos;.&apos;, &apos;children&apos;: [], &apos;features&apos;: {}}, {&apos;type&apos;: &apos;text&apos;, &apos;bbox&apos;: (252.60399999999998, 660.7669999999999, 255.374, 674.0569999999999), &apos;color_space&apos;: &apos;DeviceGray&apos;, &apos;ncolor&apos;: None, &apos;size&apos;: 13.289999999999964, &apos;value&apos;: &apos;.&apos;, &apos;children&apos;: [], &apos;features&apos;: {}}, {&apos;type&apos;: &apos;text&apos;, &apos;bbox&apos;: (255.374, 660.7669999999999, 258.144, 674.0569999999999), &apos;color_space&apos;: &apos;DeviceGray&apos;, &apos;ncolor&apos;: None, &apos;size&apos;: 13.289999999999964, &apos;value&apos;: &apos;.&apos;, &apos;children&apos;: [], &apos;features&apos;: {}}, {&apos;type&apos;: &apos;text&apos;, &apos;bbox&apos;: (258.144, 660.7669999999999, 260.914, 674.0569999999999), &apos;color_space&apos;: &apos;DeviceGray&apos;, &apos;ncolor&apos;: None, &apos;size&apos;: 13.289999999999964, &apos;value&apos;: &apos;.&apos;, &apos;children&apos;: [], &apos;features&apos;: {}}, {&apos;type&apos;: &apos;text&apos;, &apos;bbox&apos;: (260.914, 660.7669999999999, 263.68399999999997, 674.0569999999999), &apos;color_space&apos;: &apos;DeviceGray&apos;, &apos;ncolor&apos;: None, &apos;size&apos;: 13.289999999999964, &apos;value&apos;: &apos;.&apos;, &apos;children&apos;: [], &apos;features&apos;: {}}, {&apos;type&apos;: &apos;text&apos;, &apos;bbox&apos;: (263.68399999999997, 660.7669999999999, 266.45399999999995, 674.0569999999999), &apos;color_space&apos;: &apos;DeviceGray&apos;, &apos;ncolor&apos;: None, &apos;size&apos;: 13.289999999999964, &apos;value&apos;: &apos;.&apos;, &apos;children&apos;: [], &apos;features&apos;: {}}, {&apos;type&apos;: &apos;text&apos;, &apos;bbox&apos;: (266.454, 660.7669999999999, 269.224, 674.0569999999999), &apos;color_space&apos;: &apos;DeviceGray&apos;, &apos;ncolor&apos;: None, &apos;size&apos;: 13.289999999999964, &apos;value&apos;: &apos;.&apos;, &apos;children&apos;: [], &apos;features&apos;: {}}, {&apos;type&apos;: &apos;text&apos;, &apos;bbox&apos;: (269.224, 660.7669999999999, 271.99399999999997, 674.0569999999999), &apos;color_space&apos;: &apos;DeviceGray&apos;, &apos;ncolor&apos;: None, &apos;size&apos;: 13.289999999999964, &apos;value&apos;: &apos;.&apos;, &apos;children&apos;: [], &apos;features&apos;: {}}, {&apos;type&apos;: &apos;text&apos;, &apos;bbox&apos;: (271.994, 660.7669999999999, 274.764, 674.0569999999999), &apos;color_space&apos;: &apos;DeviceGray&apos;, &apos;ncolor&apos;: None, &apos;size&apos;: 13.289999999999964, &apos;value&apos;: &apos;.&apos;, &apos;children&apos;: [], &apos;features&apos;: {}}, {&apos;type&apos;: &apos;text&apos;, &apos;bbox&apos;: (274.764, 660.7669999999999, 277.534, 674.0569999999999), &apos;color_space&apos;: &apos;DeviceGray&apos;, &apos;ncolor&apos;: None, &apos;size&apos;: 13.289999999999964, &apos;value&apos;: &apos;.&apos;, &apos;children&apos;: [], &apos;features&apos;: {}}, {&apos;type&apos;: &apos;text&apos;, &apos;bbox&apos;: (277.534, 660.7669999999999, 280.304, 674.0569999999999), &apos;color_space&apos;: &apos;DeviceGray&apos;, &apos;ncolor&apos;: None, &apos;size&apos;: 13.289999999999964, &apos;value&apos;: &apos;.&apos;, &apos;children&apos;: [], &apos;features&apos;: {}}, {&apos;type&apos;: &apos;text&apos;, &apos;bbox&apos;: (280.30400000000003, 660.7669999999999, 283.074, 674.0569999999999), &apos;color_space&apos;: &apos;DeviceGray&apos;, &apos;ncolor&apos;: None, &apos;size&apos;: 13.289999999999964, &apos;value&apos;: &apos;.&apos;, &apos;children&apos;: [], &apos;features&apos;: {}}, {&apos;type&apos;: &apos;text&apos;, &apos;bbox&apos;: (283.074, 660.7669999999999, 285.844, 674.0569999999999), &apos;color_space&apos;: &apos;DeviceGray&apos;, &apos;ncolor&apos;: None, &apos;size&apos;: 13.289999999999964, &apos;value&apos;: &apos;.&apos;, &apos;children&apos;: [], &apos;features&apos;: {}}, {&apos;type&apos;: &apos;text&apos;, &apos;bbox&apos;: (285.84400000000005, 660.7669999999999, 288.61400000000003, 674.0569999999999), &apos;color_space&apos;: &apos;DeviceGray&apos;, &apos;ncolor&apos;: None, &apos;size&apos;: 13.289999999999964, &apos;value&apos;: &apos;.&apos;, &apos;children&apos;: [], &apos;features&apos;: {}}, {&apos;type&apos;: &apos;text&apos;, &apos;bbox&apos;: (288.61400000000003, 660.7669999999999, 291.384, 674.0569999999999), &apos;color_space&apos;: &apos;DeviceGray&apos;, &apos;ncolor&apos;: None, &apos;size&apos;: 13.289999999999964, &apos;value&apos;: &apos;.&apos;, &apos;children&apos;: [], &apos;features&apos;: {}}, {&apos;type&apos;: &apos;text&apos;, &apos;bbox&apos;: (291.384, 660.7669999999999, 294.154, 674.0569999999999), &apos;color_space&apos;: &apos;DeviceGray&apos;, &apos;ncolor&apos;: None, &apos;size&apos;: 13.289999999999964, &apos;value&apos;: &apos;.&apos;, &apos;children&apos;: [], &apos;features&apos;: {}}, {&apos;type&apos;: &apos;text&apos;, &apos;bbox&apos;: (294.15400000000005, 660.7669999999999, 296.92400000000004, 674.0569999999999), &apos;color_space&apos;: &apos;DeviceGray&apos;, &apos;ncolor&apos;: None, &apos;size&apos;: 13.289999999999964, &apos;value&apos;: &apos;.&apos;, &apos;children&apos;: [], &apos;features&apos;: {}}, {&apos;type&apos;: &apos;text&apos;, &apos;bbox&apos;: (296.92400000000004, 660.7669999999999, 299.694, 674.0569999999999), &apos;color_space&apos;: &apos;DeviceGray&apos;, &apos;ncolor&apos;: None, &apos;size&apos;: 13.289999999999964, &apos;value&apos;: &apos;.&apos;, &apos;children&apos;: [], &apos;features&apos;: {}}, {&apos;type&apos;: &apos;text&apos;, &apos;bbox&apos;: (299.694, 660.7669999999999, 302.464, 674.0569999999999), &apos;color_space&apos;: &apos;DeviceGray&apos;, &apos;ncolor&apos;: None, &apos;size&apos;: 13.289999999999964, &apos;value&apos;: &apos;.&apos;, &apos;children&apos;: [], &apos;features&apos;: {}}, {&apos;type&apos;: &apos;text&apos;, &apos;bbox&apos;: (302.46400000000006, 660.7669999999999, 305.23400000000004, 674.0569999999999), &apos;color_space&apos;: &apos;DeviceGray&apos;, &apos;ncolor&apos;: None, &apos;size&apos;: 13.289999999999964, &apos;value&apos;: &apos;.&apos;, &apos;children&apos;: [], &apos;features&apos;: {}}, {&apos;type&apos;: &apos;text&apos;, &apos;bbox&apos;: (305.23400000000004, 660.7669999999999, 308.004, 674.0569999999999), &apos;color_space&apos;: &apos;DeviceGray&apos;, &apos;ncolor&apos;: None, &apos;size&apos;: 13.289999999999964, &apos;value&apos;: &apos;.&apos;, &apos;children&apos;: [], &apos;features&apos;: {}}, {&apos;type&apos;: &apos;text&apos;, &apos;bbox&apos;: (308.004, 660.7669999999999, 310.774, 674.0569999999999), &apos;color_space&apos;: &apos;DeviceGray&apos;, &apos;ncolor&apos;: None, &apos;size&apos;: 13.289999999999964, &apos;value&apos;: &apos;.&apos;, &apos;children&apos;: [], &apos;features&apos;: {}}, {&apos;type&apos;: &apos;text&apos;, &apos;bbox&apos;: (310.774, 660.7669999999999, 313.544, 674.0569999999999), &apos;color_space&apos;: &apos;DeviceGray&apos;, &apos;ncolor&apos;: None, &apos;size&apos;: 13.289999999999964, &apos;value&apos;: &apos;.&apos;, &apos;children&apos;: [], &apos;features&apos;: {}}, {&apos;type&apos;: &apos;text&apos;, &apos;bbox&apos;: (313.544, 660.7669999999999, 316.31399999999996, 674.0569999999999), &apos;color_space&apos;: &apos;DeviceGray&apos;, &apos;ncolor&apos;: None, &apos;size&apos;: 13.289999999999964, &apos;value&apos;: &apos;.&apos;, &apos;children&apos;: [], &apos;features&apos;: {}}, {&apos;type&apos;: &apos;text&apos;, &apos;bbox&apos;: (316.314, 660.7669999999999, 319.084, 674.0569999999999), &apos;color_space&apos;: &apos;DeviceGray&apos;, &apos;ncolor&apos;: None, &apos;size&apos;: 13.289999999999964, &apos;value&apos;: &apos;.&apos;, &apos;children&apos;: [], &apos;features&apos;: {}}, {&apos;type&apos;: &apos;text&apos;, &apos;bbox&apos;: (319.084, 660.7669999999999, 321.854, 674.0569999999999), &apos;color_space&apos;: &apos;DeviceGray&apos;, &apos;ncolor&apos;: None, &apos;size&apos;: 13.289999999999964, &apos;value&apos;: &apos;.&apos;, &apos;children&apos;: [], &apos;features&apos;: {}}, {&apos;type&apos;: &apos;text&apos;, &apos;bbox&apos;: (321.854, 660.7669999999999, 324.62399999999997, 674.0569999999999), &apos;color_space&apos;: &apos;DeviceGray&apos;, &apos;ncolor&apos;: None, &apos;size&apos;: 13.289999999999964, &apos;value&apos;: &apos;.&apos;, &apos;children&apos;: [], &apos;features&apos;: {}}, {&apos;type&apos;: &apos;text&apos;, &apos;bbox&apos;: (324.624, 660.7669999999999, 327.394, 674.0569999999999), &apos;color_space&apos;: &apos;DeviceGray&apos;, &apos;ncolor&apos;: None, &apos;size&apos;: 13.289999999999964, &apos;value&apos;: &apos;.&apos;, &apos;children&apos;: [], &apos;features&apos;: {}}, {&apos;type&apos;: &apos;text&apos;, &apos;bbox&apos;: (327.394, 660.7669999999999, 330.164, 674.0569999999999), &apos;color_space&apos;: &apos;DeviceGray&apos;, &apos;ncolor&apos;: None, &apos;size&apos;: 13.289999999999964, &apos;value&apos;: &apos;.&apos;, &apos;children&apos;: [], &apos;features&apos;: {}}, {&apos;type&apos;: &apos;text&apos;, &apos;bbox&apos;: (330.164, 660.7669999999999, 332.93399999999997, 674.0569999999999), &apos;color_space&apos;: &apos;DeviceGray&apos;, &apos;ncolor&apos;: None, &apos;size&apos;: 13.289999999999964, &apos;value&apos;: &apos;.&apos;, &apos;children&apos;: [], &apos;features&apos;: {}}, {&apos;type&apos;: &apos;text&apos;, &apos;bbox&apos;: (332.93399999999997, 660.7669999999999, 335.70399999999995, 674.0569999999999), &apos;color_space&apos;: &apos;DeviceGray&apos;, &apos;ncolor&apos;: None, &apos;size&apos;: 13.289999999999964, &apos;value&apos;: &apos;.&apos;, &apos;children&apos;: [], &apos;features&apos;: {}}, {&apos;type&apos;: &apos;text&apos;, &apos;bbox&apos;: (335.70399999999995, 660.7669999999999, 338.47399999999993, 674.0569999999999), &apos;color_space&apos;: &apos;DeviceGray&apos;, &apos;ncolor&apos;: None, &apos;size&apos;: 13.289999999999964, &apos;value&apos;: &apos;.&apos;, &apos;children&apos;: [], &apos;features&apos;: {}}, {&apos;type&apos;: &apos;text&apos;, &apos;bbox&apos;: (338.474, 660.7669999999999, 341.24399999999997, 674.0569999999999), &apos;color_space&apos;: &apos;DeviceGray&apos;, &apos;ncolor&apos;: None, &apos;size&apos;: 13.289999999999964, &apos;value&apos;: &apos;.&apos;, &apos;children&apos;: [], &apos;features&apos;: {}}, {&apos;type&apos;: &apos;text&apos;, &apos;bbox&apos;: (341.24399999999997, 660.7669999999999, 344.01399999999995, 674.0569999999999), &apos;color_space&apos;: &apos;DeviceGray&apos;, &apos;ncolor&apos;: None, &apos;size&apos;: 13.289999999999964, &apos;value&apos;: &apos;.&apos;, &apos;children&apos;: [], &apos;features&apos;: {}}, {&apos;type&apos;: &apos;text&apos;, &apos;bbox&apos;: (344.01399999999995, 660.7669999999999, 346.78399999999993, 674.0569999999999), &apos;color_space&apos;: &apos;DeviceGray&apos;, &apos;ncolor&apos;: None, &apos;size&apos;: 13.289999999999964, &apos;value&apos;: &apos;.&apos;, &apos;children&apos;: [], &apos;features&apos;: {}}, {&apos;type&apos;: &apos;text&apos;, &apos;bbox&apos;: (346.784, 660.7669999999999, 349.554, 674.0569999999999), &apos;color_space&apos;: &apos;DeviceGray&apos;, &apos;ncolor&apos;: None, &apos;size&apos;: 13.289999999999964, &apos;value&apos;: &apos;.&apos;, &apos;children&apos;: [], &apos;features&apos;: {}}, {&apos;type&apos;: &apos;text&apos;, &apos;bbox&apos;: (349.554, 660.7669999999999, 352.32399999999996, 674.0569999999999), &apos;color_space&apos;: &apos;DeviceGray&apos;, &apos;ncolor&apos;: None, &apos;size&apos;: 13.289999999999964, &apos;value&apos;: &apos;.&apos;, &apos;children&apos;: [], &apos;features&apos;: {}}, {&apos;type&apos;: &apos;text&apos;, &apos;bbox&apos;: (352.32399999999996, 660.7669999999999, 355.09399999999994, 674.0569999999999), &apos;color_space&apos;: &apos;DeviceGray&apos;, &apos;ncolor&apos;: None, &apos;size&apos;: 13.289999999999964, &apos;value&apos;: &apos;.&apos;, &apos;children&apos;: [], &apos;features&apos;: {}}, {&apos;type&apos;: &apos;text&apos;, &apos;bbox&apos;: (355.09399999999994, 660.7669999999999, 357.8639999999999, 674.0569999999999), &apos;color_space&apos;: &apos;DeviceGray&apos;, &apos;ncolor&apos;: None, &apos;size&apos;: 13.289999999999964, &apos;value&apos;: &apos;.&apos;, &apos;children&apos;: [], &apos;features&apos;: {}}, {&apos;type&apos;: &apos;text&apos;, &apos;bbox&apos;: (357.8639999999999, 660.7669999999999, 360.6339999999999, 674.0569999999999), &apos;color_space&apos;: &apos;DeviceGray&apos;, &apos;ncolor&apos;: None, &apos;size&apos;: 13.289999999999964, &apos;value&apos;: &apos;.&apos;, &apos;children&apos;: [], &apos;features&apos;: {}}, {&apos;type&apos;: &apos;text&apos;, &apos;bbox&apos;: (360.63399999999996, 660.7669999999999, 363.40399999999994, 674.0569999999999), &apos;color_space&apos;: &apos;DeviceGray&apos;, &apos;ncolor&apos;: None, &apos;size&apos;: 13.289999999999964, &apos;value&apos;: &apos;.&apos;, &apos;children&apos;: [], &apos;features&apos;: {}}, {&apos;type&apos;: &apos;text&apos;, &apos;bbox&apos;: (363.40399999999994, 660.7669999999999, 366.1739999999999, 674.0569999999999), &apos;color_space&apos;: &apos;DeviceGray&apos;, &apos;ncolor&apos;: None, &apos;size&apos;: 13.289999999999964, &apos;value&apos;: &apos;.&apos;, &apos;children&apos;: [], &apos;features&apos;: {}}, {&apos;type&apos;: &apos;text&apos;, &apos;bbox&apos;: (366.174, 660.7669999999999, 368.94399999999996, 674.0569999999999), &apos;color_space&apos;: &apos;DeviceGray&apos;, &apos;ncolor&apos;: None, &apos;size&apos;: 13.289999999999964, &apos;value&apos;: &apos;.&apos;, &apos;children&apos;: [], &apos;features&apos;: {}}, {&apos;type&apos;: &apos;text&apos;, &apos;bbox&apos;: (368.94399999999996, 660.7669999999999, 371.71399999999994, 674.0569999999999), &apos;color_space&apos;: &apos;DeviceGray&apos;, &apos;ncolor&apos;: None, &apos;size&apos;: 13.289999999999964, &apos;value&apos;: &apos;.&apos;, &apos;children&apos;: [], &apos;features&apos;: {}}, {&apos;type&apos;: &apos;text&apos;, &apos;bbox&apos;: (371.71399999999994, 660.7669999999999, 374.4839999999999, 674.0569999999999), &apos;color_space&apos;: &apos;DeviceGray&apos;, &apos;ncolor&apos;: None, &apos;size&apos;: 13.289999999999964, &apos;value&apos;: &apos;.&apos;, &apos;children&apos;: [], &apos;features&apos;: {}}, {&apos;type&apos;: &apos;text&apos;, &apos;bbox&apos;: (374.484, 660.7669999999999, 377.25399999999996, 674.0569999999999), &apos;color_space&apos;: &apos;DeviceGray&apos;, &apos;ncolor&apos;: None, &apos;size&apos;: 13.289999999999964, &apos;value&apos;: &apos;.&apos;, &apos;children&apos;: [], &apos;features&apos;: {}}, {&apos;type&apos;: &apos;text&apos;, &apos;bbox&apos;: (377.254, 660.7669999999999, 380.024, 674.0569999999999), &apos;color_space&apos;: &apos;DeviceGray&apos;, &apos;ncolor&apos;: None, &apos;size&apos;: 13.289999999999964, &apos;value&apos;: &apos;.&apos;, &apos;children&apos;: [], &apos;features&apos;: {}}, {&apos;type&apos;: &apos;text&apos;, &apos;bbox&apos;: (380.024, 660.7669999999999, 382.794, 674.0569999999999), &apos;color_space&apos;: &apos;DeviceGray&apos;, &apos;ncolor&apos;: None, &apos;size&apos;: 13.289999999999964, &apos;value&apos;: &apos;.&apos;, &apos;children&apos;: [], &apos;features&apos;: {}}, {&apos;type&apos;: &apos;text&apos;, &apos;bbox&apos;: (382.794, 660.7669999999999, 385.56399999999996, 674.0569999999999), &apos;color_space&apos;: &apos;DeviceGray&apos;, &apos;ncolor&apos;: None, &apos;size&apos;: 13.289999999999964, &apos;value&apos;: &apos;.&apos;, &apos;children&apos;: [], &apos;features&apos;: {}}, {&apos;type&apos;: &apos;text&apos;, &apos;bbox&apos;: (385.564, 660.7669999999999, 388.334, 674.0569999999999), &apos;color_space&apos;: &apos;DeviceGray&apos;, &apos;ncolor&apos;: None, &apos;size&apos;: 13.289999999999964, &apos;value&apos;: &apos;.&apos;, &apos;children&apos;: [], &apos;features&apos;: {}}, {&apos;type&apos;: &apos;text&apos;, &apos;bbox&apos;: (388.33400000000006, 660.7669999999999, 391.10400000000004, 674.0569999999999), &apos;color_space&apos;: &apos;DeviceGray&apos;, &apos;ncolor&apos;: None, &apos;size&apos;: 13.289999999999964, &apos;value&apos;: &apos;.&apos;, &apos;children&apos;: [], &apos;features&apos;: {}}, {&apos;type&apos;: &apos;text&apos;, &apos;bbox&apos;: (391.10400000000004, 660.7669999999999, 393.874, 674.0569999999999), &apos;color_space&apos;: &apos;DeviceGray&apos;, &apos;ncolor&apos;: None, &apos;size&apos;: 13.289999999999964, &apos;value&apos;: &apos;.&apos;, &apos;children&apos;: [], &apos;features&apos;: {}}, {&apos;type&apos;: &apos;text&apos;, &apos;bbox&apos;: (393.874, 660.7669999999999, 396.644, 674.0569999999999), &apos;color_space&apos;: &apos;DeviceGray&apos;, &apos;ncolor&apos;: None, &apos;size&apos;: 13.289999999999964, &apos;value&apos;: &apos;.&apos;, &apos;children&apos;: [], &apos;features&apos;: {}}, {&apos;type&apos;: &apos;text&apos;, &apos;bbox&apos;: (396.64400000000006, 660.7669999999999, 399.41400000000004, 674.0569999999999), &apos;color_space&apos;: &apos;DeviceGray&apos;, &apos;ncolor&apos;: None, &apos;size&apos;: 13.289999999999964, &apos;value&apos;: &apos;.&apos;, &apos;children&apos;: [], &apos;features&apos;: {}}, {&apos;type&apos;: &apos;text&apos;, &apos;bbox&apos;: (399.4140000000001, 660.7669999999999, 402.1840000000001, 674.0569999999999), &apos;color_space&apos;: &apos;DeviceGray&apos;, &apos;ncolor&apos;: None, &apos;size&apos;: 13.289999999999964, &apos;value&apos;: &apos;.&apos;, &apos;children&apos;: [], &apos;features&apos;: {}}, {&apos;type&apos;: &apos;text&apos;, &apos;bbox&apos;: (402.1840000000001, 660.7669999999999, 404.95400000000006, 674.0569999999999), &apos;color_space&apos;: &apos;DeviceGray&apos;, &apos;ncolor&apos;: None, &apos;size&apos;: 13.289999999999964, &apos;value&apos;: &apos;.&apos;, &apos;children&apos;: [], &apos;features&apos;: {}}, {&apos;type&apos;: &apos;text&apos;, &apos;bbox&apos;: (404.95400000000006, 660.7669999999999, 407.72400000000005, 674.0569999999999), &apos;color_space&apos;: &apos;DeviceGray&apos;, &apos;ncolor&apos;: None, &apos;size&apos;: 13.289999999999964, &apos;value&apos;: &apos;.&apos;, &apos;children&apos;: [], &apos;features&apos;: {}}, {&apos;type&apos;: &apos;text&apos;, &apos;bbox&apos;: (407.7240000000001, 660.7669999999999, 410.4940000000001, 674.0569999999999), &apos;color_space&apos;: &apos;DeviceGray&apos;, &apos;ncolor&apos;: None, &apos;size&apos;: 13.289999999999964, &apos;value&apos;: &apos;.&apos;, &apos;children&apos;: [], &apos;features&apos;: {}}, {&apos;type&apos;: &apos;text&apos;, &apos;bbox&apos;: (410.49400000000014, 660.7669999999999, 413.2640000000001, 674.0569999999999), &apos;color_space&apos;: &apos;DeviceGray&apos;, &apos;ncolor&apos;: None, &apos;size&apos;: 13.289999999999964, &apos;value&apos;: &apos;.&apos;, &apos;children&apos;: [], &apos;features&apos;: {}}, {&apos;type&apos;: &apos;text&apos;, &apos;bbox&apos;: (413.2640000000001, 660.7669999999999, 416.0340000000001, 674.0569999999999), &apos;color_space&apos;: &apos;DeviceGray&apos;, &apos;ncolor&apos;: None, &apos;size&apos;: 13.289999999999964, &apos;value&apos;: &apos;.&apos;, &apos;children&apos;: [], &apos;features&apos;: {}}, {&apos;type&apos;: &apos;text&apos;, &apos;bbox&apos;: (416.0340000000001, 660.7669999999999, 418.8040000000001, 674.0569999999999), &apos;color_space&apos;: &apos;DeviceGray&apos;, &apos;ncolor&apos;: None, &apos;size&apos;: 13.289999999999964, &apos;value&apos;: &apos;.&apos;, &apos;children&apos;: [], &apos;features&apos;: {}}, {&apos;type&apos;: &apos;text&apos;, &apos;bbox&apos;: (418.80400000000014, 660.7669999999999, 421.5740000000001, 674.0569999999999), &apos;color_space&apos;: &apos;DeviceGray&apos;, &apos;ncolor&apos;: None, &apos;size&apos;: 13.289999999999964, &apos;value&apos;: &apos;.&apos;, &apos;children&apos;: [], &apos;features&apos;: {}}, {&apos;type&apos;: &apos;text&apos;, &apos;bbox&apos;: (421.5740000000002, 660.7669999999999, 424.34400000000016, 674.0569999999999), &apos;color_space&apos;: &apos;DeviceGray&apos;, &apos;ncolor&apos;: None, &apos;size&apos;: 13.289999999999964, &apos;value&apos;: &apos;.&apos;, &apos;children&apos;: [], &apos;features&apos;: {}}, {&apos;type&apos;: &apos;text&apos;, &apos;bbox&apos;: (424.34400000000016, 660.7669999999999, 427.11400000000015, 674.0569999999999), &apos;color_space&apos;: &apos;DeviceGray&apos;, &apos;ncolor&apos;: None, &apos;size&apos;: 13.289999999999964, &apos;value&apos;: &apos;.&apos;, &apos;children&apos;: [], &apos;features&apos;: {}}, {&apos;type&apos;: &apos;text&apos;, &apos;bbox&apos;: (427.11400000000015, 660.7669999999999, 429.8840000000001, 674.0569999999999), &apos;color_space&apos;: &apos;DeviceGray&apos;, &apos;ncolor&apos;: None, &apos;size&apos;: 13.289999999999964, &apos;value&apos;: &apos;.&apos;, &apos;children&apos;: [], &apos;features&apos;: {}}, {&apos;type&apos;: &apos;text&apos;, &apos;bbox&apos;: (429.8840000000002, 660.7669999999999, 432.65400000000017, 674.0569999999999), &apos;color_space&apos;: &apos;DeviceGray&apos;, &apos;ncolor&apos;: None, &apos;size&apos;: 13.289999999999964, &apos;value&apos;: &apos;.&apos;, &apos;children&apos;: [], &apos;features&apos;: {}}, {&apos;type&apos;: &apos;text&apos;, &apos;bbox&apos;: (432.6540000000002, 660.7669999999999, 435.4240000000002, 674.0569999999999), &apos;color_space&apos;: &apos;DeviceGray&apos;, &apos;ncolor&apos;: None, &apos;size&apos;: 13.289999999999964, &apos;value&apos;: &apos;.&apos;, &apos;children&apos;: [], &apos;features&apos;: {}}, {&apos;type&apos;: &apos;text&apos;, &apos;bbox&apos;: (435.4240000000002, 660.7669999999999, 438.1940000000002, 674.0569999999999), &apos;color_space&apos;: &apos;DeviceGray&apos;, &apos;ncolor&apos;: None, &apos;size&apos;: 13.289999999999964, &apos;value&apos;: &apos;.&apos;, &apos;children&apos;: [], &apos;features&apos;: {}}, {&apos;type&apos;: &apos;text&apos;, &apos;bbox&apos;: (438.1940000000002, 660.7669999999999, 440.96400000000017, 674.0569999999999), &apos;color_space&apos;: &apos;DeviceGray&apos;, &apos;ncolor&apos;: None, &apos;size&apos;: 13.289999999999964, &apos;value&apos;: &apos;.&apos;, &apos;children&apos;: [], &apos;features&apos;: {}}, {&apos;type&apos;: &apos;text&apos;, &apos;bbox&apos;: (440.9640000000002, 660.7669999999999, 443.7340000000002, 674.0569999999999), &apos;color_space&apos;: &apos;DeviceGray&apos;, &apos;ncolor&apos;: None, &apos;size&apos;: 13.289999999999964, &apos;value&apos;: &apos;.&apos;, &apos;children&apos;: [], &apos;features&apos;: {}}, {&apos;type&apos;: &apos;text&apos;, &apos;bbox&apos;: (443.73400000000026, 660.7669999999999, 446.50400000000025, 674.0569999999999), &apos;color_space&apos;: &apos;DeviceGray&apos;, &apos;ncolor&apos;: None, &apos;size&apos;: 13.289999999999964, &apos;value&apos;: &apos;.&apos;, &apos;children&apos;: [], &apos;features&apos;: {}}, {&apos;type&apos;: &apos;text&apos;, &apos;bbox&apos;: (446.50400000000025, 660.7669999999999, 449.2740000000002, 674.0569999999999), &apos;color_space&apos;: &apos;DeviceGray&apos;, &apos;ncolor&apos;: None, &apos;size&apos;: 13.289999999999964, &apos;value&apos;: &apos;.&apos;, &apos;children&apos;: [], &apos;features&apos;: {}}, {&apos;type&apos;: &apos;text&apos;, &apos;bbox&apos;: (449.2740000000002, 660.7669999999999, 452.0440000000002, 674.0569999999999), &apos;color_space&apos;: &apos;DeviceGray&apos;, &apos;ncolor&apos;: None, &apos;size&apos;: 13.289999999999964, &apos;value&apos;: &apos;.&apos;, &apos;children&apos;: [], &apos;features&apos;: {}}, {&apos;type&apos;: &apos;text&apos;, &apos;bbox&apos;: (452.04400000000027, 660.7669999999999, 454.81400000000025, 674.0569999999999), &apos;color_space&apos;: &apos;DeviceGray&apos;, &apos;ncolor&apos;: None, &apos;size&apos;: 13.289999999999964, &apos;value&apos;: &apos;.&apos;, &apos;children&apos;: [], &apos;features&apos;: {}}, {&apos;type&apos;: &apos;text&apos;, &apos;bbox&apos;: (454.8140000000003, 660.7669999999999, 457.5840000000003, 674.0569999999999), &apos;color_space&apos;: &apos;DeviceGray&apos;, &apos;ncolor&apos;: None, &apos;size&apos;: 13.289999999999964, &apos;value&apos;: &apos;.&apos;, &apos;children&apos;: [], &apos;features&apos;: {}}, {&apos;type&apos;: &apos;text&apos;, &apos;bbox&apos;: (457.5840000000003, 660.7669999999999, 460.35400000000027, 674.0569999999999), &apos;color_space&apos;: &apos;DeviceGray&apos;, &apos;ncolor&apos;: None, &apos;size&apos;: 13.289999999999964, &apos;value&apos;: &apos;.&apos;, &apos;children&apos;: [], &apos;features&apos;: {}}, {&apos;type&apos;: &apos;text&apos;, &apos;bbox&apos;: (460.35400000000027, 660.7669999999999, 463.12400000000025, 674.0569999999999), &apos;color_space&apos;: &apos;DeviceGray&apos;, &apos;ncolor&apos;: None, &apos;size&apos;: 13.289999999999964, &apos;value&apos;: &apos;.&apos;, &apos;children&apos;: [], &apos;features&apos;: {}}, {&apos;type&apos;: &apos;text&apos;, &apos;bbox&apos;: (463.1240000000003, 660.7669999999999, 465.8940000000003, 674.0569999999999), &apos;color_space&apos;: &apos;DeviceGray&apos;, &apos;ncolor&apos;: None, &apos;size&apos;: 13.289999999999964, &apos;value&apos;: &apos;.&apos;, &apos;children&apos;: [], &apos;features&apos;: {}}, {&apos;type&apos;: &apos;text&apos;, &apos;bbox&apos;: (465.89400000000035, 660.7669999999999, 468.6640000000003, 674.0569999999999), &apos;color_space&apos;: &apos;DeviceGray&apos;, &apos;ncolor&apos;: None, &apos;size&apos;: 13.289999999999964, &apos;value&apos;: &apos;.&apos;, &apos;children&apos;: [], &apos;features&apos;: {}}, {&apos;type&apos;: &apos;text&apos;, &apos;bbox&apos;: (468.6640000000003, 660.7669999999999, 471.4340000000003, 674.0569999999999), &apos;color_space&apos;: &apos;DeviceGray&apos;, &apos;ncolor&apos;: None, &apos;size&apos;: 13.289999999999964, &apos;value&apos;: &apos;.&apos;, &apos;children&apos;: [], &apos;features&apos;: {}}, {&apos;type&apos;: &apos;text&apos;, &apos;bbox&apos;: (471.4340000000003, 660.7669999999999, 474.2040000000003, 674.0569999999999), &apos;color_space&apos;: &apos;DeviceGray&apos;, &apos;ncolor&apos;: None, &apos;size&apos;: 13.289999999999964, &apos;value&apos;: &apos;.&apos;, &apos;children&apos;: [], &apos;features&apos;: {}}, {&apos;type&apos;: &apos;text&apos;, &apos;bbox&apos;: (474.20400000000035, 660.7669999999999, 476.97400000000033, 674.0569999999999), &apos;color_space&apos;: &apos;DeviceGray&apos;, &apos;ncolor&apos;: None, &apos;size&apos;: 13.289999999999964, &apos;value&apos;: &apos;.&apos;, &apos;children&apos;: [], &apos;features&apos;: {}}, {&apos;type&apos;: &apos;text&apos;, &apos;bbox&apos;: (478.425, 660.7669999999999, 483.985, 674.0569999999999), &apos;color_space&apos;: &apos;DeviceGray&apos;, &apos;ncolor&apos;: None, &apos;size&apos;: 13.289999999999964, &apos;value&apos;: &apos;2&apos;, &apos;children&apos;: [], &apos;features&apos;: {}}, {&apos;type&apos;: &apos;text&apos;, &apos;bbox&apos;: (483.985, 660.7669999999999, 487.315, 674.0569999999999), &apos;color_space&apos;: &apos;DeviceGray&apos;, &apos;ncolor&apos;: None, &apos;size&apos;: 13.289999999999964, &apos;value&apos;: &apos;-&apos;, &apos;children&apos;: [], &apos;features&apos;: {}}, {&apos;type&apos;: &apos;text&apos;, &apos;bbox&apos;: (487.316, 660.7669999999999, 492.876, 674.0569999999999), &apos;color_space&apos;: &apos;DeviceGray&apos;, &apos;ncolor&apos;: None, &apos;size&apos;: 13.289999999999964, &apos;value&apos;: &apos;4&apos;, &apos;children&apos;: [], &apos;features&apos;: {}}, {&apos;type&apos;: &apos;text&apos;, &apos;bbox&apos;: (492.876, 660.7669999999999, 498.436, 674.0569999999999), &apos;color_space&apos;: &apos;DeviceGray&apos;, &apos;ncolor&apos;: None, &apos;size&apos;: 13.289999999999964, &apos;value&apos;: &apos;0&apos;, &apos;children&apos;: [], &apos;features&apos;: {}}, {&apos;type&apos;: &apos;text&apos;, &apos;bbox&apos;: (498.436, 660.7669999999999, 503.996, 674.0569999999999), &apos;color_space&apos;: &apos;DeviceGray&apos;, &apos;ncolor&apos;: None, &apos;size&apos;: 13.289999999999964, &apos;value&apos;: &apos;0&apos;, &apos;children&apos;: [], &apos;features&apos;: {}}], &apos;features&apos;: {}}
*********************





--------------------------------- CONTENT AREA --------------------------------- 
This content area has an image
{&apos;type&apos;: &apos;figure&apos;, &apos;bbox&apos;: (0, 0, 612.0, 792.0), &apos;name&apos;: &apos;fx22&apos;, &apos;children&apos;: [{&apos;type&apos;: &apos;text&apos;, &apos;bbox&apos;: (78.0, 644.5459999999999, 83.57, 658.026), &apos;color_space&apos;: &apos;DeviceGray&apos;, &apos;ncolor&apos;: None, &apos;size&apos;: 13.480000000000018, &apos;value&apos;: &apos;F&apos;, &apos;children&apos;: [], &apos;features&apos;: {}}, {&apos;type&apos;: &apos;text&apos;, &apos;bbox&apos;: (83.57, 644.5459999999999, 89.66999999999999, 658.026), &apos;color_space&apos;: &apos;DeviceGray&apos;, &apos;ncolor&apos;: None, &apos;size&apos;: 13.480000000000018, &apos;value&apos;: &apos;S&apos;, &apos;children&apos;: [], &apos;features&apos;: {}}, {&apos;type&apos;: &apos;text&apos;, &apos;bbox&apos;: (89.67, 644.5459999999999, 93.56, 658.026), &apos;color_space&apos;: &apos;DeviceGray&apos;, &apos;ncolor&apos;: None, &apos;size&apos;: 13.480000000000018, &apos;value&apos;: &apos;I&apos;, &apos;children&apos;: [], &apos;features&apos;: {}}, {&apos;type&apos;: &apos;text&apos;, &apos;bbox&apos;: (93.56, 644.5459999999999, 98.56, 658.026), &apos;color_space&apos;: &apos;DeviceGray&apos;, &apos;ncolor&apos;: None, &apos;size&apos;: 13.480000000000018, &apos;value&apos;: &apos;_&apos;, &apos;children&apos;: [], &apos;features&apos;: {}}, {&apos;type&apos;: &apos;text&apos;, &apos;bbox&apos;: (98.56, 644.5459999999999, 106.87, 658.026), &apos;color_space&apos;: &apos;DeviceGray&apos;, &apos;ncolor&apos;: None, &apos;size&apos;: 13.480000000000018, &apos;value&apos;: &apos;D&apos;, &apos;children&apos;: [], &apos;features&apos;: {}}, {&apos;type&apos;: &apos;text&apos;, &apos;bbox&apos;: (106.87, 644.5459999999999, 111.87, 658.026), &apos;color_space&apos;: &apos;DeviceGray&apos;, &apos;ncolor&apos;: None, &apos;size&apos;: 13.480000000000018, &apos;value&apos;: &apos;_&apos;, &apos;children&apos;: [], &apos;features&apos;: {}}, {&apos;type&apos;: &apos;text&apos;, &apos;bbox&apos;: (111.87, 644.5459999999999, 121.87, 658.026), &apos;color_space&apos;: &apos;DeviceGray&apos;, &apos;ncolor&apos;: None, &apos;size&apos;: 13.480000000000018, &apos;value&apos;: &apos;M&apos;, &apos;children&apos;: [], &apos;features&apos;: {}}, {&apos;type&apos;: &apos;text&apos;, &apos;bbox&apos;: (121.87, 644.5459999999999, 129.64000000000001, 658.026), &apos;color_space&apos;: &apos;DeviceGray&apos;, &apos;ncolor&apos;: None, &apos;size&apos;: 13.480000000000018, &apos;value&apos;: &apos;U&apos;, &apos;children&apos;: [], &apos;features&apos;: {}}, {&apos;type&apos;: &apos;text&apos;, &apos;bbox&apos;: (129.64000000000001, 644.5459999999999, 136.3, 658.026), &apos;color_space&apos;: &apos;DeviceGray&apos;, &apos;ncolor&apos;: None, &apos;size&apos;: 13.480000000000018, &apos;value&apos;: &apos;T&apos;, &apos;children&apos;: [], &apos;features&apos;: {}}, {&apos;type&apos;: &apos;text&apos;, &apos;bbox&apos;: (136.3, 644.5459999999999, 144.07000000000002, 658.026), &apos;color_space&apos;: &apos;DeviceGray&apos;, &apos;ncolor&apos;: None, &apos;size&apos;: 13.480000000000018, &apos;value&apos;: &apos;U&apos;, &apos;children&apos;: [], &apos;features&apos;: {}}, {&apos;type&apos;: &apos;text&apos;, &apos;bbox&apos;: (144.07, 644.5459999999999, 151.84, 658.026), &apos;color_space&apos;: &apos;DeviceGray&apos;, &apos;ncolor&apos;: None, &apos;size&apos;: 13.480000000000018, &apos;value&apos;: &apos;A&apos;, &apos;children&apos;: [], &apos;features&apos;: {}}, {&apos;type&apos;: &apos;text&apos;, &apos;bbox&apos;: (151.84, 644.5459999999999, 157.89000000000001, 658.026), &apos;color_space&apos;: &apos;DeviceGray&apos;, &apos;ncolor&apos;: None, &apos;size&apos;: 13.480000000000018, &apos;value&apos;: &apos;L&apos;, &apos;children&apos;: [], &apos;features&apos;: {}}, {&apos;type&apos;: &apos;text&apos;, &apos;bbox&apos;: (157.89, 644.5459999999999, 162.89, 658.026), &apos;color_space&apos;: &apos;DeviceGray&apos;, &apos;ncolor&apos;: None, &apos;size&apos;: 13.480000000000018, &apos;value&apos;: &apos;_&apos;, &apos;children&apos;: [], &apos;features&apos;: {}}, {&apos;type&apos;: &apos;text&apos;, &apos;bbox&apos;: (162.89, 644.5459999999999, 168.45999999999998, 658.026), &apos;color_space&apos;: &apos;DeviceGray&apos;, &apos;ncolor&apos;: None, &apos;size&apos;: 13.480000000000018, &apos;value&apos;: &apos;F&apos;, &apos;children&apos;: [], &apos;features&apos;: {}}, {&apos;type&apos;: &apos;text&apos;, &apos;bbox&apos;: (168.46, 644.5459999999999, 176.23000000000002, 658.026), &apos;color_space&apos;: &apos;DeviceGray&apos;, &apos;ncolor&apos;: None, &apos;size&apos;: 13.480000000000018, &apos;value&apos;: &apos;U&apos;, &apos;children&apos;: [], &apos;features&apos;: {}}, {&apos;type&apos;: &apos;text&apos;, &apos;bbox&apos;: (176.23000000000002, 644.5459999999999, 184.56000000000003, 658.026), &apos;color_space&apos;: &apos;DeviceGray&apos;, &apos;ncolor&apos;: None, &apos;size&apos;: 13.480000000000018, &apos;value&apos;: &apos;N&apos;, &apos;children&apos;: [], &apos;features&apos;: {}}, {&apos;type&apos;: &apos;text&apos;, &apos;bbox&apos;: (184.56, 644.5459999999999, 192.87, 658.026), &apos;color_space&apos;: &apos;DeviceGray&apos;, &apos;ncolor&apos;: None, &apos;size&apos;: 13.480000000000018, &apos;value&apos;: &apos;D&apos;, &apos;children&apos;: [], &apos;features&apos;: {}}, {&apos;type&apos;: &apos;text&apos;, &apos;bbox&apos;: (192.87, 644.5459999999999, 198.97, 658.026), &apos;color_space&apos;: &apos;DeviceGray&apos;, &apos;ncolor&apos;: None, &apos;size&apos;: 13.480000000000018, &apos;value&apos;: &apos;S&apos;, &apos;children&apos;: [], &apos;features&apos;: {}}, {&apos;type&apos;: &apos;text&apos;, &apos;bbox&apos;: (199.054, 645.276, 201.824, 658.5659999999999), &apos;color_space&apos;: &apos;DeviceGray&apos;, &apos;ncolor&apos;: None, &apos;size&apos;: 13.289999999999964, &apos;value&apos;: &apos;.&apos;, &apos;children&apos;: [], &apos;features&apos;: {}}, {&apos;type&apos;: &apos;text&apos;, &apos;bbox&apos;: (201.824, 645.276, 204.59400000000002, 658.5659999999999), &apos;color_space&apos;: &apos;DeviceGray&apos;, &apos;ncolor&apos;: None, &apos;size&apos;: 13.289999999999964, &apos;value&apos;: &apos;.&apos;, &apos;children&apos;: [], &apos;features&apos;: {}}, {&apos;type&apos;: &apos;text&apos;, &apos;bbox&apos;: (204.594, 645.276, 207.364, 658.5659999999999), &apos;color_space&apos;: &apos;DeviceGray&apos;, &apos;ncolor&apos;: None, &apos;size&apos;: 13.289999999999964, &apos;value&apos;: &apos;.&apos;, &apos;children&apos;: [], &apos;features&apos;: {}}, {&apos;type&apos;: &apos;text&apos;, &apos;bbox&apos;: (207.364, 645.276, 210.13400000000001, 658.5659999999999), &apos;color_space&apos;: &apos;DeviceGray&apos;, &apos;ncolor&apos;: None, &apos;size&apos;: 13.289999999999964, &apos;value&apos;: &apos;.&apos;, &apos;children&apos;: [], &apos;features&apos;: {}}, {&apos;type&apos;: &apos;text&apos;, &apos;bbox&apos;: (210.13400000000001, 645.276, 212.90400000000002, 658.5659999999999), &apos;color_space&apos;: &apos;DeviceGray&apos;, &apos;ncolor&apos;: None, &apos;size&apos;: 13.289999999999964, &apos;value&apos;: &apos;.&apos;, &apos;children&apos;: [], &apos;features&apos;: {}}, {&apos;type&apos;: &apos;text&apos;, &apos;bbox&apos;: (212.904, 645.276, 215.674, 658.5659999999999), &apos;color_space&apos;: &apos;DeviceGray&apos;, &apos;ncolor&apos;: None, &apos;size&apos;: 13.289999999999964, &apos;value&apos;: &apos;.&apos;, &apos;children&apos;: [], &apos;features&apos;: {}}, {&apos;type&apos;: &apos;text&apos;, &apos;bbox&apos;: (215.674, 645.276, 218.44400000000002, 658.5659999999999), &apos;color_space&apos;: &apos;DeviceGray&apos;, &apos;ncolor&apos;: None, &apos;size&apos;: 13.289999999999964, &apos;value&apos;: &apos;.&apos;, &apos;children&apos;: [], &apos;features&apos;: {}}, {&apos;type&apos;: &apos;text&apos;, &apos;bbox&apos;: (218.44400000000002, 645.276, 221.21400000000003, 658.5659999999999), &apos;color_space&apos;: &apos;DeviceGray&apos;, &apos;ncolor&apos;: None, &apos;size&apos;: 13.289999999999964, &apos;value&apos;: &apos;.&apos;, &apos;children&apos;: [], &apos;features&apos;: {}}, {&apos;type&apos;: &apos;text&apos;, &apos;bbox&apos;: (221.214, 645.276, 223.984, 658.5659999999999), &apos;color_space&apos;: &apos;DeviceGray&apos;, &apos;ncolor&apos;: None, &apos;size&apos;: 13.289999999999964, &apos;value&apos;: &apos;.&apos;, &apos;children&apos;: [], &apos;features&apos;: {}}, {&apos;type&apos;: &apos;text&apos;, &apos;bbox&apos;: (223.984, 645.276, 226.75400000000002, 658.5659999999999), &apos;color_space&apos;: &apos;DeviceGray&apos;, &apos;ncolor&apos;: None, &apos;size&apos;: 13.289999999999964, &apos;value&apos;: &apos;.&apos;, &apos;children&apos;: [], &apos;features&apos;: {}}, {&apos;type&apos;: &apos;text&apos;, &apos;bbox&apos;: (226.754, 645.276, 229.524, 658.5659999999999), &apos;color_space&apos;: &apos;DeviceGray&apos;, &apos;ncolor&apos;: None, &apos;size&apos;: 13.289999999999964, &apos;value&apos;: &apos;.&apos;, &apos;children&apos;: [], &apos;features&apos;: {}}, {&apos;type&apos;: &apos;text&apos;, &apos;bbox&apos;: (229.524, 645.276, 232.294, 658.5659999999999), &apos;color_space&apos;: &apos;DeviceGray&apos;, &apos;ncolor&apos;: None, &apos;size&apos;: 13.289999999999964, &apos;value&apos;: &apos;.&apos;, &apos;children&apos;: [], &apos;features&apos;: {}}, {&apos;type&apos;: &apos;text&apos;, &apos;bbox&apos;: (232.294, 645.276, 235.06400000000002, 658.5659999999999), &apos;color_space&apos;: &apos;DeviceGray&apos;, &apos;ncolor&apos;: None, &apos;size&apos;: 13.289999999999964, &apos;value&apos;: &apos;.&apos;, &apos;children&apos;: [], &apos;features&apos;: {}}, {&apos;type&apos;: &apos;text&apos;, &apos;bbox&apos;: (235.06400000000002, 645.276, 237.83400000000003, 658.5659999999999), &apos;color_space&apos;: &apos;DeviceGray&apos;, &apos;ncolor&apos;: None, &apos;size&apos;: 13.289999999999964, &apos;value&apos;: &apos;.&apos;, &apos;children&apos;: [], &apos;features&apos;: {}}, {&apos;type&apos;: &apos;text&apos;, &apos;bbox&apos;: (237.834, 645.276, 240.604, 658.5659999999999), &apos;color_space&apos;: &apos;DeviceGray&apos;, &apos;ncolor&apos;: None, &apos;size&apos;: 13.289999999999964, &apos;value&apos;: &apos;.&apos;, &apos;children&apos;: [], &apos;features&apos;: {}}, {&apos;type&apos;: &apos;text&apos;, &apos;bbox&apos;: (240.604, 645.276, 243.37400000000002, 658.5659999999999), &apos;color_space&apos;: &apos;DeviceGray&apos;, &apos;ncolor&apos;: None, &apos;size&apos;: 13.289999999999964, &apos;value&apos;: &apos;.&apos;, &apos;children&apos;: [], &apos;features&apos;: {}}, {&apos;type&apos;: &apos;text&apos;, &apos;bbox&apos;: (243.37400000000002, 645.276, 246.14400000000003, 658.5659999999999), &apos;color_space&apos;: &apos;DeviceGray&apos;, &apos;ncolor&apos;: None, &apos;size&apos;: 13.289999999999964, &apos;value&apos;: &apos;.&apos;, &apos;children&apos;: [], &apos;features&apos;: {}}, {&apos;type&apos;: &apos;text&apos;, &apos;bbox&apos;: (246.144, 645.276, 248.91400000000002, 658.5659999999999), &apos;color_space&apos;: &apos;DeviceGray&apos;, &apos;ncolor&apos;: None, &apos;size&apos;: 13.289999999999964, &apos;value&apos;: &apos;.&apos;, &apos;children&apos;: [], &apos;features&apos;: {}}, {&apos;type&apos;: &apos;text&apos;, &apos;bbox&apos;: (248.91400000000002, 645.276, 251.68400000000003, 658.5659999999999), &apos;color_space&apos;: &apos;DeviceGray&apos;, &apos;ncolor&apos;: None, &apos;size&apos;: 13.289999999999964, &apos;value&apos;: &apos;.&apos;, &apos;children&apos;: [], &apos;features&apos;: {}}, {&apos;type&apos;: &apos;text&apos;, &apos;bbox&apos;: (251.68400000000003, 645.276, 254.45400000000004, 658.5659999999999), &apos;color_space&apos;: &apos;DeviceGray&apos;, &apos;ncolor&apos;: None, &apos;size&apos;: 13.289999999999964, &apos;value&apos;: &apos;.&apos;, &apos;children&apos;: [], &apos;features&apos;: {}}, {&apos;type&apos;: &apos;text&apos;, &apos;bbox&apos;: (254.45400000000004, 645.276, 257.22400000000005, 658.5659999999999), &apos;color_space&apos;: &apos;DeviceGray&apos;, &apos;ncolor&apos;: None, &apos;size&apos;: 13.289999999999964, &apos;value&apos;: &apos;.&apos;, &apos;children&apos;: [], &apos;features&apos;: {}}, {&apos;type&apos;: &apos;text&apos;, &apos;bbox&apos;: (257.22400000000005, 645.276, 259.994, 658.5659999999999), &apos;color_space&apos;: &apos;DeviceGray&apos;, &apos;ncolor&apos;: None, &apos;size&apos;: 13.289999999999964, &apos;value&apos;: &apos;.&apos;, &apos;children&apos;: [], &apos;features&apos;: {}}, {&apos;type&apos;: &apos;text&apos;, &apos;bbox&apos;: (259.994, 645.276, 262.764, 658.5659999999999), &apos;color_space&apos;: &apos;DeviceGray&apos;, &apos;ncolor&apos;: None, &apos;size&apos;: 13.289999999999964, &apos;value&apos;: &apos;.&apos;, &apos;children&apos;: [], &apos;features&apos;: {}}, {&apos;type&apos;: &apos;text&apos;, &apos;bbox&apos;: (262.764, 645.276, 265.534, 658.5659999999999), &apos;color_space&apos;: &apos;DeviceGray&apos;, &apos;ncolor&apos;: None, &apos;size&apos;: 13.289999999999964, &apos;value&apos;: &apos;.&apos;, &apos;children&apos;: [], &apos;features&apos;: {}}, {&apos;type&apos;: &apos;text&apos;, &apos;bbox&apos;: (265.53400000000005, 645.276, 268.30400000000003, 658.5659999999999), &apos;color_space&apos;: &apos;DeviceGray&apos;, &apos;ncolor&apos;: None, &apos;size&apos;: 13.289999999999964, &apos;value&apos;: &apos;.&apos;, &apos;children&apos;: [], &apos;features&apos;: {}}, {&apos;type&apos;: &apos;text&apos;, &apos;bbox&apos;: (268.30400000000003, 645.276, 271.074, 658.5659999999999), &apos;color_space&apos;: &apos;DeviceGray&apos;, &apos;ncolor&apos;: None, &apos;size&apos;: 13.289999999999964, &apos;value&apos;: &apos;.&apos;, &apos;children&apos;: [], &apos;features&apos;: {}}, {&apos;type&apos;: &apos;text&apos;, &apos;bbox&apos;: (271.074, 645.276, 273.844, 658.5659999999999), &apos;color_space&apos;: &apos;DeviceGray&apos;, &apos;ncolor&apos;: None, &apos;size&apos;: 13.289999999999964, &apos;value&apos;: &apos;.&apos;, &apos;children&apos;: [], &apos;features&apos;: {}}, {&apos;type&apos;: &apos;text&apos;, &apos;bbox&apos;: (273.84400000000005, 645.276, 276.61400000000003, 658.5659999999999), &apos;color_space&apos;: &apos;DeviceGray&apos;, &apos;ncolor&apos;: None, &apos;size&apos;: 13.289999999999964, &apos;value&apos;: &apos;.&apos;, &apos;children&apos;: [], &apos;features&apos;: {}}, {&apos;type&apos;: &apos;text&apos;, &apos;bbox&apos;: (276.61400000000003, 645.276, 279.384, 658.5659999999999), &apos;color_space&apos;: &apos;DeviceGray&apos;, &apos;ncolor&apos;: None, &apos;size&apos;: 13.289999999999964, &apos;value&apos;: &apos;.&apos;, &apos;children&apos;: [], &apos;features&apos;: {}}, {&apos;type&apos;: &apos;text&apos;, &apos;bbox&apos;: (279.384, 645.276, 282.154, 658.5659999999999), &apos;color_space&apos;: &apos;DeviceGray&apos;, &apos;ncolor&apos;: None, &apos;size&apos;: 13.289999999999964, &apos;value&apos;: &apos;.&apos;, &apos;children&apos;: [], &apos;features&apos;: {}}, {&apos;type&apos;: &apos;text&apos;, &apos;bbox&apos;: (282.154, 645.276, 284.924, 658.5659999999999), &apos;color_space&apos;: &apos;DeviceGray&apos;, &apos;ncolor&apos;: None, &apos;size&apos;: 13.289999999999964, &apos;value&apos;: &apos;.&apos;, &apos;children&apos;: [], &apos;features&apos;: {}}, {&apos;type&apos;: &apos;text&apos;, &apos;bbox&apos;: (284.924, 645.276, 287.69399999999996, 658.5659999999999), &apos;color_space&apos;: &apos;DeviceGray&apos;, &apos;ncolor&apos;: None, &apos;size&apos;: 13.289999999999964, &apos;value&apos;: &apos;.&apos;, &apos;children&apos;: [], &apos;features&apos;: {}}, {&apos;type&apos;: &apos;text&apos;, &apos;bbox&apos;: (287.694, 645.276, 290.464, 658.5659999999999), &apos;color_space&apos;: &apos;DeviceGray&apos;, &apos;ncolor&apos;: None, &apos;size&apos;: 13.289999999999964, &apos;value&apos;: &apos;.&apos;, &apos;children&apos;: [], &apos;features&apos;: {}}, {&apos;type&apos;: &apos;text&apos;, &apos;bbox&apos;: (290.464, 645.276, 293.234, 658.5659999999999), &apos;color_space&apos;: &apos;DeviceGray&apos;, &apos;ncolor&apos;: None, &apos;size&apos;: 13.289999999999964, &apos;value&apos;: &apos;.&apos;, &apos;children&apos;: [], &apos;features&apos;: {}}, {&apos;type&apos;: &apos;text&apos;, &apos;bbox&apos;: (293.234, 645.276, 296.00399999999996, 658.5659999999999), &apos;color_space&apos;: &apos;DeviceGray&apos;, &apos;ncolor&apos;: None, &apos;size&apos;: 13.289999999999964, &apos;value&apos;: &apos;.&apos;, &apos;children&apos;: [], &apos;features&apos;: {}}, {&apos;type&apos;: &apos;text&apos;, &apos;bbox&apos;: (296.004, 645.276, 298.774, 658.5659999999999), &apos;color_space&apos;: &apos;DeviceGray&apos;, &apos;ncolor&apos;: None, &apos;size&apos;: 13.289999999999964, &apos;value&apos;: &apos;.&apos;, &apos;children&apos;: [], &apos;features&apos;: {}}, {&apos;type&apos;: &apos;text&apos;, &apos;bbox&apos;: (298.774, 645.276, 301.544, 658.5659999999999), &apos;color_space&apos;: &apos;DeviceGray&apos;, &apos;ncolor&apos;: None, &apos;size&apos;: 13.289999999999964, &apos;value&apos;: &apos;.&apos;, &apos;children&apos;: [], &apos;features&apos;: {}}, {&apos;type&apos;: &apos;text&apos;, &apos;bbox&apos;: (301.544, 645.276, 304.31399999999996, 658.5659999999999), &apos;color_space&apos;: &apos;DeviceGray&apos;, &apos;ncolor&apos;: None, &apos;size&apos;: 13.289999999999964, &apos;value&apos;: &apos;.&apos;, &apos;children&apos;: [], &apos;features&apos;: {}}, {&apos;type&apos;: &apos;text&apos;, &apos;bbox&apos;: (304.31399999999996, 645.276, 307.08399999999995, 658.5659999999999), &apos;color_space&apos;: &apos;DeviceGray&apos;, &apos;ncolor&apos;: None, &apos;size&apos;: 13.289999999999964, &apos;value&apos;: &apos;.&apos;, &apos;children&apos;: [], &apos;features&apos;: {}}, {&apos;type&apos;: &apos;text&apos;, &apos;bbox&apos;: (307.08399999999995, 645.276, 309.8539999999999, 658.5659999999999), &apos;color_space&apos;: &apos;DeviceGray&apos;, &apos;ncolor&apos;: None, &apos;size&apos;: 13.289999999999964, &apos;value&apos;: &apos;.&apos;, &apos;children&apos;: [], &apos;features&apos;: {}}, {&apos;type&apos;: &apos;text&apos;, &apos;bbox&apos;: (309.854, 645.276, 312.62399999999997, 658.5659999999999), &apos;color_space&apos;: &apos;DeviceGray&apos;, &apos;ncolor&apos;: None, &apos;size&apos;: 13.289999999999964, &apos;value&apos;: &apos;.&apos;, &apos;children&apos;: [], &apos;features&apos;: {}}, {&apos;type&apos;: &apos;text&apos;, &apos;bbox&apos;: (312.62399999999997, 645.276, 315.39399999999995, 658.5659999999999), &apos;color_space&apos;: &apos;DeviceGray&apos;, &apos;ncolor&apos;: None, &apos;size&apos;: 13.289999999999964, &apos;value&apos;: &apos;.&apos;, &apos;children&apos;: [], &apos;features&apos;: {}}, {&apos;type&apos;: &apos;text&apos;, &apos;bbox&apos;: (315.39399999999995, 645.276, 318.16399999999993, 658.5659999999999), &apos;color_space&apos;: &apos;DeviceGray&apos;, &apos;ncolor&apos;: None, &apos;size&apos;: 13.289999999999964, &apos;value&apos;: &apos;.&apos;, &apos;children&apos;: [], &apos;features&apos;: {}}, {&apos;type&apos;: &apos;text&apos;, &apos;bbox&apos;: (318.164, 645.276, 320.93399999999997, 658.5659999999999), &apos;color_space&apos;: &apos;DeviceGray&apos;, &apos;ncolor&apos;: None, &apos;size&apos;: 13.289999999999964, &apos;value&apos;: &apos;.&apos;, &apos;children&apos;: [], &apos;features&apos;: {}}, {&apos;type&apos;: &apos;text&apos;, &apos;bbox&apos;: (320.93399999999997, 645.276, 323.70399999999995, 658.5659999999999), &apos;color_space&apos;: &apos;DeviceGray&apos;, &apos;ncolor&apos;: None, &apos;size&apos;: 13.289999999999964, &apos;value&apos;: &apos;.&apos;, &apos;children&apos;: [], &apos;features&apos;: {}}, {&apos;type&apos;: &apos;text&apos;, &apos;bbox&apos;: (323.70399999999995, 645.276, 326.47399999999993, 658.5659999999999), &apos;color_space&apos;: &apos;DeviceGray&apos;, &apos;ncolor&apos;: None, &apos;size&apos;: 13.289999999999964, &apos;value&apos;: &apos;.&apos;, &apos;children&apos;: [], &apos;features&apos;: {}}, {&apos;type&apos;: &apos;text&apos;, &apos;bbox&apos;: (326.47399999999993, 645.276, 329.2439999999999, 658.5659999999999), &apos;color_space&apos;: &apos;DeviceGray&apos;, &apos;ncolor&apos;: None, &apos;size&apos;: 13.289999999999964, &apos;value&apos;: &apos;.&apos;, &apos;children&apos;: [], &apos;features&apos;: {}}, {&apos;type&apos;: &apos;text&apos;, &apos;bbox&apos;: (329.2439999999999, 645.276, 332.0139999999999, 658.5659999999999), &apos;color_space&apos;: &apos;DeviceGray&apos;, &apos;ncolor&apos;: None, &apos;size&apos;: 13.289999999999964, &apos;value&apos;: &apos;.&apos;, &apos;children&apos;: [], &apos;features&apos;: {}}, {&apos;type&apos;: &apos;text&apos;, &apos;bbox&apos;: (332.01399999999995, 645.276, 334.78399999999993, 658.5659999999999), &apos;color_space&apos;: &apos;DeviceGray&apos;, &apos;ncolor&apos;: None, &apos;size&apos;: 13.289999999999964, &apos;value&apos;: &apos;.&apos;, &apos;children&apos;: [], &apos;features&apos;: {}}, {&apos;type&apos;: &apos;text&apos;, &apos;bbox&apos;: (334.784, 645.276, 337.554, 658.5659999999999), &apos;color_space&apos;: &apos;DeviceGray&apos;, &apos;ncolor&apos;: None, &apos;size&apos;: 13.289999999999964, &apos;value&apos;: &apos;.&apos;, &apos;children&apos;: [], &apos;features&apos;: {}}, {&apos;type&apos;: &apos;text&apos;, &apos;bbox&apos;: (337.554, 645.276, 340.32399999999996, 658.5659999999999), &apos;color_space&apos;: &apos;DeviceGray&apos;, &apos;ncolor&apos;: None, &apos;size&apos;: 13.289999999999964, &apos;value&apos;: &apos;.&apos;, &apos;children&apos;: [], &apos;features&apos;: {}}, {&apos;type&apos;: &apos;text&apos;, &apos;bbox&apos;: (340.32399999999996, 645.276, 343.09399999999994, 658.5659999999999), &apos;color_space&apos;: &apos;DeviceGray&apos;, &apos;ncolor&apos;: None, &apos;size&apos;: 13.289999999999964, &apos;value&apos;: &apos;.&apos;, &apos;children&apos;: [], &apos;features&apos;: {}}, {&apos;type&apos;: &apos;text&apos;, &apos;bbox&apos;: (343.094, 645.276, 345.864, 658.5659999999999), &apos;color_space&apos;: &apos;DeviceGray&apos;, &apos;ncolor&apos;: None, &apos;size&apos;: 13.289999999999964, &apos;value&apos;: &apos;.&apos;, &apos;children&apos;: [], &apos;features&apos;: {}}, {&apos;type&apos;: &apos;text&apos;, &apos;bbox&apos;: (345.86400000000003, 645.276, 348.634, 658.5659999999999), &apos;color_space&apos;: &apos;DeviceGray&apos;, &apos;ncolor&apos;: None, &apos;size&apos;: 13.289999999999964, &apos;value&apos;: &apos;.&apos;, &apos;children&apos;: [], &apos;features&apos;: {}}, {&apos;type&apos;: &apos;text&apos;, &apos;bbox&apos;: (348.634, 645.276, 351.404, 658.5659999999999), &apos;color_space&apos;: &apos;DeviceGray&apos;, &apos;ncolor&apos;: None, &apos;size&apos;: 13.289999999999964, &apos;value&apos;: &apos;.&apos;, &apos;children&apos;: [], &apos;features&apos;: {}}, {&apos;type&apos;: &apos;text&apos;, &apos;bbox&apos;: (351.404, 645.276, 354.174, 658.5659999999999), &apos;color_space&apos;: &apos;DeviceGray&apos;, &apos;ncolor&apos;: None, &apos;size&apos;: 13.289999999999964, &apos;value&apos;: &apos;.&apos;, &apos;children&apos;: [], &apos;features&apos;: {}}, {&apos;type&apos;: &apos;text&apos;, &apos;bbox&apos;: (354.17400000000004, 645.276, 356.944, 658.5659999999999), &apos;color_space&apos;: &apos;DeviceGray&apos;, &apos;ncolor&apos;: None, &apos;size&apos;: 13.289999999999964, &apos;value&apos;: &apos;.&apos;, &apos;children&apos;: [], &apos;features&apos;: {}}, {&apos;type&apos;: &apos;text&apos;, &apos;bbox&apos;: (356.9440000000001, 645.276, 359.71400000000006, 658.5659999999999), &apos;color_space&apos;: &apos;DeviceGray&apos;, &apos;ncolor&apos;: None, &apos;size&apos;: 13.289999999999964, &apos;value&apos;: &apos;.&apos;, &apos;children&apos;: [], &apos;features&apos;: {}}, {&apos;type&apos;: &apos;text&apos;, &apos;bbox&apos;: (359.71400000000006, 645.276, 362.48400000000004, 658.5659999999999), &apos;color_space&apos;: &apos;DeviceGray&apos;, &apos;ncolor&apos;: None, &apos;size&apos;: 13.289999999999964, &apos;value&apos;: &apos;.&apos;, &apos;children&apos;: [], &apos;features&apos;: {}}, {&apos;type&apos;: &apos;text&apos;, &apos;bbox&apos;: (362.48400000000004, 645.276, 365.254, 658.5659999999999), &apos;color_space&apos;: &apos;DeviceGray&apos;, &apos;ncolor&apos;: None, &apos;size&apos;: 13.289999999999964, &apos;value&apos;: &apos;.&apos;, &apos;children&apos;: [], &apos;features&apos;: {}}, {&apos;type&apos;: &apos;text&apos;, &apos;bbox&apos;: (365.2540000000001, 645.276, 368.02400000000006, 658.5659999999999), &apos;color_space&apos;: &apos;DeviceGray&apos;, &apos;ncolor&apos;: None, &apos;size&apos;: 13.289999999999964, &apos;value&apos;: &apos;.&apos;, &apos;children&apos;: [], &apos;features&apos;: {}}, {&apos;type&apos;: &apos;text&apos;, &apos;bbox&apos;: (368.0240000000001, 645.276, 370.7940000000001, 658.5659999999999), &apos;color_space&apos;: &apos;DeviceGray&apos;, &apos;ncolor&apos;: None, &apos;size&apos;: 13.289999999999964, &apos;value&apos;: &apos;.&apos;, &apos;children&apos;: [], &apos;features&apos;: {}}, {&apos;type&apos;: &apos;text&apos;, &apos;bbox&apos;: (370.7940000000001, 645.276, 373.5640000000001, 658.5659999999999), &apos;color_space&apos;: &apos;DeviceGray&apos;, &apos;ncolor&apos;: None, &apos;size&apos;: 13.289999999999964, &apos;value&apos;: &apos;.&apos;, &apos;children&apos;: [], &apos;features&apos;: {}}, {&apos;type&apos;: &apos;text&apos;, &apos;bbox&apos;: (373.5640000000001, 645.276, 376.33400000000006, 658.5659999999999), &apos;color_space&apos;: &apos;DeviceGray&apos;, &apos;ncolor&apos;: None, &apos;size&apos;: 13.289999999999964, &apos;value&apos;: &apos;.&apos;, &apos;children&apos;: [], &apos;features&apos;: {}}, {&apos;type&apos;: &apos;text&apos;, &apos;bbox&apos;: (376.3340000000001, 645.276, 379.1040000000001, 658.5659999999999), &apos;color_space&apos;: &apos;DeviceGray&apos;, &apos;ncolor&apos;: None, &apos;size&apos;: 13.289999999999964, &apos;value&apos;: &apos;.&apos;, &apos;children&apos;: [], &apos;features&apos;: {}}, {&apos;type&apos;: &apos;text&apos;, &apos;bbox&apos;: (379.10400000000016, 645.276, 381.87400000000014, 658.5659999999999), &apos;color_space&apos;: &apos;DeviceGray&apos;, &apos;ncolor&apos;: None, &apos;size&apos;: 13.289999999999964, &apos;value&apos;: &apos;.&apos;, &apos;children&apos;: [], &apos;features&apos;: {}}, {&apos;type&apos;: &apos;text&apos;, &apos;bbox&apos;: (381.87400000000014, 645.276, 384.6440000000001, 658.5659999999999), &apos;color_space&apos;: &apos;DeviceGray&apos;, &apos;ncolor&apos;: None, &apos;size&apos;: 13.289999999999964, &apos;value&apos;: &apos;.&apos;, &apos;children&apos;: [], &apos;features&apos;: {}}, {&apos;type&apos;: &apos;text&apos;, &apos;bbox&apos;: (384.6440000000001, 645.276, 387.4140000000001, 658.5659999999999), &apos;color_space&apos;: &apos;DeviceGray&apos;, &apos;ncolor&apos;: None, &apos;size&apos;: 13.289999999999964, &apos;value&apos;: &apos;.&apos;, &apos;children&apos;: [], &apos;features&apos;: {}}, {&apos;type&apos;: &apos;text&apos;, &apos;bbox&apos;: (387.41400000000016, 645.276, 390.18400000000014, 658.5659999999999), &apos;color_space&apos;: &apos;DeviceGray&apos;, &apos;ncolor&apos;: None, &apos;size&apos;: 13.289999999999964, &apos;value&apos;: &apos;.&apos;, &apos;children&apos;: [], &apos;features&apos;: {}}, {&apos;type&apos;: &apos;text&apos;, &apos;bbox&apos;: (390.1840000000002, 645.276, 392.9540000000002, 658.5659999999999), &apos;color_space&apos;: &apos;DeviceGray&apos;, &apos;ncolor&apos;: None, &apos;size&apos;: 13.289999999999964, &apos;value&apos;: &apos;.&apos;, &apos;children&apos;: [], &apos;features&apos;: {}}, {&apos;type&apos;: &apos;text&apos;, &apos;bbox&apos;: (392.9540000000002, 645.276, 395.72400000000016, 658.5659999999999), &apos;color_space&apos;: &apos;DeviceGray&apos;, &apos;ncolor&apos;: None, &apos;size&apos;: 13.289999999999964, &apos;value&apos;: &apos;.&apos;, &apos;children&apos;: [], &apos;features&apos;: {}}, {&apos;type&apos;: &apos;text&apos;, &apos;bbox&apos;: (395.72400000000016, 645.276, 398.49400000000014, 658.5659999999999), &apos;color_space&apos;: &apos;DeviceGray&apos;, &apos;ncolor&apos;: None, &apos;size&apos;: 13.289999999999964, &apos;value&apos;: &apos;.&apos;, &apos;children&apos;: [], &apos;features&apos;: {}}, {&apos;type&apos;: &apos;text&apos;, &apos;bbox&apos;: (398.4940000000002, 645.276, 401.2640000000002, 658.5659999999999), &apos;color_space&apos;: &apos;DeviceGray&apos;, &apos;ncolor&apos;: None, &apos;size&apos;: 13.289999999999964, &apos;value&apos;: &apos;.&apos;, &apos;children&apos;: [], &apos;features&apos;: {}}, {&apos;type&apos;: &apos;text&apos;, &apos;bbox&apos;: (401.26400000000024, 645.276, 404.0340000000002, 658.5659999999999), &apos;color_space&apos;: &apos;DeviceGray&apos;, &apos;ncolor&apos;: None, &apos;size&apos;: 13.289999999999964, &apos;value&apos;: &apos;.&apos;, &apos;children&apos;: [], &apos;features&apos;: {}}, {&apos;type&apos;: &apos;text&apos;, &apos;bbox&apos;: (404.0340000000002, 645.276, 406.8040000000002, 658.5659999999999), &apos;color_space&apos;: &apos;DeviceGray&apos;, &apos;ncolor&apos;: None, &apos;size&apos;: 13.289999999999964, &apos;value&apos;: &apos;.&apos;, &apos;children&apos;: [], &apos;features&apos;: {}}, {&apos;type&apos;: &apos;text&apos;, &apos;bbox&apos;: (406.8040000000002, 645.276, 409.5740000000002, 658.5659999999999), &apos;color_space&apos;: &apos;DeviceGray&apos;, &apos;ncolor&apos;: None, &apos;size&apos;: 13.289999999999964, &apos;value&apos;: &apos;.&apos;, &apos;children&apos;: [], &apos;features&apos;: {}}, {&apos;type&apos;: &apos;text&apos;, &apos;bbox&apos;: (409.57400000000024, 645.276, 412.3440000000002, 658.5659999999999), &apos;color_space&apos;: &apos;DeviceGray&apos;, &apos;ncolor&apos;: None, &apos;size&apos;: 13.289999999999964, &apos;value&apos;: &apos;.&apos;, &apos;children&apos;: [], &apos;features&apos;: {}}, {&apos;type&apos;: &apos;text&apos;, &apos;bbox&apos;: (412.3440000000003, 645.276, 415.11400000000026, 658.5659999999999), &apos;color_space&apos;: &apos;DeviceGray&apos;, &apos;ncolor&apos;: None, &apos;size&apos;: 13.289999999999964, &apos;value&apos;: &apos;.&apos;, &apos;children&apos;: [], &apos;features&apos;: {}}, {&apos;type&apos;: &apos;text&apos;, &apos;bbox&apos;: (415.11400000000026, 645.276, 417.88400000000024, 658.5659999999999), &apos;color_space&apos;: &apos;DeviceGray&apos;, &apos;ncolor&apos;: None, &apos;size&apos;: 13.289999999999964, &apos;value&apos;: &apos;.&apos;, &apos;children&apos;: [], &apos;features&apos;: {}}, {&apos;type&apos;: &apos;text&apos;, &apos;bbox&apos;: (417.88400000000024, 645.276, 420.6540000000002, 658.5659999999999), &apos;color_space&apos;: &apos;DeviceGray&apos;, &apos;ncolor&apos;: None, &apos;size&apos;: 13.289999999999964, &apos;value&apos;: &apos;.&apos;, &apos;children&apos;: [], &apos;features&apos;: {}}, {&apos;type&apos;: &apos;text&apos;, &apos;bbox&apos;: (420.6540000000003, 645.276, 423.42400000000026, 658.5659999999999), &apos;color_space&apos;: &apos;DeviceGray&apos;, &apos;ncolor&apos;: None, &apos;size&apos;: 13.289999999999964, &apos;value&apos;: &apos;.&apos;, &apos;children&apos;: [], &apos;features&apos;: {}}, {&apos;type&apos;: &apos;text&apos;, &apos;bbox&apos;: (423.4240000000003, 645.276, 426.1940000000003, 658.5659999999999), &apos;color_space&apos;: &apos;DeviceGray&apos;, &apos;ncolor&apos;: None, &apos;size&apos;: 13.289999999999964, &apos;value&apos;: &apos;.&apos;, &apos;children&apos;: [], &apos;features&apos;: {}}, {&apos;type&apos;: &apos;text&apos;, &apos;bbox&apos;: (426.1940000000003, 645.276, 428.9640000000003, 658.5659999999999), &apos;color_space&apos;: &apos;DeviceGray&apos;, &apos;ncolor&apos;: None, &apos;size&apos;: 13.289999999999964, &apos;value&apos;: &apos;.&apos;, &apos;children&apos;: [], &apos;features&apos;: {}}, {&apos;type&apos;: &apos;text&apos;, &apos;bbox&apos;: (428.9640000000003, 645.276, 431.73400000000026, 658.5659999999999), &apos;color_space&apos;: &apos;DeviceGray&apos;, &apos;ncolor&apos;: None, &apos;size&apos;: 13.289999999999964, &apos;value&apos;: &apos;.&apos;, &apos;children&apos;: [], &apos;features&apos;: {}}, {&apos;type&apos;: &apos;text&apos;, &apos;bbox&apos;: (431.7340000000003, 645.276, 434.5040000000003, 658.5659999999999), &apos;color_space&apos;: &apos;DeviceGray&apos;, &apos;ncolor&apos;: None, &apos;size&apos;: 13.289999999999964, &apos;value&apos;: &apos;.&apos;, &apos;children&apos;: [], &apos;features&apos;: {}}, {&apos;type&apos;: &apos;text&apos;, &apos;bbox&apos;: (434.50400000000036, 645.276, 437.27400000000034, 658.5659999999999), &apos;color_space&apos;: &apos;DeviceGray&apos;, &apos;ncolor&apos;: None, &apos;size&apos;: 13.289999999999964, &apos;value&apos;: &apos;.&apos;, &apos;children&apos;: [], &apos;features&apos;: {}}, {&apos;type&apos;: &apos;text&apos;, &apos;bbox&apos;: (437.27400000000034, 645.276, 440.0440000000003, 658.5659999999999), &apos;color_space&apos;: &apos;DeviceGray&apos;, &apos;ncolor&apos;: None, &apos;size&apos;: 13.289999999999964, &apos;value&apos;: &apos;.&apos;, &apos;children&apos;: [], &apos;features&apos;: {}}, {&apos;type&apos;: &apos;text&apos;, &apos;bbox&apos;: (440.0440000000003, 645.276, 442.8140000000003, 658.5659999999999), &apos;color_space&apos;: &apos;DeviceGray&apos;, &apos;ncolor&apos;: None, &apos;size&apos;: 13.289999999999964, &apos;value&apos;: &apos;.&apos;, &apos;children&apos;: [], &apos;features&apos;: {}}, {&apos;type&apos;: &apos;text&apos;, &apos;bbox&apos;: (442.81400000000036, 645.276, 445.58400000000034, 658.5659999999999), &apos;color_space&apos;: &apos;DeviceGray&apos;, &apos;ncolor&apos;: None, &apos;size&apos;: 13.289999999999964, &apos;value&apos;: &apos;.&apos;, &apos;children&apos;: [], &apos;features&apos;: {}}, {&apos;type&apos;: &apos;text&apos;, &apos;bbox&apos;: (445.5840000000004, 645.276, 448.3540000000004, 658.5659999999999), &apos;color_space&apos;: &apos;DeviceGray&apos;, &apos;ncolor&apos;: None, &apos;size&apos;: 13.289999999999964, &apos;value&apos;: &apos;.&apos;, &apos;children&apos;: [], &apos;features&apos;: {}}, {&apos;type&apos;: &apos;text&apos;, &apos;bbox&apos;: (448.3540000000004, 645.276, 451.12400000000036, 658.5659999999999), &apos;color_space&apos;: &apos;DeviceGray&apos;, &apos;ncolor&apos;: None, &apos;size&apos;: 13.289999999999964, &apos;value&apos;: &apos;.&apos;, &apos;children&apos;: [], &apos;features&apos;: {}}, {&apos;type&apos;: &apos;text&apos;, &apos;bbox&apos;: (451.12400000000036, 645.276, 453.89400000000035, 658.5659999999999), &apos;color_space&apos;: &apos;DeviceGray&apos;, &apos;ncolor&apos;: None, &apos;size&apos;: 13.289999999999964, &apos;value&apos;: &apos;.&apos;, &apos;children&apos;: [], &apos;features&apos;: {}}, {&apos;type&apos;: &apos;text&apos;, &apos;bbox&apos;: (453.8940000000004, 645.276, 456.6640000000004, 658.5659999999999), &apos;color_space&apos;: &apos;DeviceGray&apos;, &apos;ncolor&apos;: None, &apos;size&apos;: 13.289999999999964, &apos;value&apos;: &apos;.&apos;, &apos;children&apos;: [], &apos;features&apos;: {}}, {&apos;type&apos;: &apos;text&apos;, &apos;bbox&apos;: (456.66400000000044, 645.276, 459.4340000000004, 658.5659999999999), &apos;color_space&apos;: &apos;DeviceGray&apos;, &apos;ncolor&apos;: None, &apos;size&apos;: 13.289999999999964, &apos;value&apos;: &apos;.&apos;, &apos;children&apos;: [], &apos;features&apos;: {}}, {&apos;type&apos;: &apos;text&apos;, &apos;bbox&apos;: (459.4340000000004, 645.276, 462.2040000000004, 658.5659999999999), &apos;color_space&apos;: &apos;DeviceGray&apos;, &apos;ncolor&apos;: None, &apos;size&apos;: 13.289999999999964, &apos;value&apos;: &apos;.&apos;, &apos;children&apos;: [], &apos;features&apos;: {}}, {&apos;type&apos;: &apos;text&apos;, &apos;bbox&apos;: (462.2040000000004, 645.276, 464.9740000000004, 658.5659999999999), &apos;color_space&apos;: &apos;DeviceGray&apos;, &apos;ncolor&apos;: None, &apos;size&apos;: 13.289999999999964, &apos;value&apos;: &apos;.&apos;, &apos;children&apos;: [], &apos;features&apos;: {}}, {&apos;type&apos;: &apos;text&apos;, &apos;bbox&apos;: (464.9740000000004, 645.276, 467.74400000000037, 658.5659999999999), &apos;color_space&apos;: &apos;DeviceGray&apos;, &apos;ncolor&apos;: None, &apos;size&apos;: 13.289999999999964, &apos;value&apos;: &apos;.&apos;, &apos;children&apos;: [], &apos;features&apos;: {}}, {&apos;type&apos;: &apos;text&apos;, &apos;bbox&apos;: (467.74400000000037, 645.276, 470.51400000000035, 658.5659999999999), &apos;color_space&apos;: &apos;DeviceGray&apos;, &apos;ncolor&apos;: None, &apos;size&apos;: 13.289999999999964, &apos;value&apos;: &apos;.&apos;, &apos;children&apos;: [], &apos;features&apos;: {}}, {&apos;type&apos;: &apos;text&apos;, &apos;bbox&apos;: (470.51400000000035, 645.276, 473.28400000000033, 658.5659999999999), &apos;color_space&apos;: &apos;DeviceGray&apos;, &apos;ncolor&apos;: None, &apos;size&apos;: 13.289999999999964, &apos;value&apos;: &apos;.&apos;, &apos;children&apos;: [], &apos;features&apos;: {}}, {&apos;type&apos;: &apos;text&apos;, &apos;bbox&apos;: (473.28400000000033, 645.276, 476.0540000000003, 658.5659999999999), &apos;color_space&apos;: &apos;DeviceGray&apos;, &apos;ncolor&apos;: None, &apos;size&apos;: 13.289999999999964, &apos;value&apos;: &apos;.&apos;, &apos;children&apos;: [], &apos;features&apos;: {}}, {&apos;type&apos;: &apos;text&apos;, &apos;bbox&apos;: (478.425, 645.276, 483.985, 658.5659999999999), &apos;color_space&apos;: &apos;DeviceGray&apos;, &apos;ncolor&apos;: None, &apos;size&apos;: 13.289999999999964, &apos;value&apos;: &apos;2&apos;, &apos;children&apos;: [], &apos;features&apos;: {}}, {&apos;type&apos;: &apos;text&apos;, &apos;bbox&apos;: (483.985, 645.276, 487.315, 658.5659999999999), &apos;color_space&apos;: &apos;DeviceGray&apos;, &apos;ncolor&apos;: None, &apos;size&apos;: 13.289999999999964, &apos;value&apos;: &apos;-&apos;, &apos;children&apos;: [], &apos;features&apos;: {}}, {&apos;type&apos;: &apos;text&apos;, &apos;bbox&apos;: (487.316, 645.276, 492.876, 658.5659999999999), &apos;color_space&apos;: &apos;DeviceGray&apos;, &apos;ncolor&apos;: None, &apos;size&apos;: 13.289999999999964, &apos;value&apos;: &apos;4&apos;, &apos;children&apos;: [], &apos;features&apos;: {}}, {&apos;type&apos;: &apos;text&apos;, &apos;bbox&apos;: (492.876, 645.276, 498.436, 658.5659999999999), &apos;color_space&apos;: &apos;DeviceGray&apos;, &apos;ncolor&apos;: None, &apos;size&apos;: 13.289999999999964, &apos;value&apos;: &apos;2&apos;, &apos;children&apos;: [], &apos;features&apos;: {}}, {&apos;type&apos;: &apos;text&apos;, &apos;bbox&apos;: (498.436, 645.276, 503.996, 658.5659999999999), &apos;color_space&apos;: &apos;DeviceGray&apos;, &apos;ncolor&apos;: None, &apos;size&apos;: 13.289999999999964, &apos;value&apos;: &apos;3&apos;, &apos;children&apos;: [], &apos;features&apos;: {}}], &apos;features&apos;: {}}
*********************





--------------------------------- CONTENT AREA --------------------------------- 
This content area has an image
{&apos;type&apos;: &apos;figure&apos;, &apos;bbox&apos;: (0, 0, 612.0, 792.0), &apos;name&apos;: &apos;fx23&apos;, &apos;children&apos;: [{&apos;type&apos;: &apos;text&apos;, &apos;bbox&apos;: (78.0, 593.257, 86.33, 606.737), &apos;color_space&apos;: &apos;DeviceGray&apos;, &apos;ncolor&apos;: None, &apos;size&apos;: 13.480000000000018, &apos;value&apos;: &apos;O&apos;, &apos;children&apos;: [], &apos;features&apos;: {}}, {&apos;type&apos;: &apos;text&apos;, &apos;bbox&apos;: (86.33, 593.257, 91.88, 606.737), &apos;color_space&apos;: &apos;DeviceGray&apos;, &apos;ncolor&apos;: None, &apos;size&apos;: 13.480000000000018, &apos;value&apos;: &apos;v&apos;, &apos;children&apos;: [], &apos;features&apos;: {}}, {&apos;type&apos;: &apos;text&apos;, &apos;bbox&apos;: (91.88, 593.257, 96.88, 606.737), &apos;color_space&apos;: &apos;DeviceGray&apos;, &apos;ncolor&apos;: None, &apos;size&apos;: 13.480000000000018, &apos;value&apos;: &apos;e&apos;, &apos;children&apos;: [], &apos;features&apos;: {}}, {&apos;type&apos;: &apos;text&apos;, &apos;bbox&apos;: (96.88, 593.257, 100.77, 606.737), &apos;color_space&apos;: &apos;DeviceGray&apos;, &apos;ncolor&apos;: None, &apos;size&apos;: 13.480000000000018, &apos;value&apos;: &apos;r&apos;, &apos;children&apos;: [], &apos;features&apos;: {}}, {&apos;type&apos;: &apos;text&apos;, &apos;bbox&apos;: (100.77000000000001, 593.257, 106.32000000000001, 606.737), &apos;color_space&apos;: &apos;DeviceGray&apos;, &apos;ncolor&apos;: None, &apos;size&apos;: 13.480000000000018, &apos;value&apos;: &apos;v&apos;, &apos;children&apos;: [], &apos;features&apos;: {}}, {&apos;type&apos;: &apos;text&apos;, &apos;bbox&apos;: (106.32000000000001, 593.257, 109.65, 606.737), &apos;color_space&apos;: &apos;DeviceGray&apos;, &apos;ncolor&apos;: None, &apos;size&apos;: 13.480000000000018, &apos;value&apos;: &apos;i&apos;, &apos;children&apos;: [], &apos;features&apos;: {}}, {&apos;type&apos;: &apos;text&apos;, &apos;bbox&apos;: (109.65, 593.257, 114.65, 606.737), &apos;color_space&apos;: &apos;DeviceGray&apos;, &apos;ncolor&apos;: None, &apos;size&apos;: 13.480000000000018, &apos;value&apos;: &apos;e&apos;, &apos;children&apos;: [], &apos;features&apos;: {}}, {&apos;type&apos;: &apos;text&apos;, &apos;bbox&apos;: (114.65, 593.257, 122.98, 606.737), &apos;color_space&apos;: &apos;DeviceGray&apos;, &apos;ncolor&apos;: None, &apos;size&apos;: 13.480000000000018, &apos;value&apos;: &apos;w&apos;, &apos;children&apos;: [], &apos;features&apos;: {}}, {&apos;type&apos;: &apos;text&apos;, &apos;bbox&apos;: (125.495, 593.257, 131.055, 606.737), &apos;color_space&apos;: &apos;DeviceGray&apos;, &apos;ncolor&apos;: None, &apos;size&apos;: 13.480000000000018, &apos;value&apos;: &apos;o&apos;, &apos;children&apos;: [], &apos;features&apos;: {}}, {&apos;type&apos;: &apos;text&apos;, &apos;bbox&apos;: (131.055, 593.257, 134.945, 606.737), &apos;color_space&apos;: &apos;DeviceGray&apos;, &apos;ncolor&apos;: None, &apos;size&apos;: 13.480000000000018, &apos;value&apos;: &apos;f&apos;, &apos;children&apos;: [], &apos;features&apos;: {}}, {&apos;type&apos;: &apos;text&apos;, &apos;bbox&apos;: (137.448, 593.257, 140.77800000000002, 606.737), &apos;color_space&apos;: &apos;DeviceGray&apos;, &apos;ncolor&apos;: None, &apos;size&apos;: 13.480000000000018, &apos;value&apos;: &apos;t&apos;, &apos;children&apos;: [], &apos;features&apos;: {}}, {&apos;type&apos;: &apos;text&apos;, &apos;bbox&apos;: (140.77800000000002, 593.257, 146.87800000000001, 606.737), &apos;color_space&apos;: &apos;DeviceGray&apos;, &apos;ncolor&apos;: None, &apos;size&apos;: 13.480000000000018, &apos;value&apos;: &apos;h&apos;, &apos;children&apos;: [], &apos;features&apos;: {}}, {&apos;type&apos;: &apos;text&apos;, &apos;bbox&apos;: (146.87800000000001, 593.257, 151.87800000000001, 606.737), &apos;color_space&apos;: &apos;DeviceGray&apos;, &apos;ncolor&apos;: None, &apos;size&apos;: 13.480000000000018, &apos;value&apos;: &apos;e&apos;, &apos;children&apos;: [], &apos;features&apos;: {}}, {&apos;type&apos;: &apos;text&apos;, &apos;bbox&apos;: (154.386, 593.257, 158.27599999999998, 606.737), &apos;color_space&apos;: &apos;DeviceGray&apos;, &apos;ncolor&apos;: None, &apos;size&apos;: 13.480000000000018, &apos;value&apos;: &apos;I&apos;, &apos;children&apos;: [], &apos;features&apos;: {}}, {&apos;type&apos;: &apos;text&apos;, &apos;bbox&apos;: (158.27599999999998, 593.257, 164.37599999999998, 606.737), &apos;color_space&apos;: &apos;DeviceGray&apos;, &apos;ncolor&apos;: None, &apos;size&apos;: 13.480000000000018, &apos;value&apos;: &apos;n&apos;, &apos;children&apos;: [], &apos;features&apos;: {}}, {&apos;type&apos;: &apos;text&apos;, &apos;bbox&apos;: (164.376, 593.257, 168.806, 606.737), &apos;color_space&apos;: &apos;DeviceGray&apos;, &apos;ncolor&apos;: None, &apos;size&apos;: 13.480000000000018, &apos;value&apos;: &apos;s&apos;, &apos;children&apos;: [], &apos;features&apos;: {}}, {&apos;type&apos;: &apos;text&apos;, &apos;bbox&apos;: (168.80599999999998, 593.257, 172.136, 606.737), &apos;color_space&apos;: &apos;DeviceGray&apos;, &apos;ncolor&apos;: None, &apos;size&apos;: 13.480000000000018, &apos;value&apos;: &apos;t&apos;, &apos;children&apos;: [], &apos;features&apos;: {}}, {&apos;type&apos;: &apos;text&apos;, &apos;bbox&apos;: (172.136, 593.257, 176.02599999999998, 606.737), &apos;color_space&apos;: &apos;DeviceGray&apos;, &apos;ncolor&apos;: None, &apos;size&apos;: 13.480000000000018, &apos;value&apos;: &apos;r&apos;, &apos;children&apos;: [], &apos;features&apos;: {}}, {&apos;type&apos;: &apos;text&apos;, &apos;bbox&apos;: (176.026, 593.257, 182.126, 606.737), &apos;color_space&apos;: &apos;DeviceGray&apos;, &apos;ncolor&apos;: None, &apos;size&apos;: 13.480000000000018, &apos;value&apos;: &apos;u&apos;, &apos;children&apos;: [], &apos;features&apos;: {}}, {&apos;type&apos;: &apos;text&apos;, &apos;bbox&apos;: (182.126, 593.257, 191.01600000000002, 606.737), &apos;color_space&apos;: &apos;DeviceGray&apos;, &apos;ncolor&apos;: None, &apos;size&apos;: 13.480000000000018, &apos;value&apos;: &apos;m&apos;, &apos;children&apos;: [], &apos;features&apos;: {}}, {&apos;type&apos;: &apos;text&apos;, &apos;bbox&apos;: (191.016, 593.257, 196.016, 606.737), &apos;color_space&apos;: &apos;DeviceGray&apos;, &apos;ncolor&apos;: None, &apos;size&apos;: 13.480000000000018, &apos;value&apos;: &apos;e&apos;, &apos;children&apos;: [], &apos;features&apos;: {}}, {&apos;type&apos;: &apos;text&apos;, &apos;bbox&apos;: (196.016, 593.257, 202.11599999999999, 606.737), &apos;color_space&apos;: &apos;DeviceGray&apos;, &apos;ncolor&apos;: None, &apos;size&apos;: 13.480000000000018, &apos;value&apos;: &apos;n&apos;, &apos;children&apos;: [], &apos;features&apos;: {}}, {&apos;type&apos;: &apos;text&apos;, &apos;bbox&apos;: (202.11599999999999, 593.257, 205.446, 606.737), &apos;color_space&apos;: &apos;DeviceGray&apos;, &apos;ncolor&apos;: None, &apos;size&apos;: 13.480000000000018, &apos;value&apos;: &apos;t&apos;, &apos;children&apos;: [], &apos;features&apos;: {}}, {&apos;type&apos;: &apos;text&apos;, &apos;bbox&apos;: (207.984, 593.257, 214.084, 606.737), &apos;color_space&apos;: &apos;DeviceGray&apos;, &apos;ncolor&apos;: None, &apos;size&apos;: 13.480000000000018, &apos;value&apos;: &apos;S&apos;, &apos;children&apos;: [], &apos;features&apos;: {}}, {&apos;type&apos;: &apos;text&apos;, &apos;bbox&apos;: (214.084, 593.257, 219.084, 606.737), &apos;color_space&apos;: &apos;DeviceGray&apos;, &apos;ncolor&apos;: None, &apos;size&apos;: 13.480000000000018, &apos;value&apos;: &apos;e&apos;, &apos;children&apos;: [], &apos;features&apos;: {}}, {&apos;type&apos;: &apos;text&apos;, &apos;bbox&apos;: (219.084, 593.257, 222.974, 606.737), &apos;color_space&apos;: &apos;DeviceGray&apos;, &apos;ncolor&apos;: None, &apos;size&apos;: 13.480000000000018, &apos;value&apos;: &apos;r&apos;, &apos;children&apos;: [], &apos;features&apos;: {}}, {&apos;type&apos;: &apos;text&apos;, &apos;bbox&apos;: (222.97400000000002, 593.257, 228.52400000000003, 606.737), &apos;color_space&apos;: &apos;DeviceGray&apos;, &apos;ncolor&apos;: None, &apos;size&apos;: 13.480000000000018, &apos;value&apos;: &apos;v&apos;, &apos;children&apos;: [], &apos;features&apos;: {}}, {&apos;type&apos;: &apos;text&apos;, &apos;bbox&apos;: (228.524, 593.257, 231.854, 606.737), &apos;color_space&apos;: &apos;DeviceGray&apos;, &apos;ncolor&apos;: None, &apos;size&apos;: 13.480000000000018, &apos;value&apos;: &apos;i&apos;, &apos;children&apos;: [], &apos;features&apos;: {}}, {&apos;type&apos;: &apos;text&apos;, &apos;bbox&apos;: (231.854, 593.257, 236.28400000000002, 606.737), &apos;color_space&apos;: &apos;DeviceGray&apos;, &apos;ncolor&apos;: None, &apos;size&apos;: 13.480000000000018, &apos;value&apos;: &apos;c&apos;, &apos;children&apos;: [], &apos;features&apos;: {}}, {&apos;type&apos;: &apos;text&apos;, &apos;bbox&apos;: (236.284, 593.257, 241.284, 606.737), &apos;color_space&apos;: &apos;DeviceGray&apos;, &apos;ncolor&apos;: None, &apos;size&apos;: 13.480000000000018, &apos;value&apos;: &apos;e&apos;, &apos;children&apos;: [], &apos;features&apos;: {}}, {&apos;type&apos;: &apos;text&apos;, &apos;bbox&apos;: (241.284, 593.257, 245.714, 606.737), &apos;color_space&apos;: &apos;DeviceGray&apos;, &apos;ncolor&apos;: None, &apos;size&apos;: 13.480000000000018, &apos;value&apos;: &apos;s&apos;, &apos;children&apos;: [], &apos;features&apos;: {}}, {&apos;type&apos;: &apos;text&apos;, &apos;bbox&apos;: (248.247, 593.257, 256.557, 606.737), &apos;color_space&apos;: &apos;DeviceGray&apos;, &apos;ncolor&apos;: None, &apos;size&apos;: 13.480000000000018, &apos;value&apos;: &apos;D&apos;, &apos;children&apos;: [], &apos;features&apos;: {}}, {&apos;type&apos;: &apos;text&apos;, &apos;bbox&apos;: (256.557, 593.257, 261.557, 606.737), &apos;color_space&apos;: &apos;DeviceGray&apos;, &apos;ncolor&apos;: None, &apos;size&apos;: 13.480000000000018, &apos;value&apos;: &apos;a&apos;, &apos;children&apos;: [], &apos;features&apos;: {}}, {&apos;type&apos;: &apos;text&apos;, &apos;bbox&apos;: (261.557, 593.257, 264.887, 606.737), &apos;color_space&apos;: &apos;DeviceGray&apos;, &apos;ncolor&apos;: None, &apos;size&apos;: 13.480000000000018, &apos;value&apos;: &apos;t&apos;, &apos;children&apos;: [], &apos;features&apos;: {}}, {&apos;type&apos;: &apos;text&apos;, &apos;bbox&apos;: (264.887, 593.257, 269.887, 606.737), &apos;color_space&apos;: &apos;DeviceGray&apos;, &apos;ncolor&apos;: None, &apos;size&apos;: 13.480000000000018, &apos;value&apos;: &apos;a&apos;, &apos;children&apos;: [], &apos;features&apos;: {}}, {&apos;type&apos;: &apos;text&apos;, &apos;bbox&apos;: (269.887, 593.257, 275.987, 606.737), &apos;color_space&apos;: &apos;DeviceGray&apos;, &apos;ncolor&apos;: None, &apos;size&apos;: 13.480000000000018, &apos;value&apos;: &apos;b&apos;, &apos;children&apos;: [], &apos;features&apos;: {}}, {&apos;type&apos;: &apos;text&apos;, &apos;bbox&apos;: (275.987, 593.257, 280.987, 606.737), &apos;color_space&apos;: &apos;DeviceGray&apos;, &apos;ncolor&apos;: None, &apos;size&apos;: 13.480000000000018, &apos;value&apos;: &apos;a&apos;, &apos;children&apos;: [], &apos;features&apos;: {}}, {&apos;type&apos;: &apos;text&apos;, &apos;bbox&apos;: (280.987, 593.257, 285.41700000000003, 606.737), &apos;color_space&apos;: &apos;DeviceGray&apos;, &apos;ncolor&apos;: None, &apos;size&apos;: 13.480000000000018, &apos;value&apos;: &apos;s&apos;, &apos;children&apos;: [], &apos;features&apos;: {}}, {&apos;type&apos;: &apos;text&apos;, &apos;bbox&apos;: (285.41700000000003, 593.257, 290.41700000000003, 606.737), &apos;color_space&apos;: &apos;DeviceGray&apos;, &apos;ncolor&apos;: None, &apos;size&apos;: 13.480000000000018, &apos;value&apos;: &apos;e&apos;, &apos;children&apos;: [], &apos;features&apos;: {}}, {&apos;type&apos;: &apos;text&apos;, &apos;bbox&apos;: (292.934, 593.257, 299.59400000000005, 606.737), &apos;color_space&apos;: &apos;DeviceGray&apos;, &apos;ncolor&apos;: None, &apos;size&apos;: 13.480000000000018, &apos;value&apos;: &apos;T&apos;, &apos;children&apos;: [], &apos;features&apos;: {}}, {&apos;type&apos;: &apos;text&apos;, &apos;bbox&apos;: (299.59400000000005, 593.257, 304.59400000000005, 606.737), &apos;color_space&apos;: &apos;DeviceGray&apos;, &apos;ncolor&apos;: None, &apos;size&apos;: 13.480000000000018, &apos;value&apos;: &apos;a&apos;, &apos;children&apos;: [], &apos;features&apos;: {}}, {&apos;type&apos;: &apos;text&apos;, &apos;bbox&apos;: (304.59400000000005, 593.257, 310.6940000000001, 606.737), &apos;color_space&apos;: &apos;DeviceGray&apos;, &apos;ncolor&apos;: None, &apos;size&apos;: 13.480000000000018, &apos;value&apos;: &apos;b&apos;, &apos;children&apos;: [], &apos;features&apos;: {}}, {&apos;type&apos;: &apos;text&apos;, &apos;bbox&apos;: (310.694, 593.257, 314.024, 606.737), &apos;color_space&apos;: &apos;DeviceGray&apos;, &apos;ncolor&apos;: None, &apos;size&apos;: 13.480000000000018, &apos;value&apos;: &apos;l&apos;, &apos;children&apos;: [], &apos;features&apos;: {}}, {&apos;type&apos;: &apos;text&apos;, &apos;bbox&apos;: (314.024, 593.257, 319.024, 606.737), &apos;color_space&apos;: &apos;DeviceGray&apos;, &apos;ncolor&apos;: None, &apos;size&apos;: 13.480000000000018, &apos;value&apos;: &apos;e&apos;, &apos;children&apos;: [], &apos;features&apos;: {}}, {&apos;type&apos;: &apos;text&apos;, &apos;bbox&apos;: (319.024, 593.257, 323.454, 606.737), &apos;color_space&apos;: &apos;DeviceGray&apos;, &apos;ncolor&apos;: None, &apos;size&apos;: 13.480000000000018, &apos;value&apos;: &apos;s&apos;, &apos;children&apos;: [], &apos;features&apos;: {}}, {&apos;type&apos;: &apos;text&apos;, &apos;bbox&apos;: (323.48, 593.987, 326.25, 607.2769999999999), &apos;color_space&apos;: &apos;DeviceGray&apos;, &apos;ncolor&apos;: None, &apos;size&apos;: 13.289999999999964, &apos;value&apos;: &apos;.&apos;, &apos;children&apos;: [], &apos;features&apos;: {}}, {&apos;type&apos;: &apos;text&apos;, &apos;bbox&apos;: (326.25, 593.987, 329.02, 607.2769999999999), &apos;color_space&apos;: &apos;DeviceGray&apos;, &apos;ncolor&apos;: None, &apos;size&apos;: 13.289999999999964, &apos;value&apos;: &apos;.&apos;, &apos;children&apos;: [], &apos;features&apos;: {}}, {&apos;type&apos;: &apos;text&apos;, &apos;bbox&apos;: (329.02000000000004, 593.987, 331.79, 607.2769999999999), &apos;color_space&apos;: &apos;DeviceGray&apos;, &apos;ncolor&apos;: None, &apos;size&apos;: 13.289999999999964, &apos;value&apos;: &apos;.&apos;, &apos;children&apos;: [], &apos;features&apos;: {}}, {&apos;type&apos;: &apos;text&apos;, &apos;bbox&apos;: (331.79, 593.987, 334.56, 607.2769999999999), &apos;color_space&apos;: &apos;DeviceGray&apos;, &apos;ncolor&apos;: None, &apos;size&apos;: 13.289999999999964, &apos;value&apos;: &apos;.&apos;, &apos;children&apos;: [], &apos;features&apos;: {}}, {&apos;type&apos;: &apos;text&apos;, &apos;bbox&apos;: (334.56, 593.987, 337.33, 607.2769999999999), &apos;color_space&apos;: &apos;DeviceGray&apos;, &apos;ncolor&apos;: None, &apos;size&apos;: 13.289999999999964, &apos;value&apos;: &apos;.&apos;, &apos;children&apos;: [], &apos;features&apos;: {}}, {&apos;type&apos;: &apos;text&apos;, &apos;bbox&apos;: (337.33000000000004, 593.987, 340.1, 607.2769999999999), &apos;color_space&apos;: &apos;DeviceGray&apos;, &apos;ncolor&apos;: None, &apos;size&apos;: 13.289999999999964, &apos;value&apos;: &apos;.&apos;, &apos;children&apos;: [], &apos;features&apos;: {}}, {&apos;type&apos;: &apos;text&apos;, &apos;bbox&apos;: (340.1, 593.987, 342.87, 607.2769999999999), &apos;color_space&apos;: &apos;DeviceGray&apos;, &apos;ncolor&apos;: None, &apos;size&apos;: 13.289999999999964, &apos;value&apos;: &apos;.&apos;, &apos;children&apos;: [], &apos;features&apos;: {}}, {&apos;type&apos;: &apos;text&apos;, &apos;bbox&apos;: (342.87, 593.987, 345.64, 607.2769999999999), &apos;color_space&apos;: &apos;DeviceGray&apos;, &apos;ncolor&apos;: None, &apos;size&apos;: 13.289999999999964, &apos;value&apos;: &apos;.&apos;, &apos;children&apos;: [], &apos;features&apos;: {}}, {&apos;type&apos;: &apos;text&apos;, &apos;bbox&apos;: (345.64000000000004, 593.987, 348.41, 607.2769999999999), &apos;color_space&apos;: &apos;DeviceGray&apos;, &apos;ncolor&apos;: None, &apos;size&apos;: 13.289999999999964, &apos;value&apos;: &apos;.&apos;, &apos;children&apos;: [], &apos;features&apos;: {}}, {&apos;type&apos;: &apos;text&apos;, &apos;bbox&apos;: (348.41, 593.987, 351.18, 607.2769999999999), &apos;color_space&apos;: &apos;DeviceGray&apos;, &apos;ncolor&apos;: None, &apos;size&apos;: 13.289999999999964, &apos;value&apos;: &apos;.&apos;, &apos;children&apos;: [], &apos;features&apos;: {}}, {&apos;type&apos;: &apos;text&apos;, &apos;bbox&apos;: (351.18, 593.987, 353.95, 607.2769999999999), &apos;color_space&apos;: &apos;DeviceGray&apos;, &apos;ncolor&apos;: None, &apos;size&apos;: 13.289999999999964, &apos;value&apos;: &apos;.&apos;, &apos;children&apos;: [], &apos;features&apos;: {}}, {&apos;type&apos;: &apos;text&apos;, &apos;bbox&apos;: (353.95000000000005, 593.987, 356.72, 607.2769999999999), &apos;color_space&apos;: &apos;DeviceGray&apos;, &apos;ncolor&apos;: None, &apos;size&apos;: 13.289999999999964, &apos;value&apos;: &apos;.&apos;, &apos;children&apos;: [], &apos;features&apos;: {}}, {&apos;type&apos;: &apos;text&apos;, &apos;bbox&apos;: (356.72, 593.987, 359.49, 607.2769999999999), &apos;color_space&apos;: &apos;DeviceGray&apos;, &apos;ncolor&apos;: None, &apos;size&apos;: 13.289999999999964, &apos;value&apos;: &apos;.&apos;, &apos;children&apos;: [], &apos;features&apos;: {}}, {&apos;type&apos;: &apos;text&apos;, &apos;bbox&apos;: (359.49, 593.987, 362.26, 607.2769999999999), &apos;color_space&apos;: &apos;DeviceGray&apos;, &apos;ncolor&apos;: None, &apos;size&apos;: 13.289999999999964, &apos;value&apos;: &apos;.&apos;, &apos;children&apos;: [], &apos;features&apos;: {}}, {&apos;type&apos;: &apos;text&apos;, &apos;bbox&apos;: (362.26000000000005, 593.987, 365.03000000000003, 607.2769999999999), &apos;color_space&apos;: &apos;DeviceGray&apos;, &apos;ncolor&apos;: None, &apos;size&apos;: 13.289999999999964, &apos;value&apos;: &apos;.&apos;, &apos;children&apos;: [], &apos;features&apos;: {}}, {&apos;type&apos;: &apos;text&apos;, &apos;bbox&apos;: (365.03000000000003, 593.987, 367.8, 607.2769999999999), &apos;color_space&apos;: &apos;DeviceGray&apos;, &apos;ncolor&apos;: None, &apos;size&apos;: 13.289999999999964, &apos;value&apos;: &apos;.&apos;, &apos;children&apos;: [], &apos;features&apos;: {}}, {&apos;type&apos;: &apos;text&apos;, &apos;bbox&apos;: (367.8, 593.987, 370.57, 607.2769999999999), &apos;color_space&apos;: &apos;DeviceGray&apos;, &apos;ncolor&apos;: None, &apos;size&apos;: 13.289999999999964, &apos;value&apos;: &apos;.&apos;, &apos;children&apos;: [], &apos;features&apos;: {}}, {&apos;type&apos;: &apos;text&apos;, &apos;bbox&apos;: (370.57000000000005, 593.987, 373.34000000000003, 607.2769999999999), &apos;color_space&apos;: &apos;DeviceGray&apos;, &apos;ncolor&apos;: None, &apos;size&apos;: 13.289999999999964, &apos;value&apos;: &apos;.&apos;, &apos;children&apos;: [], &apos;features&apos;: {}}, {&apos;type&apos;: &apos;text&apos;, &apos;bbox&apos;: (373.34000000000003, 593.987, 376.11, 607.2769999999999), &apos;color_space&apos;: &apos;DeviceGray&apos;, &apos;ncolor&apos;: None, &apos;size&apos;: 13.289999999999964, &apos;value&apos;: &apos;.&apos;, &apos;children&apos;: [], &apos;features&apos;: {}}, {&apos;type&apos;: &apos;text&apos;, &apos;bbox&apos;: (376.11, 593.987, 378.88, 607.2769999999999), &apos;color_space&apos;: &apos;DeviceGray&apos;, &apos;ncolor&apos;: None, &apos;size&apos;: 13.289999999999964, &apos;value&apos;: &apos;.&apos;, &apos;children&apos;: [], &apos;features&apos;: {}}, {&apos;type&apos;: &apos;text&apos;, &apos;bbox&apos;: (378.88000000000005, 593.987, 381.65000000000003, 607.2769999999999), &apos;color_space&apos;: &apos;DeviceGray&apos;, &apos;ncolor&apos;: None, &apos;size&apos;: 13.289999999999964, &apos;value&apos;: &apos;.&apos;, &apos;children&apos;: [], &apos;features&apos;: {}}, {&apos;type&apos;: &apos;text&apos;, &apos;bbox&apos;: (381.65000000000003, 593.987, 384.42, 607.2769999999999), &apos;color_space&apos;: &apos;DeviceGray&apos;, &apos;ncolor&apos;: None, &apos;size&apos;: 13.289999999999964, &apos;value&apos;: &apos;.&apos;, &apos;children&apos;: [], &apos;features&apos;: {}}, {&apos;type&apos;: &apos;text&apos;, &apos;bbox&apos;: (384.4200000000001, 593.987, 387.19000000000005, 607.2769999999999), &apos;color_space&apos;: &apos;DeviceGray&apos;, &apos;ncolor&apos;: None, &apos;size&apos;: 13.289999999999964, &apos;value&apos;: &apos;.&apos;, &apos;children&apos;: [], &apos;features&apos;: {}}, {&apos;type&apos;: &apos;text&apos;, &apos;bbox&apos;: (387.19000000000005, 593.987, 389.96000000000004, 607.2769999999999), &apos;color_space&apos;: &apos;DeviceGray&apos;, &apos;ncolor&apos;: None, &apos;size&apos;: 13.289999999999964, &apos;value&apos;: &apos;.&apos;, &apos;children&apos;: [], &apos;features&apos;: {}}, {&apos;type&apos;: &apos;text&apos;, &apos;bbox&apos;: (389.96000000000004, 593.987, 392.73, 607.2769999999999), &apos;color_space&apos;: &apos;DeviceGray&apos;, &apos;ncolor&apos;: None, &apos;size&apos;: 13.289999999999964, &apos;value&apos;: &apos;.&apos;, &apos;children&apos;: [], &apos;features&apos;: {}}, {&apos;type&apos;: &apos;text&apos;, &apos;bbox&apos;: (392.73, 593.987, 395.5, 607.2769999999999), &apos;color_space&apos;: &apos;DeviceGray&apos;, &apos;ncolor&apos;: None, &apos;size&apos;: 13.289999999999964, &apos;value&apos;: &apos;.&apos;, &apos;children&apos;: [], &apos;features&apos;: {}}, {&apos;type&apos;: &apos;text&apos;, &apos;bbox&apos;: (395.50000000000006, 593.987, 398.27000000000004, 607.2769999999999), &apos;color_space&apos;: &apos;DeviceGray&apos;, &apos;ncolor&apos;: None, &apos;size&apos;: 13.289999999999964, &apos;value&apos;: &apos;.&apos;, &apos;children&apos;: [], &apos;features&apos;: {}}, {&apos;type&apos;: &apos;text&apos;, &apos;bbox&apos;: (398.27000000000004, 593.987, 401.04, 607.2769999999999), &apos;color_space&apos;: &apos;DeviceGray&apos;, &apos;ncolor&apos;: None, &apos;size&apos;: 13.289999999999964, &apos;value&apos;: &apos;.&apos;, &apos;children&apos;: [], &apos;features&apos;: {}}, {&apos;type&apos;: &apos;text&apos;, &apos;bbox&apos;: (401.04, 593.987, 403.81, 607.2769999999999), &apos;color_space&apos;: &apos;DeviceGray&apos;, &apos;ncolor&apos;: None, &apos;size&apos;: 13.289999999999964, &apos;value&apos;: &apos;.&apos;, &apos;children&apos;: [], &apos;features&apos;: {}}, {&apos;type&apos;: &apos;text&apos;, &apos;bbox&apos;: (403.81000000000006, 593.987, 406.58000000000004, 607.2769999999999), &apos;color_space&apos;: &apos;DeviceGray&apos;, &apos;ncolor&apos;: None, &apos;size&apos;: 13.289999999999964, &apos;value&apos;: &apos;.&apos;, &apos;children&apos;: [], &apos;features&apos;: {}}, {&apos;type&apos;: &apos;text&apos;, &apos;bbox&apos;: (406.58000000000004, 593.987, 409.35, 607.2769999999999), &apos;color_space&apos;: &apos;DeviceGray&apos;, &apos;ncolor&apos;: None, &apos;size&apos;: 13.289999999999964, &apos;value&apos;: &apos;.&apos;, &apos;children&apos;: [], &apos;features&apos;: {}}, {&apos;type&apos;: &apos;text&apos;, &apos;bbox&apos;: (409.35, 593.987, 412.12, 607.2769999999999), &apos;color_space&apos;: &apos;DeviceGray&apos;, &apos;ncolor&apos;: None, &apos;size&apos;: 13.289999999999964, &apos;value&apos;: &apos;.&apos;, &apos;children&apos;: [], &apos;features&apos;: {}}, {&apos;type&apos;: &apos;text&apos;, &apos;bbox&apos;: (412.12, 593.987, 414.89, 607.2769999999999), &apos;color_space&apos;: &apos;DeviceGray&apos;, &apos;ncolor&apos;: None, &apos;size&apos;: 13.289999999999964, &apos;value&apos;: &apos;.&apos;, &apos;children&apos;: [], &apos;features&apos;: {}}, {&apos;type&apos;: &apos;text&apos;, &apos;bbox&apos;: (414.89, 593.987, 417.65999999999997, 607.2769999999999), &apos;color_space&apos;: &apos;DeviceGray&apos;, &apos;ncolor&apos;: None, &apos;size&apos;: 13.289999999999964, &apos;value&apos;: &apos;.&apos;, &apos;children&apos;: [], &apos;features&apos;: {}}, {&apos;type&apos;: &apos;text&apos;, &apos;bbox&apos;: (417.66, 593.987, 420.43, 607.2769999999999), &apos;color_space&apos;: &apos;DeviceGray&apos;, &apos;ncolor&apos;: None, &apos;size&apos;: 13.289999999999964, &apos;value&apos;: &apos;.&apos;, &apos;children&apos;: [], &apos;features&apos;: {}}, {&apos;type&apos;: &apos;text&apos;, &apos;bbox&apos;: (420.43, 593.987, 423.2, 607.2769999999999), &apos;color_space&apos;: &apos;DeviceGray&apos;, &apos;ncolor&apos;: None, &apos;size&apos;: 13.289999999999964, &apos;value&apos;: &apos;.&apos;, &apos;children&apos;: [], &apos;features&apos;: {}}, {&apos;type&apos;: &apos;text&apos;, &apos;bbox&apos;: (423.2, 593.987, 425.96999999999997, 607.2769999999999), &apos;color_space&apos;: &apos;DeviceGray&apos;, &apos;ncolor&apos;: None, &apos;size&apos;: 13.289999999999964, &apos;value&apos;: &apos;.&apos;, &apos;children&apos;: [], &apos;features&apos;: {}}, {&apos;type&apos;: &apos;text&apos;, &apos;bbox&apos;: (425.97, 593.987, 428.74, 607.2769999999999), &apos;color_space&apos;: &apos;DeviceGray&apos;, &apos;ncolor&apos;: None, &apos;size&apos;: 13.289999999999964, &apos;value&apos;: &apos;.&apos;, &apos;children&apos;: [], &apos;features&apos;: {}}, {&apos;type&apos;: &apos;text&apos;, &apos;bbox&apos;: (428.74, 593.987, 431.51, 607.2769999999999), &apos;color_space&apos;: &apos;DeviceGray&apos;, &apos;ncolor&apos;: None, &apos;size&apos;: 13.289999999999964, &apos;value&apos;: &apos;.&apos;, &apos;children&apos;: [], &apos;features&apos;: {}}, {&apos;type&apos;: &apos;text&apos;, &apos;bbox&apos;: (431.51, 593.987, 434.28, 607.2769999999999), &apos;color_space&apos;: &apos;DeviceGray&apos;, &apos;ncolor&apos;: None, &apos;size&apos;: 13.289999999999964, &apos;value&apos;: &apos;.&apos;, &apos;children&apos;: [], &apos;features&apos;: {}}, {&apos;type&apos;: &apos;text&apos;, &apos;bbox&apos;: (434.28, 593.987, 437.04999999999995, 607.2769999999999), &apos;color_space&apos;: &apos;DeviceGray&apos;, &apos;ncolor&apos;: None, &apos;size&apos;: 13.289999999999964, &apos;value&apos;: &apos;.&apos;, &apos;children&apos;: [], &apos;features&apos;: {}}, {&apos;type&apos;: &apos;text&apos;, &apos;bbox&apos;: (437.04999999999995, 593.987, 439.81999999999994, 607.2769999999999), &apos;color_space&apos;: &apos;DeviceGray&apos;, &apos;ncolor&apos;: None, &apos;size&apos;: 13.289999999999964, &apos;value&apos;: &apos;.&apos;, &apos;children&apos;: [], &apos;features&apos;: {}}, {&apos;type&apos;: &apos;text&apos;, &apos;bbox&apos;: (439.82, 593.987, 442.59, 607.2769999999999), &apos;color_space&apos;: &apos;DeviceGray&apos;, &apos;ncolor&apos;: None, &apos;size&apos;: 13.289999999999964, &apos;value&apos;: &apos;.&apos;, &apos;children&apos;: [], &apos;features&apos;: {}}, {&apos;type&apos;: &apos;text&apos;, &apos;bbox&apos;: (442.59, 593.987, 445.35999999999996, 607.2769999999999), &apos;color_space&apos;: &apos;DeviceGray&apos;, &apos;ncolor&apos;: None, &apos;size&apos;: 13.289999999999964, &apos;value&apos;: &apos;.&apos;, &apos;children&apos;: [], &apos;features&apos;: {}}, {&apos;type&apos;: &apos;text&apos;, &apos;bbox&apos;: (445.35999999999996, 593.987, 448.12999999999994, 607.2769999999999), &apos;color_space&apos;: &apos;DeviceGray&apos;, &apos;ncolor&apos;: None, &apos;size&apos;: 13.289999999999964, &apos;value&apos;: &apos;.&apos;, &apos;children&apos;: [], &apos;features&apos;: {}}, {&apos;type&apos;: &apos;text&apos;, &apos;bbox&apos;: (448.13, 593.987, 450.9, 607.2769999999999), &apos;color_space&apos;: &apos;DeviceGray&apos;, &apos;ncolor&apos;: None, &apos;size&apos;: 13.289999999999964, &apos;value&apos;: &apos;.&apos;, &apos;children&apos;: [], &apos;features&apos;: {}}, {&apos;type&apos;: &apos;text&apos;, &apos;bbox&apos;: (450.9, 593.987, 453.66999999999996, 607.2769999999999), &apos;color_space&apos;: &apos;DeviceGray&apos;, &apos;ncolor&apos;: None, &apos;size&apos;: 13.289999999999964, &apos;value&apos;: &apos;.&apos;, &apos;children&apos;: [], &apos;features&apos;: {}}, {&apos;type&apos;: &apos;text&apos;, &apos;bbox&apos;: (453.66999999999996, 593.987, 456.43999999999994, 607.2769999999999), &apos;color_space&apos;: &apos;DeviceGray&apos;, &apos;ncolor&apos;: None, &apos;size&apos;: 13.289999999999964, &apos;value&apos;: &apos;.&apos;, &apos;children&apos;: [], &apos;features&apos;: {}}, {&apos;type&apos;: &apos;text&apos;, &apos;bbox&apos;: (456.43999999999994, 593.987, 459.2099999999999, 607.2769999999999), &apos;color_space&apos;: &apos;DeviceGray&apos;, &apos;ncolor&apos;: None, &apos;size&apos;: 13.289999999999964, &apos;value&apos;: &apos;.&apos;, &apos;children&apos;: [], &apos;features&apos;: {}}, {&apos;type&apos;: &apos;text&apos;, &apos;bbox&apos;: (459.21, 593.987, 461.97999999999996, 607.2769999999999), &apos;color_space&apos;: &apos;DeviceGray&apos;, &apos;ncolor&apos;: None, &apos;size&apos;: 13.289999999999964, &apos;value&apos;: &apos;.&apos;, &apos;children&apos;: [], &apos;features&apos;: {}}, {&apos;type&apos;: &apos;text&apos;, &apos;bbox&apos;: (461.98, 593.987, 464.75, 607.2769999999999), &apos;color_space&apos;: &apos;DeviceGray&apos;, &apos;ncolor&apos;: None, &apos;size&apos;: 13.289999999999964, &apos;value&apos;: &apos;.&apos;, &apos;children&apos;: [], &apos;features&apos;: {}}, {&apos;type&apos;: &apos;text&apos;, &apos;bbox&apos;: (464.75, 593.987, 467.52, 607.2769999999999), &apos;color_space&apos;: &apos;DeviceGray&apos;, &apos;ncolor&apos;: None, &apos;size&apos;: 13.289999999999964, &apos;value&apos;: &apos;.&apos;, &apos;children&apos;: [], &apos;features&apos;: {}}, {&apos;type&apos;: &apos;text&apos;, &apos;bbox&apos;: (467.52, 593.987, 470.28999999999996, 607.2769999999999), &apos;color_space&apos;: &apos;DeviceGray&apos;, &apos;ncolor&apos;: None, &apos;size&apos;: 13.289999999999964, &apos;value&apos;: &apos;.&apos;, &apos;children&apos;: [], &apos;features&apos;: {}}, {&apos;type&apos;: &apos;text&apos;, &apos;bbox&apos;: (470.29, 593.987, 473.06, 607.2769999999999), &apos;color_space&apos;: &apos;DeviceGray&apos;, &apos;ncolor&apos;: None, &apos;size&apos;: 13.289999999999964, &apos;value&apos;: &apos;.&apos;, &apos;children&apos;: [], &apos;features&apos;: {}}, {&apos;type&apos;: &apos;text&apos;, &apos;bbox&apos;: (473.06000000000006, 593.987, 475.83000000000004, 607.2769999999999), &apos;color_space&apos;: &apos;DeviceGray&apos;, &apos;ncolor&apos;: None, &apos;size&apos;: 13.289999999999964, &apos;value&apos;: &apos;.&apos;, &apos;children&apos;: [], &apos;features&apos;: {}}, {&apos;type&apos;: &apos;text&apos;, &apos;bbox&apos;: (475.83000000000004, 593.987, 478.6, 607.2769999999999), &apos;color_space&apos;: &apos;DeviceGray&apos;, &apos;ncolor&apos;: None, &apos;size&apos;: 13.289999999999964, &apos;value&apos;: &apos;.&apos;, &apos;children&apos;: [], &apos;features&apos;: {}}, {&apos;type&apos;: &apos;text&apos;, &apos;bbox&apos;: (478.6, 593.987, 481.37, 607.2769999999999), &apos;color_space&apos;: &apos;DeviceGray&apos;, &apos;ncolor&apos;: None, &apos;size&apos;: 13.289999999999964, &apos;value&apos;: &apos;.&apos;, &apos;children&apos;: [], &apos;features&apos;: {}}, {&apos;type&apos;: &apos;text&apos;, &apos;bbox&apos;: (481.37000000000006, 593.987, 484.14000000000004, 607.2769999999999), &apos;color_space&apos;: &apos;DeviceGray&apos;, &apos;ncolor&apos;: None, &apos;size&apos;: 13.289999999999964, &apos;value&apos;: &apos;.&apos;, &apos;children&apos;: [], &apos;features&apos;: {}}, {&apos;type&apos;: &apos;text&apos;, &apos;bbox&apos;: (484.1400000000001, 593.987, 486.9100000000001, 607.2769999999999), &apos;color_space&apos;: &apos;DeviceGray&apos;, &apos;ncolor&apos;: None, &apos;size&apos;: 13.289999999999964, &apos;value&apos;: &apos;.&apos;, &apos;children&apos;: [], &apos;features&apos;: {}}, {&apos;type&apos;: &apos;text&apos;, &apos;bbox&apos;: (489.548, 593.987, 495.108, 607.2769999999999), &apos;color_space&apos;: &apos;DeviceGray&apos;, &apos;ncolor&apos;: None, &apos;size&apos;: 13.289999999999964, &apos;value&apos;: &apos;3&apos;, &apos;children&apos;: [], &apos;features&apos;: {}}, {&apos;type&apos;: &apos;text&apos;, &apos;bbox&apos;: (495.108, 593.987, 498.438, 607.2769999999999), &apos;color_space&apos;: &apos;DeviceGray&apos;, &apos;ncolor&apos;: None, &apos;size&apos;: 13.289999999999964, &apos;value&apos;: &apos;-&apos;, &apos;children&apos;: [], &apos;features&apos;: {}}, {&apos;type&apos;: &apos;text&apos;, &apos;bbox&apos;: (498.439, 593.987, 503.999, 607.2769999999999), &apos;color_space&apos;: &apos;DeviceGray&apos;, &apos;ncolor&apos;: None, &apos;size&apos;: 13.289999999999964, &apos;value&apos;: &apos;1&apos;, &apos;children&apos;: [], &apos;features&apos;: {}}], &apos;features&apos;: {}}
*********************





--------------------------------- CONTENT AREA --------------------------------- 
This content area has an image
{&apos;type&apos;: &apos;figure&apos;, &apos;bbox&apos;: (0, 0, 612.0, 792.0), &apos;name&apos;: &apos;fx24&apos;, &apos;children&apos;: [{&apos;type&apos;: &apos;text&apos;, &apos;bbox&apos;: (78.0, 577.766, 83.57, 591.246), &apos;color_space&apos;: &apos;DeviceGray&apos;, &apos;ncolor&apos;: None, &apos;size&apos;: 13.480000000000018, &apos;value&apos;: &apos;F&apos;, &apos;children&apos;: [], &apos;features&apos;: {}}, {&apos;type&apos;: &apos;text&apos;, &apos;bbox&apos;: (83.57, 577.766, 89.66999999999999, 591.246), &apos;color_space&apos;: &apos;DeviceGray&apos;, &apos;ncolor&apos;: None, &apos;size&apos;: 13.480000000000018, &apos;value&apos;: &apos;S&apos;, &apos;children&apos;: [], &apos;features&apos;: {}}, {&apos;type&apos;: &apos;text&apos;, &apos;bbox&apos;: (89.67, 577.766, 93.56, 591.246), &apos;color_space&apos;: &apos;DeviceGray&apos;, &apos;ncolor&apos;: None, &apos;size&apos;: 13.480000000000018, &apos;value&apos;: &apos;I&apos;, &apos;children&apos;: [], &apos;features&apos;: {}}, {&apos;type&apos;: &apos;text&apos;, &apos;bbox&apos;: (93.56, 577.766, 98.56, 591.246), &apos;color_space&apos;: &apos;DeviceGray&apos;, &apos;ncolor&apos;: None, &apos;size&apos;: 13.480000000000018, &apos;value&apos;: &apos;_&apos;, &apos;children&apos;: [], &apos;features&apos;: {}}, {&apos;type&apos;: &apos;text&apos;, &apos;bbox&apos;: (98.56, 577.766, 106.87, 591.246), &apos;color_space&apos;: &apos;DeviceGray&apos;, &apos;ncolor&apos;: None, &apos;size&apos;: 13.480000000000018, &apos;value&apos;: &apos;D&apos;, &apos;children&apos;: [], &apos;features&apos;: {}}, {&apos;type&apos;: &apos;text&apos;, &apos;bbox&apos;: (106.87, 577.766, 111.87, 591.246), &apos;color_space&apos;: &apos;DeviceGray&apos;, &apos;ncolor&apos;: None, &apos;size&apos;: 13.480000000000018, &apos;value&apos;: &apos;_&apos;, &apos;children&apos;: [], &apos;features&apos;: {}}, {&apos;type&apos;: &apos;text&apos;, &apos;bbox&apos;: (111.87, 577.766, 120.2, 591.246), &apos;color_space&apos;: &apos;DeviceGray&apos;, &apos;ncolor&apos;: None, &apos;size&apos;: 13.480000000000018, &apos;value&apos;: &apos;O&apos;, &apos;children&apos;: [], &apos;features&apos;: {}}, {&apos;type&apos;: &apos;text&apos;, &apos;bbox&apos;: (120.2, 577.766, 126.86, 591.246), &apos;color_space&apos;: &apos;DeviceGray&apos;, &apos;ncolor&apos;: None, &apos;size&apos;: 13.480000000000018, &apos;value&apos;: &apos;T&apos;, &apos;children&apos;: [], &apos;features&apos;: {}}, {&apos;type&apos;: &apos;text&apos;, &apos;bbox&apos;: (126.86, 577.766, 135.19, 591.246), &apos;color_space&apos;: &apos;DeviceGray&apos;, &apos;ncolor&apos;: None, &apos;size&apos;: 13.480000000000018, &apos;value&apos;: &apos;H&apos;, &apos;children&apos;: [], &apos;features&apos;: {}}, {&apos;type&apos;: &apos;text&apos;, &apos;bbox&apos;: (135.19, 577.766, 141.24, 591.246), &apos;color_space&apos;: &apos;DeviceGray&apos;, &apos;ncolor&apos;: None, &apos;size&apos;: 13.480000000000018, &apos;value&apos;: &apos;E&apos;, &apos;children&apos;: [], &apos;features&apos;: {}}, {&apos;type&apos;: &apos;text&apos;, &apos;bbox&apos;: (141.24, 577.766, 148.37, 591.246), &apos;color_space&apos;: &apos;DeviceGray&apos;, &apos;ncolor&apos;: None, &apos;size&apos;: 13.480000000000018, &apos;value&apos;: &apos;R&apos;, &apos;children&apos;: [], &apos;features&apos;: {}}, {&apos;type&apos;: &apos;text&apos;, &apos;bbox&apos;: (148.37, 577.766, 153.37, 591.246), &apos;color_space&apos;: &apos;DeviceGray&apos;, &apos;ncolor&apos;: None, &apos;size&apos;: 13.480000000000018, &apos;value&apos;: &apos;_&apos;, &apos;children&apos;: [], &apos;features&apos;: {}}, {&apos;type&apos;: &apos;text&apos;, &apos;bbox&apos;: (153.37, 577.766, 159.47, 591.246), &apos;color_space&apos;: &apos;DeviceGray&apos;, &apos;ncolor&apos;: None, &apos;size&apos;: 13.480000000000018, &apos;value&apos;: &apos;S&apos;, &apos;children&apos;: [], &apos;features&apos;: {}}, {&apos;type&apos;: &apos;text&apos;, &apos;bbox&apos;: (159.46999999999997, 577.766, 165.51999999999998, 591.246), &apos;color_space&apos;: &apos;DeviceGray&apos;, &apos;ncolor&apos;: None, &apos;size&apos;: 13.480000000000018, &apos;value&apos;: &apos;E&apos;, &apos;children&apos;: [], &apos;features&apos;: {}}, {&apos;type&apos;: &apos;text&apos;, &apos;bbox&apos;: (165.51999999999998, 577.766, 172.64999999999998, 591.246), &apos;color_space&apos;: &apos;DeviceGray&apos;, &apos;ncolor&apos;: None, &apos;size&apos;: 13.480000000000018, &apos;value&apos;: &apos;R&apos;, &apos;children&apos;: [], &apos;features&apos;: {}}, {&apos;type&apos;: &apos;text&apos;, &apos;bbox&apos;: (172.64999999999998, 577.766, 180.42, 591.246), &apos;color_space&apos;: &apos;DeviceGray&apos;, &apos;ncolor&apos;: None, &apos;size&apos;: 13.480000000000018, &apos;value&apos;: &apos;V&apos;, &apos;children&apos;: [], &apos;features&apos;: {}}, {&apos;type&apos;: &apos;text&apos;, &apos;bbox&apos;: (180.41999999999996, 577.766, 184.30999999999995, 591.246), &apos;color_space&apos;: &apos;DeviceGray&apos;, &apos;ncolor&apos;: None, &apos;size&apos;: 13.480000000000018, &apos;value&apos;: &apos;I&apos;, &apos;children&apos;: [], &apos;features&apos;: {}}, {&apos;type&apos;: &apos;text&apos;, &apos;bbox&apos;: (184.30999999999997, 577.766, 191.52999999999997, 591.246), &apos;color_space&apos;: &apos;DeviceGray&apos;, &apos;ncolor&apos;: None, &apos;size&apos;: 13.480000000000018, &apos;value&apos;: &apos;C&apos;, &apos;children&apos;: [], &apos;features&apos;: {}}, {&apos;type&apos;: &apos;text&apos;, &apos;bbox&apos;: (191.52999999999997, 577.766, 197.57999999999998, 591.246), &apos;color_space&apos;: &apos;DeviceGray&apos;, &apos;ncolor&apos;: None, &apos;size&apos;: 13.480000000000018, &apos;value&apos;: &apos;E&apos;, &apos;children&apos;: [], &apos;features&apos;: {}}, {&apos;type&apos;: &apos;text&apos;, &apos;bbox&apos;: (197.57999999999998, 577.766, 203.67999999999998, 591.246), &apos;color_space&apos;: &apos;DeviceGray&apos;, &apos;ncolor&apos;: None, &apos;size&apos;: 13.480000000000018, &apos;value&apos;: &apos;S&apos;, &apos;children&apos;: [], &apos;features&apos;: {}}, {&apos;type&apos;: &apos;text&apos;, &apos;bbox&apos;: (203.781, 578.496, 206.55100000000002, 591.786), &apos;color_space&apos;: &apos;DeviceGray&apos;, &apos;ncolor&apos;: None, &apos;size&apos;: 13.289999999999964, &apos;value&apos;: &apos;.&apos;, &apos;children&apos;: [], &apos;features&apos;: {}}, {&apos;type&apos;: &apos;text&apos;, &apos;bbox&apos;: (206.55100000000002, 578.496, 209.32100000000003, 591.786), &apos;color_space&apos;: &apos;DeviceGray&apos;, &apos;ncolor&apos;: None, &apos;size&apos;: 13.289999999999964, &apos;value&apos;: &apos;.&apos;, &apos;children&apos;: [], &apos;features&apos;: {}}, {&apos;type&apos;: &apos;text&apos;, &apos;bbox&apos;: (209.321, 578.496, 212.091, 591.786), &apos;color_space&apos;: &apos;DeviceGray&apos;, &apos;ncolor&apos;: None, &apos;size&apos;: 13.289999999999964, &apos;value&apos;: &apos;.&apos;, &apos;children&apos;: [], &apos;features&apos;: {}}, {&apos;type&apos;: &apos;text&apos;, &apos;bbox&apos;: (212.091, 578.496, 214.86100000000002, 591.786), &apos;color_space&apos;: &apos;DeviceGray&apos;, &apos;ncolor&apos;: None, &apos;size&apos;: 13.289999999999964, &apos;value&apos;: &apos;.&apos;, &apos;children&apos;: [], &apos;features&apos;: {}}, {&apos;type&apos;: &apos;text&apos;, &apos;bbox&apos;: (214.86100000000002, 578.496, 217.63100000000003, 591.786), &apos;color_space&apos;: &apos;DeviceGray&apos;, &apos;ncolor&apos;: None, &apos;size&apos;: 13.289999999999964, &apos;value&apos;: &apos;.&apos;, &apos;children&apos;: [], &apos;features&apos;: {}}, {&apos;type&apos;: &apos;text&apos;, &apos;bbox&apos;: (217.631, 578.496, 220.401, 591.786), &apos;color_space&apos;: &apos;DeviceGray&apos;, &apos;ncolor&apos;: None, &apos;size&apos;: 13.289999999999964, &apos;value&apos;: &apos;.&apos;, &apos;children&apos;: [], &apos;features&apos;: {}}, {&apos;type&apos;: &apos;text&apos;, &apos;bbox&apos;: (220.401, 578.496, 223.17100000000002, 591.786), &apos;color_space&apos;: &apos;DeviceGray&apos;, &apos;ncolor&apos;: None, &apos;size&apos;: 13.289999999999964, &apos;value&apos;: &apos;.&apos;, &apos;children&apos;: [], &apos;features&apos;: {}}, {&apos;type&apos;: &apos;text&apos;, &apos;bbox&apos;: (223.171, 578.496, 225.941, 591.786), &apos;color_space&apos;: &apos;DeviceGray&apos;, &apos;ncolor&apos;: None, &apos;size&apos;: 13.289999999999964, &apos;value&apos;: &apos;.&apos;, &apos;children&apos;: [], &apos;features&apos;: {}}, {&apos;type&apos;: &apos;text&apos;, &apos;bbox&apos;: (225.941, 578.496, 228.711, 591.786), &apos;color_space&apos;: &apos;DeviceGray&apos;, &apos;ncolor&apos;: None, &apos;size&apos;: 13.289999999999964, &apos;value&apos;: &apos;.&apos;, &apos;children&apos;: [], &apos;features&apos;: {}}, {&apos;type&apos;: &apos;text&apos;, &apos;bbox&apos;: (228.711, 578.496, 231.48100000000002, 591.786), &apos;color_space&apos;: &apos;DeviceGray&apos;, &apos;ncolor&apos;: None, &apos;size&apos;: 13.289999999999964, &apos;value&apos;: &apos;.&apos;, &apos;children&apos;: [], &apos;features&apos;: {}}, {&apos;type&apos;: &apos;text&apos;, &apos;bbox&apos;: (231.481, 578.496, 234.251, 591.786), &apos;color_space&apos;: &apos;DeviceGray&apos;, &apos;ncolor&apos;: None, &apos;size&apos;: 13.289999999999964, &apos;value&apos;: &apos;.&apos;, &apos;children&apos;: [], &apos;features&apos;: {}}, {&apos;type&apos;: &apos;text&apos;, &apos;bbox&apos;: (234.251, 578.496, 237.02100000000002, 591.786), &apos;color_space&apos;: &apos;DeviceGray&apos;, &apos;ncolor&apos;: None, &apos;size&apos;: 13.289999999999964, &apos;value&apos;: &apos;.&apos;, &apos;children&apos;: [], &apos;features&apos;: {}}, {&apos;type&apos;: &apos;text&apos;, &apos;bbox&apos;: (237.02100000000002, 578.496, 239.79100000000003, 591.786), &apos;color_space&apos;: &apos;DeviceGray&apos;, &apos;ncolor&apos;: None, &apos;size&apos;: 13.289999999999964, &apos;value&apos;: &apos;.&apos;, &apos;children&apos;: [], &apos;features&apos;: {}}, {&apos;type&apos;: &apos;text&apos;, &apos;bbox&apos;: (239.791, 578.496, 242.561, 591.786), &apos;color_space&apos;: &apos;DeviceGray&apos;, &apos;ncolor&apos;: None, &apos;size&apos;: 13.289999999999964, &apos;value&apos;: &apos;.&apos;, &apos;children&apos;: [], &apos;features&apos;: {}}, {&apos;type&apos;: &apos;text&apos;, &apos;bbox&apos;: (242.561, 578.496, 245.33100000000002, 591.786), &apos;color_space&apos;: &apos;DeviceGray&apos;, &apos;ncolor&apos;: None, &apos;size&apos;: 13.289999999999964, &apos;value&apos;: &apos;.&apos;, &apos;children&apos;: [], &apos;features&apos;: {}}, {&apos;type&apos;: &apos;text&apos;, &apos;bbox&apos;: (245.33100000000002, 578.496, 248.10100000000003, 591.786), &apos;color_space&apos;: &apos;DeviceGray&apos;, &apos;ncolor&apos;: None, &apos;size&apos;: 13.289999999999964, &apos;value&apos;: &apos;.&apos;, &apos;children&apos;: [], &apos;features&apos;: {}}, {&apos;type&apos;: &apos;text&apos;, &apos;bbox&apos;: (248.10100000000003, 578.496, 250.87100000000004, 591.786), &apos;color_space&apos;: &apos;DeviceGray&apos;, &apos;ncolor&apos;: None, &apos;size&apos;: 13.289999999999964, &apos;value&apos;: &apos;.&apos;, &apos;children&apos;: [], &apos;features&apos;: {}}, {&apos;type&apos;: &apos;text&apos;, &apos;bbox&apos;: (250.87100000000004, 578.496, 253.64100000000005, 591.786), &apos;color_space&apos;: &apos;DeviceGray&apos;, &apos;ncolor&apos;: None, &apos;size&apos;: 13.289999999999964, &apos;value&apos;: &apos;.&apos;, &apos;children&apos;: [], &apos;features&apos;: {}}, {&apos;type&apos;: &apos;text&apos;, &apos;bbox&apos;: (253.64100000000002, 578.496, 256.411, 591.786), &apos;color_space&apos;: &apos;DeviceGray&apos;, &apos;ncolor&apos;: None, &apos;size&apos;: 13.289999999999964, &apos;value&apos;: &apos;.&apos;, &apos;children&apos;: [], &apos;features&apos;: {}}, {&apos;type&apos;: &apos;text&apos;, &apos;bbox&apos;: (256.41100000000006, 578.496, 259.18100000000004, 591.786), &apos;color_space&apos;: &apos;DeviceGray&apos;, &apos;ncolor&apos;: None, &apos;size&apos;: 13.289999999999964, &apos;value&apos;: &apos;.&apos;, &apos;children&apos;: [], &apos;features&apos;: {}}, {&apos;type&apos;: &apos;text&apos;, &apos;bbox&apos;: (259.18100000000004, 578.496, 261.951, 591.786), &apos;color_space&apos;: &apos;DeviceGray&apos;, &apos;ncolor&apos;: None, &apos;size&apos;: 13.289999999999964, &apos;value&apos;: &apos;.&apos;, &apos;children&apos;: [], &apos;features&apos;: {}}, {&apos;type&apos;: &apos;text&apos;, &apos;bbox&apos;: (261.951, 578.496, 264.721, 591.786), &apos;color_space&apos;: &apos;DeviceGray&apos;, &apos;ncolor&apos;: None, &apos;size&apos;: 13.289999999999964, &apos;value&apos;: &apos;.&apos;, &apos;children&apos;: [], &apos;features&apos;: {}}, {&apos;type&apos;: &apos;text&apos;, &apos;bbox&apos;: (264.72100000000006, 578.496, 267.49100000000004, 591.786), &apos;color_space&apos;: &apos;DeviceGray&apos;, &apos;ncolor&apos;: None, &apos;size&apos;: 13.289999999999964, &apos;value&apos;: &apos;.&apos;, &apos;children&apos;: [], &apos;features&apos;: {}}, {&apos;type&apos;: &apos;text&apos;, &apos;bbox&apos;: (267.49100000000004, 578.496, 270.261, 591.786), &apos;color_space&apos;: &apos;DeviceGray&apos;, &apos;ncolor&apos;: None, &apos;size&apos;: 13.289999999999964, &apos;value&apos;: &apos;.&apos;, &apos;children&apos;: [], &apos;features&apos;: {}}, {&apos;type&apos;: &apos;text&apos;, &apos;bbox&apos;: (270.261, 578.496, 273.031, 591.786), &apos;color_space&apos;: &apos;DeviceGray&apos;, &apos;ncolor&apos;: None, &apos;size&apos;: 13.289999999999964, &apos;value&apos;: &apos;.&apos;, &apos;children&apos;: [], &apos;features&apos;: {}}, {&apos;type&apos;: &apos;text&apos;, &apos;bbox&apos;: (273.03100000000006, 578.496, 275.80100000000004, 591.786), &apos;color_space&apos;: &apos;DeviceGray&apos;, &apos;ncolor&apos;: None, &apos;size&apos;: 13.289999999999964, &apos;value&apos;: &apos;.&apos;, &apos;children&apos;: [], &apos;features&apos;: {}}, {&apos;type&apos;: &apos;text&apos;, &apos;bbox&apos;: (275.80100000000004, 578.496, 278.571, 591.786), &apos;color_space&apos;: &apos;DeviceGray&apos;, &apos;ncolor&apos;: None, &apos;size&apos;: 13.289999999999964, &apos;value&apos;: &apos;.&apos;, &apos;children&apos;: [], &apos;features&apos;: {}}, {&apos;type&apos;: &apos;text&apos;, &apos;bbox&apos;: (278.571, 578.496, 281.341, 591.786), &apos;color_space&apos;: &apos;DeviceGray&apos;, &apos;ncolor&apos;: None, &apos;size&apos;: 13.289999999999964, &apos;value&apos;: &apos;.&apos;, &apos;children&apos;: [], &apos;features&apos;: {}}, {&apos;type&apos;: &apos;text&apos;, &apos;bbox&apos;: (281.341, 578.496, 284.111, 591.786), &apos;color_space&apos;: &apos;DeviceGray&apos;, &apos;ncolor&apos;: None, &apos;size&apos;: 13.289999999999964, &apos;value&apos;: &apos;.&apos;, &apos;children&apos;: [], &apos;features&apos;: {}}, {&apos;type&apos;: &apos;text&apos;, &apos;bbox&apos;: (284.111, 578.496, 286.881, 591.786), &apos;color_space&apos;: &apos;DeviceGray&apos;, &apos;ncolor&apos;: None, &apos;size&apos;: 13.289999999999964, &apos;value&apos;: &apos;.&apos;, &apos;children&apos;: [], &apos;features&apos;: {}}, {&apos;type&apos;: &apos;text&apos;, &apos;bbox&apos;: (286.88100000000003, 578.496, 289.651, 591.786), &apos;color_space&apos;: &apos;DeviceGray&apos;, &apos;ncolor&apos;: None, &apos;size&apos;: 13.289999999999964, &apos;value&apos;: &apos;.&apos;, &apos;children&apos;: [], &apos;features&apos;: {}}, {&apos;type&apos;: &apos;text&apos;, &apos;bbox&apos;: (289.651, 578.496, 292.421, 591.786), &apos;color_space&apos;: &apos;DeviceGray&apos;, &apos;ncolor&apos;: None, &apos;size&apos;: 13.289999999999964, &apos;value&apos;: &apos;.&apos;, &apos;children&apos;: [], &apos;features&apos;: {}}, {&apos;type&apos;: &apos;text&apos;, &apos;bbox&apos;: (292.421, 578.496, 295.191, 591.786), &apos;color_space&apos;: &apos;DeviceGray&apos;, &apos;ncolor&apos;: None, &apos;size&apos;: 13.289999999999964, &apos;value&apos;: &apos;.&apos;, &apos;children&apos;: [], &apos;features&apos;: {}}, {&apos;type&apos;: &apos;text&apos;, &apos;bbox&apos;: (295.19100000000003, 578.496, 297.961, 591.786), &apos;color_space&apos;: &apos;DeviceGray&apos;, &apos;ncolor&apos;: None, &apos;size&apos;: 13.289999999999964, &apos;value&apos;: &apos;.&apos;, &apos;children&apos;: [], &apos;features&apos;: {}}, {&apos;type&apos;: &apos;text&apos;, &apos;bbox&apos;: (297.961, 578.496, 300.731, 591.786), &apos;color_space&apos;: &apos;DeviceGray&apos;, &apos;ncolor&apos;: None, &apos;size&apos;: 13.289999999999964, &apos;value&apos;: &apos;.&apos;, &apos;children&apos;: [], &apos;features&apos;: {}}, {&apos;type&apos;: &apos;text&apos;, &apos;bbox&apos;: (300.731, 578.496, 303.501, 591.786), &apos;color_space&apos;: &apos;DeviceGray&apos;, &apos;ncolor&apos;: None, &apos;size&apos;: 13.289999999999964, &apos;value&apos;: &apos;.&apos;, &apos;children&apos;: [], &apos;features&apos;: {}}, {&apos;type&apos;: &apos;text&apos;, &apos;bbox&apos;: (303.501, 578.496, 306.27099999999996, 591.786), &apos;color_space&apos;: &apos;DeviceGray&apos;, &apos;ncolor&apos;: None, &apos;size&apos;: 13.289999999999964, &apos;value&apos;: &apos;.&apos;, &apos;children&apos;: [], &apos;features&apos;: {}}, {&apos;type&apos;: &apos;text&apos;, &apos;bbox&apos;: (306.27099999999996, 578.496, 309.04099999999994, 591.786), &apos;color_space&apos;: &apos;DeviceGray&apos;, &apos;ncolor&apos;: None, &apos;size&apos;: 13.289999999999964, &apos;value&apos;: &apos;.&apos;, &apos;children&apos;: [], &apos;features&apos;: {}}, {&apos;type&apos;: &apos;text&apos;, &apos;bbox&apos;: (309.041, 578.496, 311.811, 591.786), &apos;color_space&apos;: &apos;DeviceGray&apos;, &apos;ncolor&apos;: None, &apos;size&apos;: 13.289999999999964, &apos;value&apos;: &apos;.&apos;, &apos;children&apos;: [], &apos;features&apos;: {}}, {&apos;type&apos;: &apos;text&apos;, &apos;bbox&apos;: (311.811, 578.496, 314.58099999999996, 591.786), &apos;color_space&apos;: &apos;DeviceGray&apos;, &apos;ncolor&apos;: None, &apos;size&apos;: 13.289999999999964, &apos;value&apos;: &apos;.&apos;, &apos;children&apos;: [], &apos;features&apos;: {}}, {&apos;type&apos;: &apos;text&apos;, &apos;bbox&apos;: (314.58099999999996, 578.496, 317.35099999999994, 591.786), &apos;color_space&apos;: &apos;DeviceGray&apos;, &apos;ncolor&apos;: None, &apos;size&apos;: 13.289999999999964, &apos;value&apos;: &apos;.&apos;, &apos;children&apos;: [], &apos;features&apos;: {}}, {&apos;type&apos;: &apos;text&apos;, &apos;bbox&apos;: (317.351, 578.496, 320.121, 591.786), &apos;color_space&apos;: &apos;DeviceGray&apos;, &apos;ncolor&apos;: None, &apos;size&apos;: 13.289999999999964, &apos;value&apos;: &apos;.&apos;, &apos;children&apos;: [], &apos;features&apos;: {}}, {&apos;type&apos;: &apos;text&apos;, &apos;bbox&apos;: (320.121, 578.496, 322.89099999999996, 591.786), &apos;color_space&apos;: &apos;DeviceGray&apos;, &apos;ncolor&apos;: None, &apos;size&apos;: 13.289999999999964, &apos;value&apos;: &apos;.&apos;, &apos;children&apos;: [], &apos;features&apos;: {}}, {&apos;type&apos;: &apos;text&apos;, &apos;bbox&apos;: (322.89099999999996, 578.496, 325.66099999999994, 591.786), &apos;color_space&apos;: &apos;DeviceGray&apos;, &apos;ncolor&apos;: None, &apos;size&apos;: 13.289999999999964, &apos;value&apos;: &apos;.&apos;, &apos;children&apos;: [], &apos;features&apos;: {}}, {&apos;type&apos;: &apos;text&apos;, &apos;bbox&apos;: (325.66099999999994, 578.496, 328.4309999999999, 591.786), &apos;color_space&apos;: &apos;DeviceGray&apos;, &apos;ncolor&apos;: None, &apos;size&apos;: 13.289999999999964, &apos;value&apos;: &apos;.&apos;, &apos;children&apos;: [], &apos;features&apos;: {}}, {&apos;type&apos;: &apos;text&apos;, &apos;bbox&apos;: (328.4309999999999, 578.496, 331.2009999999999, 591.786), &apos;color_space&apos;: &apos;DeviceGray&apos;, &apos;ncolor&apos;: None, &apos;size&apos;: 13.289999999999964, &apos;value&apos;: &apos;.&apos;, &apos;children&apos;: [], &apos;features&apos;: {}}, {&apos;type&apos;: &apos;text&apos;, &apos;bbox&apos;: (331.20099999999996, 578.496, 333.97099999999995, 591.786), &apos;color_space&apos;: &apos;DeviceGray&apos;, &apos;ncolor&apos;: None, &apos;size&apos;: 13.289999999999964, &apos;value&apos;: &apos;.&apos;, &apos;children&apos;: [], &apos;features&apos;: {}}, {&apos;type&apos;: &apos;text&apos;, &apos;bbox&apos;: (333.97099999999995, 578.496, 336.74099999999993, 591.786), &apos;color_space&apos;: &apos;DeviceGray&apos;, &apos;ncolor&apos;: None, &apos;size&apos;: 13.289999999999964, &apos;value&apos;: &apos;.&apos;, &apos;children&apos;: [], &apos;features&apos;: {}}, {&apos;type&apos;: &apos;text&apos;, &apos;bbox&apos;: (336.741, 578.496, 339.51099999999997, 591.786), &apos;color_space&apos;: &apos;DeviceGray&apos;, &apos;ncolor&apos;: None, &apos;size&apos;: 13.289999999999964, &apos;value&apos;: &apos;.&apos;, &apos;children&apos;: [], &apos;features&apos;: {}}, {&apos;type&apos;: &apos;text&apos;, &apos;bbox&apos;: (339.51099999999997, 578.496, 342.28099999999995, 591.786), &apos;color_space&apos;: &apos;DeviceGray&apos;, &apos;ncolor&apos;: None, &apos;size&apos;: 13.289999999999964, &apos;value&apos;: &apos;.&apos;, &apos;children&apos;: [], &apos;features&apos;: {}}, {&apos;type&apos;: &apos;text&apos;, &apos;bbox&apos;: (342.28099999999995, 578.496, 345.05099999999993, 591.786), &apos;color_space&apos;: &apos;DeviceGray&apos;, &apos;ncolor&apos;: None, &apos;size&apos;: 13.289999999999964, &apos;value&apos;: &apos;.&apos;, &apos;children&apos;: [], &apos;features&apos;: {}}, {&apos;type&apos;: &apos;text&apos;, &apos;bbox&apos;: (345.051, 578.496, 347.82099999999997, 591.786), &apos;color_space&apos;: &apos;DeviceGray&apos;, &apos;ncolor&apos;: None, &apos;size&apos;: 13.289999999999964, &apos;value&apos;: &apos;.&apos;, &apos;children&apos;: [], &apos;features&apos;: {}}, {&apos;type&apos;: &apos;text&apos;, &apos;bbox&apos;: (347.821, 578.496, 350.591, 591.786), &apos;color_space&apos;: &apos;DeviceGray&apos;, &apos;ncolor&apos;: None, &apos;size&apos;: 13.289999999999964, &apos;value&apos;: &apos;.&apos;, &apos;children&apos;: [], &apos;features&apos;: {}}, {&apos;type&apos;: &apos;text&apos;, &apos;bbox&apos;: (350.591, 578.496, 353.361, 591.786), &apos;color_space&apos;: &apos;DeviceGray&apos;, &apos;ncolor&apos;: None, &apos;size&apos;: 13.289999999999964, &apos;value&apos;: &apos;.&apos;, &apos;children&apos;: [], &apos;features&apos;: {}}, {&apos;type&apos;: &apos;text&apos;, &apos;bbox&apos;: (353.361, 578.496, 356.131, 591.786), &apos;color_space&apos;: &apos;DeviceGray&apos;, &apos;ncolor&apos;: None, &apos;size&apos;: 13.289999999999964, &apos;value&apos;: &apos;.&apos;, &apos;children&apos;: [], &apos;features&apos;: {}}, {&apos;type&apos;: &apos;text&apos;, &apos;bbox&apos;: (356.13100000000003, 578.496, 358.901, 591.786), &apos;color_space&apos;: &apos;DeviceGray&apos;, &apos;ncolor&apos;: None, &apos;size&apos;: 13.289999999999964, &apos;value&apos;: &apos;.&apos;, &apos;children&apos;: [], &apos;features&apos;: {}}, {&apos;type&apos;: &apos;text&apos;, &apos;bbox&apos;: (358.90100000000007, 578.496, 361.67100000000005, 591.786), &apos;color_space&apos;: &apos;DeviceGray&apos;, &apos;ncolor&apos;: None, &apos;size&apos;: 13.289999999999964, &apos;value&apos;: &apos;.&apos;, &apos;children&apos;: [], &apos;features&apos;: {}}, {&apos;type&apos;: &apos;text&apos;, &apos;bbox&apos;: (361.67100000000005, 578.496, 364.44100000000003, 591.786), &apos;color_space&apos;: &apos;DeviceGray&apos;, &apos;ncolor&apos;: None, &apos;size&apos;: 13.289999999999964, &apos;value&apos;: &apos;.&apos;, &apos;children&apos;: [], &apos;features&apos;: {}}, {&apos;type&apos;: &apos;text&apos;, &apos;bbox&apos;: (364.44100000000003, 578.496, 367.211, 591.786), &apos;color_space&apos;: &apos;DeviceGray&apos;, &apos;ncolor&apos;: None, &apos;size&apos;: 13.289999999999964, &apos;value&apos;: &apos;.&apos;, &apos;children&apos;: [], &apos;features&apos;: {}}, {&apos;type&apos;: &apos;text&apos;, &apos;bbox&apos;: (367.21100000000007, 578.496, 369.98100000000005, 591.786), &apos;color_space&apos;: &apos;DeviceGray&apos;, &apos;ncolor&apos;: None, &apos;size&apos;: 13.289999999999964, &apos;value&apos;: &apos;.&apos;, &apos;children&apos;: [], &apos;features&apos;: {}}, {&apos;type&apos;: &apos;text&apos;, &apos;bbox&apos;: (369.9810000000001, 578.496, 372.7510000000001, 591.786), &apos;color_space&apos;: &apos;DeviceGray&apos;, &apos;ncolor&apos;: None, &apos;size&apos;: 13.289999999999964, &apos;value&apos;: &apos;.&apos;, &apos;children&apos;: [], &apos;features&apos;: {}}, {&apos;type&apos;: &apos;text&apos;, &apos;bbox&apos;: (372.7510000000001, 578.496, 375.5210000000001, 591.786), &apos;color_space&apos;: &apos;DeviceGray&apos;, &apos;ncolor&apos;: None, &apos;size&apos;: 13.289999999999964, &apos;value&apos;: &apos;.&apos;, &apos;children&apos;: [], &apos;features&apos;: {}}, {&apos;type&apos;: &apos;text&apos;, &apos;bbox&apos;: (375.5210000000001, 578.496, 378.29100000000005, 591.786), &apos;color_space&apos;: &apos;DeviceGray&apos;, &apos;ncolor&apos;: None, &apos;size&apos;: 13.289999999999964, &apos;value&apos;: &apos;.&apos;, &apos;children&apos;: [], &apos;features&apos;: {}}, {&apos;type&apos;: &apos;text&apos;, &apos;bbox&apos;: (378.2910000000001, 578.496, 381.0610000000001, 591.786), &apos;color_space&apos;: &apos;DeviceGray&apos;, &apos;ncolor&apos;: None, &apos;size&apos;: 13.289999999999964, &apos;value&apos;: &apos;.&apos;, &apos;children&apos;: [], &apos;features&apos;: {}}, {&apos;type&apos;: &apos;text&apos;, &apos;bbox&apos;: (381.06100000000015, 578.496, 383.83100000000013, 591.786), &apos;color_space&apos;: &apos;DeviceGray&apos;, &apos;ncolor&apos;: None, &apos;size&apos;: 13.289999999999964, &apos;value&apos;: &apos;.&apos;, &apos;children&apos;: [], &apos;features&apos;: {}}, {&apos;type&apos;: &apos;text&apos;, &apos;bbox&apos;: (383.83100000000013, 578.496, 386.6010000000001, 591.786), &apos;color_space&apos;: &apos;DeviceGray&apos;, &apos;ncolor&apos;: None, &apos;size&apos;: 13.289999999999964, &apos;value&apos;: &apos;.&apos;, &apos;children&apos;: [], &apos;features&apos;: {}}, {&apos;type&apos;: &apos;text&apos;, &apos;bbox&apos;: (386.6010000000001, 578.496, 389.3710000000001, 591.786), &apos;color_space&apos;: &apos;DeviceGray&apos;, &apos;ncolor&apos;: None, &apos;size&apos;: 13.289999999999964, &apos;value&apos;: &apos;.&apos;, &apos;children&apos;: [], &apos;features&apos;: {}}, {&apos;type&apos;: &apos;text&apos;, &apos;bbox&apos;: (389.37100000000015, 578.496, 392.14100000000013, 591.786), &apos;color_space&apos;: &apos;DeviceGray&apos;, &apos;ncolor&apos;: None, &apos;size&apos;: 13.289999999999964, &apos;value&apos;: &apos;.&apos;, &apos;children&apos;: [], &apos;features&apos;: {}}, {&apos;type&apos;: &apos;text&apos;, &apos;bbox&apos;: (392.1410000000002, 578.496, 394.9110000000002, 591.786), &apos;color_space&apos;: &apos;DeviceGray&apos;, &apos;ncolor&apos;: None, &apos;size&apos;: 13.289999999999964, &apos;value&apos;: &apos;.&apos;, &apos;children&apos;: [], &apos;features&apos;: {}}, {&apos;type&apos;: &apos;text&apos;, &apos;bbox&apos;: (394.9110000000002, 578.496, 397.68100000000015, 591.786), &apos;color_space&apos;: &apos;DeviceGray&apos;, &apos;ncolor&apos;: None, &apos;size&apos;: 13.289999999999964, &apos;value&apos;: &apos;.&apos;, &apos;children&apos;: [], &apos;features&apos;: {}}, {&apos;type&apos;: &apos;text&apos;, &apos;bbox&apos;: (397.68100000000015, 578.496, 400.45100000000014, 591.786), &apos;color_space&apos;: &apos;DeviceGray&apos;, &apos;ncolor&apos;: None, &apos;size&apos;: 13.289999999999964, &apos;value&apos;: &apos;.&apos;, &apos;children&apos;: [], &apos;features&apos;: {}}, {&apos;type&apos;: &apos;text&apos;, &apos;bbox&apos;: (400.4510000000002, 578.496, 403.2210000000002, 591.786), &apos;color_space&apos;: &apos;DeviceGray&apos;, &apos;ncolor&apos;: None, &apos;size&apos;: 13.289999999999964, &apos;value&apos;: &apos;.&apos;, &apos;children&apos;: [], &apos;features&apos;: {}}, {&apos;type&apos;: &apos;text&apos;, &apos;bbox&apos;: (403.22100000000023, 578.496, 405.9910000000002, 591.786), &apos;color_space&apos;: &apos;DeviceGray&apos;, &apos;ncolor&apos;: None, &apos;size&apos;: 13.289999999999964, &apos;value&apos;: &apos;.&apos;, &apos;children&apos;: [], &apos;features&apos;: {}}, {&apos;type&apos;: &apos;text&apos;, &apos;bbox&apos;: (405.9910000000002, 578.496, 408.7610000000002, 591.786), &apos;color_space&apos;: &apos;DeviceGray&apos;, &apos;ncolor&apos;: None, &apos;size&apos;: 13.289999999999964, &apos;value&apos;: &apos;.&apos;, &apos;children&apos;: [], &apos;features&apos;: {}}, {&apos;type&apos;: &apos;text&apos;, &apos;bbox&apos;: (408.7610000000002, 578.496, 411.5310000000002, 591.786), &apos;color_space&apos;: &apos;DeviceGray&apos;, &apos;ncolor&apos;: None, &apos;size&apos;: 13.289999999999964, &apos;value&apos;: &apos;.&apos;, &apos;children&apos;: [], &apos;features&apos;: {}}, {&apos;type&apos;: &apos;text&apos;, &apos;bbox&apos;: (411.53100000000023, 578.496, 414.3010000000002, 591.786), &apos;color_space&apos;: &apos;DeviceGray&apos;, &apos;ncolor&apos;: None, &apos;size&apos;: 13.289999999999964, &apos;value&apos;: &apos;.&apos;, &apos;children&apos;: [], &apos;features&apos;: {}}, {&apos;type&apos;: &apos;text&apos;, &apos;bbox&apos;: (414.3010000000003, 578.496, 417.07100000000025, 591.786), &apos;color_space&apos;: &apos;DeviceGray&apos;, &apos;ncolor&apos;: None, &apos;size&apos;: 13.289999999999964, &apos;value&apos;: &apos;.&apos;, &apos;children&apos;: [], &apos;features&apos;: {}}, {&apos;type&apos;: &apos;text&apos;, &apos;bbox&apos;: (417.07100000000025, 578.496, 419.84100000000024, 591.786), &apos;color_space&apos;: &apos;DeviceGray&apos;, &apos;ncolor&apos;: None, &apos;size&apos;: 13.289999999999964, &apos;value&apos;: &apos;.&apos;, &apos;children&apos;: [], &apos;features&apos;: {}}, {&apos;type&apos;: &apos;text&apos;, &apos;bbox&apos;: (419.84100000000024, 578.496, 422.6110000000002, 591.786), &apos;color_space&apos;: &apos;DeviceGray&apos;, &apos;ncolor&apos;: None, &apos;size&apos;: 13.289999999999964, &apos;value&apos;: &apos;.&apos;, &apos;children&apos;: [], &apos;features&apos;: {}}, {&apos;type&apos;: &apos;text&apos;, &apos;bbox&apos;: (422.6110000000003, 578.496, 425.38100000000026, 591.786), &apos;color_space&apos;: &apos;DeviceGray&apos;, &apos;ncolor&apos;: None, &apos;size&apos;: 13.289999999999964, &apos;value&apos;: &apos;.&apos;, &apos;children&apos;: [], &apos;features&apos;: {}}, {&apos;type&apos;: &apos;text&apos;, &apos;bbox&apos;: (425.3810000000003, 578.496, 428.1510000000003, 591.786), &apos;color_space&apos;: &apos;DeviceGray&apos;, &apos;ncolor&apos;: None, &apos;size&apos;: 13.289999999999964, &apos;value&apos;: &apos;.&apos;, &apos;children&apos;: [], &apos;features&apos;: {}}, {&apos;type&apos;: &apos;text&apos;, &apos;bbox&apos;: (428.1510000000003, 578.496, 430.9210000000003, 591.786), &apos;color_space&apos;: &apos;DeviceGray&apos;, &apos;ncolor&apos;: None, &apos;size&apos;: 13.289999999999964, &apos;value&apos;: &apos;.&apos;, &apos;children&apos;: [], &apos;features&apos;: {}}, {&apos;type&apos;: &apos;text&apos;, &apos;bbox&apos;: (430.9210000000003, 578.496, 433.69100000000026, 591.786), &apos;color_space&apos;: &apos;DeviceGray&apos;, &apos;ncolor&apos;: None, &apos;size&apos;: 13.289999999999964, &apos;value&apos;: &apos;.&apos;, &apos;children&apos;: [], &apos;features&apos;: {}}, {&apos;type&apos;: &apos;text&apos;, &apos;bbox&apos;: (433.6910000000003, 578.496, 436.4610000000003, 591.786), &apos;color_space&apos;: &apos;DeviceGray&apos;, &apos;ncolor&apos;: None, &apos;size&apos;: 13.289999999999964, &apos;value&apos;: &apos;.&apos;, &apos;children&apos;: [], &apos;features&apos;: {}}, {&apos;type&apos;: &apos;text&apos;, &apos;bbox&apos;: (436.46100000000035, 578.496, 439.23100000000034, 591.786), &apos;color_space&apos;: &apos;DeviceGray&apos;, &apos;ncolor&apos;: None, &apos;size&apos;: 13.289999999999964, &apos;value&apos;: &apos;.&apos;, &apos;children&apos;: [], &apos;features&apos;: {}}, {&apos;type&apos;: &apos;text&apos;, &apos;bbox&apos;: (439.23100000000034, 578.496, 442.0010000000003, 591.786), &apos;color_space&apos;: &apos;DeviceGray&apos;, &apos;ncolor&apos;: None, &apos;size&apos;: 13.289999999999964, &apos;value&apos;: &apos;.&apos;, &apos;children&apos;: [], &apos;features&apos;: {}}, {&apos;type&apos;: &apos;text&apos;, &apos;bbox&apos;: (442.0010000000003, 578.496, 444.7710000000003, 591.786), &apos;color_space&apos;: &apos;DeviceGray&apos;, &apos;ncolor&apos;: None, &apos;size&apos;: 13.289999999999964, &apos;value&apos;: &apos;.&apos;, &apos;children&apos;: [], &apos;features&apos;: {}}, {&apos;type&apos;: &apos;text&apos;, &apos;bbox&apos;: (444.77100000000036, 578.496, 447.54100000000034, 591.786), &apos;color_space&apos;: &apos;DeviceGray&apos;, &apos;ncolor&apos;: None, &apos;size&apos;: 13.289999999999964, &apos;value&apos;: &apos;.&apos;, &apos;children&apos;: [], &apos;features&apos;: {}}, {&apos;type&apos;: &apos;text&apos;, &apos;bbox&apos;: (447.5410000000004, 578.496, 450.3110000000004, 591.786), &apos;color_space&apos;: &apos;DeviceGray&apos;, &apos;ncolor&apos;: None, &apos;size&apos;: 13.289999999999964, &apos;value&apos;: &apos;.&apos;, &apos;children&apos;: [], &apos;features&apos;: {}}, {&apos;type&apos;: &apos;text&apos;, &apos;bbox&apos;: (450.3110000000004, 578.496, 453.08100000000036, 591.786), &apos;color_space&apos;: &apos;DeviceGray&apos;, &apos;ncolor&apos;: None, &apos;size&apos;: 13.289999999999964, &apos;value&apos;: &apos;.&apos;, &apos;children&apos;: [], &apos;features&apos;: {}}, {&apos;type&apos;: &apos;text&apos;, &apos;bbox&apos;: (453.08100000000036, 578.496, 455.85100000000034, 591.786), &apos;color_space&apos;: &apos;DeviceGray&apos;, &apos;ncolor&apos;: None, &apos;size&apos;: 13.289999999999964, &apos;value&apos;: &apos;.&apos;, &apos;children&apos;: [], &apos;features&apos;: {}}, {&apos;type&apos;: &apos;text&apos;, &apos;bbox&apos;: (455.8510000000004, 578.496, 458.6210000000004, 591.786), &apos;color_space&apos;: &apos;DeviceGray&apos;, &apos;ncolor&apos;: None, &apos;size&apos;: 13.289999999999964, &apos;value&apos;: &apos;.&apos;, &apos;children&apos;: [], &apos;features&apos;: {}}, {&apos;type&apos;: &apos;text&apos;, &apos;bbox&apos;: (458.62100000000044, 578.496, 461.3910000000004, 591.786), &apos;color_space&apos;: &apos;DeviceGray&apos;, &apos;ncolor&apos;: None, &apos;size&apos;: 13.289999999999964, &apos;value&apos;: &apos;.&apos;, &apos;children&apos;: [], &apos;features&apos;: {}}, {&apos;type&apos;: &apos;text&apos;, &apos;bbox&apos;: (461.3910000000004, 578.496, 464.1610000000004, 591.786), &apos;color_space&apos;: &apos;DeviceGray&apos;, &apos;ncolor&apos;: None, &apos;size&apos;: 13.289999999999964, &apos;value&apos;: &apos;.&apos;, &apos;children&apos;: [], &apos;features&apos;: {}}, {&apos;type&apos;: &apos;text&apos;, &apos;bbox&apos;: (464.1610000000004, 578.496, 466.9310000000004, 591.786), &apos;color_space&apos;: &apos;DeviceGray&apos;, &apos;ncolor&apos;: None, &apos;size&apos;: 13.289999999999964, &apos;value&apos;: &apos;.&apos;, &apos;children&apos;: [], &apos;features&apos;: {}}, {&apos;type&apos;: &apos;text&apos;, &apos;bbox&apos;: (466.9310000000004, 578.496, 469.70100000000036, 591.786), &apos;color_space&apos;: &apos;DeviceGray&apos;, &apos;ncolor&apos;: None, &apos;size&apos;: 13.289999999999964, &apos;value&apos;: &apos;.&apos;, &apos;children&apos;: [], &apos;features&apos;: {}}, {&apos;type&apos;: &apos;text&apos;, &apos;bbox&apos;: (469.70100000000036, 578.496, 472.47100000000034, 591.786), &apos;color_space&apos;: &apos;DeviceGray&apos;, &apos;ncolor&apos;: None, &apos;size&apos;: 13.289999999999964, &apos;value&apos;: &apos;.&apos;, &apos;children&apos;: [], &apos;features&apos;: {}}, {&apos;type&apos;: &apos;text&apos;, &apos;bbox&apos;: (472.47100000000034, 578.496, 475.2410000000003, 591.786), &apos;color_space&apos;: &apos;DeviceGray&apos;, &apos;ncolor&apos;: None, &apos;size&apos;: 13.289999999999964, &apos;value&apos;: &apos;.&apos;, &apos;children&apos;: [], &apos;features&apos;: {}}, {&apos;type&apos;: &apos;text&apos;, &apos;bbox&apos;: (475.2410000000003, 578.496, 478.0110000000003, 591.786), &apos;color_space&apos;: &apos;DeviceGray&apos;, &apos;ncolor&apos;: None, &apos;size&apos;: 13.289999999999964, &apos;value&apos;: &apos;.&apos;, &apos;children&apos;: [], &apos;features&apos;: {}}, {&apos;type&apos;: &apos;text&apos;, &apos;bbox&apos;: (478.0110000000003, 578.496, 480.7810000000003, 591.786), &apos;color_space&apos;: &apos;DeviceGray&apos;, &apos;ncolor&apos;: None, &apos;size&apos;: 13.289999999999964, &apos;value&apos;: &apos;.&apos;, &apos;children&apos;: [], &apos;features&apos;: {}}, {&apos;type&apos;: &apos;text&apos;, &apos;bbox&apos;: (480.7810000000003, 578.496, 483.5510000000003, 591.786), &apos;color_space&apos;: &apos;DeviceGray&apos;, &apos;ncolor&apos;: None, &apos;size&apos;: 13.289999999999964, &apos;value&apos;: &apos;.&apos;, &apos;children&apos;: [], &apos;features&apos;: {}}, {&apos;type&apos;: &apos;text&apos;, &apos;bbox&apos;: (483.5510000000003, 578.496, 486.32100000000025, 591.786), &apos;color_space&apos;: &apos;DeviceGray&apos;, &apos;ncolor&apos;: None, &apos;size&apos;: 13.289999999999964, &apos;value&apos;: &apos;.&apos;, &apos;children&apos;: [], &apos;features&apos;: {}}, {&apos;type&apos;: &apos;text&apos;, &apos;bbox&apos;: (489.548, 578.496, 495.108, 591.786), &apos;color_space&apos;: &apos;DeviceGray&apos;, &apos;ncolor&apos;: None, &apos;size&apos;: 13.289999999999964, &apos;value&apos;: &apos;3&apos;, &apos;children&apos;: [], &apos;features&apos;: {}}, {&apos;type&apos;: &apos;text&apos;, &apos;bbox&apos;: (495.108, 578.496, 498.438, 591.786), &apos;color_space&apos;: &apos;DeviceGray&apos;, &apos;ncolor&apos;: None, &apos;size&apos;: 13.289999999999964, &apos;value&apos;: &apos;-&apos;, &apos;children&apos;: [], &apos;features&apos;: {}}, {&apos;type&apos;: &apos;text&apos;, &apos;bbox&apos;: (498.439, 578.496, 503.999, 591.786), &apos;color_space&apos;: &apos;DeviceGray&apos;, &apos;ncolor&apos;: None, &apos;size&apos;: 13.289999999999964, &apos;value&apos;: &apos;1&apos;, &apos;children&apos;: [], &apos;features&apos;: {}}], &apos;features&apos;: {}}
*********************





--------------------------------- CONTENT AREA --------------------------------- 
This content area has an image
{&apos;type&apos;: &apos;figure&apos;, &apos;bbox&apos;: (0, 0, 612.0, 792.0), &apos;name&apos;: &apos;fx25&apos;, &apos;children&apos;: [{&apos;type&apos;: &apos;text&apos;, &apos;bbox&apos;: (78.0, 562.275, 83.57, 575.755), &apos;color_space&apos;: &apos;DeviceGray&apos;, &apos;ncolor&apos;: None, &apos;size&apos;: 13.480000000000018, &apos;value&apos;: &apos;F&apos;, &apos;children&apos;: [], &apos;features&apos;: {}}, {&apos;type&apos;: &apos;text&apos;, &apos;bbox&apos;: (83.57, 562.275, 89.66999999999999, 575.755), &apos;color_space&apos;: &apos;DeviceGray&apos;, &apos;ncolor&apos;: None, &apos;size&apos;: 13.480000000000018, &apos;value&apos;: &apos;S&apos;, &apos;children&apos;: [], &apos;features&apos;: {}}, {&apos;type&apos;: &apos;text&apos;, &apos;bbox&apos;: (89.67, 562.275, 93.56, 575.755), &apos;color_space&apos;: &apos;DeviceGray&apos;, &apos;ncolor&apos;: None, &apos;size&apos;: 13.480000000000018, &apos;value&apos;: &apos;I&apos;, &apos;children&apos;: [], &apos;features&apos;: {}}, {&apos;type&apos;: &apos;text&apos;, &apos;bbox&apos;: (93.56, 562.275, 98.56, 575.755), &apos;color_space&apos;: &apos;DeviceGray&apos;, &apos;ncolor&apos;: None, &apos;size&apos;: 13.480000000000018, &apos;value&apos;: &apos;_&apos;, &apos;children&apos;: [], &apos;features&apos;: {}}, {&apos;type&apos;: &apos;text&apos;, &apos;bbox&apos;: (98.56, 562.275, 106.87, 575.755), &apos;color_space&apos;: &apos;DeviceGray&apos;, &apos;ncolor&apos;: None, &apos;size&apos;: 13.480000000000018, &apos;value&apos;: &apos;D&apos;, &apos;children&apos;: [], &apos;features&apos;: {}}, {&apos;type&apos;: &apos;text&apos;, &apos;bbox&apos;: (106.87, 562.275, 111.87, 575.755), &apos;color_space&apos;: &apos;DeviceGray&apos;, &apos;ncolor&apos;: None, &apos;size&apos;: 13.480000000000018, &apos;value&apos;: &apos;_&apos;, &apos;children&apos;: [], &apos;features&apos;: {}}, {&apos;type&apos;: &apos;text&apos;, &apos;bbox&apos;: (111.87, 562.275, 118.53, 575.755), &apos;color_space&apos;: &apos;DeviceGray&apos;, &apos;ncolor&apos;: None, &apos;size&apos;: 13.480000000000018, &apos;value&apos;: &apos;T&apos;, &apos;children&apos;: [], &apos;features&apos;: {}}, {&apos;type&apos;: &apos;text&apos;, &apos;bbox&apos;: (118.53, 562.275, 125.66, 575.755), &apos;color_space&apos;: &apos;DeviceGray&apos;, &apos;ncolor&apos;: None, &apos;size&apos;: 13.480000000000018, &apos;value&apos;: &apos;R&apos;, &apos;children&apos;: [], &apos;features&apos;: {}}, {&apos;type&apos;: &apos;text&apos;, &apos;bbox&apos;: (125.66, 562.275, 133.43, 575.755), &apos;color_space&apos;: &apos;DeviceGray&apos;, &apos;ncolor&apos;: None, &apos;size&apos;: 13.480000000000018, &apos;value&apos;: &apos;U&apos;, &apos;children&apos;: [], &apos;features&apos;: {}}, {&apos;type&apos;: &apos;text&apos;, &apos;bbox&apos;: (133.43, 562.275, 139.53, 575.755), &apos;color_space&apos;: &apos;DeviceGray&apos;, &apos;ncolor&apos;: None, &apos;size&apos;: 13.480000000000018, &apos;value&apos;: &apos;S&apos;, &apos;children&apos;: [], &apos;features&apos;: {}}, {&apos;type&apos;: &apos;text&apos;, &apos;bbox&apos;: (139.53, 562.275, 146.19, 575.755), &apos;color_space&apos;: &apos;DeviceGray&apos;, &apos;ncolor&apos;: None, &apos;size&apos;: 13.480000000000018, &apos;value&apos;: &apos;T&apos;, &apos;children&apos;: [], &apos;features&apos;: {}}, {&apos;type&apos;: &apos;text&apos;, &apos;bbox&apos;: (146.19, 562.275, 152.29, 575.755), &apos;color_space&apos;: &apos;DeviceGray&apos;, &apos;ncolor&apos;: None, &apos;size&apos;: 13.480000000000018, &apos;value&apos;: &apos;S&apos;, &apos;children&apos;: [], &apos;features&apos;: {}}, {&apos;type&apos;: &apos;text&apos;, &apos;bbox&apos;: (152.36, 563.005, 155.13000000000002, 576.295), &apos;color_space&apos;: &apos;DeviceGray&apos;, &apos;ncolor&apos;: None, &apos;size&apos;: 13.289999999999964, &apos;value&apos;: &apos;.&apos;, &apos;children&apos;: [], &apos;features&apos;: {}}, {&apos;type&apos;: &apos;text&apos;, &apos;bbox&apos;: (155.13000000000002, 563.005, 157.90000000000003, 576.295), &apos;color_space&apos;: &apos;DeviceGray&apos;, &apos;ncolor&apos;: None, &apos;size&apos;: 13.289999999999964, &apos;value&apos;: &apos;.&apos;, &apos;children&apos;: [], &apos;features&apos;: {}}, {&apos;type&apos;: &apos;text&apos;, &apos;bbox&apos;: (157.9, 563.005, 160.67000000000002, 576.295), &apos;color_space&apos;: &apos;DeviceGray&apos;, &apos;ncolor&apos;: None, &apos;size&apos;: 13.289999999999964, &apos;value&apos;: &apos;.&apos;, &apos;children&apos;: [], &apos;features&apos;: {}}, {&apos;type&apos;: &apos;text&apos;, &apos;bbox&apos;: (160.67000000000002, 563.005, 163.44000000000003, 576.295), &apos;color_space&apos;: &apos;DeviceGray&apos;, &apos;ncolor&apos;: None, &apos;size&apos;: 13.289999999999964, &apos;value&apos;: &apos;.&apos;, &apos;children&apos;: [], &apos;features&apos;: {}}, {&apos;type&apos;: &apos;text&apos;, &apos;bbox&apos;: (163.44000000000003, 563.005, 166.21000000000004, 576.295), &apos;color_space&apos;: &apos;DeviceGray&apos;, &apos;ncolor&apos;: None, &apos;size&apos;: 13.289999999999964, &apos;value&apos;: &apos;.&apos;, &apos;children&apos;: [], &apos;features&apos;: {}}, {&apos;type&apos;: &apos;text&apos;, &apos;bbox&apos;: (166.21, 563.005, 168.98000000000002, 576.295), &apos;color_space&apos;: &apos;DeviceGray&apos;, &apos;ncolor&apos;: None, &apos;size&apos;: 13.289999999999964, &apos;value&apos;: &apos;.&apos;, &apos;children&apos;: [], &apos;features&apos;: {}}, {&apos;type&apos;: &apos;text&apos;, &apos;bbox&apos;: (168.98000000000002, 563.005, 171.75000000000003, 576.295), &apos;color_space&apos;: &apos;DeviceGray&apos;, &apos;ncolor&apos;: None, &apos;size&apos;: 13.289999999999964, &apos;value&apos;: &apos;.&apos;, &apos;children&apos;: [], &apos;features&apos;: {}}, {&apos;type&apos;: &apos;text&apos;, &apos;bbox&apos;: (171.75, 563.005, 174.52, 576.295), &apos;color_space&apos;: &apos;DeviceGray&apos;, &apos;ncolor&apos;: None, &apos;size&apos;: 13.289999999999964, &apos;value&apos;: &apos;.&apos;, &apos;children&apos;: [], &apos;features&apos;: {}}, {&apos;type&apos;: &apos;text&apos;, &apos;bbox&apos;: (174.52, 563.005, 177.29000000000002, 576.295), &apos;color_space&apos;: &apos;DeviceGray&apos;, &apos;ncolor&apos;: None, &apos;size&apos;: 13.289999999999964, &apos;value&apos;: &apos;.&apos;, &apos;children&apos;: [], &apos;features&apos;: {}}, {&apos;type&apos;: &apos;text&apos;, &apos;bbox&apos;: (177.29000000000002, 563.005, 180.06000000000003, 576.295), &apos;color_space&apos;: &apos;DeviceGray&apos;, &apos;ncolor&apos;: None, &apos;size&apos;: 13.289999999999964, &apos;value&apos;: &apos;.&apos;, &apos;children&apos;: [], &apos;features&apos;: {}}, {&apos;type&apos;: &apos;text&apos;, &apos;bbox&apos;: (180.06, 563.005, 182.83, 576.295), &apos;color_space&apos;: &apos;DeviceGray&apos;, &apos;ncolor&apos;: None, &apos;size&apos;: 13.289999999999964, &apos;value&apos;: &apos;.&apos;, &apos;children&apos;: [], &apos;features&apos;: {}}, {&apos;type&apos;: &apos;text&apos;, &apos;bbox&apos;: (182.83, 563.005, 185.60000000000002, 576.295), &apos;color_space&apos;: &apos;DeviceGray&apos;, &apos;ncolor&apos;: None, &apos;size&apos;: 13.289999999999964, &apos;value&apos;: &apos;.&apos;, &apos;children&apos;: [], &apos;features&apos;: {}}, {&apos;type&apos;: &apos;text&apos;, &apos;bbox&apos;: (185.60000000000002, 563.005, 188.37000000000003, 576.295), &apos;color_space&apos;: &apos;DeviceGray&apos;, &apos;ncolor&apos;: None, &apos;size&apos;: 13.289999999999964, &apos;value&apos;: &apos;.&apos;, &apos;children&apos;: [], &apos;features&apos;: {}}, {&apos;type&apos;: &apos;text&apos;, &apos;bbox&apos;: (188.37, 563.005, 191.14000000000001, 576.295), &apos;color_space&apos;: &apos;DeviceGray&apos;, &apos;ncolor&apos;: None, &apos;size&apos;: 13.289999999999964, &apos;value&apos;: &apos;.&apos;, &apos;children&apos;: [], &apos;features&apos;: {}}, {&apos;type&apos;: &apos;text&apos;, &apos;bbox&apos;: (191.14000000000001, 563.005, 193.91000000000003, 576.295), &apos;color_space&apos;: &apos;DeviceGray&apos;, &apos;ncolor&apos;: None, &apos;size&apos;: 13.289999999999964, &apos;value&apos;: &apos;.&apos;, &apos;children&apos;: [], &apos;features&apos;: {}}, {&apos;type&apos;: &apos;text&apos;, &apos;bbox&apos;: (193.91000000000003, 563.005, 196.68000000000004, 576.295), &apos;color_space&apos;: &apos;DeviceGray&apos;, &apos;ncolor&apos;: None, &apos;size&apos;: 13.289999999999964, &apos;value&apos;: &apos;.&apos;, &apos;children&apos;: [], &apos;features&apos;: {}}, {&apos;type&apos;: &apos;text&apos;, &apos;bbox&apos;: (196.68000000000004, 563.005, 199.45000000000005, 576.295), &apos;color_space&apos;: &apos;DeviceGray&apos;, &apos;ncolor&apos;: None, &apos;size&apos;: 13.289999999999964, &apos;value&apos;: &apos;.&apos;, &apos;children&apos;: [], &apos;features&apos;: {}}, {&apos;type&apos;: &apos;text&apos;, &apos;bbox&apos;: (199.45000000000005, 563.005, 202.22000000000006, 576.295), &apos;color_space&apos;: &apos;DeviceGray&apos;, &apos;ncolor&apos;: None, &apos;size&apos;: 13.289999999999964, &apos;value&apos;: &apos;.&apos;, &apos;children&apos;: [], &apos;features&apos;: {}}, {&apos;type&apos;: &apos;text&apos;, &apos;bbox&apos;: (202.22000000000003, 563.005, 204.99000000000004, 576.295), &apos;color_space&apos;: &apos;DeviceGray&apos;, &apos;ncolor&apos;: None, &apos;size&apos;: 13.289999999999964, &apos;value&apos;: &apos;.&apos;, &apos;children&apos;: [], &apos;features&apos;: {}}, {&apos;type&apos;: &apos;text&apos;, &apos;bbox&apos;: (204.99000000000004, 563.005, 207.76000000000005, 576.295), &apos;color_space&apos;: &apos;DeviceGray&apos;, &apos;ncolor&apos;: None, &apos;size&apos;: 13.289999999999964, &apos;value&apos;: &apos;.&apos;, &apos;children&apos;: [], &apos;features&apos;: {}}, {&apos;type&apos;: &apos;text&apos;, &apos;bbox&apos;: (207.76000000000005, 563.005, 210.53000000000006, 576.295), &apos;color_space&apos;: &apos;DeviceGray&apos;, &apos;ncolor&apos;: None, &apos;size&apos;: 13.289999999999964, &apos;value&apos;: &apos;.&apos;, &apos;children&apos;: [], &apos;features&apos;: {}}, {&apos;type&apos;: &apos;text&apos;, &apos;bbox&apos;: (210.53000000000003, 563.005, 213.30000000000004, 576.295), &apos;color_space&apos;: &apos;DeviceGray&apos;, &apos;ncolor&apos;: None, &apos;size&apos;: 13.289999999999964, &apos;value&apos;: &apos;.&apos;, &apos;children&apos;: [], &apos;features&apos;: {}}, {&apos;type&apos;: &apos;text&apos;, &apos;bbox&apos;: (213.30000000000004, 563.005, 216.07000000000005, 576.295), &apos;color_space&apos;: &apos;DeviceGray&apos;, &apos;ncolor&apos;: None, &apos;size&apos;: 13.289999999999964, &apos;value&apos;: &apos;.&apos;, &apos;children&apos;: [], &apos;features&apos;: {}}, {&apos;type&apos;: &apos;text&apos;, &apos;bbox&apos;: (216.07000000000005, 563.005, 218.84000000000006, 576.295), &apos;color_space&apos;: &apos;DeviceGray&apos;, &apos;ncolor&apos;: None, &apos;size&apos;: 13.289999999999964, &apos;value&apos;: &apos;.&apos;, &apos;children&apos;: [], &apos;features&apos;: {}}, {&apos;type&apos;: &apos;text&apos;, &apos;bbox&apos;: (218.84000000000003, 563.005, 221.61000000000004, 576.295), &apos;color_space&apos;: &apos;DeviceGray&apos;, &apos;ncolor&apos;: None, &apos;size&apos;: 13.289999999999964, &apos;value&apos;: &apos;.&apos;, &apos;children&apos;: [], &apos;features&apos;: {}}, {&apos;type&apos;: &apos;text&apos;, &apos;bbox&apos;: (221.61000000000004, 563.005, 224.38000000000005, 576.295), &apos;color_space&apos;: &apos;DeviceGray&apos;, &apos;ncolor&apos;: None, &apos;size&apos;: 13.289999999999964, &apos;value&apos;: &apos;.&apos;, &apos;children&apos;: [], &apos;features&apos;: {}}, {&apos;type&apos;: &apos;text&apos;, &apos;bbox&apos;: (224.38000000000005, 563.005, 227.15000000000006, 576.295), &apos;color_space&apos;: &apos;DeviceGray&apos;, &apos;ncolor&apos;: None, &apos;size&apos;: 13.289999999999964, &apos;value&apos;: &apos;.&apos;, &apos;children&apos;: [], &apos;features&apos;: {}}, {&apos;type&apos;: &apos;text&apos;, &apos;bbox&apos;: (227.15000000000003, 563.005, 229.92000000000004, 576.295), &apos;color_space&apos;: &apos;DeviceGray&apos;, &apos;ncolor&apos;: None, &apos;size&apos;: 13.289999999999964, &apos;value&apos;: &apos;.&apos;, &apos;children&apos;: [], &apos;features&apos;: {}}, {&apos;type&apos;: &apos;text&apos;, &apos;bbox&apos;: (229.92000000000002, 563.005, 232.69000000000003, 576.295), &apos;color_space&apos;: &apos;DeviceGray&apos;, &apos;ncolor&apos;: None, &apos;size&apos;: 13.289999999999964, &apos;value&apos;: &apos;.&apos;, &apos;children&apos;: [], &apos;features&apos;: {}}, {&apos;type&apos;: &apos;text&apos;, &apos;bbox&apos;: (232.69000000000003, 563.005, 235.46000000000004, 576.295), &apos;color_space&apos;: &apos;DeviceGray&apos;, &apos;ncolor&apos;: None, &apos;size&apos;: 13.289999999999964, &apos;value&apos;: &apos;.&apos;, &apos;children&apos;: [], &apos;features&apos;: {}}, {&apos;type&apos;: &apos;text&apos;, &apos;bbox&apos;: (235.46000000000004, 563.005, 238.23000000000005, 576.295), &apos;color_space&apos;: &apos;DeviceGray&apos;, &apos;ncolor&apos;: None, &apos;size&apos;: 13.289999999999964, &apos;value&apos;: &apos;.&apos;, &apos;children&apos;: [], &apos;features&apos;: {}}, {&apos;type&apos;: &apos;text&apos;, &apos;bbox&apos;: (238.23000000000002, 563.005, 241.00000000000003, 576.295), &apos;color_space&apos;: &apos;DeviceGray&apos;, &apos;ncolor&apos;: None, &apos;size&apos;: 13.289999999999964, &apos;value&apos;: &apos;.&apos;, &apos;children&apos;: [], &apos;features&apos;: {}}, {&apos;type&apos;: &apos;text&apos;, &apos;bbox&apos;: (241.0, 563.005, 243.77, 576.295), &apos;color_space&apos;: &apos;DeviceGray&apos;, &apos;ncolor&apos;: None, &apos;size&apos;: 13.289999999999964, &apos;value&apos;: &apos;.&apos;, &apos;children&apos;: [], &apos;features&apos;: {}}, {&apos;type&apos;: &apos;text&apos;, &apos;bbox&apos;: (243.77, 563.005, 246.54000000000002, 576.295), &apos;color_space&apos;: &apos;DeviceGray&apos;, &apos;ncolor&apos;: None, &apos;size&apos;: 13.289999999999964, &apos;value&apos;: &apos;.&apos;, &apos;children&apos;: [], &apos;features&apos;: {}}, {&apos;type&apos;: &apos;text&apos;, &apos;bbox&apos;: (246.54000000000002, 563.005, 249.31000000000003, 576.295), &apos;color_space&apos;: &apos;DeviceGray&apos;, &apos;ncolor&apos;: None, &apos;size&apos;: 13.289999999999964, &apos;value&apos;: &apos;.&apos;, &apos;children&apos;: [], &apos;features&apos;: {}}, {&apos;type&apos;: &apos;text&apos;, &apos;bbox&apos;: (249.31, 563.005, 252.08, 576.295), &apos;color_space&apos;: &apos;DeviceGray&apos;, &apos;ncolor&apos;: None, &apos;size&apos;: 13.289999999999964, &apos;value&apos;: &apos;.&apos;, &apos;children&apos;: [], &apos;features&apos;: {}}, {&apos;type&apos;: &apos;text&apos;, &apos;bbox&apos;: (252.07999999999998, 563.005, 254.85, 576.295), &apos;color_space&apos;: &apos;DeviceGray&apos;, &apos;ncolor&apos;: None, &apos;size&apos;: 13.289999999999964, &apos;value&apos;: &apos;.&apos;, &apos;children&apos;: [], &apos;features&apos;: {}}, {&apos;type&apos;: &apos;text&apos;, &apos;bbox&apos;: (254.85, 563.005, 257.62, 576.295), &apos;color_space&apos;: &apos;DeviceGray&apos;, &apos;ncolor&apos;: None, &apos;size&apos;: 13.289999999999964, &apos;value&apos;: &apos;.&apos;, &apos;children&apos;: [], &apos;features&apos;: {}}, {&apos;type&apos;: &apos;text&apos;, &apos;bbox&apos;: (257.62, 563.005, 260.39, 576.295), &apos;color_space&apos;: &apos;DeviceGray&apos;, &apos;ncolor&apos;: None, &apos;size&apos;: 13.289999999999964, &apos;value&apos;: &apos;.&apos;, &apos;children&apos;: [], &apos;features&apos;: {}}, {&apos;type&apos;: &apos;text&apos;, &apos;bbox&apos;: (260.39, 563.005, 263.15999999999997, 576.295), &apos;color_space&apos;: &apos;DeviceGray&apos;, &apos;ncolor&apos;: None, &apos;size&apos;: 13.289999999999964, &apos;value&apos;: &apos;.&apos;, &apos;children&apos;: [], &apos;features&apos;: {}}, {&apos;type&apos;: &apos;text&apos;, &apos;bbox&apos;: (263.15999999999997, 563.005, 265.92999999999995, 576.295), &apos;color_space&apos;: &apos;DeviceGray&apos;, &apos;ncolor&apos;: None, &apos;size&apos;: 13.289999999999964, &apos;value&apos;: &apos;.&apos;, &apos;children&apos;: [], &apos;features&apos;: {}}, {&apos;type&apos;: &apos;text&apos;, &apos;bbox&apos;: (265.92999999999995, 563.005, 268.69999999999993, 576.295), &apos;color_space&apos;: &apos;DeviceGray&apos;, &apos;ncolor&apos;: None, &apos;size&apos;: 13.289999999999964, &apos;value&apos;: &apos;.&apos;, &apos;children&apos;: [], &apos;features&apos;: {}}, {&apos;type&apos;: &apos;text&apos;, &apos;bbox&apos;: (268.7, 563.005, 271.46999999999997, 576.295), &apos;color_space&apos;: &apos;DeviceGray&apos;, &apos;ncolor&apos;: None, &apos;size&apos;: 13.289999999999964, &apos;value&apos;: &apos;.&apos;, &apos;children&apos;: [], &apos;features&apos;: {}}, {&apos;type&apos;: &apos;text&apos;, &apos;bbox&apos;: (271.46999999999997, 563.005, 274.23999999999995, 576.295), &apos;color_space&apos;: &apos;DeviceGray&apos;, &apos;ncolor&apos;: None, &apos;size&apos;: 13.289999999999964, &apos;value&apos;: &apos;.&apos;, &apos;children&apos;: [], &apos;features&apos;: {}}, {&apos;type&apos;: &apos;text&apos;, &apos;bbox&apos;: (274.23999999999995, 563.005, 277.00999999999993, 576.295), &apos;color_space&apos;: &apos;DeviceGray&apos;, &apos;ncolor&apos;: None, &apos;size&apos;: 13.289999999999964, &apos;value&apos;: &apos;.&apos;, &apos;children&apos;: [], &apos;features&apos;: {}}, {&apos;type&apos;: &apos;text&apos;, &apos;bbox&apos;: (277.01, 563.005, 279.78, 576.295), &apos;color_space&apos;: &apos;DeviceGray&apos;, &apos;ncolor&apos;: None, &apos;size&apos;: 13.289999999999964, &apos;value&apos;: &apos;.&apos;, &apos;children&apos;: [], &apos;features&apos;: {}}, {&apos;type&apos;: &apos;text&apos;, &apos;bbox&apos;: (279.78, 563.005, 282.54999999999995, 576.295), &apos;color_space&apos;: &apos;DeviceGray&apos;, &apos;ncolor&apos;: None, &apos;size&apos;: 13.289999999999964, &apos;value&apos;: &apos;.&apos;, &apos;children&apos;: [], &apos;features&apos;: {}}, {&apos;type&apos;: &apos;text&apos;, &apos;bbox&apos;: (282.54999999999995, 563.005, 285.31999999999994, 576.295), &apos;color_space&apos;: &apos;DeviceGray&apos;, &apos;ncolor&apos;: None, &apos;size&apos;: 13.289999999999964, &apos;value&apos;: &apos;.&apos;, &apos;children&apos;: [], &apos;features&apos;: {}}, {&apos;type&apos;: &apos;text&apos;, &apos;bbox&apos;: (285.31999999999994, 563.005, 288.0899999999999, 576.295), &apos;color_space&apos;: &apos;DeviceGray&apos;, &apos;ncolor&apos;: None, &apos;size&apos;: 13.289999999999964, &apos;value&apos;: &apos;.&apos;, &apos;children&apos;: [], &apos;features&apos;: {}}, {&apos;type&apos;: &apos;text&apos;, &apos;bbox&apos;: (288.09, 563.005, 290.85999999999996, 576.295), &apos;color_space&apos;: &apos;DeviceGray&apos;, &apos;ncolor&apos;: None, &apos;size&apos;: 13.289999999999964, &apos;value&apos;: &apos;.&apos;, &apos;children&apos;: [], &apos;features&apos;: {}}, {&apos;type&apos;: &apos;text&apos;, &apos;bbox&apos;: (290.86, 563.005, 293.63, 576.295), &apos;color_space&apos;: &apos;DeviceGray&apos;, &apos;ncolor&apos;: None, &apos;size&apos;: 13.289999999999964, &apos;value&apos;: &apos;.&apos;, &apos;children&apos;: [], &apos;features&apos;: {}}, {&apos;type&apos;: &apos;text&apos;, &apos;bbox&apos;: (293.63, 563.005, 296.4, 576.295), &apos;color_space&apos;: &apos;DeviceGray&apos;, &apos;ncolor&apos;: None, &apos;size&apos;: 13.289999999999964, &apos;value&apos;: &apos;.&apos;, &apos;children&apos;: [], &apos;features&apos;: {}}, {&apos;type&apos;: &apos;text&apos;, &apos;bbox&apos;: (296.4, 563.005, 299.16999999999996, 576.295), &apos;color_space&apos;: &apos;DeviceGray&apos;, &apos;ncolor&apos;: None, &apos;size&apos;: 13.289999999999964, &apos;value&apos;: &apos;.&apos;, &apos;children&apos;: [], &apos;features&apos;: {}}, {&apos;type&apos;: &apos;text&apos;, &apos;bbox&apos;: (299.17, 563.005, 301.94, 576.295), &apos;color_space&apos;: &apos;DeviceGray&apos;, &apos;ncolor&apos;: None, &apos;size&apos;: 13.289999999999964, &apos;value&apos;: &apos;.&apos;, &apos;children&apos;: [], &apos;features&apos;: {}}, {&apos;type&apos;: &apos;text&apos;, &apos;bbox&apos;: (301.94000000000005, 563.005, 304.71000000000004, 576.295), &apos;color_space&apos;: &apos;DeviceGray&apos;, &apos;ncolor&apos;: None, &apos;size&apos;: 13.289999999999964, &apos;value&apos;: &apos;.&apos;, &apos;children&apos;: [], &apos;features&apos;: {}}, {&apos;type&apos;: &apos;text&apos;, &apos;bbox&apos;: (304.71000000000004, 563.005, 307.48, 576.295), &apos;color_space&apos;: &apos;DeviceGray&apos;, &apos;ncolor&apos;: None, &apos;size&apos;: 13.289999999999964, &apos;value&apos;: &apos;.&apos;, &apos;children&apos;: [], &apos;features&apos;: {}}, {&apos;type&apos;: &apos;text&apos;, &apos;bbox&apos;: (307.48, 563.005, 310.25, 576.295), &apos;color_space&apos;: &apos;DeviceGray&apos;, &apos;ncolor&apos;: None, &apos;size&apos;: 13.289999999999964, &apos;value&apos;: &apos;.&apos;, &apos;children&apos;: [], &apos;features&apos;: {}}, {&apos;type&apos;: &apos;text&apos;, &apos;bbox&apos;: (310.25000000000006, 563.005, 313.02000000000004, 576.295), &apos;color_space&apos;: &apos;DeviceGray&apos;, &apos;ncolor&apos;: None, &apos;size&apos;: 13.289999999999964, &apos;value&apos;: &apos;.&apos;, &apos;children&apos;: [], &apos;features&apos;: {}}, {&apos;type&apos;: &apos;text&apos;, &apos;bbox&apos;: (313.0200000000001, 563.005, 315.7900000000001, 576.295), &apos;color_space&apos;: &apos;DeviceGray&apos;, &apos;ncolor&apos;: None, &apos;size&apos;: 13.289999999999964, &apos;value&apos;: &apos;.&apos;, &apos;children&apos;: [], &apos;features&apos;: {}}, {&apos;type&apos;: &apos;text&apos;, &apos;bbox&apos;: (315.7900000000001, 563.005, 318.56000000000006, 576.295), &apos;color_space&apos;: &apos;DeviceGray&apos;, &apos;ncolor&apos;: None, &apos;size&apos;: 13.289999999999964, &apos;value&apos;: &apos;.&apos;, &apos;children&apos;: [], &apos;features&apos;: {}}, {&apos;type&apos;: &apos;text&apos;, &apos;bbox&apos;: (318.56000000000006, 563.005, 321.33000000000004, 576.295), &apos;color_space&apos;: &apos;DeviceGray&apos;, &apos;ncolor&apos;: None, &apos;size&apos;: 13.289999999999964, &apos;value&apos;: &apos;.&apos;, &apos;children&apos;: [], &apos;features&apos;: {}}, {&apos;type&apos;: &apos;text&apos;, &apos;bbox&apos;: (321.3300000000001, 563.005, 324.1000000000001, 576.295), &apos;color_space&apos;: &apos;DeviceGray&apos;, &apos;ncolor&apos;: None, &apos;size&apos;: 13.289999999999964, &apos;value&apos;: &apos;.&apos;, &apos;children&apos;: [], &apos;features&apos;: {}}, {&apos;type&apos;: &apos;text&apos;, &apos;bbox&apos;: (324.10000000000014, 563.005, 326.8700000000001, 576.295), &apos;color_space&apos;: &apos;DeviceGray&apos;, &apos;ncolor&apos;: None, &apos;size&apos;: 13.289999999999964, &apos;value&apos;: &apos;.&apos;, &apos;children&apos;: [], &apos;features&apos;: {}}, {&apos;type&apos;: &apos;text&apos;, &apos;bbox&apos;: (326.8700000000001, 563.005, 329.6400000000001, 576.295), &apos;color_space&apos;: &apos;DeviceGray&apos;, &apos;ncolor&apos;: None, &apos;size&apos;: 13.289999999999964, &apos;value&apos;: &apos;.&apos;, &apos;children&apos;: [], &apos;features&apos;: {}}, {&apos;type&apos;: &apos;text&apos;, &apos;bbox&apos;: (329.6400000000001, 563.005, 332.4100000000001, 576.295), &apos;color_space&apos;: &apos;DeviceGray&apos;, &apos;ncolor&apos;: None, &apos;size&apos;: 13.289999999999964, &apos;value&apos;: &apos;.&apos;, &apos;children&apos;: [], &apos;features&apos;: {}}, {&apos;type&apos;: &apos;text&apos;, &apos;bbox&apos;: (332.41000000000014, 563.005, 335.1800000000001, 576.295), &apos;color_space&apos;: &apos;DeviceGray&apos;, &apos;ncolor&apos;: None, &apos;size&apos;: 13.289999999999964, &apos;value&apos;: &apos;.&apos;, &apos;children&apos;: [], &apos;features&apos;: {}}, {&apos;type&apos;: &apos;text&apos;, &apos;bbox&apos;: (335.1800000000002, 563.005, 337.95000000000016, 576.295), &apos;color_space&apos;: &apos;DeviceGray&apos;, &apos;ncolor&apos;: None, &apos;size&apos;: 13.289999999999964, &apos;value&apos;: &apos;.&apos;, &apos;children&apos;: [], &apos;features&apos;: {}}, {&apos;type&apos;: &apos;text&apos;, &apos;bbox&apos;: (337.95000000000016, 563.005, 340.72000000000014, 576.295), &apos;color_space&apos;: &apos;DeviceGray&apos;, &apos;ncolor&apos;: None, &apos;size&apos;: 13.289999999999964, &apos;value&apos;: &apos;.&apos;, &apos;children&apos;: [], &apos;features&apos;: {}}, {&apos;type&apos;: &apos;text&apos;, &apos;bbox&apos;: (340.72000000000014, 563.005, 343.4900000000001, 576.295), &apos;color_space&apos;: &apos;DeviceGray&apos;, &apos;ncolor&apos;: None, &apos;size&apos;: 13.289999999999964, &apos;value&apos;: &apos;.&apos;, &apos;children&apos;: [], &apos;features&apos;: {}}, {&apos;type&apos;: &apos;text&apos;, &apos;bbox&apos;: (343.4900000000002, 563.005, 346.26000000000016, 576.295), &apos;color_space&apos;: &apos;DeviceGray&apos;, &apos;ncolor&apos;: None, &apos;size&apos;: 13.289999999999964, &apos;value&apos;: &apos;.&apos;, &apos;children&apos;: [], &apos;features&apos;: {}}, {&apos;type&apos;: &apos;text&apos;, &apos;bbox&apos;: (346.2600000000002, 563.005, 349.0300000000002, 576.295), &apos;color_space&apos;: &apos;DeviceGray&apos;, &apos;ncolor&apos;: None, &apos;size&apos;: 13.289999999999964, &apos;value&apos;: &apos;.&apos;, &apos;children&apos;: [], &apos;features&apos;: {}}, {&apos;type&apos;: &apos;text&apos;, &apos;bbox&apos;: (349.0300000000002, 563.005, 351.8000000000002, 576.295), &apos;color_space&apos;: &apos;DeviceGray&apos;, &apos;ncolor&apos;: None, &apos;size&apos;: 13.289999999999964, &apos;value&apos;: &apos;.&apos;, &apos;children&apos;: [], &apos;features&apos;: {}}, {&apos;type&apos;: &apos;text&apos;, &apos;bbox&apos;: (351.8000000000002, 563.005, 354.57000000000016, 576.295), &apos;color_space&apos;: &apos;DeviceGray&apos;, &apos;ncolor&apos;: None, &apos;size&apos;: 13.289999999999964, &apos;value&apos;: &apos;.&apos;, &apos;children&apos;: [], &apos;features&apos;: {}}, {&apos;type&apos;: &apos;text&apos;, &apos;bbox&apos;: (354.5700000000002, 563.005, 357.3400000000002, 576.295), &apos;color_space&apos;: &apos;DeviceGray&apos;, &apos;ncolor&apos;: None, &apos;size&apos;: 13.289999999999964, &apos;value&apos;: &apos;.&apos;, &apos;children&apos;: [], &apos;features&apos;: {}}, {&apos;type&apos;: &apos;text&apos;, &apos;bbox&apos;: (357.34000000000026, 563.005, 360.11000000000024, 576.295), &apos;color_space&apos;: &apos;DeviceGray&apos;, &apos;ncolor&apos;: None, &apos;size&apos;: 13.289999999999964, &apos;value&apos;: &apos;.&apos;, &apos;children&apos;: [], &apos;features&apos;: {}}, {&apos;type&apos;: &apos;text&apos;, &apos;bbox&apos;: (360.11000000000024, 563.005, 362.8800000000002, 576.295), &apos;color_space&apos;: &apos;DeviceGray&apos;, &apos;ncolor&apos;: None, &apos;size&apos;: 13.289999999999964, &apos;value&apos;: &apos;.&apos;, &apos;children&apos;: [], &apos;features&apos;: {}}, {&apos;type&apos;: &apos;text&apos;, &apos;bbox&apos;: (362.8800000000002, 563.005, 365.6500000000002, 576.295), &apos;color_space&apos;: &apos;DeviceGray&apos;, &apos;ncolor&apos;: None, &apos;size&apos;: 13.289999999999964, &apos;value&apos;: &apos;.&apos;, &apos;children&apos;: [], &apos;features&apos;: {}}, {&apos;type&apos;: &apos;text&apos;, &apos;bbox&apos;: (365.65000000000026, 563.005, 368.42000000000024, 576.295), &apos;color_space&apos;: &apos;DeviceGray&apos;, &apos;ncolor&apos;: None, &apos;size&apos;: 13.289999999999964, &apos;value&apos;: &apos;.&apos;, &apos;children&apos;: [], &apos;features&apos;: {}}, {&apos;type&apos;: &apos;text&apos;, &apos;bbox&apos;: (368.4200000000003, 563.005, 371.1900000000003, 576.295), &apos;color_space&apos;: &apos;DeviceGray&apos;, &apos;ncolor&apos;: None, &apos;size&apos;: 13.289999999999964, &apos;value&apos;: &apos;.&apos;, &apos;children&apos;: [], &apos;features&apos;: {}}, {&apos;type&apos;: &apos;text&apos;, &apos;bbox&apos;: (371.1900000000003, 563.005, 373.96000000000026, 576.295), &apos;color_space&apos;: &apos;DeviceGray&apos;, &apos;ncolor&apos;: None, &apos;size&apos;: 13.289999999999964, &apos;value&apos;: &apos;.&apos;, &apos;children&apos;: [], &apos;features&apos;: {}}, {&apos;type&apos;: &apos;text&apos;, &apos;bbox&apos;: (373.96000000000026, 563.005, 376.73000000000025, 576.295), &apos;color_space&apos;: &apos;DeviceGray&apos;, &apos;ncolor&apos;: None, &apos;size&apos;: 13.289999999999964, &apos;value&apos;: &apos;.&apos;, &apos;children&apos;: [], &apos;features&apos;: {}}, {&apos;type&apos;: &apos;text&apos;, &apos;bbox&apos;: (376.7300000000003, 563.005, 379.5000000000003, 576.295), &apos;color_space&apos;: &apos;DeviceGray&apos;, &apos;ncolor&apos;: None, &apos;size&apos;: 13.289999999999964, &apos;value&apos;: &apos;.&apos;, &apos;children&apos;: [], &apos;features&apos;: {}}, {&apos;type&apos;: &apos;text&apos;, &apos;bbox&apos;: (379.50000000000034, 563.005, 382.2700000000003, 576.295), &apos;color_space&apos;: &apos;DeviceGray&apos;, &apos;ncolor&apos;: None, &apos;size&apos;: 13.289999999999964, &apos;value&apos;: &apos;.&apos;, &apos;children&apos;: [], &apos;features&apos;: {}}, {&apos;type&apos;: &apos;text&apos;, &apos;bbox&apos;: (382.2700000000003, 563.005, 385.0400000000003, 576.295), &apos;color_space&apos;: &apos;DeviceGray&apos;, &apos;ncolor&apos;: None, &apos;size&apos;: 13.289999999999964, &apos;value&apos;: &apos;.&apos;, &apos;children&apos;: [], &apos;features&apos;: {}}, {&apos;type&apos;: &apos;text&apos;, &apos;bbox&apos;: (385.0400000000003, 563.005, 387.8100000000003, 576.295), &apos;color_space&apos;: &apos;DeviceGray&apos;, &apos;ncolor&apos;: None, &apos;size&apos;: 13.289999999999964, &apos;value&apos;: &apos;.&apos;, &apos;children&apos;: [], &apos;features&apos;: {}}, {&apos;type&apos;: &apos;text&apos;, &apos;bbox&apos;: (387.81000000000034, 563.005, 390.5800000000003, 576.295), &apos;color_space&apos;: &apos;DeviceGray&apos;, &apos;ncolor&apos;: None, &apos;size&apos;: 13.289999999999964, &apos;value&apos;: &apos;.&apos;, &apos;children&apos;: [], &apos;features&apos;: {}}, {&apos;type&apos;: &apos;text&apos;, &apos;bbox&apos;: (390.5800000000004, 563.005, 393.35000000000036, 576.295), &apos;color_space&apos;: &apos;DeviceGray&apos;, &apos;ncolor&apos;: None, &apos;size&apos;: 13.289999999999964, &apos;value&apos;: &apos;.&apos;, &apos;children&apos;: [], &apos;features&apos;: {}}, {&apos;type&apos;: &apos;text&apos;, &apos;bbox&apos;: (393.35000000000036, 563.005, 396.12000000000035, 576.295), &apos;color_space&apos;: &apos;DeviceGray&apos;, &apos;ncolor&apos;: None, &apos;size&apos;: 13.289999999999964, &apos;value&apos;: &apos;.&apos;, &apos;children&apos;: [], &apos;features&apos;: {}}, {&apos;type&apos;: &apos;text&apos;, &apos;bbox&apos;: (396.12000000000035, 563.005, 398.8900000000003, 576.295), &apos;color_space&apos;: &apos;DeviceGray&apos;, &apos;ncolor&apos;: None, &apos;size&apos;: 13.289999999999964, &apos;value&apos;: &apos;.&apos;, &apos;children&apos;: [], &apos;features&apos;: {}}, {&apos;type&apos;: &apos;text&apos;, &apos;bbox&apos;: (398.8900000000004, 563.005, 401.66000000000037, 576.295), &apos;color_space&apos;: &apos;DeviceGray&apos;, &apos;ncolor&apos;: None, &apos;size&apos;: 13.289999999999964, &apos;value&apos;: &apos;.&apos;, &apos;children&apos;: [], &apos;features&apos;: {}}, {&apos;type&apos;: &apos;text&apos;, &apos;bbox&apos;: (401.6600000000004, 563.005, 404.4300000000004, 576.295), &apos;color_space&apos;: &apos;DeviceGray&apos;, &apos;ncolor&apos;: None, &apos;size&apos;: 13.289999999999964, &apos;value&apos;: &apos;.&apos;, &apos;children&apos;: [], &apos;features&apos;: {}}, {&apos;type&apos;: &apos;text&apos;, &apos;bbox&apos;: (404.4300000000004, 563.005, 407.2000000000004, 576.295), &apos;color_space&apos;: &apos;DeviceGray&apos;, &apos;ncolor&apos;: None, &apos;size&apos;: 13.289999999999964, &apos;value&apos;: &apos;.&apos;, &apos;children&apos;: [], &apos;features&apos;: {}}, {&apos;type&apos;: &apos;text&apos;, &apos;bbox&apos;: (407.2000000000004, 563.005, 409.97000000000037, 576.295), &apos;color_space&apos;: &apos;DeviceGray&apos;, &apos;ncolor&apos;: None, &apos;size&apos;: 13.289999999999964, &apos;value&apos;: &apos;.&apos;, &apos;children&apos;: [], &apos;features&apos;: {}}, {&apos;type&apos;: &apos;text&apos;, &apos;bbox&apos;: (409.9700000000004, 563.005, 412.7400000000004, 576.295), &apos;color_space&apos;: &apos;DeviceGray&apos;, &apos;ncolor&apos;: None, &apos;size&apos;: 13.289999999999964, &apos;value&apos;: &apos;.&apos;, &apos;children&apos;: [], &apos;features&apos;: {}}, {&apos;type&apos;: &apos;text&apos;, &apos;bbox&apos;: (412.7400000000004, 563.005, 415.5100000000004, 576.295), &apos;color_space&apos;: &apos;DeviceGray&apos;, &apos;ncolor&apos;: None, &apos;size&apos;: 13.289999999999964, &apos;value&apos;: &apos;.&apos;, &apos;children&apos;: [], &apos;features&apos;: {}}, {&apos;type&apos;: &apos;text&apos;, &apos;bbox&apos;: (415.5100000000004, 563.005, 418.28000000000037, 576.295), &apos;color_space&apos;: &apos;DeviceGray&apos;, &apos;ncolor&apos;: None, &apos;size&apos;: 13.289999999999964, &apos;value&apos;: &apos;.&apos;, &apos;children&apos;: [], &apos;features&apos;: {}}, {&apos;type&apos;: &apos;text&apos;, &apos;bbox&apos;: (418.28000000000037, 563.005, 421.05000000000035, 576.295), &apos;color_space&apos;: &apos;DeviceGray&apos;, &apos;ncolor&apos;: None, &apos;size&apos;: 13.289999999999964, &apos;value&apos;: &apos;.&apos;, &apos;children&apos;: [], &apos;features&apos;: {}}, {&apos;type&apos;: &apos;text&apos;, &apos;bbox&apos;: (421.05000000000035, 563.005, 423.82000000000033, 576.295), &apos;color_space&apos;: &apos;DeviceGray&apos;, &apos;ncolor&apos;: None, &apos;size&apos;: 13.289999999999964, &apos;value&apos;: &apos;.&apos;, &apos;children&apos;: [], &apos;features&apos;: {}}, {&apos;type&apos;: &apos;text&apos;, &apos;bbox&apos;: (423.82000000000033, 563.005, 426.5900000000003, 576.295), &apos;color_space&apos;: &apos;DeviceGray&apos;, &apos;ncolor&apos;: None, &apos;size&apos;: 13.289999999999964, &apos;value&apos;: &apos;.&apos;, &apos;children&apos;: [], &apos;features&apos;: {}}, {&apos;type&apos;: &apos;text&apos;, &apos;bbox&apos;: (426.5900000000003, 563.005, 429.3600000000003, 576.295), &apos;color_space&apos;: &apos;DeviceGray&apos;, &apos;ncolor&apos;: None, &apos;size&apos;: 13.289999999999964, &apos;value&apos;: &apos;.&apos;, &apos;children&apos;: [], &apos;features&apos;: {}}, {&apos;type&apos;: &apos;text&apos;, &apos;bbox&apos;: (429.3600000000003, 563.005, 432.1300000000003, 576.295), &apos;color_space&apos;: &apos;DeviceGray&apos;, &apos;ncolor&apos;: None, &apos;size&apos;: 13.289999999999964, &apos;value&apos;: &apos;.&apos;, &apos;children&apos;: [], &apos;features&apos;: {}}, {&apos;type&apos;: &apos;text&apos;, &apos;bbox&apos;: (432.1300000000003, 563.005, 434.90000000000026, 576.295), &apos;color_space&apos;: &apos;DeviceGray&apos;, &apos;ncolor&apos;: None, &apos;size&apos;: 13.289999999999964, &apos;value&apos;: &apos;.&apos;, &apos;children&apos;: [], &apos;features&apos;: {}}, {&apos;type&apos;: &apos;text&apos;, &apos;bbox&apos;: (434.90000000000026, 563.005, 437.67000000000024, 576.295), &apos;color_space&apos;: &apos;DeviceGray&apos;, &apos;ncolor&apos;: None, &apos;size&apos;: 13.289999999999964, &apos;value&apos;: &apos;.&apos;, &apos;children&apos;: [], &apos;features&apos;: {}}, {&apos;type&apos;: &apos;text&apos;, &apos;bbox&apos;: (437.67000000000024, 563.005, 440.4400000000002, 576.295), &apos;color_space&apos;: &apos;DeviceGray&apos;, &apos;ncolor&apos;: None, &apos;size&apos;: 13.289999999999964, &apos;value&apos;: &apos;.&apos;, &apos;children&apos;: [], &apos;features&apos;: {}}, {&apos;type&apos;: &apos;text&apos;, &apos;bbox&apos;: (440.4400000000002, 563.005, 443.2100000000002, 576.295), &apos;color_space&apos;: &apos;DeviceGray&apos;, &apos;ncolor&apos;: None, &apos;size&apos;: 13.289999999999964, &apos;value&apos;: &apos;.&apos;, &apos;children&apos;: [], &apos;features&apos;: {}}, {&apos;type&apos;: &apos;text&apos;, &apos;bbox&apos;: (443.2100000000002, 563.005, 445.9800000000002, 576.295), &apos;color_space&apos;: &apos;DeviceGray&apos;, &apos;ncolor&apos;: None, &apos;size&apos;: 13.289999999999964, &apos;value&apos;: &apos;.&apos;, &apos;children&apos;: [], &apos;features&apos;: {}}, {&apos;type&apos;: &apos;text&apos;, &apos;bbox&apos;: (445.9800000000002, 563.005, 448.75000000000017, 576.295), &apos;color_space&apos;: &apos;DeviceGray&apos;, &apos;ncolor&apos;: None, &apos;size&apos;: 13.289999999999964, &apos;value&apos;: &apos;.&apos;, &apos;children&apos;: [], &apos;features&apos;: {}}, {&apos;type&apos;: &apos;text&apos;, &apos;bbox&apos;: (448.75000000000017, 563.005, 451.52000000000015, 576.295), &apos;color_space&apos;: &apos;DeviceGray&apos;, &apos;ncolor&apos;: None, &apos;size&apos;: 13.289999999999964, &apos;value&apos;: &apos;.&apos;, &apos;children&apos;: [], &apos;features&apos;: {}}, {&apos;type&apos;: &apos;text&apos;, &apos;bbox&apos;: (451.52000000000015, 563.005, 454.29000000000013, 576.295), &apos;color_space&apos;: &apos;DeviceGray&apos;, &apos;ncolor&apos;: None, &apos;size&apos;: 13.289999999999964, &apos;value&apos;: &apos;.&apos;, &apos;children&apos;: [], &apos;features&apos;: {}}, {&apos;type&apos;: &apos;text&apos;, &apos;bbox&apos;: (454.29000000000013, 563.005, 457.0600000000001, 576.295), &apos;color_space&apos;: &apos;DeviceGray&apos;, &apos;ncolor&apos;: None, &apos;size&apos;: 13.289999999999964, &apos;value&apos;: &apos;.&apos;, &apos;children&apos;: [], &apos;features&apos;: {}}, {&apos;type&apos;: &apos;text&apos;, &apos;bbox&apos;: (457.0600000000001, 563.005, 459.8300000000001, 576.295), &apos;color_space&apos;: &apos;DeviceGray&apos;, &apos;ncolor&apos;: None, &apos;size&apos;: 13.289999999999964, &apos;value&apos;: &apos;.&apos;, &apos;children&apos;: [], &apos;features&apos;: {}}, {&apos;type&apos;: &apos;text&apos;, &apos;bbox&apos;: (459.8300000000001, 563.005, 462.6000000000001, 576.295), &apos;color_space&apos;: &apos;DeviceGray&apos;, &apos;ncolor&apos;: None, &apos;size&apos;: 13.289999999999964, &apos;value&apos;: &apos;.&apos;, &apos;children&apos;: [], &apos;features&apos;: {}}, {&apos;type&apos;: &apos;text&apos;, &apos;bbox&apos;: (462.6000000000001, 563.005, 465.37000000000006, 576.295), &apos;color_space&apos;: &apos;DeviceGray&apos;, &apos;ncolor&apos;: None, &apos;size&apos;: 13.289999999999964, &apos;value&apos;: &apos;.&apos;, &apos;children&apos;: [], &apos;features&apos;: {}}, {&apos;type&apos;: &apos;text&apos;, &apos;bbox&apos;: (465.37000000000006, 563.005, 468.14000000000004, 576.295), &apos;color_space&apos;: &apos;DeviceGray&apos;, &apos;ncolor&apos;: None, &apos;size&apos;: 13.289999999999964, &apos;value&apos;: &apos;.&apos;, &apos;children&apos;: [], &apos;features&apos;: {}}, {&apos;type&apos;: &apos;text&apos;, &apos;bbox&apos;: (468.14000000000004, 563.005, 470.91, 576.295), &apos;color_space&apos;: &apos;DeviceGray&apos;, &apos;ncolor&apos;: None, &apos;size&apos;: 13.289999999999964, &apos;value&apos;: &apos;.&apos;, &apos;children&apos;: [], &apos;features&apos;: {}}, {&apos;type&apos;: &apos;text&apos;, &apos;bbox&apos;: (470.91, 563.005, 473.68, 576.295), &apos;color_space&apos;: &apos;DeviceGray&apos;, &apos;ncolor&apos;: None, &apos;size&apos;: 13.289999999999964, &apos;value&apos;: &apos;.&apos;, &apos;children&apos;: [], &apos;features&apos;: {}}, {&apos;type&apos;: &apos;text&apos;, &apos;bbox&apos;: (473.68, 563.005, 476.45, 576.295), &apos;color_space&apos;: &apos;DeviceGray&apos;, &apos;ncolor&apos;: None, &apos;size&apos;: 13.289999999999964, &apos;value&apos;: &apos;.&apos;, &apos;children&apos;: [], &apos;features&apos;: {}}, {&apos;type&apos;: &apos;text&apos;, &apos;bbox&apos;: (476.45, 563.005, 479.21999999999997, 576.295), &apos;color_space&apos;: &apos;DeviceGray&apos;, &apos;ncolor&apos;: None, &apos;size&apos;: 13.289999999999964, &apos;value&apos;: &apos;.&apos;, &apos;children&apos;: [], &apos;features&apos;: {}}, {&apos;type&apos;: &apos;text&apos;, &apos;bbox&apos;: (479.21999999999997, 563.005, 481.98999999999995, 576.295), &apos;color_space&apos;: &apos;DeviceGray&apos;, &apos;ncolor&apos;: None, &apos;size&apos;: 13.289999999999964, &apos;value&apos;: &apos;.&apos;, &apos;children&apos;: [], &apos;features&apos;: {}}, {&apos;type&apos;: &apos;text&apos;, &apos;bbox&apos;: (483.986, 563.005, 489.546, 576.295), &apos;color_space&apos;: &apos;DeviceGray&apos;, &apos;ncolor&apos;: None, &apos;size&apos;: 13.289999999999964, &apos;value&apos;: &apos;3&apos;, &apos;children&apos;: [], &apos;features&apos;: {}}, {&apos;type&apos;: &apos;text&apos;, &apos;bbox&apos;: (489.546, 563.005, 492.876, 576.295), &apos;color_space&apos;: &apos;DeviceGray&apos;, &apos;ncolor&apos;: None, &apos;size&apos;: 13.289999999999964, &apos;value&apos;: &apos;-&apos;, &apos;children&apos;: [], &apos;features&apos;: {}}, {&apos;type&apos;: &apos;text&apos;, &apos;bbox&apos;: (492.877, 563.005, 498.437, 576.295), &apos;color_space&apos;: &apos;DeviceGray&apos;, &apos;ncolor&apos;: None, &apos;size&apos;: 13.289999999999964, &apos;value&apos;: &apos;2&apos;, &apos;children&apos;: [], &apos;features&apos;: {}}, {&apos;type&apos;: &apos;text&apos;, &apos;bbox&apos;: (498.437, 563.005, 503.997, 576.295), &apos;color_space&apos;: &apos;DeviceGray&apos;, &apos;ncolor&apos;: None, &apos;size&apos;: 13.289999999999964, &apos;value&apos;: &apos;0&apos;, &apos;children&apos;: [], &apos;features&apos;: {}}], &apos;features&apos;: {}}
*********************





--------------------------------- CONTENT AREA --------------------------------- 
This content area has an image
{&apos;type&apos;: &apos;figure&apos;, &apos;bbox&apos;: (0, 0, 612.0, 792.0), &apos;name&apos;: &apos;fx26&apos;, &apos;children&apos;: [{&apos;type&apos;: &apos;text&apos;, &apos;bbox&apos;: (78.0, 546.784, 83.57, 560.264), &apos;color_space&apos;: &apos;DeviceGray&apos;, &apos;ncolor&apos;: None, &apos;size&apos;: 13.480000000000018, &apos;value&apos;: &apos;F&apos;, &apos;children&apos;: [], &apos;features&apos;: {}}, {&apos;type&apos;: &apos;text&apos;, &apos;bbox&apos;: (83.57, 546.784, 89.66999999999999, 560.264), &apos;color_space&apos;: &apos;DeviceGray&apos;, &apos;ncolor&apos;: None, &apos;size&apos;: 13.480000000000018, &apos;value&apos;: &apos;S&apos;, &apos;children&apos;: [], &apos;features&apos;: {}}, {&apos;type&apos;: &apos;text&apos;, &apos;bbox&apos;: (89.67, 546.784, 93.56, 560.264), &apos;color_space&apos;: &apos;DeviceGray&apos;, &apos;ncolor&apos;: None, &apos;size&apos;: 13.480000000000018, &apos;value&apos;: &apos;I&apos;, &apos;children&apos;: [], &apos;features&apos;: {}}, {&apos;type&apos;: &apos;text&apos;, &apos;bbox&apos;: (93.56, 546.784, 98.56, 560.264), &apos;color_space&apos;: &apos;DeviceGray&apos;, &apos;ncolor&apos;: None, &apos;size&apos;: 13.480000000000018, &apos;value&apos;: &apos;_&apos;, &apos;children&apos;: [], &apos;features&apos;: {}}, {&apos;type&apos;: &apos;text&apos;, &apos;bbox&apos;: (98.56, 546.784, 106.87, 560.264), &apos;color_space&apos;: &apos;DeviceGray&apos;, &apos;ncolor&apos;: None, &apos;size&apos;: 13.480000000000018, &apos;value&apos;: &apos;D&apos;, &apos;children&apos;: [], &apos;features&apos;: {}}, {&apos;type&apos;: &apos;text&apos;, &apos;bbox&apos;: (106.87, 546.784, 111.87, 560.264), &apos;color_space&apos;: &apos;DeviceGray&apos;, &apos;ncolor&apos;: None, &apos;size&apos;: 13.480000000000018, &apos;value&apos;: &apos;_&apos;, &apos;children&apos;: [], &apos;features&apos;: {}}, {&apos;type&apos;: &apos;text&apos;, &apos;bbox&apos;: (111.87, 546.784, 121.87, 560.264), &apos;color_space&apos;: &apos;DeviceGray&apos;, &apos;ncolor&apos;: None, &apos;size&apos;: 13.480000000000018, &apos;value&apos;: &apos;M&apos;, &apos;children&apos;: [], &apos;features&apos;: {}}, {&apos;type&apos;: &apos;text&apos;, &apos;bbox&apos;: (121.87, 546.784, 127.92, 560.264), &apos;color_space&apos;: &apos;DeviceGray&apos;, &apos;ncolor&apos;: None, &apos;size&apos;: 13.480000000000018, &apos;value&apos;: &apos;E&apos;, &apos;children&apos;: [], &apos;features&apos;: {}}, {&apos;type&apos;: &apos;text&apos;, &apos;bbox&apos;: (127.92, 546.784, 135.05, 560.264), &apos;color_space&apos;: &apos;DeviceGray&apos;, &apos;ncolor&apos;: None, &apos;size&apos;: 13.480000000000018, &apos;value&apos;: &apos;R&apos;, &apos;children&apos;: [], &apos;features&apos;: {}}, {&apos;type&apos;: &apos;text&apos;, &apos;bbox&apos;: (135.05, 546.784, 142.27, 560.264), &apos;color_space&apos;: &apos;DeviceGray&apos;, &apos;ncolor&apos;: None, &apos;size&apos;: 13.480000000000018, &apos;value&apos;: &apos;C&apos;, &apos;children&apos;: [], &apos;features&apos;: {}}, {&apos;type&apos;: &apos;text&apos;, &apos;bbox&apos;: (142.27, 546.784, 150.60000000000002, 560.264), &apos;color_space&apos;: &apos;DeviceGray&apos;, &apos;ncolor&apos;: None, &apos;size&apos;: 13.480000000000018, &apos;value&apos;: &apos;H&apos;, &apos;children&apos;: [], &apos;features&apos;: {}}, {&apos;type&apos;: &apos;text&apos;, &apos;bbox&apos;: (150.60000000000002, 546.784, 158.37000000000003, 560.264), &apos;color_space&apos;: &apos;DeviceGray&apos;, &apos;ncolor&apos;: None, &apos;size&apos;: 13.480000000000018, &apos;value&apos;: &apos;A&apos;, &apos;children&apos;: [], &apos;features&apos;: {}}, {&apos;type&apos;: &apos;text&apos;, &apos;bbox&apos;: (158.37, 546.784, 166.70000000000002, 560.264), &apos;color_space&apos;: &apos;DeviceGray&apos;, &apos;ncolor&apos;: None, &apos;size&apos;: 13.480000000000018, &apos;value&apos;: &apos;N&apos;, &apos;children&apos;: [], &apos;features&apos;: {}}, {&apos;type&apos;: &apos;text&apos;, &apos;bbox&apos;: (166.7, 546.784, 173.35999999999999, 560.264), &apos;color_space&apos;: &apos;DeviceGray&apos;, &apos;ncolor&apos;: None, &apos;size&apos;: 13.480000000000018, &apos;value&apos;: &apos;T&apos;, &apos;children&apos;: [], &apos;features&apos;: {}}, {&apos;type&apos;: &apos;text&apos;, &apos;bbox&apos;: (173.36, 546.784, 178.36, 560.264), &apos;color_space&apos;: &apos;DeviceGray&apos;, &apos;ncolor&apos;: None, &apos;size&apos;: 13.480000000000018, &apos;value&apos;: &apos;_&apos;, &apos;children&apos;: [], &apos;features&apos;: {}}, {&apos;type&apos;: &apos;text&apos;, &apos;bbox&apos;: (178.36, 546.784, 185.58, 560.264), &apos;color_space&apos;: &apos;DeviceGray&apos;, &apos;ncolor&apos;: None, &apos;size&apos;: 13.480000000000018, &apos;value&apos;: &apos;C&apos;, &apos;children&apos;: [], &apos;features&apos;: {}}, {&apos;type&apos;: &apos;text&apos;, &apos;bbox&apos;: (185.57999999999998, 546.784, 193.35, 560.264), &apos;color_space&apos;: &apos;DeviceGray&apos;, &apos;ncolor&apos;: None, &apos;size&apos;: 13.480000000000018, &apos;value&apos;: &apos;A&apos;, &apos;children&apos;: [], &apos;features&apos;: {}}, {&apos;type&apos;: &apos;text&apos;, &apos;bbox&apos;: (193.35, 546.784, 200.48, 560.264), &apos;color_space&apos;: &apos;DeviceGray&apos;, &apos;ncolor&apos;: None, &apos;size&apos;: 13.480000000000018, &apos;value&apos;: &apos;R&apos;, &apos;children&apos;: [], &apos;features&apos;: {}}, {&apos;type&apos;: &apos;text&apos;, &apos;bbox&apos;: (200.48, 546.784, 208.79, 560.264), &apos;color_space&apos;: &apos;DeviceGray&apos;, &apos;ncolor&apos;: None, &apos;size&apos;: 13.480000000000018, &apos;value&apos;: &apos;D&apos;, &apos;children&apos;: [], &apos;features&apos;: {}}, {&apos;type&apos;: &apos;text&apos;, &apos;bbox&apos;: (208.79, 546.784, 214.89, 560.264), &apos;color_space&apos;: &apos;DeviceGray&apos;, &apos;ncolor&apos;: None, &apos;size&apos;: 13.480000000000018, &apos;value&apos;: &apos;S&apos;, &apos;children&apos;: [], &apos;features&apos;: {}}, {&apos;type&apos;: &apos;text&apos;, &apos;bbox&apos;: (214.972, 547.514, 217.74200000000002, 560.804), &apos;color_space&apos;: &apos;DeviceGray&apos;, &apos;ncolor&apos;: None, &apos;size&apos;: 13.289999999999964, &apos;value&apos;: &apos;.&apos;, &apos;children&apos;: [], &apos;features&apos;: {}}, {&apos;type&apos;: &apos;text&apos;, &apos;bbox&apos;: (217.74200000000002, 547.514, 220.51200000000003, 560.804), &apos;color_space&apos;: &apos;DeviceGray&apos;, &apos;ncolor&apos;: None, &apos;size&apos;: 13.289999999999964, &apos;value&apos;: &apos;.&apos;, &apos;children&apos;: [], &apos;features&apos;: {}}, {&apos;type&apos;: &apos;text&apos;, &apos;bbox&apos;: (220.512, 547.514, 223.282, 560.804), &apos;color_space&apos;: &apos;DeviceGray&apos;, &apos;ncolor&apos;: None, &apos;size&apos;: 13.289999999999964, &apos;value&apos;: &apos;.&apos;, &apos;children&apos;: [], &apos;features&apos;: {}}, {&apos;type&apos;: &apos;text&apos;, &apos;bbox&apos;: (223.282, 547.514, 226.05200000000002, 560.804), &apos;color_space&apos;: &apos;DeviceGray&apos;, &apos;ncolor&apos;: None, &apos;size&apos;: 13.289999999999964, &apos;value&apos;: &apos;.&apos;, &apos;children&apos;: [], &apos;features&apos;: {}}, {&apos;type&apos;: &apos;text&apos;, &apos;bbox&apos;: (226.05200000000002, 547.514, 228.82200000000003, 560.804), &apos;color_space&apos;: &apos;DeviceGray&apos;, &apos;ncolor&apos;: None, &apos;size&apos;: 13.289999999999964, &apos;value&apos;: &apos;.&apos;, &apos;children&apos;: [], &apos;features&apos;: {}}, {&apos;type&apos;: &apos;text&apos;, &apos;bbox&apos;: (228.822, 547.514, 231.592, 560.804), &apos;color_space&apos;: &apos;DeviceGray&apos;, &apos;ncolor&apos;: None, &apos;size&apos;: 13.289999999999964, &apos;value&apos;: &apos;.&apos;, &apos;children&apos;: [], &apos;features&apos;: {}}, {&apos;type&apos;: &apos;text&apos;, &apos;bbox&apos;: (231.592, 547.514, 234.36200000000002, 560.804), &apos;color_space&apos;: &apos;DeviceGray&apos;, &apos;ncolor&apos;: None, &apos;size&apos;: 13.289999999999964, &apos;value&apos;: &apos;.&apos;, &apos;children&apos;: [], &apos;features&apos;: {}}, {&apos;type&apos;: &apos;text&apos;, &apos;bbox&apos;: (234.36200000000002, 547.514, 237.13200000000003, 560.804), &apos;color_space&apos;: &apos;DeviceGray&apos;, &apos;ncolor&apos;: None, &apos;size&apos;: 13.289999999999964, &apos;value&apos;: &apos;.&apos;, &apos;children&apos;: [], &apos;features&apos;: {}}, {&apos;type&apos;: &apos;text&apos;, &apos;bbox&apos;: (237.132, 547.514, 239.90200000000002, 560.804), &apos;color_space&apos;: &apos;DeviceGray&apos;, &apos;ncolor&apos;: None, &apos;size&apos;: 13.289999999999964, &apos;value&apos;: &apos;.&apos;, &apos;children&apos;: [], &apos;features&apos;: {}}, {&apos;type&apos;: &apos;text&apos;, &apos;bbox&apos;: (239.90200000000002, 547.514, 242.67200000000003, 560.804), &apos;color_space&apos;: &apos;DeviceGray&apos;, &apos;ncolor&apos;: None, &apos;size&apos;: 13.289999999999964, &apos;value&apos;: &apos;.&apos;, &apos;children&apos;: [], &apos;features&apos;: {}}, {&apos;type&apos;: &apos;text&apos;, &apos;bbox&apos;: (242.672, 547.514, 245.442, 560.804), &apos;color_space&apos;: &apos;DeviceGray&apos;, &apos;ncolor&apos;: None, &apos;size&apos;: 13.289999999999964, &apos;value&apos;: &apos;.&apos;, &apos;children&apos;: [], &apos;features&apos;: {}}, {&apos;type&apos;: &apos;text&apos;, &apos;bbox&apos;: (245.442, 547.514, 248.21200000000002, 560.804), &apos;color_space&apos;: &apos;DeviceGray&apos;, &apos;ncolor&apos;: None, &apos;size&apos;: 13.289999999999964, &apos;value&apos;: &apos;.&apos;, &apos;children&apos;: [], &apos;features&apos;: {}}, {&apos;type&apos;: &apos;text&apos;, &apos;bbox&apos;: (248.21200000000002, 547.514, 250.98200000000003, 560.804), &apos;color_space&apos;: &apos;DeviceGray&apos;, &apos;ncolor&apos;: None, &apos;size&apos;: 13.289999999999964, &apos;value&apos;: &apos;.&apos;, &apos;children&apos;: [], &apos;features&apos;: {}}, {&apos;type&apos;: &apos;text&apos;, &apos;bbox&apos;: (250.98200000000003, 547.514, 253.75200000000004, 560.804), &apos;color_space&apos;: &apos;DeviceGray&apos;, &apos;ncolor&apos;: None, &apos;size&apos;: 13.289999999999964, &apos;value&apos;: &apos;.&apos;, &apos;children&apos;: [], &apos;features&apos;: {}}, {&apos;type&apos;: &apos;text&apos;, &apos;bbox&apos;: (253.752, 547.514, 256.522, 560.804), &apos;color_space&apos;: &apos;DeviceGray&apos;, &apos;ncolor&apos;: None, &apos;size&apos;: 13.289999999999964, &apos;value&apos;: &apos;.&apos;, &apos;children&apos;: [], &apos;features&apos;: {}}, {&apos;type&apos;: &apos;text&apos;, &apos;bbox&apos;: (256.52200000000005, 547.514, 259.29200000000003, 560.804), &apos;color_space&apos;: &apos;DeviceGray&apos;, &apos;ncolor&apos;: None, &apos;size&apos;: 13.289999999999964, &apos;value&apos;: &apos;.&apos;, &apos;children&apos;: [], &apos;features&apos;: {}}, {&apos;type&apos;: &apos;text&apos;, &apos;bbox&apos;: (259.29200000000003, 547.514, 262.062, 560.804), &apos;color_space&apos;: &apos;DeviceGray&apos;, &apos;ncolor&apos;: None, &apos;size&apos;: 13.289999999999964, &apos;value&apos;: &apos;.&apos;, &apos;children&apos;: [], &apos;features&apos;: {}}, {&apos;type&apos;: &apos;text&apos;, &apos;bbox&apos;: (262.062, 547.514, 264.832, 560.804), &apos;color_space&apos;: &apos;DeviceGray&apos;, &apos;ncolor&apos;: None, &apos;size&apos;: 13.289999999999964, &apos;value&apos;: &apos;.&apos;, &apos;children&apos;: [], &apos;features&apos;: {}}, {&apos;type&apos;: &apos;text&apos;, &apos;bbox&apos;: (264.83200000000005, 547.514, 267.60200000000003, 560.804), &apos;color_space&apos;: &apos;DeviceGray&apos;, &apos;ncolor&apos;: None, &apos;size&apos;: 13.289999999999964, &apos;value&apos;: &apos;.&apos;, &apos;children&apos;: [], &apos;features&apos;: {}}, {&apos;type&apos;: &apos;text&apos;, &apos;bbox&apos;: (267.60200000000003, 547.514, 270.372, 560.804), &apos;color_space&apos;: &apos;DeviceGray&apos;, &apos;ncolor&apos;: None, &apos;size&apos;: 13.289999999999964, &apos;value&apos;: &apos;.&apos;, &apos;children&apos;: [], &apos;features&apos;: {}}, {&apos;type&apos;: &apos;text&apos;, &apos;bbox&apos;: (270.372, 547.514, 273.142, 560.804), &apos;color_space&apos;: &apos;DeviceGray&apos;, &apos;ncolor&apos;: None, &apos;size&apos;: 13.289999999999964, &apos;value&apos;: &apos;.&apos;, &apos;children&apos;: [], &apos;features&apos;: {}}, {&apos;type&apos;: &apos;text&apos;, &apos;bbox&apos;: (273.14200000000005, 547.514, 275.91200000000003, 560.804), &apos;color_space&apos;: &apos;DeviceGray&apos;, &apos;ncolor&apos;: None, &apos;size&apos;: 13.289999999999964, &apos;value&apos;: &apos;.&apos;, &apos;children&apos;: [], &apos;features&apos;: {}}, {&apos;type&apos;: &apos;text&apos;, &apos;bbox&apos;: (275.91200000000003, 547.514, 278.682, 560.804), &apos;color_space&apos;: &apos;DeviceGray&apos;, &apos;ncolor&apos;: None, &apos;size&apos;: 13.289999999999964, &apos;value&apos;: &apos;.&apos;, &apos;children&apos;: [], &apos;features&apos;: {}}, {&apos;type&apos;: &apos;text&apos;, &apos;bbox&apos;: (278.682, 547.514, 281.452, 560.804), &apos;color_space&apos;: &apos;DeviceGray&apos;, &apos;ncolor&apos;: None, &apos;size&apos;: 13.289999999999964, &apos;value&apos;: &apos;.&apos;, &apos;children&apos;: [], &apos;features&apos;: {}}, {&apos;type&apos;: &apos;text&apos;, &apos;bbox&apos;: (281.45200000000006, 547.514, 284.22200000000004, 560.804), &apos;color_space&apos;: &apos;DeviceGray&apos;, &apos;ncolor&apos;: None, &apos;size&apos;: 13.289999999999964, &apos;value&apos;: &apos;.&apos;, &apos;children&apos;: [], &apos;features&apos;: {}}, {&apos;type&apos;: &apos;text&apos;, &apos;bbox&apos;: (284.22200000000004, 547.514, 286.992, 560.804), &apos;color_space&apos;: &apos;DeviceGray&apos;, &apos;ncolor&apos;: None, &apos;size&apos;: 13.289999999999964, &apos;value&apos;: &apos;.&apos;, &apos;children&apos;: [], &apos;features&apos;: {}}, {&apos;type&apos;: &apos;text&apos;, &apos;bbox&apos;: (286.992, 547.514, 289.762, 560.804), &apos;color_space&apos;: &apos;DeviceGray&apos;, &apos;ncolor&apos;: None, &apos;size&apos;: 13.289999999999964, &apos;value&apos;: &apos;.&apos;, &apos;children&apos;: [], &apos;features&apos;: {}}, {&apos;type&apos;: &apos;text&apos;, &apos;bbox&apos;: (289.76200000000006, 547.514, 292.53200000000004, 560.804), &apos;color_space&apos;: &apos;DeviceGray&apos;, &apos;ncolor&apos;: None, &apos;size&apos;: 13.289999999999964, &apos;value&apos;: &apos;.&apos;, &apos;children&apos;: [], &apos;features&apos;: {}}, {&apos;type&apos;: &apos;text&apos;, &apos;bbox&apos;: (292.53200000000004, 547.514, 295.302, 560.804), &apos;color_space&apos;: &apos;DeviceGray&apos;, &apos;ncolor&apos;: None, &apos;size&apos;: 13.289999999999964, &apos;value&apos;: &apos;.&apos;, &apos;children&apos;: [], &apos;features&apos;: {}}, {&apos;type&apos;: &apos;text&apos;, &apos;bbox&apos;: (295.302, 547.514, 298.072, 560.804), &apos;color_space&apos;: &apos;DeviceGray&apos;, &apos;ncolor&apos;: None, &apos;size&apos;: 13.289999999999964, &apos;value&apos;: &apos;.&apos;, &apos;children&apos;: [], &apos;features&apos;: {}}, {&apos;type&apos;: &apos;text&apos;, &apos;bbox&apos;: (298.072, 547.514, 300.842, 560.804), &apos;color_space&apos;: &apos;DeviceGray&apos;, &apos;ncolor&apos;: None, &apos;size&apos;: 13.289999999999964, &apos;value&apos;: &apos;.&apos;, &apos;children&apos;: [], &apos;features&apos;: {}}, {&apos;type&apos;: &apos;text&apos;, &apos;bbox&apos;: (300.842, 547.514, 303.61199999999997, 560.804), &apos;color_space&apos;: &apos;DeviceGray&apos;, &apos;ncolor&apos;: None, &apos;size&apos;: 13.289999999999964, &apos;value&apos;: &apos;.&apos;, &apos;children&apos;: [], &apos;features&apos;: {}}, {&apos;type&apos;: &apos;text&apos;, &apos;bbox&apos;: (303.612, 547.514, 306.382, 560.804), &apos;color_space&apos;: &apos;DeviceGray&apos;, &apos;ncolor&apos;: None, &apos;size&apos;: 13.289999999999964, &apos;value&apos;: &apos;.&apos;, &apos;children&apos;: [], &apos;features&apos;: {}}, {&apos;type&apos;: &apos;text&apos;, &apos;bbox&apos;: (306.382, 547.514, 309.152, 560.804), &apos;color_space&apos;: &apos;DeviceGray&apos;, &apos;ncolor&apos;: None, &apos;size&apos;: 13.289999999999964, &apos;value&apos;: &apos;.&apos;, &apos;children&apos;: [], &apos;features&apos;: {}}, {&apos;type&apos;: &apos;text&apos;, &apos;bbox&apos;: (309.152, 547.514, 311.92199999999997, 560.804), &apos;color_space&apos;: &apos;DeviceGray&apos;, &apos;ncolor&apos;: None, &apos;size&apos;: 13.289999999999964, &apos;value&apos;: &apos;.&apos;, &apos;children&apos;: [], &apos;features&apos;: {}}, {&apos;type&apos;: &apos;text&apos;, &apos;bbox&apos;: (311.922, 547.514, 314.692, 560.804), &apos;color_space&apos;: &apos;DeviceGray&apos;, &apos;ncolor&apos;: None, &apos;size&apos;: 13.289999999999964, &apos;value&apos;: &apos;.&apos;, &apos;children&apos;: [], &apos;features&apos;: {}}, {&apos;type&apos;: &apos;text&apos;, &apos;bbox&apos;: (314.692, 547.514, 317.462, 560.804), &apos;color_space&apos;: &apos;DeviceGray&apos;, &apos;ncolor&apos;: None, &apos;size&apos;: 13.289999999999964, &apos;value&apos;: &apos;.&apos;, &apos;children&apos;: [], &apos;features&apos;: {}}, {&apos;type&apos;: &apos;text&apos;, &apos;bbox&apos;: (317.462, 547.514, 320.23199999999997, 560.804), &apos;color_space&apos;: &apos;DeviceGray&apos;, &apos;ncolor&apos;: None, &apos;size&apos;: 13.289999999999964, &apos;value&apos;: &apos;.&apos;, &apos;children&apos;: [], &apos;features&apos;: {}}, {&apos;type&apos;: &apos;text&apos;, &apos;bbox&apos;: (320.23199999999997, 547.514, 323.00199999999995, 560.804), &apos;color_space&apos;: &apos;DeviceGray&apos;, &apos;ncolor&apos;: None, &apos;size&apos;: 13.289999999999964, &apos;value&apos;: &apos;.&apos;, &apos;children&apos;: [], &apos;features&apos;: {}}, {&apos;type&apos;: &apos;text&apos;, &apos;bbox&apos;: (323.00199999999995, 547.514, 325.77199999999993, 560.804), &apos;color_space&apos;: &apos;DeviceGray&apos;, &apos;ncolor&apos;: None, &apos;size&apos;: 13.289999999999964, &apos;value&apos;: &apos;.&apos;, &apos;children&apos;: [], &apos;features&apos;: {}}, {&apos;type&apos;: &apos;text&apos;, &apos;bbox&apos;: (325.772, 547.514, 328.542, 560.804), &apos;color_space&apos;: &apos;DeviceGray&apos;, &apos;ncolor&apos;: None, &apos;size&apos;: 13.289999999999964, &apos;value&apos;: &apos;.&apos;, &apos;children&apos;: [], &apos;features&apos;: {}}, {&apos;type&apos;: &apos;text&apos;, &apos;bbox&apos;: (328.542, 547.514, 331.31199999999995, 560.804), &apos;color_space&apos;: &apos;DeviceGray&apos;, &apos;ncolor&apos;: None, &apos;size&apos;: 13.289999999999964, &apos;value&apos;: &apos;.&apos;, &apos;children&apos;: [], &apos;features&apos;: {}}, {&apos;type&apos;: &apos;text&apos;, &apos;bbox&apos;: (331.31199999999995, 547.514, 334.08199999999994, 560.804), &apos;color_space&apos;: &apos;DeviceGray&apos;, &apos;ncolor&apos;: None, &apos;size&apos;: 13.289999999999964, &apos;value&apos;: &apos;.&apos;, &apos;children&apos;: [], &apos;features&apos;: {}}, {&apos;type&apos;: &apos;text&apos;, &apos;bbox&apos;: (334.082, 547.514, 336.852, 560.804), &apos;color_space&apos;: &apos;DeviceGray&apos;, &apos;ncolor&apos;: None, &apos;size&apos;: 13.289999999999964, &apos;value&apos;: &apos;.&apos;, &apos;children&apos;: [], &apos;features&apos;: {}}, {&apos;type&apos;: &apos;text&apos;, &apos;bbox&apos;: (336.852, 547.514, 339.62199999999996, 560.804), &apos;color_space&apos;: &apos;DeviceGray&apos;, &apos;ncolor&apos;: None, &apos;size&apos;: 13.289999999999964, &apos;value&apos;: &apos;.&apos;, &apos;children&apos;: [], &apos;features&apos;: {}}, {&apos;type&apos;: &apos;text&apos;, &apos;bbox&apos;: (339.62199999999996, 547.514, 342.39199999999994, 560.804), &apos;color_space&apos;: &apos;DeviceGray&apos;, &apos;ncolor&apos;: None, &apos;size&apos;: 13.289999999999964, &apos;value&apos;: &apos;.&apos;, &apos;children&apos;: [], &apos;features&apos;: {}}, {&apos;type&apos;: &apos;text&apos;, &apos;bbox&apos;: (342.39199999999994, 547.514, 345.1619999999999, 560.804), &apos;color_space&apos;: &apos;DeviceGray&apos;, &apos;ncolor&apos;: None, &apos;size&apos;: 13.289999999999964, &apos;value&apos;: &apos;.&apos;, &apos;children&apos;: [], &apos;features&apos;: {}}, {&apos;type&apos;: &apos;text&apos;, &apos;bbox&apos;: (345.1619999999999, 547.514, 347.9319999999999, 560.804), &apos;color_space&apos;: &apos;DeviceGray&apos;, &apos;ncolor&apos;: None, &apos;size&apos;: 13.289999999999964, &apos;value&apos;: &apos;.&apos;, &apos;children&apos;: [], &apos;features&apos;: {}}, {&apos;type&apos;: &apos;text&apos;, &apos;bbox&apos;: (347.93199999999996, 547.514, 350.70199999999994, 560.804), &apos;color_space&apos;: &apos;DeviceGray&apos;, &apos;ncolor&apos;: None, &apos;size&apos;: 13.289999999999964, &apos;value&apos;: &apos;.&apos;, &apos;children&apos;: [], &apos;features&apos;: {}}, {&apos;type&apos;: &apos;text&apos;, &apos;bbox&apos;: (350.702, 547.514, 353.472, 560.804), &apos;color_space&apos;: &apos;DeviceGray&apos;, &apos;ncolor&apos;: None, &apos;size&apos;: 13.289999999999964, &apos;value&apos;: &apos;.&apos;, &apos;children&apos;: [], &apos;features&apos;: {}}, {&apos;type&apos;: &apos;text&apos;, &apos;bbox&apos;: (353.472, 547.514, 356.24199999999996, 560.804), &apos;color_space&apos;: &apos;DeviceGray&apos;, &apos;ncolor&apos;: None, &apos;size&apos;: 13.289999999999964, &apos;value&apos;: &apos;.&apos;, &apos;children&apos;: [], &apos;features&apos;: {}}, {&apos;type&apos;: &apos;text&apos;, &apos;bbox&apos;: (356.24199999999996, 547.514, 359.01199999999994, 560.804), &apos;color_space&apos;: &apos;DeviceGray&apos;, &apos;ncolor&apos;: None, &apos;size&apos;: 13.289999999999964, &apos;value&apos;: &apos;.&apos;, &apos;children&apos;: [], &apos;features&apos;: {}}, {&apos;type&apos;: &apos;text&apos;, &apos;bbox&apos;: (359.012, 547.514, 361.782, 560.804), &apos;color_space&apos;: &apos;DeviceGray&apos;, &apos;ncolor&apos;: None, &apos;size&apos;: 13.289999999999964, &apos;value&apos;: &apos;.&apos;, &apos;children&apos;: [], &apos;features&apos;: {}}, {&apos;type&apos;: &apos;text&apos;, &apos;bbox&apos;: (361.78200000000004, 547.514, 364.552, 560.804), &apos;color_space&apos;: &apos;DeviceGray&apos;, &apos;ncolor&apos;: None, &apos;size&apos;: 13.289999999999964, &apos;value&apos;: &apos;.&apos;, &apos;children&apos;: [], &apos;features&apos;: {}}, {&apos;type&apos;: &apos;text&apos;, &apos;bbox&apos;: (364.552, 547.514, 367.322, 560.804), &apos;color_space&apos;: &apos;DeviceGray&apos;, &apos;ncolor&apos;: None, &apos;size&apos;: 13.289999999999964, &apos;value&apos;: &apos;.&apos;, &apos;children&apos;: [], &apos;features&apos;: {}}, {&apos;type&apos;: &apos;text&apos;, &apos;bbox&apos;: (367.322, 547.514, 370.092, 560.804), &apos;color_space&apos;: &apos;DeviceGray&apos;, &apos;ncolor&apos;: None, &apos;size&apos;: 13.289999999999964, &apos;value&apos;: &apos;.&apos;, &apos;children&apos;: [], &apos;features&apos;: {}}, {&apos;type&apos;: &apos;text&apos;, &apos;bbox&apos;: (370.09200000000004, 547.514, 372.862, 560.804), &apos;color_space&apos;: &apos;DeviceGray&apos;, &apos;ncolor&apos;: None, &apos;size&apos;: 13.289999999999964, &apos;value&apos;: &apos;.&apos;, &apos;children&apos;: [], &apos;features&apos;: {}}, {&apos;type&apos;: &apos;text&apos;, &apos;bbox&apos;: (372.8620000000001, 547.514, 375.63200000000006, 560.804), &apos;color_space&apos;: &apos;DeviceGray&apos;, &apos;ncolor&apos;: None, &apos;size&apos;: 13.289999999999964, &apos;value&apos;: &apos;.&apos;, &apos;children&apos;: [], &apos;features&apos;: {}}, {&apos;type&apos;: &apos;text&apos;, &apos;bbox&apos;: (375.63200000000006, 547.514, 378.40200000000004, 560.804), &apos;color_space&apos;: &apos;DeviceGray&apos;, &apos;ncolor&apos;: None, &apos;size&apos;: 13.289999999999964, &apos;value&apos;: &apos;.&apos;, &apos;children&apos;: [], &apos;features&apos;: {}}, {&apos;type&apos;: &apos;text&apos;, &apos;bbox&apos;: (378.40200000000004, 547.514, 381.172, 560.804), &apos;color_space&apos;: &apos;DeviceGray&apos;, &apos;ncolor&apos;: None, &apos;size&apos;: 13.289999999999964, &apos;value&apos;: &apos;.&apos;, &apos;children&apos;: [], &apos;features&apos;: {}}, {&apos;type&apos;: &apos;text&apos;, &apos;bbox&apos;: (381.1720000000001, 547.514, 383.94200000000006, 560.804), &apos;color_space&apos;: &apos;DeviceGray&apos;, &apos;ncolor&apos;: None, &apos;size&apos;: 13.289999999999964, &apos;value&apos;: &apos;.&apos;, &apos;children&apos;: [], &apos;features&apos;: {}}, {&apos;type&apos;: &apos;text&apos;, &apos;bbox&apos;: (383.9420000000001, 547.514, 386.7120000000001, 560.804), &apos;color_space&apos;: &apos;DeviceGray&apos;, &apos;ncolor&apos;: None, &apos;size&apos;: 13.289999999999964, &apos;value&apos;: &apos;.&apos;, &apos;children&apos;: [], &apos;features&apos;: {}}, {&apos;type&apos;: &apos;text&apos;, &apos;bbox&apos;: (386.7120000000001, 547.514, 389.4820000000001, 560.804), &apos;color_space&apos;: &apos;DeviceGray&apos;, &apos;ncolor&apos;: None, &apos;size&apos;: 13.289999999999964, &apos;value&apos;: &apos;.&apos;, &apos;children&apos;: [], &apos;features&apos;: {}}, {&apos;type&apos;: &apos;text&apos;, &apos;bbox&apos;: (389.4820000000001, 547.514, 392.25200000000007, 560.804), &apos;color_space&apos;: &apos;DeviceGray&apos;, &apos;ncolor&apos;: None, &apos;size&apos;: 13.289999999999964, &apos;value&apos;: &apos;.&apos;, &apos;children&apos;: [], &apos;features&apos;: {}}, {&apos;type&apos;: &apos;text&apos;, &apos;bbox&apos;: (392.2520000000001, 547.514, 395.0220000000001, 560.804), &apos;color_space&apos;: &apos;DeviceGray&apos;, &apos;ncolor&apos;: None, &apos;size&apos;: 13.289999999999964, &apos;value&apos;: &apos;.&apos;, &apos;children&apos;: [], &apos;features&apos;: {}}, {&apos;type&apos;: &apos;text&apos;, &apos;bbox&apos;: (395.02200000000016, 547.514, 397.79200000000014, 560.804), &apos;color_space&apos;: &apos;DeviceGray&apos;, &apos;ncolor&apos;: None, &apos;size&apos;: 13.289999999999964, &apos;value&apos;: &apos;.&apos;, &apos;children&apos;: [], &apos;features&apos;: {}}, {&apos;type&apos;: &apos;text&apos;, &apos;bbox&apos;: (397.79200000000014, 547.514, 400.5620000000001, 560.804), &apos;color_space&apos;: &apos;DeviceGray&apos;, &apos;ncolor&apos;: None, &apos;size&apos;: 13.289999999999964, &apos;value&apos;: &apos;.&apos;, &apos;children&apos;: [], &apos;features&apos;: {}}, {&apos;type&apos;: &apos;text&apos;, &apos;bbox&apos;: (400.5620000000001, 547.514, 403.3320000000001, 560.804), &apos;color_space&apos;: &apos;DeviceGray&apos;, &apos;ncolor&apos;: None, &apos;size&apos;: 13.289999999999964, &apos;value&apos;: &apos;.&apos;, &apos;children&apos;: [], &apos;features&apos;: {}}, {&apos;type&apos;: &apos;text&apos;, &apos;bbox&apos;: (403.33200000000016, 547.514, 406.10200000000015, 560.804), &apos;color_space&apos;: &apos;DeviceGray&apos;, &apos;ncolor&apos;: None, &apos;size&apos;: 13.289999999999964, &apos;value&apos;: &apos;.&apos;, &apos;children&apos;: [], &apos;features&apos;: {}}, {&apos;type&apos;: &apos;text&apos;, &apos;bbox&apos;: (406.1020000000002, 547.514, 408.8720000000002, 560.804), &apos;color_space&apos;: &apos;DeviceGray&apos;, &apos;ncolor&apos;: None, &apos;size&apos;: 13.289999999999964, &apos;value&apos;: &apos;.&apos;, &apos;children&apos;: [], &apos;features&apos;: {}}, {&apos;type&apos;: &apos;text&apos;, &apos;bbox&apos;: (408.8720000000002, 547.514, 411.64200000000017, 560.804), &apos;color_space&apos;: &apos;DeviceGray&apos;, &apos;ncolor&apos;: None, &apos;size&apos;: 13.289999999999964, &apos;value&apos;: &apos;.&apos;, &apos;children&apos;: [], &apos;features&apos;: {}}, {&apos;type&apos;: &apos;text&apos;, &apos;bbox&apos;: (411.64200000000017, 547.514, 414.41200000000015, 560.804), &apos;color_space&apos;: &apos;DeviceGray&apos;, &apos;ncolor&apos;: None, &apos;size&apos;: 13.289999999999964, &apos;value&apos;: &apos;.&apos;, &apos;children&apos;: [], &apos;features&apos;: {}}, {&apos;type&apos;: &apos;text&apos;, &apos;bbox&apos;: (414.4120000000002, 547.514, 417.1820000000002, 560.804), &apos;color_space&apos;: &apos;DeviceGray&apos;, &apos;ncolor&apos;: None, &apos;size&apos;: 13.289999999999964, &apos;value&apos;: &apos;.&apos;, &apos;children&apos;: [], &apos;features&apos;: {}}, {&apos;type&apos;: &apos;text&apos;, &apos;bbox&apos;: (417.18200000000024, 547.514, 419.9520000000002, 560.804), &apos;color_space&apos;: &apos;DeviceGray&apos;, &apos;ncolor&apos;: None, &apos;size&apos;: 13.289999999999964, &apos;value&apos;: &apos;.&apos;, &apos;children&apos;: [], &apos;features&apos;: {}}, {&apos;type&apos;: &apos;text&apos;, &apos;bbox&apos;: (419.9520000000002, 547.514, 422.7220000000002, 560.804), &apos;color_space&apos;: &apos;DeviceGray&apos;, &apos;ncolor&apos;: None, &apos;size&apos;: 13.289999999999964, &apos;value&apos;: &apos;.&apos;, &apos;children&apos;: [], &apos;features&apos;: {}}, {&apos;type&apos;: &apos;text&apos;, &apos;bbox&apos;: (422.7220000000002, 547.514, 425.4920000000002, 560.804), &apos;color_space&apos;: &apos;DeviceGray&apos;, &apos;ncolor&apos;: None, &apos;size&apos;: 13.289999999999964, &apos;value&apos;: &apos;.&apos;, &apos;children&apos;: [], &apos;features&apos;: {}}, {&apos;type&apos;: &apos;text&apos;, &apos;bbox&apos;: (425.49200000000025, 547.514, 428.2620000000002, 560.804), &apos;color_space&apos;: &apos;DeviceGray&apos;, &apos;ncolor&apos;: None, &apos;size&apos;: 13.289999999999964, &apos;value&apos;: &apos;.&apos;, &apos;children&apos;: [], &apos;features&apos;: {}}, {&apos;type&apos;: &apos;text&apos;, &apos;bbox&apos;: (428.2620000000003, 547.514, 431.03200000000027, 560.804), &apos;color_space&apos;: &apos;DeviceGray&apos;, &apos;ncolor&apos;: None, &apos;size&apos;: 13.289999999999964, &apos;value&apos;: &apos;.&apos;, &apos;children&apos;: [], &apos;features&apos;: {}}, {&apos;type&apos;: &apos;text&apos;, &apos;bbox&apos;: (431.03200000000027, 547.514, 433.80200000000025, 560.804), &apos;color_space&apos;: &apos;DeviceGray&apos;, &apos;ncolor&apos;: None, &apos;size&apos;: 13.289999999999964, &apos;value&apos;: &apos;.&apos;, &apos;children&apos;: [], &apos;features&apos;: {}}, {&apos;type&apos;: &apos;text&apos;, &apos;bbox&apos;: (433.80200000000025, 547.514, 436.57200000000023, 560.804), &apos;color_space&apos;: &apos;DeviceGray&apos;, &apos;ncolor&apos;: None, &apos;size&apos;: 13.289999999999964, &apos;value&apos;: &apos;.&apos;, &apos;children&apos;: [], &apos;features&apos;: {}}, {&apos;type&apos;: &apos;text&apos;, &apos;bbox&apos;: (436.5720000000003, 547.514, 439.34200000000027, 560.804), &apos;color_space&apos;: &apos;DeviceGray&apos;, &apos;ncolor&apos;: None, &apos;size&apos;: 13.289999999999964, &apos;value&apos;: &apos;.&apos;, &apos;children&apos;: [], &apos;features&apos;: {}}, {&apos;type&apos;: &apos;text&apos;, &apos;bbox&apos;: (439.3420000000003, 547.514, 442.1120000000003, 560.804), &apos;color_space&apos;: &apos;DeviceGray&apos;, &apos;ncolor&apos;: None, &apos;size&apos;: 13.289999999999964, &apos;value&apos;: &apos;.&apos;, &apos;children&apos;: [], &apos;features&apos;: {}}, {&apos;type&apos;: &apos;text&apos;, &apos;bbox&apos;: (442.1120000000003, 547.514, 444.8820000000003, 560.804), &apos;color_space&apos;: &apos;DeviceGray&apos;, &apos;ncolor&apos;: None, &apos;size&apos;: 13.289999999999964, &apos;value&apos;: &apos;.&apos;, &apos;children&apos;: [], &apos;features&apos;: {}}, {&apos;type&apos;: &apos;text&apos;, &apos;bbox&apos;: (444.8820000000003, 547.514, 447.65200000000027, 560.804), &apos;color_space&apos;: &apos;DeviceGray&apos;, &apos;ncolor&apos;: None, &apos;size&apos;: 13.289999999999964, &apos;value&apos;: &apos;.&apos;, &apos;children&apos;: [], &apos;features&apos;: {}}, {&apos;type&apos;: &apos;text&apos;, &apos;bbox&apos;: (447.6520000000003, 547.514, 450.4220000000003, 560.804), &apos;color_space&apos;: &apos;DeviceGray&apos;, &apos;ncolor&apos;: None, &apos;size&apos;: 13.289999999999964, &apos;value&apos;: &apos;.&apos;, &apos;children&apos;: [], &apos;features&apos;: {}}, {&apos;type&apos;: &apos;text&apos;, &apos;bbox&apos;: (450.42200000000037, 547.514, 453.19200000000035, 560.804), &apos;color_space&apos;: &apos;DeviceGray&apos;, &apos;ncolor&apos;: None, &apos;size&apos;: 13.289999999999964, &apos;value&apos;: &apos;.&apos;, &apos;children&apos;: [], &apos;features&apos;: {}}, {&apos;type&apos;: &apos;text&apos;, &apos;bbox&apos;: (453.19200000000035, 547.514, 455.96200000000033, 560.804), &apos;color_space&apos;: &apos;DeviceGray&apos;, &apos;ncolor&apos;: None, &apos;size&apos;: 13.289999999999964, &apos;value&apos;: &apos;.&apos;, &apos;children&apos;: [], &apos;features&apos;: {}}, {&apos;type&apos;: &apos;text&apos;, &apos;bbox&apos;: (455.96200000000033, 547.514, 458.7320000000003, 560.804), &apos;color_space&apos;: &apos;DeviceGray&apos;, &apos;ncolor&apos;: None, &apos;size&apos;: 13.289999999999964, &apos;value&apos;: &apos;.&apos;, &apos;children&apos;: [], &apos;features&apos;: {}}, {&apos;type&apos;: &apos;text&apos;, &apos;bbox&apos;: (458.73200000000037, 547.514, 461.50200000000035, 560.804), &apos;color_space&apos;: &apos;DeviceGray&apos;, &apos;ncolor&apos;: None, &apos;size&apos;: 13.289999999999964, &apos;value&apos;: &apos;.&apos;, &apos;children&apos;: [], &apos;features&apos;: {}}, {&apos;type&apos;: &apos;text&apos;, &apos;bbox&apos;: (461.5020000000004, 547.514, 464.2720000000004, 560.804), &apos;color_space&apos;: &apos;DeviceGray&apos;, &apos;ncolor&apos;: None, &apos;size&apos;: 13.289999999999964, &apos;value&apos;: &apos;.&apos;, &apos;children&apos;: [], &apos;features&apos;: {}}, {&apos;type&apos;: &apos;text&apos;, &apos;bbox&apos;: (464.2720000000004, 547.514, 467.04200000000037, 560.804), &apos;color_space&apos;: &apos;DeviceGray&apos;, &apos;ncolor&apos;: None, &apos;size&apos;: 13.289999999999964, &apos;value&apos;: &apos;.&apos;, &apos;children&apos;: [], &apos;features&apos;: {}}, {&apos;type&apos;: &apos;text&apos;, &apos;bbox&apos;: (467.04200000000037, 547.514, 469.81200000000035, 560.804), &apos;color_space&apos;: &apos;DeviceGray&apos;, &apos;ncolor&apos;: None, &apos;size&apos;: 13.289999999999964, &apos;value&apos;: &apos;.&apos;, &apos;children&apos;: [], &apos;features&apos;: {}}, {&apos;type&apos;: &apos;text&apos;, &apos;bbox&apos;: (469.8120000000004, 547.514, 472.5820000000004, 560.804), &apos;color_space&apos;: &apos;DeviceGray&apos;, &apos;ncolor&apos;: None, &apos;size&apos;: 13.289999999999964, &apos;value&apos;: &apos;.&apos;, &apos;children&apos;: [], &apos;features&apos;: {}}, {&apos;type&apos;: &apos;text&apos;, &apos;bbox&apos;: (472.58200000000045, 547.514, 475.35200000000043, 560.804), &apos;color_space&apos;: &apos;DeviceGray&apos;, &apos;ncolor&apos;: None, &apos;size&apos;: 13.289999999999964, &apos;value&apos;: &apos;.&apos;, &apos;children&apos;: [], &apos;features&apos;: {}}, {&apos;type&apos;: &apos;text&apos;, &apos;bbox&apos;: (475.35200000000043, 547.514, 478.1220000000004, 560.804), &apos;color_space&apos;: &apos;DeviceGray&apos;, &apos;ncolor&apos;: None, &apos;size&apos;: 13.289999999999964, &apos;value&apos;: &apos;.&apos;, &apos;children&apos;: [], &apos;features&apos;: {}}, {&apos;type&apos;: &apos;text&apos;, &apos;bbox&apos;: (478.1220000000004, 547.514, 480.8920000000004, 560.804), &apos;color_space&apos;: &apos;DeviceGray&apos;, &apos;ncolor&apos;: None, &apos;size&apos;: 13.289999999999964, &apos;value&apos;: &apos;.&apos;, &apos;children&apos;: [], &apos;features&apos;: {}}, {&apos;type&apos;: &apos;text&apos;, &apos;bbox&apos;: (483.986, 547.514, 489.546, 560.804), &apos;color_space&apos;: &apos;DeviceGray&apos;, &apos;ncolor&apos;: None, &apos;size&apos;: 13.289999999999964, &apos;value&apos;: &apos;3&apos;, &apos;children&apos;: [], &apos;features&apos;: {}}, {&apos;type&apos;: &apos;text&apos;, &apos;bbox&apos;: (489.546, 547.514, 492.876, 560.804), &apos;color_space&apos;: &apos;DeviceGray&apos;, &apos;ncolor&apos;: None, &apos;size&apos;: 13.289999999999964, &apos;value&apos;: &apos;-&apos;, &apos;children&apos;: [], &apos;features&apos;: {}}, {&apos;type&apos;: &apos;text&apos;, &apos;bbox&apos;: (492.877, 547.514, 498.437, 560.804), &apos;color_space&apos;: &apos;DeviceGray&apos;, &apos;ncolor&apos;: None, &apos;size&apos;: 13.289999999999964, &apos;value&apos;: &apos;3&apos;, &apos;children&apos;: [], &apos;features&apos;: {}}, {&apos;type&apos;: &apos;text&apos;, &apos;bbox&apos;: (498.437, 547.514, 503.997, 560.804), &apos;color_space&apos;: &apos;DeviceGray&apos;, &apos;ncolor&apos;: None, &apos;size&apos;: 13.289999999999964, &apos;value&apos;: &apos;9&apos;, &apos;children&apos;: [], &apos;features&apos;: {}}], &apos;features&apos;: {}}
*********************





--------------------------------- CONTENT AREA --------------------------------- 
This content area has an image
{&apos;type&apos;: &apos;figure&apos;, &apos;bbox&apos;: (0, 0, 612.0, 792.0), &apos;name&apos;: &apos;fx27&apos;, &apos;children&apos;: [{&apos;type&apos;: &apos;text&apos;, &apos;bbox&apos;: (78.0, 495.495, 83.57, 508.97499999999997), &apos;color_space&apos;: &apos;DeviceGray&apos;, &apos;ncolor&apos;: None, &apos;size&apos;: 13.479999999999961, &apos;value&apos;: &apos;F&apos;, &apos;children&apos;: [], &apos;features&apos;: {}}, {&apos;type&apos;: &apos;text&apos;, &apos;bbox&apos;: (83.57, 495.495, 89.66999999999999, 508.97499999999997), &apos;color_space&apos;: &apos;DeviceGray&apos;, &apos;ncolor&apos;: None, &apos;size&apos;: 13.479999999999961, &apos;value&apos;: &apos;S&apos;, &apos;children&apos;: [], &apos;features&apos;: {}}, {&apos;type&apos;: &apos;text&apos;, &apos;bbox&apos;: (89.67, 495.495, 93.56, 508.97499999999997), &apos;color_space&apos;: &apos;DeviceGray&apos;, &apos;ncolor&apos;: None, &apos;size&apos;: 13.479999999999961, &apos;value&apos;: &apos;I&apos;, &apos;children&apos;: [], &apos;features&apos;: {}}, {&apos;type&apos;: &apos;text&apos;, &apos;bbox&apos;: (93.56, 495.495, 98.56, 508.97499999999997), &apos;color_space&apos;: &apos;DeviceGray&apos;, &apos;ncolor&apos;: None, &apos;size&apos;: 13.479999999999961, &apos;value&apos;: &apos;_&apos;, &apos;children&apos;: [], &apos;features&apos;: {}}, {&apos;type&apos;: &apos;text&apos;, &apos;bbox&apos;: (98.56, 495.495, 106.87, 508.97499999999997), &apos;color_space&apos;: &apos;DeviceGray&apos;, &apos;ncolor&apos;: None, &apos;size&apos;: 13.479999999999961, &apos;value&apos;: &apos;D&apos;, &apos;children&apos;: [], &apos;features&apos;: {}}, {&apos;type&apos;: &apos;text&apos;, &apos;bbox&apos;: (106.87, 495.495, 111.87, 508.97499999999997), &apos;color_space&apos;: &apos;DeviceGray&apos;, &apos;ncolor&apos;: None, &apos;size&apos;: 13.479999999999961, &apos;value&apos;: &apos;_&apos;, &apos;children&apos;: [], &apos;features&apos;: {}}, {&apos;type&apos;: &apos;text&apos;, &apos;bbox&apos;: (111.87, 495.495, 120.18, 508.97499999999997), &apos;color_space&apos;: &apos;DeviceGray&apos;, &apos;ncolor&apos;: None, &apos;size&apos;: 13.479999999999961, &apos;value&apos;: &apos;D&apos;, &apos;children&apos;: [], &apos;features&apos;: {}}, {&apos;type&apos;: &apos;text&apos;, &apos;bbox&apos;: (120.18, 495.495, 126.23, 508.97499999999997), &apos;color_space&apos;: &apos;DeviceGray&apos;, &apos;ncolor&apos;: None, &apos;size&apos;: 13.479999999999961, &apos;value&apos;: &apos;E&apos;, &apos;children&apos;: [], &apos;features&apos;: {}}, {&apos;type&apos;: &apos;text&apos;, &apos;bbox&apos;: (126.23, 495.495, 133.36, 508.97499999999997), &apos;color_space&apos;: &apos;DeviceGray&apos;, &apos;ncolor&apos;: None, &apos;size&apos;: 13.479999999999961, &apos;value&apos;: &apos;R&apos;, &apos;children&apos;: [], &apos;features&apos;: {}}, {&apos;type&apos;: &apos;text&apos;, &apos;bbox&apos;: (133.36, 495.495, 137.25, 508.97499999999997), &apos;color_space&apos;: &apos;DeviceGray&apos;, &apos;ncolor&apos;: None, &apos;size&apos;: 13.479999999999961, &apos;value&apos;: &apos;I&apos;, &apos;children&apos;: [], &apos;features&apos;: {}}, {&apos;type&apos;: &apos;text&apos;, &apos;bbox&apos;: (137.25, 495.495, 145.02, 508.97499999999997), &apos;color_space&apos;: &apos;DeviceGray&apos;, &apos;ncolor&apos;: None, &apos;size&apos;: 13.479999999999961, &apos;value&apos;: &apos;V&apos;, &apos;children&apos;: [], &apos;features&apos;: {}}, {&apos;type&apos;: &apos;text&apos;, &apos;bbox&apos;: (145.02, 495.495, 152.79000000000002, 508.97499999999997), &apos;color_space&apos;: &apos;DeviceGray&apos;, &apos;ncolor&apos;: None, &apos;size&apos;: 13.479999999999961, &apos;value&apos;: &apos;A&apos;, &apos;children&apos;: [], &apos;features&apos;: {}}, {&apos;type&apos;: &apos;text&apos;, &apos;bbox&apos;: (152.79000000000002, 495.495, 159.45000000000002, 508.97499999999997), &apos;color_space&apos;: &apos;DeviceGray&apos;, &apos;ncolor&apos;: None, &apos;size&apos;: 13.479999999999961, &apos;value&apos;: &apos;T&apos;, &apos;children&apos;: [], &apos;features&apos;: {}}, {&apos;type&apos;: &apos;text&apos;, &apos;bbox&apos;: (159.45, 495.495, 163.33999999999997, 508.97499999999997), &apos;color_space&apos;: &apos;DeviceGray&apos;, &apos;ncolor&apos;: None, &apos;size&apos;: 13.479999999999961, &apos;value&apos;: &apos;I&apos;, &apos;children&apos;: [], &apos;features&apos;: {}}, {&apos;type&apos;: &apos;text&apos;, &apos;bbox&apos;: (163.34, 495.495, 171.11, 508.97499999999997), &apos;color_space&apos;: &apos;DeviceGray&apos;, &apos;ncolor&apos;: None, &apos;size&apos;: 13.479999999999961, &apos;value&apos;: &apos;V&apos;, &apos;children&apos;: [], &apos;features&apos;: {}}, {&apos;type&apos;: &apos;text&apos;, &apos;bbox&apos;: (171.11, 495.495, 177.16000000000003, 508.97499999999997), &apos;color_space&apos;: &apos;DeviceGray&apos;, &apos;ncolor&apos;: None, &apos;size&apos;: 13.479999999999961, &apos;value&apos;: &apos;E&apos;, &apos;children&apos;: [], &apos;features&apos;: {}}, {&apos;type&apos;: &apos;text&apos;, &apos;bbox&apos;: (177.16, 495.495, 183.26, 508.97499999999997), &apos;color_space&apos;: &apos;DeviceGray&apos;, &apos;ncolor&apos;: None, &apos;size&apos;: 13.479999999999961, &apos;value&apos;: &apos;S&apos;, &apos;children&apos;: [], &apos;features&apos;: {}}, {&apos;type&apos;: &apos;text&apos;, &apos;bbox&apos;: (183.351, 496.22499999999997, 186.121, 509.515), &apos;color_space&apos;: &apos;DeviceGray&apos;, &apos;ncolor&apos;: None, &apos;size&apos;: 13.29000000000002, &apos;value&apos;: &apos;.&apos;, &apos;children&apos;: [], &apos;features&apos;: {}}, {&apos;type&apos;: &apos;text&apos;, &apos;bbox&apos;: (186.121, 496.22499999999997, 188.89100000000002, 509.515), &apos;color_space&apos;: &apos;DeviceGray&apos;, &apos;ncolor&apos;: None, &apos;size&apos;: 13.29000000000002, &apos;value&apos;: &apos;.&apos;, &apos;children&apos;: [], &apos;features&apos;: {}}, {&apos;type&apos;: &apos;text&apos;, &apos;bbox&apos;: (188.891, 496.22499999999997, 191.661, 509.515), &apos;color_space&apos;: &apos;DeviceGray&apos;, &apos;ncolor&apos;: None, &apos;size&apos;: 13.29000000000002, &apos;value&apos;: &apos;.&apos;, &apos;children&apos;: [], &apos;features&apos;: {}}, {&apos;type&apos;: &apos;text&apos;, &apos;bbox&apos;: (191.661, 496.22499999999997, 194.431, 509.515), &apos;color_space&apos;: &apos;DeviceGray&apos;, &apos;ncolor&apos;: None, &apos;size&apos;: 13.29000000000002, &apos;value&apos;: &apos;.&apos;, &apos;children&apos;: [], &apos;features&apos;: {}}, {&apos;type&apos;: &apos;text&apos;, &apos;bbox&apos;: (194.431, 496.22499999999997, 197.20100000000002, 509.515), &apos;color_space&apos;: &apos;DeviceGray&apos;, &apos;ncolor&apos;: None, &apos;size&apos;: 13.29000000000002, &apos;value&apos;: &apos;.&apos;, &apos;children&apos;: [], &apos;features&apos;: {}}, {&apos;type&apos;: &apos;text&apos;, &apos;bbox&apos;: (197.201, 496.22499999999997, 199.971, 509.515), &apos;color_space&apos;: &apos;DeviceGray&apos;, &apos;ncolor&apos;: None, &apos;size&apos;: 13.29000000000002, &apos;value&apos;: &apos;.&apos;, &apos;children&apos;: [], &apos;features&apos;: {}}, {&apos;type&apos;: &apos;text&apos;, &apos;bbox&apos;: (199.971, 496.22499999999997, 202.741, 509.515), &apos;color_space&apos;: &apos;DeviceGray&apos;, &apos;ncolor&apos;: None, &apos;size&apos;: 13.29000000000002, &apos;value&apos;: &apos;.&apos;, &apos;children&apos;: [], &apos;features&apos;: {}}, {&apos;type&apos;: &apos;text&apos;, &apos;bbox&apos;: (202.74099999999999, 496.22499999999997, 205.511, 509.515), &apos;color_space&apos;: &apos;DeviceGray&apos;, &apos;ncolor&apos;: None, &apos;size&apos;: 13.29000000000002, &apos;value&apos;: &apos;.&apos;, &apos;children&apos;: [], &apos;features&apos;: {}}, {&apos;type&apos;: &apos;text&apos;, &apos;bbox&apos;: (205.511, 496.22499999999997, 208.281, 509.515), &apos;color_space&apos;: &apos;DeviceGray&apos;, &apos;ncolor&apos;: None, &apos;size&apos;: 13.29000000000002, &apos;value&apos;: &apos;.&apos;, &apos;children&apos;: [], &apos;features&apos;: {}}, {&apos;type&apos;: &apos;text&apos;, &apos;bbox&apos;: (208.281, 496.22499999999997, 211.05100000000002, 509.515), &apos;color_space&apos;: &apos;DeviceGray&apos;, &apos;ncolor&apos;: None, &apos;size&apos;: 13.29000000000002, &apos;value&apos;: &apos;.&apos;, &apos;children&apos;: [], &apos;features&apos;: {}}, {&apos;type&apos;: &apos;text&apos;, &apos;bbox&apos;: (211.051, 496.22499999999997, 213.821, 509.515), &apos;color_space&apos;: &apos;DeviceGray&apos;, &apos;ncolor&apos;: None, &apos;size&apos;: 13.29000000000002, &apos;value&apos;: &apos;.&apos;, &apos;children&apos;: [], &apos;features&apos;: {}}, {&apos;type&apos;: &apos;text&apos;, &apos;bbox&apos;: (213.821, 496.22499999999997, 216.591, 509.515), &apos;color_space&apos;: &apos;DeviceGray&apos;, &apos;ncolor&apos;: None, &apos;size&apos;: 13.29000000000002, &apos;value&apos;: &apos;.&apos;, &apos;children&apos;: [], &apos;features&apos;: {}}, {&apos;type&apos;: &apos;text&apos;, &apos;bbox&apos;: (216.591, 496.22499999999997, 219.36100000000002, 509.515), &apos;color_space&apos;: &apos;DeviceGray&apos;, &apos;ncolor&apos;: None, &apos;size&apos;: 13.29000000000002, &apos;value&apos;: &apos;.&apos;, &apos;children&apos;: [], &apos;features&apos;: {}}, {&apos;type&apos;: &apos;text&apos;, &apos;bbox&apos;: (219.361, 496.22499999999997, 222.131, 509.515), &apos;color_space&apos;: &apos;DeviceGray&apos;, &apos;ncolor&apos;: None, &apos;size&apos;: 13.29000000000002, &apos;value&apos;: &apos;.&apos;, &apos;children&apos;: [], &apos;features&apos;: {}}, {&apos;type&apos;: &apos;text&apos;, &apos;bbox&apos;: (222.131, 496.22499999999997, 224.901, 509.515), &apos;color_space&apos;: &apos;DeviceGray&apos;, &apos;ncolor&apos;: None, &apos;size&apos;: 13.29000000000002, &apos;value&apos;: &apos;.&apos;, &apos;children&apos;: [], &apos;features&apos;: {}}, {&apos;type&apos;: &apos;text&apos;, &apos;bbox&apos;: (224.901, 496.22499999999997, 227.67100000000002, 509.515), &apos;color_space&apos;: &apos;DeviceGray&apos;, &apos;ncolor&apos;: None, &apos;size&apos;: 13.29000000000002, &apos;value&apos;: &apos;.&apos;, &apos;children&apos;: [], &apos;features&apos;: {}}, {&apos;type&apos;: &apos;text&apos;, &apos;bbox&apos;: (227.67100000000002, 496.22499999999997, 230.44100000000003, 509.515), &apos;color_space&apos;: &apos;DeviceGray&apos;, &apos;ncolor&apos;: None, &apos;size&apos;: 13.29000000000002, &apos;value&apos;: &apos;.&apos;, &apos;children&apos;: [], &apos;features&apos;: {}}, {&apos;type&apos;: &apos;text&apos;, &apos;bbox&apos;: (230.44100000000003, 496.22499999999997, 233.21100000000004, 509.515), &apos;color_space&apos;: &apos;DeviceGray&apos;, &apos;ncolor&apos;: None, &apos;size&apos;: 13.29000000000002, &apos;value&apos;: &apos;.&apos;, &apos;children&apos;: [], &apos;features&apos;: {}}, {&apos;type&apos;: &apos;text&apos;, &apos;bbox&apos;: (233.211, 496.22499999999997, 235.98100000000002, 509.515), &apos;color_space&apos;: &apos;DeviceGray&apos;, &apos;ncolor&apos;: None, &apos;size&apos;: 13.29000000000002, &apos;value&apos;: &apos;.&apos;, &apos;children&apos;: [], &apos;features&apos;: {}}, {&apos;type&apos;: &apos;text&apos;, &apos;bbox&apos;: (235.98100000000002, 496.22499999999997, 238.75100000000003, 509.515), &apos;color_space&apos;: &apos;DeviceGray&apos;, &apos;ncolor&apos;: None, &apos;size&apos;: 13.29000000000002, &apos;value&apos;: &apos;.&apos;, &apos;children&apos;: [], &apos;features&apos;: {}}, {&apos;type&apos;: &apos;text&apos;, &apos;bbox&apos;: (238.75100000000003, 496.22499999999997, 241.52100000000004, 509.515), &apos;color_space&apos;: &apos;DeviceGray&apos;, &apos;ncolor&apos;: None, &apos;size&apos;: 13.29000000000002, &apos;value&apos;: &apos;.&apos;, &apos;children&apos;: [], &apos;features&apos;: {}}, {&apos;type&apos;: &apos;text&apos;, &apos;bbox&apos;: (241.52100000000002, 496.22499999999997, 244.29100000000003, 509.515), &apos;color_space&apos;: &apos;DeviceGray&apos;, &apos;ncolor&apos;: None, &apos;size&apos;: 13.29000000000002, &apos;value&apos;: &apos;.&apos;, &apos;children&apos;: [], &apos;features&apos;: {}}, {&apos;type&apos;: &apos;text&apos;, &apos;bbox&apos;: (244.29100000000003, 496.22499999999997, 247.06100000000004, 509.515), &apos;color_space&apos;: &apos;DeviceGray&apos;, &apos;ncolor&apos;: None, &apos;size&apos;: 13.29000000000002, &apos;value&apos;: &apos;.&apos;, &apos;children&apos;: [], &apos;features&apos;: {}}, {&apos;type&apos;: &apos;text&apos;, &apos;bbox&apos;: (247.06100000000004, 496.22499999999997, 249.83100000000005, 509.515), &apos;color_space&apos;: &apos;DeviceGray&apos;, &apos;ncolor&apos;: None, &apos;size&apos;: 13.29000000000002, &apos;value&apos;: &apos;.&apos;, &apos;children&apos;: [], &apos;features&apos;: {}}, {&apos;type&apos;: &apos;text&apos;, &apos;bbox&apos;: (249.83100000000002, 496.22499999999997, 252.60100000000003, 509.515), &apos;color_space&apos;: &apos;DeviceGray&apos;, &apos;ncolor&apos;: None, &apos;size&apos;: 13.29000000000002, &apos;value&apos;: &apos;.&apos;, &apos;children&apos;: [], &apos;features&apos;: {}}, {&apos;type&apos;: &apos;text&apos;, &apos;bbox&apos;: (252.60100000000003, 496.22499999999997, 255.37100000000004, 509.515), &apos;color_space&apos;: &apos;DeviceGray&apos;, &apos;ncolor&apos;: None, &apos;size&apos;: 13.29000000000002, &apos;value&apos;: &apos;.&apos;, &apos;children&apos;: [], &apos;features&apos;: {}}, {&apos;type&apos;: &apos;text&apos;, &apos;bbox&apos;: (255.37100000000004, 496.22499999999997, 258.141, 509.515), &apos;color_space&apos;: &apos;DeviceGray&apos;, &apos;ncolor&apos;: None, &apos;size&apos;: 13.29000000000002, &apos;value&apos;: &apos;.&apos;, &apos;children&apos;: [], &apos;features&apos;: {}}, {&apos;type&apos;: &apos;text&apos;, &apos;bbox&apos;: (258.141, 496.22499999999997, 260.911, 509.515), &apos;color_space&apos;: &apos;DeviceGray&apos;, &apos;ncolor&apos;: None, &apos;size&apos;: 13.29000000000002, &apos;value&apos;: &apos;.&apos;, &apos;children&apos;: [], &apos;features&apos;: {}}, {&apos;type&apos;: &apos;text&apos;, &apos;bbox&apos;: (260.911, 496.22499999999997, 263.681, 509.515), &apos;color_space&apos;: &apos;DeviceGray&apos;, &apos;ncolor&apos;: None, &apos;size&apos;: 13.29000000000002, &apos;value&apos;: &apos;.&apos;, &apos;children&apos;: [], &apos;features&apos;: {}}, {&apos;type&apos;: &apos;text&apos;, &apos;bbox&apos;: (263.68100000000004, 496.22499999999997, 266.451, 509.515), &apos;color_space&apos;: &apos;DeviceGray&apos;, &apos;ncolor&apos;: None, &apos;size&apos;: 13.29000000000002, &apos;value&apos;: &apos;.&apos;, &apos;children&apos;: [], &apos;features&apos;: {}}, {&apos;type&apos;: &apos;text&apos;, &apos;bbox&apos;: (266.451, 496.22499999999997, 269.221, 509.515), &apos;color_space&apos;: &apos;DeviceGray&apos;, &apos;ncolor&apos;: None, &apos;size&apos;: 13.29000000000002, &apos;value&apos;: &apos;.&apos;, &apos;children&apos;: [], &apos;features&apos;: {}}, {&apos;type&apos;: &apos;text&apos;, &apos;bbox&apos;: (269.221, 496.22499999999997, 271.991, 509.515), &apos;color_space&apos;: &apos;DeviceGray&apos;, &apos;ncolor&apos;: None, &apos;size&apos;: 13.29000000000002, &apos;value&apos;: &apos;.&apos;, &apos;children&apos;: [], &apos;features&apos;: {}}, {&apos;type&apos;: &apos;text&apos;, &apos;bbox&apos;: (271.991, 496.22499999999997, 274.76099999999997, 509.515), &apos;color_space&apos;: &apos;DeviceGray&apos;, &apos;ncolor&apos;: None, &apos;size&apos;: 13.29000000000002, &apos;value&apos;: &apos;.&apos;, &apos;children&apos;: [], &apos;features&apos;: {}}, {&apos;type&apos;: &apos;text&apos;, &apos;bbox&apos;: (274.76099999999997, 496.22499999999997, 277.53099999999995, 509.515), &apos;color_space&apos;: &apos;DeviceGray&apos;, &apos;ncolor&apos;: None, &apos;size&apos;: 13.29000000000002, &apos;value&apos;: &apos;.&apos;, &apos;children&apos;: [], &apos;features&apos;: {}}, {&apos;type&apos;: &apos;text&apos;, &apos;bbox&apos;: (277.531, 496.22499999999997, 280.301, 509.515), &apos;color_space&apos;: &apos;DeviceGray&apos;, &apos;ncolor&apos;: None, &apos;size&apos;: 13.29000000000002, &apos;value&apos;: &apos;.&apos;, &apos;children&apos;: [], &apos;features&apos;: {}}, {&apos;type&apos;: &apos;text&apos;, &apos;bbox&apos;: (280.301, 496.22499999999997, 283.07099999999997, 509.515), &apos;color_space&apos;: &apos;DeviceGray&apos;, &apos;ncolor&apos;: None, &apos;size&apos;: 13.29000000000002, &apos;value&apos;: &apos;.&apos;, &apos;children&apos;: [], &apos;features&apos;: {}}, {&apos;type&apos;: &apos;text&apos;, &apos;bbox&apos;: (283.07099999999997, 496.22499999999997, 285.84099999999995, 509.515), &apos;color_space&apos;: &apos;DeviceGray&apos;, &apos;ncolor&apos;: None, &apos;size&apos;: 13.29000000000002, &apos;value&apos;: &apos;.&apos;, &apos;children&apos;: [], &apos;features&apos;: {}}, {&apos;type&apos;: &apos;text&apos;, &apos;bbox&apos;: (285.841, 496.22499999999997, 288.611, 509.515), &apos;color_space&apos;: &apos;DeviceGray&apos;, &apos;ncolor&apos;: None, &apos;size&apos;: 13.29000000000002, &apos;value&apos;: &apos;.&apos;, &apos;children&apos;: [], &apos;features&apos;: {}}, {&apos;type&apos;: &apos;text&apos;, &apos;bbox&apos;: (288.611, 496.22499999999997, 291.381, 509.515), &apos;color_space&apos;: &apos;DeviceGray&apos;, &apos;ncolor&apos;: None, &apos;size&apos;: 13.29000000000002, &apos;value&apos;: &apos;.&apos;, &apos;children&apos;: [], &apos;features&apos;: {}}, {&apos;type&apos;: &apos;text&apos;, &apos;bbox&apos;: (291.381, 496.22499999999997, 294.15099999999995, 509.515), &apos;color_space&apos;: &apos;DeviceGray&apos;, &apos;ncolor&apos;: None, &apos;size&apos;: 13.29000000000002, &apos;value&apos;: &apos;.&apos;, &apos;children&apos;: [], &apos;features&apos;: {}}, {&apos;type&apos;: &apos;text&apos;, &apos;bbox&apos;: (294.15099999999995, 496.22499999999997, 296.92099999999994, 509.515), &apos;color_space&apos;: &apos;DeviceGray&apos;, &apos;ncolor&apos;: None, &apos;size&apos;: 13.29000000000002, &apos;value&apos;: &apos;.&apos;, &apos;children&apos;: [], &apos;features&apos;: {}}, {&apos;type&apos;: &apos;text&apos;, &apos;bbox&apos;: (296.92099999999994, 496.22499999999997, 299.6909999999999, 509.515), &apos;color_space&apos;: &apos;DeviceGray&apos;, &apos;ncolor&apos;: None, &apos;size&apos;: 13.29000000000002, &apos;value&apos;: &apos;.&apos;, &apos;children&apos;: [], &apos;features&apos;: {}}, {&apos;type&apos;: &apos;text&apos;, &apos;bbox&apos;: (299.691, 496.22499999999997, 302.46099999999996, 509.515), &apos;color_space&apos;: &apos;DeviceGray&apos;, &apos;ncolor&apos;: None, &apos;size&apos;: 13.29000000000002, &apos;value&apos;: &apos;.&apos;, &apos;children&apos;: [], &apos;features&apos;: {}}, {&apos;type&apos;: &apos;text&apos;, &apos;bbox&apos;: (302.46099999999996, 496.22499999999997, 305.23099999999994, 509.515), &apos;color_space&apos;: &apos;DeviceGray&apos;, &apos;ncolor&apos;: None, &apos;size&apos;: 13.29000000000002, &apos;value&apos;: &apos;.&apos;, &apos;children&apos;: [], &apos;features&apos;: {}}, {&apos;type&apos;: &apos;text&apos;, &apos;bbox&apos;: (305.23099999999994, 496.22499999999997, 308.0009999999999, 509.515), &apos;color_space&apos;: &apos;DeviceGray&apos;, &apos;ncolor&apos;: None, &apos;size&apos;: 13.29000000000002, &apos;value&apos;: &apos;.&apos;, &apos;children&apos;: [], &apos;features&apos;: {}}, {&apos;type&apos;: &apos;text&apos;, &apos;bbox&apos;: (308.001, 496.22499999999997, 310.77099999999996, 509.515), &apos;color_space&apos;: &apos;DeviceGray&apos;, &apos;ncolor&apos;: None, &apos;size&apos;: 13.29000000000002, &apos;value&apos;: &apos;.&apos;, &apos;children&apos;: [], &apos;features&apos;: {}}, {&apos;type&apos;: &apos;text&apos;, &apos;bbox&apos;: (310.77099999999996, 496.22499999999997, 313.54099999999994, 509.515), &apos;color_space&apos;: &apos;DeviceGray&apos;, &apos;ncolor&apos;: None, &apos;size&apos;: 13.29000000000002, &apos;value&apos;: &apos;.&apos;, &apos;children&apos;: [], &apos;features&apos;: {}}, {&apos;type&apos;: &apos;text&apos;, &apos;bbox&apos;: (313.54099999999994, 496.22499999999997, 316.3109999999999, 509.515), &apos;color_space&apos;: &apos;DeviceGray&apos;, &apos;ncolor&apos;: None, &apos;size&apos;: 13.29000000000002, &apos;value&apos;: &apos;.&apos;, &apos;children&apos;: [], &apos;features&apos;: {}}, {&apos;type&apos;: &apos;text&apos;, &apos;bbox&apos;: (316.3109999999999, 496.22499999999997, 319.0809999999999, 509.515), &apos;color_space&apos;: &apos;DeviceGray&apos;, &apos;ncolor&apos;: None, &apos;size&apos;: 13.29000000000002, &apos;value&apos;: &apos;.&apos;, &apos;children&apos;: [], &apos;features&apos;: {}}, {&apos;type&apos;: &apos;text&apos;, &apos;bbox&apos;: (319.08099999999996, 496.22499999999997, 321.85099999999994, 509.515), &apos;color_space&apos;: &apos;DeviceGray&apos;, &apos;ncolor&apos;: None, &apos;size&apos;: 13.29000000000002, &apos;value&apos;: &apos;.&apos;, &apos;children&apos;: [], &apos;features&apos;: {}}, {&apos;type&apos;: &apos;text&apos;, &apos;bbox&apos;: (321.851, 496.22499999999997, 324.621, 509.515), &apos;color_space&apos;: &apos;DeviceGray&apos;, &apos;ncolor&apos;: None, &apos;size&apos;: 13.29000000000002, &apos;value&apos;: &apos;.&apos;, &apos;children&apos;: [], &apos;features&apos;: {}}, {&apos;type&apos;: &apos;text&apos;, &apos;bbox&apos;: (324.621, 496.22499999999997, 327.39099999999996, 509.515), &apos;color_space&apos;: &apos;DeviceGray&apos;, &apos;ncolor&apos;: None, &apos;size&apos;: 13.29000000000002, &apos;value&apos;: &apos;.&apos;, &apos;children&apos;: [], &apos;features&apos;: {}}, {&apos;type&apos;: &apos;text&apos;, &apos;bbox&apos;: (327.39099999999996, 496.22499999999997, 330.16099999999994, 509.515), &apos;color_space&apos;: &apos;DeviceGray&apos;, &apos;ncolor&apos;: None, &apos;size&apos;: 13.29000000000002, &apos;value&apos;: &apos;.&apos;, &apos;children&apos;: [], &apos;features&apos;: {}}, {&apos;type&apos;: &apos;text&apos;, &apos;bbox&apos;: (330.161, 496.22499999999997, 332.931, 509.515), &apos;color_space&apos;: &apos;DeviceGray&apos;, &apos;ncolor&apos;: None, &apos;size&apos;: 13.29000000000002, &apos;value&apos;: &apos;.&apos;, &apos;children&apos;: [], &apos;features&apos;: {}}, {&apos;type&apos;: &apos;text&apos;, &apos;bbox&apos;: (332.93100000000004, 496.22499999999997, 335.701, 509.515), &apos;color_space&apos;: &apos;DeviceGray&apos;, &apos;ncolor&apos;: None, &apos;size&apos;: 13.29000000000002, &apos;value&apos;: &apos;.&apos;, &apos;children&apos;: [], &apos;features&apos;: {}}, {&apos;type&apos;: &apos;text&apos;, &apos;bbox&apos;: (335.701, 496.22499999999997, 338.471, 509.515), &apos;color_space&apos;: &apos;DeviceGray&apos;, &apos;ncolor&apos;: None, &apos;size&apos;: 13.29000000000002, &apos;value&apos;: &apos;.&apos;, &apos;children&apos;: [], &apos;features&apos;: {}}, {&apos;type&apos;: &apos;text&apos;, &apos;bbox&apos;: (338.471, 496.22499999999997, 341.241, 509.515), &apos;color_space&apos;: &apos;DeviceGray&apos;, &apos;ncolor&apos;: None, &apos;size&apos;: 13.29000000000002, &apos;value&apos;: &apos;.&apos;, &apos;children&apos;: [], &apos;features&apos;: {}}, {&apos;type&apos;: &apos;text&apos;, &apos;bbox&apos;: (341.24100000000004, 496.22499999999997, 344.011, 509.515), &apos;color_space&apos;: &apos;DeviceGray&apos;, &apos;ncolor&apos;: None, &apos;size&apos;: 13.29000000000002, &apos;value&apos;: &apos;.&apos;, &apos;children&apos;: [], &apos;features&apos;: {}}, {&apos;type&apos;: &apos;text&apos;, &apos;bbox&apos;: (344.0110000000001, 496.22499999999997, 346.78100000000006, 509.515), &apos;color_space&apos;: &apos;DeviceGray&apos;, &apos;ncolor&apos;: None, &apos;size&apos;: 13.29000000000002, &apos;value&apos;: &apos;.&apos;, &apos;children&apos;: [], &apos;features&apos;: {}}, {&apos;type&apos;: &apos;text&apos;, &apos;bbox&apos;: (346.78100000000006, 496.22499999999997, 349.55100000000004, 509.515), &apos;color_space&apos;: &apos;DeviceGray&apos;, &apos;ncolor&apos;: None, &apos;size&apos;: 13.29000000000002, &apos;value&apos;: &apos;.&apos;, &apos;children&apos;: [], &apos;features&apos;: {}}, {&apos;type&apos;: &apos;text&apos;, &apos;bbox&apos;: (349.55100000000004, 496.22499999999997, 352.321, 509.515), &apos;color_space&apos;: &apos;DeviceGray&apos;, &apos;ncolor&apos;: None, &apos;size&apos;: 13.29000000000002, &apos;value&apos;: &apos;.&apos;, &apos;children&apos;: [], &apos;features&apos;: {}}, {&apos;type&apos;: &apos;text&apos;, &apos;bbox&apos;: (352.3210000000001, 496.22499999999997, 355.09100000000007, 509.515), &apos;color_space&apos;: &apos;DeviceGray&apos;, &apos;ncolor&apos;: None, &apos;size&apos;: 13.29000000000002, &apos;value&apos;: &apos;.&apos;, &apos;children&apos;: [], &apos;features&apos;: {}}, {&apos;type&apos;: &apos;text&apos;, &apos;bbox&apos;: (355.0910000000001, 496.22499999999997, 357.8610000000001, 509.515), &apos;color_space&apos;: &apos;DeviceGray&apos;, &apos;ncolor&apos;: None, &apos;size&apos;: 13.29000000000002, &apos;value&apos;: &apos;.&apos;, &apos;children&apos;: [], &apos;features&apos;: {}}, {&apos;type&apos;: &apos;text&apos;, &apos;bbox&apos;: (357.8610000000001, 496.22499999999997, 360.6310000000001, 509.515), &apos;color_space&apos;: &apos;DeviceGray&apos;, &apos;ncolor&apos;: None, &apos;size&apos;: 13.29000000000002, &apos;value&apos;: &apos;.&apos;, &apos;children&apos;: [], &apos;features&apos;: {}}, {&apos;type&apos;: &apos;text&apos;, &apos;bbox&apos;: (360.6310000000001, 496.22499999999997, 363.40100000000007, 509.515), &apos;color_space&apos;: &apos;DeviceGray&apos;, &apos;ncolor&apos;: None, &apos;size&apos;: 13.29000000000002, &apos;value&apos;: &apos;.&apos;, &apos;children&apos;: [], &apos;features&apos;: {}}, {&apos;type&apos;: &apos;text&apos;, &apos;bbox&apos;: (363.4010000000001, 496.22499999999997, 366.1710000000001, 509.515), &apos;color_space&apos;: &apos;DeviceGray&apos;, &apos;ncolor&apos;: None, &apos;size&apos;: 13.29000000000002, &apos;value&apos;: &apos;.&apos;, &apos;children&apos;: [], &apos;features&apos;: {}}, {&apos;type&apos;: &apos;text&apos;, &apos;bbox&apos;: (366.17100000000016, 496.22499999999997, 368.94100000000014, 509.515), &apos;color_space&apos;: &apos;DeviceGray&apos;, &apos;ncolor&apos;: None, &apos;size&apos;: 13.29000000000002, &apos;value&apos;: &apos;.&apos;, &apos;children&apos;: [], &apos;features&apos;: {}}, {&apos;type&apos;: &apos;text&apos;, &apos;bbox&apos;: (368.94100000000014, 496.22499999999997, 371.7110000000001, 509.515), &apos;color_space&apos;: &apos;DeviceGray&apos;, &apos;ncolor&apos;: None, &apos;size&apos;: 13.29000000000002, &apos;value&apos;: &apos;.&apos;, &apos;children&apos;: [], &apos;features&apos;: {}}, {&apos;type&apos;: &apos;text&apos;, &apos;bbox&apos;: (371.7110000000001, 496.22499999999997, 374.4810000000001, 509.515), &apos;color_space&apos;: &apos;DeviceGray&apos;, &apos;ncolor&apos;: None, &apos;size&apos;: 13.29000000000002, &apos;value&apos;: &apos;.&apos;, &apos;children&apos;: [], &apos;features&apos;: {}}, {&apos;type&apos;: &apos;text&apos;, &apos;bbox&apos;: (374.48100000000017, 496.22499999999997, 377.25100000000015, 509.515), &apos;color_space&apos;: &apos;DeviceGray&apos;, &apos;ncolor&apos;: None, &apos;size&apos;: 13.29000000000002, &apos;value&apos;: &apos;.&apos;, &apos;children&apos;: [], &apos;features&apos;: {}}, {&apos;type&apos;: &apos;text&apos;, &apos;bbox&apos;: (377.2510000000002, 496.22499999999997, 380.0210000000002, 509.515), &apos;color_space&apos;: &apos;DeviceGray&apos;, &apos;ncolor&apos;: None, &apos;size&apos;: 13.29000000000002, &apos;value&apos;: &apos;.&apos;, &apos;children&apos;: [], &apos;features&apos;: {}}, {&apos;type&apos;: &apos;text&apos;, &apos;bbox&apos;: (380.0210000000002, 496.22499999999997, 382.79100000000017, 509.515), &apos;color_space&apos;: &apos;DeviceGray&apos;, &apos;ncolor&apos;: None, &apos;size&apos;: 13.29000000000002, &apos;value&apos;: &apos;.&apos;, &apos;children&apos;: [], &apos;features&apos;: {}}, {&apos;type&apos;: &apos;text&apos;, &apos;bbox&apos;: (382.79100000000017, 496.22499999999997, 385.56100000000015, 509.515), &apos;color_space&apos;: &apos;DeviceGray&apos;, &apos;ncolor&apos;: None, &apos;size&apos;: 13.29000000000002, &apos;value&apos;: &apos;.&apos;, &apos;children&apos;: [], &apos;features&apos;: {}}, {&apos;type&apos;: &apos;text&apos;, &apos;bbox&apos;: (385.5610000000002, 496.22499999999997, 388.3310000000002, 509.515), &apos;color_space&apos;: &apos;DeviceGray&apos;, &apos;ncolor&apos;: None, &apos;size&apos;: 13.29000000000002, &apos;value&apos;: &apos;.&apos;, &apos;children&apos;: [], &apos;features&apos;: {}}, {&apos;type&apos;: &apos;text&apos;, &apos;bbox&apos;: (388.33100000000024, 496.22499999999997, 391.1010000000002, 509.515), &apos;color_space&apos;: &apos;DeviceGray&apos;, &apos;ncolor&apos;: None, &apos;size&apos;: 13.29000000000002, &apos;value&apos;: &apos;.&apos;, &apos;children&apos;: [], &apos;features&apos;: {}}, {&apos;type&apos;: &apos;text&apos;, &apos;bbox&apos;: (391.1010000000002, 496.22499999999997, 393.8710000000002, 509.515), &apos;color_space&apos;: &apos;DeviceGray&apos;, &apos;ncolor&apos;: None, &apos;size&apos;: 13.29000000000002, &apos;value&apos;: &apos;.&apos;, &apos;children&apos;: [], &apos;features&apos;: {}}, {&apos;type&apos;: &apos;text&apos;, &apos;bbox&apos;: (393.8710000000002, 496.22499999999997, 396.6410000000002, 509.515), &apos;color_space&apos;: &apos;DeviceGray&apos;, &apos;ncolor&apos;: None, &apos;size&apos;: 13.29000000000002, &apos;value&apos;: &apos;.&apos;, &apos;children&apos;: [], &apos;features&apos;: {}}, {&apos;type&apos;: &apos;text&apos;, &apos;bbox&apos;: (396.64100000000025, 496.22499999999997, 399.41100000000023, 509.515), &apos;color_space&apos;: &apos;DeviceGray&apos;, &apos;ncolor&apos;: None, &apos;size&apos;: 13.29000000000002, &apos;value&apos;: &apos;.&apos;, &apos;children&apos;: [], &apos;features&apos;: {}}, {&apos;type&apos;: &apos;text&apos;, &apos;bbox&apos;: (399.4110000000003, 496.22499999999997, 402.18100000000027, 509.515), &apos;color_space&apos;: &apos;DeviceGray&apos;, &apos;ncolor&apos;: None, &apos;size&apos;: 13.29000000000002, &apos;value&apos;: &apos;.&apos;, &apos;children&apos;: [], &apos;features&apos;: {}}, {&apos;type&apos;: &apos;text&apos;, &apos;bbox&apos;: (402.18100000000027, 496.22499999999997, 404.95100000000025, 509.515), &apos;color_space&apos;: &apos;DeviceGray&apos;, &apos;ncolor&apos;: None, &apos;size&apos;: 13.29000000000002, &apos;value&apos;: &apos;.&apos;, &apos;children&apos;: [], &apos;features&apos;: {}}, {&apos;type&apos;: &apos;text&apos;, &apos;bbox&apos;: (404.95100000000025, 496.22499999999997, 407.72100000000023, 509.515), &apos;color_space&apos;: &apos;DeviceGray&apos;, &apos;ncolor&apos;: None, &apos;size&apos;: 13.29000000000002, &apos;value&apos;: &apos;.&apos;, &apos;children&apos;: [], &apos;features&apos;: {}}, {&apos;type&apos;: &apos;text&apos;, &apos;bbox&apos;: (407.7210000000003, 496.22499999999997, 410.49100000000027, 509.515), &apos;color_space&apos;: &apos;DeviceGray&apos;, &apos;ncolor&apos;: None, &apos;size&apos;: 13.29000000000002, &apos;value&apos;: &apos;.&apos;, &apos;children&apos;: [], &apos;features&apos;: {}}, {&apos;type&apos;: &apos;text&apos;, &apos;bbox&apos;: (410.4910000000003, 496.22499999999997, 413.2610000000003, 509.515), &apos;color_space&apos;: &apos;DeviceGray&apos;, &apos;ncolor&apos;: None, &apos;size&apos;: 13.29000000000002, &apos;value&apos;: &apos;.&apos;, &apos;children&apos;: [], &apos;features&apos;: {}}, {&apos;type&apos;: &apos;text&apos;, &apos;bbox&apos;: (413.2610000000003, 496.22499999999997, 416.0310000000003, 509.515), &apos;color_space&apos;: &apos;DeviceGray&apos;, &apos;ncolor&apos;: None, &apos;size&apos;: 13.29000000000002, &apos;value&apos;: &apos;.&apos;, &apos;children&apos;: [], &apos;features&apos;: {}}, {&apos;type&apos;: &apos;text&apos;, &apos;bbox&apos;: (416.0310000000003, 496.22499999999997, 418.8010000000003, 509.515), &apos;color_space&apos;: &apos;DeviceGray&apos;, &apos;ncolor&apos;: None, &apos;size&apos;: 13.29000000000002, &apos;value&apos;: &apos;.&apos;, &apos;children&apos;: [], &apos;features&apos;: {}}, {&apos;type&apos;: &apos;text&apos;, &apos;bbox&apos;: (418.80100000000033, 496.22499999999997, 421.5710000000003, 509.515), &apos;color_space&apos;: &apos;DeviceGray&apos;, &apos;ncolor&apos;: None, &apos;size&apos;: 13.29000000000002, &apos;value&apos;: &apos;.&apos;, &apos;children&apos;: [], &apos;features&apos;: {}}, {&apos;type&apos;: &apos;text&apos;, &apos;bbox&apos;: (421.57100000000037, 496.22499999999997, 424.34100000000035, 509.515), &apos;color_space&apos;: &apos;DeviceGray&apos;, &apos;ncolor&apos;: None, &apos;size&apos;: 13.29000000000002, &apos;value&apos;: &apos;.&apos;, &apos;children&apos;: [], &apos;features&apos;: {}}, {&apos;type&apos;: &apos;text&apos;, &apos;bbox&apos;: (424.34100000000035, 496.22499999999997, 427.11100000000033, 509.515), &apos;color_space&apos;: &apos;DeviceGray&apos;, &apos;ncolor&apos;: None, &apos;size&apos;: 13.29000000000002, &apos;value&apos;: &apos;.&apos;, &apos;children&apos;: [], &apos;features&apos;: {}}, {&apos;type&apos;: &apos;text&apos;, &apos;bbox&apos;: (427.11100000000033, 496.22499999999997, 429.8810000000003, 509.515), &apos;color_space&apos;: &apos;DeviceGray&apos;, &apos;ncolor&apos;: None, &apos;size&apos;: 13.29000000000002, &apos;value&apos;: &apos;.&apos;, &apos;children&apos;: [], &apos;features&apos;: {}}, {&apos;type&apos;: &apos;text&apos;, &apos;bbox&apos;: (429.88100000000037, 496.22499999999997, 432.65100000000035, 509.515), &apos;color_space&apos;: &apos;DeviceGray&apos;, &apos;ncolor&apos;: None, &apos;size&apos;: 13.29000000000002, &apos;value&apos;: &apos;.&apos;, &apos;children&apos;: [], &apos;features&apos;: {}}, {&apos;type&apos;: &apos;text&apos;, &apos;bbox&apos;: (432.6510000000004, 496.22499999999997, 435.4210000000004, 509.515), &apos;color_space&apos;: &apos;DeviceGray&apos;, &apos;ncolor&apos;: None, &apos;size&apos;: 13.29000000000002, &apos;value&apos;: &apos;.&apos;, &apos;children&apos;: [], &apos;features&apos;: {}}, {&apos;type&apos;: &apos;text&apos;, &apos;bbox&apos;: (435.4210000000004, 496.22499999999997, 438.1910000000004, 509.515), &apos;color_space&apos;: &apos;DeviceGray&apos;, &apos;ncolor&apos;: None, &apos;size&apos;: 13.29000000000002, &apos;value&apos;: &apos;.&apos;, &apos;children&apos;: [], &apos;features&apos;: {}}, {&apos;type&apos;: &apos;text&apos;, &apos;bbox&apos;: (438.1910000000004, 496.22499999999997, 440.96100000000035, 509.515), &apos;color_space&apos;: &apos;DeviceGray&apos;, &apos;ncolor&apos;: None, &apos;size&apos;: 13.29000000000002, &apos;value&apos;: &apos;.&apos;, &apos;children&apos;: [], &apos;features&apos;: {}}, {&apos;type&apos;: &apos;text&apos;, &apos;bbox&apos;: (440.9610000000004, 496.22499999999997, 443.7310000000004, 509.515), &apos;color_space&apos;: &apos;DeviceGray&apos;, &apos;ncolor&apos;: None, &apos;size&apos;: 13.29000000000002, &apos;value&apos;: &apos;.&apos;, &apos;children&apos;: [], &apos;features&apos;: {}}, {&apos;type&apos;: &apos;text&apos;, &apos;bbox&apos;: (443.7310000000004, 496.22499999999997, 446.5010000000004, 509.515), &apos;color_space&apos;: &apos;DeviceGray&apos;, &apos;ncolor&apos;: None, &apos;size&apos;: 13.29000000000002, &apos;value&apos;: &apos;.&apos;, &apos;children&apos;: [], &apos;features&apos;: {}}, {&apos;type&apos;: &apos;text&apos;, &apos;bbox&apos;: (446.5010000000004, 496.22499999999997, 449.27100000000036, 509.515), &apos;color_space&apos;: &apos;DeviceGray&apos;, &apos;ncolor&apos;: None, &apos;size&apos;: 13.29000000000002, &apos;value&apos;: &apos;.&apos;, &apos;children&apos;: [], &apos;features&apos;: {}}, {&apos;type&apos;: &apos;text&apos;, &apos;bbox&apos;: (449.27100000000036, 496.22499999999997, 452.04100000000034, 509.515), &apos;color_space&apos;: &apos;DeviceGray&apos;, &apos;ncolor&apos;: None, &apos;size&apos;: 13.29000000000002, &apos;value&apos;: &apos;.&apos;, &apos;children&apos;: [], &apos;features&apos;: {}}, {&apos;type&apos;: &apos;text&apos;, &apos;bbox&apos;: (452.04100000000034, 496.22499999999997, 454.8110000000003, 509.515), &apos;color_space&apos;: &apos;DeviceGray&apos;, &apos;ncolor&apos;: None, &apos;size&apos;: 13.29000000000002, &apos;value&apos;: &apos;.&apos;, &apos;children&apos;: [], &apos;features&apos;: {}}, {&apos;type&apos;: &apos;text&apos;, &apos;bbox&apos;: (454.8110000000003, 496.22499999999997, 457.5810000000003, 509.515), &apos;color_space&apos;: &apos;DeviceGray&apos;, &apos;ncolor&apos;: None, &apos;size&apos;: 13.29000000000002, &apos;value&apos;: &apos;.&apos;, &apos;children&apos;: [], &apos;features&apos;: {}}, {&apos;type&apos;: &apos;text&apos;, &apos;bbox&apos;: (457.5810000000003, 496.22499999999997, 460.3510000000003, 509.515), &apos;color_space&apos;: &apos;DeviceGray&apos;, &apos;ncolor&apos;: None, &apos;size&apos;: 13.29000000000002, &apos;value&apos;: &apos;.&apos;, &apos;children&apos;: [], &apos;features&apos;: {}}, {&apos;type&apos;: &apos;text&apos;, &apos;bbox&apos;: (460.3510000000003, 496.22499999999997, 463.12100000000027, 509.515), &apos;color_space&apos;: &apos;DeviceGray&apos;, &apos;ncolor&apos;: None, &apos;size&apos;: 13.29000000000002, &apos;value&apos;: &apos;.&apos;, &apos;children&apos;: [], &apos;features&apos;: {}}, {&apos;type&apos;: &apos;text&apos;, &apos;bbox&apos;: (463.12100000000027, 496.22499999999997, 465.89100000000025, 509.515), &apos;color_space&apos;: &apos;DeviceGray&apos;, &apos;ncolor&apos;: None, &apos;size&apos;: 13.29000000000002, &apos;value&apos;: &apos;.&apos;, &apos;children&apos;: [], &apos;features&apos;: {}}, {&apos;type&apos;: &apos;text&apos;, &apos;bbox&apos;: (465.89100000000025, 496.22499999999997, 468.66100000000023, 509.515), &apos;color_space&apos;: &apos;DeviceGray&apos;, &apos;ncolor&apos;: None, &apos;size&apos;: 13.29000000000002, &apos;value&apos;: &apos;.&apos;, &apos;children&apos;: [], &apos;features&apos;: {}}, {&apos;type&apos;: &apos;text&apos;, &apos;bbox&apos;: (468.66100000000023, 496.22499999999997, 471.4310000000002, 509.515), &apos;color_space&apos;: &apos;DeviceGray&apos;, &apos;ncolor&apos;: None, &apos;size&apos;: 13.29000000000002, &apos;value&apos;: &apos;.&apos;, &apos;children&apos;: [], &apos;features&apos;: {}}, {&apos;type&apos;: &apos;text&apos;, &apos;bbox&apos;: (471.4310000000002, 496.22499999999997, 474.2010000000002, 509.515), &apos;color_space&apos;: &apos;DeviceGray&apos;, &apos;ncolor&apos;: None, &apos;size&apos;: 13.29000000000002, &apos;value&apos;: &apos;.&apos;, &apos;children&apos;: [], &apos;features&apos;: {}}, {&apos;type&apos;: &apos;text&apos;, &apos;bbox&apos;: (474.2010000000002, 496.22499999999997, 476.9710000000002, 509.515), &apos;color_space&apos;: &apos;DeviceGray&apos;, &apos;ncolor&apos;: None, &apos;size&apos;: 13.29000000000002, &apos;value&apos;: &apos;.&apos;, &apos;children&apos;: [], &apos;features&apos;: {}}, {&apos;type&apos;: &apos;text&apos;, &apos;bbox&apos;: (476.9710000000002, 496.22499999999997, 479.74100000000016, 509.515), &apos;color_space&apos;: &apos;DeviceGray&apos;, &apos;ncolor&apos;: None, &apos;size&apos;: 13.29000000000002, &apos;value&apos;: &apos;.&apos;, &apos;children&apos;: [], &apos;features&apos;: {}}, {&apos;type&apos;: &apos;text&apos;, &apos;bbox&apos;: (479.74100000000016, 496.22499999999997, 482.51100000000014, 509.515), &apos;color_space&apos;: &apos;DeviceGray&apos;, &apos;ncolor&apos;: None, &apos;size&apos;: 13.29000000000002, &apos;value&apos;: &apos;.&apos;, &apos;children&apos;: [], &apos;features&apos;: {}}, {&apos;type&apos;: &apos;text&apos;, &apos;bbox&apos;: (482.51100000000014, 496.22499999999997, 485.2810000000001, 509.515), &apos;color_space&apos;: &apos;DeviceGray&apos;, &apos;ncolor&apos;: None, &apos;size&apos;: 13.29000000000002, &apos;value&apos;: &apos;.&apos;, &apos;children&apos;: [], &apos;features&apos;: {}}, {&apos;type&apos;: &apos;text&apos;, &apos;bbox&apos;: (485.2810000000001, 496.22499999999997, 488.0510000000001, 509.515), &apos;color_space&apos;: &apos;DeviceGray&apos;, &apos;ncolor&apos;: None, &apos;size&apos;: 13.29000000000002, &apos;value&apos;: &apos;.&apos;, &apos;children&apos;: [], &apos;features&apos;: {}}, {&apos;type&apos;: &apos;text&apos;, &apos;bbox&apos;: (489.548, 496.22499999999997, 495.108, 509.515), &apos;color_space&apos;: &apos;DeviceGray&apos;, &apos;ncolor&apos;: None, &apos;size&apos;: 13.29000000000002, &apos;value&apos;: &apos;4&apos;, &apos;children&apos;: [], &apos;features&apos;: {}}, {&apos;type&apos;: &apos;text&apos;, &apos;bbox&apos;: (495.108, 496.22499999999997, 498.438, 509.515), &apos;color_space&apos;: &apos;DeviceGray&apos;, &apos;ncolor&apos;: None, &apos;size&apos;: 13.29000000000002, &apos;value&apos;: &apos;-&apos;, &apos;children&apos;: [], &apos;features&apos;: {}}, {&apos;type&apos;: &apos;text&apos;, &apos;bbox&apos;: (498.439, 496.22499999999997, 503.999, 509.515), &apos;color_space&apos;: &apos;DeviceGray&apos;, &apos;ncolor&apos;: None, &apos;size&apos;: 13.29000000000002, &apos;value&apos;: &apos;1&apos;, &apos;children&apos;: [], &apos;features&apos;: {}}], &apos;features&apos;: {}}
*********************





--------------------------------- CONTENT AREA --------------------------------- 
This content area has an image
{&apos;type&apos;: &apos;figure&apos;, &apos;bbox&apos;: (0, 0, 612.0, 792.0), &apos;name&apos;: &apos;fx28&apos;, &apos;children&apos;: [{&apos;type&apos;: &apos;text&apos;, &apos;bbox&apos;: (78.0, 480.004, 83.57, 493.484), &apos;color_space&apos;: &apos;DeviceGray&apos;, &apos;ncolor&apos;: None, &apos;size&apos;: 13.479999999999961, &apos;value&apos;: &apos;F&apos;, &apos;children&apos;: [], &apos;features&apos;: {}}, {&apos;type&apos;: &apos;text&apos;, &apos;bbox&apos;: (83.57, 480.004, 89.66999999999999, 493.484), &apos;color_space&apos;: &apos;DeviceGray&apos;, &apos;ncolor&apos;: None, &apos;size&apos;: 13.479999999999961, &apos;value&apos;: &apos;S&apos;, &apos;children&apos;: [], &apos;features&apos;: {}}, {&apos;type&apos;: &apos;text&apos;, &apos;bbox&apos;: (89.67, 480.004, 93.56, 493.484), &apos;color_space&apos;: &apos;DeviceGray&apos;, &apos;ncolor&apos;: None, &apos;size&apos;: 13.479999999999961, &apos;value&apos;: &apos;I&apos;, &apos;children&apos;: [], &apos;features&apos;: {}}, {&apos;type&apos;: &apos;text&apos;, &apos;bbox&apos;: (93.56, 480.004, 98.56, 493.484), &apos;color_space&apos;: &apos;DeviceGray&apos;, &apos;ncolor&apos;: None, &apos;size&apos;: 13.479999999999961, &apos;value&apos;: &apos;_&apos;, &apos;children&apos;: [], &apos;features&apos;: {}}, {&apos;type&apos;: &apos;text&apos;, &apos;bbox&apos;: (98.56, 480.004, 106.87, 493.484), &apos;color_space&apos;: &apos;DeviceGray&apos;, &apos;ncolor&apos;: None, &apos;size&apos;: 13.479999999999961, &apos;value&apos;: &apos;D&apos;, &apos;children&apos;: [], &apos;features&apos;: {}}, {&apos;type&apos;: &apos;text&apos;, &apos;bbox&apos;: (106.87, 480.004, 111.87, 493.484), &apos;color_space&apos;: &apos;DeviceGray&apos;, &apos;ncolor&apos;: None, &apos;size&apos;: 13.479999999999961, &apos;value&apos;: &apos;_&apos;, &apos;children&apos;: [], &apos;features&apos;: {}}, {&apos;type&apos;: &apos;text&apos;, &apos;bbox&apos;: (111.87, 480.004, 117.97, 493.484), &apos;color_space&apos;: &apos;DeviceGray&apos;, &apos;ncolor&apos;: None, &apos;size&apos;: 13.479999999999961, &apos;value&apos;: &apos;S&apos;, &apos;children&apos;: [], &apos;features&apos;: {}}, {&apos;type&apos;: &apos;text&apos;, &apos;bbox&apos;: (117.97, 480.004, 127.97, 493.484), &apos;color_space&apos;: &apos;DeviceGray&apos;, &apos;ncolor&apos;: None, &apos;size&apos;: 13.479999999999961, &apos;value&apos;: &apos;W&apos;, &apos;children&apos;: [], &apos;features&apos;: {}}, {&apos;type&apos;: &apos;text&apos;, &apos;bbox&apos;: (127.97, 480.004, 135.74, 493.484), &apos;color_space&apos;: &apos;DeviceGray&apos;, &apos;ncolor&apos;: None, &apos;size&apos;: 13.479999999999961, &apos;value&apos;: &apos;A&apos;, &apos;children&apos;: [], &apos;features&apos;: {}}, {&apos;type&apos;: &apos;text&apos;, &apos;bbox&apos;: (135.74, 480.004, 141.84, 493.484), &apos;color_space&apos;: &apos;DeviceGray&apos;, &apos;ncolor&apos;: None, &apos;size&apos;: 13.479999999999961, &apos;value&apos;: &apos;P&apos;, &apos;children&apos;: [], &apos;features&apos;: {}}, {&apos;type&apos;: &apos;text&apos;, &apos;bbox&apos;: (141.84, 480.004, 147.94, 493.484), &apos;color_space&apos;: &apos;DeviceGray&apos;, &apos;ncolor&apos;: None, &apos;size&apos;: 13.479999999999961, &apos;value&apos;: &apos;S&apos;, &apos;children&apos;: [], &apos;features&apos;: {}}, {&apos;type&apos;: &apos;text&apos;, &apos;bbox&apos;: (147.985, 480.734, 150.75500000000002, 494.024), &apos;color_space&apos;: &apos;DeviceGray&apos;, &apos;ncolor&apos;: None, &apos;size&apos;: 13.29000000000002, &apos;value&apos;: &apos;.&apos;, &apos;children&apos;: [], &apos;features&apos;: {}}, {&apos;type&apos;: &apos;text&apos;, &apos;bbox&apos;: (150.75500000000002, 480.734, 153.52500000000003, 494.024), &apos;color_space&apos;: &apos;DeviceGray&apos;, &apos;ncolor&apos;: None, &apos;size&apos;: 13.29000000000002, &apos;value&apos;: &apos;.&apos;, &apos;children&apos;: [], &apos;features&apos;: {}}, {&apos;type&apos;: &apos;text&apos;, &apos;bbox&apos;: (153.525, 480.734, 156.29500000000002, 494.024), &apos;color_space&apos;: &apos;DeviceGray&apos;, &apos;ncolor&apos;: None, &apos;size&apos;: 13.29000000000002, &apos;value&apos;: &apos;.&apos;, &apos;children&apos;: [], &apos;features&apos;: {}}, {&apos;type&apos;: &apos;text&apos;, &apos;bbox&apos;: (156.29500000000002, 480.734, 159.06500000000003, 494.024), &apos;color_space&apos;: &apos;DeviceGray&apos;, &apos;ncolor&apos;: None, &apos;size&apos;: 13.29000000000002, &apos;value&apos;: &apos;.&apos;, &apos;children&apos;: [], &apos;features&apos;: {}}, {&apos;type&apos;: &apos;text&apos;, &apos;bbox&apos;: (159.06500000000003, 480.734, 161.83500000000004, 494.024), &apos;color_space&apos;: &apos;DeviceGray&apos;, &apos;ncolor&apos;: None, &apos;size&apos;: 13.29000000000002, &apos;value&apos;: &apos;.&apos;, &apos;children&apos;: [], &apos;features&apos;: {}}, {&apos;type&apos;: &apos;text&apos;, &apos;bbox&apos;: (161.835, 480.734, 164.60500000000002, 494.024), &apos;color_space&apos;: &apos;DeviceGray&apos;, &apos;ncolor&apos;: None, &apos;size&apos;: 13.29000000000002, &apos;value&apos;: &apos;.&apos;, &apos;children&apos;: [], &apos;features&apos;: {}}, {&apos;type&apos;: &apos;text&apos;, &apos;bbox&apos;: (164.60500000000002, 480.734, 167.37500000000003, 494.024), &apos;color_space&apos;: &apos;DeviceGray&apos;, &apos;ncolor&apos;: None, &apos;size&apos;: 13.29000000000002, &apos;value&apos;: &apos;.&apos;, &apos;children&apos;: [], &apos;features&apos;: {}}, {&apos;type&apos;: &apos;text&apos;, &apos;bbox&apos;: (167.375, 480.734, 170.145, 494.024), &apos;color_space&apos;: &apos;DeviceGray&apos;, &apos;ncolor&apos;: None, &apos;size&apos;: 13.29000000000002, &apos;value&apos;: &apos;.&apos;, &apos;children&apos;: [], &apos;features&apos;: {}}, {&apos;type&apos;: &apos;text&apos;, &apos;bbox&apos;: (170.145, 480.734, 172.91500000000002, 494.024), &apos;color_space&apos;: &apos;DeviceGray&apos;, &apos;ncolor&apos;: None, &apos;size&apos;: 13.29000000000002, &apos;value&apos;: &apos;.&apos;, &apos;children&apos;: [], &apos;features&apos;: {}}, {&apos;type&apos;: &apos;text&apos;, &apos;bbox&apos;: (172.91500000000002, 480.734, 175.68500000000003, 494.024), &apos;color_space&apos;: &apos;DeviceGray&apos;, &apos;ncolor&apos;: None, &apos;size&apos;: 13.29000000000002, &apos;value&apos;: &apos;.&apos;, &apos;children&apos;: [], &apos;features&apos;: {}}, {&apos;type&apos;: &apos;text&apos;, &apos;bbox&apos;: (175.685, 480.734, 178.455, 494.024), &apos;color_space&apos;: &apos;DeviceGray&apos;, &apos;ncolor&apos;: None, &apos;size&apos;: 13.29000000000002, &apos;value&apos;: &apos;.&apos;, &apos;children&apos;: [], &apos;features&apos;: {}}, {&apos;type&apos;: &apos;text&apos;, &apos;bbox&apos;: (178.455, 480.734, 181.22500000000002, 494.024), &apos;color_space&apos;: &apos;DeviceGray&apos;, &apos;ncolor&apos;: None, &apos;size&apos;: 13.29000000000002, &apos;value&apos;: &apos;.&apos;, &apos;children&apos;: [], &apos;features&apos;: {}}, {&apos;type&apos;: &apos;text&apos;, &apos;bbox&apos;: (181.22500000000002, 480.734, 183.99500000000003, 494.024), &apos;color_space&apos;: &apos;DeviceGray&apos;, &apos;ncolor&apos;: None, &apos;size&apos;: 13.29000000000002, &apos;value&apos;: &apos;.&apos;, &apos;children&apos;: [], &apos;features&apos;: {}}, {&apos;type&apos;: &apos;text&apos;, &apos;bbox&apos;: (183.995, 480.734, 186.76500000000001, 494.024), &apos;color_space&apos;: &apos;DeviceGray&apos;, &apos;ncolor&apos;: None, &apos;size&apos;: 13.29000000000002, &apos;value&apos;: &apos;.&apos;, &apos;children&apos;: [], &apos;features&apos;: {}}, {&apos;type&apos;: &apos;text&apos;, &apos;bbox&apos;: (186.76500000000001, 480.734, 189.53500000000003, 494.024), &apos;color_space&apos;: &apos;DeviceGray&apos;, &apos;ncolor&apos;: None, &apos;size&apos;: 13.29000000000002, &apos;value&apos;: &apos;.&apos;, &apos;children&apos;: [], &apos;features&apos;: {}}, {&apos;type&apos;: &apos;text&apos;, &apos;bbox&apos;: (189.53500000000003, 480.734, 192.30500000000004, 494.024), &apos;color_space&apos;: &apos;DeviceGray&apos;, &apos;ncolor&apos;: None, &apos;size&apos;: 13.29000000000002, &apos;value&apos;: &apos;.&apos;, &apos;children&apos;: [], &apos;features&apos;: {}}, {&apos;type&apos;: &apos;text&apos;, &apos;bbox&apos;: (192.30500000000004, 480.734, 195.07500000000005, 494.024), &apos;color_space&apos;: &apos;DeviceGray&apos;, &apos;ncolor&apos;: None, &apos;size&apos;: 13.29000000000002, &apos;value&apos;: &apos;.&apos;, &apos;children&apos;: [], &apos;features&apos;: {}}, {&apos;type&apos;: &apos;text&apos;, &apos;bbox&apos;: (195.07500000000005, 480.734, 197.84500000000006, 494.024), &apos;color_space&apos;: &apos;DeviceGray&apos;, &apos;ncolor&apos;: None, &apos;size&apos;: 13.29000000000002, &apos;value&apos;: &apos;.&apos;, &apos;children&apos;: [], &apos;features&apos;: {}}, {&apos;type&apos;: &apos;text&apos;, &apos;bbox&apos;: (197.84500000000003, 480.734, 200.61500000000004, 494.024), &apos;color_space&apos;: &apos;DeviceGray&apos;, &apos;ncolor&apos;: None, &apos;size&apos;: 13.29000000000002, &apos;value&apos;: &apos;.&apos;, &apos;children&apos;: [], &apos;features&apos;: {}}, {&apos;type&apos;: &apos;text&apos;, &apos;bbox&apos;: (200.61500000000004, 480.734, 203.38500000000005, 494.024), &apos;color_space&apos;: &apos;DeviceGray&apos;, &apos;ncolor&apos;: None, &apos;size&apos;: 13.29000000000002, &apos;value&apos;: &apos;.&apos;, &apos;children&apos;: [], &apos;features&apos;: {}}, {&apos;type&apos;: &apos;text&apos;, &apos;bbox&apos;: (203.38500000000005, 480.734, 206.15500000000006, 494.024), &apos;color_space&apos;: &apos;DeviceGray&apos;, &apos;ncolor&apos;: None, &apos;size&apos;: 13.29000000000002, &apos;value&apos;: &apos;.&apos;, &apos;children&apos;: [], &apos;features&apos;: {}}, {&apos;type&apos;: &apos;text&apos;, &apos;bbox&apos;: (206.15500000000003, 480.734, 208.92500000000004, 494.024), &apos;color_space&apos;: &apos;DeviceGray&apos;, &apos;ncolor&apos;: None, &apos;size&apos;: 13.29000000000002, &apos;value&apos;: &apos;.&apos;, &apos;children&apos;: [], &apos;features&apos;: {}}, {&apos;type&apos;: &apos;text&apos;, &apos;bbox&apos;: (208.92500000000004, 480.734, 211.69500000000005, 494.024), &apos;color_space&apos;: &apos;DeviceGray&apos;, &apos;ncolor&apos;: None, &apos;size&apos;: 13.29000000000002, &apos;value&apos;: &apos;.&apos;, &apos;children&apos;: [], &apos;features&apos;: {}}, {&apos;type&apos;: &apos;text&apos;, &apos;bbox&apos;: (211.69500000000005, 480.734, 214.46500000000006, 494.024), &apos;color_space&apos;: &apos;DeviceGray&apos;, &apos;ncolor&apos;: None, &apos;size&apos;: 13.29000000000002, &apos;value&apos;: &apos;.&apos;, &apos;children&apos;: [], &apos;features&apos;: {}}, {&apos;type&apos;: &apos;text&apos;, &apos;bbox&apos;: (214.46500000000003, 480.734, 217.23500000000004, 494.024), &apos;color_space&apos;: &apos;DeviceGray&apos;, &apos;ncolor&apos;: None, &apos;size&apos;: 13.29000000000002, &apos;value&apos;: &apos;.&apos;, &apos;children&apos;: [], &apos;features&apos;: {}}, {&apos;type&apos;: &apos;text&apos;, &apos;bbox&apos;: (217.23500000000004, 480.734, 220.00500000000005, 494.024), &apos;color_space&apos;: &apos;DeviceGray&apos;, &apos;ncolor&apos;: None, &apos;size&apos;: 13.29000000000002, &apos;value&apos;: &apos;.&apos;, &apos;children&apos;: [], &apos;features&apos;: {}}, {&apos;type&apos;: &apos;text&apos;, &apos;bbox&apos;: (220.00500000000005, 480.734, 222.77500000000006, 494.024), &apos;color_space&apos;: &apos;DeviceGray&apos;, &apos;ncolor&apos;: None, &apos;size&apos;: 13.29000000000002, &apos;value&apos;: &apos;.&apos;, &apos;children&apos;: [], &apos;features&apos;: {}}, {&apos;type&apos;: &apos;text&apos;, &apos;bbox&apos;: (222.77500000000003, 480.734, 225.54500000000004, 494.024), &apos;color_space&apos;: &apos;DeviceGray&apos;, &apos;ncolor&apos;: None, &apos;size&apos;: 13.29000000000002, &apos;value&apos;: &apos;.&apos;, &apos;children&apos;: [], &apos;features&apos;: {}}, {&apos;type&apos;: &apos;text&apos;, &apos;bbox&apos;: (225.54500000000002, 480.734, 228.31500000000003, 494.024), &apos;color_space&apos;: &apos;DeviceGray&apos;, &apos;ncolor&apos;: None, &apos;size&apos;: 13.29000000000002, &apos;value&apos;: &apos;.&apos;, &apos;children&apos;: [], &apos;features&apos;: {}}, {&apos;type&apos;: &apos;text&apos;, &apos;bbox&apos;: (228.31500000000003, 480.734, 231.08500000000004, 494.024), &apos;color_space&apos;: &apos;DeviceGray&apos;, &apos;ncolor&apos;: None, &apos;size&apos;: 13.29000000000002, &apos;value&apos;: &apos;.&apos;, &apos;children&apos;: [], &apos;features&apos;: {}}, {&apos;type&apos;: &apos;text&apos;, &apos;bbox&apos;: (231.08500000000004, 480.734, 233.85500000000005, 494.024), &apos;color_space&apos;: &apos;DeviceGray&apos;, &apos;ncolor&apos;: None, &apos;size&apos;: 13.29000000000002, &apos;value&apos;: &apos;.&apos;, &apos;children&apos;: [], &apos;features&apos;: {}}, {&apos;type&apos;: &apos;text&apos;, &apos;bbox&apos;: (233.85500000000002, 480.734, 236.62500000000003, 494.024), &apos;color_space&apos;: &apos;DeviceGray&apos;, &apos;ncolor&apos;: None, &apos;size&apos;: 13.29000000000002, &apos;value&apos;: &apos;.&apos;, &apos;children&apos;: [], &apos;features&apos;: {}}, {&apos;type&apos;: &apos;text&apos;, &apos;bbox&apos;: (236.625, 480.734, 239.395, 494.024), &apos;color_space&apos;: &apos;DeviceGray&apos;, &apos;ncolor&apos;: None, &apos;size&apos;: 13.29000000000002, &apos;value&apos;: &apos;.&apos;, &apos;children&apos;: [], &apos;features&apos;: {}}, {&apos;type&apos;: &apos;text&apos;, &apos;bbox&apos;: (239.395, 480.734, 242.16500000000002, 494.024), &apos;color_space&apos;: &apos;DeviceGray&apos;, &apos;ncolor&apos;: None, &apos;size&apos;: 13.29000000000002, &apos;value&apos;: &apos;.&apos;, &apos;children&apos;: [], &apos;features&apos;: {}}, {&apos;type&apos;: &apos;text&apos;, &apos;bbox&apos;: (242.16500000000002, 480.734, 244.93500000000003, 494.024), &apos;color_space&apos;: &apos;DeviceGray&apos;, &apos;ncolor&apos;: None, &apos;size&apos;: 13.29000000000002, &apos;value&apos;: &apos;.&apos;, &apos;children&apos;: [], &apos;features&apos;: {}}, {&apos;type&apos;: &apos;text&apos;, &apos;bbox&apos;: (244.935, 480.734, 247.705, 494.024), &apos;color_space&apos;: &apos;DeviceGray&apos;, &apos;ncolor&apos;: None, &apos;size&apos;: 13.29000000000002, &apos;value&apos;: &apos;.&apos;, &apos;children&apos;: [], &apos;features&apos;: {}}, {&apos;type&apos;: &apos;text&apos;, &apos;bbox&apos;: (247.70499999999998, 480.734, 250.475, 494.024), &apos;color_space&apos;: &apos;DeviceGray&apos;, &apos;ncolor&apos;: None, &apos;size&apos;: 13.29000000000002, &apos;value&apos;: &apos;.&apos;, &apos;children&apos;: [], &apos;features&apos;: {}}, {&apos;type&apos;: &apos;text&apos;, &apos;bbox&apos;: (250.475, 480.734, 253.245, 494.024), &apos;color_space&apos;: &apos;DeviceGray&apos;, &apos;ncolor&apos;: None, &apos;size&apos;: 13.29000000000002, &apos;value&apos;: &apos;.&apos;, &apos;children&apos;: [], &apos;features&apos;: {}}, {&apos;type&apos;: &apos;text&apos;, &apos;bbox&apos;: (253.245, 480.734, 256.015, 494.024), &apos;color_space&apos;: &apos;DeviceGray&apos;, &apos;ncolor&apos;: None, &apos;size&apos;: 13.29000000000002, &apos;value&apos;: &apos;.&apos;, &apos;children&apos;: [], &apos;features&apos;: {}}, {&apos;type&apos;: &apos;text&apos;, &apos;bbox&apos;: (256.015, 480.734, 258.78499999999997, 494.024), &apos;color_space&apos;: &apos;DeviceGray&apos;, &apos;ncolor&apos;: None, &apos;size&apos;: 13.29000000000002, &apos;value&apos;: &apos;.&apos;, &apos;children&apos;: [], &apos;features&apos;: {}}, {&apos;type&apos;: &apos;text&apos;, &apos;bbox&apos;: (258.78499999999997, 480.734, 261.55499999999995, 494.024), &apos;color_space&apos;: &apos;DeviceGray&apos;, &apos;ncolor&apos;: None, &apos;size&apos;: 13.29000000000002, &apos;value&apos;: &apos;.&apos;, &apos;children&apos;: [], &apos;features&apos;: {}}, {&apos;type&apos;: &apos;text&apos;, &apos;bbox&apos;: (261.55499999999995, 480.734, 264.32499999999993, 494.024), &apos;color_space&apos;: &apos;DeviceGray&apos;, &apos;ncolor&apos;: None, &apos;size&apos;: 13.29000000000002, &apos;value&apos;: &apos;.&apos;, &apos;children&apos;: [], &apos;features&apos;: {}}, {&apos;type&apos;: &apos;text&apos;, &apos;bbox&apos;: (264.325, 480.734, 267.09499999999997, 494.024), &apos;color_space&apos;: &apos;DeviceGray&apos;, &apos;ncolor&apos;: None, &apos;size&apos;: 13.29000000000002, &apos;value&apos;: &apos;.&apos;, &apos;children&apos;: [], &apos;features&apos;: {}}, {&apos;type&apos;: &apos;text&apos;, &apos;bbox&apos;: (267.09499999999997, 480.734, 269.86499999999995, 494.024), &apos;color_space&apos;: &apos;DeviceGray&apos;, &apos;ncolor&apos;: None, &apos;size&apos;: 13.29000000000002, &apos;value&apos;: &apos;.&apos;, &apos;children&apos;: [], &apos;features&apos;: {}}, {&apos;type&apos;: &apos;text&apos;, &apos;bbox&apos;: (269.86499999999995, 480.734, 272.63499999999993, 494.024), &apos;color_space&apos;: &apos;DeviceGray&apos;, &apos;ncolor&apos;: None, &apos;size&apos;: 13.29000000000002, &apos;value&apos;: &apos;.&apos;, &apos;children&apos;: [], &apos;features&apos;: {}}, {&apos;type&apos;: &apos;text&apos;, &apos;bbox&apos;: (272.635, 480.734, 275.405, 494.024), &apos;color_space&apos;: &apos;DeviceGray&apos;, &apos;ncolor&apos;: None, &apos;size&apos;: 13.29000000000002, &apos;value&apos;: &apos;.&apos;, &apos;children&apos;: [], &apos;features&apos;: {}}, {&apos;type&apos;: &apos;text&apos;, &apos;bbox&apos;: (275.405, 480.734, 278.17499999999995, 494.024), &apos;color_space&apos;: &apos;DeviceGray&apos;, &apos;ncolor&apos;: None, &apos;size&apos;: 13.29000000000002, &apos;value&apos;: &apos;.&apos;, &apos;children&apos;: [], &apos;features&apos;: {}}, {&apos;type&apos;: &apos;text&apos;, &apos;bbox&apos;: (278.17499999999995, 480.734, 280.94499999999994, 494.024), &apos;color_space&apos;: &apos;DeviceGray&apos;, &apos;ncolor&apos;: None, &apos;size&apos;: 13.29000000000002, &apos;value&apos;: &apos;.&apos;, &apos;children&apos;: [], &apos;features&apos;: {}}, {&apos;type&apos;: &apos;text&apos;, &apos;bbox&apos;: (280.94499999999994, 480.734, 283.7149999999999, 494.024), &apos;color_space&apos;: &apos;DeviceGray&apos;, &apos;ncolor&apos;: None, &apos;size&apos;: 13.29000000000002, &apos;value&apos;: &apos;.&apos;, &apos;children&apos;: [], &apos;features&apos;: {}}, {&apos;type&apos;: &apos;text&apos;, &apos;bbox&apos;: (283.715, 480.734, 286.48499999999996, 494.024), &apos;color_space&apos;: &apos;DeviceGray&apos;, &apos;ncolor&apos;: None, &apos;size&apos;: 13.29000000000002, &apos;value&apos;: &apos;.&apos;, &apos;children&apos;: [], &apos;features&apos;: {}}, {&apos;type&apos;: &apos;text&apos;, &apos;bbox&apos;: (286.485, 480.734, 289.255, 494.024), &apos;color_space&apos;: &apos;DeviceGray&apos;, &apos;ncolor&apos;: None, &apos;size&apos;: 13.29000000000002, &apos;value&apos;: &apos;.&apos;, &apos;children&apos;: [], &apos;features&apos;: {}}, {&apos;type&apos;: &apos;text&apos;, &apos;bbox&apos;: (289.255, 480.734, 292.025, 494.024), &apos;color_space&apos;: &apos;DeviceGray&apos;, &apos;ncolor&apos;: None, &apos;size&apos;: 13.29000000000002, &apos;value&apos;: &apos;.&apos;, &apos;children&apos;: [], &apos;features&apos;: {}}, {&apos;type&apos;: &apos;text&apos;, &apos;bbox&apos;: (292.025, 480.734, 294.79499999999996, 494.024), &apos;color_space&apos;: &apos;DeviceGray&apos;, &apos;ncolor&apos;: None, &apos;size&apos;: 13.29000000000002, &apos;value&apos;: &apos;.&apos;, &apos;children&apos;: [], &apos;features&apos;: {}}, {&apos;type&apos;: &apos;text&apos;, &apos;bbox&apos;: (294.795, 480.734, 297.565, 494.024), &apos;color_space&apos;: &apos;DeviceGray&apos;, &apos;ncolor&apos;: None, &apos;size&apos;: 13.29000000000002, &apos;value&apos;: &apos;.&apos;, &apos;children&apos;: [], &apos;features&apos;: {}}, {&apos;type&apos;: &apos;text&apos;, &apos;bbox&apos;: (297.56500000000005, 480.734, 300.33500000000004, 494.024), &apos;color_space&apos;: &apos;DeviceGray&apos;, &apos;ncolor&apos;: None, &apos;size&apos;: 13.29000000000002, &apos;value&apos;: &apos;.&apos;, &apos;children&apos;: [], &apos;features&apos;: {}}, {&apos;type&apos;: &apos;text&apos;, &apos;bbox&apos;: (300.33500000000004, 480.734, 303.105, 494.024), &apos;color_space&apos;: &apos;DeviceGray&apos;, &apos;ncolor&apos;: None, &apos;size&apos;: 13.29000000000002, &apos;value&apos;: &apos;.&apos;, &apos;children&apos;: [], &apos;features&apos;: {}}, {&apos;type&apos;: &apos;text&apos;, &apos;bbox&apos;: (303.105, 480.734, 305.875, 494.024), &apos;color_space&apos;: &apos;DeviceGray&apos;, &apos;ncolor&apos;: None, &apos;size&apos;: 13.29000000000002, &apos;value&apos;: &apos;.&apos;, &apos;children&apos;: [], &apos;features&apos;: {}}, {&apos;type&apos;: &apos;text&apos;, &apos;bbox&apos;: (305.87500000000006, 480.734, 308.64500000000004, 494.024), &apos;color_space&apos;: &apos;DeviceGray&apos;, &apos;ncolor&apos;: None, &apos;size&apos;: 13.29000000000002, &apos;value&apos;: &apos;.&apos;, &apos;children&apos;: [], &apos;features&apos;: {}}, {&apos;type&apos;: &apos;text&apos;, &apos;bbox&apos;: (308.6450000000001, 480.734, 311.4150000000001, 494.024), &apos;color_space&apos;: &apos;DeviceGray&apos;, &apos;ncolor&apos;: None, &apos;size&apos;: 13.29000000000002, &apos;value&apos;: &apos;.&apos;, &apos;children&apos;: [], &apos;features&apos;: {}}, {&apos;type&apos;: &apos;text&apos;, &apos;bbox&apos;: (311.4150000000001, 480.734, 314.18500000000006, 494.024), &apos;color_space&apos;: &apos;DeviceGray&apos;, &apos;ncolor&apos;: None, &apos;size&apos;: 13.29000000000002, &apos;value&apos;: &apos;.&apos;, &apos;children&apos;: [], &apos;features&apos;: {}}, {&apos;type&apos;: &apos;text&apos;, &apos;bbox&apos;: (314.18500000000006, 480.734, 316.95500000000004, 494.024), &apos;color_space&apos;: &apos;DeviceGray&apos;, &apos;ncolor&apos;: None, &apos;size&apos;: 13.29000000000002, &apos;value&apos;: &apos;.&apos;, &apos;children&apos;: [], &apos;features&apos;: {}}, {&apos;type&apos;: &apos;text&apos;, &apos;bbox&apos;: (316.9550000000001, 480.734, 319.7250000000001, 494.024), &apos;color_space&apos;: &apos;DeviceGray&apos;, &apos;ncolor&apos;: None, &apos;size&apos;: 13.29000000000002, &apos;value&apos;: &apos;.&apos;, &apos;children&apos;: [], &apos;features&apos;: {}}, {&apos;type&apos;: &apos;text&apos;, &apos;bbox&apos;: (319.72500000000014, 480.734, 322.4950000000001, 494.024), &apos;color_space&apos;: &apos;DeviceGray&apos;, &apos;ncolor&apos;: None, &apos;size&apos;: 13.29000000000002, &apos;value&apos;: &apos;.&apos;, &apos;children&apos;: [], &apos;features&apos;: {}}, {&apos;type&apos;: &apos;text&apos;, &apos;bbox&apos;: (322.4950000000001, 480.734, 325.2650000000001, 494.024), &apos;color_space&apos;: &apos;DeviceGray&apos;, &apos;ncolor&apos;: None, &apos;size&apos;: 13.29000000000002, &apos;value&apos;: &apos;.&apos;, &apos;children&apos;: [], &apos;features&apos;: {}}, {&apos;type&apos;: &apos;text&apos;, &apos;bbox&apos;: (325.2650000000001, 480.734, 328.0350000000001, 494.024), &apos;color_space&apos;: &apos;DeviceGray&apos;, &apos;ncolor&apos;: None, &apos;size&apos;: 13.29000000000002, &apos;value&apos;: &apos;.&apos;, &apos;children&apos;: [], &apos;features&apos;: {}}, {&apos;type&apos;: &apos;text&apos;, &apos;bbox&apos;: (328.03500000000014, 480.734, 330.8050000000001, 494.024), &apos;color_space&apos;: &apos;DeviceGray&apos;, &apos;ncolor&apos;: None, &apos;size&apos;: 13.29000000000002, &apos;value&apos;: &apos;.&apos;, &apos;children&apos;: [], &apos;features&apos;: {}}, {&apos;type&apos;: &apos;text&apos;, &apos;bbox&apos;: (330.8050000000002, 480.734, 333.57500000000016, 494.024), &apos;color_space&apos;: &apos;DeviceGray&apos;, &apos;ncolor&apos;: None, &apos;size&apos;: 13.29000000000002, &apos;value&apos;: &apos;.&apos;, &apos;children&apos;: [], &apos;features&apos;: {}}, {&apos;type&apos;: &apos;text&apos;, &apos;bbox&apos;: (333.57500000000016, 480.734, 336.34500000000014, 494.024), &apos;color_space&apos;: &apos;DeviceGray&apos;, &apos;ncolor&apos;: None, &apos;size&apos;: 13.29000000000002, &apos;value&apos;: &apos;.&apos;, &apos;children&apos;: [], &apos;features&apos;: {}}, {&apos;type&apos;: &apos;text&apos;, &apos;bbox&apos;: (336.34500000000014, 480.734, 339.1150000000001, 494.024), &apos;color_space&apos;: &apos;DeviceGray&apos;, &apos;ncolor&apos;: None, &apos;size&apos;: 13.29000000000002, &apos;value&apos;: &apos;.&apos;, &apos;children&apos;: [], &apos;features&apos;: {}}, {&apos;type&apos;: &apos;text&apos;, &apos;bbox&apos;: (339.1150000000002, 480.734, 341.88500000000016, 494.024), &apos;color_space&apos;: &apos;DeviceGray&apos;, &apos;ncolor&apos;: None, &apos;size&apos;: 13.29000000000002, &apos;value&apos;: &apos;.&apos;, &apos;children&apos;: [], &apos;features&apos;: {}}, {&apos;type&apos;: &apos;text&apos;, &apos;bbox&apos;: (341.8850000000002, 480.734, 344.6550000000002, 494.024), &apos;color_space&apos;: &apos;DeviceGray&apos;, &apos;ncolor&apos;: None, &apos;size&apos;: 13.29000000000002, &apos;value&apos;: &apos;.&apos;, &apos;children&apos;: [], &apos;features&apos;: {}}, {&apos;type&apos;: &apos;text&apos;, &apos;bbox&apos;: (344.6550000000002, 480.734, 347.4250000000002, 494.024), &apos;color_space&apos;: &apos;DeviceGray&apos;, &apos;ncolor&apos;: None, &apos;size&apos;: 13.29000000000002, &apos;value&apos;: &apos;.&apos;, &apos;children&apos;: [], &apos;features&apos;: {}}, {&apos;type&apos;: &apos;text&apos;, &apos;bbox&apos;: (347.4250000000002, 480.734, 350.19500000000016, 494.024), &apos;color_space&apos;: &apos;DeviceGray&apos;, &apos;ncolor&apos;: None, &apos;size&apos;: 13.29000000000002, &apos;value&apos;: &apos;.&apos;, &apos;children&apos;: [], &apos;features&apos;: {}}, {&apos;type&apos;: &apos;text&apos;, &apos;bbox&apos;: (350.1950000000002, 480.734, 352.9650000000002, 494.024), &apos;color_space&apos;: &apos;DeviceGray&apos;, &apos;ncolor&apos;: None, &apos;size&apos;: 13.29000000000002, &apos;value&apos;: &apos;.&apos;, &apos;children&apos;: [], &apos;features&apos;: {}}, {&apos;type&apos;: &apos;text&apos;, &apos;bbox&apos;: (352.96500000000026, 480.734, 355.73500000000024, 494.024), &apos;color_space&apos;: &apos;DeviceGray&apos;, &apos;ncolor&apos;: None, &apos;size&apos;: 13.29000000000002, &apos;value&apos;: &apos;.&apos;, &apos;children&apos;: [], &apos;features&apos;: {}}, {&apos;type&apos;: &apos;text&apos;, &apos;bbox&apos;: (355.73500000000024, 480.734, 358.5050000000002, 494.024), &apos;color_space&apos;: &apos;DeviceGray&apos;, &apos;ncolor&apos;: None, &apos;size&apos;: 13.29000000000002, &apos;value&apos;: &apos;.&apos;, &apos;children&apos;: [], &apos;features&apos;: {}}, {&apos;type&apos;: &apos;text&apos;, &apos;bbox&apos;: (358.5050000000002, 480.734, 361.2750000000002, 494.024), &apos;color_space&apos;: &apos;DeviceGray&apos;, &apos;ncolor&apos;: None, &apos;size&apos;: 13.29000000000002, &apos;value&apos;: &apos;.&apos;, &apos;children&apos;: [], &apos;features&apos;: {}}, {&apos;type&apos;: &apos;text&apos;, &apos;bbox&apos;: (361.27500000000026, 480.734, 364.04500000000024, 494.024), &apos;color_space&apos;: &apos;DeviceGray&apos;, &apos;ncolor&apos;: None, &apos;size&apos;: 13.29000000000002, &apos;value&apos;: &apos;.&apos;, &apos;children&apos;: [], &apos;features&apos;: {}}, {&apos;type&apos;: &apos;text&apos;, &apos;bbox&apos;: (364.0450000000003, 480.734, 366.8150000000003, 494.024), &apos;color_space&apos;: &apos;DeviceGray&apos;, &apos;ncolor&apos;: None, &apos;size&apos;: 13.29000000000002, &apos;value&apos;: &apos;.&apos;, &apos;children&apos;: [], &apos;features&apos;: {}}, {&apos;type&apos;: &apos;text&apos;, &apos;bbox&apos;: (366.8150000000003, 480.734, 369.58500000000026, 494.024), &apos;color_space&apos;: &apos;DeviceGray&apos;, &apos;ncolor&apos;: None, &apos;size&apos;: 13.29000000000002, &apos;value&apos;: &apos;.&apos;, &apos;children&apos;: [], &apos;features&apos;: {}}, {&apos;type&apos;: &apos;text&apos;, &apos;bbox&apos;: (369.58500000000026, 480.734, 372.35500000000025, 494.024), &apos;color_space&apos;: &apos;DeviceGray&apos;, &apos;ncolor&apos;: None, &apos;size&apos;: 13.29000000000002, &apos;value&apos;: &apos;.&apos;, &apos;children&apos;: [], &apos;features&apos;: {}}, {&apos;type&apos;: &apos;text&apos;, &apos;bbox&apos;: (372.3550000000003, 480.734, 375.1250000000003, 494.024), &apos;color_space&apos;: &apos;DeviceGray&apos;, &apos;ncolor&apos;: None, &apos;size&apos;: 13.29000000000002, &apos;value&apos;: &apos;.&apos;, &apos;children&apos;: [], &apos;features&apos;: {}}, {&apos;type&apos;: &apos;text&apos;, &apos;bbox&apos;: (375.12500000000034, 480.734, 377.8950000000003, 494.024), &apos;color_space&apos;: &apos;DeviceGray&apos;, &apos;ncolor&apos;: None, &apos;size&apos;: 13.29000000000002, &apos;value&apos;: &apos;.&apos;, &apos;children&apos;: [], &apos;features&apos;: {}}, {&apos;type&apos;: &apos;text&apos;, &apos;bbox&apos;: (377.8950000000003, 480.734, 380.6650000000003, 494.024), &apos;color_space&apos;: &apos;DeviceGray&apos;, &apos;ncolor&apos;: None, &apos;size&apos;: 13.29000000000002, &apos;value&apos;: &apos;.&apos;, &apos;children&apos;: [], &apos;features&apos;: {}}, {&apos;type&apos;: &apos;text&apos;, &apos;bbox&apos;: (380.6650000000003, 480.734, 383.4350000000003, 494.024), &apos;color_space&apos;: &apos;DeviceGray&apos;, &apos;ncolor&apos;: None, &apos;size&apos;: 13.29000000000002, &apos;value&apos;: &apos;.&apos;, &apos;children&apos;: [], &apos;features&apos;: {}}, {&apos;type&apos;: &apos;text&apos;, &apos;bbox&apos;: (383.43500000000034, 480.734, 386.2050000000003, 494.024), &apos;color_space&apos;: &apos;DeviceGray&apos;, &apos;ncolor&apos;: None, &apos;size&apos;: 13.29000000000002, &apos;value&apos;: &apos;.&apos;, &apos;children&apos;: [], &apos;features&apos;: {}}, {&apos;type&apos;: &apos;text&apos;, &apos;bbox&apos;: (386.2050000000004, 480.734, 388.97500000000036, 494.024), &apos;color_space&apos;: &apos;DeviceGray&apos;, &apos;ncolor&apos;: None, &apos;size&apos;: 13.29000000000002, &apos;value&apos;: &apos;.&apos;, &apos;children&apos;: [], &apos;features&apos;: {}}, {&apos;type&apos;: &apos;text&apos;, &apos;bbox&apos;: (388.97500000000036, 480.734, 391.74500000000035, 494.024), &apos;color_space&apos;: &apos;DeviceGray&apos;, &apos;ncolor&apos;: None, &apos;size&apos;: 13.29000000000002, &apos;value&apos;: &apos;.&apos;, &apos;children&apos;: [], &apos;features&apos;: {}}, {&apos;type&apos;: &apos;text&apos;, &apos;bbox&apos;: (391.74500000000035, 480.734, 394.5150000000003, 494.024), &apos;color_space&apos;: &apos;DeviceGray&apos;, &apos;ncolor&apos;: None, &apos;size&apos;: 13.29000000000002, &apos;value&apos;: &apos;.&apos;, &apos;children&apos;: [], &apos;features&apos;: {}}, {&apos;type&apos;: &apos;text&apos;, &apos;bbox&apos;: (394.5150000000004, 480.734, 397.28500000000037, 494.024), &apos;color_space&apos;: &apos;DeviceGray&apos;, &apos;ncolor&apos;: None, &apos;size&apos;: 13.29000000000002, &apos;value&apos;: &apos;.&apos;, &apos;children&apos;: [], &apos;features&apos;: {}}, {&apos;type&apos;: &apos;text&apos;, &apos;bbox&apos;: (397.2850000000004, 480.734, 400.0550000000004, 494.024), &apos;color_space&apos;: &apos;DeviceGray&apos;, &apos;ncolor&apos;: None, &apos;size&apos;: 13.29000000000002, &apos;value&apos;: &apos;.&apos;, &apos;children&apos;: [], &apos;features&apos;: {}}, {&apos;type&apos;: &apos;text&apos;, &apos;bbox&apos;: (400.0550000000004, 480.734, 402.8250000000004, 494.024), &apos;color_space&apos;: &apos;DeviceGray&apos;, &apos;ncolor&apos;: None, &apos;size&apos;: 13.29000000000002, &apos;value&apos;: &apos;.&apos;, &apos;children&apos;: [], &apos;features&apos;: {}}, {&apos;type&apos;: &apos;text&apos;, &apos;bbox&apos;: (402.8250000000004, 480.734, 405.59500000000037, 494.024), &apos;color_space&apos;: &apos;DeviceGray&apos;, &apos;ncolor&apos;: None, &apos;size&apos;: 13.29000000000002, &apos;value&apos;: &apos;.&apos;, &apos;children&apos;: [], &apos;features&apos;: {}}, {&apos;type&apos;: &apos;text&apos;, &apos;bbox&apos;: (405.5950000000004, 480.734, 408.3650000000004, 494.024), &apos;color_space&apos;: &apos;DeviceGray&apos;, &apos;ncolor&apos;: None, &apos;size&apos;: 13.29000000000002, &apos;value&apos;: &apos;.&apos;, &apos;children&apos;: [], &apos;features&apos;: {}}, {&apos;type&apos;: &apos;text&apos;, &apos;bbox&apos;: (408.3650000000004, 480.734, 411.1350000000004, 494.024), &apos;color_space&apos;: &apos;DeviceGray&apos;, &apos;ncolor&apos;: None, &apos;size&apos;: 13.29000000000002, &apos;value&apos;: &apos;.&apos;, &apos;children&apos;: [], &apos;features&apos;: {}}, {&apos;type&apos;: &apos;text&apos;, &apos;bbox&apos;: (411.1350000000004, 480.734, 413.90500000000037, 494.024), &apos;color_space&apos;: &apos;DeviceGray&apos;, &apos;ncolor&apos;: None, &apos;size&apos;: 13.29000000000002, &apos;value&apos;: &apos;.&apos;, &apos;children&apos;: [], &apos;features&apos;: {}}, {&apos;type&apos;: &apos;text&apos;, &apos;bbox&apos;: (413.90500000000037, 480.734, 416.67500000000035, 494.024), &apos;color_space&apos;: &apos;DeviceGray&apos;, &apos;ncolor&apos;: None, &apos;size&apos;: 13.29000000000002, &apos;value&apos;: &apos;.&apos;, &apos;children&apos;: [], &apos;features&apos;: {}}, {&apos;type&apos;: &apos;text&apos;, &apos;bbox&apos;: (416.67500000000035, 480.734, 419.44500000000033, 494.024), &apos;color_space&apos;: &apos;DeviceGray&apos;, &apos;ncolor&apos;: None, &apos;size&apos;: 13.29000000000002, &apos;value&apos;: &apos;.&apos;, &apos;children&apos;: [], &apos;features&apos;: {}}, {&apos;type&apos;: &apos;text&apos;, &apos;bbox&apos;: (419.44500000000033, 480.734, 422.2150000000003, 494.024), &apos;color_space&apos;: &apos;DeviceGray&apos;, &apos;ncolor&apos;: None, &apos;size&apos;: 13.29000000000002, &apos;value&apos;: &apos;.&apos;, &apos;children&apos;: [], &apos;features&apos;: {}}, {&apos;type&apos;: &apos;text&apos;, &apos;bbox&apos;: (422.2150000000003, 480.734, 424.9850000000003, 494.024), &apos;color_space&apos;: &apos;DeviceGray&apos;, &apos;ncolor&apos;: None, &apos;size&apos;: 13.29000000000002, &apos;value&apos;: &apos;.&apos;, &apos;children&apos;: [], &apos;features&apos;: {}}, {&apos;type&apos;: &apos;text&apos;, &apos;bbox&apos;: (424.9850000000003, 480.734, 427.7550000000003, 494.024), &apos;color_space&apos;: &apos;DeviceGray&apos;, &apos;ncolor&apos;: None, &apos;size&apos;: 13.29000000000002, &apos;value&apos;: &apos;.&apos;, &apos;children&apos;: [], &apos;features&apos;: {}}, {&apos;type&apos;: &apos;text&apos;, &apos;bbox&apos;: (427.7550000000003, 480.734, 430.52500000000026, 494.024), &apos;color_space&apos;: &apos;DeviceGray&apos;, &apos;ncolor&apos;: None, &apos;size&apos;: 13.29000000000002, &apos;value&apos;: &apos;.&apos;, &apos;children&apos;: [], &apos;features&apos;: {}}, {&apos;type&apos;: &apos;text&apos;, &apos;bbox&apos;: (430.52500000000026, 480.734, 433.29500000000024, 494.024), &apos;color_space&apos;: &apos;DeviceGray&apos;, &apos;ncolor&apos;: None, &apos;size&apos;: 13.29000000000002, &apos;value&apos;: &apos;.&apos;, &apos;children&apos;: [], &apos;features&apos;: {}}, {&apos;type&apos;: &apos;text&apos;, &apos;bbox&apos;: (433.29500000000024, 480.734, 436.0650000000002, 494.024), &apos;color_space&apos;: &apos;DeviceGray&apos;, &apos;ncolor&apos;: None, &apos;size&apos;: 13.29000000000002, &apos;value&apos;: &apos;.&apos;, &apos;children&apos;: [], &apos;features&apos;: {}}, {&apos;type&apos;: &apos;text&apos;, &apos;bbox&apos;: (436.0650000000002, 480.734, 438.8350000000002, 494.024), &apos;color_space&apos;: &apos;DeviceGray&apos;, &apos;ncolor&apos;: None, &apos;size&apos;: 13.29000000000002, &apos;value&apos;: &apos;.&apos;, &apos;children&apos;: [], &apos;features&apos;: {}}, {&apos;type&apos;: &apos;text&apos;, &apos;bbox&apos;: (438.8350000000002, 480.734, 441.6050000000002, 494.024), &apos;color_space&apos;: &apos;DeviceGray&apos;, &apos;ncolor&apos;: None, &apos;size&apos;: 13.29000000000002, &apos;value&apos;: &apos;.&apos;, &apos;children&apos;: [], &apos;features&apos;: {}}, {&apos;type&apos;: &apos;text&apos;, &apos;bbox&apos;: (441.6050000000002, 480.734, 444.37500000000017, 494.024), &apos;color_space&apos;: &apos;DeviceGray&apos;, &apos;ncolor&apos;: None, &apos;size&apos;: 13.29000000000002, &apos;value&apos;: &apos;.&apos;, &apos;children&apos;: [], &apos;features&apos;: {}}, {&apos;type&apos;: &apos;text&apos;, &apos;bbox&apos;: (444.37500000000017, 480.734, 447.14500000000015, 494.024), &apos;color_space&apos;: &apos;DeviceGray&apos;, &apos;ncolor&apos;: None, &apos;size&apos;: 13.29000000000002, &apos;value&apos;: &apos;.&apos;, &apos;children&apos;: [], &apos;features&apos;: {}}, {&apos;type&apos;: &apos;text&apos;, &apos;bbox&apos;: (447.14500000000015, 480.734, 449.91500000000013, 494.024), &apos;color_space&apos;: &apos;DeviceGray&apos;, &apos;ncolor&apos;: None, &apos;size&apos;: 13.29000000000002, &apos;value&apos;: &apos;.&apos;, &apos;children&apos;: [], &apos;features&apos;: {}}, {&apos;type&apos;: &apos;text&apos;, &apos;bbox&apos;: (449.91500000000013, 480.734, 452.6850000000001, 494.024), &apos;color_space&apos;: &apos;DeviceGray&apos;, &apos;ncolor&apos;: None, &apos;size&apos;: 13.29000000000002, &apos;value&apos;: &apos;.&apos;, &apos;children&apos;: [], &apos;features&apos;: {}}, {&apos;type&apos;: &apos;text&apos;, &apos;bbox&apos;: (452.6850000000001, 480.734, 455.4550000000001, 494.024), &apos;color_space&apos;: &apos;DeviceGray&apos;, &apos;ncolor&apos;: None, &apos;size&apos;: 13.29000000000002, &apos;value&apos;: &apos;.&apos;, &apos;children&apos;: [], &apos;features&apos;: {}}, {&apos;type&apos;: &apos;text&apos;, &apos;bbox&apos;: (455.4550000000001, 480.734, 458.2250000000001, 494.024), &apos;color_space&apos;: &apos;DeviceGray&apos;, &apos;ncolor&apos;: None, &apos;size&apos;: 13.29000000000002, &apos;value&apos;: &apos;.&apos;, &apos;children&apos;: [], &apos;features&apos;: {}}, {&apos;type&apos;: &apos;text&apos;, &apos;bbox&apos;: (458.2250000000001, 480.734, 460.99500000000006, 494.024), &apos;color_space&apos;: &apos;DeviceGray&apos;, &apos;ncolor&apos;: None, &apos;size&apos;: 13.29000000000002, &apos;value&apos;: &apos;.&apos;, &apos;children&apos;: [], &apos;features&apos;: {}}, {&apos;type&apos;: &apos;text&apos;, &apos;bbox&apos;: (460.99500000000006, 480.734, 463.76500000000004, 494.024), &apos;color_space&apos;: &apos;DeviceGray&apos;, &apos;ncolor&apos;: None, &apos;size&apos;: 13.29000000000002, &apos;value&apos;: &apos;.&apos;, &apos;children&apos;: [], &apos;features&apos;: {}}, {&apos;type&apos;: &apos;text&apos;, &apos;bbox&apos;: (463.76500000000004, 480.734, 466.535, 494.024), &apos;color_space&apos;: &apos;DeviceGray&apos;, &apos;ncolor&apos;: None, &apos;size&apos;: 13.29000000000002, &apos;value&apos;: &apos;.&apos;, &apos;children&apos;: [], &apos;features&apos;: {}}, {&apos;type&apos;: &apos;text&apos;, &apos;bbox&apos;: (466.535, 480.734, 469.305, 494.024), &apos;color_space&apos;: &apos;DeviceGray&apos;, &apos;ncolor&apos;: None, &apos;size&apos;: 13.29000000000002, &apos;value&apos;: &apos;.&apos;, &apos;children&apos;: [], &apos;features&apos;: {}}, {&apos;type&apos;: &apos;text&apos;, &apos;bbox&apos;: (469.305, 480.734, 472.075, 494.024), &apos;color_space&apos;: &apos;DeviceGray&apos;, &apos;ncolor&apos;: None, &apos;size&apos;: 13.29000000000002, &apos;value&apos;: &apos;.&apos;, &apos;children&apos;: [], &apos;features&apos;: {}}, {&apos;type&apos;: &apos;text&apos;, &apos;bbox&apos;: (472.075, 480.734, 474.84499999999997, 494.024), &apos;color_space&apos;: &apos;DeviceGray&apos;, &apos;ncolor&apos;: None, &apos;size&apos;: 13.29000000000002, &apos;value&apos;: &apos;.&apos;, &apos;children&apos;: [], &apos;features&apos;: {}}, {&apos;type&apos;: &apos;text&apos;, &apos;bbox&apos;: (474.84499999999997, 480.734, 477.61499999999995, 494.024), &apos;color_space&apos;: &apos;DeviceGray&apos;, &apos;ncolor&apos;: None, &apos;size&apos;: 13.29000000000002, &apos;value&apos;: &apos;.&apos;, &apos;children&apos;: [], &apos;features&apos;: {}}, {&apos;type&apos;: &apos;text&apos;, &apos;bbox&apos;: (477.61499999999995, 480.734, 480.38499999999993, 494.024), &apos;color_space&apos;: &apos;DeviceGray&apos;, &apos;ncolor&apos;: None, &apos;size&apos;: 13.29000000000002, &apos;value&apos;: &apos;.&apos;, &apos;children&apos;: [], &apos;features&apos;: {}}, {&apos;type&apos;: &apos;text&apos;, &apos;bbox&apos;: (483.986, 480.734, 489.546, 494.024), &apos;color_space&apos;: &apos;DeviceGray&apos;, &apos;ncolor&apos;: None, &apos;size&apos;: 13.29000000000002, &apos;value&apos;: &apos;4&apos;, &apos;children&apos;: [], &apos;features&apos;: {}}, {&apos;type&apos;: &apos;text&apos;, &apos;bbox&apos;: (489.546, 480.734, 492.876, 494.024), &apos;color_space&apos;: &apos;DeviceGray&apos;, &apos;ncolor&apos;: None, &apos;size&apos;: 13.29000000000002, &apos;value&apos;: &apos;-&apos;, &apos;children&apos;: [], &apos;features&apos;: {}}, {&apos;type&apos;: &apos;text&apos;, &apos;bbox&apos;: (492.877, 480.734, 498.437, 494.024), &apos;color_space&apos;: &apos;DeviceGray&apos;, &apos;ncolor&apos;: None, &apos;size&apos;: 13.29000000000002, &apos;value&apos;: &apos;1&apos;, &apos;children&apos;: [], &apos;features&apos;: {}}, {&apos;type&apos;: &apos;text&apos;, &apos;bbox&apos;: (498.437, 480.734, 503.997, 494.024), &apos;color_space&apos;: &apos;DeviceGray&apos;, &apos;ncolor&apos;: None, &apos;size&apos;: 13.29000000000002, &apos;value&apos;: &apos;3&apos;, &apos;children&apos;: [], &apos;features&apos;: {}}], &apos;features&apos;: {}}
*********************





--------------------------------- CONTENT AREA --------------------------------- 
This content area has an image
{&apos;type&apos;: &apos;figure&apos;, &apos;bbox&apos;: (0, 0, 612.0, 792.0), &apos;name&apos;: &apos;fx29&apos;, &apos;children&apos;: [{&apos;type&apos;: &apos;text&apos;, &apos;bbox&apos;: (78.0, 464.51300000000003, 83.57, 477.993), &apos;color_space&apos;: &apos;DeviceGray&apos;, &apos;ncolor&apos;: None, &apos;size&apos;: 13.479999999999961, &apos;value&apos;: &apos;F&apos;, &apos;children&apos;: [], &apos;features&apos;: {}}, {&apos;type&apos;: &apos;text&apos;, &apos;bbox&apos;: (83.57, 464.51300000000003, 89.66999999999999, 477.993), &apos;color_space&apos;: &apos;DeviceGray&apos;, &apos;ncolor&apos;: None, &apos;size&apos;: 13.479999999999961, &apos;value&apos;: &apos;S&apos;, &apos;children&apos;: [], &apos;features&apos;: {}}, {&apos;type&apos;: &apos;text&apos;, &apos;bbox&apos;: (89.67, 464.51300000000003, 93.56, 477.993), &apos;color_space&apos;: &apos;DeviceGray&apos;, &apos;ncolor&apos;: None, &apos;size&apos;: 13.479999999999961, &apos;value&apos;: &apos;I&apos;, &apos;children&apos;: [], &apos;features&apos;: {}}, {&apos;type&apos;: &apos;text&apos;, &apos;bbox&apos;: (93.56, 464.51300000000003, 98.56, 477.993), &apos;color_space&apos;: &apos;DeviceGray&apos;, &apos;ncolor&apos;: None, &apos;size&apos;: 13.479999999999961, &apos;value&apos;: &apos;_&apos;, &apos;children&apos;: [], &apos;features&apos;: {}}, {&apos;type&apos;: &apos;text&apos;, &apos;bbox&apos;: (98.56, 464.51300000000003, 106.87, 477.993), &apos;color_space&apos;: &apos;DeviceGray&apos;, &apos;ncolor&apos;: None, &apos;size&apos;: 13.479999999999961, &apos;value&apos;: &apos;D&apos;, &apos;children&apos;: [], &apos;features&apos;: {}}, {&apos;type&apos;: &apos;text&apos;, &apos;bbox&apos;: (106.87, 464.51300000000003, 111.87, 477.993), &apos;color_space&apos;: &apos;DeviceGray&apos;, &apos;ncolor&apos;: None, &apos;size&apos;: 13.479999999999961, &apos;value&apos;: &apos;_&apos;, &apos;children&apos;: [], &apos;features&apos;: {}}, {&apos;type&apos;: &apos;text&apos;, &apos;bbox&apos;: (111.87, 464.51300000000003, 117.44, 477.993), &apos;color_space&apos;: &apos;DeviceGray&apos;, &apos;ncolor&apos;: None, &apos;size&apos;: 13.479999999999961, &apos;value&apos;: &apos;F&apos;, &apos;children&apos;: [], &apos;features&apos;: {}}, {&apos;type&apos;: &apos;text&apos;, &apos;bbox&apos;: (117.44, 464.51300000000003, 125.77, 477.993), &apos;color_space&apos;: &apos;DeviceGray&apos;, &apos;ncolor&apos;: None, &apos;size&apos;: 13.479999999999961, &apos;value&apos;: &apos;O&apos;, &apos;children&apos;: [], &apos;features&apos;: {}}, {&apos;type&apos;: &apos;text&apos;, &apos;bbox&apos;: (125.77000000000001, 464.51300000000003, 132.9, 477.993), &apos;color_space&apos;: &apos;DeviceGray&apos;, &apos;ncolor&apos;: None, &apos;size&apos;: 13.479999999999961, &apos;value&apos;: &apos;R&apos;, &apos;children&apos;: [], &apos;features&apos;: {}}, {&apos;type&apos;: &apos;text&apos;, &apos;bbox&apos;: (132.9, 464.51300000000003, 142.9, 477.993), &apos;color_space&apos;: &apos;DeviceGray&apos;, &apos;ncolor&apos;: None, &apos;size&apos;: 13.479999999999961, &apos;value&apos;: &apos;W&apos;, &apos;children&apos;: [], &apos;features&apos;: {}}, {&apos;type&apos;: &apos;text&apos;, &apos;bbox&apos;: (142.9, 464.51300000000003, 150.67000000000002, 477.993), &apos;color_space&apos;: &apos;DeviceGray&apos;, &apos;ncolor&apos;: None, &apos;size&apos;: 13.479999999999961, &apos;value&apos;: &apos;A&apos;, &apos;children&apos;: [], &apos;features&apos;: {}}, {&apos;type&apos;: &apos;text&apos;, &apos;bbox&apos;: (150.67000000000002, 464.51300000000003, 157.8, 477.993), &apos;color_space&apos;: &apos;DeviceGray&apos;, &apos;ncolor&apos;: None, &apos;size&apos;: 13.479999999999961, &apos;value&apos;: &apos;R&apos;, &apos;children&apos;: [], &apos;features&apos;: {}}, {&apos;type&apos;: &apos;text&apos;, &apos;bbox&apos;: (157.8, 464.51300000000003, 166.11, 477.993), &apos;color_space&apos;: &apos;DeviceGray&apos;, &apos;ncolor&apos;: None, &apos;size&apos;: 13.479999999999961, &apos;value&apos;: &apos;D&apos;, &apos;children&apos;: [], &apos;features&apos;: {}}, {&apos;type&apos;: &apos;text&apos;, &apos;bbox&apos;: (166.11, 464.51300000000003, 171.11, 477.993), &apos;color_space&apos;: &apos;DeviceGray&apos;, &apos;ncolor&apos;: None, &apos;size&apos;: 13.479999999999961, &apos;value&apos;: &apos;_&apos;, &apos;children&apos;: [], &apos;features&apos;: {}}, {&apos;type&apos;: &apos;text&apos;, &apos;bbox&apos;: (171.11, 464.51300000000003, 178.24, 477.993), &apos;color_space&apos;: &apos;DeviceGray&apos;, &apos;ncolor&apos;: None, &apos;size&apos;: 13.479999999999961, &apos;value&apos;: &apos;R&apos;, &apos;children&apos;: [], &apos;features&apos;: {}}, {&apos;type&apos;: &apos;text&apos;, &apos;bbox&apos;: (178.24, 464.51300000000003, 186.01000000000002, 477.993), &apos;color_space&apos;: &apos;DeviceGray&apos;, &apos;ncolor&apos;: None, &apos;size&apos;: 13.479999999999961, &apos;value&apos;: &apos;A&apos;, &apos;children&apos;: [], &apos;features&apos;: {}}, {&apos;type&apos;: &apos;text&apos;, &apos;bbox&apos;: (186.01, 464.51300000000003, 192.67, 477.993), &apos;color_space&apos;: &apos;DeviceGray&apos;, &apos;ncolor&apos;: None, &apos;size&apos;: 13.479999999999961, &apos;value&apos;: &apos;T&apos;, &apos;children&apos;: [], &apos;features&apos;: {}}, {&apos;type&apos;: &apos;text&apos;, &apos;bbox&apos;: (192.67, 464.51300000000003, 198.72, 477.993), &apos;color_space&apos;: &apos;DeviceGray&apos;, &apos;ncolor&apos;: None, &apos;size&apos;: 13.479999999999961, &apos;value&apos;: &apos;E&apos;, &apos;children&apos;: [], &apos;features&apos;: {}}, {&apos;type&apos;: &apos;text&apos;, &apos;bbox&apos;: (198.71999999999997, 464.51300000000003, 203.71999999999997, 477.993), &apos;color_space&apos;: &apos;DeviceGray&apos;, &apos;ncolor&apos;: None, &apos;size&apos;: 13.479999999999961, &apos;value&apos;: &apos;_&apos;, &apos;children&apos;: [], &apos;features&apos;: {}}, {&apos;type&apos;: &apos;text&apos;, &apos;bbox&apos;: (203.71999999999997, 464.51300000000003, 211.48999999999998, 477.993), &apos;color_space&apos;: &apos;DeviceGray&apos;, &apos;ncolor&apos;: None, &apos;size&apos;: 13.479999999999961, &apos;value&apos;: &apos;A&apos;, &apos;children&apos;: [], &apos;features&apos;: {}}, {&apos;type&apos;: &apos;text&apos;, &apos;bbox&apos;: (211.48999999999998, 464.51300000000003, 219.82, 477.993), &apos;color_space&apos;: &apos;DeviceGray&apos;, &apos;ncolor&apos;: None, &apos;size&apos;: 13.479999999999961, &apos;value&apos;: &apos;G&apos;, &apos;children&apos;: [], &apos;features&apos;: {}}, {&apos;type&apos;: &apos;text&apos;, &apos;bbox&apos;: (219.82, 464.51300000000003, 229.82, 477.993), &apos;color_space&apos;: &apos;DeviceGray&apos;, &apos;ncolor&apos;: None, &apos;size&apos;: 13.479999999999961, &apos;value&apos;: &apos;M&apos;, &apos;children&apos;: [], &apos;features&apos;: {}}, {&apos;type&apos;: &apos;text&apos;, &apos;bbox&apos;: (229.82, 464.51300000000003, 236.48, 477.993), &apos;color_space&apos;: &apos;DeviceGray&apos;, &apos;ncolor&apos;: None, &apos;size&apos;: 13.479999999999961, &apos;value&apos;: &apos;T&apos;, &apos;children&apos;: [], &apos;features&apos;: {}}, {&apos;type&apos;: &apos;text&apos;, &apos;bbox&apos;: (236.48, 464.51300000000003, 242.57999999999998, 477.993), &apos;color_space&apos;: &apos;DeviceGray&apos;, &apos;ncolor&apos;: None, &apos;size&apos;: 13.479999999999961, &apos;value&apos;: &apos;S&apos;, &apos;children&apos;: [], &apos;features&apos;: {}}, {&apos;type&apos;: &apos;text&apos;, &apos;bbox&apos;: (242.692, 465.243, 245.46200000000002, 478.533), &apos;color_space&apos;: &apos;DeviceGray&apos;, &apos;ncolor&apos;: None, &apos;size&apos;: 13.29000000000002, &apos;value&apos;: &apos;.&apos;, &apos;children&apos;: [], &apos;features&apos;: {}}, {&apos;type&apos;: &apos;text&apos;, &apos;bbox&apos;: (245.46200000000002, 465.243, 248.23200000000003, 478.533), &apos;color_space&apos;: &apos;DeviceGray&apos;, &apos;ncolor&apos;: None, &apos;size&apos;: 13.29000000000002, &apos;value&apos;: &apos;.&apos;, &apos;children&apos;: [], &apos;features&apos;: {}}, {&apos;type&apos;: &apos;text&apos;, &apos;bbox&apos;: (248.232, 465.243, 251.002, 478.533), &apos;color_space&apos;: &apos;DeviceGray&apos;, &apos;ncolor&apos;: None, &apos;size&apos;: 13.29000000000002, &apos;value&apos;: &apos;.&apos;, &apos;children&apos;: [], &apos;features&apos;: {}}, {&apos;type&apos;: &apos;text&apos;, &apos;bbox&apos;: (251.002, 465.243, 253.77200000000002, 478.533), &apos;color_space&apos;: &apos;DeviceGray&apos;, &apos;ncolor&apos;: None, &apos;size&apos;: 13.29000000000002, &apos;value&apos;: &apos;.&apos;, &apos;children&apos;: [], &apos;features&apos;: {}}, {&apos;type&apos;: &apos;text&apos;, &apos;bbox&apos;: (253.77200000000002, 465.243, 256.54200000000003, 478.533), &apos;color_space&apos;: &apos;DeviceGray&apos;, &apos;ncolor&apos;: None, &apos;size&apos;: 13.29000000000002, &apos;value&apos;: &apos;.&apos;, &apos;children&apos;: [], &apos;features&apos;: {}}, {&apos;type&apos;: &apos;text&apos;, &apos;bbox&apos;: (256.54200000000003, 465.243, 259.312, 478.533), &apos;color_space&apos;: &apos;DeviceGray&apos;, &apos;ncolor&apos;: None, &apos;size&apos;: 13.29000000000002, &apos;value&apos;: &apos;.&apos;, &apos;children&apos;: [], &apos;features&apos;: {}}, {&apos;type&apos;: &apos;text&apos;, &apos;bbox&apos;: (259.312, 465.243, 262.082, 478.533), &apos;color_space&apos;: &apos;DeviceGray&apos;, &apos;ncolor&apos;: None, &apos;size&apos;: 13.29000000000002, &apos;value&apos;: &apos;.&apos;, &apos;children&apos;: [], &apos;features&apos;: {}}, {&apos;type&apos;: &apos;text&apos;, &apos;bbox&apos;: (262.082, 465.243, 264.852, 478.533), &apos;color_space&apos;: &apos;DeviceGray&apos;, &apos;ncolor&apos;: None, &apos;size&apos;: 13.29000000000002, &apos;value&apos;: &apos;.&apos;, &apos;children&apos;: [], &apos;features&apos;: {}}, {&apos;type&apos;: &apos;text&apos;, &apos;bbox&apos;: (264.85200000000003, 465.243, 267.622, 478.533), &apos;color_space&apos;: &apos;DeviceGray&apos;, &apos;ncolor&apos;: None, &apos;size&apos;: 13.29000000000002, &apos;value&apos;: &apos;.&apos;, &apos;children&apos;: [], &apos;features&apos;: {}}, {&apos;type&apos;: &apos;text&apos;, &apos;bbox&apos;: (267.622, 465.243, 270.392, 478.533), &apos;color_space&apos;: &apos;DeviceGray&apos;, &apos;ncolor&apos;: None, &apos;size&apos;: 13.29000000000002, &apos;value&apos;: &apos;.&apos;, &apos;children&apos;: [], &apos;features&apos;: {}}, {&apos;type&apos;: &apos;text&apos;, &apos;bbox&apos;: (270.392, 465.243, 273.162, 478.533), &apos;color_space&apos;: &apos;DeviceGray&apos;, &apos;ncolor&apos;: None, &apos;size&apos;: 13.29000000000002, &apos;value&apos;: &apos;.&apos;, &apos;children&apos;: [], &apos;features&apos;: {}}, {&apos;type&apos;: &apos;text&apos;, &apos;bbox&apos;: (273.16200000000003, 465.243, 275.932, 478.533), &apos;color_space&apos;: &apos;DeviceGray&apos;, &apos;ncolor&apos;: None, &apos;size&apos;: 13.29000000000002, &apos;value&apos;: &apos;.&apos;, &apos;children&apos;: [], &apos;features&apos;: {}}, {&apos;type&apos;: &apos;text&apos;, &apos;bbox&apos;: (275.932, 465.243, 278.702, 478.533), &apos;color_space&apos;: &apos;DeviceGray&apos;, &apos;ncolor&apos;: None, &apos;size&apos;: 13.29000000000002, &apos;value&apos;: &apos;.&apos;, &apos;children&apos;: [], &apos;features&apos;: {}}, {&apos;type&apos;: &apos;text&apos;, &apos;bbox&apos;: (278.702, 465.243, 281.472, 478.533), &apos;color_space&apos;: &apos;DeviceGray&apos;, &apos;ncolor&apos;: None, &apos;size&apos;: 13.29000000000002, &apos;value&apos;: &apos;.&apos;, &apos;children&apos;: [], &apos;features&apos;: {}}, {&apos;type&apos;: &apos;text&apos;, &apos;bbox&apos;: (281.47200000000004, 465.243, 284.242, 478.533), &apos;color_space&apos;: &apos;DeviceGray&apos;, &apos;ncolor&apos;: None, &apos;size&apos;: 13.29000000000002, &apos;value&apos;: &apos;.&apos;, &apos;children&apos;: [], &apos;features&apos;: {}}, {&apos;type&apos;: &apos;text&apos;, &apos;bbox&apos;: (284.242, 465.243, 287.012, 478.533), &apos;color_space&apos;: &apos;DeviceGray&apos;, &apos;ncolor&apos;: None, &apos;size&apos;: 13.29000000000002, &apos;value&apos;: &apos;.&apos;, &apos;children&apos;: [], &apos;features&apos;: {}}, {&apos;type&apos;: &apos;text&apos;, &apos;bbox&apos;: (287.012, 465.243, 289.782, 478.533), &apos;color_space&apos;: &apos;DeviceGray&apos;, &apos;ncolor&apos;: None, &apos;size&apos;: 13.29000000000002, &apos;value&apos;: &apos;.&apos;, &apos;children&apos;: [], &apos;features&apos;: {}}, {&apos;type&apos;: &apos;text&apos;, &apos;bbox&apos;: (289.78200000000004, 465.243, 292.552, 478.533), &apos;color_space&apos;: &apos;DeviceGray&apos;, &apos;ncolor&apos;: None, &apos;size&apos;: 13.29000000000002, &apos;value&apos;: &apos;.&apos;, &apos;children&apos;: [], &apos;features&apos;: {}}, {&apos;type&apos;: &apos;text&apos;, &apos;bbox&apos;: (292.552, 465.243, 295.322, 478.533), &apos;color_space&apos;: &apos;DeviceGray&apos;, &apos;ncolor&apos;: None, &apos;size&apos;: 13.29000000000002, &apos;value&apos;: &apos;.&apos;, &apos;children&apos;: [], &apos;features&apos;: {}}, {&apos;type&apos;: &apos;text&apos;, &apos;bbox&apos;: (295.322, 465.243, 298.092, 478.533), &apos;color_space&apos;: &apos;DeviceGray&apos;, &apos;ncolor&apos;: None, &apos;size&apos;: 13.29000000000002, &apos;value&apos;: &apos;.&apos;, &apos;children&apos;: [], &apos;features&apos;: {}}, {&apos;type&apos;: &apos;text&apos;, &apos;bbox&apos;: (298.09200000000004, 465.243, 300.862, 478.533), &apos;color_space&apos;: &apos;DeviceGray&apos;, &apos;ncolor&apos;: None, &apos;size&apos;: 13.29000000000002, &apos;value&apos;: &apos;.&apos;, &apos;children&apos;: [], &apos;features&apos;: {}}, {&apos;type&apos;: &apos;text&apos;, &apos;bbox&apos;: (300.862, 465.243, 303.632, 478.533), &apos;color_space&apos;: &apos;DeviceGray&apos;, &apos;ncolor&apos;: None, &apos;size&apos;: 13.29000000000002, &apos;value&apos;: &apos;.&apos;, &apos;children&apos;: [], &apos;features&apos;: {}}, {&apos;type&apos;: &apos;text&apos;, &apos;bbox&apos;: (303.63200000000006, 465.243, 306.40200000000004, 478.533), &apos;color_space&apos;: &apos;DeviceGray&apos;, &apos;ncolor&apos;: None, &apos;size&apos;: 13.29000000000002, &apos;value&apos;: &apos;.&apos;, &apos;children&apos;: [], &apos;features&apos;: {}}, {&apos;type&apos;: &apos;text&apos;, &apos;bbox&apos;: (306.40200000000004, 465.243, 309.172, 478.533), &apos;color_space&apos;: &apos;DeviceGray&apos;, &apos;ncolor&apos;: None, &apos;size&apos;: 13.29000000000002, &apos;value&apos;: &apos;.&apos;, &apos;children&apos;: [], &apos;features&apos;: {}}, {&apos;type&apos;: &apos;text&apos;, &apos;bbox&apos;: (309.172, 465.243, 311.942, 478.533), &apos;color_space&apos;: &apos;DeviceGray&apos;, &apos;ncolor&apos;: None, &apos;size&apos;: 13.29000000000002, &apos;value&apos;: &apos;.&apos;, &apos;children&apos;: [], &apos;features&apos;: {}}, {&apos;type&apos;: &apos;text&apos;, &apos;bbox&apos;: (311.942, 465.243, 314.712, 478.533), &apos;color_space&apos;: &apos;DeviceGray&apos;, &apos;ncolor&apos;: None, &apos;size&apos;: 13.29000000000002, &apos;value&apos;: &apos;.&apos;, &apos;children&apos;: [], &apos;features&apos;: {}}, {&apos;type&apos;: &apos;text&apos;, &apos;bbox&apos;: (314.71200000000005, 465.243, 317.482, 478.533), &apos;color_space&apos;: &apos;DeviceGray&apos;, &apos;ncolor&apos;: None, &apos;size&apos;: 13.29000000000002, &apos;value&apos;: &apos;.&apos;, &apos;children&apos;: [], &apos;features&apos;: {}}, {&apos;type&apos;: &apos;text&apos;, &apos;bbox&apos;: (317.482, 465.243, 320.252, 478.533), &apos;color_space&apos;: &apos;DeviceGray&apos;, &apos;ncolor&apos;: None, &apos;size&apos;: 13.29000000000002, &apos;value&apos;: &apos;.&apos;, &apos;children&apos;: [], &apos;features&apos;: {}}, {&apos;type&apos;: &apos;text&apos;, &apos;bbox&apos;: (320.252, 465.243, 323.022, 478.533), &apos;color_space&apos;: &apos;DeviceGray&apos;, &apos;ncolor&apos;: None, &apos;size&apos;: 13.29000000000002, &apos;value&apos;: &apos;.&apos;, &apos;children&apos;: [], &apos;features&apos;: {}}, {&apos;type&apos;: &apos;text&apos;, &apos;bbox&apos;: (323.02200000000005, 465.243, 325.79200000000003, 478.533), &apos;color_space&apos;: &apos;DeviceGray&apos;, &apos;ncolor&apos;: None, &apos;size&apos;: 13.29000000000002, &apos;value&apos;: &apos;.&apos;, &apos;children&apos;: [], &apos;features&apos;: {}}, {&apos;type&apos;: &apos;text&apos;, &apos;bbox&apos;: (325.79200000000003, 465.243, 328.562, 478.533), &apos;color_space&apos;: &apos;DeviceGray&apos;, &apos;ncolor&apos;: None, &apos;size&apos;: 13.29000000000002, &apos;value&apos;: &apos;.&apos;, &apos;children&apos;: [], &apos;features&apos;: {}}, {&apos;type&apos;: &apos;text&apos;, &apos;bbox&apos;: (328.562, 465.243, 331.332, 478.533), &apos;color_space&apos;: &apos;DeviceGray&apos;, &apos;ncolor&apos;: None, &apos;size&apos;: 13.29000000000002, &apos;value&apos;: &apos;.&apos;, &apos;children&apos;: [], &apos;features&apos;: {}}, {&apos;type&apos;: &apos;text&apos;, &apos;bbox&apos;: (331.332, 465.243, 334.102, 478.533), &apos;color_space&apos;: &apos;DeviceGray&apos;, &apos;ncolor&apos;: None, &apos;size&apos;: 13.29000000000002, &apos;value&apos;: &apos;.&apos;, &apos;children&apos;: [], &apos;features&apos;: {}}, {&apos;type&apos;: &apos;text&apos;, &apos;bbox&apos;: (334.102, 465.243, 336.87199999999996, 478.533), &apos;color_space&apos;: &apos;DeviceGray&apos;, &apos;ncolor&apos;: None, &apos;size&apos;: 13.29000000000002, &apos;value&apos;: &apos;.&apos;, &apos;children&apos;: [], &apos;features&apos;: {}}, {&apos;type&apos;: &apos;text&apos;, &apos;bbox&apos;: (336.872, 465.243, 339.642, 478.533), &apos;color_space&apos;: &apos;DeviceGray&apos;, &apos;ncolor&apos;: None, &apos;size&apos;: 13.29000000000002, &apos;value&apos;: &apos;.&apos;, &apos;children&apos;: [], &apos;features&apos;: {}}, {&apos;type&apos;: &apos;text&apos;, &apos;bbox&apos;: (339.642, 465.243, 342.412, 478.533), &apos;color_space&apos;: &apos;DeviceGray&apos;, &apos;ncolor&apos;: None, &apos;size&apos;: 13.29000000000002, &apos;value&apos;: &apos;.&apos;, &apos;children&apos;: [], &apos;features&apos;: {}}, {&apos;type&apos;: &apos;text&apos;, &apos;bbox&apos;: (342.412, 465.243, 345.18199999999996, 478.533), &apos;color_space&apos;: &apos;DeviceGray&apos;, &apos;ncolor&apos;: None, &apos;size&apos;: 13.29000000000002, &apos;value&apos;: &apos;.&apos;, &apos;children&apos;: [], &apos;features&apos;: {}}, {&apos;type&apos;: &apos;text&apos;, &apos;bbox&apos;: (345.182, 465.243, 347.952, 478.533), &apos;color_space&apos;: &apos;DeviceGray&apos;, &apos;ncolor&apos;: None, &apos;size&apos;: 13.29000000000002, &apos;value&apos;: &apos;.&apos;, &apos;children&apos;: [], &apos;features&apos;: {}}, {&apos;type&apos;: &apos;text&apos;, &apos;bbox&apos;: (347.952, 465.243, 350.722, 478.533), &apos;color_space&apos;: &apos;DeviceGray&apos;, &apos;ncolor&apos;: None, &apos;size&apos;: 13.29000000000002, &apos;value&apos;: &apos;.&apos;, &apos;children&apos;: [], &apos;features&apos;: {}}, {&apos;type&apos;: &apos;text&apos;, &apos;bbox&apos;: (350.722, 465.243, 353.49199999999996, 478.533), &apos;color_space&apos;: &apos;DeviceGray&apos;, &apos;ncolor&apos;: None, &apos;size&apos;: 13.29000000000002, &apos;value&apos;: &apos;.&apos;, &apos;children&apos;: [], &apos;features&apos;: {}}, {&apos;type&apos;: &apos;text&apos;, &apos;bbox&apos;: (353.49199999999996, 465.243, 356.26199999999994, 478.533), &apos;color_space&apos;: &apos;DeviceGray&apos;, &apos;ncolor&apos;: None, &apos;size&apos;: 13.29000000000002, &apos;value&apos;: &apos;.&apos;, &apos;children&apos;: [], &apos;features&apos;: {}}, {&apos;type&apos;: &apos;text&apos;, &apos;bbox&apos;: (356.26199999999994, 465.243, 359.0319999999999, 478.533), &apos;color_space&apos;: &apos;DeviceGray&apos;, &apos;ncolor&apos;: None, &apos;size&apos;: 13.29000000000002, &apos;value&apos;: &apos;.&apos;, &apos;children&apos;: [], &apos;features&apos;: {}}, {&apos;type&apos;: &apos;text&apos;, &apos;bbox&apos;: (359.032, 465.243, 361.80199999999996, 478.533), &apos;color_space&apos;: &apos;DeviceGray&apos;, &apos;ncolor&apos;: None, &apos;size&apos;: 13.29000000000002, &apos;value&apos;: &apos;.&apos;, &apos;children&apos;: [], &apos;features&apos;: {}}, {&apos;type&apos;: &apos;text&apos;, &apos;bbox&apos;: (361.80199999999996, 465.243, 364.57199999999995, 478.533), &apos;color_space&apos;: &apos;DeviceGray&apos;, &apos;ncolor&apos;: None, &apos;size&apos;: 13.29000000000002, &apos;value&apos;: &apos;.&apos;, &apos;children&apos;: [], &apos;features&apos;: {}}, {&apos;type&apos;: &apos;text&apos;, &apos;bbox&apos;: (364.57199999999995, 465.243, 367.3419999999999, 478.533), &apos;color_space&apos;: &apos;DeviceGray&apos;, &apos;ncolor&apos;: None, &apos;size&apos;: 13.29000000000002, &apos;value&apos;: &apos;.&apos;, &apos;children&apos;: [], &apos;features&apos;: {}}, {&apos;type&apos;: &apos;text&apos;, &apos;bbox&apos;: (367.342, 465.243, 370.11199999999997, 478.533), &apos;color_space&apos;: &apos;DeviceGray&apos;, &apos;ncolor&apos;: None, &apos;size&apos;: 13.29000000000002, &apos;value&apos;: &apos;.&apos;, &apos;children&apos;: [], &apos;features&apos;: {}}, {&apos;type&apos;: &apos;text&apos;, &apos;bbox&apos;: (370.11199999999997, 465.243, 372.88199999999995, 478.533), &apos;color_space&apos;: &apos;DeviceGray&apos;, &apos;ncolor&apos;: None, &apos;size&apos;: 13.29000000000002, &apos;value&apos;: &apos;.&apos;, &apos;children&apos;: [], &apos;features&apos;: {}}, {&apos;type&apos;: &apos;text&apos;, &apos;bbox&apos;: (372.88199999999995, 465.243, 375.65199999999993, 478.533), &apos;color_space&apos;: &apos;DeviceGray&apos;, &apos;ncolor&apos;: None, &apos;size&apos;: 13.29000000000002, &apos;value&apos;: &apos;.&apos;, &apos;children&apos;: [], &apos;features&apos;: {}}, {&apos;type&apos;: &apos;text&apos;, &apos;bbox&apos;: (375.65199999999993, 465.243, 378.4219999999999, 478.533), &apos;color_space&apos;: &apos;DeviceGray&apos;, &apos;ncolor&apos;: None, &apos;size&apos;: 13.29000000000002, &apos;value&apos;: &apos;.&apos;, &apos;children&apos;: [], &apos;features&apos;: {}}, {&apos;type&apos;: &apos;text&apos;, &apos;bbox&apos;: (378.42199999999997, 465.243, 381.19199999999995, 478.533), &apos;color_space&apos;: &apos;DeviceGray&apos;, &apos;ncolor&apos;: None, &apos;size&apos;: 13.29000000000002, &apos;value&apos;: &apos;.&apos;, &apos;children&apos;: [], &apos;features&apos;: {}}, {&apos;type&apos;: &apos;text&apos;, &apos;bbox&apos;: (381.192, 465.243, 383.962, 478.533), &apos;color_space&apos;: &apos;DeviceGray&apos;, &apos;ncolor&apos;: None, &apos;size&apos;: 13.29000000000002, &apos;value&apos;: &apos;.&apos;, &apos;children&apos;: [], &apos;features&apos;: {}}, {&apos;type&apos;: &apos;text&apos;, &apos;bbox&apos;: (383.962, 465.243, 386.73199999999997, 478.533), &apos;color_space&apos;: &apos;DeviceGray&apos;, &apos;ncolor&apos;: None, &apos;size&apos;: 13.29000000000002, &apos;value&apos;: &apos;.&apos;, &apos;children&apos;: [], &apos;features&apos;: {}}, {&apos;type&apos;: &apos;text&apos;, &apos;bbox&apos;: (386.73199999999997, 465.243, 389.50199999999995, 478.533), &apos;color_space&apos;: &apos;DeviceGray&apos;, &apos;ncolor&apos;: None, &apos;size&apos;: 13.29000000000002, &apos;value&apos;: &apos;.&apos;, &apos;children&apos;: [], &apos;features&apos;: {}}, {&apos;type&apos;: &apos;text&apos;, &apos;bbox&apos;: (389.502, 465.243, 392.272, 478.533), &apos;color_space&apos;: &apos;DeviceGray&apos;, &apos;ncolor&apos;: None, &apos;size&apos;: 13.29000000000002, &apos;value&apos;: &apos;.&apos;, &apos;children&apos;: [], &apos;features&apos;: {}}, {&apos;type&apos;: &apos;text&apos;, &apos;bbox&apos;: (392.27200000000005, 465.243, 395.04200000000003, 478.533), &apos;color_space&apos;: &apos;DeviceGray&apos;, &apos;ncolor&apos;: None, &apos;size&apos;: 13.29000000000002, &apos;value&apos;: &apos;.&apos;, &apos;children&apos;: [], &apos;features&apos;: {}}, {&apos;type&apos;: &apos;text&apos;, &apos;bbox&apos;: (395.04200000000003, 465.243, 397.812, 478.533), &apos;color_space&apos;: &apos;DeviceGray&apos;, &apos;ncolor&apos;: None, &apos;size&apos;: 13.29000000000002, &apos;value&apos;: &apos;.&apos;, &apos;children&apos;: [], &apos;features&apos;: {}}, {&apos;type&apos;: &apos;text&apos;, &apos;bbox&apos;: (397.812, 465.243, 400.582, 478.533), &apos;color_space&apos;: &apos;DeviceGray&apos;, &apos;ncolor&apos;: None, &apos;size&apos;: 13.29000000000002, &apos;value&apos;: &apos;.&apos;, &apos;children&apos;: [], &apos;features&apos;: {}}, {&apos;type&apos;: &apos;text&apos;, &apos;bbox&apos;: (400.58200000000005, 465.243, 403.35200000000003, 478.533), &apos;color_space&apos;: &apos;DeviceGray&apos;, &apos;ncolor&apos;: None, &apos;size&apos;: 13.29000000000002, &apos;value&apos;: &apos;.&apos;, &apos;children&apos;: [], &apos;features&apos;: {}}, {&apos;type&apos;: &apos;text&apos;, &apos;bbox&apos;: (403.3520000000001, 465.243, 406.12200000000007, 478.533), &apos;color_space&apos;: &apos;DeviceGray&apos;, &apos;ncolor&apos;: None, &apos;size&apos;: 13.29000000000002, &apos;value&apos;: &apos;.&apos;, &apos;children&apos;: [], &apos;features&apos;: {}}, {&apos;type&apos;: &apos;text&apos;, &apos;bbox&apos;: (406.12200000000007, 465.243, 408.89200000000005, 478.533), &apos;color_space&apos;: &apos;DeviceGray&apos;, &apos;ncolor&apos;: None, &apos;size&apos;: 13.29000000000002, &apos;value&apos;: &apos;.&apos;, &apos;children&apos;: [], &apos;features&apos;: {}}, {&apos;type&apos;: &apos;text&apos;, &apos;bbox&apos;: (408.89200000000005, 465.243, 411.66200000000003, 478.533), &apos;color_space&apos;: &apos;DeviceGray&apos;, &apos;ncolor&apos;: None, &apos;size&apos;: 13.29000000000002, &apos;value&apos;: &apos;.&apos;, &apos;children&apos;: [], &apos;features&apos;: {}}, {&apos;type&apos;: &apos;text&apos;, &apos;bbox&apos;: (411.6620000000001, 465.243, 414.4320000000001, 478.533), &apos;color_space&apos;: &apos;DeviceGray&apos;, &apos;ncolor&apos;: None, &apos;size&apos;: 13.29000000000002, &apos;value&apos;: &apos;.&apos;, &apos;children&apos;: [], &apos;features&apos;: {}}, {&apos;type&apos;: &apos;text&apos;, &apos;bbox&apos;: (414.43200000000013, 465.243, 417.2020000000001, 478.533), &apos;color_space&apos;: &apos;DeviceGray&apos;, &apos;ncolor&apos;: None, &apos;size&apos;: 13.29000000000002, &apos;value&apos;: &apos;.&apos;, &apos;children&apos;: [], &apos;features&apos;: {}}, {&apos;type&apos;: &apos;text&apos;, &apos;bbox&apos;: (417.2020000000001, 465.243, 419.9720000000001, 478.533), &apos;color_space&apos;: &apos;DeviceGray&apos;, &apos;ncolor&apos;: None, &apos;size&apos;: 13.29000000000002, &apos;value&apos;: &apos;.&apos;, &apos;children&apos;: [], &apos;features&apos;: {}}, {&apos;type&apos;: &apos;text&apos;, &apos;bbox&apos;: (419.9720000000001, 465.243, 422.7420000000001, 478.533), &apos;color_space&apos;: &apos;DeviceGray&apos;, &apos;ncolor&apos;: None, &apos;size&apos;: 13.29000000000002, &apos;value&apos;: &apos;.&apos;, &apos;children&apos;: [], &apos;features&apos;: {}}, {&apos;type&apos;: &apos;text&apos;, &apos;bbox&apos;: (422.74200000000013, 465.243, 425.5120000000001, 478.533), &apos;color_space&apos;: &apos;DeviceGray&apos;, &apos;ncolor&apos;: None, &apos;size&apos;: 13.29000000000002, &apos;value&apos;: &apos;.&apos;, &apos;children&apos;: [], &apos;features&apos;: {}}, {&apos;type&apos;: &apos;text&apos;, &apos;bbox&apos;: (425.51200000000017, 465.243, 428.28200000000015, 478.533), &apos;color_space&apos;: &apos;DeviceGray&apos;, &apos;ncolor&apos;: None, &apos;size&apos;: 13.29000000000002, &apos;value&apos;: &apos;.&apos;, &apos;children&apos;: [], &apos;features&apos;: {}}, {&apos;type&apos;: &apos;text&apos;, &apos;bbox&apos;: (428.28200000000015, 465.243, 431.05200000000013, 478.533), &apos;color_space&apos;: &apos;DeviceGray&apos;, &apos;ncolor&apos;: None, &apos;size&apos;: 13.29000000000002, &apos;value&apos;: &apos;.&apos;, &apos;children&apos;: [], &apos;features&apos;: {}}, {&apos;type&apos;: &apos;text&apos;, &apos;bbox&apos;: (431.05200000000013, 465.243, 433.8220000000001, 478.533), &apos;color_space&apos;: &apos;DeviceGray&apos;, &apos;ncolor&apos;: None, &apos;size&apos;: 13.29000000000002, &apos;value&apos;: &apos;.&apos;, &apos;children&apos;: [], &apos;features&apos;: {}}, {&apos;type&apos;: &apos;text&apos;, &apos;bbox&apos;: (433.8220000000002, 465.243, 436.59200000000016, 478.533), &apos;color_space&apos;: &apos;DeviceGray&apos;, &apos;ncolor&apos;: None, &apos;size&apos;: 13.29000000000002, &apos;value&apos;: &apos;.&apos;, &apos;children&apos;: [], &apos;features&apos;: {}}, {&apos;type&apos;: &apos;text&apos;, &apos;bbox&apos;: (436.5920000000002, 465.243, 439.3620000000002, 478.533), &apos;color_space&apos;: &apos;DeviceGray&apos;, &apos;ncolor&apos;: None, &apos;size&apos;: 13.29000000000002, &apos;value&apos;: &apos;.&apos;, &apos;children&apos;: [], &apos;features&apos;: {}}, {&apos;type&apos;: &apos;text&apos;, &apos;bbox&apos;: (439.3620000000002, 465.243, 442.1320000000002, 478.533), &apos;color_space&apos;: &apos;DeviceGray&apos;, &apos;ncolor&apos;: None, &apos;size&apos;: 13.29000000000002, &apos;value&apos;: &apos;.&apos;, &apos;children&apos;: [], &apos;features&apos;: {}}, {&apos;type&apos;: &apos;text&apos;, &apos;bbox&apos;: (442.1320000000002, 465.243, 444.90200000000016, 478.533), &apos;color_space&apos;: &apos;DeviceGray&apos;, &apos;ncolor&apos;: None, &apos;size&apos;: 13.29000000000002, &apos;value&apos;: &apos;.&apos;, &apos;children&apos;: [], &apos;features&apos;: {}}, {&apos;type&apos;: &apos;text&apos;, &apos;bbox&apos;: (444.9020000000002, 465.243, 447.6720000000002, 478.533), &apos;color_space&apos;: &apos;DeviceGray&apos;, &apos;ncolor&apos;: None, &apos;size&apos;: 13.29000000000002, &apos;value&apos;: &apos;.&apos;, &apos;children&apos;: [], &apos;features&apos;: {}}, {&apos;type&apos;: &apos;text&apos;, &apos;bbox&apos;: (447.67200000000025, 465.243, 450.44200000000023, 478.533), &apos;color_space&apos;: &apos;DeviceGray&apos;, &apos;ncolor&apos;: None, &apos;size&apos;: 13.29000000000002, &apos;value&apos;: &apos;.&apos;, &apos;children&apos;: [], &apos;features&apos;: {}}, {&apos;type&apos;: &apos;text&apos;, &apos;bbox&apos;: (450.44200000000023, 465.243, 453.2120000000002, 478.533), &apos;color_space&apos;: &apos;DeviceGray&apos;, &apos;ncolor&apos;: None, &apos;size&apos;: 13.29000000000002, &apos;value&apos;: &apos;.&apos;, &apos;children&apos;: [], &apos;features&apos;: {}}, {&apos;type&apos;: &apos;text&apos;, &apos;bbox&apos;: (453.2120000000002, 465.243, 455.9820000000002, 478.533), &apos;color_space&apos;: &apos;DeviceGray&apos;, &apos;ncolor&apos;: None, &apos;size&apos;: 13.29000000000002, &apos;value&apos;: &apos;.&apos;, &apos;children&apos;: [], &apos;features&apos;: {}}, {&apos;type&apos;: &apos;text&apos;, &apos;bbox&apos;: (455.98200000000026, 465.243, 458.75200000000024, 478.533), &apos;color_space&apos;: &apos;DeviceGray&apos;, &apos;ncolor&apos;: None, &apos;size&apos;: 13.29000000000002, &apos;value&apos;: &apos;.&apos;, &apos;children&apos;: [], &apos;features&apos;: {}}, {&apos;type&apos;: &apos;text&apos;, &apos;bbox&apos;: (458.7520000000003, 465.243, 461.5220000000003, 478.533), &apos;color_space&apos;: &apos;DeviceGray&apos;, &apos;ncolor&apos;: None, &apos;size&apos;: 13.29000000000002, &apos;value&apos;: &apos;.&apos;, &apos;children&apos;: [], &apos;features&apos;: {}}, {&apos;type&apos;: &apos;text&apos;, &apos;bbox&apos;: (461.5220000000003, 465.243, 464.29200000000026, 478.533), &apos;color_space&apos;: &apos;DeviceGray&apos;, &apos;ncolor&apos;: None, &apos;size&apos;: 13.29000000000002, &apos;value&apos;: &apos;.&apos;, &apos;children&apos;: [], &apos;features&apos;: {}}, {&apos;type&apos;: &apos;text&apos;, &apos;bbox&apos;: (464.29200000000026, 465.243, 467.06200000000024, 478.533), &apos;color_space&apos;: &apos;DeviceGray&apos;, &apos;ncolor&apos;: None, &apos;size&apos;: 13.29000000000002, &apos;value&apos;: &apos;.&apos;, &apos;children&apos;: [], &apos;features&apos;: {}}, {&apos;type&apos;: &apos;text&apos;, &apos;bbox&apos;: (467.0620000000003, 465.243, 469.8320000000003, 478.533), &apos;color_space&apos;: &apos;DeviceGray&apos;, &apos;ncolor&apos;: None, &apos;size&apos;: 13.29000000000002, &apos;value&apos;: &apos;.&apos;, &apos;children&apos;: [], &apos;features&apos;: {}}, {&apos;type&apos;: &apos;text&apos;, &apos;bbox&apos;: (469.83200000000033, 465.243, 472.6020000000003, 478.533), &apos;color_space&apos;: &apos;DeviceGray&apos;, &apos;ncolor&apos;: None, &apos;size&apos;: 13.29000000000002, &apos;value&apos;: &apos;.&apos;, &apos;children&apos;: [], &apos;features&apos;: {}}, {&apos;type&apos;: &apos;text&apos;, &apos;bbox&apos;: (472.6020000000003, 465.243, 475.3720000000003, 478.533), &apos;color_space&apos;: &apos;DeviceGray&apos;, &apos;ncolor&apos;: None, &apos;size&apos;: 13.29000000000002, &apos;value&apos;: &apos;.&apos;, &apos;children&apos;: [], &apos;features&apos;: {}}, {&apos;type&apos;: &apos;text&apos;, &apos;bbox&apos;: (475.3720000000003, 465.243, 478.1420000000003, 478.533), &apos;color_space&apos;: &apos;DeviceGray&apos;, &apos;ncolor&apos;: None, &apos;size&apos;: 13.29000000000002, &apos;value&apos;: &apos;.&apos;, &apos;children&apos;: [], &apos;features&apos;: {}}, {&apos;type&apos;: &apos;text&apos;, &apos;bbox&apos;: (478.14200000000034, 465.243, 480.9120000000003, 478.533), &apos;color_space&apos;: &apos;DeviceGray&apos;, &apos;ncolor&apos;: None, &apos;size&apos;: 13.29000000000002, &apos;value&apos;: &apos;.&apos;, &apos;children&apos;: [], &apos;features&apos;: {}}, {&apos;type&apos;: &apos;text&apos;, &apos;bbox&apos;: (483.986, 465.243, 489.546, 478.533), &apos;color_space&apos;: &apos;DeviceGray&apos;, &apos;ncolor&apos;: None, &apos;size&apos;: 13.29000000000002, &apos;value&apos;: &apos;4&apos;, &apos;children&apos;: [], &apos;features&apos;: {}}, {&apos;type&apos;: &apos;text&apos;, &apos;bbox&apos;: (489.546, 465.243, 492.876, 478.533), &apos;color_space&apos;: &apos;DeviceGray&apos;, &apos;ncolor&apos;: None, &apos;size&apos;: 13.29000000000002, &apos;value&apos;: &apos;-&apos;, &apos;children&apos;: [], &apos;features&apos;: {}}, {&apos;type&apos;: &apos;text&apos;, &apos;bbox&apos;: (492.877, 465.243, 498.437, 478.533), &apos;color_space&apos;: &apos;DeviceGray&apos;, &apos;ncolor&apos;: None, &apos;size&apos;: 13.29000000000002, &apos;value&apos;: &apos;2&apos;, &apos;children&apos;: [], &apos;features&apos;: {}}, {&apos;type&apos;: &apos;text&apos;, &apos;bbox&apos;: (498.437, 465.243, 503.997, 478.533), &apos;color_space&apos;: &apos;DeviceGray&apos;, &apos;ncolor&apos;: None, &apos;size&apos;: 13.29000000000002, &apos;value&apos;: &apos;7&apos;, &apos;children&apos;: [], &apos;features&apos;: {}}], &apos;features&apos;: {}}
*********************





--------------------------------- CONTENT AREA --------------------------------- 
This content area has an image
{&apos;type&apos;: &apos;figure&apos;, &apos;bbox&apos;: (0, 0, 612.0, 792.0), &apos;name&apos;: &apos;fx30&apos;, &apos;children&apos;: [{&apos;type&apos;: &apos;text&apos;, &apos;bbox&apos;: (78.0, 449.02200000000005, 83.57, 462.502), &apos;color_space&apos;: &apos;DeviceGray&apos;, &apos;ncolor&apos;: None, &apos;size&apos;: 13.479999999999961, &apos;value&apos;: &apos;F&apos;, &apos;children&apos;: [], &apos;features&apos;: {}}, {&apos;type&apos;: &apos;text&apos;, &apos;bbox&apos;: (83.57, 449.02200000000005, 89.66999999999999, 462.502), &apos;color_space&apos;: &apos;DeviceGray&apos;, &apos;ncolor&apos;: None, &apos;size&apos;: 13.479999999999961, &apos;value&apos;: &apos;S&apos;, &apos;children&apos;: [], &apos;features&apos;: {}}, {&apos;type&apos;: &apos;text&apos;, &apos;bbox&apos;: (89.67, 449.02200000000005, 93.56, 462.502), &apos;color_space&apos;: &apos;DeviceGray&apos;, &apos;ncolor&apos;: None, &apos;size&apos;: 13.479999999999961, &apos;value&apos;: &apos;I&apos;, &apos;children&apos;: [], &apos;features&apos;: {}}, {&apos;type&apos;: &apos;text&apos;, &apos;bbox&apos;: (93.56, 449.02200000000005, 98.56, 462.502), &apos;color_space&apos;: &apos;DeviceGray&apos;, &apos;ncolor&apos;: None, &apos;size&apos;: 13.479999999999961, &apos;value&apos;: &apos;_&apos;, &apos;children&apos;: [], &apos;features&apos;: {}}, {&apos;type&apos;: &apos;text&apos;, &apos;bbox&apos;: (98.56, 449.02200000000005, 106.87, 462.502), &apos;color_space&apos;: &apos;DeviceGray&apos;, &apos;ncolor&apos;: None, &apos;size&apos;: 13.479999999999961, &apos;value&apos;: &apos;D&apos;, &apos;children&apos;: [], &apos;features&apos;: {}}, {&apos;type&apos;: &apos;text&apos;, &apos;bbox&apos;: (106.87, 449.02200000000005, 111.87, 462.502), &apos;color_space&apos;: &apos;DeviceGray&apos;, &apos;ncolor&apos;: None, &apos;size&apos;: 13.479999999999961, &apos;value&apos;: &apos;_&apos;, &apos;children&apos;: [], &apos;features&apos;: {}}, {&apos;type&apos;: &apos;text&apos;, &apos;bbox&apos;: (111.87, 449.02200000000005, 117.44, 462.502), &apos;color_space&apos;: &apos;DeviceGray&apos;, &apos;ncolor&apos;: None, &apos;size&apos;: 13.479999999999961, &apos;value&apos;: &apos;F&apos;, &apos;children&apos;: [], &apos;features&apos;: {}}, {&apos;type&apos;: &apos;text&apos;, &apos;bbox&apos;: (117.44, 449.02200000000005, 124.1, 462.502), &apos;color_space&apos;: &apos;DeviceGray&apos;, &apos;ncolor&apos;: None, &apos;size&apos;: 13.479999999999961, &apos;value&apos;: &apos;X&apos;, &apos;children&apos;: [], &apos;features&apos;: {}}, {&apos;type&apos;: &apos;text&apos;, &apos;bbox&apos;: (124.10000000000001, 449.02200000000005, 129.10000000000002, 462.502), &apos;color_space&apos;: &apos;DeviceGray&apos;, &apos;ncolor&apos;: None, &apos;size&apos;: 13.479999999999961, &apos;value&apos;: &apos;_&apos;, &apos;children&apos;: [], &apos;features&apos;: {}}, {&apos;type&apos;: &apos;text&apos;, &apos;bbox&apos;: (129.10000000000002, 449.02200000000005, 136.32000000000002, 462.502), &apos;color_space&apos;: &apos;DeviceGray&apos;, &apos;ncolor&apos;: None, &apos;size&apos;: 13.479999999999961, &apos;value&apos;: &apos;C&apos;, &apos;children&apos;: [], &apos;features&apos;: {}}, {&apos;type&apos;: &apos;text&apos;, &apos;bbox&apos;: (136.32, 449.02200000000005, 144.65, 462.502), &apos;color_space&apos;: &apos;DeviceGray&apos;, &apos;ncolor&apos;: None, &apos;size&apos;: 13.479999999999961, &apos;value&apos;: &apos;O&apos;, &apos;children&apos;: [], &apos;features&apos;: {}}, {&apos;type&apos;: &apos;text&apos;, &apos;bbox&apos;: (144.65, 449.02200000000005, 152.98000000000002, 462.502), &apos;color_space&apos;: &apos;DeviceGray&apos;, &apos;ncolor&apos;: None, &apos;size&apos;: 13.479999999999961, &apos;value&apos;: &apos;N&apos;, &apos;children&apos;: [], &apos;features&apos;: {}}, {&apos;type&apos;: &apos;text&apos;, &apos;bbox&apos;: (152.98000000000002, 449.02200000000005, 159.64000000000001, 462.502), &apos;color_space&apos;: &apos;DeviceGray&apos;, &apos;ncolor&apos;: None, &apos;size&apos;: 13.479999999999961, &apos;value&apos;: &apos;T&apos;, &apos;children&apos;: [], &apos;features&apos;: {}}, {&apos;type&apos;: &apos;text&apos;, &apos;bbox&apos;: (159.64, 449.02200000000005, 166.76999999999998, 462.502), &apos;color_space&apos;: &apos;DeviceGray&apos;, &apos;ncolor&apos;: None, &apos;size&apos;: 13.479999999999961, &apos;value&apos;: &apos;R&apos;, &apos;children&apos;: [], &apos;features&apos;: {}}, {&apos;type&apos;: &apos;text&apos;, &apos;bbox&apos;: (166.76999999999998, 449.02200000000005, 174.54, 462.502), &apos;color_space&apos;: &apos;DeviceGray&apos;, &apos;ncolor&apos;: None, &apos;size&apos;: 13.479999999999961, &apos;value&apos;: &apos;A&apos;, &apos;children&apos;: [], &apos;features&apos;: {}}, {&apos;type&apos;: &apos;text&apos;, &apos;bbox&apos;: (174.54, 449.02200000000005, 181.76, 462.502), &apos;color_space&apos;: &apos;DeviceGray&apos;, &apos;ncolor&apos;: None, &apos;size&apos;: 13.479999999999961, &apos;value&apos;: &apos;C&apos;, &apos;children&apos;: [], &apos;features&apos;: {}}, {&apos;type&apos;: &apos;text&apos;, &apos;bbox&apos;: (181.76, 449.02200000000005, 188.42, 462.502), &apos;color_space&apos;: &apos;DeviceGray&apos;, &apos;ncolor&apos;: None, &apos;size&apos;: 13.479999999999961, &apos;value&apos;: &apos;T&apos;, &apos;children&apos;: [], &apos;features&apos;: {}}, {&apos;type&apos;: &apos;text&apos;, &apos;bbox&apos;: (188.42, 449.02200000000005, 194.51999999999998, 462.502), &apos;color_space&apos;: &apos;DeviceGray&apos;, &apos;ncolor&apos;: None, &apos;size&apos;: 13.479999999999961, &apos;value&apos;: &apos;S&apos;, &apos;children&apos;: [], &apos;features&apos;: {}}, {&apos;type&apos;: &apos;text&apos;, &apos;bbox&apos;: (194.601, 449.752, 197.371, 463.04200000000003), &apos;color_space&apos;: &apos;DeviceGray&apos;, &apos;ncolor&apos;: None, &apos;size&apos;: 13.29000000000002, &apos;value&apos;: &apos;.&apos;, &apos;children&apos;: [], &apos;features&apos;: {}}, {&apos;type&apos;: &apos;text&apos;, &apos;bbox&apos;: (197.371, 449.752, 200.14100000000002, 463.04200000000003), &apos;color_space&apos;: &apos;DeviceGray&apos;, &apos;ncolor&apos;: None, &apos;size&apos;: 13.29000000000002, &apos;value&apos;: &apos;.&apos;, &apos;children&apos;: [], &apos;features&apos;: {}}, {&apos;type&apos;: &apos;text&apos;, &apos;bbox&apos;: (200.141, 449.752, 202.911, 463.04200000000003), &apos;color_space&apos;: &apos;DeviceGray&apos;, &apos;ncolor&apos;: None, &apos;size&apos;: 13.29000000000002, &apos;value&apos;: &apos;.&apos;, &apos;children&apos;: [], &apos;features&apos;: {}}, {&apos;type&apos;: &apos;text&apos;, &apos;bbox&apos;: (202.911, 449.752, 205.681, 463.04200000000003), &apos;color_space&apos;: &apos;DeviceGray&apos;, &apos;ncolor&apos;: None, &apos;size&apos;: 13.29000000000002, &apos;value&apos;: &apos;.&apos;, &apos;children&apos;: [], &apos;features&apos;: {}}, {&apos;type&apos;: &apos;text&apos;, &apos;bbox&apos;: (205.681, 449.752, 208.45100000000002, 463.04200000000003), &apos;color_space&apos;: &apos;DeviceGray&apos;, &apos;ncolor&apos;: None, &apos;size&apos;: 13.29000000000002, &apos;value&apos;: &apos;.&apos;, &apos;children&apos;: [], &apos;features&apos;: {}}, {&apos;type&apos;: &apos;text&apos;, &apos;bbox&apos;: (208.451, 449.752, 211.221, 463.04200000000003), &apos;color_space&apos;: &apos;DeviceGray&apos;, &apos;ncolor&apos;: None, &apos;size&apos;: 13.29000000000002, &apos;value&apos;: &apos;.&apos;, &apos;children&apos;: [], &apos;features&apos;: {}}, {&apos;type&apos;: &apos;text&apos;, &apos;bbox&apos;: (211.221, 449.752, 213.991, 463.04200000000003), &apos;color_space&apos;: &apos;DeviceGray&apos;, &apos;ncolor&apos;: None, &apos;size&apos;: 13.29000000000002, &apos;value&apos;: &apos;.&apos;, &apos;children&apos;: [], &apos;features&apos;: {}}, {&apos;type&apos;: &apos;text&apos;, &apos;bbox&apos;: (213.99099999999999, 449.752, 216.761, 463.04200000000003), &apos;color_space&apos;: &apos;DeviceGray&apos;, &apos;ncolor&apos;: None, &apos;size&apos;: 13.29000000000002, &apos;value&apos;: &apos;.&apos;, &apos;children&apos;: [], &apos;features&apos;: {}}, {&apos;type&apos;: &apos;text&apos;, &apos;bbox&apos;: (216.761, 449.752, 219.531, 463.04200000000003), &apos;color_space&apos;: &apos;DeviceGray&apos;, &apos;ncolor&apos;: None, &apos;size&apos;: 13.29000000000002, &apos;value&apos;: &apos;.&apos;, &apos;children&apos;: [], &apos;features&apos;: {}}, {&apos;type&apos;: &apos;text&apos;, &apos;bbox&apos;: (219.531, 449.752, 222.30100000000002, 463.04200000000003), &apos;color_space&apos;: &apos;DeviceGray&apos;, &apos;ncolor&apos;: None, &apos;size&apos;: 13.29000000000002, &apos;value&apos;: &apos;.&apos;, &apos;children&apos;: [], &apos;features&apos;: {}}, {&apos;type&apos;: &apos;text&apos;, &apos;bbox&apos;: (222.301, 449.752, 225.071, 463.04200000000003), &apos;color_space&apos;: &apos;DeviceGray&apos;, &apos;ncolor&apos;: None, &apos;size&apos;: 13.29000000000002, &apos;value&apos;: &apos;.&apos;, &apos;children&apos;: [], &apos;features&apos;: {}}, {&apos;type&apos;: &apos;text&apos;, &apos;bbox&apos;: (225.071, 449.752, 227.841, 463.04200000000003), &apos;color_space&apos;: &apos;DeviceGray&apos;, &apos;ncolor&apos;: None, &apos;size&apos;: 13.29000000000002, &apos;value&apos;: &apos;.&apos;, &apos;children&apos;: [], &apos;features&apos;: {}}, {&apos;type&apos;: &apos;text&apos;, &apos;bbox&apos;: (227.841, 449.752, 230.61100000000002, 463.04200000000003), &apos;color_space&apos;: &apos;DeviceGray&apos;, &apos;ncolor&apos;: None, &apos;size&apos;: 13.29000000000002, &apos;value&apos;: &apos;.&apos;, &apos;children&apos;: [], &apos;features&apos;: {}}, {&apos;type&apos;: &apos;text&apos;, &apos;bbox&apos;: (230.611, 449.752, 233.381, 463.04200000000003), &apos;color_space&apos;: &apos;DeviceGray&apos;, &apos;ncolor&apos;: None, &apos;size&apos;: 13.29000000000002, &apos;value&apos;: &apos;.&apos;, &apos;children&apos;: [], &apos;features&apos;: {}}, {&apos;type&apos;: &apos;text&apos;, &apos;bbox&apos;: (233.381, 449.752, 236.151, 463.04200000000003), &apos;color_space&apos;: &apos;DeviceGray&apos;, &apos;ncolor&apos;: None, &apos;size&apos;: 13.29000000000002, &apos;value&apos;: &apos;.&apos;, &apos;children&apos;: [], &apos;features&apos;: {}}, {&apos;type&apos;: &apos;text&apos;, &apos;bbox&apos;: (236.151, 449.752, 238.92100000000002, 463.04200000000003), &apos;color_space&apos;: &apos;DeviceGray&apos;, &apos;ncolor&apos;: None, &apos;size&apos;: 13.29000000000002, &apos;value&apos;: &apos;.&apos;, &apos;children&apos;: [], &apos;features&apos;: {}}, {&apos;type&apos;: &apos;text&apos;, &apos;bbox&apos;: (238.92100000000002, 449.752, 241.69100000000003, 463.04200000000003), &apos;color_space&apos;: &apos;DeviceGray&apos;, &apos;ncolor&apos;: None, &apos;size&apos;: 13.29000000000002, &apos;value&apos;: &apos;.&apos;, &apos;children&apos;: [], &apos;features&apos;: {}}, {&apos;type&apos;: &apos;text&apos;, &apos;bbox&apos;: (241.69100000000003, 449.752, 244.46100000000004, 463.04200000000003), &apos;color_space&apos;: &apos;DeviceGray&apos;, &apos;ncolor&apos;: None, &apos;size&apos;: 13.29000000000002, &apos;value&apos;: &apos;.&apos;, &apos;children&apos;: [], &apos;features&apos;: {}}, {&apos;type&apos;: &apos;text&apos;, &apos;bbox&apos;: (244.461, 449.752, 247.23100000000002, 463.04200000000003), &apos;color_space&apos;: &apos;DeviceGray&apos;, &apos;ncolor&apos;: None, &apos;size&apos;: 13.29000000000002, &apos;value&apos;: &apos;.&apos;, &apos;children&apos;: [], &apos;features&apos;: {}}, {&apos;type&apos;: &apos;text&apos;, &apos;bbox&apos;: (247.23100000000002, 449.752, 250.00100000000003, 463.04200000000003), &apos;color_space&apos;: &apos;DeviceGray&apos;, &apos;ncolor&apos;: None, &apos;size&apos;: 13.29000000000002, &apos;value&apos;: &apos;.&apos;, &apos;children&apos;: [], &apos;features&apos;: {}}, {&apos;type&apos;: &apos;text&apos;, &apos;bbox&apos;: (250.00100000000003, 449.752, 252.77100000000004, 463.04200000000003), &apos;color_space&apos;: &apos;DeviceGray&apos;, &apos;ncolor&apos;: None, &apos;size&apos;: 13.29000000000002, &apos;value&apos;: &apos;.&apos;, &apos;children&apos;: [], &apos;features&apos;: {}}, {&apos;type&apos;: &apos;text&apos;, &apos;bbox&apos;: (252.77100000000002, 449.752, 255.54100000000003, 463.04200000000003), &apos;color_space&apos;: &apos;DeviceGray&apos;, &apos;ncolor&apos;: None, &apos;size&apos;: 13.29000000000002, &apos;value&apos;: &apos;.&apos;, &apos;children&apos;: [], &apos;features&apos;: {}}, {&apos;type&apos;: &apos;text&apos;, &apos;bbox&apos;: (255.54100000000003, 449.752, 258.31100000000004, 463.04200000000003), &apos;color_space&apos;: &apos;DeviceGray&apos;, &apos;ncolor&apos;: None, &apos;size&apos;: 13.29000000000002, &apos;value&apos;: &apos;.&apos;, &apos;children&apos;: [], &apos;features&apos;: {}}, {&apos;type&apos;: &apos;text&apos;, &apos;bbox&apos;: (258.31100000000004, 449.752, 261.081, 463.04200000000003), &apos;color_space&apos;: &apos;DeviceGray&apos;, &apos;ncolor&apos;: None, &apos;size&apos;: 13.29000000000002, &apos;value&apos;: &apos;.&apos;, &apos;children&apos;: [], &apos;features&apos;: {}}, {&apos;type&apos;: &apos;text&apos;, &apos;bbox&apos;: (261.081, 449.752, 263.851, 463.04200000000003), &apos;color_space&apos;: &apos;DeviceGray&apos;, &apos;ncolor&apos;: None, &apos;size&apos;: 13.29000000000002, &apos;value&apos;: &apos;.&apos;, &apos;children&apos;: [], &apos;features&apos;: {}}, {&apos;type&apos;: &apos;text&apos;, &apos;bbox&apos;: (263.851, 449.752, 266.621, 463.04200000000003), &apos;color_space&apos;: &apos;DeviceGray&apos;, &apos;ncolor&apos;: None, &apos;size&apos;: 13.29000000000002, &apos;value&apos;: &apos;.&apos;, &apos;children&apos;: [], &apos;features&apos;: {}}, {&apos;type&apos;: &apos;text&apos;, &apos;bbox&apos;: (266.62100000000004, 449.752, 269.391, 463.04200000000003), &apos;color_space&apos;: &apos;DeviceGray&apos;, &apos;ncolor&apos;: None, &apos;size&apos;: 13.29000000000002, &apos;value&apos;: &apos;.&apos;, &apos;children&apos;: [], &apos;features&apos;: {}}, {&apos;type&apos;: &apos;text&apos;, &apos;bbox&apos;: (269.391, 449.752, 272.161, 463.04200000000003), &apos;color_space&apos;: &apos;DeviceGray&apos;, &apos;ncolor&apos;: None, &apos;size&apos;: 13.29000000000002, &apos;value&apos;: &apos;.&apos;, &apos;children&apos;: [], &apos;features&apos;: {}}, {&apos;type&apos;: &apos;text&apos;, &apos;bbox&apos;: (272.161, 449.752, 274.931, 463.04200000000003), &apos;color_space&apos;: &apos;DeviceGray&apos;, &apos;ncolor&apos;: None, &apos;size&apos;: 13.29000000000002, &apos;value&apos;: &apos;.&apos;, &apos;children&apos;: [], &apos;features&apos;: {}}, {&apos;type&apos;: &apos;text&apos;, &apos;bbox&apos;: (274.93100000000004, 449.752, 277.701, 463.04200000000003), &apos;color_space&apos;: &apos;DeviceGray&apos;, &apos;ncolor&apos;: None, &apos;size&apos;: 13.29000000000002, &apos;value&apos;: &apos;.&apos;, &apos;children&apos;: [], &apos;features&apos;: {}}, {&apos;type&apos;: &apos;text&apos;, &apos;bbox&apos;: (277.701, 449.752, 280.471, 463.04200000000003), &apos;color_space&apos;: &apos;DeviceGray&apos;, &apos;ncolor&apos;: None, &apos;size&apos;: 13.29000000000002, &apos;value&apos;: &apos;.&apos;, &apos;children&apos;: [], &apos;features&apos;: {}}, {&apos;type&apos;: &apos;text&apos;, &apos;bbox&apos;: (280.471, 449.752, 283.241, 463.04200000000003), &apos;color_space&apos;: &apos;DeviceGray&apos;, &apos;ncolor&apos;: None, &apos;size&apos;: 13.29000000000002, &apos;value&apos;: &apos;.&apos;, &apos;children&apos;: [], &apos;features&apos;: {}}, {&apos;type&apos;: &apos;text&apos;, &apos;bbox&apos;: (283.241, 449.752, 286.01099999999997, 463.04200000000003), &apos;color_space&apos;: &apos;DeviceGray&apos;, &apos;ncolor&apos;: None, &apos;size&apos;: 13.29000000000002, &apos;value&apos;: &apos;.&apos;, &apos;children&apos;: [], &apos;features&apos;: {}}, {&apos;type&apos;: &apos;text&apos;, &apos;bbox&apos;: (286.01099999999997, 449.752, 288.78099999999995, 463.04200000000003), &apos;color_space&apos;: &apos;DeviceGray&apos;, &apos;ncolor&apos;: None, &apos;size&apos;: 13.29000000000002, &apos;value&apos;: &apos;.&apos;, &apos;children&apos;: [], &apos;features&apos;: {}}, {&apos;type&apos;: &apos;text&apos;, &apos;bbox&apos;: (288.781, 449.752, 291.551, 463.04200000000003), &apos;color_space&apos;: &apos;DeviceGray&apos;, &apos;ncolor&apos;: None, &apos;size&apos;: 13.29000000000002, &apos;value&apos;: &apos;.&apos;, &apos;children&apos;: [], &apos;features&apos;: {}}, {&apos;type&apos;: &apos;text&apos;, &apos;bbox&apos;: (291.551, 449.752, 294.32099999999997, 463.04200000000003), &apos;color_space&apos;: &apos;DeviceGray&apos;, &apos;ncolor&apos;: None, &apos;size&apos;: 13.29000000000002, &apos;value&apos;: &apos;.&apos;, &apos;children&apos;: [], &apos;features&apos;: {}}, {&apos;type&apos;: &apos;text&apos;, &apos;bbox&apos;: (294.32099999999997, 449.752, 297.09099999999995, 463.04200000000003), &apos;color_space&apos;: &apos;DeviceGray&apos;, &apos;ncolor&apos;: None, &apos;size&apos;: 13.29000000000002, &apos;value&apos;: &apos;.&apos;, &apos;children&apos;: [], &apos;features&apos;: {}}, {&apos;type&apos;: &apos;text&apos;, &apos;bbox&apos;: (297.091, 449.752, 299.861, 463.04200000000003), &apos;color_space&apos;: &apos;DeviceGray&apos;, &apos;ncolor&apos;: None, &apos;size&apos;: 13.29000000000002, &apos;value&apos;: &apos;.&apos;, &apos;children&apos;: [], &apos;features&apos;: {}}, {&apos;type&apos;: &apos;text&apos;, &apos;bbox&apos;: (299.861, 449.752, 302.631, 463.04200000000003), &apos;color_space&apos;: &apos;DeviceGray&apos;, &apos;ncolor&apos;: None, &apos;size&apos;: 13.29000000000002, &apos;value&apos;: &apos;.&apos;, &apos;children&apos;: [], &apos;features&apos;: {}}, {&apos;type&apos;: &apos;text&apos;, &apos;bbox&apos;: (302.631, 449.752, 305.40099999999995, 463.04200000000003), &apos;color_space&apos;: &apos;DeviceGray&apos;, &apos;ncolor&apos;: None, &apos;size&apos;: 13.29000000000002, &apos;value&apos;: &apos;.&apos;, &apos;children&apos;: [], &apos;features&apos;: {}}, {&apos;type&apos;: &apos;text&apos;, &apos;bbox&apos;: (305.40099999999995, 449.752, 308.17099999999994, 463.04200000000003), &apos;color_space&apos;: &apos;DeviceGray&apos;, &apos;ncolor&apos;: None, &apos;size&apos;: 13.29000000000002, &apos;value&apos;: &apos;.&apos;, &apos;children&apos;: [], &apos;features&apos;: {}}, {&apos;type&apos;: &apos;text&apos;, &apos;bbox&apos;: (308.17099999999994, 449.752, 310.9409999999999, 463.04200000000003), &apos;color_space&apos;: &apos;DeviceGray&apos;, &apos;ncolor&apos;: None, &apos;size&apos;: 13.29000000000002, &apos;value&apos;: &apos;.&apos;, &apos;children&apos;: [], &apos;features&apos;: {}}, {&apos;type&apos;: &apos;text&apos;, &apos;bbox&apos;: (310.941, 449.752, 313.71099999999996, 463.04200000000003), &apos;color_space&apos;: &apos;DeviceGray&apos;, &apos;ncolor&apos;: None, &apos;size&apos;: 13.29000000000002, &apos;value&apos;: &apos;.&apos;, &apos;children&apos;: [], &apos;features&apos;: {}}, {&apos;type&apos;: &apos;text&apos;, &apos;bbox&apos;: (313.71099999999996, 449.752, 316.48099999999994, 463.04200000000003), &apos;color_space&apos;: &apos;DeviceGray&apos;, &apos;ncolor&apos;: None, &apos;size&apos;: 13.29000000000002, &apos;value&apos;: &apos;.&apos;, &apos;children&apos;: [], &apos;features&apos;: {}}, {&apos;type&apos;: &apos;text&apos;, &apos;bbox&apos;: (316.48099999999994, 449.752, 319.2509999999999, 463.04200000000003), &apos;color_space&apos;: &apos;DeviceGray&apos;, &apos;ncolor&apos;: None, &apos;size&apos;: 13.29000000000002, &apos;value&apos;: &apos;.&apos;, &apos;children&apos;: [], &apos;features&apos;: {}}, {&apos;type&apos;: &apos;text&apos;, &apos;bbox&apos;: (319.251, 449.752, 322.02099999999996, 463.04200000000003), &apos;color_space&apos;: &apos;DeviceGray&apos;, &apos;ncolor&apos;: None, &apos;size&apos;: 13.29000000000002, &apos;value&apos;: &apos;.&apos;, &apos;children&apos;: [], &apos;features&apos;: {}}, {&apos;type&apos;: &apos;text&apos;, &apos;bbox&apos;: (322.02099999999996, 449.752, 324.79099999999994, 463.04200000000003), &apos;color_space&apos;: &apos;DeviceGray&apos;, &apos;ncolor&apos;: None, &apos;size&apos;: 13.29000000000002, &apos;value&apos;: &apos;.&apos;, &apos;children&apos;: [], &apos;features&apos;: {}}, {&apos;type&apos;: &apos;text&apos;, &apos;bbox&apos;: (324.79099999999994, 449.752, 327.5609999999999, 463.04200000000003), &apos;color_space&apos;: &apos;DeviceGray&apos;, &apos;ncolor&apos;: None, &apos;size&apos;: 13.29000000000002, &apos;value&apos;: &apos;.&apos;, &apos;children&apos;: [], &apos;features&apos;: {}}, {&apos;type&apos;: &apos;text&apos;, &apos;bbox&apos;: (327.5609999999999, 449.752, 330.3309999999999, 463.04200000000003), &apos;color_space&apos;: &apos;DeviceGray&apos;, &apos;ncolor&apos;: None, &apos;size&apos;: 13.29000000000002, &apos;value&apos;: &apos;.&apos;, &apos;children&apos;: [], &apos;features&apos;: {}}, {&apos;type&apos;: &apos;text&apos;, &apos;bbox&apos;: (330.33099999999996, 449.752, 333.10099999999994, 463.04200000000003), &apos;color_space&apos;: &apos;DeviceGray&apos;, &apos;ncolor&apos;: None, &apos;size&apos;: 13.29000000000002, &apos;value&apos;: &apos;.&apos;, &apos;children&apos;: [], &apos;features&apos;: {}}, {&apos;type&apos;: &apos;text&apos;, &apos;bbox&apos;: (333.101, 449.752, 335.871, 463.04200000000003), &apos;color_space&apos;: &apos;DeviceGray&apos;, &apos;ncolor&apos;: None, &apos;size&apos;: 13.29000000000002, &apos;value&apos;: &apos;.&apos;, &apos;children&apos;: [], &apos;features&apos;: {}}, {&apos;type&apos;: &apos;text&apos;, &apos;bbox&apos;: (335.871, 449.752, 338.64099999999996, 463.04200000000003), &apos;color_space&apos;: &apos;DeviceGray&apos;, &apos;ncolor&apos;: None, &apos;size&apos;: 13.29000000000002, &apos;value&apos;: &apos;.&apos;, &apos;children&apos;: [], &apos;features&apos;: {}}, {&apos;type&apos;: &apos;text&apos;, &apos;bbox&apos;: (338.64099999999996, 449.752, 341.41099999999994, 463.04200000000003), &apos;color_space&apos;: &apos;DeviceGray&apos;, &apos;ncolor&apos;: None, &apos;size&apos;: 13.29000000000002, &apos;value&apos;: &apos;.&apos;, &apos;children&apos;: [], &apos;features&apos;: {}}, {&apos;type&apos;: &apos;text&apos;, &apos;bbox&apos;: (341.411, 449.752, 344.181, 463.04200000000003), &apos;color_space&apos;: &apos;DeviceGray&apos;, &apos;ncolor&apos;: None, &apos;size&apos;: 13.29000000000002, &apos;value&apos;: &apos;.&apos;, &apos;children&apos;: [], &apos;features&apos;: {}}, {&apos;type&apos;: &apos;text&apos;, &apos;bbox&apos;: (344.18100000000004, 449.752, 346.951, 463.04200000000003), &apos;color_space&apos;: &apos;DeviceGray&apos;, &apos;ncolor&apos;: None, &apos;size&apos;: 13.29000000000002, &apos;value&apos;: &apos;.&apos;, &apos;children&apos;: [], &apos;features&apos;: {}}, {&apos;type&apos;: &apos;text&apos;, &apos;bbox&apos;: (346.951, 449.752, 349.721, 463.04200000000003), &apos;color_space&apos;: &apos;DeviceGray&apos;, &apos;ncolor&apos;: None, &apos;size&apos;: 13.29000000000002, &apos;value&apos;: &apos;.&apos;, &apos;children&apos;: [], &apos;features&apos;: {}}, {&apos;type&apos;: &apos;text&apos;, &apos;bbox&apos;: (349.721, 449.752, 352.491, 463.04200000000003), &apos;color_space&apos;: &apos;DeviceGray&apos;, &apos;ncolor&apos;: None, &apos;size&apos;: 13.29000000000002, &apos;value&apos;: &apos;.&apos;, &apos;children&apos;: [], &apos;features&apos;: {}}, {&apos;type&apos;: &apos;text&apos;, &apos;bbox&apos;: (352.49100000000004, 449.752, 355.261, 463.04200000000003), &apos;color_space&apos;: &apos;DeviceGray&apos;, &apos;ncolor&apos;: None, &apos;size&apos;: 13.29000000000002, &apos;value&apos;: &apos;.&apos;, &apos;children&apos;: [], &apos;features&apos;: {}}, {&apos;type&apos;: &apos;text&apos;, &apos;bbox&apos;: (355.2610000000001, 449.752, 358.03100000000006, 463.04200000000003), &apos;color_space&apos;: &apos;DeviceGray&apos;, &apos;ncolor&apos;: None, &apos;size&apos;: 13.29000000000002, &apos;value&apos;: &apos;.&apos;, &apos;children&apos;: [], &apos;features&apos;: {}}, {&apos;type&apos;: &apos;text&apos;, &apos;bbox&apos;: (358.03100000000006, 449.752, 360.80100000000004, 463.04200000000003), &apos;color_space&apos;: &apos;DeviceGray&apos;, &apos;ncolor&apos;: None, &apos;size&apos;: 13.29000000000002, &apos;value&apos;: &apos;.&apos;, &apos;children&apos;: [], &apos;features&apos;: {}}, {&apos;type&apos;: &apos;text&apos;, &apos;bbox&apos;: (360.80100000000004, 449.752, 363.571, 463.04200000000003), &apos;color_space&apos;: &apos;DeviceGray&apos;, &apos;ncolor&apos;: None, &apos;size&apos;: 13.29000000000002, &apos;value&apos;: &apos;.&apos;, &apos;children&apos;: [], &apos;features&apos;: {}}, {&apos;type&apos;: &apos;text&apos;, &apos;bbox&apos;: (363.5710000000001, 449.752, 366.34100000000007, 463.04200000000003), &apos;color_space&apos;: &apos;DeviceGray&apos;, &apos;ncolor&apos;: None, &apos;size&apos;: 13.29000000000002, &apos;value&apos;: &apos;.&apos;, &apos;children&apos;: [], &apos;features&apos;: {}}, {&apos;type&apos;: &apos;text&apos;, &apos;bbox&apos;: (366.3410000000001, 449.752, 369.1110000000001, 463.04200000000003), &apos;color_space&apos;: &apos;DeviceGray&apos;, &apos;ncolor&apos;: None, &apos;size&apos;: 13.29000000000002, &apos;value&apos;: &apos;.&apos;, &apos;children&apos;: [], &apos;features&apos;: {}}, {&apos;type&apos;: &apos;text&apos;, &apos;bbox&apos;: (369.1110000000001, 449.752, 371.8810000000001, 463.04200000000003), &apos;color_space&apos;: &apos;DeviceGray&apos;, &apos;ncolor&apos;: None, &apos;size&apos;: 13.29000000000002, &apos;value&apos;: &apos;.&apos;, &apos;children&apos;: [], &apos;features&apos;: {}}, {&apos;type&apos;: &apos;text&apos;, &apos;bbox&apos;: (371.8810000000001, 449.752, 374.65100000000007, 463.04200000000003), &apos;color_space&apos;: &apos;DeviceGray&apos;, &apos;ncolor&apos;: None, &apos;size&apos;: 13.29000000000002, &apos;value&apos;: &apos;.&apos;, &apos;children&apos;: [], &apos;features&apos;: {}}, {&apos;type&apos;: &apos;text&apos;, &apos;bbox&apos;: (374.6510000000001, 449.752, 377.4210000000001, 463.04200000000003), &apos;color_space&apos;: &apos;DeviceGray&apos;, &apos;ncolor&apos;: None, &apos;size&apos;: 13.29000000000002, &apos;value&apos;: &apos;.&apos;, &apos;children&apos;: [], &apos;features&apos;: {}}, {&apos;type&apos;: &apos;text&apos;, &apos;bbox&apos;: (377.42100000000016, 449.752, 380.19100000000014, 463.04200000000003), &apos;color_space&apos;: &apos;DeviceGray&apos;, &apos;ncolor&apos;: None, &apos;size&apos;: 13.29000000000002, &apos;value&apos;: &apos;.&apos;, &apos;children&apos;: [], &apos;features&apos;: {}}, {&apos;type&apos;: &apos;text&apos;, &apos;bbox&apos;: (380.19100000000014, 449.752, 382.9610000000001, 463.04200000000003), &apos;color_space&apos;: &apos;DeviceGray&apos;, &apos;ncolor&apos;: None, &apos;size&apos;: 13.29000000000002, &apos;value&apos;: &apos;.&apos;, &apos;children&apos;: [], &apos;features&apos;: {}}, {&apos;type&apos;: &apos;text&apos;, &apos;bbox&apos;: (382.9610000000001, 449.752, 385.7310000000001, 463.04200000000003), &apos;color_space&apos;: &apos;DeviceGray&apos;, &apos;ncolor&apos;: None, &apos;size&apos;: 13.29000000000002, &apos;value&apos;: &apos;.&apos;, &apos;children&apos;: [], &apos;features&apos;: {}}, {&apos;type&apos;: &apos;text&apos;, &apos;bbox&apos;: (385.73100000000017, 449.752, 388.50100000000015, 463.04200000000003), &apos;color_space&apos;: &apos;DeviceGray&apos;, &apos;ncolor&apos;: None, &apos;size&apos;: 13.29000000000002, &apos;value&apos;: &apos;.&apos;, &apos;children&apos;: [], &apos;features&apos;: {}}, {&apos;type&apos;: &apos;text&apos;, &apos;bbox&apos;: (388.5010000000002, 449.752, 391.2710000000002, 463.04200000000003), &apos;color_space&apos;: &apos;DeviceGray&apos;, &apos;ncolor&apos;: None, &apos;size&apos;: 13.29000000000002, &apos;value&apos;: &apos;.&apos;, &apos;children&apos;: [], &apos;features&apos;: {}}, {&apos;type&apos;: &apos;text&apos;, &apos;bbox&apos;: (391.2710000000002, 449.752, 394.04100000000017, 463.04200000000003), &apos;color_space&apos;: &apos;DeviceGray&apos;, &apos;ncolor&apos;: None, &apos;size&apos;: 13.29000000000002, &apos;value&apos;: &apos;.&apos;, &apos;children&apos;: [], &apos;features&apos;: {}}, {&apos;type&apos;: &apos;text&apos;, &apos;bbox&apos;: (394.04100000000017, 449.752, 396.81100000000015, 463.04200000000003), &apos;color_space&apos;: &apos;DeviceGray&apos;, &apos;ncolor&apos;: None, &apos;size&apos;: 13.29000000000002, &apos;value&apos;: &apos;.&apos;, &apos;children&apos;: [], &apos;features&apos;: {}}, {&apos;type&apos;: &apos;text&apos;, &apos;bbox&apos;: (396.8110000000002, 449.752, 399.5810000000002, 463.04200000000003), &apos;color_space&apos;: &apos;DeviceGray&apos;, &apos;ncolor&apos;: None, &apos;size&apos;: 13.29000000000002, &apos;value&apos;: &apos;.&apos;, &apos;children&apos;: [], &apos;features&apos;: {}}, {&apos;type&apos;: &apos;text&apos;, &apos;bbox&apos;: (399.58100000000024, 449.752, 402.3510000000002, 463.04200000000003), &apos;color_space&apos;: &apos;DeviceGray&apos;, &apos;ncolor&apos;: None, &apos;size&apos;: 13.29000000000002, &apos;value&apos;: &apos;.&apos;, &apos;children&apos;: [], &apos;features&apos;: {}}, {&apos;type&apos;: &apos;text&apos;, &apos;bbox&apos;: (402.3510000000002, 449.752, 405.1210000000002, 463.04200000000003), &apos;color_space&apos;: &apos;DeviceGray&apos;, &apos;ncolor&apos;: None, &apos;size&apos;: 13.29000000000002, &apos;value&apos;: &apos;.&apos;, &apos;children&apos;: [], &apos;features&apos;: {}}, {&apos;type&apos;: &apos;text&apos;, &apos;bbox&apos;: (405.1210000000002, 449.752, 407.8910000000002, 463.04200000000003), &apos;color_space&apos;: &apos;DeviceGray&apos;, &apos;ncolor&apos;: None, &apos;size&apos;: 13.29000000000002, &apos;value&apos;: &apos;.&apos;, &apos;children&apos;: [], &apos;features&apos;: {}}, {&apos;type&apos;: &apos;text&apos;, &apos;bbox&apos;: (407.89100000000025, 449.752, 410.66100000000023, 463.04200000000003), &apos;color_space&apos;: &apos;DeviceGray&apos;, &apos;ncolor&apos;: None, &apos;size&apos;: 13.29000000000002, &apos;value&apos;: &apos;.&apos;, &apos;children&apos;: [], &apos;features&apos;: {}}, {&apos;type&apos;: &apos;text&apos;, &apos;bbox&apos;: (410.6610000000003, 449.752, 413.43100000000027, 463.04200000000003), &apos;color_space&apos;: &apos;DeviceGray&apos;, &apos;ncolor&apos;: None, &apos;size&apos;: 13.29000000000002, &apos;value&apos;: &apos;.&apos;, &apos;children&apos;: [], &apos;features&apos;: {}}, {&apos;type&apos;: &apos;text&apos;, &apos;bbox&apos;: (413.43100000000027, 449.752, 416.20100000000025, 463.04200000000003), &apos;color_space&apos;: &apos;DeviceGray&apos;, &apos;ncolor&apos;: None, &apos;size&apos;: 13.29000000000002, &apos;value&apos;: &apos;.&apos;, &apos;children&apos;: [], &apos;features&apos;: {}}, {&apos;type&apos;: &apos;text&apos;, &apos;bbox&apos;: (416.20100000000025, 449.752, 418.97100000000023, 463.04200000000003), &apos;color_space&apos;: &apos;DeviceGray&apos;, &apos;ncolor&apos;: None, &apos;size&apos;: 13.29000000000002, &apos;value&apos;: &apos;.&apos;, &apos;children&apos;: [], &apos;features&apos;: {}}, {&apos;type&apos;: &apos;text&apos;, &apos;bbox&apos;: (418.9710000000003, 449.752, 421.74100000000027, 463.04200000000003), &apos;color_space&apos;: &apos;DeviceGray&apos;, &apos;ncolor&apos;: None, &apos;size&apos;: 13.29000000000002, &apos;value&apos;: &apos;.&apos;, &apos;children&apos;: [], &apos;features&apos;: {}}, {&apos;type&apos;: &apos;text&apos;, &apos;bbox&apos;: (421.7410000000003, 449.752, 424.5110000000003, 463.04200000000003), &apos;color_space&apos;: &apos;DeviceGray&apos;, &apos;ncolor&apos;: None, &apos;size&apos;: 13.29000000000002, &apos;value&apos;: &apos;.&apos;, &apos;children&apos;: [], &apos;features&apos;: {}}, {&apos;type&apos;: &apos;text&apos;, &apos;bbox&apos;: (424.5110000000003, 449.752, 427.2810000000003, 463.04200000000003), &apos;color_space&apos;: &apos;DeviceGray&apos;, &apos;ncolor&apos;: None, &apos;size&apos;: 13.29000000000002, &apos;value&apos;: &apos;.&apos;, &apos;children&apos;: [], &apos;features&apos;: {}}, {&apos;type&apos;: &apos;text&apos;, &apos;bbox&apos;: (427.2810000000003, 449.752, 430.0510000000003, 463.04200000000003), &apos;color_space&apos;: &apos;DeviceGray&apos;, &apos;ncolor&apos;: None, &apos;size&apos;: 13.29000000000002, &apos;value&apos;: &apos;.&apos;, &apos;children&apos;: [], &apos;features&apos;: {}}, {&apos;type&apos;: &apos;text&apos;, &apos;bbox&apos;: (430.05100000000033, 449.752, 432.8210000000003, 463.04200000000003), &apos;color_space&apos;: &apos;DeviceGray&apos;, &apos;ncolor&apos;: None, &apos;size&apos;: 13.29000000000002, &apos;value&apos;: &apos;.&apos;, &apos;children&apos;: [], &apos;features&apos;: {}}, {&apos;type&apos;: &apos;text&apos;, &apos;bbox&apos;: (432.82100000000037, 449.752, 435.59100000000035, 463.04200000000003), &apos;color_space&apos;: &apos;DeviceGray&apos;, &apos;ncolor&apos;: None, &apos;size&apos;: 13.29000000000002, &apos;value&apos;: &apos;.&apos;, &apos;children&apos;: [], &apos;features&apos;: {}}, {&apos;type&apos;: &apos;text&apos;, &apos;bbox&apos;: (435.59100000000035, 449.752, 438.36100000000033, 463.04200000000003), &apos;color_space&apos;: &apos;DeviceGray&apos;, &apos;ncolor&apos;: None, &apos;size&apos;: 13.29000000000002, &apos;value&apos;: &apos;.&apos;, &apos;children&apos;: [], &apos;features&apos;: {}}, {&apos;type&apos;: &apos;text&apos;, &apos;bbox&apos;: (438.36100000000033, 449.752, 441.1310000000003, 463.04200000000003), &apos;color_space&apos;: &apos;DeviceGray&apos;, &apos;ncolor&apos;: None, &apos;size&apos;: 13.29000000000002, &apos;value&apos;: &apos;.&apos;, &apos;children&apos;: [], &apos;features&apos;: {}}, {&apos;type&apos;: &apos;text&apos;, &apos;bbox&apos;: (441.13100000000037, 449.752, 443.90100000000035, 463.04200000000003), &apos;color_space&apos;: &apos;DeviceGray&apos;, &apos;ncolor&apos;: None, &apos;size&apos;: 13.29000000000002, &apos;value&apos;: &apos;.&apos;, &apos;children&apos;: [], &apos;features&apos;: {}}, {&apos;type&apos;: &apos;text&apos;, &apos;bbox&apos;: (443.9010000000004, 449.752, 446.6710000000004, 463.04200000000003), &apos;color_space&apos;: &apos;DeviceGray&apos;, &apos;ncolor&apos;: None, &apos;size&apos;: 13.29000000000002, &apos;value&apos;: &apos;.&apos;, &apos;children&apos;: [], &apos;features&apos;: {}}, {&apos;type&apos;: &apos;text&apos;, &apos;bbox&apos;: (446.6710000000004, 449.752, 449.4410000000004, 463.04200000000003), &apos;color_space&apos;: &apos;DeviceGray&apos;, &apos;ncolor&apos;: None, &apos;size&apos;: 13.29000000000002, &apos;value&apos;: &apos;.&apos;, &apos;children&apos;: [], &apos;features&apos;: {}}, {&apos;type&apos;: &apos;text&apos;, &apos;bbox&apos;: (449.4410000000004, 449.752, 452.21100000000035, 463.04200000000003), &apos;color_space&apos;: &apos;DeviceGray&apos;, &apos;ncolor&apos;: None, &apos;size&apos;: 13.29000000000002, &apos;value&apos;: &apos;.&apos;, &apos;children&apos;: [], &apos;features&apos;: {}}, {&apos;type&apos;: &apos;text&apos;, &apos;bbox&apos;: (452.2110000000004, 449.752, 454.9810000000004, 463.04200000000003), &apos;color_space&apos;: &apos;DeviceGray&apos;, &apos;ncolor&apos;: None, &apos;size&apos;: 13.29000000000002, &apos;value&apos;: &apos;.&apos;, &apos;children&apos;: [], &apos;features&apos;: {}}, {&apos;type&apos;: &apos;text&apos;, &apos;bbox&apos;: (454.9810000000004, 449.752, 457.7510000000004, 463.04200000000003), &apos;color_space&apos;: &apos;DeviceGray&apos;, &apos;ncolor&apos;: None, &apos;size&apos;: 13.29000000000002, &apos;value&apos;: &apos;.&apos;, &apos;children&apos;: [], &apos;features&apos;: {}}, {&apos;type&apos;: &apos;text&apos;, &apos;bbox&apos;: (457.7510000000004, 449.752, 460.52100000000036, 463.04200000000003), &apos;color_space&apos;: &apos;DeviceGray&apos;, &apos;ncolor&apos;: None, &apos;size&apos;: 13.29000000000002, &apos;value&apos;: &apos;.&apos;, &apos;children&apos;: [], &apos;features&apos;: {}}, {&apos;type&apos;: &apos;text&apos;, &apos;bbox&apos;: (460.52100000000036, 449.752, 463.29100000000034, 463.04200000000003), &apos;color_space&apos;: &apos;DeviceGray&apos;, &apos;ncolor&apos;: None, &apos;size&apos;: 13.29000000000002, &apos;value&apos;: &apos;.&apos;, &apos;children&apos;: [], &apos;features&apos;: {}}, {&apos;type&apos;: &apos;text&apos;, &apos;bbox&apos;: (463.29100000000034, 449.752, 466.0610000000003, 463.04200000000003), &apos;color_space&apos;: &apos;DeviceGray&apos;, &apos;ncolor&apos;: None, &apos;size&apos;: 13.29000000000002, &apos;value&apos;: &apos;.&apos;, &apos;children&apos;: [], &apos;features&apos;: {}}, {&apos;type&apos;: &apos;text&apos;, &apos;bbox&apos;: (466.0610000000003, 449.752, 468.8310000000003, 463.04200000000003), &apos;color_space&apos;: &apos;DeviceGray&apos;, &apos;ncolor&apos;: None, &apos;size&apos;: 13.29000000000002, &apos;value&apos;: &apos;.&apos;, &apos;children&apos;: [], &apos;features&apos;: {}}, {&apos;type&apos;: &apos;text&apos;, &apos;bbox&apos;: (468.8310000000003, 449.752, 471.6010000000003, 463.04200000000003), &apos;color_space&apos;: &apos;DeviceGray&apos;, &apos;ncolor&apos;: None, &apos;size&apos;: 13.29000000000002, &apos;value&apos;: &apos;.&apos;, &apos;children&apos;: [], &apos;features&apos;: {}}, {&apos;type&apos;: &apos;text&apos;, &apos;bbox&apos;: (471.6010000000003, 449.752, 474.37100000000027, 463.04200000000003), &apos;color_space&apos;: &apos;DeviceGray&apos;, &apos;ncolor&apos;: None, &apos;size&apos;: 13.29000000000002, &apos;value&apos;: &apos;.&apos;, &apos;children&apos;: [], &apos;features&apos;: {}}, {&apos;type&apos;: &apos;text&apos;, &apos;bbox&apos;: (474.37100000000027, 449.752, 477.14100000000025, 463.04200000000003), &apos;color_space&apos;: &apos;DeviceGray&apos;, &apos;ncolor&apos;: None, &apos;size&apos;: 13.29000000000002, &apos;value&apos;: &apos;.&apos;, &apos;children&apos;: [], &apos;features&apos;: {}}, {&apos;type&apos;: &apos;text&apos;, &apos;bbox&apos;: (477.14100000000025, 449.752, 479.91100000000023, 463.04200000000003), &apos;color_space&apos;: &apos;DeviceGray&apos;, &apos;ncolor&apos;: None, &apos;size&apos;: 13.29000000000002, &apos;value&apos;: &apos;.&apos;, &apos;children&apos;: [], &apos;features&apos;: {}}, {&apos;type&apos;: &apos;text&apos;, &apos;bbox&apos;: (479.91100000000023, 449.752, 482.6810000000002, 463.04200000000003), &apos;color_space&apos;: &apos;DeviceGray&apos;, &apos;ncolor&apos;: None, &apos;size&apos;: 13.29000000000002, &apos;value&apos;: &apos;.&apos;, &apos;children&apos;: [], &apos;features&apos;: {}}, {&apos;type&apos;: &apos;text&apos;, &apos;bbox&apos;: (483.986, 449.752, 489.546, 463.04200000000003), &apos;color_space&apos;: &apos;DeviceGray&apos;, &apos;ncolor&apos;: None, &apos;size&apos;: 13.29000000000002, &apos;value&apos;: &apos;4&apos;, &apos;children&apos;: [], &apos;features&apos;: {}}, {&apos;type&apos;: &apos;text&apos;, &apos;bbox&apos;: (489.546, 449.752, 492.876, 463.04200000000003), &apos;color_space&apos;: &apos;DeviceGray&apos;, &apos;ncolor&apos;: None, &apos;size&apos;: 13.29000000000002, &apos;value&apos;: &apos;-&apos;, &apos;children&apos;: [], &apos;features&apos;: {}}, {&apos;type&apos;: &apos;text&apos;, &apos;bbox&apos;: (492.877, 449.752, 498.437, 463.04200000000003), &apos;color_space&apos;: &apos;DeviceGray&apos;, &apos;ncolor&apos;: None, &apos;size&apos;: 13.29000000000002, &apos;value&apos;: &apos;4&apos;, &apos;children&apos;: [], &apos;features&apos;: {}}, {&apos;type&apos;: &apos;text&apos;, &apos;bbox&apos;: (498.437, 449.752, 503.997, 463.04200000000003), &apos;color_space&apos;: &apos;DeviceGray&apos;, &apos;ncolor&apos;: None, &apos;size&apos;: 13.29000000000002, &apos;value&apos;: &apos;6&apos;, &apos;children&apos;: [], &apos;features&apos;: {}}], &apos;features&apos;: {}}
*********************





--------------------------------- CONTENT AREA --------------------------------- 
This content area has an image
{&apos;type&apos;: &apos;figure&apos;, &apos;bbox&apos;: (0, 0, 612.0, 792.0), &apos;name&apos;: &apos;fx31&apos;, &apos;children&apos;: [{&apos;type&apos;: &apos;text&apos;, &apos;bbox&apos;: (78.0, 433.531, 83.57, 447.01099999999997), &apos;color_space&apos;: &apos;DeviceGray&apos;, &apos;ncolor&apos;: None, &apos;size&apos;: 13.479999999999961, &apos;value&apos;: &apos;F&apos;, &apos;children&apos;: [], &apos;features&apos;: {}}, {&apos;type&apos;: &apos;text&apos;, &apos;bbox&apos;: (83.57, 433.531, 89.66999999999999, 447.01099999999997), &apos;color_space&apos;: &apos;DeviceGray&apos;, &apos;ncolor&apos;: None, &apos;size&apos;: 13.479999999999961, &apos;value&apos;: &apos;S&apos;, &apos;children&apos;: [], &apos;features&apos;: {}}, {&apos;type&apos;: &apos;text&apos;, &apos;bbox&apos;: (89.67, 433.531, 93.56, 447.01099999999997), &apos;color_space&apos;: &apos;DeviceGray&apos;, &apos;ncolor&apos;: None, &apos;size&apos;: 13.479999999999961, &apos;value&apos;: &apos;I&apos;, &apos;children&apos;: [], &apos;features&apos;: {}}, {&apos;type&apos;: &apos;text&apos;, &apos;bbox&apos;: (93.56, 433.531, 98.56, 447.01099999999997), &apos;color_space&apos;: &apos;DeviceGray&apos;, &apos;ncolor&apos;: None, &apos;size&apos;: 13.479999999999961, &apos;value&apos;: &apos;_&apos;, &apos;children&apos;: [], &apos;features&apos;: {}}, {&apos;type&apos;: &apos;text&apos;, &apos;bbox&apos;: (98.56, 433.531, 106.87, 447.01099999999997), &apos;color_space&apos;: &apos;DeviceGray&apos;, &apos;ncolor&apos;: None, &apos;size&apos;: 13.479999999999961, &apos;value&apos;: &apos;D&apos;, &apos;children&apos;: [], &apos;features&apos;: {}}, {&apos;type&apos;: &apos;text&apos;, &apos;bbox&apos;: (106.87, 433.531, 111.87, 447.01099999999997), &apos;color_space&apos;: &apos;DeviceGray&apos;, &apos;ncolor&apos;: None, &apos;size&apos;: 13.479999999999961, &apos;value&apos;: &apos;_&apos;, &apos;children&apos;: [], &apos;features&apos;: {}}, {&apos;type&apos;: &apos;text&apos;, &apos;bbox&apos;: (111.87, 433.531, 120.2, 447.01099999999997), &apos;color_space&apos;: &apos;DeviceGray&apos;, &apos;ncolor&apos;: None, &apos;size&apos;: 13.479999999999961, &apos;value&apos;: &apos;O&apos;, &apos;children&apos;: [], &apos;features&apos;: {}}, {&apos;type&apos;: &apos;text&apos;, &apos;bbox&apos;: (120.2, 433.531, 126.3, 447.01099999999997), &apos;color_space&apos;: &apos;DeviceGray&apos;, &apos;ncolor&apos;: None, &apos;size&apos;: 13.479999999999961, &apos;value&apos;: &apos;P&apos;, &apos;children&apos;: [], &apos;features&apos;: {}}, {&apos;type&apos;: &apos;text&apos;, &apos;bbox&apos;: (126.30000000000001, 433.531, 132.96, 447.01099999999997), &apos;color_space&apos;: &apos;DeviceGray&apos;, &apos;ncolor&apos;: None, &apos;size&apos;: 13.479999999999961, &apos;value&apos;: &apos;T&apos;, &apos;children&apos;: [], &apos;features&apos;: {}}, {&apos;type&apos;: &apos;text&apos;, &apos;bbox&apos;: (132.96, 433.531, 136.85, 447.01099999999997), &apos;color_space&apos;: &apos;DeviceGray&apos;, &apos;ncolor&apos;: None, &apos;size&apos;: 13.479999999999961, &apos;value&apos;: &apos;I&apos;, &apos;children&apos;: [], &apos;features&apos;: {}}, {&apos;type&apos;: &apos;text&apos;, &apos;bbox&apos;: (136.85000000000002, 433.531, 145.18000000000004, 447.01099999999997), &apos;color_space&apos;: &apos;DeviceGray&apos;, &apos;ncolor&apos;: None, &apos;size&apos;: 13.479999999999961, &apos;value&apos;: &apos;O&apos;, &apos;children&apos;: [], &apos;features&apos;: {}}, {&apos;type&apos;: &apos;text&apos;, &apos;bbox&apos;: (145.18, 433.531, 153.51000000000002, 447.01099999999997), &apos;color_space&apos;: &apos;DeviceGray&apos;, &apos;ncolor&apos;: None, &apos;size&apos;: 13.479999999999961, &apos;value&apos;: &apos;N&apos;, &apos;children&apos;: [], &apos;features&apos;: {}}, {&apos;type&apos;: &apos;text&apos;, &apos;bbox&apos;: (153.51, 433.531, 159.60999999999999, 447.01099999999997), &apos;color_space&apos;: &apos;DeviceGray&apos;, &apos;ncolor&apos;: None, &apos;size&apos;: 13.479999999999961, &apos;value&apos;: &apos;S&apos;, &apos;children&apos;: [], &apos;features&apos;: {}}, {&apos;type&apos;: &apos;text&apos;, &apos;bbox&apos;: (159.65, 434.26099999999997, 162.42000000000002, 447.551), &apos;color_space&apos;: &apos;DeviceGray&apos;, &apos;ncolor&apos;: None, &apos;size&apos;: 13.29000000000002, &apos;value&apos;: &apos;.&apos;, &apos;children&apos;: [], &apos;features&apos;: {}}, {&apos;type&apos;: &apos;text&apos;, &apos;bbox&apos;: (162.42000000000002, 434.26099999999997, 165.19000000000003, 447.551), &apos;color_space&apos;: &apos;DeviceGray&apos;, &apos;ncolor&apos;: None, &apos;size&apos;: 13.29000000000002, &apos;value&apos;: &apos;.&apos;, &apos;children&apos;: [], &apos;features&apos;: {}}, {&apos;type&apos;: &apos;text&apos;, &apos;bbox&apos;: (165.19, 434.26099999999997, 167.96, 447.551), &apos;color_space&apos;: &apos;DeviceGray&apos;, &apos;ncolor&apos;: None, &apos;size&apos;: 13.29000000000002, &apos;value&apos;: &apos;.&apos;, &apos;children&apos;: [], &apos;features&apos;: {}}, {&apos;type&apos;: &apos;text&apos;, &apos;bbox&apos;: (167.96, 434.26099999999997, 170.73000000000002, 447.551), &apos;color_space&apos;: &apos;DeviceGray&apos;, &apos;ncolor&apos;: None, &apos;size&apos;: 13.29000000000002, &apos;value&apos;: &apos;.&apos;, &apos;children&apos;: [], &apos;features&apos;: {}}, {&apos;type&apos;: &apos;text&apos;, &apos;bbox&apos;: (170.73000000000002, 434.26099999999997, 173.50000000000003, 447.551), &apos;color_space&apos;: &apos;DeviceGray&apos;, &apos;ncolor&apos;: None, &apos;size&apos;: 13.29000000000002, &apos;value&apos;: &apos;.&apos;, &apos;children&apos;: [], &apos;features&apos;: {}}, {&apos;type&apos;: &apos;text&apos;, &apos;bbox&apos;: (173.5, 434.26099999999997, 176.27, 447.551), &apos;color_space&apos;: &apos;DeviceGray&apos;, &apos;ncolor&apos;: None, &apos;size&apos;: 13.29000000000002, &apos;value&apos;: &apos;.&apos;, &apos;children&apos;: [], &apos;features&apos;: {}}, {&apos;type&apos;: &apos;text&apos;, &apos;bbox&apos;: (176.27, 434.26099999999997, 179.04000000000002, 447.551), &apos;color_space&apos;: &apos;DeviceGray&apos;, &apos;ncolor&apos;: None, &apos;size&apos;: 13.29000000000002, &apos;value&apos;: &apos;.&apos;, &apos;children&apos;: [], &apos;features&apos;: {}}, {&apos;type&apos;: &apos;text&apos;, &apos;bbox&apos;: (179.04000000000002, 434.26099999999997, 181.81000000000003, 447.551), &apos;color_space&apos;: &apos;DeviceGray&apos;, &apos;ncolor&apos;: None, &apos;size&apos;: 13.29000000000002, &apos;value&apos;: &apos;.&apos;, &apos;children&apos;: [], &apos;features&apos;: {}}, {&apos;type&apos;: &apos;text&apos;, &apos;bbox&apos;: (181.81, 434.26099999999997, 184.58, 447.551), &apos;color_space&apos;: &apos;DeviceGray&apos;, &apos;ncolor&apos;: None, &apos;size&apos;: 13.29000000000002, &apos;value&apos;: &apos;.&apos;, &apos;children&apos;: [], &apos;features&apos;: {}}, {&apos;type&apos;: &apos;text&apos;, &apos;bbox&apos;: (184.58, 434.26099999999997, 187.35000000000002, 447.551), &apos;color_space&apos;: &apos;DeviceGray&apos;, &apos;ncolor&apos;: None, &apos;size&apos;: 13.29000000000002, &apos;value&apos;: &apos;.&apos;, &apos;children&apos;: [], &apos;features&apos;: {}}, {&apos;type&apos;: &apos;text&apos;, &apos;bbox&apos;: (187.35, 434.26099999999997, 190.12, 447.551), &apos;color_space&apos;: &apos;DeviceGray&apos;, &apos;ncolor&apos;: None, &apos;size&apos;: 13.29000000000002, &apos;value&apos;: &apos;.&apos;, &apos;children&apos;: [], &apos;features&apos;: {}}, {&apos;type&apos;: &apos;text&apos;, &apos;bbox&apos;: (190.12, 434.26099999999997, 192.89000000000001, 447.551), &apos;color_space&apos;: &apos;DeviceGray&apos;, &apos;ncolor&apos;: None, &apos;size&apos;: 13.29000000000002, &apos;value&apos;: &apos;.&apos;, &apos;children&apos;: [], &apos;features&apos;: {}}, {&apos;type&apos;: &apos;text&apos;, &apos;bbox&apos;: (192.89000000000001, 434.26099999999997, 195.66000000000003, 447.551), &apos;color_space&apos;: &apos;DeviceGray&apos;, &apos;ncolor&apos;: None, &apos;size&apos;: 13.29000000000002, &apos;value&apos;: &apos;.&apos;, &apos;children&apos;: [], &apos;features&apos;: {}}, {&apos;type&apos;: &apos;text&apos;, &apos;bbox&apos;: (195.66000000000003, 434.26099999999997, 198.43000000000004, 447.551), &apos;color_space&apos;: &apos;DeviceGray&apos;, &apos;ncolor&apos;: None, &apos;size&apos;: 13.29000000000002, &apos;value&apos;: &apos;.&apos;, &apos;children&apos;: [], &apos;features&apos;: {}}, {&apos;type&apos;: &apos;text&apos;, &apos;bbox&apos;: (198.43, 434.26099999999997, 201.20000000000002, 447.551), &apos;color_space&apos;: &apos;DeviceGray&apos;, &apos;ncolor&apos;: None, &apos;size&apos;: 13.29000000000002, &apos;value&apos;: &apos;.&apos;, &apos;children&apos;: [], &apos;features&apos;: {}}, {&apos;type&apos;: &apos;text&apos;, &apos;bbox&apos;: (201.20000000000002, 434.26099999999997, 203.97000000000003, 447.551), &apos;color_space&apos;: &apos;DeviceGray&apos;, &apos;ncolor&apos;: None, &apos;size&apos;: 13.29000000000002, &apos;value&apos;: &apos;.&apos;, &apos;children&apos;: [], &apos;features&apos;: {}}, {&apos;type&apos;: &apos;text&apos;, &apos;bbox&apos;: (203.97000000000003, 434.26099999999997, 206.74000000000004, 447.551), &apos;color_space&apos;: &apos;DeviceGray&apos;, &apos;ncolor&apos;: None, &apos;size&apos;: 13.29000000000002, &apos;value&apos;: &apos;.&apos;, &apos;children&apos;: [], &apos;features&apos;: {}}, {&apos;type&apos;: &apos;text&apos;, &apos;bbox&apos;: (206.74, 434.26099999999997, 209.51000000000002, 447.551), &apos;color_space&apos;: &apos;DeviceGray&apos;, &apos;ncolor&apos;: None, &apos;size&apos;: 13.29000000000002, &apos;value&apos;: &apos;.&apos;, &apos;children&apos;: [], &apos;features&apos;: {}}, {&apos;type&apos;: &apos;text&apos;, &apos;bbox&apos;: (209.51000000000002, 434.26099999999997, 212.28000000000003, 447.551), &apos;color_space&apos;: &apos;DeviceGray&apos;, &apos;ncolor&apos;: None, &apos;size&apos;: 13.29000000000002, &apos;value&apos;: &apos;.&apos;, &apos;children&apos;: [], &apos;features&apos;: {}}, {&apos;type&apos;: &apos;text&apos;, &apos;bbox&apos;: (212.28000000000003, 434.26099999999997, 215.05000000000004, 447.551), &apos;color_space&apos;: &apos;DeviceGray&apos;, &apos;ncolor&apos;: None, &apos;size&apos;: 13.29000000000002, &apos;value&apos;: &apos;.&apos;, &apos;children&apos;: [], &apos;features&apos;: {}}, {&apos;type&apos;: &apos;text&apos;, &apos;bbox&apos;: (215.05000000000004, 434.26099999999997, 217.82000000000005, 447.551), &apos;color_space&apos;: &apos;DeviceGray&apos;, &apos;ncolor&apos;: None, &apos;size&apos;: 13.29000000000002, &apos;value&apos;: &apos;.&apos;, &apos;children&apos;: [], &apos;features&apos;: {}}, {&apos;type&apos;: &apos;text&apos;, &apos;bbox&apos;: (217.82000000000005, 434.26099999999997, 220.59000000000006, 447.551), &apos;color_space&apos;: &apos;DeviceGray&apos;, &apos;ncolor&apos;: None, &apos;size&apos;: 13.29000000000002, &apos;value&apos;: &apos;.&apos;, &apos;children&apos;: [], &apos;features&apos;: {}}, {&apos;type&apos;: &apos;text&apos;, &apos;bbox&apos;: (220.59000000000003, 434.26099999999997, 223.36000000000004, 447.551), &apos;color_space&apos;: &apos;DeviceGray&apos;, &apos;ncolor&apos;: None, &apos;size&apos;: 13.29000000000002, &apos;value&apos;: &apos;.&apos;, &apos;children&apos;: [], &apos;features&apos;: {}}, {&apos;type&apos;: &apos;text&apos;, &apos;bbox&apos;: (223.36000000000004, 434.26099999999997, 226.13000000000005, 447.551), &apos;color_space&apos;: &apos;DeviceGray&apos;, &apos;ncolor&apos;: None, &apos;size&apos;: 13.29000000000002, &apos;value&apos;: &apos;.&apos;, &apos;children&apos;: [], &apos;features&apos;: {}}, {&apos;type&apos;: &apos;text&apos;, &apos;bbox&apos;: (226.13000000000005, 434.26099999999997, 228.90000000000006, 447.551), &apos;color_space&apos;: &apos;DeviceGray&apos;, &apos;ncolor&apos;: None, &apos;size&apos;: 13.29000000000002, &apos;value&apos;: &apos;.&apos;, &apos;children&apos;: [], &apos;features&apos;: {}}, {&apos;type&apos;: &apos;text&apos;, &apos;bbox&apos;: (228.90000000000003, 434.26099999999997, 231.67000000000004, 447.551), &apos;color_space&apos;: &apos;DeviceGray&apos;, &apos;ncolor&apos;: None, &apos;size&apos;: 13.29000000000002, &apos;value&apos;: &apos;.&apos;, &apos;children&apos;: [], &apos;features&apos;: {}}, {&apos;type&apos;: &apos;text&apos;, &apos;bbox&apos;: (231.67000000000002, 434.26099999999997, 234.44000000000003, 447.551), &apos;color_space&apos;: &apos;DeviceGray&apos;, &apos;ncolor&apos;: None, &apos;size&apos;: 13.29000000000002, &apos;value&apos;: &apos;.&apos;, &apos;children&apos;: [], &apos;features&apos;: {}}, {&apos;type&apos;: &apos;text&apos;, &apos;bbox&apos;: (234.44000000000003, 434.26099999999997, 237.21000000000004, 447.551), &apos;color_space&apos;: &apos;DeviceGray&apos;, &apos;ncolor&apos;: None, &apos;size&apos;: 13.29000000000002, &apos;value&apos;: &apos;.&apos;, &apos;children&apos;: [], &apos;features&apos;: {}}, {&apos;type&apos;: &apos;text&apos;, &apos;bbox&apos;: (237.21000000000004, 434.26099999999997, 239.98000000000005, 447.551), &apos;color_space&apos;: &apos;DeviceGray&apos;, &apos;ncolor&apos;: None, &apos;size&apos;: 13.29000000000002, &apos;value&apos;: &apos;.&apos;, &apos;children&apos;: [], &apos;features&apos;: {}}, {&apos;type&apos;: &apos;text&apos;, &apos;bbox&apos;: (239.98000000000002, 434.26099999999997, 242.75000000000003, 447.551), &apos;color_space&apos;: &apos;DeviceGray&apos;, &apos;ncolor&apos;: None, &apos;size&apos;: 13.29000000000002, &apos;value&apos;: &apos;.&apos;, &apos;children&apos;: [], &apos;features&apos;: {}}, {&apos;type&apos;: &apos;text&apos;, &apos;bbox&apos;: (242.75, 434.26099999999997, 245.52, 447.551), &apos;color_space&apos;: &apos;DeviceGray&apos;, &apos;ncolor&apos;: None, &apos;size&apos;: 13.29000000000002, &apos;value&apos;: &apos;.&apos;, &apos;children&apos;: [], &apos;features&apos;: {}}, {&apos;type&apos;: &apos;text&apos;, &apos;bbox&apos;: (245.52, 434.26099999999997, 248.29000000000002, 447.551), &apos;color_space&apos;: &apos;DeviceGray&apos;, &apos;ncolor&apos;: None, &apos;size&apos;: 13.29000000000002, &apos;value&apos;: &apos;.&apos;, &apos;children&apos;: [], &apos;features&apos;: {}}, {&apos;type&apos;: &apos;text&apos;, &apos;bbox&apos;: (248.29000000000002, 434.26099999999997, 251.06000000000003, 447.551), &apos;color_space&apos;: &apos;DeviceGray&apos;, &apos;ncolor&apos;: None, &apos;size&apos;: 13.29000000000002, &apos;value&apos;: &apos;.&apos;, &apos;children&apos;: [], &apos;features&apos;: {}}, {&apos;type&apos;: &apos;text&apos;, &apos;bbox&apos;: (251.06, 434.26099999999997, 253.83, 447.551), &apos;color_space&apos;: &apos;DeviceGray&apos;, &apos;ncolor&apos;: None, &apos;size&apos;: 13.29000000000002, &apos;value&apos;: &apos;.&apos;, &apos;children&apos;: [], &apos;features&apos;: {}}, {&apos;type&apos;: &apos;text&apos;, &apos;bbox&apos;: (253.82999999999998, 434.26099999999997, 256.59999999999997, 447.551), &apos;color_space&apos;: &apos;DeviceGray&apos;, &apos;ncolor&apos;: None, &apos;size&apos;: 13.29000000000002, &apos;value&apos;: &apos;.&apos;, &apos;children&apos;: [], &apos;features&apos;: {}}, {&apos;type&apos;: &apos;text&apos;, &apos;bbox&apos;: (256.6, 434.26099999999997, 259.37, 447.551), &apos;color_space&apos;: &apos;DeviceGray&apos;, &apos;ncolor&apos;: None, &apos;size&apos;: 13.29000000000002, &apos;value&apos;: &apos;.&apos;, &apos;children&apos;: [], &apos;features&apos;: {}}, {&apos;type&apos;: &apos;text&apos;, &apos;bbox&apos;: (259.37, 434.26099999999997, 262.14, 447.551), &apos;color_space&apos;: &apos;DeviceGray&apos;, &apos;ncolor&apos;: None, &apos;size&apos;: 13.29000000000002, &apos;value&apos;: &apos;.&apos;, &apos;children&apos;: [], &apos;features&apos;: {}}, {&apos;type&apos;: &apos;text&apos;, &apos;bbox&apos;: (262.14, 434.26099999999997, 264.90999999999997, 447.551), &apos;color_space&apos;: &apos;DeviceGray&apos;, &apos;ncolor&apos;: None, &apos;size&apos;: 13.29000000000002, &apos;value&apos;: &apos;.&apos;, &apos;children&apos;: [], &apos;features&apos;: {}}, {&apos;type&apos;: &apos;text&apos;, &apos;bbox&apos;: (264.90999999999997, 434.26099999999997, 267.67999999999995, 447.551), &apos;color_space&apos;: &apos;DeviceGray&apos;, &apos;ncolor&apos;: None, &apos;size&apos;: 13.29000000000002, &apos;value&apos;: &apos;.&apos;, &apos;children&apos;: [], &apos;features&apos;: {}}, {&apos;type&apos;: &apos;text&apos;, &apos;bbox&apos;: (267.67999999999995, 434.26099999999997, 270.44999999999993, 447.551), &apos;color_space&apos;: &apos;DeviceGray&apos;, &apos;ncolor&apos;: None, &apos;size&apos;: 13.29000000000002, &apos;value&apos;: &apos;.&apos;, &apos;children&apos;: [], &apos;features&apos;: {}}, {&apos;type&apos;: &apos;text&apos;, &apos;bbox&apos;: (270.45, 434.26099999999997, 273.21999999999997, 447.551), &apos;color_space&apos;: &apos;DeviceGray&apos;, &apos;ncolor&apos;: None, &apos;size&apos;: 13.29000000000002, &apos;value&apos;: &apos;.&apos;, &apos;children&apos;: [], &apos;features&apos;: {}}, {&apos;type&apos;: &apos;text&apos;, &apos;bbox&apos;: (273.21999999999997, 434.26099999999997, 275.98999999999995, 447.551), &apos;color_space&apos;: &apos;DeviceGray&apos;, &apos;ncolor&apos;: None, &apos;size&apos;: 13.29000000000002, &apos;value&apos;: &apos;.&apos;, &apos;children&apos;: [], &apos;features&apos;: {}}, {&apos;type&apos;: &apos;text&apos;, &apos;bbox&apos;: (275.98999999999995, 434.26099999999997, 278.75999999999993, 447.551), &apos;color_space&apos;: &apos;DeviceGray&apos;, &apos;ncolor&apos;: None, &apos;size&apos;: 13.29000000000002, &apos;value&apos;: &apos;.&apos;, &apos;children&apos;: [], &apos;features&apos;: {}}, {&apos;type&apos;: &apos;text&apos;, &apos;bbox&apos;: (278.76, 434.26099999999997, 281.53, 447.551), &apos;color_space&apos;: &apos;DeviceGray&apos;, &apos;ncolor&apos;: None, &apos;size&apos;: 13.29000000000002, &apos;value&apos;: &apos;.&apos;, &apos;children&apos;: [], &apos;features&apos;: {}}, {&apos;type&apos;: &apos;text&apos;, &apos;bbox&apos;: (281.53, 434.26099999999997, 284.29999999999995, 447.551), &apos;color_space&apos;: &apos;DeviceGray&apos;, &apos;ncolor&apos;: None, &apos;size&apos;: 13.29000000000002, &apos;value&apos;: &apos;.&apos;, &apos;children&apos;: [], &apos;features&apos;: {}}, {&apos;type&apos;: &apos;text&apos;, &apos;bbox&apos;: (284.29999999999995, 434.26099999999997, 287.06999999999994, 447.551), &apos;color_space&apos;: &apos;DeviceGray&apos;, &apos;ncolor&apos;: None, &apos;size&apos;: 13.29000000000002, &apos;value&apos;: &apos;.&apos;, &apos;children&apos;: [], &apos;features&apos;: {}}, {&apos;type&apos;: &apos;text&apos;, &apos;bbox&apos;: (287.06999999999994, 434.26099999999997, 289.8399999999999, 447.551), &apos;color_space&apos;: &apos;DeviceGray&apos;, &apos;ncolor&apos;: None, &apos;size&apos;: 13.29000000000002, &apos;value&apos;: &apos;.&apos;, &apos;children&apos;: [], &apos;features&apos;: {}}, {&apos;type&apos;: &apos;text&apos;, &apos;bbox&apos;: (289.8399999999999, 434.26099999999997, 292.6099999999999, 447.551), &apos;color_space&apos;: &apos;DeviceGray&apos;, &apos;ncolor&apos;: None, &apos;size&apos;: 13.29000000000002, &apos;value&apos;: &apos;.&apos;, &apos;children&apos;: [], &apos;features&apos;: {}}, {&apos;type&apos;: &apos;text&apos;, &apos;bbox&apos;: (292.60999999999996, 434.26099999999997, 295.37999999999994, 447.551), &apos;color_space&apos;: &apos;DeviceGray&apos;, &apos;ncolor&apos;: None, &apos;size&apos;: 13.29000000000002, &apos;value&apos;: &apos;.&apos;, &apos;children&apos;: [], &apos;features&apos;: {}}, {&apos;type&apos;: &apos;text&apos;, &apos;bbox&apos;: (295.38, 434.26099999999997, 298.15, 447.551), &apos;color_space&apos;: &apos;DeviceGray&apos;, &apos;ncolor&apos;: None, &apos;size&apos;: 13.29000000000002, &apos;value&apos;: &apos;.&apos;, &apos;children&apos;: [], &apos;features&apos;: {}}, {&apos;type&apos;: &apos;text&apos;, &apos;bbox&apos;: (298.15, 434.26099999999997, 300.91999999999996, 447.551), &apos;color_space&apos;: &apos;DeviceGray&apos;, &apos;ncolor&apos;: None, &apos;size&apos;: 13.29000000000002, &apos;value&apos;: &apos;.&apos;, &apos;children&apos;: [], &apos;features&apos;: {}}, {&apos;type&apos;: &apos;text&apos;, &apos;bbox&apos;: (300.91999999999996, 434.26099999999997, 303.68999999999994, 447.551), &apos;color_space&apos;: &apos;DeviceGray&apos;, &apos;ncolor&apos;: None, &apos;size&apos;: 13.29000000000002, &apos;value&apos;: &apos;.&apos;, &apos;children&apos;: [], &apos;features&apos;: {}}, {&apos;type&apos;: &apos;text&apos;, &apos;bbox&apos;: (303.69, 434.26099999999997, 306.46, 447.551), &apos;color_space&apos;: &apos;DeviceGray&apos;, &apos;ncolor&apos;: None, &apos;size&apos;: 13.29000000000002, &apos;value&apos;: &apos;.&apos;, &apos;children&apos;: [], &apos;features&apos;: {}}, {&apos;type&apos;: &apos;text&apos;, &apos;bbox&apos;: (306.46000000000004, 434.26099999999997, 309.23, 447.551), &apos;color_space&apos;: &apos;DeviceGray&apos;, &apos;ncolor&apos;: None, &apos;size&apos;: 13.29000000000002, &apos;value&apos;: &apos;.&apos;, &apos;children&apos;: [], &apos;features&apos;: {}}, {&apos;type&apos;: &apos;text&apos;, &apos;bbox&apos;: (309.23, 434.26099999999997, 312.0, 447.551), &apos;color_space&apos;: &apos;DeviceGray&apos;, &apos;ncolor&apos;: None, &apos;size&apos;: 13.29000000000002, &apos;value&apos;: &apos;.&apos;, &apos;children&apos;: [], &apos;features&apos;: {}}, {&apos;type&apos;: &apos;text&apos;, &apos;bbox&apos;: (312.0, 434.26099999999997, 314.77, 447.551), &apos;color_space&apos;: &apos;DeviceGray&apos;, &apos;ncolor&apos;: None, &apos;size&apos;: 13.29000000000002, &apos;value&apos;: &apos;.&apos;, &apos;children&apos;: [], &apos;features&apos;: {}}, {&apos;type&apos;: &apos;text&apos;, &apos;bbox&apos;: (314.77000000000004, 434.26099999999997, 317.54, 447.551), &apos;color_space&apos;: &apos;DeviceGray&apos;, &apos;ncolor&apos;: None, &apos;size&apos;: 13.29000000000002, &apos;value&apos;: &apos;.&apos;, &apos;children&apos;: [], &apos;features&apos;: {}}, {&apos;type&apos;: &apos;text&apos;, &apos;bbox&apos;: (317.5400000000001, 434.26099999999997, 320.31000000000006, 447.551), &apos;color_space&apos;: &apos;DeviceGray&apos;, &apos;ncolor&apos;: None, &apos;size&apos;: 13.29000000000002, &apos;value&apos;: &apos;.&apos;, &apos;children&apos;: [], &apos;features&apos;: {}}, {&apos;type&apos;: &apos;text&apos;, &apos;bbox&apos;: (320.31000000000006, 434.26099999999997, 323.08000000000004, 447.551), &apos;color_space&apos;: &apos;DeviceGray&apos;, &apos;ncolor&apos;: None, &apos;size&apos;: 13.29000000000002, &apos;value&apos;: &apos;.&apos;, &apos;children&apos;: [], &apos;features&apos;: {}}, {&apos;type&apos;: &apos;text&apos;, &apos;bbox&apos;: (323.08000000000004, 434.26099999999997, 325.85, 447.551), &apos;color_space&apos;: &apos;DeviceGray&apos;, &apos;ncolor&apos;: None, &apos;size&apos;: 13.29000000000002, &apos;value&apos;: &apos;.&apos;, &apos;children&apos;: [], &apos;features&apos;: {}}, {&apos;type&apos;: &apos;text&apos;, &apos;bbox&apos;: (325.8500000000001, 434.26099999999997, 328.62000000000006, 447.551), &apos;color_space&apos;: &apos;DeviceGray&apos;, &apos;ncolor&apos;: None, &apos;size&apos;: 13.29000000000002, &apos;value&apos;: &apos;.&apos;, &apos;children&apos;: [], &apos;features&apos;: {}}, {&apos;type&apos;: &apos;text&apos;, &apos;bbox&apos;: (328.6200000000001, 434.26099999999997, 331.3900000000001, 447.551), &apos;color_space&apos;: &apos;DeviceGray&apos;, &apos;ncolor&apos;: None, &apos;size&apos;: 13.29000000000002, &apos;value&apos;: &apos;.&apos;, &apos;children&apos;: [], &apos;features&apos;: {}}, {&apos;type&apos;: &apos;text&apos;, &apos;bbox&apos;: (331.3900000000001, 434.26099999999997, 334.1600000000001, 447.551), &apos;color_space&apos;: &apos;DeviceGray&apos;, &apos;ncolor&apos;: None, &apos;size&apos;: 13.29000000000002, &apos;value&apos;: &apos;.&apos;, &apos;children&apos;: [], &apos;features&apos;: {}}, {&apos;type&apos;: &apos;text&apos;, &apos;bbox&apos;: (334.1600000000001, 434.26099999999997, 336.93000000000006, 447.551), &apos;color_space&apos;: &apos;DeviceGray&apos;, &apos;ncolor&apos;: None, &apos;size&apos;: 13.29000000000002, &apos;value&apos;: &apos;.&apos;, &apos;children&apos;: [], &apos;features&apos;: {}}, {&apos;type&apos;: &apos;text&apos;, &apos;bbox&apos;: (336.9300000000001, 434.26099999999997, 339.7000000000001, 447.551), &apos;color_space&apos;: &apos;DeviceGray&apos;, &apos;ncolor&apos;: None, &apos;size&apos;: 13.29000000000002, &apos;value&apos;: &apos;.&apos;, &apos;children&apos;: [], &apos;features&apos;: {}}, {&apos;type&apos;: &apos;text&apos;, &apos;bbox&apos;: (339.70000000000016, 434.26099999999997, 342.47000000000014, 447.551), &apos;color_space&apos;: &apos;DeviceGray&apos;, &apos;ncolor&apos;: None, &apos;size&apos;: 13.29000000000002, &apos;value&apos;: &apos;.&apos;, &apos;children&apos;: [], &apos;features&apos;: {}}, {&apos;type&apos;: &apos;text&apos;, &apos;bbox&apos;: (342.47000000000014, 434.26099999999997, 345.2400000000001, 447.551), &apos;color_space&apos;: &apos;DeviceGray&apos;, &apos;ncolor&apos;: None, &apos;size&apos;: 13.29000000000002, &apos;value&apos;: &apos;.&apos;, &apos;children&apos;: [], &apos;features&apos;: {}}, {&apos;type&apos;: &apos;text&apos;, &apos;bbox&apos;: (345.2400000000001, 434.26099999999997, 348.0100000000001, 447.551), &apos;color_space&apos;: &apos;DeviceGray&apos;, &apos;ncolor&apos;: None, &apos;size&apos;: 13.29000000000002, &apos;value&apos;: &apos;.&apos;, &apos;children&apos;: [], &apos;features&apos;: {}}, {&apos;type&apos;: &apos;text&apos;, &apos;bbox&apos;: (348.01000000000016, 434.26099999999997, 350.78000000000014, 447.551), &apos;color_space&apos;: &apos;DeviceGray&apos;, &apos;ncolor&apos;: None, &apos;size&apos;: 13.29000000000002, &apos;value&apos;: &apos;.&apos;, &apos;children&apos;: [], &apos;features&apos;: {}}, {&apos;type&apos;: &apos;text&apos;, &apos;bbox&apos;: (350.7800000000002, 434.26099999999997, 353.5500000000002, 447.551), &apos;color_space&apos;: &apos;DeviceGray&apos;, &apos;ncolor&apos;: None, &apos;size&apos;: 13.29000000000002, &apos;value&apos;: &apos;.&apos;, &apos;children&apos;: [], &apos;features&apos;: {}}, {&apos;type&apos;: &apos;text&apos;, &apos;bbox&apos;: (353.5500000000002, 434.26099999999997, 356.32000000000016, 447.551), &apos;color_space&apos;: &apos;DeviceGray&apos;, &apos;ncolor&apos;: None, &apos;size&apos;: 13.29000000000002, &apos;value&apos;: &apos;.&apos;, &apos;children&apos;: [], &apos;features&apos;: {}}, {&apos;type&apos;: &apos;text&apos;, &apos;bbox&apos;: (356.32000000000016, 434.26099999999997, 359.09000000000015, 447.551), &apos;color_space&apos;: &apos;DeviceGray&apos;, &apos;ncolor&apos;: None, &apos;size&apos;: 13.29000000000002, &apos;value&apos;: &apos;.&apos;, &apos;children&apos;: [], &apos;features&apos;: {}}, {&apos;type&apos;: &apos;text&apos;, &apos;bbox&apos;: (359.0900000000002, 434.26099999999997, 361.8600000000002, 447.551), &apos;color_space&apos;: &apos;DeviceGray&apos;, &apos;ncolor&apos;: None, &apos;size&apos;: 13.29000000000002, &apos;value&apos;: &apos;.&apos;, &apos;children&apos;: [], &apos;features&apos;: {}}, {&apos;type&apos;: &apos;text&apos;, &apos;bbox&apos;: (361.86000000000024, 434.26099999999997, 364.6300000000002, 447.551), &apos;color_space&apos;: &apos;DeviceGray&apos;, &apos;ncolor&apos;: None, &apos;size&apos;: 13.29000000000002, &apos;value&apos;: &apos;.&apos;, &apos;children&apos;: [], &apos;features&apos;: {}}, {&apos;type&apos;: &apos;text&apos;, &apos;bbox&apos;: (364.6300000000002, 434.26099999999997, 367.4000000000002, 447.551), &apos;color_space&apos;: &apos;DeviceGray&apos;, &apos;ncolor&apos;: None, &apos;size&apos;: 13.29000000000002, &apos;value&apos;: &apos;.&apos;, &apos;children&apos;: [], &apos;features&apos;: {}}, {&apos;type&apos;: &apos;text&apos;, &apos;bbox&apos;: (367.4000000000002, 434.26099999999997, 370.1700000000002, 447.551), &apos;color_space&apos;: &apos;DeviceGray&apos;, &apos;ncolor&apos;: None, &apos;size&apos;: 13.29000000000002, &apos;value&apos;: &apos;.&apos;, &apos;children&apos;: [], &apos;features&apos;: {}}, {&apos;type&apos;: &apos;text&apos;, &apos;bbox&apos;: (370.17000000000024, 434.26099999999997, 372.9400000000002, 447.551), &apos;color_space&apos;: &apos;DeviceGray&apos;, &apos;ncolor&apos;: None, &apos;size&apos;: 13.29000000000002, &apos;value&apos;: &apos;.&apos;, &apos;children&apos;: [], &apos;features&apos;: {}}, {&apos;type&apos;: &apos;text&apos;, &apos;bbox&apos;: (372.9400000000003, 434.26099999999997, 375.71000000000026, 447.551), &apos;color_space&apos;: &apos;DeviceGray&apos;, &apos;ncolor&apos;: None, &apos;size&apos;: 13.29000000000002, &apos;value&apos;: &apos;.&apos;, &apos;children&apos;: [], &apos;features&apos;: {}}, {&apos;type&apos;: &apos;text&apos;, &apos;bbox&apos;: (375.71000000000026, 434.26099999999997, 378.48000000000025, 447.551), &apos;color_space&apos;: &apos;DeviceGray&apos;, &apos;ncolor&apos;: None, &apos;size&apos;: 13.29000000000002, &apos;value&apos;: &apos;.&apos;, &apos;children&apos;: [], &apos;features&apos;: {}}, {&apos;type&apos;: &apos;text&apos;, &apos;bbox&apos;: (378.48000000000025, 434.26099999999997, 381.2500000000002, 447.551), &apos;color_space&apos;: &apos;DeviceGray&apos;, &apos;ncolor&apos;: None, &apos;size&apos;: 13.29000000000002, &apos;value&apos;: &apos;.&apos;, &apos;children&apos;: [], &apos;features&apos;: {}}, {&apos;type&apos;: &apos;text&apos;, &apos;bbox&apos;: (381.2500000000003, 434.26099999999997, 384.02000000000027, 447.551), &apos;color_space&apos;: &apos;DeviceGray&apos;, &apos;ncolor&apos;: None, &apos;size&apos;: 13.29000000000002, &apos;value&apos;: &apos;.&apos;, &apos;children&apos;: [], &apos;features&apos;: {}}, {&apos;type&apos;: &apos;text&apos;, &apos;bbox&apos;: (384.0200000000003, 434.26099999999997, 386.7900000000003, 447.551), &apos;color_space&apos;: &apos;DeviceGray&apos;, &apos;ncolor&apos;: None, &apos;size&apos;: 13.29000000000002, &apos;value&apos;: &apos;.&apos;, &apos;children&apos;: [], &apos;features&apos;: {}}, {&apos;type&apos;: &apos;text&apos;, &apos;bbox&apos;: (386.7900000000003, 434.26099999999997, 389.5600000000003, 447.551), &apos;color_space&apos;: &apos;DeviceGray&apos;, &apos;ncolor&apos;: None, &apos;size&apos;: 13.29000000000002, &apos;value&apos;: &apos;.&apos;, &apos;children&apos;: [], &apos;features&apos;: {}}, {&apos;type&apos;: &apos;text&apos;, &apos;bbox&apos;: (389.5600000000003, 434.26099999999997, 392.33000000000027, 447.551), &apos;color_space&apos;: &apos;DeviceGray&apos;, &apos;ncolor&apos;: None, &apos;size&apos;: 13.29000000000002, &apos;value&apos;: &apos;.&apos;, &apos;children&apos;: [], &apos;features&apos;: {}}, {&apos;type&apos;: &apos;text&apos;, &apos;bbox&apos;: (392.3300000000003, 434.26099999999997, 395.1000000000003, 447.551), &apos;color_space&apos;: &apos;DeviceGray&apos;, &apos;ncolor&apos;: None, &apos;size&apos;: 13.29000000000002, &apos;value&apos;: &apos;.&apos;, &apos;children&apos;: [], &apos;features&apos;: {}}, {&apos;type&apos;: &apos;text&apos;, &apos;bbox&apos;: (395.10000000000036, 434.26099999999997, 397.87000000000035, 447.551), &apos;color_space&apos;: &apos;DeviceGray&apos;, &apos;ncolor&apos;: None, &apos;size&apos;: 13.29000000000002, &apos;value&apos;: &apos;.&apos;, &apos;children&apos;: [], &apos;features&apos;: {}}, {&apos;type&apos;: &apos;text&apos;, &apos;bbox&apos;: (397.87000000000035, 434.26099999999997, 400.6400000000003, 447.551), &apos;color_space&apos;: &apos;DeviceGray&apos;, &apos;ncolor&apos;: None, &apos;size&apos;: 13.29000000000002, &apos;value&apos;: &apos;.&apos;, &apos;children&apos;: [], &apos;features&apos;: {}}, {&apos;type&apos;: &apos;text&apos;, &apos;bbox&apos;: (400.6400000000003, 434.26099999999997, 403.4100000000003, 447.551), &apos;color_space&apos;: &apos;DeviceGray&apos;, &apos;ncolor&apos;: None, &apos;size&apos;: 13.29000000000002, &apos;value&apos;: &apos;.&apos;, &apos;children&apos;: [], &apos;features&apos;: {}}, {&apos;type&apos;: &apos;text&apos;, &apos;bbox&apos;: (403.41000000000037, 434.26099999999997, 406.18000000000035, 447.551), &apos;color_space&apos;: &apos;DeviceGray&apos;, &apos;ncolor&apos;: None, &apos;size&apos;: 13.29000000000002, &apos;value&apos;: &apos;.&apos;, &apos;children&apos;: [], &apos;features&apos;: {}}, {&apos;type&apos;: &apos;text&apos;, &apos;bbox&apos;: (406.1800000000004, 434.26099999999997, 408.9500000000004, 447.551), &apos;color_space&apos;: &apos;DeviceGray&apos;, &apos;ncolor&apos;: None, &apos;size&apos;: 13.29000000000002, &apos;value&apos;: &apos;.&apos;, &apos;children&apos;: [], &apos;features&apos;: {}}, {&apos;type&apos;: &apos;text&apos;, &apos;bbox&apos;: (408.9500000000004, 434.26099999999997, 411.72000000000037, 447.551), &apos;color_space&apos;: &apos;DeviceGray&apos;, &apos;ncolor&apos;: None, &apos;size&apos;: 13.29000000000002, &apos;value&apos;: &apos;.&apos;, &apos;children&apos;: [], &apos;features&apos;: {}}, {&apos;type&apos;: &apos;text&apos;, &apos;bbox&apos;: (411.72000000000037, 434.26099999999997, 414.49000000000035, 447.551), &apos;color_space&apos;: &apos;DeviceGray&apos;, &apos;ncolor&apos;: None, &apos;size&apos;: 13.29000000000002, &apos;value&apos;: &apos;.&apos;, &apos;children&apos;: [], &apos;features&apos;: {}}, {&apos;type&apos;: &apos;text&apos;, &apos;bbox&apos;: (414.4900000000004, 434.26099999999997, 417.2600000000004, 447.551), &apos;color_space&apos;: &apos;DeviceGray&apos;, &apos;ncolor&apos;: None, &apos;size&apos;: 13.29000000000002, &apos;value&apos;: &apos;.&apos;, &apos;children&apos;: [], &apos;features&apos;: {}}, {&apos;type&apos;: &apos;text&apos;, &apos;bbox&apos;: (417.26000000000045, 434.26099999999997, 420.0300000000004, 447.551), &apos;color_space&apos;: &apos;DeviceGray&apos;, &apos;ncolor&apos;: None, &apos;size&apos;: 13.29000000000002, &apos;value&apos;: &apos;.&apos;, &apos;children&apos;: [], &apos;features&apos;: {}}, {&apos;type&apos;: &apos;text&apos;, &apos;bbox&apos;: (420.0300000000004, 434.26099999999997, 422.8000000000004, 447.551), &apos;color_space&apos;: &apos;DeviceGray&apos;, &apos;ncolor&apos;: None, &apos;size&apos;: 13.29000000000002, &apos;value&apos;: &apos;.&apos;, &apos;children&apos;: [], &apos;features&apos;: {}}, {&apos;type&apos;: &apos;text&apos;, &apos;bbox&apos;: (422.8000000000004, 434.26099999999997, 425.5700000000004, 447.551), &apos;color_space&apos;: &apos;DeviceGray&apos;, &apos;ncolor&apos;: None, &apos;size&apos;: 13.29000000000002, &apos;value&apos;: &apos;.&apos;, &apos;children&apos;: [], &apos;features&apos;: {}}, {&apos;type&apos;: &apos;text&apos;, &apos;bbox&apos;: (425.5700000000004, 434.26099999999997, 428.3400000000004, 447.551), &apos;color_space&apos;: &apos;DeviceGray&apos;, &apos;ncolor&apos;: None, &apos;size&apos;: 13.29000000000002, &apos;value&apos;: &apos;.&apos;, &apos;children&apos;: [], &apos;features&apos;: {}}, {&apos;type&apos;: &apos;text&apos;, &apos;bbox&apos;: (428.3400000000004, 434.26099999999997, 431.11000000000035, 447.551), &apos;color_space&apos;: &apos;DeviceGray&apos;, &apos;ncolor&apos;: None, &apos;size&apos;: 13.29000000000002, &apos;value&apos;: &apos;.&apos;, &apos;children&apos;: [], &apos;features&apos;: {}}, {&apos;type&apos;: &apos;text&apos;, &apos;bbox&apos;: (431.11000000000035, 434.26099999999997, 433.88000000000034, 447.551), &apos;color_space&apos;: &apos;DeviceGray&apos;, &apos;ncolor&apos;: None, &apos;size&apos;: 13.29000000000002, &apos;value&apos;: &apos;.&apos;, &apos;children&apos;: [], &apos;features&apos;: {}}, {&apos;type&apos;: &apos;text&apos;, &apos;bbox&apos;: (433.88000000000034, 434.26099999999997, 436.6500000000003, 447.551), &apos;color_space&apos;: &apos;DeviceGray&apos;, &apos;ncolor&apos;: None, &apos;size&apos;: 13.29000000000002, &apos;value&apos;: &apos;.&apos;, &apos;children&apos;: [], &apos;features&apos;: {}}, {&apos;type&apos;: &apos;text&apos;, &apos;bbox&apos;: (436.6500000000003, 434.26099999999997, 439.4200000000003, 447.551), &apos;color_space&apos;: &apos;DeviceGray&apos;, &apos;ncolor&apos;: None, &apos;size&apos;: 13.29000000000002, &apos;value&apos;: &apos;.&apos;, &apos;children&apos;: [], &apos;features&apos;: {}}, {&apos;type&apos;: &apos;text&apos;, &apos;bbox&apos;: (439.4200000000003, 434.26099999999997, 442.1900000000003, 447.551), &apos;color_space&apos;: &apos;DeviceGray&apos;, &apos;ncolor&apos;: None, &apos;size&apos;: 13.29000000000002, &apos;value&apos;: &apos;.&apos;, &apos;children&apos;: [], &apos;features&apos;: {}}, {&apos;type&apos;: &apos;text&apos;, &apos;bbox&apos;: (442.1900000000003, 434.26099999999997, 444.96000000000026, 447.551), &apos;color_space&apos;: &apos;DeviceGray&apos;, &apos;ncolor&apos;: None, &apos;size&apos;: 13.29000000000002, &apos;value&apos;: &apos;.&apos;, &apos;children&apos;: [], &apos;features&apos;: {}}, {&apos;type&apos;: &apos;text&apos;, &apos;bbox&apos;: (444.96000000000026, 434.26099999999997, 447.73000000000025, 447.551), &apos;color_space&apos;: &apos;DeviceGray&apos;, &apos;ncolor&apos;: None, &apos;size&apos;: 13.29000000000002, &apos;value&apos;: &apos;.&apos;, &apos;children&apos;: [], &apos;features&apos;: {}}, {&apos;type&apos;: &apos;text&apos;, &apos;bbox&apos;: (447.73000000000025, 434.26099999999997, 450.5000000000002, 447.551), &apos;color_space&apos;: &apos;DeviceGray&apos;, &apos;ncolor&apos;: None, &apos;size&apos;: 13.29000000000002, &apos;value&apos;: &apos;.&apos;, &apos;children&apos;: [], &apos;features&apos;: {}}, {&apos;type&apos;: &apos;text&apos;, &apos;bbox&apos;: (450.5000000000002, 434.26099999999997, 453.2700000000002, 447.551), &apos;color_space&apos;: &apos;DeviceGray&apos;, &apos;ncolor&apos;: None, &apos;size&apos;: 13.29000000000002, &apos;value&apos;: &apos;.&apos;, &apos;children&apos;: [], &apos;features&apos;: {}}, {&apos;type&apos;: &apos;text&apos;, &apos;bbox&apos;: (453.2700000000002, 434.26099999999997, 456.0400000000002, 447.551), &apos;color_space&apos;: &apos;DeviceGray&apos;, &apos;ncolor&apos;: None, &apos;size&apos;: 13.29000000000002, &apos;value&apos;: &apos;.&apos;, &apos;children&apos;: [], &apos;features&apos;: {}}, {&apos;type&apos;: &apos;text&apos;, &apos;bbox&apos;: (456.0400000000002, 434.26099999999997, 458.8100000000002, 447.551), &apos;color_space&apos;: &apos;DeviceGray&apos;, &apos;ncolor&apos;: None, &apos;size&apos;: 13.29000000000002, &apos;value&apos;: &apos;.&apos;, &apos;children&apos;: [], &apos;features&apos;: {}}, {&apos;type&apos;: &apos;text&apos;, &apos;bbox&apos;: (458.8100000000002, 434.26099999999997, 461.58000000000015, 447.551), &apos;color_space&apos;: &apos;DeviceGray&apos;, &apos;ncolor&apos;: None, &apos;size&apos;: 13.29000000000002, &apos;value&apos;: &apos;.&apos;, &apos;children&apos;: [], &apos;features&apos;: {}}, {&apos;type&apos;: &apos;text&apos;, &apos;bbox&apos;: (461.58000000000015, 434.26099999999997, 464.35000000000014, 447.551), &apos;color_space&apos;: &apos;DeviceGray&apos;, &apos;ncolor&apos;: None, &apos;size&apos;: 13.29000000000002, &apos;value&apos;: &apos;.&apos;, &apos;children&apos;: [], &apos;features&apos;: {}}, {&apos;type&apos;: &apos;text&apos;, &apos;bbox&apos;: (464.35000000000014, 434.26099999999997, 467.1200000000001, 447.551), &apos;color_space&apos;: &apos;DeviceGray&apos;, &apos;ncolor&apos;: None, &apos;size&apos;: 13.29000000000002, &apos;value&apos;: &apos;.&apos;, &apos;children&apos;: [], &apos;features&apos;: {}}, {&apos;type&apos;: &apos;text&apos;, &apos;bbox&apos;: (467.1200000000001, 434.26099999999997, 469.8900000000001, 447.551), &apos;color_space&apos;: &apos;DeviceGray&apos;, &apos;ncolor&apos;: None, &apos;size&apos;: 13.29000000000002, &apos;value&apos;: &apos;.&apos;, &apos;children&apos;: [], &apos;features&apos;: {}}, {&apos;type&apos;: &apos;text&apos;, &apos;bbox&apos;: (469.8900000000001, 434.26099999999997, 472.6600000000001, 447.551), &apos;color_space&apos;: &apos;DeviceGray&apos;, &apos;ncolor&apos;: None, &apos;size&apos;: 13.29000000000002, &apos;value&apos;: &apos;.&apos;, &apos;children&apos;: [], &apos;features&apos;: {}}, {&apos;type&apos;: &apos;text&apos;, &apos;bbox&apos;: (472.6600000000001, 434.26099999999997, 475.43000000000006, 447.551), &apos;color_space&apos;: &apos;DeviceGray&apos;, &apos;ncolor&apos;: None, &apos;size&apos;: 13.29000000000002, &apos;value&apos;: &apos;.&apos;, &apos;children&apos;: [], &apos;features&apos;: {}}, {&apos;type&apos;: &apos;text&apos;, &apos;bbox&apos;: (475.43000000000006, 434.26099999999997, 478.20000000000005, 447.551), &apos;color_space&apos;: &apos;DeviceGray&apos;, &apos;ncolor&apos;: None, &apos;size&apos;: 13.29000000000002, &apos;value&apos;: &apos;.&apos;, &apos;children&apos;: [], &apos;features&apos;: {}}, {&apos;type&apos;: &apos;text&apos;, &apos;bbox&apos;: (478.20000000000005, 434.26099999999997, 480.97, 447.551), &apos;color_space&apos;: &apos;DeviceGray&apos;, &apos;ncolor&apos;: None, &apos;size&apos;: 13.29000000000002, &apos;value&apos;: &apos;.&apos;, &apos;children&apos;: [], &apos;features&apos;: {}}, {&apos;type&apos;: &apos;text&apos;, &apos;bbox&apos;: (483.986, 434.26099999999997, 489.546, 447.551), &apos;color_space&apos;: &apos;DeviceGray&apos;, &apos;ncolor&apos;: None, &apos;size&apos;: 13.29000000000002, &apos;value&apos;: &apos;4&apos;, &apos;children&apos;: [], &apos;features&apos;: {}}, {&apos;type&apos;: &apos;text&apos;, &apos;bbox&apos;: (489.546, 434.26099999999997, 492.876, 447.551), &apos;color_space&apos;: &apos;DeviceGray&apos;, &apos;ncolor&apos;: None, &apos;size&apos;: 13.29000000000002, &apos;value&apos;: &apos;-&apos;, &apos;children&apos;: [], &apos;features&apos;: {}}, {&apos;type&apos;: &apos;text&apos;, &apos;bbox&apos;: (492.877, 434.26099999999997, 498.437, 447.551), &apos;color_space&apos;: &apos;DeviceGray&apos;, &apos;ncolor&apos;: None, &apos;size&apos;: 13.29000000000002, &apos;value&apos;: &apos;6&apos;, &apos;children&apos;: [], &apos;features&apos;: {}}, {&apos;type&apos;: &apos;text&apos;, &apos;bbox&apos;: (498.437, 434.26099999999997, 503.997, 447.551), &apos;color_space&apos;: &apos;DeviceGray&apos;, &apos;ncolor&apos;: None, &apos;size&apos;: 13.29000000000002, &apos;value&apos;: &apos;1&apos;, &apos;children&apos;: [], &apos;features&apos;: {}}], &apos;features&apos;: {}}
*********************





--------------------------------- CONTENT AREA --------------------------------- 
This content area has an image
{&apos;type&apos;: &apos;figure&apos;, &apos;bbox&apos;: (0, 0, 612.0, 792.0), &apos;name&apos;: &apos;fx32&apos;, &apos;children&apos;: [{&apos;type&apos;: &apos;text&apos;, &apos;bbox&apos;: (78.0, 418.04, 83.57, 431.52), &apos;color_space&apos;: &apos;DeviceGray&apos;, &apos;ncolor&apos;: None, &apos;size&apos;: 13.479999999999961, &apos;value&apos;: &apos;F&apos;, &apos;children&apos;: [], &apos;features&apos;: {}}, {&apos;type&apos;: &apos;text&apos;, &apos;bbox&apos;: (83.57, 418.04, 89.66999999999999, 431.52), &apos;color_space&apos;: &apos;DeviceGray&apos;, &apos;ncolor&apos;: None, &apos;size&apos;: 13.479999999999961, &apos;value&apos;: &apos;S&apos;, &apos;children&apos;: [], &apos;features&apos;: {}}, {&apos;type&apos;: &apos;text&apos;, &apos;bbox&apos;: (89.67, 418.04, 93.56, 431.52), &apos;color_space&apos;: &apos;DeviceGray&apos;, &apos;ncolor&apos;: None, &apos;size&apos;: 13.479999999999961, &apos;value&apos;: &apos;I&apos;, &apos;children&apos;: [], &apos;features&apos;: {}}, {&apos;type&apos;: &apos;text&apos;, &apos;bbox&apos;: (93.56, 418.04, 98.56, 431.52), &apos;color_space&apos;: &apos;DeviceGray&apos;, &apos;ncolor&apos;: None, &apos;size&apos;: 13.479999999999961, &apos;value&apos;: &apos;_&apos;, &apos;children&apos;: [], &apos;features&apos;: {}}, {&apos;type&apos;: &apos;text&apos;, &apos;bbox&apos;: (98.56, 418.04, 106.87, 431.52), &apos;color_space&apos;: &apos;DeviceGray&apos;, &apos;ncolor&apos;: None, &apos;size&apos;: 13.479999999999961, &apos;value&apos;: &apos;D&apos;, &apos;children&apos;: [], &apos;features&apos;: {}}, {&apos;type&apos;: &apos;text&apos;, &apos;bbox&apos;: (106.87, 418.04, 111.87, 431.52), &apos;color_space&apos;: &apos;DeviceGray&apos;, &apos;ncolor&apos;: None, &apos;size&apos;: 13.479999999999961, &apos;value&apos;: &apos;_&apos;, &apos;children&apos;: [], &apos;features&apos;: {}}, {&apos;type&apos;: &apos;text&apos;, &apos;bbox&apos;: (111.87, 418.04, 117.44, 431.52), &apos;color_space&apos;: &apos;DeviceGray&apos;, &apos;ncolor&apos;: None, &apos;size&apos;: 13.479999999999961, &apos;value&apos;: &apos;F&apos;, &apos;children&apos;: [], &apos;features&apos;: {}}, {&apos;type&apos;: &apos;text&apos;, &apos;bbox&apos;: (117.44, 418.04, 125.21, 431.52), &apos;color_space&apos;: &apos;DeviceGray&apos;, &apos;ncolor&apos;: None, &apos;size&apos;: 13.479999999999961, &apos;value&apos;: &apos;U&apos;, &apos;children&apos;: [], &apos;features&apos;: {}}, {&apos;type&apos;: &apos;text&apos;, &apos;bbox&apos;: (125.21000000000001, 418.04, 131.87, 431.52), &apos;color_space&apos;: &apos;DeviceGray&apos;, &apos;ncolor&apos;: None, &apos;size&apos;: 13.479999999999961, &apos;value&apos;: &apos;T&apos;, &apos;children&apos;: [], &apos;features&apos;: {}}, {&apos;type&apos;: &apos;text&apos;, &apos;bbox&apos;: (131.87, 418.04, 139.64000000000001, 431.52), &apos;color_space&apos;: &apos;DeviceGray&apos;, &apos;ncolor&apos;: None, &apos;size&apos;: 13.479999999999961, &apos;value&apos;: &apos;U&apos;, &apos;children&apos;: [], &apos;features&apos;: {}}, {&apos;type&apos;: &apos;text&apos;, &apos;bbox&apos;: (139.64000000000001, 418.04, 146.77, 431.52), &apos;color_space&apos;: &apos;DeviceGray&apos;, &apos;ncolor&apos;: None, &apos;size&apos;: 13.479999999999961, &apos;value&apos;: &apos;R&apos;, &apos;children&apos;: [], &apos;features&apos;: {}}, {&apos;type&apos;: &apos;text&apos;, &apos;bbox&apos;: (146.77, 418.04, 152.82000000000002, 431.52), &apos;color_space&apos;: &apos;DeviceGray&apos;, &apos;ncolor&apos;: None, &apos;size&apos;: 13.479999999999961, &apos;value&apos;: &apos;E&apos;, &apos;children&apos;: [], &apos;features&apos;: {}}, {&apos;type&apos;: &apos;text&apos;, &apos;bbox&apos;: (152.82, 418.04, 158.92, 431.52), &apos;color_space&apos;: &apos;DeviceGray&apos;, &apos;ncolor&apos;: None, &apos;size&apos;: 13.479999999999961, &apos;value&apos;: &apos;S&apos;, &apos;children&apos;: [], &apos;features&apos;: {}}, {&apos;type&apos;: &apos;text&apos;, &apos;bbox&apos;: (161.496, 418.77, 164.26600000000002, 432.06), &apos;color_space&apos;: &apos;DeviceGray&apos;, &apos;ncolor&apos;: None, &apos;size&apos;: 13.29000000000002, &apos;value&apos;: &apos;.&apos;, &apos;children&apos;: [], &apos;features&apos;: {}}, {&apos;type&apos;: &apos;text&apos;, &apos;bbox&apos;: (164.26600000000002, 418.77, 167.03600000000003, 432.06), &apos;color_space&apos;: &apos;DeviceGray&apos;, &apos;ncolor&apos;: None, &apos;size&apos;: 13.29000000000002, &apos;value&apos;: &apos;.&apos;, &apos;children&apos;: [], &apos;features&apos;: {}}, {&apos;type&apos;: &apos;text&apos;, &apos;bbox&apos;: (167.036, 418.77, 169.806, 432.06), &apos;color_space&apos;: &apos;DeviceGray&apos;, &apos;ncolor&apos;: None, &apos;size&apos;: 13.29000000000002, &apos;value&apos;: &apos;.&apos;, &apos;children&apos;: [], &apos;features&apos;: {}}, {&apos;type&apos;: &apos;text&apos;, &apos;bbox&apos;: (169.806, 418.77, 172.57600000000002, 432.06), &apos;color_space&apos;: &apos;DeviceGray&apos;, &apos;ncolor&apos;: None, &apos;size&apos;: 13.29000000000002, &apos;value&apos;: &apos;.&apos;, &apos;children&apos;: [], &apos;features&apos;: {}}, {&apos;type&apos;: &apos;text&apos;, &apos;bbox&apos;: (172.57600000000002, 418.77, 175.34600000000003, 432.06), &apos;color_space&apos;: &apos;DeviceGray&apos;, &apos;ncolor&apos;: None, &apos;size&apos;: 13.29000000000002, &apos;value&apos;: &apos;.&apos;, &apos;children&apos;: [], &apos;features&apos;: {}}, {&apos;type&apos;: &apos;text&apos;, &apos;bbox&apos;: (175.346, 418.77, 178.116, 432.06), &apos;color_space&apos;: &apos;DeviceGray&apos;, &apos;ncolor&apos;: None, &apos;size&apos;: 13.29000000000002, &apos;value&apos;: &apos;.&apos;, &apos;children&apos;: [], &apos;features&apos;: {}}, {&apos;type&apos;: &apos;text&apos;, &apos;bbox&apos;: (178.116, 418.77, 180.88600000000002, 432.06), &apos;color_space&apos;: &apos;DeviceGray&apos;, &apos;ncolor&apos;: None, &apos;size&apos;: 13.29000000000002, &apos;value&apos;: &apos;.&apos;, &apos;children&apos;: [], &apos;features&apos;: {}}, {&apos;type&apos;: &apos;text&apos;, &apos;bbox&apos;: (180.88600000000002, 418.77, 183.65600000000003, 432.06), &apos;color_space&apos;: &apos;DeviceGray&apos;, &apos;ncolor&apos;: None, &apos;size&apos;: 13.29000000000002, &apos;value&apos;: &apos;.&apos;, &apos;children&apos;: [], &apos;features&apos;: {}}, {&apos;type&apos;: &apos;text&apos;, &apos;bbox&apos;: (183.656, 418.77, 186.42600000000002, 432.06), &apos;color_space&apos;: &apos;DeviceGray&apos;, &apos;ncolor&apos;: None, &apos;size&apos;: 13.29000000000002, &apos;value&apos;: &apos;.&apos;, &apos;children&apos;: [], &apos;features&apos;: {}}, {&apos;type&apos;: &apos;text&apos;, &apos;bbox&apos;: (186.42600000000002, 418.77, 189.19600000000003, 432.06), &apos;color_space&apos;: &apos;DeviceGray&apos;, &apos;ncolor&apos;: None, &apos;size&apos;: 13.29000000000002, &apos;value&apos;: &apos;.&apos;, &apos;children&apos;: [], &apos;features&apos;: {}}, {&apos;type&apos;: &apos;text&apos;, &apos;bbox&apos;: (189.196, 418.77, 191.966, 432.06), &apos;color_space&apos;: &apos;DeviceGray&apos;, &apos;ncolor&apos;: None, &apos;size&apos;: 13.29000000000002, &apos;value&apos;: &apos;.&apos;, &apos;children&apos;: [], &apos;features&apos;: {}}, {&apos;type&apos;: &apos;text&apos;, &apos;bbox&apos;: (191.966, 418.77, 194.73600000000002, 432.06), &apos;color_space&apos;: &apos;DeviceGray&apos;, &apos;ncolor&apos;: None, &apos;size&apos;: 13.29000000000002, &apos;value&apos;: &apos;.&apos;, &apos;children&apos;: [], &apos;features&apos;: {}}, {&apos;type&apos;: &apos;text&apos;, &apos;bbox&apos;: (194.73600000000002, 418.77, 197.50600000000003, 432.06), &apos;color_space&apos;: &apos;DeviceGray&apos;, &apos;ncolor&apos;: None, &apos;size&apos;: 13.29000000000002, &apos;value&apos;: &apos;.&apos;, &apos;children&apos;: [], &apos;features&apos;: {}}, {&apos;type&apos;: &apos;text&apos;, &apos;bbox&apos;: (197.50600000000003, 418.77, 200.27600000000004, 432.06), &apos;color_space&apos;: &apos;DeviceGray&apos;, &apos;ncolor&apos;: None, &apos;size&apos;: 13.29000000000002, &apos;value&apos;: &apos;.&apos;, &apos;children&apos;: [], &apos;features&apos;: {}}, {&apos;type&apos;: &apos;text&apos;, &apos;bbox&apos;: (200.276, 418.77, 203.04600000000002, 432.06), &apos;color_space&apos;: &apos;DeviceGray&apos;, &apos;ncolor&apos;: None, &apos;size&apos;: 13.29000000000002, &apos;value&apos;: &apos;.&apos;, &apos;children&apos;: [], &apos;features&apos;: {}}, {&apos;type&apos;: &apos;text&apos;, &apos;bbox&apos;: (203.04600000000002, 418.77, 205.81600000000003, 432.06), &apos;color_space&apos;: &apos;DeviceGray&apos;, &apos;ncolor&apos;: None, &apos;size&apos;: 13.29000000000002, &apos;value&apos;: &apos;.&apos;, &apos;children&apos;: [], &apos;features&apos;: {}}, {&apos;type&apos;: &apos;text&apos;, &apos;bbox&apos;: (205.81600000000003, 418.77, 208.58600000000004, 432.06), &apos;color_space&apos;: &apos;DeviceGray&apos;, &apos;ncolor&apos;: None, &apos;size&apos;: 13.29000000000002, &apos;value&apos;: &apos;.&apos;, &apos;children&apos;: [], &apos;features&apos;: {}}, {&apos;type&apos;: &apos;text&apos;, &apos;bbox&apos;: (208.586, 418.77, 211.35600000000002, 432.06), &apos;color_space&apos;: &apos;DeviceGray&apos;, &apos;ncolor&apos;: None, &apos;size&apos;: 13.29000000000002, &apos;value&apos;: &apos;.&apos;, &apos;children&apos;: [], &apos;features&apos;: {}}, {&apos;type&apos;: &apos;text&apos;, &apos;bbox&apos;: (211.35600000000002, 418.77, 214.12600000000003, 432.06), &apos;color_space&apos;: &apos;DeviceGray&apos;, &apos;ncolor&apos;: None, &apos;size&apos;: 13.29000000000002, &apos;value&apos;: &apos;.&apos;, &apos;children&apos;: [], &apos;features&apos;: {}}, {&apos;type&apos;: &apos;text&apos;, &apos;bbox&apos;: (214.12600000000003, 418.77, 216.89600000000004, 432.06), &apos;color_space&apos;: &apos;DeviceGray&apos;, &apos;ncolor&apos;: None, &apos;size&apos;: 13.29000000000002, &apos;value&apos;: &apos;.&apos;, &apos;children&apos;: [], &apos;features&apos;: {}}, {&apos;type&apos;: &apos;text&apos;, &apos;bbox&apos;: (216.89600000000004, 418.77, 219.66600000000005, 432.06), &apos;color_space&apos;: &apos;DeviceGray&apos;, &apos;ncolor&apos;: None, &apos;size&apos;: 13.29000000000002, &apos;value&apos;: &apos;.&apos;, &apos;children&apos;: [], &apos;features&apos;: {}}, {&apos;type&apos;: &apos;text&apos;, &apos;bbox&apos;: (219.66600000000005, 418.77, 222.43600000000006, 432.06), &apos;color_space&apos;: &apos;DeviceGray&apos;, &apos;ncolor&apos;: None, &apos;size&apos;: 13.29000000000002, &apos;value&apos;: &apos;.&apos;, &apos;children&apos;: [], &apos;features&apos;: {}}, {&apos;type&apos;: &apos;text&apos;, &apos;bbox&apos;: (222.43600000000004, 418.77, 225.20600000000005, 432.06), &apos;color_space&apos;: &apos;DeviceGray&apos;, &apos;ncolor&apos;: None, &apos;size&apos;: 13.29000000000002, &apos;value&apos;: &apos;.&apos;, &apos;children&apos;: [], &apos;features&apos;: {}}, {&apos;type&apos;: &apos;text&apos;, &apos;bbox&apos;: (225.20600000000005, 418.77, 227.97600000000006, 432.06), &apos;color_space&apos;: &apos;DeviceGray&apos;, &apos;ncolor&apos;: None, &apos;size&apos;: 13.29000000000002, &apos;value&apos;: &apos;.&apos;, &apos;children&apos;: [], &apos;features&apos;: {}}, {&apos;type&apos;: &apos;text&apos;, &apos;bbox&apos;: (227.97600000000006, 418.77, 230.74600000000007, 432.06), &apos;color_space&apos;: &apos;DeviceGray&apos;, &apos;ncolor&apos;: None, &apos;size&apos;: 13.29000000000002, &apos;value&apos;: &apos;.&apos;, &apos;children&apos;: [], &apos;features&apos;: {}}, {&apos;type&apos;: &apos;text&apos;, &apos;bbox&apos;: (230.74600000000004, 418.77, 233.51600000000005, 432.06), &apos;color_space&apos;: &apos;DeviceGray&apos;, &apos;ncolor&apos;: None, &apos;size&apos;: 13.29000000000002, &apos;value&apos;: &apos;.&apos;, &apos;children&apos;: [], &apos;features&apos;: {}}, {&apos;type&apos;: &apos;text&apos;, &apos;bbox&apos;: (233.51600000000002, 418.77, 236.28600000000003, 432.06), &apos;color_space&apos;: &apos;DeviceGray&apos;, &apos;ncolor&apos;: None, &apos;size&apos;: 13.29000000000002, &apos;value&apos;: &apos;.&apos;, &apos;children&apos;: [], &apos;features&apos;: {}}, {&apos;type&apos;: &apos;text&apos;, &apos;bbox&apos;: (236.28600000000003, 418.77, 239.05600000000004, 432.06), &apos;color_space&apos;: &apos;DeviceGray&apos;, &apos;ncolor&apos;: None, &apos;size&apos;: 13.29000000000002, &apos;value&apos;: &apos;.&apos;, &apos;children&apos;: [], &apos;features&apos;: {}}, {&apos;type&apos;: &apos;text&apos;, &apos;bbox&apos;: (239.05600000000004, 418.77, 241.82600000000005, 432.06), &apos;color_space&apos;: &apos;DeviceGray&apos;, &apos;ncolor&apos;: None, &apos;size&apos;: 13.29000000000002, &apos;value&apos;: &apos;.&apos;, &apos;children&apos;: [], &apos;features&apos;: {}}, {&apos;type&apos;: &apos;text&apos;, &apos;bbox&apos;: (241.82600000000002, 418.77, 244.59600000000003, 432.06), &apos;color_space&apos;: &apos;DeviceGray&apos;, &apos;ncolor&apos;: None, &apos;size&apos;: 13.29000000000002, &apos;value&apos;: &apos;.&apos;, &apos;children&apos;: [], &apos;features&apos;: {}}, {&apos;type&apos;: &apos;text&apos;, &apos;bbox&apos;: (244.596, 418.77, 247.366, 432.06), &apos;color_space&apos;: &apos;DeviceGray&apos;, &apos;ncolor&apos;: None, &apos;size&apos;: 13.29000000000002, &apos;value&apos;: &apos;.&apos;, &apos;children&apos;: [], &apos;features&apos;: {}}, {&apos;type&apos;: &apos;text&apos;, &apos;bbox&apos;: (247.366, 418.77, 250.13600000000002, 432.06), &apos;color_space&apos;: &apos;DeviceGray&apos;, &apos;ncolor&apos;: None, &apos;size&apos;: 13.29000000000002, &apos;value&apos;: &apos;.&apos;, &apos;children&apos;: [], &apos;features&apos;: {}}, {&apos;type&apos;: &apos;text&apos;, &apos;bbox&apos;: (250.13600000000002, 418.77, 252.90600000000003, 432.06), &apos;color_space&apos;: &apos;DeviceGray&apos;, &apos;ncolor&apos;: None, &apos;size&apos;: 13.29000000000002, &apos;value&apos;: &apos;.&apos;, &apos;children&apos;: [], &apos;features&apos;: {}}, {&apos;type&apos;: &apos;text&apos;, &apos;bbox&apos;: (252.906, 418.77, 255.67600000000002, 432.06), &apos;color_space&apos;: &apos;DeviceGray&apos;, &apos;ncolor&apos;: None, &apos;size&apos;: 13.29000000000002, &apos;value&apos;: &apos;.&apos;, &apos;children&apos;: [], &apos;features&apos;: {}}, {&apos;type&apos;: &apos;text&apos;, &apos;bbox&apos;: (255.676, 418.77, 258.44599999999997, 432.06), &apos;color_space&apos;: &apos;DeviceGray&apos;, &apos;ncolor&apos;: None, &apos;size&apos;: 13.29000000000002, &apos;value&apos;: &apos;.&apos;, &apos;children&apos;: [], &apos;features&apos;: {}}, {&apos;type&apos;: &apos;text&apos;, &apos;bbox&apos;: (258.446, 418.77, 261.216, 432.06), &apos;color_space&apos;: &apos;DeviceGray&apos;, &apos;ncolor&apos;: None, &apos;size&apos;: 13.29000000000002, &apos;value&apos;: &apos;.&apos;, &apos;children&apos;: [], &apos;features&apos;: {}}, {&apos;type&apos;: &apos;text&apos;, &apos;bbox&apos;: (261.216, 418.77, 263.986, 432.06), &apos;color_space&apos;: &apos;DeviceGray&apos;, &apos;ncolor&apos;: None, &apos;size&apos;: 13.29000000000002, &apos;value&apos;: &apos;.&apos;, &apos;children&apos;: [], &apos;features&apos;: {}}, {&apos;type&apos;: &apos;text&apos;, &apos;bbox&apos;: (263.986, 418.77, 266.756, 432.06), &apos;color_space&apos;: &apos;DeviceGray&apos;, &apos;ncolor&apos;: None, &apos;size&apos;: 13.29000000000002, &apos;value&apos;: &apos;.&apos;, &apos;children&apos;: [], &apos;features&apos;: {}}, {&apos;type&apos;: &apos;text&apos;, &apos;bbox&apos;: (266.756, 418.77, 269.52599999999995, 432.06), &apos;color_space&apos;: &apos;DeviceGray&apos;, &apos;ncolor&apos;: None, &apos;size&apos;: 13.29000000000002, &apos;value&apos;: &apos;.&apos;, &apos;children&apos;: [], &apos;features&apos;: {}}, {&apos;type&apos;: &apos;text&apos;, &apos;bbox&apos;: (269.52599999999995, 418.77, 272.29599999999994, 432.06), &apos;color_space&apos;: &apos;DeviceGray&apos;, &apos;ncolor&apos;: None, &apos;size&apos;: 13.29000000000002, &apos;value&apos;: &apos;.&apos;, &apos;children&apos;: [], &apos;features&apos;: {}}, {&apos;type&apos;: &apos;text&apos;, &apos;bbox&apos;: (272.296, 418.77, 275.066, 432.06), &apos;color_space&apos;: &apos;DeviceGray&apos;, &apos;ncolor&apos;: None, &apos;size&apos;: 13.29000000000002, &apos;value&apos;: &apos;.&apos;, &apos;children&apos;: [], &apos;features&apos;: {}}, {&apos;type&apos;: &apos;text&apos;, &apos;bbox&apos;: (275.066, 418.77, 277.83599999999996, 432.06), &apos;color_space&apos;: &apos;DeviceGray&apos;, &apos;ncolor&apos;: None, &apos;size&apos;: 13.29000000000002, &apos;value&apos;: &apos;.&apos;, &apos;children&apos;: [], &apos;features&apos;: {}}, {&apos;type&apos;: &apos;text&apos;, &apos;bbox&apos;: (277.83599999999996, 418.77, 280.60599999999994, 432.06), &apos;color_space&apos;: &apos;DeviceGray&apos;, &apos;ncolor&apos;: None, &apos;size&apos;: 13.29000000000002, &apos;value&apos;: &apos;.&apos;, &apos;children&apos;: [], &apos;features&apos;: {}}, {&apos;type&apos;: &apos;text&apos;, &apos;bbox&apos;: (280.606, 418.77, 283.376, 432.06), &apos;color_space&apos;: &apos;DeviceGray&apos;, &apos;ncolor&apos;: None, &apos;size&apos;: 13.29000000000002, &apos;value&apos;: &apos;.&apos;, &apos;children&apos;: [], &apos;features&apos;: {}}, {&apos;type&apos;: &apos;text&apos;, &apos;bbox&apos;: (283.376, 418.77, 286.14599999999996, 432.06), &apos;color_space&apos;: &apos;DeviceGray&apos;, &apos;ncolor&apos;: None, &apos;size&apos;: 13.29000000000002, &apos;value&apos;: &apos;.&apos;, &apos;children&apos;: [], &apos;features&apos;: {}}, {&apos;type&apos;: &apos;text&apos;, &apos;bbox&apos;: (286.14599999999996, 418.77, 288.91599999999994, 432.06), &apos;color_space&apos;: &apos;DeviceGray&apos;, &apos;ncolor&apos;: None, &apos;size&apos;: 13.29000000000002, &apos;value&apos;: &apos;.&apos;, &apos;children&apos;: [], &apos;features&apos;: {}}, {&apos;type&apos;: &apos;text&apos;, &apos;bbox&apos;: (288.91599999999994, 418.77, 291.6859999999999, 432.06), &apos;color_space&apos;: &apos;DeviceGray&apos;, &apos;ncolor&apos;: None, &apos;size&apos;: 13.29000000000002, &apos;value&apos;: &apos;.&apos;, &apos;children&apos;: [], &apos;features&apos;: {}}, {&apos;type&apos;: &apos;text&apos;, &apos;bbox&apos;: (291.6859999999999, 418.77, 294.4559999999999, 432.06), &apos;color_space&apos;: &apos;DeviceGray&apos;, &apos;ncolor&apos;: None, &apos;size&apos;: 13.29000000000002, &apos;value&apos;: &apos;.&apos;, &apos;children&apos;: [], &apos;features&apos;: {}}, {&apos;type&apos;: &apos;text&apos;, &apos;bbox&apos;: (294.45599999999996, 418.77, 297.22599999999994, 432.06), &apos;color_space&apos;: &apos;DeviceGray&apos;, &apos;ncolor&apos;: None, &apos;size&apos;: 13.29000000000002, &apos;value&apos;: &apos;.&apos;, &apos;children&apos;: [], &apos;features&apos;: {}}, {&apos;type&apos;: &apos;text&apos;, &apos;bbox&apos;: (297.226, 418.77, 299.996, 432.06), &apos;color_space&apos;: &apos;DeviceGray&apos;, &apos;ncolor&apos;: None, &apos;size&apos;: 13.29000000000002, &apos;value&apos;: &apos;.&apos;, &apos;children&apos;: [], &apos;features&apos;: {}}, {&apos;type&apos;: &apos;text&apos;, &apos;bbox&apos;: (299.996, 418.77, 302.76599999999996, 432.06), &apos;color_space&apos;: &apos;DeviceGray&apos;, &apos;ncolor&apos;: None, &apos;size&apos;: 13.29000000000002, &apos;value&apos;: &apos;.&apos;, &apos;children&apos;: [], &apos;features&apos;: {}}, {&apos;type&apos;: &apos;text&apos;, &apos;bbox&apos;: (302.76599999999996, 418.77, 305.53599999999994, 432.06), &apos;color_space&apos;: &apos;DeviceGray&apos;, &apos;ncolor&apos;: None, &apos;size&apos;: 13.29000000000002, &apos;value&apos;: &apos;.&apos;, &apos;children&apos;: [], &apos;features&apos;: {}}, {&apos;type&apos;: &apos;text&apos;, &apos;bbox&apos;: (305.536, 418.77, 308.306, 432.06), &apos;color_space&apos;: &apos;DeviceGray&apos;, &apos;ncolor&apos;: None, &apos;size&apos;: 13.29000000000002, &apos;value&apos;: &apos;.&apos;, &apos;children&apos;: [], &apos;features&apos;: {}}, {&apos;type&apos;: &apos;text&apos;, &apos;bbox&apos;: (308.30600000000004, 418.77, 311.076, 432.06), &apos;color_space&apos;: &apos;DeviceGray&apos;, &apos;ncolor&apos;: None, &apos;size&apos;: 13.29000000000002, &apos;value&apos;: &apos;.&apos;, &apos;children&apos;: [], &apos;features&apos;: {}}, {&apos;type&apos;: &apos;text&apos;, &apos;bbox&apos;: (311.076, 418.77, 313.846, 432.06), &apos;color_space&apos;: &apos;DeviceGray&apos;, &apos;ncolor&apos;: None, &apos;size&apos;: 13.29000000000002, &apos;value&apos;: &apos;.&apos;, &apos;children&apos;: [], &apos;features&apos;: {}}, {&apos;type&apos;: &apos;text&apos;, &apos;bbox&apos;: (313.846, 418.77, 316.616, 432.06), &apos;color_space&apos;: &apos;DeviceGray&apos;, &apos;ncolor&apos;: None, &apos;size&apos;: 13.29000000000002, &apos;value&apos;: &apos;.&apos;, &apos;children&apos;: [], &apos;features&apos;: {}}, {&apos;type&apos;: &apos;text&apos;, &apos;bbox&apos;: (316.61600000000004, 418.77, 319.386, 432.06), &apos;color_space&apos;: &apos;DeviceGray&apos;, &apos;ncolor&apos;: None, &apos;size&apos;: 13.29000000000002, &apos;value&apos;: &apos;.&apos;, &apos;children&apos;: [], &apos;features&apos;: {}}, {&apos;type&apos;: &apos;text&apos;, &apos;bbox&apos;: (319.3860000000001, 418.77, 322.15600000000006, 432.06), &apos;color_space&apos;: &apos;DeviceGray&apos;, &apos;ncolor&apos;: None, &apos;size&apos;: 13.29000000000002, &apos;value&apos;: &apos;.&apos;, &apos;children&apos;: [], &apos;features&apos;: {}}, {&apos;type&apos;: &apos;text&apos;, &apos;bbox&apos;: (322.15600000000006, 418.77, 324.92600000000004, 432.06), &apos;color_space&apos;: &apos;DeviceGray&apos;, &apos;ncolor&apos;: None, &apos;size&apos;: 13.29000000000002, &apos;value&apos;: &apos;.&apos;, &apos;children&apos;: [], &apos;features&apos;: {}}, {&apos;type&apos;: &apos;text&apos;, &apos;bbox&apos;: (324.92600000000004, 418.77, 327.696, 432.06), &apos;color_space&apos;: &apos;DeviceGray&apos;, &apos;ncolor&apos;: None, &apos;size&apos;: 13.29000000000002, &apos;value&apos;: &apos;.&apos;, &apos;children&apos;: [], &apos;features&apos;: {}}, {&apos;type&apos;: &apos;text&apos;, &apos;bbox&apos;: (327.6960000000001, 418.77, 330.46600000000007, 432.06), &apos;color_space&apos;: &apos;DeviceGray&apos;, &apos;ncolor&apos;: None, &apos;size&apos;: 13.29000000000002, &apos;value&apos;: &apos;.&apos;, &apos;children&apos;: [], &apos;features&apos;: {}}, {&apos;type&apos;: &apos;text&apos;, &apos;bbox&apos;: (330.4660000000001, 418.77, 333.2360000000001, 432.06), &apos;color_space&apos;: &apos;DeviceGray&apos;, &apos;ncolor&apos;: None, &apos;size&apos;: 13.29000000000002, &apos;value&apos;: &apos;.&apos;, &apos;children&apos;: [], &apos;features&apos;: {}}, {&apos;type&apos;: &apos;text&apos;, &apos;bbox&apos;: (333.2360000000001, 418.77, 336.0060000000001, 432.06), &apos;color_space&apos;: &apos;DeviceGray&apos;, &apos;ncolor&apos;: None, &apos;size&apos;: 13.29000000000002, &apos;value&apos;: &apos;.&apos;, &apos;children&apos;: [], &apos;features&apos;: {}}, {&apos;type&apos;: &apos;text&apos;, &apos;bbox&apos;: (336.0060000000001, 418.77, 338.77600000000007, 432.06), &apos;color_space&apos;: &apos;DeviceGray&apos;, &apos;ncolor&apos;: None, &apos;size&apos;: 13.29000000000002, &apos;value&apos;: &apos;.&apos;, &apos;children&apos;: [], &apos;features&apos;: {}}, {&apos;type&apos;: &apos;text&apos;, &apos;bbox&apos;: (338.7760000000001, 418.77, 341.5460000000001, 432.06), &apos;color_space&apos;: &apos;DeviceGray&apos;, &apos;ncolor&apos;: None, &apos;size&apos;: 13.29000000000002, &apos;value&apos;: &apos;.&apos;, &apos;children&apos;: [], &apos;features&apos;: {}}, {&apos;type&apos;: &apos;text&apos;, &apos;bbox&apos;: (341.54600000000016, 418.77, 344.31600000000014, 432.06), &apos;color_space&apos;: &apos;DeviceGray&apos;, &apos;ncolor&apos;: None, &apos;size&apos;: 13.29000000000002, &apos;value&apos;: &apos;.&apos;, &apos;children&apos;: [], &apos;features&apos;: {}}, {&apos;type&apos;: &apos;text&apos;, &apos;bbox&apos;: (344.31600000000014, 418.77, 347.0860000000001, 432.06), &apos;color_space&apos;: &apos;DeviceGray&apos;, &apos;ncolor&apos;: None, &apos;size&apos;: 13.29000000000002, &apos;value&apos;: &apos;.&apos;, &apos;children&apos;: [], &apos;features&apos;: {}}, {&apos;type&apos;: &apos;text&apos;, &apos;bbox&apos;: (347.0860000000001, 418.77, 349.8560000000001, 432.06), &apos;color_space&apos;: &apos;DeviceGray&apos;, &apos;ncolor&apos;: None, &apos;size&apos;: 13.29000000000002, &apos;value&apos;: &apos;.&apos;, &apos;children&apos;: [], &apos;features&apos;: {}}, {&apos;type&apos;: &apos;text&apos;, &apos;bbox&apos;: (349.85600000000017, 418.77, 352.62600000000015, 432.06), &apos;color_space&apos;: &apos;DeviceGray&apos;, &apos;ncolor&apos;: None, &apos;size&apos;: 13.29000000000002, &apos;value&apos;: &apos;.&apos;, &apos;children&apos;: [], &apos;features&apos;: {}}, {&apos;type&apos;: &apos;text&apos;, &apos;bbox&apos;: (352.6260000000002, 418.77, 355.3960000000002, 432.06), &apos;color_space&apos;: &apos;DeviceGray&apos;, &apos;ncolor&apos;: None, &apos;size&apos;: 13.29000000000002, &apos;value&apos;: &apos;.&apos;, &apos;children&apos;: [], &apos;features&apos;: {}}, {&apos;type&apos;: &apos;text&apos;, &apos;bbox&apos;: (355.3960000000002, 418.77, 358.16600000000017, 432.06), &apos;color_space&apos;: &apos;DeviceGray&apos;, &apos;ncolor&apos;: None, &apos;size&apos;: 13.29000000000002, &apos;value&apos;: &apos;.&apos;, &apos;children&apos;: [], &apos;features&apos;: {}}, {&apos;type&apos;: &apos;text&apos;, &apos;bbox&apos;: (358.16600000000017, 418.77, 360.93600000000015, 432.06), &apos;color_space&apos;: &apos;DeviceGray&apos;, &apos;ncolor&apos;: None, &apos;size&apos;: 13.29000000000002, &apos;value&apos;: &apos;.&apos;, &apos;children&apos;: [], &apos;features&apos;: {}}, {&apos;type&apos;: &apos;text&apos;, &apos;bbox&apos;: (360.9360000000002, 418.77, 363.7060000000002, 432.06), &apos;color_space&apos;: &apos;DeviceGray&apos;, &apos;ncolor&apos;: None, &apos;size&apos;: 13.29000000000002, &apos;value&apos;: &apos;.&apos;, &apos;children&apos;: [], &apos;features&apos;: {}}, {&apos;type&apos;: &apos;text&apos;, &apos;bbox&apos;: (363.70600000000024, 418.77, 366.4760000000002, 432.06), &apos;color_space&apos;: &apos;DeviceGray&apos;, &apos;ncolor&apos;: None, &apos;size&apos;: 13.29000000000002, &apos;value&apos;: &apos;.&apos;, &apos;children&apos;: [], &apos;features&apos;: {}}, {&apos;type&apos;: &apos;text&apos;, &apos;bbox&apos;: (366.4760000000002, 418.77, 369.2460000000002, 432.06), &apos;color_space&apos;: &apos;DeviceGray&apos;, &apos;ncolor&apos;: None, &apos;size&apos;: 13.29000000000002, &apos;value&apos;: &apos;.&apos;, &apos;children&apos;: [], &apos;features&apos;: {}}, {&apos;type&apos;: &apos;text&apos;, &apos;bbox&apos;: (369.2460000000002, 418.77, 372.0160000000002, 432.06), &apos;color_space&apos;: &apos;DeviceGray&apos;, &apos;ncolor&apos;: None, &apos;size&apos;: 13.29000000000002, &apos;value&apos;: &apos;.&apos;, &apos;children&apos;: [], &apos;features&apos;: {}}, {&apos;type&apos;: &apos;text&apos;, &apos;bbox&apos;: (372.01600000000025, 418.77, 374.78600000000023, 432.06), &apos;color_space&apos;: &apos;DeviceGray&apos;, &apos;ncolor&apos;: None, &apos;size&apos;: 13.29000000000002, &apos;value&apos;: &apos;.&apos;, &apos;children&apos;: [], &apos;features&apos;: {}}, {&apos;type&apos;: &apos;text&apos;, &apos;bbox&apos;: (374.7860000000003, 418.77, 377.55600000000027, 432.06), &apos;color_space&apos;: &apos;DeviceGray&apos;, &apos;ncolor&apos;: None, &apos;size&apos;: 13.29000000000002, &apos;value&apos;: &apos;.&apos;, &apos;children&apos;: [], &apos;features&apos;: {}}, {&apos;type&apos;: &apos;text&apos;, &apos;bbox&apos;: (377.55600000000027, 418.77, 380.32600000000025, 432.06), &apos;color_space&apos;: &apos;DeviceGray&apos;, &apos;ncolor&apos;: None, &apos;size&apos;: 13.29000000000002, &apos;value&apos;: &apos;.&apos;, &apos;children&apos;: [], &apos;features&apos;: {}}, {&apos;type&apos;: &apos;text&apos;, &apos;bbox&apos;: (380.32600000000025, 418.77, 383.09600000000023, 432.06), &apos;color_space&apos;: &apos;DeviceGray&apos;, &apos;ncolor&apos;: None, &apos;size&apos;: 13.29000000000002, &apos;value&apos;: &apos;.&apos;, &apos;children&apos;: [], &apos;features&apos;: {}}, {&apos;type&apos;: &apos;text&apos;, &apos;bbox&apos;: (383.0960000000003, 418.77, 385.86600000000027, 432.06), &apos;color_space&apos;: &apos;DeviceGray&apos;, &apos;ncolor&apos;: None, &apos;size&apos;: 13.29000000000002, &apos;value&apos;: &apos;.&apos;, &apos;children&apos;: [], &apos;features&apos;: {}}, {&apos;type&apos;: &apos;text&apos;, &apos;bbox&apos;: (385.8660000000003, 418.77, 388.6360000000003, 432.06), &apos;color_space&apos;: &apos;DeviceGray&apos;, &apos;ncolor&apos;: None, &apos;size&apos;: 13.29000000000002, &apos;value&apos;: &apos;.&apos;, &apos;children&apos;: [], &apos;features&apos;: {}}, {&apos;type&apos;: &apos;text&apos;, &apos;bbox&apos;: (388.6360000000003, 418.77, 391.4060000000003, 432.06), &apos;color_space&apos;: &apos;DeviceGray&apos;, &apos;ncolor&apos;: None, &apos;size&apos;: 13.29000000000002, &apos;value&apos;: &apos;.&apos;, &apos;children&apos;: [], &apos;features&apos;: {}}, {&apos;type&apos;: &apos;text&apos;, &apos;bbox&apos;: (391.4060000000003, 418.77, 394.1760000000003, 432.06), &apos;color_space&apos;: &apos;DeviceGray&apos;, &apos;ncolor&apos;: None, &apos;size&apos;: 13.29000000000002, &apos;value&apos;: &apos;.&apos;, &apos;children&apos;: [], &apos;features&apos;: {}}, {&apos;type&apos;: &apos;text&apos;, &apos;bbox&apos;: (394.17600000000033, 418.77, 396.9460000000003, 432.06), &apos;color_space&apos;: &apos;DeviceGray&apos;, &apos;ncolor&apos;: None, &apos;size&apos;: 13.29000000000002, &apos;value&apos;: &apos;.&apos;, &apos;children&apos;: [], &apos;features&apos;: {}}, {&apos;type&apos;: &apos;text&apos;, &apos;bbox&apos;: (396.94600000000037, 418.77, 399.71600000000035, 432.06), &apos;color_space&apos;: &apos;DeviceGray&apos;, &apos;ncolor&apos;: None, &apos;size&apos;: 13.29000000000002, &apos;value&apos;: &apos;.&apos;, &apos;children&apos;: [], &apos;features&apos;: {}}, {&apos;type&apos;: &apos;text&apos;, &apos;bbox&apos;: (399.71600000000035, 418.77, 402.48600000000033, 432.06), &apos;color_space&apos;: &apos;DeviceGray&apos;, &apos;ncolor&apos;: None, &apos;size&apos;: 13.29000000000002, &apos;value&apos;: &apos;.&apos;, &apos;children&apos;: [], &apos;features&apos;: {}}, {&apos;type&apos;: &apos;text&apos;, &apos;bbox&apos;: (402.48600000000033, 418.77, 405.2560000000003, 432.06), &apos;color_space&apos;: &apos;DeviceGray&apos;, &apos;ncolor&apos;: None, &apos;size&apos;: 13.29000000000002, &apos;value&apos;: &apos;.&apos;, &apos;children&apos;: [], &apos;features&apos;: {}}, {&apos;type&apos;: &apos;text&apos;, &apos;bbox&apos;: (405.25600000000037, 418.77, 408.02600000000035, 432.06), &apos;color_space&apos;: &apos;DeviceGray&apos;, &apos;ncolor&apos;: None, &apos;size&apos;: 13.29000000000002, &apos;value&apos;: &apos;.&apos;, &apos;children&apos;: [], &apos;features&apos;: {}}, {&apos;type&apos;: &apos;text&apos;, &apos;bbox&apos;: (408.0260000000004, 418.77, 410.7960000000004, 432.06), &apos;color_space&apos;: &apos;DeviceGray&apos;, &apos;ncolor&apos;: None, &apos;size&apos;: 13.29000000000002, &apos;value&apos;: &apos;.&apos;, &apos;children&apos;: [], &apos;features&apos;: {}}, {&apos;type&apos;: &apos;text&apos;, &apos;bbox&apos;: (410.7960000000004, 418.77, 413.5660000000004, 432.06), &apos;color_space&apos;: &apos;DeviceGray&apos;, &apos;ncolor&apos;: None, &apos;size&apos;: 13.29000000000002, &apos;value&apos;: &apos;.&apos;, &apos;children&apos;: [], &apos;features&apos;: {}}, {&apos;type&apos;: &apos;text&apos;, &apos;bbox&apos;: (413.5660000000004, 418.77, 416.33600000000035, 432.06), &apos;color_space&apos;: &apos;DeviceGray&apos;, &apos;ncolor&apos;: None, &apos;size&apos;: 13.29000000000002, &apos;value&apos;: &apos;.&apos;, &apos;children&apos;: [], &apos;features&apos;: {}}, {&apos;type&apos;: &apos;text&apos;, &apos;bbox&apos;: (416.3360000000004, 418.77, 419.1060000000004, 432.06), &apos;color_space&apos;: &apos;DeviceGray&apos;, &apos;ncolor&apos;: None, &apos;size&apos;: 13.29000000000002, &apos;value&apos;: &apos;.&apos;, &apos;children&apos;: [], &apos;features&apos;: {}}, {&apos;type&apos;: &apos;text&apos;, &apos;bbox&apos;: (419.10600000000045, 418.77, 421.87600000000043, 432.06), &apos;color_space&apos;: &apos;DeviceGray&apos;, &apos;ncolor&apos;: None, &apos;size&apos;: 13.29000000000002, &apos;value&apos;: &apos;.&apos;, &apos;children&apos;: [], &apos;features&apos;: {}}, {&apos;type&apos;: &apos;text&apos;, &apos;bbox&apos;: (421.87600000000043, 418.77, 424.6460000000004, 432.06), &apos;color_space&apos;: &apos;DeviceGray&apos;, &apos;ncolor&apos;: None, &apos;size&apos;: 13.29000000000002, &apos;value&apos;: &apos;.&apos;, &apos;children&apos;: [], &apos;features&apos;: {}}, {&apos;type&apos;: &apos;text&apos;, &apos;bbox&apos;: (424.6460000000004, 418.77, 427.4160000000004, 432.06), &apos;color_space&apos;: &apos;DeviceGray&apos;, &apos;ncolor&apos;: None, &apos;size&apos;: 13.29000000000002, &apos;value&apos;: &apos;.&apos;, &apos;children&apos;: [], &apos;features&apos;: {}}, {&apos;type&apos;: &apos;text&apos;, &apos;bbox&apos;: (427.4160000000004, 418.77, 430.1860000000004, 432.06), &apos;color_space&apos;: &apos;DeviceGray&apos;, &apos;ncolor&apos;: None, &apos;size&apos;: 13.29000000000002, &apos;value&apos;: &apos;.&apos;, &apos;children&apos;: [], &apos;features&apos;: {}}, {&apos;type&apos;: &apos;text&apos;, &apos;bbox&apos;: (430.1860000000004, 418.77, 432.95600000000036, 432.06), &apos;color_space&apos;: &apos;DeviceGray&apos;, &apos;ncolor&apos;: None, &apos;size&apos;: 13.29000000000002, &apos;value&apos;: &apos;.&apos;, &apos;children&apos;: [], &apos;features&apos;: {}}, {&apos;type&apos;: &apos;text&apos;, &apos;bbox&apos;: (432.95600000000036, 418.77, 435.72600000000034, 432.06), &apos;color_space&apos;: &apos;DeviceGray&apos;, &apos;ncolor&apos;: None, &apos;size&apos;: 13.29000000000002, &apos;value&apos;: &apos;.&apos;, &apos;children&apos;: [], &apos;features&apos;: {}}, {&apos;type&apos;: &apos;text&apos;, &apos;bbox&apos;: (435.72600000000034, 418.77, 438.4960000000003, 432.06), &apos;color_space&apos;: &apos;DeviceGray&apos;, &apos;ncolor&apos;: None, &apos;size&apos;: 13.29000000000002, &apos;value&apos;: &apos;.&apos;, &apos;children&apos;: [], &apos;features&apos;: {}}, {&apos;type&apos;: &apos;text&apos;, &apos;bbox&apos;: (438.4960000000003, 418.77, 441.2660000000003, 432.06), &apos;color_space&apos;: &apos;DeviceGray&apos;, &apos;ncolor&apos;: None, &apos;size&apos;: 13.29000000000002, &apos;value&apos;: &apos;.&apos;, &apos;children&apos;: [], &apos;features&apos;: {}}, {&apos;type&apos;: &apos;text&apos;, &apos;bbox&apos;: (441.2660000000003, 418.77, 444.0360000000003, 432.06), &apos;color_space&apos;: &apos;DeviceGray&apos;, &apos;ncolor&apos;: None, &apos;size&apos;: 13.29000000000002, &apos;value&apos;: &apos;.&apos;, &apos;children&apos;: [], &apos;features&apos;: {}}, {&apos;type&apos;: &apos;text&apos;, &apos;bbox&apos;: (444.0360000000003, 418.77, 446.80600000000027, 432.06), &apos;color_space&apos;: &apos;DeviceGray&apos;, &apos;ncolor&apos;: None, &apos;size&apos;: 13.29000000000002, &apos;value&apos;: &apos;.&apos;, &apos;children&apos;: [], &apos;features&apos;: {}}, {&apos;type&apos;: &apos;text&apos;, &apos;bbox&apos;: (446.80600000000027, 418.77, 449.57600000000025, 432.06), &apos;color_space&apos;: &apos;DeviceGray&apos;, &apos;ncolor&apos;: None, &apos;size&apos;: 13.29000000000002, &apos;value&apos;: &apos;.&apos;, &apos;children&apos;: [], &apos;features&apos;: {}}, {&apos;type&apos;: &apos;text&apos;, &apos;bbox&apos;: (449.57600000000025, 418.77, 452.34600000000023, 432.06), &apos;color_space&apos;: &apos;DeviceGray&apos;, &apos;ncolor&apos;: None, &apos;size&apos;: 13.29000000000002, &apos;value&apos;: &apos;.&apos;, &apos;children&apos;: [], &apos;features&apos;: {}}, {&apos;type&apos;: &apos;text&apos;, &apos;bbox&apos;: (452.34600000000023, 418.77, 455.1160000000002, 432.06), &apos;color_space&apos;: &apos;DeviceGray&apos;, &apos;ncolor&apos;: None, &apos;size&apos;: 13.29000000000002, &apos;value&apos;: &apos;.&apos;, &apos;children&apos;: [], &apos;features&apos;: {}}, {&apos;type&apos;: &apos;text&apos;, &apos;bbox&apos;: (455.1160000000002, 418.77, 457.8860000000002, 432.06), &apos;color_space&apos;: &apos;DeviceGray&apos;, &apos;ncolor&apos;: None, &apos;size&apos;: 13.29000000000002, &apos;value&apos;: &apos;.&apos;, &apos;children&apos;: [], &apos;features&apos;: {}}, {&apos;type&apos;: &apos;text&apos;, &apos;bbox&apos;: (457.8860000000002, 418.77, 460.6560000000002, 432.06), &apos;color_space&apos;: &apos;DeviceGray&apos;, &apos;ncolor&apos;: None, &apos;size&apos;: 13.29000000000002, &apos;value&apos;: &apos;.&apos;, &apos;children&apos;: [], &apos;features&apos;: {}}, {&apos;type&apos;: &apos;text&apos;, &apos;bbox&apos;: (460.6560000000002, 418.77, 463.42600000000016, 432.06), &apos;color_space&apos;: &apos;DeviceGray&apos;, &apos;ncolor&apos;: None, &apos;size&apos;: 13.29000000000002, &apos;value&apos;: &apos;.&apos;, &apos;children&apos;: [], &apos;features&apos;: {}}, {&apos;type&apos;: &apos;text&apos;, &apos;bbox&apos;: (463.42600000000016, 418.77, 466.19600000000014, 432.06), &apos;color_space&apos;: &apos;DeviceGray&apos;, &apos;ncolor&apos;: None, &apos;size&apos;: 13.29000000000002, &apos;value&apos;: &apos;.&apos;, &apos;children&apos;: [], &apos;features&apos;: {}}, {&apos;type&apos;: &apos;text&apos;, &apos;bbox&apos;: (466.19600000000014, 418.77, 468.9660000000001, 432.06), &apos;color_space&apos;: &apos;DeviceGray&apos;, &apos;ncolor&apos;: None, &apos;size&apos;: 13.29000000000002, &apos;value&apos;: &apos;.&apos;, &apos;children&apos;: [], &apos;features&apos;: {}}, {&apos;type&apos;: &apos;text&apos;, &apos;bbox&apos;: (468.9660000000001, 418.77, 471.7360000000001, 432.06), &apos;color_space&apos;: &apos;DeviceGray&apos;, &apos;ncolor&apos;: None, &apos;size&apos;: 13.29000000000002, &apos;value&apos;: &apos;.&apos;, &apos;children&apos;: [], &apos;features&apos;: {}}, {&apos;type&apos;: &apos;text&apos;, &apos;bbox&apos;: (471.7360000000001, 418.77, 474.5060000000001, 432.06), &apos;color_space&apos;: &apos;DeviceGray&apos;, &apos;ncolor&apos;: None, &apos;size&apos;: 13.29000000000002, &apos;value&apos;: &apos;.&apos;, &apos;children&apos;: [], &apos;features&apos;: {}}, {&apos;type&apos;: &apos;text&apos;, &apos;bbox&apos;: (474.5060000000001, 418.77, 477.27600000000007, 432.06), &apos;color_space&apos;: &apos;DeviceGray&apos;, &apos;ncolor&apos;: None, &apos;size&apos;: 13.29000000000002, &apos;value&apos;: &apos;.&apos;, &apos;children&apos;: [], &apos;features&apos;: {}}, {&apos;type&apos;: &apos;text&apos;, &apos;bbox&apos;: (477.27600000000007, 418.77, 480.04600000000005, 432.06), &apos;color_space&apos;: &apos;DeviceGray&apos;, &apos;ncolor&apos;: None, &apos;size&apos;: 13.29000000000002, &apos;value&apos;: &apos;.&apos;, &apos;children&apos;: [], &apos;features&apos;: {}}, {&apos;type&apos;: &apos;text&apos;, &apos;bbox&apos;: (480.04600000000005, 418.77, 482.81600000000003, 432.06), &apos;color_space&apos;: &apos;DeviceGray&apos;, &apos;ncolor&apos;: None, &apos;size&apos;: 13.29000000000002, &apos;value&apos;: &apos;.&apos;, &apos;children&apos;: [], &apos;features&apos;: {}}, {&apos;type&apos;: &apos;text&apos;, &apos;bbox&apos;: (483.986, 418.77, 489.546, 432.06), &apos;color_space&apos;: &apos;DeviceGray&apos;, &apos;ncolor&apos;: None, &apos;size&apos;: 13.29000000000002, &apos;value&apos;: &apos;4&apos;, &apos;children&apos;: [], &apos;features&apos;: {}}, {&apos;type&apos;: &apos;text&apos;, &apos;bbox&apos;: (489.546, 418.77, 492.876, 432.06), &apos;color_space&apos;: &apos;DeviceGray&apos;, &apos;ncolor&apos;: None, &apos;size&apos;: 13.29000000000002, &apos;value&apos;: &apos;-&apos;, &apos;children&apos;: [], &apos;features&apos;: {}}, {&apos;type&apos;: &apos;text&apos;, &apos;bbox&apos;: (492.877, 418.77, 498.437, 432.06), &apos;color_space&apos;: &apos;DeviceGray&apos;, &apos;ncolor&apos;: None, &apos;size&apos;: 13.29000000000002, &apos;value&apos;: &apos;7&apos;, &apos;children&apos;: [], &apos;features&apos;: {}}, {&apos;type&apos;: &apos;text&apos;, &apos;bbox&apos;: (498.437, 418.77, 503.997, 432.06), &apos;color_space&apos;: &apos;DeviceGray&apos;, &apos;ncolor&apos;: None, &apos;size&apos;: 13.29000000000002, &apos;value&apos;: &apos;9&apos;, &apos;children&apos;: [], &apos;features&apos;: {}}], &apos;features&apos;: {}}
*********************





--------------------------------- CONTENT AREA --------------------------------- 
This content area has an image
{&apos;type&apos;: &apos;figure&apos;, &apos;bbox&apos;: (0, 0, 612.0, 792.0), &apos;name&apos;: &apos;fx33&apos;, &apos;children&apos;: [{&apos;type&apos;: &apos;text&apos;, &apos;bbox&apos;: (78.0, 366.75100000000003, 86.33, 380.231), &apos;color_space&apos;: &apos;DeviceGray&apos;, &apos;ncolor&apos;: None, &apos;size&apos;: 13.479999999999961, &apos;value&apos;: &apos;O&apos;, &apos;children&apos;: [], &apos;features&apos;: {}}, {&apos;type&apos;: &apos;text&apos;, &apos;bbox&apos;: (86.33, 366.75100000000003, 91.88, 380.231), &apos;color_space&apos;: &apos;DeviceGray&apos;, &apos;ncolor&apos;: None, &apos;size&apos;: 13.479999999999961, &apos;value&apos;: &apos;v&apos;, &apos;children&apos;: [], &apos;features&apos;: {}}, {&apos;type&apos;: &apos;text&apos;, &apos;bbox&apos;: (91.88, 366.75100000000003, 96.88, 380.231), &apos;color_space&apos;: &apos;DeviceGray&apos;, &apos;ncolor&apos;: None, &apos;size&apos;: 13.479999999999961, &apos;value&apos;: &apos;e&apos;, &apos;children&apos;: [], &apos;features&apos;: {}}, {&apos;type&apos;: &apos;text&apos;, &apos;bbox&apos;: (96.88, 366.75100000000003, 100.77, 380.231), &apos;color_space&apos;: &apos;DeviceGray&apos;, &apos;ncolor&apos;: None, &apos;size&apos;: 13.479999999999961, &apos;value&apos;: &apos;r&apos;, &apos;children&apos;: [], &apos;features&apos;: {}}, {&apos;type&apos;: &apos;text&apos;, &apos;bbox&apos;: (100.77000000000001, 366.75100000000003, 106.32000000000001, 380.231), &apos;color_space&apos;: &apos;DeviceGray&apos;, &apos;ncolor&apos;: None, &apos;size&apos;: 13.479999999999961, &apos;value&apos;: &apos;v&apos;, &apos;children&apos;: [], &apos;features&apos;: {}}, {&apos;type&apos;: &apos;text&apos;, &apos;bbox&apos;: (106.32000000000001, 366.75100000000003, 109.65, 380.231), &apos;color_space&apos;: &apos;DeviceGray&apos;, &apos;ncolor&apos;: None, &apos;size&apos;: 13.479999999999961, &apos;value&apos;: &apos;i&apos;, &apos;children&apos;: [], &apos;features&apos;: {}}, {&apos;type&apos;: &apos;text&apos;, &apos;bbox&apos;: (109.65, 366.75100000000003, 114.65, 380.231), &apos;color_space&apos;: &apos;DeviceGray&apos;, &apos;ncolor&apos;: None, &apos;size&apos;: 13.479999999999961, &apos;value&apos;: &apos;e&apos;, &apos;children&apos;: [], &apos;features&apos;: {}}, {&apos;type&apos;: &apos;text&apos;, &apos;bbox&apos;: (114.65, 366.75100000000003, 122.98, 380.231), &apos;color_space&apos;: &apos;DeviceGray&apos;, &apos;ncolor&apos;: None, &apos;size&apos;: 13.479999999999961, &apos;value&apos;: &apos;w&apos;, &apos;children&apos;: [], &apos;features&apos;: {}}, {&apos;type&apos;: &apos;text&apos;, &apos;bbox&apos;: (125.495, 366.75100000000003, 131.055, 380.231), &apos;color_space&apos;: &apos;DeviceGray&apos;, &apos;ncolor&apos;: None, &apos;size&apos;: 13.479999999999961, &apos;value&apos;: &apos;o&apos;, &apos;children&apos;: [], &apos;features&apos;: {}}, {&apos;type&apos;: &apos;text&apos;, &apos;bbox&apos;: (131.055, 366.75100000000003, 134.945, 380.231), &apos;color_space&apos;: &apos;DeviceGray&apos;, &apos;ncolor&apos;: None, &apos;size&apos;: 13.479999999999961, &apos;value&apos;: &apos;f&apos;, &apos;children&apos;: [], &apos;features&apos;: {}}, {&apos;type&apos;: &apos;text&apos;, &apos;bbox&apos;: (137.448, 366.75100000000003, 140.77800000000002, 380.231), &apos;color_space&apos;: &apos;DeviceGray&apos;, &apos;ncolor&apos;: None, &apos;size&apos;: 13.479999999999961, &apos;value&apos;: &apos;t&apos;, &apos;children&apos;: [], &apos;features&apos;: {}}, {&apos;type&apos;: &apos;text&apos;, &apos;bbox&apos;: (140.77800000000002, 366.75100000000003, 146.87800000000001, 380.231), &apos;color_space&apos;: &apos;DeviceGray&apos;, &apos;ncolor&apos;: None, &apos;size&apos;: 13.479999999999961, &apos;value&apos;: &apos;h&apos;, &apos;children&apos;: [], &apos;features&apos;: {}}, {&apos;type&apos;: &apos;text&apos;, &apos;bbox&apos;: (146.87800000000001, 366.75100000000003, 151.87800000000001, 380.231), &apos;color_space&apos;: &apos;DeviceGray&apos;, &apos;ncolor&apos;: None, &apos;size&apos;: 13.479999999999961, &apos;value&apos;: &apos;e&apos;, &apos;children&apos;: [], &apos;features&apos;: {}}, {&apos;type&apos;: &apos;text&apos;, &apos;bbox&apos;: (154.386, 366.75100000000003, 160.436, 380.231), &apos;color_space&apos;: &apos;DeviceGray&apos;, &apos;ncolor&apos;: None, &apos;size&apos;: 13.479999999999961, &apos;value&apos;: &apos;L&apos;, &apos;children&apos;: [], &apos;features&apos;: {}}, {&apos;type&apos;: &apos;text&apos;, &apos;bbox&apos;: (160.436, 366.75100000000003, 166.48600000000002, 380.231), &apos;color_space&apos;: &apos;DeviceGray&apos;, &apos;ncolor&apos;: None, &apos;size&apos;: 13.479999999999961, &apos;value&apos;: &apos;E&apos;, &apos;children&apos;: [], &apos;features&apos;: {}}, {&apos;type&apos;: &apos;text&apos;, &apos;bbox&apos;: (166.486, 366.75100000000003, 174.796, 380.231), &apos;color_space&apos;: &apos;DeviceGray&apos;, &apos;ncolor&apos;: None, &apos;size&apos;: 13.479999999999961, &apos;value&apos;: &apos;D&apos;, &apos;children&apos;: [], &apos;features&apos;: {}}, {&apos;type&apos;: &apos;text&apos;, &apos;bbox&apos;: (174.796, 366.75100000000003, 183.126, 380.231), &apos;color_space&apos;: &apos;DeviceGray&apos;, &apos;ncolor&apos;: None, &apos;size&apos;: 13.479999999999961, &apos;value&apos;: &apos;G&apos;, &apos;children&apos;: [], &apos;features&apos;: {}}, {&apos;type&apos;: &apos;text&apos;, &apos;bbox&apos;: (183.126, 366.75100000000003, 189.17600000000002, 380.231), &apos;color_space&apos;: &apos;DeviceGray&apos;, &apos;ncolor&apos;: None, &apos;size&apos;: 13.479999999999961, &apos;value&apos;: &apos;E&apos;, &apos;children&apos;: [], &apos;features&apos;: {}}, {&apos;type&apos;: &apos;text&apos;, &apos;bbox&apos;: (189.176, 366.75100000000003, 196.30599999999998, 380.231), &apos;color_space&apos;: &apos;DeviceGray&apos;, &apos;ncolor&apos;: None, &apos;size&apos;: 13.479999999999961, &apos;value&apos;: &apos;R&apos;, &apos;children&apos;: [], &apos;features&apos;: {}}, {&apos;type&apos;: &apos;text&apos;, &apos;bbox&apos;: (196.30599999999998, 366.75100000000003, 201.30599999999998, 380.231), &apos;color_space&apos;: &apos;DeviceGray&apos;, &apos;ncolor&apos;: None, &apos;size&apos;: 13.479999999999961, &apos;value&apos;: &apos;_&apos;, &apos;children&apos;: [], &apos;features&apos;: {}}, {&apos;type&apos;: &apos;text&apos;, &apos;bbox&apos;: (201.30599999999998, 366.75100000000003, 207.40599999999998, 380.231), &apos;color_space&apos;: &apos;DeviceGray&apos;, &apos;ncolor&apos;: None, &apos;size&apos;: 13.479999999999961, &apos;value&apos;: &apos;S&apos;, &apos;children&apos;: [], &apos;features&apos;: {}}, {&apos;type&apos;: &apos;text&apos;, &apos;bbox&apos;: (207.406, 366.75100000000003, 214.066, 380.231), &apos;color_space&apos;: &apos;DeviceGray&apos;, &apos;ncolor&apos;: None, &apos;size&apos;: 13.479999999999961, &apos;value&apos;: &apos;T&apos;, &apos;children&apos;: [], &apos;features&apos;: {}}, {&apos;type&apos;: &apos;text&apos;, &apos;bbox&apos;: (214.066, 366.75100000000003, 221.836, 380.231), &apos;color_space&apos;: &apos;DeviceGray&apos;, &apos;ncolor&apos;: None, &apos;size&apos;: 13.479999999999961, &apos;value&apos;: &apos;A&apos;, &apos;children&apos;: [], &apos;features&apos;: {}}, {&apos;type&apos;: &apos;text&apos;, &apos;bbox&apos;: (221.836, 366.75100000000003, 228.496, 380.231), &apos;color_space&apos;: &apos;DeviceGray&apos;, &apos;ncolor&apos;: None, &apos;size&apos;: 13.479999999999961, &apos;value&apos;: &apos;T&apos;, &apos;children&apos;: [], &apos;features&apos;: {}}, {&apos;type&apos;: &apos;text&apos;, &apos;bbox&apos;: (231.07, 366.75100000000003, 239.38, 380.231), &apos;color_space&apos;: &apos;DeviceGray&apos;, &apos;ncolor&apos;: None, &apos;size&apos;: 13.479999999999961, &apos;value&apos;: &apos;D&apos;, &apos;children&apos;: [], &apos;features&apos;: {}}, {&apos;type&apos;: &apos;text&apos;, &apos;bbox&apos;: (239.38, 366.75100000000003, 244.38, 380.231), &apos;color_space&apos;: &apos;DeviceGray&apos;, &apos;ncolor&apos;: None, &apos;size&apos;: 13.479999999999961, &apos;value&apos;: &apos;a&apos;, &apos;children&apos;: [], &apos;features&apos;: {}}, {&apos;type&apos;: &apos;text&apos;, &apos;bbox&apos;: (244.38, 366.75100000000003, 247.71, 380.231), &apos;color_space&apos;: &apos;DeviceGray&apos;, &apos;ncolor&apos;: None, &apos;size&apos;: 13.479999999999961, &apos;value&apos;: &apos;t&apos;, &apos;children&apos;: [], &apos;features&apos;: {}}, {&apos;type&apos;: &apos;text&apos;, &apos;bbox&apos;: (247.70999999999998, 366.75100000000003, 252.70999999999998, 380.231), &apos;color_space&apos;: &apos;DeviceGray&apos;, &apos;ncolor&apos;: None, &apos;size&apos;: 13.479999999999961, &apos;value&apos;: &apos;a&apos;, &apos;children&apos;: [], &apos;features&apos;: {}}, {&apos;type&apos;: &apos;text&apos;, &apos;bbox&apos;: (252.70999999999998, 366.75100000000003, 258.81, 380.231), &apos;color_space&apos;: &apos;DeviceGray&apos;, &apos;ncolor&apos;: None, &apos;size&apos;: 13.479999999999961, &apos;value&apos;: &apos;b&apos;, &apos;children&apos;: [], &apos;features&apos;: {}}, {&apos;type&apos;: &apos;text&apos;, &apos;bbox&apos;: (258.81, 366.75100000000003, 263.81, 380.231), &apos;color_space&apos;: &apos;DeviceGray&apos;, &apos;ncolor&apos;: None, &apos;size&apos;: 13.479999999999961, &apos;value&apos;: &apos;a&apos;, &apos;children&apos;: [], &apos;features&apos;: {}}, {&apos;type&apos;: &apos;text&apos;, &apos;bbox&apos;: (263.81, 366.75100000000003, 268.24, 380.231), &apos;color_space&apos;: &apos;DeviceGray&apos;, &apos;ncolor&apos;: None, &apos;size&apos;: 13.479999999999961, &apos;value&apos;: &apos;s&apos;, &apos;children&apos;: [], &apos;features&apos;: {}}, {&apos;type&apos;: &apos;text&apos;, &apos;bbox&apos;: (268.24, 366.75100000000003, 273.24, 380.231), &apos;color_space&apos;: &apos;DeviceGray&apos;, &apos;ncolor&apos;: None, &apos;size&apos;: 13.479999999999961, &apos;value&apos;: &apos;e&apos;, &apos;children&apos;: [], &apos;features&apos;: {}}, {&apos;type&apos;: &apos;text&apos;, &apos;bbox&apos;: (275.757, 366.75100000000003, 279.087, 380.231), &apos;color_space&apos;: &apos;DeviceGray&apos;, &apos;ncolor&apos;: None, &apos;size&apos;: 13.479999999999961, &apos;value&apos;: &apos;t&apos;, &apos;children&apos;: [], &apos;features&apos;: {}}, {&apos;type&apos;: &apos;text&apos;, &apos;bbox&apos;: (279.087, 366.75100000000003, 284.087, 380.231), &apos;color_space&apos;: &apos;DeviceGray&apos;, &apos;ncolor&apos;: None, &apos;size&apos;: 13.479999999999961, &apos;value&apos;: &apos;a&apos;, &apos;children&apos;: [], &apos;features&apos;: {}}, {&apos;type&apos;: &apos;text&apos;, &apos;bbox&apos;: (284.087, 366.75100000000003, 290.187, 380.231), &apos;color_space&apos;: &apos;DeviceGray&apos;, &apos;ncolor&apos;: None, &apos;size&apos;: 13.479999999999961, &apos;value&apos;: &apos;b&apos;, &apos;children&apos;: [], &apos;features&apos;: {}}, {&apos;type&apos;: &apos;text&apos;, &apos;bbox&apos;: (290.187, 366.75100000000003, 293.517, 380.231), &apos;color_space&apos;: &apos;DeviceGray&apos;, &apos;ncolor&apos;: None, &apos;size&apos;: 13.479999999999961, &apos;value&apos;: &apos;l&apos;, &apos;children&apos;: [], &apos;features&apos;: {}}, {&apos;type&apos;: &apos;text&apos;, &apos;bbox&apos;: (293.517, 366.75100000000003, 298.517, 380.231), &apos;color_space&apos;: &apos;DeviceGray&apos;, &apos;ncolor&apos;: None, &apos;size&apos;: 13.479999999999961, &apos;value&apos;: &apos;e&apos;, &apos;children&apos;: [], &apos;features&apos;: {}}, {&apos;type&apos;: &apos;text&apos;, &apos;bbox&apos;: (298.525, 367.481, 301.29499999999996, 380.771), &apos;color_space&apos;: &apos;DeviceGray&apos;, &apos;ncolor&apos;: None, &apos;size&apos;: 13.29000000000002, &apos;value&apos;: &apos;.&apos;, &apos;children&apos;: [], &apos;features&apos;: {}}, {&apos;type&apos;: &apos;text&apos;, &apos;bbox&apos;: (301.29499999999996, 367.481, 304.06499999999994, 380.771), &apos;color_space&apos;: &apos;DeviceGray&apos;, &apos;ncolor&apos;: None, &apos;size&apos;: 13.29000000000002, &apos;value&apos;: &apos;.&apos;, &apos;children&apos;: [], &apos;features&apos;: {}}, {&apos;type&apos;: &apos;text&apos;, &apos;bbox&apos;: (304.065, 367.481, 306.835, 380.771), &apos;color_space&apos;: &apos;DeviceGray&apos;, &apos;ncolor&apos;: None, &apos;size&apos;: 13.29000000000002, &apos;value&apos;: &apos;.&apos;, &apos;children&apos;: [], &apos;features&apos;: {}}, {&apos;type&apos;: &apos;text&apos;, &apos;bbox&apos;: (306.835, 367.481, 309.60499999999996, 380.771), &apos;color_space&apos;: &apos;DeviceGray&apos;, &apos;ncolor&apos;: None, &apos;size&apos;: 13.29000000000002, &apos;value&apos;: &apos;.&apos;, &apos;children&apos;: [], &apos;features&apos;: {}}, {&apos;type&apos;: &apos;text&apos;, &apos;bbox&apos;: (309.60499999999996, 367.481, 312.37499999999994, 380.771), &apos;color_space&apos;: &apos;DeviceGray&apos;, &apos;ncolor&apos;: None, &apos;size&apos;: 13.29000000000002, &apos;value&apos;: &apos;.&apos;, &apos;children&apos;: [], &apos;features&apos;: {}}, {&apos;type&apos;: &apos;text&apos;, &apos;bbox&apos;: (312.375, 367.481, 315.145, 380.771), &apos;color_space&apos;: &apos;DeviceGray&apos;, &apos;ncolor&apos;: None, &apos;size&apos;: 13.29000000000002, &apos;value&apos;: &apos;.&apos;, &apos;children&apos;: [], &apos;features&apos;: {}}, {&apos;type&apos;: &apos;text&apos;, &apos;bbox&apos;: (315.145, 367.481, 317.91499999999996, 380.771), &apos;color_space&apos;: &apos;DeviceGray&apos;, &apos;ncolor&apos;: None, &apos;size&apos;: 13.29000000000002, &apos;value&apos;: &apos;.&apos;, &apos;children&apos;: [], &apos;features&apos;: {}}, {&apos;type&apos;: &apos;text&apos;, &apos;bbox&apos;: (317.91499999999996, 367.481, 320.68499999999995, 380.771), &apos;color_space&apos;: &apos;DeviceGray&apos;, &apos;ncolor&apos;: None, &apos;size&apos;: 13.29000000000002, &apos;value&apos;: &apos;.&apos;, &apos;children&apos;: [], &apos;features&apos;: {}}, {&apos;type&apos;: &apos;text&apos;, &apos;bbox&apos;: (320.685, 367.481, 323.455, 380.771), &apos;color_space&apos;: &apos;DeviceGray&apos;, &apos;ncolor&apos;: None, &apos;size&apos;: 13.29000000000002, &apos;value&apos;: &apos;.&apos;, &apos;children&apos;: [], &apos;features&apos;: {}}, {&apos;type&apos;: &apos;text&apos;, &apos;bbox&apos;: (323.455, 367.481, 326.22499999999997, 380.771), &apos;color_space&apos;: &apos;DeviceGray&apos;, &apos;ncolor&apos;: None, &apos;size&apos;: 13.29000000000002, &apos;value&apos;: &apos;.&apos;, &apos;children&apos;: [], &apos;features&apos;: {}}, {&apos;type&apos;: &apos;text&apos;, &apos;bbox&apos;: (326.22499999999997, 367.481, 328.99499999999995, 380.771), &apos;color_space&apos;: &apos;DeviceGray&apos;, &apos;ncolor&apos;: None, &apos;size&apos;: 13.29000000000002, &apos;value&apos;: &apos;.&apos;, &apos;children&apos;: [], &apos;features&apos;: {}}, {&apos;type&apos;: &apos;text&apos;, &apos;bbox&apos;: (328.995, 367.481, 331.765, 380.771), &apos;color_space&apos;: &apos;DeviceGray&apos;, &apos;ncolor&apos;: None, &apos;size&apos;: 13.29000000000002, &apos;value&apos;: &apos;.&apos;, &apos;children&apos;: [], &apos;features&apos;: {}}, {&apos;type&apos;: &apos;text&apos;, &apos;bbox&apos;: (331.765, 367.481, 334.53499999999997, 380.771), &apos;color_space&apos;: &apos;DeviceGray&apos;, &apos;ncolor&apos;: None, &apos;size&apos;: 13.29000000000002, &apos;value&apos;: &apos;.&apos;, &apos;children&apos;: [], &apos;features&apos;: {}}, {&apos;type&apos;: &apos;text&apos;, &apos;bbox&apos;: (334.53499999999997, 367.481, 337.30499999999995, 380.771), &apos;color_space&apos;: &apos;DeviceGray&apos;, &apos;ncolor&apos;: None, &apos;size&apos;: 13.29000000000002, &apos;value&apos;: &apos;.&apos;, &apos;children&apos;: [], &apos;features&apos;: {}}, {&apos;type&apos;: &apos;text&apos;, &apos;bbox&apos;: (337.305, 367.481, 340.075, 380.771), &apos;color_space&apos;: &apos;DeviceGray&apos;, &apos;ncolor&apos;: None, &apos;size&apos;: 13.29000000000002, &apos;value&apos;: &apos;.&apos;, &apos;children&apos;: [], &apos;features&apos;: {}}, {&apos;type&apos;: &apos;text&apos;, &apos;bbox&apos;: (340.075, 367.481, 342.84499999999997, 380.771), &apos;color_space&apos;: &apos;DeviceGray&apos;, &apos;ncolor&apos;: None, &apos;size&apos;: 13.29000000000002, &apos;value&apos;: &apos;.&apos;, &apos;children&apos;: [], &apos;features&apos;: {}}, {&apos;type&apos;: &apos;text&apos;, &apos;bbox&apos;: (342.84499999999997, 367.481, 345.61499999999995, 380.771), &apos;color_space&apos;: &apos;DeviceGray&apos;, &apos;ncolor&apos;: None, &apos;size&apos;: 13.29000000000002, &apos;value&apos;: &apos;.&apos;, &apos;children&apos;: [], &apos;features&apos;: {}}, {&apos;type&apos;: &apos;text&apos;, &apos;bbox&apos;: (345.615, 367.481, 348.385, 380.771), &apos;color_space&apos;: &apos;DeviceGray&apos;, &apos;ncolor&apos;: None, &apos;size&apos;: 13.29000000000002, &apos;value&apos;: &apos;.&apos;, &apos;children&apos;: [], &apos;features&apos;: {}}, {&apos;type&apos;: &apos;text&apos;, &apos;bbox&apos;: (348.385, 367.481, 351.155, 380.771), &apos;color_space&apos;: &apos;DeviceGray&apos;, &apos;ncolor&apos;: None, &apos;size&apos;: 13.29000000000002, &apos;value&apos;: &apos;.&apos;, &apos;children&apos;: [], &apos;features&apos;: {}}, {&apos;type&apos;: &apos;text&apos;, &apos;bbox&apos;: (351.155, 367.481, 353.92499999999995, 380.771), &apos;color_space&apos;: &apos;DeviceGray&apos;, &apos;ncolor&apos;: None, &apos;size&apos;: 13.29000000000002, &apos;value&apos;: &apos;.&apos;, &apos;children&apos;: [], &apos;features&apos;: {}}, {&apos;type&apos;: &apos;text&apos;, &apos;bbox&apos;: (353.925, 367.481, 356.695, 380.771), &apos;color_space&apos;: &apos;DeviceGray&apos;, &apos;ncolor&apos;: None, &apos;size&apos;: 13.29000000000002, &apos;value&apos;: &apos;.&apos;, &apos;children&apos;: [], &apos;features&apos;: {}}, {&apos;type&apos;: &apos;text&apos;, &apos;bbox&apos;: (356.695, 367.481, 359.465, 380.771), &apos;color_space&apos;: &apos;DeviceGray&apos;, &apos;ncolor&apos;: None, &apos;size&apos;: 13.29000000000002, &apos;value&apos;: &apos;.&apos;, &apos;children&apos;: [], &apos;features&apos;: {}}, {&apos;type&apos;: &apos;text&apos;, &apos;bbox&apos;: (359.46500000000003, 367.481, 362.235, 380.771), &apos;color_space&apos;: &apos;DeviceGray&apos;, &apos;ncolor&apos;: None, &apos;size&apos;: 13.29000000000002, &apos;value&apos;: &apos;.&apos;, &apos;children&apos;: [], &apos;features&apos;: {}}, {&apos;type&apos;: &apos;text&apos;, &apos;bbox&apos;: (362.235, 367.481, 365.005, 380.771), &apos;color_space&apos;: &apos;DeviceGray&apos;, &apos;ncolor&apos;: None, &apos;size&apos;: 13.29000000000002, &apos;value&apos;: &apos;.&apos;, &apos;children&apos;: [], &apos;features&apos;: {}}, {&apos;type&apos;: &apos;text&apos;, &apos;bbox&apos;: (365.005, 367.481, 367.775, 380.771), &apos;color_space&apos;: &apos;DeviceGray&apos;, &apos;ncolor&apos;: None, &apos;size&apos;: 13.29000000000002, &apos;value&apos;: &apos;.&apos;, &apos;children&apos;: [], &apos;features&apos;: {}}, {&apos;type&apos;: &apos;text&apos;, &apos;bbox&apos;: (367.775, 367.481, 370.54499999999996, 380.771), &apos;color_space&apos;: &apos;DeviceGray&apos;, &apos;ncolor&apos;: None, &apos;size&apos;: 13.29000000000002, &apos;value&apos;: &apos;.&apos;, &apos;children&apos;: [], &apos;features&apos;: {}}, {&apos;type&apos;: &apos;text&apos;, &apos;bbox&apos;: (370.545, 367.481, 373.315, 380.771), &apos;color_space&apos;: &apos;DeviceGray&apos;, &apos;ncolor&apos;: None, &apos;size&apos;: 13.29000000000002, &apos;value&apos;: &apos;.&apos;, &apos;children&apos;: [], &apos;features&apos;: {}}, {&apos;type&apos;: &apos;text&apos;, &apos;bbox&apos;: (373.315, 367.481, 376.085, 380.771), &apos;color_space&apos;: &apos;DeviceGray&apos;, &apos;ncolor&apos;: None, &apos;size&apos;: 13.29000000000002, &apos;value&apos;: &apos;.&apos;, &apos;children&apos;: [], &apos;features&apos;: {}}, {&apos;type&apos;: &apos;text&apos;, &apos;bbox&apos;: (376.085, 367.481, 378.85499999999996, 380.771), &apos;color_space&apos;: &apos;DeviceGray&apos;, &apos;ncolor&apos;: None, &apos;size&apos;: 13.29000000000002, &apos;value&apos;: &apos;.&apos;, &apos;children&apos;: [], &apos;features&apos;: {}}, {&apos;type&apos;: &apos;text&apos;, &apos;bbox&apos;: (378.855, 367.481, 381.625, 380.771), &apos;color_space&apos;: &apos;DeviceGray&apos;, &apos;ncolor&apos;: None, &apos;size&apos;: 13.29000000000002, &apos;value&apos;: &apos;.&apos;, &apos;children&apos;: [], &apos;features&apos;: {}}, {&apos;type&apos;: &apos;text&apos;, &apos;bbox&apos;: (381.625, 367.481, 384.395, 380.771), &apos;color_space&apos;: &apos;DeviceGray&apos;, &apos;ncolor&apos;: None, &apos;size&apos;: 13.29000000000002, &apos;value&apos;: &apos;.&apos;, &apos;children&apos;: [], &apos;features&apos;: {}}, {&apos;type&apos;: &apos;text&apos;, &apos;bbox&apos;: (384.395, 367.481, 387.16499999999996, 380.771), &apos;color_space&apos;: &apos;DeviceGray&apos;, &apos;ncolor&apos;: None, &apos;size&apos;: 13.29000000000002, &apos;value&apos;: &apos;.&apos;, &apos;children&apos;: [], &apos;features&apos;: {}}, {&apos;type&apos;: &apos;text&apos;, &apos;bbox&apos;: (387.16499999999996, 367.481, 389.93499999999995, 380.771), &apos;color_space&apos;: &apos;DeviceGray&apos;, &apos;ncolor&apos;: None, &apos;size&apos;: 13.29000000000002, &apos;value&apos;: &apos;.&apos;, &apos;children&apos;: [], &apos;features&apos;: {}}, {&apos;type&apos;: &apos;text&apos;, &apos;bbox&apos;: (389.93499999999995, 367.481, 392.7049999999999, 380.771), &apos;color_space&apos;: &apos;DeviceGray&apos;, &apos;ncolor&apos;: None, &apos;size&apos;: 13.29000000000002, &apos;value&apos;: &apos;.&apos;, &apos;children&apos;: [], &apos;features&apos;: {}}, {&apos;type&apos;: &apos;text&apos;, &apos;bbox&apos;: (392.705, 367.481, 395.47499999999997, 380.771), &apos;color_space&apos;: &apos;DeviceGray&apos;, &apos;ncolor&apos;: None, &apos;size&apos;: 13.29000000000002, &apos;value&apos;: &apos;.&apos;, &apos;children&apos;: [], &apos;features&apos;: {}}, {&apos;type&apos;: &apos;text&apos;, &apos;bbox&apos;: (395.47499999999997, 367.481, 398.24499999999995, 380.771), &apos;color_space&apos;: &apos;DeviceGray&apos;, &apos;ncolor&apos;: None, &apos;size&apos;: 13.29000000000002, &apos;value&apos;: &apos;.&apos;, &apos;children&apos;: [], &apos;features&apos;: {}}, {&apos;type&apos;: &apos;text&apos;, &apos;bbox&apos;: (398.24499999999995, 367.481, 401.01499999999993, 380.771), &apos;color_space&apos;: &apos;DeviceGray&apos;, &apos;ncolor&apos;: None, &apos;size&apos;: 13.29000000000002, &apos;value&apos;: &apos;.&apos;, &apos;children&apos;: [], &apos;features&apos;: {}}, {&apos;type&apos;: &apos;text&apos;, &apos;bbox&apos;: (401.015, 367.481, 403.78499999999997, 380.771), &apos;color_space&apos;: &apos;DeviceGray&apos;, &apos;ncolor&apos;: None, &apos;size&apos;: 13.29000000000002, &apos;value&apos;: &apos;.&apos;, &apos;children&apos;: [], &apos;features&apos;: {}}, {&apos;type&apos;: &apos;text&apos;, &apos;bbox&apos;: (403.78499999999997, 367.481, 406.55499999999995, 380.771), &apos;color_space&apos;: &apos;DeviceGray&apos;, &apos;ncolor&apos;: None, &apos;size&apos;: 13.29000000000002, &apos;value&apos;: &apos;.&apos;, &apos;children&apos;: [], &apos;features&apos;: {}}, {&apos;type&apos;: &apos;text&apos;, &apos;bbox&apos;: (406.55499999999995, 367.481, 409.32499999999993, 380.771), &apos;color_space&apos;: &apos;DeviceGray&apos;, &apos;ncolor&apos;: None, &apos;size&apos;: 13.29000000000002, &apos;value&apos;: &apos;.&apos;, &apos;children&apos;: [], &apos;features&apos;: {}}, {&apos;type&apos;: &apos;text&apos;, &apos;bbox&apos;: (409.32499999999993, 367.481, 412.0949999999999, 380.771), &apos;color_space&apos;: &apos;DeviceGray&apos;, &apos;ncolor&apos;: None, &apos;size&apos;: 13.29000000000002, &apos;value&apos;: &apos;.&apos;, &apos;children&apos;: [], &apos;features&apos;: {}}, {&apos;type&apos;: &apos;text&apos;, &apos;bbox&apos;: (412.0949999999999, 367.481, 414.8649999999999, 380.771), &apos;color_space&apos;: &apos;DeviceGray&apos;, &apos;ncolor&apos;: None, &apos;size&apos;: 13.29000000000002, &apos;value&apos;: &apos;.&apos;, &apos;children&apos;: [], &apos;features&apos;: {}}, {&apos;type&apos;: &apos;text&apos;, &apos;bbox&apos;: (414.86499999999995, 367.481, 417.63499999999993, 380.771), &apos;color_space&apos;: &apos;DeviceGray&apos;, &apos;ncolor&apos;: None, &apos;size&apos;: 13.29000000000002, &apos;value&apos;: &apos;.&apos;, &apos;children&apos;: [], &apos;features&apos;: {}}, {&apos;type&apos;: &apos;text&apos;, &apos;bbox&apos;: (417.63499999999993, 367.481, 420.4049999999999, 380.771), &apos;color_space&apos;: &apos;DeviceGray&apos;, &apos;ncolor&apos;: None, &apos;size&apos;: 13.29000000000002, &apos;value&apos;: &apos;.&apos;, &apos;children&apos;: [], &apos;features&apos;: {}}, {&apos;type&apos;: &apos;text&apos;, &apos;bbox&apos;: (420.4049999999999, 367.481, 423.1749999999999, 380.771), &apos;color_space&apos;: &apos;DeviceGray&apos;, &apos;ncolor&apos;: None, &apos;size&apos;: 13.29000000000002, &apos;value&apos;: &apos;.&apos;, &apos;children&apos;: [], &apos;features&apos;: {}}, {&apos;type&apos;: &apos;text&apos;, &apos;bbox&apos;: (423.17499999999995, 367.481, 425.94499999999994, 380.771), &apos;color_space&apos;: &apos;DeviceGray&apos;, &apos;ncolor&apos;: None, &apos;size&apos;: 13.29000000000002, &apos;value&apos;: &apos;.&apos;, &apos;children&apos;: [], &apos;features&apos;: {}}, {&apos;type&apos;: &apos;text&apos;, &apos;bbox&apos;: (425.94499999999994, 367.481, 428.7149999999999, 380.771), &apos;color_space&apos;: &apos;DeviceGray&apos;, &apos;ncolor&apos;: None, &apos;size&apos;: 13.29000000000002, &apos;value&apos;: &apos;.&apos;, &apos;children&apos;: [], &apos;features&apos;: {}}, {&apos;type&apos;: &apos;text&apos;, &apos;bbox&apos;: (428.7149999999999, 367.481, 431.4849999999999, 380.771), &apos;color_space&apos;: &apos;DeviceGray&apos;, &apos;ncolor&apos;: None, &apos;size&apos;: 13.29000000000002, &apos;value&apos;: &apos;.&apos;, &apos;children&apos;: [], &apos;features&apos;: {}}, {&apos;type&apos;: &apos;text&apos;, &apos;bbox&apos;: (431.4849999999999, 367.481, 434.2549999999999, 380.771), &apos;color_space&apos;: &apos;DeviceGray&apos;, &apos;ncolor&apos;: None, &apos;size&apos;: 13.29000000000002, &apos;value&apos;: &apos;.&apos;, &apos;children&apos;: [], &apos;features&apos;: {}}, {&apos;type&apos;: &apos;text&apos;, &apos;bbox&apos;: (434.25499999999994, 367.481, 437.0249999999999, 380.771), &apos;color_space&apos;: &apos;DeviceGray&apos;, &apos;ncolor&apos;: None, &apos;size&apos;: 13.29000000000002, &apos;value&apos;: &apos;.&apos;, &apos;children&apos;: [], &apos;features&apos;: {}}, {&apos;type&apos;: &apos;text&apos;, &apos;bbox&apos;: (437.025, 367.481, 439.79499999999996, 380.771), &apos;color_space&apos;: &apos;DeviceGray&apos;, &apos;ncolor&apos;: None, &apos;size&apos;: 13.29000000000002, &apos;value&apos;: &apos;.&apos;, &apos;children&apos;: [], &apos;features&apos;: {}}, {&apos;type&apos;: &apos;text&apos;, &apos;bbox&apos;: (439.79499999999996, 367.481, 442.56499999999994, 380.771), &apos;color_space&apos;: &apos;DeviceGray&apos;, &apos;ncolor&apos;: None, &apos;size&apos;: 13.29000000000002, &apos;value&apos;: &apos;.&apos;, &apos;children&apos;: [], &apos;features&apos;: {}}, {&apos;type&apos;: &apos;text&apos;, &apos;bbox&apos;: (442.56499999999994, 367.481, 445.3349999999999, 380.771), &apos;color_space&apos;: &apos;DeviceGray&apos;, &apos;ncolor&apos;: None, &apos;size&apos;: 13.29000000000002, &apos;value&apos;: &apos;.&apos;, &apos;children&apos;: [], &apos;features&apos;: {}}, {&apos;type&apos;: &apos;text&apos;, &apos;bbox&apos;: (445.335, 367.481, 448.10499999999996, 380.771), &apos;color_space&apos;: &apos;DeviceGray&apos;, &apos;ncolor&apos;: None, &apos;size&apos;: 13.29000000000002, &apos;value&apos;: &apos;.&apos;, &apos;children&apos;: [], &apos;features&apos;: {}}, {&apos;type&apos;: &apos;text&apos;, &apos;bbox&apos;: (448.105, 367.481, 450.875, 380.771), &apos;color_space&apos;: &apos;DeviceGray&apos;, &apos;ncolor&apos;: None, &apos;size&apos;: 13.29000000000002, &apos;value&apos;: &apos;.&apos;, &apos;children&apos;: [], &apos;features&apos;: {}}, {&apos;type&apos;: &apos;text&apos;, &apos;bbox&apos;: (450.875, 367.481, 453.645, 380.771), &apos;color_space&apos;: &apos;DeviceGray&apos;, &apos;ncolor&apos;: None, &apos;size&apos;: 13.29000000000002, &apos;value&apos;: &apos;.&apos;, &apos;children&apos;: [], &apos;features&apos;: {}}, {&apos;type&apos;: &apos;text&apos;, &apos;bbox&apos;: (453.645, 367.481, 456.41499999999996, 380.771), &apos;color_space&apos;: &apos;DeviceGray&apos;, &apos;ncolor&apos;: None, &apos;size&apos;: 13.29000000000002, &apos;value&apos;: &apos;.&apos;, &apos;children&apos;: [], &apos;features&apos;: {}}, {&apos;type&apos;: &apos;text&apos;, &apos;bbox&apos;: (456.415, 367.481, 459.185, 380.771), &apos;color_space&apos;: &apos;DeviceGray&apos;, &apos;ncolor&apos;: None, &apos;size&apos;: 13.29000000000002, &apos;value&apos;: &apos;.&apos;, &apos;children&apos;: [], &apos;features&apos;: {}}, {&apos;type&apos;: &apos;text&apos;, &apos;bbox&apos;: (459.18500000000006, 367.481, 461.95500000000004, 380.771), &apos;color_space&apos;: &apos;DeviceGray&apos;, &apos;ncolor&apos;: None, &apos;size&apos;: 13.29000000000002, &apos;value&apos;: &apos;.&apos;, &apos;children&apos;: [], &apos;features&apos;: {}}, {&apos;type&apos;: &apos;text&apos;, &apos;bbox&apos;: (461.95500000000004, 367.481, 464.725, 380.771), &apos;color_space&apos;: &apos;DeviceGray&apos;, &apos;ncolor&apos;: None, &apos;size&apos;: 13.29000000000002, &apos;value&apos;: &apos;.&apos;, &apos;children&apos;: [], &apos;features&apos;: {}}, {&apos;type&apos;: &apos;text&apos;, &apos;bbox&apos;: (464.725, 367.481, 467.495, 380.771), &apos;color_space&apos;: &apos;DeviceGray&apos;, &apos;ncolor&apos;: None, &apos;size&apos;: 13.29000000000002, &apos;value&apos;: &apos;.&apos;, &apos;children&apos;: [], &apos;features&apos;: {}}, {&apos;type&apos;: &apos;text&apos;, &apos;bbox&apos;: (467.49500000000006, 367.481, 470.26500000000004, 380.771), &apos;color_space&apos;: &apos;DeviceGray&apos;, &apos;ncolor&apos;: None, &apos;size&apos;: 13.29000000000002, &apos;value&apos;: &apos;.&apos;, &apos;children&apos;: [], &apos;features&apos;: {}}, {&apos;type&apos;: &apos;text&apos;, &apos;bbox&apos;: (470.2650000000001, 367.481, 473.0350000000001, 380.771), &apos;color_space&apos;: &apos;DeviceGray&apos;, &apos;ncolor&apos;: None, &apos;size&apos;: 13.29000000000002, &apos;value&apos;: &apos;.&apos;, &apos;children&apos;: [], &apos;features&apos;: {}}, {&apos;type&apos;: &apos;text&apos;, &apos;bbox&apos;: (473.0350000000001, 367.481, 475.80500000000006, 380.771), &apos;color_space&apos;: &apos;DeviceGray&apos;, &apos;ncolor&apos;: None, &apos;size&apos;: 13.29000000000002, &apos;value&apos;: &apos;.&apos;, &apos;children&apos;: [], &apos;features&apos;: {}}, {&apos;type&apos;: &apos;text&apos;, &apos;bbox&apos;: (475.80500000000006, 367.481, 478.57500000000005, 380.771), &apos;color_space&apos;: &apos;DeviceGray&apos;, &apos;ncolor&apos;: None, &apos;size&apos;: 13.29000000000002, &apos;value&apos;: &apos;.&apos;, &apos;children&apos;: [], &apos;features&apos;: {}}, {&apos;type&apos;: &apos;text&apos;, &apos;bbox&apos;: (478.5750000000001, 367.481, 481.3450000000001, 380.771), &apos;color_space&apos;: &apos;DeviceGray&apos;, &apos;ncolor&apos;: None, &apos;size&apos;: 13.29000000000002, &apos;value&apos;: &apos;.&apos;, &apos;children&apos;: [], &apos;features&apos;: {}}, {&apos;type&apos;: &apos;text&apos;, &apos;bbox&apos;: (481.34500000000014, 367.481, 484.1150000000001, 380.771), &apos;color_space&apos;: &apos;DeviceGray&apos;, &apos;ncolor&apos;: None, &apos;size&apos;: 13.29000000000002, &apos;value&apos;: &apos;.&apos;, &apos;children&apos;: [], &apos;features&apos;: {}}, {&apos;type&apos;: &apos;text&apos;, &apos;bbox&apos;: (484.1150000000001, 367.481, 486.8850000000001, 380.771), &apos;color_space&apos;: &apos;DeviceGray&apos;, &apos;ncolor&apos;: None, &apos;size&apos;: 13.29000000000002, &apos;value&apos;: &apos;.&apos;, &apos;children&apos;: [], &apos;features&apos;: {}}, {&apos;type&apos;: &apos;text&apos;, &apos;bbox&apos;: (489.548, 367.481, 495.108, 380.771), &apos;color_space&apos;: &apos;DeviceGray&apos;, &apos;ncolor&apos;: None, &apos;size&apos;: 13.29000000000002, &apos;value&apos;: &apos;5&apos;, &apos;children&apos;: [], &apos;features&apos;: {}}, {&apos;type&apos;: &apos;text&apos;, &apos;bbox&apos;: (495.108, 367.481, 498.438, 380.771), &apos;color_space&apos;: &apos;DeviceGray&apos;, &apos;ncolor&apos;: None, &apos;size&apos;: 13.29000000000002, &apos;value&apos;: &apos;-&apos;, &apos;children&apos;: [], &apos;features&apos;: {}}, {&apos;type&apos;: &apos;text&apos;, &apos;bbox&apos;: (498.439, 367.481, 503.999, 380.771), &apos;color_space&apos;: &apos;DeviceGray&apos;, &apos;ncolor&apos;: None, &apos;size&apos;: 13.29000000000002, &apos;value&apos;: &apos;1&apos;, &apos;children&apos;: [], &apos;features&apos;: {}}], &apos;features&apos;: {}}
*********************





--------------------------------- CONTENT AREA --------------------------------- 
This content area has an image
{&apos;type&apos;: &apos;figure&apos;, &apos;bbox&apos;: (0, 0, 612.0, 792.0), &apos;name&apos;: &apos;fx34&apos;, &apos;children&apos;: [{&apos;type&apos;: &apos;text&apos;, &apos;bbox&apos;: (78.0, 351.26000000000005, 84.05, 364.74), &apos;color_space&apos;: &apos;DeviceGray&apos;, &apos;ncolor&apos;: None, &apos;size&apos;: 13.479999999999961, &apos;value&apos;: &apos;L&apos;, &apos;children&apos;: [], &apos;features&apos;: {}}, {&apos;type&apos;: &apos;text&apos;, &apos;bbox&apos;: (84.05, 351.26000000000005, 90.1, 364.74), &apos;color_space&apos;: &apos;DeviceGray&apos;, &apos;ncolor&apos;: None, &apos;size&apos;: 13.479999999999961, &apos;value&apos;: &apos;E&apos;, &apos;children&apos;: [], &apos;features&apos;: {}}, {&apos;type&apos;: &apos;text&apos;, &apos;bbox&apos;: (90.1, 351.26000000000005, 98.41, 364.74), &apos;color_space&apos;: &apos;DeviceGray&apos;, &apos;ncolor&apos;: None, &apos;size&apos;: 13.479999999999961, &apos;value&apos;: &apos;D&apos;, &apos;children&apos;: [], &apos;features&apos;: {}}, {&apos;type&apos;: &apos;text&apos;, &apos;bbox&apos;: (98.41, 351.26000000000005, 106.74, 364.74), &apos;color_space&apos;: &apos;DeviceGray&apos;, &apos;ncolor&apos;: None, &apos;size&apos;: 13.479999999999961, &apos;value&apos;: &apos;G&apos;, &apos;children&apos;: [], &apos;features&apos;: {}}, {&apos;type&apos;: &apos;text&apos;, &apos;bbox&apos;: (106.74000000000001, 351.26000000000005, 112.79, 364.74), &apos;color_space&apos;: &apos;DeviceGray&apos;, &apos;ncolor&apos;: None, &apos;size&apos;: 13.479999999999961, &apos;value&apos;: &apos;E&apos;, &apos;children&apos;: [], &apos;features&apos;: {}}, {&apos;type&apos;: &apos;text&apos;, &apos;bbox&apos;: (112.78999999999999, 351.26000000000005, 119.91999999999999, 364.74), &apos;color_space&apos;: &apos;DeviceGray&apos;, &apos;ncolor&apos;: None, &apos;size&apos;: 13.479999999999961, &apos;value&apos;: &apos;R&apos;, &apos;children&apos;: [], &apos;features&apos;: {}}, {&apos;type&apos;: &apos;text&apos;, &apos;bbox&apos;: (122.458, 351.26000000000005, 128.558, 364.74), &apos;color_space&apos;: &apos;DeviceGray&apos;, &apos;ncolor&apos;: None, &apos;size&apos;: 13.479999999999961, &apos;value&apos;: &apos;S&apos;, &apos;children&apos;: [], &apos;features&apos;: {}}, {&apos;type&apos;: &apos;text&apos;, &apos;bbox&apos;: (128.558, 351.26000000000005, 135.218, 364.74), &apos;color_space&apos;: &apos;DeviceGray&apos;, &apos;ncolor&apos;: None, &apos;size&apos;: 13.479999999999961, &apos;value&apos;: &apos;T&apos;, &apos;children&apos;: [], &apos;features&apos;: {}}, {&apos;type&apos;: &apos;text&apos;, &apos;bbox&apos;: (135.218, 351.26000000000005, 142.988, 364.74), &apos;color_space&apos;: &apos;DeviceGray&apos;, &apos;ncolor&apos;: None, &apos;size&apos;: 13.479999999999961, &apos;value&apos;: &apos;A&apos;, &apos;children&apos;: [], &apos;features&apos;: {}}, {&apos;type&apos;: &apos;text&apos;, &apos;bbox&apos;: (142.988, 351.26000000000005, 149.648, 364.74), &apos;color_space&apos;: &apos;DeviceGray&apos;, &apos;ncolor&apos;: None, &apos;size&apos;: 13.479999999999961, &apos;value&apos;: &apos;T&apos;, &apos;children&apos;: [], &apos;features&apos;: {}}, {&apos;type&apos;: &apos;text&apos;, &apos;bbox&apos;: (152.184, 351.26000000000005, 158.844, 364.74), &apos;color_space&apos;: &apos;DeviceGray&apos;, &apos;ncolor&apos;: None, &apos;size&apos;: 13.479999999999961, &apos;value&apos;: &apos;T&apos;, &apos;children&apos;: [], &apos;features&apos;: {}}, {&apos;type&apos;: &apos;text&apos;, &apos;bbox&apos;: (158.844, 351.26000000000005, 163.844, 364.74), &apos;color_space&apos;: &apos;DeviceGray&apos;, &apos;ncolor&apos;: None, &apos;size&apos;: 13.479999999999961, &apos;value&apos;: &apos;a&apos;, &apos;children&apos;: [], &apos;features&apos;: {}}, {&apos;type&apos;: &apos;text&apos;, &apos;bbox&apos;: (163.844, 351.26000000000005, 169.944, 364.74), &apos;color_space&apos;: &apos;DeviceGray&apos;, &apos;ncolor&apos;: None, &apos;size&apos;: 13.479999999999961, &apos;value&apos;: &apos;b&apos;, &apos;children&apos;: [], &apos;features&apos;: {}}, {&apos;type&apos;: &apos;text&apos;, &apos;bbox&apos;: (169.944, 351.26000000000005, 173.274, 364.74), &apos;color_space&apos;: &apos;DeviceGray&apos;, &apos;ncolor&apos;: None, &apos;size&apos;: 13.479999999999961, &apos;value&apos;: &apos;l&apos;, &apos;children&apos;: [], &apos;features&apos;: {}}, {&apos;type&apos;: &apos;text&apos;, &apos;bbox&apos;: (173.274, 351.26000000000005, 178.274, 364.74), &apos;color_space&apos;: &apos;DeviceGray&apos;, &apos;ncolor&apos;: None, &apos;size&apos;: 13.479999999999961, &apos;value&apos;: &apos;e&apos;, &apos;children&apos;: [], &apos;features&apos;: {}}, {&apos;type&apos;: &apos;text&apos;, &apos;bbox&apos;: (178.292, 351.99, 181.062, 365.28000000000003), &apos;color_space&apos;: &apos;DeviceGray&apos;, &apos;ncolor&apos;: None, &apos;size&apos;: 13.29000000000002, &apos;value&apos;: &apos;.&apos;, &apos;children&apos;: [], &apos;features&apos;: {}}, {&apos;type&apos;: &apos;text&apos;, &apos;bbox&apos;: (181.062, 351.99, 183.83200000000002, 365.28000000000003), &apos;color_space&apos;: &apos;DeviceGray&apos;, &apos;ncolor&apos;: None, &apos;size&apos;: 13.29000000000002, &apos;value&apos;: &apos;.&apos;, &apos;children&apos;: [], &apos;features&apos;: {}}, {&apos;type&apos;: &apos;text&apos;, &apos;bbox&apos;: (183.832, 351.99, 186.602, 365.28000000000003), &apos;color_space&apos;: &apos;DeviceGray&apos;, &apos;ncolor&apos;: None, &apos;size&apos;: 13.29000000000002, &apos;value&apos;: &apos;.&apos;, &apos;children&apos;: [], &apos;features&apos;: {}}, {&apos;type&apos;: &apos;text&apos;, &apos;bbox&apos;: (186.602, 351.99, 189.372, 365.28000000000003), &apos;color_space&apos;: &apos;DeviceGray&apos;, &apos;ncolor&apos;: None, &apos;size&apos;: 13.29000000000002, &apos;value&apos;: &apos;.&apos;, &apos;children&apos;: [], &apos;features&apos;: {}}, {&apos;type&apos;: &apos;text&apos;, &apos;bbox&apos;: (189.372, 351.99, 192.14200000000002, 365.28000000000003), &apos;color_space&apos;: &apos;DeviceGray&apos;, &apos;ncolor&apos;: None, &apos;size&apos;: 13.29000000000002, &apos;value&apos;: &apos;.&apos;, &apos;children&apos;: [], &apos;features&apos;: {}}, {&apos;type&apos;: &apos;text&apos;, &apos;bbox&apos;: (192.142, 351.99, 194.912, 365.28000000000003), &apos;color_space&apos;: &apos;DeviceGray&apos;, &apos;ncolor&apos;: None, &apos;size&apos;: 13.29000000000002, &apos;value&apos;: &apos;.&apos;, &apos;children&apos;: [], &apos;features&apos;: {}}, {&apos;type&apos;: &apos;text&apos;, &apos;bbox&apos;: (194.912, 351.99, 197.68200000000002, 365.28000000000003), &apos;color_space&apos;: &apos;DeviceGray&apos;, &apos;ncolor&apos;: None, &apos;size&apos;: 13.29000000000002, &apos;value&apos;: &apos;.&apos;, &apos;children&apos;: [], &apos;features&apos;: {}}, {&apos;type&apos;: &apos;text&apos;, &apos;bbox&apos;: (197.68200000000002, 351.99, 200.45200000000003, 365.28000000000003), &apos;color_space&apos;: &apos;DeviceGray&apos;, &apos;ncolor&apos;: None, &apos;size&apos;: 13.29000000000002, &apos;value&apos;: &apos;.&apos;, &apos;children&apos;: [], &apos;features&apos;: {}}, {&apos;type&apos;: &apos;text&apos;, &apos;bbox&apos;: (200.452, 351.99, 203.222, 365.28000000000003), &apos;color_space&apos;: &apos;DeviceGray&apos;, &apos;ncolor&apos;: None, &apos;size&apos;: 13.29000000000002, &apos;value&apos;: &apos;.&apos;, &apos;children&apos;: [], &apos;features&apos;: {}}, {&apos;type&apos;: &apos;text&apos;, &apos;bbox&apos;: (203.222, 351.99, 205.99200000000002, 365.28000000000003), &apos;color_space&apos;: &apos;DeviceGray&apos;, &apos;ncolor&apos;: None, &apos;size&apos;: 13.29000000000002, &apos;value&apos;: &apos;.&apos;, &apos;children&apos;: [], &apos;features&apos;: {}}, {&apos;type&apos;: &apos;text&apos;, &apos;bbox&apos;: (205.992, 351.99, 208.762, 365.28000000000003), &apos;color_space&apos;: &apos;DeviceGray&apos;, &apos;ncolor&apos;: None, &apos;size&apos;: 13.29000000000002, &apos;value&apos;: &apos;.&apos;, &apos;children&apos;: [], &apos;features&apos;: {}}, {&apos;type&apos;: &apos;text&apos;, &apos;bbox&apos;: (208.762, 351.99, 211.532, 365.28000000000003), &apos;color_space&apos;: &apos;DeviceGray&apos;, &apos;ncolor&apos;: None, &apos;size&apos;: 13.29000000000002, &apos;value&apos;: &apos;.&apos;, &apos;children&apos;: [], &apos;features&apos;: {}}, {&apos;type&apos;: &apos;text&apos;, &apos;bbox&apos;: (211.532, 351.99, 214.30200000000002, 365.28000000000003), &apos;color_space&apos;: &apos;DeviceGray&apos;, &apos;ncolor&apos;: None, &apos;size&apos;: 13.29000000000002, &apos;value&apos;: &apos;.&apos;, &apos;children&apos;: [], &apos;features&apos;: {}}, {&apos;type&apos;: &apos;text&apos;, &apos;bbox&apos;: (214.30200000000002, 351.99, 217.07200000000003, 365.28000000000003), &apos;color_space&apos;: &apos;DeviceGray&apos;, &apos;ncolor&apos;: None, &apos;size&apos;: 13.29000000000002, &apos;value&apos;: &apos;.&apos;, &apos;children&apos;: [], &apos;features&apos;: {}}, {&apos;type&apos;: &apos;text&apos;, &apos;bbox&apos;: (217.072, 351.99, 219.842, 365.28000000000003), &apos;color_space&apos;: &apos;DeviceGray&apos;, &apos;ncolor&apos;: None, &apos;size&apos;: 13.29000000000002, &apos;value&apos;: &apos;.&apos;, &apos;children&apos;: [], &apos;features&apos;: {}}, {&apos;type&apos;: &apos;text&apos;, &apos;bbox&apos;: (219.842, 351.99, 222.61200000000002, 365.28000000000003), &apos;color_space&apos;: &apos;DeviceGray&apos;, &apos;ncolor&apos;: None, &apos;size&apos;: 13.29000000000002, &apos;value&apos;: &apos;.&apos;, &apos;children&apos;: [], &apos;features&apos;: {}}, {&apos;type&apos;: &apos;text&apos;, &apos;bbox&apos;: (222.61200000000002, 351.99, 225.38200000000003, 365.28000000000003), &apos;color_space&apos;: &apos;DeviceGray&apos;, &apos;ncolor&apos;: None, &apos;size&apos;: 13.29000000000002, &apos;value&apos;: &apos;.&apos;, &apos;children&apos;: [], &apos;features&apos;: {}}, {&apos;type&apos;: &apos;text&apos;, &apos;bbox&apos;: (225.382, 351.99, 228.15200000000002, 365.28000000000003), &apos;color_space&apos;: &apos;DeviceGray&apos;, &apos;ncolor&apos;: None, &apos;size&apos;: 13.29000000000002, &apos;value&apos;: &apos;.&apos;, &apos;children&apos;: [], &apos;features&apos;: {}}, {&apos;type&apos;: &apos;text&apos;, &apos;bbox&apos;: (228.15200000000002, 351.99, 230.92200000000003, 365.28000000000003), &apos;color_space&apos;: &apos;DeviceGray&apos;, &apos;ncolor&apos;: None, &apos;size&apos;: 13.29000000000002, &apos;value&apos;: &apos;.&apos;, &apos;children&apos;: [], &apos;features&apos;: {}}, {&apos;type&apos;: &apos;text&apos;, &apos;bbox&apos;: (230.92200000000003, 351.99, 233.69200000000004, 365.28000000000003), &apos;color_space&apos;: &apos;DeviceGray&apos;, &apos;ncolor&apos;: None, &apos;size&apos;: 13.29000000000002, &apos;value&apos;: &apos;.&apos;, &apos;children&apos;: [], &apos;features&apos;: {}}, {&apos;type&apos;: &apos;text&apos;, &apos;bbox&apos;: (233.69200000000004, 351.99, 236.46200000000005, 365.28000000000003), &apos;color_space&apos;: &apos;DeviceGray&apos;, &apos;ncolor&apos;: None, &apos;size&apos;: 13.29000000000002, &apos;value&apos;: &apos;.&apos;, &apos;children&apos;: [], &apos;features&apos;: {}}, {&apos;type&apos;: &apos;text&apos;, &apos;bbox&apos;: (236.46200000000005, 351.99, 239.23200000000006, 365.28000000000003), &apos;color_space&apos;: &apos;DeviceGray&apos;, &apos;ncolor&apos;: None, &apos;size&apos;: 13.29000000000002, &apos;value&apos;: &apos;.&apos;, &apos;children&apos;: [], &apos;features&apos;: {}}, {&apos;type&apos;: &apos;text&apos;, &apos;bbox&apos;: (239.23200000000003, 351.99, 242.00200000000004, 365.28000000000003), &apos;color_space&apos;: &apos;DeviceGray&apos;, &apos;ncolor&apos;: None, &apos;size&apos;: 13.29000000000002, &apos;value&apos;: &apos;.&apos;, &apos;children&apos;: [], &apos;features&apos;: {}}, {&apos;type&apos;: &apos;text&apos;, &apos;bbox&apos;: (242.00200000000004, 351.99, 244.77200000000005, 365.28000000000003), &apos;color_space&apos;: &apos;DeviceGray&apos;, &apos;ncolor&apos;: None, &apos;size&apos;: 13.29000000000002, &apos;value&apos;: &apos;.&apos;, &apos;children&apos;: [], &apos;features&apos;: {}}, {&apos;type&apos;: &apos;text&apos;, &apos;bbox&apos;: (244.77200000000005, 351.99, 247.54200000000006, 365.28000000000003), &apos;color_space&apos;: &apos;DeviceGray&apos;, &apos;ncolor&apos;: None, &apos;size&apos;: 13.29000000000002, &apos;value&apos;: &apos;.&apos;, &apos;children&apos;: [], &apos;features&apos;: {}}, {&apos;type&apos;: &apos;text&apos;, &apos;bbox&apos;: (247.54200000000003, 351.99, 250.31200000000004, 365.28000000000003), &apos;color_space&apos;: &apos;DeviceGray&apos;, &apos;ncolor&apos;: None, &apos;size&apos;: 13.29000000000002, &apos;value&apos;: &apos;.&apos;, &apos;children&apos;: [], &apos;features&apos;: {}}, {&apos;type&apos;: &apos;text&apos;, &apos;bbox&apos;: (250.312, 351.99, 253.08200000000002, 365.28000000000003), &apos;color_space&apos;: &apos;DeviceGray&apos;, &apos;ncolor&apos;: None, &apos;size&apos;: 13.29000000000002, &apos;value&apos;: &apos;.&apos;, &apos;children&apos;: [], &apos;features&apos;: {}}, {&apos;type&apos;: &apos;text&apos;, &apos;bbox&apos;: (253.08200000000002, 351.99, 255.85200000000003, 365.28000000000003), &apos;color_space&apos;: &apos;DeviceGray&apos;, &apos;ncolor&apos;: None, &apos;size&apos;: 13.29000000000002, &apos;value&apos;: &apos;.&apos;, &apos;children&apos;: [], &apos;features&apos;: {}}, {&apos;type&apos;: &apos;text&apos;, &apos;bbox&apos;: (255.85200000000003, 351.99, 258.622, 365.28000000000003), &apos;color_space&apos;: &apos;DeviceGray&apos;, &apos;ncolor&apos;: None, &apos;size&apos;: 13.29000000000002, &apos;value&apos;: &apos;.&apos;, &apos;children&apos;: [], &apos;features&apos;: {}}, {&apos;type&apos;: &apos;text&apos;, &apos;bbox&apos;: (258.622, 351.99, 261.392, 365.28000000000003), &apos;color_space&apos;: &apos;DeviceGray&apos;, &apos;ncolor&apos;: None, &apos;size&apos;: 13.29000000000002, &apos;value&apos;: &apos;.&apos;, &apos;children&apos;: [], &apos;features&apos;: {}}, {&apos;type&apos;: &apos;text&apos;, &apos;bbox&apos;: (261.392, 351.99, 264.162, 365.28000000000003), &apos;color_space&apos;: &apos;DeviceGray&apos;, &apos;ncolor&apos;: None, &apos;size&apos;: 13.29000000000002, &apos;value&apos;: &apos;.&apos;, &apos;children&apos;: [], &apos;features&apos;: {}}, {&apos;type&apos;: &apos;text&apos;, &apos;bbox&apos;: (264.16200000000003, 351.99, 266.932, 365.28000000000003), &apos;color_space&apos;: &apos;DeviceGray&apos;, &apos;ncolor&apos;: None, &apos;size&apos;: 13.29000000000002, &apos;value&apos;: &apos;.&apos;, &apos;children&apos;: [], &apos;features&apos;: {}}, {&apos;type&apos;: &apos;text&apos;, &apos;bbox&apos;: (266.932, 351.99, 269.702, 365.28000000000003), &apos;color_space&apos;: &apos;DeviceGray&apos;, &apos;ncolor&apos;: None, &apos;size&apos;: 13.29000000000002, &apos;value&apos;: &apos;.&apos;, &apos;children&apos;: [], &apos;features&apos;: {}}, {&apos;type&apos;: &apos;text&apos;, &apos;bbox&apos;: (269.702, 351.99, 272.472, 365.28000000000003), &apos;color_space&apos;: &apos;DeviceGray&apos;, &apos;ncolor&apos;: None, &apos;size&apos;: 13.29000000000002, &apos;value&apos;: &apos;.&apos;, &apos;children&apos;: [], &apos;features&apos;: {}}, {&apos;type&apos;: &apos;text&apos;, &apos;bbox&apos;: (272.472, 351.99, 275.24199999999996, 365.28000000000003), &apos;color_space&apos;: &apos;DeviceGray&apos;, &apos;ncolor&apos;: None, &apos;size&apos;: 13.29000000000002, &apos;value&apos;: &apos;.&apos;, &apos;children&apos;: [], &apos;features&apos;: {}}, {&apos;type&apos;: &apos;text&apos;, &apos;bbox&apos;: (275.24199999999996, 351.99, 278.01199999999994, 365.28000000000003), &apos;color_space&apos;: &apos;DeviceGray&apos;, &apos;ncolor&apos;: None, &apos;size&apos;: 13.29000000000002, &apos;value&apos;: &apos;.&apos;, &apos;children&apos;: [], &apos;features&apos;: {}}, {&apos;type&apos;: &apos;text&apos;, &apos;bbox&apos;: (278.012, 351.99, 280.782, 365.28000000000003), &apos;color_space&apos;: &apos;DeviceGray&apos;, &apos;ncolor&apos;: None, &apos;size&apos;: 13.29000000000002, &apos;value&apos;: &apos;.&apos;, &apos;children&apos;: [], &apos;features&apos;: {}}, {&apos;type&apos;: &apos;text&apos;, &apos;bbox&apos;: (280.782, 351.99, 283.55199999999996, 365.28000000000003), &apos;color_space&apos;: &apos;DeviceGray&apos;, &apos;ncolor&apos;: None, &apos;size&apos;: 13.29000000000002, &apos;value&apos;: &apos;.&apos;, &apos;children&apos;: [], &apos;features&apos;: {}}, {&apos;type&apos;: &apos;text&apos;, &apos;bbox&apos;: (283.55199999999996, 351.99, 286.32199999999995, 365.28000000000003), &apos;color_space&apos;: &apos;DeviceGray&apos;, &apos;ncolor&apos;: None, &apos;size&apos;: 13.29000000000002, &apos;value&apos;: &apos;.&apos;, &apos;children&apos;: [], &apos;features&apos;: {}}, {&apos;type&apos;: &apos;text&apos;, &apos;bbox&apos;: (286.322, 351.99, 289.092, 365.28000000000003), &apos;color_space&apos;: &apos;DeviceGray&apos;, &apos;ncolor&apos;: None, &apos;size&apos;: 13.29000000000002, &apos;value&apos;: &apos;.&apos;, &apos;children&apos;: [], &apos;features&apos;: {}}, {&apos;type&apos;: &apos;text&apos;, &apos;bbox&apos;: (289.092, 351.99, 291.86199999999997, 365.28000000000003), &apos;color_space&apos;: &apos;DeviceGray&apos;, &apos;ncolor&apos;: None, &apos;size&apos;: 13.29000000000002, &apos;value&apos;: &apos;.&apos;, &apos;children&apos;: [], &apos;features&apos;: {}}, {&apos;type&apos;: &apos;text&apos;, &apos;bbox&apos;: (291.86199999999997, 351.99, 294.63199999999995, 365.28000000000003), &apos;color_space&apos;: &apos;DeviceGray&apos;, &apos;ncolor&apos;: None, &apos;size&apos;: 13.29000000000002, &apos;value&apos;: &apos;.&apos;, &apos;children&apos;: [], &apos;features&apos;: {}}, {&apos;type&apos;: &apos;text&apos;, &apos;bbox&apos;: (294.63199999999995, 351.99, 297.40199999999993, 365.28000000000003), &apos;color_space&apos;: &apos;DeviceGray&apos;, &apos;ncolor&apos;: None, &apos;size&apos;: 13.29000000000002, &apos;value&apos;: &apos;.&apos;, &apos;children&apos;: [], &apos;features&apos;: {}}, {&apos;type&apos;: &apos;text&apos;, &apos;bbox&apos;: (297.40199999999993, 351.99, 300.1719999999999, 365.28000000000003), &apos;color_space&apos;: &apos;DeviceGray&apos;, &apos;ncolor&apos;: None, &apos;size&apos;: 13.29000000000002, &apos;value&apos;: &apos;.&apos;, &apos;children&apos;: [], &apos;features&apos;: {}}, {&apos;type&apos;: &apos;text&apos;, &apos;bbox&apos;: (300.17199999999997, 351.99, 302.94199999999995, 365.28000000000003), &apos;color_space&apos;: &apos;DeviceGray&apos;, &apos;ncolor&apos;: None, &apos;size&apos;: 13.29000000000002, &apos;value&apos;: &apos;.&apos;, &apos;children&apos;: [], &apos;features&apos;: {}}, {&apos;type&apos;: &apos;text&apos;, &apos;bbox&apos;: (302.94199999999995, 351.99, 305.71199999999993, 365.28000000000003), &apos;color_space&apos;: &apos;DeviceGray&apos;, &apos;ncolor&apos;: None, &apos;size&apos;: 13.29000000000002, &apos;value&apos;: &apos;.&apos;, &apos;children&apos;: [], &apos;features&apos;: {}}, {&apos;type&apos;: &apos;text&apos;, &apos;bbox&apos;: (305.71199999999993, 351.99, 308.4819999999999, 365.28000000000003), &apos;color_space&apos;: &apos;DeviceGray&apos;, &apos;ncolor&apos;: None, &apos;size&apos;: 13.29000000000002, &apos;value&apos;: &apos;.&apos;, &apos;children&apos;: [], &apos;features&apos;: {}}, {&apos;type&apos;: &apos;text&apos;, &apos;bbox&apos;: (308.48199999999997, 351.99, 311.25199999999995, 365.28000000000003), &apos;color_space&apos;: &apos;DeviceGray&apos;, &apos;ncolor&apos;: None, &apos;size&apos;: 13.29000000000002, &apos;value&apos;: &apos;.&apos;, &apos;children&apos;: [], &apos;features&apos;: {}}, {&apos;type&apos;: &apos;text&apos;, &apos;bbox&apos;: (311.25199999999995, 351.99, 314.02199999999993, 365.28000000000003), &apos;color_space&apos;: &apos;DeviceGray&apos;, &apos;ncolor&apos;: None, &apos;size&apos;: 13.29000000000002, &apos;value&apos;: &apos;.&apos;, &apos;children&apos;: [], &apos;features&apos;: {}}, {&apos;type&apos;: &apos;text&apos;, &apos;bbox&apos;: (314.02199999999993, 351.99, 316.7919999999999, 365.28000000000003), &apos;color_space&apos;: &apos;DeviceGray&apos;, &apos;ncolor&apos;: None, &apos;size&apos;: 13.29000000000002, &apos;value&apos;: &apos;.&apos;, &apos;children&apos;: [], &apos;features&apos;: {}}, {&apos;type&apos;: &apos;text&apos;, &apos;bbox&apos;: (316.792, 351.99, 319.56199999999995, 365.28000000000003), &apos;color_space&apos;: &apos;DeviceGray&apos;, &apos;ncolor&apos;: None, &apos;size&apos;: 13.29000000000002, &apos;value&apos;: &apos;.&apos;, &apos;children&apos;: [], &apos;features&apos;: {}}, {&apos;type&apos;: &apos;text&apos;, &apos;bbox&apos;: (319.562, 351.99, 322.332, 365.28000000000003), &apos;color_space&apos;: &apos;DeviceGray&apos;, &apos;ncolor&apos;: None, &apos;size&apos;: 13.29000000000002, &apos;value&apos;: &apos;.&apos;, &apos;children&apos;: [], &apos;features&apos;: {}}, {&apos;type&apos;: &apos;text&apos;, &apos;bbox&apos;: (322.332, 351.99, 325.102, 365.28000000000003), &apos;color_space&apos;: &apos;DeviceGray&apos;, &apos;ncolor&apos;: None, &apos;size&apos;: 13.29000000000002, &apos;value&apos;: &apos;.&apos;, &apos;children&apos;: [], &apos;features&apos;: {}}, {&apos;type&apos;: &apos;text&apos;, &apos;bbox&apos;: (325.102, 351.99, 327.87199999999996, 365.28000000000003), &apos;color_space&apos;: &apos;DeviceGray&apos;, &apos;ncolor&apos;: None, &apos;size&apos;: 13.29000000000002, &apos;value&apos;: &apos;.&apos;, &apos;children&apos;: [], &apos;features&apos;: {}}, {&apos;type&apos;: &apos;text&apos;, &apos;bbox&apos;: (327.872, 351.99, 330.642, 365.28000000000003), &apos;color_space&apos;: &apos;DeviceGray&apos;, &apos;ncolor&apos;: None, &apos;size&apos;: 13.29000000000002, &apos;value&apos;: &apos;.&apos;, &apos;children&apos;: [], &apos;features&apos;: {}}, {&apos;type&apos;: &apos;text&apos;, &apos;bbox&apos;: (330.64200000000005, 351.99, 333.41200000000003, 365.28000000000003), &apos;color_space&apos;: &apos;DeviceGray&apos;, &apos;ncolor&apos;: None, &apos;size&apos;: 13.29000000000002, &apos;value&apos;: &apos;.&apos;, &apos;children&apos;: [], &apos;features&apos;: {}}, {&apos;type&apos;: &apos;text&apos;, &apos;bbox&apos;: (333.41200000000003, 351.99, 336.182, 365.28000000000003), &apos;color_space&apos;: &apos;DeviceGray&apos;, &apos;ncolor&apos;: None, &apos;size&apos;: 13.29000000000002, &apos;value&apos;: &apos;.&apos;, &apos;children&apos;: [], &apos;features&apos;: {}}, {&apos;type&apos;: &apos;text&apos;, &apos;bbox&apos;: (336.182, 351.99, 338.952, 365.28000000000003), &apos;color_space&apos;: &apos;DeviceGray&apos;, &apos;ncolor&apos;: None, &apos;size&apos;: 13.29000000000002, &apos;value&apos;: &apos;.&apos;, &apos;children&apos;: [], &apos;features&apos;: {}}, {&apos;type&apos;: &apos;text&apos;, &apos;bbox&apos;: (338.95200000000006, 351.99, 341.72200000000004, 365.28000000000003), &apos;color_space&apos;: &apos;DeviceGray&apos;, &apos;ncolor&apos;: None, &apos;size&apos;: 13.29000000000002, &apos;value&apos;: &apos;.&apos;, &apos;children&apos;: [], &apos;features&apos;: {}}, {&apos;type&apos;: &apos;text&apos;, &apos;bbox&apos;: (341.7220000000001, 351.99, 344.4920000000001, 365.28000000000003), &apos;color_space&apos;: &apos;DeviceGray&apos;, &apos;ncolor&apos;: None, &apos;size&apos;: 13.29000000000002, &apos;value&apos;: &apos;.&apos;, &apos;children&apos;: [], &apos;features&apos;: {}}, {&apos;type&apos;: &apos;text&apos;, &apos;bbox&apos;: (344.4920000000001, 351.99, 347.26200000000006, 365.28000000000003), &apos;color_space&apos;: &apos;DeviceGray&apos;, &apos;ncolor&apos;: None, &apos;size&apos;: 13.29000000000002, &apos;value&apos;: &apos;.&apos;, &apos;children&apos;: [], &apos;features&apos;: {}}, {&apos;type&apos;: &apos;text&apos;, &apos;bbox&apos;: (347.26200000000006, 351.99, 350.03200000000004, 365.28000000000003), &apos;color_space&apos;: &apos;DeviceGray&apos;, &apos;ncolor&apos;: None, &apos;size&apos;: 13.29000000000002, &apos;value&apos;: &apos;.&apos;, &apos;children&apos;: [], &apos;features&apos;: {}}, {&apos;type&apos;: &apos;text&apos;, &apos;bbox&apos;: (350.0320000000001, 351.99, 352.8020000000001, 365.28000000000003), &apos;color_space&apos;: &apos;DeviceGray&apos;, &apos;ncolor&apos;: None, &apos;size&apos;: 13.29000000000002, &apos;value&apos;: &apos;.&apos;, &apos;children&apos;: [], &apos;features&apos;: {}}, {&apos;type&apos;: &apos;text&apos;, &apos;bbox&apos;: (352.80200000000013, 351.99, 355.5720000000001, 365.28000000000003), &apos;color_space&apos;: &apos;DeviceGray&apos;, &apos;ncolor&apos;: None, &apos;size&apos;: 13.29000000000002, &apos;value&apos;: &apos;.&apos;, &apos;children&apos;: [], &apos;features&apos;: {}}, {&apos;type&apos;: &apos;text&apos;, &apos;bbox&apos;: (355.5720000000001, 351.99, 358.3420000000001, 365.28000000000003), &apos;color_space&apos;: &apos;DeviceGray&apos;, &apos;ncolor&apos;: None, &apos;size&apos;: 13.29000000000002, &apos;value&apos;: &apos;.&apos;, &apos;children&apos;: [], &apos;features&apos;: {}}, {&apos;type&apos;: &apos;text&apos;, &apos;bbox&apos;: (358.3420000000001, 351.99, 361.1120000000001, 365.28000000000003), &apos;color_space&apos;: &apos;DeviceGray&apos;, &apos;ncolor&apos;: None, &apos;size&apos;: 13.29000000000002, &apos;value&apos;: &apos;.&apos;, &apos;children&apos;: [], &apos;features&apos;: {}}, {&apos;type&apos;: &apos;text&apos;, &apos;bbox&apos;: (361.11200000000014, 351.99, 363.8820000000001, 365.28000000000003), &apos;color_space&apos;: &apos;DeviceGray&apos;, &apos;ncolor&apos;: None, &apos;size&apos;: 13.29000000000002, &apos;value&apos;: &apos;.&apos;, &apos;children&apos;: [], &apos;features&apos;: {}}, {&apos;type&apos;: &apos;text&apos;, &apos;bbox&apos;: (363.8820000000002, 351.99, 366.65200000000016, 365.28000000000003), &apos;color_space&apos;: &apos;DeviceGray&apos;, &apos;ncolor&apos;: None, &apos;size&apos;: 13.29000000000002, &apos;value&apos;: &apos;.&apos;, &apos;children&apos;: [], &apos;features&apos;: {}}, {&apos;type&apos;: &apos;text&apos;, &apos;bbox&apos;: (366.65200000000016, 351.99, 369.42200000000014, 365.28000000000003), &apos;color_space&apos;: &apos;DeviceGray&apos;, &apos;ncolor&apos;: None, &apos;size&apos;: 13.29000000000002, &apos;value&apos;: &apos;.&apos;, &apos;children&apos;: [], &apos;features&apos;: {}}, {&apos;type&apos;: &apos;text&apos;, &apos;bbox&apos;: (369.42200000000014, 351.99, 372.1920000000001, 365.28000000000003), &apos;color_space&apos;: &apos;DeviceGray&apos;, &apos;ncolor&apos;: None, &apos;size&apos;: 13.29000000000002, &apos;value&apos;: &apos;.&apos;, &apos;children&apos;: [], &apos;features&apos;: {}}, {&apos;type&apos;: &apos;text&apos;, &apos;bbox&apos;: (372.1920000000002, 351.99, 374.96200000000016, 365.28000000000003), &apos;color_space&apos;: &apos;DeviceGray&apos;, &apos;ncolor&apos;: None, &apos;size&apos;: 13.29000000000002, &apos;value&apos;: &apos;.&apos;, &apos;children&apos;: [], &apos;features&apos;: {}}, {&apos;type&apos;: &apos;text&apos;, &apos;bbox&apos;: (374.9620000000002, 351.99, 377.7320000000002, 365.28000000000003), &apos;color_space&apos;: &apos;DeviceGray&apos;, &apos;ncolor&apos;: None, &apos;size&apos;: 13.29000000000002, &apos;value&apos;: &apos;.&apos;, &apos;children&apos;: [], &apos;features&apos;: {}}, {&apos;type&apos;: &apos;text&apos;, &apos;bbox&apos;: (377.7320000000002, 351.99, 380.5020000000002, 365.28000000000003), &apos;color_space&apos;: &apos;DeviceGray&apos;, &apos;ncolor&apos;: None, &apos;size&apos;: 13.29000000000002, &apos;value&apos;: &apos;.&apos;, &apos;children&apos;: [], &apos;features&apos;: {}}, {&apos;type&apos;: &apos;text&apos;, &apos;bbox&apos;: (380.5020000000002, 351.99, 383.27200000000016, 365.28000000000003), &apos;color_space&apos;: &apos;DeviceGray&apos;, &apos;ncolor&apos;: None, &apos;size&apos;: 13.29000000000002, &apos;value&apos;: &apos;.&apos;, &apos;children&apos;: [], &apos;features&apos;: {}}, {&apos;type&apos;: &apos;text&apos;, &apos;bbox&apos;: (383.2720000000002, 351.99, 386.0420000000002, 365.28000000000003), &apos;color_space&apos;: &apos;DeviceGray&apos;, &apos;ncolor&apos;: None, &apos;size&apos;: 13.29000000000002, &apos;value&apos;: &apos;.&apos;, &apos;children&apos;: [], &apos;features&apos;: {}}, {&apos;type&apos;: &apos;text&apos;, &apos;bbox&apos;: (386.04200000000026, 351.99, 388.81200000000024, 365.28000000000003), &apos;color_space&apos;: &apos;DeviceGray&apos;, &apos;ncolor&apos;: None, &apos;size&apos;: 13.29000000000002, &apos;value&apos;: &apos;.&apos;, &apos;children&apos;: [], &apos;features&apos;: {}}, {&apos;type&apos;: &apos;text&apos;, &apos;bbox&apos;: (388.81200000000024, 351.99, 391.5820000000002, 365.28000000000003), &apos;color_space&apos;: &apos;DeviceGray&apos;, &apos;ncolor&apos;: None, &apos;size&apos;: 13.29000000000002, &apos;value&apos;: &apos;.&apos;, &apos;children&apos;: [], &apos;features&apos;: {}}, {&apos;type&apos;: &apos;text&apos;, &apos;bbox&apos;: (391.5820000000002, 351.99, 394.3520000000002, 365.28000000000003), &apos;color_space&apos;: &apos;DeviceGray&apos;, &apos;ncolor&apos;: None, &apos;size&apos;: 13.29000000000002, &apos;value&apos;: &apos;.&apos;, &apos;children&apos;: [], &apos;features&apos;: {}}, {&apos;type&apos;: &apos;text&apos;, &apos;bbox&apos;: (394.35200000000026, 351.99, 397.12200000000024, 365.28000000000003), &apos;color_space&apos;: &apos;DeviceGray&apos;, &apos;ncolor&apos;: None, &apos;size&apos;: 13.29000000000002, &apos;value&apos;: &apos;.&apos;, &apos;children&apos;: [], &apos;features&apos;: {}}, {&apos;type&apos;: &apos;text&apos;, &apos;bbox&apos;: (397.1220000000003, 351.99, 399.8920000000003, 365.28000000000003), &apos;color_space&apos;: &apos;DeviceGray&apos;, &apos;ncolor&apos;: None, &apos;size&apos;: 13.29000000000002, &apos;value&apos;: &apos;.&apos;, &apos;children&apos;: [], &apos;features&apos;: {}}, {&apos;type&apos;: &apos;text&apos;, &apos;bbox&apos;: (399.8920000000003, 351.99, 402.66200000000026, 365.28000000000003), &apos;color_space&apos;: &apos;DeviceGray&apos;, &apos;ncolor&apos;: None, &apos;size&apos;: 13.29000000000002, &apos;value&apos;: &apos;.&apos;, &apos;children&apos;: [], &apos;features&apos;: {}}, {&apos;type&apos;: &apos;text&apos;, &apos;bbox&apos;: (402.66200000000026, 351.99, 405.43200000000024, 365.28000000000003), &apos;color_space&apos;: &apos;DeviceGray&apos;, &apos;ncolor&apos;: None, &apos;size&apos;: 13.29000000000002, &apos;value&apos;: &apos;.&apos;, &apos;children&apos;: [], &apos;features&apos;: {}}, {&apos;type&apos;: &apos;text&apos;, &apos;bbox&apos;: (405.4320000000003, 351.99, 408.2020000000003, 365.28000000000003), &apos;color_space&apos;: &apos;DeviceGray&apos;, &apos;ncolor&apos;: None, &apos;size&apos;: 13.29000000000002, &apos;value&apos;: &apos;.&apos;, &apos;children&apos;: [], &apos;features&apos;: {}}, {&apos;type&apos;: &apos;text&apos;, &apos;bbox&apos;: (408.20200000000034, 351.99, 410.9720000000003, 365.28000000000003), &apos;color_space&apos;: &apos;DeviceGray&apos;, &apos;ncolor&apos;: None, &apos;size&apos;: 13.29000000000002, &apos;value&apos;: &apos;.&apos;, &apos;children&apos;: [], &apos;features&apos;: {}}, {&apos;type&apos;: &apos;text&apos;, &apos;bbox&apos;: (410.9720000000003, 351.99, 413.7420000000003, 365.28000000000003), &apos;color_space&apos;: &apos;DeviceGray&apos;, &apos;ncolor&apos;: None, &apos;size&apos;: 13.29000000000002, &apos;value&apos;: &apos;.&apos;, &apos;children&apos;: [], &apos;features&apos;: {}}, {&apos;type&apos;: &apos;text&apos;, &apos;bbox&apos;: (413.7420000000003, 351.99, 416.5120000000003, 365.28000000000003), &apos;color_space&apos;: &apos;DeviceGray&apos;, &apos;ncolor&apos;: None, &apos;size&apos;: 13.29000000000002, &apos;value&apos;: &apos;.&apos;, &apos;children&apos;: [], &apos;features&apos;: {}}, {&apos;type&apos;: &apos;text&apos;, &apos;bbox&apos;: (416.51200000000034, 351.99, 419.2820000000003, 365.28000000000003), &apos;color_space&apos;: &apos;DeviceGray&apos;, &apos;ncolor&apos;: None, &apos;size&apos;: 13.29000000000002, &apos;value&apos;: &apos;.&apos;, &apos;children&apos;: [], &apos;features&apos;: {}}, {&apos;type&apos;: &apos;text&apos;, &apos;bbox&apos;: (419.2820000000004, 351.99, 422.05200000000036, 365.28000000000003), &apos;color_space&apos;: &apos;DeviceGray&apos;, &apos;ncolor&apos;: None, &apos;size&apos;: 13.29000000000002, &apos;value&apos;: &apos;.&apos;, &apos;children&apos;: [], &apos;features&apos;: {}}, {&apos;type&apos;: &apos;text&apos;, &apos;bbox&apos;: (422.05200000000036, 351.99, 424.82200000000034, 365.28000000000003), &apos;color_space&apos;: &apos;DeviceGray&apos;, &apos;ncolor&apos;: None, &apos;size&apos;: 13.29000000000002, &apos;value&apos;: &apos;.&apos;, &apos;children&apos;: [], &apos;features&apos;: {}}, {&apos;type&apos;: &apos;text&apos;, &apos;bbox&apos;: (424.82200000000034, 351.99, 427.5920000000003, 365.28000000000003), &apos;color_space&apos;: &apos;DeviceGray&apos;, &apos;ncolor&apos;: None, &apos;size&apos;: 13.29000000000002, &apos;value&apos;: &apos;.&apos;, &apos;children&apos;: [], &apos;features&apos;: {}}, {&apos;type&apos;: &apos;text&apos;, &apos;bbox&apos;: (427.5920000000004, 351.99, 430.36200000000036, 365.28000000000003), &apos;color_space&apos;: &apos;DeviceGray&apos;, &apos;ncolor&apos;: None, &apos;size&apos;: 13.29000000000002, &apos;value&apos;: &apos;.&apos;, &apos;children&apos;: [], &apos;features&apos;: {}}, {&apos;type&apos;: &apos;text&apos;, &apos;bbox&apos;: (430.3620000000004, 351.99, 433.1320000000004, 365.28000000000003), &apos;color_space&apos;: &apos;DeviceGray&apos;, &apos;ncolor&apos;: None, &apos;size&apos;: 13.29000000000002, &apos;value&apos;: &apos;.&apos;, &apos;children&apos;: [], &apos;features&apos;: {}}, {&apos;type&apos;: &apos;text&apos;, &apos;bbox&apos;: (433.1320000000004, 351.99, 435.9020000000004, 365.28000000000003), &apos;color_space&apos;: &apos;DeviceGray&apos;, &apos;ncolor&apos;: None, &apos;size&apos;: 13.29000000000002, &apos;value&apos;: &apos;.&apos;, &apos;children&apos;: [], &apos;features&apos;: {}}, {&apos;type&apos;: &apos;text&apos;, &apos;bbox&apos;: (435.9020000000004, 351.99, 438.67200000000037, 365.28000000000003), &apos;color_space&apos;: &apos;DeviceGray&apos;, &apos;ncolor&apos;: None, &apos;size&apos;: 13.29000000000002, &apos;value&apos;: &apos;.&apos;, &apos;children&apos;: [], &apos;features&apos;: {}}, {&apos;type&apos;: &apos;text&apos;, &apos;bbox&apos;: (438.67200000000037, 351.99, 441.44200000000035, 365.28000000000003), &apos;color_space&apos;: &apos;DeviceGray&apos;, &apos;ncolor&apos;: None, &apos;size&apos;: 13.29000000000002, &apos;value&apos;: &apos;.&apos;, &apos;children&apos;: [], &apos;features&apos;: {}}, {&apos;type&apos;: &apos;text&apos;, &apos;bbox&apos;: (441.44200000000035, 351.99, 444.21200000000033, 365.28000000000003), &apos;color_space&apos;: &apos;DeviceGray&apos;, &apos;ncolor&apos;: None, &apos;size&apos;: 13.29000000000002, &apos;value&apos;: &apos;.&apos;, &apos;children&apos;: [], &apos;features&apos;: {}}, {&apos;type&apos;: &apos;text&apos;, &apos;bbox&apos;: (444.21200000000033, 351.99, 446.9820000000003, 365.28000000000003), &apos;color_space&apos;: &apos;DeviceGray&apos;, &apos;ncolor&apos;: None, &apos;size&apos;: 13.29000000000002, &apos;value&apos;: &apos;.&apos;, &apos;children&apos;: [], &apos;features&apos;: {}}, {&apos;type&apos;: &apos;text&apos;, &apos;bbox&apos;: (446.9820000000003, 351.99, 449.7520000000003, 365.28000000000003), &apos;color_space&apos;: &apos;DeviceGray&apos;, &apos;ncolor&apos;: None, &apos;size&apos;: 13.29000000000002, &apos;value&apos;: &apos;.&apos;, &apos;children&apos;: [], &apos;features&apos;: {}}, {&apos;type&apos;: &apos;text&apos;, &apos;bbox&apos;: (449.7520000000003, 351.99, 452.5220000000003, 365.28000000000003), &apos;color_space&apos;: &apos;DeviceGray&apos;, &apos;ncolor&apos;: None, &apos;size&apos;: 13.29000000000002, &apos;value&apos;: &apos;.&apos;, &apos;children&apos;: [], &apos;features&apos;: {}}, {&apos;type&apos;: &apos;text&apos;, &apos;bbox&apos;: (452.5220000000003, 351.99, 455.29200000000026, 365.28000000000003), &apos;color_space&apos;: &apos;DeviceGray&apos;, &apos;ncolor&apos;: None, &apos;size&apos;: 13.29000000000002, &apos;value&apos;: &apos;.&apos;, &apos;children&apos;: [], &apos;features&apos;: {}}, {&apos;type&apos;: &apos;text&apos;, &apos;bbox&apos;: (455.29200000000026, 351.99, 458.06200000000024, 365.28000000000003), &apos;color_space&apos;: &apos;DeviceGray&apos;, &apos;ncolor&apos;: None, &apos;size&apos;: 13.29000000000002, &apos;value&apos;: &apos;.&apos;, &apos;children&apos;: [], &apos;features&apos;: {}}, {&apos;type&apos;: &apos;text&apos;, &apos;bbox&apos;: (458.06200000000024, 351.99, 460.8320000000002, 365.28000000000003), &apos;color_space&apos;: &apos;DeviceGray&apos;, &apos;ncolor&apos;: None, &apos;size&apos;: 13.29000000000002, &apos;value&apos;: &apos;.&apos;, &apos;children&apos;: [], &apos;features&apos;: {}}, {&apos;type&apos;: &apos;text&apos;, &apos;bbox&apos;: (460.8320000000002, 351.99, 463.6020000000002, 365.28000000000003), &apos;color_space&apos;: &apos;DeviceGray&apos;, &apos;ncolor&apos;: None, &apos;size&apos;: 13.29000000000002, &apos;value&apos;: &apos;.&apos;, &apos;children&apos;: [], &apos;features&apos;: {}}, {&apos;type&apos;: &apos;text&apos;, &apos;bbox&apos;: (463.6020000000002, 351.99, 466.3720000000002, 365.28000000000003), &apos;color_space&apos;: &apos;DeviceGray&apos;, &apos;ncolor&apos;: None, &apos;size&apos;: 13.29000000000002, &apos;value&apos;: &apos;.&apos;, &apos;children&apos;: [], &apos;features&apos;: {}}, {&apos;type&apos;: &apos;text&apos;, &apos;bbox&apos;: (466.3720000000002, 351.99, 469.14200000000017, 365.28000000000003), &apos;color_space&apos;: &apos;DeviceGray&apos;, &apos;ncolor&apos;: None, &apos;size&apos;: 13.29000000000002, &apos;value&apos;: &apos;.&apos;, &apos;children&apos;: [], &apos;features&apos;: {}}, {&apos;type&apos;: &apos;text&apos;, &apos;bbox&apos;: (469.14200000000017, 351.99, 471.91200000000015, 365.28000000000003), &apos;color_space&apos;: &apos;DeviceGray&apos;, &apos;ncolor&apos;: None, &apos;size&apos;: 13.29000000000002, &apos;value&apos;: &apos;.&apos;, &apos;children&apos;: [], &apos;features&apos;: {}}, {&apos;type&apos;: &apos;text&apos;, &apos;bbox&apos;: (471.91200000000015, 351.99, 474.68200000000013, 365.28000000000003), &apos;color_space&apos;: &apos;DeviceGray&apos;, &apos;ncolor&apos;: None, &apos;size&apos;: 13.29000000000002, &apos;value&apos;: &apos;.&apos;, &apos;children&apos;: [], &apos;features&apos;: {}}, {&apos;type&apos;: &apos;text&apos;, &apos;bbox&apos;: (474.68200000000013, 351.99, 477.4520000000001, 365.28000000000003), &apos;color_space&apos;: &apos;DeviceGray&apos;, &apos;ncolor&apos;: None, &apos;size&apos;: 13.29000000000002, &apos;value&apos;: &apos;.&apos;, &apos;children&apos;: [], &apos;features&apos;: {}}, {&apos;type&apos;: &apos;text&apos;, &apos;bbox&apos;: (477.4520000000001, 351.99, 480.2220000000001, 365.28000000000003), &apos;color_space&apos;: &apos;DeviceGray&apos;, &apos;ncolor&apos;: None, &apos;size&apos;: 13.29000000000002, &apos;value&apos;: &apos;.&apos;, &apos;children&apos;: [], &apos;features&apos;: {}}, {&apos;type&apos;: &apos;text&apos;, &apos;bbox&apos;: (480.2220000000001, 351.99, 482.9920000000001, 365.28000000000003), &apos;color_space&apos;: &apos;DeviceGray&apos;, &apos;ncolor&apos;: None, &apos;size&apos;: 13.29000000000002, &apos;value&apos;: &apos;.&apos;, &apos;children&apos;: [], &apos;features&apos;: {}}, {&apos;type&apos;: &apos;text&apos;, &apos;bbox&apos;: (482.9920000000001, 351.99, 485.76200000000006, 365.28000000000003), &apos;color_space&apos;: &apos;DeviceGray&apos;, &apos;ncolor&apos;: None, &apos;size&apos;: 13.29000000000002, &apos;value&apos;: &apos;.&apos;, &apos;children&apos;: [], &apos;features&apos;: {}}, {&apos;type&apos;: &apos;text&apos;, &apos;bbox&apos;: (485.76200000000006, 351.99, 488.53200000000004, 365.28000000000003), &apos;color_space&apos;: &apos;DeviceGray&apos;, &apos;ncolor&apos;: None, &apos;size&apos;: 13.29000000000002, &apos;value&apos;: &apos;.&apos;, &apos;children&apos;: [], &apos;features&apos;: {}}, {&apos;type&apos;: &apos;text&apos;, &apos;bbox&apos;: (489.548, 351.99, 495.108, 365.28000000000003), &apos;color_space&apos;: &apos;DeviceGray&apos;, &apos;ncolor&apos;: None, &apos;size&apos;: 13.29000000000002, &apos;value&apos;: &apos;5&apos;, &apos;children&apos;: [], &apos;features&apos;: {}}, {&apos;type&apos;: &apos;text&apos;, &apos;bbox&apos;: (495.108, 351.99, 498.438, 365.28000000000003), &apos;color_space&apos;: &apos;DeviceGray&apos;, &apos;ncolor&apos;: None, &apos;size&apos;: 13.29000000000002, &apos;value&apos;: &apos;-&apos;, &apos;children&apos;: [], &apos;features&apos;: {}}, {&apos;type&apos;: &apos;text&apos;, &apos;bbox&apos;: (498.439, 351.99, 503.999, 365.28000000000003), &apos;color_space&apos;: &apos;DeviceGray&apos;, &apos;ncolor&apos;: None, &apos;size&apos;: 13.29000000000002, &apos;value&apos;: &apos;1&apos;, &apos;children&apos;: [], &apos;features&apos;: {}}], &apos;features&apos;: {}}
*********************





--------------------------------- CONTENT AREA --------------------------------- 
This content area has an image
{&apos;type&apos;: &apos;figure&apos;, &apos;bbox&apos;: (0, 0, 612.0, 792.0), &apos;name&apos;: &apos;fx35&apos;, &apos;children&apos;: [{&apos;type&apos;: &apos;text&apos;, &apos;bbox&apos;: (78.0, 299.971, 86.33, 313.45099999999996), &apos;color_space&apos;: &apos;DeviceGray&apos;, &apos;ncolor&apos;: None, &apos;size&apos;: 13.479999999999961, &apos;value&apos;: &apos;O&apos;, &apos;children&apos;: [], &apos;features&apos;: {}}, {&apos;type&apos;: &apos;text&apos;, &apos;bbox&apos;: (86.33, 299.971, 91.88, 313.45099999999996), &apos;color_space&apos;: &apos;DeviceGray&apos;, &apos;ncolor&apos;: None, &apos;size&apos;: 13.479999999999961, &apos;value&apos;: &apos;v&apos;, &apos;children&apos;: [], &apos;features&apos;: {}}, {&apos;type&apos;: &apos;text&apos;, &apos;bbox&apos;: (91.88, 299.971, 96.88, 313.45099999999996), &apos;color_space&apos;: &apos;DeviceGray&apos;, &apos;ncolor&apos;: None, &apos;size&apos;: 13.479999999999961, &apos;value&apos;: &apos;e&apos;, &apos;children&apos;: [], &apos;features&apos;: {}}, {&apos;type&apos;: &apos;text&apos;, &apos;bbox&apos;: (96.88, 299.971, 100.77, 313.45099999999996), &apos;color_space&apos;: &apos;DeviceGray&apos;, &apos;ncolor&apos;: None, &apos;size&apos;: 13.479999999999961, &apos;value&apos;: &apos;r&apos;, &apos;children&apos;: [], &apos;features&apos;: {}}, {&apos;type&apos;: &apos;text&apos;, &apos;bbox&apos;: (100.77000000000001, 299.971, 106.32000000000001, 313.45099999999996), &apos;color_space&apos;: &apos;DeviceGray&apos;, &apos;ncolor&apos;: None, &apos;size&apos;: 13.479999999999961, &apos;value&apos;: &apos;v&apos;, &apos;children&apos;: [], &apos;features&apos;: {}}, {&apos;type&apos;: &apos;text&apos;, &apos;bbox&apos;: (106.32000000000001, 299.971, 109.65, 313.45099999999996), &apos;color_space&apos;: &apos;DeviceGray&apos;, &apos;ncolor&apos;: None, &apos;size&apos;: 13.479999999999961, &apos;value&apos;: &apos;i&apos;, &apos;children&apos;: [], &apos;features&apos;: {}}, {&apos;type&apos;: &apos;text&apos;, &apos;bbox&apos;: (109.65, 299.971, 114.65, 313.45099999999996), &apos;color_space&apos;: &apos;DeviceGray&apos;, &apos;ncolor&apos;: None, &apos;size&apos;: 13.479999999999961, &apos;value&apos;: &apos;e&apos;, &apos;children&apos;: [], &apos;features&apos;: {}}, {&apos;type&apos;: &apos;text&apos;, &apos;bbox&apos;: (114.65, 299.971, 122.98, 313.45099999999996), &apos;color_space&apos;: &apos;DeviceGray&apos;, &apos;ncolor&apos;: None, &apos;size&apos;: 13.479999999999961, &apos;value&apos;: &apos;w&apos;, &apos;children&apos;: [], &apos;features&apos;: {}}, {&apos;type&apos;: &apos;text&apos;, &apos;bbox&apos;: (125.495, 299.971, 131.055, 313.45099999999996), &apos;color_space&apos;: &apos;DeviceGray&apos;, &apos;ncolor&apos;: None, &apos;size&apos;: 13.479999999999961, &apos;value&apos;: &apos;o&apos;, &apos;children&apos;: [], &apos;features&apos;: {}}, {&apos;type&apos;: &apos;text&apos;, &apos;bbox&apos;: (131.055, 299.971, 134.945, 313.45099999999996), &apos;color_space&apos;: &apos;DeviceGray&apos;, &apos;ncolor&apos;: None, &apos;size&apos;: 13.479999999999961, &apos;value&apos;: &apos;f&apos;, &apos;children&apos;: [], &apos;features&apos;: {}}, {&apos;type&apos;: &apos;text&apos;, &apos;bbox&apos;: (137.448, 299.971, 140.77800000000002, 313.45099999999996), &apos;color_space&apos;: &apos;DeviceGray&apos;, &apos;ncolor&apos;: None, &apos;size&apos;: 13.479999999999961, &apos;value&apos;: &apos;t&apos;, &apos;children&apos;: [], &apos;features&apos;: {}}, {&apos;type&apos;: &apos;text&apos;, &apos;bbox&apos;: (140.77800000000002, 299.971, 146.87800000000001, 313.45099999999996), &apos;color_space&apos;: &apos;DeviceGray&apos;, &apos;ncolor&apos;: None, &apos;size&apos;: 13.479999999999961, &apos;value&apos;: &apos;h&apos;, &apos;children&apos;: [], &apos;features&apos;: {}}, {&apos;type&apos;: &apos;text&apos;, &apos;bbox&apos;: (146.87800000000001, 299.971, 151.87800000000001, 313.45099999999996), &apos;color_space&apos;: &apos;DeviceGray&apos;, &apos;ncolor&apos;: None, &apos;size&apos;: 13.479999999999961, &apos;value&apos;: &apos;e&apos;, &apos;children&apos;: [], &apos;features&apos;: {}}, {&apos;type&apos;: &apos;text&apos;, &apos;bbox&apos;: (154.386, 299.971, 161.046, 313.45099999999996), &apos;color_space&apos;: &apos;DeviceGray&apos;, &apos;ncolor&apos;: None, &apos;size&apos;: 13.479999999999961, &apos;value&apos;: &apos;T&apos;, &apos;children&apos;: [], &apos;features&apos;: {}}, {&apos;type&apos;: &apos;text&apos;, &apos;bbox&apos;: (161.046, 299.971, 168.176, 313.45099999999996), &apos;color_space&apos;: &apos;DeviceGray&apos;, &apos;ncolor&apos;: None, &apos;size&apos;: 13.479999999999961, &apos;value&apos;: &apos;R&apos;, &apos;children&apos;: [], &apos;features&apos;: {}}, {&apos;type&apos;: &apos;text&apos;, &apos;bbox&apos;: (168.176, 299.971, 175.946, 313.45099999999996), &apos;color_space&apos;: &apos;DeviceGray&apos;, &apos;ncolor&apos;: None, &apos;size&apos;: 13.479999999999961, &apos;value&apos;: &apos;A&apos;, &apos;children&apos;: [], &apos;features&apos;: {}}, {&apos;type&apos;: &apos;text&apos;, &apos;bbox&apos;: (175.946, 299.971, 184.276, 313.45099999999996), &apos;color_space&apos;: &apos;DeviceGray&apos;, &apos;ncolor&apos;: None, &apos;size&apos;: 13.479999999999961, &apos;value&apos;: &apos;N&apos;, &apos;children&apos;: [], &apos;features&apos;: {}}, {&apos;type&apos;: &apos;text&apos;, &apos;bbox&apos;: (184.276, 299.971, 190.376, 313.45099999999996), &apos;color_space&apos;: &apos;DeviceGray&apos;, &apos;ncolor&apos;: None, &apos;size&apos;: 13.479999999999961, &apos;value&apos;: &apos;S&apos;, &apos;children&apos;: [], &apos;features&apos;: {}}, {&apos;type&apos;: &apos;text&apos;, &apos;bbox&apos;: (190.376, 299.971, 198.14600000000002, 313.45099999999996), &apos;color_space&apos;: &apos;DeviceGray&apos;, &apos;ncolor&apos;: None, &apos;size&apos;: 13.479999999999961, &apos;value&apos;: &apos;A&apos;, &apos;children&apos;: [], &apos;features&apos;: {}}, {&apos;type&apos;: &apos;text&apos;, &apos;bbox&apos;: (198.14600000000002, 299.971, 205.366, 313.45099999999996), &apos;color_space&apos;: &apos;DeviceGray&apos;, &apos;ncolor&apos;: None, &apos;size&apos;: 13.479999999999961, &apos;value&apos;: &apos;C&apos;, &apos;children&apos;: [], &apos;features&apos;: {}}, {&apos;type&apos;: &apos;text&apos;, &apos;bbox&apos;: (205.36599999999999, 299.971, 212.02599999999998, 313.45099999999996), &apos;color_space&apos;: &apos;DeviceGray&apos;, &apos;ncolor&apos;: None, &apos;size&apos;: 13.479999999999961, &apos;value&apos;: &apos;T&apos;, &apos;children&apos;: [], &apos;features&apos;: {}}, {&apos;type&apos;: &apos;text&apos;, &apos;bbox&apos;: (212.026, 299.971, 215.916, 313.45099999999996), &apos;color_space&apos;: &apos;DeviceGray&apos;, &apos;ncolor&apos;: None, &apos;size&apos;: 13.479999999999961, &apos;value&apos;: &apos;I&apos;, &apos;children&apos;: [], &apos;features&apos;: {}}, {&apos;type&apos;: &apos;text&apos;, &apos;bbox&apos;: (215.916, 299.971, 224.246, 313.45099999999996), &apos;color_space&apos;: &apos;DeviceGray&apos;, &apos;ncolor&apos;: None, &apos;size&apos;: 13.479999999999961, &apos;value&apos;: &apos;O&apos;, &apos;children&apos;: [], &apos;features&apos;: {}}, {&apos;type&apos;: &apos;text&apos;, &apos;bbox&apos;: (224.24599999999998, 299.971, 232.576, 313.45099999999996), &apos;color_space&apos;: &apos;DeviceGray&apos;, &apos;ncolor&apos;: None, &apos;size&apos;: 13.479999999999961, &apos;value&apos;: &apos;N&apos;, &apos;children&apos;: [], &apos;features&apos;: {}}, {&apos;type&apos;: &apos;text&apos;, &apos;bbox&apos;: (232.576, 299.971, 238.676, 313.45099999999996), &apos;color_space&apos;: &apos;DeviceGray&apos;, &apos;ncolor&apos;: None, &apos;size&apos;: 13.479999999999961, &apos;value&apos;: &apos;S&apos;, &apos;children&apos;: [], &apos;features&apos;: {}}, {&apos;type&apos;: &apos;text&apos;, &apos;bbox&apos;: (241.241, 299.971, 249.55100000000002, 313.45099999999996), &apos;color_space&apos;: &apos;DeviceGray&apos;, &apos;ncolor&apos;: None, &apos;size&apos;: 13.479999999999961, &apos;value&apos;: &apos;D&apos;, &apos;children&apos;: [], &apos;features&apos;: {}}, {&apos;type&apos;: &apos;text&apos;, &apos;bbox&apos;: (249.55100000000002, 299.971, 254.55100000000002, 313.45099999999996), &apos;color_space&apos;: &apos;DeviceGray&apos;, &apos;ncolor&apos;: None, &apos;size&apos;: 13.479999999999961, &apos;value&apos;: &apos;a&apos;, &apos;children&apos;: [], &apos;features&apos;: {}}, {&apos;type&apos;: &apos;text&apos;, &apos;bbox&apos;: (254.55100000000002, 299.971, 257.88100000000003, 313.45099999999996), &apos;color_space&apos;: &apos;DeviceGray&apos;, &apos;ncolor&apos;: None, &apos;size&apos;: 13.479999999999961, &apos;value&apos;: &apos;t&apos;, &apos;children&apos;: [], &apos;features&apos;: {}}, {&apos;type&apos;: &apos;text&apos;, &apos;bbox&apos;: (257.88100000000003, 299.971, 262.88100000000003, 313.45099999999996), &apos;color_space&apos;: &apos;DeviceGray&apos;, &apos;ncolor&apos;: None, &apos;size&apos;: 13.479999999999961, &apos;value&apos;: &apos;a&apos;, &apos;children&apos;: [], &apos;features&apos;: {}}, {&apos;type&apos;: &apos;text&apos;, &apos;bbox&apos;: (262.88100000000003, 299.971, 268.98100000000005, 313.45099999999996), &apos;color_space&apos;: &apos;DeviceGray&apos;, &apos;ncolor&apos;: None, &apos;size&apos;: 13.479999999999961, &apos;value&apos;: &apos;b&apos;, &apos;children&apos;: [], &apos;features&apos;: {}}, {&apos;type&apos;: &apos;text&apos;, &apos;bbox&apos;: (268.981, 299.971, 273.981, 313.45099999999996), &apos;color_space&apos;: &apos;DeviceGray&apos;, &apos;ncolor&apos;: None, &apos;size&apos;: 13.479999999999961, &apos;value&apos;: &apos;a&apos;, &apos;children&apos;: [], &apos;features&apos;: {}}, {&apos;type&apos;: &apos;text&apos;, &apos;bbox&apos;: (273.981, 299.971, 278.411, 313.45099999999996), &apos;color_space&apos;: &apos;DeviceGray&apos;, &apos;ncolor&apos;: None, &apos;size&apos;: 13.479999999999961, &apos;value&apos;: &apos;s&apos;, &apos;children&apos;: [], &apos;features&apos;: {}}, {&apos;type&apos;: &apos;text&apos;, &apos;bbox&apos;: (278.411, 299.971, 283.411, 313.45099999999996), &apos;color_space&apos;: &apos;DeviceGray&apos;, &apos;ncolor&apos;: None, &apos;size&apos;: 13.479999999999961, &apos;value&apos;: &apos;e&apos;, &apos;children&apos;: [], &apos;features&apos;: {}}, {&apos;type&apos;: &apos;text&apos;, &apos;bbox&apos;: (285.928, 299.971, 289.258, 313.45099999999996), &apos;color_space&apos;: &apos;DeviceGray&apos;, &apos;ncolor&apos;: None, &apos;size&apos;: 13.479999999999961, &apos;value&apos;: &apos;t&apos;, &apos;children&apos;: [], &apos;features&apos;: {}}, {&apos;type&apos;: &apos;text&apos;, &apos;bbox&apos;: (289.258, 299.971, 294.258, 313.45099999999996), &apos;color_space&apos;: &apos;DeviceGray&apos;, &apos;ncolor&apos;: None, &apos;size&apos;: 13.479999999999961, &apos;value&apos;: &apos;a&apos;, &apos;children&apos;: [], &apos;features&apos;: {}}, {&apos;type&apos;: &apos;text&apos;, &apos;bbox&apos;: (294.258, 299.971, 300.358, 313.45099999999996), &apos;color_space&apos;: &apos;DeviceGray&apos;, &apos;ncolor&apos;: None, &apos;size&apos;: 13.479999999999961, &apos;value&apos;: &apos;b&apos;, &apos;children&apos;: [], &apos;features&apos;: {}}, {&apos;type&apos;: &apos;text&apos;, &apos;bbox&apos;: (300.358, 299.971, 303.688, 313.45099999999996), &apos;color_space&apos;: &apos;DeviceGray&apos;, &apos;ncolor&apos;: None, &apos;size&apos;: 13.479999999999961, &apos;value&apos;: &apos;l&apos;, &apos;children&apos;: [], &apos;features&apos;: {}}, {&apos;type&apos;: &apos;text&apos;, &apos;bbox&apos;: (303.688, 299.971, 308.688, 313.45099999999996), &apos;color_space&apos;: &apos;DeviceGray&apos;, &apos;ncolor&apos;: None, &apos;size&apos;: 13.479999999999961, &apos;value&apos;: &apos;e&apos;, &apos;children&apos;: [], &apos;features&apos;: {}}, {&apos;type&apos;: &apos;text&apos;, &apos;bbox&apos;: (308.688, 299.971, 313.118, 313.45099999999996), &apos;color_space&apos;: &apos;DeviceGray&apos;, &apos;ncolor&apos;: None, &apos;size&apos;: 13.479999999999961, &apos;value&apos;: &apos;s&apos;, &apos;children&apos;: [], &apos;features&apos;: {}}, {&apos;type&apos;: &apos;text&apos;, &apos;bbox&apos;: (313.135, 300.70099999999996, 315.905, 313.991), &apos;color_space&apos;: &apos;DeviceGray&apos;, &apos;ncolor&apos;: None, &apos;size&apos;: 13.29000000000002, &apos;value&apos;: &apos;.&apos;, &apos;children&apos;: [], &apos;features&apos;: {}}, {&apos;type&apos;: &apos;text&apos;, &apos;bbox&apos;: (315.905, 300.70099999999996, 318.67499999999995, 313.991), &apos;color_space&apos;: &apos;DeviceGray&apos;, &apos;ncolor&apos;: None, &apos;size&apos;: 13.29000000000002, &apos;value&apos;: &apos;.&apos;, &apos;children&apos;: [], &apos;features&apos;: {}}, {&apos;type&apos;: &apos;text&apos;, &apos;bbox&apos;: (318.675, 300.70099999999996, 321.445, 313.991), &apos;color_space&apos;: &apos;DeviceGray&apos;, &apos;ncolor&apos;: None, &apos;size&apos;: 13.29000000000002, &apos;value&apos;: &apos;.&apos;, &apos;children&apos;: [], &apos;features&apos;: {}}, {&apos;type&apos;: &apos;text&apos;, &apos;bbox&apos;: (321.445, 300.70099999999996, 324.215, 313.991), &apos;color_space&apos;: &apos;DeviceGray&apos;, &apos;ncolor&apos;: None, &apos;size&apos;: 13.29000000000002, &apos;value&apos;: &apos;.&apos;, &apos;children&apos;: [], &apos;features&apos;: {}}, {&apos;type&apos;: &apos;text&apos;, &apos;bbox&apos;: (324.215, 300.70099999999996, 326.98499999999996, 313.991), &apos;color_space&apos;: &apos;DeviceGray&apos;, &apos;ncolor&apos;: None, &apos;size&apos;: 13.29000000000002, &apos;value&apos;: &apos;.&apos;, &apos;children&apos;: [], &apos;features&apos;: {}}, {&apos;type&apos;: &apos;text&apos;, &apos;bbox&apos;: (326.985, 300.70099999999996, 329.755, 313.991), &apos;color_space&apos;: &apos;DeviceGray&apos;, &apos;ncolor&apos;: None, &apos;size&apos;: 13.29000000000002, &apos;value&apos;: &apos;.&apos;, &apos;children&apos;: [], &apos;features&apos;: {}}, {&apos;type&apos;: &apos;text&apos;, &apos;bbox&apos;: (329.755, 300.70099999999996, 332.525, 313.991), &apos;color_space&apos;: &apos;DeviceGray&apos;, &apos;ncolor&apos;: None, &apos;size&apos;: 13.29000000000002, &apos;value&apos;: &apos;.&apos;, &apos;children&apos;: [], &apos;features&apos;: {}}, {&apos;type&apos;: &apos;text&apos;, &apos;bbox&apos;: (332.525, 300.70099999999996, 335.29499999999996, 313.991), &apos;color_space&apos;: &apos;DeviceGray&apos;, &apos;ncolor&apos;: None, &apos;size&apos;: 13.29000000000002, &apos;value&apos;: &apos;.&apos;, &apos;children&apos;: [], &apos;features&apos;: {}}, {&apos;type&apos;: &apos;text&apos;, &apos;bbox&apos;: (335.295, 300.70099999999996, 338.065, 313.991), &apos;color_space&apos;: &apos;DeviceGray&apos;, &apos;ncolor&apos;: None, &apos;size&apos;: 13.29000000000002, &apos;value&apos;: &apos;.&apos;, &apos;children&apos;: [], &apos;features&apos;: {}}, {&apos;type&apos;: &apos;text&apos;, &apos;bbox&apos;: (338.065, 300.70099999999996, 340.835, 313.991), &apos;color_space&apos;: &apos;DeviceGray&apos;, &apos;ncolor&apos;: None, &apos;size&apos;: 13.29000000000002, &apos;value&apos;: &apos;.&apos;, &apos;children&apos;: [], &apos;features&apos;: {}}, {&apos;type&apos;: &apos;text&apos;, &apos;bbox&apos;: (340.835, 300.70099999999996, 343.60499999999996, 313.991), &apos;color_space&apos;: &apos;DeviceGray&apos;, &apos;ncolor&apos;: None, &apos;size&apos;: 13.29000000000002, &apos;value&apos;: &apos;.&apos;, &apos;children&apos;: [], &apos;features&apos;: {}}, {&apos;type&apos;: &apos;text&apos;, &apos;bbox&apos;: (343.605, 300.70099999999996, 346.375, 313.991), &apos;color_space&apos;: &apos;DeviceGray&apos;, &apos;ncolor&apos;: None, &apos;size&apos;: 13.29000000000002, &apos;value&apos;: &apos;.&apos;, &apos;children&apos;: [], &apos;features&apos;: {}}, {&apos;type&apos;: &apos;text&apos;, &apos;bbox&apos;: (346.375, 300.70099999999996, 349.145, 313.991), &apos;color_space&apos;: &apos;DeviceGray&apos;, &apos;ncolor&apos;: None, &apos;size&apos;: 13.29000000000002, &apos;value&apos;: &apos;.&apos;, &apos;children&apos;: [], &apos;features&apos;: {}}, {&apos;type&apos;: &apos;text&apos;, &apos;bbox&apos;: (349.145, 300.70099999999996, 351.91499999999996, 313.991), &apos;color_space&apos;: &apos;DeviceGray&apos;, &apos;ncolor&apos;: None, &apos;size&apos;: 13.29000000000002, &apos;value&apos;: &apos;.&apos;, &apos;children&apos;: [], &apos;features&apos;: {}}, {&apos;type&apos;: &apos;text&apos;, &apos;bbox&apos;: (351.915, 300.70099999999996, 354.685, 313.991), &apos;color_space&apos;: &apos;DeviceGray&apos;, &apos;ncolor&apos;: None, &apos;size&apos;: 13.29000000000002, &apos;value&apos;: &apos;.&apos;, &apos;children&apos;: [], &apos;features&apos;: {}}, {&apos;type&apos;: &apos;text&apos;, &apos;bbox&apos;: (354.685, 300.70099999999996, 357.455, 313.991), &apos;color_space&apos;: &apos;DeviceGray&apos;, &apos;ncolor&apos;: None, &apos;size&apos;: 13.29000000000002, &apos;value&apos;: &apos;.&apos;, &apos;children&apos;: [], &apos;features&apos;: {}}, {&apos;type&apos;: &apos;text&apos;, &apos;bbox&apos;: (357.455, 300.70099999999996, 360.22499999999997, 313.991), &apos;color_space&apos;: &apos;DeviceGray&apos;, &apos;ncolor&apos;: None, &apos;size&apos;: 13.29000000000002, &apos;value&apos;: &apos;.&apos;, &apos;children&apos;: [], &apos;features&apos;: {}}, {&apos;type&apos;: &apos;text&apos;, &apos;bbox&apos;: (360.225, 300.70099999999996, 362.995, 313.991), &apos;color_space&apos;: &apos;DeviceGray&apos;, &apos;ncolor&apos;: None, &apos;size&apos;: 13.29000000000002, &apos;value&apos;: &apos;.&apos;, &apos;children&apos;: [], &apos;features&apos;: {}}, {&apos;type&apos;: &apos;text&apos;, &apos;bbox&apos;: (362.995, 300.70099999999996, 365.765, 313.991), &apos;color_space&apos;: &apos;DeviceGray&apos;, &apos;ncolor&apos;: None, &apos;size&apos;: 13.29000000000002, &apos;value&apos;: &apos;.&apos;, &apos;children&apos;: [], &apos;features&apos;: {}}, {&apos;type&apos;: &apos;text&apos;, &apos;bbox&apos;: (365.765, 300.70099999999996, 368.53499999999997, 313.991), &apos;color_space&apos;: &apos;DeviceGray&apos;, &apos;ncolor&apos;: None, &apos;size&apos;: 13.29000000000002, &apos;value&apos;: &apos;.&apos;, &apos;children&apos;: [], &apos;features&apos;: {}}, {&apos;type&apos;: &apos;text&apos;, &apos;bbox&apos;: (368.535, 300.70099999999996, 371.305, 313.991), &apos;color_space&apos;: &apos;DeviceGray&apos;, &apos;ncolor&apos;: None, &apos;size&apos;: 13.29000000000002, &apos;value&apos;: &apos;.&apos;, &apos;children&apos;: [], &apos;features&apos;: {}}, {&apos;type&apos;: &apos;text&apos;, &apos;bbox&apos;: (371.305, 300.70099999999996, 374.075, 313.991), &apos;color_space&apos;: &apos;DeviceGray&apos;, &apos;ncolor&apos;: None, &apos;size&apos;: 13.29000000000002, &apos;value&apos;: &apos;.&apos;, &apos;children&apos;: [], &apos;features&apos;: {}}, {&apos;type&apos;: &apos;text&apos;, &apos;bbox&apos;: (374.07500000000005, 300.70099999999996, 376.845, 313.991), &apos;color_space&apos;: &apos;DeviceGray&apos;, &apos;ncolor&apos;: None, &apos;size&apos;: 13.29000000000002, &apos;value&apos;: &apos;.&apos;, &apos;children&apos;: [], &apos;features&apos;: {}}, {&apos;type&apos;: &apos;text&apos;, &apos;bbox&apos;: (376.845, 300.70099999999996, 379.615, 313.991), &apos;color_space&apos;: &apos;DeviceGray&apos;, &apos;ncolor&apos;: None, &apos;size&apos;: 13.29000000000002, &apos;value&apos;: &apos;.&apos;, &apos;children&apos;: [], &apos;features&apos;: {}}, {&apos;type&apos;: &apos;text&apos;, &apos;bbox&apos;: (379.615, 300.70099999999996, 382.385, 313.991), &apos;color_space&apos;: &apos;DeviceGray&apos;, &apos;ncolor&apos;: None, &apos;size&apos;: 13.29000000000002, &apos;value&apos;: &apos;.&apos;, &apos;children&apos;: [], &apos;features&apos;: {}}, {&apos;type&apos;: &apos;text&apos;, &apos;bbox&apos;: (382.385, 300.70099999999996, 385.155, 313.991), &apos;color_space&apos;: &apos;DeviceGray&apos;, &apos;ncolor&apos;: None, &apos;size&apos;: 13.29000000000002, &apos;value&apos;: &apos;.&apos;, &apos;children&apos;: [], &apos;features&apos;: {}}, {&apos;type&apos;: &apos;text&apos;, &apos;bbox&apos;: (385.15500000000003, 300.70099999999996, 387.925, 313.991), &apos;color_space&apos;: &apos;DeviceGray&apos;, &apos;ncolor&apos;: None, &apos;size&apos;: 13.29000000000002, &apos;value&apos;: &apos;.&apos;, &apos;children&apos;: [], &apos;features&apos;: {}}, {&apos;type&apos;: &apos;text&apos;, &apos;bbox&apos;: (387.925, 300.70099999999996, 390.695, 313.991), &apos;color_space&apos;: &apos;DeviceGray&apos;, &apos;ncolor&apos;: None, &apos;size&apos;: 13.29000000000002, &apos;value&apos;: &apos;.&apos;, &apos;children&apos;: [], &apos;features&apos;: {}}, {&apos;type&apos;: &apos;text&apos;, &apos;bbox&apos;: (390.695, 300.70099999999996, 393.465, 313.991), &apos;color_space&apos;: &apos;DeviceGray&apos;, &apos;ncolor&apos;: None, &apos;size&apos;: 13.29000000000002, &apos;value&apos;: &apos;.&apos;, &apos;children&apos;: [], &apos;features&apos;: {}}, {&apos;type&apos;: &apos;text&apos;, &apos;bbox&apos;: (393.46500000000003, 300.70099999999996, 396.235, 313.991), &apos;color_space&apos;: &apos;DeviceGray&apos;, &apos;ncolor&apos;: None, &apos;size&apos;: 13.29000000000002, &apos;value&apos;: &apos;.&apos;, &apos;children&apos;: [], &apos;features&apos;: {}}, {&apos;type&apos;: &apos;text&apos;, &apos;bbox&apos;: (396.235, 300.70099999999996, 399.005, 313.991), &apos;color_space&apos;: &apos;DeviceGray&apos;, &apos;ncolor&apos;: None, &apos;size&apos;: 13.29000000000002, &apos;value&apos;: &apos;.&apos;, &apos;children&apos;: [], &apos;features&apos;: {}}, {&apos;type&apos;: &apos;text&apos;, &apos;bbox&apos;: (399.005, 300.70099999999996, 401.775, 313.991), &apos;color_space&apos;: &apos;DeviceGray&apos;, &apos;ncolor&apos;: None, &apos;size&apos;: 13.29000000000002, &apos;value&apos;: &apos;.&apos;, &apos;children&apos;: [], &apos;features&apos;: {}}, {&apos;type&apos;: &apos;text&apos;, &apos;bbox&apos;: (401.775, 300.70099999999996, 404.54499999999996, 313.991), &apos;color_space&apos;: &apos;DeviceGray&apos;, &apos;ncolor&apos;: None, &apos;size&apos;: 13.29000000000002, &apos;value&apos;: &apos;.&apos;, &apos;children&apos;: [], &apos;features&apos;: {}}, {&apos;type&apos;: &apos;text&apos;, &apos;bbox&apos;: (404.54499999999996, 300.70099999999996, 407.31499999999994, 313.991), &apos;color_space&apos;: &apos;DeviceGray&apos;, &apos;ncolor&apos;: None, &apos;size&apos;: 13.29000000000002, &apos;value&apos;: &apos;.&apos;, &apos;children&apos;: [], &apos;features&apos;: {}}, {&apos;type&apos;: &apos;text&apos;, &apos;bbox&apos;: (407.315, 300.70099999999996, 410.085, 313.991), &apos;color_space&apos;: &apos;DeviceGray&apos;, &apos;ncolor&apos;: None, &apos;size&apos;: 13.29000000000002, &apos;value&apos;: &apos;.&apos;, &apos;children&apos;: [], &apos;features&apos;: {}}, {&apos;type&apos;: &apos;text&apos;, &apos;bbox&apos;: (410.085, 300.70099999999996, 412.85499999999996, 313.991), &apos;color_space&apos;: &apos;DeviceGray&apos;, &apos;ncolor&apos;: None, &apos;size&apos;: 13.29000000000002, &apos;value&apos;: &apos;.&apos;, &apos;children&apos;: [], &apos;features&apos;: {}}, {&apos;type&apos;: &apos;text&apos;, &apos;bbox&apos;: (412.85499999999996, 300.70099999999996, 415.62499999999994, 313.991), &apos;color_space&apos;: &apos;DeviceGray&apos;, &apos;ncolor&apos;: None, &apos;size&apos;: 13.29000000000002, &apos;value&apos;: &apos;.&apos;, &apos;children&apos;: [], &apos;features&apos;: {}}, {&apos;type&apos;: &apos;text&apos;, &apos;bbox&apos;: (415.625, 300.70099999999996, 418.395, 313.991), &apos;color_space&apos;: &apos;DeviceGray&apos;, &apos;ncolor&apos;: None, &apos;size&apos;: 13.29000000000002, &apos;value&apos;: &apos;.&apos;, &apos;children&apos;: [], &apos;features&apos;: {}}, {&apos;type&apos;: &apos;text&apos;, &apos;bbox&apos;: (418.395, 300.70099999999996, 421.16499999999996, 313.991), &apos;color_space&apos;: &apos;DeviceGray&apos;, &apos;ncolor&apos;: None, &apos;size&apos;: 13.29000000000002, &apos;value&apos;: &apos;.&apos;, &apos;children&apos;: [], &apos;features&apos;: {}}, {&apos;type&apos;: &apos;text&apos;, &apos;bbox&apos;: (421.16499999999996, 300.70099999999996, 423.93499999999995, 313.991), &apos;color_space&apos;: &apos;DeviceGray&apos;, &apos;ncolor&apos;: None, &apos;size&apos;: 13.29000000000002, &apos;value&apos;: &apos;.&apos;, &apos;children&apos;: [], &apos;features&apos;: {}}, {&apos;type&apos;: &apos;text&apos;, &apos;bbox&apos;: (423.93499999999995, 300.70099999999996, 426.7049999999999, 313.991), &apos;color_space&apos;: &apos;DeviceGray&apos;, &apos;ncolor&apos;: None, &apos;size&apos;: 13.29000000000002, &apos;value&apos;: &apos;.&apos;, &apos;children&apos;: [], &apos;features&apos;: {}}, {&apos;type&apos;: &apos;text&apos;, &apos;bbox&apos;: (426.7049999999999, 300.70099999999996, 429.4749999999999, 313.991), &apos;color_space&apos;: &apos;DeviceGray&apos;, &apos;ncolor&apos;: None, &apos;size&apos;: 13.29000000000002, &apos;value&apos;: &apos;.&apos;, &apos;children&apos;: [], &apos;features&apos;: {}}, {&apos;type&apos;: &apos;text&apos;, &apos;bbox&apos;: (429.47499999999997, 300.70099999999996, 432.24499999999995, 313.991), &apos;color_space&apos;: &apos;DeviceGray&apos;, &apos;ncolor&apos;: None, &apos;size&apos;: 13.29000000000002, &apos;value&apos;: &apos;.&apos;, &apos;children&apos;: [], &apos;features&apos;: {}}, {&apos;type&apos;: &apos;text&apos;, &apos;bbox&apos;: (432.24499999999995, 300.70099999999996, 435.01499999999993, 313.991), &apos;color_space&apos;: &apos;DeviceGray&apos;, &apos;ncolor&apos;: None, &apos;size&apos;: 13.29000000000002, &apos;value&apos;: &apos;.&apos;, &apos;children&apos;: [], &apos;features&apos;: {}}, {&apos;type&apos;: &apos;text&apos;, &apos;bbox&apos;: (435.01499999999993, 300.70099999999996, 437.7849999999999, 313.991), &apos;color_space&apos;: &apos;DeviceGray&apos;, &apos;ncolor&apos;: None, &apos;size&apos;: 13.29000000000002, &apos;value&apos;: &apos;.&apos;, &apos;children&apos;: [], &apos;features&apos;: {}}, {&apos;type&apos;: &apos;text&apos;, &apos;bbox&apos;: (437.78499999999997, 300.70099999999996, 440.55499999999995, 313.991), &apos;color_space&apos;: &apos;DeviceGray&apos;, &apos;ncolor&apos;: None, &apos;size&apos;: 13.29000000000002, &apos;value&apos;: &apos;.&apos;, &apos;children&apos;: [], &apos;features&apos;: {}}, {&apos;type&apos;: &apos;text&apos;, &apos;bbox&apos;: (440.55499999999995, 300.70099999999996, 443.32499999999993, 313.991), &apos;color_space&apos;: &apos;DeviceGray&apos;, &apos;ncolor&apos;: None, &apos;size&apos;: 13.29000000000002, &apos;value&apos;: &apos;.&apos;, &apos;children&apos;: [], &apos;features&apos;: {}}, {&apos;type&apos;: &apos;text&apos;, &apos;bbox&apos;: (443.32499999999993, 300.70099999999996, 446.0949999999999, 313.991), &apos;color_space&apos;: &apos;DeviceGray&apos;, &apos;ncolor&apos;: None, &apos;size&apos;: 13.29000000000002, &apos;value&apos;: &apos;.&apos;, &apos;children&apos;: [], &apos;features&apos;: {}}, {&apos;type&apos;: &apos;text&apos;, &apos;bbox&apos;: (446.0949999999999, 300.70099999999996, 448.8649999999999, 313.991), &apos;color_space&apos;: &apos;DeviceGray&apos;, &apos;ncolor&apos;: None, &apos;size&apos;: 13.29000000000002, &apos;value&apos;: &apos;.&apos;, &apos;children&apos;: [], &apos;features&apos;: {}}, {&apos;type&apos;: &apos;text&apos;, &apos;bbox&apos;: (448.86499999999995, 300.70099999999996, 451.63499999999993, 313.991), &apos;color_space&apos;: &apos;DeviceGray&apos;, &apos;ncolor&apos;: None, &apos;size&apos;: 13.29000000000002, &apos;value&apos;: &apos;.&apos;, &apos;children&apos;: [], &apos;features&apos;: {}}, {&apos;type&apos;: &apos;text&apos;, &apos;bbox&apos;: (451.635, 300.70099999999996, 454.405, 313.991), &apos;color_space&apos;: &apos;DeviceGray&apos;, &apos;ncolor&apos;: None, &apos;size&apos;: 13.29000000000002, &apos;value&apos;: &apos;.&apos;, &apos;children&apos;: [], &apos;features&apos;: {}}, {&apos;type&apos;: &apos;text&apos;, &apos;bbox&apos;: (454.405, 300.70099999999996, 457.17499999999995, 313.991), &apos;color_space&apos;: &apos;DeviceGray&apos;, &apos;ncolor&apos;: None, &apos;size&apos;: 13.29000000000002, &apos;value&apos;: &apos;.&apos;, &apos;children&apos;: [], &apos;features&apos;: {}}, {&apos;type&apos;: &apos;text&apos;, &apos;bbox&apos;: (457.17499999999995, 300.70099999999996, 459.94499999999994, 313.991), &apos;color_space&apos;: &apos;DeviceGray&apos;, &apos;ncolor&apos;: None, &apos;size&apos;: 13.29000000000002, &apos;value&apos;: &apos;.&apos;, &apos;children&apos;: [], &apos;features&apos;: {}}, {&apos;type&apos;: &apos;text&apos;, &apos;bbox&apos;: (459.945, 300.70099999999996, 462.715, 313.991), &apos;color_space&apos;: &apos;DeviceGray&apos;, &apos;ncolor&apos;: None, &apos;size&apos;: 13.29000000000002, &apos;value&apos;: &apos;.&apos;, &apos;children&apos;: [], &apos;features&apos;: {}}, {&apos;type&apos;: &apos;text&apos;, &apos;bbox&apos;: (462.71500000000003, 300.70099999999996, 465.485, 313.991), &apos;color_space&apos;: &apos;DeviceGray&apos;, &apos;ncolor&apos;: None, &apos;size&apos;: 13.29000000000002, &apos;value&apos;: &apos;.&apos;, &apos;children&apos;: [], &apos;features&apos;: {}}, {&apos;type&apos;: &apos;text&apos;, &apos;bbox&apos;: (465.485, 300.70099999999996, 468.255, 313.991), &apos;color_space&apos;: &apos;DeviceGray&apos;, &apos;ncolor&apos;: None, &apos;size&apos;: 13.29000000000002, &apos;value&apos;: &apos;.&apos;, &apos;children&apos;: [], &apos;features&apos;: {}}, {&apos;type&apos;: &apos;text&apos;, &apos;bbox&apos;: (468.255, 300.70099999999996, 471.025, 313.991), &apos;color_space&apos;: &apos;DeviceGray&apos;, &apos;ncolor&apos;: None, &apos;size&apos;: 13.29000000000002, &apos;value&apos;: &apos;.&apos;, &apos;children&apos;: [], &apos;features&apos;: {}}, {&apos;type&apos;: &apos;text&apos;, &apos;bbox&apos;: (471.02500000000003, 300.70099999999996, 473.795, 313.991), &apos;color_space&apos;: &apos;DeviceGray&apos;, &apos;ncolor&apos;: None, &apos;size&apos;: 13.29000000000002, &apos;value&apos;: &apos;.&apos;, &apos;children&apos;: [], &apos;features&apos;: {}}, {&apos;type&apos;: &apos;text&apos;, &apos;bbox&apos;: (473.7950000000001, 300.70099999999996, 476.56500000000005, 313.991), &apos;color_space&apos;: &apos;DeviceGray&apos;, &apos;ncolor&apos;: None, &apos;size&apos;: 13.29000000000002, &apos;value&apos;: &apos;.&apos;, &apos;children&apos;: [], &apos;features&apos;: {}}, {&apos;type&apos;: &apos;text&apos;, &apos;bbox&apos;: (476.56500000000005, 300.70099999999996, 479.33500000000004, 313.991), &apos;color_space&apos;: &apos;DeviceGray&apos;, &apos;ncolor&apos;: None, &apos;size&apos;: 13.29000000000002, &apos;value&apos;: &apos;.&apos;, &apos;children&apos;: [], &apos;features&apos;: {}}, {&apos;type&apos;: &apos;text&apos;, &apos;bbox&apos;: (479.33500000000004, 300.70099999999996, 482.105, 313.991), &apos;color_space&apos;: &apos;DeviceGray&apos;, &apos;ncolor&apos;: None, &apos;size&apos;: 13.29000000000002, &apos;value&apos;: &apos;.&apos;, &apos;children&apos;: [], &apos;features&apos;: {}}, {&apos;type&apos;: &apos;text&apos;, &apos;bbox&apos;: (482.1050000000001, 300.70099999999996, 484.87500000000006, 313.991), &apos;color_space&apos;: &apos;DeviceGray&apos;, &apos;ncolor&apos;: None, &apos;size&apos;: 13.29000000000002, &apos;value&apos;: &apos;.&apos;, &apos;children&apos;: [], &apos;features&apos;: {}}, {&apos;type&apos;: &apos;text&apos;, &apos;bbox&apos;: (484.8750000000001, 300.70099999999996, 487.6450000000001, 313.991), &apos;color_space&apos;: &apos;DeviceGray&apos;, &apos;ncolor&apos;: None, &apos;size&apos;: 13.29000000000002, &apos;value&apos;: &apos;.&apos;, &apos;children&apos;: [], &apos;features&apos;: {}}, {&apos;type&apos;: &apos;text&apos;, &apos;bbox&apos;: (489.548, 300.70099999999996, 495.108, 313.991), &apos;color_space&apos;: &apos;DeviceGray&apos;, &apos;ncolor&apos;: None, &apos;size&apos;: 13.29000000000002, &apos;value&apos;: &apos;6&apos;, &apos;children&apos;: [], &apos;features&apos;: {}}, {&apos;type&apos;: &apos;text&apos;, &apos;bbox&apos;: (495.108, 300.70099999999996, 498.438, 313.991), &apos;color_space&apos;: &apos;DeviceGray&apos;, &apos;ncolor&apos;: None, &apos;size&apos;: 13.29000000000002, &apos;value&apos;: &apos;-&apos;, &apos;children&apos;: [], &apos;features&apos;: {}}, {&apos;type&apos;: &apos;text&apos;, &apos;bbox&apos;: (498.439, 300.70099999999996, 503.999, 313.991), &apos;color_space&apos;: &apos;DeviceGray&apos;, &apos;ncolor&apos;: None, &apos;size&apos;: 13.29000000000002, &apos;value&apos;: &apos;1&apos;, &apos;children&apos;: [], &apos;features&apos;: {}}], &apos;features&apos;: {}}
*********************





--------------------------------- CONTENT AREA --------------------------------- 
This content area has an image
{&apos;type&apos;: &apos;figure&apos;, &apos;bbox&apos;: (0, 0, 612.0, 792.0), &apos;name&apos;: &apos;fx36&apos;, &apos;children&apos;: [{&apos;type&apos;: &apos;text&apos;, &apos;bbox&apos;: (78.0, 284.48, 84.05, 297.96), &apos;color_space&apos;: &apos;DeviceGray&apos;, &apos;ncolor&apos;: None, &apos;size&apos;: 13.479999999999961, &apos;value&apos;: &apos;L&apos;, &apos;children&apos;: [], &apos;features&apos;: {}}, {&apos;type&apos;: &apos;text&apos;, &apos;bbox&apos;: (84.05, 284.48, 87.38, 297.96), &apos;color_space&apos;: &apos;DeviceGray&apos;, &apos;ncolor&apos;: None, &apos;size&apos;: 13.479999999999961, &apos;value&apos;: &apos;i&apos;, &apos;children&apos;: [], &apos;features&apos;: {}}, {&apos;type&apos;: &apos;text&apos;, &apos;bbox&apos;: (87.38, 284.48, 91.81, 297.96), &apos;color_space&apos;: &apos;DeviceGray&apos;, &apos;ncolor&apos;: None, &apos;size&apos;: 13.479999999999961, &apos;value&apos;: &apos;s&apos;, &apos;children&apos;: [], &apos;features&apos;: {}}, {&apos;type&apos;: &apos;text&apos;, &apos;bbox&apos;: (91.81, 284.48, 95.14, 297.96), &apos;color_space&apos;: &apos;DeviceGray&apos;, &apos;ncolor&apos;: None, &apos;size&apos;: 13.479999999999961, &apos;value&apos;: &apos;t&apos;, &apos;children&apos;: [], &apos;features&apos;: {}}, {&apos;type&apos;: &apos;text&apos;, &apos;bbox&apos;: (97.658, 284.48, 103.218, 297.96), &apos;color_space&apos;: &apos;DeviceGray&apos;, &apos;ncolor&apos;: None, &apos;size&apos;: 13.479999999999961, &apos;value&apos;: &apos;o&apos;, &apos;children&apos;: [], &apos;features&apos;: {}}, {&apos;type&apos;: &apos;text&apos;, &apos;bbox&apos;: (103.218, 284.48, 107.108, 297.96), &apos;color_space&apos;: &apos;DeviceGray&apos;, &apos;ncolor&apos;: None, &apos;size&apos;: 13.479999999999961, &apos;value&apos;: &apos;f&apos;, &apos;children&apos;: [], &apos;features&apos;: {}}, {&apos;type&apos;: &apos;text&apos;, &apos;bbox&apos;: (109.611, 284.48, 116.271, 297.96), &apos;color_space&apos;: &apos;DeviceGray&apos;, &apos;ncolor&apos;: None, &apos;size&apos;: 13.479999999999961, &apos;value&apos;: &apos;T&apos;, &apos;children&apos;: [], &apos;features&apos;: {}}, {&apos;type&apos;: &apos;text&apos;, &apos;bbox&apos;: (116.271, 284.48, 123.401, 297.96), &apos;color_space&apos;: &apos;DeviceGray&apos;, &apos;ncolor&apos;: None, &apos;size&apos;: 13.479999999999961, &apos;value&apos;: &apos;R&apos;, &apos;children&apos;: [], &apos;features&apos;: {}}, {&apos;type&apos;: &apos;text&apos;, &apos;bbox&apos;: (123.40100000000001, 284.48, 131.17100000000002, 297.96), &apos;color_space&apos;: &apos;DeviceGray&apos;, &apos;ncolor&apos;: None, &apos;size&apos;: 13.479999999999961, &apos;value&apos;: &apos;A&apos;, &apos;children&apos;: [], &apos;features&apos;: {}}, {&apos;type&apos;: &apos;text&apos;, &apos;bbox&apos;: (131.171, 284.48, 139.501, 297.96), &apos;color_space&apos;: &apos;DeviceGray&apos;, &apos;ncolor&apos;: None, &apos;size&apos;: 13.479999999999961, &apos;value&apos;: &apos;N&apos;, &apos;children&apos;: [], &apos;features&apos;: {}}, {&apos;type&apos;: &apos;text&apos;, &apos;bbox&apos;: (139.501, 284.48, 145.601, 297.96), &apos;color_space&apos;: &apos;DeviceGray&apos;, &apos;ncolor&apos;: None, &apos;size&apos;: 13.479999999999961, &apos;value&apos;: &apos;S&apos;, &apos;children&apos;: [], &apos;features&apos;: {}}, {&apos;type&apos;: &apos;text&apos;, &apos;bbox&apos;: (145.601, 284.48, 153.371, 297.96), &apos;color_space&apos;: &apos;DeviceGray&apos;, &apos;ncolor&apos;: None, &apos;size&apos;: 13.479999999999961, &apos;value&apos;: &apos;A&apos;, &apos;children&apos;: [], &apos;features&apos;: {}}, {&apos;type&apos;: &apos;text&apos;, &apos;bbox&apos;: (153.371, 284.48, 160.591, 297.96), &apos;color_space&apos;: &apos;DeviceGray&apos;, &apos;ncolor&apos;: None, &apos;size&apos;: 13.479999999999961, &apos;value&apos;: &apos;C&apos;, &apos;children&apos;: [], &apos;features&apos;: {}}, {&apos;type&apos;: &apos;text&apos;, &apos;bbox&apos;: (160.591, 284.48, 167.251, 297.96), &apos;color_space&apos;: &apos;DeviceGray&apos;, &apos;ncolor&apos;: None, &apos;size&apos;: 13.479999999999961, &apos;value&apos;: &apos;T&apos;, &apos;children&apos;: [], &apos;features&apos;: {}}, {&apos;type&apos;: &apos;text&apos;, &apos;bbox&apos;: (167.251, 284.48, 171.141, 297.96), &apos;color_space&apos;: &apos;DeviceGray&apos;, &apos;ncolor&apos;: None, &apos;size&apos;: 13.479999999999961, &apos;value&apos;: &apos;I&apos;, &apos;children&apos;: [], &apos;features&apos;: {}}, {&apos;type&apos;: &apos;text&apos;, &apos;bbox&apos;: (171.14100000000002, 284.48, 179.47100000000003, 297.96), &apos;color_space&apos;: &apos;DeviceGray&apos;, &apos;ncolor&apos;: None, &apos;size&apos;: 13.479999999999961, &apos;value&apos;: &apos;O&apos;, &apos;children&apos;: [], &apos;features&apos;: {}}, {&apos;type&apos;: &apos;text&apos;, &apos;bbox&apos;: (179.471, 284.48, 187.80100000000002, 297.96), &apos;color_space&apos;: &apos;DeviceGray&apos;, &apos;ncolor&apos;: None, &apos;size&apos;: 13.479999999999961, &apos;value&apos;: &apos;N&apos;, &apos;children&apos;: [], &apos;features&apos;: {}}, {&apos;type&apos;: &apos;text&apos;, &apos;bbox&apos;: (187.801, 284.48, 193.90099999999998, 297.96), &apos;color_space&apos;: &apos;DeviceGray&apos;, &apos;ncolor&apos;: None, &apos;size&apos;: 13.479999999999961, &apos;value&apos;: &apos;S&apos;, &apos;children&apos;: [], &apos;features&apos;: {}}, {&apos;type&apos;: &apos;text&apos;, &apos;bbox&apos;: (196.466, 284.48, 204.776, 297.96), &apos;color_space&apos;: &apos;DeviceGray&apos;, &apos;ncolor&apos;: None, &apos;size&apos;: 13.479999999999961, &apos;value&apos;: &apos;D&apos;, &apos;children&apos;: [], &apos;features&apos;: {}}, {&apos;type&apos;: &apos;text&apos;, &apos;bbox&apos;: (204.776, 284.48, 209.776, 297.96), &apos;color_space&apos;: &apos;DeviceGray&apos;, &apos;ncolor&apos;: None, &apos;size&apos;: 13.479999999999961, &apos;value&apos;: &apos;a&apos;, &apos;children&apos;: [], &apos;features&apos;: {}}, {&apos;type&apos;: &apos;text&apos;, &apos;bbox&apos;: (209.776, 284.48, 213.10600000000002, 297.96), &apos;color_space&apos;: &apos;DeviceGray&apos;, &apos;ncolor&apos;: None, &apos;size&apos;: 13.479999999999961, &apos;value&apos;: &apos;t&apos;, &apos;children&apos;: [], &apos;features&apos;: {}}, {&apos;type&apos;: &apos;text&apos;, &apos;bbox&apos;: (213.106, 284.48, 218.106, 297.96), &apos;color_space&apos;: &apos;DeviceGray&apos;, &apos;ncolor&apos;: None, &apos;size&apos;: 13.479999999999961, &apos;value&apos;: &apos;a&apos;, &apos;children&apos;: [], &apos;features&apos;: {}}, {&apos;type&apos;: &apos;text&apos;, &apos;bbox&apos;: (218.106, 284.48, 224.206, 297.96), &apos;color_space&apos;: &apos;DeviceGray&apos;, &apos;ncolor&apos;: None, &apos;size&apos;: 13.479999999999961, &apos;value&apos;: &apos;b&apos;, &apos;children&apos;: [], &apos;features&apos;: {}}, {&apos;type&apos;: &apos;text&apos;, &apos;bbox&apos;: (224.20600000000002, 284.48, 229.20600000000002, 297.96), &apos;color_space&apos;: &apos;DeviceGray&apos;, &apos;ncolor&apos;: None, &apos;size&apos;: 13.479999999999961, &apos;value&apos;: &apos;a&apos;, &apos;children&apos;: [], &apos;features&apos;: {}}, {&apos;type&apos;: &apos;text&apos;, &apos;bbox&apos;: (229.20600000000002, 284.48, 233.63600000000002, 297.96), &apos;color_space&apos;: &apos;DeviceGray&apos;, &apos;ncolor&apos;: None, &apos;size&apos;: 13.479999999999961, &apos;value&apos;: &apos;s&apos;, &apos;children&apos;: [], &apos;features&apos;: {}}, {&apos;type&apos;: &apos;text&apos;, &apos;bbox&apos;: (233.63600000000002, 284.48, 238.63600000000002, 297.96), &apos;color_space&apos;: &apos;DeviceGray&apos;, &apos;ncolor&apos;: None, &apos;size&apos;: 13.479999999999961, &apos;value&apos;: &apos;e&apos;, &apos;children&apos;: [], &apos;features&apos;: {}}, {&apos;type&apos;: &apos;text&apos;, &apos;bbox&apos;: (241.153, 284.48, 247.813, 297.96), &apos;color_space&apos;: &apos;DeviceGray&apos;, &apos;ncolor&apos;: None, &apos;size&apos;: 13.479999999999961, &apos;value&apos;: &apos;T&apos;, &apos;children&apos;: [], &apos;features&apos;: {}}, {&apos;type&apos;: &apos;text&apos;, &apos;bbox&apos;: (247.813, 284.48, 252.813, 297.96), &apos;color_space&apos;: &apos;DeviceGray&apos;, &apos;ncolor&apos;: None, &apos;size&apos;: 13.479999999999961, &apos;value&apos;: &apos;a&apos;, &apos;children&apos;: [], &apos;features&apos;: {}}, {&apos;type&apos;: &apos;text&apos;, &apos;bbox&apos;: (252.813, 284.48, 258.913, 297.96), &apos;color_space&apos;: &apos;DeviceGray&apos;, &apos;ncolor&apos;: None, &apos;size&apos;: 13.479999999999961, &apos;value&apos;: &apos;b&apos;, &apos;children&apos;: [], &apos;features&apos;: {}}, {&apos;type&apos;: &apos;text&apos;, &apos;bbox&apos;: (258.913, 284.48, 262.243, 297.96), &apos;color_space&apos;: &apos;DeviceGray&apos;, &apos;ncolor&apos;: None, &apos;size&apos;: 13.479999999999961, &apos;value&apos;: &apos;l&apos;, &apos;children&apos;: [], &apos;features&apos;: {}}, {&apos;type&apos;: &apos;text&apos;, &apos;bbox&apos;: (262.243, 284.48, 267.243, 297.96), &apos;color_space&apos;: &apos;DeviceGray&apos;, &apos;ncolor&apos;: None, &apos;size&apos;: 13.479999999999961, &apos;value&apos;: &apos;e&apos;, &apos;children&apos;: [], &apos;features&apos;: {}}, {&apos;type&apos;: &apos;text&apos;, &apos;bbox&apos;: (267.243, 284.48, 271.673, 297.96), &apos;color_space&apos;: &apos;DeviceGray&apos;, &apos;ncolor&apos;: None, &apos;size&apos;: 13.479999999999961, &apos;value&apos;: &apos;s&apos;, &apos;children&apos;: [], &apos;features&apos;: {}}, {&apos;type&apos;: &apos;text&apos;, &apos;bbox&apos;: (271.699, 285.209, 274.469, 298.499), &apos;color_space&apos;: &apos;DeviceGray&apos;, &apos;ncolor&apos;: None, &apos;size&apos;: 13.29000000000002, &apos;value&apos;: &apos;.&apos;, &apos;children&apos;: [], &apos;features&apos;: {}}, {&apos;type&apos;: &apos;text&apos;, &apos;bbox&apos;: (274.469, 285.209, 277.239, 298.499), &apos;color_space&apos;: &apos;DeviceGray&apos;, &apos;ncolor&apos;: None, &apos;size&apos;: 13.29000000000002, &apos;value&apos;: &apos;.&apos;, &apos;children&apos;: [], &apos;features&apos;: {}}, {&apos;type&apos;: &apos;text&apos;, &apos;bbox&apos;: (277.23900000000003, 285.209, 280.009, 298.499), &apos;color_space&apos;: &apos;DeviceGray&apos;, &apos;ncolor&apos;: None, &apos;size&apos;: 13.29000000000002, &apos;value&apos;: &apos;.&apos;, &apos;children&apos;: [], &apos;features&apos;: {}}, {&apos;type&apos;: &apos;text&apos;, &apos;bbox&apos;: (280.009, 285.209, 282.779, 298.499), &apos;color_space&apos;: &apos;DeviceGray&apos;, &apos;ncolor&apos;: None, &apos;size&apos;: 13.29000000000002, &apos;value&apos;: &apos;.&apos;, &apos;children&apos;: [], &apos;features&apos;: {}}, {&apos;type&apos;: &apos;text&apos;, &apos;bbox&apos;: (282.779, 285.209, 285.549, 298.499), &apos;color_space&apos;: &apos;DeviceGray&apos;, &apos;ncolor&apos;: None, &apos;size&apos;: 13.29000000000002, &apos;value&apos;: &apos;.&apos;, &apos;children&apos;: [], &apos;features&apos;: {}}, {&apos;type&apos;: &apos;text&apos;, &apos;bbox&apos;: (285.54900000000004, 285.209, 288.319, 298.499), &apos;color_space&apos;: &apos;DeviceGray&apos;, &apos;ncolor&apos;: None, &apos;size&apos;: 13.29000000000002, &apos;value&apos;: &apos;.&apos;, &apos;children&apos;: [], &apos;features&apos;: {}}, {&apos;type&apos;: &apos;text&apos;, &apos;bbox&apos;: (288.319, 285.209, 291.089, 298.499), &apos;color_space&apos;: &apos;DeviceGray&apos;, &apos;ncolor&apos;: None, &apos;size&apos;: 13.29000000000002, &apos;value&apos;: &apos;.&apos;, &apos;children&apos;: [], &apos;features&apos;: {}}, {&apos;type&apos;: &apos;text&apos;, &apos;bbox&apos;: (291.089, 285.209, 293.859, 298.499), &apos;color_space&apos;: &apos;DeviceGray&apos;, &apos;ncolor&apos;: None, &apos;size&apos;: 13.29000000000002, &apos;value&apos;: &apos;.&apos;, &apos;children&apos;: [], &apos;features&apos;: {}}, {&apos;type&apos;: &apos;text&apos;, &apos;bbox&apos;: (293.85900000000004, 285.209, 296.629, 298.499), &apos;color_space&apos;: &apos;DeviceGray&apos;, &apos;ncolor&apos;: None, &apos;size&apos;: 13.29000000000002, &apos;value&apos;: &apos;.&apos;, &apos;children&apos;: [], &apos;features&apos;: {}}, {&apos;type&apos;: &apos;text&apos;, &apos;bbox&apos;: (296.629, 285.209, 299.399, 298.499), &apos;color_space&apos;: &apos;DeviceGray&apos;, &apos;ncolor&apos;: None, &apos;size&apos;: 13.29000000000002, &apos;value&apos;: &apos;.&apos;, &apos;children&apos;: [], &apos;features&apos;: {}}, {&apos;type&apos;: &apos;text&apos;, &apos;bbox&apos;: (299.399, 285.209, 302.169, 298.499), &apos;color_space&apos;: &apos;DeviceGray&apos;, &apos;ncolor&apos;: None, &apos;size&apos;: 13.29000000000002, &apos;value&apos;: &apos;.&apos;, &apos;children&apos;: [], &apos;features&apos;: {}}, {&apos;type&apos;: &apos;text&apos;, &apos;bbox&apos;: (302.169, 285.209, 304.93899999999996, 298.499), &apos;color_space&apos;: &apos;DeviceGray&apos;, &apos;ncolor&apos;: None, &apos;size&apos;: 13.29000000000002, &apos;value&apos;: &apos;.&apos;, &apos;children&apos;: [], &apos;features&apos;: {}}, {&apos;type&apos;: &apos;text&apos;, &apos;bbox&apos;: (304.939, 285.209, 307.709, 298.499), &apos;color_space&apos;: &apos;DeviceGray&apos;, &apos;ncolor&apos;: None, &apos;size&apos;: 13.29000000000002, &apos;value&apos;: &apos;.&apos;, &apos;children&apos;: [], &apos;features&apos;: {}}, {&apos;type&apos;: &apos;text&apos;, &apos;bbox&apos;: (307.709, 285.209, 310.479, 298.499), &apos;color_space&apos;: &apos;DeviceGray&apos;, &apos;ncolor&apos;: None, &apos;size&apos;: 13.29000000000002, &apos;value&apos;: &apos;.&apos;, &apos;children&apos;: [], &apos;features&apos;: {}}, {&apos;type&apos;: &apos;text&apos;, &apos;bbox&apos;: (310.47900000000004, 285.209, 313.249, 298.499), &apos;color_space&apos;: &apos;DeviceGray&apos;, &apos;ncolor&apos;: None, &apos;size&apos;: 13.29000000000002, &apos;value&apos;: &apos;.&apos;, &apos;children&apos;: [], &apos;features&apos;: {}}, {&apos;type&apos;: &apos;text&apos;, &apos;bbox&apos;: (313.249, 285.209, 316.019, 298.499), &apos;color_space&apos;: &apos;DeviceGray&apos;, &apos;ncolor&apos;: None, &apos;size&apos;: 13.29000000000002, &apos;value&apos;: &apos;.&apos;, &apos;children&apos;: [], &apos;features&apos;: {}}, {&apos;type&apos;: &apos;text&apos;, &apos;bbox&apos;: (316.019, 285.209, 318.789, 298.499), &apos;color_space&apos;: &apos;DeviceGray&apos;, &apos;ncolor&apos;: None, &apos;size&apos;: 13.29000000000002, &apos;value&apos;: &apos;.&apos;, &apos;children&apos;: [], &apos;features&apos;: {}}, {&apos;type&apos;: &apos;text&apos;, &apos;bbox&apos;: (318.78900000000004, 285.209, 321.559, 298.499), &apos;color_space&apos;: &apos;DeviceGray&apos;, &apos;ncolor&apos;: None, &apos;size&apos;: 13.29000000000002, &apos;value&apos;: &apos;.&apos;, &apos;children&apos;: [], &apos;features&apos;: {}}, {&apos;type&apos;: &apos;text&apos;, &apos;bbox&apos;: (321.559, 285.209, 324.329, 298.499), &apos;color_space&apos;: &apos;DeviceGray&apos;, &apos;ncolor&apos;: None, &apos;size&apos;: 13.29000000000002, &apos;value&apos;: &apos;.&apos;, &apos;children&apos;: [], &apos;features&apos;: {}}, {&apos;type&apos;: &apos;text&apos;, &apos;bbox&apos;: (324.32900000000006, 285.209, 327.09900000000005, 298.499), &apos;color_space&apos;: &apos;DeviceGray&apos;, &apos;ncolor&apos;: None, &apos;size&apos;: 13.29000000000002, &apos;value&apos;: &apos;.&apos;, &apos;children&apos;: [], &apos;features&apos;: {}}, {&apos;type&apos;: &apos;text&apos;, &apos;bbox&apos;: (327.09900000000005, 285.209, 329.869, 298.499), &apos;color_space&apos;: &apos;DeviceGray&apos;, &apos;ncolor&apos;: None, &apos;size&apos;: 13.29000000000002, &apos;value&apos;: &apos;.&apos;, &apos;children&apos;: [], &apos;features&apos;: {}}, {&apos;type&apos;: &apos;text&apos;, &apos;bbox&apos;: (329.869, 285.209, 332.639, 298.499), &apos;color_space&apos;: &apos;DeviceGray&apos;, &apos;ncolor&apos;: None, &apos;size&apos;: 13.29000000000002, &apos;value&apos;: &apos;.&apos;, &apos;children&apos;: [], &apos;features&apos;: {}}, {&apos;type&apos;: &apos;text&apos;, &apos;bbox&apos;: (332.63900000000007, 285.209, 335.40900000000005, 298.499), &apos;color_space&apos;: &apos;DeviceGray&apos;, &apos;ncolor&apos;: None, &apos;size&apos;: 13.29000000000002, &apos;value&apos;: &apos;.&apos;, &apos;children&apos;: [], &apos;features&apos;: {}}, {&apos;type&apos;: &apos;text&apos;, &apos;bbox&apos;: (335.40900000000005, 285.209, 338.17900000000003, 298.499), &apos;color_space&apos;: &apos;DeviceGray&apos;, &apos;ncolor&apos;: None, &apos;size&apos;: 13.29000000000002, &apos;value&apos;: &apos;.&apos;, &apos;children&apos;: [], &apos;features&apos;: {}}, {&apos;type&apos;: &apos;text&apos;, &apos;bbox&apos;: (338.17900000000003, 285.209, 340.949, 298.499), &apos;color_space&apos;: &apos;DeviceGray&apos;, &apos;ncolor&apos;: None, &apos;size&apos;: 13.29000000000002, &apos;value&apos;: &apos;.&apos;, &apos;children&apos;: [], &apos;features&apos;: {}}, {&apos;type&apos;: &apos;text&apos;, &apos;bbox&apos;: (340.94900000000007, 285.209, 343.71900000000005, 298.499), &apos;color_space&apos;: &apos;DeviceGray&apos;, &apos;ncolor&apos;: None, &apos;size&apos;: 13.29000000000002, &apos;value&apos;: &apos;.&apos;, &apos;children&apos;: [], &apos;features&apos;: {}}, {&apos;type&apos;: &apos;text&apos;, &apos;bbox&apos;: (343.71900000000005, 285.209, 346.48900000000003, 298.499), &apos;color_space&apos;: &apos;DeviceGray&apos;, &apos;ncolor&apos;: None, &apos;size&apos;: 13.29000000000002, &apos;value&apos;: &apos;.&apos;, &apos;children&apos;: [], &apos;features&apos;: {}}, {&apos;type&apos;: &apos;text&apos;, &apos;bbox&apos;: (346.48900000000003, 285.209, 349.259, 298.499), &apos;color_space&apos;: &apos;DeviceGray&apos;, &apos;ncolor&apos;: None, &apos;size&apos;: 13.29000000000002, &apos;value&apos;: &apos;.&apos;, &apos;children&apos;: [], &apos;features&apos;: {}}, {&apos;type&apos;: &apos;text&apos;, &apos;bbox&apos;: (349.259, 285.209, 352.029, 298.499), &apos;color_space&apos;: &apos;DeviceGray&apos;, &apos;ncolor&apos;: None, &apos;size&apos;: 13.29000000000002, &apos;value&apos;: &apos;.&apos;, &apos;children&apos;: [], &apos;features&apos;: {}}, {&apos;type&apos;: &apos;text&apos;, &apos;bbox&apos;: (352.029, 285.209, 354.799, 298.499), &apos;color_space&apos;: &apos;DeviceGray&apos;, &apos;ncolor&apos;: None, &apos;size&apos;: 13.29000000000002, &apos;value&apos;: &apos;.&apos;, &apos;children&apos;: [], &apos;features&apos;: {}}, {&apos;type&apos;: &apos;text&apos;, &apos;bbox&apos;: (354.79900000000004, 285.209, 357.569, 298.499), &apos;color_space&apos;: &apos;DeviceGray&apos;, &apos;ncolor&apos;: None, &apos;size&apos;: 13.29000000000002, &apos;value&apos;: &apos;.&apos;, &apos;children&apos;: [], &apos;features&apos;: {}}, {&apos;type&apos;: &apos;text&apos;, &apos;bbox&apos;: (357.569, 285.209, 360.339, 298.499), &apos;color_space&apos;: &apos;DeviceGray&apos;, &apos;ncolor&apos;: None, &apos;size&apos;: 13.29000000000002, &apos;value&apos;: &apos;.&apos;, &apos;children&apos;: [], &apos;features&apos;: {}}, {&apos;type&apos;: &apos;text&apos;, &apos;bbox&apos;: (360.339, 285.209, 363.109, 298.499), &apos;color_space&apos;: &apos;DeviceGray&apos;, &apos;ncolor&apos;: None, &apos;size&apos;: 13.29000000000002, &apos;value&apos;: &apos;.&apos;, &apos;children&apos;: [], &apos;features&apos;: {}}, {&apos;type&apos;: &apos;text&apos;, &apos;bbox&apos;: (363.10900000000004, 285.209, 365.879, 298.499), &apos;color_space&apos;: &apos;DeviceGray&apos;, &apos;ncolor&apos;: None, &apos;size&apos;: 13.29000000000002, &apos;value&apos;: &apos;.&apos;, &apos;children&apos;: [], &apos;features&apos;: {}}, {&apos;type&apos;: &apos;text&apos;, &apos;bbox&apos;: (365.879, 285.209, 368.649, 298.499), &apos;color_space&apos;: &apos;DeviceGray&apos;, &apos;ncolor&apos;: None, &apos;size&apos;: 13.29000000000002, &apos;value&apos;: &apos;.&apos;, &apos;children&apos;: [], &apos;features&apos;: {}}, {&apos;type&apos;: &apos;text&apos;, &apos;bbox&apos;: (368.649, 285.209, 371.419, 298.499), &apos;color_space&apos;: &apos;DeviceGray&apos;, &apos;ncolor&apos;: None, &apos;size&apos;: 13.29000000000002, &apos;value&apos;: &apos;.&apos;, &apos;children&apos;: [], &apos;features&apos;: {}}, {&apos;type&apos;: &apos;text&apos;, &apos;bbox&apos;: (371.419, 285.209, 374.18899999999996, 298.499), &apos;color_space&apos;: &apos;DeviceGray&apos;, &apos;ncolor&apos;: None, &apos;size&apos;: 13.29000000000002, &apos;value&apos;: &apos;.&apos;, &apos;children&apos;: [], &apos;features&apos;: {}}, {&apos;type&apos;: &apos;text&apos;, &apos;bbox&apos;: (374.18899999999996, 285.209, 376.95899999999995, 298.499), &apos;color_space&apos;: &apos;DeviceGray&apos;, &apos;ncolor&apos;: None, &apos;size&apos;: 13.29000000000002, &apos;value&apos;: &apos;.&apos;, &apos;children&apos;: [], &apos;features&apos;: {}}, {&apos;type&apos;: &apos;text&apos;, &apos;bbox&apos;: (376.959, 285.209, 379.729, 298.499), &apos;color_space&apos;: &apos;DeviceGray&apos;, &apos;ncolor&apos;: None, &apos;size&apos;: 13.29000000000002, &apos;value&apos;: &apos;.&apos;, &apos;children&apos;: [], &apos;features&apos;: {}}, {&apos;type&apos;: &apos;text&apos;, &apos;bbox&apos;: (379.729, 285.209, 382.49899999999997, 298.499), &apos;color_space&apos;: &apos;DeviceGray&apos;, &apos;ncolor&apos;: None, &apos;size&apos;: 13.29000000000002, &apos;value&apos;: &apos;.&apos;, &apos;children&apos;: [], &apos;features&apos;: {}}, {&apos;type&apos;: &apos;text&apos;, &apos;bbox&apos;: (382.49899999999997, 285.209, 385.26899999999995, 298.499), &apos;color_space&apos;: &apos;DeviceGray&apos;, &apos;ncolor&apos;: None, &apos;size&apos;: 13.29000000000002, &apos;value&apos;: &apos;.&apos;, &apos;children&apos;: [], &apos;features&apos;: {}}, {&apos;type&apos;: &apos;text&apos;, &apos;bbox&apos;: (385.269, 285.209, 388.039, 298.499), &apos;color_space&apos;: &apos;DeviceGray&apos;, &apos;ncolor&apos;: None, &apos;size&apos;: 13.29000000000002, &apos;value&apos;: &apos;.&apos;, &apos;children&apos;: [], &apos;features&apos;: {}}, {&apos;type&apos;: &apos;text&apos;, &apos;bbox&apos;: (388.039, 285.209, 390.80899999999997, 298.499), &apos;color_space&apos;: &apos;DeviceGray&apos;, &apos;ncolor&apos;: None, &apos;size&apos;: 13.29000000000002, &apos;value&apos;: &apos;.&apos;, &apos;children&apos;: [], &apos;features&apos;: {}}, {&apos;type&apos;: &apos;text&apos;, &apos;bbox&apos;: (390.80899999999997, 285.209, 393.57899999999995, 298.499), &apos;color_space&apos;: &apos;DeviceGray&apos;, &apos;ncolor&apos;: None, &apos;size&apos;: 13.29000000000002, &apos;value&apos;: &apos;.&apos;, &apos;children&apos;: [], &apos;features&apos;: {}}, {&apos;type&apos;: &apos;text&apos;, &apos;bbox&apos;: (393.57899999999995, 285.209, 396.34899999999993, 298.499), &apos;color_space&apos;: &apos;DeviceGray&apos;, &apos;ncolor&apos;: None, &apos;size&apos;: 13.29000000000002, &apos;value&apos;: &apos;.&apos;, &apos;children&apos;: [], &apos;features&apos;: {}}, {&apos;type&apos;: &apos;text&apos;, &apos;bbox&apos;: (396.34899999999993, 285.209, 399.1189999999999, 298.499), &apos;color_space&apos;: &apos;DeviceGray&apos;, &apos;ncolor&apos;: None, &apos;size&apos;: 13.29000000000002, &apos;value&apos;: &apos;.&apos;, &apos;children&apos;: [], &apos;features&apos;: {}}, {&apos;type&apos;: &apos;text&apos;, &apos;bbox&apos;: (399.11899999999997, 285.209, 401.88899999999995, 298.499), &apos;color_space&apos;: &apos;DeviceGray&apos;, &apos;ncolor&apos;: None, &apos;size&apos;: 13.29000000000002, &apos;value&apos;: &apos;.&apos;, &apos;children&apos;: [], &apos;features&apos;: {}}, {&apos;type&apos;: &apos;text&apos;, &apos;bbox&apos;: (401.88899999999995, 285.209, 404.65899999999993, 298.499), &apos;color_space&apos;: &apos;DeviceGray&apos;, &apos;ncolor&apos;: None, &apos;size&apos;: 13.29000000000002, &apos;value&apos;: &apos;.&apos;, &apos;children&apos;: [], &apos;features&apos;: {}}, {&apos;type&apos;: &apos;text&apos;, &apos;bbox&apos;: (404.659, 285.209, 407.429, 298.499), &apos;color_space&apos;: &apos;DeviceGray&apos;, &apos;ncolor&apos;: None, &apos;size&apos;: 13.29000000000002, &apos;value&apos;: &apos;.&apos;, &apos;children&apos;: [], &apos;features&apos;: {}}, {&apos;type&apos;: &apos;text&apos;, &apos;bbox&apos;: (407.429, 285.209, 410.19899999999996, 298.499), &apos;color_space&apos;: &apos;DeviceGray&apos;, &apos;ncolor&apos;: None, &apos;size&apos;: 13.29000000000002, &apos;value&apos;: &apos;.&apos;, &apos;children&apos;: [], &apos;features&apos;: {}}, {&apos;type&apos;: &apos;text&apos;, &apos;bbox&apos;: (410.19899999999996, 285.209, 412.96899999999994, 298.499), &apos;color_space&apos;: &apos;DeviceGray&apos;, &apos;ncolor&apos;: None, &apos;size&apos;: 13.29000000000002, &apos;value&apos;: &apos;.&apos;, &apos;children&apos;: [], &apos;features&apos;: {}}, {&apos;type&apos;: &apos;text&apos;, &apos;bbox&apos;: (412.969, 285.209, 415.739, 298.499), &apos;color_space&apos;: &apos;DeviceGray&apos;, &apos;ncolor&apos;: None, &apos;size&apos;: 13.29000000000002, &apos;value&apos;: &apos;.&apos;, &apos;children&apos;: [], &apos;features&apos;: {}}, {&apos;type&apos;: &apos;text&apos;, &apos;bbox&apos;: (415.73900000000003, 285.209, 418.509, 298.499), &apos;color_space&apos;: &apos;DeviceGray&apos;, &apos;ncolor&apos;: None, &apos;size&apos;: 13.29000000000002, &apos;value&apos;: &apos;.&apos;, &apos;children&apos;: [], &apos;features&apos;: {}}, {&apos;type&apos;: &apos;text&apos;, &apos;bbox&apos;: (418.509, 285.209, 421.279, 298.499), &apos;color_space&apos;: &apos;DeviceGray&apos;, &apos;ncolor&apos;: None, &apos;size&apos;: 13.29000000000002, &apos;value&apos;: &apos;.&apos;, &apos;children&apos;: [], &apos;features&apos;: {}}, {&apos;type&apos;: &apos;text&apos;, &apos;bbox&apos;: (421.279, 285.209, 424.049, 298.499), &apos;color_space&apos;: &apos;DeviceGray&apos;, &apos;ncolor&apos;: None, &apos;size&apos;: 13.29000000000002, &apos;value&apos;: &apos;.&apos;, &apos;children&apos;: [], &apos;features&apos;: {}}, {&apos;type&apos;: &apos;text&apos;, &apos;bbox&apos;: (424.04900000000004, 285.209, 426.819, 298.499), &apos;color_space&apos;: &apos;DeviceGray&apos;, &apos;ncolor&apos;: None, &apos;size&apos;: 13.29000000000002, &apos;value&apos;: &apos;.&apos;, &apos;children&apos;: [], &apos;features&apos;: {}}, {&apos;type&apos;: &apos;text&apos;, &apos;bbox&apos;: (426.8190000000001, 285.209, 429.58900000000006, 298.499), &apos;color_space&apos;: &apos;DeviceGray&apos;, &apos;ncolor&apos;: None, &apos;size&apos;: 13.29000000000002, &apos;value&apos;: &apos;.&apos;, &apos;children&apos;: [], &apos;features&apos;: {}}, {&apos;type&apos;: &apos;text&apos;, &apos;bbox&apos;: (429.58900000000006, 285.209, 432.35900000000004, 298.499), &apos;color_space&apos;: &apos;DeviceGray&apos;, &apos;ncolor&apos;: None, &apos;size&apos;: 13.29000000000002, &apos;value&apos;: &apos;.&apos;, &apos;children&apos;: [], &apos;features&apos;: {}}, {&apos;type&apos;: &apos;text&apos;, &apos;bbox&apos;: (432.35900000000004, 285.209, 435.129, 298.499), &apos;color_space&apos;: &apos;DeviceGray&apos;, &apos;ncolor&apos;: None, &apos;size&apos;: 13.29000000000002, &apos;value&apos;: &apos;.&apos;, &apos;children&apos;: [], &apos;features&apos;: {}}, {&apos;type&apos;: &apos;text&apos;, &apos;bbox&apos;: (435.1290000000001, 285.209, 437.89900000000006, 298.499), &apos;color_space&apos;: &apos;DeviceGray&apos;, &apos;ncolor&apos;: None, &apos;size&apos;: 13.29000000000002, &apos;value&apos;: &apos;.&apos;, &apos;children&apos;: [], &apos;features&apos;: {}}, {&apos;type&apos;: &apos;text&apos;, &apos;bbox&apos;: (437.8990000000001, 285.209, 440.6690000000001, 298.499), &apos;color_space&apos;: &apos;DeviceGray&apos;, &apos;ncolor&apos;: None, &apos;size&apos;: 13.29000000000002, &apos;value&apos;: &apos;.&apos;, &apos;children&apos;: [], &apos;features&apos;: {}}, {&apos;type&apos;: &apos;text&apos;, &apos;bbox&apos;: (440.6690000000001, 285.209, 443.4390000000001, 298.499), &apos;color_space&apos;: &apos;DeviceGray&apos;, &apos;ncolor&apos;: None, &apos;size&apos;: 13.29000000000002, &apos;value&apos;: &apos;.&apos;, &apos;children&apos;: [], &apos;features&apos;: {}}, {&apos;type&apos;: &apos;text&apos;, &apos;bbox&apos;: (443.4390000000001, 285.209, 446.20900000000006, 298.499), &apos;color_space&apos;: &apos;DeviceGray&apos;, &apos;ncolor&apos;: None, &apos;size&apos;: 13.29000000000002, &apos;value&apos;: &apos;.&apos;, &apos;children&apos;: [], &apos;features&apos;: {}}, {&apos;type&apos;: &apos;text&apos;, &apos;bbox&apos;: (446.2090000000001, 285.209, 448.9790000000001, 298.499), &apos;color_space&apos;: &apos;DeviceGray&apos;, &apos;ncolor&apos;: None, &apos;size&apos;: 13.29000000000002, &apos;value&apos;: &apos;.&apos;, &apos;children&apos;: [], &apos;features&apos;: {}}, {&apos;type&apos;: &apos;text&apos;, &apos;bbox&apos;: (448.97900000000016, 285.209, 451.74900000000014, 298.499), &apos;color_space&apos;: &apos;DeviceGray&apos;, &apos;ncolor&apos;: None, &apos;size&apos;: 13.29000000000002, &apos;value&apos;: &apos;.&apos;, &apos;children&apos;: [], &apos;features&apos;: {}}, {&apos;type&apos;: &apos;text&apos;, &apos;bbox&apos;: (451.74900000000014, 285.209, 454.5190000000001, 298.499), &apos;color_space&apos;: &apos;DeviceGray&apos;, &apos;ncolor&apos;: None, &apos;size&apos;: 13.29000000000002, &apos;value&apos;: &apos;.&apos;, &apos;children&apos;: [], &apos;features&apos;: {}}, {&apos;type&apos;: &apos;text&apos;, &apos;bbox&apos;: (454.5190000000001, 285.209, 457.2890000000001, 298.499), &apos;color_space&apos;: &apos;DeviceGray&apos;, &apos;ncolor&apos;: None, &apos;size&apos;: 13.29000000000002, &apos;value&apos;: &apos;.&apos;, &apos;children&apos;: [], &apos;features&apos;: {}}, {&apos;type&apos;: &apos;text&apos;, &apos;bbox&apos;: (457.28900000000016, 285.209, 460.05900000000014, 298.499), &apos;color_space&apos;: &apos;DeviceGray&apos;, &apos;ncolor&apos;: None, &apos;size&apos;: 13.29000000000002, &apos;value&apos;: &apos;.&apos;, &apos;children&apos;: [], &apos;features&apos;: {}}, {&apos;type&apos;: &apos;text&apos;, &apos;bbox&apos;: (460.0590000000002, 285.209, 462.8290000000002, 298.499), &apos;color_space&apos;: &apos;DeviceGray&apos;, &apos;ncolor&apos;: None, &apos;size&apos;: 13.29000000000002, &apos;value&apos;: &apos;.&apos;, &apos;children&apos;: [], &apos;features&apos;: {}}, {&apos;type&apos;: &apos;text&apos;, &apos;bbox&apos;: (462.8290000000002, 285.209, 465.59900000000016, 298.499), &apos;color_space&apos;: &apos;DeviceGray&apos;, &apos;ncolor&apos;: None, &apos;size&apos;: 13.29000000000002, &apos;value&apos;: &apos;.&apos;, &apos;children&apos;: [], &apos;features&apos;: {}}, {&apos;type&apos;: &apos;text&apos;, &apos;bbox&apos;: (465.59900000000016, 285.209, 468.36900000000014, 298.499), &apos;color_space&apos;: &apos;DeviceGray&apos;, &apos;ncolor&apos;: None, &apos;size&apos;: 13.29000000000002, &apos;value&apos;: &apos;.&apos;, &apos;children&apos;: [], &apos;features&apos;: {}}, {&apos;type&apos;: &apos;text&apos;, &apos;bbox&apos;: (468.3690000000002, 285.209, 471.1390000000002, 298.499), &apos;color_space&apos;: &apos;DeviceGray&apos;, &apos;ncolor&apos;: None, &apos;size&apos;: 13.29000000000002, &apos;value&apos;: &apos;.&apos;, &apos;children&apos;: [], &apos;features&apos;: {}}, {&apos;type&apos;: &apos;text&apos;, &apos;bbox&apos;: (471.13900000000024, 285.209, 473.9090000000002, 298.499), &apos;color_space&apos;: &apos;DeviceGray&apos;, &apos;ncolor&apos;: None, &apos;size&apos;: 13.29000000000002, &apos;value&apos;: &apos;.&apos;, &apos;children&apos;: [], &apos;features&apos;: {}}, {&apos;type&apos;: &apos;text&apos;, &apos;bbox&apos;: (473.9090000000002, 285.209, 476.6790000000002, 298.499), &apos;color_space&apos;: &apos;DeviceGray&apos;, &apos;ncolor&apos;: None, &apos;size&apos;: 13.29000000000002, &apos;value&apos;: &apos;.&apos;, &apos;children&apos;: [], &apos;features&apos;: {}}, {&apos;type&apos;: &apos;text&apos;, &apos;bbox&apos;: (476.6790000000002, 285.209, 479.4490000000002, 298.499), &apos;color_space&apos;: &apos;DeviceGray&apos;, &apos;ncolor&apos;: None, &apos;size&apos;: 13.29000000000002, &apos;value&apos;: &apos;.&apos;, &apos;children&apos;: [], &apos;features&apos;: {}}, {&apos;type&apos;: &apos;text&apos;, &apos;bbox&apos;: (479.44900000000024, 285.209, 482.2190000000002, 298.499), &apos;color_space&apos;: &apos;DeviceGray&apos;, &apos;ncolor&apos;: None, &apos;size&apos;: 13.29000000000002, &apos;value&apos;: &apos;.&apos;, &apos;children&apos;: [], &apos;features&apos;: {}}, {&apos;type&apos;: &apos;text&apos;, &apos;bbox&apos;: (482.2190000000003, 285.209, 484.98900000000026, 298.499), &apos;color_space&apos;: &apos;DeviceGray&apos;, &apos;ncolor&apos;: None, &apos;size&apos;: 13.29000000000002, &apos;value&apos;: &apos;.&apos;, &apos;children&apos;: [], &apos;features&apos;: {}}, {&apos;type&apos;: &apos;text&apos;, &apos;bbox&apos;: (484.98900000000026, 285.209, 487.75900000000024, 298.499), &apos;color_space&apos;: &apos;DeviceGray&apos;, &apos;ncolor&apos;: None, &apos;size&apos;: 13.29000000000002, &apos;value&apos;: &apos;.&apos;, &apos;children&apos;: [], &apos;features&apos;: {}}, {&apos;type&apos;: &apos;text&apos;, &apos;bbox&apos;: (489.548, 285.209, 495.108, 298.499), &apos;color_space&apos;: &apos;DeviceGray&apos;, &apos;ncolor&apos;: None, &apos;size&apos;: 13.29000000000002, &apos;value&apos;: &apos;6&apos;, &apos;children&apos;: [], &apos;features&apos;: {}}, {&apos;type&apos;: &apos;text&apos;, &apos;bbox&apos;: (495.108, 285.209, 498.438, 298.499), &apos;color_space&apos;: &apos;DeviceGray&apos;, &apos;ncolor&apos;: None, &apos;size&apos;: 13.29000000000002, &apos;value&apos;: &apos;-&apos;, &apos;children&apos;: [], &apos;features&apos;: {}}, {&apos;type&apos;: &apos;text&apos;, &apos;bbox&apos;: (498.439, 285.209, 503.999, 298.499), &apos;color_space&apos;: &apos;DeviceGray&apos;, &apos;ncolor&apos;: None, &apos;size&apos;: 13.29000000000002, &apos;value&apos;: &apos;1&apos;, &apos;children&apos;: [], &apos;features&apos;: {}}], &apos;features&apos;: {}}
*********************





--------------------------------- CONTENT AREA --------------------------------- 
This content area has an image
{&apos;type&apos;: &apos;figure&apos;, &apos;bbox&apos;: (0, 0, 612.0, 792.0), &apos;name&apos;: &apos;fx37&apos;, &apos;children&apos;: [{&apos;type&apos;: &apos;text&apos;, &apos;bbox&apos;: (78.0, 268.988, 84.1, 282.46799999999996), &apos;color_space&apos;: &apos;DeviceGray&apos;, &apos;ncolor&apos;: None, &apos;size&apos;: 13.479999999999961, &apos;value&apos;: &apos;S&apos;, &apos;children&apos;: [], &apos;features&apos;: {}}, {&apos;type&apos;: &apos;text&apos;, &apos;bbox&apos;: (84.1, 268.988, 87.42999999999999, 282.46799999999996), &apos;color_space&apos;: &apos;DeviceGray&apos;, &apos;ncolor&apos;: None, &apos;size&apos;: 13.479999999999961, &apos;value&apos;: &apos;t&apos;, &apos;children&apos;: [], &apos;features&apos;: {}}, {&apos;type&apos;: &apos;text&apos;, &apos;bbox&apos;: (87.43, 268.988, 91.32000000000001, 282.46799999999996), &apos;color_space&apos;: &apos;DeviceGray&apos;, &apos;ncolor&apos;: None, &apos;size&apos;: 13.479999999999961, &apos;value&apos;: &apos;r&apos;, &apos;children&apos;: [], &apos;features&apos;: {}}, {&apos;type&apos;: &apos;text&apos;, &apos;bbox&apos;: (91.32, 268.988, 97.41999999999999, 282.46799999999996), &apos;color_space&apos;: &apos;DeviceGray&apos;, &apos;ncolor&apos;: None, &apos;size&apos;: 13.479999999999961, &apos;value&apos;: &apos;u&apos;, &apos;children&apos;: [], &apos;features&apos;: {}}, {&apos;type&apos;: &apos;text&apos;, &apos;bbox&apos;: (97.42, 268.988, 101.85, 282.46799999999996), &apos;color_space&apos;: &apos;DeviceGray&apos;, &apos;ncolor&apos;: None, &apos;size&apos;: 13.479999999999961, &apos;value&apos;: &apos;c&apos;, &apos;children&apos;: [], &apos;features&apos;: {}}, {&apos;type&apos;: &apos;text&apos;, &apos;bbox&apos;: (101.85, 268.988, 105.17999999999999, 282.46799999999996), &apos;color_space&apos;: &apos;DeviceGray&apos;, &apos;ncolor&apos;: None, &apos;size&apos;: 13.479999999999961, &apos;value&apos;: &apos;t&apos;, &apos;children&apos;: [], &apos;features&apos;: {}}, {&apos;type&apos;: &apos;text&apos;, &apos;bbox&apos;: (105.18, 268.988, 111.28, 282.46799999999996), &apos;color_space&apos;: &apos;DeviceGray&apos;, &apos;ncolor&apos;: None, &apos;size&apos;: 13.479999999999961, &apos;value&apos;: &apos;u&apos;, &apos;children&apos;: [], &apos;features&apos;: {}}, {&apos;type&apos;: &apos;text&apos;, &apos;bbox&apos;: (111.28, 268.988, 115.17, 282.46799999999996), &apos;color_space&apos;: &apos;DeviceGray&apos;, &apos;ncolor&apos;: None, &apos;size&apos;: 13.479999999999961, &apos;value&apos;: &apos;r&apos;, &apos;children&apos;: [], &apos;features&apos;: {}}, {&apos;type&apos;: &apos;text&apos;, &apos;bbox&apos;: (115.17, 268.988, 120.17, 282.46799999999996), &apos;color_space&apos;: &apos;DeviceGray&apos;, &apos;ncolor&apos;: None, &apos;size&apos;: 13.479999999999961, &apos;value&apos;: &apos;e&apos;, &apos;children&apos;: [], &apos;features&apos;: {}}, {&apos;type&apos;: &apos;text&apos;, &apos;bbox&apos;: (122.707, 268.988, 128.267, 282.46799999999996), &apos;color_space&apos;: &apos;DeviceGray&apos;, &apos;ncolor&apos;: None, &apos;size&apos;: 13.479999999999961, &apos;value&apos;: &apos;o&apos;, &apos;children&apos;: [], &apos;features&apos;: {}}, {&apos;type&apos;: &apos;text&apos;, &apos;bbox&apos;: (128.267, 268.988, 132.15699999999998, 282.46799999999996), &apos;color_space&apos;: &apos;DeviceGray&apos;, &apos;ncolor&apos;: None, &apos;size&apos;: 13.479999999999961, &apos;value&apos;: &apos;f&apos;, &apos;children&apos;: [], &apos;features&apos;: {}}, {&apos;type&apos;: &apos;text&apos;, &apos;bbox&apos;: (134.66, 268.988, 141.32, 282.46799999999996), &apos;color_space&apos;: &apos;DeviceGray&apos;, &apos;ncolor&apos;: None, &apos;size&apos;: 13.479999999999961, &apos;value&apos;: &apos;T&apos;, &apos;children&apos;: [], &apos;features&apos;: {}}, {&apos;type&apos;: &apos;text&apos;, &apos;bbox&apos;: (141.32, 268.988, 148.45, 282.46799999999996), &apos;color_space&apos;: &apos;DeviceGray&apos;, &apos;ncolor&apos;: None, &apos;size&apos;: 13.479999999999961, &apos;value&apos;: &apos;R&apos;, &apos;children&apos;: [], &apos;features&apos;: {}}, {&apos;type&apos;: &apos;text&apos;, &apos;bbox&apos;: (148.45, 268.988, 156.22, 282.46799999999996), &apos;color_space&apos;: &apos;DeviceGray&apos;, &apos;ncolor&apos;: None, &apos;size&apos;: 13.479999999999961, &apos;value&apos;: &apos;A&apos;, &apos;children&apos;: [], &apos;features&apos;: {}}, {&apos;type&apos;: &apos;text&apos;, &apos;bbox&apos;: (156.22, 268.988, 164.55, 282.46799999999996), &apos;color_space&apos;: &apos;DeviceGray&apos;, &apos;ncolor&apos;: None, &apos;size&apos;: 13.479999999999961, &apos;value&apos;: &apos;N&apos;, &apos;children&apos;: [], &apos;features&apos;: {}}, {&apos;type&apos;: &apos;text&apos;, &apos;bbox&apos;: (164.55, 268.988, 170.65, 282.46799999999996), &apos;color_space&apos;: &apos;DeviceGray&apos;, &apos;ncolor&apos;: None, &apos;size&apos;: 13.479999999999961, &apos;value&apos;: &apos;S&apos;, &apos;children&apos;: [], &apos;features&apos;: {}}, {&apos;type&apos;: &apos;text&apos;, &apos;bbox&apos;: (170.65, 268.988, 178.42000000000002, 282.46799999999996), &apos;color_space&apos;: &apos;DeviceGray&apos;, &apos;ncolor&apos;: None, &apos;size&apos;: 13.479999999999961, &apos;value&apos;: &apos;A&apos;, &apos;children&apos;: [], &apos;features&apos;: {}}, {&apos;type&apos;: &apos;text&apos;, &apos;bbox&apos;: (178.42000000000002, 268.988, 185.64000000000001, 282.46799999999996), &apos;color_space&apos;: &apos;DeviceGray&apos;, &apos;ncolor&apos;: None, &apos;size&apos;: 13.479999999999961, &apos;value&apos;: &apos;C&apos;, &apos;children&apos;: [], &apos;features&apos;: {}}, {&apos;type&apos;: &apos;text&apos;, &apos;bbox&apos;: (185.64, 268.988, 192.29999999999998, 282.46799999999996), &apos;color_space&apos;: &apos;DeviceGray&apos;, &apos;ncolor&apos;: None, &apos;size&apos;: 13.479999999999961, &apos;value&apos;: &apos;T&apos;, &apos;children&apos;: [], &apos;features&apos;: {}}, {&apos;type&apos;: &apos;text&apos;, &apos;bbox&apos;: (192.3, 268.988, 196.19, 282.46799999999996), &apos;color_space&apos;: &apos;DeviceGray&apos;, &apos;ncolor&apos;: None, &apos;size&apos;: 13.479999999999961, &apos;value&apos;: &apos;I&apos;, &apos;children&apos;: [], &apos;features&apos;: {}}, {&apos;type&apos;: &apos;text&apos;, &apos;bbox&apos;: (196.19, 268.988, 204.52, 282.46799999999996), &apos;color_space&apos;: &apos;DeviceGray&apos;, &apos;ncolor&apos;: None, &apos;size&apos;: 13.479999999999961, &apos;value&apos;: &apos;O&apos;, &apos;children&apos;: [], &apos;features&apos;: {}}, {&apos;type&apos;: &apos;text&apos;, &apos;bbox&apos;: (204.51999999999998, 268.988, 212.85, 282.46799999999996), &apos;color_space&apos;: &apos;DeviceGray&apos;, &apos;ncolor&apos;: None, &apos;size&apos;: 13.479999999999961, &apos;value&apos;: &apos;N&apos;, &apos;children&apos;: [], &apos;features&apos;: {}}, {&apos;type&apos;: &apos;text&apos;, &apos;bbox&apos;: (212.85, 268.988, 218.95, 282.46799999999996), &apos;color_space&apos;: &apos;DeviceGray&apos;, &apos;ncolor&apos;: None, &apos;size&apos;: 13.479999999999961, &apos;value&apos;: &apos;S&apos;, &apos;children&apos;: [], &apos;features&apos;: {}}, {&apos;type&apos;: &apos;text&apos;, &apos;bbox&apos;: (221.515, 268.988, 229.825, 282.46799999999996), &apos;color_space&apos;: &apos;DeviceGray&apos;, &apos;ncolor&apos;: None, &apos;size&apos;: 13.479999999999961, &apos;value&apos;: &apos;D&apos;, &apos;children&apos;: [], &apos;features&apos;: {}}, {&apos;type&apos;: &apos;text&apos;, &apos;bbox&apos;: (229.825, 268.988, 234.825, 282.46799999999996), &apos;color_space&apos;: &apos;DeviceGray&apos;, &apos;ncolor&apos;: None, &apos;size&apos;: 13.479999999999961, &apos;value&apos;: &apos;a&apos;, &apos;children&apos;: [], &apos;features&apos;: {}}, {&apos;type&apos;: &apos;text&apos;, &apos;bbox&apos;: (234.825, 268.988, 238.155, 282.46799999999996), &apos;color_space&apos;: &apos;DeviceGray&apos;, &apos;ncolor&apos;: None, &apos;size&apos;: 13.479999999999961, &apos;value&apos;: &apos;t&apos;, &apos;children&apos;: [], &apos;features&apos;: {}}, {&apos;type&apos;: &apos;text&apos;, &apos;bbox&apos;: (238.15499999999997, 268.988, 243.15499999999997, 282.46799999999996), &apos;color_space&apos;: &apos;DeviceGray&apos;, &apos;ncolor&apos;: None, &apos;size&apos;: 13.479999999999961, &apos;value&apos;: &apos;a&apos;, &apos;children&apos;: [], &apos;features&apos;: {}}, {&apos;type&apos;: &apos;text&apos;, &apos;bbox&apos;: (243.15499999999997, 268.988, 249.25499999999997, 282.46799999999996), &apos;color_space&apos;: &apos;DeviceGray&apos;, &apos;ncolor&apos;: None, &apos;size&apos;: 13.479999999999961, &apos;value&apos;: &apos;b&apos;, &apos;children&apos;: [], &apos;features&apos;: {}}, {&apos;type&apos;: &apos;text&apos;, &apos;bbox&apos;: (249.255, 268.988, 254.255, 282.46799999999996), &apos;color_space&apos;: &apos;DeviceGray&apos;, &apos;ncolor&apos;: None, &apos;size&apos;: 13.479999999999961, &apos;value&apos;: &apos;a&apos;, &apos;children&apos;: [], &apos;features&apos;: {}}, {&apos;type&apos;: &apos;text&apos;, &apos;bbox&apos;: (254.255, 268.988, 258.685, 282.46799999999996), &apos;color_space&apos;: &apos;DeviceGray&apos;, &apos;ncolor&apos;: None, &apos;size&apos;: 13.479999999999961, &apos;value&apos;: &apos;s&apos;, &apos;children&apos;: [], &apos;features&apos;: {}}, {&apos;type&apos;: &apos;text&apos;, &apos;bbox&apos;: (258.685, 268.988, 263.685, 282.46799999999996), &apos;color_space&apos;: &apos;DeviceGray&apos;, &apos;ncolor&apos;: None, &apos;size&apos;: 13.479999999999961, &apos;value&apos;: &apos;e&apos;, &apos;children&apos;: [], &apos;features&apos;: {}}, {&apos;type&apos;: &apos;text&apos;, &apos;bbox&apos;: (266.202, 268.988, 272.862, 282.46799999999996), &apos;color_space&apos;: &apos;DeviceGray&apos;, &apos;ncolor&apos;: None, &apos;size&apos;: 13.479999999999961, &apos;value&apos;: &apos;T&apos;, &apos;children&apos;: [], &apos;features&apos;: {}}, {&apos;type&apos;: &apos;text&apos;, &apos;bbox&apos;: (272.862, 268.988, 277.862, 282.46799999999996), &apos;color_space&apos;: &apos;DeviceGray&apos;, &apos;ncolor&apos;: None, &apos;size&apos;: 13.479999999999961, &apos;value&apos;: &apos;a&apos;, &apos;children&apos;: [], &apos;features&apos;: {}}, {&apos;type&apos;: &apos;text&apos;, &apos;bbox&apos;: (277.862, 268.988, 283.96200000000005, 282.46799999999996), &apos;color_space&apos;: &apos;DeviceGray&apos;, &apos;ncolor&apos;: None, &apos;size&apos;: 13.479999999999961, &apos;value&apos;: &apos;b&apos;, &apos;children&apos;: [], &apos;features&apos;: {}}, {&apos;type&apos;: &apos;text&apos;, &apos;bbox&apos;: (283.962, 268.988, 287.292, 282.46799999999996), &apos;color_space&apos;: &apos;DeviceGray&apos;, &apos;ncolor&apos;: None, &apos;size&apos;: 13.479999999999961, &apos;value&apos;: &apos;l&apos;, &apos;children&apos;: [], &apos;features&apos;: {}}, {&apos;type&apos;: &apos;text&apos;, &apos;bbox&apos;: (287.292, 268.988, 292.292, 282.46799999999996), &apos;color_space&apos;: &apos;DeviceGray&apos;, &apos;ncolor&apos;: None, &apos;size&apos;: 13.479999999999961, &apos;value&apos;: &apos;e&apos;, &apos;children&apos;: [], &apos;features&apos;: {}}, {&apos;type&apos;: &apos;text&apos;, &apos;bbox&apos;: (292.292, 268.988, 296.722, 282.46799999999996), &apos;color_space&apos;: &apos;DeviceGray&apos;, &apos;ncolor&apos;: None, &apos;size&apos;: 13.479999999999961, &apos;value&apos;: &apos;s&apos;, &apos;children&apos;: [], &apos;features&apos;: {}}, {&apos;type&apos;: &apos;text&apos;, &apos;bbox&apos;: (296.748, 269.71799999999996, 299.518, 283.008), &apos;color_space&apos;: &apos;DeviceGray&apos;, &apos;ncolor&apos;: None, &apos;size&apos;: 13.29000000000002, &apos;value&apos;: &apos;.&apos;, &apos;children&apos;: [], &apos;features&apos;: {}}, {&apos;type&apos;: &apos;text&apos;, &apos;bbox&apos;: (299.518, 269.71799999999996, 302.28799999999995, 283.008), &apos;color_space&apos;: &apos;DeviceGray&apos;, &apos;ncolor&apos;: None, &apos;size&apos;: 13.29000000000002, &apos;value&apos;: &apos;.&apos;, &apos;children&apos;: [], &apos;features&apos;: {}}, {&apos;type&apos;: &apos;text&apos;, &apos;bbox&apos;: (302.288, 269.71799999999996, 305.058, 283.008), &apos;color_space&apos;: &apos;DeviceGray&apos;, &apos;ncolor&apos;: None, &apos;size&apos;: 13.29000000000002, &apos;value&apos;: &apos;.&apos;, &apos;children&apos;: [], &apos;features&apos;: {}}, {&apos;type&apos;: &apos;text&apos;, &apos;bbox&apos;: (305.058, 269.71799999999996, 307.828, 283.008), &apos;color_space&apos;: &apos;DeviceGray&apos;, &apos;ncolor&apos;: None, &apos;size&apos;: 13.29000000000002, &apos;value&apos;: &apos;.&apos;, &apos;children&apos;: [], &apos;features&apos;: {}}, {&apos;type&apos;: &apos;text&apos;, &apos;bbox&apos;: (307.828, 269.71799999999996, 310.59799999999996, 283.008), &apos;color_space&apos;: &apos;DeviceGray&apos;, &apos;ncolor&apos;: None, &apos;size&apos;: 13.29000000000002, &apos;value&apos;: &apos;.&apos;, &apos;children&apos;: [], &apos;features&apos;: {}}, {&apos;type&apos;: &apos;text&apos;, &apos;bbox&apos;: (310.598, 269.71799999999996, 313.368, 283.008), &apos;color_space&apos;: &apos;DeviceGray&apos;, &apos;ncolor&apos;: None, &apos;size&apos;: 13.29000000000002, &apos;value&apos;: &apos;.&apos;, &apos;children&apos;: [], &apos;features&apos;: {}}, {&apos;type&apos;: &apos;text&apos;, &apos;bbox&apos;: (313.368, 269.71799999999996, 316.138, 283.008), &apos;color_space&apos;: &apos;DeviceGray&apos;, &apos;ncolor&apos;: None, &apos;size&apos;: 13.29000000000002, &apos;value&apos;: &apos;.&apos;, &apos;children&apos;: [], &apos;features&apos;: {}}, {&apos;type&apos;: &apos;text&apos;, &apos;bbox&apos;: (316.138, 269.71799999999996, 318.90799999999996, 283.008), &apos;color_space&apos;: &apos;DeviceGray&apos;, &apos;ncolor&apos;: None, &apos;size&apos;: 13.29000000000002, &apos;value&apos;: &apos;.&apos;, &apos;children&apos;: [], &apos;features&apos;: {}}, {&apos;type&apos;: &apos;text&apos;, &apos;bbox&apos;: (318.908, 269.71799999999996, 321.678, 283.008), &apos;color_space&apos;: &apos;DeviceGray&apos;, &apos;ncolor&apos;: None, &apos;size&apos;: 13.29000000000002, &apos;value&apos;: &apos;.&apos;, &apos;children&apos;: [], &apos;features&apos;: {}}, {&apos;type&apos;: &apos;text&apos;, &apos;bbox&apos;: (321.678, 269.71799999999996, 324.448, 283.008), &apos;color_space&apos;: &apos;DeviceGray&apos;, &apos;ncolor&apos;: None, &apos;size&apos;: 13.29000000000002, &apos;value&apos;: &apos;.&apos;, &apos;children&apos;: [], &apos;features&apos;: {}}, {&apos;type&apos;: &apos;text&apos;, &apos;bbox&apos;: (324.448, 269.71799999999996, 327.21799999999996, 283.008), &apos;color_space&apos;: &apos;DeviceGray&apos;, &apos;ncolor&apos;: None, &apos;size&apos;: 13.29000000000002, &apos;value&apos;: &apos;.&apos;, &apos;children&apos;: [], &apos;features&apos;: {}}, {&apos;type&apos;: &apos;text&apos;, &apos;bbox&apos;: (327.21799999999996, 269.71799999999996, 329.98799999999994, 283.008), &apos;color_space&apos;: &apos;DeviceGray&apos;, &apos;ncolor&apos;: None, &apos;size&apos;: 13.29000000000002, &apos;value&apos;: &apos;.&apos;, &apos;children&apos;: [], &apos;features&apos;: {}}, {&apos;type&apos;: &apos;text&apos;, &apos;bbox&apos;: (329.988, 269.71799999999996, 332.758, 283.008), &apos;color_space&apos;: &apos;DeviceGray&apos;, &apos;ncolor&apos;: None, &apos;size&apos;: 13.29000000000002, &apos;value&apos;: &apos;.&apos;, &apos;children&apos;: [], &apos;features&apos;: {}}, {&apos;type&apos;: &apos;text&apos;, &apos;bbox&apos;: (332.758, 269.71799999999996, 335.52799999999996, 283.008), &apos;color_space&apos;: &apos;DeviceGray&apos;, &apos;ncolor&apos;: None, &apos;size&apos;: 13.29000000000002, &apos;value&apos;: &apos;.&apos;, &apos;children&apos;: [], &apos;features&apos;: {}}, {&apos;type&apos;: &apos;text&apos;, &apos;bbox&apos;: (335.528, 269.71799999999996, 338.298, 283.008), &apos;color_space&apos;: &apos;DeviceGray&apos;, &apos;ncolor&apos;: None, &apos;size&apos;: 13.29000000000002, &apos;value&apos;: &apos;.&apos;, &apos;children&apos;: [], &apos;features&apos;: {}}, {&apos;type&apos;: &apos;text&apos;, &apos;bbox&apos;: (338.298, 269.71799999999996, 341.068, 283.008), &apos;color_space&apos;: &apos;DeviceGray&apos;, &apos;ncolor&apos;: None, &apos;size&apos;: 13.29000000000002, &apos;value&apos;: &apos;.&apos;, &apos;children&apos;: [], &apos;features&apos;: {}}, {&apos;type&apos;: &apos;text&apos;, &apos;bbox&apos;: (341.068, 269.71799999999996, 343.83799999999997, 283.008), &apos;color_space&apos;: &apos;DeviceGray&apos;, &apos;ncolor&apos;: None, &apos;size&apos;: 13.29000000000002, &apos;value&apos;: &apos;.&apos;, &apos;children&apos;: [], &apos;features&apos;: {}}, {&apos;type&apos;: &apos;text&apos;, &apos;bbox&apos;: (343.838, 269.71799999999996, 346.608, 283.008), &apos;color_space&apos;: &apos;DeviceGray&apos;, &apos;ncolor&apos;: None, &apos;size&apos;: 13.29000000000002, &apos;value&apos;: &apos;.&apos;, &apos;children&apos;: [], &apos;features&apos;: {}}, {&apos;type&apos;: &apos;text&apos;, &apos;bbox&apos;: (346.608, 269.71799999999996, 349.378, 283.008), &apos;color_space&apos;: &apos;DeviceGray&apos;, &apos;ncolor&apos;: None, &apos;size&apos;: 13.29000000000002, &apos;value&apos;: &apos;.&apos;, &apos;children&apos;: [], &apos;features&apos;: {}}, {&apos;type&apos;: &apos;text&apos;, &apos;bbox&apos;: (349.37800000000004, 269.71799999999996, 352.148, 283.008), &apos;color_space&apos;: &apos;DeviceGray&apos;, &apos;ncolor&apos;: None, &apos;size&apos;: 13.29000000000002, &apos;value&apos;: &apos;.&apos;, &apos;children&apos;: [], &apos;features&apos;: {}}, {&apos;type&apos;: &apos;text&apos;, &apos;bbox&apos;: (352.148, 269.71799999999996, 354.918, 283.008), &apos;color_space&apos;: &apos;DeviceGray&apos;, &apos;ncolor&apos;: None, &apos;size&apos;: 13.29000000000002, &apos;value&apos;: &apos;.&apos;, &apos;children&apos;: [], &apos;features&apos;: {}}, {&apos;type&apos;: &apos;text&apos;, &apos;bbox&apos;: (354.918, 269.71799999999996, 357.688, 283.008), &apos;color_space&apos;: &apos;DeviceGray&apos;, &apos;ncolor&apos;: None, &apos;size&apos;: 13.29000000000002, &apos;value&apos;: &apos;.&apos;, &apos;children&apos;: [], &apos;features&apos;: {}}, {&apos;type&apos;: &apos;text&apos;, &apos;bbox&apos;: (357.68800000000005, 269.71799999999996, 360.458, 283.008), &apos;color_space&apos;: &apos;DeviceGray&apos;, &apos;ncolor&apos;: None, &apos;size&apos;: 13.29000000000002, &apos;value&apos;: &apos;.&apos;, &apos;children&apos;: [], &apos;features&apos;: {}}, {&apos;type&apos;: &apos;text&apos;, &apos;bbox&apos;: (360.458, 269.71799999999996, 363.228, 283.008), &apos;color_space&apos;: &apos;DeviceGray&apos;, &apos;ncolor&apos;: None, &apos;size&apos;: 13.29000000000002, &apos;value&apos;: &apos;.&apos;, &apos;children&apos;: [], &apos;features&apos;: {}}, {&apos;type&apos;: &apos;text&apos;, &apos;bbox&apos;: (363.228, 269.71799999999996, 365.998, 283.008), &apos;color_space&apos;: &apos;DeviceGray&apos;, &apos;ncolor&apos;: None, &apos;size&apos;: 13.29000000000002, &apos;value&apos;: &apos;.&apos;, &apos;children&apos;: [], &apos;features&apos;: {}}, {&apos;type&apos;: &apos;text&apos;, &apos;bbox&apos;: (365.99800000000005, 269.71799999999996, 368.76800000000003, 283.008), &apos;color_space&apos;: &apos;DeviceGray&apos;, &apos;ncolor&apos;: None, &apos;size&apos;: 13.29000000000002, &apos;value&apos;: &apos;.&apos;, &apos;children&apos;: [], &apos;features&apos;: {}}, {&apos;type&apos;: &apos;text&apos;, &apos;bbox&apos;: (368.76800000000003, 269.71799999999996, 371.538, 283.008), &apos;color_space&apos;: &apos;DeviceGray&apos;, &apos;ncolor&apos;: None, &apos;size&apos;: 13.29000000000002, &apos;value&apos;: &apos;.&apos;, &apos;children&apos;: [], &apos;features&apos;: {}}, {&apos;type&apos;: &apos;text&apos;, &apos;bbox&apos;: (371.538, 269.71799999999996, 374.308, 283.008), &apos;color_space&apos;: &apos;DeviceGray&apos;, &apos;ncolor&apos;: None, &apos;size&apos;: 13.29000000000002, &apos;value&apos;: &apos;.&apos;, &apos;children&apos;: [], &apos;features&apos;: {}}, {&apos;type&apos;: &apos;text&apos;, &apos;bbox&apos;: (374.308, 269.71799999999996, 377.078, 283.008), &apos;color_space&apos;: &apos;DeviceGray&apos;, &apos;ncolor&apos;: None, &apos;size&apos;: 13.29000000000002, &apos;value&apos;: &apos;.&apos;, &apos;children&apos;: [], &apos;features&apos;: {}}, {&apos;type&apos;: &apos;text&apos;, &apos;bbox&apos;: (377.078, 269.71799999999996, 379.84799999999996, 283.008), &apos;color_space&apos;: &apos;DeviceGray&apos;, &apos;ncolor&apos;: None, &apos;size&apos;: 13.29000000000002, &apos;value&apos;: &apos;.&apos;, &apos;children&apos;: [], &apos;features&apos;: {}}, {&apos;type&apos;: &apos;text&apos;, &apos;bbox&apos;: (379.848, 269.71799999999996, 382.618, 283.008), &apos;color_space&apos;: &apos;DeviceGray&apos;, &apos;ncolor&apos;: None, &apos;size&apos;: 13.29000000000002, &apos;value&apos;: &apos;.&apos;, &apos;children&apos;: [], &apos;features&apos;: {}}, {&apos;type&apos;: &apos;text&apos;, &apos;bbox&apos;: (382.618, 269.71799999999996, 385.388, 283.008), &apos;color_space&apos;: &apos;DeviceGray&apos;, &apos;ncolor&apos;: None, &apos;size&apos;: 13.29000000000002, &apos;value&apos;: &apos;.&apos;, &apos;children&apos;: [], &apos;features&apos;: {}}, {&apos;type&apos;: &apos;text&apos;, &apos;bbox&apos;: (385.388, 269.71799999999996, 388.15799999999996, 283.008), &apos;color_space&apos;: &apos;DeviceGray&apos;, &apos;ncolor&apos;: None, &apos;size&apos;: 13.29000000000002, &apos;value&apos;: &apos;.&apos;, &apos;children&apos;: [], &apos;features&apos;: {}}, {&apos;type&apos;: &apos;text&apos;, &apos;bbox&apos;: (388.158, 269.71799999999996, 390.928, 283.008), &apos;color_space&apos;: &apos;DeviceGray&apos;, &apos;ncolor&apos;: None, &apos;size&apos;: 13.29000000000002, &apos;value&apos;: &apos;.&apos;, &apos;children&apos;: [], &apos;features&apos;: {}}, {&apos;type&apos;: &apos;text&apos;, &apos;bbox&apos;: (390.928, 269.71799999999996, 393.698, 283.008), &apos;color_space&apos;: &apos;DeviceGray&apos;, &apos;ncolor&apos;: None, &apos;size&apos;: 13.29000000000002, &apos;value&apos;: &apos;.&apos;, &apos;children&apos;: [], &apos;features&apos;: {}}, {&apos;type&apos;: &apos;text&apos;, &apos;bbox&apos;: (393.698, 269.71799999999996, 396.46799999999996, 283.008), &apos;color_space&apos;: &apos;DeviceGray&apos;, &apos;ncolor&apos;: None, &apos;size&apos;: 13.29000000000002, &apos;value&apos;: &apos;.&apos;, &apos;children&apos;: [], &apos;features&apos;: {}}, {&apos;type&apos;: &apos;text&apos;, &apos;bbox&apos;: (396.46799999999996, 269.71799999999996, 399.23799999999994, 283.008), &apos;color_space&apos;: &apos;DeviceGray&apos;, &apos;ncolor&apos;: None, &apos;size&apos;: 13.29000000000002, &apos;value&apos;: &apos;.&apos;, &apos;children&apos;: [], &apos;features&apos;: {}}, {&apos;type&apos;: &apos;text&apos;, &apos;bbox&apos;: (399.23799999999994, 269.71799999999996, 402.0079999999999, 283.008), &apos;color_space&apos;: &apos;DeviceGray&apos;, &apos;ncolor&apos;: None, &apos;size&apos;: 13.29000000000002, &apos;value&apos;: &apos;.&apos;, &apos;children&apos;: [], &apos;features&apos;: {}}, {&apos;type&apos;: &apos;text&apos;, &apos;bbox&apos;: (402.008, 269.71799999999996, 404.77799999999996, 283.008), &apos;color_space&apos;: &apos;DeviceGray&apos;, &apos;ncolor&apos;: None, &apos;size&apos;: 13.29000000000002, &apos;value&apos;: &apos;.&apos;, &apos;children&apos;: [], &apos;features&apos;: {}}, {&apos;type&apos;: &apos;text&apos;, &apos;bbox&apos;: (404.77799999999996, 269.71799999999996, 407.54799999999994, 283.008), &apos;color_space&apos;: &apos;DeviceGray&apos;, &apos;ncolor&apos;: None, &apos;size&apos;: 13.29000000000002, &apos;value&apos;: &apos;.&apos;, &apos;children&apos;: [], &apos;features&apos;: {}}, {&apos;type&apos;: &apos;text&apos;, &apos;bbox&apos;: (407.54799999999994, 269.71799999999996, 410.3179999999999, 283.008), &apos;color_space&apos;: &apos;DeviceGray&apos;, &apos;ncolor&apos;: None, &apos;size&apos;: 13.29000000000002, &apos;value&apos;: &apos;.&apos;, &apos;children&apos;: [], &apos;features&apos;: {}}, {&apos;type&apos;: &apos;text&apos;, &apos;bbox&apos;: (410.318, 269.71799999999996, 413.08799999999997, 283.008), &apos;color_space&apos;: &apos;DeviceGray&apos;, &apos;ncolor&apos;: None, &apos;size&apos;: 13.29000000000002, &apos;value&apos;: &apos;.&apos;, &apos;children&apos;: [], &apos;features&apos;: {}}, {&apos;type&apos;: &apos;text&apos;, &apos;bbox&apos;: (413.08799999999997, 269.71799999999996, 415.85799999999995, 283.008), &apos;color_space&apos;: &apos;DeviceGray&apos;, &apos;ncolor&apos;: None, &apos;size&apos;: 13.29000000000002, &apos;value&apos;: &apos;.&apos;, &apos;children&apos;: [], &apos;features&apos;: {}}, {&apos;type&apos;: &apos;text&apos;, &apos;bbox&apos;: (415.85799999999995, 269.71799999999996, 418.62799999999993, 283.008), &apos;color_space&apos;: &apos;DeviceGray&apos;, &apos;ncolor&apos;: None, &apos;size&apos;: 13.29000000000002, &apos;value&apos;: &apos;.&apos;, &apos;children&apos;: [], &apos;features&apos;: {}}, {&apos;type&apos;: &apos;text&apos;, &apos;bbox&apos;: (418.62799999999993, 269.71799999999996, 421.3979999999999, 283.008), &apos;color_space&apos;: &apos;DeviceGray&apos;, &apos;ncolor&apos;: None, &apos;size&apos;: 13.29000000000002, &apos;value&apos;: &apos;.&apos;, &apos;children&apos;: [], &apos;features&apos;: {}}, {&apos;type&apos;: &apos;text&apos;, &apos;bbox&apos;: (421.3979999999999, 269.71799999999996, 424.1679999999999, 283.008), &apos;color_space&apos;: &apos;DeviceGray&apos;, &apos;ncolor&apos;: None, &apos;size&apos;: 13.29000000000002, &apos;value&apos;: &apos;.&apos;, &apos;children&apos;: [], &apos;features&apos;: {}}, {&apos;type&apos;: &apos;text&apos;, &apos;bbox&apos;: (424.16799999999995, 269.71799999999996, 426.93799999999993, 283.008), &apos;color_space&apos;: &apos;DeviceGray&apos;, &apos;ncolor&apos;: None, &apos;size&apos;: 13.29000000000002, &apos;value&apos;: &apos;.&apos;, &apos;children&apos;: [], &apos;features&apos;: {}}, {&apos;type&apos;: &apos;text&apos;, &apos;bbox&apos;: (426.93799999999993, 269.71799999999996, 429.7079999999999, 283.008), &apos;color_space&apos;: &apos;DeviceGray&apos;, &apos;ncolor&apos;: None, &apos;size&apos;: 13.29000000000002, &apos;value&apos;: &apos;.&apos;, &apos;children&apos;: [], &apos;features&apos;: {}}, {&apos;type&apos;: &apos;text&apos;, &apos;bbox&apos;: (429.70799999999997, 269.71799999999996, 432.47799999999995, 283.008), &apos;color_space&apos;: &apos;DeviceGray&apos;, &apos;ncolor&apos;: None, &apos;size&apos;: 13.29000000000002, &apos;value&apos;: &apos;.&apos;, &apos;children&apos;: [], &apos;features&apos;: {}}, {&apos;type&apos;: &apos;text&apos;, &apos;bbox&apos;: (432.47799999999995, 269.71799999999996, 435.24799999999993, 283.008), &apos;color_space&apos;: &apos;DeviceGray&apos;, &apos;ncolor&apos;: None, &apos;size&apos;: 13.29000000000002, &apos;value&apos;: &apos;.&apos;, &apos;children&apos;: [], &apos;features&apos;: {}}, {&apos;type&apos;: &apos;text&apos;, &apos;bbox&apos;: (435.24799999999993, 269.71799999999996, 438.0179999999999, 283.008), &apos;color_space&apos;: &apos;DeviceGray&apos;, &apos;ncolor&apos;: None, &apos;size&apos;: 13.29000000000002, &apos;value&apos;: &apos;.&apos;, &apos;children&apos;: [], &apos;features&apos;: {}}, {&apos;type&apos;: &apos;text&apos;, &apos;bbox&apos;: (438.018, 269.71799999999996, 440.78799999999995, 283.008), &apos;color_space&apos;: &apos;DeviceGray&apos;, &apos;ncolor&apos;: None, &apos;size&apos;: 13.29000000000002, &apos;value&apos;: &apos;.&apos;, &apos;children&apos;: [], &apos;features&apos;: {}}, {&apos;type&apos;: &apos;text&apos;, &apos;bbox&apos;: (440.788, 269.71799999999996, 443.558, 283.008), &apos;color_space&apos;: &apos;DeviceGray&apos;, &apos;ncolor&apos;: None, &apos;size&apos;: 13.29000000000002, &apos;value&apos;: &apos;.&apos;, &apos;children&apos;: [], &apos;features&apos;: {}}, {&apos;type&apos;: &apos;text&apos;, &apos;bbox&apos;: (443.558, 269.71799999999996, 446.328, 283.008), &apos;color_space&apos;: &apos;DeviceGray&apos;, &apos;ncolor&apos;: None, &apos;size&apos;: 13.29000000000002, &apos;value&apos;: &apos;.&apos;, &apos;children&apos;: [], &apos;features&apos;: {}}, {&apos;type&apos;: &apos;text&apos;, &apos;bbox&apos;: (446.328, 269.71799999999996, 449.09799999999996, 283.008), &apos;color_space&apos;: &apos;DeviceGray&apos;, &apos;ncolor&apos;: None, &apos;size&apos;: 13.29000000000002, &apos;value&apos;: &apos;.&apos;, &apos;children&apos;: [], &apos;features&apos;: {}}, {&apos;type&apos;: &apos;text&apos;, &apos;bbox&apos;: (449.098, 269.71799999999996, 451.868, 283.008), &apos;color_space&apos;: &apos;DeviceGray&apos;, &apos;ncolor&apos;: None, &apos;size&apos;: 13.29000000000002, &apos;value&apos;: &apos;.&apos;, &apos;children&apos;: [], &apos;features&apos;: {}}, {&apos;type&apos;: &apos;text&apos;, &apos;bbox&apos;: (451.86800000000005, 269.71799999999996, 454.63800000000003, 283.008), &apos;color_space&apos;: &apos;DeviceGray&apos;, &apos;ncolor&apos;: None, &apos;size&apos;: 13.29000000000002, &apos;value&apos;: &apos;.&apos;, &apos;children&apos;: [], &apos;features&apos;: {}}, {&apos;type&apos;: &apos;text&apos;, &apos;bbox&apos;: (454.63800000000003, 269.71799999999996, 457.408, 283.008), &apos;color_space&apos;: &apos;DeviceGray&apos;, &apos;ncolor&apos;: None, &apos;size&apos;: 13.29000000000002, &apos;value&apos;: &apos;.&apos;, &apos;children&apos;: [], &apos;features&apos;: {}}, {&apos;type&apos;: &apos;text&apos;, &apos;bbox&apos;: (457.408, 269.71799999999996, 460.178, 283.008), &apos;color_space&apos;: &apos;DeviceGray&apos;, &apos;ncolor&apos;: None, &apos;size&apos;: 13.29000000000002, &apos;value&apos;: &apos;.&apos;, &apos;children&apos;: [], &apos;features&apos;: {}}, {&apos;type&apos;: &apos;text&apos;, &apos;bbox&apos;: (460.17800000000005, 269.71799999999996, 462.94800000000004, 283.008), &apos;color_space&apos;: &apos;DeviceGray&apos;, &apos;ncolor&apos;: None, &apos;size&apos;: 13.29000000000002, &apos;value&apos;: &apos;.&apos;, &apos;children&apos;: [], &apos;features&apos;: {}}, {&apos;type&apos;: &apos;text&apos;, &apos;bbox&apos;: (462.9480000000001, 269.71799999999996, 465.7180000000001, 283.008), &apos;color_space&apos;: &apos;DeviceGray&apos;, &apos;ncolor&apos;: None, &apos;size&apos;: 13.29000000000002, &apos;value&apos;: &apos;.&apos;, &apos;children&apos;: [], &apos;features&apos;: {}}, {&apos;type&apos;: &apos;text&apos;, &apos;bbox&apos;: (465.7180000000001, 269.71799999999996, 468.48800000000006, 283.008), &apos;color_space&apos;: &apos;DeviceGray&apos;, &apos;ncolor&apos;: None, &apos;size&apos;: 13.29000000000002, &apos;value&apos;: &apos;.&apos;, &apos;children&apos;: [], &apos;features&apos;: {}}, {&apos;type&apos;: &apos;text&apos;, &apos;bbox&apos;: (468.48800000000006, 269.71799999999996, 471.25800000000004, 283.008), &apos;color_space&apos;: &apos;DeviceGray&apos;, &apos;ncolor&apos;: None, &apos;size&apos;: 13.29000000000002, &apos;value&apos;: &apos;.&apos;, &apos;children&apos;: [], &apos;features&apos;: {}}, {&apos;type&apos;: &apos;text&apos;, &apos;bbox&apos;: (471.2580000000001, 269.71799999999996, 474.0280000000001, 283.008), &apos;color_space&apos;: &apos;DeviceGray&apos;, &apos;ncolor&apos;: None, &apos;size&apos;: 13.29000000000002, &apos;value&apos;: &apos;.&apos;, &apos;children&apos;: [], &apos;features&apos;: {}}, {&apos;type&apos;: &apos;text&apos;, &apos;bbox&apos;: (474.02800000000013, 269.71799999999996, 476.7980000000001, 283.008), &apos;color_space&apos;: &apos;DeviceGray&apos;, &apos;ncolor&apos;: None, &apos;size&apos;: 13.29000000000002, &apos;value&apos;: &apos;.&apos;, &apos;children&apos;: [], &apos;features&apos;: {}}, {&apos;type&apos;: &apos;text&apos;, &apos;bbox&apos;: (476.7980000000001, 269.71799999999996, 479.5680000000001, 283.008), &apos;color_space&apos;: &apos;DeviceGray&apos;, &apos;ncolor&apos;: None, &apos;size&apos;: 13.29000000000002, &apos;value&apos;: &apos;.&apos;, &apos;children&apos;: [], &apos;features&apos;: {}}, {&apos;type&apos;: &apos;text&apos;, &apos;bbox&apos;: (479.5680000000001, 269.71799999999996, 482.3380000000001, 283.008), &apos;color_space&apos;: &apos;DeviceGray&apos;, &apos;ncolor&apos;: None, &apos;size&apos;: 13.29000000000002, &apos;value&apos;: &apos;.&apos;, &apos;children&apos;: [], &apos;features&apos;: {}}, {&apos;type&apos;: &apos;text&apos;, &apos;bbox&apos;: (482.33800000000014, 269.71799999999996, 485.1080000000001, 283.008), &apos;color_space&apos;: &apos;DeviceGray&apos;, &apos;ncolor&apos;: None, &apos;size&apos;: 13.29000000000002, &apos;value&apos;: &apos;.&apos;, &apos;children&apos;: [], &apos;features&apos;: {}}, {&apos;type&apos;: &apos;text&apos;, &apos;bbox&apos;: (485.1080000000002, 269.71799999999996, 487.87800000000016, 283.008), &apos;color_space&apos;: &apos;DeviceGray&apos;, &apos;ncolor&apos;: None, &apos;size&apos;: 13.29000000000002, &apos;value&apos;: &apos;.&apos;, &apos;children&apos;: [], &apos;features&apos;: {}}, {&apos;type&apos;: &apos;text&apos;, &apos;bbox&apos;: (489.548, 269.71799999999996, 495.108, 283.008), &apos;color_space&apos;: &apos;DeviceGray&apos;, &apos;ncolor&apos;: None, &apos;size&apos;: 13.29000000000002, &apos;value&apos;: &apos;6&apos;, &apos;children&apos;: [], &apos;features&apos;: {}}, {&apos;type&apos;: &apos;text&apos;, &apos;bbox&apos;: (495.108, 269.71799999999996, 498.438, 283.008), &apos;color_space&apos;: &apos;DeviceGray&apos;, &apos;ncolor&apos;: None, &apos;size&apos;: 13.29000000000002, &apos;value&apos;: &apos;-&apos;, &apos;children&apos;: [], &apos;features&apos;: {}}, {&apos;type&apos;: &apos;text&apos;, &apos;bbox&apos;: (498.439, 269.71799999999996, 503.999, 283.008), &apos;color_space&apos;: &apos;DeviceGray&apos;, &apos;ncolor&apos;: None, &apos;size&apos;: 13.29000000000002, &apos;value&apos;: &apos;2&apos;, &apos;children&apos;: [], &apos;features&apos;: {}}], &apos;features&apos;: {}}
*********************





--------------------------------- CONTENT AREA --------------------------------- 
This content area has an image
{&apos;type&apos;: &apos;figure&apos;, &apos;bbox&apos;: (0, 0, 612.0, 792.0), &apos;name&apos;: &apos;fx38&apos;, &apos;children&apos;: [{&apos;type&apos;: &apos;text&apos;, &apos;bbox&apos;: (78.0, 217.69899999999998, 86.31, 231.17899999999997), &apos;color_space&apos;: &apos;DeviceGray&apos;, &apos;ncolor&apos;: None, &apos;size&apos;: 13.47999999999999, &apos;value&apos;: &apos;D&apos;, &apos;children&apos;: [], &apos;features&apos;: {}}, {&apos;type&apos;: &apos;text&apos;, &apos;bbox&apos;: (86.31, 217.69899999999998, 90.2, 231.17899999999997), &apos;color_space&apos;: &apos;DeviceGray&apos;, &apos;ncolor&apos;: None, &apos;size&apos;: 13.47999999999999, &apos;value&apos;: &apos;I&apos;, &apos;children&apos;: [], &apos;features&apos;: {}}, {&apos;type&apos;: &apos;text&apos;, &apos;bbox&apos;: (90.2, 217.69899999999998, 100.2, 231.17899999999997), &apos;color_space&apos;: &apos;DeviceGray&apos;, &apos;ncolor&apos;: None, &apos;size&apos;: 13.47999999999999, &apos;value&apos;: &apos;M&apos;, &apos;children&apos;: [], &apos;features&apos;: {}}, {&apos;type&apos;: &apos;text&apos;, &apos;bbox&apos;: (100.2, 217.69899999999998, 105.2, 231.17899999999997), &apos;color_space&apos;: &apos;DeviceGray&apos;, &apos;ncolor&apos;: None, &apos;size&apos;: 13.47999999999999, &apos;value&apos;: &apos;_&apos;, &apos;children&apos;: [], &apos;features&apos;: {}}, {&apos;type&apos;: &apos;text&apos;, &apos;bbox&apos;: (105.2, 217.69899999999998, 110.77000000000001, 231.17899999999997), &apos;color_space&apos;: &apos;DeviceGray&apos;, &apos;ncolor&apos;: None, &apos;size&apos;: 13.47999999999999, &apos;value&apos;: &apos;F&apos;, &apos;children&apos;: [], &apos;features&apos;: {}}, {&apos;type&apos;: &apos;text&apos;, &apos;bbox&apos;: (110.77000000000001, 217.69899999999998, 114.66000000000001, 231.17899999999997), &apos;color_space&apos;: &apos;DeviceGray&apos;, &apos;ncolor&apos;: None, &apos;size&apos;: 13.47999999999999, &apos;value&apos;: &apos;I&apos;, &apos;children&apos;: [], &apos;features&apos;: {}}, {&apos;type&apos;: &apos;text&apos;, &apos;bbox&apos;: (114.66, 217.69899999999998, 122.99, 231.17899999999997), &apos;color_space&apos;: &apos;DeviceGray&apos;, &apos;ncolor&apos;: None, &apos;size&apos;: 13.47999999999999, &apos;value&apos;: &apos;N&apos;, &apos;children&apos;: [], &apos;features&apos;: {}}, {&apos;type&apos;: &apos;text&apos;, &apos;bbox&apos;: (122.99000000000001, 217.69899999999998, 130.76000000000002, 231.17899999999997), &apos;color_space&apos;: &apos;DeviceGray&apos;, &apos;ncolor&apos;: None, &apos;size&apos;: 13.47999999999999, &apos;value&apos;: &apos;A&apos;, &apos;children&apos;: [], &apos;features&apos;: {}}, {&apos;type&apos;: &apos;text&apos;, &apos;bbox&apos;: (130.76, 217.69899999999998, 139.09, 231.17899999999997), &apos;color_space&apos;: &apos;DeviceGray&apos;, &apos;ncolor&apos;: None, &apos;size&apos;: 13.47999999999999, &apos;value&apos;: &apos;N&apos;, &apos;children&apos;: [], &apos;features&apos;: {}}, {&apos;type&apos;: &apos;text&apos;, &apos;bbox&apos;: (139.09, 217.69899999999998, 146.31, 231.17899999999997), &apos;color_space&apos;: &apos;DeviceGray&apos;, &apos;ncolor&apos;: None, &apos;size&apos;: 13.47999999999999, &apos;value&apos;: &apos;C&apos;, &apos;children&apos;: [], &apos;features&apos;: {}}, {&apos;type&apos;: &apos;text&apos;, &apos;bbox&apos;: (146.31, 217.69899999999998, 150.2, 231.17899999999997), &apos;color_space&apos;: &apos;DeviceGray&apos;, &apos;ncolor&apos;: None, &apos;size&apos;: 13.47999999999999, &apos;value&apos;: &apos;I&apos;, &apos;children&apos;: [], &apos;features&apos;: {}}, {&apos;type&apos;: &apos;text&apos;, &apos;bbox&apos;: (150.2, 217.69899999999998, 157.97, 231.17899999999997), &apos;color_space&apos;: &apos;DeviceGray&apos;, &apos;ncolor&apos;: None, &apos;size&apos;: 13.47999999999999, &apos;value&apos;: &apos;A&apos;, &apos;children&apos;: [], &apos;features&apos;: {}}, {&apos;type&apos;: &apos;text&apos;, &apos;bbox&apos;: (157.97, 217.69899999999998, 164.02, 231.17899999999997), &apos;color_space&apos;: &apos;DeviceGray&apos;, &apos;ncolor&apos;: None, &apos;size&apos;: 13.47999999999999, &apos;value&apos;: &apos;L&apos;, &apos;children&apos;: [], &apos;features&apos;: {}}, {&apos;type&apos;: &apos;text&apos;, &apos;bbox&apos;: (164.01999999999998, 217.69899999999998, 169.01999999999998, 231.17899999999997), &apos;color_space&apos;: &apos;DeviceGray&apos;, &apos;ncolor&apos;: None, &apos;size&apos;: 13.47999999999999, &apos;value&apos;: &apos;_&apos;, &apos;children&apos;: [], &apos;features&apos;: {}}, {&apos;type&apos;: &apos;text&apos;, &apos;bbox&apos;: (169.01999999999998, 217.69899999999998, 175.07, 231.17899999999997), &apos;color_space&apos;: &apos;DeviceGray&apos;, &apos;ncolor&apos;: None, &apos;size&apos;: 13.47999999999999, &apos;value&apos;: &apos;E&apos;, &apos;children&apos;: [], &apos;features&apos;: {}}, {&apos;type&apos;: &apos;text&apos;, &apos;bbox&apos;: (175.07, 217.69899999999998, 181.12, 231.17899999999997), &apos;color_space&apos;: &apos;DeviceGray&apos;, &apos;ncolor&apos;: None, &apos;size&apos;: 13.47999999999999, &apos;value&apos;: &apos;L&apos;, &apos;children&apos;: [], &apos;features&apos;: {}}, {&apos;type&apos;: &apos;text&apos;, &apos;bbox&apos;: (181.12, 217.69899999999998, 187.17000000000002, 231.17899999999997), &apos;color_space&apos;: &apos;DeviceGray&apos;, &apos;ncolor&apos;: None, &apos;size&apos;: 13.47999999999999, &apos;value&apos;: &apos;E&apos;, &apos;children&apos;: [], &apos;features&apos;: {}}, {&apos;type&apos;: &apos;text&apos;, &apos;bbox&apos;: (187.17, 217.69899999999998, 197.17, 231.17899999999997), &apos;color_space&apos;: &apos;DeviceGray&apos;, &apos;ncolor&apos;: None, &apos;size&apos;: 13.47999999999999, &apos;value&apos;: &apos;M&apos;, &apos;children&apos;: [], &apos;features&apos;: {}}, {&apos;type&apos;: &apos;text&apos;, &apos;bbox&apos;: (197.17, 217.69899999999998, 203.22, 231.17899999999997), &apos;color_space&apos;: &apos;DeviceGray&apos;, &apos;ncolor&apos;: None, &apos;size&apos;: 13.47999999999999, &apos;value&apos;: &apos;E&apos;, &apos;children&apos;: [], &apos;features&apos;: {}}, {&apos;type&apos;: &apos;text&apos;, &apos;bbox&apos;: (203.21999999999997, 217.69899999999998, 211.54999999999998, 231.17899999999997), &apos;color_space&apos;: &apos;DeviceGray&apos;, &apos;ncolor&apos;: None, &apos;size&apos;: 13.47999999999999, &apos;value&apos;: &apos;N&apos;, &apos;children&apos;: [], &apos;features&apos;: {}}, {&apos;type&apos;: &apos;text&apos;, &apos;bbox&apos;: (211.54999999999998, 217.69899999999998, 218.20999999999998, 231.17899999999997), &apos;color_space&apos;: &apos;DeviceGray&apos;, &apos;ncolor&apos;: None, &apos;size&apos;: 13.47999999999999, &apos;value&apos;: &apos;T&apos;, &apos;children&apos;: [], &apos;features&apos;: {}}, {&apos;type&apos;: &apos;text&apos;, &apos;bbox&apos;: (218.20999999999998, 217.69899999999998, 224.30999999999997, 231.17899999999997), &apos;color_space&apos;: &apos;DeviceGray&apos;, &apos;ncolor&apos;: None, &apos;size&apos;: 13.47999999999999, &apos;value&apos;: &apos;S&apos;, &apos;children&apos;: [], &apos;features&apos;: {}}, {&apos;type&apos;: &apos;text&apos;, &apos;bbox&apos;: (224.30999999999997, 217.69899999999998, 229.30999999999997, 231.17899999999997), &apos;color_space&apos;: &apos;DeviceGray&apos;, &apos;ncolor&apos;: None, &apos;size&apos;: 13.47999999999999, &apos;value&apos;: &apos;_&apos;, &apos;children&apos;: [], &apos;features&apos;: {}}, {&apos;type&apos;: &apos;text&apos;, &apos;bbox&apos;: (229.30999999999997, 217.69899999999998, 235.90999999999997, 231.17899999999997), &apos;color_space&apos;: &apos;DeviceGray&apos;, &apos;ncolor&apos;: None, &apos;size&apos;: 13.47999999999999, &apos;value&apos;: &apos;B&apos;, &apos;children&apos;: [], &apos;features&apos;: {}}, {&apos;type&apos;: &apos;text&apos;, &apos;bbox&apos;: (236.012, 218.42999999999998, 238.782, 231.72), &apos;color_space&apos;: &apos;DeviceGray&apos;, &apos;ncolor&apos;: None, &apos;size&apos;: 13.29000000000002, &apos;value&apos;: &apos;.&apos;, &apos;children&apos;: [], &apos;features&apos;: {}}, {&apos;type&apos;: &apos;text&apos;, &apos;bbox&apos;: (238.782, 218.42999999999998, 241.55200000000002, 231.72), &apos;color_space&apos;: &apos;DeviceGray&apos;, &apos;ncolor&apos;: None, &apos;size&apos;: 13.29000000000002, &apos;value&apos;: &apos;.&apos;, &apos;children&apos;: [], &apos;features&apos;: {}}, {&apos;type&apos;: &apos;text&apos;, &apos;bbox&apos;: (241.552, 218.42999999999998, 244.322, 231.72), &apos;color_space&apos;: &apos;DeviceGray&apos;, &apos;ncolor&apos;: None, &apos;size&apos;: 13.29000000000002, &apos;value&apos;: &apos;.&apos;, &apos;children&apos;: [], &apos;features&apos;: {}}, {&apos;type&apos;: &apos;text&apos;, &apos;bbox&apos;: (244.322, 218.42999999999998, 247.092, 231.72), &apos;color_space&apos;: &apos;DeviceGray&apos;, &apos;ncolor&apos;: None, &apos;size&apos;: 13.29000000000002, &apos;value&apos;: &apos;.&apos;, &apos;children&apos;: [], &apos;features&apos;: {}}, {&apos;type&apos;: &apos;text&apos;, &apos;bbox&apos;: (247.092, 218.42999999999998, 249.86200000000002, 231.72), &apos;color_space&apos;: &apos;DeviceGray&apos;, &apos;ncolor&apos;: None, &apos;size&apos;: 13.29000000000002, &apos;value&apos;: &apos;.&apos;, &apos;children&apos;: [], &apos;features&apos;: {}}, {&apos;type&apos;: &apos;text&apos;, &apos;bbox&apos;: (249.862, 218.42999999999998, 252.632, 231.72), &apos;color_space&apos;: &apos;DeviceGray&apos;, &apos;ncolor&apos;: None, &apos;size&apos;: 13.29000000000002, &apos;value&apos;: &apos;.&apos;, &apos;children&apos;: [], &apos;features&apos;: {}}, {&apos;type&apos;: &apos;text&apos;, &apos;bbox&apos;: (252.632, 218.42999999999998, 255.40200000000002, 231.72), &apos;color_space&apos;: &apos;DeviceGray&apos;, &apos;ncolor&apos;: None, &apos;size&apos;: 13.29000000000002, &apos;value&apos;: &apos;.&apos;, &apos;children&apos;: [], &apos;features&apos;: {}}, {&apos;type&apos;: &apos;text&apos;, &apos;bbox&apos;: (255.402, 218.42999999999998, 258.17199999999997, 231.72), &apos;color_space&apos;: &apos;DeviceGray&apos;, &apos;ncolor&apos;: None, &apos;size&apos;: 13.29000000000002, &apos;value&apos;: &apos;.&apos;, &apos;children&apos;: [], &apos;features&apos;: {}}, {&apos;type&apos;: &apos;text&apos;, &apos;bbox&apos;: (258.172, 218.42999999999998, 260.942, 231.72), &apos;color_space&apos;: &apos;DeviceGray&apos;, &apos;ncolor&apos;: None, &apos;size&apos;: 13.29000000000002, &apos;value&apos;: &apos;.&apos;, &apos;children&apos;: [], &apos;features&apos;: {}}, {&apos;type&apos;: &apos;text&apos;, &apos;bbox&apos;: (260.942, 218.42999999999998, 263.712, 231.72), &apos;color_space&apos;: &apos;DeviceGray&apos;, &apos;ncolor&apos;: None, &apos;size&apos;: 13.29000000000002, &apos;value&apos;: &apos;.&apos;, &apos;children&apos;: [], &apos;features&apos;: {}}, {&apos;type&apos;: &apos;text&apos;, &apos;bbox&apos;: (263.712, 218.42999999999998, 266.48199999999997, 231.72), &apos;color_space&apos;: &apos;DeviceGray&apos;, &apos;ncolor&apos;: None, &apos;size&apos;: 13.29000000000002, &apos;value&apos;: &apos;.&apos;, &apos;children&apos;: [], &apos;features&apos;: {}}, {&apos;type&apos;: &apos;text&apos;, &apos;bbox&apos;: (266.48199999999997, 218.42999999999998, 269.25199999999995, 231.72), &apos;color_space&apos;: &apos;DeviceGray&apos;, &apos;ncolor&apos;: None, &apos;size&apos;: 13.29000000000002, &apos;value&apos;: &apos;.&apos;, &apos;children&apos;: [], &apos;features&apos;: {}}, {&apos;type&apos;: &apos;text&apos;, &apos;bbox&apos;: (269.252, 218.42999999999998, 272.022, 231.72), &apos;color_space&apos;: &apos;DeviceGray&apos;, &apos;ncolor&apos;: None, &apos;size&apos;: 13.29000000000002, &apos;value&apos;: &apos;.&apos;, &apos;children&apos;: [], &apos;features&apos;: {}}, {&apos;type&apos;: &apos;text&apos;, &apos;bbox&apos;: (272.022, 218.42999999999998, 274.792, 231.72), &apos;color_space&apos;: &apos;DeviceGray&apos;, &apos;ncolor&apos;: None, &apos;size&apos;: 13.29000000000002, &apos;value&apos;: &apos;.&apos;, &apos;children&apos;: [], &apos;features&apos;: {}}, {&apos;type&apos;: &apos;text&apos;, &apos;bbox&apos;: (274.79200000000003, 218.42999999999998, 277.562, 231.72), &apos;color_space&apos;: &apos;DeviceGray&apos;, &apos;ncolor&apos;: None, &apos;size&apos;: 13.29000000000002, &apos;value&apos;: &apos;.&apos;, &apos;children&apos;: [], &apos;features&apos;: {}}, {&apos;type&apos;: &apos;text&apos;, &apos;bbox&apos;: (277.562, 218.42999999999998, 280.332, 231.72), &apos;color_space&apos;: &apos;DeviceGray&apos;, &apos;ncolor&apos;: None, &apos;size&apos;: 13.29000000000002, &apos;value&apos;: &apos;.&apos;, &apos;children&apos;: [], &apos;features&apos;: {}}, {&apos;type&apos;: &apos;text&apos;, &apos;bbox&apos;: (280.332, 218.42999999999998, 283.102, 231.72), &apos;color_space&apos;: &apos;DeviceGray&apos;, &apos;ncolor&apos;: None, &apos;size&apos;: 13.29000000000002, &apos;value&apos;: &apos;.&apos;, &apos;children&apos;: [], &apos;features&apos;: {}}, {&apos;type&apos;: &apos;text&apos;, &apos;bbox&apos;: (283.10200000000003, 218.42999999999998, 285.872, 231.72), &apos;color_space&apos;: &apos;DeviceGray&apos;, &apos;ncolor&apos;: None, &apos;size&apos;: 13.29000000000002, &apos;value&apos;: &apos;.&apos;, &apos;children&apos;: [], &apos;features&apos;: {}}, {&apos;type&apos;: &apos;text&apos;, &apos;bbox&apos;: (285.872, 218.42999999999998, 288.642, 231.72), &apos;color_space&apos;: &apos;DeviceGray&apos;, &apos;ncolor&apos;: None, &apos;size&apos;: 13.29000000000002, &apos;value&apos;: &apos;.&apos;, &apos;children&apos;: [], &apos;features&apos;: {}}, {&apos;type&apos;: &apos;text&apos;, &apos;bbox&apos;: (288.64200000000005, 218.42999999999998, 291.41200000000003, 231.72), &apos;color_space&apos;: &apos;DeviceGray&apos;, &apos;ncolor&apos;: None, &apos;size&apos;: 13.29000000000002, &apos;value&apos;: &apos;.&apos;, &apos;children&apos;: [], &apos;features&apos;: {}}, {&apos;type&apos;: &apos;text&apos;, &apos;bbox&apos;: (291.41200000000003, 218.42999999999998, 294.182, 231.72), &apos;color_space&apos;: &apos;DeviceGray&apos;, &apos;ncolor&apos;: None, &apos;size&apos;: 13.29000000000002, &apos;value&apos;: &apos;.&apos;, &apos;children&apos;: [], &apos;features&apos;: {}}, {&apos;type&apos;: &apos;text&apos;, &apos;bbox&apos;: (294.182, 218.42999999999998, 296.952, 231.72), &apos;color_space&apos;: &apos;DeviceGray&apos;, &apos;ncolor&apos;: None, &apos;size&apos;: 13.29000000000002, &apos;value&apos;: &apos;.&apos;, &apos;children&apos;: [], &apos;features&apos;: {}}, {&apos;type&apos;: &apos;text&apos;, &apos;bbox&apos;: (296.95200000000006, 218.42999999999998, 299.72200000000004, 231.72), &apos;color_space&apos;: &apos;DeviceGray&apos;, &apos;ncolor&apos;: None, &apos;size&apos;: 13.29000000000002, &apos;value&apos;: &apos;.&apos;, &apos;children&apos;: [], &apos;features&apos;: {}}, {&apos;type&apos;: &apos;text&apos;, &apos;bbox&apos;: (299.72200000000004, 218.42999999999998, 302.492, 231.72), &apos;color_space&apos;: &apos;DeviceGray&apos;, &apos;ncolor&apos;: None, &apos;size&apos;: 13.29000000000002, &apos;value&apos;: &apos;.&apos;, &apos;children&apos;: [], &apos;features&apos;: {}}, {&apos;type&apos;: &apos;text&apos;, &apos;bbox&apos;: (302.492, 218.42999999999998, 305.262, 231.72), &apos;color_space&apos;: &apos;DeviceGray&apos;, &apos;ncolor&apos;: None, &apos;size&apos;: 13.29000000000002, &apos;value&apos;: &apos;.&apos;, &apos;children&apos;: [], &apos;features&apos;: {}}, {&apos;type&apos;: &apos;text&apos;, &apos;bbox&apos;: (305.26200000000006, 218.42999999999998, 308.03200000000004, 231.72), &apos;color_space&apos;: &apos;DeviceGray&apos;, &apos;ncolor&apos;: None, &apos;size&apos;: 13.29000000000002, &apos;value&apos;: &apos;.&apos;, &apos;children&apos;: [], &apos;features&apos;: {}}, {&apos;type&apos;: &apos;text&apos;, &apos;bbox&apos;: (308.03200000000004, 218.42999999999998, 310.802, 231.72), &apos;color_space&apos;: &apos;DeviceGray&apos;, &apos;ncolor&apos;: None, &apos;size&apos;: 13.29000000000002, &apos;value&apos;: &apos;.&apos;, &apos;children&apos;: [], &apos;features&apos;: {}}, {&apos;type&apos;: &apos;text&apos;, &apos;bbox&apos;: (310.802, 218.42999999999998, 313.572, 231.72), &apos;color_space&apos;: &apos;DeviceGray&apos;, &apos;ncolor&apos;: None, &apos;size&apos;: 13.29000000000002, &apos;value&apos;: &apos;.&apos;, &apos;children&apos;: [], &apos;features&apos;: {}}, {&apos;type&apos;: &apos;text&apos;, &apos;bbox&apos;: (313.572, 218.42999999999998, 316.342, 231.72), &apos;color_space&apos;: &apos;DeviceGray&apos;, &apos;ncolor&apos;: None, &apos;size&apos;: 13.29000000000002, &apos;value&apos;: &apos;.&apos;, &apos;children&apos;: [], &apos;features&apos;: {}}, {&apos;type&apos;: &apos;text&apos;, &apos;bbox&apos;: (316.342, 218.42999999999998, 319.11199999999997, 231.72), &apos;color_space&apos;: &apos;DeviceGray&apos;, &apos;ncolor&apos;: None, &apos;size&apos;: 13.29000000000002, &apos;value&apos;: &apos;.&apos;, &apos;children&apos;: [], &apos;features&apos;: {}}, {&apos;type&apos;: &apos;text&apos;, &apos;bbox&apos;: (319.112, 218.42999999999998, 321.882, 231.72), &apos;color_space&apos;: &apos;DeviceGray&apos;, &apos;ncolor&apos;: None, &apos;size&apos;: 13.29000000000002, &apos;value&apos;: &apos;.&apos;, &apos;children&apos;: [], &apos;features&apos;: {}}, {&apos;type&apos;: &apos;text&apos;, &apos;bbox&apos;: (321.882, 218.42999999999998, 324.652, 231.72), &apos;color_space&apos;: &apos;DeviceGray&apos;, &apos;ncolor&apos;: None, &apos;size&apos;: 13.29000000000002, &apos;value&apos;: &apos;.&apos;, &apos;children&apos;: [], &apos;features&apos;: {}}, {&apos;type&apos;: &apos;text&apos;, &apos;bbox&apos;: (324.652, 218.42999999999998, 327.42199999999997, 231.72), &apos;color_space&apos;: &apos;DeviceGray&apos;, &apos;ncolor&apos;: None, &apos;size&apos;: 13.29000000000002, &apos;value&apos;: &apos;.&apos;, &apos;children&apos;: [], &apos;features&apos;: {}}, {&apos;type&apos;: &apos;text&apos;, &apos;bbox&apos;: (327.422, 218.42999999999998, 330.192, 231.72), &apos;color_space&apos;: &apos;DeviceGray&apos;, &apos;ncolor&apos;: None, &apos;size&apos;: 13.29000000000002, &apos;value&apos;: &apos;.&apos;, &apos;children&apos;: [], &apos;features&apos;: {}}, {&apos;type&apos;: &apos;text&apos;, &apos;bbox&apos;: (330.192, 218.42999999999998, 332.962, 231.72), &apos;color_space&apos;: &apos;DeviceGray&apos;, &apos;ncolor&apos;: None, &apos;size&apos;: 13.29000000000002, &apos;value&apos;: &apos;.&apos;, &apos;children&apos;: [], &apos;features&apos;: {}}, {&apos;type&apos;: &apos;text&apos;, &apos;bbox&apos;: (332.962, 218.42999999999998, 335.73199999999997, 231.72), &apos;color_space&apos;: &apos;DeviceGray&apos;, &apos;ncolor&apos;: None, &apos;size&apos;: 13.29000000000002, &apos;value&apos;: &apos;.&apos;, &apos;children&apos;: [], &apos;features&apos;: {}}, {&apos;type&apos;: &apos;text&apos;, &apos;bbox&apos;: (335.73199999999997, 218.42999999999998, 338.50199999999995, 231.72), &apos;color_space&apos;: &apos;DeviceGray&apos;, &apos;ncolor&apos;: None, &apos;size&apos;: 13.29000000000002, &apos;value&apos;: &apos;.&apos;, &apos;children&apos;: [], &apos;features&apos;: {}}, {&apos;type&apos;: &apos;text&apos;, &apos;bbox&apos;: (338.50199999999995, 218.42999999999998, 341.27199999999993, 231.72), &apos;color_space&apos;: &apos;DeviceGray&apos;, &apos;ncolor&apos;: None, &apos;size&apos;: 13.29000000000002, &apos;value&apos;: &apos;.&apos;, &apos;children&apos;: [], &apos;features&apos;: {}}, {&apos;type&apos;: &apos;text&apos;, &apos;bbox&apos;: (341.272, 218.42999999999998, 344.042, 231.72), &apos;color_space&apos;: &apos;DeviceGray&apos;, &apos;ncolor&apos;: None, &apos;size&apos;: 13.29000000000002, &apos;value&apos;: &apos;.&apos;, &apos;children&apos;: [], &apos;features&apos;: {}}, {&apos;type&apos;: &apos;text&apos;, &apos;bbox&apos;: (344.042, 218.42999999999998, 346.81199999999995, 231.72), &apos;color_space&apos;: &apos;DeviceGray&apos;, &apos;ncolor&apos;: None, &apos;size&apos;: 13.29000000000002, &apos;value&apos;: &apos;.&apos;, &apos;children&apos;: [], &apos;features&apos;: {}}, {&apos;type&apos;: &apos;text&apos;, &apos;bbox&apos;: (346.81199999999995, 218.42999999999998, 349.58199999999994, 231.72), &apos;color_space&apos;: &apos;DeviceGray&apos;, &apos;ncolor&apos;: None, &apos;size&apos;: 13.29000000000002, &apos;value&apos;: &apos;.&apos;, &apos;children&apos;: [], &apos;features&apos;: {}}, {&apos;type&apos;: &apos;text&apos;, &apos;bbox&apos;: (349.582, 218.42999999999998, 352.352, 231.72), &apos;color_space&apos;: &apos;DeviceGray&apos;, &apos;ncolor&apos;: None, &apos;size&apos;: 13.29000000000002, &apos;value&apos;: &apos;.&apos;, &apos;children&apos;: [], &apos;features&apos;: {}}, {&apos;type&apos;: &apos;text&apos;, &apos;bbox&apos;: (352.352, 218.42999999999998, 355.12199999999996, 231.72), &apos;color_space&apos;: &apos;DeviceGray&apos;, &apos;ncolor&apos;: None, &apos;size&apos;: 13.29000000000002, &apos;value&apos;: &apos;.&apos;, &apos;children&apos;: [], &apos;features&apos;: {}}, {&apos;type&apos;: &apos;text&apos;, &apos;bbox&apos;: (355.12199999999996, 218.42999999999998, 357.89199999999994, 231.72), &apos;color_space&apos;: &apos;DeviceGray&apos;, &apos;ncolor&apos;: None, &apos;size&apos;: 13.29000000000002, &apos;value&apos;: &apos;.&apos;, &apos;children&apos;: [], &apos;features&apos;: {}}, {&apos;type&apos;: &apos;text&apos;, &apos;bbox&apos;: (357.89199999999994, 218.42999999999998, 360.6619999999999, 231.72), &apos;color_space&apos;: &apos;DeviceGray&apos;, &apos;ncolor&apos;: None, &apos;size&apos;: 13.29000000000002, &apos;value&apos;: &apos;.&apos;, &apos;children&apos;: [], &apos;features&apos;: {}}, {&apos;type&apos;: &apos;text&apos;, &apos;bbox&apos;: (360.6619999999999, 218.42999999999998, 363.4319999999999, 231.72), &apos;color_space&apos;: &apos;DeviceGray&apos;, &apos;ncolor&apos;: None, &apos;size&apos;: 13.29000000000002, &apos;value&apos;: &apos;.&apos;, &apos;children&apos;: [], &apos;features&apos;: {}}, {&apos;type&apos;: &apos;text&apos;, &apos;bbox&apos;: (363.43199999999996, 218.42999999999998, 366.20199999999994, 231.72), &apos;color_space&apos;: &apos;DeviceGray&apos;, &apos;ncolor&apos;: None, &apos;size&apos;: 13.29000000000002, &apos;value&apos;: &apos;.&apos;, &apos;children&apos;: [], &apos;features&apos;: {}}, {&apos;type&apos;: &apos;text&apos;, &apos;bbox&apos;: (366.20199999999994, 218.42999999999998, 368.9719999999999, 231.72), &apos;color_space&apos;: &apos;DeviceGray&apos;, &apos;ncolor&apos;: None, &apos;size&apos;: 13.29000000000002, &apos;value&apos;: &apos;.&apos;, &apos;children&apos;: [], &apos;features&apos;: {}}, {&apos;type&apos;: &apos;text&apos;, &apos;bbox&apos;: (368.972, 218.42999999999998, 371.74199999999996, 231.72), &apos;color_space&apos;: &apos;DeviceGray&apos;, &apos;ncolor&apos;: None, &apos;size&apos;: 13.29000000000002, &apos;value&apos;: &apos;.&apos;, &apos;children&apos;: [], &apos;features&apos;: {}}, {&apos;type&apos;: &apos;text&apos;, &apos;bbox&apos;: (371.74199999999996, 218.42999999999998, 374.51199999999994, 231.72), &apos;color_space&apos;: &apos;DeviceGray&apos;, &apos;ncolor&apos;: None, &apos;size&apos;: 13.29000000000002, &apos;value&apos;: &apos;.&apos;, &apos;children&apos;: [], &apos;features&apos;: {}}, {&apos;type&apos;: &apos;text&apos;, &apos;bbox&apos;: (374.51199999999994, 218.42999999999998, 377.2819999999999, 231.72), &apos;color_space&apos;: &apos;DeviceGray&apos;, &apos;ncolor&apos;: None, &apos;size&apos;: 13.29000000000002, &apos;value&apos;: &apos;.&apos;, &apos;children&apos;: [], &apos;features&apos;: {}}, {&apos;type&apos;: &apos;text&apos;, &apos;bbox&apos;: (377.282, 218.42999999999998, 380.05199999999996, 231.72), &apos;color_space&apos;: &apos;DeviceGray&apos;, &apos;ncolor&apos;: None, &apos;size&apos;: 13.29000000000002, &apos;value&apos;: &apos;.&apos;, &apos;children&apos;: [], &apos;features&apos;: {}}, {&apos;type&apos;: &apos;text&apos;, &apos;bbox&apos;: (380.052, 218.42999999999998, 382.822, 231.72), &apos;color_space&apos;: &apos;DeviceGray&apos;, &apos;ncolor&apos;: None, &apos;size&apos;: 13.29000000000002, &apos;value&apos;: &apos;.&apos;, &apos;children&apos;: [], &apos;features&apos;: {}}, {&apos;type&apos;: &apos;text&apos;, &apos;bbox&apos;: (382.822, 218.42999999999998, 385.592, 231.72), &apos;color_space&apos;: &apos;DeviceGray&apos;, &apos;ncolor&apos;: None, &apos;size&apos;: 13.29000000000002, &apos;value&apos;: &apos;.&apos;, &apos;children&apos;: [], &apos;features&apos;: {}}, {&apos;type&apos;: &apos;text&apos;, &apos;bbox&apos;: (385.592, 218.42999999999998, 388.36199999999997, 231.72), &apos;color_space&apos;: &apos;DeviceGray&apos;, &apos;ncolor&apos;: None, &apos;size&apos;: 13.29000000000002, &apos;value&apos;: &apos;.&apos;, &apos;children&apos;: [], &apos;features&apos;: {}}, {&apos;type&apos;: &apos;text&apos;, &apos;bbox&apos;: (388.362, 218.42999999999998, 391.132, 231.72), &apos;color_space&apos;: &apos;DeviceGray&apos;, &apos;ncolor&apos;: None, &apos;size&apos;: 13.29000000000002, &apos;value&apos;: &apos;.&apos;, &apos;children&apos;: [], &apos;features&apos;: {}}, {&apos;type&apos;: &apos;text&apos;, &apos;bbox&apos;: (391.13200000000006, 218.42999999999998, 393.90200000000004, 231.72), &apos;color_space&apos;: &apos;DeviceGray&apos;, &apos;ncolor&apos;: None, &apos;size&apos;: 13.29000000000002, &apos;value&apos;: &apos;.&apos;, &apos;children&apos;: [], &apos;features&apos;: {}}, {&apos;type&apos;: &apos;text&apos;, &apos;bbox&apos;: (393.90200000000004, 218.42999999999998, 396.672, 231.72), &apos;color_space&apos;: &apos;DeviceGray&apos;, &apos;ncolor&apos;: None, &apos;size&apos;: 13.29000000000002, &apos;value&apos;: &apos;.&apos;, &apos;children&apos;: [], &apos;features&apos;: {}}, {&apos;type&apos;: &apos;text&apos;, &apos;bbox&apos;: (396.672, 218.42999999999998, 399.442, 231.72), &apos;color_space&apos;: &apos;DeviceGray&apos;, &apos;ncolor&apos;: None, &apos;size&apos;: 13.29000000000002, &apos;value&apos;: &apos;.&apos;, &apos;children&apos;: [], &apos;features&apos;: {}}, {&apos;type&apos;: &apos;text&apos;, &apos;bbox&apos;: (399.44200000000006, 218.42999999999998, 402.21200000000005, 231.72), &apos;color_space&apos;: &apos;DeviceGray&apos;, &apos;ncolor&apos;: None, &apos;size&apos;: 13.29000000000002, &apos;value&apos;: &apos;.&apos;, &apos;children&apos;: [], &apos;features&apos;: {}}, {&apos;type&apos;: &apos;text&apos;, &apos;bbox&apos;: (402.2120000000001, 218.42999999999998, 404.9820000000001, 231.72), &apos;color_space&apos;: &apos;DeviceGray&apos;, &apos;ncolor&apos;: None, &apos;size&apos;: 13.29000000000002, &apos;value&apos;: &apos;.&apos;, &apos;children&apos;: [], &apos;features&apos;: {}}, {&apos;type&apos;: &apos;text&apos;, &apos;bbox&apos;: (404.9820000000001, 218.42999999999998, 407.75200000000007, 231.72), &apos;color_space&apos;: &apos;DeviceGray&apos;, &apos;ncolor&apos;: None, &apos;size&apos;: 13.29000000000002, &apos;value&apos;: &apos;.&apos;, &apos;children&apos;: [], &apos;features&apos;: {}}, {&apos;type&apos;: &apos;text&apos;, &apos;bbox&apos;: (407.75200000000007, 218.42999999999998, 410.52200000000005, 231.72), &apos;color_space&apos;: &apos;DeviceGray&apos;, &apos;ncolor&apos;: None, &apos;size&apos;: 13.29000000000002, &apos;value&apos;: &apos;.&apos;, &apos;children&apos;: [], &apos;features&apos;: {}}, {&apos;type&apos;: &apos;text&apos;, &apos;bbox&apos;: (410.5220000000001, 218.42999999999998, 413.2920000000001, 231.72), &apos;color_space&apos;: &apos;DeviceGray&apos;, &apos;ncolor&apos;: None, &apos;size&apos;: 13.29000000000002, &apos;value&apos;: &apos;.&apos;, &apos;children&apos;: [], &apos;features&apos;: {}}, {&apos;type&apos;: &apos;text&apos;, &apos;bbox&apos;: (413.29200000000014, 218.42999999999998, 416.0620000000001, 231.72), &apos;color_space&apos;: &apos;DeviceGray&apos;, &apos;ncolor&apos;: None, &apos;size&apos;: 13.29000000000002, &apos;value&apos;: &apos;.&apos;, &apos;children&apos;: [], &apos;features&apos;: {}}, {&apos;type&apos;: &apos;text&apos;, &apos;bbox&apos;: (416.0620000000001, 218.42999999999998, 418.8320000000001, 231.72), &apos;color_space&apos;: &apos;DeviceGray&apos;, &apos;ncolor&apos;: None, &apos;size&apos;: 13.29000000000002, &apos;value&apos;: &apos;.&apos;, &apos;children&apos;: [], &apos;features&apos;: {}}, {&apos;type&apos;: &apos;text&apos;, &apos;bbox&apos;: (418.8320000000001, 218.42999999999998, 421.6020000000001, 231.72), &apos;color_space&apos;: &apos;DeviceGray&apos;, &apos;ncolor&apos;: None, &apos;size&apos;: 13.29000000000002, &apos;value&apos;: &apos;.&apos;, &apos;children&apos;: [], &apos;features&apos;: {}}, {&apos;type&apos;: &apos;text&apos;, &apos;bbox&apos;: (421.60200000000015, 218.42999999999998, 424.3720000000001, 231.72), &apos;color_space&apos;: &apos;DeviceGray&apos;, &apos;ncolor&apos;: None, &apos;size&apos;: 13.29000000000002, &apos;value&apos;: &apos;.&apos;, &apos;children&apos;: [], &apos;features&apos;: {}}, {&apos;type&apos;: &apos;text&apos;, &apos;bbox&apos;: (424.3720000000002, 218.42999999999998, 427.14200000000017, 231.72), &apos;color_space&apos;: &apos;DeviceGray&apos;, &apos;ncolor&apos;: None, &apos;size&apos;: 13.29000000000002, &apos;value&apos;: &apos;.&apos;, &apos;children&apos;: [], &apos;features&apos;: {}}, {&apos;type&apos;: &apos;text&apos;, &apos;bbox&apos;: (427.14200000000017, 218.42999999999998, 429.91200000000015, 231.72), &apos;color_space&apos;: &apos;DeviceGray&apos;, &apos;ncolor&apos;: None, &apos;size&apos;: 13.29000000000002, &apos;value&apos;: &apos;.&apos;, &apos;children&apos;: [], &apos;features&apos;: {}}, {&apos;type&apos;: &apos;text&apos;, &apos;bbox&apos;: (429.91200000000015, 218.42999999999998, 432.68200000000013, 231.72), &apos;color_space&apos;: &apos;DeviceGray&apos;, &apos;ncolor&apos;: None, &apos;size&apos;: 13.29000000000002, &apos;value&apos;: &apos;.&apos;, &apos;children&apos;: [], &apos;features&apos;: {}}, {&apos;type&apos;: &apos;text&apos;, &apos;bbox&apos;: (432.6820000000002, 218.42999999999998, 435.45200000000017, 231.72), &apos;color_space&apos;: &apos;DeviceGray&apos;, &apos;ncolor&apos;: None, &apos;size&apos;: 13.29000000000002, &apos;value&apos;: &apos;.&apos;, &apos;children&apos;: [], &apos;features&apos;: {}}, {&apos;type&apos;: &apos;text&apos;, &apos;bbox&apos;: (435.4520000000002, 218.42999999999998, 438.2220000000002, 231.72), &apos;color_space&apos;: &apos;DeviceGray&apos;, &apos;ncolor&apos;: None, &apos;size&apos;: 13.29000000000002, &apos;value&apos;: &apos;.&apos;, &apos;children&apos;: [], &apos;features&apos;: {}}, {&apos;type&apos;: &apos;text&apos;, &apos;bbox&apos;: (438.2220000000002, 218.42999999999998, 440.9920000000002, 231.72), &apos;color_space&apos;: &apos;DeviceGray&apos;, &apos;ncolor&apos;: None, &apos;size&apos;: 13.29000000000002, &apos;value&apos;: &apos;.&apos;, &apos;children&apos;: [], &apos;features&apos;: {}}, {&apos;type&apos;: &apos;text&apos;, &apos;bbox&apos;: (440.9920000000002, 218.42999999999998, 443.76200000000017, 231.72), &apos;color_space&apos;: &apos;DeviceGray&apos;, &apos;ncolor&apos;: None, &apos;size&apos;: 13.29000000000002, &apos;value&apos;: &apos;.&apos;, &apos;children&apos;: [], &apos;features&apos;: {}}, {&apos;type&apos;: &apos;text&apos;, &apos;bbox&apos;: (443.7620000000002, 218.42999999999998, 446.5320000000002, 231.72), &apos;color_space&apos;: &apos;DeviceGray&apos;, &apos;ncolor&apos;: None, &apos;size&apos;: 13.29000000000002, &apos;value&apos;: &apos;.&apos;, &apos;children&apos;: [], &apos;features&apos;: {}}, {&apos;type&apos;: &apos;text&apos;, &apos;bbox&apos;: (446.53200000000027, 218.42999999999998, 449.30200000000025, 231.72), &apos;color_space&apos;: &apos;DeviceGray&apos;, &apos;ncolor&apos;: None, &apos;size&apos;: 13.29000000000002, &apos;value&apos;: &apos;.&apos;, &apos;children&apos;: [], &apos;features&apos;: {}}, {&apos;type&apos;: &apos;text&apos;, &apos;bbox&apos;: (449.30200000000025, 218.42999999999998, 452.07200000000023, 231.72), &apos;color_space&apos;: &apos;DeviceGray&apos;, &apos;ncolor&apos;: None, &apos;size&apos;: 13.29000000000002, &apos;value&apos;: &apos;.&apos;, &apos;children&apos;: [], &apos;features&apos;: {}}, {&apos;type&apos;: &apos;text&apos;, &apos;bbox&apos;: (452.07200000000023, 218.42999999999998, 454.8420000000002, 231.72), &apos;color_space&apos;: &apos;DeviceGray&apos;, &apos;ncolor&apos;: None, &apos;size&apos;: 13.29000000000002, &apos;value&apos;: &apos;.&apos;, &apos;children&apos;: [], &apos;features&apos;: {}}, {&apos;type&apos;: &apos;text&apos;, &apos;bbox&apos;: (454.84200000000027, 218.42999999999998, 457.61200000000025, 231.72), &apos;color_space&apos;: &apos;DeviceGray&apos;, &apos;ncolor&apos;: None, &apos;size&apos;: 13.29000000000002, &apos;value&apos;: &apos;.&apos;, &apos;children&apos;: [], &apos;features&apos;: {}}, {&apos;type&apos;: &apos;text&apos;, &apos;bbox&apos;: (457.6120000000003, 218.42999999999998, 460.3820000000003, 231.72), &apos;color_space&apos;: &apos;DeviceGray&apos;, &apos;ncolor&apos;: None, &apos;size&apos;: 13.29000000000002, &apos;value&apos;: &apos;.&apos;, &apos;children&apos;: [], &apos;features&apos;: {}}, {&apos;type&apos;: &apos;text&apos;, &apos;bbox&apos;: (460.3820000000003, 218.42999999999998, 463.15200000000027, 231.72), &apos;color_space&apos;: &apos;DeviceGray&apos;, &apos;ncolor&apos;: None, &apos;size&apos;: 13.29000000000002, &apos;value&apos;: &apos;.&apos;, &apos;children&apos;: [], &apos;features&apos;: {}}, {&apos;type&apos;: &apos;text&apos;, &apos;bbox&apos;: (463.15200000000027, 218.42999999999998, 465.92200000000025, 231.72), &apos;color_space&apos;: &apos;DeviceGray&apos;, &apos;ncolor&apos;: None, &apos;size&apos;: 13.29000000000002, &apos;value&apos;: &apos;.&apos;, &apos;children&apos;: [], &apos;features&apos;: {}}, {&apos;type&apos;: &apos;text&apos;, &apos;bbox&apos;: (465.9220000000003, 218.42999999999998, 468.6920000000003, 231.72), &apos;color_space&apos;: &apos;DeviceGray&apos;, &apos;ncolor&apos;: None, &apos;size&apos;: 13.29000000000002, &apos;value&apos;: &apos;.&apos;, &apos;children&apos;: [], &apos;features&apos;: {}}, {&apos;type&apos;: &apos;text&apos;, &apos;bbox&apos;: (468.69200000000035, 218.42999999999998, 471.46200000000033, 231.72), &apos;color_space&apos;: &apos;DeviceGray&apos;, &apos;ncolor&apos;: None, &apos;size&apos;: 13.29000000000002, &apos;value&apos;: &apos;.&apos;, &apos;children&apos;: [], &apos;features&apos;: {}}, {&apos;type&apos;: &apos;text&apos;, &apos;bbox&apos;: (471.46200000000033, 218.42999999999998, 474.2320000000003, 231.72), &apos;color_space&apos;: &apos;DeviceGray&apos;, &apos;ncolor&apos;: None, &apos;size&apos;: 13.29000000000002, &apos;value&apos;: &apos;.&apos;, &apos;children&apos;: [], &apos;features&apos;: {}}, {&apos;type&apos;: &apos;text&apos;, &apos;bbox&apos;: (474.2320000000003, 218.42999999999998, 477.0020000000003, 231.72), &apos;color_space&apos;: &apos;DeviceGray&apos;, &apos;ncolor&apos;: None, &apos;size&apos;: 13.29000000000002, &apos;value&apos;: &apos;.&apos;, &apos;children&apos;: [], &apos;features&apos;: {}}, {&apos;type&apos;: &apos;text&apos;, &apos;bbox&apos;: (477.00200000000035, 218.42999999999998, 479.77200000000033, 231.72), &apos;color_space&apos;: &apos;DeviceGray&apos;, &apos;ncolor&apos;: None, &apos;size&apos;: 13.29000000000002, &apos;value&apos;: &apos;.&apos;, &apos;children&apos;: [], &apos;features&apos;: {}}, {&apos;type&apos;: &apos;text&apos;, &apos;bbox&apos;: (479.7720000000004, 218.42999999999998, 482.54200000000037, 231.72), &apos;color_space&apos;: &apos;DeviceGray&apos;, &apos;ncolor&apos;: None, &apos;size&apos;: 13.29000000000002, &apos;value&apos;: &apos;.&apos;, &apos;children&apos;: [], &apos;features&apos;: {}}, {&apos;type&apos;: &apos;text&apos;, &apos;bbox&apos;: (482.54200000000037, 218.42999999999998, 485.31200000000035, 231.72), &apos;color_space&apos;: &apos;DeviceGray&apos;, &apos;ncolor&apos;: None, &apos;size&apos;: 13.29000000000002, &apos;value&apos;: &apos;.&apos;, &apos;children&apos;: [], &apos;features&apos;: {}}, {&apos;type&apos;: &apos;text&apos;, &apos;bbox&apos;: (485.31200000000035, 218.42999999999998, 488.08200000000033, 231.72), &apos;color_space&apos;: &apos;DeviceGray&apos;, &apos;ncolor&apos;: None, &apos;size&apos;: 13.29000000000002, &apos;value&apos;: &apos;.&apos;, &apos;children&apos;: [], &apos;features&apos;: {}}, {&apos;type&apos;: &apos;text&apos;, &apos;bbox&apos;: (489.548, 218.42999999999998, 495.108, 231.72), &apos;color_space&apos;: &apos;DeviceGray&apos;, &apos;ncolor&apos;: None, &apos;size&apos;: 13.29000000000002, &apos;value&apos;: &apos;7&apos;, &apos;children&apos;: [], &apos;features&apos;: {}}, {&apos;type&apos;: &apos;text&apos;, &apos;bbox&apos;: (495.108, 218.42999999999998, 498.438, 231.72), &apos;color_space&apos;: &apos;DeviceGray&apos;, &apos;ncolor&apos;: None, &apos;size&apos;: 13.29000000000002, &apos;value&apos;: &apos;-&apos;, &apos;children&apos;: [], &apos;features&apos;: {}}, {&apos;type&apos;: &apos;text&apos;, &apos;bbox&apos;: (498.439, 218.42999999999998, 503.999, 231.72), &apos;color_space&apos;: &apos;DeviceGray&apos;, &apos;ncolor&apos;: None, &apos;size&apos;: 13.29000000000002, &apos;value&apos;: &apos;1&apos;, &apos;children&apos;: [], &apos;features&apos;: {}}], &apos;features&apos;: {}}
*********************





--------------------------------- CONTENT AREA --------------------------------- 
This content area has an image
{&apos;type&apos;: &apos;figure&apos;, &apos;bbox&apos;: (0, 0, 612.0, 792.0), &apos;name&apos;: &apos;fx39&apos;, &apos;children&apos;: [{&apos;type&apos;: &apos;text&apos;, &apos;bbox&apos;: (78.0, 202.208, 86.31, 215.688), &apos;color_space&apos;: &apos;DeviceGray&apos;, &apos;ncolor&apos;: None, &apos;size&apos;: 13.47999999999999, &apos;value&apos;: &apos;D&apos;, &apos;children&apos;: [], &apos;features&apos;: {}}, {&apos;type&apos;: &apos;text&apos;, &apos;bbox&apos;: (86.31, 202.208, 90.2, 215.688), &apos;color_space&apos;: &apos;DeviceGray&apos;, &apos;ncolor&apos;: None, &apos;size&apos;: 13.47999999999999, &apos;value&apos;: &apos;I&apos;, &apos;children&apos;: [], &apos;features&apos;: {}}, {&apos;type&apos;: &apos;text&apos;, &apos;bbox&apos;: (90.2, 202.208, 100.2, 215.688), &apos;color_space&apos;: &apos;DeviceGray&apos;, &apos;ncolor&apos;: None, &apos;size&apos;: 13.47999999999999, &apos;value&apos;: &apos;M&apos;, &apos;children&apos;: [], &apos;features&apos;: {}}, {&apos;type&apos;: &apos;text&apos;, &apos;bbox&apos;: (100.2, 202.208, 105.2, 215.688), &apos;color_space&apos;: &apos;DeviceGray&apos;, &apos;ncolor&apos;: None, &apos;size&apos;: 13.47999999999999, &apos;value&apos;: &apos;_&apos;, &apos;children&apos;: [], &apos;features&apos;: {}}, {&apos;type&apos;: &apos;text&apos;, &apos;bbox&apos;: (105.2, 202.208, 110.77000000000001, 215.688), &apos;color_space&apos;: &apos;DeviceGray&apos;, &apos;ncolor&apos;: None, &apos;size&apos;: 13.47999999999999, &apos;value&apos;: &apos;F&apos;, &apos;children&apos;: [], &apos;features&apos;: {}}, {&apos;type&apos;: &apos;text&apos;, &apos;bbox&apos;: (110.77000000000001, 202.208, 114.66000000000001, 215.688), &apos;color_space&apos;: &apos;DeviceGray&apos;, &apos;ncolor&apos;: None, &apos;size&apos;: 13.47999999999999, &apos;value&apos;: &apos;I&apos;, &apos;children&apos;: [], &apos;features&apos;: {}}, {&apos;type&apos;: &apos;text&apos;, &apos;bbox&apos;: (114.66, 202.208, 122.99, 215.688), &apos;color_space&apos;: &apos;DeviceGray&apos;, &apos;ncolor&apos;: None, &apos;size&apos;: 13.47999999999999, &apos;value&apos;: &apos;N&apos;, &apos;children&apos;: [], &apos;features&apos;: {}}, {&apos;type&apos;: &apos;text&apos;, &apos;bbox&apos;: (122.99000000000001, 202.208, 130.76000000000002, 215.688), &apos;color_space&apos;: &apos;DeviceGray&apos;, &apos;ncolor&apos;: None, &apos;size&apos;: 13.47999999999999, &apos;value&apos;: &apos;A&apos;, &apos;children&apos;: [], &apos;features&apos;: {}}, {&apos;type&apos;: &apos;text&apos;, &apos;bbox&apos;: (130.76, 202.208, 139.09, 215.688), &apos;color_space&apos;: &apos;DeviceGray&apos;, &apos;ncolor&apos;: None, &apos;size&apos;: 13.47999999999999, &apos;value&apos;: &apos;N&apos;, &apos;children&apos;: [], &apos;features&apos;: {}}, {&apos;type&apos;: &apos;text&apos;, &apos;bbox&apos;: (139.09, 202.208, 146.31, 215.688), &apos;color_space&apos;: &apos;DeviceGray&apos;, &apos;ncolor&apos;: None, &apos;size&apos;: 13.47999999999999, &apos;value&apos;: &apos;C&apos;, &apos;children&apos;: [], &apos;features&apos;: {}}, {&apos;type&apos;: &apos;text&apos;, &apos;bbox&apos;: (146.31, 202.208, 150.2, 215.688), &apos;color_space&apos;: &apos;DeviceGray&apos;, &apos;ncolor&apos;: None, &apos;size&apos;: 13.47999999999999, &apos;value&apos;: &apos;I&apos;, &apos;children&apos;: [], &apos;features&apos;: {}}, {&apos;type&apos;: &apos;text&apos;, &apos;bbox&apos;: (150.2, 202.208, 157.97, 215.688), &apos;color_space&apos;: &apos;DeviceGray&apos;, &apos;ncolor&apos;: None, &apos;size&apos;: 13.47999999999999, &apos;value&apos;: &apos;A&apos;, &apos;children&apos;: [], &apos;features&apos;: {}}, {&apos;type&apos;: &apos;text&apos;, &apos;bbox&apos;: (157.97, 202.208, 164.02, 215.688), &apos;color_space&apos;: &apos;DeviceGray&apos;, &apos;ncolor&apos;: None, &apos;size&apos;: 13.47999999999999, &apos;value&apos;: &apos;L&apos;, &apos;children&apos;: [], &apos;features&apos;: {}}, {&apos;type&apos;: &apos;text&apos;, &apos;bbox&apos;: (164.01999999999998, 202.208, 169.01999999999998, 215.688), &apos;color_space&apos;: &apos;DeviceGray&apos;, &apos;ncolor&apos;: None, &apos;size&apos;: 13.47999999999999, &apos;value&apos;: &apos;_&apos;, &apos;children&apos;: [], &apos;features&apos;: {}}, {&apos;type&apos;: &apos;text&apos;, &apos;bbox&apos;: (169.01999999999998, 202.208, 175.07, 215.688), &apos;color_space&apos;: &apos;DeviceGray&apos;, &apos;ncolor&apos;: None, &apos;size&apos;: 13.47999999999999, &apos;value&apos;: &apos;E&apos;, &apos;children&apos;: [], &apos;features&apos;: {}}, {&apos;type&apos;: &apos;text&apos;, &apos;bbox&apos;: (175.07, 202.208, 181.12, 215.688), &apos;color_space&apos;: &apos;DeviceGray&apos;, &apos;ncolor&apos;: None, &apos;size&apos;: 13.47999999999999, &apos;value&apos;: &apos;L&apos;, &apos;children&apos;: [], &apos;features&apos;: {}}, {&apos;type&apos;: &apos;text&apos;, &apos;bbox&apos;: (181.12, 202.208, 187.17000000000002, 215.688), &apos;color_space&apos;: &apos;DeviceGray&apos;, &apos;ncolor&apos;: None, &apos;size&apos;: 13.47999999999999, &apos;value&apos;: &apos;E&apos;, &apos;children&apos;: [], &apos;features&apos;: {}}, {&apos;type&apos;: &apos;text&apos;, &apos;bbox&apos;: (187.17, 202.208, 197.17, 215.688), &apos;color_space&apos;: &apos;DeviceGray&apos;, &apos;ncolor&apos;: None, &apos;size&apos;: 13.47999999999999, &apos;value&apos;: &apos;M&apos;, &apos;children&apos;: [], &apos;features&apos;: {}}, {&apos;type&apos;: &apos;text&apos;, &apos;bbox&apos;: (197.17, 202.208, 203.22, 215.688), &apos;color_space&apos;: &apos;DeviceGray&apos;, &apos;ncolor&apos;: None, &apos;size&apos;: 13.47999999999999, &apos;value&apos;: &apos;E&apos;, &apos;children&apos;: [], &apos;features&apos;: {}}, {&apos;type&apos;: &apos;text&apos;, &apos;bbox&apos;: (203.21999999999997, 202.208, 211.54999999999998, 215.688), &apos;color_space&apos;: &apos;DeviceGray&apos;, &apos;ncolor&apos;: None, &apos;size&apos;: 13.47999999999999, &apos;value&apos;: &apos;N&apos;, &apos;children&apos;: [], &apos;features&apos;: {}}, {&apos;type&apos;: &apos;text&apos;, &apos;bbox&apos;: (211.54999999999998, 202.208, 218.20999999999998, 215.688), &apos;color_space&apos;: &apos;DeviceGray&apos;, &apos;ncolor&apos;: None, &apos;size&apos;: 13.47999999999999, &apos;value&apos;: &apos;T&apos;, &apos;children&apos;: [], &apos;features&apos;: {}}, {&apos;type&apos;: &apos;text&apos;, &apos;bbox&apos;: (218.20999999999998, 202.208, 224.30999999999997, 215.688), &apos;color_space&apos;: &apos;DeviceGray&apos;, &apos;ncolor&apos;: None, &apos;size&apos;: 13.47999999999999, &apos;value&apos;: &apos;S&apos;, &apos;children&apos;: [], &apos;features&apos;: {}}, {&apos;type&apos;: &apos;text&apos;, &apos;bbox&apos;: (224.30999999999997, 202.208, 229.30999999999997, 215.688), &apos;color_space&apos;: &apos;DeviceGray&apos;, &apos;ncolor&apos;: None, &apos;size&apos;: 13.47999999999999, &apos;value&apos;: &apos;_&apos;, &apos;children&apos;: [], &apos;features&apos;: {}}, {&apos;type&apos;: &apos;text&apos;, &apos;bbox&apos;: (229.30999999999997, 202.208, 235.96999999999997, 215.688), &apos;color_space&apos;: &apos;DeviceGray&apos;, &apos;ncolor&apos;: None, &apos;size&apos;: 13.47999999999999, &apos;value&apos;: &apos;T&apos;, &apos;children&apos;: [], &apos;features&apos;: {}}, {&apos;type&apos;: &apos;text&apos;, &apos;bbox&apos;: (235.96999999999997, 202.208, 242.01999999999998, 215.688), &apos;color_space&apos;: &apos;DeviceGray&apos;, &apos;ncolor&apos;: None, &apos;size&apos;: 13.47999999999999, &apos;value&apos;: &apos;L&apos;, &apos;children&apos;: [], &apos;features&apos;: {}}, {&apos;type&apos;: &apos;text&apos;, &apos;bbox&apos;: (242.135, 202.939, 244.905, 216.229), &apos;color_space&apos;: &apos;DeviceGray&apos;, &apos;ncolor&apos;: None, &apos;size&apos;: 13.29000000000002, &apos;value&apos;: &apos;.&apos;, &apos;children&apos;: [], &apos;features&apos;: {}}, {&apos;type&apos;: &apos;text&apos;, &apos;bbox&apos;: (244.905, 202.939, 247.675, 216.229), &apos;color_space&apos;: &apos;DeviceGray&apos;, &apos;ncolor&apos;: None, &apos;size&apos;: 13.29000000000002, &apos;value&apos;: &apos;.&apos;, &apos;children&apos;: [], &apos;features&apos;: {}}, {&apos;type&apos;: &apos;text&apos;, &apos;bbox&apos;: (247.67499999999998, 202.939, 250.445, 216.229), &apos;color_space&apos;: &apos;DeviceGray&apos;, &apos;ncolor&apos;: None, &apos;size&apos;: 13.29000000000002, &apos;value&apos;: &apos;.&apos;, &apos;children&apos;: [], &apos;features&apos;: {}}, {&apos;type&apos;: &apos;text&apos;, &apos;bbox&apos;: (250.445, 202.939, 253.215, 216.229), &apos;color_space&apos;: &apos;DeviceGray&apos;, &apos;ncolor&apos;: None, &apos;size&apos;: 13.29000000000002, &apos;value&apos;: &apos;.&apos;, &apos;children&apos;: [], &apos;features&apos;: {}}, {&apos;type&apos;: &apos;text&apos;, &apos;bbox&apos;: (253.215, 202.939, 255.985, 216.229), &apos;color_space&apos;: &apos;DeviceGray&apos;, &apos;ncolor&apos;: None, &apos;size&apos;: 13.29000000000002, &apos;value&apos;: &apos;.&apos;, &apos;children&apos;: [], &apos;features&apos;: {}}, {&apos;type&apos;: &apos;text&apos;, &apos;bbox&apos;: (255.98499999999999, 202.939, 258.755, 216.229), &apos;color_space&apos;: &apos;DeviceGray&apos;, &apos;ncolor&apos;: None, &apos;size&apos;: 13.29000000000002, &apos;value&apos;: &apos;.&apos;, &apos;children&apos;: [], &apos;features&apos;: {}}, {&apos;type&apos;: &apos;text&apos;, &apos;bbox&apos;: (258.755, 202.939, 261.525, 216.229), &apos;color_space&apos;: &apos;DeviceGray&apos;, &apos;ncolor&apos;: None, &apos;size&apos;: 13.29000000000002, &apos;value&apos;: &apos;.&apos;, &apos;children&apos;: [], &apos;features&apos;: {}}, {&apos;type&apos;: &apos;text&apos;, &apos;bbox&apos;: (261.525, 202.939, 264.29499999999996, 216.229), &apos;color_space&apos;: &apos;DeviceGray&apos;, &apos;ncolor&apos;: None, &apos;size&apos;: 13.29000000000002, &apos;value&apos;: &apos;.&apos;, &apos;children&apos;: [], &apos;features&apos;: {}}, {&apos;type&apos;: &apos;text&apos;, &apos;bbox&apos;: (264.295, 202.939, 267.065, 216.229), &apos;color_space&apos;: &apos;DeviceGray&apos;, &apos;ncolor&apos;: None, &apos;size&apos;: 13.29000000000002, &apos;value&apos;: &apos;.&apos;, &apos;children&apos;: [], &apos;features&apos;: {}}, {&apos;type&apos;: &apos;text&apos;, &apos;bbox&apos;: (267.065, 202.939, 269.835, 216.229), &apos;color_space&apos;: &apos;DeviceGray&apos;, &apos;ncolor&apos;: None, &apos;size&apos;: 13.29000000000002, &apos;value&apos;: &apos;.&apos;, &apos;children&apos;: [], &apos;features&apos;: {}}, {&apos;type&apos;: &apos;text&apos;, &apos;bbox&apos;: (269.835, 202.939, 272.60499999999996, 216.229), &apos;color_space&apos;: &apos;DeviceGray&apos;, &apos;ncolor&apos;: None, &apos;size&apos;: 13.29000000000002, &apos;value&apos;: &apos;.&apos;, &apos;children&apos;: [], &apos;features&apos;: {}}, {&apos;type&apos;: &apos;text&apos;, &apos;bbox&apos;: (272.605, 202.939, 275.375, 216.229), &apos;color_space&apos;: &apos;DeviceGray&apos;, &apos;ncolor&apos;: None, &apos;size&apos;: 13.29000000000002, &apos;value&apos;: &apos;.&apos;, &apos;children&apos;: [], &apos;features&apos;: {}}, {&apos;type&apos;: &apos;text&apos;, &apos;bbox&apos;: (275.375, 202.939, 278.145, 216.229), &apos;color_space&apos;: &apos;DeviceGray&apos;, &apos;ncolor&apos;: None, &apos;size&apos;: 13.29000000000002, &apos;value&apos;: &apos;.&apos;, &apos;children&apos;: [], &apos;features&apos;: {}}, {&apos;type&apos;: &apos;text&apos;, &apos;bbox&apos;: (278.145, 202.939, 280.91499999999996, 216.229), &apos;color_space&apos;: &apos;DeviceGray&apos;, &apos;ncolor&apos;: None, &apos;size&apos;: 13.29000000000002, &apos;value&apos;: &apos;.&apos;, &apos;children&apos;: [], &apos;features&apos;: {}}, {&apos;type&apos;: &apos;text&apos;, &apos;bbox&apos;: (280.915, 202.939, 283.685, 216.229), &apos;color_space&apos;: &apos;DeviceGray&apos;, &apos;ncolor&apos;: None, &apos;size&apos;: 13.29000000000002, &apos;value&apos;: &apos;.&apos;, &apos;children&apos;: [], &apos;features&apos;: {}}, {&apos;type&apos;: &apos;text&apos;, &apos;bbox&apos;: (283.685, 202.939, 286.455, 216.229), &apos;color_space&apos;: &apos;DeviceGray&apos;, &apos;ncolor&apos;: None, &apos;size&apos;: 13.29000000000002, &apos;value&apos;: &apos;.&apos;, &apos;children&apos;: [], &apos;features&apos;: {}}, {&apos;type&apos;: &apos;text&apos;, &apos;bbox&apos;: (286.455, 202.939, 289.22499999999997, 216.229), &apos;color_space&apos;: &apos;DeviceGray&apos;, &apos;ncolor&apos;: None, &apos;size&apos;: 13.29000000000002, &apos;value&apos;: &apos;.&apos;, &apos;children&apos;: [], &apos;features&apos;: {}}, {&apos;type&apos;: &apos;text&apos;, &apos;bbox&apos;: (289.225, 202.939, 291.995, 216.229), &apos;color_space&apos;: &apos;DeviceGray&apos;, &apos;ncolor&apos;: None, &apos;size&apos;: 13.29000000000002, &apos;value&apos;: &apos;.&apos;, &apos;children&apos;: [], &apos;features&apos;: {}}, {&apos;type&apos;: &apos;text&apos;, &apos;bbox&apos;: (291.995, 202.939, 294.765, 216.229), &apos;color_space&apos;: &apos;DeviceGray&apos;, &apos;ncolor&apos;: None, &apos;size&apos;: 13.29000000000002, &apos;value&apos;: &apos;.&apos;, &apos;children&apos;: [], &apos;features&apos;: {}}, {&apos;type&apos;: &apos;text&apos;, &apos;bbox&apos;: (294.765, 202.939, 297.53499999999997, 216.229), &apos;color_space&apos;: &apos;DeviceGray&apos;, &apos;ncolor&apos;: None, &apos;size&apos;: 13.29000000000002, &apos;value&apos;: &apos;.&apos;, &apos;children&apos;: [], &apos;features&apos;: {}}, {&apos;type&apos;: &apos;text&apos;, &apos;bbox&apos;: (297.535, 202.939, 300.305, 216.229), &apos;color_space&apos;: &apos;DeviceGray&apos;, &apos;ncolor&apos;: None, &apos;size&apos;: 13.29000000000002, &apos;value&apos;: &apos;.&apos;, &apos;children&apos;: [], &apos;features&apos;: {}}, {&apos;type&apos;: &apos;text&apos;, &apos;bbox&apos;: (300.305, 202.939, 303.075, 216.229), &apos;color_space&apos;: &apos;DeviceGray&apos;, &apos;ncolor&apos;: None, &apos;size&apos;: 13.29000000000002, &apos;value&apos;: &apos;.&apos;, &apos;children&apos;: [], &apos;features&apos;: {}}, {&apos;type&apos;: &apos;text&apos;, &apos;bbox&apos;: (303.07500000000005, 202.939, 305.845, 216.229), &apos;color_space&apos;: &apos;DeviceGray&apos;, &apos;ncolor&apos;: None, &apos;size&apos;: 13.29000000000002, &apos;value&apos;: &apos;.&apos;, &apos;children&apos;: [], &apos;features&apos;: {}}, {&apos;type&apos;: &apos;text&apos;, &apos;bbox&apos;: (305.845, 202.939, 308.615, 216.229), &apos;color_space&apos;: &apos;DeviceGray&apos;, &apos;ncolor&apos;: None, &apos;size&apos;: 13.29000000000002, &apos;value&apos;: &apos;.&apos;, &apos;children&apos;: [], &apos;features&apos;: {}}, {&apos;type&apos;: &apos;text&apos;, &apos;bbox&apos;: (308.615, 202.939, 311.385, 216.229), &apos;color_space&apos;: &apos;DeviceGray&apos;, &apos;ncolor&apos;: None, &apos;size&apos;: 13.29000000000002, &apos;value&apos;: &apos;.&apos;, &apos;children&apos;: [], &apos;features&apos;: {}}, {&apos;type&apos;: &apos;text&apos;, &apos;bbox&apos;: (311.385, 202.939, 314.155, 216.229), &apos;color_space&apos;: &apos;DeviceGray&apos;, &apos;ncolor&apos;: None, &apos;size&apos;: 13.29000000000002, &apos;value&apos;: &apos;.&apos;, &apos;children&apos;: [], &apos;features&apos;: {}}, {&apos;type&apos;: &apos;text&apos;, &apos;bbox&apos;: (314.15500000000003, 202.939, 316.925, 216.229), &apos;color_space&apos;: &apos;DeviceGray&apos;, &apos;ncolor&apos;: None, &apos;size&apos;: 13.29000000000002, &apos;value&apos;: &apos;.&apos;, &apos;children&apos;: [], &apos;features&apos;: {}}, {&apos;type&apos;: &apos;text&apos;, &apos;bbox&apos;: (316.925, 202.939, 319.695, 216.229), &apos;color_space&apos;: &apos;DeviceGray&apos;, &apos;ncolor&apos;: None, &apos;size&apos;: 13.29000000000002, &apos;value&apos;: &apos;.&apos;, &apos;children&apos;: [], &apos;features&apos;: {}}, {&apos;type&apos;: &apos;text&apos;, &apos;bbox&apos;: (319.695, 202.939, 322.465, 216.229), &apos;color_space&apos;: &apos;DeviceGray&apos;, &apos;ncolor&apos;: None, &apos;size&apos;: 13.29000000000002, &apos;value&apos;: &apos;.&apos;, &apos;children&apos;: [], &apos;features&apos;: {}}, {&apos;type&apos;: &apos;text&apos;, &apos;bbox&apos;: (322.46500000000003, 202.939, 325.235, 216.229), &apos;color_space&apos;: &apos;DeviceGray&apos;, &apos;ncolor&apos;: None, &apos;size&apos;: 13.29000000000002, &apos;value&apos;: &apos;.&apos;, &apos;children&apos;: [], &apos;features&apos;: {}}, {&apos;type&apos;: &apos;text&apos;, &apos;bbox&apos;: (325.235, 202.939, 328.005, 216.229), &apos;color_space&apos;: &apos;DeviceGray&apos;, &apos;ncolor&apos;: None, &apos;size&apos;: 13.29000000000002, &apos;value&apos;: &apos;.&apos;, &apos;children&apos;: [], &apos;features&apos;: {}}, {&apos;type&apos;: &apos;text&apos;, &apos;bbox&apos;: (328.005, 202.939, 330.775, 216.229), &apos;color_space&apos;: &apos;DeviceGray&apos;, &apos;ncolor&apos;: None, &apos;size&apos;: 13.29000000000002, &apos;value&apos;: &apos;.&apos;, &apos;children&apos;: [], &apos;features&apos;: {}}, {&apos;type&apos;: &apos;text&apos;, &apos;bbox&apos;: (330.775, 202.939, 333.54499999999996, 216.229), &apos;color_space&apos;: &apos;DeviceGray&apos;, &apos;ncolor&apos;: None, &apos;size&apos;: 13.29000000000002, &apos;value&apos;: &apos;.&apos;, &apos;children&apos;: [], &apos;features&apos;: {}}, {&apos;type&apos;: &apos;text&apos;, &apos;bbox&apos;: (333.54499999999996, 202.939, 336.31499999999994, 216.229), &apos;color_space&apos;: &apos;DeviceGray&apos;, &apos;ncolor&apos;: None, &apos;size&apos;: 13.29000000000002, &apos;value&apos;: &apos;.&apos;, &apos;children&apos;: [], &apos;features&apos;: {}}, {&apos;type&apos;: &apos;text&apos;, &apos;bbox&apos;: (336.315, 202.939, 339.085, 216.229), &apos;color_space&apos;: &apos;DeviceGray&apos;, &apos;ncolor&apos;: None, &apos;size&apos;: 13.29000000000002, &apos;value&apos;: &apos;.&apos;, &apos;children&apos;: [], &apos;features&apos;: {}}, {&apos;type&apos;: &apos;text&apos;, &apos;bbox&apos;: (339.085, 202.939, 341.85499999999996, 216.229), &apos;color_space&apos;: &apos;DeviceGray&apos;, &apos;ncolor&apos;: None, &apos;size&apos;: 13.29000000000002, &apos;value&apos;: &apos;.&apos;, &apos;children&apos;: [], &apos;features&apos;: {}}, {&apos;type&apos;: &apos;text&apos;, &apos;bbox&apos;: (341.85499999999996, 202.939, 344.62499999999994, 216.229), &apos;color_space&apos;: &apos;DeviceGray&apos;, &apos;ncolor&apos;: None, &apos;size&apos;: 13.29000000000002, &apos;value&apos;: &apos;.&apos;, &apos;children&apos;: [], &apos;features&apos;: {}}, {&apos;type&apos;: &apos;text&apos;, &apos;bbox&apos;: (344.625, 202.939, 347.395, 216.229), &apos;color_space&apos;: &apos;DeviceGray&apos;, &apos;ncolor&apos;: None, &apos;size&apos;: 13.29000000000002, &apos;value&apos;: &apos;.&apos;, &apos;children&apos;: [], &apos;features&apos;: {}}, {&apos;type&apos;: &apos;text&apos;, &apos;bbox&apos;: (347.395, 202.939, 350.16499999999996, 216.229), &apos;color_space&apos;: &apos;DeviceGray&apos;, &apos;ncolor&apos;: None, &apos;size&apos;: 13.29000000000002, &apos;value&apos;: &apos;.&apos;, &apos;children&apos;: [], &apos;features&apos;: {}}, {&apos;type&apos;: &apos;text&apos;, &apos;bbox&apos;: (350.16499999999996, 202.939, 352.93499999999995, 216.229), &apos;color_space&apos;: &apos;DeviceGray&apos;, &apos;ncolor&apos;: None, &apos;size&apos;: 13.29000000000002, &apos;value&apos;: &apos;.&apos;, &apos;children&apos;: [], &apos;features&apos;: {}}, {&apos;type&apos;: &apos;text&apos;, &apos;bbox&apos;: (352.93499999999995, 202.939, 355.7049999999999, 216.229), &apos;color_space&apos;: &apos;DeviceGray&apos;, &apos;ncolor&apos;: None, &apos;size&apos;: 13.29000000000002, &apos;value&apos;: &apos;.&apos;, &apos;children&apos;: [], &apos;features&apos;: {}}, {&apos;type&apos;: &apos;text&apos;, &apos;bbox&apos;: (355.7049999999999, 202.939, 358.4749999999999, 216.229), &apos;color_space&apos;: &apos;DeviceGray&apos;, &apos;ncolor&apos;: None, &apos;size&apos;: 13.29000000000002, &apos;value&apos;: &apos;.&apos;, &apos;children&apos;: [], &apos;features&apos;: {}}, {&apos;type&apos;: &apos;text&apos;, &apos;bbox&apos;: (358.47499999999997, 202.939, 361.24499999999995, 216.229), &apos;color_space&apos;: &apos;DeviceGray&apos;, &apos;ncolor&apos;: None, &apos;size&apos;: 13.29000000000002, &apos;value&apos;: &apos;.&apos;, &apos;children&apos;: [], &apos;features&apos;: {}}, {&apos;type&apos;: &apos;text&apos;, &apos;bbox&apos;: (361.24499999999995, 202.939, 364.01499999999993, 216.229), &apos;color_space&apos;: &apos;DeviceGray&apos;, &apos;ncolor&apos;: None, &apos;size&apos;: 13.29000000000002, &apos;value&apos;: &apos;.&apos;, &apos;children&apos;: [], &apos;features&apos;: {}}, {&apos;type&apos;: &apos;text&apos;, &apos;bbox&apos;: (364.01499999999993, 202.939, 366.7849999999999, 216.229), &apos;color_space&apos;: &apos;DeviceGray&apos;, &apos;ncolor&apos;: None, &apos;size&apos;: 13.29000000000002, &apos;value&apos;: &apos;.&apos;, &apos;children&apos;: [], &apos;features&apos;: {}}, {&apos;type&apos;: &apos;text&apos;, &apos;bbox&apos;: (366.78499999999997, 202.939, 369.55499999999995, 216.229), &apos;color_space&apos;: &apos;DeviceGray&apos;, &apos;ncolor&apos;: None, &apos;size&apos;: 13.29000000000002, &apos;value&apos;: &apos;.&apos;, &apos;children&apos;: [], &apos;features&apos;: {}}, {&apos;type&apos;: &apos;text&apos;, &apos;bbox&apos;: (369.55499999999995, 202.939, 372.32499999999993, 216.229), &apos;color_space&apos;: &apos;DeviceGray&apos;, &apos;ncolor&apos;: None, &apos;size&apos;: 13.29000000000002, &apos;value&apos;: &apos;.&apos;, &apos;children&apos;: [], &apos;features&apos;: {}}, {&apos;type&apos;: &apos;text&apos;, &apos;bbox&apos;: (372.32499999999993, 202.939, 375.0949999999999, 216.229), &apos;color_space&apos;: &apos;DeviceGray&apos;, &apos;ncolor&apos;: None, &apos;size&apos;: 13.29000000000002, &apos;value&apos;: &apos;.&apos;, &apos;children&apos;: [], &apos;features&apos;: {}}, {&apos;type&apos;: &apos;text&apos;, &apos;bbox&apos;: (375.0949999999999, 202.939, 377.8649999999999, 216.229), &apos;color_space&apos;: &apos;DeviceGray&apos;, &apos;ncolor&apos;: None, &apos;size&apos;: 13.29000000000002, &apos;value&apos;: &apos;.&apos;, &apos;children&apos;: [], &apos;features&apos;: {}}, {&apos;type&apos;: &apos;text&apos;, &apos;bbox&apos;: (377.86499999999995, 202.939, 380.63499999999993, 216.229), &apos;color_space&apos;: &apos;DeviceGray&apos;, &apos;ncolor&apos;: None, &apos;size&apos;: 13.29000000000002, &apos;value&apos;: &apos;.&apos;, &apos;children&apos;: [], &apos;features&apos;: {}}, {&apos;type&apos;: &apos;text&apos;, &apos;bbox&apos;: (380.635, 202.939, 383.405, 216.229), &apos;color_space&apos;: &apos;DeviceGray&apos;, &apos;ncolor&apos;: None, &apos;size&apos;: 13.29000000000002, &apos;value&apos;: &apos;.&apos;, &apos;children&apos;: [], &apos;features&apos;: {}}, {&apos;type&apos;: &apos;text&apos;, &apos;bbox&apos;: (383.405, 202.939, 386.17499999999995, 216.229), &apos;color_space&apos;: &apos;DeviceGray&apos;, &apos;ncolor&apos;: None, &apos;size&apos;: 13.29000000000002, &apos;value&apos;: &apos;.&apos;, &apos;children&apos;: [], &apos;features&apos;: {}}, {&apos;type&apos;: &apos;text&apos;, &apos;bbox&apos;: (386.17499999999995, 202.939, 388.94499999999994, 216.229), &apos;color_space&apos;: &apos;DeviceGray&apos;, &apos;ncolor&apos;: None, &apos;size&apos;: 13.29000000000002, &apos;value&apos;: &apos;.&apos;, &apos;children&apos;: [], &apos;features&apos;: {}}, {&apos;type&apos;: &apos;text&apos;, &apos;bbox&apos;: (388.945, 202.939, 391.715, 216.229), &apos;color_space&apos;: &apos;DeviceGray&apos;, &apos;ncolor&apos;: None, &apos;size&apos;: 13.29000000000002, &apos;value&apos;: &apos;.&apos;, &apos;children&apos;: [], &apos;features&apos;: {}}, {&apos;type&apos;: &apos;text&apos;, &apos;bbox&apos;: (391.71500000000003, 202.939, 394.485, 216.229), &apos;color_space&apos;: &apos;DeviceGray&apos;, &apos;ncolor&apos;: None, &apos;size&apos;: 13.29000000000002, &apos;value&apos;: &apos;.&apos;, &apos;children&apos;: [], &apos;features&apos;: {}}, {&apos;type&apos;: &apos;text&apos;, &apos;bbox&apos;: (394.485, 202.939, 397.255, 216.229), &apos;color_space&apos;: &apos;DeviceGray&apos;, &apos;ncolor&apos;: None, &apos;size&apos;: 13.29000000000002, &apos;value&apos;: &apos;.&apos;, &apos;children&apos;: [], &apos;features&apos;: {}}, {&apos;type&apos;: &apos;text&apos;, &apos;bbox&apos;: (397.255, 202.939, 400.025, 216.229), &apos;color_space&apos;: &apos;DeviceGray&apos;, &apos;ncolor&apos;: None, &apos;size&apos;: 13.29000000000002, &apos;value&apos;: &apos;.&apos;, &apos;children&apos;: [], &apos;features&apos;: {}}, {&apos;type&apos;: &apos;text&apos;, &apos;bbox&apos;: (400.02500000000003, 202.939, 402.795, 216.229), &apos;color_space&apos;: &apos;DeviceGray&apos;, &apos;ncolor&apos;: None, &apos;size&apos;: 13.29000000000002, &apos;value&apos;: &apos;.&apos;, &apos;children&apos;: [], &apos;features&apos;: {}}, {&apos;type&apos;: &apos;text&apos;, &apos;bbox&apos;: (402.7950000000001, 202.939, 405.56500000000005, 216.229), &apos;color_space&apos;: &apos;DeviceGray&apos;, &apos;ncolor&apos;: None, &apos;size&apos;: 13.29000000000002, &apos;value&apos;: &apos;.&apos;, &apos;children&apos;: [], &apos;features&apos;: {}}, {&apos;type&apos;: &apos;text&apos;, &apos;bbox&apos;: (405.56500000000005, 202.939, 408.33500000000004, 216.229), &apos;color_space&apos;: &apos;DeviceGray&apos;, &apos;ncolor&apos;: None, &apos;size&apos;: 13.29000000000002, &apos;value&apos;: &apos;.&apos;, &apos;children&apos;: [], &apos;features&apos;: {}}, {&apos;type&apos;: &apos;text&apos;, &apos;bbox&apos;: (408.33500000000004, 202.939, 411.105, 216.229), &apos;color_space&apos;: &apos;DeviceGray&apos;, &apos;ncolor&apos;: None, &apos;size&apos;: 13.29000000000002, &apos;value&apos;: &apos;.&apos;, &apos;children&apos;: [], &apos;features&apos;: {}}, {&apos;type&apos;: &apos;text&apos;, &apos;bbox&apos;: (411.1050000000001, 202.939, 413.87500000000006, 216.229), &apos;color_space&apos;: &apos;DeviceGray&apos;, &apos;ncolor&apos;: None, &apos;size&apos;: 13.29000000000002, &apos;value&apos;: &apos;.&apos;, &apos;children&apos;: [], &apos;features&apos;: {}}, {&apos;type&apos;: &apos;text&apos;, &apos;bbox&apos;: (413.8750000000001, 202.939, 416.6450000000001, 216.229), &apos;color_space&apos;: &apos;DeviceGray&apos;, &apos;ncolor&apos;: None, &apos;size&apos;: 13.29000000000002, &apos;value&apos;: &apos;.&apos;, &apos;children&apos;: [], &apos;features&apos;: {}}, {&apos;type&apos;: &apos;text&apos;, &apos;bbox&apos;: (416.6450000000001, 202.939, 419.4150000000001, 216.229), &apos;color_space&apos;: &apos;DeviceGray&apos;, &apos;ncolor&apos;: None, &apos;size&apos;: 13.29000000000002, &apos;value&apos;: &apos;.&apos;, &apos;children&apos;: [], &apos;features&apos;: {}}, {&apos;type&apos;: &apos;text&apos;, &apos;bbox&apos;: (419.4150000000001, 202.939, 422.18500000000006, 216.229), &apos;color_space&apos;: &apos;DeviceGray&apos;, &apos;ncolor&apos;: None, &apos;size&apos;: 13.29000000000002, &apos;value&apos;: &apos;.&apos;, &apos;children&apos;: [], &apos;features&apos;: {}}, {&apos;type&apos;: &apos;text&apos;, &apos;bbox&apos;: (422.1850000000001, 202.939, 424.9550000000001, 216.229), &apos;color_space&apos;: &apos;DeviceGray&apos;, &apos;ncolor&apos;: None, &apos;size&apos;: 13.29000000000002, &apos;value&apos;: &apos;.&apos;, &apos;children&apos;: [], &apos;features&apos;: {}}, {&apos;type&apos;: &apos;text&apos;, &apos;bbox&apos;: (424.95500000000015, 202.939, 427.72500000000014, 216.229), &apos;color_space&apos;: &apos;DeviceGray&apos;, &apos;ncolor&apos;: None, &apos;size&apos;: 13.29000000000002, &apos;value&apos;: &apos;.&apos;, &apos;children&apos;: [], &apos;features&apos;: {}}, {&apos;type&apos;: &apos;text&apos;, &apos;bbox&apos;: (427.72500000000014, 202.939, 430.4950000000001, 216.229), &apos;color_space&apos;: &apos;DeviceGray&apos;, &apos;ncolor&apos;: None, &apos;size&apos;: 13.29000000000002, &apos;value&apos;: &apos;.&apos;, &apos;children&apos;: [], &apos;features&apos;: {}}, {&apos;type&apos;: &apos;text&apos;, &apos;bbox&apos;: (430.4950000000001, 202.939, 433.2650000000001, 216.229), &apos;color_space&apos;: &apos;DeviceGray&apos;, &apos;ncolor&apos;: None, &apos;size&apos;: 13.29000000000002, &apos;value&apos;: &apos;.&apos;, &apos;children&apos;: [], &apos;features&apos;: {}}, {&apos;type&apos;: &apos;text&apos;, &apos;bbox&apos;: (433.26500000000016, 202.939, 436.03500000000014, 216.229), &apos;color_space&apos;: &apos;DeviceGray&apos;, &apos;ncolor&apos;: None, &apos;size&apos;: 13.29000000000002, &apos;value&apos;: &apos;.&apos;, &apos;children&apos;: [], &apos;features&apos;: {}}, {&apos;type&apos;: &apos;text&apos;, &apos;bbox&apos;: (436.0350000000002, 202.939, 438.8050000000002, 216.229), &apos;color_space&apos;: &apos;DeviceGray&apos;, &apos;ncolor&apos;: None, &apos;size&apos;: 13.29000000000002, &apos;value&apos;: &apos;.&apos;, &apos;children&apos;: [], &apos;features&apos;: {}}, {&apos;type&apos;: &apos;text&apos;, &apos;bbox&apos;: (438.8050000000002, 202.939, 441.57500000000016, 216.229), &apos;color_space&apos;: &apos;DeviceGray&apos;, &apos;ncolor&apos;: None, &apos;size&apos;: 13.29000000000002, &apos;value&apos;: &apos;.&apos;, &apos;children&apos;: [], &apos;features&apos;: {}}, {&apos;type&apos;: &apos;text&apos;, &apos;bbox&apos;: (441.57500000000016, 202.939, 444.34500000000014, 216.229), &apos;color_space&apos;: &apos;DeviceGray&apos;, &apos;ncolor&apos;: None, &apos;size&apos;: 13.29000000000002, &apos;value&apos;: &apos;.&apos;, &apos;children&apos;: [], &apos;features&apos;: {}}, {&apos;type&apos;: &apos;text&apos;, &apos;bbox&apos;: (444.3450000000002, 202.939, 447.1150000000002, 216.229), &apos;color_space&apos;: &apos;DeviceGray&apos;, &apos;ncolor&apos;: None, &apos;size&apos;: 13.29000000000002, &apos;value&apos;: &apos;.&apos;, &apos;children&apos;: [], &apos;features&apos;: {}}, {&apos;type&apos;: &apos;text&apos;, &apos;bbox&apos;: (447.11500000000024, 202.939, 449.8850000000002, 216.229), &apos;color_space&apos;: &apos;DeviceGray&apos;, &apos;ncolor&apos;: None, &apos;size&apos;: 13.29000000000002, &apos;value&apos;: &apos;.&apos;, &apos;children&apos;: [], &apos;features&apos;: {}}, {&apos;type&apos;: &apos;text&apos;, &apos;bbox&apos;: (449.8850000000002, 202.939, 452.6550000000002, 216.229), &apos;color_space&apos;: &apos;DeviceGray&apos;, &apos;ncolor&apos;: None, &apos;size&apos;: 13.29000000000002, &apos;value&apos;: &apos;.&apos;, &apos;children&apos;: [], &apos;features&apos;: {}}, {&apos;type&apos;: &apos;text&apos;, &apos;bbox&apos;: (452.6550000000002, 202.939, 455.4250000000002, 216.229), &apos;color_space&apos;: &apos;DeviceGray&apos;, &apos;ncolor&apos;: None, &apos;size&apos;: 13.29000000000002, &apos;value&apos;: &apos;.&apos;, &apos;children&apos;: [], &apos;features&apos;: {}}, {&apos;type&apos;: &apos;text&apos;, &apos;bbox&apos;: (455.42500000000024, 202.939, 458.1950000000002, 216.229), &apos;color_space&apos;: &apos;DeviceGray&apos;, &apos;ncolor&apos;: None, &apos;size&apos;: 13.29000000000002, &apos;value&apos;: &apos;.&apos;, &apos;children&apos;: [], &apos;features&apos;: {}}, {&apos;type&apos;: &apos;text&apos;, &apos;bbox&apos;: (458.1950000000003, 202.939, 460.96500000000026, 216.229), &apos;color_space&apos;: &apos;DeviceGray&apos;, &apos;ncolor&apos;: None, &apos;size&apos;: 13.29000000000002, &apos;value&apos;: &apos;.&apos;, &apos;children&apos;: [], &apos;features&apos;: {}}, {&apos;type&apos;: &apos;text&apos;, &apos;bbox&apos;: (460.96500000000026, 202.939, 463.73500000000024, 216.229), &apos;color_space&apos;: &apos;DeviceGray&apos;, &apos;ncolor&apos;: None, &apos;size&apos;: 13.29000000000002, &apos;value&apos;: &apos;.&apos;, &apos;children&apos;: [], &apos;features&apos;: {}}, {&apos;type&apos;: &apos;text&apos;, &apos;bbox&apos;: (463.73500000000024, 202.939, 466.5050000000002, 216.229), &apos;color_space&apos;: &apos;DeviceGray&apos;, &apos;ncolor&apos;: None, &apos;size&apos;: 13.29000000000002, &apos;value&apos;: &apos;.&apos;, &apos;children&apos;: [], &apos;features&apos;: {}}, {&apos;type&apos;: &apos;text&apos;, &apos;bbox&apos;: (466.5050000000003, 202.939, 469.27500000000026, 216.229), &apos;color_space&apos;: &apos;DeviceGray&apos;, &apos;ncolor&apos;: None, &apos;size&apos;: 13.29000000000002, &apos;value&apos;: &apos;.&apos;, &apos;children&apos;: [], &apos;features&apos;: {}}, {&apos;type&apos;: &apos;text&apos;, &apos;bbox&apos;: (469.2750000000003, 202.939, 472.0450000000003, 216.229), &apos;color_space&apos;: &apos;DeviceGray&apos;, &apos;ncolor&apos;: None, &apos;size&apos;: 13.29000000000002, &apos;value&apos;: &apos;.&apos;, &apos;children&apos;: [], &apos;features&apos;: {}}, {&apos;type&apos;: &apos;text&apos;, &apos;bbox&apos;: (472.0450000000003, 202.939, 474.8150000000003, 216.229), &apos;color_space&apos;: &apos;DeviceGray&apos;, &apos;ncolor&apos;: None, &apos;size&apos;: 13.29000000000002, &apos;value&apos;: &apos;.&apos;, &apos;children&apos;: [], &apos;features&apos;: {}}, {&apos;type&apos;: &apos;text&apos;, &apos;bbox&apos;: (474.8150000000003, 202.939, 477.58500000000026, 216.229), &apos;color_space&apos;: &apos;DeviceGray&apos;, &apos;ncolor&apos;: None, &apos;size&apos;: 13.29000000000002, &apos;value&apos;: &apos;.&apos;, &apos;children&apos;: [], &apos;features&apos;: {}}, {&apos;type&apos;: &apos;text&apos;, &apos;bbox&apos;: (477.5850000000003, 202.939, 480.3550000000003, 216.229), &apos;color_space&apos;: &apos;DeviceGray&apos;, &apos;ncolor&apos;: None, &apos;size&apos;: 13.29000000000002, &apos;value&apos;: &apos;.&apos;, &apos;children&apos;: [], &apos;features&apos;: {}}, {&apos;type&apos;: &apos;text&apos;, &apos;bbox&apos;: (480.35500000000036, 202.939, 483.12500000000034, 216.229), &apos;color_space&apos;: &apos;DeviceGray&apos;, &apos;ncolor&apos;: None, &apos;size&apos;: 13.29000000000002, &apos;value&apos;: &apos;.&apos;, &apos;children&apos;: [], &apos;features&apos;: {}}, {&apos;type&apos;: &apos;text&apos;, &apos;bbox&apos;: (483.12500000000034, 202.939, 485.8950000000003, 216.229), &apos;color_space&apos;: &apos;DeviceGray&apos;, &apos;ncolor&apos;: None, &apos;size&apos;: 13.29000000000002, &apos;value&apos;: &apos;.&apos;, &apos;children&apos;: [], &apos;features&apos;: {}}, {&apos;type&apos;: &apos;text&apos;, &apos;bbox&apos;: (485.8950000000003, 202.939, 488.6650000000003, 216.229), &apos;color_space&apos;: &apos;DeviceGray&apos;, &apos;ncolor&apos;: None, &apos;size&apos;: 13.29000000000002, &apos;value&apos;: &apos;.&apos;, &apos;children&apos;: [], &apos;features&apos;: {}}, {&apos;type&apos;: &apos;text&apos;, &apos;bbox&apos;: (489.548, 202.939, 495.108, 216.229), &apos;color_space&apos;: &apos;DeviceGray&apos;, &apos;ncolor&apos;: None, &apos;size&apos;: 13.29000000000002, &apos;value&apos;: &apos;7&apos;, &apos;children&apos;: [], &apos;features&apos;: {}}, {&apos;type&apos;: &apos;text&apos;, &apos;bbox&apos;: (495.108, 202.939, 498.438, 216.229), &apos;color_space&apos;: &apos;DeviceGray&apos;, &apos;ncolor&apos;: None, &apos;size&apos;: 13.29000000000002, &apos;value&apos;: &apos;-&apos;, &apos;children&apos;: [], &apos;features&apos;: {}}, {&apos;type&apos;: &apos;text&apos;, &apos;bbox&apos;: (498.439, 202.939, 503.999, 216.229), &apos;color_space&apos;: &apos;DeviceGray&apos;, &apos;ncolor&apos;: None, &apos;size&apos;: 13.29000000000002, &apos;value&apos;: &apos;2&apos;, &apos;children&apos;: [], &apos;features&apos;: {}}], &apos;features&apos;: {}}
*********************





--------------------------------- CONTENT AREA --------------------------------- 
This content area has an image
{&apos;type&apos;: &apos;figure&apos;, &apos;bbox&apos;: (0, 0, 612.0, 792.0), &apos;name&apos;: &apos;fx40&apos;, &apos;children&apos;: [{&apos;type&apos;: &apos;text&apos;, &apos;bbox&apos;: (78.0, 186.71699999999998, 86.31, 200.197), &apos;color_space&apos;: &apos;DeviceGray&apos;, &apos;ncolor&apos;: None, &apos;size&apos;: 13.480000000000018, &apos;value&apos;: &apos;D&apos;, &apos;children&apos;: [], &apos;features&apos;: {}}, {&apos;type&apos;: &apos;text&apos;, &apos;bbox&apos;: (86.31, 186.71699999999998, 90.2, 200.197), &apos;color_space&apos;: &apos;DeviceGray&apos;, &apos;ncolor&apos;: None, &apos;size&apos;: 13.480000000000018, &apos;value&apos;: &apos;I&apos;, &apos;children&apos;: [], &apos;features&apos;: {}}, {&apos;type&apos;: &apos;text&apos;, &apos;bbox&apos;: (90.2, 186.71699999999998, 100.2, 200.197), &apos;color_space&apos;: &apos;DeviceGray&apos;, &apos;ncolor&apos;: None, &apos;size&apos;: 13.480000000000018, &apos;value&apos;: &apos;M&apos;, &apos;children&apos;: [], &apos;features&apos;: {}}, {&apos;type&apos;: &apos;text&apos;, &apos;bbox&apos;: (100.2, 186.71699999999998, 105.2, 200.197), &apos;color_space&apos;: &apos;DeviceGray&apos;, &apos;ncolor&apos;: None, &apos;size&apos;: 13.480000000000018, &apos;value&apos;: &apos;_&apos;, &apos;children&apos;: [], &apos;features&apos;: {}}, {&apos;type&apos;: &apos;text&apos;, &apos;bbox&apos;: (105.2, 186.71699999999998, 110.77000000000001, 200.197), &apos;color_space&apos;: &apos;DeviceGray&apos;, &apos;ncolor&apos;: None, &apos;size&apos;: 13.480000000000018, &apos;value&apos;: &apos;F&apos;, &apos;children&apos;: [], &apos;features&apos;: {}}, {&apos;type&apos;: &apos;text&apos;, &apos;bbox&apos;: (110.77000000000001, 186.71699999999998, 114.66000000000001, 200.197), &apos;color_space&apos;: &apos;DeviceGray&apos;, &apos;ncolor&apos;: None, &apos;size&apos;: 13.480000000000018, &apos;value&apos;: &apos;I&apos;, &apos;children&apos;: [], &apos;features&apos;: {}}, {&apos;type&apos;: &apos;text&apos;, &apos;bbox&apos;: (114.66, 186.71699999999998, 122.99, 200.197), &apos;color_space&apos;: &apos;DeviceGray&apos;, &apos;ncolor&apos;: None, &apos;size&apos;: 13.480000000000018, &apos;value&apos;: &apos;N&apos;, &apos;children&apos;: [], &apos;features&apos;: {}}, {&apos;type&apos;: &apos;text&apos;, &apos;bbox&apos;: (122.99000000000001, 186.71699999999998, 130.76000000000002, 200.197), &apos;color_space&apos;: &apos;DeviceGray&apos;, &apos;ncolor&apos;: None, &apos;size&apos;: 13.480000000000018, &apos;value&apos;: &apos;A&apos;, &apos;children&apos;: [], &apos;features&apos;: {}}, {&apos;type&apos;: &apos;text&apos;, &apos;bbox&apos;: (130.76, 186.71699999999998, 139.09, 200.197), &apos;color_space&apos;: &apos;DeviceGray&apos;, &apos;ncolor&apos;: None, &apos;size&apos;: 13.480000000000018, &apos;value&apos;: &apos;N&apos;, &apos;children&apos;: [], &apos;features&apos;: {}}, {&apos;type&apos;: &apos;text&apos;, &apos;bbox&apos;: (139.09, 186.71699999999998, 146.31, 200.197), &apos;color_space&apos;: &apos;DeviceGray&apos;, &apos;ncolor&apos;: None, &apos;size&apos;: 13.480000000000018, &apos;value&apos;: &apos;C&apos;, &apos;children&apos;: [], &apos;features&apos;: {}}, {&apos;type&apos;: &apos;text&apos;, &apos;bbox&apos;: (146.31, 186.71699999999998, 150.2, 200.197), &apos;color_space&apos;: &apos;DeviceGray&apos;, &apos;ncolor&apos;: None, &apos;size&apos;: 13.480000000000018, &apos;value&apos;: &apos;I&apos;, &apos;children&apos;: [], &apos;features&apos;: {}}, {&apos;type&apos;: &apos;text&apos;, &apos;bbox&apos;: (150.2, 186.71699999999998, 157.97, 200.197), &apos;color_space&apos;: &apos;DeviceGray&apos;, &apos;ncolor&apos;: None, &apos;size&apos;: 13.480000000000018, &apos;value&apos;: &apos;A&apos;, &apos;children&apos;: [], &apos;features&apos;: {}}, {&apos;type&apos;: &apos;text&apos;, &apos;bbox&apos;: (157.97, 186.71699999999998, 164.02, 200.197), &apos;color_space&apos;: &apos;DeviceGray&apos;, &apos;ncolor&apos;: None, &apos;size&apos;: 13.480000000000018, &apos;value&apos;: &apos;L&apos;, &apos;children&apos;: [], &apos;features&apos;: {}}, {&apos;type&apos;: &apos;text&apos;, &apos;bbox&apos;: (164.01999999999998, 186.71699999999998, 169.01999999999998, 200.197), &apos;color_space&apos;: &apos;DeviceGray&apos;, &apos;ncolor&apos;: None, &apos;size&apos;: 13.480000000000018, &apos;value&apos;: &apos;_&apos;, &apos;children&apos;: [], &apos;features&apos;: {}}, {&apos;type&apos;: &apos;text&apos;, &apos;bbox&apos;: (169.01999999999998, 186.71699999999998, 175.07, 200.197), &apos;color_space&apos;: &apos;DeviceGray&apos;, &apos;ncolor&apos;: None, &apos;size&apos;: 13.480000000000018, &apos;value&apos;: &apos;E&apos;, &apos;children&apos;: [], &apos;features&apos;: {}}, {&apos;type&apos;: &apos;text&apos;, &apos;bbox&apos;: (175.07, 186.71699999999998, 181.12, 200.197), &apos;color_space&apos;: &apos;DeviceGray&apos;, &apos;ncolor&apos;: None, &apos;size&apos;: 13.480000000000018, &apos;value&apos;: &apos;L&apos;, &apos;children&apos;: [], &apos;features&apos;: {}}, {&apos;type&apos;: &apos;text&apos;, &apos;bbox&apos;: (181.12, 186.71699999999998, 187.17000000000002, 200.197), &apos;color_space&apos;: &apos;DeviceGray&apos;, &apos;ncolor&apos;: None, &apos;size&apos;: 13.480000000000018, &apos;value&apos;: &apos;E&apos;, &apos;children&apos;: [], &apos;features&apos;: {}}, {&apos;type&apos;: &apos;text&apos;, &apos;bbox&apos;: (187.17, 186.71699999999998, 197.17, 200.197), &apos;color_space&apos;: &apos;DeviceGray&apos;, &apos;ncolor&apos;: None, &apos;size&apos;: 13.480000000000018, &apos;value&apos;: &apos;M&apos;, &apos;children&apos;: [], &apos;features&apos;: {}}, {&apos;type&apos;: &apos;text&apos;, &apos;bbox&apos;: (197.17, 186.71699999999998, 203.22, 200.197), &apos;color_space&apos;: &apos;DeviceGray&apos;, &apos;ncolor&apos;: None, &apos;size&apos;: 13.480000000000018, &apos;value&apos;: &apos;E&apos;, &apos;children&apos;: [], &apos;features&apos;: {}}, {&apos;type&apos;: &apos;text&apos;, &apos;bbox&apos;: (203.21999999999997, 186.71699999999998, 211.54999999999998, 200.197), &apos;color_space&apos;: &apos;DeviceGray&apos;, &apos;ncolor&apos;: None, &apos;size&apos;: 13.480000000000018, &apos;value&apos;: &apos;N&apos;, &apos;children&apos;: [], &apos;features&apos;: {}}, {&apos;type&apos;: &apos;text&apos;, &apos;bbox&apos;: (211.54999999999998, 186.71699999999998, 218.20999999999998, 200.197), &apos;color_space&apos;: &apos;DeviceGray&apos;, &apos;ncolor&apos;: None, &apos;size&apos;: 13.480000000000018, &apos;value&apos;: &apos;T&apos;, &apos;children&apos;: [], &apos;features&apos;: {}}, {&apos;type&apos;: &apos;text&apos;, &apos;bbox&apos;: (218.20999999999998, 186.71699999999998, 224.30999999999997, 200.197), &apos;color_space&apos;: &apos;DeviceGray&apos;, &apos;ncolor&apos;: None, &apos;size&apos;: 13.480000000000018, &apos;value&apos;: &apos;S&apos;, &apos;children&apos;: [], &apos;features&apos;: {}}, {&apos;type&apos;: &apos;text&apos;, &apos;bbox&apos;: (224.30999999999997, 186.71699999999998, 229.30999999999997, 200.197), &apos;color_space&apos;: &apos;DeviceGray&apos;, &apos;ncolor&apos;: None, &apos;size&apos;: 13.480000000000018, &apos;value&apos;: &apos;_&apos;, &apos;children&apos;: [], &apos;features&apos;: {}}, {&apos;type&apos;: &apos;text&apos;, &apos;bbox&apos;: (229.30999999999997, 186.71699999999998, 237.07999999999998, 200.197), &apos;color_space&apos;: &apos;DeviceGray&apos;, &apos;ncolor&apos;: None, &apos;size&apos;: 13.480000000000018, &apos;value&apos;: &apos;A&apos;, &apos;children&apos;: [], &apos;features&apos;: {}}, {&apos;type&apos;: &apos;text&apos;, &apos;bbox&apos;: (237.07999999999998, 186.71699999999998, 243.73999999999998, 200.197), &apos;color_space&apos;: &apos;DeviceGray&apos;, &apos;ncolor&apos;: None, &apos;size&apos;: 13.480000000000018, &apos;value&apos;: &apos;T&apos;, &apos;children&apos;: [], &apos;features&apos;: {}}, {&apos;type&apos;: &apos;text&apos;, &apos;bbox&apos;: (243.73999999999998, 186.71699999999998, 250.39999999999998, 200.197), &apos;color_space&apos;: &apos;DeviceGray&apos;, &apos;ncolor&apos;: None, &apos;size&apos;: 13.480000000000018, &apos;value&apos;: &apos;T&apos;, &apos;children&apos;: [], &apos;features&apos;: {}}, {&apos;type&apos;: &apos;text&apos;, &apos;bbox&apos;: (250.39999999999998, 186.71699999999998, 257.53, 200.197), &apos;color_space&apos;: &apos;DeviceGray&apos;, &apos;ncolor&apos;: None, &apos;size&apos;: 13.480000000000018, &apos;value&apos;: &apos;R&apos;, &apos;children&apos;: [], &apos;features&apos;: {}}, {&apos;type&apos;: &apos;text&apos;, &apos;bbox&apos;: (257.663, 187.44799999999998, 260.433, 200.738), &apos;color_space&apos;: &apos;DeviceGray&apos;, &apos;ncolor&apos;: None, &apos;size&apos;: 13.29000000000002, &apos;value&apos;: &apos;.&apos;, &apos;children&apos;: [], &apos;features&apos;: {}}, {&apos;type&apos;: &apos;text&apos;, &apos;bbox&apos;: (260.433, 187.44799999999998, 263.203, 200.738), &apos;color_space&apos;: &apos;DeviceGray&apos;, &apos;ncolor&apos;: None, &apos;size&apos;: 13.29000000000002, &apos;value&apos;: &apos;.&apos;, &apos;children&apos;: [], &apos;features&apos;: {}}, {&apos;type&apos;: &apos;text&apos;, &apos;bbox&apos;: (263.20300000000003, 187.44799999999998, 265.973, 200.738), &apos;color_space&apos;: &apos;DeviceGray&apos;, &apos;ncolor&apos;: None, &apos;size&apos;: 13.29000000000002, &apos;value&apos;: &apos;.&apos;, &apos;children&apos;: [], &apos;features&apos;: {}}, {&apos;type&apos;: &apos;text&apos;, &apos;bbox&apos;: (265.973, 187.44799999999998, 268.743, 200.738), &apos;color_space&apos;: &apos;DeviceGray&apos;, &apos;ncolor&apos;: None, &apos;size&apos;: 13.29000000000002, &apos;value&apos;: &apos;.&apos;, &apos;children&apos;: [], &apos;features&apos;: {}}, {&apos;type&apos;: &apos;text&apos;, &apos;bbox&apos;: (268.743, 187.44799999999998, 271.513, 200.738), &apos;color_space&apos;: &apos;DeviceGray&apos;, &apos;ncolor&apos;: None, &apos;size&apos;: 13.29000000000002, &apos;value&apos;: &apos;.&apos;, &apos;children&apos;: [], &apos;features&apos;: {}}, {&apos;type&apos;: &apos;text&apos;, &apos;bbox&apos;: (271.51300000000003, 187.44799999999998, 274.283, 200.738), &apos;color_space&apos;: &apos;DeviceGray&apos;, &apos;ncolor&apos;: None, &apos;size&apos;: 13.29000000000002, &apos;value&apos;: &apos;.&apos;, &apos;children&apos;: [], &apos;features&apos;: {}}, {&apos;type&apos;: &apos;text&apos;, &apos;bbox&apos;: (274.283, 187.44799999999998, 277.053, 200.738), &apos;color_space&apos;: &apos;DeviceGray&apos;, &apos;ncolor&apos;: None, &apos;size&apos;: 13.29000000000002, &apos;value&apos;: &apos;.&apos;, &apos;children&apos;: [], &apos;features&apos;: {}}, {&apos;type&apos;: &apos;text&apos;, &apos;bbox&apos;: (277.053, 187.44799999999998, 279.823, 200.738), &apos;color_space&apos;: &apos;DeviceGray&apos;, &apos;ncolor&apos;: None, &apos;size&apos;: 13.29000000000002, &apos;value&apos;: &apos;.&apos;, &apos;children&apos;: [], &apos;features&apos;: {}}, {&apos;type&apos;: &apos;text&apos;, &apos;bbox&apos;: (279.82300000000004, 187.44799999999998, 282.593, 200.738), &apos;color_space&apos;: &apos;DeviceGray&apos;, &apos;ncolor&apos;: None, &apos;size&apos;: 13.29000000000002, &apos;value&apos;: &apos;.&apos;, &apos;children&apos;: [], &apos;features&apos;: {}}, {&apos;type&apos;: &apos;text&apos;, &apos;bbox&apos;: (282.593, 187.44799999999998, 285.363, 200.738), &apos;color_space&apos;: &apos;DeviceGray&apos;, &apos;ncolor&apos;: None, &apos;size&apos;: 13.29000000000002, &apos;value&apos;: &apos;.&apos;, &apos;children&apos;: [], &apos;features&apos;: {}}, {&apos;type&apos;: &apos;text&apos;, &apos;bbox&apos;: (285.363, 187.44799999999998, 288.133, 200.738), &apos;color_space&apos;: &apos;DeviceGray&apos;, &apos;ncolor&apos;: None, &apos;size&apos;: 13.29000000000002, &apos;value&apos;: &apos;.&apos;, &apos;children&apos;: [], &apos;features&apos;: {}}, {&apos;type&apos;: &apos;text&apos;, &apos;bbox&apos;: (288.13300000000004, 187.44799999999998, 290.903, 200.738), &apos;color_space&apos;: &apos;DeviceGray&apos;, &apos;ncolor&apos;: None, &apos;size&apos;: 13.29000000000002, &apos;value&apos;: &apos;.&apos;, &apos;children&apos;: [], &apos;features&apos;: {}}, {&apos;type&apos;: &apos;text&apos;, &apos;bbox&apos;: (290.903, 187.44799999999998, 293.673, 200.738), &apos;color_space&apos;: &apos;DeviceGray&apos;, &apos;ncolor&apos;: None, &apos;size&apos;: 13.29000000000002, &apos;value&apos;: &apos;.&apos;, &apos;children&apos;: [], &apos;features&apos;: {}}, {&apos;type&apos;: &apos;text&apos;, &apos;bbox&apos;: (293.673, 187.44799999999998, 296.443, 200.738), &apos;color_space&apos;: &apos;DeviceGray&apos;, &apos;ncolor&apos;: None, &apos;size&apos;: 13.29000000000002, &apos;value&apos;: &apos;.&apos;, &apos;children&apos;: [], &apos;features&apos;: {}}, {&apos;type&apos;: &apos;text&apos;, &apos;bbox&apos;: (296.44300000000004, 187.44799999999998, 299.213, 200.738), &apos;color_space&apos;: &apos;DeviceGray&apos;, &apos;ncolor&apos;: None, &apos;size&apos;: 13.29000000000002, &apos;value&apos;: &apos;.&apos;, &apos;children&apos;: [], &apos;features&apos;: {}}, {&apos;type&apos;: &apos;text&apos;, &apos;bbox&apos;: (299.213, 187.44799999999998, 301.983, 200.738), &apos;color_space&apos;: &apos;DeviceGray&apos;, &apos;ncolor&apos;: None, &apos;size&apos;: 13.29000000000002, &apos;value&apos;: &apos;.&apos;, &apos;children&apos;: [], &apos;features&apos;: {}}, {&apos;type&apos;: &apos;text&apos;, &apos;bbox&apos;: (301.983, 187.44799999999998, 304.753, 200.738), &apos;color_space&apos;: &apos;DeviceGray&apos;, &apos;ncolor&apos;: None, &apos;size&apos;: 13.29000000000002, &apos;value&apos;: &apos;.&apos;, &apos;children&apos;: [], &apos;features&apos;: {}}, {&apos;type&apos;: &apos;text&apos;, &apos;bbox&apos;: (304.75300000000004, 187.44799999999998, 307.523, 200.738), &apos;color_space&apos;: &apos;DeviceGray&apos;, &apos;ncolor&apos;: None, &apos;size&apos;: 13.29000000000002, &apos;value&apos;: &apos;.&apos;, &apos;children&apos;: [], &apos;features&apos;: {}}, {&apos;type&apos;: &apos;text&apos;, &apos;bbox&apos;: (307.523, 187.44799999999998, 310.293, 200.738), &apos;color_space&apos;: &apos;DeviceGray&apos;, &apos;ncolor&apos;: None, &apos;size&apos;: 13.29000000000002, &apos;value&apos;: &apos;.&apos;, &apos;children&apos;: [], &apos;features&apos;: {}}, {&apos;type&apos;: &apos;text&apos;, &apos;bbox&apos;: (310.293, 187.44799999999998, 313.063, 200.738), &apos;color_space&apos;: &apos;DeviceGray&apos;, &apos;ncolor&apos;: None, &apos;size&apos;: 13.29000000000002, &apos;value&apos;: &apos;.&apos;, &apos;children&apos;: [], &apos;features&apos;: {}}, {&apos;type&apos;: &apos;text&apos;, &apos;bbox&apos;: (313.06300000000005, 187.44799999999998, 315.833, 200.738), &apos;color_space&apos;: &apos;DeviceGray&apos;, &apos;ncolor&apos;: None, &apos;size&apos;: 13.29000000000002, &apos;value&apos;: &apos;.&apos;, &apos;children&apos;: [], &apos;features&apos;: {}}, {&apos;type&apos;: &apos;text&apos;, &apos;bbox&apos;: (315.833, 187.44799999999998, 318.603, 200.738), &apos;color_space&apos;: &apos;DeviceGray&apos;, &apos;ncolor&apos;: None, &apos;size&apos;: 13.29000000000002, &apos;value&apos;: &apos;.&apos;, &apos;children&apos;: [], &apos;features&apos;: {}}, {&apos;type&apos;: &apos;text&apos;, &apos;bbox&apos;: (318.60300000000007, 187.44799999999998, 321.37300000000005, 200.738), &apos;color_space&apos;: &apos;DeviceGray&apos;, &apos;ncolor&apos;: None, &apos;size&apos;: 13.29000000000002, &apos;value&apos;: &apos;.&apos;, &apos;children&apos;: [], &apos;features&apos;: {}}, {&apos;type&apos;: &apos;text&apos;, &apos;bbox&apos;: (321.37300000000005, 187.44799999999998, 324.14300000000003, 200.738), &apos;color_space&apos;: &apos;DeviceGray&apos;, &apos;ncolor&apos;: None, &apos;size&apos;: 13.29000000000002, &apos;value&apos;: &apos;.&apos;, &apos;children&apos;: [], &apos;features&apos;: {}}, {&apos;type&apos;: &apos;text&apos;, &apos;bbox&apos;: (324.14300000000003, 187.44799999999998, 326.913, 200.738), &apos;color_space&apos;: &apos;DeviceGray&apos;, &apos;ncolor&apos;: None, &apos;size&apos;: 13.29000000000002, &apos;value&apos;: &apos;.&apos;, &apos;children&apos;: [], &apos;features&apos;: {}}, {&apos;type&apos;: &apos;text&apos;, &apos;bbox&apos;: (326.913, 187.44799999999998, 329.683, 200.738), &apos;color_space&apos;: &apos;DeviceGray&apos;, &apos;ncolor&apos;: None, &apos;size&apos;: 13.29000000000002, &apos;value&apos;: &apos;.&apos;, &apos;children&apos;: [], &apos;features&apos;: {}}, {&apos;type&apos;: &apos;text&apos;, &apos;bbox&apos;: (329.68300000000005, 187.44799999999998, 332.45300000000003, 200.738), &apos;color_space&apos;: &apos;DeviceGray&apos;, &apos;ncolor&apos;: None, &apos;size&apos;: 13.29000000000002, &apos;value&apos;: &apos;.&apos;, &apos;children&apos;: [], &apos;features&apos;: {}}, {&apos;type&apos;: &apos;text&apos;, &apos;bbox&apos;: (332.45300000000003, 187.44799999999998, 335.223, 200.738), &apos;color_space&apos;: &apos;DeviceGray&apos;, &apos;ncolor&apos;: None, &apos;size&apos;: 13.29000000000002, &apos;value&apos;: &apos;.&apos;, &apos;children&apos;: [], &apos;features&apos;: {}}, {&apos;type&apos;: &apos;text&apos;, &apos;bbox&apos;: (335.223, 187.44799999999998, 337.993, 200.738), &apos;color_space&apos;: &apos;DeviceGray&apos;, &apos;ncolor&apos;: None, &apos;size&apos;: 13.29000000000002, &apos;value&apos;: &apos;.&apos;, &apos;children&apos;: [], &apos;features&apos;: {}}, {&apos;type&apos;: &apos;text&apos;, &apos;bbox&apos;: (337.99300000000005, 187.44799999999998, 340.76300000000003, 200.738), &apos;color_space&apos;: &apos;DeviceGray&apos;, &apos;ncolor&apos;: None, &apos;size&apos;: 13.29000000000002, &apos;value&apos;: &apos;.&apos;, &apos;children&apos;: [], &apos;features&apos;: {}}, {&apos;type&apos;: &apos;text&apos;, &apos;bbox&apos;: (340.76300000000003, 187.44799999999998, 343.533, 200.738), &apos;color_space&apos;: &apos;DeviceGray&apos;, &apos;ncolor&apos;: None, &apos;size&apos;: 13.29000000000002, &apos;value&apos;: &apos;.&apos;, &apos;children&apos;: [], &apos;features&apos;: {}}, {&apos;type&apos;: &apos;text&apos;, &apos;bbox&apos;: (343.533, 187.44799999999998, 346.303, 200.738), &apos;color_space&apos;: &apos;DeviceGray&apos;, &apos;ncolor&apos;: None, &apos;size&apos;: 13.29000000000002, &apos;value&apos;: &apos;.&apos;, &apos;children&apos;: [], &apos;features&apos;: {}}, {&apos;type&apos;: &apos;text&apos;, &apos;bbox&apos;: (346.303, 187.44799999999998, 349.073, 200.738), &apos;color_space&apos;: &apos;DeviceGray&apos;, &apos;ncolor&apos;: None, &apos;size&apos;: 13.29000000000002, &apos;value&apos;: &apos;.&apos;, &apos;children&apos;: [], &apos;features&apos;: {}}, {&apos;type&apos;: &apos;text&apos;, &apos;bbox&apos;: (349.073, 187.44799999999998, 351.84299999999996, 200.738), &apos;color_space&apos;: &apos;DeviceGray&apos;, &apos;ncolor&apos;: None, &apos;size&apos;: 13.29000000000002, &apos;value&apos;: &apos;.&apos;, &apos;children&apos;: [], &apos;features&apos;: {}}, {&apos;type&apos;: &apos;text&apos;, &apos;bbox&apos;: (351.843, 187.44799999999998, 354.613, 200.738), &apos;color_space&apos;: &apos;DeviceGray&apos;, &apos;ncolor&apos;: None, &apos;size&apos;: 13.29000000000002, &apos;value&apos;: &apos;.&apos;, &apos;children&apos;: [], &apos;features&apos;: {}}, {&apos;type&apos;: &apos;text&apos;, &apos;bbox&apos;: (354.613, 187.44799999999998, 357.383, 200.738), &apos;color_space&apos;: &apos;DeviceGray&apos;, &apos;ncolor&apos;: None, &apos;size&apos;: 13.29000000000002, &apos;value&apos;: &apos;.&apos;, &apos;children&apos;: [], &apos;features&apos;: {}}, {&apos;type&apos;: &apos;text&apos;, &apos;bbox&apos;: (357.383, 187.44799999999998, 360.15299999999996, 200.738), &apos;color_space&apos;: &apos;DeviceGray&apos;, &apos;ncolor&apos;: None, &apos;size&apos;: 13.29000000000002, &apos;value&apos;: &apos;.&apos;, &apos;children&apos;: [], &apos;features&apos;: {}}, {&apos;type&apos;: &apos;text&apos;, &apos;bbox&apos;: (360.153, 187.44799999999998, 362.923, 200.738), &apos;color_space&apos;: &apos;DeviceGray&apos;, &apos;ncolor&apos;: None, &apos;size&apos;: 13.29000000000002, &apos;value&apos;: &apos;.&apos;, &apos;children&apos;: [], &apos;features&apos;: {}}, {&apos;type&apos;: &apos;text&apos;, &apos;bbox&apos;: (362.923, 187.44799999999998, 365.693, 200.738), &apos;color_space&apos;: &apos;DeviceGray&apos;, &apos;ncolor&apos;: None, &apos;size&apos;: 13.29000000000002, &apos;value&apos;: &apos;.&apos;, &apos;children&apos;: [], &apos;features&apos;: {}}, {&apos;type&apos;: &apos;text&apos;, &apos;bbox&apos;: (365.693, 187.44799999999998, 368.46299999999997, 200.738), &apos;color_space&apos;: &apos;DeviceGray&apos;, &apos;ncolor&apos;: None, &apos;size&apos;: 13.29000000000002, &apos;value&apos;: &apos;.&apos;, &apos;children&apos;: [], &apos;features&apos;: {}}, {&apos;type&apos;: &apos;text&apos;, &apos;bbox&apos;: (368.46299999999997, 187.44799999999998, 371.23299999999995, 200.738), &apos;color_space&apos;: &apos;DeviceGray&apos;, &apos;ncolor&apos;: None, &apos;size&apos;: 13.29000000000002, &apos;value&apos;: &apos;.&apos;, &apos;children&apos;: [], &apos;features&apos;: {}}, {&apos;type&apos;: &apos;text&apos;, &apos;bbox&apos;: (371.23299999999995, 187.44799999999998, 374.00299999999993, 200.738), &apos;color_space&apos;: &apos;DeviceGray&apos;, &apos;ncolor&apos;: None, &apos;size&apos;: 13.29000000000002, &apos;value&apos;: &apos;.&apos;, &apos;children&apos;: [], &apos;features&apos;: {}}, {&apos;type&apos;: &apos;text&apos;, &apos;bbox&apos;: (374.003, 187.44799999999998, 376.77299999999997, 200.738), &apos;color_space&apos;: &apos;DeviceGray&apos;, &apos;ncolor&apos;: None, &apos;size&apos;: 13.29000000000002, &apos;value&apos;: &apos;.&apos;, &apos;children&apos;: [], &apos;features&apos;: {}}, {&apos;type&apos;: &apos;text&apos;, &apos;bbox&apos;: (376.77299999999997, 187.44799999999998, 379.54299999999995, 200.738), &apos;color_space&apos;: &apos;DeviceGray&apos;, &apos;ncolor&apos;: None, &apos;size&apos;: 13.29000000000002, &apos;value&apos;: &apos;.&apos;, &apos;children&apos;: [], &apos;features&apos;: {}}, {&apos;type&apos;: &apos;text&apos;, &apos;bbox&apos;: (379.54299999999995, 187.44799999999998, 382.31299999999993, 200.738), &apos;color_space&apos;: &apos;DeviceGray&apos;, &apos;ncolor&apos;: None, &apos;size&apos;: 13.29000000000002, &apos;value&apos;: &apos;.&apos;, &apos;children&apos;: [], &apos;features&apos;: {}}, {&apos;type&apos;: &apos;text&apos;, &apos;bbox&apos;: (382.313, 187.44799999999998, 385.08299999999997, 200.738), &apos;color_space&apos;: &apos;DeviceGray&apos;, &apos;ncolor&apos;: None, &apos;size&apos;: 13.29000000000002, &apos;value&apos;: &apos;.&apos;, &apos;children&apos;: [], &apos;features&apos;: {}}, {&apos;type&apos;: &apos;text&apos;, &apos;bbox&apos;: (385.08299999999997, 187.44799999999998, 387.85299999999995, 200.738), &apos;color_space&apos;: &apos;DeviceGray&apos;, &apos;ncolor&apos;: None, &apos;size&apos;: 13.29000000000002, &apos;value&apos;: &apos;.&apos;, &apos;children&apos;: [], &apos;features&apos;: {}}, {&apos;type&apos;: &apos;text&apos;, &apos;bbox&apos;: (387.85299999999995, 187.44799999999998, 390.62299999999993, 200.738), &apos;color_space&apos;: &apos;DeviceGray&apos;, &apos;ncolor&apos;: None, &apos;size&apos;: 13.29000000000002, &apos;value&apos;: &apos;.&apos;, &apos;children&apos;: [], &apos;features&apos;: {}}, {&apos;type&apos;: &apos;text&apos;, &apos;bbox&apos;: (390.62299999999993, 187.44799999999998, 393.3929999999999, 200.738), &apos;color_space&apos;: &apos;DeviceGray&apos;, &apos;ncolor&apos;: None, &apos;size&apos;: 13.29000000000002, &apos;value&apos;: &apos;.&apos;, &apos;children&apos;: [], &apos;features&apos;: {}}, {&apos;type&apos;: &apos;text&apos;, &apos;bbox&apos;: (393.393, 187.44799999999998, 396.16299999999995, 200.738), &apos;color_space&apos;: &apos;DeviceGray&apos;, &apos;ncolor&apos;: None, &apos;size&apos;: 13.29000000000002, &apos;value&apos;: &apos;.&apos;, &apos;children&apos;: [], &apos;features&apos;: {}}, {&apos;type&apos;: &apos;text&apos;, &apos;bbox&apos;: (396.163, 187.44799999999998, 398.933, 200.738), &apos;color_space&apos;: &apos;DeviceGray&apos;, &apos;ncolor&apos;: None, &apos;size&apos;: 13.29000000000002, &apos;value&apos;: &apos;.&apos;, &apos;children&apos;: [], &apos;features&apos;: {}}, {&apos;type&apos;: &apos;text&apos;, &apos;bbox&apos;: (398.933, 187.44799999999998, 401.703, 200.738), &apos;color_space&apos;: &apos;DeviceGray&apos;, &apos;ncolor&apos;: None, &apos;size&apos;: 13.29000000000002, &apos;value&apos;: &apos;.&apos;, &apos;children&apos;: [], &apos;features&apos;: {}}, {&apos;type&apos;: &apos;text&apos;, &apos;bbox&apos;: (401.703, 187.44799999999998, 404.47299999999996, 200.738), &apos;color_space&apos;: &apos;DeviceGray&apos;, &apos;ncolor&apos;: None, &apos;size&apos;: 13.29000000000002, &apos;value&apos;: &apos;.&apos;, &apos;children&apos;: [], &apos;features&apos;: {}}, {&apos;type&apos;: &apos;text&apos;, &apos;bbox&apos;: (404.473, 187.44799999999998, 407.243, 200.738), &apos;color_space&apos;: &apos;DeviceGray&apos;, &apos;ncolor&apos;: None, &apos;size&apos;: 13.29000000000002, &apos;value&apos;: &apos;.&apos;, &apos;children&apos;: [], &apos;features&apos;: {}}, {&apos;type&apos;: &apos;text&apos;, &apos;bbox&apos;: (407.24300000000005, 187.44799999999998, 410.01300000000003, 200.738), &apos;color_space&apos;: &apos;DeviceGray&apos;, &apos;ncolor&apos;: None, &apos;size&apos;: 13.29000000000002, &apos;value&apos;: &apos;.&apos;, &apos;children&apos;: [], &apos;features&apos;: {}}, {&apos;type&apos;: &apos;text&apos;, &apos;bbox&apos;: (410.01300000000003, 187.44799999999998, 412.783, 200.738), &apos;color_space&apos;: &apos;DeviceGray&apos;, &apos;ncolor&apos;: None, &apos;size&apos;: 13.29000000000002, &apos;value&apos;: &apos;.&apos;, &apos;children&apos;: [], &apos;features&apos;: {}}, {&apos;type&apos;: &apos;text&apos;, &apos;bbox&apos;: (412.783, 187.44799999999998, 415.553, 200.738), &apos;color_space&apos;: &apos;DeviceGray&apos;, &apos;ncolor&apos;: None, &apos;size&apos;: 13.29000000000002, &apos;value&apos;: &apos;.&apos;, &apos;children&apos;: [], &apos;features&apos;: {}}, {&apos;type&apos;: &apos;text&apos;, &apos;bbox&apos;: (415.55300000000005, 187.44799999999998, 418.32300000000004, 200.738), &apos;color_space&apos;: &apos;DeviceGray&apos;, &apos;ncolor&apos;: None, &apos;size&apos;: 13.29000000000002, &apos;value&apos;: &apos;.&apos;, &apos;children&apos;: [], &apos;features&apos;: {}}, {&apos;type&apos;: &apos;text&apos;, &apos;bbox&apos;: (418.3230000000001, 187.44799999999998, 421.0930000000001, 200.738), &apos;color_space&apos;: &apos;DeviceGray&apos;, &apos;ncolor&apos;: None, &apos;size&apos;: 13.29000000000002, &apos;value&apos;: &apos;.&apos;, &apos;children&apos;: [], &apos;features&apos;: {}}, {&apos;type&apos;: &apos;text&apos;, &apos;bbox&apos;: (421.0930000000001, 187.44799999999998, 423.86300000000006, 200.738), &apos;color_space&apos;: &apos;DeviceGray&apos;, &apos;ncolor&apos;: None, &apos;size&apos;: 13.29000000000002, &apos;value&apos;: &apos;.&apos;, &apos;children&apos;: [], &apos;features&apos;: {}}, {&apos;type&apos;: &apos;text&apos;, &apos;bbox&apos;: (423.86300000000006, 187.44799999999998, 426.63300000000004, 200.738), &apos;color_space&apos;: &apos;DeviceGray&apos;, &apos;ncolor&apos;: None, &apos;size&apos;: 13.29000000000002, &apos;value&apos;: &apos;.&apos;, &apos;children&apos;: [], &apos;features&apos;: {}}, {&apos;type&apos;: &apos;text&apos;, &apos;bbox&apos;: (426.6330000000001, 187.44799999999998, 429.4030000000001, 200.738), &apos;color_space&apos;: &apos;DeviceGray&apos;, &apos;ncolor&apos;: None, &apos;size&apos;: 13.29000000000002, &apos;value&apos;: &apos;.&apos;, &apos;children&apos;: [], &apos;features&apos;: {}}, {&apos;type&apos;: &apos;text&apos;, &apos;bbox&apos;: (429.40300000000013, 187.44799999999998, 432.1730000000001, 200.738), &apos;color_space&apos;: &apos;DeviceGray&apos;, &apos;ncolor&apos;: None, &apos;size&apos;: 13.29000000000002, &apos;value&apos;: &apos;.&apos;, &apos;children&apos;: [], &apos;features&apos;: {}}, {&apos;type&apos;: &apos;text&apos;, &apos;bbox&apos;: (432.1730000000001, 187.44799999999998, 434.9430000000001, 200.738), &apos;color_space&apos;: &apos;DeviceGray&apos;, &apos;ncolor&apos;: None, &apos;size&apos;: 13.29000000000002, &apos;value&apos;: &apos;.&apos;, &apos;children&apos;: [], &apos;features&apos;: {}}, {&apos;type&apos;: &apos;text&apos;, &apos;bbox&apos;: (434.9430000000001, 187.44799999999998, 437.7130000000001, 200.738), &apos;color_space&apos;: &apos;DeviceGray&apos;, &apos;ncolor&apos;: None, &apos;size&apos;: 13.29000000000002, &apos;value&apos;: &apos;.&apos;, &apos;children&apos;: [], &apos;features&apos;: {}}, {&apos;type&apos;: &apos;text&apos;, &apos;bbox&apos;: (437.71300000000014, 187.44799999999998, 440.4830000000001, 200.738), &apos;color_space&apos;: &apos;DeviceGray&apos;, &apos;ncolor&apos;: None, &apos;size&apos;: 13.29000000000002, &apos;value&apos;: &apos;.&apos;, &apos;children&apos;: [], &apos;features&apos;: {}}, {&apos;type&apos;: &apos;text&apos;, &apos;bbox&apos;: (440.4830000000002, 187.44799999999998, 443.25300000000016, 200.738), &apos;color_space&apos;: &apos;DeviceGray&apos;, &apos;ncolor&apos;: None, &apos;size&apos;: 13.29000000000002, &apos;value&apos;: &apos;.&apos;, &apos;children&apos;: [], &apos;features&apos;: {}}, {&apos;type&apos;: &apos;text&apos;, &apos;bbox&apos;: (443.25300000000016, 187.44799999999998, 446.02300000000014, 200.738), &apos;color_space&apos;: &apos;DeviceGray&apos;, &apos;ncolor&apos;: None, &apos;size&apos;: 13.29000000000002, &apos;value&apos;: &apos;.&apos;, &apos;children&apos;: [], &apos;features&apos;: {}}, {&apos;type&apos;: &apos;text&apos;, &apos;bbox&apos;: (446.02300000000014, 187.44799999999998, 448.7930000000001, 200.738), &apos;color_space&apos;: &apos;DeviceGray&apos;, &apos;ncolor&apos;: None, &apos;size&apos;: 13.29000000000002, &apos;value&apos;: &apos;.&apos;, &apos;children&apos;: [], &apos;features&apos;: {}}, {&apos;type&apos;: &apos;text&apos;, &apos;bbox&apos;: (448.7930000000002, 187.44799999999998, 451.56300000000016, 200.738), &apos;color_space&apos;: &apos;DeviceGray&apos;, &apos;ncolor&apos;: None, &apos;size&apos;: 13.29000000000002, &apos;value&apos;: &apos;.&apos;, &apos;children&apos;: [], &apos;features&apos;: {}}, {&apos;type&apos;: &apos;text&apos;, &apos;bbox&apos;: (451.5630000000002, 187.44799999999998, 454.3330000000002, 200.738), &apos;color_space&apos;: &apos;DeviceGray&apos;, &apos;ncolor&apos;: None, &apos;size&apos;: 13.29000000000002, &apos;value&apos;: &apos;.&apos;, &apos;children&apos;: [], &apos;features&apos;: {}}, {&apos;type&apos;: &apos;text&apos;, &apos;bbox&apos;: (454.3330000000002, 187.44799999999998, 457.1030000000002, 200.738), &apos;color_space&apos;: &apos;DeviceGray&apos;, &apos;ncolor&apos;: None, &apos;size&apos;: 13.29000000000002, &apos;value&apos;: &apos;.&apos;, &apos;children&apos;: [], &apos;features&apos;: {}}, {&apos;type&apos;: &apos;text&apos;, &apos;bbox&apos;: (457.1030000000002, 187.44799999999998, 459.87300000000016, 200.738), &apos;color_space&apos;: &apos;DeviceGray&apos;, &apos;ncolor&apos;: None, &apos;size&apos;: 13.29000000000002, &apos;value&apos;: &apos;.&apos;, &apos;children&apos;: [], &apos;features&apos;: {}}, {&apos;type&apos;: &apos;text&apos;, &apos;bbox&apos;: (459.8730000000002, 187.44799999999998, 462.6430000000002, 200.738), &apos;color_space&apos;: &apos;DeviceGray&apos;, &apos;ncolor&apos;: None, &apos;size&apos;: 13.29000000000002, &apos;value&apos;: &apos;.&apos;, &apos;children&apos;: [], &apos;features&apos;: {}}, {&apos;type&apos;: &apos;text&apos;, &apos;bbox&apos;: (462.64300000000026, 187.44799999999998, 465.41300000000024, 200.738), &apos;color_space&apos;: &apos;DeviceGray&apos;, &apos;ncolor&apos;: None, &apos;size&apos;: 13.29000000000002, &apos;value&apos;: &apos;.&apos;, &apos;children&apos;: [], &apos;features&apos;: {}}, {&apos;type&apos;: &apos;text&apos;, &apos;bbox&apos;: (465.41300000000024, 187.44799999999998, 468.1830000000002, 200.738), &apos;color_space&apos;: &apos;DeviceGray&apos;, &apos;ncolor&apos;: None, &apos;size&apos;: 13.29000000000002, &apos;value&apos;: &apos;.&apos;, &apos;children&apos;: [], &apos;features&apos;: {}}, {&apos;type&apos;: &apos;text&apos;, &apos;bbox&apos;: (468.1830000000002, 187.44799999999998, 470.9530000000002, 200.738), &apos;color_space&apos;: &apos;DeviceGray&apos;, &apos;ncolor&apos;: None, &apos;size&apos;: 13.29000000000002, &apos;value&apos;: &apos;.&apos;, &apos;children&apos;: [], &apos;features&apos;: {}}, {&apos;type&apos;: &apos;text&apos;, &apos;bbox&apos;: (470.95300000000026, 187.44799999999998, 473.72300000000024, 200.738), &apos;color_space&apos;: &apos;DeviceGray&apos;, &apos;ncolor&apos;: None, &apos;size&apos;: 13.29000000000002, &apos;value&apos;: &apos;.&apos;, &apos;children&apos;: [], &apos;features&apos;: {}}, {&apos;type&apos;: &apos;text&apos;, &apos;bbox&apos;: (473.7230000000003, 187.44799999999998, 476.4930000000003, 200.738), &apos;color_space&apos;: &apos;DeviceGray&apos;, &apos;ncolor&apos;: None, &apos;size&apos;: 13.29000000000002, &apos;value&apos;: &apos;.&apos;, &apos;children&apos;: [], &apos;features&apos;: {}}, {&apos;type&apos;: &apos;text&apos;, &apos;bbox&apos;: (476.4930000000003, 187.44799999999998, 479.26300000000026, 200.738), &apos;color_space&apos;: &apos;DeviceGray&apos;, &apos;ncolor&apos;: None, &apos;size&apos;: 13.29000000000002, &apos;value&apos;: &apos;.&apos;, &apos;children&apos;: [], &apos;features&apos;: {}}, {&apos;type&apos;: &apos;text&apos;, &apos;bbox&apos;: (479.26300000000026, 187.44799999999998, 482.03300000000024, 200.738), &apos;color_space&apos;: &apos;DeviceGray&apos;, &apos;ncolor&apos;: None, &apos;size&apos;: 13.29000000000002, &apos;value&apos;: &apos;.&apos;, &apos;children&apos;: [], &apos;features&apos;: {}}, {&apos;type&apos;: &apos;text&apos;, &apos;bbox&apos;: (482.0330000000003, 187.44799999999998, 484.8030000000003, 200.738), &apos;color_space&apos;: &apos;DeviceGray&apos;, &apos;ncolor&apos;: None, &apos;size&apos;: 13.29000000000002, &apos;value&apos;: &apos;.&apos;, &apos;children&apos;: [], &apos;features&apos;: {}}, {&apos;type&apos;: &apos;text&apos;, &apos;bbox&apos;: (484.80300000000034, 187.44799999999998, 487.5730000000003, 200.738), &apos;color_space&apos;: &apos;DeviceGray&apos;, &apos;ncolor&apos;: None, &apos;size&apos;: 13.29000000000002, &apos;value&apos;: &apos;.&apos;, &apos;children&apos;: [], &apos;features&apos;: {}}, {&apos;type&apos;: &apos;text&apos;, &apos;bbox&apos;: (489.548, 187.44799999999998, 495.108, 200.738), &apos;color_space&apos;: &apos;DeviceGray&apos;, &apos;ncolor&apos;: None, &apos;size&apos;: 13.29000000000002, &apos;value&apos;: &apos;7&apos;, &apos;children&apos;: [], &apos;features&apos;: {}}, {&apos;type&apos;: &apos;text&apos;, &apos;bbox&apos;: (495.108, 187.44799999999998, 498.438, 200.738), &apos;color_space&apos;: &apos;DeviceGray&apos;, &apos;ncolor&apos;: None, &apos;size&apos;: 13.29000000000002, &apos;value&apos;: &apos;-&apos;, &apos;children&apos;: [], &apos;features&apos;: {}}, {&apos;type&apos;: &apos;text&apos;, &apos;bbox&apos;: (498.439, 187.44799999999998, 503.999, 200.738), &apos;color_space&apos;: &apos;DeviceGray&apos;, &apos;ncolor&apos;: None, &apos;size&apos;: 13.29000000000002, &apos;value&apos;: &apos;3&apos;, &apos;children&apos;: [], &apos;features&apos;: {}}], &apos;features&apos;: {}}
*********************





--------------------------------- CONTENT AREA --------------------------------- 
This content area has an image
{&apos;type&apos;: &apos;figure&apos;, &apos;bbox&apos;: (0, 0, 612.0, 792.0), &apos;name&apos;: &apos;fx41&apos;, &apos;children&apos;: [{&apos;type&apos;: &apos;text&apos;, &apos;bbox&apos;: (78.0, 171.226, 86.31, 184.70600000000002), &apos;color_space&apos;: &apos;DeviceGray&apos;, &apos;ncolor&apos;: None, &apos;size&apos;: 13.480000000000018, &apos;value&apos;: &apos;D&apos;, &apos;children&apos;: [], &apos;features&apos;: {}}, {&apos;type&apos;: &apos;text&apos;, &apos;bbox&apos;: (86.31, 171.226, 90.2, 184.70600000000002), &apos;color_space&apos;: &apos;DeviceGray&apos;, &apos;ncolor&apos;: None, &apos;size&apos;: 13.480000000000018, &apos;value&apos;: &apos;I&apos;, &apos;children&apos;: [], &apos;features&apos;: {}}, {&apos;type&apos;: &apos;text&apos;, &apos;bbox&apos;: (90.2, 171.226, 100.2, 184.70600000000002), &apos;color_space&apos;: &apos;DeviceGray&apos;, &apos;ncolor&apos;: None, &apos;size&apos;: 13.480000000000018, &apos;value&apos;: &apos;M&apos;, &apos;children&apos;: [], &apos;features&apos;: {}}, {&apos;type&apos;: &apos;text&apos;, &apos;bbox&apos;: (100.2, 171.226, 105.2, 184.70600000000002), &apos;color_space&apos;: &apos;DeviceGray&apos;, &apos;ncolor&apos;: None, &apos;size&apos;: 13.480000000000018, &apos;value&apos;: &apos;_&apos;, &apos;children&apos;: [], &apos;features&apos;: {}}, {&apos;type&apos;: &apos;text&apos;, &apos;bbox&apos;: (105.2, 171.226, 110.77000000000001, 184.70600000000002), &apos;color_space&apos;: &apos;DeviceGray&apos;, &apos;ncolor&apos;: None, &apos;size&apos;: 13.480000000000018, &apos;value&apos;: &apos;F&apos;, &apos;children&apos;: [], &apos;features&apos;: {}}, {&apos;type&apos;: &apos;text&apos;, &apos;bbox&apos;: (110.77000000000001, 171.226, 114.66000000000001, 184.70600000000002), &apos;color_space&apos;: &apos;DeviceGray&apos;, &apos;ncolor&apos;: None, &apos;size&apos;: 13.480000000000018, &apos;value&apos;: &apos;I&apos;, &apos;children&apos;: [], &apos;features&apos;: {}}, {&apos;type&apos;: &apos;text&apos;, &apos;bbox&apos;: (114.66, 171.226, 122.99, 184.70600000000002), &apos;color_space&apos;: &apos;DeviceGray&apos;, &apos;ncolor&apos;: None, &apos;size&apos;: 13.480000000000018, &apos;value&apos;: &apos;N&apos;, &apos;children&apos;: [], &apos;features&apos;: {}}, {&apos;type&apos;: &apos;text&apos;, &apos;bbox&apos;: (122.99000000000001, 171.226, 130.76000000000002, 184.70600000000002), &apos;color_space&apos;: &apos;DeviceGray&apos;, &apos;ncolor&apos;: None, &apos;size&apos;: 13.480000000000018, &apos;value&apos;: &apos;A&apos;, &apos;children&apos;: [], &apos;features&apos;: {}}, {&apos;type&apos;: &apos;text&apos;, &apos;bbox&apos;: (130.76, 171.226, 139.09, 184.70600000000002), &apos;color_space&apos;: &apos;DeviceGray&apos;, &apos;ncolor&apos;: None, &apos;size&apos;: 13.480000000000018, &apos;value&apos;: &apos;N&apos;, &apos;children&apos;: [], &apos;features&apos;: {}}, {&apos;type&apos;: &apos;text&apos;, &apos;bbox&apos;: (139.09, 171.226, 146.31, 184.70600000000002), &apos;color_space&apos;: &apos;DeviceGray&apos;, &apos;ncolor&apos;: None, &apos;size&apos;: 13.480000000000018, &apos;value&apos;: &apos;C&apos;, &apos;children&apos;: [], &apos;features&apos;: {}}, {&apos;type&apos;: &apos;text&apos;, &apos;bbox&apos;: (146.31, 171.226, 150.2, 184.70600000000002), &apos;color_space&apos;: &apos;DeviceGray&apos;, &apos;ncolor&apos;: None, &apos;size&apos;: 13.480000000000018, &apos;value&apos;: &apos;I&apos;, &apos;children&apos;: [], &apos;features&apos;: {}}, {&apos;type&apos;: &apos;text&apos;, &apos;bbox&apos;: (150.2, 171.226, 157.97, 184.70600000000002), &apos;color_space&apos;: &apos;DeviceGray&apos;, &apos;ncolor&apos;: None, &apos;size&apos;: 13.480000000000018, &apos;value&apos;: &apos;A&apos;, &apos;children&apos;: [], &apos;features&apos;: {}}, {&apos;type&apos;: &apos;text&apos;, &apos;bbox&apos;: (157.97, 171.226, 164.02, 184.70600000000002), &apos;color_space&apos;: &apos;DeviceGray&apos;, &apos;ncolor&apos;: None, &apos;size&apos;: 13.480000000000018, &apos;value&apos;: &apos;L&apos;, &apos;children&apos;: [], &apos;features&apos;: {}}, {&apos;type&apos;: &apos;text&apos;, &apos;bbox&apos;: (164.01999999999998, 171.226, 169.01999999999998, 184.70600000000002), &apos;color_space&apos;: &apos;DeviceGray&apos;, &apos;ncolor&apos;: None, &apos;size&apos;: 13.480000000000018, &apos;value&apos;: &apos;_&apos;, &apos;children&apos;: [], &apos;features&apos;: {}}, {&apos;type&apos;: &apos;text&apos;, &apos;bbox&apos;: (169.01999999999998, 171.226, 175.07, 184.70600000000002), &apos;color_space&apos;: &apos;DeviceGray&apos;, &apos;ncolor&apos;: None, &apos;size&apos;: 13.480000000000018, &apos;value&apos;: &apos;E&apos;, &apos;children&apos;: [], &apos;features&apos;: {}}, {&apos;type&apos;: &apos;text&apos;, &apos;bbox&apos;: (175.07, 171.226, 181.12, 184.70600000000002), &apos;color_space&apos;: &apos;DeviceGray&apos;, &apos;ncolor&apos;: None, &apos;size&apos;: 13.480000000000018, &apos;value&apos;: &apos;L&apos;, &apos;children&apos;: [], &apos;features&apos;: {}}, {&apos;type&apos;: &apos;text&apos;, &apos;bbox&apos;: (181.12, 171.226, 187.17000000000002, 184.70600000000002), &apos;color_space&apos;: &apos;DeviceGray&apos;, &apos;ncolor&apos;: None, &apos;size&apos;: 13.480000000000018, &apos;value&apos;: &apos;E&apos;, &apos;children&apos;: [], &apos;features&apos;: {}}, {&apos;type&apos;: &apos;text&apos;, &apos;bbox&apos;: (187.17, 171.226, 197.17, 184.70600000000002), &apos;color_space&apos;: &apos;DeviceGray&apos;, &apos;ncolor&apos;: None, &apos;size&apos;: 13.480000000000018, &apos;value&apos;: &apos;M&apos;, &apos;children&apos;: [], &apos;features&apos;: {}}, {&apos;type&apos;: &apos;text&apos;, &apos;bbox&apos;: (197.17, 171.226, 203.22, 184.70600000000002), &apos;color_space&apos;: &apos;DeviceGray&apos;, &apos;ncolor&apos;: None, &apos;size&apos;: 13.480000000000018, &apos;value&apos;: &apos;E&apos;, &apos;children&apos;: [], &apos;features&apos;: {}}, {&apos;type&apos;: &apos;text&apos;, &apos;bbox&apos;: (203.21999999999997, 171.226, 211.54999999999998, 184.70600000000002), &apos;color_space&apos;: &apos;DeviceGray&apos;, &apos;ncolor&apos;: None, &apos;size&apos;: 13.480000000000018, &apos;value&apos;: &apos;N&apos;, &apos;children&apos;: [], &apos;features&apos;: {}}, {&apos;type&apos;: &apos;text&apos;, &apos;bbox&apos;: (211.54999999999998, 171.226, 218.20999999999998, 184.70600000000002), &apos;color_space&apos;: &apos;DeviceGray&apos;, &apos;ncolor&apos;: None, &apos;size&apos;: 13.480000000000018, &apos;value&apos;: &apos;T&apos;, &apos;children&apos;: [], &apos;features&apos;: {}}, {&apos;type&apos;: &apos;text&apos;, &apos;bbox&apos;: (218.20999999999998, 171.226, 224.30999999999997, 184.70600000000002), &apos;color_space&apos;: &apos;DeviceGray&apos;, &apos;ncolor&apos;: None, &apos;size&apos;: 13.480000000000018, &apos;value&apos;: &apos;S&apos;, &apos;children&apos;: [], &apos;features&apos;: {}}, {&apos;type&apos;: &apos;text&apos;, &apos;bbox&apos;: (224.30999999999997, 171.226, 229.30999999999997, 184.70600000000002), &apos;color_space&apos;: &apos;DeviceGray&apos;, &apos;ncolor&apos;: None, &apos;size&apos;: 13.480000000000018, &apos;value&apos;: &apos;_&apos;, &apos;children&apos;: [], &apos;features&apos;: {}}, {&apos;type&apos;: &apos;text&apos;, &apos;bbox&apos;: (229.30999999999997, 171.226, 237.64, 184.70600000000002), &apos;color_space&apos;: &apos;DeviceGray&apos;, &apos;ncolor&apos;: None, &apos;size&apos;: 13.480000000000018, &apos;value&apos;: &apos;H&apos;, &apos;children&apos;: [], &apos;features&apos;: {}}, {&apos;type&apos;: &apos;text&apos;, &apos;bbox&apos;: (237.64, 171.226, 241.52999999999997, 184.70600000000002), &apos;color_space&apos;: &apos;DeviceGray&apos;, &apos;ncolor&apos;: None, &apos;size&apos;: 13.480000000000018, &apos;value&apos;: &apos;I&apos;, &apos;children&apos;: [], &apos;features&apos;: {}}, {&apos;type&apos;: &apos;text&apos;, &apos;bbox&apos;: (241.52999999999997, 171.226, 247.57999999999998, 184.70600000000002), &apos;color_space&apos;: &apos;DeviceGray&apos;, &apos;ncolor&apos;: None, &apos;size&apos;: 13.480000000000018, &apos;value&apos;: &apos;E&apos;, &apos;children&apos;: [], &apos;features&apos;: {}}, {&apos;type&apos;: &apos;text&apos;, &apos;bbox&apos;: (247.57999999999998, 171.226, 254.70999999999998, 184.70600000000002), &apos;color_space&apos;: &apos;DeviceGray&apos;, &apos;ncolor&apos;: None, &apos;size&apos;: 13.480000000000018, &apos;value&apos;: &apos;R&apos;, &apos;children&apos;: [], &apos;features&apos;: {}}, {&apos;type&apos;: &apos;text&apos;, &apos;bbox&apos;: (254.826, 171.957, 257.596, 185.247), &apos;color_space&apos;: &apos;DeviceGray&apos;, &apos;ncolor&apos;: None, &apos;size&apos;: 13.29000000000002, &apos;value&apos;: &apos;.&apos;, &apos;children&apos;: [], &apos;features&apos;: {}}, {&apos;type&apos;: &apos;text&apos;, &apos;bbox&apos;: (257.596, 171.957, 260.366, 185.247), &apos;color_space&apos;: &apos;DeviceGray&apos;, &apos;ncolor&apos;: None, &apos;size&apos;: 13.29000000000002, &apos;value&apos;: &apos;.&apos;, &apos;children&apos;: [], &apos;features&apos;: {}}, {&apos;type&apos;: &apos;text&apos;, &apos;bbox&apos;: (260.366, 171.957, 263.13599999999997, 185.247), &apos;color_space&apos;: &apos;DeviceGray&apos;, &apos;ncolor&apos;: None, &apos;size&apos;: 13.29000000000002, &apos;value&apos;: &apos;.&apos;, &apos;children&apos;: [], &apos;features&apos;: {}}, {&apos;type&apos;: &apos;text&apos;, &apos;bbox&apos;: (263.13599999999997, 171.957, 265.90599999999995, 185.247), &apos;color_space&apos;: &apos;DeviceGray&apos;, &apos;ncolor&apos;: None, &apos;size&apos;: 13.29000000000002, &apos;value&apos;: &apos;.&apos;, &apos;children&apos;: [], &apos;features&apos;: {}}, {&apos;type&apos;: &apos;text&apos;, &apos;bbox&apos;: (265.906, 171.957, 268.676, 185.247), &apos;color_space&apos;: &apos;DeviceGray&apos;, &apos;ncolor&apos;: None, &apos;size&apos;: 13.29000000000002, &apos;value&apos;: &apos;.&apos;, &apos;children&apos;: [], &apos;features&apos;: {}}, {&apos;type&apos;: &apos;text&apos;, &apos;bbox&apos;: (268.676, 171.957, 271.44599999999997, 185.247), &apos;color_space&apos;: &apos;DeviceGray&apos;, &apos;ncolor&apos;: None, &apos;size&apos;: 13.29000000000002, &apos;value&apos;: &apos;.&apos;, &apos;children&apos;: [], &apos;features&apos;: {}}, {&apos;type&apos;: &apos;text&apos;, &apos;bbox&apos;: (271.44599999999997, 171.957, 274.21599999999995, 185.247), &apos;color_space&apos;: &apos;DeviceGray&apos;, &apos;ncolor&apos;: None, &apos;size&apos;: 13.29000000000002, &apos;value&apos;: &apos;.&apos;, &apos;children&apos;: [], &apos;features&apos;: {}}, {&apos;type&apos;: &apos;text&apos;, &apos;bbox&apos;: (274.216, 171.957, 276.986, 185.247), &apos;color_space&apos;: &apos;DeviceGray&apos;, &apos;ncolor&apos;: None, &apos;size&apos;: 13.29000000000002, &apos;value&apos;: &apos;.&apos;, &apos;children&apos;: [], &apos;features&apos;: {}}, {&apos;type&apos;: &apos;text&apos;, &apos;bbox&apos;: (276.986, 171.957, 279.756, 185.247), &apos;color_space&apos;: &apos;DeviceGray&apos;, &apos;ncolor&apos;: None, &apos;size&apos;: 13.29000000000002, &apos;value&apos;: &apos;.&apos;, &apos;children&apos;: [], &apos;features&apos;: {}}, {&apos;type&apos;: &apos;text&apos;, &apos;bbox&apos;: (279.756, 171.957, 282.52599999999995, 185.247), &apos;color_space&apos;: &apos;DeviceGray&apos;, &apos;ncolor&apos;: None, &apos;size&apos;: 13.29000000000002, &apos;value&apos;: &apos;.&apos;, &apos;children&apos;: [], &apos;features&apos;: {}}, {&apos;type&apos;: &apos;text&apos;, &apos;bbox&apos;: (282.526, 171.957, 285.296, 185.247), &apos;color_space&apos;: &apos;DeviceGray&apos;, &apos;ncolor&apos;: None, &apos;size&apos;: 13.29000000000002, &apos;value&apos;: &apos;.&apos;, &apos;children&apos;: [], &apos;features&apos;: {}}, {&apos;type&apos;: &apos;text&apos;, &apos;bbox&apos;: (285.296, 171.957, 288.066, 185.247), &apos;color_space&apos;: &apos;DeviceGray&apos;, &apos;ncolor&apos;: None, &apos;size&apos;: 13.29000000000002, &apos;value&apos;: &apos;.&apos;, &apos;children&apos;: [], &apos;features&apos;: {}}, {&apos;type&apos;: &apos;text&apos;, &apos;bbox&apos;: (288.066, 171.957, 290.83599999999996, 185.247), &apos;color_space&apos;: &apos;DeviceGray&apos;, &apos;ncolor&apos;: None, &apos;size&apos;: 13.29000000000002, &apos;value&apos;: &apos;.&apos;, &apos;children&apos;: [], &apos;features&apos;: {}}, {&apos;type&apos;: &apos;text&apos;, &apos;bbox&apos;: (290.836, 171.957, 293.606, 185.247), &apos;color_space&apos;: &apos;DeviceGray&apos;, &apos;ncolor&apos;: None, &apos;size&apos;: 13.29000000000002, &apos;value&apos;: &apos;.&apos;, &apos;children&apos;: [], &apos;features&apos;: {}}, {&apos;type&apos;: &apos;text&apos;, &apos;bbox&apos;: (293.606, 171.957, 296.376, 185.247), &apos;color_space&apos;: &apos;DeviceGray&apos;, &apos;ncolor&apos;: None, &apos;size&apos;: 13.29000000000002, &apos;value&apos;: &apos;.&apos;, &apos;children&apos;: [], &apos;features&apos;: {}}, {&apos;type&apos;: &apos;text&apos;, &apos;bbox&apos;: (296.376, 171.957, 299.14599999999996, 185.247), &apos;color_space&apos;: &apos;DeviceGray&apos;, &apos;ncolor&apos;: None, &apos;size&apos;: 13.29000000000002, &apos;value&apos;: &apos;.&apos;, &apos;children&apos;: [], &apos;features&apos;: {}}, {&apos;type&apos;: &apos;text&apos;, &apos;bbox&apos;: (299.146, 171.957, 301.916, 185.247), &apos;color_space&apos;: &apos;DeviceGray&apos;, &apos;ncolor&apos;: None, &apos;size&apos;: 13.29000000000002, &apos;value&apos;: &apos;.&apos;, &apos;children&apos;: [], &apos;features&apos;: {}}, {&apos;type&apos;: &apos;text&apos;, &apos;bbox&apos;: (301.916, 171.957, 304.686, 185.247), &apos;color_space&apos;: &apos;DeviceGray&apos;, &apos;ncolor&apos;: None, &apos;size&apos;: 13.29000000000002, &apos;value&apos;: &apos;.&apos;, &apos;children&apos;: [], &apos;features&apos;: {}}, {&apos;type&apos;: &apos;text&apos;, &apos;bbox&apos;: (304.68600000000004, 171.957, 307.456, 185.247), &apos;color_space&apos;: &apos;DeviceGray&apos;, &apos;ncolor&apos;: None, &apos;size&apos;: 13.29000000000002, &apos;value&apos;: &apos;.&apos;, &apos;children&apos;: [], &apos;features&apos;: {}}, {&apos;type&apos;: &apos;text&apos;, &apos;bbox&apos;: (307.456, 171.957, 310.226, 185.247), &apos;color_space&apos;: &apos;DeviceGray&apos;, &apos;ncolor&apos;: None, &apos;size&apos;: 13.29000000000002, &apos;value&apos;: &apos;.&apos;, &apos;children&apos;: [], &apos;features&apos;: {}}, {&apos;type&apos;: &apos;text&apos;, &apos;bbox&apos;: (310.226, 171.957, 312.996, 185.247), &apos;color_space&apos;: &apos;DeviceGray&apos;, &apos;ncolor&apos;: None, &apos;size&apos;: 13.29000000000002, &apos;value&apos;: &apos;.&apos;, &apos;children&apos;: [], &apos;features&apos;: {}}, {&apos;type&apos;: &apos;text&apos;, &apos;bbox&apos;: (312.99600000000004, 171.957, 315.766, 185.247), &apos;color_space&apos;: &apos;DeviceGray&apos;, &apos;ncolor&apos;: None, &apos;size&apos;: 13.29000000000002, &apos;value&apos;: &apos;.&apos;, &apos;children&apos;: [], &apos;features&apos;: {}}, {&apos;type&apos;: &apos;text&apos;, &apos;bbox&apos;: (315.766, 171.957, 318.536, 185.247), &apos;color_space&apos;: &apos;DeviceGray&apos;, &apos;ncolor&apos;: None, &apos;size&apos;: 13.29000000000002, &apos;value&apos;: &apos;.&apos;, &apos;children&apos;: [], &apos;features&apos;: {}}, {&apos;type&apos;: &apos;text&apos;, &apos;bbox&apos;: (318.53600000000006, 171.957, 321.30600000000004, 185.247), &apos;color_space&apos;: &apos;DeviceGray&apos;, &apos;ncolor&apos;: None, &apos;size&apos;: 13.29000000000002, &apos;value&apos;: &apos;.&apos;, &apos;children&apos;: [], &apos;features&apos;: {}}, {&apos;type&apos;: &apos;text&apos;, &apos;bbox&apos;: (321.30600000000004, 171.957, 324.076, 185.247), &apos;color_space&apos;: &apos;DeviceGray&apos;, &apos;ncolor&apos;: None, &apos;size&apos;: 13.29000000000002, &apos;value&apos;: &apos;.&apos;, &apos;children&apos;: [], &apos;features&apos;: {}}, {&apos;type&apos;: &apos;text&apos;, &apos;bbox&apos;: (324.076, 171.957, 326.846, 185.247), &apos;color_space&apos;: &apos;DeviceGray&apos;, &apos;ncolor&apos;: None, &apos;size&apos;: 13.29000000000002, &apos;value&apos;: &apos;.&apos;, &apos;children&apos;: [], &apos;features&apos;: {}}, {&apos;type&apos;: &apos;text&apos;, &apos;bbox&apos;: (326.846, 171.957, 329.616, 185.247), &apos;color_space&apos;: &apos;DeviceGray&apos;, &apos;ncolor&apos;: None, &apos;size&apos;: 13.29000000000002, &apos;value&apos;: &apos;.&apos;, &apos;children&apos;: [], &apos;features&apos;: {}}, {&apos;type&apos;: &apos;text&apos;, &apos;bbox&apos;: (329.616, 171.957, 332.38599999999997, 185.247), &apos;color_space&apos;: &apos;DeviceGray&apos;, &apos;ncolor&apos;: None, &apos;size&apos;: 13.29000000000002, &apos;value&apos;: &apos;.&apos;, &apos;children&apos;: [], &apos;features&apos;: {}}, {&apos;type&apos;: &apos;text&apos;, &apos;bbox&apos;: (332.386, 171.957, 335.156, 185.247), &apos;color_space&apos;: &apos;DeviceGray&apos;, &apos;ncolor&apos;: None, &apos;size&apos;: 13.29000000000002, &apos;value&apos;: &apos;.&apos;, &apos;children&apos;: [], &apos;features&apos;: {}}, {&apos;type&apos;: &apos;text&apos;, &apos;bbox&apos;: (335.156, 171.957, 337.926, 185.247), &apos;color_space&apos;: &apos;DeviceGray&apos;, &apos;ncolor&apos;: None, &apos;size&apos;: 13.29000000000002, &apos;value&apos;: &apos;.&apos;, &apos;children&apos;: [], &apos;features&apos;: {}}, {&apos;type&apos;: &apos;text&apos;, &apos;bbox&apos;: (337.926, 171.957, 340.69599999999997, 185.247), &apos;color_space&apos;: &apos;DeviceGray&apos;, &apos;ncolor&apos;: None, &apos;size&apos;: 13.29000000000002, &apos;value&apos;: &apos;.&apos;, &apos;children&apos;: [], &apos;features&apos;: {}}, {&apos;type&apos;: &apos;text&apos;, &apos;bbox&apos;: (340.696, 171.957, 343.466, 185.247), &apos;color_space&apos;: &apos;DeviceGray&apos;, &apos;ncolor&apos;: None, &apos;size&apos;: 13.29000000000002, &apos;value&apos;: &apos;.&apos;, &apos;children&apos;: [], &apos;features&apos;: {}}, {&apos;type&apos;: &apos;text&apos;, &apos;bbox&apos;: (343.466, 171.957, 346.236, 185.247), &apos;color_space&apos;: &apos;DeviceGray&apos;, &apos;ncolor&apos;: None, &apos;size&apos;: 13.29000000000002, &apos;value&apos;: &apos;.&apos;, &apos;children&apos;: [], &apos;features&apos;: {}}, {&apos;type&apos;: &apos;text&apos;, &apos;bbox&apos;: (346.236, 171.957, 349.006, 185.247), &apos;color_space&apos;: &apos;DeviceGray&apos;, &apos;ncolor&apos;: None, &apos;size&apos;: 13.29000000000002, &apos;value&apos;: &apos;.&apos;, &apos;children&apos;: [], &apos;features&apos;: {}}, {&apos;type&apos;: &apos;text&apos;, &apos;bbox&apos;: (349.006, 171.957, 351.77599999999995, 185.247), &apos;color_space&apos;: &apos;DeviceGray&apos;, &apos;ncolor&apos;: None, &apos;size&apos;: 13.29000000000002, &apos;value&apos;: &apos;.&apos;, &apos;children&apos;: [], &apos;features&apos;: {}}, {&apos;type&apos;: &apos;text&apos;, &apos;bbox&apos;: (351.77599999999995, 171.957, 354.54599999999994, 185.247), &apos;color_space&apos;: &apos;DeviceGray&apos;, &apos;ncolor&apos;: None, &apos;size&apos;: 13.29000000000002, &apos;value&apos;: &apos;.&apos;, &apos;children&apos;: [], &apos;features&apos;: {}}, {&apos;type&apos;: &apos;text&apos;, &apos;bbox&apos;: (354.546, 171.957, 357.316, 185.247), &apos;color_space&apos;: &apos;DeviceGray&apos;, &apos;ncolor&apos;: None, &apos;size&apos;: 13.29000000000002, &apos;value&apos;: &apos;.&apos;, &apos;children&apos;: [], &apos;features&apos;: {}}, {&apos;type&apos;: &apos;text&apos;, &apos;bbox&apos;: (357.316, 171.957, 360.08599999999996, 185.247), &apos;color_space&apos;: &apos;DeviceGray&apos;, &apos;ncolor&apos;: None, &apos;size&apos;: 13.29000000000002, &apos;value&apos;: &apos;.&apos;, &apos;children&apos;: [], &apos;features&apos;: {}}, {&apos;type&apos;: &apos;text&apos;, &apos;bbox&apos;: (360.08599999999996, 171.957, 362.85599999999994, 185.247), &apos;color_space&apos;: &apos;DeviceGray&apos;, &apos;ncolor&apos;: None, &apos;size&apos;: 13.29000000000002, &apos;value&apos;: &apos;.&apos;, &apos;children&apos;: [], &apos;features&apos;: {}}, {&apos;type&apos;: &apos;text&apos;, &apos;bbox&apos;: (362.856, 171.957, 365.626, 185.247), &apos;color_space&apos;: &apos;DeviceGray&apos;, &apos;ncolor&apos;: None, &apos;size&apos;: 13.29000000000002, &apos;value&apos;: &apos;.&apos;, &apos;children&apos;: [], &apos;features&apos;: {}}, {&apos;type&apos;: &apos;text&apos;, &apos;bbox&apos;: (365.626, 171.957, 368.39599999999996, 185.247), &apos;color_space&apos;: &apos;DeviceGray&apos;, &apos;ncolor&apos;: None, &apos;size&apos;: 13.29000000000002, &apos;value&apos;: &apos;.&apos;, &apos;children&apos;: [], &apos;features&apos;: {}}, {&apos;type&apos;: &apos;text&apos;, &apos;bbox&apos;: (368.39599999999996, 171.957, 371.16599999999994, 185.247), &apos;color_space&apos;: &apos;DeviceGray&apos;, &apos;ncolor&apos;: None, &apos;size&apos;: 13.29000000000002, &apos;value&apos;: &apos;.&apos;, &apos;children&apos;: [], &apos;features&apos;: {}}, {&apos;type&apos;: &apos;text&apos;, &apos;bbox&apos;: (371.16599999999994, 171.957, 373.9359999999999, 185.247), &apos;color_space&apos;: &apos;DeviceGray&apos;, &apos;ncolor&apos;: None, &apos;size&apos;: 13.29000000000002, &apos;value&apos;: &apos;.&apos;, &apos;children&apos;: [], &apos;features&apos;: {}}, {&apos;type&apos;: &apos;text&apos;, &apos;bbox&apos;: (373.9359999999999, 171.957, 376.7059999999999, 185.247), &apos;color_space&apos;: &apos;DeviceGray&apos;, &apos;ncolor&apos;: None, &apos;size&apos;: 13.29000000000002, &apos;value&apos;: &apos;.&apos;, &apos;children&apos;: [], &apos;features&apos;: {}}, {&apos;type&apos;: &apos;text&apos;, &apos;bbox&apos;: (376.70599999999996, 171.957, 379.47599999999994, 185.247), &apos;color_space&apos;: &apos;DeviceGray&apos;, &apos;ncolor&apos;: None, &apos;size&apos;: 13.29000000000002, &apos;value&apos;: &apos;.&apos;, &apos;children&apos;: [], &apos;features&apos;: {}}, {&apos;type&apos;: &apos;text&apos;, &apos;bbox&apos;: (379.47599999999994, 171.957, 382.2459999999999, 185.247), &apos;color_space&apos;: &apos;DeviceGray&apos;, &apos;ncolor&apos;: None, &apos;size&apos;: 13.29000000000002, &apos;value&apos;: &apos;.&apos;, &apos;children&apos;: [], &apos;features&apos;: {}}, {&apos;type&apos;: &apos;text&apos;, &apos;bbox&apos;: (382.2459999999999, 171.957, 385.0159999999999, 185.247), &apos;color_space&apos;: &apos;DeviceGray&apos;, &apos;ncolor&apos;: None, &apos;size&apos;: 13.29000000000002, &apos;value&apos;: &apos;.&apos;, &apos;children&apos;: [], &apos;features&apos;: {}}, {&apos;type&apos;: &apos;text&apos;, &apos;bbox&apos;: (385.01599999999996, 171.957, 387.78599999999994, 185.247), &apos;color_space&apos;: &apos;DeviceGray&apos;, &apos;ncolor&apos;: None, &apos;size&apos;: 13.29000000000002, &apos;value&apos;: &apos;.&apos;, &apos;children&apos;: [], &apos;features&apos;: {}}, {&apos;type&apos;: &apos;text&apos;, &apos;bbox&apos;: (387.78599999999994, 171.957, 390.5559999999999, 185.247), &apos;color_space&apos;: &apos;DeviceGray&apos;, &apos;ncolor&apos;: None, &apos;size&apos;: 13.29000000000002, &apos;value&apos;: &apos;.&apos;, &apos;children&apos;: [], &apos;features&apos;: {}}, {&apos;type&apos;: &apos;text&apos;, &apos;bbox&apos;: (390.5559999999999, 171.957, 393.3259999999999, 185.247), &apos;color_space&apos;: &apos;DeviceGray&apos;, &apos;ncolor&apos;: None, &apos;size&apos;: 13.29000000000002, &apos;value&apos;: &apos;.&apos;, &apos;children&apos;: [], &apos;features&apos;: {}}, {&apos;type&apos;: &apos;text&apos;, &apos;bbox&apos;: (393.32599999999996, 171.957, 396.09599999999995, 185.247), &apos;color_space&apos;: &apos;DeviceGray&apos;, &apos;ncolor&apos;: None, &apos;size&apos;: 13.29000000000002, &apos;value&apos;: &apos;.&apos;, &apos;children&apos;: [], &apos;features&apos;: {}}, {&apos;type&apos;: &apos;text&apos;, &apos;bbox&apos;: (396.096, 171.957, 398.866, 185.247), &apos;color_space&apos;: &apos;DeviceGray&apos;, &apos;ncolor&apos;: None, &apos;size&apos;: 13.29000000000002, &apos;value&apos;: &apos;.&apos;, &apos;children&apos;: [], &apos;features&apos;: {}}, {&apos;type&apos;: &apos;text&apos;, &apos;bbox&apos;: (398.866, 171.957, 401.63599999999997, 185.247), &apos;color_space&apos;: &apos;DeviceGray&apos;, &apos;ncolor&apos;: None, &apos;size&apos;: 13.29000000000002, &apos;value&apos;: &apos;.&apos;, &apos;children&apos;: [], &apos;features&apos;: {}}, {&apos;type&apos;: &apos;text&apos;, &apos;bbox&apos;: (401.63599999999997, 171.957, 404.40599999999995, 185.247), &apos;color_space&apos;: &apos;DeviceGray&apos;, &apos;ncolor&apos;: None, &apos;size&apos;: 13.29000000000002, &apos;value&apos;: &apos;.&apos;, &apos;children&apos;: [], &apos;features&apos;: {}}, {&apos;type&apos;: &apos;text&apos;, &apos;bbox&apos;: (404.406, 171.957, 407.176, 185.247), &apos;color_space&apos;: &apos;DeviceGray&apos;, &apos;ncolor&apos;: None, &apos;size&apos;: 13.29000000000002, &apos;value&apos;: &apos;.&apos;, &apos;children&apos;: [], &apos;features&apos;: {}}, {&apos;type&apos;: &apos;text&apos;, &apos;bbox&apos;: (407.17600000000004, 171.957, 409.946, 185.247), &apos;color_space&apos;: &apos;DeviceGray&apos;, &apos;ncolor&apos;: None, &apos;size&apos;: 13.29000000000002, &apos;value&apos;: &apos;.&apos;, &apos;children&apos;: [], &apos;features&apos;: {}}, {&apos;type&apos;: &apos;text&apos;, &apos;bbox&apos;: (409.946, 171.957, 412.716, 185.247), &apos;color_space&apos;: &apos;DeviceGray&apos;, &apos;ncolor&apos;: None, &apos;size&apos;: 13.29000000000002, &apos;value&apos;: &apos;.&apos;, &apos;children&apos;: [], &apos;features&apos;: {}}, {&apos;type&apos;: &apos;text&apos;, &apos;bbox&apos;: (412.716, 171.957, 415.486, 185.247), &apos;color_space&apos;: &apos;DeviceGray&apos;, &apos;ncolor&apos;: None, &apos;size&apos;: 13.29000000000002, &apos;value&apos;: &apos;.&apos;, &apos;children&apos;: [], &apos;features&apos;: {}}, {&apos;type&apos;: &apos;text&apos;, &apos;bbox&apos;: (415.48600000000005, 171.957, 418.25600000000003, 185.247), &apos;color_space&apos;: &apos;DeviceGray&apos;, &apos;ncolor&apos;: None, &apos;size&apos;: 13.29000000000002, &apos;value&apos;: &apos;.&apos;, &apos;children&apos;: [], &apos;features&apos;: {}}, {&apos;type&apos;: &apos;text&apos;, &apos;bbox&apos;: (418.2560000000001, 171.957, 421.02600000000007, 185.247), &apos;color_space&apos;: &apos;DeviceGray&apos;, &apos;ncolor&apos;: None, &apos;size&apos;: 13.29000000000002, &apos;value&apos;: &apos;.&apos;, &apos;children&apos;: [], &apos;features&apos;: {}}, {&apos;type&apos;: &apos;text&apos;, &apos;bbox&apos;: (421.02600000000007, 171.957, 423.79600000000005, 185.247), &apos;color_space&apos;: &apos;DeviceGray&apos;, &apos;ncolor&apos;: None, &apos;size&apos;: 13.29000000000002, &apos;value&apos;: &apos;.&apos;, &apos;children&apos;: [], &apos;features&apos;: {}}, {&apos;type&apos;: &apos;text&apos;, &apos;bbox&apos;: (423.79600000000005, 171.957, 426.56600000000003, 185.247), &apos;color_space&apos;: &apos;DeviceGray&apos;, &apos;ncolor&apos;: None, &apos;size&apos;: 13.29000000000002, &apos;value&apos;: &apos;.&apos;, &apos;children&apos;: [], &apos;features&apos;: {}}, {&apos;type&apos;: &apos;text&apos;, &apos;bbox&apos;: (426.5660000000001, 171.957, 429.33600000000007, 185.247), &apos;color_space&apos;: &apos;DeviceGray&apos;, &apos;ncolor&apos;: None, &apos;size&apos;: 13.29000000000002, &apos;value&apos;: &apos;.&apos;, &apos;children&apos;: [], &apos;features&apos;: {}}, {&apos;type&apos;: &apos;text&apos;, &apos;bbox&apos;: (429.3360000000001, 171.957, 432.1060000000001, 185.247), &apos;color_space&apos;: &apos;DeviceGray&apos;, &apos;ncolor&apos;: None, &apos;size&apos;: 13.29000000000002, &apos;value&apos;: &apos;.&apos;, &apos;children&apos;: [], &apos;features&apos;: {}}, {&apos;type&apos;: &apos;text&apos;, &apos;bbox&apos;: (432.1060000000001, 171.957, 434.8760000000001, 185.247), &apos;color_space&apos;: &apos;DeviceGray&apos;, &apos;ncolor&apos;: None, &apos;size&apos;: 13.29000000000002, &apos;value&apos;: &apos;.&apos;, &apos;children&apos;: [], &apos;features&apos;: {}}, {&apos;type&apos;: &apos;text&apos;, &apos;bbox&apos;: (434.8760000000001, 171.957, 437.6460000000001, 185.247), &apos;color_space&apos;: &apos;DeviceGray&apos;, &apos;ncolor&apos;: None, &apos;size&apos;: 13.29000000000002, &apos;value&apos;: &apos;.&apos;, &apos;children&apos;: [], &apos;features&apos;: {}}, {&apos;type&apos;: &apos;text&apos;, &apos;bbox&apos;: (437.64600000000013, 171.957, 440.4160000000001, 185.247), &apos;color_space&apos;: &apos;DeviceGray&apos;, &apos;ncolor&apos;: None, &apos;size&apos;: 13.29000000000002, &apos;value&apos;: &apos;.&apos;, &apos;children&apos;: [], &apos;features&apos;: {}}, {&apos;type&apos;: &apos;text&apos;, &apos;bbox&apos;: (440.41600000000017, 171.957, 443.18600000000015, 185.247), &apos;color_space&apos;: &apos;DeviceGray&apos;, &apos;ncolor&apos;: None, &apos;size&apos;: 13.29000000000002, &apos;value&apos;: &apos;.&apos;, &apos;children&apos;: [], &apos;features&apos;: {}}, {&apos;type&apos;: &apos;text&apos;, &apos;bbox&apos;: (443.18600000000015, 171.957, 445.95600000000013, 185.247), &apos;color_space&apos;: &apos;DeviceGray&apos;, &apos;ncolor&apos;: None, &apos;size&apos;: 13.29000000000002, &apos;value&apos;: &apos;.&apos;, &apos;children&apos;: [], &apos;features&apos;: {}}, {&apos;type&apos;: &apos;text&apos;, &apos;bbox&apos;: (445.95600000000013, 171.957, 448.7260000000001, 185.247), &apos;color_space&apos;: &apos;DeviceGray&apos;, &apos;ncolor&apos;: None, &apos;size&apos;: 13.29000000000002, &apos;value&apos;: &apos;.&apos;, &apos;children&apos;: [], &apos;features&apos;: {}}, {&apos;type&apos;: &apos;text&apos;, &apos;bbox&apos;: (448.72600000000017, 171.957, 451.49600000000015, 185.247), &apos;color_space&apos;: &apos;DeviceGray&apos;, &apos;ncolor&apos;: None, &apos;size&apos;: 13.29000000000002, &apos;value&apos;: &apos;.&apos;, &apos;children&apos;: [], &apos;features&apos;: {}}, {&apos;type&apos;: &apos;text&apos;, &apos;bbox&apos;: (451.4960000000002, 171.957, 454.2660000000002, 185.247), &apos;color_space&apos;: &apos;DeviceGray&apos;, &apos;ncolor&apos;: None, &apos;size&apos;: 13.29000000000002, &apos;value&apos;: &apos;.&apos;, &apos;children&apos;: [], &apos;features&apos;: {}}, {&apos;type&apos;: &apos;text&apos;, &apos;bbox&apos;: (454.2660000000002, 171.957, 457.0360000000002, 185.247), &apos;color_space&apos;: &apos;DeviceGray&apos;, &apos;ncolor&apos;: None, &apos;size&apos;: 13.29000000000002, &apos;value&apos;: &apos;.&apos;, &apos;children&apos;: [], &apos;features&apos;: {}}, {&apos;type&apos;: &apos;text&apos;, &apos;bbox&apos;: (457.0360000000002, 171.957, 459.80600000000015, 185.247), &apos;color_space&apos;: &apos;DeviceGray&apos;, &apos;ncolor&apos;: None, &apos;size&apos;: 13.29000000000002, &apos;value&apos;: &apos;.&apos;, &apos;children&apos;: [], &apos;features&apos;: {}}, {&apos;type&apos;: &apos;text&apos;, &apos;bbox&apos;: (459.8060000000002, 171.957, 462.5760000000002, 185.247), &apos;color_space&apos;: &apos;DeviceGray&apos;, &apos;ncolor&apos;: None, &apos;size&apos;: 13.29000000000002, &apos;value&apos;: &apos;.&apos;, &apos;children&apos;: [], &apos;features&apos;: {}}, {&apos;type&apos;: &apos;text&apos;, &apos;bbox&apos;: (462.57600000000025, 171.957, 465.34600000000023, 185.247), &apos;color_space&apos;: &apos;DeviceGray&apos;, &apos;ncolor&apos;: None, &apos;size&apos;: 13.29000000000002, &apos;value&apos;: &apos;.&apos;, &apos;children&apos;: [], &apos;features&apos;: {}}, {&apos;type&apos;: &apos;text&apos;, &apos;bbox&apos;: (465.34600000000023, 171.957, 468.1160000000002, 185.247), &apos;color_space&apos;: &apos;DeviceGray&apos;, &apos;ncolor&apos;: None, &apos;size&apos;: 13.29000000000002, &apos;value&apos;: &apos;.&apos;, &apos;children&apos;: [], &apos;features&apos;: {}}, {&apos;type&apos;: &apos;text&apos;, &apos;bbox&apos;: (468.1160000000002, 171.957, 470.8860000000002, 185.247), &apos;color_space&apos;: &apos;DeviceGray&apos;, &apos;ncolor&apos;: None, &apos;size&apos;: 13.29000000000002, &apos;value&apos;: &apos;.&apos;, &apos;children&apos;: [], &apos;features&apos;: {}}, {&apos;type&apos;: &apos;text&apos;, &apos;bbox&apos;: (470.88600000000025, 171.957, 473.65600000000023, 185.247), &apos;color_space&apos;: &apos;DeviceGray&apos;, &apos;ncolor&apos;: None, &apos;size&apos;: 13.29000000000002, &apos;value&apos;: &apos;.&apos;, &apos;children&apos;: [], &apos;features&apos;: {}}, {&apos;type&apos;: &apos;text&apos;, &apos;bbox&apos;: (473.6560000000003, 171.957, 476.4260000000003, 185.247), &apos;color_space&apos;: &apos;DeviceGray&apos;, &apos;ncolor&apos;: None, &apos;size&apos;: 13.29000000000002, &apos;value&apos;: &apos;.&apos;, &apos;children&apos;: [], &apos;features&apos;: {}}, {&apos;type&apos;: &apos;text&apos;, &apos;bbox&apos;: (476.4260000000003, 171.957, 479.19600000000025, 185.247), &apos;color_space&apos;: &apos;DeviceGray&apos;, &apos;ncolor&apos;: None, &apos;size&apos;: 13.29000000000002, &apos;value&apos;: &apos;.&apos;, &apos;children&apos;: [], &apos;features&apos;: {}}, {&apos;type&apos;: &apos;text&apos;, &apos;bbox&apos;: (479.19600000000025, 171.957, 481.96600000000024, 185.247), &apos;color_space&apos;: &apos;DeviceGray&apos;, &apos;ncolor&apos;: None, &apos;size&apos;: 13.29000000000002, &apos;value&apos;: &apos;.&apos;, &apos;children&apos;: [], &apos;features&apos;: {}}, {&apos;type&apos;: &apos;text&apos;, &apos;bbox&apos;: (481.9660000000003, 171.957, 484.7360000000003, 185.247), &apos;color_space&apos;: &apos;DeviceGray&apos;, &apos;ncolor&apos;: None, &apos;size&apos;: 13.29000000000002, &apos;value&apos;: &apos;.&apos;, &apos;children&apos;: [], &apos;features&apos;: {}}, {&apos;type&apos;: &apos;text&apos;, &apos;bbox&apos;: (484.73600000000033, 171.957, 487.5060000000003, 185.247), &apos;color_space&apos;: &apos;DeviceGray&apos;, &apos;ncolor&apos;: None, &apos;size&apos;: 13.29000000000002, &apos;value&apos;: &apos;.&apos;, &apos;children&apos;: [], &apos;features&apos;: {}}, {&apos;type&apos;: &apos;text&apos;, &apos;bbox&apos;: (489.548, 171.957, 495.108, 185.247), &apos;color_space&apos;: &apos;DeviceGray&apos;, &apos;ncolor&apos;: None, &apos;size&apos;: 13.29000000000002, &apos;value&apos;: &apos;7&apos;, &apos;children&apos;: [], &apos;features&apos;: {}}, {&apos;type&apos;: &apos;text&apos;, &apos;bbox&apos;: (495.108, 171.957, 498.438, 185.247), &apos;color_space&apos;: &apos;DeviceGray&apos;, &apos;ncolor&apos;: None, &apos;size&apos;: 13.29000000000002, &apos;value&apos;: &apos;-&apos;, &apos;children&apos;: [], &apos;features&apos;: {}}, {&apos;type&apos;: &apos;text&apos;, &apos;bbox&apos;: (498.439, 171.957, 503.999, 185.247), &apos;color_space&apos;: &apos;DeviceGray&apos;, &apos;ncolor&apos;: None, &apos;size&apos;: 13.29000000000002, &apos;value&apos;: &apos;3&apos;, &apos;children&apos;: [], &apos;features&apos;: {}}], &apos;features&apos;: {}}
*********************





--------------------------------- CONTENT AREA --------------------------------- 
This content area has an image
{&apos;type&apos;: &apos;figure&apos;, &apos;bbox&apos;: (0, 0, 612.0, 792.0), &apos;name&apos;: &apos;fx42&apos;, &apos;children&apos;: [{&apos;type&apos;: &apos;text&apos;, &apos;bbox&apos;: (78.0, 155.73499999999999, 86.31, 169.21499999999997), &apos;color_space&apos;: &apos;DeviceGray&apos;, &apos;ncolor&apos;: None, &apos;size&apos;: 13.47999999999999, &apos;value&apos;: &apos;D&apos;, &apos;children&apos;: [], &apos;features&apos;: {}}, {&apos;type&apos;: &apos;text&apos;, &apos;bbox&apos;: (86.31, 155.73499999999999, 90.2, 169.21499999999997), &apos;color_space&apos;: &apos;DeviceGray&apos;, &apos;ncolor&apos;: None, &apos;size&apos;: 13.47999999999999, &apos;value&apos;: &apos;I&apos;, &apos;children&apos;: [], &apos;features&apos;: {}}, {&apos;type&apos;: &apos;text&apos;, &apos;bbox&apos;: (90.2, 155.73499999999999, 100.2, 169.21499999999997), &apos;color_space&apos;: &apos;DeviceGray&apos;, &apos;ncolor&apos;: None, &apos;size&apos;: 13.47999999999999, &apos;value&apos;: &apos;M&apos;, &apos;children&apos;: [], &apos;features&apos;: {}}, {&apos;type&apos;: &apos;text&apos;, &apos;bbox&apos;: (100.2, 155.73499999999999, 105.2, 169.21499999999997), &apos;color_space&apos;: &apos;DeviceGray&apos;, &apos;ncolor&apos;: None, &apos;size&apos;: 13.47999999999999, &apos;value&apos;: &apos;_&apos;, &apos;children&apos;: [], &apos;features&apos;: {}}, {&apos;type&apos;: &apos;text&apos;, &apos;bbox&apos;: (105.2, 155.73499999999999, 113.53, 169.21499999999997), &apos;color_space&apos;: &apos;DeviceGray&apos;, &apos;ncolor&apos;: None, &apos;size&apos;: 13.47999999999999, &apos;value&apos;: &apos;O&apos;, &apos;children&apos;: [], &apos;features&apos;: {}}, {&apos;type&apos;: &apos;text&apos;, &apos;bbox&apos;: (113.53, 155.73499999999999, 120.66, 169.21499999999997), &apos;color_space&apos;: &apos;DeviceGray&apos;, &apos;ncolor&apos;: None, &apos;size&apos;: 13.47999999999999, &apos;value&apos;: &apos;R&apos;, &apos;children&apos;: [], &apos;features&apos;: {}}, {&apos;type&apos;: &apos;text&apos;, &apos;bbox&apos;: (120.66, 155.73499999999999, 128.99, 169.21499999999997), &apos;color_space&apos;: &apos;DeviceGray&apos;, &apos;ncolor&apos;: None, &apos;size&apos;: 13.47999999999999, &apos;value&apos;: &apos;G&apos;, &apos;children&apos;: [], &apos;features&apos;: {}}, {&apos;type&apos;: &apos;text&apos;, &apos;bbox&apos;: (128.99, 155.73499999999999, 133.99, 169.21499999999997), &apos;color_space&apos;: &apos;DeviceGray&apos;, &apos;ncolor&apos;: None, &apos;size&apos;: 13.47999999999999, &apos;value&apos;: &apos;_&apos;, &apos;children&apos;: [], &apos;features&apos;: {}}, {&apos;type&apos;: &apos;text&apos;, &apos;bbox&apos;: (133.99, 155.73499999999999, 141.76000000000002, 169.21499999999997), &apos;color_space&apos;: &apos;DeviceGray&apos;, &apos;ncolor&apos;: None, &apos;size&apos;: 13.47999999999999, &apos;value&apos;: &apos;U&apos;, &apos;children&apos;: [], &apos;features&apos;: {}}, {&apos;type&apos;: &apos;text&apos;, &apos;bbox&apos;: (141.76, 155.73499999999999, 150.09, 169.21499999999997), &apos;color_space&apos;: &apos;DeviceGray&apos;, &apos;ncolor&apos;: None, &apos;size&apos;: 13.47999999999999, &apos;value&apos;: &apos;N&apos;, &apos;children&apos;: [], &apos;features&apos;: {}}, {&apos;type&apos;: &apos;text&apos;, &apos;bbox&apos;: (150.09, 155.73499999999999, 153.98, 169.21499999999997), &apos;color_space&apos;: &apos;DeviceGray&apos;, &apos;ncolor&apos;: None, &apos;size&apos;: 13.47999999999999, &apos;value&apos;: &apos;I&apos;, &apos;children&apos;: [], &apos;features&apos;: {}}, {&apos;type&apos;: &apos;text&apos;, &apos;bbox&apos;: (153.98000000000002, 155.73499999999999, 160.64000000000001, 169.21499999999997), &apos;color_space&apos;: &apos;DeviceGray&apos;, &apos;ncolor&apos;: None, &apos;size&apos;: 13.47999999999999, &apos;value&apos;: &apos;T&apos;, &apos;children&apos;: [], &apos;features&apos;: {}}, {&apos;type&apos;: &apos;text&apos;, &apos;bbox&apos;: (160.64, 155.73499999999999, 165.64, 169.21499999999997), &apos;color_space&apos;: &apos;DeviceGray&apos;, &apos;ncolor&apos;: None, &apos;size&apos;: 13.47999999999999, &apos;value&apos;: &apos;_&apos;, &apos;children&apos;: [], &apos;features&apos;: {}}, {&apos;type&apos;: &apos;text&apos;, &apos;bbox&apos;: (165.64, 155.73499999999999, 172.23999999999998, 169.21499999999997), &apos;color_space&apos;: &apos;DeviceGray&apos;, &apos;ncolor&apos;: None, &apos;size&apos;: 13.47999999999999, &apos;value&apos;: &apos;B&apos;, &apos;children&apos;: [], &apos;features&apos;: {}}, {&apos;type&apos;: &apos;text&apos;, &apos;bbox&apos;: (172.277, 156.46599999999998, 175.047, 169.756), &apos;color_space&apos;: &apos;DeviceGray&apos;, &apos;ncolor&apos;: None, &apos;size&apos;: 13.29000000000002, &apos;value&apos;: &apos;.&apos;, &apos;children&apos;: [], &apos;features&apos;: {}}, {&apos;type&apos;: &apos;text&apos;, &apos;bbox&apos;: (175.047, 156.46599999999998, 177.817, 169.756), &apos;color_space&apos;: &apos;DeviceGray&apos;, &apos;ncolor&apos;: None, &apos;size&apos;: 13.29000000000002, &apos;value&apos;: &apos;.&apos;, &apos;children&apos;: [], &apos;features&apos;: {}}, {&apos;type&apos;: &apos;text&apos;, &apos;bbox&apos;: (177.81699999999998, 156.46599999999998, 180.587, 169.756), &apos;color_space&apos;: &apos;DeviceGray&apos;, &apos;ncolor&apos;: None, &apos;size&apos;: 13.29000000000002, &apos;value&apos;: &apos;.&apos;, &apos;children&apos;: [], &apos;features&apos;: {}}, {&apos;type&apos;: &apos;text&apos;, &apos;bbox&apos;: (180.587, 156.46599999999998, 183.357, 169.756), &apos;color_space&apos;: &apos;DeviceGray&apos;, &apos;ncolor&apos;: None, &apos;size&apos;: 13.29000000000002, &apos;value&apos;: &apos;.&apos;, &apos;children&apos;: [], &apos;features&apos;: {}}, {&apos;type&apos;: &apos;text&apos;, &apos;bbox&apos;: (183.357, 156.46599999999998, 186.127, 169.756), &apos;color_space&apos;: &apos;DeviceGray&apos;, &apos;ncolor&apos;: None, &apos;size&apos;: 13.29000000000002, &apos;value&apos;: &apos;.&apos;, &apos;children&apos;: [], &apos;features&apos;: {}}, {&apos;type&apos;: &apos;text&apos;, &apos;bbox&apos;: (186.12699999999998, 156.46599999999998, 188.897, 169.756), &apos;color_space&apos;: &apos;DeviceGray&apos;, &apos;ncolor&apos;: None, &apos;size&apos;: 13.29000000000002, &apos;value&apos;: &apos;.&apos;, &apos;children&apos;: [], &apos;features&apos;: {}}, {&apos;type&apos;: &apos;text&apos;, &apos;bbox&apos;: (188.897, 156.46599999999998, 191.667, 169.756), &apos;color_space&apos;: &apos;DeviceGray&apos;, &apos;ncolor&apos;: None, &apos;size&apos;: 13.29000000000002, &apos;value&apos;: &apos;.&apos;, &apos;children&apos;: [], &apos;features&apos;: {}}, {&apos;type&apos;: &apos;text&apos;, &apos;bbox&apos;: (191.66699999999997, 156.46599999999998, 194.43699999999998, 169.756), &apos;color_space&apos;: &apos;DeviceGray&apos;, &apos;ncolor&apos;: None, &apos;size&apos;: 13.29000000000002, &apos;value&apos;: &apos;.&apos;, &apos;children&apos;: [], &apos;features&apos;: {}}, {&apos;type&apos;: &apos;text&apos;, &apos;bbox&apos;: (194.43699999999998, 156.46599999999998, 197.207, 169.756), &apos;color_space&apos;: &apos;DeviceGray&apos;, &apos;ncolor&apos;: None, &apos;size&apos;: 13.29000000000002, &apos;value&apos;: &apos;.&apos;, &apos;children&apos;: [], &apos;features&apos;: {}}, {&apos;type&apos;: &apos;text&apos;, &apos;bbox&apos;: (197.207, 156.46599999999998, 199.977, 169.756), &apos;color_space&apos;: &apos;DeviceGray&apos;, &apos;ncolor&apos;: None, &apos;size&apos;: 13.29000000000002, &apos;value&apos;: &apos;.&apos;, &apos;children&apos;: [], &apos;features&apos;: {}}, {&apos;type&apos;: &apos;text&apos;, &apos;bbox&apos;: (199.97699999999998, 156.46599999999998, 202.74699999999999, 169.756), &apos;color_space&apos;: &apos;DeviceGray&apos;, &apos;ncolor&apos;: None, &apos;size&apos;: 13.29000000000002, &apos;value&apos;: &apos;.&apos;, &apos;children&apos;: [], &apos;features&apos;: {}}, {&apos;type&apos;: &apos;text&apos;, &apos;bbox&apos;: (202.74699999999999, 156.46599999999998, 205.517, 169.756), &apos;color_space&apos;: &apos;DeviceGray&apos;, &apos;ncolor&apos;: None, &apos;size&apos;: 13.29000000000002, &apos;value&apos;: &apos;.&apos;, &apos;children&apos;: [], &apos;features&apos;: {}}, {&apos;type&apos;: &apos;text&apos;, &apos;bbox&apos;: (205.517, 156.46599999999998, 208.287, 169.756), &apos;color_space&apos;: &apos;DeviceGray&apos;, &apos;ncolor&apos;: None, &apos;size&apos;: 13.29000000000002, &apos;value&apos;: &apos;.&apos;, &apos;children&apos;: [], &apos;features&apos;: {}}, {&apos;type&apos;: &apos;text&apos;, &apos;bbox&apos;: (208.28699999999998, 156.46599999999998, 211.057, 169.756), &apos;color_space&apos;: &apos;DeviceGray&apos;, &apos;ncolor&apos;: None, &apos;size&apos;: 13.29000000000002, &apos;value&apos;: &apos;.&apos;, &apos;children&apos;: [], &apos;features&apos;: {}}, {&apos;type&apos;: &apos;text&apos;, &apos;bbox&apos;: (211.057, 156.46599999999998, 213.827, 169.756), &apos;color_space&apos;: &apos;DeviceGray&apos;, &apos;ncolor&apos;: None, &apos;size&apos;: 13.29000000000002, &apos;value&apos;: &apos;.&apos;, &apos;children&apos;: [], &apos;features&apos;: {}}, {&apos;type&apos;: &apos;text&apos;, &apos;bbox&apos;: (213.827, 156.46599999999998, 216.597, 169.756), &apos;color_space&apos;: &apos;DeviceGray&apos;, &apos;ncolor&apos;: None, &apos;size&apos;: 13.29000000000002, &apos;value&apos;: &apos;.&apos;, &apos;children&apos;: [], &apos;features&apos;: {}}, {&apos;type&apos;: &apos;text&apos;, &apos;bbox&apos;: (216.597, 156.46599999999998, 219.36700000000002, 169.756), &apos;color_space&apos;: &apos;DeviceGray&apos;, &apos;ncolor&apos;: None, &apos;size&apos;: 13.29000000000002, &apos;value&apos;: &apos;.&apos;, &apos;children&apos;: [], &apos;features&apos;: {}}, {&apos;type&apos;: &apos;text&apos;, &apos;bbox&apos;: (219.36700000000002, 156.46599999999998, 222.13700000000003, 169.756), &apos;color_space&apos;: &apos;DeviceGray&apos;, &apos;ncolor&apos;: None, &apos;size&apos;: 13.29000000000002, &apos;value&apos;: &apos;.&apos;, &apos;children&apos;: [], &apos;features&apos;: {}}, {&apos;type&apos;: &apos;text&apos;, &apos;bbox&apos;: (222.137, 156.46599999999998, 224.907, 169.756), &apos;color_space&apos;: &apos;DeviceGray&apos;, &apos;ncolor&apos;: None, &apos;size&apos;: 13.29000000000002, &apos;value&apos;: &apos;.&apos;, &apos;children&apos;: [], &apos;features&apos;: {}}, {&apos;type&apos;: &apos;text&apos;, &apos;bbox&apos;: (224.907, 156.46599999999998, 227.67700000000002, 169.756), &apos;color_space&apos;: &apos;DeviceGray&apos;, &apos;ncolor&apos;: None, &apos;size&apos;: 13.29000000000002, &apos;value&apos;: &apos;.&apos;, &apos;children&apos;: [], &apos;features&apos;: {}}, {&apos;type&apos;: &apos;text&apos;, &apos;bbox&apos;: (227.67700000000002, 156.46599999999998, 230.44700000000003, 169.756), &apos;color_space&apos;: &apos;DeviceGray&apos;, &apos;ncolor&apos;: None, &apos;size&apos;: 13.29000000000002, &apos;value&apos;: &apos;.&apos;, &apos;children&apos;: [], &apos;features&apos;: {}}, {&apos;type&apos;: &apos;text&apos;, &apos;bbox&apos;: (230.447, 156.46599999999998, 233.217, 169.756), &apos;color_space&apos;: &apos;DeviceGray&apos;, &apos;ncolor&apos;: None, &apos;size&apos;: 13.29000000000002, &apos;value&apos;: &apos;.&apos;, &apos;children&apos;: [], &apos;features&apos;: {}}, {&apos;type&apos;: &apos;text&apos;, &apos;bbox&apos;: (233.217, 156.46599999999998, 235.98700000000002, 169.756), &apos;color_space&apos;: &apos;DeviceGray&apos;, &apos;ncolor&apos;: None, &apos;size&apos;: 13.29000000000002, &apos;value&apos;: &apos;.&apos;, &apos;children&apos;: [], &apos;features&apos;: {}}, {&apos;type&apos;: &apos;text&apos;, &apos;bbox&apos;: (235.98700000000002, 156.46599999999998, 238.75700000000003, 169.756), &apos;color_space&apos;: &apos;DeviceGray&apos;, &apos;ncolor&apos;: None, &apos;size&apos;: 13.29000000000002, &apos;value&apos;: &apos;.&apos;, &apos;children&apos;: [], &apos;features&apos;: {}}, {&apos;type&apos;: &apos;text&apos;, &apos;bbox&apos;: (238.757, 156.46599999999998, 241.52700000000002, 169.756), &apos;color_space&apos;: &apos;DeviceGray&apos;, &apos;ncolor&apos;: None, &apos;size&apos;: 13.29000000000002, &apos;value&apos;: &apos;.&apos;, &apos;children&apos;: [], &apos;features&apos;: {}}, {&apos;type&apos;: &apos;text&apos;, &apos;bbox&apos;: (241.52700000000002, 156.46599999999998, 244.29700000000003, 169.756), &apos;color_space&apos;: &apos;DeviceGray&apos;, &apos;ncolor&apos;: None, &apos;size&apos;: 13.29000000000002, &apos;value&apos;: &apos;.&apos;, &apos;children&apos;: [], &apos;features&apos;: {}}, {&apos;type&apos;: &apos;text&apos;, &apos;bbox&apos;: (244.29700000000003, 156.46599999999998, 247.06700000000004, 169.756), &apos;color_space&apos;: &apos;DeviceGray&apos;, &apos;ncolor&apos;: None, &apos;size&apos;: 13.29000000000002, &apos;value&apos;: &apos;.&apos;, &apos;children&apos;: [], &apos;features&apos;: {}}, {&apos;type&apos;: &apos;text&apos;, &apos;bbox&apos;: (247.067, 156.46599999999998, 249.83700000000002, 169.756), &apos;color_space&apos;: &apos;DeviceGray&apos;, &apos;ncolor&apos;: None, &apos;size&apos;: 13.29000000000002, &apos;value&apos;: &apos;.&apos;, &apos;children&apos;: [], &apos;features&apos;: {}}, {&apos;type&apos;: &apos;text&apos;, &apos;bbox&apos;: (249.837, 156.46599999999998, 252.607, 169.756), &apos;color_space&apos;: &apos;DeviceGray&apos;, &apos;ncolor&apos;: None, &apos;size&apos;: 13.29000000000002, &apos;value&apos;: &apos;.&apos;, &apos;children&apos;: [], &apos;features&apos;: {}}, {&apos;type&apos;: &apos;text&apos;, &apos;bbox&apos;: (252.607, 156.46599999999998, 255.377, 169.756), &apos;color_space&apos;: &apos;DeviceGray&apos;, &apos;ncolor&apos;: None, &apos;size&apos;: 13.29000000000002, &apos;value&apos;: &apos;.&apos;, &apos;children&apos;: [], &apos;features&apos;: {}}, {&apos;type&apos;: &apos;text&apos;, &apos;bbox&apos;: (255.377, 156.46599999999998, 258.147, 169.756), &apos;color_space&apos;: &apos;DeviceGray&apos;, &apos;ncolor&apos;: None, &apos;size&apos;: 13.29000000000002, &apos;value&apos;: &apos;.&apos;, &apos;children&apos;: [], &apos;features&apos;: {}}, {&apos;type&apos;: &apos;text&apos;, &apos;bbox&apos;: (258.147, 156.46599999999998, 260.917, 169.756), &apos;color_space&apos;: &apos;DeviceGray&apos;, &apos;ncolor&apos;: None, &apos;size&apos;: 13.29000000000002, &apos;value&apos;: &apos;.&apos;, &apos;children&apos;: [], &apos;features&apos;: {}}, {&apos;type&apos;: &apos;text&apos;, &apos;bbox&apos;: (260.917, 156.46599999999998, 263.68699999999995, 169.756), &apos;color_space&apos;: &apos;DeviceGray&apos;, &apos;ncolor&apos;: None, &apos;size&apos;: 13.29000000000002, &apos;value&apos;: &apos;.&apos;, &apos;children&apos;: [], &apos;features&apos;: {}}, {&apos;type&apos;: &apos;text&apos;, &apos;bbox&apos;: (263.687, 156.46599999999998, 266.457, 169.756), &apos;color_space&apos;: &apos;DeviceGray&apos;, &apos;ncolor&apos;: None, &apos;size&apos;: 13.29000000000002, &apos;value&apos;: &apos;.&apos;, &apos;children&apos;: [], &apos;features&apos;: {}}, {&apos;type&apos;: &apos;text&apos;, &apos;bbox&apos;: (266.457, 156.46599999999998, 269.227, 169.756), &apos;color_space&apos;: &apos;DeviceGray&apos;, &apos;ncolor&apos;: None, &apos;size&apos;: 13.29000000000002, &apos;value&apos;: &apos;.&apos;, &apos;children&apos;: [], &apos;features&apos;: {}}, {&apos;type&apos;: &apos;text&apos;, &apos;bbox&apos;: (269.227, 156.46599999999998, 271.99699999999996, 169.756), &apos;color_space&apos;: &apos;DeviceGray&apos;, &apos;ncolor&apos;: None, &apos;size&apos;: 13.29000000000002, &apos;value&apos;: &apos;.&apos;, &apos;children&apos;: [], &apos;features&apos;: {}}, {&apos;type&apos;: &apos;text&apos;, &apos;bbox&apos;: (271.99699999999996, 156.46599999999998, 274.76699999999994, 169.756), &apos;color_space&apos;: &apos;DeviceGray&apos;, &apos;ncolor&apos;: None, &apos;size&apos;: 13.29000000000002, &apos;value&apos;: &apos;.&apos;, &apos;children&apos;: [], &apos;features&apos;: {}}, {&apos;type&apos;: &apos;text&apos;, &apos;bbox&apos;: (274.76699999999994, 156.46599999999998, 277.5369999999999, 169.756), &apos;color_space&apos;: &apos;DeviceGray&apos;, &apos;ncolor&apos;: None, &apos;size&apos;: 13.29000000000002, &apos;value&apos;: &apos;.&apos;, &apos;children&apos;: [], &apos;features&apos;: {}}, {&apos;type&apos;: &apos;text&apos;, &apos;bbox&apos;: (277.537, 156.46599999999998, 280.30699999999996, 169.756), &apos;color_space&apos;: &apos;DeviceGray&apos;, &apos;ncolor&apos;: None, &apos;size&apos;: 13.29000000000002, &apos;value&apos;: &apos;.&apos;, &apos;children&apos;: [], &apos;features&apos;: {}}, {&apos;type&apos;: &apos;text&apos;, &apos;bbox&apos;: (280.30699999999996, 156.46599999999998, 283.07699999999994, 169.756), &apos;color_space&apos;: &apos;DeviceGray&apos;, &apos;ncolor&apos;: None, &apos;size&apos;: 13.29000000000002, &apos;value&apos;: &apos;.&apos;, &apos;children&apos;: [], &apos;features&apos;: {}}, {&apos;type&apos;: &apos;text&apos;, &apos;bbox&apos;: (283.07699999999994, 156.46599999999998, 285.8469999999999, 169.756), &apos;color_space&apos;: &apos;DeviceGray&apos;, &apos;ncolor&apos;: None, &apos;size&apos;: 13.29000000000002, &apos;value&apos;: &apos;.&apos;, &apos;children&apos;: [], &apos;features&apos;: {}}, {&apos;type&apos;: &apos;text&apos;, &apos;bbox&apos;: (285.847, 156.46599999999998, 288.61699999999996, 169.756), &apos;color_space&apos;: &apos;DeviceGray&apos;, &apos;ncolor&apos;: None, &apos;size&apos;: 13.29000000000002, &apos;value&apos;: &apos;.&apos;, &apos;children&apos;: [], &apos;features&apos;: {}}, {&apos;type&apos;: &apos;text&apos;, &apos;bbox&apos;: (288.61699999999996, 156.46599999999998, 291.38699999999994, 169.756), &apos;color_space&apos;: &apos;DeviceGray&apos;, &apos;ncolor&apos;: None, &apos;size&apos;: 13.29000000000002, &apos;value&apos;: &apos;.&apos;, &apos;children&apos;: [], &apos;features&apos;: {}}, {&apos;type&apos;: &apos;text&apos;, &apos;bbox&apos;: (291.38699999999994, 156.46599999999998, 294.1569999999999, 169.756), &apos;color_space&apos;: &apos;DeviceGray&apos;, &apos;ncolor&apos;: None, &apos;size&apos;: 13.29000000000002, &apos;value&apos;: &apos;.&apos;, &apos;children&apos;: [], &apos;features&apos;: {}}, {&apos;type&apos;: &apos;text&apos;, &apos;bbox&apos;: (294.1569999999999, 156.46599999999998, 296.9269999999999, 169.756), &apos;color_space&apos;: &apos;DeviceGray&apos;, &apos;ncolor&apos;: None, &apos;size&apos;: 13.29000000000002, &apos;value&apos;: &apos;.&apos;, &apos;children&apos;: [], &apos;features&apos;: {}}, {&apos;type&apos;: &apos;text&apos;, &apos;bbox&apos;: (296.9269999999999, 156.46599999999998, 299.6969999999999, 169.756), &apos;color_space&apos;: &apos;DeviceGray&apos;, &apos;ncolor&apos;: None, &apos;size&apos;: 13.29000000000002, &apos;value&apos;: &apos;.&apos;, &apos;children&apos;: [], &apos;features&apos;: {}}, {&apos;type&apos;: &apos;text&apos;, &apos;bbox&apos;: (299.69699999999995, 156.46599999999998, 302.4669999999999, 169.756), &apos;color_space&apos;: &apos;DeviceGray&apos;, &apos;ncolor&apos;: None, &apos;size&apos;: 13.29000000000002, &apos;value&apos;: &apos;.&apos;, &apos;children&apos;: [], &apos;features&apos;: {}}, {&apos;type&apos;: &apos;text&apos;, &apos;bbox&apos;: (302.4669999999999, 156.46599999999998, 305.2369999999999, 169.756), &apos;color_space&apos;: &apos;DeviceGray&apos;, &apos;ncolor&apos;: None, &apos;size&apos;: 13.29000000000002, &apos;value&apos;: &apos;.&apos;, &apos;children&apos;: [], &apos;features&apos;: {}}, {&apos;type&apos;: &apos;text&apos;, &apos;bbox&apos;: (305.23699999999997, 156.46599999999998, 308.00699999999995, 169.756), &apos;color_space&apos;: &apos;DeviceGray&apos;, &apos;ncolor&apos;: None, &apos;size&apos;: 13.29000000000002, &apos;value&apos;: &apos;.&apos;, &apos;children&apos;: [], &apos;features&apos;: {}}, {&apos;type&apos;: &apos;text&apos;, &apos;bbox&apos;: (308.00699999999995, 156.46599999999998, 310.77699999999993, 169.756), &apos;color_space&apos;: &apos;DeviceGray&apos;, &apos;ncolor&apos;: None, &apos;size&apos;: 13.29000000000002, &apos;value&apos;: &apos;.&apos;, &apos;children&apos;: [], &apos;features&apos;: {}}, {&apos;type&apos;: &apos;text&apos;, &apos;bbox&apos;: (310.77699999999993, 156.46599999999998, 313.5469999999999, 169.756), &apos;color_space&apos;: &apos;DeviceGray&apos;, &apos;ncolor&apos;: None, &apos;size&apos;: 13.29000000000002, &apos;value&apos;: &apos;.&apos;, &apos;children&apos;: [], &apos;features&apos;: {}}, {&apos;type&apos;: &apos;text&apos;, &apos;bbox&apos;: (313.54699999999997, 156.46599999999998, 316.31699999999995, 169.756), &apos;color_space&apos;: &apos;DeviceGray&apos;, &apos;ncolor&apos;: None, &apos;size&apos;: 13.29000000000002, &apos;value&apos;: &apos;.&apos;, &apos;children&apos;: [], &apos;features&apos;: {}}, {&apos;type&apos;: &apos;text&apos;, &apos;bbox&apos;: (316.317, 156.46599999999998, 319.087, 169.756), &apos;color_space&apos;: &apos;DeviceGray&apos;, &apos;ncolor&apos;: None, &apos;size&apos;: 13.29000000000002, &apos;value&apos;: &apos;.&apos;, &apos;children&apos;: [], &apos;features&apos;: {}}, {&apos;type&apos;: &apos;text&apos;, &apos;bbox&apos;: (319.087, 156.46599999999998, 321.85699999999997, 169.756), &apos;color_space&apos;: &apos;DeviceGray&apos;, &apos;ncolor&apos;: None, &apos;size&apos;: 13.29000000000002, &apos;value&apos;: &apos;.&apos;, &apos;children&apos;: [], &apos;features&apos;: {}}, {&apos;type&apos;: &apos;text&apos;, &apos;bbox&apos;: (321.85699999999997, 156.46599999999998, 324.62699999999995, 169.756), &apos;color_space&apos;: &apos;DeviceGray&apos;, &apos;ncolor&apos;: None, &apos;size&apos;: 13.29000000000002, &apos;value&apos;: &apos;.&apos;, &apos;children&apos;: [], &apos;features&apos;: {}}, {&apos;type&apos;: &apos;text&apos;, &apos;bbox&apos;: (324.627, 156.46599999999998, 327.397, 169.756), &apos;color_space&apos;: &apos;DeviceGray&apos;, &apos;ncolor&apos;: None, &apos;size&apos;: 13.29000000000002, &apos;value&apos;: &apos;.&apos;, &apos;children&apos;: [], &apos;features&apos;: {}}, {&apos;type&apos;: &apos;text&apos;, &apos;bbox&apos;: (327.39700000000005, 156.46599999999998, 330.16700000000003, 169.756), &apos;color_space&apos;: &apos;DeviceGray&apos;, &apos;ncolor&apos;: None, &apos;size&apos;: 13.29000000000002, &apos;value&apos;: &apos;.&apos;, &apos;children&apos;: [], &apos;features&apos;: {}}, {&apos;type&apos;: &apos;text&apos;, &apos;bbox&apos;: (330.16700000000003, 156.46599999999998, 332.937, 169.756), &apos;color_space&apos;: &apos;DeviceGray&apos;, &apos;ncolor&apos;: None, &apos;size&apos;: 13.29000000000002, &apos;value&apos;: &apos;.&apos;, &apos;children&apos;: [], &apos;features&apos;: {}}, {&apos;type&apos;: &apos;text&apos;, &apos;bbox&apos;: (332.937, 156.46599999999998, 335.707, 169.756), &apos;color_space&apos;: &apos;DeviceGray&apos;, &apos;ncolor&apos;: None, &apos;size&apos;: 13.29000000000002, &apos;value&apos;: &apos;.&apos;, &apos;children&apos;: [], &apos;features&apos;: {}}, {&apos;type&apos;: &apos;text&apos;, &apos;bbox&apos;: (335.70700000000005, 156.46599999999998, 338.47700000000003, 169.756), &apos;color_space&apos;: &apos;DeviceGray&apos;, &apos;ncolor&apos;: None, &apos;size&apos;: 13.29000000000002, &apos;value&apos;: &apos;.&apos;, &apos;children&apos;: [], &apos;features&apos;: {}}, {&apos;type&apos;: &apos;text&apos;, &apos;bbox&apos;: (338.4770000000001, 156.46599999999998, 341.24700000000007, 169.756), &apos;color_space&apos;: &apos;DeviceGray&apos;, &apos;ncolor&apos;: None, &apos;size&apos;: 13.29000000000002, &apos;value&apos;: &apos;.&apos;, &apos;children&apos;: [], &apos;features&apos;: {}}, {&apos;type&apos;: &apos;text&apos;, &apos;bbox&apos;: (341.24700000000007, 156.46599999999998, 344.01700000000005, 169.756), &apos;color_space&apos;: &apos;DeviceGray&apos;, &apos;ncolor&apos;: None, &apos;size&apos;: 13.29000000000002, &apos;value&apos;: &apos;.&apos;, &apos;children&apos;: [], &apos;features&apos;: {}}, {&apos;type&apos;: &apos;text&apos;, &apos;bbox&apos;: (344.01700000000005, 156.46599999999998, 346.78700000000003, 169.756), &apos;color_space&apos;: &apos;DeviceGray&apos;, &apos;ncolor&apos;: None, &apos;size&apos;: 13.29000000000002, &apos;value&apos;: &apos;.&apos;, &apos;children&apos;: [], &apos;features&apos;: {}}, {&apos;type&apos;: &apos;text&apos;, &apos;bbox&apos;: (346.7870000000001, 156.46599999999998, 349.5570000000001, 169.756), &apos;color_space&apos;: &apos;DeviceGray&apos;, &apos;ncolor&apos;: None, &apos;size&apos;: 13.29000000000002, &apos;value&apos;: &apos;.&apos;, &apos;children&apos;: [], &apos;features&apos;: {}}, {&apos;type&apos;: &apos;text&apos;, &apos;bbox&apos;: (349.55700000000013, 156.46599999999998, 352.3270000000001, 169.756), &apos;color_space&apos;: &apos;DeviceGray&apos;, &apos;ncolor&apos;: None, &apos;size&apos;: 13.29000000000002, &apos;value&apos;: &apos;.&apos;, &apos;children&apos;: [], &apos;features&apos;: {}}, {&apos;type&apos;: &apos;text&apos;, &apos;bbox&apos;: (352.3270000000001, 156.46599999999998, 355.0970000000001, 169.756), &apos;color_space&apos;: &apos;DeviceGray&apos;, &apos;ncolor&apos;: None, &apos;size&apos;: 13.29000000000002, &apos;value&apos;: &apos;.&apos;, &apos;children&apos;: [], &apos;features&apos;: {}}, {&apos;type&apos;: &apos;text&apos;, &apos;bbox&apos;: (355.0970000000001, 156.46599999999998, 357.8670000000001, 169.756), &apos;color_space&apos;: &apos;DeviceGray&apos;, &apos;ncolor&apos;: None, &apos;size&apos;: 13.29000000000002, &apos;value&apos;: &apos;.&apos;, &apos;children&apos;: [], &apos;features&apos;: {}}, {&apos;type&apos;: &apos;text&apos;, &apos;bbox&apos;: (357.86700000000013, 156.46599999999998, 360.6370000000001, 169.756), &apos;color_space&apos;: &apos;DeviceGray&apos;, &apos;ncolor&apos;: None, &apos;size&apos;: 13.29000000000002, &apos;value&apos;: &apos;.&apos;, &apos;children&apos;: [], &apos;features&apos;: {}}, {&apos;type&apos;: &apos;text&apos;, &apos;bbox&apos;: (360.63700000000017, 156.46599999999998, 363.40700000000015, 169.756), &apos;color_space&apos;: &apos;DeviceGray&apos;, &apos;ncolor&apos;: None, &apos;size&apos;: 13.29000000000002, &apos;value&apos;: &apos;.&apos;, &apos;children&apos;: [], &apos;features&apos;: {}}, {&apos;type&apos;: &apos;text&apos;, &apos;bbox&apos;: (363.40700000000015, 156.46599999999998, 366.17700000000013, 169.756), &apos;color_space&apos;: &apos;DeviceGray&apos;, &apos;ncolor&apos;: None, &apos;size&apos;: 13.29000000000002, &apos;value&apos;: &apos;.&apos;, &apos;children&apos;: [], &apos;features&apos;: {}}, {&apos;type&apos;: &apos;text&apos;, &apos;bbox&apos;: (366.17700000000013, 156.46599999999998, 368.9470000000001, 169.756), &apos;color_space&apos;: &apos;DeviceGray&apos;, &apos;ncolor&apos;: None, &apos;size&apos;: 13.29000000000002, &apos;value&apos;: &apos;.&apos;, &apos;children&apos;: [], &apos;features&apos;: {}}, {&apos;type&apos;: &apos;text&apos;, &apos;bbox&apos;: (368.9470000000002, 156.46599999999998, 371.71700000000016, 169.756), &apos;color_space&apos;: &apos;DeviceGray&apos;, &apos;ncolor&apos;: None, &apos;size&apos;: 13.29000000000002, &apos;value&apos;: &apos;.&apos;, &apos;children&apos;: [], &apos;features&apos;: {}}, {&apos;type&apos;: &apos;text&apos;, &apos;bbox&apos;: (371.7170000000002, 156.46599999999998, 374.4870000000002, 169.756), &apos;color_space&apos;: &apos;DeviceGray&apos;, &apos;ncolor&apos;: None, &apos;size&apos;: 13.29000000000002, &apos;value&apos;: &apos;.&apos;, &apos;children&apos;: [], &apos;features&apos;: {}}, {&apos;type&apos;: &apos;text&apos;, &apos;bbox&apos;: (374.4870000000002, 156.46599999999998, 377.2570000000002, 169.756), &apos;color_space&apos;: &apos;DeviceGray&apos;, &apos;ncolor&apos;: None, &apos;size&apos;: 13.29000000000002, &apos;value&apos;: &apos;.&apos;, &apos;children&apos;: [], &apos;features&apos;: {}}, {&apos;type&apos;: &apos;text&apos;, &apos;bbox&apos;: (377.2570000000002, 156.46599999999998, 380.02700000000016, 169.756), &apos;color_space&apos;: &apos;DeviceGray&apos;, &apos;ncolor&apos;: None, &apos;size&apos;: 13.29000000000002, &apos;value&apos;: &apos;.&apos;, &apos;children&apos;: [], &apos;features&apos;: {}}, {&apos;type&apos;: &apos;text&apos;, &apos;bbox&apos;: (380.0270000000002, 156.46599999999998, 382.7970000000002, 169.756), &apos;color_space&apos;: &apos;DeviceGray&apos;, &apos;ncolor&apos;: None, &apos;size&apos;: 13.29000000000002, &apos;value&apos;: &apos;.&apos;, &apos;children&apos;: [], &apos;features&apos;: {}}, {&apos;type&apos;: &apos;text&apos;, &apos;bbox&apos;: (382.79700000000025, 156.46599999999998, 385.56700000000023, 169.756), &apos;color_space&apos;: &apos;DeviceGray&apos;, &apos;ncolor&apos;: None, &apos;size&apos;: 13.29000000000002, &apos;value&apos;: &apos;.&apos;, &apos;children&apos;: [], &apos;features&apos;: {}}, {&apos;type&apos;: &apos;text&apos;, &apos;bbox&apos;: (385.56700000000023, 156.46599999999998, 388.3370000000002, 169.756), &apos;color_space&apos;: &apos;DeviceGray&apos;, &apos;ncolor&apos;: None, &apos;size&apos;: 13.29000000000002, &apos;value&apos;: &apos;.&apos;, &apos;children&apos;: [], &apos;features&apos;: {}}, {&apos;type&apos;: &apos;text&apos;, &apos;bbox&apos;: (388.3370000000002, 156.46599999999998, 391.1070000000002, 169.756), &apos;color_space&apos;: &apos;DeviceGray&apos;, &apos;ncolor&apos;: None, &apos;size&apos;: 13.29000000000002, &apos;value&apos;: &apos;.&apos;, &apos;children&apos;: [], &apos;features&apos;: {}}, {&apos;type&apos;: &apos;text&apos;, &apos;bbox&apos;: (391.10700000000026, 156.46599999999998, 393.87700000000024, 169.756), &apos;color_space&apos;: &apos;DeviceGray&apos;, &apos;ncolor&apos;: None, &apos;size&apos;: 13.29000000000002, &apos;value&apos;: &apos;.&apos;, &apos;children&apos;: [], &apos;features&apos;: {}}, {&apos;type&apos;: &apos;text&apos;, &apos;bbox&apos;: (393.8770000000003, 156.46599999999998, 396.6470000000003, 169.756), &apos;color_space&apos;: &apos;DeviceGray&apos;, &apos;ncolor&apos;: None, &apos;size&apos;: 13.29000000000002, &apos;value&apos;: &apos;.&apos;, &apos;children&apos;: [], &apos;features&apos;: {}}, {&apos;type&apos;: &apos;text&apos;, &apos;bbox&apos;: (396.6470000000003, 156.46599999999998, 399.41700000000026, 169.756), &apos;color_space&apos;: &apos;DeviceGray&apos;, &apos;ncolor&apos;: None, &apos;size&apos;: 13.29000000000002, &apos;value&apos;: &apos;.&apos;, &apos;children&apos;: [], &apos;features&apos;: {}}, {&apos;type&apos;: &apos;text&apos;, &apos;bbox&apos;: (399.41700000000026, 156.46599999999998, 402.18700000000024, 169.756), &apos;color_space&apos;: &apos;DeviceGray&apos;, &apos;ncolor&apos;: None, &apos;size&apos;: 13.29000000000002, &apos;value&apos;: &apos;.&apos;, &apos;children&apos;: [], &apos;features&apos;: {}}, {&apos;type&apos;: &apos;text&apos;, &apos;bbox&apos;: (402.1870000000003, 156.46599999999998, 404.9570000000003, 169.756), &apos;color_space&apos;: &apos;DeviceGray&apos;, &apos;ncolor&apos;: None, &apos;size&apos;: 13.29000000000002, &apos;value&apos;: &apos;.&apos;, &apos;children&apos;: [], &apos;features&apos;: {}}, {&apos;type&apos;: &apos;text&apos;, &apos;bbox&apos;: (404.95700000000033, 156.46599999999998, 407.7270000000003, 169.756), &apos;color_space&apos;: &apos;DeviceGray&apos;, &apos;ncolor&apos;: None, &apos;size&apos;: 13.29000000000002, &apos;value&apos;: &apos;.&apos;, &apos;children&apos;: [], &apos;features&apos;: {}}, {&apos;type&apos;: &apos;text&apos;, &apos;bbox&apos;: (407.7270000000003, 156.46599999999998, 410.4970000000003, 169.756), &apos;color_space&apos;: &apos;DeviceGray&apos;, &apos;ncolor&apos;: None, &apos;size&apos;: 13.29000000000002, &apos;value&apos;: &apos;.&apos;, &apos;children&apos;: [], &apos;features&apos;: {}}, {&apos;type&apos;: &apos;text&apos;, &apos;bbox&apos;: (410.4970000000003, 156.46599999999998, 413.2670000000003, 169.756), &apos;color_space&apos;: &apos;DeviceGray&apos;, &apos;ncolor&apos;: None, &apos;size&apos;: 13.29000000000002, &apos;value&apos;: &apos;.&apos;, &apos;children&apos;: [], &apos;features&apos;: {}}, {&apos;type&apos;: &apos;text&apos;, &apos;bbox&apos;: (413.26700000000034, 156.46599999999998, 416.0370000000003, 169.756), &apos;color_space&apos;: &apos;DeviceGray&apos;, &apos;ncolor&apos;: None, &apos;size&apos;: 13.29000000000002, &apos;value&apos;: &apos;.&apos;, &apos;children&apos;: [], &apos;features&apos;: {}}, {&apos;type&apos;: &apos;text&apos;, &apos;bbox&apos;: (416.0370000000004, 156.46599999999998, 418.80700000000036, 169.756), &apos;color_space&apos;: &apos;DeviceGray&apos;, &apos;ncolor&apos;: None, &apos;size&apos;: 13.29000000000002, &apos;value&apos;: &apos;.&apos;, &apos;children&apos;: [], &apos;features&apos;: {}}, {&apos;type&apos;: &apos;text&apos;, &apos;bbox&apos;: (418.80700000000036, 156.46599999999998, 421.57700000000034, 169.756), &apos;color_space&apos;: &apos;DeviceGray&apos;, &apos;ncolor&apos;: None, &apos;size&apos;: 13.29000000000002, &apos;value&apos;: &apos;.&apos;, &apos;children&apos;: [], &apos;features&apos;: {}}, {&apos;type&apos;: &apos;text&apos;, &apos;bbox&apos;: (421.57700000000034, 156.46599999999998, 424.3470000000003, 169.756), &apos;color_space&apos;: &apos;DeviceGray&apos;, &apos;ncolor&apos;: None, &apos;size&apos;: 13.29000000000002, &apos;value&apos;: &apos;.&apos;, &apos;children&apos;: [], &apos;features&apos;: {}}, {&apos;type&apos;: &apos;text&apos;, &apos;bbox&apos;: (424.3470000000004, 156.46599999999998, 427.11700000000036, 169.756), &apos;color_space&apos;: &apos;DeviceGray&apos;, &apos;ncolor&apos;: None, &apos;size&apos;: 13.29000000000002, &apos;value&apos;: &apos;.&apos;, &apos;children&apos;: [], &apos;features&apos;: {}}, {&apos;type&apos;: &apos;text&apos;, &apos;bbox&apos;: (427.1170000000004, 156.46599999999998, 429.8870000000004, 169.756), &apos;color_space&apos;: &apos;DeviceGray&apos;, &apos;ncolor&apos;: None, &apos;size&apos;: 13.29000000000002, &apos;value&apos;: &apos;.&apos;, &apos;children&apos;: [], &apos;features&apos;: {}}, {&apos;type&apos;: &apos;text&apos;, &apos;bbox&apos;: (429.8870000000004, 156.46599999999998, 432.6570000000004, 169.756), &apos;color_space&apos;: &apos;DeviceGray&apos;, &apos;ncolor&apos;: None, &apos;size&apos;: 13.29000000000002, &apos;value&apos;: &apos;.&apos;, &apos;children&apos;: [], &apos;features&apos;: {}}, {&apos;type&apos;: &apos;text&apos;, &apos;bbox&apos;: (432.6570000000004, 156.46599999999998, 435.42700000000036, 169.756), &apos;color_space&apos;: &apos;DeviceGray&apos;, &apos;ncolor&apos;: None, &apos;size&apos;: 13.29000000000002, &apos;value&apos;: &apos;.&apos;, &apos;children&apos;: [], &apos;features&apos;: {}}, {&apos;type&apos;: &apos;text&apos;, &apos;bbox&apos;: (435.42700000000036, 156.46599999999998, 438.19700000000034, 169.756), &apos;color_space&apos;: &apos;DeviceGray&apos;, &apos;ncolor&apos;: None, &apos;size&apos;: 13.29000000000002, &apos;value&apos;: &apos;.&apos;, &apos;children&apos;: [], &apos;features&apos;: {}}, {&apos;type&apos;: &apos;text&apos;, &apos;bbox&apos;: (438.19700000000034, 156.46599999999998, 440.9670000000003, 169.756), &apos;color_space&apos;: &apos;DeviceGray&apos;, &apos;ncolor&apos;: None, &apos;size&apos;: 13.29000000000002, &apos;value&apos;: &apos;.&apos;, &apos;children&apos;: [], &apos;features&apos;: {}}, {&apos;type&apos;: &apos;text&apos;, &apos;bbox&apos;: (440.9670000000003, 156.46599999999998, 443.7370000000003, 169.756), &apos;color_space&apos;: &apos;DeviceGray&apos;, &apos;ncolor&apos;: None, &apos;size&apos;: 13.29000000000002, &apos;value&apos;: &apos;.&apos;, &apos;children&apos;: [], &apos;features&apos;: {}}, {&apos;type&apos;: &apos;text&apos;, &apos;bbox&apos;: (443.7370000000003, 156.46599999999998, 446.5070000000003, 169.756), &apos;color_space&apos;: &apos;DeviceGray&apos;, &apos;ncolor&apos;: None, &apos;size&apos;: 13.29000000000002, &apos;value&apos;: &apos;.&apos;, &apos;children&apos;: [], &apos;features&apos;: {}}, {&apos;type&apos;: &apos;text&apos;, &apos;bbox&apos;: (446.5070000000003, 156.46599999999998, 449.27700000000027, 169.756), &apos;color_space&apos;: &apos;DeviceGray&apos;, &apos;ncolor&apos;: None, &apos;size&apos;: 13.29000000000002, &apos;value&apos;: &apos;.&apos;, &apos;children&apos;: [], &apos;features&apos;: {}}, {&apos;type&apos;: &apos;text&apos;, &apos;bbox&apos;: (449.27700000000027, 156.46599999999998, 452.04700000000025, 169.756), &apos;color_space&apos;: &apos;DeviceGray&apos;, &apos;ncolor&apos;: None, &apos;size&apos;: 13.29000000000002, &apos;value&apos;: &apos;.&apos;, &apos;children&apos;: [], &apos;features&apos;: {}}, {&apos;type&apos;: &apos;text&apos;, &apos;bbox&apos;: (452.04700000000025, 156.46599999999998, 454.81700000000023, 169.756), &apos;color_space&apos;: &apos;DeviceGray&apos;, &apos;ncolor&apos;: None, &apos;size&apos;: 13.29000000000002, &apos;value&apos;: &apos;.&apos;, &apos;children&apos;: [], &apos;features&apos;: {}}, {&apos;type&apos;: &apos;text&apos;, &apos;bbox&apos;: (454.81700000000023, 156.46599999999998, 457.5870000000002, 169.756), &apos;color_space&apos;: &apos;DeviceGray&apos;, &apos;ncolor&apos;: None, &apos;size&apos;: 13.29000000000002, &apos;value&apos;: &apos;.&apos;, &apos;children&apos;: [], &apos;features&apos;: {}}, {&apos;type&apos;: &apos;text&apos;, &apos;bbox&apos;: (457.5870000000002, 156.46599999999998, 460.3570000000002, 169.756), &apos;color_space&apos;: &apos;DeviceGray&apos;, &apos;ncolor&apos;: None, &apos;size&apos;: 13.29000000000002, &apos;value&apos;: &apos;.&apos;, &apos;children&apos;: [], &apos;features&apos;: {}}, {&apos;type&apos;: &apos;text&apos;, &apos;bbox&apos;: (460.3570000000002, 156.46599999999998, 463.1270000000002, 169.756), &apos;color_space&apos;: &apos;DeviceGray&apos;, &apos;ncolor&apos;: None, &apos;size&apos;: 13.29000000000002, &apos;value&apos;: &apos;.&apos;, &apos;children&apos;: [], &apos;features&apos;: {}}, {&apos;type&apos;: &apos;text&apos;, &apos;bbox&apos;: (463.1270000000002, 156.46599999999998, 465.89700000000016, 169.756), &apos;color_space&apos;: &apos;DeviceGray&apos;, &apos;ncolor&apos;: None, &apos;size&apos;: 13.29000000000002, &apos;value&apos;: &apos;.&apos;, &apos;children&apos;: [], &apos;features&apos;: {}}, {&apos;type&apos;: &apos;text&apos;, &apos;bbox&apos;: (465.89700000000016, 156.46599999999998, 468.66700000000014, 169.756), &apos;color_space&apos;: &apos;DeviceGray&apos;, &apos;ncolor&apos;: None, &apos;size&apos;: 13.29000000000002, &apos;value&apos;: &apos;.&apos;, &apos;children&apos;: [], &apos;features&apos;: {}}, {&apos;type&apos;: &apos;text&apos;, &apos;bbox&apos;: (468.66700000000014, 156.46599999999998, 471.4370000000001, 169.756), &apos;color_space&apos;: &apos;DeviceGray&apos;, &apos;ncolor&apos;: None, &apos;size&apos;: 13.29000000000002, &apos;value&apos;: &apos;.&apos;, &apos;children&apos;: [], &apos;features&apos;: {}}, {&apos;type&apos;: &apos;text&apos;, &apos;bbox&apos;: (471.4370000000001, 156.46599999999998, 474.2070000000001, 169.756), &apos;color_space&apos;: &apos;DeviceGray&apos;, &apos;ncolor&apos;: None, &apos;size&apos;: 13.29000000000002, &apos;value&apos;: &apos;.&apos;, &apos;children&apos;: [], &apos;features&apos;: {}}, {&apos;type&apos;: &apos;text&apos;, &apos;bbox&apos;: (474.2070000000001, 156.46599999999998, 476.9770000000001, 169.756), &apos;color_space&apos;: &apos;DeviceGray&apos;, &apos;ncolor&apos;: None, &apos;size&apos;: 13.29000000000002, &apos;value&apos;: &apos;.&apos;, &apos;children&apos;: [], &apos;features&apos;: {}}, {&apos;type&apos;: &apos;text&apos;, &apos;bbox&apos;: (476.9770000000001, 156.46599999999998, 479.74700000000007, 169.756), &apos;color_space&apos;: &apos;DeviceGray&apos;, &apos;ncolor&apos;: None, &apos;size&apos;: 13.29000000000002, &apos;value&apos;: &apos;.&apos;, &apos;children&apos;: [], &apos;features&apos;: {}}, {&apos;type&apos;: &apos;text&apos;, &apos;bbox&apos;: (479.74700000000007, 156.46599999999998, 482.51700000000005, 169.756), &apos;color_space&apos;: &apos;DeviceGray&apos;, &apos;ncolor&apos;: None, &apos;size&apos;: 13.29000000000002, &apos;value&apos;: &apos;.&apos;, &apos;children&apos;: [], &apos;features&apos;: {}}, {&apos;type&apos;: &apos;text&apos;, &apos;bbox&apos;: (482.51700000000005, 156.46599999999998, 485.28700000000003, 169.756), &apos;color_space&apos;: &apos;DeviceGray&apos;, &apos;ncolor&apos;: None, &apos;size&apos;: 13.29000000000002, &apos;value&apos;: &apos;.&apos;, &apos;children&apos;: [], &apos;features&apos;: {}}, {&apos;type&apos;: &apos;text&apos;, &apos;bbox&apos;: (485.28700000000003, 156.46599999999998, 488.057, 169.756), &apos;color_space&apos;: &apos;DeviceGray&apos;, &apos;ncolor&apos;: None, &apos;size&apos;: 13.29000000000002, &apos;value&apos;: &apos;.&apos;, &apos;children&apos;: [], &apos;features&apos;: {}}, {&apos;type&apos;: &apos;text&apos;, &apos;bbox&apos;: (489.548, 156.46599999999998, 495.108, 169.756), &apos;color_space&apos;: &apos;DeviceGray&apos;, &apos;ncolor&apos;: None, &apos;size&apos;: 13.29000000000002, &apos;value&apos;: &apos;7&apos;, &apos;children&apos;: [], &apos;features&apos;: {}}, {&apos;type&apos;: &apos;text&apos;, &apos;bbox&apos;: (495.108, 156.46599999999998, 498.438, 169.756), &apos;color_space&apos;: &apos;DeviceGray&apos;, &apos;ncolor&apos;: None, &apos;size&apos;: 13.29000000000002, &apos;value&apos;: &apos;-&apos;, &apos;children&apos;: [], &apos;features&apos;: {}}, {&apos;type&apos;: &apos;text&apos;, &apos;bbox&apos;: (498.439, 156.46599999999998, 503.999, 169.756), &apos;color_space&apos;: &apos;DeviceGray&apos;, &apos;ncolor&apos;: None, &apos;size&apos;: 13.29000000000002, &apos;value&apos;: &apos;4&apos;, &apos;children&apos;: [], &apos;features&apos;: {}}], &apos;features&apos;: {}}
*********************





--------------------------------- CONTENT AREA --------------------------------- 
This content area has an image
{&apos;type&apos;: &apos;figure&apos;, &apos;bbox&apos;: (0, 0, 612.0, 792.0), &apos;name&apos;: &apos;fx43&apos;, &apos;children&apos;: [{&apos;type&apos;: &apos;text&apos;, &apos;bbox&apos;: (78.0, 140.244, 86.31, 153.724), &apos;color_space&apos;: &apos;DeviceGray&apos;, &apos;ncolor&apos;: None, &apos;size&apos;: 13.47999999999999, &apos;value&apos;: &apos;D&apos;, &apos;children&apos;: [], &apos;features&apos;: {}}, {&apos;type&apos;: &apos;text&apos;, &apos;bbox&apos;: (86.31, 140.244, 90.2, 153.724), &apos;color_space&apos;: &apos;DeviceGray&apos;, &apos;ncolor&apos;: None, &apos;size&apos;: 13.47999999999999, &apos;value&apos;: &apos;I&apos;, &apos;children&apos;: [], &apos;features&apos;: {}}, {&apos;type&apos;: &apos;text&apos;, &apos;bbox&apos;: (90.2, 140.244, 100.2, 153.724), &apos;color_space&apos;: &apos;DeviceGray&apos;, &apos;ncolor&apos;: None, &apos;size&apos;: 13.47999999999999, &apos;value&apos;: &apos;M&apos;, &apos;children&apos;: [], &apos;features&apos;: {}}, {&apos;type&apos;: &apos;text&apos;, &apos;bbox&apos;: (100.2, 140.244, 105.2, 153.724), &apos;color_space&apos;: &apos;DeviceGray&apos;, &apos;ncolor&apos;: None, &apos;size&apos;: 13.47999999999999, &apos;value&apos;: &apos;_&apos;, &apos;children&apos;: [], &apos;features&apos;: {}}, {&apos;type&apos;: &apos;text&apos;, &apos;bbox&apos;: (105.2, 140.244, 113.53, 153.724), &apos;color_space&apos;: &apos;DeviceGray&apos;, &apos;ncolor&apos;: None, &apos;size&apos;: 13.47999999999999, &apos;value&apos;: &apos;O&apos;, &apos;children&apos;: [], &apos;features&apos;: {}}, {&apos;type&apos;: &apos;text&apos;, &apos;bbox&apos;: (113.53, 140.244, 120.66, 153.724), &apos;color_space&apos;: &apos;DeviceGray&apos;, &apos;ncolor&apos;: None, &apos;size&apos;: 13.47999999999999, &apos;value&apos;: &apos;R&apos;, &apos;children&apos;: [], &apos;features&apos;: {}}, {&apos;type&apos;: &apos;text&apos;, &apos;bbox&apos;: (120.66, 140.244, 128.99, 153.724), &apos;color_space&apos;: &apos;DeviceGray&apos;, &apos;ncolor&apos;: None, &apos;size&apos;: 13.47999999999999, &apos;value&apos;: &apos;G&apos;, &apos;children&apos;: [], &apos;features&apos;: {}}, {&apos;type&apos;: &apos;text&apos;, &apos;bbox&apos;: (128.99, 140.244, 133.99, 153.724), &apos;color_space&apos;: &apos;DeviceGray&apos;, &apos;ncolor&apos;: None, &apos;size&apos;: 13.47999999999999, &apos;value&apos;: &apos;_&apos;, &apos;children&apos;: [], &apos;features&apos;: {}}, {&apos;type&apos;: &apos;text&apos;, &apos;bbox&apos;: (133.99, 140.244, 141.76000000000002, 153.724), &apos;color_space&apos;: &apos;DeviceGray&apos;, &apos;ncolor&apos;: None, &apos;size&apos;: 13.47999999999999, &apos;value&apos;: &apos;U&apos;, &apos;children&apos;: [], &apos;features&apos;: {}}, {&apos;type&apos;: &apos;text&apos;, &apos;bbox&apos;: (141.76, 140.244, 150.09, 153.724), &apos;color_space&apos;: &apos;DeviceGray&apos;, &apos;ncolor&apos;: None, &apos;size&apos;: 13.47999999999999, &apos;value&apos;: &apos;N&apos;, &apos;children&apos;: [], &apos;features&apos;: {}}, {&apos;type&apos;: &apos;text&apos;, &apos;bbox&apos;: (150.09, 140.244, 153.98, 153.724), &apos;color_space&apos;: &apos;DeviceGray&apos;, &apos;ncolor&apos;: None, &apos;size&apos;: 13.47999999999999, &apos;value&apos;: &apos;I&apos;, &apos;children&apos;: [], &apos;features&apos;: {}}, {&apos;type&apos;: &apos;text&apos;, &apos;bbox&apos;: (153.98000000000002, 140.244, 160.64000000000001, 153.724), &apos;color_space&apos;: &apos;DeviceGray&apos;, &apos;ncolor&apos;: None, &apos;size&apos;: 13.47999999999999, &apos;value&apos;: &apos;T&apos;, &apos;children&apos;: [], &apos;features&apos;: {}}, {&apos;type&apos;: &apos;text&apos;, &apos;bbox&apos;: (160.64, 140.244, 165.64, 153.724), &apos;color_space&apos;: &apos;DeviceGray&apos;, &apos;ncolor&apos;: None, &apos;size&apos;: 13.47999999999999, &apos;value&apos;: &apos;_&apos;, &apos;children&apos;: [], &apos;features&apos;: {}}, {&apos;type&apos;: &apos;text&apos;, &apos;bbox&apos;: (165.64, 140.244, 172.29999999999998, 153.724), &apos;color_space&apos;: &apos;DeviceGray&apos;, &apos;ncolor&apos;: None, &apos;size&apos;: 13.47999999999999, &apos;value&apos;: &apos;T&apos;, &apos;children&apos;: [], &apos;features&apos;: {}}, {&apos;type&apos;: &apos;text&apos;, &apos;bbox&apos;: (172.3, 140.244, 178.35000000000002, 153.724), &apos;color_space&apos;: &apos;DeviceGray&apos;, &apos;ncolor&apos;: None, &apos;size&apos;: 13.47999999999999, &apos;value&apos;: &apos;L&apos;, &apos;children&apos;: [], &apos;features&apos;: {}}, {&apos;type&apos;: &apos;text&apos;, &apos;bbox&apos;: (178.4, 140.975, 181.17000000000002, 154.26500000000001), &apos;color_space&apos;: &apos;DeviceGray&apos;, &apos;ncolor&apos;: None, &apos;size&apos;: 13.29000000000002, &apos;value&apos;: &apos;.&apos;, &apos;children&apos;: [], &apos;features&apos;: {}}, {&apos;type&apos;: &apos;text&apos;, &apos;bbox&apos;: (181.17000000000002, 140.975, 183.94000000000003, 154.26500000000001), &apos;color_space&apos;: &apos;DeviceGray&apos;, &apos;ncolor&apos;: None, &apos;size&apos;: 13.29000000000002, &apos;value&apos;: &apos;.&apos;, &apos;children&apos;: [], &apos;features&apos;: {}}, {&apos;type&apos;: &apos;text&apos;, &apos;bbox&apos;: (183.94, 140.975, 186.71, 154.26500000000001), &apos;color_space&apos;: &apos;DeviceGray&apos;, &apos;ncolor&apos;: None, &apos;size&apos;: 13.29000000000002, &apos;value&apos;: &apos;.&apos;, &apos;children&apos;: [], &apos;features&apos;: {}}, {&apos;type&apos;: &apos;text&apos;, &apos;bbox&apos;: (186.71, 140.975, 189.48000000000002, 154.26500000000001), &apos;color_space&apos;: &apos;DeviceGray&apos;, &apos;ncolor&apos;: None, &apos;size&apos;: 13.29000000000002, &apos;value&apos;: &apos;.&apos;, &apos;children&apos;: [], &apos;features&apos;: {}}, {&apos;type&apos;: &apos;text&apos;, &apos;bbox&apos;: (189.48000000000002, 140.975, 192.25000000000003, 154.26500000000001), &apos;color_space&apos;: &apos;DeviceGray&apos;, &apos;ncolor&apos;: None, &apos;size&apos;: 13.29000000000002, &apos;value&apos;: &apos;.&apos;, &apos;children&apos;: [], &apos;features&apos;: {}}, {&apos;type&apos;: &apos;text&apos;, &apos;bbox&apos;: (192.25, 140.975, 195.02, 154.26500000000001), &apos;color_space&apos;: &apos;DeviceGray&apos;, &apos;ncolor&apos;: None, &apos;size&apos;: 13.29000000000002, &apos;value&apos;: &apos;.&apos;, &apos;children&apos;: [], &apos;features&apos;: {}}, {&apos;type&apos;: &apos;text&apos;, &apos;bbox&apos;: (195.02, 140.975, 197.79000000000002, 154.26500000000001), &apos;color_space&apos;: &apos;DeviceGray&apos;, &apos;ncolor&apos;: None, &apos;size&apos;: 13.29000000000002, &apos;value&apos;: &apos;.&apos;, &apos;children&apos;: [], &apos;features&apos;: {}}, {&apos;type&apos;: &apos;text&apos;, &apos;bbox&apos;: (197.79000000000002, 140.975, 200.56000000000003, 154.26500000000001), &apos;color_space&apos;: &apos;DeviceGray&apos;, &apos;ncolor&apos;: None, &apos;size&apos;: 13.29000000000002, &apos;value&apos;: &apos;.&apos;, &apos;children&apos;: [], &apos;features&apos;: {}}, {&apos;type&apos;: &apos;text&apos;, &apos;bbox&apos;: (200.56, 140.975, 203.33, 154.26500000000001), &apos;color_space&apos;: &apos;DeviceGray&apos;, &apos;ncolor&apos;: None, &apos;size&apos;: 13.29000000000002, &apos;value&apos;: &apos;.&apos;, &apos;children&apos;: [], &apos;features&apos;: {}}, {&apos;type&apos;: &apos;text&apos;, &apos;bbox&apos;: (203.33, 140.975, 206.10000000000002, 154.26500000000001), &apos;color_space&apos;: &apos;DeviceGray&apos;, &apos;ncolor&apos;: None, &apos;size&apos;: 13.29000000000002, &apos;value&apos;: &apos;.&apos;, &apos;children&apos;: [], &apos;features&apos;: {}}, {&apos;type&apos;: &apos;text&apos;, &apos;bbox&apos;: (206.1, 140.975, 208.87, 154.26500000000001), &apos;color_space&apos;: &apos;DeviceGray&apos;, &apos;ncolor&apos;: None, &apos;size&apos;: 13.29000000000002, &apos;value&apos;: &apos;.&apos;, &apos;children&apos;: [], &apos;features&apos;: {}}, {&apos;type&apos;: &apos;text&apos;, &apos;bbox&apos;: (208.87, 140.975, 211.64000000000001, 154.26500000000001), &apos;color_space&apos;: &apos;DeviceGray&apos;, &apos;ncolor&apos;: None, &apos;size&apos;: 13.29000000000002, &apos;value&apos;: &apos;.&apos;, &apos;children&apos;: [], &apos;features&apos;: {}}, {&apos;type&apos;: &apos;text&apos;, &apos;bbox&apos;: (211.64000000000001, 140.975, 214.41000000000003, 154.26500000000001), &apos;color_space&apos;: &apos;DeviceGray&apos;, &apos;ncolor&apos;: None, &apos;size&apos;: 13.29000000000002, &apos;value&apos;: &apos;.&apos;, &apos;children&apos;: [], &apos;features&apos;: {}}, {&apos;type&apos;: &apos;text&apos;, &apos;bbox&apos;: (214.41000000000003, 140.975, 217.18000000000004, 154.26500000000001), &apos;color_space&apos;: &apos;DeviceGray&apos;, &apos;ncolor&apos;: None, &apos;size&apos;: 13.29000000000002, &apos;value&apos;: &apos;.&apos;, &apos;children&apos;: [], &apos;features&apos;: {}}, {&apos;type&apos;: &apos;text&apos;, &apos;bbox&apos;: (217.18, 140.975, 219.95000000000002, 154.26500000000001), &apos;color_space&apos;: &apos;DeviceGray&apos;, &apos;ncolor&apos;: None, &apos;size&apos;: 13.29000000000002, &apos;value&apos;: &apos;.&apos;, &apos;children&apos;: [], &apos;features&apos;: {}}, {&apos;type&apos;: &apos;text&apos;, &apos;bbox&apos;: (219.95000000000002, 140.975, 222.72000000000003, 154.26500000000001), &apos;color_space&apos;: &apos;DeviceGray&apos;, &apos;ncolor&apos;: None, &apos;size&apos;: 13.29000000000002, &apos;value&apos;: &apos;.&apos;, &apos;children&apos;: [], &apos;features&apos;: {}}, {&apos;type&apos;: &apos;text&apos;, &apos;bbox&apos;: (222.72000000000003, 140.975, 225.49000000000004, 154.26500000000001), &apos;color_space&apos;: &apos;DeviceGray&apos;, &apos;ncolor&apos;: None, &apos;size&apos;: 13.29000000000002, &apos;value&apos;: &apos;.&apos;, &apos;children&apos;: [], &apos;features&apos;: {}}, {&apos;type&apos;: &apos;text&apos;, &apos;bbox&apos;: (225.49, 140.975, 228.26000000000002, 154.26500000000001), &apos;color_space&apos;: &apos;DeviceGray&apos;, &apos;ncolor&apos;: None, &apos;size&apos;: 13.29000000000002, &apos;value&apos;: &apos;.&apos;, &apos;children&apos;: [], &apos;features&apos;: {}}, {&apos;type&apos;: &apos;text&apos;, &apos;bbox&apos;: (228.26000000000002, 140.975, 231.03000000000003, 154.26500000000001), &apos;color_space&apos;: &apos;DeviceGray&apos;, &apos;ncolor&apos;: None, &apos;size&apos;: 13.29000000000002, &apos;value&apos;: &apos;.&apos;, &apos;children&apos;: [], &apos;features&apos;: {}}, {&apos;type&apos;: &apos;text&apos;, &apos;bbox&apos;: (231.03000000000003, 140.975, 233.80000000000004, 154.26500000000001), &apos;color_space&apos;: &apos;DeviceGray&apos;, &apos;ncolor&apos;: None, &apos;size&apos;: 13.29000000000002, &apos;value&apos;: &apos;.&apos;, &apos;children&apos;: [], &apos;features&apos;: {}}, {&apos;type&apos;: &apos;text&apos;, &apos;bbox&apos;: (233.80000000000004, 140.975, 236.57000000000005, 154.26500000000001), &apos;color_space&apos;: &apos;DeviceGray&apos;, &apos;ncolor&apos;: None, &apos;size&apos;: 13.29000000000002, &apos;value&apos;: &apos;.&apos;, &apos;children&apos;: [], &apos;features&apos;: {}}, {&apos;type&apos;: &apos;text&apos;, &apos;bbox&apos;: (236.57000000000005, 140.975, 239.34000000000006, 154.26500000000001), &apos;color_space&apos;: &apos;DeviceGray&apos;, &apos;ncolor&apos;: None, &apos;size&apos;: 13.29000000000002, &apos;value&apos;: &apos;.&apos;, &apos;children&apos;: [], &apos;features&apos;: {}}, {&apos;type&apos;: &apos;text&apos;, &apos;bbox&apos;: (239.34000000000003, 140.975, 242.11000000000004, 154.26500000000001), &apos;color_space&apos;: &apos;DeviceGray&apos;, &apos;ncolor&apos;: None, &apos;size&apos;: 13.29000000000002, &apos;value&apos;: &apos;.&apos;, &apos;children&apos;: [], &apos;features&apos;: {}}, {&apos;type&apos;: &apos;text&apos;, &apos;bbox&apos;: (242.11000000000004, 140.975, 244.88000000000005, 154.26500000000001), &apos;color_space&apos;: &apos;DeviceGray&apos;, &apos;ncolor&apos;: None, &apos;size&apos;: 13.29000000000002, &apos;value&apos;: &apos;.&apos;, &apos;children&apos;: [], &apos;features&apos;: {}}, {&apos;type&apos;: &apos;text&apos;, &apos;bbox&apos;: (244.88000000000005, 140.975, 247.65000000000006, 154.26500000000001), &apos;color_space&apos;: &apos;DeviceGray&apos;, &apos;ncolor&apos;: None, &apos;size&apos;: 13.29000000000002, &apos;value&apos;: &apos;.&apos;, &apos;children&apos;: [], &apos;features&apos;: {}}, {&apos;type&apos;: &apos;text&apos;, &apos;bbox&apos;: (247.65000000000003, 140.975, 250.42000000000004, 154.26500000000001), &apos;color_space&apos;: &apos;DeviceGray&apos;, &apos;ncolor&apos;: None, &apos;size&apos;: 13.29000000000002, &apos;value&apos;: &apos;.&apos;, &apos;children&apos;: [], &apos;features&apos;: {}}, {&apos;type&apos;: &apos;text&apos;, &apos;bbox&apos;: (250.42000000000002, 140.975, 253.19000000000003, 154.26500000000001), &apos;color_space&apos;: &apos;DeviceGray&apos;, &apos;ncolor&apos;: None, &apos;size&apos;: 13.29000000000002, &apos;value&apos;: &apos;.&apos;, &apos;children&apos;: [], &apos;features&apos;: {}}, {&apos;type&apos;: &apos;text&apos;, &apos;bbox&apos;: (253.19000000000003, 140.975, 255.96000000000004, 154.26500000000001), &apos;color_space&apos;: &apos;DeviceGray&apos;, &apos;ncolor&apos;: None, &apos;size&apos;: 13.29000000000002, &apos;value&apos;: &apos;.&apos;, &apos;children&apos;: [], &apos;features&apos;: {}}, {&apos;type&apos;: &apos;text&apos;, &apos;bbox&apos;: (255.96000000000004, 140.975, 258.73, 154.26500000000001), &apos;color_space&apos;: &apos;DeviceGray&apos;, &apos;ncolor&apos;: None, &apos;size&apos;: 13.29000000000002, &apos;value&apos;: &apos;.&apos;, &apos;children&apos;: [], &apos;features&apos;: {}}, {&apos;type&apos;: &apos;text&apos;, &apos;bbox&apos;: (258.73, 140.975, 261.5, 154.26500000000001), &apos;color_space&apos;: &apos;DeviceGray&apos;, &apos;ncolor&apos;: None, &apos;size&apos;: 13.29000000000002, &apos;value&apos;: &apos;.&apos;, &apos;children&apos;: [], &apos;features&apos;: {}}, {&apos;type&apos;: &apos;text&apos;, &apos;bbox&apos;: (261.5, 140.975, 264.27, 154.26500000000001), &apos;color_space&apos;: &apos;DeviceGray&apos;, &apos;ncolor&apos;: None, &apos;size&apos;: 13.29000000000002, &apos;value&apos;: &apos;.&apos;, &apos;children&apos;: [], &apos;features&apos;: {}}, {&apos;type&apos;: &apos;text&apos;, &apos;bbox&apos;: (264.27, 140.975, 267.03999999999996, 154.26500000000001), &apos;color_space&apos;: &apos;DeviceGray&apos;, &apos;ncolor&apos;: None, &apos;size&apos;: 13.29000000000002, &apos;value&apos;: &apos;.&apos;, &apos;children&apos;: [], &apos;features&apos;: {}}, {&apos;type&apos;: &apos;text&apos;, &apos;bbox&apos;: (267.04, 140.975, 269.81, 154.26500000000001), &apos;color_space&apos;: &apos;DeviceGray&apos;, &apos;ncolor&apos;: None, &apos;size&apos;: 13.29000000000002, &apos;value&apos;: &apos;.&apos;, &apos;children&apos;: [], &apos;features&apos;: {}}, {&apos;type&apos;: &apos;text&apos;, &apos;bbox&apos;: (269.81, 140.975, 272.58, 154.26500000000001), &apos;color_space&apos;: &apos;DeviceGray&apos;, &apos;ncolor&apos;: None, &apos;size&apos;: 13.29000000000002, &apos;value&apos;: &apos;.&apos;, &apos;children&apos;: [], &apos;features&apos;: {}}, {&apos;type&apos;: &apos;text&apos;, &apos;bbox&apos;: (272.58, 140.975, 275.34999999999997, 154.26500000000001), &apos;color_space&apos;: &apos;DeviceGray&apos;, &apos;ncolor&apos;: None, &apos;size&apos;: 13.29000000000002, &apos;value&apos;: &apos;.&apos;, &apos;children&apos;: [], &apos;features&apos;: {}}, {&apos;type&apos;: &apos;text&apos;, &apos;bbox&apos;: (275.35, 140.975, 278.12, 154.26500000000001), &apos;color_space&apos;: &apos;DeviceGray&apos;, &apos;ncolor&apos;: None, &apos;size&apos;: 13.29000000000002, &apos;value&apos;: &apos;.&apos;, &apos;children&apos;: [], &apos;features&apos;: {}}, {&apos;type&apos;: &apos;text&apos;, &apos;bbox&apos;: (278.12, 140.975, 280.89, 154.26500000000001), &apos;color_space&apos;: &apos;DeviceGray&apos;, &apos;ncolor&apos;: None, &apos;size&apos;: 13.29000000000002, &apos;value&apos;: &apos;.&apos;, &apos;children&apos;: [], &apos;features&apos;: {}}, {&apos;type&apos;: &apos;text&apos;, &apos;bbox&apos;: (280.89, 140.975, 283.65999999999997, 154.26500000000001), &apos;color_space&apos;: &apos;DeviceGray&apos;, &apos;ncolor&apos;: None, &apos;size&apos;: 13.29000000000002, &apos;value&apos;: &apos;.&apos;, &apos;children&apos;: [], &apos;features&apos;: {}}, {&apos;type&apos;: &apos;text&apos;, &apos;bbox&apos;: (283.65999999999997, 140.975, 286.42999999999995, 154.26500000000001), &apos;color_space&apos;: &apos;DeviceGray&apos;, &apos;ncolor&apos;: None, &apos;size&apos;: 13.29000000000002, &apos;value&apos;: &apos;.&apos;, &apos;children&apos;: [], &apos;features&apos;: {}}, {&apos;type&apos;: &apos;text&apos;, &apos;bbox&apos;: (286.42999999999995, 140.975, 289.19999999999993, 154.26500000000001), &apos;color_space&apos;: &apos;DeviceGray&apos;, &apos;ncolor&apos;: None, &apos;size&apos;: 13.29000000000002, &apos;value&apos;: &apos;.&apos;, &apos;children&apos;: [], &apos;features&apos;: {}}, {&apos;type&apos;: &apos;text&apos;, &apos;bbox&apos;: (289.2, 140.975, 291.96999999999997, 154.26500000000001), &apos;color_space&apos;: &apos;DeviceGray&apos;, &apos;ncolor&apos;: None, &apos;size&apos;: 13.29000000000002, &apos;value&apos;: &apos;.&apos;, &apos;children&apos;: [], &apos;features&apos;: {}}, {&apos;type&apos;: &apos;text&apos;, &apos;bbox&apos;: (291.96999999999997, 140.975, 294.73999999999995, 154.26500000000001), &apos;color_space&apos;: &apos;DeviceGray&apos;, &apos;ncolor&apos;: None, &apos;size&apos;: 13.29000000000002, &apos;value&apos;: &apos;.&apos;, &apos;children&apos;: [], &apos;features&apos;: {}}, {&apos;type&apos;: &apos;text&apos;, &apos;bbox&apos;: (294.73999999999995, 140.975, 297.50999999999993, 154.26500000000001), &apos;color_space&apos;: &apos;DeviceGray&apos;, &apos;ncolor&apos;: None, &apos;size&apos;: 13.29000000000002, &apos;value&apos;: &apos;.&apos;, &apos;children&apos;: [], &apos;features&apos;: {}}, {&apos;type&apos;: &apos;text&apos;, &apos;bbox&apos;: (297.51, 140.975, 300.28, 154.26500000000001), &apos;color_space&apos;: &apos;DeviceGray&apos;, &apos;ncolor&apos;: None, &apos;size&apos;: 13.29000000000002, &apos;value&apos;: &apos;.&apos;, &apos;children&apos;: [], &apos;features&apos;: {}}, {&apos;type&apos;: &apos;text&apos;, &apos;bbox&apos;: (300.28, 140.975, 303.04999999999995, 154.26500000000001), &apos;color_space&apos;: &apos;DeviceGray&apos;, &apos;ncolor&apos;: None, &apos;size&apos;: 13.29000000000002, &apos;value&apos;: &apos;.&apos;, &apos;children&apos;: [], &apos;features&apos;: {}}, {&apos;type&apos;: &apos;text&apos;, &apos;bbox&apos;: (303.04999999999995, 140.975, 305.81999999999994, 154.26500000000001), &apos;color_space&apos;: &apos;DeviceGray&apos;, &apos;ncolor&apos;: None, &apos;size&apos;: 13.29000000000002, &apos;value&apos;: &apos;.&apos;, &apos;children&apos;: [], &apos;features&apos;: {}}, {&apos;type&apos;: &apos;text&apos;, &apos;bbox&apos;: (305.81999999999994, 140.975, 308.5899999999999, 154.26500000000001), &apos;color_space&apos;: &apos;DeviceGray&apos;, &apos;ncolor&apos;: None, &apos;size&apos;: 13.29000000000002, &apos;value&apos;: &apos;.&apos;, &apos;children&apos;: [], &apos;features&apos;: {}}, {&apos;type&apos;: &apos;text&apos;, &apos;bbox&apos;: (308.5899999999999, 140.975, 311.3599999999999, 154.26500000000001), &apos;color_space&apos;: &apos;DeviceGray&apos;, &apos;ncolor&apos;: None, &apos;size&apos;: 13.29000000000002, &apos;value&apos;: &apos;.&apos;, &apos;children&apos;: [], &apos;features&apos;: {}}, {&apos;type&apos;: &apos;text&apos;, &apos;bbox&apos;: (311.35999999999996, 140.975, 314.12999999999994, 154.26500000000001), &apos;color_space&apos;: &apos;DeviceGray&apos;, &apos;ncolor&apos;: None, &apos;size&apos;: 13.29000000000002, &apos;value&apos;: &apos;.&apos;, &apos;children&apos;: [], &apos;features&apos;: {}}, {&apos;type&apos;: &apos;text&apos;, &apos;bbox&apos;: (314.13, 140.975, 316.9, 154.26500000000001), &apos;color_space&apos;: &apos;DeviceGray&apos;, &apos;ncolor&apos;: None, &apos;size&apos;: 13.29000000000002, &apos;value&apos;: &apos;.&apos;, &apos;children&apos;: [], &apos;features&apos;: {}}, {&apos;type&apos;: &apos;text&apos;, &apos;bbox&apos;: (316.9, 140.975, 319.66999999999996, 154.26500000000001), &apos;color_space&apos;: &apos;DeviceGray&apos;, &apos;ncolor&apos;: None, &apos;size&apos;: 13.29000000000002, &apos;value&apos;: &apos;.&apos;, &apos;children&apos;: [], &apos;features&apos;: {}}, {&apos;type&apos;: &apos;text&apos;, &apos;bbox&apos;: (319.66999999999996, 140.975, 322.43999999999994, 154.26500000000001), &apos;color_space&apos;: &apos;DeviceGray&apos;, &apos;ncolor&apos;: None, &apos;size&apos;: 13.29000000000002, &apos;value&apos;: &apos;.&apos;, &apos;children&apos;: [], &apos;features&apos;: {}}, {&apos;type&apos;: &apos;text&apos;, &apos;bbox&apos;: (322.44, 140.975, 325.21, 154.26500000000001), &apos;color_space&apos;: &apos;DeviceGray&apos;, &apos;ncolor&apos;: None, &apos;size&apos;: 13.29000000000002, &apos;value&apos;: &apos;.&apos;, &apos;children&apos;: [], &apos;features&apos;: {}}, {&apos;type&apos;: &apos;text&apos;, &apos;bbox&apos;: (325.21000000000004, 140.975, 327.98, 154.26500000000001), &apos;color_space&apos;: &apos;DeviceGray&apos;, &apos;ncolor&apos;: None, &apos;size&apos;: 13.29000000000002, &apos;value&apos;: &apos;.&apos;, &apos;children&apos;: [], &apos;features&apos;: {}}, {&apos;type&apos;: &apos;text&apos;, &apos;bbox&apos;: (327.98, 140.975, 330.75, 154.26500000000001), &apos;color_space&apos;: &apos;DeviceGray&apos;, &apos;ncolor&apos;: None, &apos;size&apos;: 13.29000000000002, &apos;value&apos;: &apos;.&apos;, &apos;children&apos;: [], &apos;features&apos;: {}}, {&apos;type&apos;: &apos;text&apos;, &apos;bbox&apos;: (330.75, 140.975, 333.52, 154.26500000000001), &apos;color_space&apos;: &apos;DeviceGray&apos;, &apos;ncolor&apos;: None, &apos;size&apos;: 13.29000000000002, &apos;value&apos;: &apos;.&apos;, &apos;children&apos;: [], &apos;features&apos;: {}}, {&apos;type&apos;: &apos;text&apos;, &apos;bbox&apos;: (333.52000000000004, 140.975, 336.29, 154.26500000000001), &apos;color_space&apos;: &apos;DeviceGray&apos;, &apos;ncolor&apos;: None, &apos;size&apos;: 13.29000000000002, &apos;value&apos;: &apos;.&apos;, &apos;children&apos;: [], &apos;features&apos;: {}}, {&apos;type&apos;: &apos;text&apos;, &apos;bbox&apos;: (336.2900000000001, 140.975, 339.06000000000006, 154.26500000000001), &apos;color_space&apos;: &apos;DeviceGray&apos;, &apos;ncolor&apos;: None, &apos;size&apos;: 13.29000000000002, &apos;value&apos;: &apos;.&apos;, &apos;children&apos;: [], &apos;features&apos;: {}}, {&apos;type&apos;: &apos;text&apos;, &apos;bbox&apos;: (339.06000000000006, 140.975, 341.83000000000004, 154.26500000000001), &apos;color_space&apos;: &apos;DeviceGray&apos;, &apos;ncolor&apos;: None, &apos;size&apos;: 13.29000000000002, &apos;value&apos;: &apos;.&apos;, &apos;children&apos;: [], &apos;features&apos;: {}}, {&apos;type&apos;: &apos;text&apos;, &apos;bbox&apos;: (341.83000000000004, 140.975, 344.6, 154.26500000000001), &apos;color_space&apos;: &apos;DeviceGray&apos;, &apos;ncolor&apos;: None, &apos;size&apos;: 13.29000000000002, &apos;value&apos;: &apos;.&apos;, &apos;children&apos;: [], &apos;features&apos;: {}}, {&apos;type&apos;: &apos;text&apos;, &apos;bbox&apos;: (344.6000000000001, 140.975, 347.37000000000006, 154.26500000000001), &apos;color_space&apos;: &apos;DeviceGray&apos;, &apos;ncolor&apos;: None, &apos;size&apos;: 13.29000000000002, &apos;value&apos;: &apos;.&apos;, &apos;children&apos;: [], &apos;features&apos;: {}}, {&apos;type&apos;: &apos;text&apos;, &apos;bbox&apos;: (347.3700000000001, 140.975, 350.1400000000001, 154.26500000000001), &apos;color_space&apos;: &apos;DeviceGray&apos;, &apos;ncolor&apos;: None, &apos;size&apos;: 13.29000000000002, &apos;value&apos;: &apos;.&apos;, &apos;children&apos;: [], &apos;features&apos;: {}}, {&apos;type&apos;: &apos;text&apos;, &apos;bbox&apos;: (350.1400000000001, 140.975, 352.9100000000001, 154.26500000000001), &apos;color_space&apos;: &apos;DeviceGray&apos;, &apos;ncolor&apos;: None, &apos;size&apos;: 13.29000000000002, &apos;value&apos;: &apos;.&apos;, &apos;children&apos;: [], &apos;features&apos;: {}}, {&apos;type&apos;: &apos;text&apos;, &apos;bbox&apos;: (352.9100000000001, 140.975, 355.68000000000006, 154.26500000000001), &apos;color_space&apos;: &apos;DeviceGray&apos;, &apos;ncolor&apos;: None, &apos;size&apos;: 13.29000000000002, &apos;value&apos;: &apos;.&apos;, &apos;children&apos;: [], &apos;features&apos;: {}}, {&apos;type&apos;: &apos;text&apos;, &apos;bbox&apos;: (355.6800000000001, 140.975, 358.4500000000001, 154.26500000000001), &apos;color_space&apos;: &apos;DeviceGray&apos;, &apos;ncolor&apos;: None, &apos;size&apos;: 13.29000000000002, &apos;value&apos;: &apos;.&apos;, &apos;children&apos;: [], &apos;features&apos;: {}}, {&apos;type&apos;: &apos;text&apos;, &apos;bbox&apos;: (358.45000000000016, 140.975, 361.22000000000014, 154.26500000000001), &apos;color_space&apos;: &apos;DeviceGray&apos;, &apos;ncolor&apos;: None, &apos;size&apos;: 13.29000000000002, &apos;value&apos;: &apos;.&apos;, &apos;children&apos;: [], &apos;features&apos;: {}}, {&apos;type&apos;: &apos;text&apos;, &apos;bbox&apos;: (361.22000000000014, 140.975, 363.9900000000001, 154.26500000000001), &apos;color_space&apos;: &apos;DeviceGray&apos;, &apos;ncolor&apos;: None, &apos;size&apos;: 13.29000000000002, &apos;value&apos;: &apos;.&apos;, &apos;children&apos;: [], &apos;features&apos;: {}}, {&apos;type&apos;: &apos;text&apos;, &apos;bbox&apos;: (363.9900000000001, 140.975, 366.7600000000001, 154.26500000000001), &apos;color_space&apos;: &apos;DeviceGray&apos;, &apos;ncolor&apos;: None, &apos;size&apos;: 13.29000000000002, &apos;value&apos;: &apos;.&apos;, &apos;children&apos;: [], &apos;features&apos;: {}}, {&apos;type&apos;: &apos;text&apos;, &apos;bbox&apos;: (366.76000000000016, 140.975, 369.53000000000014, 154.26500000000001), &apos;color_space&apos;: &apos;DeviceGray&apos;, &apos;ncolor&apos;: None, &apos;size&apos;: 13.29000000000002, &apos;value&apos;: &apos;.&apos;, &apos;children&apos;: [], &apos;features&apos;: {}}, {&apos;type&apos;: &apos;text&apos;, &apos;bbox&apos;: (369.5300000000002, 140.975, 372.3000000000002, 154.26500000000001), &apos;color_space&apos;: &apos;DeviceGray&apos;, &apos;ncolor&apos;: None, &apos;size&apos;: 13.29000000000002, &apos;value&apos;: &apos;.&apos;, &apos;children&apos;: [], &apos;features&apos;: {}}, {&apos;type&apos;: &apos;text&apos;, &apos;bbox&apos;: (372.3000000000002, 140.975, 375.07000000000016, 154.26500000000001), &apos;color_space&apos;: &apos;DeviceGray&apos;, &apos;ncolor&apos;: None, &apos;size&apos;: 13.29000000000002, &apos;value&apos;: &apos;.&apos;, &apos;children&apos;: [], &apos;features&apos;: {}}, {&apos;type&apos;: &apos;text&apos;, &apos;bbox&apos;: (375.07000000000016, 140.975, 377.84000000000015, 154.26500000000001), &apos;color_space&apos;: &apos;DeviceGray&apos;, &apos;ncolor&apos;: None, &apos;size&apos;: 13.29000000000002, &apos;value&apos;: &apos;.&apos;, &apos;children&apos;: [], &apos;features&apos;: {}}, {&apos;type&apos;: &apos;text&apos;, &apos;bbox&apos;: (377.8400000000002, 140.975, 380.6100000000002, 154.26500000000001), &apos;color_space&apos;: &apos;DeviceGray&apos;, &apos;ncolor&apos;: None, &apos;size&apos;: 13.29000000000002, &apos;value&apos;: &apos;.&apos;, &apos;children&apos;: [], &apos;features&apos;: {}}, {&apos;type&apos;: &apos;text&apos;, &apos;bbox&apos;: (380.61000000000024, 140.975, 383.3800000000002, 154.26500000000001), &apos;color_space&apos;: &apos;DeviceGray&apos;, &apos;ncolor&apos;: None, &apos;size&apos;: 13.29000000000002, &apos;value&apos;: &apos;.&apos;, &apos;children&apos;: [], &apos;features&apos;: {}}, {&apos;type&apos;: &apos;text&apos;, &apos;bbox&apos;: (383.3800000000002, 140.975, 386.1500000000002, 154.26500000000001), &apos;color_space&apos;: &apos;DeviceGray&apos;, &apos;ncolor&apos;: None, &apos;size&apos;: 13.29000000000002, &apos;value&apos;: &apos;.&apos;, &apos;children&apos;: [], &apos;features&apos;: {}}, {&apos;type&apos;: &apos;text&apos;, &apos;bbox&apos;: (386.1500000000002, 140.975, 388.9200000000002, 154.26500000000001), &apos;color_space&apos;: &apos;DeviceGray&apos;, &apos;ncolor&apos;: None, &apos;size&apos;: 13.29000000000002, &apos;value&apos;: &apos;.&apos;, &apos;children&apos;: [], &apos;features&apos;: {}}, {&apos;type&apos;: &apos;text&apos;, &apos;bbox&apos;: (388.92000000000024, 140.975, 391.6900000000002, 154.26500000000001), &apos;color_space&apos;: &apos;DeviceGray&apos;, &apos;ncolor&apos;: None, &apos;size&apos;: 13.29000000000002, &apos;value&apos;: &apos;.&apos;, &apos;children&apos;: [], &apos;features&apos;: {}}, {&apos;type&apos;: &apos;text&apos;, &apos;bbox&apos;: (391.6900000000003, 140.975, 394.46000000000026, 154.26500000000001), &apos;color_space&apos;: &apos;DeviceGray&apos;, &apos;ncolor&apos;: None, &apos;size&apos;: 13.29000000000002, &apos;value&apos;: &apos;.&apos;, &apos;children&apos;: [], &apos;features&apos;: {}}, {&apos;type&apos;: &apos;text&apos;, &apos;bbox&apos;: (394.46000000000026, 140.975, 397.23000000000025, 154.26500000000001), &apos;color_space&apos;: &apos;DeviceGray&apos;, &apos;ncolor&apos;: None, &apos;size&apos;: 13.29000000000002, &apos;value&apos;: &apos;.&apos;, &apos;children&apos;: [], &apos;features&apos;: {}}, {&apos;type&apos;: &apos;text&apos;, &apos;bbox&apos;: (397.23000000000025, 140.975, 400.0000000000002, 154.26500000000001), &apos;color_space&apos;: &apos;DeviceGray&apos;, &apos;ncolor&apos;: None, &apos;size&apos;: 13.29000000000002, &apos;value&apos;: &apos;.&apos;, &apos;children&apos;: [], &apos;features&apos;: {}}, {&apos;type&apos;: &apos;text&apos;, &apos;bbox&apos;: (400.0000000000003, 140.975, 402.77000000000027, 154.26500000000001), &apos;color_space&apos;: &apos;DeviceGray&apos;, &apos;ncolor&apos;: None, &apos;size&apos;: 13.29000000000002, &apos;value&apos;: &apos;.&apos;, &apos;children&apos;: [], &apos;features&apos;: {}}, {&apos;type&apos;: &apos;text&apos;, &apos;bbox&apos;: (402.7700000000003, 140.975, 405.5400000000003, 154.26500000000001), &apos;color_space&apos;: &apos;DeviceGray&apos;, &apos;ncolor&apos;: None, &apos;size&apos;: 13.29000000000002, &apos;value&apos;: &apos;.&apos;, &apos;children&apos;: [], &apos;features&apos;: {}}, {&apos;type&apos;: &apos;text&apos;, &apos;bbox&apos;: (405.5400000000003, 140.975, 408.3100000000003, 154.26500000000001), &apos;color_space&apos;: &apos;DeviceGray&apos;, &apos;ncolor&apos;: None, &apos;size&apos;: 13.29000000000002, &apos;value&apos;: &apos;.&apos;, &apos;children&apos;: [], &apos;features&apos;: {}}, {&apos;type&apos;: &apos;text&apos;, &apos;bbox&apos;: (408.3100000000003, 140.975, 411.08000000000027, 154.26500000000001), &apos;color_space&apos;: &apos;DeviceGray&apos;, &apos;ncolor&apos;: None, &apos;size&apos;: 13.29000000000002, &apos;value&apos;: &apos;.&apos;, &apos;children&apos;: [], &apos;features&apos;: {}}, {&apos;type&apos;: &apos;text&apos;, &apos;bbox&apos;: (411.0800000000003, 140.975, 413.8500000000003, 154.26500000000001), &apos;color_space&apos;: &apos;DeviceGray&apos;, &apos;ncolor&apos;: None, &apos;size&apos;: 13.29000000000002, &apos;value&apos;: &apos;.&apos;, &apos;children&apos;: [], &apos;features&apos;: {}}, {&apos;type&apos;: &apos;text&apos;, &apos;bbox&apos;: (413.85000000000036, 140.975, 416.62000000000035, 154.26500000000001), &apos;color_space&apos;: &apos;DeviceGray&apos;, &apos;ncolor&apos;: None, &apos;size&apos;: 13.29000000000002, &apos;value&apos;: &apos;.&apos;, &apos;children&apos;: [], &apos;features&apos;: {}}, {&apos;type&apos;: &apos;text&apos;, &apos;bbox&apos;: (416.62000000000035, 140.975, 419.3900000000003, 154.26500000000001), &apos;color_space&apos;: &apos;DeviceGray&apos;, &apos;ncolor&apos;: None, &apos;size&apos;: 13.29000000000002, &apos;value&apos;: &apos;.&apos;, &apos;children&apos;: [], &apos;features&apos;: {}}, {&apos;type&apos;: &apos;text&apos;, &apos;bbox&apos;: (419.3900000000003, 140.975, 422.1600000000003, 154.26500000000001), &apos;color_space&apos;: &apos;DeviceGray&apos;, &apos;ncolor&apos;: None, &apos;size&apos;: 13.29000000000002, &apos;value&apos;: &apos;.&apos;, &apos;children&apos;: [], &apos;features&apos;: {}}, {&apos;type&apos;: &apos;text&apos;, &apos;bbox&apos;: (422.16000000000037, 140.975, 424.93000000000035, 154.26500000000001), &apos;color_space&apos;: &apos;DeviceGray&apos;, &apos;ncolor&apos;: None, &apos;size&apos;: 13.29000000000002, &apos;value&apos;: &apos;.&apos;, &apos;children&apos;: [], &apos;features&apos;: {}}, {&apos;type&apos;: &apos;text&apos;, &apos;bbox&apos;: (424.9300000000004, 140.975, 427.7000000000004, 154.26500000000001), &apos;color_space&apos;: &apos;DeviceGray&apos;, &apos;ncolor&apos;: None, &apos;size&apos;: 13.29000000000002, &apos;value&apos;: &apos;.&apos;, &apos;children&apos;: [], &apos;features&apos;: {}}, {&apos;type&apos;: &apos;text&apos;, &apos;bbox&apos;: (427.7000000000004, 140.975, 430.47000000000037, 154.26500000000001), &apos;color_space&apos;: &apos;DeviceGray&apos;, &apos;ncolor&apos;: None, &apos;size&apos;: 13.29000000000002, &apos;value&apos;: &apos;.&apos;, &apos;children&apos;: [], &apos;features&apos;: {}}, {&apos;type&apos;: &apos;text&apos;, &apos;bbox&apos;: (430.47000000000037, 140.975, 433.24000000000035, 154.26500000000001), &apos;color_space&apos;: &apos;DeviceGray&apos;, &apos;ncolor&apos;: None, &apos;size&apos;: 13.29000000000002, &apos;value&apos;: &apos;.&apos;, &apos;children&apos;: [], &apos;features&apos;: {}}, {&apos;type&apos;: &apos;text&apos;, &apos;bbox&apos;: (433.2400000000004, 140.975, 436.0100000000004, 154.26500000000001), &apos;color_space&apos;: &apos;DeviceGray&apos;, &apos;ncolor&apos;: None, &apos;size&apos;: 13.29000000000002, &apos;value&apos;: &apos;.&apos;, &apos;children&apos;: [], &apos;features&apos;: {}}, {&apos;type&apos;: &apos;text&apos;, &apos;bbox&apos;: (436.01000000000045, 140.975, 438.7800000000004, 154.26500000000001), &apos;color_space&apos;: &apos;DeviceGray&apos;, &apos;ncolor&apos;: None, &apos;size&apos;: 13.29000000000002, &apos;value&apos;: &apos;.&apos;, &apos;children&apos;: [], &apos;features&apos;: {}}, {&apos;type&apos;: &apos;text&apos;, &apos;bbox&apos;: (438.7800000000004, 140.975, 441.5500000000004, 154.26500000000001), &apos;color_space&apos;: &apos;DeviceGray&apos;, &apos;ncolor&apos;: None, &apos;size&apos;: 13.29000000000002, &apos;value&apos;: &apos;.&apos;, &apos;children&apos;: [], &apos;features&apos;: {}}, {&apos;type&apos;: &apos;text&apos;, &apos;bbox&apos;: (441.5500000000004, 140.975, 444.3200000000004, 154.26500000000001), &apos;color_space&apos;: &apos;DeviceGray&apos;, &apos;ncolor&apos;: None, &apos;size&apos;: 13.29000000000002, &apos;value&apos;: &apos;.&apos;, &apos;children&apos;: [], &apos;features&apos;: {}}, {&apos;type&apos;: &apos;text&apos;, &apos;bbox&apos;: (444.3200000000004, 140.975, 447.0900000000004, 154.26500000000001), &apos;color_space&apos;: &apos;DeviceGray&apos;, &apos;ncolor&apos;: None, &apos;size&apos;: 13.29000000000002, &apos;value&apos;: &apos;.&apos;, &apos;children&apos;: [], &apos;features&apos;: {}}, {&apos;type&apos;: &apos;text&apos;, &apos;bbox&apos;: (447.0900000000004, 140.975, 449.86000000000035, 154.26500000000001), &apos;color_space&apos;: &apos;DeviceGray&apos;, &apos;ncolor&apos;: None, &apos;size&apos;: 13.29000000000002, &apos;value&apos;: &apos;.&apos;, &apos;children&apos;: [], &apos;features&apos;: {}}, {&apos;type&apos;: &apos;text&apos;, &apos;bbox&apos;: (449.86000000000035, 140.975, 452.63000000000034, 154.26500000000001), &apos;color_space&apos;: &apos;DeviceGray&apos;, &apos;ncolor&apos;: None, &apos;size&apos;: 13.29000000000002, &apos;value&apos;: &apos;.&apos;, &apos;children&apos;: [], &apos;features&apos;: {}}, {&apos;type&apos;: &apos;text&apos;, &apos;bbox&apos;: (452.63000000000034, 140.975, 455.4000000000003, 154.26500000000001), &apos;color_space&apos;: &apos;DeviceGray&apos;, &apos;ncolor&apos;: None, &apos;size&apos;: 13.29000000000002, &apos;value&apos;: &apos;.&apos;, &apos;children&apos;: [], &apos;features&apos;: {}}, {&apos;type&apos;: &apos;text&apos;, &apos;bbox&apos;: (455.4000000000003, 140.975, 458.1700000000003, 154.26500000000001), &apos;color_space&apos;: &apos;DeviceGray&apos;, &apos;ncolor&apos;: None, &apos;size&apos;: 13.29000000000002, &apos;value&apos;: &apos;.&apos;, &apos;children&apos;: [], &apos;features&apos;: {}}, {&apos;type&apos;: &apos;text&apos;, &apos;bbox&apos;: (458.1700000000003, 140.975, 460.9400000000003, 154.26500000000001), &apos;color_space&apos;: &apos;DeviceGray&apos;, &apos;ncolor&apos;: None, &apos;size&apos;: 13.29000000000002, &apos;value&apos;: &apos;.&apos;, &apos;children&apos;: [], &apos;features&apos;: {}}, {&apos;type&apos;: &apos;text&apos;, &apos;bbox&apos;: (460.9400000000003, 140.975, 463.71000000000026, 154.26500000000001), &apos;color_space&apos;: &apos;DeviceGray&apos;, &apos;ncolor&apos;: None, &apos;size&apos;: 13.29000000000002, &apos;value&apos;: &apos;.&apos;, &apos;children&apos;: [], &apos;features&apos;: {}}, {&apos;type&apos;: &apos;text&apos;, &apos;bbox&apos;: (463.71000000000026, 140.975, 466.48000000000025, 154.26500000000001), &apos;color_space&apos;: &apos;DeviceGray&apos;, &apos;ncolor&apos;: None, &apos;size&apos;: 13.29000000000002, &apos;value&apos;: &apos;.&apos;, &apos;children&apos;: [], &apos;features&apos;: {}}, {&apos;type&apos;: &apos;text&apos;, &apos;bbox&apos;: (466.48000000000025, 140.975, 469.2500000000002, 154.26500000000001), &apos;color_space&apos;: &apos;DeviceGray&apos;, &apos;ncolor&apos;: None, &apos;size&apos;: 13.29000000000002, &apos;value&apos;: &apos;.&apos;, &apos;children&apos;: [], &apos;features&apos;: {}}, {&apos;type&apos;: &apos;text&apos;, &apos;bbox&apos;: (469.2500000000002, 140.975, 472.0200000000002, 154.26500000000001), &apos;color_space&apos;: &apos;DeviceGray&apos;, &apos;ncolor&apos;: None, &apos;size&apos;: 13.29000000000002, &apos;value&apos;: &apos;.&apos;, &apos;children&apos;: [], &apos;features&apos;: {}}, {&apos;type&apos;: &apos;text&apos;, &apos;bbox&apos;: (472.0200000000002, 140.975, 474.7900000000002, 154.26500000000001), &apos;color_space&apos;: &apos;DeviceGray&apos;, &apos;ncolor&apos;: None, &apos;size&apos;: 13.29000000000002, &apos;value&apos;: &apos;.&apos;, &apos;children&apos;: [], &apos;features&apos;: {}}, {&apos;type&apos;: &apos;text&apos;, &apos;bbox&apos;: (474.7900000000002, 140.975, 477.5600000000002, 154.26500000000001), &apos;color_space&apos;: &apos;DeviceGray&apos;, &apos;ncolor&apos;: None, &apos;size&apos;: 13.29000000000002, &apos;value&apos;: &apos;.&apos;, &apos;children&apos;: [], &apos;features&apos;: {}}, {&apos;type&apos;: &apos;text&apos;, &apos;bbox&apos;: (477.5600000000002, 140.975, 480.33000000000015, 154.26500000000001), &apos;color_space&apos;: &apos;DeviceGray&apos;, &apos;ncolor&apos;: None, &apos;size&apos;: 13.29000000000002, &apos;value&apos;: &apos;.&apos;, &apos;children&apos;: [], &apos;features&apos;: {}}, {&apos;type&apos;: &apos;text&apos;, &apos;bbox&apos;: (480.33000000000015, 140.975, 483.10000000000014, 154.26500000000001), &apos;color_space&apos;: &apos;DeviceGray&apos;, &apos;ncolor&apos;: None, &apos;size&apos;: 13.29000000000002, &apos;value&apos;: &apos;.&apos;, &apos;children&apos;: [], &apos;features&apos;: {}}, {&apos;type&apos;: &apos;text&apos;, &apos;bbox&apos;: (483.10000000000014, 140.975, 485.8700000000001, 154.26500000000001), &apos;color_space&apos;: &apos;DeviceGray&apos;, &apos;ncolor&apos;: None, &apos;size&apos;: 13.29000000000002, &apos;value&apos;: &apos;.&apos;, &apos;children&apos;: [], &apos;features&apos;: {}}, {&apos;type&apos;: &apos;text&apos;, &apos;bbox&apos;: (485.8700000000001, 140.975, 488.6400000000001, 154.26500000000001), &apos;color_space&apos;: &apos;DeviceGray&apos;, &apos;ncolor&apos;: None, &apos;size&apos;: 13.29000000000002, &apos;value&apos;: &apos;.&apos;, &apos;children&apos;: [], &apos;features&apos;: {}}, {&apos;type&apos;: &apos;text&apos;, &apos;bbox&apos;: (489.548, 140.975, 495.108, 154.26500000000001), &apos;color_space&apos;: &apos;DeviceGray&apos;, &apos;ncolor&apos;: None, &apos;size&apos;: 13.29000000000002, &apos;value&apos;: &apos;7&apos;, &apos;children&apos;: [], &apos;features&apos;: {}}, {&apos;type&apos;: &apos;text&apos;, &apos;bbox&apos;: (495.108, 140.975, 498.438, 154.26500000000001), &apos;color_space&apos;: &apos;DeviceGray&apos;, &apos;ncolor&apos;: None, &apos;size&apos;: 13.29000000000002, &apos;value&apos;: &apos;-&apos;, &apos;children&apos;: [], &apos;features&apos;: {}}, {&apos;type&apos;: &apos;text&apos;, &apos;bbox&apos;: (498.439, 140.975, 503.999, 154.26500000000001), &apos;color_space&apos;: &apos;DeviceGray&apos;, &apos;ncolor&apos;: None, &apos;size&apos;: 13.29000000000002, &apos;value&apos;: &apos;5&apos;, &apos;children&apos;: [], &apos;features&apos;: {}}], &apos;features&apos;: {}}
*********************





--------------------------------- CONTENT AREA --------------------------------- 
This content area has an image
{&apos;type&apos;: &apos;figure&apos;, &apos;bbox&apos;: (0, 0, 612.0, 792.0), &apos;name&apos;: &apos;fx44&apos;, &apos;children&apos;: [{&apos;type&apos;: &apos;text&apos;, &apos;bbox&apos;: (78.0, 124.753, 86.31, 138.233), &apos;color_space&apos;: &apos;DeviceGray&apos;, &apos;ncolor&apos;: None, &apos;size&apos;: 13.480000000000004, &apos;value&apos;: &apos;D&apos;, &apos;children&apos;: [], &apos;features&apos;: {}}, {&apos;type&apos;: &apos;text&apos;, &apos;bbox&apos;: (86.31, 124.753, 90.2, 138.233), &apos;color_space&apos;: &apos;DeviceGray&apos;, &apos;ncolor&apos;: None, &apos;size&apos;: 13.480000000000004, &apos;value&apos;: &apos;I&apos;, &apos;children&apos;: [], &apos;features&apos;: {}}, {&apos;type&apos;: &apos;text&apos;, &apos;bbox&apos;: (90.2, 124.753, 100.2, 138.233), &apos;color_space&apos;: &apos;DeviceGray&apos;, &apos;ncolor&apos;: None, &apos;size&apos;: 13.480000000000004, &apos;value&apos;: &apos;M&apos;, &apos;children&apos;: [], &apos;features&apos;: {}}, {&apos;type&apos;: &apos;text&apos;, &apos;bbox&apos;: (100.2, 124.753, 105.2, 138.233), &apos;color_space&apos;: &apos;DeviceGray&apos;, &apos;ncolor&apos;: None, &apos;size&apos;: 13.480000000000004, &apos;value&apos;: &apos;_&apos;, &apos;children&apos;: [], &apos;features&apos;: {}}, {&apos;type&apos;: &apos;text&apos;, &apos;bbox&apos;: (105.2, 124.753, 113.53, 138.233), &apos;color_space&apos;: &apos;DeviceGray&apos;, &apos;ncolor&apos;: None, &apos;size&apos;: 13.480000000000004, &apos;value&apos;: &apos;O&apos;, &apos;children&apos;: [], &apos;features&apos;: {}}, {&apos;type&apos;: &apos;text&apos;, &apos;bbox&apos;: (113.53, 124.753, 120.66, 138.233), &apos;color_space&apos;: &apos;DeviceGray&apos;, &apos;ncolor&apos;: None, &apos;size&apos;: 13.480000000000004, &apos;value&apos;: &apos;R&apos;, &apos;children&apos;: [], &apos;features&apos;: {}}, {&apos;type&apos;: &apos;text&apos;, &apos;bbox&apos;: (120.66, 124.753, 128.99, 138.233), &apos;color_space&apos;: &apos;DeviceGray&apos;, &apos;ncolor&apos;: None, &apos;size&apos;: 13.480000000000004, &apos;value&apos;: &apos;G&apos;, &apos;children&apos;: [], &apos;features&apos;: {}}, {&apos;type&apos;: &apos;text&apos;, &apos;bbox&apos;: (128.99, 124.753, 133.99, 138.233), &apos;color_space&apos;: &apos;DeviceGray&apos;, &apos;ncolor&apos;: None, &apos;size&apos;: 13.480000000000004, &apos;value&apos;: &apos;_&apos;, &apos;children&apos;: [], &apos;features&apos;: {}}, {&apos;type&apos;: &apos;text&apos;, &apos;bbox&apos;: (133.99, 124.753, 141.76000000000002, 138.233), &apos;color_space&apos;: &apos;DeviceGray&apos;, &apos;ncolor&apos;: None, &apos;size&apos;: 13.480000000000004, &apos;value&apos;: &apos;U&apos;, &apos;children&apos;: [], &apos;features&apos;: {}}, {&apos;type&apos;: &apos;text&apos;, &apos;bbox&apos;: (141.76, 124.753, 150.09, 138.233), &apos;color_space&apos;: &apos;DeviceGray&apos;, &apos;ncolor&apos;: None, &apos;size&apos;: 13.480000000000004, &apos;value&apos;: &apos;N&apos;, &apos;children&apos;: [], &apos;features&apos;: {}}, {&apos;type&apos;: &apos;text&apos;, &apos;bbox&apos;: (150.09, 124.753, 153.98, 138.233), &apos;color_space&apos;: &apos;DeviceGray&apos;, &apos;ncolor&apos;: None, &apos;size&apos;: 13.480000000000004, &apos;value&apos;: &apos;I&apos;, &apos;children&apos;: [], &apos;features&apos;: {}}, {&apos;type&apos;: &apos;text&apos;, &apos;bbox&apos;: (153.98000000000002, 124.753, 160.64000000000001, 138.233), &apos;color_space&apos;: &apos;DeviceGray&apos;, &apos;ncolor&apos;: None, &apos;size&apos;: 13.480000000000004, &apos;value&apos;: &apos;T&apos;, &apos;children&apos;: [], &apos;features&apos;: {}}, {&apos;type&apos;: &apos;text&apos;, &apos;bbox&apos;: (160.64, 124.753, 165.64, 138.233), &apos;color_space&apos;: &apos;DeviceGray&apos;, &apos;ncolor&apos;: None, &apos;size&apos;: 13.480000000000004, &apos;value&apos;: &apos;_&apos;, &apos;children&apos;: [], &apos;features&apos;: {}}, {&apos;type&apos;: &apos;text&apos;, &apos;bbox&apos;: (165.64, 124.753, 173.41, 138.233), &apos;color_space&apos;: &apos;DeviceGray&apos;, &apos;ncolor&apos;: None, &apos;size&apos;: 13.480000000000004, &apos;value&apos;: &apos;A&apos;, &apos;children&apos;: [], &apos;features&apos;: {}}, {&apos;type&apos;: &apos;text&apos;, &apos;bbox&apos;: (173.41, 124.753, 180.07, 138.233), &apos;color_space&apos;: &apos;DeviceGray&apos;, &apos;ncolor&apos;: None, &apos;size&apos;: 13.480000000000004, &apos;value&apos;: &apos;T&apos;, &apos;children&apos;: [], &apos;features&apos;: {}}, {&apos;type&apos;: &apos;text&apos;, &apos;bbox&apos;: (180.07, 124.753, 186.73, 138.233), &apos;color_space&apos;: &apos;DeviceGray&apos;, &apos;ncolor&apos;: None, &apos;size&apos;: 13.480000000000004, &apos;value&apos;: &apos;T&apos;, &apos;children&apos;: [], &apos;features&apos;: {}}, {&apos;type&apos;: &apos;text&apos;, &apos;bbox&apos;: (186.73, 124.753, 193.85999999999999, 138.233), &apos;color_space&apos;: &apos;DeviceGray&apos;, &apos;ncolor&apos;: None, &apos;size&apos;: 13.480000000000004, &apos;value&apos;: &apos;R&apos;, &apos;children&apos;: [], &apos;features&apos;: {}}, {&apos;type&apos;: &apos;text&apos;, &apos;bbox&apos;: (193.927, 125.483, 196.697, 138.773), &apos;color_space&apos;: &apos;DeviceGray&apos;, &apos;ncolor&apos;: None, &apos;size&apos;: 13.289999999999992, &apos;value&apos;: &apos;.&apos;, &apos;children&apos;: [], &apos;features&apos;: {}}, {&apos;type&apos;: &apos;text&apos;, &apos;bbox&apos;: (196.697, 125.483, 199.467, 138.773), &apos;color_space&apos;: &apos;DeviceGray&apos;, &apos;ncolor&apos;: None, &apos;size&apos;: 13.289999999999992, &apos;value&apos;: &apos;.&apos;, &apos;children&apos;: [], &apos;features&apos;: {}}, {&apos;type&apos;: &apos;text&apos;, &apos;bbox&apos;: (199.46699999999998, 125.483, 202.237, 138.773), &apos;color_space&apos;: &apos;DeviceGray&apos;, &apos;ncolor&apos;: None, &apos;size&apos;: 13.289999999999992, &apos;value&apos;: &apos;.&apos;, &apos;children&apos;: [], &apos;features&apos;: {}}, {&apos;type&apos;: &apos;text&apos;, &apos;bbox&apos;: (202.237, 125.483, 205.007, 138.773), &apos;color_space&apos;: &apos;DeviceGray&apos;, &apos;ncolor&apos;: None, &apos;size&apos;: 13.289999999999992, &apos;value&apos;: &apos;.&apos;, &apos;children&apos;: [], &apos;features&apos;: {}}, {&apos;type&apos;: &apos;text&apos;, &apos;bbox&apos;: (205.007, 125.483, 207.77700000000002, 138.773), &apos;color_space&apos;: &apos;DeviceGray&apos;, &apos;ncolor&apos;: None, &apos;size&apos;: 13.289999999999992, &apos;value&apos;: &apos;.&apos;, &apos;children&apos;: [], &apos;features&apos;: {}}, {&apos;type&apos;: &apos;text&apos;, &apos;bbox&apos;: (207.777, 125.483, 210.547, 138.773), &apos;color_space&apos;: &apos;DeviceGray&apos;, &apos;ncolor&apos;: None, &apos;size&apos;: 13.289999999999992, &apos;value&apos;: &apos;.&apos;, &apos;children&apos;: [], &apos;features&apos;: {}}, {&apos;type&apos;: &apos;text&apos;, &apos;bbox&apos;: (210.547, 125.483, 213.317, 138.773), &apos;color_space&apos;: &apos;DeviceGray&apos;, &apos;ncolor&apos;: None, &apos;size&apos;: 13.289999999999992, &apos;value&apos;: &apos;.&apos;, &apos;children&apos;: [], &apos;features&apos;: {}}, {&apos;type&apos;: &apos;text&apos;, &apos;bbox&apos;: (213.317, 125.483, 216.08700000000002, 138.773), &apos;color_space&apos;: &apos;DeviceGray&apos;, &apos;ncolor&apos;: None, &apos;size&apos;: 13.289999999999992, &apos;value&apos;: &apos;.&apos;, &apos;children&apos;: [], &apos;features&apos;: {}}, {&apos;type&apos;: &apos;text&apos;, &apos;bbox&apos;: (216.087, 125.483, 218.857, 138.773), &apos;color_space&apos;: &apos;DeviceGray&apos;, &apos;ncolor&apos;: None, &apos;size&apos;: 13.289999999999992, &apos;value&apos;: &apos;.&apos;, &apos;children&apos;: [], &apos;features&apos;: {}}, {&apos;type&apos;: &apos;text&apos;, &apos;bbox&apos;: (218.857, 125.483, 221.627, 138.773), &apos;color_space&apos;: &apos;DeviceGray&apos;, &apos;ncolor&apos;: None, &apos;size&apos;: 13.289999999999992, &apos;value&apos;: &apos;.&apos;, &apos;children&apos;: [], &apos;features&apos;: {}}, {&apos;type&apos;: &apos;text&apos;, &apos;bbox&apos;: (221.62699999999998, 125.483, 224.397, 138.773), &apos;color_space&apos;: &apos;DeviceGray&apos;, &apos;ncolor&apos;: None, &apos;size&apos;: 13.289999999999992, &apos;value&apos;: &apos;.&apos;, &apos;children&apos;: [], &apos;features&apos;: {}}, {&apos;type&apos;: &apos;text&apos;, &apos;bbox&apos;: (224.397, 125.483, 227.167, 138.773), &apos;color_space&apos;: &apos;DeviceGray&apos;, &apos;ncolor&apos;: None, &apos;size&apos;: 13.289999999999992, &apos;value&apos;: &apos;.&apos;, &apos;children&apos;: [], &apos;features&apos;: {}}, {&apos;type&apos;: &apos;text&apos;, &apos;bbox&apos;: (227.167, 125.483, 229.937, 138.773), &apos;color_space&apos;: &apos;DeviceGray&apos;, &apos;ncolor&apos;: None, &apos;size&apos;: 13.289999999999992, &apos;value&apos;: &apos;.&apos;, &apos;children&apos;: [], &apos;features&apos;: {}}, {&apos;type&apos;: &apos;text&apos;, &apos;bbox&apos;: (229.937, 125.483, 232.70700000000002, 138.773), &apos;color_space&apos;: &apos;DeviceGray&apos;, &apos;ncolor&apos;: None, &apos;size&apos;: 13.289999999999992, &apos;value&apos;: &apos;.&apos;, &apos;children&apos;: [], &apos;features&apos;: {}}, {&apos;type&apos;: &apos;text&apos;, &apos;bbox&apos;: (232.707, 125.483, 235.477, 138.773), &apos;color_space&apos;: &apos;DeviceGray&apos;, &apos;ncolor&apos;: None, &apos;size&apos;: 13.289999999999992, &apos;value&apos;: &apos;.&apos;, &apos;children&apos;: [], &apos;features&apos;: {}}, {&apos;type&apos;: &apos;text&apos;, &apos;bbox&apos;: (235.477, 125.483, 238.247, 138.773), &apos;color_space&apos;: &apos;DeviceGray&apos;, &apos;ncolor&apos;: None, &apos;size&apos;: 13.289999999999992, &apos;value&apos;: &apos;.&apos;, &apos;children&apos;: [], &apos;features&apos;: {}}, {&apos;type&apos;: &apos;text&apos;, &apos;bbox&apos;: (238.247, 125.483, 241.01700000000002, 138.773), &apos;color_space&apos;: &apos;DeviceGray&apos;, &apos;ncolor&apos;: None, &apos;size&apos;: 13.289999999999992, &apos;value&apos;: &apos;.&apos;, &apos;children&apos;: [], &apos;features&apos;: {}}, {&apos;type&apos;: &apos;text&apos;, &apos;bbox&apos;: (241.017, 125.483, 243.787, 138.773), &apos;color_space&apos;: &apos;DeviceGray&apos;, &apos;ncolor&apos;: None, &apos;size&apos;: 13.289999999999992, &apos;value&apos;: &apos;.&apos;, &apos;children&apos;: [], &apos;features&apos;: {}}, {&apos;type&apos;: &apos;text&apos;, &apos;bbox&apos;: (243.787, 125.483, 246.55700000000002, 138.773), &apos;color_space&apos;: &apos;DeviceGray&apos;, &apos;ncolor&apos;: None, &apos;size&apos;: 13.289999999999992, &apos;value&apos;: &apos;.&apos;, &apos;children&apos;: [], &apos;features&apos;: {}}, {&apos;type&apos;: &apos;text&apos;, &apos;bbox&apos;: (246.55700000000002, 125.483, 249.32700000000003, 138.773), &apos;color_space&apos;: &apos;DeviceGray&apos;, &apos;ncolor&apos;: None, &apos;size&apos;: 13.289999999999992, &apos;value&apos;: &apos;.&apos;, &apos;children&apos;: [], &apos;features&apos;: {}}, {&apos;type&apos;: &apos;text&apos;, &apos;bbox&apos;: (249.32700000000003, 125.483, 252.09700000000004, 138.773), &apos;color_space&apos;: &apos;DeviceGray&apos;, &apos;ncolor&apos;: None, &apos;size&apos;: 13.289999999999992, &apos;value&apos;: &apos;.&apos;, &apos;children&apos;: [], &apos;features&apos;: {}}, {&apos;type&apos;: &apos;text&apos;, &apos;bbox&apos;: (252.09700000000004, 125.483, 254.86700000000005, 138.773), &apos;color_space&apos;: &apos;DeviceGray&apos;, &apos;ncolor&apos;: None, &apos;size&apos;: 13.289999999999992, &apos;value&apos;: &apos;.&apos;, &apos;children&apos;: [], &apos;features&apos;: {}}, {&apos;type&apos;: &apos;text&apos;, &apos;bbox&apos;: (254.86700000000002, 125.483, 257.637, 138.773), &apos;color_space&apos;: &apos;DeviceGray&apos;, &apos;ncolor&apos;: None, &apos;size&apos;: 13.289999999999992, &apos;value&apos;: &apos;.&apos;, &apos;children&apos;: [], &apos;features&apos;: {}}, {&apos;type&apos;: &apos;text&apos;, &apos;bbox&apos;: (257.63700000000006, 125.483, 260.40700000000004, 138.773), &apos;color_space&apos;: &apos;DeviceGray&apos;, &apos;ncolor&apos;: None, &apos;size&apos;: 13.289999999999992, &apos;value&apos;: &apos;.&apos;, &apos;children&apos;: [], &apos;features&apos;: {}}, {&apos;type&apos;: &apos;text&apos;, &apos;bbox&apos;: (260.40700000000004, 125.483, 263.177, 138.773), &apos;color_space&apos;: &apos;DeviceGray&apos;, &apos;ncolor&apos;: None, &apos;size&apos;: 13.289999999999992, &apos;value&apos;: &apos;.&apos;, &apos;children&apos;: [], &apos;features&apos;: {}}, {&apos;type&apos;: &apos;text&apos;, &apos;bbox&apos;: (263.177, 125.483, 265.947, 138.773), &apos;color_space&apos;: &apos;DeviceGray&apos;, &apos;ncolor&apos;: None, &apos;size&apos;: 13.289999999999992, &apos;value&apos;: &apos;.&apos;, &apos;children&apos;: [], &apos;features&apos;: {}}, {&apos;type&apos;: &apos;text&apos;, &apos;bbox&apos;: (265.947, 125.483, 268.717, 138.773), &apos;color_space&apos;: &apos;DeviceGray&apos;, &apos;ncolor&apos;: None, &apos;size&apos;: 13.289999999999992, &apos;value&apos;: &apos;.&apos;, &apos;children&apos;: [], &apos;features&apos;: {}}, {&apos;type&apos;: &apos;text&apos;, &apos;bbox&apos;: (268.717, 125.483, 271.48699999999997, 138.773), &apos;color_space&apos;: &apos;DeviceGray&apos;, &apos;ncolor&apos;: None, &apos;size&apos;: 13.289999999999992, &apos;value&apos;: &apos;.&apos;, &apos;children&apos;: [], &apos;features&apos;: {}}, {&apos;type&apos;: &apos;text&apos;, &apos;bbox&apos;: (271.487, 125.483, 274.257, 138.773), &apos;color_space&apos;: &apos;DeviceGray&apos;, &apos;ncolor&apos;: None, &apos;size&apos;: 13.289999999999992, &apos;value&apos;: &apos;.&apos;, &apos;children&apos;: [], &apos;features&apos;: {}}, {&apos;type&apos;: &apos;text&apos;, &apos;bbox&apos;: (274.257, 125.483, 277.027, 138.773), &apos;color_space&apos;: &apos;DeviceGray&apos;, &apos;ncolor&apos;: None, &apos;size&apos;: 13.289999999999992, &apos;value&apos;: &apos;.&apos;, &apos;children&apos;: [], &apos;features&apos;: {}}, {&apos;type&apos;: &apos;text&apos;, &apos;bbox&apos;: (277.027, 125.483, 279.79699999999997, 138.773), &apos;color_space&apos;: &apos;DeviceGray&apos;, &apos;ncolor&apos;: None, &apos;size&apos;: 13.289999999999992, &apos;value&apos;: &apos;.&apos;, &apos;children&apos;: [], &apos;features&apos;: {}}, {&apos;type&apos;: &apos;text&apos;, &apos;bbox&apos;: (279.797, 125.483, 282.567, 138.773), &apos;color_space&apos;: &apos;DeviceGray&apos;, &apos;ncolor&apos;: None, &apos;size&apos;: 13.289999999999992, &apos;value&apos;: &apos;.&apos;, &apos;children&apos;: [], &apos;features&apos;: {}}, {&apos;type&apos;: &apos;text&apos;, &apos;bbox&apos;: (282.567, 125.483, 285.337, 138.773), &apos;color_space&apos;: &apos;DeviceGray&apos;, &apos;ncolor&apos;: None, &apos;size&apos;: 13.289999999999992, &apos;value&apos;: &apos;.&apos;, &apos;children&apos;: [], &apos;features&apos;: {}}, {&apos;type&apos;: &apos;text&apos;, &apos;bbox&apos;: (285.337, 125.483, 288.10699999999997, 138.773), &apos;color_space&apos;: &apos;DeviceGray&apos;, &apos;ncolor&apos;: None, &apos;size&apos;: 13.289999999999992, &apos;value&apos;: &apos;.&apos;, &apos;children&apos;: [], &apos;features&apos;: {}}, {&apos;type&apos;: &apos;text&apos;, &apos;bbox&apos;: (288.10699999999997, 125.483, 290.87699999999995, 138.773), &apos;color_space&apos;: &apos;DeviceGray&apos;, &apos;ncolor&apos;: None, &apos;size&apos;: 13.289999999999992, &apos;value&apos;: &apos;.&apos;, &apos;children&apos;: [], &apos;features&apos;: {}}, {&apos;type&apos;: &apos;text&apos;, &apos;bbox&apos;: (290.87699999999995, 125.483, 293.64699999999993, 138.773), &apos;color_space&apos;: &apos;DeviceGray&apos;, &apos;ncolor&apos;: None, &apos;size&apos;: 13.289999999999992, &apos;value&apos;: &apos;.&apos;, &apos;children&apos;: [], &apos;features&apos;: {}}, {&apos;type&apos;: &apos;text&apos;, &apos;bbox&apos;: (293.647, 125.483, 296.417, 138.773), &apos;color_space&apos;: &apos;DeviceGray&apos;, &apos;ncolor&apos;: None, &apos;size&apos;: 13.289999999999992, &apos;value&apos;: &apos;.&apos;, &apos;children&apos;: [], &apos;features&apos;: {}}, {&apos;type&apos;: &apos;text&apos;, &apos;bbox&apos;: (296.417, 125.483, 299.18699999999995, 138.773), &apos;color_space&apos;: &apos;DeviceGray&apos;, &apos;ncolor&apos;: None, &apos;size&apos;: 13.289999999999992, &apos;value&apos;: &apos;.&apos;, &apos;children&apos;: [], &apos;features&apos;: {}}, {&apos;type&apos;: &apos;text&apos;, &apos;bbox&apos;: (299.18699999999995, 125.483, 301.95699999999994, 138.773), &apos;color_space&apos;: &apos;DeviceGray&apos;, &apos;ncolor&apos;: None, &apos;size&apos;: 13.289999999999992, &apos;value&apos;: &apos;.&apos;, &apos;children&apos;: [], &apos;features&apos;: {}}, {&apos;type&apos;: &apos;text&apos;, &apos;bbox&apos;: (301.957, 125.483, 304.727, 138.773), &apos;color_space&apos;: &apos;DeviceGray&apos;, &apos;ncolor&apos;: None, &apos;size&apos;: 13.289999999999992, &apos;value&apos;: &apos;.&apos;, &apos;children&apos;: [], &apos;features&apos;: {}}, {&apos;type&apos;: &apos;text&apos;, &apos;bbox&apos;: (304.727, 125.483, 307.49699999999996, 138.773), &apos;color_space&apos;: &apos;DeviceGray&apos;, &apos;ncolor&apos;: None, &apos;size&apos;: 13.289999999999992, &apos;value&apos;: &apos;.&apos;, &apos;children&apos;: [], &apos;features&apos;: {}}, {&apos;type&apos;: &apos;text&apos;, &apos;bbox&apos;: (307.49699999999996, 125.483, 310.26699999999994, 138.773), &apos;color_space&apos;: &apos;DeviceGray&apos;, &apos;ncolor&apos;: None, &apos;size&apos;: 13.289999999999992, &apos;value&apos;: &apos;.&apos;, &apos;children&apos;: [], &apos;features&apos;: {}}, {&apos;type&apos;: &apos;text&apos;, &apos;bbox&apos;: (310.26699999999994, 125.483, 313.0369999999999, 138.773), &apos;color_space&apos;: &apos;DeviceGray&apos;, &apos;ncolor&apos;: None, &apos;size&apos;: 13.289999999999992, &apos;value&apos;: &apos;.&apos;, &apos;children&apos;: [], &apos;features&apos;: {}}, {&apos;type&apos;: &apos;text&apos;, &apos;bbox&apos;: (313.0369999999999, 125.483, 315.8069999999999, 138.773), &apos;color_space&apos;: &apos;DeviceGray&apos;, &apos;ncolor&apos;: None, &apos;size&apos;: 13.289999999999992, &apos;value&apos;: &apos;.&apos;, &apos;children&apos;: [], &apos;features&apos;: {}}, {&apos;type&apos;: &apos;text&apos;, &apos;bbox&apos;: (315.80699999999996, 125.483, 318.57699999999994, 138.773), &apos;color_space&apos;: &apos;DeviceGray&apos;, &apos;ncolor&apos;: None, &apos;size&apos;: 13.289999999999992, &apos;value&apos;: &apos;.&apos;, &apos;children&apos;: [], &apos;features&apos;: {}}, {&apos;type&apos;: &apos;text&apos;, &apos;bbox&apos;: (318.57699999999994, 125.483, 321.3469999999999, 138.773), &apos;color_space&apos;: &apos;DeviceGray&apos;, &apos;ncolor&apos;: None, &apos;size&apos;: 13.289999999999992, &apos;value&apos;: &apos;.&apos;, &apos;children&apos;: [], &apos;features&apos;: {}}, {&apos;type&apos;: &apos;text&apos;, &apos;bbox&apos;: (321.3469999999999, 125.483, 324.1169999999999, 138.773), &apos;color_space&apos;: &apos;DeviceGray&apos;, &apos;ncolor&apos;: None, &apos;size&apos;: 13.289999999999992, &apos;value&apos;: &apos;.&apos;, &apos;children&apos;: [], &apos;features&apos;: {}}, {&apos;type&apos;: &apos;text&apos;, &apos;bbox&apos;: (324.11699999999996, 125.483, 326.88699999999994, 138.773), &apos;color_space&apos;: &apos;DeviceGray&apos;, &apos;ncolor&apos;: None, &apos;size&apos;: 13.289999999999992, &apos;value&apos;: &apos;.&apos;, &apos;children&apos;: [], &apos;features&apos;: {}}, {&apos;type&apos;: &apos;text&apos;, &apos;bbox&apos;: (326.88699999999994, 125.483, 329.6569999999999, 138.773), &apos;color_space&apos;: &apos;DeviceGray&apos;, &apos;ncolor&apos;: None, &apos;size&apos;: 13.289999999999992, &apos;value&apos;: &apos;.&apos;, &apos;children&apos;: [], &apos;features&apos;: {}}, {&apos;type&apos;: &apos;text&apos;, &apos;bbox&apos;: (329.6569999999999, 125.483, 332.4269999999999, 138.773), &apos;color_space&apos;: &apos;DeviceGray&apos;, &apos;ncolor&apos;: None, &apos;size&apos;: 13.289999999999992, &apos;value&apos;: &apos;.&apos;, &apos;children&apos;: [], &apos;features&apos;: {}}, {&apos;type&apos;: &apos;text&apos;, &apos;bbox&apos;: (332.42699999999996, 125.483, 335.19699999999995, 138.773), &apos;color_space&apos;: &apos;DeviceGray&apos;, &apos;ncolor&apos;: None, &apos;size&apos;: 13.289999999999992, &apos;value&apos;: &apos;.&apos;, &apos;children&apos;: [], &apos;features&apos;: {}}, {&apos;type&apos;: &apos;text&apos;, &apos;bbox&apos;: (335.197, 125.483, 337.967, 138.773), &apos;color_space&apos;: &apos;DeviceGray&apos;, &apos;ncolor&apos;: None, &apos;size&apos;: 13.289999999999992, &apos;value&apos;: &apos;.&apos;, &apos;children&apos;: [], &apos;features&apos;: {}}, {&apos;type&apos;: &apos;text&apos;, &apos;bbox&apos;: (337.967, 125.483, 340.73699999999997, 138.773), &apos;color_space&apos;: &apos;DeviceGray&apos;, &apos;ncolor&apos;: None, &apos;size&apos;: 13.289999999999992, &apos;value&apos;: &apos;.&apos;, &apos;children&apos;: [], &apos;features&apos;: {}}, {&apos;type&apos;: &apos;text&apos;, &apos;bbox&apos;: (340.73699999999997, 125.483, 343.50699999999995, 138.773), &apos;color_space&apos;: &apos;DeviceGray&apos;, &apos;ncolor&apos;: None, &apos;size&apos;: 13.289999999999992, &apos;value&apos;: &apos;.&apos;, &apos;children&apos;: [], &apos;features&apos;: {}}, {&apos;type&apos;: &apos;text&apos;, &apos;bbox&apos;: (343.507, 125.483, 346.277, 138.773), &apos;color_space&apos;: &apos;DeviceGray&apos;, &apos;ncolor&apos;: None, &apos;size&apos;: 13.289999999999992, &apos;value&apos;: &apos;.&apos;, &apos;children&apos;: [], &apos;features&apos;: {}}, {&apos;type&apos;: &apos;text&apos;, &apos;bbox&apos;: (346.27700000000004, 125.483, 349.047, 138.773), &apos;color_space&apos;: &apos;DeviceGray&apos;, &apos;ncolor&apos;: None, &apos;size&apos;: 13.289999999999992, &apos;value&apos;: &apos;.&apos;, &apos;children&apos;: [], &apos;features&apos;: {}}, {&apos;type&apos;: &apos;text&apos;, &apos;bbox&apos;: (349.047, 125.483, 351.817, 138.773), &apos;color_space&apos;: &apos;DeviceGray&apos;, &apos;ncolor&apos;: None, &apos;size&apos;: 13.289999999999992, &apos;value&apos;: &apos;.&apos;, &apos;children&apos;: [], &apos;features&apos;: {}}, {&apos;type&apos;: &apos;text&apos;, &apos;bbox&apos;: (351.817, 125.483, 354.587, 138.773), &apos;color_space&apos;: &apos;DeviceGray&apos;, &apos;ncolor&apos;: None, &apos;size&apos;: 13.289999999999992, &apos;value&apos;: &apos;.&apos;, &apos;children&apos;: [], &apos;features&apos;: {}}, {&apos;type&apos;: &apos;text&apos;, &apos;bbox&apos;: (354.58700000000005, 125.483, 357.357, 138.773), &apos;color_space&apos;: &apos;DeviceGray&apos;, &apos;ncolor&apos;: None, &apos;size&apos;: 13.289999999999992, &apos;value&apos;: &apos;.&apos;, &apos;children&apos;: [], &apos;features&apos;: {}}, {&apos;type&apos;: &apos;text&apos;, &apos;bbox&apos;: (357.3570000000001, 125.483, 360.12700000000007, 138.773), &apos;color_space&apos;: &apos;DeviceGray&apos;, &apos;ncolor&apos;: None, &apos;size&apos;: 13.289999999999992, &apos;value&apos;: &apos;.&apos;, &apos;children&apos;: [], &apos;features&apos;: {}}, {&apos;type&apos;: &apos;text&apos;, &apos;bbox&apos;: (360.12700000000007, 125.483, 362.89700000000005, 138.773), &apos;color_space&apos;: &apos;DeviceGray&apos;, &apos;ncolor&apos;: None, &apos;size&apos;: 13.289999999999992, &apos;value&apos;: &apos;.&apos;, &apos;children&apos;: [], &apos;features&apos;: {}}, {&apos;type&apos;: &apos;text&apos;, &apos;bbox&apos;: (362.89700000000005, 125.483, 365.66700000000003, 138.773), &apos;color_space&apos;: &apos;DeviceGray&apos;, &apos;ncolor&apos;: None, &apos;size&apos;: 13.289999999999992, &apos;value&apos;: &apos;.&apos;, &apos;children&apos;: [], &apos;features&apos;: {}}, {&apos;type&apos;: &apos;text&apos;, &apos;bbox&apos;: (365.6670000000001, 125.483, 368.43700000000007, 138.773), &apos;color_space&apos;: &apos;DeviceGray&apos;, &apos;ncolor&apos;: None, &apos;size&apos;: 13.289999999999992, &apos;value&apos;: &apos;.&apos;, &apos;children&apos;: [], &apos;features&apos;: {}}, {&apos;type&apos;: &apos;text&apos;, &apos;bbox&apos;: (368.4370000000001, 125.483, 371.2070000000001, 138.773), &apos;color_space&apos;: &apos;DeviceGray&apos;, &apos;ncolor&apos;: None, &apos;size&apos;: 13.289999999999992, &apos;value&apos;: &apos;.&apos;, &apos;children&apos;: [], &apos;features&apos;: {}}, {&apos;type&apos;: &apos;text&apos;, &apos;bbox&apos;: (371.2070000000001, 125.483, 373.9770000000001, 138.773), &apos;color_space&apos;: &apos;DeviceGray&apos;, &apos;ncolor&apos;: None, &apos;size&apos;: 13.289999999999992, &apos;value&apos;: &apos;.&apos;, &apos;children&apos;: [], &apos;features&apos;: {}}, {&apos;type&apos;: &apos;text&apos;, &apos;bbox&apos;: (373.9770000000001, 125.483, 376.74700000000007, 138.773), &apos;color_space&apos;: &apos;DeviceGray&apos;, &apos;ncolor&apos;: None, &apos;size&apos;: 13.289999999999992, &apos;value&apos;: &apos;.&apos;, &apos;children&apos;: [], &apos;features&apos;: {}}, {&apos;type&apos;: &apos;text&apos;, &apos;bbox&apos;: (376.7470000000001, 125.483, 379.5170000000001, 138.773), &apos;color_space&apos;: &apos;DeviceGray&apos;, &apos;ncolor&apos;: None, &apos;size&apos;: 13.289999999999992, &apos;value&apos;: &apos;.&apos;, &apos;children&apos;: [], &apos;features&apos;: {}}, {&apos;type&apos;: &apos;text&apos;, &apos;bbox&apos;: (379.51700000000017, 125.483, 382.28700000000015, 138.773), &apos;color_space&apos;: &apos;DeviceGray&apos;, &apos;ncolor&apos;: None, &apos;size&apos;: 13.289999999999992, &apos;value&apos;: &apos;.&apos;, &apos;children&apos;: [], &apos;features&apos;: {}}, {&apos;type&apos;: &apos;text&apos;, &apos;bbox&apos;: (382.28700000000015, 125.483, 385.05700000000013, 138.773), &apos;color_space&apos;: &apos;DeviceGray&apos;, &apos;ncolor&apos;: None, &apos;size&apos;: 13.289999999999992, &apos;value&apos;: &apos;.&apos;, &apos;children&apos;: [], &apos;features&apos;: {}}, {&apos;type&apos;: &apos;text&apos;, &apos;bbox&apos;: (385.05700000000013, 125.483, 387.8270000000001, 138.773), &apos;color_space&apos;: &apos;DeviceGray&apos;, &apos;ncolor&apos;: None, &apos;size&apos;: 13.289999999999992, &apos;value&apos;: &apos;.&apos;, &apos;children&apos;: [], &apos;features&apos;: {}}, {&apos;type&apos;: &apos;text&apos;, &apos;bbox&apos;: (387.82700000000017, 125.483, 390.59700000000015, 138.773), &apos;color_space&apos;: &apos;DeviceGray&apos;, &apos;ncolor&apos;: None, &apos;size&apos;: 13.289999999999992, &apos;value&apos;: &apos;.&apos;, &apos;children&apos;: [], &apos;features&apos;: {}}, {&apos;type&apos;: &apos;text&apos;, &apos;bbox&apos;: (390.5970000000002, 125.483, 393.3670000000002, 138.773), &apos;color_space&apos;: &apos;DeviceGray&apos;, &apos;ncolor&apos;: None, &apos;size&apos;: 13.289999999999992, &apos;value&apos;: &apos;.&apos;, &apos;children&apos;: [], &apos;features&apos;: {}}, {&apos;type&apos;: &apos;text&apos;, &apos;bbox&apos;: (393.3670000000002, 125.483, 396.13700000000017, 138.773), &apos;color_space&apos;: &apos;DeviceGray&apos;, &apos;ncolor&apos;: None, &apos;size&apos;: 13.289999999999992, &apos;value&apos;: &apos;.&apos;, &apos;children&apos;: [], &apos;features&apos;: {}}, {&apos;type&apos;: &apos;text&apos;, &apos;bbox&apos;: (396.13700000000017, 125.483, 398.90700000000015, 138.773), &apos;color_space&apos;: &apos;DeviceGray&apos;, &apos;ncolor&apos;: None, &apos;size&apos;: 13.289999999999992, &apos;value&apos;: &apos;.&apos;, &apos;children&apos;: [], &apos;features&apos;: {}}, {&apos;type&apos;: &apos;text&apos;, &apos;bbox&apos;: (398.9070000000002, 125.483, 401.6770000000002, 138.773), &apos;color_space&apos;: &apos;DeviceGray&apos;, &apos;ncolor&apos;: None, &apos;size&apos;: 13.289999999999992, &apos;value&apos;: &apos;.&apos;, &apos;children&apos;: [], &apos;features&apos;: {}}, {&apos;type&apos;: &apos;text&apos;, &apos;bbox&apos;: (401.67700000000025, 125.483, 404.44700000000023, 138.773), &apos;color_space&apos;: &apos;DeviceGray&apos;, &apos;ncolor&apos;: None, &apos;size&apos;: 13.289999999999992, &apos;value&apos;: &apos;.&apos;, &apos;children&apos;: [], &apos;features&apos;: {}}, {&apos;type&apos;: &apos;text&apos;, &apos;bbox&apos;: (404.44700000000023, 125.483, 407.2170000000002, 138.773), &apos;color_space&apos;: &apos;DeviceGray&apos;, &apos;ncolor&apos;: None, &apos;size&apos;: 13.289999999999992, &apos;value&apos;: &apos;.&apos;, &apos;children&apos;: [], &apos;features&apos;: {}}, {&apos;type&apos;: &apos;text&apos;, &apos;bbox&apos;: (407.2170000000002, 125.483, 409.9870000000002, 138.773), &apos;color_space&apos;: &apos;DeviceGray&apos;, &apos;ncolor&apos;: None, &apos;size&apos;: 13.289999999999992, &apos;value&apos;: &apos;.&apos;, &apos;children&apos;: [], &apos;features&apos;: {}}, {&apos;type&apos;: &apos;text&apos;, &apos;bbox&apos;: (409.98700000000025, 125.483, 412.75700000000023, 138.773), &apos;color_space&apos;: &apos;DeviceGray&apos;, &apos;ncolor&apos;: None, &apos;size&apos;: 13.289999999999992, &apos;value&apos;: &apos;.&apos;, &apos;children&apos;: [], &apos;features&apos;: {}}, {&apos;type&apos;: &apos;text&apos;, &apos;bbox&apos;: (412.7570000000003, 125.483, 415.52700000000027, 138.773), &apos;color_space&apos;: &apos;DeviceGray&apos;, &apos;ncolor&apos;: None, &apos;size&apos;: 13.289999999999992, &apos;value&apos;: &apos;.&apos;, &apos;children&apos;: [], &apos;features&apos;: {}}, {&apos;type&apos;: &apos;text&apos;, &apos;bbox&apos;: (415.52700000000027, 125.483, 418.29700000000025, 138.773), &apos;color_space&apos;: &apos;DeviceGray&apos;, &apos;ncolor&apos;: None, &apos;size&apos;: 13.289999999999992, &apos;value&apos;: &apos;.&apos;, &apos;children&apos;: [], &apos;features&apos;: {}}, {&apos;type&apos;: &apos;text&apos;, &apos;bbox&apos;: (418.29700000000025, 125.483, 421.06700000000023, 138.773), &apos;color_space&apos;: &apos;DeviceGray&apos;, &apos;ncolor&apos;: None, &apos;size&apos;: 13.289999999999992, &apos;value&apos;: &apos;.&apos;, &apos;children&apos;: [], &apos;features&apos;: {}}, {&apos;type&apos;: &apos;text&apos;, &apos;bbox&apos;: (421.0670000000003, 125.483, 423.8370000000003, 138.773), &apos;color_space&apos;: &apos;DeviceGray&apos;, &apos;ncolor&apos;: None, &apos;size&apos;: 13.289999999999992, &apos;value&apos;: &apos;.&apos;, &apos;children&apos;: [], &apos;features&apos;: {}}, {&apos;type&apos;: &apos;text&apos;, &apos;bbox&apos;: (423.83700000000033, 125.483, 426.6070000000003, 138.773), &apos;color_space&apos;: &apos;DeviceGray&apos;, &apos;ncolor&apos;: None, &apos;size&apos;: 13.289999999999992, &apos;value&apos;: &apos;.&apos;, &apos;children&apos;: [], &apos;features&apos;: {}}, {&apos;type&apos;: &apos;text&apos;, &apos;bbox&apos;: (426.6070000000003, 125.483, 429.3770000000003, 138.773), &apos;color_space&apos;: &apos;DeviceGray&apos;, &apos;ncolor&apos;: None, &apos;size&apos;: 13.289999999999992, &apos;value&apos;: &apos;.&apos;, &apos;children&apos;: [], &apos;features&apos;: {}}, {&apos;type&apos;: &apos;text&apos;, &apos;bbox&apos;: (429.3770000000003, 125.483, 432.1470000000003, 138.773), &apos;color_space&apos;: &apos;DeviceGray&apos;, &apos;ncolor&apos;: None, &apos;size&apos;: 13.289999999999992, &apos;value&apos;: &apos;.&apos;, &apos;children&apos;: [], &apos;features&apos;: {}}, {&apos;type&apos;: &apos;text&apos;, &apos;bbox&apos;: (432.14700000000033, 125.483, 434.9170000000003, 138.773), &apos;color_space&apos;: &apos;DeviceGray&apos;, &apos;ncolor&apos;: None, &apos;size&apos;: 13.289999999999992, &apos;value&apos;: &apos;.&apos;, &apos;children&apos;: [], &apos;features&apos;: {}}, {&apos;type&apos;: &apos;text&apos;, &apos;bbox&apos;: (434.91700000000037, 125.483, 437.68700000000035, 138.773), &apos;color_space&apos;: &apos;DeviceGray&apos;, &apos;ncolor&apos;: None, &apos;size&apos;: 13.289999999999992, &apos;value&apos;: &apos;.&apos;, &apos;children&apos;: [], &apos;features&apos;: {}}, {&apos;type&apos;: &apos;text&apos;, &apos;bbox&apos;: (437.68700000000035, 125.483, 440.45700000000033, 138.773), &apos;color_space&apos;: &apos;DeviceGray&apos;, &apos;ncolor&apos;: None, &apos;size&apos;: 13.289999999999992, &apos;value&apos;: &apos;.&apos;, &apos;children&apos;: [], &apos;features&apos;: {}}, {&apos;type&apos;: &apos;text&apos;, &apos;bbox&apos;: (440.45700000000033, 125.483, 443.2270000000003, 138.773), &apos;color_space&apos;: &apos;DeviceGray&apos;, &apos;ncolor&apos;: None, &apos;size&apos;: 13.289999999999992, &apos;value&apos;: &apos;.&apos;, &apos;children&apos;: [], &apos;features&apos;: {}}, {&apos;type&apos;: &apos;text&apos;, &apos;bbox&apos;: (443.2270000000004, 125.483, 445.99700000000036, 138.773), &apos;color_space&apos;: &apos;DeviceGray&apos;, &apos;ncolor&apos;: None, &apos;size&apos;: 13.289999999999992, &apos;value&apos;: &apos;.&apos;, &apos;children&apos;: [], &apos;features&apos;: {}}, {&apos;type&apos;: &apos;text&apos;, &apos;bbox&apos;: (445.9970000000004, 125.483, 448.7670000000004, 138.773), &apos;color_space&apos;: &apos;DeviceGray&apos;, &apos;ncolor&apos;: None, &apos;size&apos;: 13.289999999999992, &apos;value&apos;: &apos;.&apos;, &apos;children&apos;: [], &apos;features&apos;: {}}, {&apos;type&apos;: &apos;text&apos;, &apos;bbox&apos;: (448.7670000000004, 125.483, 451.5370000000004, 138.773), &apos;color_space&apos;: &apos;DeviceGray&apos;, &apos;ncolor&apos;: None, &apos;size&apos;: 13.289999999999992, &apos;value&apos;: &apos;.&apos;, &apos;children&apos;: [], &apos;features&apos;: {}}, {&apos;type&apos;: &apos;text&apos;, &apos;bbox&apos;: (451.5370000000004, 125.483, 454.30700000000036, 138.773), &apos;color_space&apos;: &apos;DeviceGray&apos;, &apos;ncolor&apos;: None, &apos;size&apos;: 13.289999999999992, &apos;value&apos;: &apos;.&apos;, &apos;children&apos;: [], &apos;features&apos;: {}}, {&apos;type&apos;: &apos;text&apos;, &apos;bbox&apos;: (454.30700000000036, 125.483, 457.07700000000034, 138.773), &apos;color_space&apos;: &apos;DeviceGray&apos;, &apos;ncolor&apos;: None, &apos;size&apos;: 13.289999999999992, &apos;value&apos;: &apos;.&apos;, &apos;children&apos;: [], &apos;features&apos;: {}}, {&apos;type&apos;: &apos;text&apos;, &apos;bbox&apos;: (457.07700000000034, 125.483, 459.8470000000003, 138.773), &apos;color_space&apos;: &apos;DeviceGray&apos;, &apos;ncolor&apos;: None, &apos;size&apos;: 13.289999999999992, &apos;value&apos;: &apos;.&apos;, &apos;children&apos;: [], &apos;features&apos;: {}}, {&apos;type&apos;: &apos;text&apos;, &apos;bbox&apos;: (459.8470000000003, 125.483, 462.6170000000003, 138.773), &apos;color_space&apos;: &apos;DeviceGray&apos;, &apos;ncolor&apos;: None, &apos;size&apos;: 13.289999999999992, &apos;value&apos;: &apos;.&apos;, &apos;children&apos;: [], &apos;features&apos;: {}}, {&apos;type&apos;: &apos;text&apos;, &apos;bbox&apos;: (462.6170000000003, 125.483, 465.3870000000003, 138.773), &apos;color_space&apos;: &apos;DeviceGray&apos;, &apos;ncolor&apos;: None, &apos;size&apos;: 13.289999999999992, &apos;value&apos;: &apos;.&apos;, &apos;children&apos;: [], &apos;features&apos;: {}}, {&apos;type&apos;: &apos;text&apos;, &apos;bbox&apos;: (465.3870000000003, 125.483, 468.15700000000027, 138.773), &apos;color_space&apos;: &apos;DeviceGray&apos;, &apos;ncolor&apos;: None, &apos;size&apos;: 13.289999999999992, &apos;value&apos;: &apos;.&apos;, &apos;children&apos;: [], &apos;features&apos;: {}}, {&apos;type&apos;: &apos;text&apos;, &apos;bbox&apos;: (468.15700000000027, 125.483, 470.92700000000025, 138.773), &apos;color_space&apos;: &apos;DeviceGray&apos;, &apos;ncolor&apos;: None, &apos;size&apos;: 13.289999999999992, &apos;value&apos;: &apos;.&apos;, &apos;children&apos;: [], &apos;features&apos;: {}}, {&apos;type&apos;: &apos;text&apos;, &apos;bbox&apos;: (470.92700000000025, 125.483, 473.69700000000023, 138.773), &apos;color_space&apos;: &apos;DeviceGray&apos;, &apos;ncolor&apos;: None, &apos;size&apos;: 13.289999999999992, &apos;value&apos;: &apos;.&apos;, &apos;children&apos;: [], &apos;features&apos;: {}}, {&apos;type&apos;: &apos;text&apos;, &apos;bbox&apos;: (473.69700000000023, 125.483, 476.4670000000002, 138.773), &apos;color_space&apos;: &apos;DeviceGray&apos;, &apos;ncolor&apos;: None, &apos;size&apos;: 13.289999999999992, &apos;value&apos;: &apos;.&apos;, &apos;children&apos;: [], &apos;features&apos;: {}}, {&apos;type&apos;: &apos;text&apos;, &apos;bbox&apos;: (476.4670000000002, 125.483, 479.2370000000002, 138.773), &apos;color_space&apos;: &apos;DeviceGray&apos;, &apos;ncolor&apos;: None, &apos;size&apos;: 13.289999999999992, &apos;value&apos;: &apos;.&apos;, &apos;children&apos;: [], &apos;features&apos;: {}}, {&apos;type&apos;: &apos;text&apos;, &apos;bbox&apos;: (479.2370000000002, 125.483, 482.0070000000002, 138.773), &apos;color_space&apos;: &apos;DeviceGray&apos;, &apos;ncolor&apos;: None, &apos;size&apos;: 13.289999999999992, &apos;value&apos;: &apos;.&apos;, &apos;children&apos;: [], &apos;features&apos;: {}}, {&apos;type&apos;: &apos;text&apos;, &apos;bbox&apos;: (482.0070000000002, 125.483, 484.77700000000016, 138.773), &apos;color_space&apos;: &apos;DeviceGray&apos;, &apos;ncolor&apos;: None, &apos;size&apos;: 13.289999999999992, &apos;value&apos;: &apos;.&apos;, &apos;children&apos;: [], &apos;features&apos;: {}}, {&apos;type&apos;: &apos;text&apos;, &apos;bbox&apos;: (484.77700000000016, 125.483, 487.54700000000014, 138.773), &apos;color_space&apos;: &apos;DeviceGray&apos;, &apos;ncolor&apos;: None, &apos;size&apos;: 13.289999999999992, &apos;value&apos;: &apos;.&apos;, &apos;children&apos;: [], &apos;features&apos;: {}}, {&apos;type&apos;: &apos;text&apos;, &apos;bbox&apos;: (489.548, 125.483, 495.108, 138.773), &apos;color_space&apos;: &apos;DeviceGray&apos;, &apos;ncolor&apos;: None, &apos;size&apos;: 13.289999999999992, &apos;value&apos;: &apos;7&apos;, &apos;children&apos;: [], &apos;features&apos;: {}}, {&apos;type&apos;: &apos;text&apos;, &apos;bbox&apos;: (495.108, 125.483, 498.438, 138.773), &apos;color_space&apos;: &apos;DeviceGray&apos;, &apos;ncolor&apos;: None, &apos;size&apos;: 13.289999999999992, &apos;value&apos;: &apos;-&apos;, &apos;children&apos;: [], &apos;features&apos;: {}}, {&apos;type&apos;: &apos;text&apos;, &apos;bbox&apos;: (498.439, 125.483, 503.999, 138.773), &apos;color_space&apos;: &apos;DeviceGray&apos;, &apos;ncolor&apos;: None, &apos;size&apos;: 13.289999999999992, &apos;value&apos;: &apos;6&apos;, &apos;children&apos;: [], &apos;features&apos;: {}}], &apos;features&apos;: {}}
*********************





--------------------------------- CONTENT AREA --------------------------------- 
This content area has an image
{&apos;type&apos;: &apos;figure&apos;, &apos;bbox&apos;: (0, 0, 612.0, 792.0), &apos;name&apos;: &apos;fx45&apos;, &apos;children&apos;: [{&apos;type&apos;: &apos;text&apos;, &apos;bbox&apos;: (78.0, 109.262, 86.31, 122.742), &apos;color_space&apos;: &apos;DeviceGray&apos;, &apos;ncolor&apos;: None, &apos;size&apos;: 13.480000000000004, &apos;value&apos;: &apos;D&apos;, &apos;children&apos;: [], &apos;features&apos;: {}}, {&apos;type&apos;: &apos;text&apos;, &apos;bbox&apos;: (86.31, 109.262, 90.2, 122.742), &apos;color_space&apos;: &apos;DeviceGray&apos;, &apos;ncolor&apos;: None, &apos;size&apos;: 13.480000000000004, &apos;value&apos;: &apos;I&apos;, &apos;children&apos;: [], &apos;features&apos;: {}}, {&apos;type&apos;: &apos;text&apos;, &apos;bbox&apos;: (90.2, 109.262, 100.2, 122.742), &apos;color_space&apos;: &apos;DeviceGray&apos;, &apos;ncolor&apos;: None, &apos;size&apos;: 13.480000000000004, &apos;value&apos;: &apos;M&apos;, &apos;children&apos;: [], &apos;features&apos;: {}}, {&apos;type&apos;: &apos;text&apos;, &apos;bbox&apos;: (100.2, 109.262, 105.2, 122.742), &apos;color_space&apos;: &apos;DeviceGray&apos;, &apos;ncolor&apos;: None, &apos;size&apos;: 13.480000000000004, &apos;value&apos;: &apos;_&apos;, &apos;children&apos;: [], &apos;features&apos;: {}}, {&apos;type&apos;: &apos;text&apos;, &apos;bbox&apos;: (105.2, 109.262, 113.53, 122.742), &apos;color_space&apos;: &apos;DeviceGray&apos;, &apos;ncolor&apos;: None, &apos;size&apos;: 13.480000000000004, &apos;value&apos;: &apos;O&apos;, &apos;children&apos;: [], &apos;features&apos;: {}}, {&apos;type&apos;: &apos;text&apos;, &apos;bbox&apos;: (113.53, 109.262, 120.66, 122.742), &apos;color_space&apos;: &apos;DeviceGray&apos;, &apos;ncolor&apos;: None, &apos;size&apos;: 13.480000000000004, &apos;value&apos;: &apos;R&apos;, &apos;children&apos;: [], &apos;features&apos;: {}}, {&apos;type&apos;: &apos;text&apos;, &apos;bbox&apos;: (120.66, 109.262, 128.99, 122.742), &apos;color_space&apos;: &apos;DeviceGray&apos;, &apos;ncolor&apos;: None, &apos;size&apos;: 13.480000000000004, &apos;value&apos;: &apos;G&apos;, &apos;children&apos;: [], &apos;features&apos;: {}}, {&apos;type&apos;: &apos;text&apos;, &apos;bbox&apos;: (128.99, 109.262, 133.99, 122.742), &apos;color_space&apos;: &apos;DeviceGray&apos;, &apos;ncolor&apos;: None, &apos;size&apos;: 13.480000000000004, &apos;value&apos;: &apos;_&apos;, &apos;children&apos;: [], &apos;features&apos;: {}}, {&apos;type&apos;: &apos;text&apos;, &apos;bbox&apos;: (133.99, 109.262, 141.76000000000002, 122.742), &apos;color_space&apos;: &apos;DeviceGray&apos;, &apos;ncolor&apos;: None, &apos;size&apos;: 13.480000000000004, &apos;value&apos;: &apos;U&apos;, &apos;children&apos;: [], &apos;features&apos;: {}}, {&apos;type&apos;: &apos;text&apos;, &apos;bbox&apos;: (141.76, 109.262, 150.09, 122.742), &apos;color_space&apos;: &apos;DeviceGray&apos;, &apos;ncolor&apos;: None, &apos;size&apos;: 13.480000000000004, &apos;value&apos;: &apos;N&apos;, &apos;children&apos;: [], &apos;features&apos;: {}}, {&apos;type&apos;: &apos;text&apos;, &apos;bbox&apos;: (150.09, 109.262, 153.98, 122.742), &apos;color_space&apos;: &apos;DeviceGray&apos;, &apos;ncolor&apos;: None, &apos;size&apos;: 13.480000000000004, &apos;value&apos;: &apos;I&apos;, &apos;children&apos;: [], &apos;features&apos;: {}}, {&apos;type&apos;: &apos;text&apos;, &apos;bbox&apos;: (153.98000000000002, 109.262, 160.64000000000001, 122.742), &apos;color_space&apos;: &apos;DeviceGray&apos;, &apos;ncolor&apos;: None, &apos;size&apos;: 13.480000000000004, &apos;value&apos;: &apos;T&apos;, &apos;children&apos;: [], &apos;features&apos;: {}}, {&apos;type&apos;: &apos;text&apos;, &apos;bbox&apos;: (160.64, 109.262, 165.64, 122.742), &apos;color_space&apos;: &apos;DeviceGray&apos;, &apos;ncolor&apos;: None, &apos;size&apos;: 13.480000000000004, &apos;value&apos;: &apos;_&apos;, &apos;children&apos;: [], &apos;features&apos;: {}}, {&apos;type&apos;: &apos;text&apos;, &apos;bbox&apos;: (165.64, 109.262, 173.97, 122.742), &apos;color_space&apos;: &apos;DeviceGray&apos;, &apos;ncolor&apos;: None, &apos;size&apos;: 13.480000000000004, &apos;value&apos;: &apos;H&apos;, &apos;children&apos;: [], &apos;features&apos;: {}}, {&apos;type&apos;: &apos;text&apos;, &apos;bbox&apos;: (173.97, 109.262, 177.85999999999999, 122.742), &apos;color_space&apos;: &apos;DeviceGray&apos;, &apos;ncolor&apos;: None, &apos;size&apos;: 13.480000000000004, &apos;value&apos;: &apos;I&apos;, &apos;children&apos;: [], &apos;features&apos;: {}}, {&apos;type&apos;: &apos;text&apos;, &apos;bbox&apos;: (177.86, 109.262, 183.91000000000003, 122.742), &apos;color_space&apos;: &apos;DeviceGray&apos;, &apos;ncolor&apos;: None, &apos;size&apos;: 13.480000000000004, &apos;value&apos;: &apos;E&apos;, &apos;children&apos;: [], &apos;features&apos;: {}}, {&apos;type&apos;: &apos;text&apos;, &apos;bbox&apos;: (183.91, 109.262, 191.04, 122.742), &apos;color_space&apos;: &apos;DeviceGray&apos;, &apos;ncolor&apos;: None, &apos;size&apos;: 13.480000000000004, &apos;value&apos;: &apos;R&apos;, &apos;children&apos;: [], &apos;features&apos;: {}}, {&apos;type&apos;: &apos;text&apos;, &apos;bbox&apos;: (191.09, 109.993, 193.86, 123.28299999999999), &apos;color_space&apos;: &apos;DeviceGray&apos;, &apos;ncolor&apos;: None, &apos;size&apos;: 13.289999999999992, &apos;value&apos;: &apos;.&apos;, &apos;children&apos;: [], &apos;features&apos;: {}}, {&apos;type&apos;: &apos;text&apos;, &apos;bbox&apos;: (193.86, 109.993, 196.63000000000002, 123.28299999999999), &apos;color_space&apos;: &apos;DeviceGray&apos;, &apos;ncolor&apos;: None, &apos;size&apos;: 13.289999999999992, &apos;value&apos;: &apos;.&apos;, &apos;children&apos;: [], &apos;features&apos;: {}}, {&apos;type&apos;: &apos;text&apos;, &apos;bbox&apos;: (196.63, 109.993, 199.4, 123.28299999999999), &apos;color_space&apos;: &apos;DeviceGray&apos;, &apos;ncolor&apos;: None, &apos;size&apos;: 13.289999999999992, &apos;value&apos;: &apos;.&apos;, &apos;children&apos;: [], &apos;features&apos;: {}}, {&apos;type&apos;: &apos;text&apos;, &apos;bbox&apos;: (199.4, 109.993, 202.17000000000002, 123.28299999999999), &apos;color_space&apos;: &apos;DeviceGray&apos;, &apos;ncolor&apos;: None, &apos;size&apos;: 13.289999999999992, &apos;value&apos;: &apos;.&apos;, &apos;children&apos;: [], &apos;features&apos;: {}}, {&apos;type&apos;: &apos;text&apos;, &apos;bbox&apos;: (202.17000000000002, 109.993, 204.94000000000003, 123.28299999999999), &apos;color_space&apos;: &apos;DeviceGray&apos;, &apos;ncolor&apos;: None, &apos;size&apos;: 13.289999999999992, &apos;value&apos;: &apos;.&apos;, &apos;children&apos;: [], &apos;features&apos;: {}}, {&apos;type&apos;: &apos;text&apos;, &apos;bbox&apos;: (204.94, 109.993, 207.71, 123.28299999999999), &apos;color_space&apos;: &apos;DeviceGray&apos;, &apos;ncolor&apos;: None, &apos;size&apos;: 13.289999999999992, &apos;value&apos;: &apos;.&apos;, &apos;children&apos;: [], &apos;features&apos;: {}}, {&apos;type&apos;: &apos;text&apos;, &apos;bbox&apos;: (207.71, 109.993, 210.48000000000002, 123.28299999999999), &apos;color_space&apos;: &apos;DeviceGray&apos;, &apos;ncolor&apos;: None, &apos;size&apos;: 13.289999999999992, &apos;value&apos;: &apos;.&apos;, &apos;children&apos;: [], &apos;features&apos;: {}}, {&apos;type&apos;: &apos;text&apos;, &apos;bbox&apos;: (210.48000000000002, 109.993, 213.25000000000003, 123.28299999999999), &apos;color_space&apos;: &apos;DeviceGray&apos;, &apos;ncolor&apos;: None, &apos;size&apos;: 13.289999999999992, &apos;value&apos;: &apos;.&apos;, &apos;children&apos;: [], &apos;features&apos;: {}}, {&apos;type&apos;: &apos;text&apos;, &apos;bbox&apos;: (213.25, 109.993, 216.02, 123.28299999999999), &apos;color_space&apos;: &apos;DeviceGray&apos;, &apos;ncolor&apos;: None, &apos;size&apos;: 13.289999999999992, &apos;value&apos;: &apos;.&apos;, &apos;children&apos;: [], &apos;features&apos;: {}}, {&apos;type&apos;: &apos;text&apos;, &apos;bbox&apos;: (216.02, 109.993, 218.79000000000002, 123.28299999999999), &apos;color_space&apos;: &apos;DeviceGray&apos;, &apos;ncolor&apos;: None, &apos;size&apos;: 13.289999999999992, &apos;value&apos;: &apos;.&apos;, &apos;children&apos;: [], &apos;features&apos;: {}}, {&apos;type&apos;: &apos;text&apos;, &apos;bbox&apos;: (218.79, 109.993, 221.56, 123.28299999999999), &apos;color_space&apos;: &apos;DeviceGray&apos;, &apos;ncolor&apos;: None, &apos;size&apos;: 13.289999999999992, &apos;value&apos;: &apos;.&apos;, &apos;children&apos;: [], &apos;features&apos;: {}}, {&apos;type&apos;: &apos;text&apos;, &apos;bbox&apos;: (221.56, 109.993, 224.33, 123.28299999999999), &apos;color_space&apos;: &apos;DeviceGray&apos;, &apos;ncolor&apos;: None, &apos;size&apos;: 13.289999999999992, &apos;value&apos;: &apos;.&apos;, &apos;children&apos;: [], &apos;features&apos;: {}}, {&apos;type&apos;: &apos;text&apos;, &apos;bbox&apos;: (224.33, 109.993, 227.10000000000002, 123.28299999999999), &apos;color_space&apos;: &apos;DeviceGray&apos;, &apos;ncolor&apos;: None, &apos;size&apos;: 13.289999999999992, &apos;value&apos;: &apos;.&apos;, &apos;children&apos;: [], &apos;features&apos;: {}}, {&apos;type&apos;: &apos;text&apos;, &apos;bbox&apos;: (227.10000000000002, 109.993, 229.87000000000003, 123.28299999999999), &apos;color_space&apos;: &apos;DeviceGray&apos;, &apos;ncolor&apos;: None, &apos;size&apos;: 13.289999999999992, &apos;value&apos;: &apos;.&apos;, &apos;children&apos;: [], &apos;features&apos;: {}}, {&apos;type&apos;: &apos;text&apos;, &apos;bbox&apos;: (229.87, 109.993, 232.64000000000001, 123.28299999999999), &apos;color_space&apos;: &apos;DeviceGray&apos;, &apos;ncolor&apos;: None, &apos;size&apos;: 13.289999999999992, &apos;value&apos;: &apos;.&apos;, &apos;children&apos;: [], &apos;features&apos;: {}}, {&apos;type&apos;: &apos;text&apos;, &apos;bbox&apos;: (232.64000000000001, 109.993, 235.41000000000003, 123.28299999999999), &apos;color_space&apos;: &apos;DeviceGray&apos;, &apos;ncolor&apos;: None, &apos;size&apos;: 13.289999999999992, &apos;value&apos;: &apos;.&apos;, &apos;children&apos;: [], &apos;features&apos;: {}}, {&apos;type&apos;: &apos;text&apos;, &apos;bbox&apos;: (235.41000000000003, 109.993, 238.18000000000004, 123.28299999999999), &apos;color_space&apos;: &apos;DeviceGray&apos;, &apos;ncolor&apos;: None, &apos;size&apos;: 13.289999999999992, &apos;value&apos;: &apos;.&apos;, &apos;children&apos;: [], &apos;features&apos;: {}}, {&apos;type&apos;: &apos;text&apos;, &apos;bbox&apos;: (238.18, 109.993, 240.95000000000002, 123.28299999999999), &apos;color_space&apos;: &apos;DeviceGray&apos;, &apos;ncolor&apos;: None, &apos;size&apos;: 13.289999999999992, &apos;value&apos;: &apos;.&apos;, &apos;children&apos;: [], &apos;features&apos;: {}}, {&apos;type&apos;: &apos;text&apos;, &apos;bbox&apos;: (240.95000000000002, 109.993, 243.72000000000003, 123.28299999999999), &apos;color_space&apos;: &apos;DeviceGray&apos;, &apos;ncolor&apos;: None, &apos;size&apos;: 13.289999999999992, &apos;value&apos;: &apos;.&apos;, &apos;children&apos;: [], &apos;features&apos;: {}}, {&apos;type&apos;: &apos;text&apos;, &apos;bbox&apos;: (243.72000000000003, 109.993, 246.49000000000004, 123.28299999999999), &apos;color_space&apos;: &apos;DeviceGray&apos;, &apos;ncolor&apos;: None, &apos;size&apos;: 13.289999999999992, &apos;value&apos;: &apos;.&apos;, &apos;children&apos;: [], &apos;features&apos;: {}}, {&apos;type&apos;: &apos;text&apos;, &apos;bbox&apos;: (246.49000000000004, 109.993, 249.26000000000005, 123.28299999999999), &apos;color_space&apos;: &apos;DeviceGray&apos;, &apos;ncolor&apos;: None, &apos;size&apos;: 13.289999999999992, &apos;value&apos;: &apos;.&apos;, &apos;children&apos;: [], &apos;features&apos;: {}}, {&apos;type&apos;: &apos;text&apos;, &apos;bbox&apos;: (249.26000000000005, 109.993, 252.03000000000006, 123.28299999999999), &apos;color_space&apos;: &apos;DeviceGray&apos;, &apos;ncolor&apos;: None, &apos;size&apos;: 13.289999999999992, &apos;value&apos;: &apos;.&apos;, &apos;children&apos;: [], &apos;features&apos;: {}}, {&apos;type&apos;: &apos;text&apos;, &apos;bbox&apos;: (252.03000000000003, 109.993, 254.80000000000004, 123.28299999999999), &apos;color_space&apos;: &apos;DeviceGray&apos;, &apos;ncolor&apos;: None, &apos;size&apos;: 13.289999999999992, &apos;value&apos;: &apos;.&apos;, &apos;children&apos;: [], &apos;features&apos;: {}}, {&apos;type&apos;: &apos;text&apos;, &apos;bbox&apos;: (254.80000000000004, 109.993, 257.57000000000005, 123.28299999999999), &apos;color_space&apos;: &apos;DeviceGray&apos;, &apos;ncolor&apos;: None, &apos;size&apos;: 13.289999999999992, &apos;value&apos;: &apos;.&apos;, &apos;children&apos;: [], &apos;features&apos;: {}}, {&apos;type&apos;: &apos;text&apos;, &apos;bbox&apos;: (257.57000000000005, 109.993, 260.34000000000003, 123.28299999999999), &apos;color_space&apos;: &apos;DeviceGray&apos;, &apos;ncolor&apos;: None, &apos;size&apos;: 13.289999999999992, &apos;value&apos;: &apos;.&apos;, &apos;children&apos;: [], &apos;features&apos;: {}}, {&apos;type&apos;: &apos;text&apos;, &apos;bbox&apos;: (260.34000000000003, 109.993, 263.11, 123.28299999999999), &apos;color_space&apos;: &apos;DeviceGray&apos;, &apos;ncolor&apos;: None, &apos;size&apos;: 13.289999999999992, &apos;value&apos;: &apos;.&apos;, &apos;children&apos;: [], &apos;features&apos;: {}}, {&apos;type&apos;: &apos;text&apos;, &apos;bbox&apos;: (263.11, 109.993, 265.88, 123.28299999999999), &apos;color_space&apos;: &apos;DeviceGray&apos;, &apos;ncolor&apos;: None, &apos;size&apos;: 13.289999999999992, &apos;value&apos;: &apos;.&apos;, &apos;children&apos;: [], &apos;features&apos;: {}}, {&apos;type&apos;: &apos;text&apos;, &apos;bbox&apos;: (265.88, 109.993, 268.65, 123.28299999999999), &apos;color_space&apos;: &apos;DeviceGray&apos;, &apos;ncolor&apos;: None, &apos;size&apos;: 13.289999999999992, &apos;value&apos;: &apos;.&apos;, &apos;children&apos;: [], &apos;features&apos;: {}}, {&apos;type&apos;: &apos;text&apos;, &apos;bbox&apos;: (268.65000000000003, 109.993, 271.42, 123.28299999999999), &apos;color_space&apos;: &apos;DeviceGray&apos;, &apos;ncolor&apos;: None, &apos;size&apos;: 13.289999999999992, &apos;value&apos;: &apos;.&apos;, &apos;children&apos;: [], &apos;features&apos;: {}}, {&apos;type&apos;: &apos;text&apos;, &apos;bbox&apos;: (271.42, 109.993, 274.19, 123.28299999999999), &apos;color_space&apos;: &apos;DeviceGray&apos;, &apos;ncolor&apos;: None, &apos;size&apos;: 13.289999999999992, &apos;value&apos;: &apos;.&apos;, &apos;children&apos;: [], &apos;features&apos;: {}}, {&apos;type&apos;: &apos;text&apos;, &apos;bbox&apos;: (274.19, 109.993, 276.96, 123.28299999999999), &apos;color_space&apos;: &apos;DeviceGray&apos;, &apos;ncolor&apos;: None, &apos;size&apos;: 13.289999999999992, &apos;value&apos;: &apos;.&apos;, &apos;children&apos;: [], &apos;features&apos;: {}}, {&apos;type&apos;: &apos;text&apos;, &apos;bbox&apos;: (276.96000000000004, 109.993, 279.73, 123.28299999999999), &apos;color_space&apos;: &apos;DeviceGray&apos;, &apos;ncolor&apos;: None, &apos;size&apos;: 13.289999999999992, &apos;value&apos;: &apos;.&apos;, &apos;children&apos;: [], &apos;features&apos;: {}}, {&apos;type&apos;: &apos;text&apos;, &apos;bbox&apos;: (279.73, 109.993, 282.5, 123.28299999999999), &apos;color_space&apos;: &apos;DeviceGray&apos;, &apos;ncolor&apos;: None, &apos;size&apos;: 13.289999999999992, &apos;value&apos;: &apos;.&apos;, &apos;children&apos;: [], &apos;features&apos;: {}}, {&apos;type&apos;: &apos;text&apos;, &apos;bbox&apos;: (282.5, 109.993, 285.27, 123.28299999999999), &apos;color_space&apos;: &apos;DeviceGray&apos;, &apos;ncolor&apos;: None, &apos;size&apos;: 13.289999999999992, &apos;value&apos;: &apos;.&apos;, &apos;children&apos;: [], &apos;features&apos;: {}}, {&apos;type&apos;: &apos;text&apos;, &apos;bbox&apos;: (285.27, 109.993, 288.03999999999996, 123.28299999999999), &apos;color_space&apos;: &apos;DeviceGray&apos;, &apos;ncolor&apos;: None, &apos;size&apos;: 13.289999999999992, &apos;value&apos;: &apos;.&apos;, &apos;children&apos;: [], &apos;features&apos;: {}}, {&apos;type&apos;: &apos;text&apos;, &apos;bbox&apos;: (288.03999999999996, 109.993, 290.80999999999995, 123.28299999999999), &apos;color_space&apos;: &apos;DeviceGray&apos;, &apos;ncolor&apos;: None, &apos;size&apos;: 13.289999999999992, &apos;value&apos;: &apos;.&apos;, &apos;children&apos;: [], &apos;features&apos;: {}}, {&apos;type&apos;: &apos;text&apos;, &apos;bbox&apos;: (290.81, 109.993, 293.58, 123.28299999999999), &apos;color_space&apos;: &apos;DeviceGray&apos;, &apos;ncolor&apos;: None, &apos;size&apos;: 13.289999999999992, &apos;value&apos;: &apos;.&apos;, &apos;children&apos;: [], &apos;features&apos;: {}}, {&apos;type&apos;: &apos;text&apos;, &apos;bbox&apos;: (293.58, 109.993, 296.34999999999997, 123.28299999999999), &apos;color_space&apos;: &apos;DeviceGray&apos;, &apos;ncolor&apos;: None, &apos;size&apos;: 13.289999999999992, &apos;value&apos;: &apos;.&apos;, &apos;children&apos;: [], &apos;features&apos;: {}}, {&apos;type&apos;: &apos;text&apos;, &apos;bbox&apos;: (296.34999999999997, 109.993, 299.11999999999995, 123.28299999999999), &apos;color_space&apos;: &apos;DeviceGray&apos;, &apos;ncolor&apos;: None, &apos;size&apos;: 13.289999999999992, &apos;value&apos;: &apos;.&apos;, &apos;children&apos;: [], &apos;features&apos;: {}}, {&apos;type&apos;: &apos;text&apos;, &apos;bbox&apos;: (299.12, 109.993, 301.89, 123.28299999999999), &apos;color_space&apos;: &apos;DeviceGray&apos;, &apos;ncolor&apos;: None, &apos;size&apos;: 13.289999999999992, &apos;value&apos;: &apos;.&apos;, &apos;children&apos;: [], &apos;features&apos;: {}}, {&apos;type&apos;: &apos;text&apos;, &apos;bbox&apos;: (301.89, 109.993, 304.65999999999997, 123.28299999999999), &apos;color_space&apos;: &apos;DeviceGray&apos;, &apos;ncolor&apos;: None, &apos;size&apos;: 13.289999999999992, &apos;value&apos;: &apos;.&apos;, &apos;children&apos;: [], &apos;features&apos;: {}}, {&apos;type&apos;: &apos;text&apos;, &apos;bbox&apos;: (304.65999999999997, 109.993, 307.42999999999995, 123.28299999999999), &apos;color_space&apos;: &apos;DeviceGray&apos;, &apos;ncolor&apos;: None, &apos;size&apos;: 13.289999999999992, &apos;value&apos;: &apos;.&apos;, &apos;children&apos;: [], &apos;features&apos;: {}}, {&apos;type&apos;: &apos;text&apos;, &apos;bbox&apos;: (307.42999999999995, 109.993, 310.19999999999993, 123.28299999999999), &apos;color_space&apos;: &apos;DeviceGray&apos;, &apos;ncolor&apos;: None, &apos;size&apos;: 13.289999999999992, &apos;value&apos;: &apos;.&apos;, &apos;children&apos;: [], &apos;features&apos;: {}}, {&apos;type&apos;: &apos;text&apos;, &apos;bbox&apos;: (310.19999999999993, 109.993, 312.9699999999999, 123.28299999999999), &apos;color_space&apos;: &apos;DeviceGray&apos;, &apos;ncolor&apos;: None, &apos;size&apos;: 13.289999999999992, &apos;value&apos;: &apos;.&apos;, &apos;children&apos;: [], &apos;features&apos;: {}}, {&apos;type&apos;: &apos;text&apos;, &apos;bbox&apos;: (312.96999999999997, 109.993, 315.73999999999995, 123.28299999999999), &apos;color_space&apos;: &apos;DeviceGray&apos;, &apos;ncolor&apos;: None, &apos;size&apos;: 13.289999999999992, &apos;value&apos;: &apos;.&apos;, &apos;children&apos;: [], &apos;features&apos;: {}}, {&apos;type&apos;: &apos;text&apos;, &apos;bbox&apos;: (315.73999999999995, 109.993, 318.50999999999993, 123.28299999999999), &apos;color_space&apos;: &apos;DeviceGray&apos;, &apos;ncolor&apos;: None, &apos;size&apos;: 13.289999999999992, &apos;value&apos;: &apos;.&apos;, &apos;children&apos;: [], &apos;features&apos;: {}}, {&apos;type&apos;: &apos;text&apos;, &apos;bbox&apos;: (318.50999999999993, 109.993, 321.2799999999999, 123.28299999999999), &apos;color_space&apos;: &apos;DeviceGray&apos;, &apos;ncolor&apos;: None, &apos;size&apos;: 13.289999999999992, &apos;value&apos;: &apos;.&apos;, &apos;children&apos;: [], &apos;features&apos;: {}}, {&apos;type&apos;: &apos;text&apos;, &apos;bbox&apos;: (321.28, 109.993, 324.04999999999995, 123.28299999999999), &apos;color_space&apos;: &apos;DeviceGray&apos;, &apos;ncolor&apos;: None, &apos;size&apos;: 13.289999999999992, &apos;value&apos;: &apos;.&apos;, &apos;children&apos;: [], &apos;features&apos;: {}}, {&apos;type&apos;: &apos;text&apos;, &apos;bbox&apos;: (324.04999999999995, 109.993, 326.81999999999994, 123.28299999999999), &apos;color_space&apos;: &apos;DeviceGray&apos;, &apos;ncolor&apos;: None, &apos;size&apos;: 13.289999999999992, &apos;value&apos;: &apos;.&apos;, &apos;children&apos;: [], &apos;features&apos;: {}}, {&apos;type&apos;: &apos;text&apos;, &apos;bbox&apos;: (326.81999999999994, 109.993, 329.5899999999999, 123.28299999999999), &apos;color_space&apos;: &apos;DeviceGray&apos;, &apos;ncolor&apos;: None, &apos;size&apos;: 13.289999999999992, &apos;value&apos;: &apos;.&apos;, &apos;children&apos;: [], &apos;features&apos;: {}}, {&apos;type&apos;: &apos;text&apos;, &apos;bbox&apos;: (329.59, 109.993, 332.35999999999996, 123.28299999999999), &apos;color_space&apos;: &apos;DeviceGray&apos;, &apos;ncolor&apos;: None, &apos;size&apos;: 13.289999999999992, &apos;value&apos;: &apos;.&apos;, &apos;children&apos;: [], &apos;features&apos;: {}}, {&apos;type&apos;: &apos;text&apos;, &apos;bbox&apos;: (332.36, 109.993, 335.13, 123.28299999999999), &apos;color_space&apos;: &apos;DeviceGray&apos;, &apos;ncolor&apos;: None, &apos;size&apos;: 13.289999999999992, &apos;value&apos;: &apos;.&apos;, &apos;children&apos;: [], &apos;features&apos;: {}}, {&apos;type&apos;: &apos;text&apos;, &apos;bbox&apos;: (335.13, 109.993, 337.9, 123.28299999999999), &apos;color_space&apos;: &apos;DeviceGray&apos;, &apos;ncolor&apos;: None, &apos;size&apos;: 13.289999999999992, &apos;value&apos;: &apos;.&apos;, &apos;children&apos;: [], &apos;features&apos;: {}}, {&apos;type&apos;: &apos;text&apos;, &apos;bbox&apos;: (337.9, 109.993, 340.66999999999996, 123.28299999999999), &apos;color_space&apos;: &apos;DeviceGray&apos;, &apos;ncolor&apos;: None, &apos;size&apos;: 13.289999999999992, &apos;value&apos;: &apos;.&apos;, &apos;children&apos;: [], &apos;features&apos;: {}}, {&apos;type&apos;: &apos;text&apos;, &apos;bbox&apos;: (340.67, 109.993, 343.44, 123.28299999999999), &apos;color_space&apos;: &apos;DeviceGray&apos;, &apos;ncolor&apos;: None, &apos;size&apos;: 13.289999999999992, &apos;value&apos;: &apos;.&apos;, &apos;children&apos;: [], &apos;features&apos;: {}}, {&apos;type&apos;: &apos;text&apos;, &apos;bbox&apos;: (343.44000000000005, 109.993, 346.21000000000004, 123.28299999999999), &apos;color_space&apos;: &apos;DeviceGray&apos;, &apos;ncolor&apos;: None, &apos;size&apos;: 13.289999999999992, &apos;value&apos;: &apos;.&apos;, &apos;children&apos;: [], &apos;features&apos;: {}}, {&apos;type&apos;: &apos;text&apos;, &apos;bbox&apos;: (346.21000000000004, 109.993, 348.98, 123.28299999999999), &apos;color_space&apos;: &apos;DeviceGray&apos;, &apos;ncolor&apos;: None, &apos;size&apos;: 13.289999999999992, &apos;value&apos;: &apos;.&apos;, &apos;children&apos;: [], &apos;features&apos;: {}}, {&apos;type&apos;: &apos;text&apos;, &apos;bbox&apos;: (348.98, 109.993, 351.75, 123.28299999999999), &apos;color_space&apos;: &apos;DeviceGray&apos;, &apos;ncolor&apos;: None, &apos;size&apos;: 13.289999999999992, &apos;value&apos;: &apos;.&apos;, &apos;children&apos;: [], &apos;features&apos;: {}}, {&apos;type&apos;: &apos;text&apos;, &apos;bbox&apos;: (351.75000000000006, 109.993, 354.52000000000004, 123.28299999999999), &apos;color_space&apos;: &apos;DeviceGray&apos;, &apos;ncolor&apos;: None, &apos;size&apos;: 13.289999999999992, &apos;value&apos;: &apos;.&apos;, &apos;children&apos;: [], &apos;features&apos;: {}}, {&apos;type&apos;: &apos;text&apos;, &apos;bbox&apos;: (354.5200000000001, 109.993, 357.2900000000001, 123.28299999999999), &apos;color_space&apos;: &apos;DeviceGray&apos;, &apos;ncolor&apos;: None, &apos;size&apos;: 13.289999999999992, &apos;value&apos;: &apos;.&apos;, &apos;children&apos;: [], &apos;features&apos;: {}}, {&apos;type&apos;: &apos;text&apos;, &apos;bbox&apos;: (357.2900000000001, 109.993, 360.06000000000006, 123.28299999999999), &apos;color_space&apos;: &apos;DeviceGray&apos;, &apos;ncolor&apos;: None, &apos;size&apos;: 13.289999999999992, &apos;value&apos;: &apos;.&apos;, &apos;children&apos;: [], &apos;features&apos;: {}}, {&apos;type&apos;: &apos;text&apos;, &apos;bbox&apos;: (360.06000000000006, 109.993, 362.83000000000004, 123.28299999999999), &apos;color_space&apos;: &apos;DeviceGray&apos;, &apos;ncolor&apos;: None, &apos;size&apos;: 13.289999999999992, &apos;value&apos;: &apos;.&apos;, &apos;children&apos;: [], &apos;features&apos;: {}}, {&apos;type&apos;: &apos;text&apos;, &apos;bbox&apos;: (362.8300000000001, 109.993, 365.6000000000001, 123.28299999999999), &apos;color_space&apos;: &apos;DeviceGray&apos;, &apos;ncolor&apos;: None, &apos;size&apos;: 13.289999999999992, &apos;value&apos;: &apos;.&apos;, &apos;children&apos;: [], &apos;features&apos;: {}}, {&apos;type&apos;: &apos;text&apos;, &apos;bbox&apos;: (365.60000000000014, 109.993, 368.3700000000001, 123.28299999999999), &apos;color_space&apos;: &apos;DeviceGray&apos;, &apos;ncolor&apos;: None, &apos;size&apos;: 13.289999999999992, &apos;value&apos;: &apos;.&apos;, &apos;children&apos;: [], &apos;features&apos;: {}}, {&apos;type&apos;: &apos;text&apos;, &apos;bbox&apos;: (368.3700000000001, 109.993, 371.1400000000001, 123.28299999999999), &apos;color_space&apos;: &apos;DeviceGray&apos;, &apos;ncolor&apos;: None, &apos;size&apos;: 13.289999999999992, &apos;value&apos;: &apos;.&apos;, &apos;children&apos;: [], &apos;features&apos;: {}}, {&apos;type&apos;: &apos;text&apos;, &apos;bbox&apos;: (371.1400000000001, 109.993, 373.9100000000001, 123.28299999999999), &apos;color_space&apos;: &apos;DeviceGray&apos;, &apos;ncolor&apos;: None, &apos;size&apos;: 13.289999999999992, &apos;value&apos;: &apos;.&apos;, &apos;children&apos;: [], &apos;features&apos;: {}}, {&apos;type&apos;: &apos;text&apos;, &apos;bbox&apos;: (373.91000000000014, 109.993, 376.6800000000001, 123.28299999999999), &apos;color_space&apos;: &apos;DeviceGray&apos;, &apos;ncolor&apos;: None, &apos;size&apos;: 13.289999999999992, &apos;value&apos;: &apos;.&apos;, &apos;children&apos;: [], &apos;features&apos;: {}}, {&apos;type&apos;: &apos;text&apos;, &apos;bbox&apos;: (376.6800000000002, 109.993, 379.45000000000016, 123.28299999999999), &apos;color_space&apos;: &apos;DeviceGray&apos;, &apos;ncolor&apos;: None, &apos;size&apos;: 13.289999999999992, &apos;value&apos;: &apos;.&apos;, &apos;children&apos;: [], &apos;features&apos;: {}}, {&apos;type&apos;: &apos;text&apos;, &apos;bbox&apos;: (379.45000000000016, 109.993, 382.22000000000014, 123.28299999999999), &apos;color_space&apos;: &apos;DeviceGray&apos;, &apos;ncolor&apos;: None, &apos;size&apos;: 13.289999999999992, &apos;value&apos;: &apos;.&apos;, &apos;children&apos;: [], &apos;features&apos;: {}}, {&apos;type&apos;: &apos;text&apos;, &apos;bbox&apos;: (382.22000000000014, 109.993, 384.9900000000001, 123.28299999999999), &apos;color_space&apos;: &apos;DeviceGray&apos;, &apos;ncolor&apos;: None, &apos;size&apos;: 13.289999999999992, &apos;value&apos;: &apos;.&apos;, &apos;children&apos;: [], &apos;features&apos;: {}}, {&apos;type&apos;: &apos;text&apos;, &apos;bbox&apos;: (384.9900000000002, 109.993, 387.76000000000016, 123.28299999999999), &apos;color_space&apos;: &apos;DeviceGray&apos;, &apos;ncolor&apos;: None, &apos;size&apos;: 13.289999999999992, &apos;value&apos;: &apos;.&apos;, &apos;children&apos;: [], &apos;features&apos;: {}}, {&apos;type&apos;: &apos;text&apos;, &apos;bbox&apos;: (387.7600000000002, 109.993, 390.5300000000002, 123.28299999999999), &apos;color_space&apos;: &apos;DeviceGray&apos;, &apos;ncolor&apos;: None, &apos;size&apos;: 13.289999999999992, &apos;value&apos;: &apos;.&apos;, &apos;children&apos;: [], &apos;features&apos;: {}}, {&apos;type&apos;: &apos;text&apos;, &apos;bbox&apos;: (390.5300000000002, 109.993, 393.3000000000002, 123.28299999999999), &apos;color_space&apos;: &apos;DeviceGray&apos;, &apos;ncolor&apos;: None, &apos;size&apos;: 13.289999999999992, &apos;value&apos;: &apos;.&apos;, &apos;children&apos;: [], &apos;features&apos;: {}}, {&apos;type&apos;: &apos;text&apos;, &apos;bbox&apos;: (393.3000000000002, 109.993, 396.07000000000016, 123.28299999999999), &apos;color_space&apos;: &apos;DeviceGray&apos;, &apos;ncolor&apos;: None, &apos;size&apos;: 13.289999999999992, &apos;value&apos;: &apos;.&apos;, &apos;children&apos;: [], &apos;features&apos;: {}}, {&apos;type&apos;: &apos;text&apos;, &apos;bbox&apos;: (396.0700000000002, 109.993, 398.8400000000002, 123.28299999999999), &apos;color_space&apos;: &apos;DeviceGray&apos;, &apos;ncolor&apos;: None, &apos;size&apos;: 13.289999999999992, &apos;value&apos;: &apos;.&apos;, &apos;children&apos;: [], &apos;features&apos;: {}}, {&apos;type&apos;: &apos;text&apos;, &apos;bbox&apos;: (398.84000000000026, 109.993, 401.61000000000024, 123.28299999999999), &apos;color_space&apos;: &apos;DeviceGray&apos;, &apos;ncolor&apos;: None, &apos;size&apos;: 13.289999999999992, &apos;value&apos;: &apos;.&apos;, &apos;children&apos;: [], &apos;features&apos;: {}}, {&apos;type&apos;: &apos;text&apos;, &apos;bbox&apos;: (401.61000000000024, 109.993, 404.3800000000002, 123.28299999999999), &apos;color_space&apos;: &apos;DeviceGray&apos;, &apos;ncolor&apos;: None, &apos;size&apos;: 13.289999999999992, &apos;value&apos;: &apos;.&apos;, &apos;children&apos;: [], &apos;features&apos;: {}}, {&apos;type&apos;: &apos;text&apos;, &apos;bbox&apos;: (404.3800000000002, 109.993, 407.1500000000002, 123.28299999999999), &apos;color_space&apos;: &apos;DeviceGray&apos;, &apos;ncolor&apos;: None, &apos;size&apos;: 13.289999999999992, &apos;value&apos;: &apos;.&apos;, &apos;children&apos;: [], &apos;features&apos;: {}}, {&apos;type&apos;: &apos;text&apos;, &apos;bbox&apos;: (407.15000000000026, 109.993, 409.92000000000024, 123.28299999999999), &apos;color_space&apos;: &apos;DeviceGray&apos;, &apos;ncolor&apos;: None, &apos;size&apos;: 13.289999999999992, &apos;value&apos;: &apos;.&apos;, &apos;children&apos;: [], &apos;features&apos;: {}}, {&apos;type&apos;: &apos;text&apos;, &apos;bbox&apos;: (409.9200000000003, 109.993, 412.6900000000003, 123.28299999999999), &apos;color_space&apos;: &apos;DeviceGray&apos;, &apos;ncolor&apos;: None, &apos;size&apos;: 13.289999999999992, &apos;value&apos;: &apos;.&apos;, &apos;children&apos;: [], &apos;features&apos;: {}}, {&apos;type&apos;: &apos;text&apos;, &apos;bbox&apos;: (412.6900000000003, 109.993, 415.46000000000026, 123.28299999999999), &apos;color_space&apos;: &apos;DeviceGray&apos;, &apos;ncolor&apos;: None, &apos;size&apos;: 13.289999999999992, &apos;value&apos;: &apos;.&apos;, &apos;children&apos;: [], &apos;features&apos;: {}}, {&apos;type&apos;: &apos;text&apos;, &apos;bbox&apos;: (415.46000000000026, 109.993, 418.23000000000025, 123.28299999999999), &apos;color_space&apos;: &apos;DeviceGray&apos;, &apos;ncolor&apos;: None, &apos;size&apos;: 13.289999999999992, &apos;value&apos;: &apos;.&apos;, &apos;children&apos;: [], &apos;features&apos;: {}}, {&apos;type&apos;: &apos;text&apos;, &apos;bbox&apos;: (418.2300000000003, 109.993, 421.0000000000003, 123.28299999999999), &apos;color_space&apos;: &apos;DeviceGray&apos;, &apos;ncolor&apos;: None, &apos;size&apos;: 13.289999999999992, &apos;value&apos;: &apos;.&apos;, &apos;children&apos;: [], &apos;features&apos;: {}}, {&apos;type&apos;: &apos;text&apos;, &apos;bbox&apos;: (421.00000000000034, 109.993, 423.7700000000003, 123.28299999999999), &apos;color_space&apos;: &apos;DeviceGray&apos;, &apos;ncolor&apos;: None, &apos;size&apos;: 13.289999999999992, &apos;value&apos;: &apos;.&apos;, &apos;children&apos;: [], &apos;features&apos;: {}}, {&apos;type&apos;: &apos;text&apos;, &apos;bbox&apos;: (423.7700000000003, 109.993, 426.5400000000003, 123.28299999999999), &apos;color_space&apos;: &apos;DeviceGray&apos;, &apos;ncolor&apos;: None, &apos;size&apos;: 13.289999999999992, &apos;value&apos;: &apos;.&apos;, &apos;children&apos;: [], &apos;features&apos;: {}}, {&apos;type&apos;: &apos;text&apos;, &apos;bbox&apos;: (426.5400000000003, 109.993, 429.3100000000003, 123.28299999999999), &apos;color_space&apos;: &apos;DeviceGray&apos;, &apos;ncolor&apos;: None, &apos;size&apos;: 13.289999999999992, &apos;value&apos;: &apos;.&apos;, &apos;children&apos;: [], &apos;features&apos;: {}}, {&apos;type&apos;: &apos;text&apos;, &apos;bbox&apos;: (429.31000000000034, 109.993, 432.0800000000003, 123.28299999999999), &apos;color_space&apos;: &apos;DeviceGray&apos;, &apos;ncolor&apos;: None, &apos;size&apos;: 13.289999999999992, &apos;value&apos;: &apos;.&apos;, &apos;children&apos;: [], &apos;features&apos;: {}}, {&apos;type&apos;: &apos;text&apos;, &apos;bbox&apos;: (432.0800000000004, 109.993, 434.85000000000036, 123.28299999999999), &apos;color_space&apos;: &apos;DeviceGray&apos;, &apos;ncolor&apos;: None, &apos;size&apos;: 13.289999999999992, &apos;value&apos;: &apos;.&apos;, &apos;children&apos;: [], &apos;features&apos;: {}}, {&apos;type&apos;: &apos;text&apos;, &apos;bbox&apos;: (434.85000000000036, 109.993, 437.62000000000035, 123.28299999999999), &apos;color_space&apos;: &apos;DeviceGray&apos;, &apos;ncolor&apos;: None, &apos;size&apos;: 13.289999999999992, &apos;value&apos;: &apos;.&apos;, &apos;children&apos;: [], &apos;features&apos;: {}}, {&apos;type&apos;: &apos;text&apos;, &apos;bbox&apos;: (437.62000000000035, 109.993, 440.3900000000003, 123.28299999999999), &apos;color_space&apos;: &apos;DeviceGray&apos;, &apos;ncolor&apos;: None, &apos;size&apos;: 13.289999999999992, &apos;value&apos;: &apos;.&apos;, &apos;children&apos;: [], &apos;features&apos;: {}}, {&apos;type&apos;: &apos;text&apos;, &apos;bbox&apos;: (440.3900000000004, 109.993, 443.16000000000037, 123.28299999999999), &apos;color_space&apos;: &apos;DeviceGray&apos;, &apos;ncolor&apos;: None, &apos;size&apos;: 13.289999999999992, &apos;value&apos;: &apos;.&apos;, &apos;children&apos;: [], &apos;features&apos;: {}}, {&apos;type&apos;: &apos;text&apos;, &apos;bbox&apos;: (443.1600000000004, 109.993, 445.9300000000004, 123.28299999999999), &apos;color_space&apos;: &apos;DeviceGray&apos;, &apos;ncolor&apos;: None, &apos;size&apos;: 13.289999999999992, &apos;value&apos;: &apos;.&apos;, &apos;children&apos;: [], &apos;features&apos;: {}}, {&apos;type&apos;: &apos;text&apos;, &apos;bbox&apos;: (445.9300000000004, 109.993, 448.7000000000004, 123.28299999999999), &apos;color_space&apos;: &apos;DeviceGray&apos;, &apos;ncolor&apos;: None, &apos;size&apos;: 13.289999999999992, &apos;value&apos;: &apos;.&apos;, &apos;children&apos;: [], &apos;features&apos;: {}}, {&apos;type&apos;: &apos;text&apos;, &apos;bbox&apos;: (448.7000000000004, 109.993, 451.47000000000037, 123.28299999999999), &apos;color_space&apos;: &apos;DeviceGray&apos;, &apos;ncolor&apos;: None, &apos;size&apos;: 13.289999999999992, &apos;value&apos;: &apos;.&apos;, &apos;children&apos;: [], &apos;features&apos;: {}}, {&apos;type&apos;: &apos;text&apos;, &apos;bbox&apos;: (451.47000000000037, 109.993, 454.24000000000035, 123.28299999999999), &apos;color_space&apos;: &apos;DeviceGray&apos;, &apos;ncolor&apos;: None, &apos;size&apos;: 13.289999999999992, &apos;value&apos;: &apos;.&apos;, &apos;children&apos;: [], &apos;features&apos;: {}}, {&apos;type&apos;: &apos;text&apos;, &apos;bbox&apos;: (454.24000000000035, 109.993, 457.01000000000033, 123.28299999999999), &apos;color_space&apos;: &apos;DeviceGray&apos;, &apos;ncolor&apos;: None, &apos;size&apos;: 13.289999999999992, &apos;value&apos;: &apos;.&apos;, &apos;children&apos;: [], &apos;features&apos;: {}}, {&apos;type&apos;: &apos;text&apos;, &apos;bbox&apos;: (457.01000000000033, 109.993, 459.7800000000003, 123.28299999999999), &apos;color_space&apos;: &apos;DeviceGray&apos;, &apos;ncolor&apos;: None, &apos;size&apos;: 13.289999999999992, &apos;value&apos;: &apos;.&apos;, &apos;children&apos;: [], &apos;features&apos;: {}}, {&apos;type&apos;: &apos;text&apos;, &apos;bbox&apos;: (459.7800000000003, 109.993, 462.5500000000003, 123.28299999999999), &apos;color_space&apos;: &apos;DeviceGray&apos;, &apos;ncolor&apos;: None, &apos;size&apos;: 13.289999999999992, &apos;value&apos;: &apos;.&apos;, &apos;children&apos;: [], &apos;features&apos;: {}}, {&apos;type&apos;: &apos;text&apos;, &apos;bbox&apos;: (462.5500000000003, 109.993, 465.3200000000003, 123.28299999999999), &apos;color_space&apos;: &apos;DeviceGray&apos;, &apos;ncolor&apos;: None, &apos;size&apos;: 13.289999999999992, &apos;value&apos;: &apos;.&apos;, &apos;children&apos;: [], &apos;features&apos;: {}}, {&apos;type&apos;: &apos;text&apos;, &apos;bbox&apos;: (465.3200000000003, 109.993, 468.09000000000026, 123.28299999999999), &apos;color_space&apos;: &apos;DeviceGray&apos;, &apos;ncolor&apos;: None, &apos;size&apos;: 13.289999999999992, &apos;value&apos;: &apos;.&apos;, &apos;children&apos;: [], &apos;features&apos;: {}}, {&apos;type&apos;: &apos;text&apos;, &apos;bbox&apos;: (468.09000000000026, 109.993, 470.86000000000024, 123.28299999999999), &apos;color_space&apos;: &apos;DeviceGray&apos;, &apos;ncolor&apos;: None, &apos;size&apos;: 13.289999999999992, &apos;value&apos;: &apos;.&apos;, &apos;children&apos;: [], &apos;features&apos;: {}}, {&apos;type&apos;: &apos;text&apos;, &apos;bbox&apos;: (470.86000000000024, 109.993, 473.6300000000002, 123.28299999999999), &apos;color_space&apos;: &apos;DeviceGray&apos;, &apos;ncolor&apos;: None, &apos;size&apos;: 13.289999999999992, &apos;value&apos;: &apos;.&apos;, &apos;children&apos;: [], &apos;features&apos;: {}}, {&apos;type&apos;: &apos;text&apos;, &apos;bbox&apos;: (473.6300000000002, 109.993, 476.4000000000002, 123.28299999999999), &apos;color_space&apos;: &apos;DeviceGray&apos;, &apos;ncolor&apos;: None, &apos;size&apos;: 13.289999999999992, &apos;value&apos;: &apos;.&apos;, &apos;children&apos;: [], &apos;features&apos;: {}}, {&apos;type&apos;: &apos;text&apos;, &apos;bbox&apos;: (476.4000000000002, 109.993, 479.1700000000002, 123.28299999999999), &apos;color_space&apos;: &apos;DeviceGray&apos;, &apos;ncolor&apos;: None, &apos;size&apos;: 13.289999999999992, &apos;value&apos;: &apos;.&apos;, &apos;children&apos;: [], &apos;features&apos;: {}}, {&apos;type&apos;: &apos;text&apos;, &apos;bbox&apos;: (479.1700000000002, 109.993, 481.94000000000017, 123.28299999999999), &apos;color_space&apos;: &apos;DeviceGray&apos;, &apos;ncolor&apos;: None, &apos;size&apos;: 13.289999999999992, &apos;value&apos;: &apos;.&apos;, &apos;children&apos;: [], &apos;features&apos;: {}}, {&apos;type&apos;: &apos;text&apos;, &apos;bbox&apos;: (481.94000000000017, 109.993, 484.71000000000015, 123.28299999999999), &apos;color_space&apos;: &apos;DeviceGray&apos;, &apos;ncolor&apos;: None, &apos;size&apos;: 13.289999999999992, &apos;value&apos;: &apos;.&apos;, &apos;children&apos;: [], &apos;features&apos;: {}}, {&apos;type&apos;: &apos;text&apos;, &apos;bbox&apos;: (484.71000000000015, 109.993, 487.48000000000013, 123.28299999999999), &apos;color_space&apos;: &apos;DeviceGray&apos;, &apos;ncolor&apos;: None, &apos;size&apos;: 13.289999999999992, &apos;value&apos;: &apos;.&apos;, &apos;children&apos;: [], &apos;features&apos;: {}}, {&apos;type&apos;: &apos;text&apos;, &apos;bbox&apos;: (489.548, 109.993, 495.108, 123.28299999999999), &apos;color_space&apos;: &apos;DeviceGray&apos;, &apos;ncolor&apos;: None, &apos;size&apos;: 13.289999999999992, &apos;value&apos;: &apos;7&apos;, &apos;children&apos;: [], &apos;features&apos;: {}}, {&apos;type&apos;: &apos;text&apos;, &apos;bbox&apos;: (495.108, 109.993, 498.438, 123.28299999999999), &apos;color_space&apos;: &apos;DeviceGray&apos;, &apos;ncolor&apos;: None, &apos;size&apos;: 13.289999999999992, &apos;value&apos;: &apos;-&apos;, &apos;children&apos;: [], &apos;features&apos;: {}}, {&apos;type&apos;: &apos;text&apos;, &apos;bbox&apos;: (498.439, 109.993, 503.999, 123.28299999999999), &apos;color_space&apos;: &apos;DeviceGray&apos;, &apos;ncolor&apos;: None, &apos;size&apos;: 13.289999999999992, &apos;value&apos;: &apos;7&apos;, &apos;children&apos;: [], &apos;features&apos;: {}}], &apos;features&apos;: {}}
*********************





--------------------------------- CONTENT AREA --------------------------------- 
This content area has an image
{&apos;type&apos;: &apos;figure&apos;, &apos;bbox&apos;: (0, 0, 612.0, 792.0), &apos;name&apos;: &apos;fx46&apos;, &apos;children&apos;: [{&apos;type&apos;: &apos;text&apos;, &apos;bbox&apos;: (78.0, 93.77199999999999, 86.31, 107.252), &apos;color_space&apos;: &apos;DeviceGray&apos;, &apos;ncolor&apos;: None, &apos;size&apos;: 13.480000000000004, &apos;value&apos;: &apos;D&apos;, &apos;children&apos;: [], &apos;features&apos;: {}}, {&apos;type&apos;: &apos;text&apos;, &apos;bbox&apos;: (86.31, 93.77199999999999, 90.2, 107.252), &apos;color_space&apos;: &apos;DeviceGray&apos;, &apos;ncolor&apos;: None, &apos;size&apos;: 13.480000000000004, &apos;value&apos;: &apos;I&apos;, &apos;children&apos;: [], &apos;features&apos;: {}}, {&apos;type&apos;: &apos;text&apos;, &apos;bbox&apos;: (90.2, 93.77199999999999, 100.2, 107.252), &apos;color_space&apos;: &apos;DeviceGray&apos;, &apos;ncolor&apos;: None, &apos;size&apos;: 13.480000000000004, &apos;value&apos;: &apos;M&apos;, &apos;children&apos;: [], &apos;features&apos;: {}}, {&apos;type&apos;: &apos;text&apos;, &apos;bbox&apos;: (100.2, 93.77199999999999, 105.2, 107.252), &apos;color_space&apos;: &apos;DeviceGray&apos;, &apos;ncolor&apos;: None, &apos;size&apos;: 13.480000000000004, &apos;value&apos;: &apos;_&apos;, &apos;children&apos;: [], &apos;features&apos;: {}}, {&apos;type&apos;: &apos;text&apos;, &apos;bbox&apos;: (105.2, 93.77199999999999, 113.53, 107.252), &apos;color_space&apos;: &apos;DeviceGray&apos;, &apos;ncolor&apos;: None, &apos;size&apos;: 13.480000000000004, &apos;value&apos;: &apos;G&apos;, &apos;children&apos;: [], &apos;features&apos;: {}}, {&apos;type&apos;: &apos;text&apos;, &apos;bbox&apos;: (113.53, 93.77199999999999, 119.58, 107.252), &apos;color_space&apos;: &apos;DeviceGray&apos;, &apos;ncolor&apos;: None, &apos;size&apos;: 13.480000000000004, &apos;value&apos;: &apos;E&apos;, &apos;children&apos;: [], &apos;features&apos;: {}}, {&apos;type&apos;: &apos;text&apos;, &apos;bbox&apos;: (119.58, 93.77199999999999, 127.91, 107.252), &apos;color_space&apos;: &apos;DeviceGray&apos;, &apos;ncolor&apos;: None, &apos;size&apos;: 13.480000000000004, &apos;value&apos;: &apos;N&apos;, &apos;children&apos;: [], &apos;features&apos;: {}}, {&apos;type&apos;: &apos;text&apos;, &apos;bbox&apos;: (127.91, 93.77199999999999, 133.96, 107.252), &apos;color_space&apos;: &apos;DeviceGray&apos;, &apos;ncolor&apos;: None, &apos;size&apos;: 13.480000000000004, &apos;value&apos;: &apos;E&apos;, &apos;children&apos;: [], &apos;features&apos;: {}}, {&apos;type&apos;: &apos;text&apos;, &apos;bbox&apos;: (133.95999999999998, 93.77199999999999, 141.08999999999997, 107.252), &apos;color_space&apos;: &apos;DeviceGray&apos;, &apos;ncolor&apos;: None, &apos;size&apos;: 13.480000000000004, &apos;value&apos;: &apos;R&apos;, &apos;children&apos;: [], &apos;features&apos;: {}}, {&apos;type&apos;: &apos;text&apos;, &apos;bbox&apos;: (141.09, 93.77199999999999, 148.86, 107.252), &apos;color_space&apos;: &apos;DeviceGray&apos;, &apos;ncolor&apos;: None, &apos;size&apos;: 13.480000000000004, &apos;value&apos;: &apos;A&apos;, &apos;children&apos;: [], &apos;features&apos;: {}}, {&apos;type&apos;: &apos;text&apos;, &apos;bbox&apos;: (148.86, 93.77199999999999, 154.91000000000003, 107.252), &apos;color_space&apos;: &apos;DeviceGray&apos;, &apos;ncolor&apos;: None, &apos;size&apos;: 13.480000000000004, &apos;value&apos;: &apos;L&apos;, &apos;children&apos;: [], &apos;features&apos;: {}}, {&apos;type&apos;: &apos;text&apos;, &apos;bbox&apos;: (154.91, 93.77199999999999, 159.91, 107.252), &apos;color_space&apos;: &apos;DeviceGray&apos;, &apos;ncolor&apos;: None, &apos;size&apos;: 13.480000000000004, &apos;value&apos;: &apos;_&apos;, &apos;children&apos;: [], &apos;features&apos;: {}}, {&apos;type&apos;: &apos;text&apos;, &apos;bbox&apos;: (159.91, 93.77199999999999, 165.96, 107.252), &apos;color_space&apos;: &apos;DeviceGray&apos;, &apos;ncolor&apos;: None, &apos;size&apos;: 13.480000000000004, &apos;value&apos;: &apos;L&apos;, &apos;children&apos;: [], &apos;features&apos;: {}}, {&apos;type&apos;: &apos;text&apos;, &apos;bbox&apos;: (165.95999999999998, 93.77199999999999, 172.01, 107.252), &apos;color_space&apos;: &apos;DeviceGray&apos;, &apos;ncolor&apos;: None, &apos;size&apos;: 13.480000000000004, &apos;value&apos;: &apos;E&apos;, &apos;children&apos;: [], &apos;features&apos;: {}}, {&apos;type&apos;: &apos;text&apos;, &apos;bbox&apos;: (172.01, 93.77199999999999, 180.32, 107.252), &apos;color_space&apos;: &apos;DeviceGray&apos;, &apos;ncolor&apos;: None, &apos;size&apos;: 13.480000000000004, &apos;value&apos;: &apos;D&apos;, &apos;children&apos;: [], &apos;features&apos;: {}}, {&apos;type&apos;: &apos;text&apos;, &apos;bbox&apos;: (180.32, 93.77199999999999, 188.65, 107.252), &apos;color_space&apos;: &apos;DeviceGray&apos;, &apos;ncolor&apos;: None, &apos;size&apos;: 13.480000000000004, &apos;value&apos;: &apos;G&apos;, &apos;children&apos;: [], &apos;features&apos;: {}}, {&apos;type&apos;: &apos;text&apos;, &apos;bbox&apos;: (188.64999999999998, 93.77199999999999, 194.7, 107.252), &apos;color_space&apos;: &apos;DeviceGray&apos;, &apos;ncolor&apos;: None, &apos;size&apos;: 13.480000000000004, &apos;value&apos;: &apos;E&apos;, &apos;children&apos;: [], &apos;features&apos;: {}}, {&apos;type&apos;: &apos;text&apos;, &apos;bbox&apos;: (194.7, 93.77199999999999, 201.82999999999998, 107.252), &apos;color_space&apos;: &apos;DeviceGray&apos;, &apos;ncolor&apos;: None, &apos;size&apos;: 13.480000000000004, &apos;value&apos;: &apos;R&apos;, &apos;children&apos;: [], &apos;features&apos;: {}}, {&apos;type&apos;: &apos;text&apos;, &apos;bbox&apos;: (201.82999999999998, 93.77199999999999, 206.82999999999998, 107.252), &apos;color_space&apos;: &apos;DeviceGray&apos;, &apos;ncolor&apos;: None, &apos;size&apos;: 13.480000000000004, &apos;value&apos;: &apos;_&apos;, &apos;children&apos;: [], &apos;features&apos;: {}}, {&apos;type&apos;: &apos;text&apos;, &apos;bbox&apos;: (206.82999999999998, 93.77199999999999, 213.42999999999998, 107.252), &apos;color_space&apos;: &apos;DeviceGray&apos;, &apos;ncolor&apos;: None, &apos;size&apos;: 13.480000000000004, &apos;value&apos;: &apos;B&apos;, &apos;children&apos;: [], &apos;features&apos;: {}}, {&apos;type&apos;: &apos;text&apos;, &apos;bbox&apos;: (213.522, 94.502, 216.292, 107.792), &apos;color_space&apos;: &apos;DeviceGray&apos;, &apos;ncolor&apos;: None, &apos;size&apos;: 13.290000000000006, &apos;value&apos;: &apos;.&apos;, &apos;children&apos;: [], &apos;features&apos;: {}}, {&apos;type&apos;: &apos;text&apos;, &apos;bbox&apos;: (216.292, 94.502, 219.062, 107.792), &apos;color_space&apos;: &apos;DeviceGray&apos;, &apos;ncolor&apos;: None, &apos;size&apos;: 13.290000000000006, &apos;value&apos;: &apos;.&apos;, &apos;children&apos;: [], &apos;features&apos;: {}}, {&apos;type&apos;: &apos;text&apos;, &apos;bbox&apos;: (219.06199999999998, 94.502, 221.832, 107.792), &apos;color_space&apos;: &apos;DeviceGray&apos;, &apos;ncolor&apos;: None, &apos;size&apos;: 13.290000000000006, &apos;value&apos;: &apos;.&apos;, &apos;children&apos;: [], &apos;features&apos;: {}}, {&apos;type&apos;: &apos;text&apos;, &apos;bbox&apos;: (221.832, 94.502, 224.602, 107.792), &apos;color_space&apos;: &apos;DeviceGray&apos;, &apos;ncolor&apos;: None, &apos;size&apos;: 13.290000000000006, &apos;value&apos;: &apos;.&apos;, &apos;children&apos;: [], &apos;features&apos;: {}}, {&apos;type&apos;: &apos;text&apos;, &apos;bbox&apos;: (224.602, 94.502, 227.372, 107.792), &apos;color_space&apos;: &apos;DeviceGray&apos;, &apos;ncolor&apos;: None, &apos;size&apos;: 13.290000000000006, &apos;value&apos;: &apos;.&apos;, &apos;children&apos;: [], &apos;features&apos;: {}}, {&apos;type&apos;: &apos;text&apos;, &apos;bbox&apos;: (227.37199999999999, 94.502, 230.142, 107.792), &apos;color_space&apos;: &apos;DeviceGray&apos;, &apos;ncolor&apos;: None, &apos;size&apos;: 13.290000000000006, &apos;value&apos;: &apos;.&apos;, &apos;children&apos;: [], &apos;features&apos;: {}}, {&apos;type&apos;: &apos;text&apos;, &apos;bbox&apos;: (230.142, 94.502, 232.912, 107.792), &apos;color_space&apos;: &apos;DeviceGray&apos;, &apos;ncolor&apos;: None, &apos;size&apos;: 13.290000000000006, &apos;value&apos;: &apos;.&apos;, &apos;children&apos;: [], &apos;features&apos;: {}}, {&apos;type&apos;: &apos;text&apos;, &apos;bbox&apos;: (232.91199999999998, 94.502, 235.682, 107.792), &apos;color_space&apos;: &apos;DeviceGray&apos;, &apos;ncolor&apos;: None, &apos;size&apos;: 13.290000000000006, &apos;value&apos;: &apos;.&apos;, &apos;children&apos;: [], &apos;features&apos;: {}}, {&apos;type&apos;: &apos;text&apos;, &apos;bbox&apos;: (235.682, 94.502, 238.452, 107.792), &apos;color_space&apos;: &apos;DeviceGray&apos;, &apos;ncolor&apos;: None, &apos;size&apos;: 13.290000000000006, &apos;value&apos;: &apos;.&apos;, &apos;children&apos;: [], &apos;features&apos;: {}}, {&apos;type&apos;: &apos;text&apos;, &apos;bbox&apos;: (238.452, 94.502, 241.222, 107.792), &apos;color_space&apos;: &apos;DeviceGray&apos;, &apos;ncolor&apos;: None, &apos;size&apos;: 13.290000000000006, &apos;value&apos;: &apos;.&apos;, &apos;children&apos;: [], &apos;features&apos;: {}}, {&apos;type&apos;: &apos;text&apos;, &apos;bbox&apos;: (241.22199999999998, 94.502, 243.992, 107.792), &apos;color_space&apos;: &apos;DeviceGray&apos;, &apos;ncolor&apos;: None, &apos;size&apos;: 13.290000000000006, &apos;value&apos;: &apos;.&apos;, &apos;children&apos;: [], &apos;features&apos;: {}}, {&apos;type&apos;: &apos;text&apos;, &apos;bbox&apos;: (243.992, 94.502, 246.762, 107.792), &apos;color_space&apos;: &apos;DeviceGray&apos;, &apos;ncolor&apos;: None, &apos;size&apos;: 13.290000000000006, &apos;value&apos;: &apos;.&apos;, &apos;children&apos;: [], &apos;features&apos;: {}}, {&apos;type&apos;: &apos;text&apos;, &apos;bbox&apos;: (246.762, 94.502, 249.532, 107.792), &apos;color_space&apos;: &apos;DeviceGray&apos;, &apos;ncolor&apos;: None, &apos;size&apos;: 13.290000000000006, &apos;value&apos;: &apos;.&apos;, &apos;children&apos;: [], &apos;features&apos;: {}}, {&apos;type&apos;: &apos;text&apos;, &apos;bbox&apos;: (249.53199999999998, 94.502, 252.302, 107.792), &apos;color_space&apos;: &apos;DeviceGray&apos;, &apos;ncolor&apos;: None, &apos;size&apos;: 13.290000000000006, &apos;value&apos;: &apos;.&apos;, &apos;children&apos;: [], &apos;features&apos;: {}}, {&apos;type&apos;: &apos;text&apos;, &apos;bbox&apos;: (252.302, 94.502, 255.072, 107.792), &apos;color_space&apos;: &apos;DeviceGray&apos;, &apos;ncolor&apos;: None, &apos;size&apos;: 13.290000000000006, &apos;value&apos;: &apos;.&apos;, &apos;children&apos;: [], &apos;features&apos;: {}}, {&apos;type&apos;: &apos;text&apos;, &apos;bbox&apos;: (255.072, 94.502, 257.842, 107.792), &apos;color_space&apos;: &apos;DeviceGray&apos;, &apos;ncolor&apos;: None, &apos;size&apos;: 13.290000000000006, &apos;value&apos;: &apos;.&apos;, &apos;children&apos;: [], &apos;features&apos;: {}}, {&apos;type&apos;: &apos;text&apos;, &apos;bbox&apos;: (257.842, 94.502, 260.61199999999997, 107.792), &apos;color_space&apos;: &apos;DeviceGray&apos;, &apos;ncolor&apos;: None, &apos;size&apos;: 13.290000000000006, &apos;value&apos;: &apos;.&apos;, &apos;children&apos;: [], &apos;features&apos;: {}}, {&apos;type&apos;: &apos;text&apos;, &apos;bbox&apos;: (260.612, 94.502, 263.382, 107.792), &apos;color_space&apos;: &apos;DeviceGray&apos;, &apos;ncolor&apos;: None, &apos;size&apos;: 13.290000000000006, &apos;value&apos;: &apos;.&apos;, &apos;children&apos;: [], &apos;features&apos;: {}}, {&apos;type&apos;: &apos;text&apos;, &apos;bbox&apos;: (263.382, 94.502, 266.152, 107.792), &apos;color_space&apos;: &apos;DeviceGray&apos;, &apos;ncolor&apos;: None, &apos;size&apos;: 13.290000000000006, &apos;value&apos;: &apos;.&apos;, &apos;children&apos;: [], &apos;features&apos;: {}}, {&apos;type&apos;: &apos;text&apos;, &apos;bbox&apos;: (266.15200000000004, 94.502, 268.922, 107.792), &apos;color_space&apos;: &apos;DeviceGray&apos;, &apos;ncolor&apos;: None, &apos;size&apos;: 13.290000000000006, &apos;value&apos;: &apos;.&apos;, &apos;children&apos;: [], &apos;features&apos;: {}}, {&apos;type&apos;: &apos;text&apos;, &apos;bbox&apos;: (268.922, 94.502, 271.692, 107.792), &apos;color_space&apos;: &apos;DeviceGray&apos;, &apos;ncolor&apos;: None, &apos;size&apos;: 13.290000000000006, &apos;value&apos;: &apos;.&apos;, &apos;children&apos;: [], &apos;features&apos;: {}}, {&apos;type&apos;: &apos;text&apos;, &apos;bbox&apos;: (271.692, 94.502, 274.462, 107.792), &apos;color_space&apos;: &apos;DeviceGray&apos;, &apos;ncolor&apos;: None, &apos;size&apos;: 13.290000000000006, &apos;value&apos;: &apos;.&apos;, &apos;children&apos;: [], &apos;features&apos;: {}}, {&apos;type&apos;: &apos;text&apos;, &apos;bbox&apos;: (274.46200000000005, 94.502, 277.232, 107.792), &apos;color_space&apos;: &apos;DeviceGray&apos;, &apos;ncolor&apos;: None, &apos;size&apos;: 13.290000000000006, &apos;value&apos;: &apos;.&apos;, &apos;children&apos;: [], &apos;features&apos;: {}}, {&apos;type&apos;: &apos;text&apos;, &apos;bbox&apos;: (277.232, 94.502, 280.002, 107.792), &apos;color_space&apos;: &apos;DeviceGray&apos;, &apos;ncolor&apos;: None, &apos;size&apos;: 13.290000000000006, &apos;value&apos;: &apos;.&apos;, &apos;children&apos;: [], &apos;features&apos;: {}}, {&apos;type&apos;: &apos;text&apos;, &apos;bbox&apos;: (280.002, 94.502, 282.772, 107.792), &apos;color_space&apos;: &apos;DeviceGray&apos;, &apos;ncolor&apos;: None, &apos;size&apos;: 13.290000000000006, &apos;value&apos;: &apos;.&apos;, &apos;children&apos;: [], &apos;features&apos;: {}}, {&apos;type&apos;: &apos;text&apos;, &apos;bbox&apos;: (282.77200000000005, 94.502, 285.54200000000003, 107.792), &apos;color_space&apos;: &apos;DeviceGray&apos;, &apos;ncolor&apos;: None, &apos;size&apos;: 13.290000000000006, &apos;value&apos;: &apos;.&apos;, &apos;children&apos;: [], &apos;features&apos;: {}}, {&apos;type&apos;: &apos;text&apos;, &apos;bbox&apos;: (285.54200000000003, 94.502, 288.312, 107.792), &apos;color_space&apos;: &apos;DeviceGray&apos;, &apos;ncolor&apos;: None, &apos;size&apos;: 13.290000000000006, &apos;value&apos;: &apos;.&apos;, &apos;children&apos;: [], &apos;features&apos;: {}}, {&apos;type&apos;: &apos;text&apos;, &apos;bbox&apos;: (288.312, 94.502, 291.082, 107.792), &apos;color_space&apos;: &apos;DeviceGray&apos;, &apos;ncolor&apos;: None, &apos;size&apos;: 13.290000000000006, &apos;value&apos;: &apos;.&apos;, &apos;children&apos;: [], &apos;features&apos;: {}}, {&apos;type&apos;: &apos;text&apos;, &apos;bbox&apos;: (291.082, 94.502, 293.852, 107.792), &apos;color_space&apos;: &apos;DeviceGray&apos;, &apos;ncolor&apos;: None, &apos;size&apos;: 13.290000000000006, &apos;value&apos;: &apos;.&apos;, &apos;children&apos;: [], &apos;features&apos;: {}}, {&apos;type&apos;: &apos;text&apos;, &apos;bbox&apos;: (293.852, 94.502, 296.62199999999996, 107.792), &apos;color_space&apos;: &apos;DeviceGray&apos;, &apos;ncolor&apos;: None, &apos;size&apos;: 13.290000000000006, &apos;value&apos;: &apos;.&apos;, &apos;children&apos;: [], &apos;features&apos;: {}}, {&apos;type&apos;: &apos;text&apos;, &apos;bbox&apos;: (296.622, 94.502, 299.392, 107.792), &apos;color_space&apos;: &apos;DeviceGray&apos;, &apos;ncolor&apos;: None, &apos;size&apos;: 13.290000000000006, &apos;value&apos;: &apos;.&apos;, &apos;children&apos;: [], &apos;features&apos;: {}}, {&apos;type&apos;: &apos;text&apos;, &apos;bbox&apos;: (299.392, 94.502, 302.162, 107.792), &apos;color_space&apos;: &apos;DeviceGray&apos;, &apos;ncolor&apos;: None, &apos;size&apos;: 13.290000000000006, &apos;value&apos;: &apos;.&apos;, &apos;children&apos;: [], &apos;features&apos;: {}}, {&apos;type&apos;: &apos;text&apos;, &apos;bbox&apos;: (302.162, 94.502, 304.93199999999996, 107.792), &apos;color_space&apos;: &apos;DeviceGray&apos;, &apos;ncolor&apos;: None, &apos;size&apos;: 13.290000000000006, &apos;value&apos;: &apos;.&apos;, &apos;children&apos;: [], &apos;features&apos;: {}}, {&apos;type&apos;: &apos;text&apos;, &apos;bbox&apos;: (304.932, 94.502, 307.702, 107.792), &apos;color_space&apos;: &apos;DeviceGray&apos;, &apos;ncolor&apos;: None, &apos;size&apos;: 13.290000000000006, &apos;value&apos;: &apos;.&apos;, &apos;children&apos;: [], &apos;features&apos;: {}}, {&apos;type&apos;: &apos;text&apos;, &apos;bbox&apos;: (307.702, 94.502, 310.472, 107.792), &apos;color_space&apos;: &apos;DeviceGray&apos;, &apos;ncolor&apos;: None, &apos;size&apos;: 13.290000000000006, &apos;value&apos;: &apos;.&apos;, &apos;children&apos;: [], &apos;features&apos;: {}}, {&apos;type&apos;: &apos;text&apos;, &apos;bbox&apos;: (310.472, 94.502, 313.24199999999996, 107.792), &apos;color_space&apos;: &apos;DeviceGray&apos;, &apos;ncolor&apos;: None, &apos;size&apos;: 13.290000000000006, &apos;value&apos;: &apos;.&apos;, &apos;children&apos;: [], &apos;features&apos;: {}}, {&apos;type&apos;: &apos;text&apos;, &apos;bbox&apos;: (313.24199999999996, 94.502, 316.01199999999994, 107.792), &apos;color_space&apos;: &apos;DeviceGray&apos;, &apos;ncolor&apos;: None, &apos;size&apos;: 13.290000000000006, &apos;value&apos;: &apos;.&apos;, &apos;children&apos;: [], &apos;features&apos;: {}}, {&apos;type&apos;: &apos;text&apos;, &apos;bbox&apos;: (316.01199999999994, 94.502, 318.7819999999999, 107.792), &apos;color_space&apos;: &apos;DeviceGray&apos;, &apos;ncolor&apos;: None, &apos;size&apos;: 13.290000000000006, &apos;value&apos;: &apos;.&apos;, &apos;children&apos;: [], &apos;features&apos;: {}}, {&apos;type&apos;: &apos;text&apos;, &apos;bbox&apos;: (318.782, 94.502, 321.55199999999996, 107.792), &apos;color_space&apos;: &apos;DeviceGray&apos;, &apos;ncolor&apos;: None, &apos;size&apos;: 13.290000000000006, &apos;value&apos;: &apos;.&apos;, &apos;children&apos;: [], &apos;features&apos;: {}}, {&apos;type&apos;: &apos;text&apos;, &apos;bbox&apos;: (321.55199999999996, 94.502, 324.32199999999995, 107.792), &apos;color_space&apos;: &apos;DeviceGray&apos;, &apos;ncolor&apos;: None, &apos;size&apos;: 13.290000000000006, &apos;value&apos;: &apos;.&apos;, &apos;children&apos;: [], &apos;features&apos;: {}}, {&apos;type&apos;: &apos;text&apos;, &apos;bbox&apos;: (324.32199999999995, 94.502, 327.0919999999999, 107.792), &apos;color_space&apos;: &apos;DeviceGray&apos;, &apos;ncolor&apos;: None, &apos;size&apos;: 13.290000000000006, &apos;value&apos;: &apos;.&apos;, &apos;children&apos;: [], &apos;features&apos;: {}}, {&apos;type&apos;: &apos;text&apos;, &apos;bbox&apos;: (327.092, 94.502, 329.86199999999997, 107.792), &apos;color_space&apos;: &apos;DeviceGray&apos;, &apos;ncolor&apos;: None, &apos;size&apos;: 13.290000000000006, &apos;value&apos;: &apos;.&apos;, &apos;children&apos;: [], &apos;features&apos;: {}}, {&apos;type&apos;: &apos;text&apos;, &apos;bbox&apos;: (329.86199999999997, 94.502, 332.63199999999995, 107.792), &apos;color_space&apos;: &apos;DeviceGray&apos;, &apos;ncolor&apos;: None, &apos;size&apos;: 13.290000000000006, &apos;value&apos;: &apos;.&apos;, &apos;children&apos;: [], &apos;features&apos;: {}}, {&apos;type&apos;: &apos;text&apos;, &apos;bbox&apos;: (332.63199999999995, 94.502, 335.40199999999993, 107.792), &apos;color_space&apos;: &apos;DeviceGray&apos;, &apos;ncolor&apos;: None, &apos;size&apos;: 13.290000000000006, &apos;value&apos;: &apos;.&apos;, &apos;children&apos;: [], &apos;features&apos;: {}}, {&apos;type&apos;: &apos;text&apos;, &apos;bbox&apos;: (335.40199999999993, 94.502, 338.1719999999999, 107.792), &apos;color_space&apos;: &apos;DeviceGray&apos;, &apos;ncolor&apos;: None, &apos;size&apos;: 13.290000000000006, &apos;value&apos;: &apos;.&apos;, &apos;children&apos;: [], &apos;features&apos;: {}}, {&apos;type&apos;: &apos;text&apos;, &apos;bbox&apos;: (338.1719999999999, 94.502, 340.9419999999999, 107.792), &apos;color_space&apos;: &apos;DeviceGray&apos;, &apos;ncolor&apos;: None, &apos;size&apos;: 13.290000000000006, &apos;value&apos;: &apos;.&apos;, &apos;children&apos;: [], &apos;features&apos;: {}}, {&apos;type&apos;: &apos;text&apos;, &apos;bbox&apos;: (340.94199999999995, 94.502, 343.71199999999993, 107.792), &apos;color_space&apos;: &apos;DeviceGray&apos;, &apos;ncolor&apos;: None, &apos;size&apos;: 13.290000000000006, &apos;value&apos;: &apos;.&apos;, &apos;children&apos;: [], &apos;features&apos;: {}}, {&apos;type&apos;: &apos;text&apos;, &apos;bbox&apos;: (343.71199999999993, 94.502, 346.4819999999999, 107.792), &apos;color_space&apos;: &apos;DeviceGray&apos;, &apos;ncolor&apos;: None, &apos;size&apos;: 13.290000000000006, &apos;value&apos;: &apos;.&apos;, &apos;children&apos;: [], &apos;features&apos;: {}}, {&apos;type&apos;: &apos;text&apos;, &apos;bbox&apos;: (346.48199999999997, 94.502, 349.25199999999995, 107.792), &apos;color_space&apos;: &apos;DeviceGray&apos;, &apos;ncolor&apos;: None, &apos;size&apos;: 13.290000000000006, &apos;value&apos;: &apos;.&apos;, &apos;children&apos;: [], &apos;features&apos;: {}}, {&apos;type&apos;: &apos;text&apos;, &apos;bbox&apos;: (349.25199999999995, 94.502, 352.02199999999993, 107.792), &apos;color_space&apos;: &apos;DeviceGray&apos;, &apos;ncolor&apos;: None, &apos;size&apos;: 13.290000000000006, &apos;value&apos;: &apos;.&apos;, &apos;children&apos;: [], &apos;features&apos;: {}}, {&apos;type&apos;: &apos;text&apos;, &apos;bbox&apos;: (352.02199999999993, 94.502, 354.7919999999999, 107.792), &apos;color_space&apos;: &apos;DeviceGray&apos;, &apos;ncolor&apos;: None, &apos;size&apos;: 13.290000000000006, &apos;value&apos;: &apos;.&apos;, &apos;children&apos;: [], &apos;features&apos;: {}}, {&apos;type&apos;: &apos;text&apos;, &apos;bbox&apos;: (354.792, 94.502, 357.56199999999995, 107.792), &apos;color_space&apos;: &apos;DeviceGray&apos;, &apos;ncolor&apos;: None, &apos;size&apos;: 13.290000000000006, &apos;value&apos;: &apos;.&apos;, &apos;children&apos;: [], &apos;features&apos;: {}}, {&apos;type&apos;: &apos;text&apos;, &apos;bbox&apos;: (357.562, 94.502, 360.332, 107.792), &apos;color_space&apos;: &apos;DeviceGray&apos;, &apos;ncolor&apos;: None, &apos;size&apos;: 13.290000000000006, &apos;value&apos;: &apos;.&apos;, &apos;children&apos;: [], &apos;features&apos;: {}}, {&apos;type&apos;: &apos;text&apos;, &apos;bbox&apos;: (360.332, 94.502, 363.102, 107.792), &apos;color_space&apos;: &apos;DeviceGray&apos;, &apos;ncolor&apos;: None, &apos;size&apos;: 13.290000000000006, &apos;value&apos;: &apos;.&apos;, &apos;children&apos;: [], &apos;features&apos;: {}}, {&apos;type&apos;: &apos;text&apos;, &apos;bbox&apos;: (363.102, 94.502, 365.87199999999996, 107.792), &apos;color_space&apos;: &apos;DeviceGray&apos;, &apos;ncolor&apos;: None, &apos;size&apos;: 13.290000000000006, &apos;value&apos;: &apos;.&apos;, &apos;children&apos;: [], &apos;features&apos;: {}}, {&apos;type&apos;: &apos;text&apos;, &apos;bbox&apos;: (365.872, 94.502, 368.642, 107.792), &apos;color_space&apos;: &apos;DeviceGray&apos;, &apos;ncolor&apos;: None, &apos;size&apos;: 13.290000000000006, &apos;value&apos;: &apos;.&apos;, &apos;children&apos;: [], &apos;features&apos;: {}}, {&apos;type&apos;: &apos;text&apos;, &apos;bbox&apos;: (368.64200000000005, 94.502, 371.41200000000003, 107.792), &apos;color_space&apos;: &apos;DeviceGray&apos;, &apos;ncolor&apos;: None, &apos;size&apos;: 13.290000000000006, &apos;value&apos;: &apos;.&apos;, &apos;children&apos;: [], &apos;features&apos;: {}}, {&apos;type&apos;: &apos;text&apos;, &apos;bbox&apos;: (371.41200000000003, 94.502, 374.182, 107.792), &apos;color_space&apos;: &apos;DeviceGray&apos;, &apos;ncolor&apos;: None, &apos;size&apos;: 13.290000000000006, &apos;value&apos;: &apos;.&apos;, &apos;children&apos;: [], &apos;features&apos;: {}}, {&apos;type&apos;: &apos;text&apos;, &apos;bbox&apos;: (374.182, 94.502, 376.952, 107.792), &apos;color_space&apos;: &apos;DeviceGray&apos;, &apos;ncolor&apos;: None, &apos;size&apos;: 13.290000000000006, &apos;value&apos;: &apos;.&apos;, &apos;children&apos;: [], &apos;features&apos;: {}}, {&apos;type&apos;: &apos;text&apos;, &apos;bbox&apos;: (376.95200000000006, 94.502, 379.72200000000004, 107.792), &apos;color_space&apos;: &apos;DeviceGray&apos;, &apos;ncolor&apos;: None, &apos;size&apos;: 13.290000000000006, &apos;value&apos;: &apos;.&apos;, &apos;children&apos;: [], &apos;features&apos;: {}}, {&apos;type&apos;: &apos;text&apos;, &apos;bbox&apos;: (379.7220000000001, 94.502, 382.4920000000001, 107.792), &apos;color_space&apos;: &apos;DeviceGray&apos;, &apos;ncolor&apos;: None, &apos;size&apos;: 13.290000000000006, &apos;value&apos;: &apos;.&apos;, &apos;children&apos;: [], &apos;features&apos;: {}}, {&apos;type&apos;: &apos;text&apos;, &apos;bbox&apos;: (382.4920000000001, 94.502, 385.26200000000006, 107.792), &apos;color_space&apos;: &apos;DeviceGray&apos;, &apos;ncolor&apos;: None, &apos;size&apos;: 13.290000000000006, &apos;value&apos;: &apos;.&apos;, &apos;children&apos;: [], &apos;features&apos;: {}}, {&apos;type&apos;: &apos;text&apos;, &apos;bbox&apos;: (385.26200000000006, 94.502, 388.03200000000004, 107.792), &apos;color_space&apos;: &apos;DeviceGray&apos;, &apos;ncolor&apos;: None, &apos;size&apos;: 13.290000000000006, &apos;value&apos;: &apos;.&apos;, &apos;children&apos;: [], &apos;features&apos;: {}}, {&apos;type&apos;: &apos;text&apos;, &apos;bbox&apos;: (388.0320000000001, 94.502, 390.8020000000001, 107.792), &apos;color_space&apos;: &apos;DeviceGray&apos;, &apos;ncolor&apos;: None, &apos;size&apos;: 13.290000000000006, &apos;value&apos;: &apos;.&apos;, &apos;children&apos;: [], &apos;features&apos;: {}}, {&apos;type&apos;: &apos;text&apos;, &apos;bbox&apos;: (390.80200000000013, 94.502, 393.5720000000001, 107.792), &apos;color_space&apos;: &apos;DeviceGray&apos;, &apos;ncolor&apos;: None, &apos;size&apos;: 13.290000000000006, &apos;value&apos;: &apos;.&apos;, &apos;children&apos;: [], &apos;features&apos;: {}}, {&apos;type&apos;: &apos;text&apos;, &apos;bbox&apos;: (393.5720000000001, 94.502, 396.3420000000001, 107.792), &apos;color_space&apos;: &apos;DeviceGray&apos;, &apos;ncolor&apos;: None, &apos;size&apos;: 13.290000000000006, &apos;value&apos;: &apos;.&apos;, &apos;children&apos;: [], &apos;features&apos;: {}}, {&apos;type&apos;: &apos;text&apos;, &apos;bbox&apos;: (396.3420000000001, 94.502, 399.1120000000001, 107.792), &apos;color_space&apos;: &apos;DeviceGray&apos;, &apos;ncolor&apos;: None, &apos;size&apos;: 13.290000000000006, &apos;value&apos;: &apos;.&apos;, &apos;children&apos;: [], &apos;features&apos;: {}}, {&apos;type&apos;: &apos;text&apos;, &apos;bbox&apos;: (399.11200000000014, 94.502, 401.8820000000001, 107.792), &apos;color_space&apos;: &apos;DeviceGray&apos;, &apos;ncolor&apos;: None, &apos;size&apos;: 13.290000000000006, &apos;value&apos;: &apos;.&apos;, &apos;children&apos;: [], &apos;features&apos;: {}}, {&apos;type&apos;: &apos;text&apos;, &apos;bbox&apos;: (401.8820000000002, 94.502, 404.65200000000016, 107.792), &apos;color_space&apos;: &apos;DeviceGray&apos;, &apos;ncolor&apos;: None, &apos;size&apos;: 13.290000000000006, &apos;value&apos;: &apos;.&apos;, &apos;children&apos;: [], &apos;features&apos;: {}}, {&apos;type&apos;: &apos;text&apos;, &apos;bbox&apos;: (404.65200000000016, 94.502, 407.42200000000014, 107.792), &apos;color_space&apos;: &apos;DeviceGray&apos;, &apos;ncolor&apos;: None, &apos;size&apos;: 13.290000000000006, &apos;value&apos;: &apos;.&apos;, &apos;children&apos;: [], &apos;features&apos;: {}}, {&apos;type&apos;: &apos;text&apos;, &apos;bbox&apos;: (407.42200000000014, 94.502, 410.1920000000001, 107.792), &apos;color_space&apos;: &apos;DeviceGray&apos;, &apos;ncolor&apos;: None, &apos;size&apos;: 13.290000000000006, &apos;value&apos;: &apos;.&apos;, &apos;children&apos;: [], &apos;features&apos;: {}}, {&apos;type&apos;: &apos;text&apos;, &apos;bbox&apos;: (410.1920000000002, 94.502, 412.96200000000016, 107.792), &apos;color_space&apos;: &apos;DeviceGray&apos;, &apos;ncolor&apos;: None, &apos;size&apos;: 13.290000000000006, &apos;value&apos;: &apos;.&apos;, &apos;children&apos;: [], &apos;features&apos;: {}}, {&apos;type&apos;: &apos;text&apos;, &apos;bbox&apos;: (412.9620000000002, 94.502, 415.7320000000002, 107.792), &apos;color_space&apos;: &apos;DeviceGray&apos;, &apos;ncolor&apos;: None, &apos;size&apos;: 13.290000000000006, &apos;value&apos;: &apos;.&apos;, &apos;children&apos;: [], &apos;features&apos;: {}}, {&apos;type&apos;: &apos;text&apos;, &apos;bbox&apos;: (415.7320000000002, 94.502, 418.5020000000002, 107.792), &apos;color_space&apos;: &apos;DeviceGray&apos;, &apos;ncolor&apos;: None, &apos;size&apos;: 13.290000000000006, &apos;value&apos;: &apos;.&apos;, &apos;children&apos;: [], &apos;features&apos;: {}}, {&apos;type&apos;: &apos;text&apos;, &apos;bbox&apos;: (418.5020000000002, 94.502, 421.27200000000016, 107.792), &apos;color_space&apos;: &apos;DeviceGray&apos;, &apos;ncolor&apos;: None, &apos;size&apos;: 13.290000000000006, &apos;value&apos;: &apos;.&apos;, &apos;children&apos;: [], &apos;features&apos;: {}}, {&apos;type&apos;: &apos;text&apos;, &apos;bbox&apos;: (421.2720000000002, 94.502, 424.0420000000002, 107.792), &apos;color_space&apos;: &apos;DeviceGray&apos;, &apos;ncolor&apos;: None, &apos;size&apos;: 13.290000000000006, &apos;value&apos;: &apos;.&apos;, &apos;children&apos;: [], &apos;features&apos;: {}}, {&apos;type&apos;: &apos;text&apos;, &apos;bbox&apos;: (424.04200000000026, 94.502, 426.81200000000024, 107.792), &apos;color_space&apos;: &apos;DeviceGray&apos;, &apos;ncolor&apos;: None, &apos;size&apos;: 13.290000000000006, &apos;value&apos;: &apos;.&apos;, &apos;children&apos;: [], &apos;features&apos;: {}}, {&apos;type&apos;: &apos;text&apos;, &apos;bbox&apos;: (426.81200000000024, 94.502, 429.5820000000002, 107.792), &apos;color_space&apos;: &apos;DeviceGray&apos;, &apos;ncolor&apos;: None, &apos;size&apos;: 13.290000000000006, &apos;value&apos;: &apos;.&apos;, &apos;children&apos;: [], &apos;features&apos;: {}}, {&apos;type&apos;: &apos;text&apos;, &apos;bbox&apos;: (429.5820000000002, 94.502, 432.3520000000002, 107.792), &apos;color_space&apos;: &apos;DeviceGray&apos;, &apos;ncolor&apos;: None, &apos;size&apos;: 13.290000000000006, &apos;value&apos;: &apos;.&apos;, &apos;children&apos;: [], &apos;features&apos;: {}}, {&apos;type&apos;: &apos;text&apos;, &apos;bbox&apos;: (432.35200000000026, 94.502, 435.12200000000024, 107.792), &apos;color_space&apos;: &apos;DeviceGray&apos;, &apos;ncolor&apos;: None, &apos;size&apos;: 13.290000000000006, &apos;value&apos;: &apos;.&apos;, &apos;children&apos;: [], &apos;features&apos;: {}}, {&apos;type&apos;: &apos;text&apos;, &apos;bbox&apos;: (435.1220000000003, 94.502, 437.8920000000003, 107.792), &apos;color_space&apos;: &apos;DeviceGray&apos;, &apos;ncolor&apos;: None, &apos;size&apos;: 13.290000000000006, &apos;value&apos;: &apos;.&apos;, &apos;children&apos;: [], &apos;features&apos;: {}}, {&apos;type&apos;: &apos;text&apos;, &apos;bbox&apos;: (437.8920000000003, 94.502, 440.66200000000026, 107.792), &apos;color_space&apos;: &apos;DeviceGray&apos;, &apos;ncolor&apos;: None, &apos;size&apos;: 13.290000000000006, &apos;value&apos;: &apos;.&apos;, &apos;children&apos;: [], &apos;features&apos;: {}}, {&apos;type&apos;: &apos;text&apos;, &apos;bbox&apos;: (440.66200000000026, 94.502, 443.43200000000024, 107.792), &apos;color_space&apos;: &apos;DeviceGray&apos;, &apos;ncolor&apos;: None, &apos;size&apos;: 13.290000000000006, &apos;value&apos;: &apos;.&apos;, &apos;children&apos;: [], &apos;features&apos;: {}}, {&apos;type&apos;: &apos;text&apos;, &apos;bbox&apos;: (443.4320000000003, 94.502, 446.2020000000003, 107.792), &apos;color_space&apos;: &apos;DeviceGray&apos;, &apos;ncolor&apos;: None, &apos;size&apos;: 13.290000000000006, &apos;value&apos;: &apos;.&apos;, &apos;children&apos;: [], &apos;features&apos;: {}}, {&apos;type&apos;: &apos;text&apos;, &apos;bbox&apos;: (446.20200000000034, 94.502, 448.9720000000003, 107.792), &apos;color_space&apos;: &apos;DeviceGray&apos;, &apos;ncolor&apos;: None, &apos;size&apos;: 13.290000000000006, &apos;value&apos;: &apos;.&apos;, &apos;children&apos;: [], &apos;features&apos;: {}}, {&apos;type&apos;: &apos;text&apos;, &apos;bbox&apos;: (448.9720000000003, 94.502, 451.7420000000003, 107.792), &apos;color_space&apos;: &apos;DeviceGray&apos;, &apos;ncolor&apos;: None, &apos;size&apos;: 13.290000000000006, &apos;value&apos;: &apos;.&apos;, &apos;children&apos;: [], &apos;features&apos;: {}}, {&apos;type&apos;: &apos;text&apos;, &apos;bbox&apos;: (451.7420000000003, 94.502, 454.5120000000003, 107.792), &apos;color_space&apos;: &apos;DeviceGray&apos;, &apos;ncolor&apos;: None, &apos;size&apos;: 13.290000000000006, &apos;value&apos;: &apos;.&apos;, &apos;children&apos;: [], &apos;features&apos;: {}}, {&apos;type&apos;: &apos;text&apos;, &apos;bbox&apos;: (454.51200000000034, 94.502, 457.2820000000003, 107.792), &apos;color_space&apos;: &apos;DeviceGray&apos;, &apos;ncolor&apos;: None, &apos;size&apos;: 13.290000000000006, &apos;value&apos;: &apos;.&apos;, &apos;children&apos;: [], &apos;features&apos;: {}}, {&apos;type&apos;: &apos;text&apos;, &apos;bbox&apos;: (457.2820000000004, 94.502, 460.05200000000036, 107.792), &apos;color_space&apos;: &apos;DeviceGray&apos;, &apos;ncolor&apos;: None, &apos;size&apos;: 13.290000000000006, &apos;value&apos;: &apos;.&apos;, &apos;children&apos;: [], &apos;features&apos;: {}}, {&apos;type&apos;: &apos;text&apos;, &apos;bbox&apos;: (460.05200000000036, 94.502, 462.82200000000034, 107.792), &apos;color_space&apos;: &apos;DeviceGray&apos;, &apos;ncolor&apos;: None, &apos;size&apos;: 13.290000000000006, &apos;value&apos;: &apos;.&apos;, &apos;children&apos;: [], &apos;features&apos;: {}}, {&apos;type&apos;: &apos;text&apos;, &apos;bbox&apos;: (462.82200000000034, 94.502, 465.5920000000003, 107.792), &apos;color_space&apos;: &apos;DeviceGray&apos;, &apos;ncolor&apos;: None, &apos;size&apos;: 13.290000000000006, &apos;value&apos;: &apos;.&apos;, &apos;children&apos;: [], &apos;features&apos;: {}}, {&apos;type&apos;: &apos;text&apos;, &apos;bbox&apos;: (465.5920000000004, 94.502, 468.36200000000036, 107.792), &apos;color_space&apos;: &apos;DeviceGray&apos;, &apos;ncolor&apos;: None, &apos;size&apos;: 13.290000000000006, &apos;value&apos;: &apos;.&apos;, &apos;children&apos;: [], &apos;features&apos;: {}}, {&apos;type&apos;: &apos;text&apos;, &apos;bbox&apos;: (468.3620000000004, 94.502, 471.1320000000004, 107.792), &apos;color_space&apos;: &apos;DeviceGray&apos;, &apos;ncolor&apos;: None, &apos;size&apos;: 13.290000000000006, &apos;value&apos;: &apos;.&apos;, &apos;children&apos;: [], &apos;features&apos;: {}}, {&apos;type&apos;: &apos;text&apos;, &apos;bbox&apos;: (471.1320000000004, 94.502, 473.9020000000004, 107.792), &apos;color_space&apos;: &apos;DeviceGray&apos;, &apos;ncolor&apos;: None, &apos;size&apos;: 13.290000000000006, &apos;value&apos;: &apos;.&apos;, &apos;children&apos;: [], &apos;features&apos;: {}}, {&apos;type&apos;: &apos;text&apos;, &apos;bbox&apos;: (473.9020000000004, 94.502, 476.67200000000037, 107.792), &apos;color_space&apos;: &apos;DeviceGray&apos;, &apos;ncolor&apos;: None, &apos;size&apos;: 13.290000000000006, &apos;value&apos;: &apos;.&apos;, &apos;children&apos;: [], &apos;features&apos;: {}}, {&apos;type&apos;: &apos;text&apos;, &apos;bbox&apos;: (476.67200000000037, 94.502, 479.44200000000035, 107.792), &apos;color_space&apos;: &apos;DeviceGray&apos;, &apos;ncolor&apos;: None, &apos;size&apos;: 13.290000000000006, &apos;value&apos;: &apos;.&apos;, &apos;children&apos;: [], &apos;features&apos;: {}}, {&apos;type&apos;: &apos;text&apos;, &apos;bbox&apos;: (479.44200000000035, 94.502, 482.21200000000033, 107.792), &apos;color_space&apos;: &apos;DeviceGray&apos;, &apos;ncolor&apos;: None, &apos;size&apos;: 13.290000000000006, &apos;value&apos;: &apos;.&apos;, &apos;children&apos;: [], &apos;features&apos;: {}}, {&apos;type&apos;: &apos;text&apos;, &apos;bbox&apos;: (482.21200000000033, 94.502, 484.9820000000003, 107.792), &apos;color_space&apos;: &apos;DeviceGray&apos;, &apos;ncolor&apos;: None, &apos;size&apos;: 13.290000000000006, &apos;value&apos;: &apos;.&apos;, &apos;children&apos;: [], &apos;features&apos;: {}}, {&apos;type&apos;: &apos;text&apos;, &apos;bbox&apos;: (484.9820000000003, 94.502, 487.7520000000003, 107.792), &apos;color_space&apos;: &apos;DeviceGray&apos;, &apos;ncolor&apos;: None, &apos;size&apos;: 13.290000000000006, &apos;value&apos;: &apos;.&apos;, &apos;children&apos;: [], &apos;features&apos;: {}}, {&apos;type&apos;: &apos;text&apos;, &apos;bbox&apos;: (489.548, 94.502, 495.108, 107.792), &apos;color_space&apos;: &apos;DeviceGray&apos;, &apos;ncolor&apos;: None, &apos;size&apos;: 13.290000000000006, &apos;value&apos;: &apos;7&apos;, &apos;children&apos;: [], &apos;features&apos;: {}}, {&apos;type&apos;: &apos;text&apos;, &apos;bbox&apos;: (495.108, 94.502, 498.438, 107.792), &apos;color_space&apos;: &apos;DeviceGray&apos;, &apos;ncolor&apos;: None, &apos;size&apos;: 13.290000000000006, &apos;value&apos;: &apos;-&apos;, &apos;children&apos;: [], &apos;features&apos;: {}}, {&apos;type&apos;: &apos;text&apos;, &apos;bbox&apos;: (498.439, 94.502, 503.999, 107.792), &apos;color_space&apos;: &apos;DeviceGray&apos;, &apos;ncolor&apos;: None, &apos;size&apos;: 13.290000000000006, &apos;value&apos;: &apos;8&apos;, &apos;children&apos;: [], &apos;features&apos;: {}}], &apos;features&apos;: {}}
*********************





--------------------------------- NEW PAGE --------------------------------
--------------------------------- CONTENT AREA --------------------------------- 
DIM_GENERAL_LEDGER_TL.................................................................................................7-9
DIM_GENERAL_LEDGER_ATTR.........................................................................................7-10
DIM_GENERAL_LEDGER_HIER..........................................................................................7-10
DIM_COMMON_COA_B.......................................................................................................7-11
DIM_COMMON_COA_TL.................................................................................................... 7-13
DIM_COMMON_COA_ATTR...............................................................................................7-14
DIM_COMMON_COA_HIER................................................................................................7-15
DIM_PRODUCTS_B...............................................................................................................7-15
DIM_PRODUCTS_TL.............................................................................................................7-16
DIM_PRODUCTS_ATTR.......................................................................................................7-17
DIM_PRODUCTS_HIER........................................................................................................7-18



--------------------------------- CONTENT AREA --------------------------------- 
8 Results Tables



--------------------------------- CONTENT AREA --------------------------------- 
OverviewoftheResultsDatabasetables.................................................................................8-1
FSI_O_RESULT_DETAIL_TEMPLATE....................................................................................8-1
FSI_O_CONS_DETAIL_TEMPLATE.......................................................................................8-3
FSI_O_EAR_LEAF_AVG...........................................................................................................8-5
FSI_O_EAR_LEAF_DTL............................................................................................................8-5
FSI_O_EAR_TOTAL_AVG.......................................................................................................8-6
FSI_O_EAR_TOTAL_DTL........................................................................................................8-7
FSI_O_RESULT_MASTER........................................................................................................8-7



--------------------------------- CONTENT AREA --------------------------------- 
9 Reserved Code Value Tables



--------------------------------- CONTENT AREA --------------------------------- 
FSI_ACCRUAL_BASIS_MLS................................................................................................... 9-1
FSI_ADJUSTABLE_TYPE_MLS............................................................................................... 9-1
FSI_AMORT_METHOD_MLS.................................................................................................9-2
FSI_BEHAVIOUR_SUB_TYPE_MLS....................................................................................... 9-2
FSI_BEHAVIOUR_TYPE_MLS.................................................................................................9-3
FSI_CAL_ROLLING_CONVENTION_MLS............................................................................9-4
FSI_COMPOUND_BASIS_MLS.............................................................................................. 9-4
FSI_DEVOLVEMENT_STATUS_MLS.....................................................................................9-5
FSI_INTEREST_TIMING_TYPE_MLS.....................................................................................9-5
FSI_INSTRUMENT_TYPE_MLS..............................................................................................9-5
FSI_NET_MARGIN_MLS.........................................................................................................9-7
FSI_RATE_CHG_ROUNDING_MLS.......................................................................................9-7



--------------------------------- CONTENT AREA --------------------------------- 
10 User-Defined Code Value Tables



--------------------------------- CONTENT AREA --------------------------------- 
FSI_BILLING_METHOD_MLS..............................................................................................10-1
FSI_CMO_TRANCHE_MLS...................................................................................................10-1
FSI_COLLATERAL_MLS........................................................................................................10-1



--------------------------------- CONTENT AREA --------------------------------- 
v



--------------------------------- CONTENT AREA --------------------------------- 
This content area has an image
{&apos;type&apos;: &apos;figure&apos;, &apos;bbox&apos;: (0, 0, 612.0, 792.0), &apos;name&apos;: &apos;fx47&apos;, &apos;children&apos;: [{&apos;type&apos;: &apos;text&apos;, &apos;bbox&apos;: (114.0, 706.51, 122.31, 719.99), &apos;color_space&apos;: &apos;DeviceGray&apos;, &apos;ncolor&apos;: None, &apos;size&apos;: 13.480000000000018, &apos;value&apos;: &apos;D&apos;, &apos;children&apos;: [], &apos;features&apos;: {}}, {&apos;type&apos;: &apos;text&apos;, &apos;bbox&apos;: (122.31, 706.51, 126.2, 719.99), &apos;color_space&apos;: &apos;DeviceGray&apos;, &apos;ncolor&apos;: None, &apos;size&apos;: 13.480000000000018, &apos;value&apos;: &apos;I&apos;, &apos;children&apos;: [], &apos;features&apos;: {}}, {&apos;type&apos;: &apos;text&apos;, &apos;bbox&apos;: (126.2, 706.51, 136.2, 719.99), &apos;color_space&apos;: &apos;DeviceGray&apos;, &apos;ncolor&apos;: None, &apos;size&apos;: 13.480000000000018, &apos;value&apos;: &apos;M&apos;, &apos;children&apos;: [], &apos;features&apos;: {}}, {&apos;type&apos;: &apos;text&apos;, &apos;bbox&apos;: (136.2, 706.51, 141.2, 719.99), &apos;color_space&apos;: &apos;DeviceGray&apos;, &apos;ncolor&apos;: None, &apos;size&apos;: 13.480000000000018, &apos;value&apos;: &apos;_&apos;, &apos;children&apos;: [], &apos;features&apos;: {}}, {&apos;type&apos;: &apos;text&apos;, &apos;bbox&apos;: (141.2, 706.51, 149.53, 719.99), &apos;color_space&apos;: &apos;DeviceGray&apos;, &apos;ncolor&apos;: None, &apos;size&apos;: 13.480000000000018, &apos;value&apos;: &apos;G&apos;, &apos;children&apos;: [], &apos;features&apos;: {}}, {&apos;type&apos;: &apos;text&apos;, &apos;bbox&apos;: (149.53, 706.51, 155.58, 719.99), &apos;color_space&apos;: &apos;DeviceGray&apos;, &apos;ncolor&apos;: None, &apos;size&apos;: 13.480000000000018, &apos;value&apos;: &apos;E&apos;, &apos;children&apos;: [], &apos;features&apos;: {}}, {&apos;type&apos;: &apos;text&apos;, &apos;bbox&apos;: (155.57999999999998, 706.51, 163.91, 719.99), &apos;color_space&apos;: &apos;DeviceGray&apos;, &apos;ncolor&apos;: None, &apos;size&apos;: 13.480000000000018, &apos;value&apos;: &apos;N&apos;, &apos;children&apos;: [], &apos;features&apos;: {}}, {&apos;type&apos;: &apos;text&apos;, &apos;bbox&apos;: (163.91, 706.51, 169.96, 719.99), &apos;color_space&apos;: &apos;DeviceGray&apos;, &apos;ncolor&apos;: None, &apos;size&apos;: 13.480000000000018, &apos;value&apos;: &apos;E&apos;, &apos;children&apos;: [], &apos;features&apos;: {}}, {&apos;type&apos;: &apos;text&apos;, &apos;bbox&apos;: (169.95999999999998, 706.51, 177.08999999999997, 719.99), &apos;color_space&apos;: &apos;DeviceGray&apos;, &apos;ncolor&apos;: None, &apos;size&apos;: 13.480000000000018, &apos;value&apos;: &apos;R&apos;, &apos;children&apos;: [], &apos;features&apos;: {}}, {&apos;type&apos;: &apos;text&apos;, &apos;bbox&apos;: (177.09, 706.51, 184.86, 719.99), &apos;color_space&apos;: &apos;DeviceGray&apos;, &apos;ncolor&apos;: None, &apos;size&apos;: 13.480000000000018, &apos;value&apos;: &apos;A&apos;, &apos;children&apos;: [], &apos;features&apos;: {}}, {&apos;type&apos;: &apos;text&apos;, &apos;bbox&apos;: (184.86, 706.51, 190.91000000000003, 719.99), &apos;color_space&apos;: &apos;DeviceGray&apos;, &apos;ncolor&apos;: None, &apos;size&apos;: 13.480000000000018, &apos;value&apos;: &apos;L&apos;, &apos;children&apos;: [], &apos;features&apos;: {}}, {&apos;type&apos;: &apos;text&apos;, &apos;bbox&apos;: (190.91, 706.51, 195.91, 719.99), &apos;color_space&apos;: &apos;DeviceGray&apos;, &apos;ncolor&apos;: None, &apos;size&apos;: 13.480000000000018, &apos;value&apos;: &apos;_&apos;, &apos;children&apos;: [], &apos;features&apos;: {}}, {&apos;type&apos;: &apos;text&apos;, &apos;bbox&apos;: (195.91, 706.51, 201.96, 719.99), &apos;color_space&apos;: &apos;DeviceGray&apos;, &apos;ncolor&apos;: None, &apos;size&apos;: 13.480000000000018, &apos;value&apos;: &apos;L&apos;, &apos;children&apos;: [], &apos;features&apos;: {}}, {&apos;type&apos;: &apos;text&apos;, &apos;bbox&apos;: (201.95999999999998, 706.51, 208.01, 719.99), &apos;color_space&apos;: &apos;DeviceGray&apos;, &apos;ncolor&apos;: None, &apos;size&apos;: 13.480000000000018, &apos;value&apos;: &apos;E&apos;, &apos;children&apos;: [], &apos;features&apos;: {}}, {&apos;type&apos;: &apos;text&apos;, &apos;bbox&apos;: (208.01, 706.51, 216.32, 719.99), &apos;color_space&apos;: &apos;DeviceGray&apos;, &apos;ncolor&apos;: None, &apos;size&apos;: 13.480000000000018, &apos;value&apos;: &apos;D&apos;, &apos;children&apos;: [], &apos;features&apos;: {}}, {&apos;type&apos;: &apos;text&apos;, &apos;bbox&apos;: (216.32, 706.51, 224.65, 719.99), &apos;color_space&apos;: &apos;DeviceGray&apos;, &apos;ncolor&apos;: None, &apos;size&apos;: 13.480000000000018, &apos;value&apos;: &apos;G&apos;, &apos;children&apos;: [], &apos;features&apos;: {}}, {&apos;type&apos;: &apos;text&apos;, &apos;bbox&apos;: (224.64999999999998, 706.51, 230.7, 719.99), &apos;color_space&apos;: &apos;DeviceGray&apos;, &apos;ncolor&apos;: None, &apos;size&apos;: 13.480000000000018, &apos;value&apos;: &apos;E&apos;, &apos;children&apos;: [], &apos;features&apos;: {}}, {&apos;type&apos;: &apos;text&apos;, &apos;bbox&apos;: (230.7, 706.51, 237.82999999999998, 719.99), &apos;color_space&apos;: &apos;DeviceGray&apos;, &apos;ncolor&apos;: None, &apos;size&apos;: 13.480000000000018, &apos;value&apos;: &apos;R&apos;, &apos;children&apos;: [], &apos;features&apos;: {}}, {&apos;type&apos;: &apos;text&apos;, &apos;bbox&apos;: (237.82999999999998, 706.51, 242.82999999999998, 719.99), &apos;color_space&apos;: &apos;DeviceGray&apos;, &apos;ncolor&apos;: None, &apos;size&apos;: 13.480000000000018, &apos;value&apos;: &apos;_&apos;, &apos;children&apos;: [], &apos;features&apos;: {}}, {&apos;type&apos;: &apos;text&apos;, &apos;bbox&apos;: (242.82999999999998, 706.51, 249.48999999999998, 719.99), &apos;color_space&apos;: &apos;DeviceGray&apos;, &apos;ncolor&apos;: None, &apos;size&apos;: 13.480000000000018, &apos;value&apos;: &apos;T&apos;, &apos;children&apos;: [], &apos;features&apos;: {}}, {&apos;type&apos;: &apos;text&apos;, &apos;bbox&apos;: (249.48999999999998, 706.51, 255.54, 719.99), &apos;color_space&apos;: &apos;DeviceGray&apos;, &apos;ncolor&apos;: None, &apos;size&apos;: 13.480000000000018, &apos;value&apos;: &apos;L&apos;, &apos;children&apos;: [], &apos;features&apos;: {}}, {&apos;type&apos;: &apos;text&apos;, &apos;bbox&apos;: (255.645, 707.24, 258.415, 720.53), &apos;color_space&apos;: &apos;DeviceGray&apos;, &apos;ncolor&apos;: None, &apos;size&apos;: 13.289999999999964, &apos;value&apos;: &apos;.&apos;, &apos;children&apos;: [], &apos;features&apos;: {}}, {&apos;type&apos;: &apos;text&apos;, &apos;bbox&apos;: (258.415, 707.24, 261.185, 720.53), &apos;color_space&apos;: &apos;DeviceGray&apos;, &apos;ncolor&apos;: None, &apos;size&apos;: 13.289999999999964, &apos;value&apos;: &apos;.&apos;, &apos;children&apos;: [], &apos;features&apos;: {}}, {&apos;type&apos;: &apos;text&apos;, &apos;bbox&apos;: (261.185, 707.24, 263.955, 720.53), &apos;color_space&apos;: &apos;DeviceGray&apos;, &apos;ncolor&apos;: None, &apos;size&apos;: 13.289999999999964, &apos;value&apos;: &apos;.&apos;, &apos;children&apos;: [], &apos;features&apos;: {}}, {&apos;type&apos;: &apos;text&apos;, &apos;bbox&apos;: (263.95500000000004, 707.24, 266.725, 720.53), &apos;color_space&apos;: &apos;DeviceGray&apos;, &apos;ncolor&apos;: None, &apos;size&apos;: 13.289999999999964, &apos;value&apos;: &apos;.&apos;, &apos;children&apos;: [], &apos;features&apos;: {}}, {&apos;type&apos;: &apos;text&apos;, &apos;bbox&apos;: (266.725, 707.24, 269.495, 720.53), &apos;color_space&apos;: &apos;DeviceGray&apos;, &apos;ncolor&apos;: None, &apos;size&apos;: 13.289999999999964, &apos;value&apos;: &apos;.&apos;, &apos;children&apos;: [], &apos;features&apos;: {}}, {&apos;type&apos;: &apos;text&apos;, &apos;bbox&apos;: (269.495, 707.24, 272.265, 720.53), &apos;color_space&apos;: &apos;DeviceGray&apos;, &apos;ncolor&apos;: None, &apos;size&apos;: 13.289999999999964, &apos;value&apos;: &apos;.&apos;, &apos;children&apos;: [], &apos;features&apos;: {}}, {&apos;type&apos;: &apos;text&apos;, &apos;bbox&apos;: (272.265, 707.24, 275.03499999999997, 720.53), &apos;color_space&apos;: &apos;DeviceGray&apos;, &apos;ncolor&apos;: None, &apos;size&apos;: 13.289999999999964, &apos;value&apos;: &apos;.&apos;, &apos;children&apos;: [], &apos;features&apos;: {}}, {&apos;type&apos;: &apos;text&apos;, &apos;bbox&apos;: (275.035, 707.24, 277.805, 720.53), &apos;color_space&apos;: &apos;DeviceGray&apos;, &apos;ncolor&apos;: None, &apos;size&apos;: 13.289999999999964, &apos;value&apos;: &apos;.&apos;, &apos;children&apos;: [], &apos;features&apos;: {}}, {&apos;type&apos;: &apos;text&apos;, &apos;bbox&apos;: (277.805, 707.24, 280.575, 720.53), &apos;color_space&apos;: &apos;DeviceGray&apos;, &apos;ncolor&apos;: None, &apos;size&apos;: 13.289999999999964, &apos;value&apos;: &apos;.&apos;, &apos;children&apos;: [], &apos;features&apos;: {}}, {&apos;type&apos;: &apos;text&apos;, &apos;bbox&apos;: (280.575, 707.24, 283.34499999999997, 720.53), &apos;color_space&apos;: &apos;DeviceGray&apos;, &apos;ncolor&apos;: None, &apos;size&apos;: 13.289999999999964, &apos;value&apos;: &apos;.&apos;, &apos;children&apos;: [], &apos;features&apos;: {}}, {&apos;type&apos;: &apos;text&apos;, &apos;bbox&apos;: (283.345, 707.24, 286.115, 720.53), &apos;color_space&apos;: &apos;DeviceGray&apos;, &apos;ncolor&apos;: None, &apos;size&apos;: 13.289999999999964, &apos;value&apos;: &apos;.&apos;, &apos;children&apos;: [], &apos;features&apos;: {}}, {&apos;type&apos;: &apos;text&apos;, &apos;bbox&apos;: (286.115, 707.24, 288.885, 720.53), &apos;color_space&apos;: &apos;DeviceGray&apos;, &apos;ncolor&apos;: None, &apos;size&apos;: 13.289999999999964, &apos;value&apos;: &apos;.&apos;, &apos;children&apos;: [], &apos;features&apos;: {}}, {&apos;type&apos;: &apos;text&apos;, &apos;bbox&apos;: (288.885, 707.24, 291.655, 720.53), &apos;color_space&apos;: &apos;DeviceGray&apos;, &apos;ncolor&apos;: None, &apos;size&apos;: 13.289999999999964, &apos;value&apos;: &apos;.&apos;, &apos;children&apos;: [], &apos;features&apos;: {}}, {&apos;type&apos;: &apos;text&apos;, &apos;bbox&apos;: (291.65500000000003, 707.24, 294.425, 720.53), &apos;color_space&apos;: &apos;DeviceGray&apos;, &apos;ncolor&apos;: None, &apos;size&apos;: 13.289999999999964, &apos;value&apos;: &apos;.&apos;, &apos;children&apos;: [], &apos;features&apos;: {}}, {&apos;type&apos;: &apos;text&apos;, &apos;bbox&apos;: (294.425, 707.24, 297.195, 720.53), &apos;color_space&apos;: &apos;DeviceGray&apos;, &apos;ncolor&apos;: None, &apos;size&apos;: 13.289999999999964, &apos;value&apos;: &apos;.&apos;, &apos;children&apos;: [], &apos;features&apos;: {}}, {&apos;type&apos;: &apos;text&apos;, &apos;bbox&apos;: (297.19500000000005, 707.24, 299.96500000000003, 720.53), &apos;color_space&apos;: &apos;DeviceGray&apos;, &apos;ncolor&apos;: None, &apos;size&apos;: 13.289999999999964, &apos;value&apos;: &apos;.&apos;, &apos;children&apos;: [], &apos;features&apos;: {}}, {&apos;type&apos;: &apos;text&apos;, &apos;bbox&apos;: (299.96500000000003, 707.24, 302.735, 720.53), &apos;color_space&apos;: &apos;DeviceGray&apos;, &apos;ncolor&apos;: None, &apos;size&apos;: 13.289999999999964, &apos;value&apos;: &apos;.&apos;, &apos;children&apos;: [], &apos;features&apos;: {}}, {&apos;type&apos;: &apos;text&apos;, &apos;bbox&apos;: (302.735, 707.24, 305.505, 720.53), &apos;color_space&apos;: &apos;DeviceGray&apos;, &apos;ncolor&apos;: None, &apos;size&apos;: 13.289999999999964, &apos;value&apos;: &apos;.&apos;, &apos;children&apos;: [], &apos;features&apos;: {}}, {&apos;type&apos;: &apos;text&apos;, &apos;bbox&apos;: (305.50500000000005, 707.24, 308.27500000000003, 720.53), &apos;color_space&apos;: &apos;DeviceGray&apos;, &apos;ncolor&apos;: None, &apos;size&apos;: 13.289999999999964, &apos;value&apos;: &apos;.&apos;, &apos;children&apos;: [], &apos;features&apos;: {}}, {&apos;type&apos;: &apos;text&apos;, &apos;bbox&apos;: (308.27500000000003, 707.24, 311.045, 720.53), &apos;color_space&apos;: &apos;DeviceGray&apos;, &apos;ncolor&apos;: None, &apos;size&apos;: 13.289999999999964, &apos;value&apos;: &apos;.&apos;, &apos;children&apos;: [], &apos;features&apos;: {}}, {&apos;type&apos;: &apos;text&apos;, &apos;bbox&apos;: (311.045, 707.24, 313.815, 720.53), &apos;color_space&apos;: &apos;DeviceGray&apos;, &apos;ncolor&apos;: None, &apos;size&apos;: 13.289999999999964, &apos;value&apos;: &apos;.&apos;, &apos;children&apos;: [], &apos;features&apos;: {}}, {&apos;type&apos;: &apos;text&apos;, &apos;bbox&apos;: (313.81500000000005, 707.24, 316.58500000000004, 720.53), &apos;color_space&apos;: &apos;DeviceGray&apos;, &apos;ncolor&apos;: None, &apos;size&apos;: 13.289999999999964, &apos;value&apos;: &apos;.&apos;, &apos;children&apos;: [], &apos;features&apos;: {}}, {&apos;type&apos;: &apos;text&apos;, &apos;bbox&apos;: (316.58500000000004, 707.24, 319.355, 720.53), &apos;color_space&apos;: &apos;DeviceGray&apos;, &apos;ncolor&apos;: None, &apos;size&apos;: 13.289999999999964, &apos;value&apos;: &apos;.&apos;, &apos;children&apos;: [], &apos;features&apos;: {}}, {&apos;type&apos;: &apos;text&apos;, &apos;bbox&apos;: (319.355, 707.24, 322.125, 720.53), &apos;color_space&apos;: &apos;DeviceGray&apos;, &apos;ncolor&apos;: None, &apos;size&apos;: 13.289999999999964, &apos;value&apos;: &apos;.&apos;, &apos;children&apos;: [], &apos;features&apos;: {}}, {&apos;type&apos;: &apos;text&apos;, &apos;bbox&apos;: (322.12500000000006, 707.24, 324.89500000000004, 720.53), &apos;color_space&apos;: &apos;DeviceGray&apos;, &apos;ncolor&apos;: None, &apos;size&apos;: 13.289999999999964, &apos;value&apos;: &apos;.&apos;, &apos;children&apos;: [], &apos;features&apos;: {}}, {&apos;type&apos;: &apos;text&apos;, &apos;bbox&apos;: (324.89500000000004, 707.24, 327.665, 720.53), &apos;color_space&apos;: &apos;DeviceGray&apos;, &apos;ncolor&apos;: None, &apos;size&apos;: 13.289999999999964, &apos;value&apos;: &apos;.&apos;, &apos;children&apos;: [], &apos;features&apos;: {}}, {&apos;type&apos;: &apos;text&apos;, &apos;bbox&apos;: (327.665, 707.24, 330.435, 720.53), &apos;color_space&apos;: &apos;DeviceGray&apos;, &apos;ncolor&apos;: None, &apos;size&apos;: 13.289999999999964, &apos;value&apos;: &apos;.&apos;, &apos;children&apos;: [], &apos;features&apos;: {}}, {&apos;type&apos;: &apos;text&apos;, &apos;bbox&apos;: (330.43500000000006, 707.24, 333.20500000000004, 720.53), &apos;color_space&apos;: &apos;DeviceGray&apos;, &apos;ncolor&apos;: None, &apos;size&apos;: 13.289999999999964, &apos;value&apos;: &apos;.&apos;, &apos;children&apos;: [], &apos;features&apos;: {}}, {&apos;type&apos;: &apos;text&apos;, &apos;bbox&apos;: (333.20500000000004, 707.24, 335.975, 720.53), &apos;color_space&apos;: &apos;DeviceGray&apos;, &apos;ncolor&apos;: None, &apos;size&apos;: 13.289999999999964, &apos;value&apos;: &apos;.&apos;, &apos;children&apos;: [], &apos;features&apos;: {}}, {&apos;type&apos;: &apos;text&apos;, &apos;bbox&apos;: (335.975, 707.24, 338.745, 720.53), &apos;color_space&apos;: &apos;DeviceGray&apos;, &apos;ncolor&apos;: None, &apos;size&apos;: 13.289999999999964, &apos;value&apos;: &apos;.&apos;, &apos;children&apos;: [], &apos;features&apos;: {}}, {&apos;type&apos;: &apos;text&apos;, &apos;bbox&apos;: (338.745, 707.24, 341.515, 720.53), &apos;color_space&apos;: &apos;DeviceGray&apos;, &apos;ncolor&apos;: None, &apos;size&apos;: 13.289999999999964, &apos;value&apos;: &apos;.&apos;, &apos;children&apos;: [], &apos;features&apos;: {}}, {&apos;type&apos;: &apos;text&apos;, &apos;bbox&apos;: (341.515, 707.24, 344.28499999999997, 720.53), &apos;color_space&apos;: &apos;DeviceGray&apos;, &apos;ncolor&apos;: None, &apos;size&apos;: 13.289999999999964, &apos;value&apos;: &apos;.&apos;, &apos;children&apos;: [], &apos;features&apos;: {}}, {&apos;type&apos;: &apos;text&apos;, &apos;bbox&apos;: (344.285, 707.24, 347.055, 720.53), &apos;color_space&apos;: &apos;DeviceGray&apos;, &apos;ncolor&apos;: None, &apos;size&apos;: 13.289999999999964, &apos;value&apos;: &apos;.&apos;, &apos;children&apos;: [], &apos;features&apos;: {}}, {&apos;type&apos;: &apos;text&apos;, &apos;bbox&apos;: (347.055, 707.24, 349.825, 720.53), &apos;color_space&apos;: &apos;DeviceGray&apos;, &apos;ncolor&apos;: None, &apos;size&apos;: 13.289999999999964, &apos;value&apos;: &apos;.&apos;, &apos;children&apos;: [], &apos;features&apos;: {}}, {&apos;type&apos;: &apos;text&apos;, &apos;bbox&apos;: (349.825, 707.24, 352.59499999999997, 720.53), &apos;color_space&apos;: &apos;DeviceGray&apos;, &apos;ncolor&apos;: None, &apos;size&apos;: 13.289999999999964, &apos;value&apos;: &apos;.&apos;, &apos;children&apos;: [], &apos;features&apos;: {}}, {&apos;type&apos;: &apos;text&apos;, &apos;bbox&apos;: (352.595, 707.24, 355.365, 720.53), &apos;color_space&apos;: &apos;DeviceGray&apos;, &apos;ncolor&apos;: None, &apos;size&apos;: 13.289999999999964, &apos;value&apos;: &apos;.&apos;, &apos;children&apos;: [], &apos;features&apos;: {}}, {&apos;type&apos;: &apos;text&apos;, &apos;bbox&apos;: (355.365, 707.24, 358.135, 720.53), &apos;color_space&apos;: &apos;DeviceGray&apos;, &apos;ncolor&apos;: None, &apos;size&apos;: 13.289999999999964, &apos;value&apos;: &apos;.&apos;, &apos;children&apos;: [], &apos;features&apos;: {}}, {&apos;type&apos;: &apos;text&apos;, &apos;bbox&apos;: (358.135, 707.24, 360.905, 720.53), &apos;color_space&apos;: &apos;DeviceGray&apos;, &apos;ncolor&apos;: None, &apos;size&apos;: 13.289999999999964, &apos;value&apos;: &apos;.&apos;, &apos;children&apos;: [], &apos;features&apos;: {}}, {&apos;type&apos;: &apos;text&apos;, &apos;bbox&apos;: (360.905, 707.24, 363.67499999999995, 720.53), &apos;color_space&apos;: &apos;DeviceGray&apos;, &apos;ncolor&apos;: None, &apos;size&apos;: 13.289999999999964, &apos;value&apos;: &apos;.&apos;, &apos;children&apos;: [], &apos;features&apos;: {}}, {&apos;type&apos;: &apos;text&apos;, &apos;bbox&apos;: (363.67499999999995, 707.24, 366.44499999999994, 720.53), &apos;color_space&apos;: &apos;DeviceGray&apos;, &apos;ncolor&apos;: None, &apos;size&apos;: 13.289999999999964, &apos;value&apos;: &apos;.&apos;, &apos;children&apos;: [], &apos;features&apos;: {}}, {&apos;type&apos;: &apos;text&apos;, &apos;bbox&apos;: (366.445, 707.24, 369.215, 720.53), &apos;color_space&apos;: &apos;DeviceGray&apos;, &apos;ncolor&apos;: None, &apos;size&apos;: 13.289999999999964, &apos;value&apos;: &apos;.&apos;, &apos;children&apos;: [], &apos;features&apos;: {}}, {&apos;type&apos;: &apos;text&apos;, &apos;bbox&apos;: (369.215, 707.24, 371.98499999999996, 720.53), &apos;color_space&apos;: &apos;DeviceGray&apos;, &apos;ncolor&apos;: None, &apos;size&apos;: 13.289999999999964, &apos;value&apos;: &apos;.&apos;, &apos;children&apos;: [], &apos;features&apos;: {}}, {&apos;type&apos;: &apos;text&apos;, &apos;bbox&apos;: (371.98499999999996, 707.24, 374.75499999999994, 720.53), &apos;color_space&apos;: &apos;DeviceGray&apos;, &apos;ncolor&apos;: None, &apos;size&apos;: 13.289999999999964, &apos;value&apos;: &apos;.&apos;, &apos;children&apos;: [], &apos;features&apos;: {}}, {&apos;type&apos;: &apos;text&apos;, &apos;bbox&apos;: (374.755, 707.24, 377.525, 720.53), &apos;color_space&apos;: &apos;DeviceGray&apos;, &apos;ncolor&apos;: None, &apos;size&apos;: 13.289999999999964, &apos;value&apos;: &apos;.&apos;, &apos;children&apos;: [], &apos;features&apos;: {}}, {&apos;type&apos;: &apos;text&apos;, &apos;bbox&apos;: (377.525, 707.24, 380.29499999999996, 720.53), &apos;color_space&apos;: &apos;DeviceGray&apos;, &apos;ncolor&apos;: None, &apos;size&apos;: 13.289999999999964, &apos;value&apos;: &apos;.&apos;, &apos;children&apos;: [], &apos;features&apos;: {}}, {&apos;type&apos;: &apos;text&apos;, &apos;bbox&apos;: (380.29499999999996, 707.24, 383.06499999999994, 720.53), &apos;color_space&apos;: &apos;DeviceGray&apos;, &apos;ncolor&apos;: None, &apos;size&apos;: 13.289999999999964, &apos;value&apos;: &apos;.&apos;, &apos;children&apos;: [], &apos;features&apos;: {}}, {&apos;type&apos;: &apos;text&apos;, &apos;bbox&apos;: (383.06499999999994, 707.24, 385.8349999999999, 720.53), &apos;color_space&apos;: &apos;DeviceGray&apos;, &apos;ncolor&apos;: None, &apos;size&apos;: 13.289999999999964, &apos;value&apos;: &apos;.&apos;, &apos;children&apos;: [], &apos;features&apos;: {}}, {&apos;type&apos;: &apos;text&apos;, &apos;bbox&apos;: (385.8349999999999, 707.24, 388.6049999999999, 720.53), &apos;color_space&apos;: &apos;DeviceGray&apos;, &apos;ncolor&apos;: None, &apos;size&apos;: 13.289999999999964, &apos;value&apos;: &apos;.&apos;, &apos;children&apos;: [], &apos;features&apos;: {}}, {&apos;type&apos;: &apos;text&apos;, &apos;bbox&apos;: (388.60499999999996, 707.24, 391.37499999999994, 720.53), &apos;color_space&apos;: &apos;DeviceGray&apos;, &apos;ncolor&apos;: None, &apos;size&apos;: 13.289999999999964, &apos;value&apos;: &apos;.&apos;, &apos;children&apos;: [], &apos;features&apos;: {}}, {&apos;type&apos;: &apos;text&apos;, &apos;bbox&apos;: (391.375, 707.24, 394.145, 720.53), &apos;color_space&apos;: &apos;DeviceGray&apos;, &apos;ncolor&apos;: None, &apos;size&apos;: 13.289999999999964, &apos;value&apos;: &apos;.&apos;, &apos;children&apos;: [], &apos;features&apos;: {}}, {&apos;type&apos;: &apos;text&apos;, &apos;bbox&apos;: (394.145, 707.24, 396.91499999999996, 720.53), &apos;color_space&apos;: &apos;DeviceGray&apos;, &apos;ncolor&apos;: None, &apos;size&apos;: 13.289999999999964, &apos;value&apos;: &apos;.&apos;, &apos;children&apos;: [], &apos;features&apos;: {}}, {&apos;type&apos;: &apos;text&apos;, &apos;bbox&apos;: (396.91499999999996, 707.24, 399.68499999999995, 720.53), &apos;color_space&apos;: &apos;DeviceGray&apos;, &apos;ncolor&apos;: None, &apos;size&apos;: 13.289999999999964, &apos;value&apos;: &apos;.&apos;, &apos;children&apos;: [], &apos;features&apos;: {}}, {&apos;type&apos;: &apos;text&apos;, &apos;bbox&apos;: (399.685, 707.24, 402.455, 720.53), &apos;color_space&apos;: &apos;DeviceGray&apos;, &apos;ncolor&apos;: None, &apos;size&apos;: 13.289999999999964, &apos;value&apos;: &apos;.&apos;, &apos;children&apos;: [], &apos;features&apos;: {}}, {&apos;type&apos;: &apos;text&apos;, &apos;bbox&apos;: (402.45500000000004, 707.24, 405.225, 720.53), &apos;color_space&apos;: &apos;DeviceGray&apos;, &apos;ncolor&apos;: None, &apos;size&apos;: 13.289999999999964, &apos;value&apos;: &apos;.&apos;, &apos;children&apos;: [], &apos;features&apos;: {}}, {&apos;type&apos;: &apos;text&apos;, &apos;bbox&apos;: (405.225, 707.24, 407.995, 720.53), &apos;color_space&apos;: &apos;DeviceGray&apos;, &apos;ncolor&apos;: None, &apos;size&apos;: 13.289999999999964, &apos;value&apos;: &apos;.&apos;, &apos;children&apos;: [], &apos;features&apos;: {}}, {&apos;type&apos;: &apos;text&apos;, &apos;bbox&apos;: (407.995, 707.24, 410.765, 720.53), &apos;color_space&apos;: &apos;DeviceGray&apos;, &apos;ncolor&apos;: None, &apos;size&apos;: 13.289999999999964, &apos;value&apos;: &apos;.&apos;, &apos;children&apos;: [], &apos;features&apos;: {}}, {&apos;type&apos;: &apos;text&apos;, &apos;bbox&apos;: (410.76500000000004, 707.24, 413.535, 720.53), &apos;color_space&apos;: &apos;DeviceGray&apos;, &apos;ncolor&apos;: None, &apos;size&apos;: 13.289999999999964, &apos;value&apos;: &apos;.&apos;, &apos;children&apos;: [], &apos;features&apos;: {}}, {&apos;type&apos;: &apos;text&apos;, &apos;bbox&apos;: (413.5350000000001, 707.24, 416.30500000000006, 720.53), &apos;color_space&apos;: &apos;DeviceGray&apos;, &apos;ncolor&apos;: None, &apos;size&apos;: 13.289999999999964, &apos;value&apos;: &apos;.&apos;, &apos;children&apos;: [], &apos;features&apos;: {}}, {&apos;type&apos;: &apos;text&apos;, &apos;bbox&apos;: (416.30500000000006, 707.24, 419.07500000000005, 720.53), &apos;color_space&apos;: &apos;DeviceGray&apos;, &apos;ncolor&apos;: None, &apos;size&apos;: 13.289999999999964, &apos;value&apos;: &apos;.&apos;, &apos;children&apos;: [], &apos;features&apos;: {}}, {&apos;type&apos;: &apos;text&apos;, &apos;bbox&apos;: (419.07500000000005, 707.24, 421.845, 720.53), &apos;color_space&apos;: &apos;DeviceGray&apos;, &apos;ncolor&apos;: None, &apos;size&apos;: 13.289999999999964, &apos;value&apos;: &apos;.&apos;, &apos;children&apos;: [], &apos;features&apos;: {}}, {&apos;type&apos;: &apos;text&apos;, &apos;bbox&apos;: (421.8450000000001, 707.24, 424.61500000000007, 720.53), &apos;color_space&apos;: &apos;DeviceGray&apos;, &apos;ncolor&apos;: None, &apos;size&apos;: 13.289999999999964, &apos;value&apos;: &apos;.&apos;, &apos;children&apos;: [], &apos;features&apos;: {}}, {&apos;type&apos;: &apos;text&apos;, &apos;bbox&apos;: (424.6150000000001, 707.24, 427.3850000000001, 720.53), &apos;color_space&apos;: &apos;DeviceGray&apos;, &apos;ncolor&apos;: None, &apos;size&apos;: 13.289999999999964, &apos;value&apos;: &apos;.&apos;, &apos;children&apos;: [], &apos;features&apos;: {}}, {&apos;type&apos;: &apos;text&apos;, &apos;bbox&apos;: (427.3850000000001, 707.24, 430.1550000000001, 720.53), &apos;color_space&apos;: &apos;DeviceGray&apos;, &apos;ncolor&apos;: None, &apos;size&apos;: 13.289999999999964, &apos;value&apos;: &apos;.&apos;, &apos;children&apos;: [], &apos;features&apos;: {}}, {&apos;type&apos;: &apos;text&apos;, &apos;bbox&apos;: (430.1550000000001, 707.24, 432.92500000000007, 720.53), &apos;color_space&apos;: &apos;DeviceGray&apos;, &apos;ncolor&apos;: None, &apos;size&apos;: 13.289999999999964, &apos;value&apos;: &apos;.&apos;, &apos;children&apos;: [], &apos;features&apos;: {}}, {&apos;type&apos;: &apos;text&apos;, &apos;bbox&apos;: (432.9250000000001, 707.24, 435.6950000000001, 720.53), &apos;color_space&apos;: &apos;DeviceGray&apos;, &apos;ncolor&apos;: None, &apos;size&apos;: 13.289999999999964, &apos;value&apos;: &apos;.&apos;, &apos;children&apos;: [], &apos;features&apos;: {}}, {&apos;type&apos;: &apos;text&apos;, &apos;bbox&apos;: (435.69500000000016, 707.24, 438.46500000000015, 720.53), &apos;color_space&apos;: &apos;DeviceGray&apos;, &apos;ncolor&apos;: None, &apos;size&apos;: 13.289999999999964, &apos;value&apos;: &apos;.&apos;, &apos;children&apos;: [], &apos;features&apos;: {}}, {&apos;type&apos;: &apos;text&apos;, &apos;bbox&apos;: (438.46500000000015, 707.24, 441.2350000000001, 720.53), &apos;color_space&apos;: &apos;DeviceGray&apos;, &apos;ncolor&apos;: None, &apos;size&apos;: 13.289999999999964, &apos;value&apos;: &apos;.&apos;, &apos;children&apos;: [], &apos;features&apos;: {}}, {&apos;type&apos;: &apos;text&apos;, &apos;bbox&apos;: (441.2350000000001, 707.24, 444.0050000000001, 720.53), &apos;color_space&apos;: &apos;DeviceGray&apos;, &apos;ncolor&apos;: None, &apos;size&apos;: 13.289999999999964, &apos;value&apos;: &apos;.&apos;, &apos;children&apos;: [], &apos;features&apos;: {}}, {&apos;type&apos;: &apos;text&apos;, &apos;bbox&apos;: (444.00500000000017, 707.24, 446.77500000000015, 720.53), &apos;color_space&apos;: &apos;DeviceGray&apos;, &apos;ncolor&apos;: None, &apos;size&apos;: 13.289999999999964, &apos;value&apos;: &apos;.&apos;, &apos;children&apos;: [], &apos;features&apos;: {}}, {&apos;type&apos;: &apos;text&apos;, &apos;bbox&apos;: (446.7750000000002, 707.24, 449.5450000000002, 720.53), &apos;color_space&apos;: &apos;DeviceGray&apos;, &apos;ncolor&apos;: None, &apos;size&apos;: 13.289999999999964, &apos;value&apos;: &apos;.&apos;, &apos;children&apos;: [], &apos;features&apos;: {}}, {&apos;type&apos;: &apos;text&apos;, &apos;bbox&apos;: (449.5450000000002, 707.24, 452.31500000000017, 720.53), &apos;color_space&apos;: &apos;DeviceGray&apos;, &apos;ncolor&apos;: None, &apos;size&apos;: 13.289999999999964, &apos;value&apos;: &apos;.&apos;, &apos;children&apos;: [], &apos;features&apos;: {}}, {&apos;type&apos;: &apos;text&apos;, &apos;bbox&apos;: (452.31500000000017, 707.24, 455.08500000000015, 720.53), &apos;color_space&apos;: &apos;DeviceGray&apos;, &apos;ncolor&apos;: None, &apos;size&apos;: 13.289999999999964, &apos;value&apos;: &apos;.&apos;, &apos;children&apos;: [], &apos;features&apos;: {}}, {&apos;type&apos;: &apos;text&apos;, &apos;bbox&apos;: (455.0850000000002, 707.24, 457.8550000000002, 720.53), &apos;color_space&apos;: &apos;DeviceGray&apos;, &apos;ncolor&apos;: None, &apos;size&apos;: 13.289999999999964, &apos;value&apos;: &apos;.&apos;, &apos;children&apos;: [], &apos;features&apos;: {}}, {&apos;type&apos;: &apos;text&apos;, &apos;bbox&apos;: (457.85500000000025, 707.24, 460.6250000000002, 720.53), &apos;color_space&apos;: &apos;DeviceGray&apos;, &apos;ncolor&apos;: None, &apos;size&apos;: 13.289999999999964, &apos;value&apos;: &apos;.&apos;, &apos;children&apos;: [], &apos;features&apos;: {}}, {&apos;type&apos;: &apos;text&apos;, &apos;bbox&apos;: (460.6250000000002, 707.24, 463.3950000000002, 720.53), &apos;color_space&apos;: &apos;DeviceGray&apos;, &apos;ncolor&apos;: None, &apos;size&apos;: 13.289999999999964, &apos;value&apos;: &apos;.&apos;, &apos;children&apos;: [], &apos;features&apos;: {}}, {&apos;type&apos;: &apos;text&apos;, &apos;bbox&apos;: (463.3950000000002, 707.24, 466.1650000000002, 720.53), &apos;color_space&apos;: &apos;DeviceGray&apos;, &apos;ncolor&apos;: None, &apos;size&apos;: 13.289999999999964, &apos;value&apos;: &apos;.&apos;, &apos;children&apos;: [], &apos;features&apos;: {}}, {&apos;type&apos;: &apos;text&apos;, &apos;bbox&apos;: (466.16500000000025, 707.24, 468.93500000000023, 720.53), &apos;color_space&apos;: &apos;DeviceGray&apos;, &apos;ncolor&apos;: None, &apos;size&apos;: 13.289999999999964, &apos;value&apos;: &apos;.&apos;, &apos;children&apos;: [], &apos;features&apos;: {}}, {&apos;type&apos;: &apos;text&apos;, &apos;bbox&apos;: (468.9350000000003, 707.24, 471.70500000000027, 720.53), &apos;color_space&apos;: &apos;DeviceGray&apos;, &apos;ncolor&apos;: None, &apos;size&apos;: 13.289999999999964, &apos;value&apos;: &apos;.&apos;, &apos;children&apos;: [], &apos;features&apos;: {}}, {&apos;type&apos;: &apos;text&apos;, &apos;bbox&apos;: (471.70500000000027, 707.24, 474.47500000000025, 720.53), &apos;color_space&apos;: &apos;DeviceGray&apos;, &apos;ncolor&apos;: None, &apos;size&apos;: 13.289999999999964, &apos;value&apos;: &apos;.&apos;, &apos;children&apos;: [], &apos;features&apos;: {}}, {&apos;type&apos;: &apos;text&apos;, &apos;bbox&apos;: (474.47500000000025, 707.24, 477.24500000000023, 720.53), &apos;color_space&apos;: &apos;DeviceGray&apos;, &apos;ncolor&apos;: None, &apos;size&apos;: 13.289999999999964, &apos;value&apos;: &apos;.&apos;, &apos;children&apos;: [], &apos;features&apos;: {}}, {&apos;type&apos;: &apos;text&apos;, &apos;bbox&apos;: (477.2450000000003, 707.24, 480.01500000000027, 720.53), &apos;color_space&apos;: &apos;DeviceGray&apos;, &apos;ncolor&apos;: None, &apos;size&apos;: 13.289999999999964, &apos;value&apos;: &apos;.&apos;, &apos;children&apos;: [], &apos;features&apos;: {}}, {&apos;type&apos;: &apos;text&apos;, &apos;bbox&apos;: (480.0150000000003, 707.24, 482.7850000000003, 720.53), &apos;color_space&apos;: &apos;DeviceGray&apos;, &apos;ncolor&apos;: None, &apos;size&apos;: 13.289999999999964, &apos;value&apos;: &apos;.&apos;, &apos;children&apos;: [], &apos;features&apos;: {}}, {&apos;type&apos;: &apos;text&apos;, &apos;bbox&apos;: (482.7850000000003, 707.24, 485.5550000000003, 720.53), &apos;color_space&apos;: &apos;DeviceGray&apos;, &apos;ncolor&apos;: None, &apos;size&apos;: 13.289999999999964, &apos;value&apos;: &apos;.&apos;, &apos;children&apos;: [], &apos;features&apos;: {}}, {&apos;type&apos;: &apos;text&apos;, &apos;bbox&apos;: (485.5550000000003, 707.24, 488.3250000000003, 720.53), &apos;color_space&apos;: &apos;DeviceGray&apos;, &apos;ncolor&apos;: None, &apos;size&apos;: 13.289999999999964, &apos;value&apos;: &apos;.&apos;, &apos;children&apos;: [], &apos;features&apos;: {}}, {&apos;type&apos;: &apos;text&apos;, &apos;bbox&apos;: (488.32500000000033, 707.24, 491.0950000000003, 720.53), &apos;color_space&apos;: &apos;DeviceGray&apos;, &apos;ncolor&apos;: None, &apos;size&apos;: 13.289999999999964, &apos;value&apos;: &apos;.&apos;, &apos;children&apos;: [], &apos;features&apos;: {}}, {&apos;type&apos;: &apos;text&apos;, &apos;bbox&apos;: (491.09500000000037, 707.24, 493.86500000000035, 720.53), &apos;color_space&apos;: &apos;DeviceGray&apos;, &apos;ncolor&apos;: None, &apos;size&apos;: 13.289999999999964, &apos;value&apos;: &apos;.&apos;, &apos;children&apos;: [], &apos;features&apos;: {}}, {&apos;type&apos;: &apos;text&apos;, &apos;bbox&apos;: (493.86500000000035, 707.24, 496.63500000000033, 720.53), &apos;color_space&apos;: &apos;DeviceGray&apos;, &apos;ncolor&apos;: None, &apos;size&apos;: 13.289999999999964, &apos;value&apos;: &apos;.&apos;, &apos;children&apos;: [], &apos;features&apos;: {}}, {&apos;type&apos;: &apos;text&apos;, &apos;bbox&apos;: (496.63500000000033, 707.24, 499.4050000000003, 720.53), &apos;color_space&apos;: &apos;DeviceGray&apos;, &apos;ncolor&apos;: None, &apos;size&apos;: 13.289999999999964, &apos;value&apos;: &apos;.&apos;, &apos;children&apos;: [], &apos;features&apos;: {}}, {&apos;type&apos;: &apos;text&apos;, &apos;bbox&apos;: (499.40500000000037, 707.24, 502.17500000000035, 720.53), &apos;color_space&apos;: &apos;DeviceGray&apos;, &apos;ncolor&apos;: None, &apos;size&apos;: 13.289999999999964, &apos;value&apos;: &apos;.&apos;, &apos;children&apos;: [], &apos;features&apos;: {}}, {&apos;type&apos;: &apos;text&apos;, &apos;bbox&apos;: (502.1750000000004, 707.24, 504.9450000000004, 720.53), &apos;color_space&apos;: &apos;DeviceGray&apos;, &apos;ncolor&apos;: None, &apos;size&apos;: 13.289999999999964, &apos;value&apos;: &apos;.&apos;, &apos;children&apos;: [], &apos;features&apos;: {}}, {&apos;type&apos;: &apos;text&apos;, &apos;bbox&apos;: (504.9450000000004, 707.24, 507.7150000000004, 720.53), &apos;color_space&apos;: &apos;DeviceGray&apos;, &apos;ncolor&apos;: None, &apos;size&apos;: 13.289999999999964, &apos;value&apos;: &apos;.&apos;, &apos;children&apos;: [], &apos;features&apos;: {}}, {&apos;type&apos;: &apos;text&apos;, &apos;bbox&apos;: (507.7150000000004, 707.24, 510.48500000000035, 720.53), &apos;color_space&apos;: &apos;DeviceGray&apos;, &apos;ncolor&apos;: None, &apos;size&apos;: 13.289999999999964, &apos;value&apos;: &apos;.&apos;, &apos;children&apos;: [], &apos;features&apos;: {}}, {&apos;type&apos;: &apos;text&apos;, &apos;bbox&apos;: (510.4850000000004, 707.24, 513.2550000000005, 720.53), &apos;color_space&apos;: &apos;DeviceGray&apos;, &apos;ncolor&apos;: None, &apos;size&apos;: 13.289999999999964, &apos;value&apos;: &apos;.&apos;, &apos;children&apos;: [], &apos;features&apos;: {}}, {&apos;type&apos;: &apos;text&apos;, &apos;bbox&apos;: (513.2550000000005, 707.24, 516.0250000000004, 720.53), &apos;color_space&apos;: &apos;DeviceGray&apos;, &apos;ncolor&apos;: None, &apos;size&apos;: 13.289999999999964, &apos;value&apos;: &apos;.&apos;, &apos;children&apos;: [], &apos;features&apos;: {}}, {&apos;type&apos;: &apos;text&apos;, &apos;bbox&apos;: (516.0250000000004, 707.24, 518.7950000000004, 720.53), &apos;color_space&apos;: &apos;DeviceGray&apos;, &apos;ncolor&apos;: None, &apos;size&apos;: 13.289999999999964, &apos;value&apos;: &apos;.&apos;, &apos;children&apos;: [], &apos;features&apos;: {}}, {&apos;type&apos;: &apos;text&apos;, &apos;bbox&apos;: (518.7950000000004, 707.24, 521.5650000000004, 720.53), &apos;color_space&apos;: &apos;DeviceGray&apos;, &apos;ncolor&apos;: None, &apos;size&apos;: 13.289999999999964, &apos;value&apos;: &apos;.&apos;, &apos;children&apos;: [], &apos;features&apos;: {}}, {&apos;type&apos;: &apos;text&apos;, &apos;bbox&apos;: (521.5650000000004, 707.24, 524.3350000000004, 720.53), &apos;color_space&apos;: &apos;DeviceGray&apos;, &apos;ncolor&apos;: None, &apos;size&apos;: 13.289999999999964, &apos;value&apos;: &apos;.&apos;, &apos;children&apos;: [], &apos;features&apos;: {}}, {&apos;type&apos;: &apos;text&apos;, &apos;bbox&apos;: (525.548, 707.24, 531.108, 720.53), &apos;color_space&apos;: &apos;DeviceGray&apos;, &apos;ncolor&apos;: None, &apos;size&apos;: 13.289999999999964, &apos;value&apos;: &apos;7&apos;, &apos;children&apos;: [], &apos;features&apos;: {}}, {&apos;type&apos;: &apos;text&apos;, &apos;bbox&apos;: (531.108, 707.24, 534.438, 720.53), &apos;color_space&apos;: &apos;DeviceGray&apos;, &apos;ncolor&apos;: None, &apos;size&apos;: 13.289999999999964, &apos;value&apos;: &apos;-&apos;, &apos;children&apos;: [], &apos;features&apos;: {}}, {&apos;type&apos;: &apos;text&apos;, &apos;bbox&apos;: (534.439, 707.24, 539.9989999999999, 720.53), &apos;color_space&apos;: &apos;DeviceGray&apos;, &apos;ncolor&apos;: None, &apos;size&apos;: 13.289999999999964, &apos;value&apos;: &apos;9&apos;, &apos;children&apos;: [], &apos;features&apos;: {}}], &apos;features&apos;: {}}
*********************





--------------------------------- CONTENT AREA --------------------------------- 
This content area has an image
{&apos;type&apos;: &apos;figure&apos;, &apos;bbox&apos;: (0, 0, 612.0, 792.0), &apos;name&apos;: &apos;fx48&apos;, &apos;children&apos;: [{&apos;type&apos;: &apos;text&apos;, &apos;bbox&apos;: (114.0, 691.019, 122.31, 704.499), &apos;color_space&apos;: &apos;DeviceGray&apos;, &apos;ncolor&apos;: None, &apos;size&apos;: 13.480000000000018, &apos;value&apos;: &apos;D&apos;, &apos;children&apos;: [], &apos;features&apos;: {}}, {&apos;type&apos;: &apos;text&apos;, &apos;bbox&apos;: (122.31, 691.019, 126.2, 704.499), &apos;color_space&apos;: &apos;DeviceGray&apos;, &apos;ncolor&apos;: None, &apos;size&apos;: 13.480000000000018, &apos;value&apos;: &apos;I&apos;, &apos;children&apos;: [], &apos;features&apos;: {}}, {&apos;type&apos;: &apos;text&apos;, &apos;bbox&apos;: (126.2, 691.019, 136.2, 704.499), &apos;color_space&apos;: &apos;DeviceGray&apos;, &apos;ncolor&apos;: None, &apos;size&apos;: 13.480000000000018, &apos;value&apos;: &apos;M&apos;, &apos;children&apos;: [], &apos;features&apos;: {}}, {&apos;type&apos;: &apos;text&apos;, &apos;bbox&apos;: (136.2, 691.019, 141.2, 704.499), &apos;color_space&apos;: &apos;DeviceGray&apos;, &apos;ncolor&apos;: None, &apos;size&apos;: 13.480000000000018, &apos;value&apos;: &apos;_&apos;, &apos;children&apos;: [], &apos;features&apos;: {}}, {&apos;type&apos;: &apos;text&apos;, &apos;bbox&apos;: (141.2, 691.019, 149.53, 704.499), &apos;color_space&apos;: &apos;DeviceGray&apos;, &apos;ncolor&apos;: None, &apos;size&apos;: 13.480000000000018, &apos;value&apos;: &apos;G&apos;, &apos;children&apos;: [], &apos;features&apos;: {}}, {&apos;type&apos;: &apos;text&apos;, &apos;bbox&apos;: (149.53, 691.019, 155.58, 704.499), &apos;color_space&apos;: &apos;DeviceGray&apos;, &apos;ncolor&apos;: None, &apos;size&apos;: 13.480000000000018, &apos;value&apos;: &apos;E&apos;, &apos;children&apos;: [], &apos;features&apos;: {}}, {&apos;type&apos;: &apos;text&apos;, &apos;bbox&apos;: (155.57999999999998, 691.019, 163.91, 704.499), &apos;color_space&apos;: &apos;DeviceGray&apos;, &apos;ncolor&apos;: None, &apos;size&apos;: 13.480000000000018, &apos;value&apos;: &apos;N&apos;, &apos;children&apos;: [], &apos;features&apos;: {}}, {&apos;type&apos;: &apos;text&apos;, &apos;bbox&apos;: (163.91, 691.019, 169.96, 704.499), &apos;color_space&apos;: &apos;DeviceGray&apos;, &apos;ncolor&apos;: None, &apos;size&apos;: 13.480000000000018, &apos;value&apos;: &apos;E&apos;, &apos;children&apos;: [], &apos;features&apos;: {}}, {&apos;type&apos;: &apos;text&apos;, &apos;bbox&apos;: (169.95999999999998, 691.019, 177.08999999999997, 704.499), &apos;color_space&apos;: &apos;DeviceGray&apos;, &apos;ncolor&apos;: None, &apos;size&apos;: 13.480000000000018, &apos;value&apos;: &apos;R&apos;, &apos;children&apos;: [], &apos;features&apos;: {}}, {&apos;type&apos;: &apos;text&apos;, &apos;bbox&apos;: (177.09, 691.019, 184.86, 704.499), &apos;color_space&apos;: &apos;DeviceGray&apos;, &apos;ncolor&apos;: None, &apos;size&apos;: 13.480000000000018, &apos;value&apos;: &apos;A&apos;, &apos;children&apos;: [], &apos;features&apos;: {}}, {&apos;type&apos;: &apos;text&apos;, &apos;bbox&apos;: (184.86, 691.019, 190.91000000000003, 704.499), &apos;color_space&apos;: &apos;DeviceGray&apos;, &apos;ncolor&apos;: None, &apos;size&apos;: 13.480000000000018, &apos;value&apos;: &apos;L&apos;, &apos;children&apos;: [], &apos;features&apos;: {}}, {&apos;type&apos;: &apos;text&apos;, &apos;bbox&apos;: (190.91, 691.019, 195.91, 704.499), &apos;color_space&apos;: &apos;DeviceGray&apos;, &apos;ncolor&apos;: None, &apos;size&apos;: 13.480000000000018, &apos;value&apos;: &apos;_&apos;, &apos;children&apos;: [], &apos;features&apos;: {}}, {&apos;type&apos;: &apos;text&apos;, &apos;bbox&apos;: (195.91, 691.019, 201.96, 704.499), &apos;color_space&apos;: &apos;DeviceGray&apos;, &apos;ncolor&apos;: None, &apos;size&apos;: 13.480000000000018, &apos;value&apos;: &apos;L&apos;, &apos;children&apos;: [], &apos;features&apos;: {}}, {&apos;type&apos;: &apos;text&apos;, &apos;bbox&apos;: (201.95999999999998, 691.019, 208.01, 704.499), &apos;color_space&apos;: &apos;DeviceGray&apos;, &apos;ncolor&apos;: None, &apos;size&apos;: 13.480000000000018, &apos;value&apos;: &apos;E&apos;, &apos;children&apos;: [], &apos;features&apos;: {}}, {&apos;type&apos;: &apos;text&apos;, &apos;bbox&apos;: (208.01, 691.019, 216.32, 704.499), &apos;color_space&apos;: &apos;DeviceGray&apos;, &apos;ncolor&apos;: None, &apos;size&apos;: 13.480000000000018, &apos;value&apos;: &apos;D&apos;, &apos;children&apos;: [], &apos;features&apos;: {}}, {&apos;type&apos;: &apos;text&apos;, &apos;bbox&apos;: (216.32, 691.019, 224.65, 704.499), &apos;color_space&apos;: &apos;DeviceGray&apos;, &apos;ncolor&apos;: None, &apos;size&apos;: 13.480000000000018, &apos;value&apos;: &apos;G&apos;, &apos;children&apos;: [], &apos;features&apos;: {}}, {&apos;type&apos;: &apos;text&apos;, &apos;bbox&apos;: (224.64999999999998, 691.019, 230.7, 704.499), &apos;color_space&apos;: &apos;DeviceGray&apos;, &apos;ncolor&apos;: None, &apos;size&apos;: 13.480000000000018, &apos;value&apos;: &apos;E&apos;, &apos;children&apos;: [], &apos;features&apos;: {}}, {&apos;type&apos;: &apos;text&apos;, &apos;bbox&apos;: (230.7, 691.019, 237.82999999999998, 704.499), &apos;color_space&apos;: &apos;DeviceGray&apos;, &apos;ncolor&apos;: None, &apos;size&apos;: 13.480000000000018, &apos;value&apos;: &apos;R&apos;, &apos;children&apos;: [], &apos;features&apos;: {}}, {&apos;type&apos;: &apos;text&apos;, &apos;bbox&apos;: (237.82999999999998, 691.019, 242.82999999999998, 704.499), &apos;color_space&apos;: &apos;DeviceGray&apos;, &apos;ncolor&apos;: None, &apos;size&apos;: 13.480000000000018, &apos;value&apos;: &apos;_&apos;, &apos;children&apos;: [], &apos;features&apos;: {}}, {&apos;type&apos;: &apos;text&apos;, &apos;bbox&apos;: (242.82999999999998, 691.019, 250.6, 704.499), &apos;color_space&apos;: &apos;DeviceGray&apos;, &apos;ncolor&apos;: None, &apos;size&apos;: 13.480000000000018, &apos;value&apos;: &apos;A&apos;, &apos;children&apos;: [], &apos;features&apos;: {}}, {&apos;type&apos;: &apos;text&apos;, &apos;bbox&apos;: (250.6, 691.019, 257.26, 704.499), &apos;color_space&apos;: &apos;DeviceGray&apos;, &apos;ncolor&apos;: None, &apos;size&apos;: 13.480000000000018, &apos;value&apos;: &apos;T&apos;, &apos;children&apos;: [], &apos;features&apos;: {}}, {&apos;type&apos;: &apos;text&apos;, &apos;bbox&apos;: (257.26, 691.019, 263.92, 704.499), &apos;color_space&apos;: &apos;DeviceGray&apos;, &apos;ncolor&apos;: None, &apos;size&apos;: 13.480000000000018, &apos;value&apos;: &apos;T&apos;, &apos;children&apos;: [], &apos;features&apos;: {}}, {&apos;type&apos;: &apos;text&apos;, &apos;bbox&apos;: (263.91999999999996, 691.019, 271.04999999999995, 704.499), &apos;color_space&apos;: &apos;DeviceGray&apos;, &apos;ncolor&apos;: None, &apos;size&apos;: 13.480000000000018, &apos;value&apos;: &apos;R&apos;, &apos;children&apos;: [], &apos;features&apos;: {}}, {&apos;type&apos;: &apos;text&apos;, &apos;bbox&apos;: (271.172, 691.749, 273.942, 705.039), &apos;color_space&apos;: &apos;DeviceGray&apos;, &apos;ncolor&apos;: None, &apos;size&apos;: 13.289999999999964, &apos;value&apos;: &apos;.&apos;, &apos;children&apos;: [], &apos;features&apos;: {}}, {&apos;type&apos;: &apos;text&apos;, &apos;bbox&apos;: (273.942, 691.749, 276.712, 705.039), &apos;color_space&apos;: &apos;DeviceGray&apos;, &apos;ncolor&apos;: None, &apos;size&apos;: 13.289999999999964, &apos;value&apos;: &apos;.&apos;, &apos;children&apos;: [], &apos;features&apos;: {}}, {&apos;type&apos;: &apos;text&apos;, &apos;bbox&apos;: (276.71200000000005, 691.749, 279.482, 705.039), &apos;color_space&apos;: &apos;DeviceGray&apos;, &apos;ncolor&apos;: None, &apos;size&apos;: 13.289999999999964, &apos;value&apos;: &apos;.&apos;, &apos;children&apos;: [], &apos;features&apos;: {}}, {&apos;type&apos;: &apos;text&apos;, &apos;bbox&apos;: (279.482, 691.749, 282.252, 705.039), &apos;color_space&apos;: &apos;DeviceGray&apos;, &apos;ncolor&apos;: None, &apos;size&apos;: 13.289999999999964, &apos;value&apos;: &apos;.&apos;, &apos;children&apos;: [], &apos;features&apos;: {}}, {&apos;type&apos;: &apos;text&apos;, &apos;bbox&apos;: (282.252, 691.749, 285.022, 705.039), &apos;color_space&apos;: &apos;DeviceGray&apos;, &apos;ncolor&apos;: None, &apos;size&apos;: 13.289999999999964, &apos;value&apos;: &apos;.&apos;, &apos;children&apos;: [], &apos;features&apos;: {}}, {&apos;type&apos;: &apos;text&apos;, &apos;bbox&apos;: (285.02200000000005, 691.749, 287.79200000000003, 705.039), &apos;color_space&apos;: &apos;DeviceGray&apos;, &apos;ncolor&apos;: None, &apos;size&apos;: 13.289999999999964, &apos;value&apos;: &apos;.&apos;, &apos;children&apos;: [], &apos;features&apos;: {}}, {&apos;type&apos;: &apos;text&apos;, &apos;bbox&apos;: (287.79200000000003, 691.749, 290.562, 705.039), &apos;color_space&apos;: &apos;DeviceGray&apos;, &apos;ncolor&apos;: None, &apos;size&apos;: 13.289999999999964, &apos;value&apos;: &apos;.&apos;, &apos;children&apos;: [], &apos;features&apos;: {}}, {&apos;type&apos;: &apos;text&apos;, &apos;bbox&apos;: (290.562, 691.749, 293.332, 705.039), &apos;color_space&apos;: &apos;DeviceGray&apos;, &apos;ncolor&apos;: None, &apos;size&apos;: 13.289999999999964, &apos;value&apos;: &apos;.&apos;, &apos;children&apos;: [], &apos;features&apos;: {}}, {&apos;type&apos;: &apos;text&apos;, &apos;bbox&apos;: (293.33200000000005, 691.749, 296.10200000000003, 705.039), &apos;color_space&apos;: &apos;DeviceGray&apos;, &apos;ncolor&apos;: None, &apos;size&apos;: 13.289999999999964, &apos;value&apos;: &apos;.&apos;, &apos;children&apos;: [], &apos;features&apos;: {}}, {&apos;type&apos;: &apos;text&apos;, &apos;bbox&apos;: (296.10200000000003, 691.749, 298.872, 705.039), &apos;color_space&apos;: &apos;DeviceGray&apos;, &apos;ncolor&apos;: None, &apos;size&apos;: 13.289999999999964, &apos;value&apos;: &apos;.&apos;, &apos;children&apos;: [], &apos;features&apos;: {}}, {&apos;type&apos;: &apos;text&apos;, &apos;bbox&apos;: (298.872, 691.749, 301.642, 705.039), &apos;color_space&apos;: &apos;DeviceGray&apos;, &apos;ncolor&apos;: None, &apos;size&apos;: 13.289999999999964, &apos;value&apos;: &apos;.&apos;, &apos;children&apos;: [], &apos;features&apos;: {}}, {&apos;type&apos;: &apos;text&apos;, &apos;bbox&apos;: (301.64200000000005, 691.749, 304.41200000000003, 705.039), &apos;color_space&apos;: &apos;DeviceGray&apos;, &apos;ncolor&apos;: None, &apos;size&apos;: 13.289999999999964, &apos;value&apos;: &apos;.&apos;, &apos;children&apos;: [], &apos;features&apos;: {}}, {&apos;type&apos;: &apos;text&apos;, &apos;bbox&apos;: (304.41200000000003, 691.749, 307.182, 705.039), &apos;color_space&apos;: &apos;DeviceGray&apos;, &apos;ncolor&apos;: None, &apos;size&apos;: 13.289999999999964, &apos;value&apos;: &apos;.&apos;, &apos;children&apos;: [], &apos;features&apos;: {}}, {&apos;type&apos;: &apos;text&apos;, &apos;bbox&apos;: (307.182, 691.749, 309.952, 705.039), &apos;color_space&apos;: &apos;DeviceGray&apos;, &apos;ncolor&apos;: None, &apos;size&apos;: 13.289999999999964, &apos;value&apos;: &apos;.&apos;, &apos;children&apos;: [], &apos;features&apos;: {}}, {&apos;type&apos;: &apos;text&apos;, &apos;bbox&apos;: (309.95200000000006, 691.749, 312.72200000000004, 705.039), &apos;color_space&apos;: &apos;DeviceGray&apos;, &apos;ncolor&apos;: None, &apos;size&apos;: 13.289999999999964, &apos;value&apos;: &apos;.&apos;, &apos;children&apos;: [], &apos;features&apos;: {}}, {&apos;type&apos;: &apos;text&apos;, &apos;bbox&apos;: (312.72200000000004, 691.749, 315.492, 705.039), &apos;color_space&apos;: &apos;DeviceGray&apos;, &apos;ncolor&apos;: None, &apos;size&apos;: 13.289999999999964, &apos;value&apos;: &apos;.&apos;, &apos;children&apos;: [], &apos;features&apos;: {}}, {&apos;type&apos;: &apos;text&apos;, &apos;bbox&apos;: (315.492, 691.749, 318.262, 705.039), &apos;color_space&apos;: &apos;DeviceGray&apos;, &apos;ncolor&apos;: None, &apos;size&apos;: 13.289999999999964, &apos;value&apos;: &apos;.&apos;, &apos;children&apos;: [], &apos;features&apos;: {}}, {&apos;type&apos;: &apos;text&apos;, &apos;bbox&apos;: (318.26200000000006, 691.749, 321.03200000000004, 705.039), &apos;color_space&apos;: &apos;DeviceGray&apos;, &apos;ncolor&apos;: None, &apos;size&apos;: 13.289999999999964, &apos;value&apos;: &apos;.&apos;, &apos;children&apos;: [], &apos;features&apos;: {}}, {&apos;type&apos;: &apos;text&apos;, &apos;bbox&apos;: (321.03200000000004, 691.749, 323.802, 705.039), &apos;color_space&apos;: &apos;DeviceGray&apos;, &apos;ncolor&apos;: None, &apos;size&apos;: 13.289999999999964, &apos;value&apos;: &apos;.&apos;, &apos;children&apos;: [], &apos;features&apos;: {}}, {&apos;type&apos;: &apos;text&apos;, &apos;bbox&apos;: (323.802, 691.749, 326.572, 705.039), &apos;color_space&apos;: &apos;DeviceGray&apos;, &apos;ncolor&apos;: None, &apos;size&apos;: 13.289999999999964, &apos;value&apos;: &apos;.&apos;, &apos;children&apos;: [], &apos;features&apos;: {}}, {&apos;type&apos;: &apos;text&apos;, &apos;bbox&apos;: (326.57200000000006, 691.749, 329.34200000000004, 705.039), &apos;color_space&apos;: &apos;DeviceGray&apos;, &apos;ncolor&apos;: None, &apos;size&apos;: 13.289999999999964, &apos;value&apos;: &apos;.&apos;, &apos;children&apos;: [], &apos;features&apos;: {}}, {&apos;type&apos;: &apos;text&apos;, &apos;bbox&apos;: (329.34200000000004, 691.749, 332.112, 705.039), &apos;color_space&apos;: &apos;DeviceGray&apos;, &apos;ncolor&apos;: None, &apos;size&apos;: 13.289999999999964, &apos;value&apos;: &apos;.&apos;, &apos;children&apos;: [], &apos;features&apos;: {}}, {&apos;type&apos;: &apos;text&apos;, &apos;bbox&apos;: (332.1120000000001, 691.749, 334.88200000000006, 705.039), &apos;color_space&apos;: &apos;DeviceGray&apos;, &apos;ncolor&apos;: None, &apos;size&apos;: 13.289999999999964, &apos;value&apos;: &apos;.&apos;, &apos;children&apos;: [], &apos;features&apos;: {}}, {&apos;type&apos;: &apos;text&apos;, &apos;bbox&apos;: (334.88200000000006, 691.749, 337.65200000000004, 705.039), &apos;color_space&apos;: &apos;DeviceGray&apos;, &apos;ncolor&apos;: None, &apos;size&apos;: 13.289999999999964, &apos;value&apos;: &apos;.&apos;, &apos;children&apos;: [], &apos;features&apos;: {}}, {&apos;type&apos;: &apos;text&apos;, &apos;bbox&apos;: (337.65200000000004, 691.749, 340.422, 705.039), &apos;color_space&apos;: &apos;DeviceGray&apos;, &apos;ncolor&apos;: None, &apos;size&apos;: 13.289999999999964, &apos;value&apos;: &apos;.&apos;, &apos;children&apos;: [], &apos;features&apos;: {}}, {&apos;type&apos;: &apos;text&apos;, &apos;bbox&apos;: (340.422, 691.749, 343.192, 705.039), &apos;color_space&apos;: &apos;DeviceGray&apos;, &apos;ncolor&apos;: None, &apos;size&apos;: 13.289999999999964, &apos;value&apos;: &apos;.&apos;, &apos;children&apos;: [], &apos;features&apos;: {}}, {&apos;type&apos;: &apos;text&apos;, &apos;bbox&apos;: (343.19200000000006, 691.749, 345.96200000000005, 705.039), &apos;color_space&apos;: &apos;DeviceGray&apos;, &apos;ncolor&apos;: None, &apos;size&apos;: 13.289999999999964, &apos;value&apos;: &apos;.&apos;, &apos;children&apos;: [], &apos;features&apos;: {}}, {&apos;type&apos;: &apos;text&apos;, &apos;bbox&apos;: (345.96200000000005, 691.749, 348.732, 705.039), &apos;color_space&apos;: &apos;DeviceGray&apos;, &apos;ncolor&apos;: None, &apos;size&apos;: 13.289999999999964, &apos;value&apos;: &apos;.&apos;, &apos;children&apos;: [], &apos;features&apos;: {}}, {&apos;type&apos;: &apos;text&apos;, &apos;bbox&apos;: (348.732, 691.749, 351.502, 705.039), &apos;color_space&apos;: &apos;DeviceGray&apos;, &apos;ncolor&apos;: None, &apos;size&apos;: 13.289999999999964, &apos;value&apos;: &apos;.&apos;, &apos;children&apos;: [], &apos;features&apos;: {}}, {&apos;type&apos;: &apos;text&apos;, &apos;bbox&apos;: (351.50200000000007, 691.749, 354.27200000000005, 705.039), &apos;color_space&apos;: &apos;DeviceGray&apos;, &apos;ncolor&apos;: None, &apos;size&apos;: 13.289999999999964, &apos;value&apos;: &apos;.&apos;, &apos;children&apos;: [], &apos;features&apos;: {}}, {&apos;type&apos;: &apos;text&apos;, &apos;bbox&apos;: (354.27200000000005, 691.749, 357.04200000000003, 705.039), &apos;color_space&apos;: &apos;DeviceGray&apos;, &apos;ncolor&apos;: None, &apos;size&apos;: 13.289999999999964, &apos;value&apos;: &apos;.&apos;, &apos;children&apos;: [], &apos;features&apos;: {}}, {&apos;type&apos;: &apos;text&apos;, &apos;bbox&apos;: (357.04200000000003, 691.749, 359.812, 705.039), &apos;color_space&apos;: &apos;DeviceGray&apos;, &apos;ncolor&apos;: None, &apos;size&apos;: 13.289999999999964, &apos;value&apos;: &apos;.&apos;, &apos;children&apos;: [], &apos;features&apos;: {}}, {&apos;type&apos;: &apos;text&apos;, &apos;bbox&apos;: (359.812, 691.749, 362.582, 705.039), &apos;color_space&apos;: &apos;DeviceGray&apos;, &apos;ncolor&apos;: None, &apos;size&apos;: 13.289999999999964, &apos;value&apos;: &apos;.&apos;, &apos;children&apos;: [], &apos;features&apos;: {}}, {&apos;type&apos;: &apos;text&apos;, &apos;bbox&apos;: (362.582, 691.749, 365.352, 705.039), &apos;color_space&apos;: &apos;DeviceGray&apos;, &apos;ncolor&apos;: None, &apos;size&apos;: 13.289999999999964, &apos;value&apos;: &apos;.&apos;, &apos;children&apos;: [], &apos;features&apos;: {}}, {&apos;type&apos;: &apos;text&apos;, &apos;bbox&apos;: (365.35200000000003, 691.749, 368.122, 705.039), &apos;color_space&apos;: &apos;DeviceGray&apos;, &apos;ncolor&apos;: None, &apos;size&apos;: 13.289999999999964, &apos;value&apos;: &apos;.&apos;, &apos;children&apos;: [], &apos;features&apos;: {}}, {&apos;type&apos;: &apos;text&apos;, &apos;bbox&apos;: (368.122, 691.749, 370.892, 705.039), &apos;color_space&apos;: &apos;DeviceGray&apos;, &apos;ncolor&apos;: None, &apos;size&apos;: 13.289999999999964, &apos;value&apos;: &apos;.&apos;, &apos;children&apos;: [], &apos;features&apos;: {}}, {&apos;type&apos;: &apos;text&apos;, &apos;bbox&apos;: (370.892, 691.749, 373.662, 705.039), &apos;color_space&apos;: &apos;DeviceGray&apos;, &apos;ncolor&apos;: None, &apos;size&apos;: 13.289999999999964, &apos;value&apos;: &apos;.&apos;, &apos;children&apos;: [], &apos;features&apos;: {}}, {&apos;type&apos;: &apos;text&apos;, &apos;bbox&apos;: (373.66200000000003, 691.749, 376.432, 705.039), &apos;color_space&apos;: &apos;DeviceGray&apos;, &apos;ncolor&apos;: None, &apos;size&apos;: 13.289999999999964, &apos;value&apos;: &apos;.&apos;, &apos;children&apos;: [], &apos;features&apos;: {}}, {&apos;type&apos;: &apos;text&apos;, &apos;bbox&apos;: (376.432, 691.749, 379.202, 705.039), &apos;color_space&apos;: &apos;DeviceGray&apos;, &apos;ncolor&apos;: None, &apos;size&apos;: 13.289999999999964, &apos;value&apos;: &apos;.&apos;, &apos;children&apos;: [], &apos;features&apos;: {}}, {&apos;type&apos;: &apos;text&apos;, &apos;bbox&apos;: (379.202, 691.749, 381.972, 705.039), &apos;color_space&apos;: &apos;DeviceGray&apos;, &apos;ncolor&apos;: None, &apos;size&apos;: 13.289999999999964, &apos;value&apos;: &apos;.&apos;, &apos;children&apos;: [], &apos;features&apos;: {}}, {&apos;type&apos;: &apos;text&apos;, &apos;bbox&apos;: (381.972, 691.749, 384.74199999999996, 705.039), &apos;color_space&apos;: &apos;DeviceGray&apos;, &apos;ncolor&apos;: None, &apos;size&apos;: 13.289999999999964, &apos;value&apos;: &apos;.&apos;, &apos;children&apos;: [], &apos;features&apos;: {}}, {&apos;type&apos;: &apos;text&apos;, &apos;bbox&apos;: (384.74199999999996, 691.749, 387.51199999999994, 705.039), &apos;color_space&apos;: &apos;DeviceGray&apos;, &apos;ncolor&apos;: None, &apos;size&apos;: 13.289999999999964, &apos;value&apos;: &apos;.&apos;, &apos;children&apos;: [], &apos;features&apos;: {}}, {&apos;type&apos;: &apos;text&apos;, &apos;bbox&apos;: (387.512, 691.749, 390.282, 705.039), &apos;color_space&apos;: &apos;DeviceGray&apos;, &apos;ncolor&apos;: None, &apos;size&apos;: 13.289999999999964, &apos;value&apos;: &apos;.&apos;, &apos;children&apos;: [], &apos;features&apos;: {}}, {&apos;type&apos;: &apos;text&apos;, &apos;bbox&apos;: (390.282, 691.749, 393.05199999999996, 705.039), &apos;color_space&apos;: &apos;DeviceGray&apos;, &apos;ncolor&apos;: None, &apos;size&apos;: 13.289999999999964, &apos;value&apos;: &apos;.&apos;, &apos;children&apos;: [], &apos;features&apos;: {}}, {&apos;type&apos;: &apos;text&apos;, &apos;bbox&apos;: (393.05199999999996, 691.749, 395.82199999999995, 705.039), &apos;color_space&apos;: &apos;DeviceGray&apos;, &apos;ncolor&apos;: None, &apos;size&apos;: 13.289999999999964, &apos;value&apos;: &apos;.&apos;, &apos;children&apos;: [], &apos;features&apos;: {}}, {&apos;type&apos;: &apos;text&apos;, &apos;bbox&apos;: (395.822, 691.749, 398.592, 705.039), &apos;color_space&apos;: &apos;DeviceGray&apos;, &apos;ncolor&apos;: None, &apos;size&apos;: 13.289999999999964, &apos;value&apos;: &apos;.&apos;, &apos;children&apos;: [], &apos;features&apos;: {}}, {&apos;type&apos;: &apos;text&apos;, &apos;bbox&apos;: (398.592, 691.749, 401.36199999999997, 705.039), &apos;color_space&apos;: &apos;DeviceGray&apos;, &apos;ncolor&apos;: None, &apos;size&apos;: 13.289999999999964, &apos;value&apos;: &apos;.&apos;, &apos;children&apos;: [], &apos;features&apos;: {}}, {&apos;type&apos;: &apos;text&apos;, &apos;bbox&apos;: (401.36199999999997, 691.749, 404.13199999999995, 705.039), &apos;color_space&apos;: &apos;DeviceGray&apos;, &apos;ncolor&apos;: None, &apos;size&apos;: 13.289999999999964, &apos;value&apos;: &apos;.&apos;, &apos;children&apos;: [], &apos;features&apos;: {}}, {&apos;type&apos;: &apos;text&apos;, &apos;bbox&apos;: (404.13199999999995, 691.749, 406.90199999999993, 705.039), &apos;color_space&apos;: &apos;DeviceGray&apos;, &apos;ncolor&apos;: None, &apos;size&apos;: 13.289999999999964, &apos;value&apos;: &apos;.&apos;, &apos;children&apos;: [], &apos;features&apos;: {}}, {&apos;type&apos;: &apos;text&apos;, &apos;bbox&apos;: (406.902, 691.749, 409.67199999999997, 705.039), &apos;color_space&apos;: &apos;DeviceGray&apos;, &apos;ncolor&apos;: None, &apos;size&apos;: 13.289999999999964, &apos;value&apos;: &apos;.&apos;, &apos;children&apos;: [], &apos;features&apos;: {}}, {&apos;type&apos;: &apos;text&apos;, &apos;bbox&apos;: (409.672, 691.749, 412.442, 705.039), &apos;color_space&apos;: &apos;DeviceGray&apos;, &apos;ncolor&apos;: None, &apos;size&apos;: 13.289999999999964, &apos;value&apos;: &apos;.&apos;, &apos;children&apos;: [], &apos;features&apos;: {}}, {&apos;type&apos;: &apos;text&apos;, &apos;bbox&apos;: (412.442, 691.749, 415.212, 705.039), &apos;color_space&apos;: &apos;DeviceGray&apos;, &apos;ncolor&apos;: None, &apos;size&apos;: 13.289999999999964, &apos;value&apos;: &apos;.&apos;, &apos;children&apos;: [], &apos;features&apos;: {}}, {&apos;type&apos;: &apos;text&apos;, &apos;bbox&apos;: (415.212, 691.749, 417.98199999999997, 705.039), &apos;color_space&apos;: &apos;DeviceGray&apos;, &apos;ncolor&apos;: None, &apos;size&apos;: 13.289999999999964, &apos;value&apos;: &apos;.&apos;, &apos;children&apos;: [], &apos;features&apos;: {}}, {&apos;type&apos;: &apos;text&apos;, &apos;bbox&apos;: (417.982, 691.749, 420.752, 705.039), &apos;color_space&apos;: &apos;DeviceGray&apos;, &apos;ncolor&apos;: None, &apos;size&apos;: 13.289999999999964, &apos;value&apos;: &apos;.&apos;, &apos;children&apos;: [], &apos;features&apos;: {}}, {&apos;type&apos;: &apos;text&apos;, &apos;bbox&apos;: (420.75200000000007, 691.749, 423.52200000000005, 705.039), &apos;color_space&apos;: &apos;DeviceGray&apos;, &apos;ncolor&apos;: None, &apos;size&apos;: 13.289999999999964, &apos;value&apos;: &apos;.&apos;, &apos;children&apos;: [], &apos;features&apos;: {}}, {&apos;type&apos;: &apos;text&apos;, &apos;bbox&apos;: (423.52200000000005, 691.749, 426.29200000000003, 705.039), &apos;color_space&apos;: &apos;DeviceGray&apos;, &apos;ncolor&apos;: None, &apos;size&apos;: 13.289999999999964, &apos;value&apos;: &apos;.&apos;, &apos;children&apos;: [], &apos;features&apos;: {}}, {&apos;type&apos;: &apos;text&apos;, &apos;bbox&apos;: (426.29200000000003, 691.749, 429.062, 705.039), &apos;color_space&apos;: &apos;DeviceGray&apos;, &apos;ncolor&apos;: None, &apos;size&apos;: 13.289999999999964, &apos;value&apos;: &apos;.&apos;, &apos;children&apos;: [], &apos;features&apos;: {}}, {&apos;type&apos;: &apos;text&apos;, &apos;bbox&apos;: (429.06200000000007, 691.749, 431.83200000000005, 705.039), &apos;color_space&apos;: &apos;DeviceGray&apos;, &apos;ncolor&apos;: None, &apos;size&apos;: 13.289999999999964, &apos;value&apos;: &apos;.&apos;, &apos;children&apos;: [], &apos;features&apos;: {}}, {&apos;type&apos;: &apos;text&apos;, &apos;bbox&apos;: (431.8320000000001, 691.749, 434.6020000000001, 705.039), &apos;color_space&apos;: &apos;DeviceGray&apos;, &apos;ncolor&apos;: None, &apos;size&apos;: 13.289999999999964, &apos;value&apos;: &apos;.&apos;, &apos;children&apos;: [], &apos;features&apos;: {}}, {&apos;type&apos;: &apos;text&apos;, &apos;bbox&apos;: (434.6020000000001, 691.749, 437.37200000000007, 705.039), &apos;color_space&apos;: &apos;DeviceGray&apos;, &apos;ncolor&apos;: None, &apos;size&apos;: 13.289999999999964, &apos;value&apos;: &apos;.&apos;, &apos;children&apos;: [], &apos;features&apos;: {}}, {&apos;type&apos;: &apos;text&apos;, &apos;bbox&apos;: (437.37200000000007, 691.749, 440.14200000000005, 705.039), &apos;color_space&apos;: &apos;DeviceGray&apos;, &apos;ncolor&apos;: None, &apos;size&apos;: 13.289999999999964, &apos;value&apos;: &apos;.&apos;, &apos;children&apos;: [], &apos;features&apos;: {}}, {&apos;type&apos;: &apos;text&apos;, &apos;bbox&apos;: (440.1420000000001, 691.749, 442.9120000000001, 705.039), &apos;color_space&apos;: &apos;DeviceGray&apos;, &apos;ncolor&apos;: None, &apos;size&apos;: 13.289999999999964, &apos;value&apos;: &apos;.&apos;, &apos;children&apos;: [], &apos;features&apos;: {}}, {&apos;type&apos;: &apos;text&apos;, &apos;bbox&apos;: (442.91200000000015, 691.749, 445.68200000000013, 705.039), &apos;color_space&apos;: &apos;DeviceGray&apos;, &apos;ncolor&apos;: None, &apos;size&apos;: 13.289999999999964, &apos;value&apos;: &apos;.&apos;, &apos;children&apos;: [], &apos;features&apos;: {}}, {&apos;type&apos;: &apos;text&apos;, &apos;bbox&apos;: (445.68200000000013, 691.749, 448.4520000000001, 705.039), &apos;color_space&apos;: &apos;DeviceGray&apos;, &apos;ncolor&apos;: None, &apos;size&apos;: 13.289999999999964, &apos;value&apos;: &apos;.&apos;, &apos;children&apos;: [], &apos;features&apos;: {}}, {&apos;type&apos;: &apos;text&apos;, &apos;bbox&apos;: (448.4520000000001, 691.749, 451.2220000000001, 705.039), &apos;color_space&apos;: &apos;DeviceGray&apos;, &apos;ncolor&apos;: None, &apos;size&apos;: 13.289999999999964, &apos;value&apos;: &apos;.&apos;, &apos;children&apos;: [], &apos;features&apos;: {}}, {&apos;type&apos;: &apos;text&apos;, &apos;bbox&apos;: (451.22200000000015, 691.749, 453.99200000000013, 705.039), &apos;color_space&apos;: &apos;DeviceGray&apos;, &apos;ncolor&apos;: None, &apos;size&apos;: 13.289999999999964, &apos;value&apos;: &apos;.&apos;, &apos;children&apos;: [], &apos;features&apos;: {}}, {&apos;type&apos;: &apos;text&apos;, &apos;bbox&apos;: (453.9920000000002, 691.749, 456.76200000000017, 705.039), &apos;color_space&apos;: &apos;DeviceGray&apos;, &apos;ncolor&apos;: None, &apos;size&apos;: 13.289999999999964, &apos;value&apos;: &apos;.&apos;, &apos;children&apos;: [], &apos;features&apos;: {}}, {&apos;type&apos;: &apos;text&apos;, &apos;bbox&apos;: (456.76200000000017, 691.749, 459.53200000000015, 705.039), &apos;color_space&apos;: &apos;DeviceGray&apos;, &apos;ncolor&apos;: None, &apos;size&apos;: 13.289999999999964, &apos;value&apos;: &apos;.&apos;, &apos;children&apos;: [], &apos;features&apos;: {}}, {&apos;type&apos;: &apos;text&apos;, &apos;bbox&apos;: (459.53200000000015, 691.749, 462.30200000000013, 705.039), &apos;color_space&apos;: &apos;DeviceGray&apos;, &apos;ncolor&apos;: None, &apos;size&apos;: 13.289999999999964, &apos;value&apos;: &apos;.&apos;, &apos;children&apos;: [], &apos;features&apos;: {}}, {&apos;type&apos;: &apos;text&apos;, &apos;bbox&apos;: (462.3020000000002, 691.749, 465.0720000000002, 705.039), &apos;color_space&apos;: &apos;DeviceGray&apos;, &apos;ncolor&apos;: None, &apos;size&apos;: 13.289999999999964, &apos;value&apos;: &apos;.&apos;, &apos;children&apos;: [], &apos;features&apos;: {}}, {&apos;type&apos;: &apos;text&apos;, &apos;bbox&apos;: (465.07200000000023, 691.749, 467.8420000000002, 705.039), &apos;color_space&apos;: &apos;DeviceGray&apos;, &apos;ncolor&apos;: None, &apos;size&apos;: 13.289999999999964, &apos;value&apos;: &apos;.&apos;, &apos;children&apos;: [], &apos;features&apos;: {}}, {&apos;type&apos;: &apos;text&apos;, &apos;bbox&apos;: (467.8420000000002, 691.749, 470.6120000000002, 705.039), &apos;color_space&apos;: &apos;DeviceGray&apos;, &apos;ncolor&apos;: None, &apos;size&apos;: 13.289999999999964, &apos;value&apos;: &apos;.&apos;, &apos;children&apos;: [], &apos;features&apos;: {}}, {&apos;type&apos;: &apos;text&apos;, &apos;bbox&apos;: (470.6120000000002, 691.749, 473.3820000000002, 705.039), &apos;color_space&apos;: &apos;DeviceGray&apos;, &apos;ncolor&apos;: None, &apos;size&apos;: 13.289999999999964, &apos;value&apos;: &apos;.&apos;, &apos;children&apos;: [], &apos;features&apos;: {}}, {&apos;type&apos;: &apos;text&apos;, &apos;bbox&apos;: (473.38200000000023, 691.749, 476.1520000000002, 705.039), &apos;color_space&apos;: &apos;DeviceGray&apos;, &apos;ncolor&apos;: None, &apos;size&apos;: 13.289999999999964, &apos;value&apos;: &apos;.&apos;, &apos;children&apos;: [], &apos;features&apos;: {}}, {&apos;type&apos;: &apos;text&apos;, &apos;bbox&apos;: (476.15200000000027, 691.749, 478.92200000000025, 705.039), &apos;color_space&apos;: &apos;DeviceGray&apos;, &apos;ncolor&apos;: None, &apos;size&apos;: 13.289999999999964, &apos;value&apos;: &apos;.&apos;, &apos;children&apos;: [], &apos;features&apos;: {}}, {&apos;type&apos;: &apos;text&apos;, &apos;bbox&apos;: (478.92200000000025, 691.749, 481.69200000000023, 705.039), &apos;color_space&apos;: &apos;DeviceGray&apos;, &apos;ncolor&apos;: None, &apos;size&apos;: 13.289999999999964, &apos;value&apos;: &apos;.&apos;, &apos;children&apos;: [], &apos;features&apos;: {}}, {&apos;type&apos;: &apos;text&apos;, &apos;bbox&apos;: (481.69200000000023, 691.749, 484.4620000000002, 705.039), &apos;color_space&apos;: &apos;DeviceGray&apos;, &apos;ncolor&apos;: None, &apos;size&apos;: 13.289999999999964, &apos;value&apos;: &apos;.&apos;, &apos;children&apos;: [], &apos;features&apos;: {}}, {&apos;type&apos;: &apos;text&apos;, &apos;bbox&apos;: (484.4620000000003, 691.749, 487.23200000000026, 705.039), &apos;color_space&apos;: &apos;DeviceGray&apos;, &apos;ncolor&apos;: None, &apos;size&apos;: 13.289999999999964, &apos;value&apos;: &apos;.&apos;, &apos;children&apos;: [], &apos;features&apos;: {}}, {&apos;type&apos;: &apos;text&apos;, &apos;bbox&apos;: (487.2320000000003, 691.749, 490.0020000000003, 705.039), &apos;color_space&apos;: &apos;DeviceGray&apos;, &apos;ncolor&apos;: None, &apos;size&apos;: 13.289999999999964, &apos;value&apos;: &apos;.&apos;, &apos;children&apos;: [], &apos;features&apos;: {}}, {&apos;type&apos;: &apos;text&apos;, &apos;bbox&apos;: (490.0020000000003, 691.749, 492.7720000000003, 705.039), &apos;color_space&apos;: &apos;DeviceGray&apos;, &apos;ncolor&apos;: None, &apos;size&apos;: 13.289999999999964, &apos;value&apos;: &apos;.&apos;, &apos;children&apos;: [], &apos;features&apos;: {}}, {&apos;type&apos;: &apos;text&apos;, &apos;bbox&apos;: (492.7720000000003, 691.749, 495.54200000000026, 705.039), &apos;color_space&apos;: &apos;DeviceGray&apos;, &apos;ncolor&apos;: None, &apos;size&apos;: 13.289999999999964, &apos;value&apos;: &apos;.&apos;, &apos;children&apos;: [], &apos;features&apos;: {}}, {&apos;type&apos;: &apos;text&apos;, &apos;bbox&apos;: (495.5420000000003, 691.749, 498.3120000000003, 705.039), &apos;color_space&apos;: &apos;DeviceGray&apos;, &apos;ncolor&apos;: None, &apos;size&apos;: 13.289999999999964, &apos;value&apos;: &apos;.&apos;, &apos;children&apos;: [], &apos;features&apos;: {}}, {&apos;type&apos;: &apos;text&apos;, &apos;bbox&apos;: (498.31200000000035, 691.749, 501.08200000000033, 705.039), &apos;color_space&apos;: &apos;DeviceGray&apos;, &apos;ncolor&apos;: None, &apos;size&apos;: 13.289999999999964, &apos;value&apos;: &apos;.&apos;, &apos;children&apos;: [], &apos;features&apos;: {}}, {&apos;type&apos;: &apos;text&apos;, &apos;bbox&apos;: (501.08200000000033, 691.749, 503.8520000000003, 705.039), &apos;color_space&apos;: &apos;DeviceGray&apos;, &apos;ncolor&apos;: None, &apos;size&apos;: 13.289999999999964, &apos;value&apos;: &apos;.&apos;, &apos;children&apos;: [], &apos;features&apos;: {}}, {&apos;type&apos;: &apos;text&apos;, &apos;bbox&apos;: (503.8520000000003, 691.749, 506.6220000000003, 705.039), &apos;color_space&apos;: &apos;DeviceGray&apos;, &apos;ncolor&apos;: None, &apos;size&apos;: 13.289999999999964, &apos;value&apos;: &apos;.&apos;, &apos;children&apos;: [], &apos;features&apos;: {}}, {&apos;type&apos;: &apos;text&apos;, &apos;bbox&apos;: (506.62200000000036, 691.749, 509.39200000000034, 705.039), &apos;color_space&apos;: &apos;DeviceGray&apos;, &apos;ncolor&apos;: None, &apos;size&apos;: 13.289999999999964, &apos;value&apos;: &apos;.&apos;, &apos;children&apos;: [], &apos;features&apos;: {}}, {&apos;type&apos;: &apos;text&apos;, &apos;bbox&apos;: (509.3920000000004, 691.749, 512.1620000000004, 705.039), &apos;color_space&apos;: &apos;DeviceGray&apos;, &apos;ncolor&apos;: None, &apos;size&apos;: 13.289999999999964, &apos;value&apos;: &apos;.&apos;, &apos;children&apos;: [], &apos;features&apos;: {}}, {&apos;type&apos;: &apos;text&apos;, &apos;bbox&apos;: (512.1620000000004, 691.749, 514.9320000000004, 705.039), &apos;color_space&apos;: &apos;DeviceGray&apos;, &apos;ncolor&apos;: None, &apos;size&apos;: 13.289999999999964, &apos;value&apos;: &apos;.&apos;, &apos;children&apos;: [], &apos;features&apos;: {}}, {&apos;type&apos;: &apos;text&apos;, &apos;bbox&apos;: (514.9320000000004, 691.749, 517.7020000000003, 705.039), &apos;color_space&apos;: &apos;DeviceGray&apos;, &apos;ncolor&apos;: None, &apos;size&apos;: 13.289999999999964, &apos;value&apos;: &apos;.&apos;, &apos;children&apos;: [], &apos;features&apos;: {}}, {&apos;type&apos;: &apos;text&apos;, &apos;bbox&apos;: (519.986, 691.749, 525.5459999999999, 705.039), &apos;color_space&apos;: &apos;DeviceGray&apos;, &apos;ncolor&apos;: None, &apos;size&apos;: 13.289999999999964, &apos;value&apos;: &apos;7&apos;, &apos;children&apos;: [], &apos;features&apos;: {}}, {&apos;type&apos;: &apos;text&apos;, &apos;bbox&apos;: (525.5459999999999, 691.749, 528.876, 705.039), &apos;color_space&apos;: &apos;DeviceGray&apos;, &apos;ncolor&apos;: None, &apos;size&apos;: 13.289999999999964, &apos;value&apos;: &apos;-&apos;, &apos;children&apos;: [], &apos;features&apos;: {}}, {&apos;type&apos;: &apos;text&apos;, &apos;bbox&apos;: (528.877, 691.749, 534.4369999999999, 705.039), &apos;color_space&apos;: &apos;DeviceGray&apos;, &apos;ncolor&apos;: None, &apos;size&apos;: 13.289999999999964, &apos;value&apos;: &apos;1&apos;, &apos;children&apos;: [], &apos;features&apos;: {}}, {&apos;type&apos;: &apos;text&apos;, &apos;bbox&apos;: (534.4369999999999, 691.749, 539.9969999999998, 705.039), &apos;color_space&apos;: &apos;DeviceGray&apos;, &apos;ncolor&apos;: None, &apos;size&apos;: 13.289999999999964, &apos;value&apos;: &apos;0&apos;, &apos;children&apos;: [], &apos;features&apos;: {}}], &apos;features&apos;: {}}
*********************





--------------------------------- CONTENT AREA --------------------------------- 
This content area has an image
{&apos;type&apos;: &apos;figure&apos;, &apos;bbox&apos;: (0, 0, 612.0, 792.0), &apos;name&apos;: &apos;fx49&apos;, &apos;children&apos;: [{&apos;type&apos;: &apos;text&apos;, &apos;bbox&apos;: (114.0, 675.528, 122.31, 689.008), &apos;color_space&apos;: &apos;DeviceGray&apos;, &apos;ncolor&apos;: None, &apos;size&apos;: 13.480000000000018, &apos;value&apos;: &apos;D&apos;, &apos;children&apos;: [], &apos;features&apos;: {}}, {&apos;type&apos;: &apos;text&apos;, &apos;bbox&apos;: (122.31, 675.528, 126.2, 689.008), &apos;color_space&apos;: &apos;DeviceGray&apos;, &apos;ncolor&apos;: None, &apos;size&apos;: 13.480000000000018, &apos;value&apos;: &apos;I&apos;, &apos;children&apos;: [], &apos;features&apos;: {}}, {&apos;type&apos;: &apos;text&apos;, &apos;bbox&apos;: (126.2, 675.528, 136.2, 689.008), &apos;color_space&apos;: &apos;DeviceGray&apos;, &apos;ncolor&apos;: None, &apos;size&apos;: 13.480000000000018, &apos;value&apos;: &apos;M&apos;, &apos;children&apos;: [], &apos;features&apos;: {}}, {&apos;type&apos;: &apos;text&apos;, &apos;bbox&apos;: (136.2, 675.528, 141.2, 689.008), &apos;color_space&apos;: &apos;DeviceGray&apos;, &apos;ncolor&apos;: None, &apos;size&apos;: 13.480000000000018, &apos;value&apos;: &apos;_&apos;, &apos;children&apos;: [], &apos;features&apos;: {}}, {&apos;type&apos;: &apos;text&apos;, &apos;bbox&apos;: (141.2, 675.528, 149.53, 689.008), &apos;color_space&apos;: &apos;DeviceGray&apos;, &apos;ncolor&apos;: None, &apos;size&apos;: 13.480000000000018, &apos;value&apos;: &apos;G&apos;, &apos;children&apos;: [], &apos;features&apos;: {}}, {&apos;type&apos;: &apos;text&apos;, &apos;bbox&apos;: (149.53, 675.528, 155.58, 689.008), &apos;color_space&apos;: &apos;DeviceGray&apos;, &apos;ncolor&apos;: None, &apos;size&apos;: 13.480000000000018, &apos;value&apos;: &apos;E&apos;, &apos;children&apos;: [], &apos;features&apos;: {}}, {&apos;type&apos;: &apos;text&apos;, &apos;bbox&apos;: (155.57999999999998, 675.528, 163.91, 689.008), &apos;color_space&apos;: &apos;DeviceGray&apos;, &apos;ncolor&apos;: None, &apos;size&apos;: 13.480000000000018, &apos;value&apos;: &apos;N&apos;, &apos;children&apos;: [], &apos;features&apos;: {}}, {&apos;type&apos;: &apos;text&apos;, &apos;bbox&apos;: (163.91, 675.528, 169.96, 689.008), &apos;color_space&apos;: &apos;DeviceGray&apos;, &apos;ncolor&apos;: None, &apos;size&apos;: 13.480000000000018, &apos;value&apos;: &apos;E&apos;, &apos;children&apos;: [], &apos;features&apos;: {}}, {&apos;type&apos;: &apos;text&apos;, &apos;bbox&apos;: (169.95999999999998, 675.528, 177.08999999999997, 689.008), &apos;color_space&apos;: &apos;DeviceGray&apos;, &apos;ncolor&apos;: None, &apos;size&apos;: 13.480000000000018, &apos;value&apos;: &apos;R&apos;, &apos;children&apos;: [], &apos;features&apos;: {}}, {&apos;type&apos;: &apos;text&apos;, &apos;bbox&apos;: (177.09, 675.528, 184.86, 689.008), &apos;color_space&apos;: &apos;DeviceGray&apos;, &apos;ncolor&apos;: None, &apos;size&apos;: 13.480000000000018, &apos;value&apos;: &apos;A&apos;, &apos;children&apos;: [], &apos;features&apos;: {}}, {&apos;type&apos;: &apos;text&apos;, &apos;bbox&apos;: (184.86, 675.528, 190.91000000000003, 689.008), &apos;color_space&apos;: &apos;DeviceGray&apos;, &apos;ncolor&apos;: None, &apos;size&apos;: 13.480000000000018, &apos;value&apos;: &apos;L&apos;, &apos;children&apos;: [], &apos;features&apos;: {}}, {&apos;type&apos;: &apos;text&apos;, &apos;bbox&apos;: (190.91, 675.528, 195.91, 689.008), &apos;color_space&apos;: &apos;DeviceGray&apos;, &apos;ncolor&apos;: None, &apos;size&apos;: 13.480000000000018, &apos;value&apos;: &apos;_&apos;, &apos;children&apos;: [], &apos;features&apos;: {}}, {&apos;type&apos;: &apos;text&apos;, &apos;bbox&apos;: (195.91, 675.528, 201.96, 689.008), &apos;color_space&apos;: &apos;DeviceGray&apos;, &apos;ncolor&apos;: None, &apos;size&apos;: 13.480000000000018, &apos;value&apos;: &apos;L&apos;, &apos;children&apos;: [], &apos;features&apos;: {}}, {&apos;type&apos;: &apos;text&apos;, &apos;bbox&apos;: (201.95999999999998, 675.528, 208.01, 689.008), &apos;color_space&apos;: &apos;DeviceGray&apos;, &apos;ncolor&apos;: None, &apos;size&apos;: 13.480000000000018, &apos;value&apos;: &apos;E&apos;, &apos;children&apos;: [], &apos;features&apos;: {}}, {&apos;type&apos;: &apos;text&apos;, &apos;bbox&apos;: (208.01, 675.528, 216.32, 689.008), &apos;color_space&apos;: &apos;DeviceGray&apos;, &apos;ncolor&apos;: None, &apos;size&apos;: 13.480000000000018, &apos;value&apos;: &apos;D&apos;, &apos;children&apos;: [], &apos;features&apos;: {}}, {&apos;type&apos;: &apos;text&apos;, &apos;bbox&apos;: (216.32, 675.528, 224.65, 689.008), &apos;color_space&apos;: &apos;DeviceGray&apos;, &apos;ncolor&apos;: None, &apos;size&apos;: 13.480000000000018, &apos;value&apos;: &apos;G&apos;, &apos;children&apos;: [], &apos;features&apos;: {}}, {&apos;type&apos;: &apos;text&apos;, &apos;bbox&apos;: (224.64999999999998, 675.528, 230.7, 689.008), &apos;color_space&apos;: &apos;DeviceGray&apos;, &apos;ncolor&apos;: None, &apos;size&apos;: 13.480000000000018, &apos;value&apos;: &apos;E&apos;, &apos;children&apos;: [], &apos;features&apos;: {}}, {&apos;type&apos;: &apos;text&apos;, &apos;bbox&apos;: (230.7, 675.528, 237.82999999999998, 689.008), &apos;color_space&apos;: &apos;DeviceGray&apos;, &apos;ncolor&apos;: None, &apos;size&apos;: 13.480000000000018, &apos;value&apos;: &apos;R&apos;, &apos;children&apos;: [], &apos;features&apos;: {}}, {&apos;type&apos;: &apos;text&apos;, &apos;bbox&apos;: (237.82999999999998, 675.528, 242.82999999999998, 689.008), &apos;color_space&apos;: &apos;DeviceGray&apos;, &apos;ncolor&apos;: None, &apos;size&apos;: 13.480000000000018, &apos;value&apos;: &apos;_&apos;, &apos;children&apos;: [], &apos;features&apos;: {}}, {&apos;type&apos;: &apos;text&apos;, &apos;bbox&apos;: (242.82999999999998, 675.528, 251.16, 689.008), &apos;color_space&apos;: &apos;DeviceGray&apos;, &apos;ncolor&apos;: None, &apos;size&apos;: 13.480000000000018, &apos;value&apos;: &apos;H&apos;, &apos;children&apos;: [], &apos;features&apos;: {}}, {&apos;type&apos;: &apos;text&apos;, &apos;bbox&apos;: (251.16, 675.528, 255.04999999999998, 689.008), &apos;color_space&apos;: &apos;DeviceGray&apos;, &apos;ncolor&apos;: None, &apos;size&apos;: 13.480000000000018, &apos;value&apos;: &apos;I&apos;, &apos;children&apos;: [], &apos;features&apos;: {}}, {&apos;type&apos;: &apos;text&apos;, &apos;bbox&apos;: (255.04999999999998, 675.528, 261.09999999999997, 689.008), &apos;color_space&apos;: &apos;DeviceGray&apos;, &apos;ncolor&apos;: None, &apos;size&apos;: 13.480000000000018, &apos;value&apos;: &apos;E&apos;, &apos;children&apos;: [], &apos;features&apos;: {}}, {&apos;type&apos;: &apos;text&apos;, &apos;bbox&apos;: (261.1, 675.528, 268.23, 689.008), &apos;color_space&apos;: &apos;DeviceGray&apos;, &apos;ncolor&apos;: None, &apos;size&apos;: 13.480000000000018, &apos;value&apos;: &apos;R&apos;, &apos;children&apos;: [], &apos;features&apos;: {}}, {&apos;type&apos;: &apos;text&apos;, &apos;bbox&apos;: (268.335, 676.258, 271.10499999999996, 689.548), &apos;color_space&apos;: &apos;DeviceGray&apos;, &apos;ncolor&apos;: None, &apos;size&apos;: 13.289999999999964, &apos;value&apos;: &apos;.&apos;, &apos;children&apos;: [], &apos;features&apos;: {}}, {&apos;type&apos;: &apos;text&apos;, &apos;bbox&apos;: (271.10499999999996, 676.258, 273.87499999999994, 689.548), &apos;color_space&apos;: &apos;DeviceGray&apos;, &apos;ncolor&apos;: None, &apos;size&apos;: 13.289999999999964, &apos;value&apos;: &apos;.&apos;, &apos;children&apos;: [], &apos;features&apos;: {}}, {&apos;type&apos;: &apos;text&apos;, &apos;bbox&apos;: (273.875, 676.258, 276.645, 689.548), &apos;color_space&apos;: &apos;DeviceGray&apos;, &apos;ncolor&apos;: None, &apos;size&apos;: 13.289999999999964, &apos;value&apos;: &apos;.&apos;, &apos;children&apos;: [], &apos;features&apos;: {}}, {&apos;type&apos;: &apos;text&apos;, &apos;bbox&apos;: (276.645, 676.258, 279.41499999999996, 689.548), &apos;color_space&apos;: &apos;DeviceGray&apos;, &apos;ncolor&apos;: None, &apos;size&apos;: 13.289999999999964, &apos;value&apos;: &apos;.&apos;, &apos;children&apos;: [], &apos;features&apos;: {}}, {&apos;type&apos;: &apos;text&apos;, &apos;bbox&apos;: (279.41499999999996, 676.258, 282.18499999999995, 689.548), &apos;color_space&apos;: &apos;DeviceGray&apos;, &apos;ncolor&apos;: None, &apos;size&apos;: 13.289999999999964, &apos;value&apos;: &apos;.&apos;, &apos;children&apos;: [], &apos;features&apos;: {}}, {&apos;type&apos;: &apos;text&apos;, &apos;bbox&apos;: (282.185, 676.258, 284.955, 689.548), &apos;color_space&apos;: &apos;DeviceGray&apos;, &apos;ncolor&apos;: None, &apos;size&apos;: 13.289999999999964, &apos;value&apos;: &apos;.&apos;, &apos;children&apos;: [], &apos;features&apos;: {}}, {&apos;type&apos;: &apos;text&apos;, &apos;bbox&apos;: (284.955, 676.258, 287.72499999999997, 689.548), &apos;color_space&apos;: &apos;DeviceGray&apos;, &apos;ncolor&apos;: None, &apos;size&apos;: 13.289999999999964, &apos;value&apos;: &apos;.&apos;, &apos;children&apos;: [], &apos;features&apos;: {}}, {&apos;type&apos;: &apos;text&apos;, &apos;bbox&apos;: (287.72499999999997, 676.258, 290.49499999999995, 689.548), &apos;color_space&apos;: &apos;DeviceGray&apos;, &apos;ncolor&apos;: None, &apos;size&apos;: 13.289999999999964, &apos;value&apos;: &apos;.&apos;, &apos;children&apos;: [], &apos;features&apos;: {}}, {&apos;type&apos;: &apos;text&apos;, &apos;bbox&apos;: (290.495, 676.258, 293.265, 689.548), &apos;color_space&apos;: &apos;DeviceGray&apos;, &apos;ncolor&apos;: None, &apos;size&apos;: 13.289999999999964, &apos;value&apos;: &apos;.&apos;, &apos;children&apos;: [], &apos;features&apos;: {}}, {&apos;type&apos;: &apos;text&apos;, &apos;bbox&apos;: (293.265, 676.258, 296.03499999999997, 689.548), &apos;color_space&apos;: &apos;DeviceGray&apos;, &apos;ncolor&apos;: None, &apos;size&apos;: 13.289999999999964, &apos;value&apos;: &apos;.&apos;, &apos;children&apos;: [], &apos;features&apos;: {}}, {&apos;type&apos;: &apos;text&apos;, &apos;bbox&apos;: (296.03499999999997, 676.258, 298.80499999999995, 689.548), &apos;color_space&apos;: &apos;DeviceGray&apos;, &apos;ncolor&apos;: None, &apos;size&apos;: 13.289999999999964, &apos;value&apos;: &apos;.&apos;, &apos;children&apos;: [], &apos;features&apos;: {}}, {&apos;type&apos;: &apos;text&apos;, &apos;bbox&apos;: (298.80499999999995, 676.258, 301.57499999999993, 689.548), &apos;color_space&apos;: &apos;DeviceGray&apos;, &apos;ncolor&apos;: None, &apos;size&apos;: 13.289999999999964, &apos;value&apos;: &apos;.&apos;, &apos;children&apos;: [], &apos;features&apos;: {}}, {&apos;type&apos;: &apos;text&apos;, &apos;bbox&apos;: (301.575, 676.258, 304.34499999999997, 689.548), &apos;color_space&apos;: &apos;DeviceGray&apos;, &apos;ncolor&apos;: None, &apos;size&apos;: 13.289999999999964, &apos;value&apos;: &apos;.&apos;, &apos;children&apos;: [], &apos;features&apos;: {}}, {&apos;type&apos;: &apos;text&apos;, &apos;bbox&apos;: (304.34499999999997, 676.258, 307.11499999999995, 689.548), &apos;color_space&apos;: &apos;DeviceGray&apos;, &apos;ncolor&apos;: None, &apos;size&apos;: 13.289999999999964, &apos;value&apos;: &apos;.&apos;, &apos;children&apos;: [], &apos;features&apos;: {}}, {&apos;type&apos;: &apos;text&apos;, &apos;bbox&apos;: (307.115, 676.258, 309.885, 689.548), &apos;color_space&apos;: &apos;DeviceGray&apos;, &apos;ncolor&apos;: None, &apos;size&apos;: 13.289999999999964, &apos;value&apos;: &apos;.&apos;, &apos;children&apos;: [], &apos;features&apos;: {}}, {&apos;type&apos;: &apos;text&apos;, &apos;bbox&apos;: (309.885, 676.258, 312.655, 689.548), &apos;color_space&apos;: &apos;DeviceGray&apos;, &apos;ncolor&apos;: None, &apos;size&apos;: 13.289999999999964, &apos;value&apos;: &apos;.&apos;, &apos;children&apos;: [], &apos;features&apos;: {}}, {&apos;type&apos;: &apos;text&apos;, &apos;bbox&apos;: (312.655, 676.258, 315.42499999999995, 689.548), &apos;color_space&apos;: &apos;DeviceGray&apos;, &apos;ncolor&apos;: None, &apos;size&apos;: 13.289999999999964, &apos;value&apos;: &apos;.&apos;, &apos;children&apos;: [], &apos;features&apos;: {}}, {&apos;type&apos;: &apos;text&apos;, &apos;bbox&apos;: (315.425, 676.258, 318.195, 689.548), &apos;color_space&apos;: &apos;DeviceGray&apos;, &apos;ncolor&apos;: None, &apos;size&apos;: 13.289999999999964, &apos;value&apos;: &apos;.&apos;, &apos;children&apos;: [], &apos;features&apos;: {}}, {&apos;type&apos;: &apos;text&apos;, &apos;bbox&apos;: (318.195, 676.258, 320.965, 689.548), &apos;color_space&apos;: &apos;DeviceGray&apos;, &apos;ncolor&apos;: None, &apos;size&apos;: 13.289999999999964, &apos;value&apos;: &apos;.&apos;, &apos;children&apos;: [], &apos;features&apos;: {}}, {&apos;type&apos;: &apos;text&apos;, &apos;bbox&apos;: (320.96500000000003, 676.258, 323.735, 689.548), &apos;color_space&apos;: &apos;DeviceGray&apos;, &apos;ncolor&apos;: None, &apos;size&apos;: 13.289999999999964, &apos;value&apos;: &apos;.&apos;, &apos;children&apos;: [], &apos;features&apos;: {}}, {&apos;type&apos;: &apos;text&apos;, &apos;bbox&apos;: (323.735, 676.258, 326.505, 689.548), &apos;color_space&apos;: &apos;DeviceGray&apos;, &apos;ncolor&apos;: None, &apos;size&apos;: 13.289999999999964, &apos;value&apos;: &apos;.&apos;, &apos;children&apos;: [], &apos;features&apos;: {}}, {&apos;type&apos;: &apos;text&apos;, &apos;bbox&apos;: (326.505, 676.258, 329.275, 689.548), &apos;color_space&apos;: &apos;DeviceGray&apos;, &apos;ncolor&apos;: None, &apos;size&apos;: 13.289999999999964, &apos;value&apos;: &apos;.&apos;, &apos;children&apos;: [], &apos;features&apos;: {}}, {&apos;type&apos;: &apos;text&apos;, &apos;bbox&apos;: (329.27500000000003, 676.258, 332.045, 689.548), &apos;color_space&apos;: &apos;DeviceGray&apos;, &apos;ncolor&apos;: None, &apos;size&apos;: 13.289999999999964, &apos;value&apos;: &apos;.&apos;, &apos;children&apos;: [], &apos;features&apos;: {}}, {&apos;type&apos;: &apos;text&apos;, &apos;bbox&apos;: (332.045, 676.258, 334.815, 689.548), &apos;color_space&apos;: &apos;DeviceGray&apos;, &apos;ncolor&apos;: None, &apos;size&apos;: 13.289999999999964, &apos;value&apos;: &apos;.&apos;, &apos;children&apos;: [], &apos;features&apos;: {}}, {&apos;type&apos;: &apos;text&apos;, &apos;bbox&apos;: (334.815, 676.258, 337.585, 689.548), &apos;color_space&apos;: &apos;DeviceGray&apos;, &apos;ncolor&apos;: None, &apos;size&apos;: 13.289999999999964, &apos;value&apos;: &apos;.&apos;, &apos;children&apos;: [], &apos;features&apos;: {}}, {&apos;type&apos;: &apos;text&apos;, &apos;bbox&apos;: (337.58500000000004, 676.258, 340.355, 689.548), &apos;color_space&apos;: &apos;DeviceGray&apos;, &apos;ncolor&apos;: None, &apos;size&apos;: 13.289999999999964, &apos;value&apos;: &apos;.&apos;, &apos;children&apos;: [], &apos;features&apos;: {}}, {&apos;type&apos;: &apos;text&apos;, &apos;bbox&apos;: (340.355, 676.258, 343.125, 689.548), &apos;color_space&apos;: &apos;DeviceGray&apos;, &apos;ncolor&apos;: None, &apos;size&apos;: 13.289999999999964, &apos;value&apos;: &apos;.&apos;, &apos;children&apos;: [], &apos;features&apos;: {}}, {&apos;type&apos;: &apos;text&apos;, &apos;bbox&apos;: (343.125, 676.258, 345.895, 689.548), &apos;color_space&apos;: &apos;DeviceGray&apos;, &apos;ncolor&apos;: None, &apos;size&apos;: 13.289999999999964, &apos;value&apos;: &apos;.&apos;, &apos;children&apos;: [], &apos;features&apos;: {}}, {&apos;type&apos;: &apos;text&apos;, &apos;bbox&apos;: (345.895, 676.258, 348.66499999999996, 689.548), &apos;color_space&apos;: &apos;DeviceGray&apos;, &apos;ncolor&apos;: None, &apos;size&apos;: 13.289999999999964, &apos;value&apos;: &apos;.&apos;, &apos;children&apos;: [], &apos;features&apos;: {}}, {&apos;type&apos;: &apos;text&apos;, &apos;bbox&apos;: (348.66499999999996, 676.258, 351.43499999999995, 689.548), &apos;color_space&apos;: &apos;DeviceGray&apos;, &apos;ncolor&apos;: None, &apos;size&apos;: 13.289999999999964, &apos;value&apos;: &apos;.&apos;, &apos;children&apos;: [], &apos;features&apos;: {}}, {&apos;type&apos;: &apos;text&apos;, &apos;bbox&apos;: (351.435, 676.258, 354.205, 689.548), &apos;color_space&apos;: &apos;DeviceGray&apos;, &apos;ncolor&apos;: None, &apos;size&apos;: 13.289999999999964, &apos;value&apos;: &apos;.&apos;, &apos;children&apos;: [], &apos;features&apos;: {}}, {&apos;type&apos;: &apos;text&apos;, &apos;bbox&apos;: (354.205, 676.258, 356.97499999999997, 689.548), &apos;color_space&apos;: &apos;DeviceGray&apos;, &apos;ncolor&apos;: None, &apos;size&apos;: 13.289999999999964, &apos;value&apos;: &apos;.&apos;, &apos;children&apos;: [], &apos;features&apos;: {}}, {&apos;type&apos;: &apos;text&apos;, &apos;bbox&apos;: (356.97499999999997, 676.258, 359.74499999999995, 689.548), &apos;color_space&apos;: &apos;DeviceGray&apos;, &apos;ncolor&apos;: None, &apos;size&apos;: 13.289999999999964, &apos;value&apos;: &apos;.&apos;, &apos;children&apos;: [], &apos;features&apos;: {}}, {&apos;type&apos;: &apos;text&apos;, &apos;bbox&apos;: (359.745, 676.258, 362.515, 689.548), &apos;color_space&apos;: &apos;DeviceGray&apos;, &apos;ncolor&apos;: None, &apos;size&apos;: 13.289999999999964, &apos;value&apos;: &apos;.&apos;, &apos;children&apos;: [], &apos;features&apos;: {}}, {&apos;type&apos;: &apos;text&apos;, &apos;bbox&apos;: (362.515, 676.258, 365.28499999999997, 689.548), &apos;color_space&apos;: &apos;DeviceGray&apos;, &apos;ncolor&apos;: None, &apos;size&apos;: 13.289999999999964, &apos;value&apos;: &apos;.&apos;, &apos;children&apos;: [], &apos;features&apos;: {}}, {&apos;type&apos;: &apos;text&apos;, &apos;bbox&apos;: (365.28499999999997, 676.258, 368.05499999999995, 689.548), &apos;color_space&apos;: &apos;DeviceGray&apos;, &apos;ncolor&apos;: None, &apos;size&apos;: 13.289999999999964, &apos;value&apos;: &apos;.&apos;, &apos;children&apos;: [], &apos;features&apos;: {}}, {&apos;type&apos;: &apos;text&apos;, &apos;bbox&apos;: (368.05499999999995, 676.258, 370.82499999999993, 689.548), &apos;color_space&apos;: &apos;DeviceGray&apos;, &apos;ncolor&apos;: None, &apos;size&apos;: 13.289999999999964, &apos;value&apos;: &apos;.&apos;, &apos;children&apos;: [], &apos;features&apos;: {}}, {&apos;type&apos;: &apos;text&apos;, &apos;bbox&apos;: (370.82499999999993, 676.258, 373.5949999999999, 689.548), &apos;color_space&apos;: &apos;DeviceGray&apos;, &apos;ncolor&apos;: None, &apos;size&apos;: 13.289999999999964, &apos;value&apos;: &apos;.&apos;, &apos;children&apos;: [], &apos;features&apos;: {}}, {&apos;type&apos;: &apos;text&apos;, &apos;bbox&apos;: (373.59499999999997, 676.258, 376.36499999999995, 689.548), &apos;color_space&apos;: &apos;DeviceGray&apos;, &apos;ncolor&apos;: None, &apos;size&apos;: 13.289999999999964, &apos;value&apos;: &apos;.&apos;, &apos;children&apos;: [], &apos;features&apos;: {}}, {&apos;type&apos;: &apos;text&apos;, &apos;bbox&apos;: (376.36499999999995, 676.258, 379.13499999999993, 689.548), &apos;color_space&apos;: &apos;DeviceGray&apos;, &apos;ncolor&apos;: None, &apos;size&apos;: 13.289999999999964, &apos;value&apos;: &apos;.&apos;, &apos;children&apos;: [], &apos;features&apos;: {}}, {&apos;type&apos;: &apos;text&apos;, &apos;bbox&apos;: (379.13499999999993, 676.258, 381.9049999999999, 689.548), &apos;color_space&apos;: &apos;DeviceGray&apos;, &apos;ncolor&apos;: None, &apos;size&apos;: 13.289999999999964, &apos;value&apos;: &apos;.&apos;, &apos;children&apos;: [], &apos;features&apos;: {}}, {&apos;type&apos;: &apos;text&apos;, &apos;bbox&apos;: (381.905, 676.258, 384.67499999999995, 689.548), &apos;color_space&apos;: &apos;DeviceGray&apos;, &apos;ncolor&apos;: None, &apos;size&apos;: 13.289999999999964, &apos;value&apos;: &apos;.&apos;, &apos;children&apos;: [], &apos;features&apos;: {}}, {&apos;type&apos;: &apos;text&apos;, &apos;bbox&apos;: (384.67499999999995, 676.258, 387.44499999999994, 689.548), &apos;color_space&apos;: &apos;DeviceGray&apos;, &apos;ncolor&apos;: None, &apos;size&apos;: 13.289999999999964, &apos;value&apos;: &apos;.&apos;, &apos;children&apos;: [], &apos;features&apos;: {}}, {&apos;type&apos;: &apos;text&apos;, &apos;bbox&apos;: (387.44499999999994, 676.258, 390.2149999999999, 689.548), &apos;color_space&apos;: &apos;DeviceGray&apos;, &apos;ncolor&apos;: None, &apos;size&apos;: 13.289999999999964, &apos;value&apos;: &apos;.&apos;, &apos;children&apos;: [], &apos;features&apos;: {}}, {&apos;type&apos;: &apos;text&apos;, &apos;bbox&apos;: (390.2149999999999, 676.258, 392.9849999999999, 689.548), &apos;color_space&apos;: &apos;DeviceGray&apos;, &apos;ncolor&apos;: None, &apos;size&apos;: 13.289999999999964, &apos;value&apos;: &apos;.&apos;, &apos;children&apos;: [], &apos;features&apos;: {}}, {&apos;type&apos;: &apos;text&apos;, &apos;bbox&apos;: (392.9849999999999, 676.258, 395.7549999999999, 689.548), &apos;color_space&apos;: &apos;DeviceGray&apos;, &apos;ncolor&apos;: None, &apos;size&apos;: 13.289999999999964, &apos;value&apos;: &apos;.&apos;, &apos;children&apos;: [], &apos;features&apos;: {}}, {&apos;type&apos;: &apos;text&apos;, &apos;bbox&apos;: (395.75499999999994, 676.258, 398.5249999999999, 689.548), &apos;color_space&apos;: &apos;DeviceGray&apos;, &apos;ncolor&apos;: None, &apos;size&apos;: 13.289999999999964, &apos;value&apos;: &apos;.&apos;, &apos;children&apos;: [], &apos;features&apos;: {}}, {&apos;type&apos;: &apos;text&apos;, &apos;bbox&apos;: (398.5249999999999, 676.258, 401.2949999999999, 689.548), &apos;color_space&apos;: &apos;DeviceGray&apos;, &apos;ncolor&apos;: None, &apos;size&apos;: 13.289999999999964, &apos;value&apos;: &apos;.&apos;, &apos;children&apos;: [], &apos;features&apos;: {}}, {&apos;type&apos;: &apos;text&apos;, &apos;bbox&apos;: (401.29499999999996, 676.258, 404.06499999999994, 689.548), &apos;color_space&apos;: &apos;DeviceGray&apos;, &apos;ncolor&apos;: None, &apos;size&apos;: 13.289999999999964, &apos;value&apos;: &apos;.&apos;, &apos;children&apos;: [], &apos;features&apos;: {}}, {&apos;type&apos;: &apos;text&apos;, &apos;bbox&apos;: (404.06499999999994, 676.258, 406.8349999999999, 689.548), &apos;color_space&apos;: &apos;DeviceGray&apos;, &apos;ncolor&apos;: None, &apos;size&apos;: 13.289999999999964, &apos;value&apos;: &apos;.&apos;, &apos;children&apos;: [], &apos;features&apos;: {}}, {&apos;type&apos;: &apos;text&apos;, &apos;bbox&apos;: (406.8349999999999, 676.258, 409.6049999999999, 689.548), &apos;color_space&apos;: &apos;DeviceGray&apos;, &apos;ncolor&apos;: None, &apos;size&apos;: 13.289999999999964, &apos;value&apos;: &apos;.&apos;, &apos;children&apos;: [], &apos;features&apos;: {}}, {&apos;type&apos;: &apos;text&apos;, &apos;bbox&apos;: (409.60499999999996, 676.258, 412.37499999999994, 689.548), &apos;color_space&apos;: &apos;DeviceGray&apos;, &apos;ncolor&apos;: None, &apos;size&apos;: 13.289999999999964, &apos;value&apos;: &apos;.&apos;, &apos;children&apos;: [], &apos;features&apos;: {}}, {&apos;type&apos;: &apos;text&apos;, &apos;bbox&apos;: (412.375, 676.258, 415.145, 689.548), &apos;color_space&apos;: &apos;DeviceGray&apos;, &apos;ncolor&apos;: None, &apos;size&apos;: 13.289999999999964, &apos;value&apos;: &apos;.&apos;, &apos;children&apos;: [], &apos;features&apos;: {}}, {&apos;type&apos;: &apos;text&apos;, &apos;bbox&apos;: (415.145, 676.258, 417.91499999999996, 689.548), &apos;color_space&apos;: &apos;DeviceGray&apos;, &apos;ncolor&apos;: None, &apos;size&apos;: 13.289999999999964, &apos;value&apos;: &apos;.&apos;, &apos;children&apos;: [], &apos;features&apos;: {}}, {&apos;type&apos;: &apos;text&apos;, &apos;bbox&apos;: (417.91499999999996, 676.258, 420.68499999999995, 689.548), &apos;color_space&apos;: &apos;DeviceGray&apos;, &apos;ncolor&apos;: None, &apos;size&apos;: 13.289999999999964, &apos;value&apos;: &apos;.&apos;, &apos;children&apos;: [], &apos;features&apos;: {}}, {&apos;type&apos;: &apos;text&apos;, &apos;bbox&apos;: (420.685, 676.258, 423.455, 689.548), &apos;color_space&apos;: &apos;DeviceGray&apos;, &apos;ncolor&apos;: None, &apos;size&apos;: 13.289999999999964, &apos;value&apos;: &apos;.&apos;, &apos;children&apos;: [], &apos;features&apos;: {}}, {&apos;type&apos;: &apos;text&apos;, &apos;bbox&apos;: (423.45500000000004, 676.258, 426.225, 689.548), &apos;color_space&apos;: &apos;DeviceGray&apos;, &apos;ncolor&apos;: None, &apos;size&apos;: 13.289999999999964, &apos;value&apos;: &apos;.&apos;, &apos;children&apos;: [], &apos;features&apos;: {}}, {&apos;type&apos;: &apos;text&apos;, &apos;bbox&apos;: (426.225, 676.258, 428.995, 689.548), &apos;color_space&apos;: &apos;DeviceGray&apos;, &apos;ncolor&apos;: None, &apos;size&apos;: 13.289999999999964, &apos;value&apos;: &apos;.&apos;, &apos;children&apos;: [], &apos;features&apos;: {}}, {&apos;type&apos;: &apos;text&apos;, &apos;bbox&apos;: (428.995, 676.258, 431.765, 689.548), &apos;color_space&apos;: &apos;DeviceGray&apos;, &apos;ncolor&apos;: None, &apos;size&apos;: 13.289999999999964, &apos;value&apos;: &apos;.&apos;, &apos;children&apos;: [], &apos;features&apos;: {}}, {&apos;type&apos;: &apos;text&apos;, &apos;bbox&apos;: (431.76500000000004, 676.258, 434.535, 689.548), &apos;color_space&apos;: &apos;DeviceGray&apos;, &apos;ncolor&apos;: None, &apos;size&apos;: 13.289999999999964, &apos;value&apos;: &apos;.&apos;, &apos;children&apos;: [], &apos;features&apos;: {}}, {&apos;type&apos;: &apos;text&apos;, &apos;bbox&apos;: (434.5350000000001, 676.258, 437.30500000000006, 689.548), &apos;color_space&apos;: &apos;DeviceGray&apos;, &apos;ncolor&apos;: None, &apos;size&apos;: 13.289999999999964, &apos;value&apos;: &apos;.&apos;, &apos;children&apos;: [], &apos;features&apos;: {}}, {&apos;type&apos;: &apos;text&apos;, &apos;bbox&apos;: (437.30500000000006, 676.258, 440.07500000000005, 689.548), &apos;color_space&apos;: &apos;DeviceGray&apos;, &apos;ncolor&apos;: None, &apos;size&apos;: 13.289999999999964, &apos;value&apos;: &apos;.&apos;, &apos;children&apos;: [], &apos;features&apos;: {}}, {&apos;type&apos;: &apos;text&apos;, &apos;bbox&apos;: (440.07500000000005, 676.258, 442.845, 689.548), &apos;color_space&apos;: &apos;DeviceGray&apos;, &apos;ncolor&apos;: None, &apos;size&apos;: 13.289999999999964, &apos;value&apos;: &apos;.&apos;, &apos;children&apos;: [], &apos;features&apos;: {}}, {&apos;type&apos;: &apos;text&apos;, &apos;bbox&apos;: (442.8450000000001, 676.258, 445.61500000000007, 689.548), &apos;color_space&apos;: &apos;DeviceGray&apos;, &apos;ncolor&apos;: None, &apos;size&apos;: 13.289999999999964, &apos;value&apos;: &apos;.&apos;, &apos;children&apos;: [], &apos;features&apos;: {}}, {&apos;type&apos;: &apos;text&apos;, &apos;bbox&apos;: (445.6150000000001, 676.258, 448.3850000000001, 689.548), &apos;color_space&apos;: &apos;DeviceGray&apos;, &apos;ncolor&apos;: None, &apos;size&apos;: 13.289999999999964, &apos;value&apos;: &apos;.&apos;, &apos;children&apos;: [], &apos;features&apos;: {}}, {&apos;type&apos;: &apos;text&apos;, &apos;bbox&apos;: (448.3850000000001, 676.258, 451.1550000000001, 689.548), &apos;color_space&apos;: &apos;DeviceGray&apos;, &apos;ncolor&apos;: None, &apos;size&apos;: 13.289999999999964, &apos;value&apos;: &apos;.&apos;, &apos;children&apos;: [], &apos;features&apos;: {}}, {&apos;type&apos;: &apos;text&apos;, &apos;bbox&apos;: (451.1550000000001, 676.258, 453.92500000000007, 689.548), &apos;color_space&apos;: &apos;DeviceGray&apos;, &apos;ncolor&apos;: None, &apos;size&apos;: 13.289999999999964, &apos;value&apos;: &apos;.&apos;, &apos;children&apos;: [], &apos;features&apos;: {}}, {&apos;type&apos;: &apos;text&apos;, &apos;bbox&apos;: (453.9250000000001, 676.258, 456.6950000000001, 689.548), &apos;color_space&apos;: &apos;DeviceGray&apos;, &apos;ncolor&apos;: None, &apos;size&apos;: 13.289999999999964, &apos;value&apos;: &apos;.&apos;, &apos;children&apos;: [], &apos;features&apos;: {}}, {&apos;type&apos;: &apos;text&apos;, &apos;bbox&apos;: (456.69500000000016, 676.258, 459.46500000000015, 689.548), &apos;color_space&apos;: &apos;DeviceGray&apos;, &apos;ncolor&apos;: None, &apos;size&apos;: 13.289999999999964, &apos;value&apos;: &apos;.&apos;, &apos;children&apos;: [], &apos;features&apos;: {}}, {&apos;type&apos;: &apos;text&apos;, &apos;bbox&apos;: (459.46500000000015, 676.258, 462.2350000000001, 689.548), &apos;color_space&apos;: &apos;DeviceGray&apos;, &apos;ncolor&apos;: None, &apos;size&apos;: 13.289999999999964, &apos;value&apos;: &apos;.&apos;, &apos;children&apos;: [], &apos;features&apos;: {}}, {&apos;type&apos;: &apos;text&apos;, &apos;bbox&apos;: (462.2350000000001, 676.258, 465.0050000000001, 689.548), &apos;color_space&apos;: &apos;DeviceGray&apos;, &apos;ncolor&apos;: None, &apos;size&apos;: 13.289999999999964, &apos;value&apos;: &apos;.&apos;, &apos;children&apos;: [], &apos;features&apos;: {}}, {&apos;type&apos;: &apos;text&apos;, &apos;bbox&apos;: (465.00500000000017, 676.258, 467.77500000000015, 689.548), &apos;color_space&apos;: &apos;DeviceGray&apos;, &apos;ncolor&apos;: None, &apos;size&apos;: 13.289999999999964, &apos;value&apos;: &apos;.&apos;, &apos;children&apos;: [], &apos;features&apos;: {}}, {&apos;type&apos;: &apos;text&apos;, &apos;bbox&apos;: (467.7750000000002, 676.258, 470.5450000000002, 689.548), &apos;color_space&apos;: &apos;DeviceGray&apos;, &apos;ncolor&apos;: None, &apos;size&apos;: 13.289999999999964, &apos;value&apos;: &apos;.&apos;, &apos;children&apos;: [], &apos;features&apos;: {}}, {&apos;type&apos;: &apos;text&apos;, &apos;bbox&apos;: (470.5450000000002, 676.258, 473.31500000000017, 689.548), &apos;color_space&apos;: &apos;DeviceGray&apos;, &apos;ncolor&apos;: None, &apos;size&apos;: 13.289999999999964, &apos;value&apos;: &apos;.&apos;, &apos;children&apos;: [], &apos;features&apos;: {}}, {&apos;type&apos;: &apos;text&apos;, &apos;bbox&apos;: (473.31500000000017, 676.258, 476.08500000000015, 689.548), &apos;color_space&apos;: &apos;DeviceGray&apos;, &apos;ncolor&apos;: None, &apos;size&apos;: 13.289999999999964, &apos;value&apos;: &apos;.&apos;, &apos;children&apos;: [], &apos;features&apos;: {}}, {&apos;type&apos;: &apos;text&apos;, &apos;bbox&apos;: (476.0850000000002, 676.258, 478.8550000000002, 689.548), &apos;color_space&apos;: &apos;DeviceGray&apos;, &apos;ncolor&apos;: None, &apos;size&apos;: 13.289999999999964, &apos;value&apos;: &apos;.&apos;, &apos;children&apos;: [], &apos;features&apos;: {}}, {&apos;type&apos;: &apos;text&apos;, &apos;bbox&apos;: (478.85500000000025, 676.258, 481.6250000000002, 689.548), &apos;color_space&apos;: &apos;DeviceGray&apos;, &apos;ncolor&apos;: None, &apos;size&apos;: 13.289999999999964, &apos;value&apos;: &apos;.&apos;, &apos;children&apos;: [], &apos;features&apos;: {}}, {&apos;type&apos;: &apos;text&apos;, &apos;bbox&apos;: (481.6250000000002, 676.258, 484.3950000000002, 689.548), &apos;color_space&apos;: &apos;DeviceGray&apos;, &apos;ncolor&apos;: None, &apos;size&apos;: 13.289999999999964, &apos;value&apos;: &apos;.&apos;, &apos;children&apos;: [], &apos;features&apos;: {}}, {&apos;type&apos;: &apos;text&apos;, &apos;bbox&apos;: (484.3950000000002, 676.258, 487.1650000000002, 689.548), &apos;color_space&apos;: &apos;DeviceGray&apos;, &apos;ncolor&apos;: None, &apos;size&apos;: 13.289999999999964, &apos;value&apos;: &apos;.&apos;, &apos;children&apos;: [], &apos;features&apos;: {}}, {&apos;type&apos;: &apos;text&apos;, &apos;bbox&apos;: (487.16500000000025, 676.258, 489.93500000000023, 689.548), &apos;color_space&apos;: &apos;DeviceGray&apos;, &apos;ncolor&apos;: None, &apos;size&apos;: 13.289999999999964, &apos;value&apos;: &apos;.&apos;, &apos;children&apos;: [], &apos;features&apos;: {}}, {&apos;type&apos;: &apos;text&apos;, &apos;bbox&apos;: (489.9350000000003, 676.258, 492.70500000000027, 689.548), &apos;color_space&apos;: &apos;DeviceGray&apos;, &apos;ncolor&apos;: None, &apos;size&apos;: 13.289999999999964, &apos;value&apos;: &apos;.&apos;, &apos;children&apos;: [], &apos;features&apos;: {}}, {&apos;type&apos;: &apos;text&apos;, &apos;bbox&apos;: (492.70500000000027, 676.258, 495.47500000000025, 689.548), &apos;color_space&apos;: &apos;DeviceGray&apos;, &apos;ncolor&apos;: None, &apos;size&apos;: 13.289999999999964, &apos;value&apos;: &apos;.&apos;, &apos;children&apos;: [], &apos;features&apos;: {}}, {&apos;type&apos;: &apos;text&apos;, &apos;bbox&apos;: (495.47500000000025, 676.258, 498.24500000000023, 689.548), &apos;color_space&apos;: &apos;DeviceGray&apos;, &apos;ncolor&apos;: None, &apos;size&apos;: 13.289999999999964, &apos;value&apos;: &apos;.&apos;, &apos;children&apos;: [], &apos;features&apos;: {}}, {&apos;type&apos;: &apos;text&apos;, &apos;bbox&apos;: (498.2450000000003, 676.258, 501.01500000000027, 689.548), &apos;color_space&apos;: &apos;DeviceGray&apos;, &apos;ncolor&apos;: None, &apos;size&apos;: 13.289999999999964, &apos;value&apos;: &apos;.&apos;, &apos;children&apos;: [], &apos;features&apos;: {}}, {&apos;type&apos;: &apos;text&apos;, &apos;bbox&apos;: (501.0150000000003, 676.258, 503.7850000000003, 689.548), &apos;color_space&apos;: &apos;DeviceGray&apos;, &apos;ncolor&apos;: None, &apos;size&apos;: 13.289999999999964, &apos;value&apos;: &apos;.&apos;, &apos;children&apos;: [], &apos;features&apos;: {}}, {&apos;type&apos;: &apos;text&apos;, &apos;bbox&apos;: (503.7850000000003, 676.258, 506.5550000000003, 689.548), &apos;color_space&apos;: &apos;DeviceGray&apos;, &apos;ncolor&apos;: None, &apos;size&apos;: 13.289999999999964, &apos;value&apos;: &apos;.&apos;, &apos;children&apos;: [], &apos;features&apos;: {}}, {&apos;type&apos;: &apos;text&apos;, &apos;bbox&apos;: (506.5550000000003, 676.258, 509.3250000000003, 689.548), &apos;color_space&apos;: &apos;DeviceGray&apos;, &apos;ncolor&apos;: None, &apos;size&apos;: 13.289999999999964, &apos;value&apos;: &apos;.&apos;, &apos;children&apos;: [], &apos;features&apos;: {}}, {&apos;type&apos;: &apos;text&apos;, &apos;bbox&apos;: (509.32500000000033, 676.258, 512.0950000000004, 689.548), &apos;color_space&apos;: &apos;DeviceGray&apos;, &apos;ncolor&apos;: None, &apos;size&apos;: 13.289999999999964, &apos;value&apos;: &apos;.&apos;, &apos;children&apos;: [], &apos;features&apos;: {}}, {&apos;type&apos;: &apos;text&apos;, &apos;bbox&apos;: (512.0950000000004, 676.258, 514.8650000000004, 689.548), &apos;color_space&apos;: &apos;DeviceGray&apos;, &apos;ncolor&apos;: None, &apos;size&apos;: 13.289999999999964, &apos;value&apos;: &apos;.&apos;, &apos;children&apos;: [], &apos;features&apos;: {}}, {&apos;type&apos;: &apos;text&apos;, &apos;bbox&apos;: (514.8650000000004, 676.258, 517.6350000000003, 689.548), &apos;color_space&apos;: &apos;DeviceGray&apos;, &apos;ncolor&apos;: None, &apos;size&apos;: 13.289999999999964, &apos;value&apos;: &apos;.&apos;, &apos;children&apos;: [], &apos;features&apos;: {}}, {&apos;type&apos;: &apos;text&apos;, &apos;bbox&apos;: (519.986, 676.258, 525.5459999999999, 689.548), &apos;color_space&apos;: &apos;DeviceGray&apos;, &apos;ncolor&apos;: None, &apos;size&apos;: 13.289999999999964, &apos;value&apos;: &apos;7&apos;, &apos;children&apos;: [], &apos;features&apos;: {}}, {&apos;type&apos;: &apos;text&apos;, &apos;bbox&apos;: (525.5459999999999, 676.258, 528.876, 689.548), &apos;color_space&apos;: &apos;DeviceGray&apos;, &apos;ncolor&apos;: None, &apos;size&apos;: 13.289999999999964, &apos;value&apos;: &apos;-&apos;, &apos;children&apos;: [], &apos;features&apos;: {}}, {&apos;type&apos;: &apos;text&apos;, &apos;bbox&apos;: (528.877, 676.258, 534.4369999999999, 689.548), &apos;color_space&apos;: &apos;DeviceGray&apos;, &apos;ncolor&apos;: None, &apos;size&apos;: 13.289999999999964, &apos;value&apos;: &apos;1&apos;, &apos;children&apos;: [], &apos;features&apos;: {}}, {&apos;type&apos;: &apos;text&apos;, &apos;bbox&apos;: (534.4369999999999, 676.258, 539.9969999999998, 689.548), &apos;color_space&apos;: &apos;DeviceGray&apos;, &apos;ncolor&apos;: None, &apos;size&apos;: 13.289999999999964, &apos;value&apos;: &apos;0&apos;, &apos;children&apos;: [], &apos;features&apos;: {}}], &apos;features&apos;: {}}
*********************





--------------------------------- CONTENT AREA --------------------------------- 
This content area has an image
{&apos;type&apos;: &apos;figure&apos;, &apos;bbox&apos;: (0, 0, 612.0, 792.0), &apos;name&apos;: &apos;fx50&apos;, &apos;children&apos;: [{&apos;type&apos;: &apos;text&apos;, &apos;bbox&apos;: (114.0, 660.0369999999999, 122.31, 673.5169999999999), &apos;color_space&apos;: &apos;DeviceGray&apos;, &apos;ncolor&apos;: None, &apos;size&apos;: 13.480000000000018, &apos;value&apos;: &apos;D&apos;, &apos;children&apos;: [], &apos;features&apos;: {}}, {&apos;type&apos;: &apos;text&apos;, &apos;bbox&apos;: (122.31, 660.0369999999999, 126.2, 673.5169999999999), &apos;color_space&apos;: &apos;DeviceGray&apos;, &apos;ncolor&apos;: None, &apos;size&apos;: 13.480000000000018, &apos;value&apos;: &apos;I&apos;, &apos;children&apos;: [], &apos;features&apos;: {}}, {&apos;type&apos;: &apos;text&apos;, &apos;bbox&apos;: (126.2, 660.0369999999999, 136.2, 673.5169999999999), &apos;color_space&apos;: &apos;DeviceGray&apos;, &apos;ncolor&apos;: None, &apos;size&apos;: 13.480000000000018, &apos;value&apos;: &apos;M&apos;, &apos;children&apos;: [], &apos;features&apos;: {}}, {&apos;type&apos;: &apos;text&apos;, &apos;bbox&apos;: (136.2, 660.0369999999999, 141.2, 673.5169999999999), &apos;color_space&apos;: &apos;DeviceGray&apos;, &apos;ncolor&apos;: None, &apos;size&apos;: 13.480000000000018, &apos;value&apos;: &apos;_&apos;, &apos;children&apos;: [], &apos;features&apos;: {}}, {&apos;type&apos;: &apos;text&apos;, &apos;bbox&apos;: (141.2, 660.0369999999999, 148.42, 673.5169999999999), &apos;color_space&apos;: &apos;DeviceGray&apos;, &apos;ncolor&apos;: None, &apos;size&apos;: 13.480000000000018, &apos;value&apos;: &apos;C&apos;, &apos;children&apos;: [], &apos;features&apos;: {}}, {&apos;type&apos;: &apos;text&apos;, &apos;bbox&apos;: (148.42000000000002, 660.0369999999999, 156.75000000000003, 673.5169999999999), &apos;color_space&apos;: &apos;DeviceGray&apos;, &apos;ncolor&apos;: None, &apos;size&apos;: 13.480000000000018, &apos;value&apos;: &apos;O&apos;, &apos;children&apos;: [], &apos;features&apos;: {}}, {&apos;type&apos;: &apos;text&apos;, &apos;bbox&apos;: (156.75, 660.0369999999999, 166.75, 673.5169999999999), &apos;color_space&apos;: &apos;DeviceGray&apos;, &apos;ncolor&apos;: None, &apos;size&apos;: 13.480000000000018, &apos;value&apos;: &apos;M&apos;, &apos;children&apos;: [], &apos;features&apos;: {}}, {&apos;type&apos;: &apos;text&apos;, &apos;bbox&apos;: (166.75, 660.0369999999999, 176.75, 673.5169999999999), &apos;color_space&apos;: &apos;DeviceGray&apos;, &apos;ncolor&apos;: None, &apos;size&apos;: 13.480000000000018, &apos;value&apos;: &apos;M&apos;, &apos;children&apos;: [], &apos;features&apos;: {}}, {&apos;type&apos;: &apos;text&apos;, &apos;bbox&apos;: (176.75, 660.0369999999999, 185.08, 673.5169999999999), &apos;color_space&apos;: &apos;DeviceGray&apos;, &apos;ncolor&apos;: None, &apos;size&apos;: 13.480000000000018, &apos;value&apos;: &apos;O&apos;, &apos;children&apos;: [], &apos;features&apos;: {}}, {&apos;type&apos;: &apos;text&apos;, &apos;bbox&apos;: (185.07999999999998, 660.0369999999999, 193.41, 673.5169999999999), &apos;color_space&apos;: &apos;DeviceGray&apos;, &apos;ncolor&apos;: None, &apos;size&apos;: 13.480000000000018, &apos;value&apos;: &apos;N&apos;, &apos;children&apos;: [], &apos;features&apos;: {}}, {&apos;type&apos;: &apos;text&apos;, &apos;bbox&apos;: (193.41, 660.0369999999999, 198.41, 673.5169999999999), &apos;color_space&apos;: &apos;DeviceGray&apos;, &apos;ncolor&apos;: None, &apos;size&apos;: 13.480000000000018, &apos;value&apos;: &apos;_&apos;, &apos;children&apos;: [], &apos;features&apos;: {}}, {&apos;type&apos;: &apos;text&apos;, &apos;bbox&apos;: (198.41, 660.0369999999999, 205.63, 673.5169999999999), &apos;color_space&apos;: &apos;DeviceGray&apos;, &apos;ncolor&apos;: None, &apos;size&apos;: 13.480000000000018, &apos;value&apos;: &apos;C&apos;, &apos;children&apos;: [], &apos;features&apos;: {}}, {&apos;type&apos;: &apos;text&apos;, &apos;bbox&apos;: (205.63, 660.0369999999999, 213.96, 673.5169999999999), &apos;color_space&apos;: &apos;DeviceGray&apos;, &apos;ncolor&apos;: None, &apos;size&apos;: 13.480000000000018, &apos;value&apos;: &apos;O&apos;, &apos;children&apos;: [], &apos;features&apos;: {}}, {&apos;type&apos;: &apos;text&apos;, &apos;bbox&apos;: (213.95999999999998, 660.0369999999999, 221.73, 673.5169999999999), &apos;color_space&apos;: &apos;DeviceGray&apos;, &apos;ncolor&apos;: None, &apos;size&apos;: 13.480000000000018, &apos;value&apos;: &apos;A&apos;, &apos;children&apos;: [], &apos;features&apos;: {}}, {&apos;type&apos;: &apos;text&apos;, &apos;bbox&apos;: (221.73, 660.0369999999999, 226.73, 673.5169999999999), &apos;color_space&apos;: &apos;DeviceGray&apos;, &apos;ncolor&apos;: None, &apos;size&apos;: 13.480000000000018, &apos;value&apos;: &apos;_&apos;, &apos;children&apos;: [], &apos;features&apos;: {}}, {&apos;type&apos;: &apos;text&apos;, &apos;bbox&apos;: (226.73, 660.0369999999999, 233.32999999999998, 673.5169999999999), &apos;color_space&apos;: &apos;DeviceGray&apos;, &apos;ncolor&apos;: None, &apos;size&apos;: 13.480000000000018, &apos;value&apos;: &apos;B&apos;, &apos;children&apos;: [], &apos;features&apos;: {}}, {&apos;type&apos;: &apos;text&apos;, &apos;bbox&apos;: (233.35, 660.7669999999999, 236.12, 674.0569999999999), &apos;color_space&apos;: &apos;DeviceGray&apos;, &apos;ncolor&apos;: None, &apos;size&apos;: 13.289999999999964, &apos;value&apos;: &apos;.&apos;, &apos;children&apos;: [], &apos;features&apos;: {}}, {&apos;type&apos;: &apos;text&apos;, &apos;bbox&apos;: (236.12, 660.7669999999999, 238.89000000000001, 674.0569999999999), &apos;color_space&apos;: &apos;DeviceGray&apos;, &apos;ncolor&apos;: None, &apos;size&apos;: 13.289999999999964, &apos;value&apos;: &apos;.&apos;, &apos;children&apos;: [], &apos;features&apos;: {}}, {&apos;type&apos;: &apos;text&apos;, &apos;bbox&apos;: (238.89, 660.7669999999999, 241.66, 674.0569999999999), &apos;color_space&apos;: &apos;DeviceGray&apos;, &apos;ncolor&apos;: None, &apos;size&apos;: 13.289999999999964, &apos;value&apos;: &apos;.&apos;, &apos;children&apos;: [], &apos;features&apos;: {}}, {&apos;type&apos;: &apos;text&apos;, &apos;bbox&apos;: (241.66, 660.7669999999999, 244.43, 674.0569999999999), &apos;color_space&apos;: &apos;DeviceGray&apos;, &apos;ncolor&apos;: None, &apos;size&apos;: 13.289999999999964, &apos;value&apos;: &apos;.&apos;, &apos;children&apos;: [], &apos;features&apos;: {}}, {&apos;type&apos;: &apos;text&apos;, &apos;bbox&apos;: (244.43, 660.7669999999999, 247.20000000000002, 674.0569999999999), &apos;color_space&apos;: &apos;DeviceGray&apos;, &apos;ncolor&apos;: None, &apos;size&apos;: 13.289999999999964, &apos;value&apos;: &apos;.&apos;, &apos;children&apos;: [], &apos;features&apos;: {}}, {&apos;type&apos;: &apos;text&apos;, &apos;bbox&apos;: (247.2, 660.7669999999999, 249.97, 674.0569999999999), &apos;color_space&apos;: &apos;DeviceGray&apos;, &apos;ncolor&apos;: None, &apos;size&apos;: 13.289999999999964, &apos;value&apos;: &apos;.&apos;, &apos;children&apos;: [], &apos;features&apos;: {}}, {&apos;type&apos;: &apos;text&apos;, &apos;bbox&apos;: (249.97, 660.7669999999999, 252.74, 674.0569999999999), &apos;color_space&apos;: &apos;DeviceGray&apos;, &apos;ncolor&apos;: None, &apos;size&apos;: 13.289999999999964, &apos;value&apos;: &apos;.&apos;, &apos;children&apos;: [], &apos;features&apos;: {}}, {&apos;type&apos;: &apos;text&apos;, &apos;bbox&apos;: (252.74, 660.7669999999999, 255.51000000000002, 674.0569999999999), &apos;color_space&apos;: &apos;DeviceGray&apos;, &apos;ncolor&apos;: None, &apos;size&apos;: 13.289999999999964, &apos;value&apos;: &apos;.&apos;, &apos;children&apos;: [], &apos;features&apos;: {}}, {&apos;type&apos;: &apos;text&apos;, &apos;bbox&apos;: (255.51, 660.7669999999999, 258.28, 674.0569999999999), &apos;color_space&apos;: &apos;DeviceGray&apos;, &apos;ncolor&apos;: None, &apos;size&apos;: 13.289999999999964, &apos;value&apos;: &apos;.&apos;, &apos;children&apos;: [], &apos;features&apos;: {}}, {&apos;type&apos;: &apos;text&apos;, &apos;bbox&apos;: (258.28, 660.7669999999999, 261.04999999999995, 674.0569999999999), &apos;color_space&apos;: &apos;DeviceGray&apos;, &apos;ncolor&apos;: None, &apos;size&apos;: 13.289999999999964, &apos;value&apos;: &apos;.&apos;, &apos;children&apos;: [], &apos;features&apos;: {}}, {&apos;type&apos;: &apos;text&apos;, &apos;bbox&apos;: (261.05, 660.7669999999999, 263.82, 674.0569999999999), &apos;color_space&apos;: &apos;DeviceGray&apos;, &apos;ncolor&apos;: None, &apos;size&apos;: 13.289999999999964, &apos;value&apos;: &apos;.&apos;, &apos;children&apos;: [], &apos;features&apos;: {}}, {&apos;type&apos;: &apos;text&apos;, &apos;bbox&apos;: (263.82, 660.7669999999999, 266.59, 674.0569999999999), &apos;color_space&apos;: &apos;DeviceGray&apos;, &apos;ncolor&apos;: None, &apos;size&apos;: 13.289999999999964, &apos;value&apos;: &apos;.&apos;, &apos;children&apos;: [], &apos;features&apos;: {}}, {&apos;type&apos;: &apos;text&apos;, &apos;bbox&apos;: (266.59, 660.7669999999999, 269.35999999999996, 674.0569999999999), &apos;color_space&apos;: &apos;DeviceGray&apos;, &apos;ncolor&apos;: None, &apos;size&apos;: 13.289999999999964, &apos;value&apos;: &apos;.&apos;, &apos;children&apos;: [], &apos;features&apos;: {}}, {&apos;type&apos;: &apos;text&apos;, &apos;bbox&apos;: (269.36, 660.7669999999999, 272.13, 674.0569999999999), &apos;color_space&apos;: &apos;DeviceGray&apos;, &apos;ncolor&apos;: None, &apos;size&apos;: 13.289999999999964, &apos;value&apos;: &apos;.&apos;, &apos;children&apos;: [], &apos;features&apos;: {}}, {&apos;type&apos;: &apos;text&apos;, &apos;bbox&apos;: (272.13, 660.7669999999999, 274.9, 674.0569999999999), &apos;color_space&apos;: &apos;DeviceGray&apos;, &apos;ncolor&apos;: None, &apos;size&apos;: 13.289999999999964, &apos;value&apos;: &apos;.&apos;, &apos;children&apos;: [], &apos;features&apos;: {}}, {&apos;type&apos;: &apos;text&apos;, &apos;bbox&apos;: (274.9, 660.7669999999999, 277.66999999999996, 674.0569999999999), &apos;color_space&apos;: &apos;DeviceGray&apos;, &apos;ncolor&apos;: None, &apos;size&apos;: 13.289999999999964, &apos;value&apos;: &apos;.&apos;, &apos;children&apos;: [], &apos;features&apos;: {}}, {&apos;type&apos;: &apos;text&apos;, &apos;bbox&apos;: (277.67, 660.7669999999999, 280.44, 674.0569999999999), &apos;color_space&apos;: &apos;DeviceGray&apos;, &apos;ncolor&apos;: None, &apos;size&apos;: 13.289999999999964, &apos;value&apos;: &apos;.&apos;, &apos;children&apos;: [], &apos;features&apos;: {}}, {&apos;type&apos;: &apos;text&apos;, &apos;bbox&apos;: (280.44, 660.7669999999999, 283.21, 674.0569999999999), &apos;color_space&apos;: &apos;DeviceGray&apos;, &apos;ncolor&apos;: None, &apos;size&apos;: 13.289999999999964, &apos;value&apos;: &apos;.&apos;, &apos;children&apos;: [], &apos;features&apos;: {}}, {&apos;type&apos;: &apos;text&apos;, &apos;bbox&apos;: (283.21000000000004, 660.7669999999999, 285.98, 674.0569999999999), &apos;color_space&apos;: &apos;DeviceGray&apos;, &apos;ncolor&apos;: None, &apos;size&apos;: 13.289999999999964, &apos;value&apos;: &apos;.&apos;, &apos;children&apos;: [], &apos;features&apos;: {}}, {&apos;type&apos;: &apos;text&apos;, &apos;bbox&apos;: (285.98, 660.7669999999999, 288.75, 674.0569999999999), &apos;color_space&apos;: &apos;DeviceGray&apos;, &apos;ncolor&apos;: None, &apos;size&apos;: 13.289999999999964, &apos;value&apos;: &apos;.&apos;, &apos;children&apos;: [], &apos;features&apos;: {}}, {&apos;type&apos;: &apos;text&apos;, &apos;bbox&apos;: (288.75, 660.7669999999999, 291.52, 674.0569999999999), &apos;color_space&apos;: &apos;DeviceGray&apos;, &apos;ncolor&apos;: None, &apos;size&apos;: 13.289999999999964, &apos;value&apos;: &apos;.&apos;, &apos;children&apos;: [], &apos;features&apos;: {}}, {&apos;type&apos;: &apos;text&apos;, &apos;bbox&apos;: (291.52000000000004, 660.7669999999999, 294.29, 674.0569999999999), &apos;color_space&apos;: &apos;DeviceGray&apos;, &apos;ncolor&apos;: None, &apos;size&apos;: 13.289999999999964, &apos;value&apos;: &apos;.&apos;, &apos;children&apos;: [], &apos;features&apos;: {}}, {&apos;type&apos;: &apos;text&apos;, &apos;bbox&apos;: (294.29, 660.7669999999999, 297.06, 674.0569999999999), &apos;color_space&apos;: &apos;DeviceGray&apos;, &apos;ncolor&apos;: None, &apos;size&apos;: 13.289999999999964, &apos;value&apos;: &apos;.&apos;, &apos;children&apos;: [], &apos;features&apos;: {}}, {&apos;type&apos;: &apos;text&apos;, &apos;bbox&apos;: (297.06000000000006, 660.7669999999999, 299.83000000000004, 674.0569999999999), &apos;color_space&apos;: &apos;DeviceGray&apos;, &apos;ncolor&apos;: None, &apos;size&apos;: 13.289999999999964, &apos;value&apos;: &apos;.&apos;, &apos;children&apos;: [], &apos;features&apos;: {}}, {&apos;type&apos;: &apos;text&apos;, &apos;bbox&apos;: (299.83000000000004, 660.7669999999999, 302.6, 674.0569999999999), &apos;color_space&apos;: &apos;DeviceGray&apos;, &apos;ncolor&apos;: None, &apos;size&apos;: 13.289999999999964, &apos;value&apos;: &apos;.&apos;, &apos;children&apos;: [], &apos;features&apos;: {}}, {&apos;type&apos;: &apos;text&apos;, &apos;bbox&apos;: (302.6, 660.7669999999999, 305.37, 674.0569999999999), &apos;color_space&apos;: &apos;DeviceGray&apos;, &apos;ncolor&apos;: None, &apos;size&apos;: 13.289999999999964, &apos;value&apos;: &apos;.&apos;, &apos;children&apos;: [], &apos;features&apos;: {}}, {&apos;type&apos;: &apos;text&apos;, &apos;bbox&apos;: (305.37, 660.7669999999999, 308.14, 674.0569999999999), &apos;color_space&apos;: &apos;DeviceGray&apos;, &apos;ncolor&apos;: None, &apos;size&apos;: 13.289999999999964, &apos;value&apos;: &apos;.&apos;, &apos;children&apos;: [], &apos;features&apos;: {}}, {&apos;type&apos;: &apos;text&apos;, &apos;bbox&apos;: (308.14, 660.7669999999999, 310.90999999999997, 674.0569999999999), &apos;color_space&apos;: &apos;DeviceGray&apos;, &apos;ncolor&apos;: None, &apos;size&apos;: 13.289999999999964, &apos;value&apos;: &apos;.&apos;, &apos;children&apos;: [], &apos;features&apos;: {}}, {&apos;type&apos;: &apos;text&apos;, &apos;bbox&apos;: (310.91, 660.7669999999999, 313.68, 674.0569999999999), &apos;color_space&apos;: &apos;DeviceGray&apos;, &apos;ncolor&apos;: None, &apos;size&apos;: 13.289999999999964, &apos;value&apos;: &apos;.&apos;, &apos;children&apos;: [], &apos;features&apos;: {}}, {&apos;type&apos;: &apos;text&apos;, &apos;bbox&apos;: (313.68, 660.7669999999999, 316.45, 674.0569999999999), &apos;color_space&apos;: &apos;DeviceGray&apos;, &apos;ncolor&apos;: None, &apos;size&apos;: 13.289999999999964, &apos;value&apos;: &apos;.&apos;, &apos;children&apos;: [], &apos;features&apos;: {}}, {&apos;type&apos;: &apos;text&apos;, &apos;bbox&apos;: (316.45, 660.7669999999999, 319.21999999999997, 674.0569999999999), &apos;color_space&apos;: &apos;DeviceGray&apos;, &apos;ncolor&apos;: None, &apos;size&apos;: 13.289999999999964, &apos;value&apos;: &apos;.&apos;, &apos;children&apos;: [], &apos;features&apos;: {}}, {&apos;type&apos;: &apos;text&apos;, &apos;bbox&apos;: (319.22, 660.7669999999999, 321.99, 674.0569999999999), &apos;color_space&apos;: &apos;DeviceGray&apos;, &apos;ncolor&apos;: None, &apos;size&apos;: 13.289999999999964, &apos;value&apos;: &apos;.&apos;, &apos;children&apos;: [], &apos;features&apos;: {}}, {&apos;type&apos;: &apos;text&apos;, &apos;bbox&apos;: (321.99, 660.7669999999999, 324.76, 674.0569999999999), &apos;color_space&apos;: &apos;DeviceGray&apos;, &apos;ncolor&apos;: None, &apos;size&apos;: 13.289999999999964, &apos;value&apos;: &apos;.&apos;, &apos;children&apos;: [], &apos;features&apos;: {}}, {&apos;type&apos;: &apos;text&apos;, &apos;bbox&apos;: (324.76, 660.7669999999999, 327.53, 674.0569999999999), &apos;color_space&apos;: &apos;DeviceGray&apos;, &apos;ncolor&apos;: None, &apos;size&apos;: 13.289999999999964, &apos;value&apos;: &apos;.&apos;, &apos;children&apos;: [], &apos;features&apos;: {}}, {&apos;type&apos;: &apos;text&apos;, &apos;bbox&apos;: (327.53, 660.7669999999999, 330.29999999999995, 674.0569999999999), &apos;color_space&apos;: &apos;DeviceGray&apos;, &apos;ncolor&apos;: None, &apos;size&apos;: 13.289999999999964, &apos;value&apos;: &apos;.&apos;, &apos;children&apos;: [], &apos;features&apos;: {}}, {&apos;type&apos;: &apos;text&apos;, &apos;bbox&apos;: (330.29999999999995, 660.7669999999999, 333.06999999999994, 674.0569999999999), &apos;color_space&apos;: &apos;DeviceGray&apos;, &apos;ncolor&apos;: None, &apos;size&apos;: 13.289999999999964, &apos;value&apos;: &apos;.&apos;, &apos;children&apos;: [], &apos;features&apos;: {}}, {&apos;type&apos;: &apos;text&apos;, &apos;bbox&apos;: (333.07, 660.7669999999999, 335.84, 674.0569999999999), &apos;color_space&apos;: &apos;DeviceGray&apos;, &apos;ncolor&apos;: None, &apos;size&apos;: 13.289999999999964, &apos;value&apos;: &apos;.&apos;, &apos;children&apos;: [], &apos;features&apos;: {}}, {&apos;type&apos;: &apos;text&apos;, &apos;bbox&apos;: (335.84, 660.7669999999999, 338.60999999999996, 674.0569999999999), &apos;color_space&apos;: &apos;DeviceGray&apos;, &apos;ncolor&apos;: None, &apos;size&apos;: 13.289999999999964, &apos;value&apos;: &apos;.&apos;, &apos;children&apos;: [], &apos;features&apos;: {}}, {&apos;type&apos;: &apos;text&apos;, &apos;bbox&apos;: (338.60999999999996, 660.7669999999999, 341.37999999999994, 674.0569999999999), &apos;color_space&apos;: &apos;DeviceGray&apos;, &apos;ncolor&apos;: None, &apos;size&apos;: 13.289999999999964, &apos;value&apos;: &apos;.&apos;, &apos;children&apos;: [], &apos;features&apos;: {}}, {&apos;type&apos;: &apos;text&apos;, &apos;bbox&apos;: (341.38, 660.7669999999999, 344.15, 674.0569999999999), &apos;color_space&apos;: &apos;DeviceGray&apos;, &apos;ncolor&apos;: None, &apos;size&apos;: 13.289999999999964, &apos;value&apos;: &apos;.&apos;, &apos;children&apos;: [], &apos;features&apos;: {}}, {&apos;type&apos;: &apos;text&apos;, &apos;bbox&apos;: (344.15, 660.7669999999999, 346.91999999999996, 674.0569999999999), &apos;color_space&apos;: &apos;DeviceGray&apos;, &apos;ncolor&apos;: None, &apos;size&apos;: 13.289999999999964, &apos;value&apos;: &apos;.&apos;, &apos;children&apos;: [], &apos;features&apos;: {}}, {&apos;type&apos;: &apos;text&apos;, &apos;bbox&apos;: (346.91999999999996, 660.7669999999999, 349.68999999999994, 674.0569999999999), &apos;color_space&apos;: &apos;DeviceGray&apos;, &apos;ncolor&apos;: None, &apos;size&apos;: 13.289999999999964, &apos;value&apos;: &apos;.&apos;, &apos;children&apos;: [], &apos;features&apos;: {}}, {&apos;type&apos;: &apos;text&apos;, &apos;bbox&apos;: (349.68999999999994, 660.7669999999999, 352.4599999999999, 674.0569999999999), &apos;color_space&apos;: &apos;DeviceGray&apos;, &apos;ncolor&apos;: None, &apos;size&apos;: 13.289999999999964, &apos;value&apos;: &apos;.&apos;, &apos;children&apos;: [], &apos;features&apos;: {}}, {&apos;type&apos;: &apos;text&apos;, &apos;bbox&apos;: (352.4599999999999, 660.7669999999999, 355.2299999999999, 674.0569999999999), &apos;color_space&apos;: &apos;DeviceGray&apos;, &apos;ncolor&apos;: None, &apos;size&apos;: 13.289999999999964, &apos;value&apos;: &apos;.&apos;, &apos;children&apos;: [], &apos;features&apos;: {}}, {&apos;type&apos;: &apos;text&apos;, &apos;bbox&apos;: (355.22999999999996, 660.7669999999999, 357.99999999999994, 674.0569999999999), &apos;color_space&apos;: &apos;DeviceGray&apos;, &apos;ncolor&apos;: None, &apos;size&apos;: 13.289999999999964, &apos;value&apos;: &apos;.&apos;, &apos;children&apos;: [], &apos;features&apos;: {}}, {&apos;type&apos;: &apos;text&apos;, &apos;bbox&apos;: (357.99999999999994, 660.7669999999999, 360.7699999999999, 674.0569999999999), &apos;color_space&apos;: &apos;DeviceGray&apos;, &apos;ncolor&apos;: None, &apos;size&apos;: 13.289999999999964, &apos;value&apos;: &apos;.&apos;, &apos;children&apos;: [], &apos;features&apos;: {}}, {&apos;type&apos;: &apos;text&apos;, &apos;bbox&apos;: (360.7699999999999, 660.7669999999999, 363.5399999999999, 674.0569999999999), &apos;color_space&apos;: &apos;DeviceGray&apos;, &apos;ncolor&apos;: None, &apos;size&apos;: 13.289999999999964, &apos;value&apos;: &apos;.&apos;, &apos;children&apos;: [], &apos;features&apos;: {}}, {&apos;type&apos;: &apos;text&apos;, &apos;bbox&apos;: (363.53999999999996, 660.7669999999999, 366.30999999999995, 674.0569999999999), &apos;color_space&apos;: &apos;DeviceGray&apos;, &apos;ncolor&apos;: None, &apos;size&apos;: 13.289999999999964, &apos;value&apos;: &apos;.&apos;, &apos;children&apos;: [], &apos;features&apos;: {}}, {&apos;type&apos;: &apos;text&apos;, &apos;bbox&apos;: (366.30999999999995, 660.7669999999999, 369.0799999999999, 674.0569999999999), &apos;color_space&apos;: &apos;DeviceGray&apos;, &apos;ncolor&apos;: None, &apos;size&apos;: 13.289999999999964, &apos;value&apos;: &apos;.&apos;, &apos;children&apos;: [], &apos;features&apos;: {}}, {&apos;type&apos;: &apos;text&apos;, &apos;bbox&apos;: (369.0799999999999, 660.7669999999999, 371.8499999999999, 674.0569999999999), &apos;color_space&apos;: &apos;DeviceGray&apos;, &apos;ncolor&apos;: None, &apos;size&apos;: 13.289999999999964, &apos;value&apos;: &apos;.&apos;, &apos;children&apos;: [], &apos;features&apos;: {}}, {&apos;type&apos;: &apos;text&apos;, &apos;bbox&apos;: (371.84999999999997, 660.7669999999999, 374.61999999999995, 674.0569999999999), &apos;color_space&apos;: &apos;DeviceGray&apos;, &apos;ncolor&apos;: None, &apos;size&apos;: 13.289999999999964, &apos;value&apos;: &apos;.&apos;, &apos;children&apos;: [], &apos;features&apos;: {}}, {&apos;type&apos;: &apos;text&apos;, &apos;bbox&apos;: (374.62, 660.7669999999999, 377.39, 674.0569999999999), &apos;color_space&apos;: &apos;DeviceGray&apos;, &apos;ncolor&apos;: None, &apos;size&apos;: 13.289999999999964, &apos;value&apos;: &apos;.&apos;, &apos;children&apos;: [], &apos;features&apos;: {}}, {&apos;type&apos;: &apos;text&apos;, &apos;bbox&apos;: (377.39, 660.7669999999999, 380.15999999999997, 674.0569999999999), &apos;color_space&apos;: &apos;DeviceGray&apos;, &apos;ncolor&apos;: None, &apos;size&apos;: 13.289999999999964, &apos;value&apos;: &apos;.&apos;, &apos;children&apos;: [], &apos;features&apos;: {}}, {&apos;type&apos;: &apos;text&apos;, &apos;bbox&apos;: (380.15999999999997, 660.7669999999999, 382.92999999999995, 674.0569999999999), &apos;color_space&apos;: &apos;DeviceGray&apos;, &apos;ncolor&apos;: None, &apos;size&apos;: 13.289999999999964, &apos;value&apos;: &apos;.&apos;, &apos;children&apos;: [], &apos;features&apos;: {}}, {&apos;type&apos;: &apos;text&apos;, &apos;bbox&apos;: (382.93, 660.7669999999999, 385.7, 674.0569999999999), &apos;color_space&apos;: &apos;DeviceGray&apos;, &apos;ncolor&apos;: None, &apos;size&apos;: 13.289999999999964, &apos;value&apos;: &apos;.&apos;, &apos;children&apos;: [], &apos;features&apos;: {}}, {&apos;type&apos;: &apos;text&apos;, &apos;bbox&apos;: (385.70000000000005, 660.7669999999999, 388.47, 674.0569999999999), &apos;color_space&apos;: &apos;DeviceGray&apos;, &apos;ncolor&apos;: None, &apos;size&apos;: 13.289999999999964, &apos;value&apos;: &apos;.&apos;, &apos;children&apos;: [], &apos;features&apos;: {}}, {&apos;type&apos;: &apos;text&apos;, &apos;bbox&apos;: (388.47, 660.7669999999999, 391.24, 674.0569999999999), &apos;color_space&apos;: &apos;DeviceGray&apos;, &apos;ncolor&apos;: None, &apos;size&apos;: 13.289999999999964, &apos;value&apos;: &apos;.&apos;, &apos;children&apos;: [], &apos;features&apos;: {}}, {&apos;type&apos;: &apos;text&apos;, &apos;bbox&apos;: (391.24, 660.7669999999999, 394.01, 674.0569999999999), &apos;color_space&apos;: &apos;DeviceGray&apos;, &apos;ncolor&apos;: None, &apos;size&apos;: 13.289999999999964, &apos;value&apos;: &apos;.&apos;, &apos;children&apos;: [], &apos;features&apos;: {}}, {&apos;type&apos;: &apos;text&apos;, &apos;bbox&apos;: (394.01000000000005, 660.7669999999999, 396.78000000000003, 674.0569999999999), &apos;color_space&apos;: &apos;DeviceGray&apos;, &apos;ncolor&apos;: None, &apos;size&apos;: 13.289999999999964, &apos;value&apos;: &apos;.&apos;, &apos;children&apos;: [], &apos;features&apos;: {}}, {&apos;type&apos;: &apos;text&apos;, &apos;bbox&apos;: (396.7800000000001, 660.7669999999999, 399.55000000000007, 674.0569999999999), &apos;color_space&apos;: &apos;DeviceGray&apos;, &apos;ncolor&apos;: None, &apos;size&apos;: 13.289999999999964, &apos;value&apos;: &apos;.&apos;, &apos;children&apos;: [], &apos;features&apos;: {}}, {&apos;type&apos;: &apos;text&apos;, &apos;bbox&apos;: (399.55000000000007, 660.7669999999999, 402.32000000000005, 674.0569999999999), &apos;color_space&apos;: &apos;DeviceGray&apos;, &apos;ncolor&apos;: None, &apos;size&apos;: 13.289999999999964, &apos;value&apos;: &apos;.&apos;, &apos;children&apos;: [], &apos;features&apos;: {}}, {&apos;type&apos;: &apos;text&apos;, &apos;bbox&apos;: (402.32000000000005, 660.7669999999999, 405.09000000000003, 674.0569999999999), &apos;color_space&apos;: &apos;DeviceGray&apos;, &apos;ncolor&apos;: None, &apos;size&apos;: 13.289999999999964, &apos;value&apos;: &apos;.&apos;, &apos;children&apos;: [], &apos;features&apos;: {}}, {&apos;type&apos;: &apos;text&apos;, &apos;bbox&apos;: (405.0900000000001, 660.7669999999999, 407.86000000000007, 674.0569999999999), &apos;color_space&apos;: &apos;DeviceGray&apos;, &apos;ncolor&apos;: None, &apos;size&apos;: 13.289999999999964, &apos;value&apos;: &apos;.&apos;, &apos;children&apos;: [], &apos;features&apos;: {}}, {&apos;type&apos;: &apos;text&apos;, &apos;bbox&apos;: (407.8600000000001, 660.7669999999999, 410.6300000000001, 674.0569999999999), &apos;color_space&apos;: &apos;DeviceGray&apos;, &apos;ncolor&apos;: None, &apos;size&apos;: 13.289999999999964, &apos;value&apos;: &apos;.&apos;, &apos;children&apos;: [], &apos;features&apos;: {}}, {&apos;type&apos;: &apos;text&apos;, &apos;bbox&apos;: (410.6300000000001, 660.7669999999999, 413.4000000000001, 674.0569999999999), &apos;color_space&apos;: &apos;DeviceGray&apos;, &apos;ncolor&apos;: None, &apos;size&apos;: 13.289999999999964, &apos;value&apos;: &apos;.&apos;, &apos;children&apos;: [], &apos;features&apos;: {}}, {&apos;type&apos;: &apos;text&apos;, &apos;bbox&apos;: (413.4000000000001, 660.7669999999999, 416.1700000000001, 674.0569999999999), &apos;color_space&apos;: &apos;DeviceGray&apos;, &apos;ncolor&apos;: None, &apos;size&apos;: 13.289999999999964, &apos;value&apos;: &apos;.&apos;, &apos;children&apos;: [], &apos;features&apos;: {}}, {&apos;type&apos;: &apos;text&apos;, &apos;bbox&apos;: (416.17000000000013, 660.7669999999999, 418.9400000000001, 674.0569999999999), &apos;color_space&apos;: &apos;DeviceGray&apos;, &apos;ncolor&apos;: None, &apos;size&apos;: 13.289999999999964, &apos;value&apos;: &apos;.&apos;, &apos;children&apos;: [], &apos;features&apos;: {}}, {&apos;type&apos;: &apos;text&apos;, &apos;bbox&apos;: (418.94000000000017, 660.7669999999999, 421.71000000000015, 674.0569999999999), &apos;color_space&apos;: &apos;DeviceGray&apos;, &apos;ncolor&apos;: None, &apos;size&apos;: 13.289999999999964, &apos;value&apos;: &apos;.&apos;, &apos;children&apos;: [], &apos;features&apos;: {}}, {&apos;type&apos;: &apos;text&apos;, &apos;bbox&apos;: (421.71000000000015, 660.7669999999999, 424.48000000000013, 674.0569999999999), &apos;color_space&apos;: &apos;DeviceGray&apos;, &apos;ncolor&apos;: None, &apos;size&apos;: 13.289999999999964, &apos;value&apos;: &apos;.&apos;, &apos;children&apos;: [], &apos;features&apos;: {}}, {&apos;type&apos;: &apos;text&apos;, &apos;bbox&apos;: (424.48000000000013, 660.7669999999999, 427.2500000000001, 674.0569999999999), &apos;color_space&apos;: &apos;DeviceGray&apos;, &apos;ncolor&apos;: None, &apos;size&apos;: 13.289999999999964, &apos;value&apos;: &apos;.&apos;, &apos;children&apos;: [], &apos;features&apos;: {}}, {&apos;type&apos;: &apos;text&apos;, &apos;bbox&apos;: (427.25000000000017, 660.7669999999999, 430.02000000000015, 674.0569999999999), &apos;color_space&apos;: &apos;DeviceGray&apos;, &apos;ncolor&apos;: None, &apos;size&apos;: 13.289999999999964, &apos;value&apos;: &apos;.&apos;, &apos;children&apos;: [], &apos;features&apos;: {}}, {&apos;type&apos;: &apos;text&apos;, &apos;bbox&apos;: (430.0200000000002, 660.7669999999999, 432.7900000000002, 674.0569999999999), &apos;color_space&apos;: &apos;DeviceGray&apos;, &apos;ncolor&apos;: None, &apos;size&apos;: 13.289999999999964, &apos;value&apos;: &apos;.&apos;, &apos;children&apos;: [], &apos;features&apos;: {}}, {&apos;type&apos;: &apos;text&apos;, &apos;bbox&apos;: (432.7900000000002, 660.7669999999999, 435.5600000000002, 674.0569999999999), &apos;color_space&apos;: &apos;DeviceGray&apos;, &apos;ncolor&apos;: None, &apos;size&apos;: 13.289999999999964, &apos;value&apos;: &apos;.&apos;, &apos;children&apos;: [], &apos;features&apos;: {}}, {&apos;type&apos;: &apos;text&apos;, &apos;bbox&apos;: (435.5600000000002, 660.7669999999999, 438.33000000000015, 674.0569999999999), &apos;color_space&apos;: &apos;DeviceGray&apos;, &apos;ncolor&apos;: None, &apos;size&apos;: 13.289999999999964, &apos;value&apos;: &apos;.&apos;, &apos;children&apos;: [], &apos;features&apos;: {}}, {&apos;type&apos;: &apos;text&apos;, &apos;bbox&apos;: (438.3300000000002, 660.7669999999999, 441.1000000000002, 674.0569999999999), &apos;color_space&apos;: &apos;DeviceGray&apos;, &apos;ncolor&apos;: None, &apos;size&apos;: 13.289999999999964, &apos;value&apos;: &apos;.&apos;, &apos;children&apos;: [], &apos;features&apos;: {}}, {&apos;type&apos;: &apos;text&apos;, &apos;bbox&apos;: (441.10000000000025, 660.7669999999999, 443.87000000000023, 674.0569999999999), &apos;color_space&apos;: &apos;DeviceGray&apos;, &apos;ncolor&apos;: None, &apos;size&apos;: 13.289999999999964, &apos;value&apos;: &apos;.&apos;, &apos;children&apos;: [], &apos;features&apos;: {}}, {&apos;type&apos;: &apos;text&apos;, &apos;bbox&apos;: (443.87000000000023, 660.7669999999999, 446.6400000000002, 674.0569999999999), &apos;color_space&apos;: &apos;DeviceGray&apos;, &apos;ncolor&apos;: None, &apos;size&apos;: 13.289999999999964, &apos;value&apos;: &apos;.&apos;, &apos;children&apos;: [], &apos;features&apos;: {}}, {&apos;type&apos;: &apos;text&apos;, &apos;bbox&apos;: (446.6400000000002, 660.7669999999999, 449.4100000000002, 674.0569999999999), &apos;color_space&apos;: &apos;DeviceGray&apos;, &apos;ncolor&apos;: None, &apos;size&apos;: 13.289999999999964, &apos;value&apos;: &apos;.&apos;, &apos;children&apos;: [], &apos;features&apos;: {}}, {&apos;type&apos;: &apos;text&apos;, &apos;bbox&apos;: (449.41000000000025, 660.7669999999999, 452.18000000000023, 674.0569999999999), &apos;color_space&apos;: &apos;DeviceGray&apos;, &apos;ncolor&apos;: None, &apos;size&apos;: 13.289999999999964, &apos;value&apos;: &apos;.&apos;, &apos;children&apos;: [], &apos;features&apos;: {}}, {&apos;type&apos;: &apos;text&apos;, &apos;bbox&apos;: (452.1800000000003, 660.7669999999999, 454.9500000000003, 674.0569999999999), &apos;color_space&apos;: &apos;DeviceGray&apos;, &apos;ncolor&apos;: None, &apos;size&apos;: 13.289999999999964, &apos;value&apos;: &apos;.&apos;, &apos;children&apos;: [], &apos;features&apos;: {}}, {&apos;type&apos;: &apos;text&apos;, &apos;bbox&apos;: (454.9500000000003, 660.7669999999999, 457.72000000000025, 674.0569999999999), &apos;color_space&apos;: &apos;DeviceGray&apos;, &apos;ncolor&apos;: None, &apos;size&apos;: 13.289999999999964, &apos;value&apos;: &apos;.&apos;, &apos;children&apos;: [], &apos;features&apos;: {}}, {&apos;type&apos;: &apos;text&apos;, &apos;bbox&apos;: (457.72000000000025, 660.7669999999999, 460.49000000000024, 674.0569999999999), &apos;color_space&apos;: &apos;DeviceGray&apos;, &apos;ncolor&apos;: None, &apos;size&apos;: 13.289999999999964, &apos;value&apos;: &apos;.&apos;, &apos;children&apos;: [], &apos;features&apos;: {}}, {&apos;type&apos;: &apos;text&apos;, &apos;bbox&apos;: (460.4900000000003, 660.7669999999999, 463.2600000000003, 674.0569999999999), &apos;color_space&apos;: &apos;DeviceGray&apos;, &apos;ncolor&apos;: None, &apos;size&apos;: 13.289999999999964, &apos;value&apos;: &apos;.&apos;, &apos;children&apos;: [], &apos;features&apos;: {}}, {&apos;type&apos;: &apos;text&apos;, &apos;bbox&apos;: (463.26000000000033, 660.7669999999999, 466.0300000000003, 674.0569999999999), &apos;color_space&apos;: &apos;DeviceGray&apos;, &apos;ncolor&apos;: None, &apos;size&apos;: 13.289999999999964, &apos;value&apos;: &apos;.&apos;, &apos;children&apos;: [], &apos;features&apos;: {}}, {&apos;type&apos;: &apos;text&apos;, &apos;bbox&apos;: (466.0300000000003, 660.7669999999999, 468.8000000000003, 674.0569999999999), &apos;color_space&apos;: &apos;DeviceGray&apos;, &apos;ncolor&apos;: None, &apos;size&apos;: 13.289999999999964, &apos;value&apos;: &apos;.&apos;, &apos;children&apos;: [], &apos;features&apos;: {}}, {&apos;type&apos;: &apos;text&apos;, &apos;bbox&apos;: (468.8000000000003, 660.7669999999999, 471.5700000000003, 674.0569999999999), &apos;color_space&apos;: &apos;DeviceGray&apos;, &apos;ncolor&apos;: None, &apos;size&apos;: 13.289999999999964, &apos;value&apos;: &apos;.&apos;, &apos;children&apos;: [], &apos;features&apos;: {}}, {&apos;type&apos;: &apos;text&apos;, &apos;bbox&apos;: (471.57000000000033, 660.7669999999999, 474.3400000000003, 674.0569999999999), &apos;color_space&apos;: &apos;DeviceGray&apos;, &apos;ncolor&apos;: None, &apos;size&apos;: 13.289999999999964, &apos;value&apos;: &apos;.&apos;, &apos;children&apos;: [], &apos;features&apos;: {}}, {&apos;type&apos;: &apos;text&apos;, &apos;bbox&apos;: (474.3400000000004, 660.7669999999999, 477.11000000000035, 674.0569999999999), &apos;color_space&apos;: &apos;DeviceGray&apos;, &apos;ncolor&apos;: None, &apos;size&apos;: 13.289999999999964, &apos;value&apos;: &apos;.&apos;, &apos;children&apos;: [], &apos;features&apos;: {}}, {&apos;type&apos;: &apos;text&apos;, &apos;bbox&apos;: (477.11000000000035, 660.7669999999999, 479.88000000000034, 674.0569999999999), &apos;color_space&apos;: &apos;DeviceGray&apos;, &apos;ncolor&apos;: None, &apos;size&apos;: 13.289999999999964, &apos;value&apos;: &apos;.&apos;, &apos;children&apos;: [], &apos;features&apos;: {}}, {&apos;type&apos;: &apos;text&apos;, &apos;bbox&apos;: (479.88000000000034, 660.7669999999999, 482.6500000000003, 674.0569999999999), &apos;color_space&apos;: &apos;DeviceGray&apos;, &apos;ncolor&apos;: None, &apos;size&apos;: 13.289999999999964, &apos;value&apos;: &apos;.&apos;, &apos;children&apos;: [], &apos;features&apos;: {}}, {&apos;type&apos;: &apos;text&apos;, &apos;bbox&apos;: (482.6500000000004, 660.7669999999999, 485.42000000000036, 674.0569999999999), &apos;color_space&apos;: &apos;DeviceGray&apos;, &apos;ncolor&apos;: None, &apos;size&apos;: 13.289999999999964, &apos;value&apos;: &apos;.&apos;, &apos;children&apos;: [], &apos;features&apos;: {}}, {&apos;type&apos;: &apos;text&apos;, &apos;bbox&apos;: (485.4200000000004, 660.7669999999999, 488.1900000000004, 674.0569999999999), &apos;color_space&apos;: &apos;DeviceGray&apos;, &apos;ncolor&apos;: None, &apos;size&apos;: 13.289999999999964, &apos;value&apos;: &apos;.&apos;, &apos;children&apos;: [], &apos;features&apos;: {}}, {&apos;type&apos;: &apos;text&apos;, &apos;bbox&apos;: (488.1900000000004, 660.7669999999999, 490.9600000000004, 674.0569999999999), &apos;color_space&apos;: &apos;DeviceGray&apos;, &apos;ncolor&apos;: None, &apos;size&apos;: 13.289999999999964, &apos;value&apos;: &apos;.&apos;, &apos;children&apos;: [], &apos;features&apos;: {}}, {&apos;type&apos;: &apos;text&apos;, &apos;bbox&apos;: (490.9600000000004, 660.7669999999999, 493.73000000000036, 674.0569999999999), &apos;color_space&apos;: &apos;DeviceGray&apos;, &apos;ncolor&apos;: None, &apos;size&apos;: 13.289999999999964, &apos;value&apos;: &apos;.&apos;, &apos;children&apos;: [], &apos;features&apos;: {}}, {&apos;type&apos;: &apos;text&apos;, &apos;bbox&apos;: (493.73000000000036, 660.7669999999999, 496.50000000000034, 674.0569999999999), &apos;color_space&apos;: &apos;DeviceGray&apos;, &apos;ncolor&apos;: None, &apos;size&apos;: 13.289999999999964, &apos;value&apos;: &apos;.&apos;, &apos;children&apos;: [], &apos;features&apos;: {}}, {&apos;type&apos;: &apos;text&apos;, &apos;bbox&apos;: (496.50000000000034, 660.7669999999999, 499.2700000000003, 674.0569999999999), &apos;color_space&apos;: &apos;DeviceGray&apos;, &apos;ncolor&apos;: None, &apos;size&apos;: 13.289999999999964, &apos;value&apos;: &apos;.&apos;, &apos;children&apos;: [], &apos;features&apos;: {}}, {&apos;type&apos;: &apos;text&apos;, &apos;bbox&apos;: (499.2700000000003, 660.7669999999999, 502.0400000000003, 674.0569999999999), &apos;color_space&apos;: &apos;DeviceGray&apos;, &apos;ncolor&apos;: None, &apos;size&apos;: 13.289999999999964, &apos;value&apos;: &apos;.&apos;, &apos;children&apos;: [], &apos;features&apos;: {}}, {&apos;type&apos;: &apos;text&apos;, &apos;bbox&apos;: (502.0400000000003, 660.7669999999999, 504.8100000000003, 674.0569999999999), &apos;color_space&apos;: &apos;DeviceGray&apos;, &apos;ncolor&apos;: None, &apos;size&apos;: 13.289999999999964, &apos;value&apos;: &apos;.&apos;, &apos;children&apos;: [], &apos;features&apos;: {}}, {&apos;type&apos;: &apos;text&apos;, &apos;bbox&apos;: (504.8100000000003, 660.7669999999999, 507.58000000000027, 674.0569999999999), &apos;color_space&apos;: &apos;DeviceGray&apos;, &apos;ncolor&apos;: None, &apos;size&apos;: 13.289999999999964, &apos;value&apos;: &apos;.&apos;, &apos;children&apos;: [], &apos;features&apos;: {}}, {&apos;type&apos;: &apos;text&apos;, &apos;bbox&apos;: (507.58000000000027, 660.7669999999999, 510.35000000000025, 674.0569999999999), &apos;color_space&apos;: &apos;DeviceGray&apos;, &apos;ncolor&apos;: None, &apos;size&apos;: 13.289999999999964, &apos;value&apos;: &apos;.&apos;, &apos;children&apos;: [], &apos;features&apos;: {}}, {&apos;type&apos;: &apos;text&apos;, &apos;bbox&apos;: (510.35000000000025, 660.7669999999999, 513.1200000000002, 674.0569999999999), &apos;color_space&apos;: &apos;DeviceGray&apos;, &apos;ncolor&apos;: None, &apos;size&apos;: 13.289999999999964, &apos;value&apos;: &apos;.&apos;, &apos;children&apos;: [], &apos;features&apos;: {}}, {&apos;type&apos;: &apos;text&apos;, &apos;bbox&apos;: (513.1200000000002, 660.7669999999999, 515.8900000000002, 674.0569999999999), &apos;color_space&apos;: &apos;DeviceGray&apos;, &apos;ncolor&apos;: None, &apos;size&apos;: 13.289999999999964, &apos;value&apos;: &apos;.&apos;, &apos;children&apos;: [], &apos;features&apos;: {}}, {&apos;type&apos;: &apos;text&apos;, &apos;bbox&apos;: (515.8900000000002, 660.7669999999999, 518.6600000000002, 674.0569999999999), &apos;color_space&apos;: &apos;DeviceGray&apos;, &apos;ncolor&apos;: None, &apos;size&apos;: 13.289999999999964, &apos;value&apos;: &apos;.&apos;, &apos;children&apos;: [], &apos;features&apos;: {}}, {&apos;type&apos;: &apos;text&apos;, &apos;bbox&apos;: (519.986, 660.7669999999999, 525.5459999999999, 674.0569999999999), &apos;color_space&apos;: &apos;DeviceGray&apos;, &apos;ncolor&apos;: None, &apos;size&apos;: 13.289999999999964, &apos;value&apos;: &apos;7&apos;, &apos;children&apos;: [], &apos;features&apos;: {}}, {&apos;type&apos;: &apos;text&apos;, &apos;bbox&apos;: (525.5459999999999, 660.7669999999999, 528.876, 674.0569999999999), &apos;color_space&apos;: &apos;DeviceGray&apos;, &apos;ncolor&apos;: None, &apos;size&apos;: 13.289999999999964, &apos;value&apos;: &apos;-&apos;, &apos;children&apos;: [], &apos;features&apos;: {}}, {&apos;type&apos;: &apos;text&apos;, &apos;bbox&apos;: (528.877, 660.7669999999999, 534.4369999999999, 674.0569999999999), &apos;color_space&apos;: &apos;DeviceGray&apos;, &apos;ncolor&apos;: None, &apos;size&apos;: 13.289999999999964, &apos;value&apos;: &apos;1&apos;, &apos;children&apos;: [], &apos;features&apos;: {}}, {&apos;type&apos;: &apos;text&apos;, &apos;bbox&apos;: (534.4369999999999, 660.7669999999999, 539.9969999999998, 674.0569999999999), &apos;color_space&apos;: &apos;DeviceGray&apos;, &apos;ncolor&apos;: None, &apos;size&apos;: 13.289999999999964, &apos;value&apos;: &apos;1&apos;, &apos;children&apos;: [], &apos;features&apos;: {}}], &apos;features&apos;: {}}
*********************





--------------------------------- CONTENT AREA --------------------------------- 
This content area has an image
{&apos;type&apos;: &apos;figure&apos;, &apos;bbox&apos;: (0, 0, 612.0, 792.0), &apos;name&apos;: &apos;fx51&apos;, &apos;children&apos;: [{&apos;type&apos;: &apos;text&apos;, &apos;bbox&apos;: (114.0, 644.5459999999999, 122.31, 658.026), &apos;color_space&apos;: &apos;DeviceGray&apos;, &apos;ncolor&apos;: None, &apos;size&apos;: 13.480000000000018, &apos;value&apos;: &apos;D&apos;, &apos;children&apos;: [], &apos;features&apos;: {}}, {&apos;type&apos;: &apos;text&apos;, &apos;bbox&apos;: (122.31, 644.5459999999999, 126.2, 658.026), &apos;color_space&apos;: &apos;DeviceGray&apos;, &apos;ncolor&apos;: None, &apos;size&apos;: 13.480000000000018, &apos;value&apos;: &apos;I&apos;, &apos;children&apos;: [], &apos;features&apos;: {}}, {&apos;type&apos;: &apos;text&apos;, &apos;bbox&apos;: (126.2, 644.5459999999999, 136.2, 658.026), &apos;color_space&apos;: &apos;DeviceGray&apos;, &apos;ncolor&apos;: None, &apos;size&apos;: 13.480000000000018, &apos;value&apos;: &apos;M&apos;, &apos;children&apos;: [], &apos;features&apos;: {}}, {&apos;type&apos;: &apos;text&apos;, &apos;bbox&apos;: (136.2, 644.5459999999999, 141.2, 658.026), &apos;color_space&apos;: &apos;DeviceGray&apos;, &apos;ncolor&apos;: None, &apos;size&apos;: 13.480000000000018, &apos;value&apos;: &apos;_&apos;, &apos;children&apos;: [], &apos;features&apos;: {}}, {&apos;type&apos;: &apos;text&apos;, &apos;bbox&apos;: (141.2, 644.5459999999999, 148.42, 658.026), &apos;color_space&apos;: &apos;DeviceGray&apos;, &apos;ncolor&apos;: None, &apos;size&apos;: 13.480000000000018, &apos;value&apos;: &apos;C&apos;, &apos;children&apos;: [], &apos;features&apos;: {}}, {&apos;type&apos;: &apos;text&apos;, &apos;bbox&apos;: (148.42000000000002, 644.5459999999999, 156.75000000000003, 658.026), &apos;color_space&apos;: &apos;DeviceGray&apos;, &apos;ncolor&apos;: None, &apos;size&apos;: 13.480000000000018, &apos;value&apos;: &apos;O&apos;, &apos;children&apos;: [], &apos;features&apos;: {}}, {&apos;type&apos;: &apos;text&apos;, &apos;bbox&apos;: (156.75, 644.5459999999999, 166.75, 658.026), &apos;color_space&apos;: &apos;DeviceGray&apos;, &apos;ncolor&apos;: None, &apos;size&apos;: 13.480000000000018, &apos;value&apos;: &apos;M&apos;, &apos;children&apos;: [], &apos;features&apos;: {}}, {&apos;type&apos;: &apos;text&apos;, &apos;bbox&apos;: (166.75, 644.5459999999999, 176.75, 658.026), &apos;color_space&apos;: &apos;DeviceGray&apos;, &apos;ncolor&apos;: None, &apos;size&apos;: 13.480000000000018, &apos;value&apos;: &apos;M&apos;, &apos;children&apos;: [], &apos;features&apos;: {}}, {&apos;type&apos;: &apos;text&apos;, &apos;bbox&apos;: (176.75, 644.5459999999999, 185.08, 658.026), &apos;color_space&apos;: &apos;DeviceGray&apos;, &apos;ncolor&apos;: None, &apos;size&apos;: 13.480000000000018, &apos;value&apos;: &apos;O&apos;, &apos;children&apos;: [], &apos;features&apos;: {}}, {&apos;type&apos;: &apos;text&apos;, &apos;bbox&apos;: (185.07999999999998, 644.5459999999999, 193.41, 658.026), &apos;color_space&apos;: &apos;DeviceGray&apos;, &apos;ncolor&apos;: None, &apos;size&apos;: 13.480000000000018, &apos;value&apos;: &apos;N&apos;, &apos;children&apos;: [], &apos;features&apos;: {}}, {&apos;type&apos;: &apos;text&apos;, &apos;bbox&apos;: (193.41, 644.5459999999999, 198.41, 658.026), &apos;color_space&apos;: &apos;DeviceGray&apos;, &apos;ncolor&apos;: None, &apos;size&apos;: 13.480000000000018, &apos;value&apos;: &apos;_&apos;, &apos;children&apos;: [], &apos;features&apos;: {}}, {&apos;type&apos;: &apos;text&apos;, &apos;bbox&apos;: (198.41, 644.5459999999999, 205.63, 658.026), &apos;color_space&apos;: &apos;DeviceGray&apos;, &apos;ncolor&apos;: None, &apos;size&apos;: 13.480000000000018, &apos;value&apos;: &apos;C&apos;, &apos;children&apos;: [], &apos;features&apos;: {}}, {&apos;type&apos;: &apos;text&apos;, &apos;bbox&apos;: (205.63, 644.5459999999999, 213.96, 658.026), &apos;color_space&apos;: &apos;DeviceGray&apos;, &apos;ncolor&apos;: None, &apos;size&apos;: 13.480000000000018, &apos;value&apos;: &apos;O&apos;, &apos;children&apos;: [], &apos;features&apos;: {}}, {&apos;type&apos;: &apos;text&apos;, &apos;bbox&apos;: (213.95999999999998, 644.5459999999999, 221.73, 658.026), &apos;color_space&apos;: &apos;DeviceGray&apos;, &apos;ncolor&apos;: None, &apos;size&apos;: 13.480000000000018, &apos;value&apos;: &apos;A&apos;, &apos;children&apos;: [], &apos;features&apos;: {}}, {&apos;type&apos;: &apos;text&apos;, &apos;bbox&apos;: (221.73, 644.5459999999999, 226.73, 658.026), &apos;color_space&apos;: &apos;DeviceGray&apos;, &apos;ncolor&apos;: None, &apos;size&apos;: 13.480000000000018, &apos;value&apos;: &apos;_&apos;, &apos;children&apos;: [], &apos;features&apos;: {}}, {&apos;type&apos;: &apos;text&apos;, &apos;bbox&apos;: (226.73, 644.5459999999999, 233.39, 658.026), &apos;color_space&apos;: &apos;DeviceGray&apos;, &apos;ncolor&apos;: None, &apos;size&apos;: 13.480000000000018, &apos;value&apos;: &apos;T&apos;, &apos;children&apos;: [], &apos;features&apos;: {}}, {&apos;type&apos;: &apos;text&apos;, &apos;bbox&apos;: (233.39, 644.5459999999999, 239.44, 658.026), &apos;color_space&apos;: &apos;DeviceGray&apos;, &apos;ncolor&apos;: None, &apos;size&apos;: 13.480000000000018, &apos;value&apos;: &apos;L&apos;, &apos;children&apos;: [], &apos;features&apos;: {}}, {&apos;type&apos;: &apos;text&apos;, &apos;bbox&apos;: (239.473, 645.276, 242.24300000000002, 658.5659999999999), &apos;color_space&apos;: &apos;DeviceGray&apos;, &apos;ncolor&apos;: None, &apos;size&apos;: 13.289999999999964, &apos;value&apos;: &apos;.&apos;, &apos;children&apos;: [], &apos;features&apos;: {}}, {&apos;type&apos;: &apos;text&apos;, &apos;bbox&apos;: (242.24300000000002, 645.276, 245.01300000000003, 658.5659999999999), &apos;color_space&apos;: &apos;DeviceGray&apos;, &apos;ncolor&apos;: None, &apos;size&apos;: 13.289999999999964, &apos;value&apos;: &apos;.&apos;, &apos;children&apos;: [], &apos;features&apos;: {}}, {&apos;type&apos;: &apos;text&apos;, &apos;bbox&apos;: (245.013, 645.276, 247.78300000000002, 658.5659999999999), &apos;color_space&apos;: &apos;DeviceGray&apos;, &apos;ncolor&apos;: None, &apos;size&apos;: 13.289999999999964, &apos;value&apos;: &apos;.&apos;, &apos;children&apos;: [], &apos;features&apos;: {}}, {&apos;type&apos;: &apos;text&apos;, &apos;bbox&apos;: (247.78300000000002, 645.276, 250.55300000000003, 658.5659999999999), &apos;color_space&apos;: &apos;DeviceGray&apos;, &apos;ncolor&apos;: None, &apos;size&apos;: 13.289999999999964, &apos;value&apos;: &apos;.&apos;, &apos;children&apos;: [], &apos;features&apos;: {}}, {&apos;type&apos;: &apos;text&apos;, &apos;bbox&apos;: (250.55300000000003, 645.276, 253.32300000000004, 658.5659999999999), &apos;color_space&apos;: &apos;DeviceGray&apos;, &apos;ncolor&apos;: None, &apos;size&apos;: 13.289999999999964, &apos;value&apos;: &apos;.&apos;, &apos;children&apos;: [], &apos;features&apos;: {}}, {&apos;type&apos;: &apos;text&apos;, &apos;bbox&apos;: (253.323, 645.276, 256.093, 658.5659999999999), &apos;color_space&apos;: &apos;DeviceGray&apos;, &apos;ncolor&apos;: None, &apos;size&apos;: 13.289999999999964, &apos;value&apos;: &apos;.&apos;, &apos;children&apos;: [], &apos;features&apos;: {}}, {&apos;type&apos;: &apos;text&apos;, &apos;bbox&apos;: (256.093, 645.276, 258.863, 658.5659999999999), &apos;color_space&apos;: &apos;DeviceGray&apos;, &apos;ncolor&apos;: None, &apos;size&apos;: 13.289999999999964, &apos;value&apos;: &apos;.&apos;, &apos;children&apos;: [], &apos;features&apos;: {}}, {&apos;type&apos;: &apos;text&apos;, &apos;bbox&apos;: (258.863, 645.276, 261.633, 658.5659999999999), &apos;color_space&apos;: &apos;DeviceGray&apos;, &apos;ncolor&apos;: None, &apos;size&apos;: 13.289999999999964, &apos;value&apos;: &apos;.&apos;, &apos;children&apos;: [], &apos;features&apos;: {}}, {&apos;type&apos;: &apos;text&apos;, &apos;bbox&apos;: (261.63300000000004, 645.276, 264.403, 658.5659999999999), &apos;color_space&apos;: &apos;DeviceGray&apos;, &apos;ncolor&apos;: None, &apos;size&apos;: 13.289999999999964, &apos;value&apos;: &apos;.&apos;, &apos;children&apos;: [], &apos;features&apos;: {}}, {&apos;type&apos;: &apos;text&apos;, &apos;bbox&apos;: (264.403, 645.276, 267.173, 658.5659999999999), &apos;color_space&apos;: &apos;DeviceGray&apos;, &apos;ncolor&apos;: None, &apos;size&apos;: 13.289999999999964, &apos;value&apos;: &apos;.&apos;, &apos;children&apos;: [], &apos;features&apos;: {}}, {&apos;type&apos;: &apos;text&apos;, &apos;bbox&apos;: (267.173, 645.276, 269.943, 658.5659999999999), &apos;color_space&apos;: &apos;DeviceGray&apos;, &apos;ncolor&apos;: None, &apos;size&apos;: 13.289999999999964, &apos;value&apos;: &apos;.&apos;, &apos;children&apos;: [], &apos;features&apos;: {}}, {&apos;type&apos;: &apos;text&apos;, &apos;bbox&apos;: (269.943, 645.276, 272.71299999999997, 658.5659999999999), &apos;color_space&apos;: &apos;DeviceGray&apos;, &apos;ncolor&apos;: None, &apos;size&apos;: 13.289999999999964, &apos;value&apos;: &apos;.&apos;, &apos;children&apos;: [], &apos;features&apos;: {}}, {&apos;type&apos;: &apos;text&apos;, &apos;bbox&apos;: (272.713, 645.276, 275.483, 658.5659999999999), &apos;color_space&apos;: &apos;DeviceGray&apos;, &apos;ncolor&apos;: None, &apos;size&apos;: 13.289999999999964, &apos;value&apos;: &apos;.&apos;, &apos;children&apos;: [], &apos;features&apos;: {}}, {&apos;type&apos;: &apos;text&apos;, &apos;bbox&apos;: (275.483, 645.276, 278.253, 658.5659999999999), &apos;color_space&apos;: &apos;DeviceGray&apos;, &apos;ncolor&apos;: None, &apos;size&apos;: 13.289999999999964, &apos;value&apos;: &apos;.&apos;, &apos;children&apos;: [], &apos;features&apos;: {}}, {&apos;type&apos;: &apos;text&apos;, &apos;bbox&apos;: (278.25300000000004, 645.276, 281.023, 658.5659999999999), &apos;color_space&apos;: &apos;DeviceGray&apos;, &apos;ncolor&apos;: None, &apos;size&apos;: 13.289999999999964, &apos;value&apos;: &apos;.&apos;, &apos;children&apos;: [], &apos;features&apos;: {}}, {&apos;type&apos;: &apos;text&apos;, &apos;bbox&apos;: (281.023, 645.276, 283.793, 658.5659999999999), &apos;color_space&apos;: &apos;DeviceGray&apos;, &apos;ncolor&apos;: None, &apos;size&apos;: 13.289999999999964, &apos;value&apos;: &apos;.&apos;, &apos;children&apos;: [], &apos;features&apos;: {}}, {&apos;type&apos;: &apos;text&apos;, &apos;bbox&apos;: (283.793, 645.276, 286.563, 658.5659999999999), &apos;color_space&apos;: &apos;DeviceGray&apos;, &apos;ncolor&apos;: None, &apos;size&apos;: 13.289999999999964, &apos;value&apos;: &apos;.&apos;, &apos;children&apos;: [], &apos;features&apos;: {}}, {&apos;type&apos;: &apos;text&apos;, &apos;bbox&apos;: (286.56300000000005, 645.276, 289.333, 658.5659999999999), &apos;color_space&apos;: &apos;DeviceGray&apos;, &apos;ncolor&apos;: None, &apos;size&apos;: 13.289999999999964, &apos;value&apos;: &apos;.&apos;, &apos;children&apos;: [], &apos;features&apos;: {}}, {&apos;type&apos;: &apos;text&apos;, &apos;bbox&apos;: (289.333, 645.276, 292.103, 658.5659999999999), &apos;color_space&apos;: &apos;DeviceGray&apos;, &apos;ncolor&apos;: None, &apos;size&apos;: 13.289999999999964, &apos;value&apos;: &apos;.&apos;, &apos;children&apos;: [], &apos;features&apos;: {}}, {&apos;type&apos;: &apos;text&apos;, &apos;bbox&apos;: (292.10300000000007, 645.276, 294.87300000000005, 658.5659999999999), &apos;color_space&apos;: &apos;DeviceGray&apos;, &apos;ncolor&apos;: None, &apos;size&apos;: 13.289999999999964, &apos;value&apos;: &apos;.&apos;, &apos;children&apos;: [], &apos;features&apos;: {}}, {&apos;type&apos;: &apos;text&apos;, &apos;bbox&apos;: (294.87300000000005, 645.276, 297.64300000000003, 658.5659999999999), &apos;color_space&apos;: &apos;DeviceGray&apos;, &apos;ncolor&apos;: None, &apos;size&apos;: 13.289999999999964, &apos;value&apos;: &apos;.&apos;, &apos;children&apos;: [], &apos;features&apos;: {}}, {&apos;type&apos;: &apos;text&apos;, &apos;bbox&apos;: (297.64300000000003, 645.276, 300.413, 658.5659999999999), &apos;color_space&apos;: &apos;DeviceGray&apos;, &apos;ncolor&apos;: None, &apos;size&apos;: 13.289999999999964, &apos;value&apos;: &apos;.&apos;, &apos;children&apos;: [], &apos;features&apos;: {}}, {&apos;type&apos;: &apos;text&apos;, &apos;bbox&apos;: (300.41300000000007, 645.276, 303.18300000000005, 658.5659999999999), &apos;color_space&apos;: &apos;DeviceGray&apos;, &apos;ncolor&apos;: None, &apos;size&apos;: 13.289999999999964, &apos;value&apos;: &apos;.&apos;, &apos;children&apos;: [], &apos;features&apos;: {}}, {&apos;type&apos;: &apos;text&apos;, &apos;bbox&apos;: (303.18300000000005, 645.276, 305.95300000000003, 658.5659999999999), &apos;color_space&apos;: &apos;DeviceGray&apos;, &apos;ncolor&apos;: None, &apos;size&apos;: 13.289999999999964, &apos;value&apos;: &apos;.&apos;, &apos;children&apos;: [], &apos;features&apos;: {}}, {&apos;type&apos;: &apos;text&apos;, &apos;bbox&apos;: (305.95300000000003, 645.276, 308.723, 658.5659999999999), &apos;color_space&apos;: &apos;DeviceGray&apos;, &apos;ncolor&apos;: None, &apos;size&apos;: 13.289999999999964, &apos;value&apos;: &apos;.&apos;, &apos;children&apos;: [], &apos;features&apos;: {}}, {&apos;type&apos;: &apos;text&apos;, &apos;bbox&apos;: (308.72300000000007, 645.276, 311.49300000000005, 658.5659999999999), &apos;color_space&apos;: &apos;DeviceGray&apos;, &apos;ncolor&apos;: None, &apos;size&apos;: 13.289999999999964, &apos;value&apos;: &apos;.&apos;, &apos;children&apos;: [], &apos;features&apos;: {}}, {&apos;type&apos;: &apos;text&apos;, &apos;bbox&apos;: (311.49300000000005, 645.276, 314.26300000000003, 658.5659999999999), &apos;color_space&apos;: &apos;DeviceGray&apos;, &apos;ncolor&apos;: None, &apos;size&apos;: 13.289999999999964, &apos;value&apos;: &apos;.&apos;, &apos;children&apos;: [], &apos;features&apos;: {}}, {&apos;type&apos;: &apos;text&apos;, &apos;bbox&apos;: (314.26300000000003, 645.276, 317.033, 658.5659999999999), &apos;color_space&apos;: &apos;DeviceGray&apos;, &apos;ncolor&apos;: None, &apos;size&apos;: 13.289999999999964, &apos;value&apos;: &apos;.&apos;, &apos;children&apos;: [], &apos;features&apos;: {}}, {&apos;type&apos;: &apos;text&apos;, &apos;bbox&apos;: (317.033, 645.276, 319.803, 658.5659999999999), &apos;color_space&apos;: &apos;DeviceGray&apos;, &apos;ncolor&apos;: None, &apos;size&apos;: 13.289999999999964, &apos;value&apos;: &apos;.&apos;, &apos;children&apos;: [], &apos;features&apos;: {}}, {&apos;type&apos;: &apos;text&apos;, &apos;bbox&apos;: (319.803, 645.276, 322.573, 658.5659999999999), &apos;color_space&apos;: &apos;DeviceGray&apos;, &apos;ncolor&apos;: None, &apos;size&apos;: 13.289999999999964, &apos;value&apos;: &apos;.&apos;, &apos;children&apos;: [], &apos;features&apos;: {}}, {&apos;type&apos;: &apos;text&apos;, &apos;bbox&apos;: (322.57300000000004, 645.276, 325.343, 658.5659999999999), &apos;color_space&apos;: &apos;DeviceGray&apos;, &apos;ncolor&apos;: None, &apos;size&apos;: 13.289999999999964, &apos;value&apos;: &apos;.&apos;, &apos;children&apos;: [], &apos;features&apos;: {}}, {&apos;type&apos;: &apos;text&apos;, &apos;bbox&apos;: (325.343, 645.276, 328.113, 658.5659999999999), &apos;color_space&apos;: &apos;DeviceGray&apos;, &apos;ncolor&apos;: None, &apos;size&apos;: 13.289999999999964, &apos;value&apos;: &apos;.&apos;, &apos;children&apos;: [], &apos;features&apos;: {}}, {&apos;type&apos;: &apos;text&apos;, &apos;bbox&apos;: (328.113, 645.276, 330.883, 658.5659999999999), &apos;color_space&apos;: &apos;DeviceGray&apos;, &apos;ncolor&apos;: None, &apos;size&apos;: 13.289999999999964, &apos;value&apos;: &apos;.&apos;, &apos;children&apos;: [], &apos;features&apos;: {}}, {&apos;type&apos;: &apos;text&apos;, &apos;bbox&apos;: (330.88300000000004, 645.276, 333.653, 658.5659999999999), &apos;color_space&apos;: &apos;DeviceGray&apos;, &apos;ncolor&apos;: None, &apos;size&apos;: 13.289999999999964, &apos;value&apos;: &apos;.&apos;, &apos;children&apos;: [], &apos;features&apos;: {}}, {&apos;type&apos;: &apos;text&apos;, &apos;bbox&apos;: (333.653, 645.276, 336.423, 658.5659999999999), &apos;color_space&apos;: &apos;DeviceGray&apos;, &apos;ncolor&apos;: None, &apos;size&apos;: 13.289999999999964, &apos;value&apos;: &apos;.&apos;, &apos;children&apos;: [], &apos;features&apos;: {}}, {&apos;type&apos;: &apos;text&apos;, &apos;bbox&apos;: (336.423, 645.276, 339.193, 658.5659999999999), &apos;color_space&apos;: &apos;DeviceGray&apos;, &apos;ncolor&apos;: None, &apos;size&apos;: 13.289999999999964, &apos;value&apos;: &apos;.&apos;, &apos;children&apos;: [], &apos;features&apos;: {}}, {&apos;type&apos;: &apos;text&apos;, &apos;bbox&apos;: (339.193, 645.276, 341.96299999999997, 658.5659999999999), &apos;color_space&apos;: &apos;DeviceGray&apos;, &apos;ncolor&apos;: None, &apos;size&apos;: 13.289999999999964, &apos;value&apos;: &apos;.&apos;, &apos;children&apos;: [], &apos;features&apos;: {}}, {&apos;type&apos;: &apos;text&apos;, &apos;bbox&apos;: (341.96299999999997, 645.276, 344.73299999999995, 658.5659999999999), &apos;color_space&apos;: &apos;DeviceGray&apos;, &apos;ncolor&apos;: None, &apos;size&apos;: 13.289999999999964, &apos;value&apos;: &apos;.&apos;, &apos;children&apos;: [], &apos;features&apos;: {}}, {&apos;type&apos;: &apos;text&apos;, &apos;bbox&apos;: (344.733, 645.276, 347.503, 658.5659999999999), &apos;color_space&apos;: &apos;DeviceGray&apos;, &apos;ncolor&apos;: None, &apos;size&apos;: 13.289999999999964, &apos;value&apos;: &apos;.&apos;, &apos;children&apos;: [], &apos;features&apos;: {}}, {&apos;type&apos;: &apos;text&apos;, &apos;bbox&apos;: (347.503, 645.276, 350.27299999999997, 658.5659999999999), &apos;color_space&apos;: &apos;DeviceGray&apos;, &apos;ncolor&apos;: None, &apos;size&apos;: 13.289999999999964, &apos;value&apos;: &apos;.&apos;, &apos;children&apos;: [], &apos;features&apos;: {}}, {&apos;type&apos;: &apos;text&apos;, &apos;bbox&apos;: (350.27299999999997, 645.276, 353.04299999999995, 658.5659999999999), &apos;color_space&apos;: &apos;DeviceGray&apos;, &apos;ncolor&apos;: None, &apos;size&apos;: 13.289999999999964, &apos;value&apos;: &apos;.&apos;, &apos;children&apos;: [], &apos;features&apos;: {}}, {&apos;type&apos;: &apos;text&apos;, &apos;bbox&apos;: (353.043, 645.276, 355.813, 658.5659999999999), &apos;color_space&apos;: &apos;DeviceGray&apos;, &apos;ncolor&apos;: None, &apos;size&apos;: 13.289999999999964, &apos;value&apos;: &apos;.&apos;, &apos;children&apos;: [], &apos;features&apos;: {}}, {&apos;type&apos;: &apos;text&apos;, &apos;bbox&apos;: (355.813, 645.276, 358.58299999999997, 658.5659999999999), &apos;color_space&apos;: &apos;DeviceGray&apos;, &apos;ncolor&apos;: None, &apos;size&apos;: 13.289999999999964, &apos;value&apos;: &apos;.&apos;, &apos;children&apos;: [], &apos;features&apos;: {}}, {&apos;type&apos;: &apos;text&apos;, &apos;bbox&apos;: (358.58299999999997, 645.276, 361.35299999999995, 658.5659999999999), &apos;color_space&apos;: &apos;DeviceGray&apos;, &apos;ncolor&apos;: None, &apos;size&apos;: 13.289999999999964, &apos;value&apos;: &apos;.&apos;, &apos;children&apos;: [], &apos;features&apos;: {}}, {&apos;type&apos;: &apos;text&apos;, &apos;bbox&apos;: (361.35299999999995, 645.276, 364.12299999999993, 658.5659999999999), &apos;color_space&apos;: &apos;DeviceGray&apos;, &apos;ncolor&apos;: None, &apos;size&apos;: 13.289999999999964, &apos;value&apos;: &apos;.&apos;, &apos;children&apos;: [], &apos;features&apos;: {}}, {&apos;type&apos;: &apos;text&apos;, &apos;bbox&apos;: (364.12299999999993, 645.276, 366.8929999999999, 658.5659999999999), &apos;color_space&apos;: &apos;DeviceGray&apos;, &apos;ncolor&apos;: None, &apos;size&apos;: 13.289999999999964, &apos;value&apos;: &apos;.&apos;, &apos;children&apos;: [], &apos;features&apos;: {}}, {&apos;type&apos;: &apos;text&apos;, &apos;bbox&apos;: (366.893, 645.276, 369.66299999999995, 658.5659999999999), &apos;color_space&apos;: &apos;DeviceGray&apos;, &apos;ncolor&apos;: None, &apos;size&apos;: 13.289999999999964, &apos;value&apos;: &apos;.&apos;, &apos;children&apos;: [], &apos;features&apos;: {}}, {&apos;type&apos;: &apos;text&apos;, &apos;bbox&apos;: (369.66299999999995, 645.276, 372.43299999999994, 658.5659999999999), &apos;color_space&apos;: &apos;DeviceGray&apos;, &apos;ncolor&apos;: None, &apos;size&apos;: 13.289999999999964, &apos;value&apos;: &apos;.&apos;, &apos;children&apos;: [], &apos;features&apos;: {}}, {&apos;type&apos;: &apos;text&apos;, &apos;bbox&apos;: (372.433, 645.276, 375.203, 658.5659999999999), &apos;color_space&apos;: &apos;DeviceGray&apos;, &apos;ncolor&apos;: None, &apos;size&apos;: 13.289999999999964, &apos;value&apos;: &apos;.&apos;, &apos;children&apos;: [], &apos;features&apos;: {}}, {&apos;type&apos;: &apos;text&apos;, &apos;bbox&apos;: (375.203, 645.276, 377.97299999999996, 658.5659999999999), &apos;color_space&apos;: &apos;DeviceGray&apos;, &apos;ncolor&apos;: None, &apos;size&apos;: 13.289999999999964, &apos;value&apos;: &apos;.&apos;, &apos;children&apos;: [], &apos;features&apos;: {}}, {&apos;type&apos;: &apos;text&apos;, &apos;bbox&apos;: (377.97299999999996, 645.276, 380.74299999999994, 658.5659999999999), &apos;color_space&apos;: &apos;DeviceGray&apos;, &apos;ncolor&apos;: None, &apos;size&apos;: 13.289999999999964, &apos;value&apos;: &apos;.&apos;, &apos;children&apos;: [], &apos;features&apos;: {}}, {&apos;type&apos;: &apos;text&apos;, &apos;bbox&apos;: (380.743, 645.276, 383.513, 658.5659999999999), &apos;color_space&apos;: &apos;DeviceGray&apos;, &apos;ncolor&apos;: None, &apos;size&apos;: 13.289999999999964, &apos;value&apos;: &apos;.&apos;, &apos;children&apos;: [], &apos;features&apos;: {}}, {&apos;type&apos;: &apos;text&apos;, &apos;bbox&apos;: (383.51300000000003, 645.276, 386.283, 658.5659999999999), &apos;color_space&apos;: &apos;DeviceGray&apos;, &apos;ncolor&apos;: None, &apos;size&apos;: 13.289999999999964, &apos;value&apos;: &apos;.&apos;, &apos;children&apos;: [], &apos;features&apos;: {}}, {&apos;type&apos;: &apos;text&apos;, &apos;bbox&apos;: (386.283, 645.276, 389.053, 658.5659999999999), &apos;color_space&apos;: &apos;DeviceGray&apos;, &apos;ncolor&apos;: None, &apos;size&apos;: 13.289999999999964, &apos;value&apos;: &apos;.&apos;, &apos;children&apos;: [], &apos;features&apos;: {}}, {&apos;type&apos;: &apos;text&apos;, &apos;bbox&apos;: (389.053, 645.276, 391.823, 658.5659999999999), &apos;color_space&apos;: &apos;DeviceGray&apos;, &apos;ncolor&apos;: None, &apos;size&apos;: 13.289999999999964, &apos;value&apos;: &apos;.&apos;, &apos;children&apos;: [], &apos;features&apos;: {}}, {&apos;type&apos;: &apos;text&apos;, &apos;bbox&apos;: (391.82300000000004, 645.276, 394.593, 658.5659999999999), &apos;color_space&apos;: &apos;DeviceGray&apos;, &apos;ncolor&apos;: None, &apos;size&apos;: 13.289999999999964, &apos;value&apos;: &apos;.&apos;, &apos;children&apos;: [], &apos;features&apos;: {}}, {&apos;type&apos;: &apos;text&apos;, &apos;bbox&apos;: (394.5930000000001, 645.276, 397.36300000000006, 658.5659999999999), &apos;color_space&apos;: &apos;DeviceGray&apos;, &apos;ncolor&apos;: None, &apos;size&apos;: 13.289999999999964, &apos;value&apos;: &apos;.&apos;, &apos;children&apos;: [], &apos;features&apos;: {}}, {&apos;type&apos;: &apos;text&apos;, &apos;bbox&apos;: (397.36300000000006, 645.276, 400.13300000000004, 658.5659999999999), &apos;color_space&apos;: &apos;DeviceGray&apos;, &apos;ncolor&apos;: None, &apos;size&apos;: 13.289999999999964, &apos;value&apos;: &apos;.&apos;, &apos;children&apos;: [], &apos;features&apos;: {}}, {&apos;type&apos;: &apos;text&apos;, &apos;bbox&apos;: (400.13300000000004, 645.276, 402.903, 658.5659999999999), &apos;color_space&apos;: &apos;DeviceGray&apos;, &apos;ncolor&apos;: None, &apos;size&apos;: 13.289999999999964, &apos;value&apos;: &apos;.&apos;, &apos;children&apos;: [], &apos;features&apos;: {}}, {&apos;type&apos;: &apos;text&apos;, &apos;bbox&apos;: (402.9030000000001, 645.276, 405.67300000000006, 658.5659999999999), &apos;color_space&apos;: &apos;DeviceGray&apos;, &apos;ncolor&apos;: None, &apos;size&apos;: 13.289999999999964, &apos;value&apos;: &apos;.&apos;, &apos;children&apos;: [], &apos;features&apos;: {}}, {&apos;type&apos;: &apos;text&apos;, &apos;bbox&apos;: (405.6730000000001, 645.276, 408.4430000000001, 658.5659999999999), &apos;color_space&apos;: &apos;DeviceGray&apos;, &apos;ncolor&apos;: None, &apos;size&apos;: 13.289999999999964, &apos;value&apos;: &apos;.&apos;, &apos;children&apos;: [], &apos;features&apos;: {}}, {&apos;type&apos;: &apos;text&apos;, &apos;bbox&apos;: (408.4430000000001, 645.276, 411.2130000000001, 658.5659999999999), &apos;color_space&apos;: &apos;DeviceGray&apos;, &apos;ncolor&apos;: None, &apos;size&apos;: 13.289999999999964, &apos;value&apos;: &apos;.&apos;, &apos;children&apos;: [], &apos;features&apos;: {}}, {&apos;type&apos;: &apos;text&apos;, &apos;bbox&apos;: (411.2130000000001, 645.276, 413.98300000000006, 658.5659999999999), &apos;color_space&apos;: &apos;DeviceGray&apos;, &apos;ncolor&apos;: None, &apos;size&apos;: 13.289999999999964, &apos;value&apos;: &apos;.&apos;, &apos;children&apos;: [], &apos;features&apos;: {}}, {&apos;type&apos;: &apos;text&apos;, &apos;bbox&apos;: (413.9830000000001, 645.276, 416.7530000000001, 658.5659999999999), &apos;color_space&apos;: &apos;DeviceGray&apos;, &apos;ncolor&apos;: None, &apos;size&apos;: 13.289999999999964, &apos;value&apos;: &apos;.&apos;, &apos;children&apos;: [], &apos;features&apos;: {}}, {&apos;type&apos;: &apos;text&apos;, &apos;bbox&apos;: (416.75300000000016, 645.276, 419.52300000000014, 658.5659999999999), &apos;color_space&apos;: &apos;DeviceGray&apos;, &apos;ncolor&apos;: None, &apos;size&apos;: 13.289999999999964, &apos;value&apos;: &apos;.&apos;, &apos;children&apos;: [], &apos;features&apos;: {}}, {&apos;type&apos;: &apos;text&apos;, &apos;bbox&apos;: (419.52300000000014, 645.276, 422.2930000000001, 658.5659999999999), &apos;color_space&apos;: &apos;DeviceGray&apos;, &apos;ncolor&apos;: None, &apos;size&apos;: 13.289999999999964, &apos;value&apos;: &apos;.&apos;, &apos;children&apos;: [], &apos;features&apos;: {}}, {&apos;type&apos;: &apos;text&apos;, &apos;bbox&apos;: (422.2930000000001, 645.276, 425.0630000000001, 658.5659999999999), &apos;color_space&apos;: &apos;DeviceGray&apos;, &apos;ncolor&apos;: None, &apos;size&apos;: 13.289999999999964, &apos;value&apos;: &apos;.&apos;, &apos;children&apos;: [], &apos;features&apos;: {}}, {&apos;type&apos;: &apos;text&apos;, &apos;bbox&apos;: (425.06300000000016, 645.276, 427.83300000000014, 658.5659999999999), &apos;color_space&apos;: &apos;DeviceGray&apos;, &apos;ncolor&apos;: None, &apos;size&apos;: 13.289999999999964, &apos;value&apos;: &apos;.&apos;, &apos;children&apos;: [], &apos;features&apos;: {}}, {&apos;type&apos;: &apos;text&apos;, &apos;bbox&apos;: (427.8330000000002, 645.276, 430.6030000000002, 658.5659999999999), &apos;color_space&apos;: &apos;DeviceGray&apos;, &apos;ncolor&apos;: None, &apos;size&apos;: 13.289999999999964, &apos;value&apos;: &apos;.&apos;, &apos;children&apos;: [], &apos;features&apos;: {}}, {&apos;type&apos;: &apos;text&apos;, &apos;bbox&apos;: (430.6030000000002, 645.276, 433.37300000000016, 658.5659999999999), &apos;color_space&apos;: &apos;DeviceGray&apos;, &apos;ncolor&apos;: None, &apos;size&apos;: 13.289999999999964, &apos;value&apos;: &apos;.&apos;, &apos;children&apos;: [], &apos;features&apos;: {}}, {&apos;type&apos;: &apos;text&apos;, &apos;bbox&apos;: (433.37300000000016, 645.276, 436.14300000000014, 658.5659999999999), &apos;color_space&apos;: &apos;DeviceGray&apos;, &apos;ncolor&apos;: None, &apos;size&apos;: 13.289999999999964, &apos;value&apos;: &apos;.&apos;, &apos;children&apos;: [], &apos;features&apos;: {}}, {&apos;type&apos;: &apos;text&apos;, &apos;bbox&apos;: (436.1430000000002, 645.276, 438.9130000000002, 658.5659999999999), &apos;color_space&apos;: &apos;DeviceGray&apos;, &apos;ncolor&apos;: None, &apos;size&apos;: 13.289999999999964, &apos;value&apos;: &apos;.&apos;, &apos;children&apos;: [], &apos;features&apos;: {}}, {&apos;type&apos;: &apos;text&apos;, &apos;bbox&apos;: (438.91300000000024, 645.276, 441.6830000000002, 658.5659999999999), &apos;color_space&apos;: &apos;DeviceGray&apos;, &apos;ncolor&apos;: None, &apos;size&apos;: 13.289999999999964, &apos;value&apos;: &apos;.&apos;, &apos;children&apos;: [], &apos;features&apos;: {}}, {&apos;type&apos;: &apos;text&apos;, &apos;bbox&apos;: (441.6830000000002, 645.276, 444.4530000000002, 658.5659999999999), &apos;color_space&apos;: &apos;DeviceGray&apos;, &apos;ncolor&apos;: None, &apos;size&apos;: 13.289999999999964, &apos;value&apos;: &apos;.&apos;, &apos;children&apos;: [], &apos;features&apos;: {}}, {&apos;type&apos;: &apos;text&apos;, &apos;bbox&apos;: (444.4530000000002, 645.276, 447.2230000000002, 658.5659999999999), &apos;color_space&apos;: &apos;DeviceGray&apos;, &apos;ncolor&apos;: None, &apos;size&apos;: 13.289999999999964, &apos;value&apos;: &apos;.&apos;, &apos;children&apos;: [], &apos;features&apos;: {}}, {&apos;type&apos;: &apos;text&apos;, &apos;bbox&apos;: (447.22300000000024, 645.276, 449.9930000000002, 658.5659999999999), &apos;color_space&apos;: &apos;DeviceGray&apos;, &apos;ncolor&apos;: None, &apos;size&apos;: 13.289999999999964, &apos;value&apos;: &apos;.&apos;, &apos;children&apos;: [], &apos;features&apos;: {}}, {&apos;type&apos;: &apos;text&apos;, &apos;bbox&apos;: (449.9930000000003, 645.276, 452.76300000000026, 658.5659999999999), &apos;color_space&apos;: &apos;DeviceGray&apos;, &apos;ncolor&apos;: None, &apos;size&apos;: 13.289999999999964, &apos;value&apos;: &apos;.&apos;, &apos;children&apos;: [], &apos;features&apos;: {}}, {&apos;type&apos;: &apos;text&apos;, &apos;bbox&apos;: (452.76300000000026, 645.276, 455.53300000000024, 658.5659999999999), &apos;color_space&apos;: &apos;DeviceGray&apos;, &apos;ncolor&apos;: None, &apos;size&apos;: 13.289999999999964, &apos;value&apos;: &apos;.&apos;, &apos;children&apos;: [], &apos;features&apos;: {}}, {&apos;type&apos;: &apos;text&apos;, &apos;bbox&apos;: (455.53300000000024, 645.276, 458.3030000000002, 658.5659999999999), &apos;color_space&apos;: &apos;DeviceGray&apos;, &apos;ncolor&apos;: None, &apos;size&apos;: 13.289999999999964, &apos;value&apos;: &apos;.&apos;, &apos;children&apos;: [], &apos;features&apos;: {}}, {&apos;type&apos;: &apos;text&apos;, &apos;bbox&apos;: (458.3030000000003, 645.276, 461.07300000000026, 658.5659999999999), &apos;color_space&apos;: &apos;DeviceGray&apos;, &apos;ncolor&apos;: None, &apos;size&apos;: 13.289999999999964, &apos;value&apos;: &apos;.&apos;, &apos;children&apos;: [], &apos;features&apos;: {}}, {&apos;type&apos;: &apos;text&apos;, &apos;bbox&apos;: (461.0730000000003, 645.276, 463.8430000000003, 658.5659999999999), &apos;color_space&apos;: &apos;DeviceGray&apos;, &apos;ncolor&apos;: None, &apos;size&apos;: 13.289999999999964, &apos;value&apos;: &apos;.&apos;, &apos;children&apos;: [], &apos;features&apos;: {}}, {&apos;type&apos;: &apos;text&apos;, &apos;bbox&apos;: (463.8430000000003, 645.276, 466.6130000000003, 658.5659999999999), &apos;color_space&apos;: &apos;DeviceGray&apos;, &apos;ncolor&apos;: None, &apos;size&apos;: 13.289999999999964, &apos;value&apos;: &apos;.&apos;, &apos;children&apos;: [], &apos;features&apos;: {}}, {&apos;type&apos;: &apos;text&apos;, &apos;bbox&apos;: (466.6130000000003, 645.276, 469.38300000000027, 658.5659999999999), &apos;color_space&apos;: &apos;DeviceGray&apos;, &apos;ncolor&apos;: None, &apos;size&apos;: 13.289999999999964, &apos;value&apos;: &apos;.&apos;, &apos;children&apos;: [], &apos;features&apos;: {}}, {&apos;type&apos;: &apos;text&apos;, &apos;bbox&apos;: (469.3830000000003, 645.276, 472.1530000000003, 658.5659999999999), &apos;color_space&apos;: &apos;DeviceGray&apos;, &apos;ncolor&apos;: None, &apos;size&apos;: 13.289999999999964, &apos;value&apos;: &apos;.&apos;, &apos;children&apos;: [], &apos;features&apos;: {}}, {&apos;type&apos;: &apos;text&apos;, &apos;bbox&apos;: (472.15300000000036, 645.276, 474.92300000000034, 658.5659999999999), &apos;color_space&apos;: &apos;DeviceGray&apos;, &apos;ncolor&apos;: None, &apos;size&apos;: 13.289999999999964, &apos;value&apos;: &apos;.&apos;, &apos;children&apos;: [], &apos;features&apos;: {}}, {&apos;type&apos;: &apos;text&apos;, &apos;bbox&apos;: (474.92300000000034, 645.276, 477.6930000000003, 658.5659999999999), &apos;color_space&apos;: &apos;DeviceGray&apos;, &apos;ncolor&apos;: None, &apos;size&apos;: 13.289999999999964, &apos;value&apos;: &apos;.&apos;, &apos;children&apos;: [], &apos;features&apos;: {}}, {&apos;type&apos;: &apos;text&apos;, &apos;bbox&apos;: (477.6930000000003, 645.276, 480.4630000000003, 658.5659999999999), &apos;color_space&apos;: &apos;DeviceGray&apos;, &apos;ncolor&apos;: None, &apos;size&apos;: 13.289999999999964, &apos;value&apos;: &apos;.&apos;, &apos;children&apos;: [], &apos;features&apos;: {}}, {&apos;type&apos;: &apos;text&apos;, &apos;bbox&apos;: (480.46300000000036, 645.276, 483.23300000000035, 658.5659999999999), &apos;color_space&apos;: &apos;DeviceGray&apos;, &apos;ncolor&apos;: None, &apos;size&apos;: 13.289999999999964, &apos;value&apos;: &apos;.&apos;, &apos;children&apos;: [], &apos;features&apos;: {}}, {&apos;type&apos;: &apos;text&apos;, &apos;bbox&apos;: (483.2330000000004, 645.276, 486.0030000000004, 658.5659999999999), &apos;color_space&apos;: &apos;DeviceGray&apos;, &apos;ncolor&apos;: None, &apos;size&apos;: 13.289999999999964, &apos;value&apos;: &apos;.&apos;, &apos;children&apos;: [], &apos;features&apos;: {}}, {&apos;type&apos;: &apos;text&apos;, &apos;bbox&apos;: (486.0030000000004, 645.276, 488.77300000000037, 658.5659999999999), &apos;color_space&apos;: &apos;DeviceGray&apos;, &apos;ncolor&apos;: None, &apos;size&apos;: 13.289999999999964, &apos;value&apos;: &apos;.&apos;, &apos;children&apos;: [], &apos;features&apos;: {}}, {&apos;type&apos;: &apos;text&apos;, &apos;bbox&apos;: (488.77300000000037, 645.276, 491.54300000000035, 658.5659999999999), &apos;color_space&apos;: &apos;DeviceGray&apos;, &apos;ncolor&apos;: None, &apos;size&apos;: 13.289999999999964, &apos;value&apos;: &apos;.&apos;, &apos;children&apos;: [], &apos;features&apos;: {}}, {&apos;type&apos;: &apos;text&apos;, &apos;bbox&apos;: (491.5430000000004, 645.276, 494.3130000000004, 658.5659999999999), &apos;color_space&apos;: &apos;DeviceGray&apos;, &apos;ncolor&apos;: None, &apos;size&apos;: 13.289999999999964, &apos;value&apos;: &apos;.&apos;, &apos;children&apos;: [], &apos;features&apos;: {}}, {&apos;type&apos;: &apos;text&apos;, &apos;bbox&apos;: (494.31300000000044, 645.276, 497.0830000000004, 658.5659999999999), &apos;color_space&apos;: &apos;DeviceGray&apos;, &apos;ncolor&apos;: None, &apos;size&apos;: 13.289999999999964, &apos;value&apos;: &apos;.&apos;, &apos;children&apos;: [], &apos;features&apos;: {}}, {&apos;type&apos;: &apos;text&apos;, &apos;bbox&apos;: (497.0830000000004, 645.276, 499.8530000000004, 658.5659999999999), &apos;color_space&apos;: &apos;DeviceGray&apos;, &apos;ncolor&apos;: None, &apos;size&apos;: 13.289999999999964, &apos;value&apos;: &apos;.&apos;, &apos;children&apos;: [], &apos;features&apos;: {}}, {&apos;type&apos;: &apos;text&apos;, &apos;bbox&apos;: (499.8530000000004, 645.276, 502.6230000000004, 658.5659999999999), &apos;color_space&apos;: &apos;DeviceGray&apos;, &apos;ncolor&apos;: None, &apos;size&apos;: 13.289999999999964, &apos;value&apos;: &apos;.&apos;, &apos;children&apos;: [], &apos;features&apos;: {}}, {&apos;type&apos;: &apos;text&apos;, &apos;bbox&apos;: (502.6230000000004, 645.276, 505.39300000000037, 658.5659999999999), &apos;color_space&apos;: &apos;DeviceGray&apos;, &apos;ncolor&apos;: None, &apos;size&apos;: 13.289999999999964, &apos;value&apos;: &apos;.&apos;, &apos;children&apos;: [], &apos;features&apos;: {}}, {&apos;type&apos;: &apos;text&apos;, &apos;bbox&apos;: (505.39300000000037, 645.276, 508.16300000000035, 658.5659999999999), &apos;color_space&apos;: &apos;DeviceGray&apos;, &apos;ncolor&apos;: None, &apos;size&apos;: 13.289999999999964, &apos;value&apos;: &apos;.&apos;, &apos;children&apos;: [], &apos;features&apos;: {}}, {&apos;type&apos;: &apos;text&apos;, &apos;bbox&apos;: (508.16300000000035, 645.276, 510.93300000000033, 658.5659999999999), &apos;color_space&apos;: &apos;DeviceGray&apos;, &apos;ncolor&apos;: None, &apos;size&apos;: 13.289999999999964, &apos;value&apos;: &apos;.&apos;, &apos;children&apos;: [], &apos;features&apos;: {}}, {&apos;type&apos;: &apos;text&apos;, &apos;bbox&apos;: (510.93300000000033, 645.276, 513.7030000000003, 658.5659999999999), &apos;color_space&apos;: &apos;DeviceGray&apos;, &apos;ncolor&apos;: None, &apos;size&apos;: 13.289999999999964, &apos;value&apos;: &apos;.&apos;, &apos;children&apos;: [], &apos;features&apos;: {}}, {&apos;type&apos;: &apos;text&apos;, &apos;bbox&apos;: (513.7030000000003, 645.276, 516.4730000000003, 658.5659999999999), &apos;color_space&apos;: &apos;DeviceGray&apos;, &apos;ncolor&apos;: None, &apos;size&apos;: 13.289999999999964, &apos;value&apos;: &apos;.&apos;, &apos;children&apos;: [], &apos;features&apos;: {}}, {&apos;type&apos;: &apos;text&apos;, &apos;bbox&apos;: (519.986, 645.276, 525.5459999999999, 658.5659999999999), &apos;color_space&apos;: &apos;DeviceGray&apos;, &apos;ncolor&apos;: None, &apos;size&apos;: 13.289999999999964, &apos;value&apos;: &apos;7&apos;, &apos;children&apos;: [], &apos;features&apos;: {}}, {&apos;type&apos;: &apos;text&apos;, &apos;bbox&apos;: (525.5459999999999, 645.276, 528.876, 658.5659999999999), &apos;color_space&apos;: &apos;DeviceGray&apos;, &apos;ncolor&apos;: None, &apos;size&apos;: 13.289999999999964, &apos;value&apos;: &apos;-&apos;, &apos;children&apos;: [], &apos;features&apos;: {}}, {&apos;type&apos;: &apos;text&apos;, &apos;bbox&apos;: (528.877, 645.276, 534.4369999999999, 658.5659999999999), &apos;color_space&apos;: &apos;DeviceGray&apos;, &apos;ncolor&apos;: None, &apos;size&apos;: 13.289999999999964, &apos;value&apos;: &apos;1&apos;, &apos;children&apos;: [], &apos;features&apos;: {}}, {&apos;type&apos;: &apos;text&apos;, &apos;bbox&apos;: (534.4369999999999, 645.276, 539.9969999999998, 658.5659999999999), &apos;color_space&apos;: &apos;DeviceGray&apos;, &apos;ncolor&apos;: None, &apos;size&apos;: 13.289999999999964, &apos;value&apos;: &apos;3&apos;, &apos;children&apos;: [], &apos;features&apos;: {}}], &apos;features&apos;: {}}
*********************





--------------------------------- CONTENT AREA --------------------------------- 
This content area has an image
{&apos;type&apos;: &apos;figure&apos;, &apos;bbox&apos;: (0, 0, 612.0, 792.0), &apos;name&apos;: &apos;fx52&apos;, &apos;children&apos;: [{&apos;type&apos;: &apos;text&apos;, &apos;bbox&apos;: (114.0, 629.055, 122.31, 642.535), &apos;color_space&apos;: &apos;DeviceGray&apos;, &apos;ncolor&apos;: None, &apos;size&apos;: 13.480000000000018, &apos;value&apos;: &apos;D&apos;, &apos;children&apos;: [], &apos;features&apos;: {}}, {&apos;type&apos;: &apos;text&apos;, &apos;bbox&apos;: (122.31, 629.055, 126.2, 642.535), &apos;color_space&apos;: &apos;DeviceGray&apos;, &apos;ncolor&apos;: None, &apos;size&apos;: 13.480000000000018, &apos;value&apos;: &apos;I&apos;, &apos;children&apos;: [], &apos;features&apos;: {}}, {&apos;type&apos;: &apos;text&apos;, &apos;bbox&apos;: (126.2, 629.055, 136.2, 642.535), &apos;color_space&apos;: &apos;DeviceGray&apos;, &apos;ncolor&apos;: None, &apos;size&apos;: 13.480000000000018, &apos;value&apos;: &apos;M&apos;, &apos;children&apos;: [], &apos;features&apos;: {}}, {&apos;type&apos;: &apos;text&apos;, &apos;bbox&apos;: (136.2, 629.055, 141.2, 642.535), &apos;color_space&apos;: &apos;DeviceGray&apos;, &apos;ncolor&apos;: None, &apos;size&apos;: 13.480000000000018, &apos;value&apos;: &apos;_&apos;, &apos;children&apos;: [], &apos;features&apos;: {}}, {&apos;type&apos;: &apos;text&apos;, &apos;bbox&apos;: (141.2, 629.055, 148.42, 642.535), &apos;color_space&apos;: &apos;DeviceGray&apos;, &apos;ncolor&apos;: None, &apos;size&apos;: 13.480000000000018, &apos;value&apos;: &apos;C&apos;, &apos;children&apos;: [], &apos;features&apos;: {}}, {&apos;type&apos;: &apos;text&apos;, &apos;bbox&apos;: (148.42000000000002, 629.055, 156.75000000000003, 642.535), &apos;color_space&apos;: &apos;DeviceGray&apos;, &apos;ncolor&apos;: None, &apos;size&apos;: 13.480000000000018, &apos;value&apos;: &apos;O&apos;, &apos;children&apos;: [], &apos;features&apos;: {}}, {&apos;type&apos;: &apos;text&apos;, &apos;bbox&apos;: (156.75, 629.055, 166.75, 642.535), &apos;color_space&apos;: &apos;DeviceGray&apos;, &apos;ncolor&apos;: None, &apos;size&apos;: 13.480000000000018, &apos;value&apos;: &apos;M&apos;, &apos;children&apos;: [], &apos;features&apos;: {}}, {&apos;type&apos;: &apos;text&apos;, &apos;bbox&apos;: (166.75, 629.055, 176.75, 642.535), &apos;color_space&apos;: &apos;DeviceGray&apos;, &apos;ncolor&apos;: None, &apos;size&apos;: 13.480000000000018, &apos;value&apos;: &apos;M&apos;, &apos;children&apos;: [], &apos;features&apos;: {}}, {&apos;type&apos;: &apos;text&apos;, &apos;bbox&apos;: (176.75, 629.055, 185.08, 642.535), &apos;color_space&apos;: &apos;DeviceGray&apos;, &apos;ncolor&apos;: None, &apos;size&apos;: 13.480000000000018, &apos;value&apos;: &apos;O&apos;, &apos;children&apos;: [], &apos;features&apos;: {}}, {&apos;type&apos;: &apos;text&apos;, &apos;bbox&apos;: (185.07999999999998, 629.055, 193.41, 642.535), &apos;color_space&apos;: &apos;DeviceGray&apos;, &apos;ncolor&apos;: None, &apos;size&apos;: 13.480000000000018, &apos;value&apos;: &apos;N&apos;, &apos;children&apos;: [], &apos;features&apos;: {}}, {&apos;type&apos;: &apos;text&apos;, &apos;bbox&apos;: (193.41, 629.055, 198.41, 642.535), &apos;color_space&apos;: &apos;DeviceGray&apos;, &apos;ncolor&apos;: None, &apos;size&apos;: 13.480000000000018, &apos;value&apos;: &apos;_&apos;, &apos;children&apos;: [], &apos;features&apos;: {}}, {&apos;type&apos;: &apos;text&apos;, &apos;bbox&apos;: (198.41, 629.055, 205.63, 642.535), &apos;color_space&apos;: &apos;DeviceGray&apos;, &apos;ncolor&apos;: None, &apos;size&apos;: 13.480000000000018, &apos;value&apos;: &apos;C&apos;, &apos;children&apos;: [], &apos;features&apos;: {}}, {&apos;type&apos;: &apos;text&apos;, &apos;bbox&apos;: (205.63, 629.055, 213.96, 642.535), &apos;color_space&apos;: &apos;DeviceGray&apos;, &apos;ncolor&apos;: None, &apos;size&apos;: 13.480000000000018, &apos;value&apos;: &apos;O&apos;, &apos;children&apos;: [], &apos;features&apos;: {}}, {&apos;type&apos;: &apos;text&apos;, &apos;bbox&apos;: (213.95999999999998, 629.055, 221.73, 642.535), &apos;color_space&apos;: &apos;DeviceGray&apos;, &apos;ncolor&apos;: None, &apos;size&apos;: 13.480000000000018, &apos;value&apos;: &apos;A&apos;, &apos;children&apos;: [], &apos;features&apos;: {}}, {&apos;type&apos;: &apos;text&apos;, &apos;bbox&apos;: (221.73, 629.055, 226.73, 642.535), &apos;color_space&apos;: &apos;DeviceGray&apos;, &apos;ncolor&apos;: None, &apos;size&apos;: 13.480000000000018, &apos;value&apos;: &apos;_&apos;, &apos;children&apos;: [], &apos;features&apos;: {}}, {&apos;type&apos;: &apos;text&apos;, &apos;bbox&apos;: (226.73, 629.055, 234.5, 642.535), &apos;color_space&apos;: &apos;DeviceGray&apos;, &apos;ncolor&apos;: None, &apos;size&apos;: 13.480000000000018, &apos;value&apos;: &apos;A&apos;, &apos;children&apos;: [], &apos;features&apos;: {}}, {&apos;type&apos;: &apos;text&apos;, &apos;bbox&apos;: (234.5, 629.055, 241.16, 642.535), &apos;color_space&apos;: &apos;DeviceGray&apos;, &apos;ncolor&apos;: None, &apos;size&apos;: 13.480000000000018, &apos;value&apos;: &apos;T&apos;, &apos;children&apos;: [], &apos;features&apos;: {}}, {&apos;type&apos;: &apos;text&apos;, &apos;bbox&apos;: (241.15999999999997, 629.055, 247.81999999999996, 642.535), &apos;color_space&apos;: &apos;DeviceGray&apos;, &apos;ncolor&apos;: None, &apos;size&apos;: 13.480000000000018, &apos;value&apos;: &apos;T&apos;, &apos;children&apos;: [], &apos;features&apos;: {}}, {&apos;type&apos;: &apos;text&apos;, &apos;bbox&apos;: (247.82, 629.055, 254.95, 642.535), &apos;color_space&apos;: &apos;DeviceGray&apos;, &apos;ncolor&apos;: None, &apos;size&apos;: 13.480000000000018, &apos;value&apos;: &apos;R&apos;, &apos;children&apos;: [], &apos;features&apos;: {}}, {&apos;type&apos;: &apos;text&apos;, &apos;bbox&apos;: (255.0, 629.785, 257.77, 643.0749999999999), &apos;color_space&apos;: &apos;DeviceGray&apos;, &apos;ncolor&apos;: None, &apos;size&apos;: 13.289999999999964, &apos;value&apos;: &apos;.&apos;, &apos;children&apos;: [], &apos;features&apos;: {}}, {&apos;type&apos;: &apos;text&apos;, &apos;bbox&apos;: (257.77, 629.785, 260.53999999999996, 643.0749999999999), &apos;color_space&apos;: &apos;DeviceGray&apos;, &apos;ncolor&apos;: None, &apos;size&apos;: 13.289999999999964, &apos;value&apos;: &apos;.&apos;, &apos;children&apos;: [], &apos;features&apos;: {}}, {&apos;type&apos;: &apos;text&apos;, &apos;bbox&apos;: (260.54, 629.785, 263.31, 643.0749999999999), &apos;color_space&apos;: &apos;DeviceGray&apos;, &apos;ncolor&apos;: None, &apos;size&apos;: 13.289999999999964, &apos;value&apos;: &apos;.&apos;, &apos;children&apos;: [], &apos;features&apos;: {}}, {&apos;type&apos;: &apos;text&apos;, &apos;bbox&apos;: (263.31, 629.785, 266.08, 643.0749999999999), &apos;color_space&apos;: &apos;DeviceGray&apos;, &apos;ncolor&apos;: None, &apos;size&apos;: 13.289999999999964, &apos;value&apos;: &apos;.&apos;, &apos;children&apos;: [], &apos;features&apos;: {}}, {&apos;type&apos;: &apos;text&apos;, &apos;bbox&apos;: (266.08, 629.785, 268.84999999999997, 643.0749999999999), &apos;color_space&apos;: &apos;DeviceGray&apos;, &apos;ncolor&apos;: None, &apos;size&apos;: 13.289999999999964, &apos;value&apos;: &apos;.&apos;, &apos;children&apos;: [], &apos;features&apos;: {}}, {&apos;type&apos;: &apos;text&apos;, &apos;bbox&apos;: (268.85, 629.785, 271.62, 643.0749999999999), &apos;color_space&apos;: &apos;DeviceGray&apos;, &apos;ncolor&apos;: None, &apos;size&apos;: 13.289999999999964, &apos;value&apos;: &apos;.&apos;, &apos;children&apos;: [], &apos;features&apos;: {}}, {&apos;type&apos;: &apos;text&apos;, &apos;bbox&apos;: (271.62, 629.785, 274.39, 643.0749999999999), &apos;color_space&apos;: &apos;DeviceGray&apos;, &apos;ncolor&apos;: None, &apos;size&apos;: 13.289999999999964, &apos;value&apos;: &apos;.&apos;, &apos;children&apos;: [], &apos;features&apos;: {}}, {&apos;type&apos;: &apos;text&apos;, &apos;bbox&apos;: (274.39, 629.785, 277.15999999999997, 643.0749999999999), &apos;color_space&apos;: &apos;DeviceGray&apos;, &apos;ncolor&apos;: None, &apos;size&apos;: 13.289999999999964, &apos;value&apos;: &apos;.&apos;, &apos;children&apos;: [], &apos;features&apos;: {}}, {&apos;type&apos;: &apos;text&apos;, &apos;bbox&apos;: (277.16, 629.785, 279.93, 643.0749999999999), &apos;color_space&apos;: &apos;DeviceGray&apos;, &apos;ncolor&apos;: None, &apos;size&apos;: 13.289999999999964, &apos;value&apos;: &apos;.&apos;, &apos;children&apos;: [], &apos;features&apos;: {}}, {&apos;type&apos;: &apos;text&apos;, &apos;bbox&apos;: (279.93, 629.785, 282.7, 643.0749999999999), &apos;color_space&apos;: &apos;DeviceGray&apos;, &apos;ncolor&apos;: None, &apos;size&apos;: 13.289999999999964, &apos;value&apos;: &apos;.&apos;, &apos;children&apos;: [], &apos;features&apos;: {}}, {&apos;type&apos;: &apos;text&apos;, &apos;bbox&apos;: (282.7, 629.785, 285.46999999999997, 643.0749999999999), &apos;color_space&apos;: &apos;DeviceGray&apos;, &apos;ncolor&apos;: None, &apos;size&apos;: 13.289999999999964, &apos;value&apos;: &apos;.&apos;, &apos;children&apos;: [], &apos;features&apos;: {}}, {&apos;type&apos;: &apos;text&apos;, &apos;bbox&apos;: (285.47, 629.785, 288.24, 643.0749999999999), &apos;color_space&apos;: &apos;DeviceGray&apos;, &apos;ncolor&apos;: None, &apos;size&apos;: 13.289999999999964, &apos;value&apos;: &apos;.&apos;, &apos;children&apos;: [], &apos;features&apos;: {}}, {&apos;type&apos;: &apos;text&apos;, &apos;bbox&apos;: (288.24, 629.785, 291.01, 643.0749999999999), &apos;color_space&apos;: &apos;DeviceGray&apos;, &apos;ncolor&apos;: None, &apos;size&apos;: 13.289999999999964, &apos;value&apos;: &apos;.&apos;, &apos;children&apos;: [], &apos;features&apos;: {}}, {&apos;type&apos;: &apos;text&apos;, &apos;bbox&apos;: (291.01, 629.785, 293.78, 643.0749999999999), &apos;color_space&apos;: &apos;DeviceGray&apos;, &apos;ncolor&apos;: None, &apos;size&apos;: 13.289999999999964, &apos;value&apos;: &apos;.&apos;, &apos;children&apos;: [], &apos;features&apos;: {}}, {&apos;type&apos;: &apos;text&apos;, &apos;bbox&apos;: (293.78000000000003, 629.785, 296.55, 643.0749999999999), &apos;color_space&apos;: &apos;DeviceGray&apos;, &apos;ncolor&apos;: None, &apos;size&apos;: 13.289999999999964, &apos;value&apos;: &apos;.&apos;, &apos;children&apos;: [], &apos;features&apos;: {}}, {&apos;type&apos;: &apos;text&apos;, &apos;bbox&apos;: (296.55, 629.785, 299.32, 643.0749999999999), &apos;color_space&apos;: &apos;DeviceGray&apos;, &apos;ncolor&apos;: None, &apos;size&apos;: 13.289999999999964, &apos;value&apos;: &apos;.&apos;, &apos;children&apos;: [], &apos;features&apos;: {}}, {&apos;type&apos;: &apos;text&apos;, &apos;bbox&apos;: (299.32, 629.785, 302.09, 643.0749999999999), &apos;color_space&apos;: &apos;DeviceGray&apos;, &apos;ncolor&apos;: None, &apos;size&apos;: 13.289999999999964, &apos;value&apos;: &apos;.&apos;, &apos;children&apos;: [], &apos;features&apos;: {}}, {&apos;type&apos;: &apos;text&apos;, &apos;bbox&apos;: (302.09000000000003, 629.785, 304.86, 643.0749999999999), &apos;color_space&apos;: &apos;DeviceGray&apos;, &apos;ncolor&apos;: None, &apos;size&apos;: 13.289999999999964, &apos;value&apos;: &apos;.&apos;, &apos;children&apos;: [], &apos;features&apos;: {}}, {&apos;type&apos;: &apos;text&apos;, &apos;bbox&apos;: (304.86, 629.785, 307.63, 643.0749999999999), &apos;color_space&apos;: &apos;DeviceGray&apos;, &apos;ncolor&apos;: None, &apos;size&apos;: 13.289999999999964, &apos;value&apos;: &apos;.&apos;, &apos;children&apos;: [], &apos;features&apos;: {}}, {&apos;type&apos;: &apos;text&apos;, &apos;bbox&apos;: (307.63, 629.785, 310.4, 643.0749999999999), &apos;color_space&apos;: &apos;DeviceGray&apos;, &apos;ncolor&apos;: None, &apos;size&apos;: 13.289999999999964, &apos;value&apos;: &apos;.&apos;, &apos;children&apos;: [], &apos;features&apos;: {}}, {&apos;type&apos;: &apos;text&apos;, &apos;bbox&apos;: (310.40000000000003, 629.785, 313.17, 643.0749999999999), &apos;color_space&apos;: &apos;DeviceGray&apos;, &apos;ncolor&apos;: None, &apos;size&apos;: 13.289999999999964, &apos;value&apos;: &apos;.&apos;, &apos;children&apos;: [], &apos;features&apos;: {}}, {&apos;type&apos;: &apos;text&apos;, &apos;bbox&apos;: (313.17, 629.785, 315.94, 643.0749999999999), &apos;color_space&apos;: &apos;DeviceGray&apos;, &apos;ncolor&apos;: None, &apos;size&apos;: 13.289999999999964, &apos;value&apos;: &apos;.&apos;, &apos;children&apos;: [], &apos;features&apos;: {}}, {&apos;type&apos;: &apos;text&apos;, &apos;bbox&apos;: (315.94000000000005, 629.785, 318.71000000000004, 643.0749999999999), &apos;color_space&apos;: &apos;DeviceGray&apos;, &apos;ncolor&apos;: None, &apos;size&apos;: 13.289999999999964, &apos;value&apos;: &apos;.&apos;, &apos;children&apos;: [], &apos;features&apos;: {}}, {&apos;type&apos;: &apos;text&apos;, &apos;bbox&apos;: (318.71000000000004, 629.785, 321.48, 643.0749999999999), &apos;color_space&apos;: &apos;DeviceGray&apos;, &apos;ncolor&apos;: None, &apos;size&apos;: 13.289999999999964, &apos;value&apos;: &apos;.&apos;, &apos;children&apos;: [], &apos;features&apos;: {}}, {&apos;type&apos;: &apos;text&apos;, &apos;bbox&apos;: (321.48, 629.785, 324.25, 643.0749999999999), &apos;color_space&apos;: &apos;DeviceGray&apos;, &apos;ncolor&apos;: None, &apos;size&apos;: 13.289999999999964, &apos;value&apos;: &apos;.&apos;, &apos;children&apos;: [], &apos;features&apos;: {}}, {&apos;type&apos;: &apos;text&apos;, &apos;bbox&apos;: (324.25, 629.785, 327.02, 643.0749999999999), &apos;color_space&apos;: &apos;DeviceGray&apos;, &apos;ncolor&apos;: None, &apos;size&apos;: 13.289999999999964, &apos;value&apos;: &apos;.&apos;, &apos;children&apos;: [], &apos;features&apos;: {}}, {&apos;type&apos;: &apos;text&apos;, &apos;bbox&apos;: (327.02000000000004, 629.785, 329.79, 643.0749999999999), &apos;color_space&apos;: &apos;DeviceGray&apos;, &apos;ncolor&apos;: None, &apos;size&apos;: 13.289999999999964, &apos;value&apos;: &apos;.&apos;, &apos;children&apos;: [], &apos;features&apos;: {}}, {&apos;type&apos;: &apos;text&apos;, &apos;bbox&apos;: (329.79, 629.785, 332.56, 643.0749999999999), &apos;color_space&apos;: &apos;DeviceGray&apos;, &apos;ncolor&apos;: None, &apos;size&apos;: 13.289999999999964, &apos;value&apos;: &apos;.&apos;, &apos;children&apos;: [], &apos;features&apos;: {}}, {&apos;type&apos;: &apos;text&apos;, &apos;bbox&apos;: (332.56, 629.785, 335.33, 643.0749999999999), &apos;color_space&apos;: &apos;DeviceGray&apos;, &apos;ncolor&apos;: None, &apos;size&apos;: 13.289999999999964, &apos;value&apos;: &apos;.&apos;, &apos;children&apos;: [], &apos;features&apos;: {}}, {&apos;type&apos;: &apos;text&apos;, &apos;bbox&apos;: (335.33000000000004, 629.785, 338.1, 643.0749999999999), &apos;color_space&apos;: &apos;DeviceGray&apos;, &apos;ncolor&apos;: None, &apos;size&apos;: 13.289999999999964, &apos;value&apos;: &apos;.&apos;, &apos;children&apos;: [], &apos;features&apos;: {}}, {&apos;type&apos;: &apos;text&apos;, &apos;bbox&apos;: (338.1, 629.785, 340.87, 643.0749999999999), &apos;color_space&apos;: &apos;DeviceGray&apos;, &apos;ncolor&apos;: None, &apos;size&apos;: 13.289999999999964, &apos;value&apos;: &apos;.&apos;, &apos;children&apos;: [], &apos;features&apos;: {}}, {&apos;type&apos;: &apos;text&apos;, &apos;bbox&apos;: (340.87, 629.785, 343.64, 643.0749999999999), &apos;color_space&apos;: &apos;DeviceGray&apos;, &apos;ncolor&apos;: None, &apos;size&apos;: 13.289999999999964, &apos;value&apos;: &apos;.&apos;, &apos;children&apos;: [], &apos;features&apos;: {}}, {&apos;type&apos;: &apos;text&apos;, &apos;bbox&apos;: (343.64, 629.785, 346.40999999999997, 643.0749999999999), &apos;color_space&apos;: &apos;DeviceGray&apos;, &apos;ncolor&apos;: None, &apos;size&apos;: 13.289999999999964, &apos;value&apos;: &apos;.&apos;, &apos;children&apos;: [], &apos;features&apos;: {}}, {&apos;type&apos;: &apos;text&apos;, &apos;bbox&apos;: (346.40999999999997, 629.785, 349.17999999999995, 643.0749999999999), &apos;color_space&apos;: &apos;DeviceGray&apos;, &apos;ncolor&apos;: None, &apos;size&apos;: 13.289999999999964, &apos;value&apos;: &apos;.&apos;, &apos;children&apos;: [], &apos;features&apos;: {}}, {&apos;type&apos;: &apos;text&apos;, &apos;bbox&apos;: (349.18, 629.785, 351.95, 643.0749999999999), &apos;color_space&apos;: &apos;DeviceGray&apos;, &apos;ncolor&apos;: None, &apos;size&apos;: 13.289999999999964, &apos;value&apos;: &apos;.&apos;, &apos;children&apos;: [], &apos;features&apos;: {}}, {&apos;type&apos;: &apos;text&apos;, &apos;bbox&apos;: (351.95, 629.785, 354.71999999999997, 643.0749999999999), &apos;color_space&apos;: &apos;DeviceGray&apos;, &apos;ncolor&apos;: None, &apos;size&apos;: 13.289999999999964, &apos;value&apos;: &apos;.&apos;, &apos;children&apos;: [], &apos;features&apos;: {}}, {&apos;type&apos;: &apos;text&apos;, &apos;bbox&apos;: (354.71999999999997, 629.785, 357.48999999999995, 643.0749999999999), &apos;color_space&apos;: &apos;DeviceGray&apos;, &apos;ncolor&apos;: None, &apos;size&apos;: 13.289999999999964, &apos;value&apos;: &apos;.&apos;, &apos;children&apos;: [], &apos;features&apos;: {}}, {&apos;type&apos;: &apos;text&apos;, &apos;bbox&apos;: (357.49, 629.785, 360.26, 643.0749999999999), &apos;color_space&apos;: &apos;DeviceGray&apos;, &apos;ncolor&apos;: None, &apos;size&apos;: 13.289999999999964, &apos;value&apos;: &apos;.&apos;, &apos;children&apos;: [], &apos;features&apos;: {}}, {&apos;type&apos;: &apos;text&apos;, &apos;bbox&apos;: (360.26, 629.785, 363.03, 643.0749999999999), &apos;color_space&apos;: &apos;DeviceGray&apos;, &apos;ncolor&apos;: None, &apos;size&apos;: 13.289999999999964, &apos;value&apos;: &apos;.&apos;, &apos;children&apos;: [], &apos;features&apos;: {}}, {&apos;type&apos;: &apos;text&apos;, &apos;bbox&apos;: (363.03, 629.785, 365.79999999999995, 643.0749999999999), &apos;color_space&apos;: &apos;DeviceGray&apos;, &apos;ncolor&apos;: None, &apos;size&apos;: 13.289999999999964, &apos;value&apos;: &apos;.&apos;, &apos;children&apos;: [], &apos;features&apos;: {}}, {&apos;type&apos;: &apos;text&apos;, &apos;bbox&apos;: (365.79999999999995, 629.785, 368.56999999999994, 643.0749999999999), &apos;color_space&apos;: &apos;DeviceGray&apos;, &apos;ncolor&apos;: None, &apos;size&apos;: 13.289999999999964, &apos;value&apos;: &apos;.&apos;, &apos;children&apos;: [], &apos;features&apos;: {}}, {&apos;type&apos;: &apos;text&apos;, &apos;bbox&apos;: (368.56999999999994, 629.785, 371.3399999999999, 643.0749999999999), &apos;color_space&apos;: &apos;DeviceGray&apos;, &apos;ncolor&apos;: None, &apos;size&apos;: 13.289999999999964, &apos;value&apos;: &apos;.&apos;, &apos;children&apos;: [], &apos;features&apos;: {}}, {&apos;type&apos;: &apos;text&apos;, &apos;bbox&apos;: (371.34, 629.785, 374.10999999999996, 643.0749999999999), &apos;color_space&apos;: &apos;DeviceGray&apos;, &apos;ncolor&apos;: None, &apos;size&apos;: 13.289999999999964, &apos;value&apos;: &apos;.&apos;, &apos;children&apos;: [], &apos;features&apos;: {}}, {&apos;type&apos;: &apos;text&apos;, &apos;bbox&apos;: (374.10999999999996, 629.785, 376.87999999999994, 643.0749999999999), &apos;color_space&apos;: &apos;DeviceGray&apos;, &apos;ncolor&apos;: None, &apos;size&apos;: 13.289999999999964, &apos;value&apos;: &apos;.&apos;, &apos;children&apos;: [], &apos;features&apos;: {}}, {&apos;type&apos;: &apos;text&apos;, &apos;bbox&apos;: (376.87999999999994, 629.785, 379.6499999999999, 643.0749999999999), &apos;color_space&apos;: &apos;DeviceGray&apos;, &apos;ncolor&apos;: None, &apos;size&apos;: 13.289999999999964, &apos;value&apos;: &apos;.&apos;, &apos;children&apos;: [], &apos;features&apos;: {}}, {&apos;type&apos;: &apos;text&apos;, &apos;bbox&apos;: (379.65, 629.785, 382.41999999999996, 643.0749999999999), &apos;color_space&apos;: &apos;DeviceGray&apos;, &apos;ncolor&apos;: None, &apos;size&apos;: 13.289999999999964, &apos;value&apos;: &apos;.&apos;, &apos;children&apos;: [], &apos;features&apos;: {}}, {&apos;type&apos;: &apos;text&apos;, &apos;bbox&apos;: (382.41999999999996, 629.785, 385.18999999999994, 643.0749999999999), &apos;color_space&apos;: &apos;DeviceGray&apos;, &apos;ncolor&apos;: None, &apos;size&apos;: 13.289999999999964, &apos;value&apos;: &apos;.&apos;, &apos;children&apos;: [], &apos;features&apos;: {}}, {&apos;type&apos;: &apos;text&apos;, &apos;bbox&apos;: (385.18999999999994, 629.785, 387.9599999999999, 643.0749999999999), &apos;color_space&apos;: &apos;DeviceGray&apos;, &apos;ncolor&apos;: None, &apos;size&apos;: 13.289999999999964, &apos;value&apos;: &apos;.&apos;, &apos;children&apos;: [], &apos;features&apos;: {}}, {&apos;type&apos;: &apos;text&apos;, &apos;bbox&apos;: (387.9599999999999, 629.785, 390.7299999999999, 643.0749999999999), &apos;color_space&apos;: &apos;DeviceGray&apos;, &apos;ncolor&apos;: None, &apos;size&apos;: 13.289999999999964, &apos;value&apos;: &apos;.&apos;, &apos;children&apos;: [], &apos;features&apos;: {}}, {&apos;type&apos;: &apos;text&apos;, &apos;bbox&apos;: (390.72999999999996, 629.785, 393.49999999999994, 643.0749999999999), &apos;color_space&apos;: &apos;DeviceGray&apos;, &apos;ncolor&apos;: None, &apos;size&apos;: 13.289999999999964, &apos;value&apos;: &apos;.&apos;, &apos;children&apos;: [], &apos;features&apos;: {}}, {&apos;type&apos;: &apos;text&apos;, &apos;bbox&apos;: (393.5, 629.785, 396.27, 643.0749999999999), &apos;color_space&apos;: &apos;DeviceGray&apos;, &apos;ncolor&apos;: None, &apos;size&apos;: 13.289999999999964, &apos;value&apos;: &apos;.&apos;, &apos;children&apos;: [], &apos;features&apos;: {}}, {&apos;type&apos;: &apos;text&apos;, &apos;bbox&apos;: (396.27, 629.785, 399.03999999999996, 643.0749999999999), &apos;color_space&apos;: &apos;DeviceGray&apos;, &apos;ncolor&apos;: None, &apos;size&apos;: 13.289999999999964, &apos;value&apos;: &apos;.&apos;, &apos;children&apos;: [], &apos;features&apos;: {}}, {&apos;type&apos;: &apos;text&apos;, &apos;bbox&apos;: (399.03999999999996, 629.785, 401.80999999999995, 643.0749999999999), &apos;color_space&apos;: &apos;DeviceGray&apos;, &apos;ncolor&apos;: None, &apos;size&apos;: 13.289999999999964, &apos;value&apos;: &apos;.&apos;, &apos;children&apos;: [], &apos;features&apos;: {}}, {&apos;type&apos;: &apos;text&apos;, &apos;bbox&apos;: (401.81, 629.785, 404.58, 643.0749999999999), &apos;color_space&apos;: &apos;DeviceGray&apos;, &apos;ncolor&apos;: None, &apos;size&apos;: 13.289999999999964, &apos;value&apos;: &apos;.&apos;, &apos;children&apos;: [], &apos;features&apos;: {}}, {&apos;type&apos;: &apos;text&apos;, &apos;bbox&apos;: (404.58000000000004, 629.785, 407.35, 643.0749999999999), &apos;color_space&apos;: &apos;DeviceGray&apos;, &apos;ncolor&apos;: None, &apos;size&apos;: 13.289999999999964, &apos;value&apos;: &apos;.&apos;, &apos;children&apos;: [], &apos;features&apos;: {}}, {&apos;type&apos;: &apos;text&apos;, &apos;bbox&apos;: (407.35, 629.785, 410.12, 643.0749999999999), &apos;color_space&apos;: &apos;DeviceGray&apos;, &apos;ncolor&apos;: None, &apos;size&apos;: 13.289999999999964, &apos;value&apos;: &apos;.&apos;, &apos;children&apos;: [], &apos;features&apos;: {}}, {&apos;type&apos;: &apos;text&apos;, &apos;bbox&apos;: (410.12, 629.785, 412.89, 643.0749999999999), &apos;color_space&apos;: &apos;DeviceGray&apos;, &apos;ncolor&apos;: None, &apos;size&apos;: 13.289999999999964, &apos;value&apos;: &apos;.&apos;, &apos;children&apos;: [], &apos;features&apos;: {}}, {&apos;type&apos;: &apos;text&apos;, &apos;bbox&apos;: (412.89000000000004, 629.785, 415.66, 643.0749999999999), &apos;color_space&apos;: &apos;DeviceGray&apos;, &apos;ncolor&apos;: None, &apos;size&apos;: 13.289999999999964, &apos;value&apos;: &apos;.&apos;, &apos;children&apos;: [], &apos;features&apos;: {}}, {&apos;type&apos;: &apos;text&apos;, &apos;bbox&apos;: (415.6600000000001, 629.785, 418.43000000000006, 643.0749999999999), &apos;color_space&apos;: &apos;DeviceGray&apos;, &apos;ncolor&apos;: None, &apos;size&apos;: 13.289999999999964, &apos;value&apos;: &apos;.&apos;, &apos;children&apos;: [], &apos;features&apos;: {}}, {&apos;type&apos;: &apos;text&apos;, &apos;bbox&apos;: (418.43000000000006, 629.785, 421.20000000000005, 643.0749999999999), &apos;color_space&apos;: &apos;DeviceGray&apos;, &apos;ncolor&apos;: None, &apos;size&apos;: 13.289999999999964, &apos;value&apos;: &apos;.&apos;, &apos;children&apos;: [], &apos;features&apos;: {}}, {&apos;type&apos;: &apos;text&apos;, &apos;bbox&apos;: (421.20000000000005, 629.785, 423.97, 643.0749999999999), &apos;color_space&apos;: &apos;DeviceGray&apos;, &apos;ncolor&apos;: None, &apos;size&apos;: 13.289999999999964, &apos;value&apos;: &apos;.&apos;, &apos;children&apos;: [], &apos;features&apos;: {}}, {&apos;type&apos;: &apos;text&apos;, &apos;bbox&apos;: (423.9700000000001, 629.785, 426.74000000000007, 643.0749999999999), &apos;color_space&apos;: &apos;DeviceGray&apos;, &apos;ncolor&apos;: None, &apos;size&apos;: 13.289999999999964, &apos;value&apos;: &apos;.&apos;, &apos;children&apos;: [], &apos;features&apos;: {}}, {&apos;type&apos;: &apos;text&apos;, &apos;bbox&apos;: (426.7400000000001, 629.785, 429.5100000000001, 643.0749999999999), &apos;color_space&apos;: &apos;DeviceGray&apos;, &apos;ncolor&apos;: None, &apos;size&apos;: 13.289999999999964, &apos;value&apos;: &apos;.&apos;, &apos;children&apos;: [], &apos;features&apos;: {}}, {&apos;type&apos;: &apos;text&apos;, &apos;bbox&apos;: (429.5100000000001, 629.785, 432.2800000000001, 643.0749999999999), &apos;color_space&apos;: &apos;DeviceGray&apos;, &apos;ncolor&apos;: None, &apos;size&apos;: 13.289999999999964, &apos;value&apos;: &apos;.&apos;, &apos;children&apos;: [], &apos;features&apos;: {}}, {&apos;type&apos;: &apos;text&apos;, &apos;bbox&apos;: (432.2800000000001, 629.785, 435.05000000000007, 643.0749999999999), &apos;color_space&apos;: &apos;DeviceGray&apos;, &apos;ncolor&apos;: None, &apos;size&apos;: 13.289999999999964, &apos;value&apos;: &apos;.&apos;, &apos;children&apos;: [], &apos;features&apos;: {}}, {&apos;type&apos;: &apos;text&apos;, &apos;bbox&apos;: (435.0500000000001, 629.785, 437.8200000000001, 643.0749999999999), &apos;color_space&apos;: &apos;DeviceGray&apos;, &apos;ncolor&apos;: None, &apos;size&apos;: 13.289999999999964, &apos;value&apos;: &apos;.&apos;, &apos;children&apos;: [], &apos;features&apos;: {}}, {&apos;type&apos;: &apos;text&apos;, &apos;bbox&apos;: (437.82000000000016, 629.785, 440.59000000000015, 643.0749999999999), &apos;color_space&apos;: &apos;DeviceGray&apos;, &apos;ncolor&apos;: None, &apos;size&apos;: 13.289999999999964, &apos;value&apos;: &apos;.&apos;, &apos;children&apos;: [], &apos;features&apos;: {}}, {&apos;type&apos;: &apos;text&apos;, &apos;bbox&apos;: (440.59000000000015, 629.785, 443.3600000000001, 643.0749999999999), &apos;color_space&apos;: &apos;DeviceGray&apos;, &apos;ncolor&apos;: None, &apos;size&apos;: 13.289999999999964, &apos;value&apos;: &apos;.&apos;, &apos;children&apos;: [], &apos;features&apos;: {}}, {&apos;type&apos;: &apos;text&apos;, &apos;bbox&apos;: (443.3600000000001, 629.785, 446.1300000000001, 643.0749999999999), &apos;color_space&apos;: &apos;DeviceGray&apos;, &apos;ncolor&apos;: None, &apos;size&apos;: 13.289999999999964, &apos;value&apos;: &apos;.&apos;, &apos;children&apos;: [], &apos;features&apos;: {}}, {&apos;type&apos;: &apos;text&apos;, &apos;bbox&apos;: (446.13000000000017, 629.785, 448.90000000000015, 643.0749999999999), &apos;color_space&apos;: &apos;DeviceGray&apos;, &apos;ncolor&apos;: None, &apos;size&apos;: 13.289999999999964, &apos;value&apos;: &apos;.&apos;, &apos;children&apos;: [], &apos;features&apos;: {}}, {&apos;type&apos;: &apos;text&apos;, &apos;bbox&apos;: (448.9000000000002, 629.785, 451.6700000000002, 643.0749999999999), &apos;color_space&apos;: &apos;DeviceGray&apos;, &apos;ncolor&apos;: None, &apos;size&apos;: 13.289999999999964, &apos;value&apos;: &apos;.&apos;, &apos;children&apos;: [], &apos;features&apos;: {}}, {&apos;type&apos;: &apos;text&apos;, &apos;bbox&apos;: (451.6700000000002, 629.785, 454.44000000000017, 643.0749999999999), &apos;color_space&apos;: &apos;DeviceGray&apos;, &apos;ncolor&apos;: None, &apos;size&apos;: 13.289999999999964, &apos;value&apos;: &apos;.&apos;, &apos;children&apos;: [], &apos;features&apos;: {}}, {&apos;type&apos;: &apos;text&apos;, &apos;bbox&apos;: (454.44000000000017, 629.785, 457.21000000000015, 643.0749999999999), &apos;color_space&apos;: &apos;DeviceGray&apos;, &apos;ncolor&apos;: None, &apos;size&apos;: 13.289999999999964, &apos;value&apos;: &apos;.&apos;, &apos;children&apos;: [], &apos;features&apos;: {}}, {&apos;type&apos;: &apos;text&apos;, &apos;bbox&apos;: (457.2100000000002, 629.785, 459.9800000000002, 643.0749999999999), &apos;color_space&apos;: &apos;DeviceGray&apos;, &apos;ncolor&apos;: None, &apos;size&apos;: 13.289999999999964, &apos;value&apos;: &apos;.&apos;, &apos;children&apos;: [], &apos;features&apos;: {}}, {&apos;type&apos;: &apos;text&apos;, &apos;bbox&apos;: (459.98000000000025, 629.785, 462.7500000000002, 643.0749999999999), &apos;color_space&apos;: &apos;DeviceGray&apos;, &apos;ncolor&apos;: None, &apos;size&apos;: 13.289999999999964, &apos;value&apos;: &apos;.&apos;, &apos;children&apos;: [], &apos;features&apos;: {}}, {&apos;type&apos;: &apos;text&apos;, &apos;bbox&apos;: (462.7500000000002, 629.785, 465.5200000000002, 643.0749999999999), &apos;color_space&apos;: &apos;DeviceGray&apos;, &apos;ncolor&apos;: None, &apos;size&apos;: 13.289999999999964, &apos;value&apos;: &apos;.&apos;, &apos;children&apos;: [], &apos;features&apos;: {}}, {&apos;type&apos;: &apos;text&apos;, &apos;bbox&apos;: (465.5200000000002, 629.785, 468.2900000000002, 643.0749999999999), &apos;color_space&apos;: &apos;DeviceGray&apos;, &apos;ncolor&apos;: None, &apos;size&apos;: 13.289999999999964, &apos;value&apos;: &apos;.&apos;, &apos;children&apos;: [], &apos;features&apos;: {}}, {&apos;type&apos;: &apos;text&apos;, &apos;bbox&apos;: (468.29000000000025, 629.785, 471.06000000000023, 643.0749999999999), &apos;color_space&apos;: &apos;DeviceGray&apos;, &apos;ncolor&apos;: None, &apos;size&apos;: 13.289999999999964, &apos;value&apos;: &apos;.&apos;, &apos;children&apos;: [], &apos;features&apos;: {}}, {&apos;type&apos;: &apos;text&apos;, &apos;bbox&apos;: (471.0600000000003, 629.785, 473.83000000000027, 643.0749999999999), &apos;color_space&apos;: &apos;DeviceGray&apos;, &apos;ncolor&apos;: None, &apos;size&apos;: 13.289999999999964, &apos;value&apos;: &apos;.&apos;, &apos;children&apos;: [], &apos;features&apos;: {}}, {&apos;type&apos;: &apos;text&apos;, &apos;bbox&apos;: (473.83000000000027, 629.785, 476.60000000000025, 643.0749999999999), &apos;color_space&apos;: &apos;DeviceGray&apos;, &apos;ncolor&apos;: None, &apos;size&apos;: 13.289999999999964, &apos;value&apos;: &apos;.&apos;, &apos;children&apos;: [], &apos;features&apos;: {}}, {&apos;type&apos;: &apos;text&apos;, &apos;bbox&apos;: (476.60000000000025, 629.785, 479.37000000000023, 643.0749999999999), &apos;color_space&apos;: &apos;DeviceGray&apos;, &apos;ncolor&apos;: None, &apos;size&apos;: 13.289999999999964, &apos;value&apos;: &apos;.&apos;, &apos;children&apos;: [], &apos;features&apos;: {}}, {&apos;type&apos;: &apos;text&apos;, &apos;bbox&apos;: (479.3700000000003, 629.785, 482.14000000000027, 643.0749999999999), &apos;color_space&apos;: &apos;DeviceGray&apos;, &apos;ncolor&apos;: None, &apos;size&apos;: 13.289999999999964, &apos;value&apos;: &apos;.&apos;, &apos;children&apos;: [], &apos;features&apos;: {}}, {&apos;type&apos;: &apos;text&apos;, &apos;bbox&apos;: (482.1400000000003, 629.785, 484.9100000000003, 643.0749999999999), &apos;color_space&apos;: &apos;DeviceGray&apos;, &apos;ncolor&apos;: None, &apos;size&apos;: 13.289999999999964, &apos;value&apos;: &apos;.&apos;, &apos;children&apos;: [], &apos;features&apos;: {}}, {&apos;type&apos;: &apos;text&apos;, &apos;bbox&apos;: (484.9100000000003, 629.785, 487.6800000000003, 643.0749999999999), &apos;color_space&apos;: &apos;DeviceGray&apos;, &apos;ncolor&apos;: None, &apos;size&apos;: 13.289999999999964, &apos;value&apos;: &apos;.&apos;, &apos;children&apos;: [], &apos;features&apos;: {}}, {&apos;type&apos;: &apos;text&apos;, &apos;bbox&apos;: (487.6800000000003, 629.785, 490.4500000000003, 643.0749999999999), &apos;color_space&apos;: &apos;DeviceGray&apos;, &apos;ncolor&apos;: None, &apos;size&apos;: 13.289999999999964, &apos;value&apos;: &apos;.&apos;, &apos;children&apos;: [], &apos;features&apos;: {}}, {&apos;type&apos;: &apos;text&apos;, &apos;bbox&apos;: (490.45000000000033, 629.785, 493.2200000000003, 643.0749999999999), &apos;color_space&apos;: &apos;DeviceGray&apos;, &apos;ncolor&apos;: None, &apos;size&apos;: 13.289999999999964, &apos;value&apos;: &apos;.&apos;, &apos;children&apos;: [], &apos;features&apos;: {}}, {&apos;type&apos;: &apos;text&apos;, &apos;bbox&apos;: (493.22000000000037, 629.785, 495.99000000000035, 643.0749999999999), &apos;color_space&apos;: &apos;DeviceGray&apos;, &apos;ncolor&apos;: None, &apos;size&apos;: 13.289999999999964, &apos;value&apos;: &apos;.&apos;, &apos;children&apos;: [], &apos;features&apos;: {}}, {&apos;type&apos;: &apos;text&apos;, &apos;bbox&apos;: (495.99000000000035, 629.785, 498.76000000000033, 643.0749999999999), &apos;color_space&apos;: &apos;DeviceGray&apos;, &apos;ncolor&apos;: None, &apos;size&apos;: 13.289999999999964, &apos;value&apos;: &apos;.&apos;, &apos;children&apos;: [], &apos;features&apos;: {}}, {&apos;type&apos;: &apos;text&apos;, &apos;bbox&apos;: (498.76000000000033, 629.785, 501.5300000000003, 643.0749999999999), &apos;color_space&apos;: &apos;DeviceGray&apos;, &apos;ncolor&apos;: None, &apos;size&apos;: 13.289999999999964, &apos;value&apos;: &apos;.&apos;, &apos;children&apos;: [], &apos;features&apos;: {}}, {&apos;type&apos;: &apos;text&apos;, &apos;bbox&apos;: (501.53000000000037, 629.785, 504.30000000000035, 643.0749999999999), &apos;color_space&apos;: &apos;DeviceGray&apos;, &apos;ncolor&apos;: None, &apos;size&apos;: 13.289999999999964, &apos;value&apos;: &apos;.&apos;, &apos;children&apos;: [], &apos;features&apos;: {}}, {&apos;type&apos;: &apos;text&apos;, &apos;bbox&apos;: (504.3000000000004, 629.785, 507.0700000000004, 643.0749999999999), &apos;color_space&apos;: &apos;DeviceGray&apos;, &apos;ncolor&apos;: None, &apos;size&apos;: 13.289999999999964, &apos;value&apos;: &apos;.&apos;, &apos;children&apos;: [], &apos;features&apos;: {}}, {&apos;type&apos;: &apos;text&apos;, &apos;bbox&apos;: (507.0700000000004, 629.785, 509.8400000000004, 643.0749999999999), &apos;color_space&apos;: &apos;DeviceGray&apos;, &apos;ncolor&apos;: None, &apos;size&apos;: 13.289999999999964, &apos;value&apos;: &apos;.&apos;, &apos;children&apos;: [], &apos;features&apos;: {}}, {&apos;type&apos;: &apos;text&apos;, &apos;bbox&apos;: (509.8400000000004, 629.785, 512.6100000000004, 643.0749999999999), &apos;color_space&apos;: &apos;DeviceGray&apos;, &apos;ncolor&apos;: None, &apos;size&apos;: 13.289999999999964, &apos;value&apos;: &apos;.&apos;, &apos;children&apos;: [], &apos;features&apos;: {}}, {&apos;type&apos;: &apos;text&apos;, &apos;bbox&apos;: (512.6100000000004, 629.785, 515.3800000000003, 643.0749999999999), &apos;color_space&apos;: &apos;DeviceGray&apos;, &apos;ncolor&apos;: None, &apos;size&apos;: 13.289999999999964, &apos;value&apos;: &apos;.&apos;, &apos;children&apos;: [], &apos;features&apos;: {}}, {&apos;type&apos;: &apos;text&apos;, &apos;bbox&apos;: (515.3800000000003, 629.785, 518.1500000000003, 643.0749999999999), &apos;color_space&apos;: &apos;DeviceGray&apos;, &apos;ncolor&apos;: None, &apos;size&apos;: 13.289999999999964, &apos;value&apos;: &apos;.&apos;, &apos;children&apos;: [], &apos;features&apos;: {}}, {&apos;type&apos;: &apos;text&apos;, &apos;bbox&apos;: (519.986, 629.785, 525.5459999999999, 643.0749999999999), &apos;color_space&apos;: &apos;DeviceGray&apos;, &apos;ncolor&apos;: None, &apos;size&apos;: 13.289999999999964, &apos;value&apos;: &apos;7&apos;, &apos;children&apos;: [], &apos;features&apos;: {}}, {&apos;type&apos;: &apos;text&apos;, &apos;bbox&apos;: (525.5459999999999, 629.785, 528.876, 643.0749999999999), &apos;color_space&apos;: &apos;DeviceGray&apos;, &apos;ncolor&apos;: None, &apos;size&apos;: 13.289999999999964, &apos;value&apos;: &apos;-&apos;, &apos;children&apos;: [], &apos;features&apos;: {}}, {&apos;type&apos;: &apos;text&apos;, &apos;bbox&apos;: (528.877, 629.785, 534.4369999999999, 643.0749999999999), &apos;color_space&apos;: &apos;DeviceGray&apos;, &apos;ncolor&apos;: None, &apos;size&apos;: 13.289999999999964, &apos;value&apos;: &apos;1&apos;, &apos;children&apos;: [], &apos;features&apos;: {}}, {&apos;type&apos;: &apos;text&apos;, &apos;bbox&apos;: (534.4369999999999, 629.785, 539.9969999999998, 643.0749999999999), &apos;color_space&apos;: &apos;DeviceGray&apos;, &apos;ncolor&apos;: None, &apos;size&apos;: 13.289999999999964, &apos;value&apos;: &apos;4&apos;, &apos;children&apos;: [], &apos;features&apos;: {}}], &apos;features&apos;: {}}
*********************





--------------------------------- CONTENT AREA --------------------------------- 
This content area has an image
{&apos;type&apos;: &apos;figure&apos;, &apos;bbox&apos;: (0, 0, 612.0, 792.0), &apos;name&apos;: &apos;fx53&apos;, &apos;children&apos;: [{&apos;type&apos;: &apos;text&apos;, &apos;bbox&apos;: (114.0, 613.564, 122.31, 627.044), &apos;color_space&apos;: &apos;DeviceGray&apos;, &apos;ncolor&apos;: None, &apos;size&apos;: 13.480000000000018, &apos;value&apos;: &apos;D&apos;, &apos;children&apos;: [], &apos;features&apos;: {}}, {&apos;type&apos;: &apos;text&apos;, &apos;bbox&apos;: (122.31, 613.564, 126.2, 627.044), &apos;color_space&apos;: &apos;DeviceGray&apos;, &apos;ncolor&apos;: None, &apos;size&apos;: 13.480000000000018, &apos;value&apos;: &apos;I&apos;, &apos;children&apos;: [], &apos;features&apos;: {}}, {&apos;type&apos;: &apos;text&apos;, &apos;bbox&apos;: (126.2, 613.564, 136.2, 627.044), &apos;color_space&apos;: &apos;DeviceGray&apos;, &apos;ncolor&apos;: None, &apos;size&apos;: 13.480000000000018, &apos;value&apos;: &apos;M&apos;, &apos;children&apos;: [], &apos;features&apos;: {}}, {&apos;type&apos;: &apos;text&apos;, &apos;bbox&apos;: (136.2, 613.564, 141.2, 627.044), &apos;color_space&apos;: &apos;DeviceGray&apos;, &apos;ncolor&apos;: None, &apos;size&apos;: 13.480000000000018, &apos;value&apos;: &apos;_&apos;, &apos;children&apos;: [], &apos;features&apos;: {}}, {&apos;type&apos;: &apos;text&apos;, &apos;bbox&apos;: (141.2, 613.564, 148.42, 627.044), &apos;color_space&apos;: &apos;DeviceGray&apos;, &apos;ncolor&apos;: None, &apos;size&apos;: 13.480000000000018, &apos;value&apos;: &apos;C&apos;, &apos;children&apos;: [], &apos;features&apos;: {}}, {&apos;type&apos;: &apos;text&apos;, &apos;bbox&apos;: (148.42000000000002, 613.564, 156.75000000000003, 627.044), &apos;color_space&apos;: &apos;DeviceGray&apos;, &apos;ncolor&apos;: None, &apos;size&apos;: 13.480000000000018, &apos;value&apos;: &apos;O&apos;, &apos;children&apos;: [], &apos;features&apos;: {}}, {&apos;type&apos;: &apos;text&apos;, &apos;bbox&apos;: (156.75, 613.564, 166.75, 627.044), &apos;color_space&apos;: &apos;DeviceGray&apos;, &apos;ncolor&apos;: None, &apos;size&apos;: 13.480000000000018, &apos;value&apos;: &apos;M&apos;, &apos;children&apos;: [], &apos;features&apos;: {}}, {&apos;type&apos;: &apos;text&apos;, &apos;bbox&apos;: (166.75, 613.564, 176.75, 627.044), &apos;color_space&apos;: &apos;DeviceGray&apos;, &apos;ncolor&apos;: None, &apos;size&apos;: 13.480000000000018, &apos;value&apos;: &apos;M&apos;, &apos;children&apos;: [], &apos;features&apos;: {}}, {&apos;type&apos;: &apos;text&apos;, &apos;bbox&apos;: (176.75, 613.564, 185.08, 627.044), &apos;color_space&apos;: &apos;DeviceGray&apos;, &apos;ncolor&apos;: None, &apos;size&apos;: 13.480000000000018, &apos;value&apos;: &apos;O&apos;, &apos;children&apos;: [], &apos;features&apos;: {}}, {&apos;type&apos;: &apos;text&apos;, &apos;bbox&apos;: (185.07999999999998, 613.564, 193.41, 627.044), &apos;color_space&apos;: &apos;DeviceGray&apos;, &apos;ncolor&apos;: None, &apos;size&apos;: 13.480000000000018, &apos;value&apos;: &apos;N&apos;, &apos;children&apos;: [], &apos;features&apos;: {}}, {&apos;type&apos;: &apos;text&apos;, &apos;bbox&apos;: (193.41, 613.564, 198.41, 627.044), &apos;color_space&apos;: &apos;DeviceGray&apos;, &apos;ncolor&apos;: None, &apos;size&apos;: 13.480000000000018, &apos;value&apos;: &apos;_&apos;, &apos;children&apos;: [], &apos;features&apos;: {}}, {&apos;type&apos;: &apos;text&apos;, &apos;bbox&apos;: (198.41, 613.564, 205.63, 627.044), &apos;color_space&apos;: &apos;DeviceGray&apos;, &apos;ncolor&apos;: None, &apos;size&apos;: 13.480000000000018, &apos;value&apos;: &apos;C&apos;, &apos;children&apos;: [], &apos;features&apos;: {}}, {&apos;type&apos;: &apos;text&apos;, &apos;bbox&apos;: (205.63, 613.564, 213.96, 627.044), &apos;color_space&apos;: &apos;DeviceGray&apos;, &apos;ncolor&apos;: None, &apos;size&apos;: 13.480000000000018, &apos;value&apos;: &apos;O&apos;, &apos;children&apos;: [], &apos;features&apos;: {}}, {&apos;type&apos;: &apos;text&apos;, &apos;bbox&apos;: (213.95999999999998, 613.564, 221.73, 627.044), &apos;color_space&apos;: &apos;DeviceGray&apos;, &apos;ncolor&apos;: None, &apos;size&apos;: 13.480000000000018, &apos;value&apos;: &apos;A&apos;, &apos;children&apos;: [], &apos;features&apos;: {}}, {&apos;type&apos;: &apos;text&apos;, &apos;bbox&apos;: (221.73, 613.564, 226.73, 627.044), &apos;color_space&apos;: &apos;DeviceGray&apos;, &apos;ncolor&apos;: None, &apos;size&apos;: 13.480000000000018, &apos;value&apos;: &apos;_&apos;, &apos;children&apos;: [], &apos;features&apos;: {}}, {&apos;type&apos;: &apos;text&apos;, &apos;bbox&apos;: (226.73, 613.564, 235.06, 627.044), &apos;color_space&apos;: &apos;DeviceGray&apos;, &apos;ncolor&apos;: None, &apos;size&apos;: 13.480000000000018, &apos;value&apos;: &apos;H&apos;, &apos;children&apos;: [], &apos;features&apos;: {}}, {&apos;type&apos;: &apos;text&apos;, &apos;bbox&apos;: (235.06, 613.564, 238.95, 627.044), &apos;color_space&apos;: &apos;DeviceGray&apos;, &apos;ncolor&apos;: None, &apos;size&apos;: 13.480000000000018, &apos;value&apos;: &apos;I&apos;, &apos;children&apos;: [], &apos;features&apos;: {}}, {&apos;type&apos;: &apos;text&apos;, &apos;bbox&apos;: (238.95, 613.564, 245.0, 627.044), &apos;color_space&apos;: &apos;DeviceGray&apos;, &apos;ncolor&apos;: None, &apos;size&apos;: 13.480000000000018, &apos;value&apos;: &apos;E&apos;, &apos;children&apos;: [], &apos;features&apos;: {}}, {&apos;type&apos;: &apos;text&apos;, &apos;bbox&apos;: (245.0, 613.564, 252.13, 627.044), &apos;color_space&apos;: &apos;DeviceGray&apos;, &apos;ncolor&apos;: None, &apos;size&apos;: 13.480000000000018, &apos;value&apos;: &apos;R&apos;, &apos;children&apos;: [], &apos;features&apos;: {}}, {&apos;type&apos;: &apos;text&apos;, &apos;bbox&apos;: (252.164, 614.294, 254.934, 627.584), &apos;color_space&apos;: &apos;DeviceGray&apos;, &apos;ncolor&apos;: None, &apos;size&apos;: 13.289999999999964, &apos;value&apos;: &apos;.&apos;, &apos;children&apos;: [], &apos;features&apos;: {}}, {&apos;type&apos;: &apos;text&apos;, &apos;bbox&apos;: (254.934, 614.294, 257.704, 627.584), &apos;color_space&apos;: &apos;DeviceGray&apos;, &apos;ncolor&apos;: None, &apos;size&apos;: 13.289999999999964, &apos;value&apos;: &apos;.&apos;, &apos;children&apos;: [], &apos;features&apos;: {}}, {&apos;type&apos;: &apos;text&apos;, &apos;bbox&apos;: (257.704, 614.294, 260.474, 627.584), &apos;color_space&apos;: &apos;DeviceGray&apos;, &apos;ncolor&apos;: None, &apos;size&apos;: 13.289999999999964, &apos;value&apos;: &apos;.&apos;, &apos;children&apos;: [], &apos;features&apos;: {}}, {&apos;type&apos;: &apos;text&apos;, &apos;bbox&apos;: (260.474, 614.294, 263.24399999999997, 627.584), &apos;color_space&apos;: &apos;DeviceGray&apos;, &apos;ncolor&apos;: None, &apos;size&apos;: 13.289999999999964, &apos;value&apos;: &apos;.&apos;, &apos;children&apos;: [], &apos;features&apos;: {}}, {&apos;type&apos;: &apos;text&apos;, &apos;bbox&apos;: (263.24399999999997, 614.294, 266.01399999999995, 627.584), &apos;color_space&apos;: &apos;DeviceGray&apos;, &apos;ncolor&apos;: None, &apos;size&apos;: 13.289999999999964, &apos;value&apos;: &apos;.&apos;, &apos;children&apos;: [], &apos;features&apos;: {}}, {&apos;type&apos;: &apos;text&apos;, &apos;bbox&apos;: (266.014, 614.294, 268.784, 627.584), &apos;color_space&apos;: &apos;DeviceGray&apos;, &apos;ncolor&apos;: None, &apos;size&apos;: 13.289999999999964, &apos;value&apos;: &apos;.&apos;, &apos;children&apos;: [], &apos;features&apos;: {}}, {&apos;type&apos;: &apos;text&apos;, &apos;bbox&apos;: (268.784, 614.294, 271.554, 627.584), &apos;color_space&apos;: &apos;DeviceGray&apos;, &apos;ncolor&apos;: None, &apos;size&apos;: 13.289999999999964, &apos;value&apos;: &apos;.&apos;, &apos;children&apos;: [], &apos;features&apos;: {}}, {&apos;type&apos;: &apos;text&apos;, &apos;bbox&apos;: (271.554, 614.294, 274.32399999999996, 627.584), &apos;color_space&apos;: &apos;DeviceGray&apos;, &apos;ncolor&apos;: None, &apos;size&apos;: 13.289999999999964, &apos;value&apos;: &apos;.&apos;, &apos;children&apos;: [], &apos;features&apos;: {}}, {&apos;type&apos;: &apos;text&apos;, &apos;bbox&apos;: (274.324, 614.294, 277.094, 627.584), &apos;color_space&apos;: &apos;DeviceGray&apos;, &apos;ncolor&apos;: None, &apos;size&apos;: 13.289999999999964, &apos;value&apos;: &apos;.&apos;, &apos;children&apos;: [], &apos;features&apos;: {}}, {&apos;type&apos;: &apos;text&apos;, &apos;bbox&apos;: (277.094, 614.294, 279.864, 627.584), &apos;color_space&apos;: &apos;DeviceGray&apos;, &apos;ncolor&apos;: None, &apos;size&apos;: 13.289999999999964, &apos;value&apos;: &apos;.&apos;, &apos;children&apos;: [], &apos;features&apos;: {}}, {&apos;type&apos;: &apos;text&apos;, &apos;bbox&apos;: (279.864, 614.294, 282.63399999999996, 627.584), &apos;color_space&apos;: &apos;DeviceGray&apos;, &apos;ncolor&apos;: None, &apos;size&apos;: 13.289999999999964, &apos;value&apos;: &apos;.&apos;, &apos;children&apos;: [], &apos;features&apos;: {}}, {&apos;type&apos;: &apos;text&apos;, &apos;bbox&apos;: (282.634, 614.294, 285.404, 627.584), &apos;color_space&apos;: &apos;DeviceGray&apos;, &apos;ncolor&apos;: None, &apos;size&apos;: 13.289999999999964, &apos;value&apos;: &apos;.&apos;, &apos;children&apos;: [], &apos;features&apos;: {}}, {&apos;type&apos;: &apos;text&apos;, &apos;bbox&apos;: (285.404, 614.294, 288.174, 627.584), &apos;color_space&apos;: &apos;DeviceGray&apos;, &apos;ncolor&apos;: None, &apos;size&apos;: 13.289999999999964, &apos;value&apos;: &apos;.&apos;, &apos;children&apos;: [], &apos;features&apos;: {}}, {&apos;type&apos;: &apos;text&apos;, &apos;bbox&apos;: (288.174, 614.294, 290.94399999999996, 627.584), &apos;color_space&apos;: &apos;DeviceGray&apos;, &apos;ncolor&apos;: None, &apos;size&apos;: 13.289999999999964, &apos;value&apos;: &apos;.&apos;, &apos;children&apos;: [], &apos;features&apos;: {}}, {&apos;type&apos;: &apos;text&apos;, &apos;bbox&apos;: (290.944, 614.294, 293.714, 627.584), &apos;color_space&apos;: &apos;DeviceGray&apos;, &apos;ncolor&apos;: None, &apos;size&apos;: 13.289999999999964, &apos;value&apos;: &apos;.&apos;, &apos;children&apos;: [], &apos;features&apos;: {}}, {&apos;type&apos;: &apos;text&apos;, &apos;bbox&apos;: (293.714, 614.294, 296.484, 627.584), &apos;color_space&apos;: &apos;DeviceGray&apos;, &apos;ncolor&apos;: None, &apos;size&apos;: 13.289999999999964, &apos;value&apos;: &apos;.&apos;, &apos;children&apos;: [], &apos;features&apos;: {}}, {&apos;type&apos;: &apos;text&apos;, &apos;bbox&apos;: (296.484, 614.294, 299.25399999999996, 627.584), &apos;color_space&apos;: &apos;DeviceGray&apos;, &apos;ncolor&apos;: None, &apos;size&apos;: 13.289999999999964, &apos;value&apos;: &apos;.&apos;, &apos;children&apos;: [], &apos;features&apos;: {}}, {&apos;type&apos;: &apos;text&apos;, &apos;bbox&apos;: (299.254, 614.294, 302.024, 627.584), &apos;color_space&apos;: &apos;DeviceGray&apos;, &apos;ncolor&apos;: None, &apos;size&apos;: 13.289999999999964, &apos;value&apos;: &apos;.&apos;, &apos;children&apos;: [], &apos;features&apos;: {}}, {&apos;type&apos;: &apos;text&apos;, &apos;bbox&apos;: (302.024, 614.294, 304.794, 627.584), &apos;color_space&apos;: &apos;DeviceGray&apos;, &apos;ncolor&apos;: None, &apos;size&apos;: 13.289999999999964, &apos;value&apos;: &apos;.&apos;, &apos;children&apos;: [], &apos;features&apos;: {}}, {&apos;type&apos;: &apos;text&apos;, &apos;bbox&apos;: (304.794, 614.294, 307.56399999999996, 627.584), &apos;color_space&apos;: &apos;DeviceGray&apos;, &apos;ncolor&apos;: None, &apos;size&apos;: 13.289999999999964, &apos;value&apos;: &apos;.&apos;, &apos;children&apos;: [], &apos;features&apos;: {}}, {&apos;type&apos;: &apos;text&apos;, &apos;bbox&apos;: (307.564, 614.294, 310.334, 627.584), &apos;color_space&apos;: &apos;DeviceGray&apos;, &apos;ncolor&apos;: None, &apos;size&apos;: 13.289999999999964, &apos;value&apos;: &apos;.&apos;, &apos;children&apos;: [], &apos;features&apos;: {}}, {&apos;type&apos;: &apos;text&apos;, &apos;bbox&apos;: (310.334, 614.294, 313.104, 627.584), &apos;color_space&apos;: &apos;DeviceGray&apos;, &apos;ncolor&apos;: None, &apos;size&apos;: 13.289999999999964, &apos;value&apos;: &apos;.&apos;, &apos;children&apos;: [], &apos;features&apos;: {}}, {&apos;type&apos;: &apos;text&apos;, &apos;bbox&apos;: (313.10400000000004, 614.294, 315.874, 627.584), &apos;color_space&apos;: &apos;DeviceGray&apos;, &apos;ncolor&apos;: None, &apos;size&apos;: 13.289999999999964, &apos;value&apos;: &apos;.&apos;, &apos;children&apos;: [], &apos;features&apos;: {}}, {&apos;type&apos;: &apos;text&apos;, &apos;bbox&apos;: (315.874, 614.294, 318.644, 627.584), &apos;color_space&apos;: &apos;DeviceGray&apos;, &apos;ncolor&apos;: None, &apos;size&apos;: 13.289999999999964, &apos;value&apos;: &apos;.&apos;, &apos;children&apos;: [], &apos;features&apos;: {}}, {&apos;type&apos;: &apos;text&apos;, &apos;bbox&apos;: (318.644, 614.294, 321.414, 627.584), &apos;color_space&apos;: &apos;DeviceGray&apos;, &apos;ncolor&apos;: None, &apos;size&apos;: 13.289999999999964, &apos;value&apos;: &apos;.&apos;, &apos;children&apos;: [], &apos;features&apos;: {}}, {&apos;type&apos;: &apos;text&apos;, &apos;bbox&apos;: (321.414, 614.294, 324.18399999999997, 627.584), &apos;color_space&apos;: &apos;DeviceGray&apos;, &apos;ncolor&apos;: None, &apos;size&apos;: 13.289999999999964, &apos;value&apos;: &apos;.&apos;, &apos;children&apos;: [], &apos;features&apos;: {}}, {&apos;type&apos;: &apos;text&apos;, &apos;bbox&apos;: (324.184, 614.294, 326.954, 627.584), &apos;color_space&apos;: &apos;DeviceGray&apos;, &apos;ncolor&apos;: None, &apos;size&apos;: 13.289999999999964, &apos;value&apos;: &apos;.&apos;, &apos;children&apos;: [], &apos;features&apos;: {}}, {&apos;type&apos;: &apos;text&apos;, &apos;bbox&apos;: (326.954, 614.294, 329.724, 627.584), &apos;color_space&apos;: &apos;DeviceGray&apos;, &apos;ncolor&apos;: None, &apos;size&apos;: 13.289999999999964, &apos;value&apos;: &apos;.&apos;, &apos;children&apos;: [], &apos;features&apos;: {}}, {&apos;type&apos;: &apos;text&apos;, &apos;bbox&apos;: (329.724, 614.294, 332.49399999999997, 627.584), &apos;color_space&apos;: &apos;DeviceGray&apos;, &apos;ncolor&apos;: None, &apos;size&apos;: 13.289999999999964, &apos;value&apos;: &apos;.&apos;, &apos;children&apos;: [], &apos;features&apos;: {}}, {&apos;type&apos;: &apos;text&apos;, &apos;bbox&apos;: (332.494, 614.294, 335.264, 627.584), &apos;color_space&apos;: &apos;DeviceGray&apos;, &apos;ncolor&apos;: None, &apos;size&apos;: 13.289999999999964, &apos;value&apos;: &apos;.&apos;, &apos;children&apos;: [], &apos;features&apos;: {}}, {&apos;type&apos;: &apos;text&apos;, &apos;bbox&apos;: (335.264, 614.294, 338.034, 627.584), &apos;color_space&apos;: &apos;DeviceGray&apos;, &apos;ncolor&apos;: None, &apos;size&apos;: 13.289999999999964, &apos;value&apos;: &apos;.&apos;, &apos;children&apos;: [], &apos;features&apos;: {}}, {&apos;type&apos;: &apos;text&apos;, &apos;bbox&apos;: (338.034, 614.294, 340.804, 627.584), &apos;color_space&apos;: &apos;DeviceGray&apos;, &apos;ncolor&apos;: None, &apos;size&apos;: 13.289999999999964, &apos;value&apos;: &apos;.&apos;, &apos;children&apos;: [], &apos;features&apos;: {}}, {&apos;type&apos;: &apos;text&apos;, &apos;bbox&apos;: (340.804, 614.294, 343.57399999999996, 627.584), &apos;color_space&apos;: &apos;DeviceGray&apos;, &apos;ncolor&apos;: None, &apos;size&apos;: 13.289999999999964, &apos;value&apos;: &apos;.&apos;, &apos;children&apos;: [], &apos;features&apos;: {}}, {&apos;type&apos;: &apos;text&apos;, &apos;bbox&apos;: (343.57399999999996, 614.294, 346.34399999999994, 627.584), &apos;color_space&apos;: &apos;DeviceGray&apos;, &apos;ncolor&apos;: None, &apos;size&apos;: 13.289999999999964, &apos;value&apos;: &apos;.&apos;, &apos;children&apos;: [], &apos;features&apos;: {}}, {&apos;type&apos;: &apos;text&apos;, &apos;bbox&apos;: (346.344, 614.294, 349.114, 627.584), &apos;color_space&apos;: &apos;DeviceGray&apos;, &apos;ncolor&apos;: None, &apos;size&apos;: 13.289999999999964, &apos;value&apos;: &apos;.&apos;, &apos;children&apos;: [], &apos;features&apos;: {}}, {&apos;type&apos;: &apos;text&apos;, &apos;bbox&apos;: (349.114, 614.294, 351.88399999999996, 627.584), &apos;color_space&apos;: &apos;DeviceGray&apos;, &apos;ncolor&apos;: None, &apos;size&apos;: 13.289999999999964, &apos;value&apos;: &apos;.&apos;, &apos;children&apos;: [], &apos;features&apos;: {}}, {&apos;type&apos;: &apos;text&apos;, &apos;bbox&apos;: (351.88399999999996, 614.294, 354.65399999999994, 627.584), &apos;color_space&apos;: &apos;DeviceGray&apos;, &apos;ncolor&apos;: None, &apos;size&apos;: 13.289999999999964, &apos;value&apos;: &apos;.&apos;, &apos;children&apos;: [], &apos;features&apos;: {}}, {&apos;type&apos;: &apos;text&apos;, &apos;bbox&apos;: (354.654, 614.294, 357.424, 627.584), &apos;color_space&apos;: &apos;DeviceGray&apos;, &apos;ncolor&apos;: None, &apos;size&apos;: 13.289999999999964, &apos;value&apos;: &apos;.&apos;, &apos;children&apos;: [], &apos;features&apos;: {}}, {&apos;type&apos;: &apos;text&apos;, &apos;bbox&apos;: (357.424, 614.294, 360.19399999999996, 627.584), &apos;color_space&apos;: &apos;DeviceGray&apos;, &apos;ncolor&apos;: None, &apos;size&apos;: 13.289999999999964, &apos;value&apos;: &apos;.&apos;, &apos;children&apos;: [], &apos;features&apos;: {}}, {&apos;type&apos;: &apos;text&apos;, &apos;bbox&apos;: (360.19399999999996, 614.294, 362.96399999999994, 627.584), &apos;color_space&apos;: &apos;DeviceGray&apos;, &apos;ncolor&apos;: None, &apos;size&apos;: 13.289999999999964, &apos;value&apos;: &apos;.&apos;, &apos;children&apos;: [], &apos;features&apos;: {}}, {&apos;type&apos;: &apos;text&apos;, &apos;bbox&apos;: (362.96399999999994, 614.294, 365.7339999999999, 627.584), &apos;color_space&apos;: &apos;DeviceGray&apos;, &apos;ncolor&apos;: None, &apos;size&apos;: 13.289999999999964, &apos;value&apos;: &apos;.&apos;, &apos;children&apos;: [], &apos;features&apos;: {}}, {&apos;type&apos;: &apos;text&apos;, &apos;bbox&apos;: (365.7339999999999, 614.294, 368.5039999999999, 627.584), &apos;color_space&apos;: &apos;DeviceGray&apos;, &apos;ncolor&apos;: None, &apos;size&apos;: 13.289999999999964, &apos;value&apos;: &apos;.&apos;, &apos;children&apos;: [], &apos;features&apos;: {}}, {&apos;type&apos;: &apos;text&apos;, &apos;bbox&apos;: (368.50399999999996, 614.294, 371.27399999999994, 627.584), &apos;color_space&apos;: &apos;DeviceGray&apos;, &apos;ncolor&apos;: None, &apos;size&apos;: 13.289999999999964, &apos;value&apos;: &apos;.&apos;, &apos;children&apos;: [], &apos;features&apos;: {}}, {&apos;type&apos;: &apos;text&apos;, &apos;bbox&apos;: (371.27399999999994, 614.294, 374.0439999999999, 627.584), &apos;color_space&apos;: &apos;DeviceGray&apos;, &apos;ncolor&apos;: None, &apos;size&apos;: 13.289999999999964, &apos;value&apos;: &apos;.&apos;, &apos;children&apos;: [], &apos;features&apos;: {}}, {&apos;type&apos;: &apos;text&apos;, &apos;bbox&apos;: (374.0439999999999, 614.294, 376.8139999999999, 627.584), &apos;color_space&apos;: &apos;DeviceGray&apos;, &apos;ncolor&apos;: None, &apos;size&apos;: 13.289999999999964, &apos;value&apos;: &apos;.&apos;, &apos;children&apos;: [], &apos;features&apos;: {}}, {&apos;type&apos;: &apos;text&apos;, &apos;bbox&apos;: (376.81399999999996, 614.294, 379.58399999999995, 627.584), &apos;color_space&apos;: &apos;DeviceGray&apos;, &apos;ncolor&apos;: None, &apos;size&apos;: 13.289999999999964, &apos;value&apos;: &apos;.&apos;, &apos;children&apos;: [], &apos;features&apos;: {}}, {&apos;type&apos;: &apos;text&apos;, &apos;bbox&apos;: (379.58399999999995, 614.294, 382.3539999999999, 627.584), &apos;color_space&apos;: &apos;DeviceGray&apos;, &apos;ncolor&apos;: None, &apos;size&apos;: 13.289999999999964, &apos;value&apos;: &apos;.&apos;, &apos;children&apos;: [], &apos;features&apos;: {}}, {&apos;type&apos;: &apos;text&apos;, &apos;bbox&apos;: (382.3539999999999, 614.294, 385.1239999999999, 627.584), &apos;color_space&apos;: &apos;DeviceGray&apos;, &apos;ncolor&apos;: None, &apos;size&apos;: 13.289999999999964, &apos;value&apos;: &apos;.&apos;, &apos;children&apos;: [], &apos;features&apos;: {}}, {&apos;type&apos;: &apos;text&apos;, &apos;bbox&apos;: (385.1239999999999, 614.294, 387.8939999999999, 627.584), &apos;color_space&apos;: &apos;DeviceGray&apos;, &apos;ncolor&apos;: None, &apos;size&apos;: 13.289999999999964, &apos;value&apos;: &apos;.&apos;, &apos;children&apos;: [], &apos;features&apos;: {}}, {&apos;type&apos;: &apos;text&apos;, &apos;bbox&apos;: (387.89399999999995, 614.294, 390.66399999999993, 627.584), &apos;color_space&apos;: &apos;DeviceGray&apos;, &apos;ncolor&apos;: None, &apos;size&apos;: 13.289999999999964, &apos;value&apos;: &apos;.&apos;, &apos;children&apos;: [], &apos;features&apos;: {}}, {&apos;type&apos;: &apos;text&apos;, &apos;bbox&apos;: (390.664, 614.294, 393.43399999999997, 627.584), &apos;color_space&apos;: &apos;DeviceGray&apos;, &apos;ncolor&apos;: None, &apos;size&apos;: 13.289999999999964, &apos;value&apos;: &apos;.&apos;, &apos;children&apos;: [], &apos;features&apos;: {}}, {&apos;type&apos;: &apos;text&apos;, &apos;bbox&apos;: (393.43399999999997, 614.294, 396.20399999999995, 627.584), &apos;color_space&apos;: &apos;DeviceGray&apos;, &apos;ncolor&apos;: None, &apos;size&apos;: 13.289999999999964, &apos;value&apos;: &apos;.&apos;, &apos;children&apos;: [], &apos;features&apos;: {}}, {&apos;type&apos;: &apos;text&apos;, &apos;bbox&apos;: (396.20399999999995, 614.294, 398.97399999999993, 627.584), &apos;color_space&apos;: &apos;DeviceGray&apos;, &apos;ncolor&apos;: None, &apos;size&apos;: 13.289999999999964, &apos;value&apos;: &apos;.&apos;, &apos;children&apos;: [], &apos;features&apos;: {}}, {&apos;type&apos;: &apos;text&apos;, &apos;bbox&apos;: (398.974, 614.294, 401.74399999999997, 627.584), &apos;color_space&apos;: &apos;DeviceGray&apos;, &apos;ncolor&apos;: None, &apos;size&apos;: 13.289999999999964, &apos;value&apos;: &apos;.&apos;, &apos;children&apos;: [], &apos;features&apos;: {}}, {&apos;type&apos;: &apos;text&apos;, &apos;bbox&apos;: (401.744, 614.294, 404.514, 627.584), &apos;color_space&apos;: &apos;DeviceGray&apos;, &apos;ncolor&apos;: None, &apos;size&apos;: 13.289999999999964, &apos;value&apos;: &apos;.&apos;, &apos;children&apos;: [], &apos;features&apos;: {}}, {&apos;type&apos;: &apos;text&apos;, &apos;bbox&apos;: (404.514, 614.294, 407.284, 627.584), &apos;color_space&apos;: &apos;DeviceGray&apos;, &apos;ncolor&apos;: None, &apos;size&apos;: 13.289999999999964, &apos;value&apos;: &apos;.&apos;, &apos;children&apos;: [], &apos;features&apos;: {}}, {&apos;type&apos;: &apos;text&apos;, &apos;bbox&apos;: (407.284, 614.294, 410.054, 627.584), &apos;color_space&apos;: &apos;DeviceGray&apos;, &apos;ncolor&apos;: None, &apos;size&apos;: 13.289999999999964, &apos;value&apos;: &apos;.&apos;, &apos;children&apos;: [], &apos;features&apos;: {}}, {&apos;type&apos;: &apos;text&apos;, &apos;bbox&apos;: (410.05400000000003, 614.294, 412.824, 627.584), &apos;color_space&apos;: &apos;DeviceGray&apos;, &apos;ncolor&apos;: None, &apos;size&apos;: 13.289999999999964, &apos;value&apos;: &apos;.&apos;, &apos;children&apos;: [], &apos;features&apos;: {}}, {&apos;type&apos;: &apos;text&apos;, &apos;bbox&apos;: (412.82400000000007, 614.294, 415.59400000000005, 627.584), &apos;color_space&apos;: &apos;DeviceGray&apos;, &apos;ncolor&apos;: None, &apos;size&apos;: 13.289999999999964, &apos;value&apos;: &apos;.&apos;, &apos;children&apos;: [], &apos;features&apos;: {}}, {&apos;type&apos;: &apos;text&apos;, &apos;bbox&apos;: (415.59400000000005, 614.294, 418.36400000000003, 627.584), &apos;color_space&apos;: &apos;DeviceGray&apos;, &apos;ncolor&apos;: None, &apos;size&apos;: 13.289999999999964, &apos;value&apos;: &apos;.&apos;, &apos;children&apos;: [], &apos;features&apos;: {}}, {&apos;type&apos;: &apos;text&apos;, &apos;bbox&apos;: (418.36400000000003, 614.294, 421.134, 627.584), &apos;color_space&apos;: &apos;DeviceGray&apos;, &apos;ncolor&apos;: None, &apos;size&apos;: 13.289999999999964, &apos;value&apos;: &apos;.&apos;, &apos;children&apos;: [], &apos;features&apos;: {}}, {&apos;type&apos;: &apos;text&apos;, &apos;bbox&apos;: (421.13400000000007, 614.294, 423.90400000000005, 627.584), &apos;color_space&apos;: &apos;DeviceGray&apos;, &apos;ncolor&apos;: None, &apos;size&apos;: 13.289999999999964, &apos;value&apos;: &apos;.&apos;, &apos;children&apos;: [], &apos;features&apos;: {}}, {&apos;type&apos;: &apos;text&apos;, &apos;bbox&apos;: (423.9040000000001, 614.294, 426.6740000000001, 627.584), &apos;color_space&apos;: &apos;DeviceGray&apos;, &apos;ncolor&apos;: None, &apos;size&apos;: 13.289999999999964, &apos;value&apos;: &apos;.&apos;, &apos;children&apos;: [], &apos;features&apos;: {}}, {&apos;type&apos;: &apos;text&apos;, &apos;bbox&apos;: (426.6740000000001, 614.294, 429.4440000000001, 627.584), &apos;color_space&apos;: &apos;DeviceGray&apos;, &apos;ncolor&apos;: None, &apos;size&apos;: 13.289999999999964, &apos;value&apos;: &apos;.&apos;, &apos;children&apos;: [], &apos;features&apos;: {}}, {&apos;type&apos;: &apos;text&apos;, &apos;bbox&apos;: (429.4440000000001, 614.294, 432.21400000000006, 627.584), &apos;color_space&apos;: &apos;DeviceGray&apos;, &apos;ncolor&apos;: None, &apos;size&apos;: 13.289999999999964, &apos;value&apos;: &apos;.&apos;, &apos;children&apos;: [], &apos;features&apos;: {}}, {&apos;type&apos;: &apos;text&apos;, &apos;bbox&apos;: (432.2140000000001, 614.294, 434.9840000000001, 627.584), &apos;color_space&apos;: &apos;DeviceGray&apos;, &apos;ncolor&apos;: None, &apos;size&apos;: 13.289999999999964, &apos;value&apos;: &apos;.&apos;, &apos;children&apos;: [], &apos;features&apos;: {}}, {&apos;type&apos;: &apos;text&apos;, &apos;bbox&apos;: (434.98400000000015, 614.294, 437.75400000000013, 627.584), &apos;color_space&apos;: &apos;DeviceGray&apos;, &apos;ncolor&apos;: None, &apos;size&apos;: 13.289999999999964, &apos;value&apos;: &apos;.&apos;, &apos;children&apos;: [], &apos;features&apos;: {}}, {&apos;type&apos;: &apos;text&apos;, &apos;bbox&apos;: (437.75400000000013, 614.294, 440.5240000000001, 627.584), &apos;color_space&apos;: &apos;DeviceGray&apos;, &apos;ncolor&apos;: None, &apos;size&apos;: 13.289999999999964, &apos;value&apos;: &apos;.&apos;, &apos;children&apos;: [], &apos;features&apos;: {}}, {&apos;type&apos;: &apos;text&apos;, &apos;bbox&apos;: (440.5240000000001, 614.294, 443.2940000000001, 627.584), &apos;color_space&apos;: &apos;DeviceGray&apos;, &apos;ncolor&apos;: None, &apos;size&apos;: 13.289999999999964, &apos;value&apos;: &apos;.&apos;, &apos;children&apos;: [], &apos;features&apos;: {}}, {&apos;type&apos;: &apos;text&apos;, &apos;bbox&apos;: (443.29400000000015, 614.294, 446.06400000000014, 627.584), &apos;color_space&apos;: &apos;DeviceGray&apos;, &apos;ncolor&apos;: None, &apos;size&apos;: 13.289999999999964, &apos;value&apos;: &apos;.&apos;, &apos;children&apos;: [], &apos;features&apos;: {}}, {&apos;type&apos;: &apos;text&apos;, &apos;bbox&apos;: (446.0640000000002, 614.294, 448.8340000000002, 627.584), &apos;color_space&apos;: &apos;DeviceGray&apos;, &apos;ncolor&apos;: None, &apos;size&apos;: 13.289999999999964, &apos;value&apos;: &apos;.&apos;, &apos;children&apos;: [], &apos;features&apos;: {}}, {&apos;type&apos;: &apos;text&apos;, &apos;bbox&apos;: (448.8340000000002, 614.294, 451.60400000000016, 627.584), &apos;color_space&apos;: &apos;DeviceGray&apos;, &apos;ncolor&apos;: None, &apos;size&apos;: 13.289999999999964, &apos;value&apos;: &apos;.&apos;, &apos;children&apos;: [], &apos;features&apos;: {}}, {&apos;type&apos;: &apos;text&apos;, &apos;bbox&apos;: (451.60400000000016, 614.294, 454.37400000000014, 627.584), &apos;color_space&apos;: &apos;DeviceGray&apos;, &apos;ncolor&apos;: None, &apos;size&apos;: 13.289999999999964, &apos;value&apos;: &apos;.&apos;, &apos;children&apos;: [], &apos;features&apos;: {}}, {&apos;type&apos;: &apos;text&apos;, &apos;bbox&apos;: (454.3740000000002, 614.294, 457.1440000000002, 627.584), &apos;color_space&apos;: &apos;DeviceGray&apos;, &apos;ncolor&apos;: None, &apos;size&apos;: 13.289999999999964, &apos;value&apos;: &apos;.&apos;, &apos;children&apos;: [], &apos;features&apos;: {}}, {&apos;type&apos;: &apos;text&apos;, &apos;bbox&apos;: (457.14400000000023, 614.294, 459.9140000000002, 627.584), &apos;color_space&apos;: &apos;DeviceGray&apos;, &apos;ncolor&apos;: None, &apos;size&apos;: 13.289999999999964, &apos;value&apos;: &apos;.&apos;, &apos;children&apos;: [], &apos;features&apos;: {}}, {&apos;type&apos;: &apos;text&apos;, &apos;bbox&apos;: (459.9140000000002, 614.294, 462.6840000000002, 627.584), &apos;color_space&apos;: &apos;DeviceGray&apos;, &apos;ncolor&apos;: None, &apos;size&apos;: 13.289999999999964, &apos;value&apos;: &apos;.&apos;, &apos;children&apos;: [], &apos;features&apos;: {}}, {&apos;type&apos;: &apos;text&apos;, &apos;bbox&apos;: (462.6840000000002, 614.294, 465.4540000000002, 627.584), &apos;color_space&apos;: &apos;DeviceGray&apos;, &apos;ncolor&apos;: None, &apos;size&apos;: 13.289999999999964, &apos;value&apos;: &apos;.&apos;, &apos;children&apos;: [], &apos;features&apos;: {}}, {&apos;type&apos;: &apos;text&apos;, &apos;bbox&apos;: (465.45400000000024, 614.294, 468.2240000000002, 627.584), &apos;color_space&apos;: &apos;DeviceGray&apos;, &apos;ncolor&apos;: None, &apos;size&apos;: 13.289999999999964, &apos;value&apos;: &apos;.&apos;, &apos;children&apos;: [], &apos;features&apos;: {}}, {&apos;type&apos;: &apos;text&apos;, &apos;bbox&apos;: (468.2240000000003, 614.294, 470.99400000000026, 627.584), &apos;color_space&apos;: &apos;DeviceGray&apos;, &apos;ncolor&apos;: None, &apos;size&apos;: 13.289999999999964, &apos;value&apos;: &apos;.&apos;, &apos;children&apos;: [], &apos;features&apos;: {}}, {&apos;type&apos;: &apos;text&apos;, &apos;bbox&apos;: (470.99400000000026, 614.294, 473.76400000000024, 627.584), &apos;color_space&apos;: &apos;DeviceGray&apos;, &apos;ncolor&apos;: None, &apos;size&apos;: 13.289999999999964, &apos;value&apos;: &apos;.&apos;, &apos;children&apos;: [], &apos;features&apos;: {}}, {&apos;type&apos;: &apos;text&apos;, &apos;bbox&apos;: (473.76400000000024, 614.294, 476.5340000000002, 627.584), &apos;color_space&apos;: &apos;DeviceGray&apos;, &apos;ncolor&apos;: None, &apos;size&apos;: 13.289999999999964, &apos;value&apos;: &apos;.&apos;, &apos;children&apos;: [], &apos;features&apos;: {}}, {&apos;type&apos;: &apos;text&apos;, &apos;bbox&apos;: (476.5340000000003, 614.294, 479.30400000000026, 627.584), &apos;color_space&apos;: &apos;DeviceGray&apos;, &apos;ncolor&apos;: None, &apos;size&apos;: 13.289999999999964, &apos;value&apos;: &apos;.&apos;, &apos;children&apos;: [], &apos;features&apos;: {}}, {&apos;type&apos;: &apos;text&apos;, &apos;bbox&apos;: (479.3040000000003, 614.294, 482.0740000000003, 627.584), &apos;color_space&apos;: &apos;DeviceGray&apos;, &apos;ncolor&apos;: None, &apos;size&apos;: 13.289999999999964, &apos;value&apos;: &apos;.&apos;, &apos;children&apos;: [], &apos;features&apos;: {}}, {&apos;type&apos;: &apos;text&apos;, &apos;bbox&apos;: (482.0740000000003, 614.294, 484.8440000000003, 627.584), &apos;color_space&apos;: &apos;DeviceGray&apos;, &apos;ncolor&apos;: None, &apos;size&apos;: 13.289999999999964, &apos;value&apos;: &apos;.&apos;, &apos;children&apos;: [], &apos;features&apos;: {}}, {&apos;type&apos;: &apos;text&apos;, &apos;bbox&apos;: (484.8440000000003, 614.294, 487.61400000000026, 627.584), &apos;color_space&apos;: &apos;DeviceGray&apos;, &apos;ncolor&apos;: None, &apos;size&apos;: 13.289999999999964, &apos;value&apos;: &apos;.&apos;, &apos;children&apos;: [], &apos;features&apos;: {}}, {&apos;type&apos;: &apos;text&apos;, &apos;bbox&apos;: (487.6140000000003, 614.294, 490.3840000000003, 627.584), &apos;color_space&apos;: &apos;DeviceGray&apos;, &apos;ncolor&apos;: None, &apos;size&apos;: 13.289999999999964, &apos;value&apos;: &apos;.&apos;, &apos;children&apos;: [], &apos;features&apos;: {}}, {&apos;type&apos;: &apos;text&apos;, &apos;bbox&apos;: (490.38400000000036, 614.294, 493.15400000000034, 627.584), &apos;color_space&apos;: &apos;DeviceGray&apos;, &apos;ncolor&apos;: None, &apos;size&apos;: 13.289999999999964, &apos;value&apos;: &apos;.&apos;, &apos;children&apos;: [], &apos;features&apos;: {}}, {&apos;type&apos;: &apos;text&apos;, &apos;bbox&apos;: (493.15400000000034, 614.294, 495.9240000000003, 627.584), &apos;color_space&apos;: &apos;DeviceGray&apos;, &apos;ncolor&apos;: None, &apos;size&apos;: 13.289999999999964, &apos;value&apos;: &apos;.&apos;, &apos;children&apos;: [], &apos;features&apos;: {}}, {&apos;type&apos;: &apos;text&apos;, &apos;bbox&apos;: (495.9240000000003, 614.294, 498.6940000000003, 627.584), &apos;color_space&apos;: &apos;DeviceGray&apos;, &apos;ncolor&apos;: None, &apos;size&apos;: 13.289999999999964, &apos;value&apos;: &apos;.&apos;, &apos;children&apos;: [], &apos;features&apos;: {}}, {&apos;type&apos;: &apos;text&apos;, &apos;bbox&apos;: (498.69400000000036, 614.294, 501.46400000000034, 627.584), &apos;color_space&apos;: &apos;DeviceGray&apos;, &apos;ncolor&apos;: None, &apos;size&apos;: 13.289999999999964, &apos;value&apos;: &apos;.&apos;, &apos;children&apos;: [], &apos;features&apos;: {}}, {&apos;type&apos;: &apos;text&apos;, &apos;bbox&apos;: (501.4640000000004, 614.294, 504.2340000000004, 627.584), &apos;color_space&apos;: &apos;DeviceGray&apos;, &apos;ncolor&apos;: None, &apos;size&apos;: 13.289999999999964, &apos;value&apos;: &apos;.&apos;, &apos;children&apos;: [], &apos;features&apos;: {}}, {&apos;type&apos;: &apos;text&apos;, &apos;bbox&apos;: (504.2340000000004, 614.294, 507.00400000000036, 627.584), &apos;color_space&apos;: &apos;DeviceGray&apos;, &apos;ncolor&apos;: None, &apos;size&apos;: 13.289999999999964, &apos;value&apos;: &apos;.&apos;, &apos;children&apos;: [], &apos;features&apos;: {}}, {&apos;type&apos;: &apos;text&apos;, &apos;bbox&apos;: (507.00400000000036, 614.294, 509.77400000000034, 627.584), &apos;color_space&apos;: &apos;DeviceGray&apos;, &apos;ncolor&apos;: None, &apos;size&apos;: 13.289999999999964, &apos;value&apos;: &apos;.&apos;, &apos;children&apos;: [], &apos;features&apos;: {}}, {&apos;type&apos;: &apos;text&apos;, &apos;bbox&apos;: (509.7740000000004, 614.294, 512.5440000000004, 627.584), &apos;color_space&apos;: &apos;DeviceGray&apos;, &apos;ncolor&apos;: None, &apos;size&apos;: 13.289999999999964, &apos;value&apos;: &apos;.&apos;, &apos;children&apos;: [], &apos;features&apos;: {}}, {&apos;type&apos;: &apos;text&apos;, &apos;bbox&apos;: (512.5440000000003, 614.294, 515.3140000000003, 627.584), &apos;color_space&apos;: &apos;DeviceGray&apos;, &apos;ncolor&apos;: None, &apos;size&apos;: 13.289999999999964, &apos;value&apos;: &apos;.&apos;, &apos;children&apos;: [], &apos;features&apos;: {}}, {&apos;type&apos;: &apos;text&apos;, &apos;bbox&apos;: (515.3140000000003, 614.294, 518.0840000000003, 627.584), &apos;color_space&apos;: &apos;DeviceGray&apos;, &apos;ncolor&apos;: None, &apos;size&apos;: 13.289999999999964, &apos;value&apos;: &apos;.&apos;, &apos;children&apos;: [], &apos;features&apos;: {}}, {&apos;type&apos;: &apos;text&apos;, &apos;bbox&apos;: (519.986, 614.294, 525.5459999999999, 627.584), &apos;color_space&apos;: &apos;DeviceGray&apos;, &apos;ncolor&apos;: None, &apos;size&apos;: 13.289999999999964, &apos;value&apos;: &apos;7&apos;, &apos;children&apos;: [], &apos;features&apos;: {}}, {&apos;type&apos;: &apos;text&apos;, &apos;bbox&apos;: (525.5459999999999, 614.294, 528.876, 627.584), &apos;color_space&apos;: &apos;DeviceGray&apos;, &apos;ncolor&apos;: None, &apos;size&apos;: 13.289999999999964, &apos;value&apos;: &apos;-&apos;, &apos;children&apos;: [], &apos;features&apos;: {}}, {&apos;type&apos;: &apos;text&apos;, &apos;bbox&apos;: (528.877, 614.294, 534.4369999999999, 627.584), &apos;color_space&apos;: &apos;DeviceGray&apos;, &apos;ncolor&apos;: None, &apos;size&apos;: 13.289999999999964, &apos;value&apos;: &apos;1&apos;, &apos;children&apos;: [], &apos;features&apos;: {}}, {&apos;type&apos;: &apos;text&apos;, &apos;bbox&apos;: (534.4369999999999, 614.294, 539.9969999999998, 627.584), &apos;color_space&apos;: &apos;DeviceGray&apos;, &apos;ncolor&apos;: None, &apos;size&apos;: 13.289999999999964, &apos;value&apos;: &apos;5&apos;, &apos;children&apos;: [], &apos;features&apos;: {}}], &apos;features&apos;: {}}
*********************





--------------------------------- CONTENT AREA --------------------------------- 
This content area has an image
{&apos;type&apos;: &apos;figure&apos;, &apos;bbox&apos;: (0, 0, 612.0, 792.0), &apos;name&apos;: &apos;fx54&apos;, &apos;children&apos;: [{&apos;type&apos;: &apos;text&apos;, &apos;bbox&apos;: (114.0, 598.073, 122.31, 611.553), &apos;color_space&apos;: &apos;DeviceGray&apos;, &apos;ncolor&apos;: None, &apos;size&apos;: 13.480000000000018, &apos;value&apos;: &apos;D&apos;, &apos;children&apos;: [], &apos;features&apos;: {}}, {&apos;type&apos;: &apos;text&apos;, &apos;bbox&apos;: (122.31, 598.073, 126.2, 611.553), &apos;color_space&apos;: &apos;DeviceGray&apos;, &apos;ncolor&apos;: None, &apos;size&apos;: 13.480000000000018, &apos;value&apos;: &apos;I&apos;, &apos;children&apos;: [], &apos;features&apos;: {}}, {&apos;type&apos;: &apos;text&apos;, &apos;bbox&apos;: (126.2, 598.073, 136.2, 611.553), &apos;color_space&apos;: &apos;DeviceGray&apos;, &apos;ncolor&apos;: None, &apos;size&apos;: 13.480000000000018, &apos;value&apos;: &apos;M&apos;, &apos;children&apos;: [], &apos;features&apos;: {}}, {&apos;type&apos;: &apos;text&apos;, &apos;bbox&apos;: (136.2, 598.073, 141.2, 611.553), &apos;color_space&apos;: &apos;DeviceGray&apos;, &apos;ncolor&apos;: None, &apos;size&apos;: 13.480000000000018, &apos;value&apos;: &apos;_&apos;, &apos;children&apos;: [], &apos;features&apos;: {}}, {&apos;type&apos;: &apos;text&apos;, &apos;bbox&apos;: (141.2, 598.073, 147.29999999999998, 611.553), &apos;color_space&apos;: &apos;DeviceGray&apos;, &apos;ncolor&apos;: None, &apos;size&apos;: 13.480000000000018, &apos;value&apos;: &apos;P&apos;, &apos;children&apos;: [], &apos;features&apos;: {}}, {&apos;type&apos;: &apos;text&apos;, &apos;bbox&apos;: (147.3, 598.073, 154.43, 611.553), &apos;color_space&apos;: &apos;DeviceGray&apos;, &apos;ncolor&apos;: None, &apos;size&apos;: 13.480000000000018, &apos;value&apos;: &apos;R&apos;, &apos;children&apos;: [], &apos;features&apos;: {}}, {&apos;type&apos;: &apos;text&apos;, &apos;bbox&apos;: (154.43, 598.073, 162.76000000000002, 611.553), &apos;color_space&apos;: &apos;DeviceGray&apos;, &apos;ncolor&apos;: None, &apos;size&apos;: 13.480000000000018, &apos;value&apos;: &apos;O&apos;, &apos;children&apos;: [], &apos;features&apos;: {}}, {&apos;type&apos;: &apos;text&apos;, &apos;bbox&apos;: (162.76, 598.073, 171.07, 611.553), &apos;color_space&apos;: &apos;DeviceGray&apos;, &apos;ncolor&apos;: None, &apos;size&apos;: 13.480000000000018, &apos;value&apos;: &apos;D&apos;, &apos;children&apos;: [], &apos;features&apos;: {}}, {&apos;type&apos;: &apos;text&apos;, &apos;bbox&apos;: (171.07, 598.073, 178.84, 611.553), &apos;color_space&apos;: &apos;DeviceGray&apos;, &apos;ncolor&apos;: None, &apos;size&apos;: 13.480000000000018, &apos;value&apos;: &apos;U&apos;, &apos;children&apos;: [], &apos;features&apos;: {}}, {&apos;type&apos;: &apos;text&apos;, &apos;bbox&apos;: (178.84, 598.073, 186.06, 611.553), &apos;color_space&apos;: &apos;DeviceGray&apos;, &apos;ncolor&apos;: None, &apos;size&apos;: 13.480000000000018, &apos;value&apos;: &apos;C&apos;, &apos;children&apos;: [], &apos;features&apos;: {}}, {&apos;type&apos;: &apos;text&apos;, &apos;bbox&apos;: (186.06, 598.073, 192.72, 611.553), &apos;color_space&apos;: &apos;DeviceGray&apos;, &apos;ncolor&apos;: None, &apos;size&apos;: 13.480000000000018, &apos;value&apos;: &apos;T&apos;, &apos;children&apos;: [], &apos;features&apos;: {}}, {&apos;type&apos;: &apos;text&apos;, &apos;bbox&apos;: (192.72, 598.073, 198.82, 611.553), &apos;color_space&apos;: &apos;DeviceGray&apos;, &apos;ncolor&apos;: None, &apos;size&apos;: 13.480000000000018, &apos;value&apos;: &apos;S&apos;, &apos;children&apos;: [], &apos;features&apos;: {}}, {&apos;type&apos;: &apos;text&apos;, &apos;bbox&apos;: (198.82, 598.073, 203.82, 611.553), &apos;color_space&apos;: &apos;DeviceGray&apos;, &apos;ncolor&apos;: None, &apos;size&apos;: 13.480000000000018, &apos;value&apos;: &apos;_&apos;, &apos;children&apos;: [], &apos;features&apos;: {}}, {&apos;type&apos;: &apos;text&apos;, &apos;bbox&apos;: (203.82, 598.073, 210.42, 611.553), &apos;color_space&apos;: &apos;DeviceGray&apos;, &apos;ncolor&apos;: None, &apos;size&apos;: 13.480000000000018, &apos;value&apos;: &apos;B&apos;, &apos;children&apos;: [], &apos;features&apos;: {}}, {&apos;type&apos;: &apos;text&apos;, &apos;bbox&apos;: (210.469, 598.803, 213.239, 612.093), &apos;color_space&apos;: &apos;DeviceGray&apos;, &apos;ncolor&apos;: None, &apos;size&apos;: 13.289999999999964, &apos;value&apos;: &apos;.&apos;, &apos;children&apos;: [], &apos;features&apos;: {}}, {&apos;type&apos;: &apos;text&apos;, &apos;bbox&apos;: (213.239, 598.803, 216.00900000000001, 612.093), &apos;color_space&apos;: &apos;DeviceGray&apos;, &apos;ncolor&apos;: None, &apos;size&apos;: 13.289999999999964, &apos;value&apos;: &apos;.&apos;, &apos;children&apos;: [], &apos;features&apos;: {}}, {&apos;type&apos;: &apos;text&apos;, &apos;bbox&apos;: (216.009, 598.803, 218.779, 612.093), &apos;color_space&apos;: &apos;DeviceGray&apos;, &apos;ncolor&apos;: None, &apos;size&apos;: 13.289999999999964, &apos;value&apos;: &apos;.&apos;, &apos;children&apos;: [], &apos;features&apos;: {}}, {&apos;type&apos;: &apos;text&apos;, &apos;bbox&apos;: (218.779, 598.803, 221.549, 612.093), &apos;color_space&apos;: &apos;DeviceGray&apos;, &apos;ncolor&apos;: None, &apos;size&apos;: 13.289999999999964, &apos;value&apos;: &apos;.&apos;, &apos;children&apos;: [], &apos;features&apos;: {}}, {&apos;type&apos;: &apos;text&apos;, &apos;bbox&apos;: (221.549, 598.803, 224.31900000000002, 612.093), &apos;color_space&apos;: &apos;DeviceGray&apos;, &apos;ncolor&apos;: None, &apos;size&apos;: 13.289999999999964, &apos;value&apos;: &apos;.&apos;, &apos;children&apos;: [], &apos;features&apos;: {}}, {&apos;type&apos;: &apos;text&apos;, &apos;bbox&apos;: (224.319, 598.803, 227.089, 612.093), &apos;color_space&apos;: &apos;DeviceGray&apos;, &apos;ncolor&apos;: None, &apos;size&apos;: 13.289999999999964, &apos;value&apos;: &apos;.&apos;, &apos;children&apos;: [], &apos;features&apos;: {}}, {&apos;type&apos;: &apos;text&apos;, &apos;bbox&apos;: (227.089, 598.803, 229.859, 612.093), &apos;color_space&apos;: &apos;DeviceGray&apos;, &apos;ncolor&apos;: None, &apos;size&apos;: 13.289999999999964, &apos;value&apos;: &apos;.&apos;, &apos;children&apos;: [], &apos;features&apos;: {}}, {&apos;type&apos;: &apos;text&apos;, &apos;bbox&apos;: (229.85899999999998, 598.803, 232.629, 612.093), &apos;color_space&apos;: &apos;DeviceGray&apos;, &apos;ncolor&apos;: None, &apos;size&apos;: 13.289999999999964, &apos;value&apos;: &apos;.&apos;, &apos;children&apos;: [], &apos;features&apos;: {}}, {&apos;type&apos;: &apos;text&apos;, &apos;bbox&apos;: (232.629, 598.803, 235.399, 612.093), &apos;color_space&apos;: &apos;DeviceGray&apos;, &apos;ncolor&apos;: None, &apos;size&apos;: 13.289999999999964, &apos;value&apos;: &apos;.&apos;, &apos;children&apos;: [], &apos;features&apos;: {}}, {&apos;type&apos;: &apos;text&apos;, &apos;bbox&apos;: (235.399, 598.803, 238.169, 612.093), &apos;color_space&apos;: &apos;DeviceGray&apos;, &apos;ncolor&apos;: None, &apos;size&apos;: 13.289999999999964, &apos;value&apos;: &apos;.&apos;, &apos;children&apos;: [], &apos;features&apos;: {}}, {&apos;type&apos;: &apos;text&apos;, &apos;bbox&apos;: (238.16899999999998, 598.803, 240.939, 612.093), &apos;color_space&apos;: &apos;DeviceGray&apos;, &apos;ncolor&apos;: None, &apos;size&apos;: 13.289999999999964, &apos;value&apos;: &apos;.&apos;, &apos;children&apos;: [], &apos;features&apos;: {}}, {&apos;type&apos;: &apos;text&apos;, &apos;bbox&apos;: (240.939, 598.803, 243.709, 612.093), &apos;color_space&apos;: &apos;DeviceGray&apos;, &apos;ncolor&apos;: None, &apos;size&apos;: 13.289999999999964, &apos;value&apos;: &apos;.&apos;, &apos;children&apos;: [], &apos;features&apos;: {}}, {&apos;type&apos;: &apos;text&apos;, &apos;bbox&apos;: (243.709, 598.803, 246.479, 612.093), &apos;color_space&apos;: &apos;DeviceGray&apos;, &apos;ncolor&apos;: None, &apos;size&apos;: 13.289999999999964, &apos;value&apos;: &apos;.&apos;, &apos;children&apos;: [], &apos;features&apos;: {}}, {&apos;type&apos;: &apos;text&apos;, &apos;bbox&apos;: (246.47899999999998, 598.803, 249.249, 612.093), &apos;color_space&apos;: &apos;DeviceGray&apos;, &apos;ncolor&apos;: None, &apos;size&apos;: 13.289999999999964, &apos;value&apos;: &apos;.&apos;, &apos;children&apos;: [], &apos;features&apos;: {}}, {&apos;type&apos;: &apos;text&apos;, &apos;bbox&apos;: (249.249, 598.803, 252.019, 612.093), &apos;color_space&apos;: &apos;DeviceGray&apos;, &apos;ncolor&apos;: None, &apos;size&apos;: 13.289999999999964, &apos;value&apos;: &apos;.&apos;, &apos;children&apos;: [], &apos;features&apos;: {}}, {&apos;type&apos;: &apos;text&apos;, &apos;bbox&apos;: (252.019, 598.803, 254.78900000000002, 612.093), &apos;color_space&apos;: &apos;DeviceGray&apos;, &apos;ncolor&apos;: None, &apos;size&apos;: 13.289999999999964, &apos;value&apos;: &apos;.&apos;, &apos;children&apos;: [], &apos;features&apos;: {}}, {&apos;type&apos;: &apos;text&apos;, &apos;bbox&apos;: (254.78900000000002, 598.803, 257.559, 612.093), &apos;color_space&apos;: &apos;DeviceGray&apos;, &apos;ncolor&apos;: None, &apos;size&apos;: 13.289999999999964, &apos;value&apos;: &apos;.&apos;, &apos;children&apos;: [], &apos;features&apos;: {}}, {&apos;type&apos;: &apos;text&apos;, &apos;bbox&apos;: (257.559, 598.803, 260.329, 612.093), &apos;color_space&apos;: &apos;DeviceGray&apos;, &apos;ncolor&apos;: None, &apos;size&apos;: 13.289999999999964, &apos;value&apos;: &apos;.&apos;, &apos;children&apos;: [], &apos;features&apos;: {}}, {&apos;type&apos;: &apos;text&apos;, &apos;bbox&apos;: (260.329, 598.803, 263.099, 612.093), &apos;color_space&apos;: &apos;DeviceGray&apos;, &apos;ncolor&apos;: None, &apos;size&apos;: 13.289999999999964, &apos;value&apos;: &apos;.&apos;, &apos;children&apos;: [], &apos;features&apos;: {}}, {&apos;type&apos;: &apos;text&apos;, &apos;bbox&apos;: (263.09900000000005, 598.803, 265.869, 612.093), &apos;color_space&apos;: &apos;DeviceGray&apos;, &apos;ncolor&apos;: None, &apos;size&apos;: 13.289999999999964, &apos;value&apos;: &apos;.&apos;, &apos;children&apos;: [], &apos;features&apos;: {}}, {&apos;type&apos;: &apos;text&apos;, &apos;bbox&apos;: (265.869, 598.803, 268.639, 612.093), &apos;color_space&apos;: &apos;DeviceGray&apos;, &apos;ncolor&apos;: None, &apos;size&apos;: 13.289999999999964, &apos;value&apos;: &apos;.&apos;, &apos;children&apos;: [], &apos;features&apos;: {}}, {&apos;type&apos;: &apos;text&apos;, &apos;bbox&apos;: (268.639, 598.803, 271.409, 612.093), &apos;color_space&apos;: &apos;DeviceGray&apos;, &apos;ncolor&apos;: None, &apos;size&apos;: 13.289999999999964, &apos;value&apos;: &apos;.&apos;, &apos;children&apos;: [], &apos;features&apos;: {}}, {&apos;type&apos;: &apos;text&apos;, &apos;bbox&apos;: (271.40900000000005, 598.803, 274.17900000000003, 612.093), &apos;color_space&apos;: &apos;DeviceGray&apos;, &apos;ncolor&apos;: None, &apos;size&apos;: 13.289999999999964, &apos;value&apos;: &apos;.&apos;, &apos;children&apos;: [], &apos;features&apos;: {}}, {&apos;type&apos;: &apos;text&apos;, &apos;bbox&apos;: (274.17900000000003, 598.803, 276.949, 612.093), &apos;color_space&apos;: &apos;DeviceGray&apos;, &apos;ncolor&apos;: None, &apos;size&apos;: 13.289999999999964, &apos;value&apos;: &apos;.&apos;, &apos;children&apos;: [], &apos;features&apos;: {}}, {&apos;type&apos;: &apos;text&apos;, &apos;bbox&apos;: (276.949, 598.803, 279.719, 612.093), &apos;color_space&apos;: &apos;DeviceGray&apos;, &apos;ncolor&apos;: None, &apos;size&apos;: 13.289999999999964, &apos;value&apos;: &apos;.&apos;, &apos;children&apos;: [], &apos;features&apos;: {}}, {&apos;type&apos;: &apos;text&apos;, &apos;bbox&apos;: (279.71900000000005, 598.803, 282.48900000000003, 612.093), &apos;color_space&apos;: &apos;DeviceGray&apos;, &apos;ncolor&apos;: None, &apos;size&apos;: 13.289999999999964, &apos;value&apos;: &apos;.&apos;, &apos;children&apos;: [], &apos;features&apos;: {}}, {&apos;type&apos;: &apos;text&apos;, &apos;bbox&apos;: (282.48900000000003, 598.803, 285.259, 612.093), &apos;color_space&apos;: &apos;DeviceGray&apos;, &apos;ncolor&apos;: None, &apos;size&apos;: 13.289999999999964, &apos;value&apos;: &apos;.&apos;, &apos;children&apos;: [], &apos;features&apos;: {}}, {&apos;type&apos;: &apos;text&apos;, &apos;bbox&apos;: (285.259, 598.803, 288.029, 612.093), &apos;color_space&apos;: &apos;DeviceGray&apos;, &apos;ncolor&apos;: None, &apos;size&apos;: 13.289999999999964, &apos;value&apos;: &apos;.&apos;, &apos;children&apos;: [], &apos;features&apos;: {}}, {&apos;type&apos;: &apos;text&apos;, &apos;bbox&apos;: (288.029, 598.803, 290.799, 612.093), &apos;color_space&apos;: &apos;DeviceGray&apos;, &apos;ncolor&apos;: None, &apos;size&apos;: 13.289999999999964, &apos;value&apos;: &apos;.&apos;, &apos;children&apos;: [], &apos;features&apos;: {}}, {&apos;type&apos;: &apos;text&apos;, &apos;bbox&apos;: (290.799, 598.803, 293.56899999999996, 612.093), &apos;color_space&apos;: &apos;DeviceGray&apos;, &apos;ncolor&apos;: None, &apos;size&apos;: 13.289999999999964, &apos;value&apos;: &apos;.&apos;, &apos;children&apos;: [], &apos;features&apos;: {}}, {&apos;type&apos;: &apos;text&apos;, &apos;bbox&apos;: (293.569, 598.803, 296.339, 612.093), &apos;color_space&apos;: &apos;DeviceGray&apos;, &apos;ncolor&apos;: None, &apos;size&apos;: 13.289999999999964, &apos;value&apos;: &apos;.&apos;, &apos;children&apos;: [], &apos;features&apos;: {}}, {&apos;type&apos;: &apos;text&apos;, &apos;bbox&apos;: (296.339, 598.803, 299.109, 612.093), &apos;color_space&apos;: &apos;DeviceGray&apos;, &apos;ncolor&apos;: None, &apos;size&apos;: 13.289999999999964, &apos;value&apos;: &apos;.&apos;, &apos;children&apos;: [], &apos;features&apos;: {}}, {&apos;type&apos;: &apos;text&apos;, &apos;bbox&apos;: (299.109, 598.803, 301.87899999999996, 612.093), &apos;color_space&apos;: &apos;DeviceGray&apos;, &apos;ncolor&apos;: None, &apos;size&apos;: 13.289999999999964, &apos;value&apos;: &apos;.&apos;, &apos;children&apos;: [], &apos;features&apos;: {}}, {&apos;type&apos;: &apos;text&apos;, &apos;bbox&apos;: (301.879, 598.803, 304.649, 612.093), &apos;color_space&apos;: &apos;DeviceGray&apos;, &apos;ncolor&apos;: None, &apos;size&apos;: 13.289999999999964, &apos;value&apos;: &apos;.&apos;, &apos;children&apos;: [], &apos;features&apos;: {}}, {&apos;type&apos;: &apos;text&apos;, &apos;bbox&apos;: (304.649, 598.803, 307.419, 612.093), &apos;color_space&apos;: &apos;DeviceGray&apos;, &apos;ncolor&apos;: None, &apos;size&apos;: 13.289999999999964, &apos;value&apos;: &apos;.&apos;, &apos;children&apos;: [], &apos;features&apos;: {}}, {&apos;type&apos;: &apos;text&apos;, &apos;bbox&apos;: (307.419, 598.803, 310.18899999999996, 612.093), &apos;color_space&apos;: &apos;DeviceGray&apos;, &apos;ncolor&apos;: None, &apos;size&apos;: 13.289999999999964, &apos;value&apos;: &apos;.&apos;, &apos;children&apos;: [], &apos;features&apos;: {}}, {&apos;type&apos;: &apos;text&apos;, &apos;bbox&apos;: (310.18899999999996, 598.803, 312.95899999999995, 612.093), &apos;color_space&apos;: &apos;DeviceGray&apos;, &apos;ncolor&apos;: None, &apos;size&apos;: 13.289999999999964, &apos;value&apos;: &apos;.&apos;, &apos;children&apos;: [], &apos;features&apos;: {}}, {&apos;type&apos;: &apos;text&apos;, &apos;bbox&apos;: (312.95899999999995, 598.803, 315.7289999999999, 612.093), &apos;color_space&apos;: &apos;DeviceGray&apos;, &apos;ncolor&apos;: None, &apos;size&apos;: 13.289999999999964, &apos;value&apos;: &apos;.&apos;, &apos;children&apos;: [], &apos;features&apos;: {}}, {&apos;type&apos;: &apos;text&apos;, &apos;bbox&apos;: (315.729, 598.803, 318.49899999999997, 612.093), &apos;color_space&apos;: &apos;DeviceGray&apos;, &apos;ncolor&apos;: None, &apos;size&apos;: 13.289999999999964, &apos;value&apos;: &apos;.&apos;, &apos;children&apos;: [], &apos;features&apos;: {}}, {&apos;type&apos;: &apos;text&apos;, &apos;bbox&apos;: (318.49899999999997, 598.803, 321.26899999999995, 612.093), &apos;color_space&apos;: &apos;DeviceGray&apos;, &apos;ncolor&apos;: None, &apos;size&apos;: 13.289999999999964, &apos;value&apos;: &apos;.&apos;, &apos;children&apos;: [], &apos;features&apos;: {}}, {&apos;type&apos;: &apos;text&apos;, &apos;bbox&apos;: (321.26899999999995, 598.803, 324.03899999999993, 612.093), &apos;color_space&apos;: &apos;DeviceGray&apos;, &apos;ncolor&apos;: None, &apos;size&apos;: 13.289999999999964, &apos;value&apos;: &apos;.&apos;, &apos;children&apos;: [], &apos;features&apos;: {}}, {&apos;type&apos;: &apos;text&apos;, &apos;bbox&apos;: (324.039, 598.803, 326.80899999999997, 612.093), &apos;color_space&apos;: &apos;DeviceGray&apos;, &apos;ncolor&apos;: None, &apos;size&apos;: 13.289999999999964, &apos;value&apos;: &apos;.&apos;, &apos;children&apos;: [], &apos;features&apos;: {}}, {&apos;type&apos;: &apos;text&apos;, &apos;bbox&apos;: (326.80899999999997, 598.803, 329.57899999999995, 612.093), &apos;color_space&apos;: &apos;DeviceGray&apos;, &apos;ncolor&apos;: None, &apos;size&apos;: 13.289999999999964, &apos;value&apos;: &apos;.&apos;, &apos;children&apos;: [], &apos;features&apos;: {}}, {&apos;type&apos;: &apos;text&apos;, &apos;bbox&apos;: (329.57899999999995, 598.803, 332.34899999999993, 612.093), &apos;color_space&apos;: &apos;DeviceGray&apos;, &apos;ncolor&apos;: None, &apos;size&apos;: 13.289999999999964, &apos;value&apos;: &apos;.&apos;, &apos;children&apos;: [], &apos;features&apos;: {}}, {&apos;type&apos;: &apos;text&apos;, &apos;bbox&apos;: (332.34899999999993, 598.803, 335.1189999999999, 612.093), &apos;color_space&apos;: &apos;DeviceGray&apos;, &apos;ncolor&apos;: None, &apos;size&apos;: 13.289999999999964, &apos;value&apos;: &apos;.&apos;, &apos;children&apos;: [], &apos;features&apos;: {}}, {&apos;type&apos;: &apos;text&apos;, &apos;bbox&apos;: (335.1189999999999, 598.803, 337.8889999999999, 612.093), &apos;color_space&apos;: &apos;DeviceGray&apos;, &apos;ncolor&apos;: None, &apos;size&apos;: 13.289999999999964, &apos;value&apos;: &apos;.&apos;, &apos;children&apos;: [], &apos;features&apos;: {}}, {&apos;type&apos;: &apos;text&apos;, &apos;bbox&apos;: (337.88899999999995, 598.803, 340.65899999999993, 612.093), &apos;color_space&apos;: &apos;DeviceGray&apos;, &apos;ncolor&apos;: None, &apos;size&apos;: 13.289999999999964, &apos;value&apos;: &apos;.&apos;, &apos;children&apos;: [], &apos;features&apos;: {}}, {&apos;type&apos;: &apos;text&apos;, &apos;bbox&apos;: (340.65899999999993, 598.803, 343.4289999999999, 612.093), &apos;color_space&apos;: &apos;DeviceGray&apos;, &apos;ncolor&apos;: None, &apos;size&apos;: 13.289999999999964, &apos;value&apos;: &apos;.&apos;, &apos;children&apos;: [], &apos;features&apos;: {}}, {&apos;type&apos;: &apos;text&apos;, &apos;bbox&apos;: (343.429, 598.803, 346.19899999999996, 612.093), &apos;color_space&apos;: &apos;DeviceGray&apos;, &apos;ncolor&apos;: None, &apos;size&apos;: 13.289999999999964, &apos;value&apos;: &apos;.&apos;, &apos;children&apos;: [], &apos;features&apos;: {}}, {&apos;type&apos;: &apos;text&apos;, &apos;bbox&apos;: (346.19899999999996, 598.803, 348.96899999999994, 612.093), &apos;color_space&apos;: &apos;DeviceGray&apos;, &apos;ncolor&apos;: None, &apos;size&apos;: 13.289999999999964, &apos;value&apos;: &apos;.&apos;, &apos;children&apos;: [], &apos;features&apos;: {}}, {&apos;type&apos;: &apos;text&apos;, &apos;bbox&apos;: (348.96899999999994, 598.803, 351.7389999999999, 612.093), &apos;color_space&apos;: &apos;DeviceGray&apos;, &apos;ncolor&apos;: None, &apos;size&apos;: 13.289999999999964, &apos;value&apos;: &apos;.&apos;, &apos;children&apos;: [], &apos;features&apos;: {}}, {&apos;type&apos;: &apos;text&apos;, &apos;bbox&apos;: (351.739, 598.803, 354.50899999999996, 612.093), &apos;color_space&apos;: &apos;DeviceGray&apos;, &apos;ncolor&apos;: None, &apos;size&apos;: 13.289999999999964, &apos;value&apos;: &apos;.&apos;, &apos;children&apos;: [], &apos;features&apos;: {}}, {&apos;type&apos;: &apos;text&apos;, &apos;bbox&apos;: (354.509, 598.803, 357.279, 612.093), &apos;color_space&apos;: &apos;DeviceGray&apos;, &apos;ncolor&apos;: None, &apos;size&apos;: 13.289999999999964, &apos;value&apos;: &apos;.&apos;, &apos;children&apos;: [], &apos;features&apos;: {}}, {&apos;type&apos;: &apos;text&apos;, &apos;bbox&apos;: (357.279, 598.803, 360.049, 612.093), &apos;color_space&apos;: &apos;DeviceGray&apos;, &apos;ncolor&apos;: None, &apos;size&apos;: 13.289999999999964, &apos;value&apos;: &apos;.&apos;, &apos;children&apos;: [], &apos;features&apos;: {}}, {&apos;type&apos;: &apos;text&apos;, &apos;bbox&apos;: (360.049, 598.803, 362.81899999999996, 612.093), &apos;color_space&apos;: &apos;DeviceGray&apos;, &apos;ncolor&apos;: None, &apos;size&apos;: 13.289999999999964, &apos;value&apos;: &apos;.&apos;, &apos;children&apos;: [], &apos;features&apos;: {}}, {&apos;type&apos;: &apos;text&apos;, &apos;bbox&apos;: (362.819, 598.803, 365.589, 612.093), &apos;color_space&apos;: &apos;DeviceGray&apos;, &apos;ncolor&apos;: None, &apos;size&apos;: 13.289999999999964, &apos;value&apos;: &apos;.&apos;, &apos;children&apos;: [], &apos;features&apos;: {}}, {&apos;type&apos;: &apos;text&apos;, &apos;bbox&apos;: (365.58900000000006, 598.803, 368.35900000000004, 612.093), &apos;color_space&apos;: &apos;DeviceGray&apos;, &apos;ncolor&apos;: None, &apos;size&apos;: 13.289999999999964, &apos;value&apos;: &apos;.&apos;, &apos;children&apos;: [], &apos;features&apos;: {}}, {&apos;type&apos;: &apos;text&apos;, &apos;bbox&apos;: (368.35900000000004, 598.803, 371.129, 612.093), &apos;color_space&apos;: &apos;DeviceGray&apos;, &apos;ncolor&apos;: None, &apos;size&apos;: 13.289999999999964, &apos;value&apos;: &apos;.&apos;, &apos;children&apos;: [], &apos;features&apos;: {}}, {&apos;type&apos;: &apos;text&apos;, &apos;bbox&apos;: (371.129, 598.803, 373.899, 612.093), &apos;color_space&apos;: &apos;DeviceGray&apos;, &apos;ncolor&apos;: None, &apos;size&apos;: 13.289999999999964, &apos;value&apos;: &apos;.&apos;, &apos;children&apos;: [], &apos;features&apos;: {}}, {&apos;type&apos;: &apos;text&apos;, &apos;bbox&apos;: (373.89900000000006, 598.803, 376.66900000000004, 612.093), &apos;color_space&apos;: &apos;DeviceGray&apos;, &apos;ncolor&apos;: None, &apos;size&apos;: 13.289999999999964, &apos;value&apos;: &apos;.&apos;, &apos;children&apos;: [], &apos;features&apos;: {}}, {&apos;type&apos;: &apos;text&apos;, &apos;bbox&apos;: (376.6690000000001, 598.803, 379.4390000000001, 612.093), &apos;color_space&apos;: &apos;DeviceGray&apos;, &apos;ncolor&apos;: None, &apos;size&apos;: 13.289999999999964, &apos;value&apos;: &apos;.&apos;, &apos;children&apos;: [], &apos;features&apos;: {}}, {&apos;type&apos;: &apos;text&apos;, &apos;bbox&apos;: (379.4390000000001, 598.803, 382.20900000000006, 612.093), &apos;color_space&apos;: &apos;DeviceGray&apos;, &apos;ncolor&apos;: None, &apos;size&apos;: 13.289999999999964, &apos;value&apos;: &apos;.&apos;, &apos;children&apos;: [], &apos;features&apos;: {}}, {&apos;type&apos;: &apos;text&apos;, &apos;bbox&apos;: (382.20900000000006, 598.803, 384.97900000000004, 612.093), &apos;color_space&apos;: &apos;DeviceGray&apos;, &apos;ncolor&apos;: None, &apos;size&apos;: 13.289999999999964, &apos;value&apos;: &apos;.&apos;, &apos;children&apos;: [], &apos;features&apos;: {}}, {&apos;type&apos;: &apos;text&apos;, &apos;bbox&apos;: (384.9790000000001, 598.803, 387.7490000000001, 612.093), &apos;color_space&apos;: &apos;DeviceGray&apos;, &apos;ncolor&apos;: None, &apos;size&apos;: 13.289999999999964, &apos;value&apos;: &apos;.&apos;, &apos;children&apos;: [], &apos;features&apos;: {}}, {&apos;type&apos;: &apos;text&apos;, &apos;bbox&apos;: (387.74900000000014, 598.803, 390.5190000000001, 612.093), &apos;color_space&apos;: &apos;DeviceGray&apos;, &apos;ncolor&apos;: None, &apos;size&apos;: 13.289999999999964, &apos;value&apos;: &apos;.&apos;, &apos;children&apos;: [], &apos;features&apos;: {}}, {&apos;type&apos;: &apos;text&apos;, &apos;bbox&apos;: (390.5190000000001, 598.803, 393.2890000000001, 612.093), &apos;color_space&apos;: &apos;DeviceGray&apos;, &apos;ncolor&apos;: None, &apos;size&apos;: 13.289999999999964, &apos;value&apos;: &apos;.&apos;, &apos;children&apos;: [], &apos;features&apos;: {}}, {&apos;type&apos;: &apos;text&apos;, &apos;bbox&apos;: (393.2890000000001, 598.803, 396.0590000000001, 612.093), &apos;color_space&apos;: &apos;DeviceGray&apos;, &apos;ncolor&apos;: None, &apos;size&apos;: 13.289999999999964, &apos;value&apos;: &apos;.&apos;, &apos;children&apos;: [], &apos;features&apos;: {}}, {&apos;type&apos;: &apos;text&apos;, &apos;bbox&apos;: (396.05900000000014, 598.803, 398.8290000000001, 612.093), &apos;color_space&apos;: &apos;DeviceGray&apos;, &apos;ncolor&apos;: None, &apos;size&apos;: 13.289999999999964, &apos;value&apos;: &apos;.&apos;, &apos;children&apos;: [], &apos;features&apos;: {}}, {&apos;type&apos;: &apos;text&apos;, &apos;bbox&apos;: (398.8290000000002, 598.803, 401.59900000000016, 612.093), &apos;color_space&apos;: &apos;DeviceGray&apos;, &apos;ncolor&apos;: None, &apos;size&apos;: 13.289999999999964, &apos;value&apos;: &apos;.&apos;, &apos;children&apos;: [], &apos;features&apos;: {}}, {&apos;type&apos;: &apos;text&apos;, &apos;bbox&apos;: (401.59900000000016, 598.803, 404.36900000000014, 612.093), &apos;color_space&apos;: &apos;DeviceGray&apos;, &apos;ncolor&apos;: None, &apos;size&apos;: 13.289999999999964, &apos;value&apos;: &apos;.&apos;, &apos;children&apos;: [], &apos;features&apos;: {}}, {&apos;type&apos;: &apos;text&apos;, &apos;bbox&apos;: (404.36900000000014, 598.803, 407.1390000000001, 612.093), &apos;color_space&apos;: &apos;DeviceGray&apos;, &apos;ncolor&apos;: None, &apos;size&apos;: 13.289999999999964, &apos;value&apos;: &apos;.&apos;, &apos;children&apos;: [], &apos;features&apos;: {}}, {&apos;type&apos;: &apos;text&apos;, &apos;bbox&apos;: (407.1390000000002, 598.803, 409.90900000000016, 612.093), &apos;color_space&apos;: &apos;DeviceGray&apos;, &apos;ncolor&apos;: None, &apos;size&apos;: 13.289999999999964, &apos;value&apos;: &apos;.&apos;, &apos;children&apos;: [], &apos;features&apos;: {}}, {&apos;type&apos;: &apos;text&apos;, &apos;bbox&apos;: (409.9090000000002, 598.803, 412.6790000000002, 612.093), &apos;color_space&apos;: &apos;DeviceGray&apos;, &apos;ncolor&apos;: None, &apos;size&apos;: 13.289999999999964, &apos;value&apos;: &apos;.&apos;, &apos;children&apos;: [], &apos;features&apos;: {}}, {&apos;type&apos;: &apos;text&apos;, &apos;bbox&apos;: (412.6790000000002, 598.803, 415.4490000000002, 612.093), &apos;color_space&apos;: &apos;DeviceGray&apos;, &apos;ncolor&apos;: None, &apos;size&apos;: 13.289999999999964, &apos;value&apos;: &apos;.&apos;, &apos;children&apos;: [], &apos;features&apos;: {}}, {&apos;type&apos;: &apos;text&apos;, &apos;bbox&apos;: (415.4490000000002, 598.803, 418.21900000000016, 612.093), &apos;color_space&apos;: &apos;DeviceGray&apos;, &apos;ncolor&apos;: None, &apos;size&apos;: 13.289999999999964, &apos;value&apos;: &apos;.&apos;, &apos;children&apos;: [], &apos;features&apos;: {}}, {&apos;type&apos;: &apos;text&apos;, &apos;bbox&apos;: (418.2190000000002, 598.803, 420.9890000000002, 612.093), &apos;color_space&apos;: &apos;DeviceGray&apos;, &apos;ncolor&apos;: None, &apos;size&apos;: 13.289999999999964, &apos;value&apos;: &apos;.&apos;, &apos;children&apos;: [], &apos;features&apos;: {}}, {&apos;type&apos;: &apos;text&apos;, &apos;bbox&apos;: (420.98900000000026, 598.803, 423.75900000000024, 612.093), &apos;color_space&apos;: &apos;DeviceGray&apos;, &apos;ncolor&apos;: None, &apos;size&apos;: 13.289999999999964, &apos;value&apos;: &apos;.&apos;, &apos;children&apos;: [], &apos;features&apos;: {}}, {&apos;type&apos;: &apos;text&apos;, &apos;bbox&apos;: (423.75900000000024, 598.803, 426.5290000000002, 612.093), &apos;color_space&apos;: &apos;DeviceGray&apos;, &apos;ncolor&apos;: None, &apos;size&apos;: 13.289999999999964, &apos;value&apos;: &apos;.&apos;, &apos;children&apos;: [], &apos;features&apos;: {}}, {&apos;type&apos;: &apos;text&apos;, &apos;bbox&apos;: (426.5290000000002, 598.803, 429.2990000000002, 612.093), &apos;color_space&apos;: &apos;DeviceGray&apos;, &apos;ncolor&apos;: None, &apos;size&apos;: 13.289999999999964, &apos;value&apos;: &apos;.&apos;, &apos;children&apos;: [], &apos;features&apos;: {}}, {&apos;type&apos;: &apos;text&apos;, &apos;bbox&apos;: (429.29900000000026, 598.803, 432.06900000000024, 612.093), &apos;color_space&apos;: &apos;DeviceGray&apos;, &apos;ncolor&apos;: None, &apos;size&apos;: 13.289999999999964, &apos;value&apos;: &apos;.&apos;, &apos;children&apos;: [], &apos;features&apos;: {}}, {&apos;type&apos;: &apos;text&apos;, &apos;bbox&apos;: (432.0690000000003, 598.803, 434.8390000000003, 612.093), &apos;color_space&apos;: &apos;DeviceGray&apos;, &apos;ncolor&apos;: None, &apos;size&apos;: 13.289999999999964, &apos;value&apos;: &apos;.&apos;, &apos;children&apos;: [], &apos;features&apos;: {}}, {&apos;type&apos;: &apos;text&apos;, &apos;bbox&apos;: (434.8390000000003, 598.803, 437.60900000000026, 612.093), &apos;color_space&apos;: &apos;DeviceGray&apos;, &apos;ncolor&apos;: None, &apos;size&apos;: 13.289999999999964, &apos;value&apos;: &apos;.&apos;, &apos;children&apos;: [], &apos;features&apos;: {}}, {&apos;type&apos;: &apos;text&apos;, &apos;bbox&apos;: (437.60900000000026, 598.803, 440.37900000000025, 612.093), &apos;color_space&apos;: &apos;DeviceGray&apos;, &apos;ncolor&apos;: None, &apos;size&apos;: 13.289999999999964, &apos;value&apos;: &apos;.&apos;, &apos;children&apos;: [], &apos;features&apos;: {}}, {&apos;type&apos;: &apos;text&apos;, &apos;bbox&apos;: (440.3790000000003, 598.803, 443.1490000000003, 612.093), &apos;color_space&apos;: &apos;DeviceGray&apos;, &apos;ncolor&apos;: None, &apos;size&apos;: 13.289999999999964, &apos;value&apos;: &apos;.&apos;, &apos;children&apos;: [], &apos;features&apos;: {}}, {&apos;type&apos;: &apos;text&apos;, &apos;bbox&apos;: (443.14900000000034, 598.803, 445.9190000000003, 612.093), &apos;color_space&apos;: &apos;DeviceGray&apos;, &apos;ncolor&apos;: None, &apos;size&apos;: 13.289999999999964, &apos;value&apos;: &apos;.&apos;, &apos;children&apos;: [], &apos;features&apos;: {}}, {&apos;type&apos;: &apos;text&apos;, &apos;bbox&apos;: (445.9190000000003, 598.803, 448.6890000000003, 612.093), &apos;color_space&apos;: &apos;DeviceGray&apos;, &apos;ncolor&apos;: None, &apos;size&apos;: 13.289999999999964, &apos;value&apos;: &apos;.&apos;, &apos;children&apos;: [], &apos;features&apos;: {}}, {&apos;type&apos;: &apos;text&apos;, &apos;bbox&apos;: (448.6890000000003, 598.803, 451.4590000000003, 612.093), &apos;color_space&apos;: &apos;DeviceGray&apos;, &apos;ncolor&apos;: None, &apos;size&apos;: 13.289999999999964, &apos;value&apos;: &apos;.&apos;, &apos;children&apos;: [], &apos;features&apos;: {}}, {&apos;type&apos;: &apos;text&apos;, &apos;bbox&apos;: (451.45900000000034, 598.803, 454.2290000000003, 612.093), &apos;color_space&apos;: &apos;DeviceGray&apos;, &apos;ncolor&apos;: None, &apos;size&apos;: 13.289999999999964, &apos;value&apos;: &apos;.&apos;, &apos;children&apos;: [], &apos;features&apos;: {}}, {&apos;type&apos;: &apos;text&apos;, &apos;bbox&apos;: (454.2290000000004, 598.803, 456.99900000000036, 612.093), &apos;color_space&apos;: &apos;DeviceGray&apos;, &apos;ncolor&apos;: None, &apos;size&apos;: 13.289999999999964, &apos;value&apos;: &apos;.&apos;, &apos;children&apos;: [], &apos;features&apos;: {}}, {&apos;type&apos;: &apos;text&apos;, &apos;bbox&apos;: (456.99900000000036, 598.803, 459.76900000000035, 612.093), &apos;color_space&apos;: &apos;DeviceGray&apos;, &apos;ncolor&apos;: None, &apos;size&apos;: 13.289999999999964, &apos;value&apos;: &apos;.&apos;, &apos;children&apos;: [], &apos;features&apos;: {}}, {&apos;type&apos;: &apos;text&apos;, &apos;bbox&apos;: (459.76900000000035, 598.803, 462.5390000000003, 612.093), &apos;color_space&apos;: &apos;DeviceGray&apos;, &apos;ncolor&apos;: None, &apos;size&apos;: 13.289999999999964, &apos;value&apos;: &apos;.&apos;, &apos;children&apos;: [], &apos;features&apos;: {}}, {&apos;type&apos;: &apos;text&apos;, &apos;bbox&apos;: (462.5390000000004, 598.803, 465.30900000000037, 612.093), &apos;color_space&apos;: &apos;DeviceGray&apos;, &apos;ncolor&apos;: None, &apos;size&apos;: 13.289999999999964, &apos;value&apos;: &apos;.&apos;, &apos;children&apos;: [], &apos;features&apos;: {}}, {&apos;type&apos;: &apos;text&apos;, &apos;bbox&apos;: (465.3090000000004, 598.803, 468.0790000000004, 612.093), &apos;color_space&apos;: &apos;DeviceGray&apos;, &apos;ncolor&apos;: None, &apos;size&apos;: 13.289999999999964, &apos;value&apos;: &apos;.&apos;, &apos;children&apos;: [], &apos;features&apos;: {}}, {&apos;type&apos;: &apos;text&apos;, &apos;bbox&apos;: (468.0790000000004, 598.803, 470.8490000000004, 612.093), &apos;color_space&apos;: &apos;DeviceGray&apos;, &apos;ncolor&apos;: None, &apos;size&apos;: 13.289999999999964, &apos;value&apos;: &apos;.&apos;, &apos;children&apos;: [], &apos;features&apos;: {}}, {&apos;type&apos;: &apos;text&apos;, &apos;bbox&apos;: (470.8490000000004, 598.803, 473.61900000000037, 612.093), &apos;color_space&apos;: &apos;DeviceGray&apos;, &apos;ncolor&apos;: None, &apos;size&apos;: 13.289999999999964, &apos;value&apos;: &apos;.&apos;, &apos;children&apos;: [], &apos;features&apos;: {}}, {&apos;type&apos;: &apos;text&apos;, &apos;bbox&apos;: (473.61900000000037, 598.803, 476.38900000000035, 612.093), &apos;color_space&apos;: &apos;DeviceGray&apos;, &apos;ncolor&apos;: None, &apos;size&apos;: 13.289999999999964, &apos;value&apos;: &apos;.&apos;, &apos;children&apos;: [], &apos;features&apos;: {}}, {&apos;type&apos;: &apos;text&apos;, &apos;bbox&apos;: (476.38900000000035, 598.803, 479.15900000000033, 612.093), &apos;color_space&apos;: &apos;DeviceGray&apos;, &apos;ncolor&apos;: None, &apos;size&apos;: 13.289999999999964, &apos;value&apos;: &apos;.&apos;, &apos;children&apos;: [], &apos;features&apos;: {}}, {&apos;type&apos;: &apos;text&apos;, &apos;bbox&apos;: (479.15900000000033, 598.803, 481.9290000000003, 612.093), &apos;color_space&apos;: &apos;DeviceGray&apos;, &apos;ncolor&apos;: None, &apos;size&apos;: 13.289999999999964, &apos;value&apos;: &apos;.&apos;, &apos;children&apos;: [], &apos;features&apos;: {}}, {&apos;type&apos;: &apos;text&apos;, &apos;bbox&apos;: (481.9290000000003, 598.803, 484.6990000000003, 612.093), &apos;color_space&apos;: &apos;DeviceGray&apos;, &apos;ncolor&apos;: None, &apos;size&apos;: 13.289999999999964, &apos;value&apos;: &apos;.&apos;, &apos;children&apos;: [], &apos;features&apos;: {}}, {&apos;type&apos;: &apos;text&apos;, &apos;bbox&apos;: (484.6990000000003, 598.803, 487.4690000000003, 612.093), &apos;color_space&apos;: &apos;DeviceGray&apos;, &apos;ncolor&apos;: None, &apos;size&apos;: 13.289999999999964, &apos;value&apos;: &apos;.&apos;, &apos;children&apos;: [], &apos;features&apos;: {}}, {&apos;type&apos;: &apos;text&apos;, &apos;bbox&apos;: (487.4690000000003, 598.803, 490.23900000000026, 612.093), &apos;color_space&apos;: &apos;DeviceGray&apos;, &apos;ncolor&apos;: None, &apos;size&apos;: 13.289999999999964, &apos;value&apos;: &apos;.&apos;, &apos;children&apos;: [], &apos;features&apos;: {}}, {&apos;type&apos;: &apos;text&apos;, &apos;bbox&apos;: (490.23900000000026, 598.803, 493.00900000000024, 612.093), &apos;color_space&apos;: &apos;DeviceGray&apos;, &apos;ncolor&apos;: None, &apos;size&apos;: 13.289999999999964, &apos;value&apos;: &apos;.&apos;, &apos;children&apos;: [], &apos;features&apos;: {}}, {&apos;type&apos;: &apos;text&apos;, &apos;bbox&apos;: (493.00900000000024, 598.803, 495.7790000000002, 612.093), &apos;color_space&apos;: &apos;DeviceGray&apos;, &apos;ncolor&apos;: None, &apos;size&apos;: 13.289999999999964, &apos;value&apos;: &apos;.&apos;, &apos;children&apos;: [], &apos;features&apos;: {}}, {&apos;type&apos;: &apos;text&apos;, &apos;bbox&apos;: (495.7790000000002, 598.803, 498.5490000000002, 612.093), &apos;color_space&apos;: &apos;DeviceGray&apos;, &apos;ncolor&apos;: None, &apos;size&apos;: 13.289999999999964, &apos;value&apos;: &apos;.&apos;, &apos;children&apos;: [], &apos;features&apos;: {}}, {&apos;type&apos;: &apos;text&apos;, &apos;bbox&apos;: (498.5490000000002, 598.803, 501.3190000000002, 612.093), &apos;color_space&apos;: &apos;DeviceGray&apos;, &apos;ncolor&apos;: None, &apos;size&apos;: 13.289999999999964, &apos;value&apos;: &apos;.&apos;, &apos;children&apos;: [], &apos;features&apos;: {}}, {&apos;type&apos;: &apos;text&apos;, &apos;bbox&apos;: (501.3190000000002, 598.803, 504.08900000000017, 612.093), &apos;color_space&apos;: &apos;DeviceGray&apos;, &apos;ncolor&apos;: None, &apos;size&apos;: 13.289999999999964, &apos;value&apos;: &apos;.&apos;, &apos;children&apos;: [], &apos;features&apos;: {}}, {&apos;type&apos;: &apos;text&apos;, &apos;bbox&apos;: (504.08900000000017, 598.803, 506.85900000000015, 612.093), &apos;color_space&apos;: &apos;DeviceGray&apos;, &apos;ncolor&apos;: None, &apos;size&apos;: 13.289999999999964, &apos;value&apos;: &apos;.&apos;, &apos;children&apos;: [], &apos;features&apos;: {}}, {&apos;type&apos;: &apos;text&apos;, &apos;bbox&apos;: (506.85900000000015, 598.803, 509.62900000000013, 612.093), &apos;color_space&apos;: &apos;DeviceGray&apos;, &apos;ncolor&apos;: None, &apos;size&apos;: 13.289999999999964, &apos;value&apos;: &apos;.&apos;, &apos;children&apos;: [], &apos;features&apos;: {}}, {&apos;type&apos;: &apos;text&apos;, &apos;bbox&apos;: (509.62900000000013, 598.803, 512.3990000000001, 612.093), &apos;color_space&apos;: &apos;DeviceGray&apos;, &apos;ncolor&apos;: None, &apos;size&apos;: 13.289999999999964, &apos;value&apos;: &apos;.&apos;, &apos;children&apos;: [], &apos;features&apos;: {}}, {&apos;type&apos;: &apos;text&apos;, &apos;bbox&apos;: (512.3990000000001, 598.803, 515.1690000000001, 612.093), &apos;color_space&apos;: &apos;DeviceGray&apos;, &apos;ncolor&apos;: None, &apos;size&apos;: 13.289999999999964, &apos;value&apos;: &apos;.&apos;, &apos;children&apos;: [], &apos;features&apos;: {}}, {&apos;type&apos;: &apos;text&apos;, &apos;bbox&apos;: (515.1690000000001, 598.803, 517.9390000000001, 612.093), &apos;color_space&apos;: &apos;DeviceGray&apos;, &apos;ncolor&apos;: None, &apos;size&apos;: 13.289999999999964, &apos;value&apos;: &apos;.&apos;, &apos;children&apos;: [], &apos;features&apos;: {}}, {&apos;type&apos;: &apos;text&apos;, &apos;bbox&apos;: (519.986, 598.803, 525.5459999999999, 612.093), &apos;color_space&apos;: &apos;DeviceGray&apos;, &apos;ncolor&apos;: None, &apos;size&apos;: 13.289999999999964, &apos;value&apos;: &apos;7&apos;, &apos;children&apos;: [], &apos;features&apos;: {}}, {&apos;type&apos;: &apos;text&apos;, &apos;bbox&apos;: (525.5459999999999, 598.803, 528.876, 612.093), &apos;color_space&apos;: &apos;DeviceGray&apos;, &apos;ncolor&apos;: None, &apos;size&apos;: 13.289999999999964, &apos;value&apos;: &apos;-&apos;, &apos;children&apos;: [], &apos;features&apos;: {}}, {&apos;type&apos;: &apos;text&apos;, &apos;bbox&apos;: (528.877, 598.803, 534.4369999999999, 612.093), &apos;color_space&apos;: &apos;DeviceGray&apos;, &apos;ncolor&apos;: None, &apos;size&apos;: 13.289999999999964, &apos;value&apos;: &apos;1&apos;, &apos;children&apos;: [], &apos;features&apos;: {}}, {&apos;type&apos;: &apos;text&apos;, &apos;bbox&apos;: (534.4369999999999, 598.803, 539.9969999999998, 612.093), &apos;color_space&apos;: &apos;DeviceGray&apos;, &apos;ncolor&apos;: None, &apos;size&apos;: 13.289999999999964, &apos;value&apos;: &apos;5&apos;, &apos;children&apos;: [], &apos;features&apos;: {}}], &apos;features&apos;: {}}
*********************





--------------------------------- CONTENT AREA --------------------------------- 
This content area has an image
{&apos;type&apos;: &apos;figure&apos;, &apos;bbox&apos;: (0, 0, 612.0, 792.0), &apos;name&apos;: &apos;fx55&apos;, &apos;children&apos;: [{&apos;type&apos;: &apos;text&apos;, &apos;bbox&apos;: (114.0, 582.582, 122.31, 596.062), &apos;color_space&apos;: &apos;DeviceGray&apos;, &apos;ncolor&apos;: None, &apos;size&apos;: 13.480000000000018, &apos;value&apos;: &apos;D&apos;, &apos;children&apos;: [], &apos;features&apos;: {}}, {&apos;type&apos;: &apos;text&apos;, &apos;bbox&apos;: (122.31, 582.582, 126.2, 596.062), &apos;color_space&apos;: &apos;DeviceGray&apos;, &apos;ncolor&apos;: None, &apos;size&apos;: 13.480000000000018, &apos;value&apos;: &apos;I&apos;, &apos;children&apos;: [], &apos;features&apos;: {}}, {&apos;type&apos;: &apos;text&apos;, &apos;bbox&apos;: (126.2, 582.582, 136.2, 596.062), &apos;color_space&apos;: &apos;DeviceGray&apos;, &apos;ncolor&apos;: None, &apos;size&apos;: 13.480000000000018, &apos;value&apos;: &apos;M&apos;, &apos;children&apos;: [], &apos;features&apos;: {}}, {&apos;type&apos;: &apos;text&apos;, &apos;bbox&apos;: (136.2, 582.582, 141.2, 596.062), &apos;color_space&apos;: &apos;DeviceGray&apos;, &apos;ncolor&apos;: None, &apos;size&apos;: 13.480000000000018, &apos;value&apos;: &apos;_&apos;, &apos;children&apos;: [], &apos;features&apos;: {}}, {&apos;type&apos;: &apos;text&apos;, &apos;bbox&apos;: (141.2, 582.582, 147.29999999999998, 596.062), &apos;color_space&apos;: &apos;DeviceGray&apos;, &apos;ncolor&apos;: None, &apos;size&apos;: 13.480000000000018, &apos;value&apos;: &apos;P&apos;, &apos;children&apos;: [], &apos;features&apos;: {}}, {&apos;type&apos;: &apos;text&apos;, &apos;bbox&apos;: (147.3, 582.582, 154.43, 596.062), &apos;color_space&apos;: &apos;DeviceGray&apos;, &apos;ncolor&apos;: None, &apos;size&apos;: 13.480000000000018, &apos;value&apos;: &apos;R&apos;, &apos;children&apos;: [], &apos;features&apos;: {}}, {&apos;type&apos;: &apos;text&apos;, &apos;bbox&apos;: (154.43, 582.582, 162.76000000000002, 596.062), &apos;color_space&apos;: &apos;DeviceGray&apos;, &apos;ncolor&apos;: None, &apos;size&apos;: 13.480000000000018, &apos;value&apos;: &apos;O&apos;, &apos;children&apos;: [], &apos;features&apos;: {}}, {&apos;type&apos;: &apos;text&apos;, &apos;bbox&apos;: (162.76, 582.582, 171.07, 596.062), &apos;color_space&apos;: &apos;DeviceGray&apos;, &apos;ncolor&apos;: None, &apos;size&apos;: 13.480000000000018, &apos;value&apos;: &apos;D&apos;, &apos;children&apos;: [], &apos;features&apos;: {}}, {&apos;type&apos;: &apos;text&apos;, &apos;bbox&apos;: (171.07, 582.582, 178.84, 596.062), &apos;color_space&apos;: &apos;DeviceGray&apos;, &apos;ncolor&apos;: None, &apos;size&apos;: 13.480000000000018, &apos;value&apos;: &apos;U&apos;, &apos;children&apos;: [], &apos;features&apos;: {}}, {&apos;type&apos;: &apos;text&apos;, &apos;bbox&apos;: (178.84, 582.582, 186.06, 596.062), &apos;color_space&apos;: &apos;DeviceGray&apos;, &apos;ncolor&apos;: None, &apos;size&apos;: 13.480000000000018, &apos;value&apos;: &apos;C&apos;, &apos;children&apos;: [], &apos;features&apos;: {}}, {&apos;type&apos;: &apos;text&apos;, &apos;bbox&apos;: (186.06, 582.582, 192.72, 596.062), &apos;color_space&apos;: &apos;DeviceGray&apos;, &apos;ncolor&apos;: None, &apos;size&apos;: 13.480000000000018, &apos;value&apos;: &apos;T&apos;, &apos;children&apos;: [], &apos;features&apos;: {}}, {&apos;type&apos;: &apos;text&apos;, &apos;bbox&apos;: (192.72, 582.582, 198.82, 596.062), &apos;color_space&apos;: &apos;DeviceGray&apos;, &apos;ncolor&apos;: None, &apos;size&apos;: 13.480000000000018, &apos;value&apos;: &apos;S&apos;, &apos;children&apos;: [], &apos;features&apos;: {}}, {&apos;type&apos;: &apos;text&apos;, &apos;bbox&apos;: (198.82, 582.582, 203.82, 596.062), &apos;color_space&apos;: &apos;DeviceGray&apos;, &apos;ncolor&apos;: None, &apos;size&apos;: 13.480000000000018, &apos;value&apos;: &apos;_&apos;, &apos;children&apos;: [], &apos;features&apos;: {}}, {&apos;type&apos;: &apos;text&apos;, &apos;bbox&apos;: (203.82, 582.582, 210.48, 596.062), &apos;color_space&apos;: &apos;DeviceGray&apos;, &apos;ncolor&apos;: None, &apos;size&apos;: 13.480000000000018, &apos;value&apos;: &apos;T&apos;, &apos;children&apos;: [], &apos;features&apos;: {}}, {&apos;type&apos;: &apos;text&apos;, &apos;bbox&apos;: (210.48, 582.582, 216.53, 596.062), &apos;color_space&apos;: &apos;DeviceGray&apos;, &apos;ncolor&apos;: None, &apos;size&apos;: 13.480000000000018, &apos;value&apos;: &apos;L&apos;, &apos;children&apos;: [], &apos;features&apos;: {}}, {&apos;type&apos;: &apos;text&apos;, &apos;bbox&apos;: (216.592, 583.312, 219.36200000000002, 596.602), &apos;color_space&apos;: &apos;DeviceGray&apos;, &apos;ncolor&apos;: None, &apos;size&apos;: 13.289999999999964, &apos;value&apos;: &apos;.&apos;, &apos;children&apos;: [], &apos;features&apos;: {}}, {&apos;type&apos;: &apos;text&apos;, &apos;bbox&apos;: (219.36200000000002, 583.312, 222.13200000000003, 596.602), &apos;color_space&apos;: &apos;DeviceGray&apos;, &apos;ncolor&apos;: None, &apos;size&apos;: 13.289999999999964, &apos;value&apos;: &apos;.&apos;, &apos;children&apos;: [], &apos;features&apos;: {}}, {&apos;type&apos;: &apos;text&apos;, &apos;bbox&apos;: (222.132, 583.312, 224.90200000000002, 596.602), &apos;color_space&apos;: &apos;DeviceGray&apos;, &apos;ncolor&apos;: None, &apos;size&apos;: 13.289999999999964, &apos;value&apos;: &apos;.&apos;, &apos;children&apos;: [], &apos;features&apos;: {}}, {&apos;type&apos;: &apos;text&apos;, &apos;bbox&apos;: (224.90200000000002, 583.312, 227.67200000000003, 596.602), &apos;color_space&apos;: &apos;DeviceGray&apos;, &apos;ncolor&apos;: None, &apos;size&apos;: 13.289999999999964, &apos;value&apos;: &apos;.&apos;, &apos;children&apos;: [], &apos;features&apos;: {}}, {&apos;type&apos;: &apos;text&apos;, &apos;bbox&apos;: (227.67200000000003, 583.312, 230.44200000000004, 596.602), &apos;color_space&apos;: &apos;DeviceGray&apos;, &apos;ncolor&apos;: None, &apos;size&apos;: 13.289999999999964, &apos;value&apos;: &apos;.&apos;, &apos;children&apos;: [], &apos;features&apos;: {}}, {&apos;type&apos;: &apos;text&apos;, &apos;bbox&apos;: (230.442, 583.312, 233.21200000000002, 596.602), &apos;color_space&apos;: &apos;DeviceGray&apos;, &apos;ncolor&apos;: None, &apos;size&apos;: 13.289999999999964, &apos;value&apos;: &apos;.&apos;, &apos;children&apos;: [], &apos;features&apos;: {}}, {&apos;type&apos;: &apos;text&apos;, &apos;bbox&apos;: (233.21200000000002, 583.312, 235.98200000000003, 596.602), &apos;color_space&apos;: &apos;DeviceGray&apos;, &apos;ncolor&apos;: None, &apos;size&apos;: 13.289999999999964, &apos;value&apos;: &apos;.&apos;, &apos;children&apos;: [], &apos;features&apos;: {}}, {&apos;type&apos;: &apos;text&apos;, &apos;bbox&apos;: (235.98200000000003, 583.312, 238.75200000000004, 596.602), &apos;color_space&apos;: &apos;DeviceGray&apos;, &apos;ncolor&apos;: None, &apos;size&apos;: 13.289999999999964, &apos;value&apos;: &apos;.&apos;, &apos;children&apos;: [], &apos;features&apos;: {}}, {&apos;type&apos;: &apos;text&apos;, &apos;bbox&apos;: (238.752, 583.312, 241.52200000000002, 596.602), &apos;color_space&apos;: &apos;DeviceGray&apos;, &apos;ncolor&apos;: None, &apos;size&apos;: 13.289999999999964, &apos;value&apos;: &apos;.&apos;, &apos;children&apos;: [], &apos;features&apos;: {}}, {&apos;type&apos;: &apos;text&apos;, &apos;bbox&apos;: (241.52200000000002, 583.312, 244.29200000000003, 596.602), &apos;color_space&apos;: &apos;DeviceGray&apos;, &apos;ncolor&apos;: None, &apos;size&apos;: 13.289999999999964, &apos;value&apos;: &apos;.&apos;, &apos;children&apos;: [], &apos;features&apos;: {}}, {&apos;type&apos;: &apos;text&apos;, &apos;bbox&apos;: (244.292, 583.312, 247.062, 596.602), &apos;color_space&apos;: &apos;DeviceGray&apos;, &apos;ncolor&apos;: None, &apos;size&apos;: 13.289999999999964, &apos;value&apos;: &apos;.&apos;, &apos;children&apos;: [], &apos;features&apos;: {}}, {&apos;type&apos;: &apos;text&apos;, &apos;bbox&apos;: (247.062, 583.312, 249.83200000000002, 596.602), &apos;color_space&apos;: &apos;DeviceGray&apos;, &apos;ncolor&apos;: None, &apos;size&apos;: 13.289999999999964, &apos;value&apos;: &apos;.&apos;, &apos;children&apos;: [], &apos;features&apos;: {}}, {&apos;type&apos;: &apos;text&apos;, &apos;bbox&apos;: (249.83200000000002, 583.312, 252.60200000000003, 596.602), &apos;color_space&apos;: &apos;DeviceGray&apos;, &apos;ncolor&apos;: None, &apos;size&apos;: 13.289999999999964, &apos;value&apos;: &apos;.&apos;, &apos;children&apos;: [], &apos;features&apos;: {}}, {&apos;type&apos;: &apos;text&apos;, &apos;bbox&apos;: (252.60200000000003, 583.312, 255.37200000000004, 596.602), &apos;color_space&apos;: &apos;DeviceGray&apos;, &apos;ncolor&apos;: None, &apos;size&apos;: 13.289999999999964, &apos;value&apos;: &apos;.&apos;, &apos;children&apos;: [], &apos;features&apos;: {}}, {&apos;type&apos;: &apos;text&apos;, &apos;bbox&apos;: (255.372, 583.312, 258.142, 596.602), &apos;color_space&apos;: &apos;DeviceGray&apos;, &apos;ncolor&apos;: None, &apos;size&apos;: 13.289999999999964, &apos;value&apos;: &apos;.&apos;, &apos;children&apos;: [], &apos;features&apos;: {}}, {&apos;type&apos;: &apos;text&apos;, &apos;bbox&apos;: (258.14200000000005, 583.312, 260.91200000000003, 596.602), &apos;color_space&apos;: &apos;DeviceGray&apos;, &apos;ncolor&apos;: None, &apos;size&apos;: 13.289999999999964, &apos;value&apos;: &apos;.&apos;, &apos;children&apos;: [], &apos;features&apos;: {}}, {&apos;type&apos;: &apos;text&apos;, &apos;bbox&apos;: (260.91200000000003, 583.312, 263.682, 596.602), &apos;color_space&apos;: &apos;DeviceGray&apos;, &apos;ncolor&apos;: None, &apos;size&apos;: 13.289999999999964, &apos;value&apos;: &apos;.&apos;, &apos;children&apos;: [], &apos;features&apos;: {}}, {&apos;type&apos;: &apos;text&apos;, &apos;bbox&apos;: (263.682, 583.312, 266.452, 596.602), &apos;color_space&apos;: &apos;DeviceGray&apos;, &apos;ncolor&apos;: None, &apos;size&apos;: 13.289999999999964, &apos;value&apos;: &apos;.&apos;, &apos;children&apos;: [], &apos;features&apos;: {}}, {&apos;type&apos;: &apos;text&apos;, &apos;bbox&apos;: (266.45200000000006, 583.312, 269.22200000000004, 596.602), &apos;color_space&apos;: &apos;DeviceGray&apos;, &apos;ncolor&apos;: None, &apos;size&apos;: 13.289999999999964, &apos;value&apos;: &apos;.&apos;, &apos;children&apos;: [], &apos;features&apos;: {}}, {&apos;type&apos;: &apos;text&apos;, &apos;bbox&apos;: (269.22200000000004, 583.312, 271.992, 596.602), &apos;color_space&apos;: &apos;DeviceGray&apos;, &apos;ncolor&apos;: None, &apos;size&apos;: 13.289999999999964, &apos;value&apos;: &apos;.&apos;, &apos;children&apos;: [], &apos;features&apos;: {}}, {&apos;type&apos;: &apos;text&apos;, &apos;bbox&apos;: (271.992, 583.312, 274.762, 596.602), &apos;color_space&apos;: &apos;DeviceGray&apos;, &apos;ncolor&apos;: None, &apos;size&apos;: 13.289999999999964, &apos;value&apos;: &apos;.&apos;, &apos;children&apos;: [], &apos;features&apos;: {}}, {&apos;type&apos;: &apos;text&apos;, &apos;bbox&apos;: (274.76200000000006, 583.312, 277.53200000000004, 596.602), &apos;color_space&apos;: &apos;DeviceGray&apos;, &apos;ncolor&apos;: None, &apos;size&apos;: 13.289999999999964, &apos;value&apos;: &apos;.&apos;, &apos;children&apos;: [], &apos;features&apos;: {}}, {&apos;type&apos;: &apos;text&apos;, &apos;bbox&apos;: (277.53200000000004, 583.312, 280.302, 596.602), &apos;color_space&apos;: &apos;DeviceGray&apos;, &apos;ncolor&apos;: None, &apos;size&apos;: 13.289999999999964, &apos;value&apos;: &apos;.&apos;, &apos;children&apos;: [], &apos;features&apos;: {}}, {&apos;type&apos;: &apos;text&apos;, &apos;bbox&apos;: (280.302, 583.312, 283.072, 596.602), &apos;color_space&apos;: &apos;DeviceGray&apos;, &apos;ncolor&apos;: None, &apos;size&apos;: 13.289999999999964, &apos;value&apos;: &apos;.&apos;, &apos;children&apos;: [], &apos;features&apos;: {}}, {&apos;type&apos;: &apos;text&apos;, &apos;bbox&apos;: (283.07200000000006, 583.312, 285.84200000000004, 596.602), &apos;color_space&apos;: &apos;DeviceGray&apos;, &apos;ncolor&apos;: None, &apos;size&apos;: 13.289999999999964, &apos;value&apos;: &apos;.&apos;, &apos;children&apos;: [], &apos;features&apos;: {}}, {&apos;type&apos;: &apos;text&apos;, &apos;bbox&apos;: (285.84200000000004, 583.312, 288.612, 596.602), &apos;color_space&apos;: &apos;DeviceGray&apos;, &apos;ncolor&apos;: None, &apos;size&apos;: 13.289999999999964, &apos;value&apos;: &apos;.&apos;, &apos;children&apos;: [], &apos;features&apos;: {}}, {&apos;type&apos;: &apos;text&apos;, &apos;bbox&apos;: (288.612, 583.312, 291.382, 596.602), &apos;color_space&apos;: &apos;DeviceGray&apos;, &apos;ncolor&apos;: None, &apos;size&apos;: 13.289999999999964, &apos;value&apos;: &apos;.&apos;, &apos;children&apos;: [], &apos;features&apos;: {}}, {&apos;type&apos;: &apos;text&apos;, &apos;bbox&apos;: (291.38200000000006, 583.312, 294.15200000000004, 596.602), &apos;color_space&apos;: &apos;DeviceGray&apos;, &apos;ncolor&apos;: None, &apos;size&apos;: 13.289999999999964, &apos;value&apos;: &apos;.&apos;, &apos;children&apos;: [], &apos;features&apos;: {}}, {&apos;type&apos;: &apos;text&apos;, &apos;bbox&apos;: (294.15200000000004, 583.312, 296.922, 596.602), &apos;color_space&apos;: &apos;DeviceGray&apos;, &apos;ncolor&apos;: None, &apos;size&apos;: 13.289999999999964, &apos;value&apos;: &apos;.&apos;, &apos;children&apos;: [], &apos;features&apos;: {}}, {&apos;type&apos;: &apos;text&apos;, &apos;bbox&apos;: (296.922, 583.312, 299.692, 596.602), &apos;color_space&apos;: &apos;DeviceGray&apos;, &apos;ncolor&apos;: None, &apos;size&apos;: 13.289999999999964, &apos;value&apos;: &apos;.&apos;, &apos;children&apos;: [], &apos;features&apos;: {}}, {&apos;type&apos;: &apos;text&apos;, &apos;bbox&apos;: (299.692, 583.312, 302.462, 596.602), &apos;color_space&apos;: &apos;DeviceGray&apos;, &apos;ncolor&apos;: None, &apos;size&apos;: 13.289999999999964, &apos;value&apos;: &apos;.&apos;, &apos;children&apos;: [], &apos;features&apos;: {}}, {&apos;type&apos;: &apos;text&apos;, &apos;bbox&apos;: (302.462, 583.312, 305.23199999999997, 596.602), &apos;color_space&apos;: &apos;DeviceGray&apos;, &apos;ncolor&apos;: None, &apos;size&apos;: 13.289999999999964, &apos;value&apos;: &apos;.&apos;, &apos;children&apos;: [], &apos;features&apos;: {}}, {&apos;type&apos;: &apos;text&apos;, &apos;bbox&apos;: (305.232, 583.312, 308.002, 596.602), &apos;color_space&apos;: &apos;DeviceGray&apos;, &apos;ncolor&apos;: None, &apos;size&apos;: 13.289999999999964, &apos;value&apos;: &apos;.&apos;, &apos;children&apos;: [], &apos;features&apos;: {}}, {&apos;type&apos;: &apos;text&apos;, &apos;bbox&apos;: (308.002, 583.312, 310.772, 596.602), &apos;color_space&apos;: &apos;DeviceGray&apos;, &apos;ncolor&apos;: None, &apos;size&apos;: 13.289999999999964, &apos;value&apos;: &apos;.&apos;, &apos;children&apos;: [], &apos;features&apos;: {}}, {&apos;type&apos;: &apos;text&apos;, &apos;bbox&apos;: (310.772, 583.312, 313.542, 596.602), &apos;color_space&apos;: &apos;DeviceGray&apos;, &apos;ncolor&apos;: None, &apos;size&apos;: 13.289999999999964, &apos;value&apos;: &apos;.&apos;, &apos;children&apos;: [], &apos;features&apos;: {}}, {&apos;type&apos;: &apos;text&apos;, &apos;bbox&apos;: (313.54200000000003, 583.312, 316.312, 596.602), &apos;color_space&apos;: &apos;DeviceGray&apos;, &apos;ncolor&apos;: None, &apos;size&apos;: 13.289999999999964, &apos;value&apos;: &apos;.&apos;, &apos;children&apos;: [], &apos;features&apos;: {}}, {&apos;type&apos;: &apos;text&apos;, &apos;bbox&apos;: (316.312, 583.312, 319.082, 596.602), &apos;color_space&apos;: &apos;DeviceGray&apos;, &apos;ncolor&apos;: None, &apos;size&apos;: 13.289999999999964, &apos;value&apos;: &apos;.&apos;, &apos;children&apos;: [], &apos;features&apos;: {}}, {&apos;type&apos;: &apos;text&apos;, &apos;bbox&apos;: (319.082, 583.312, 321.852, 596.602), &apos;color_space&apos;: &apos;DeviceGray&apos;, &apos;ncolor&apos;: None, &apos;size&apos;: 13.289999999999964, &apos;value&apos;: &apos;.&apos;, &apos;children&apos;: [], &apos;features&apos;: {}}, {&apos;type&apos;: &apos;text&apos;, &apos;bbox&apos;: (321.852, 583.312, 324.62199999999996, 596.602), &apos;color_space&apos;: &apos;DeviceGray&apos;, &apos;ncolor&apos;: None, &apos;size&apos;: 13.289999999999964, &apos;value&apos;: &apos;.&apos;, &apos;children&apos;: [], &apos;features&apos;: {}}, {&apos;type&apos;: &apos;text&apos;, &apos;bbox&apos;: (324.62199999999996, 583.312, 327.39199999999994, 596.602), &apos;color_space&apos;: &apos;DeviceGray&apos;, &apos;ncolor&apos;: None, &apos;size&apos;: 13.289999999999964, &apos;value&apos;: &apos;.&apos;, &apos;children&apos;: [], &apos;features&apos;: {}}, {&apos;type&apos;: &apos;text&apos;, &apos;bbox&apos;: (327.392, 583.312, 330.162, 596.602), &apos;color_space&apos;: &apos;DeviceGray&apos;, &apos;ncolor&apos;: None, &apos;size&apos;: 13.289999999999964, &apos;value&apos;: &apos;.&apos;, &apos;children&apos;: [], &apos;features&apos;: {}}, {&apos;type&apos;: &apos;text&apos;, &apos;bbox&apos;: (330.162, 583.312, 332.93199999999996, 596.602), &apos;color_space&apos;: &apos;DeviceGray&apos;, &apos;ncolor&apos;: None, &apos;size&apos;: 13.289999999999964, &apos;value&apos;: &apos;.&apos;, &apos;children&apos;: [], &apos;features&apos;: {}}, {&apos;type&apos;: &apos;text&apos;, &apos;bbox&apos;: (332.93199999999996, 583.312, 335.70199999999994, 596.602), &apos;color_space&apos;: &apos;DeviceGray&apos;, &apos;ncolor&apos;: None, &apos;size&apos;: 13.289999999999964, &apos;value&apos;: &apos;.&apos;, &apos;children&apos;: [], &apos;features&apos;: {}}, {&apos;type&apos;: &apos;text&apos;, &apos;bbox&apos;: (335.702, 583.312, 338.472, 596.602), &apos;color_space&apos;: &apos;DeviceGray&apos;, &apos;ncolor&apos;: None, &apos;size&apos;: 13.289999999999964, &apos;value&apos;: &apos;.&apos;, &apos;children&apos;: [], &apos;features&apos;: {}}, {&apos;type&apos;: &apos;text&apos;, &apos;bbox&apos;: (338.472, 583.312, 341.24199999999996, 596.602), &apos;color_space&apos;: &apos;DeviceGray&apos;, &apos;ncolor&apos;: None, &apos;size&apos;: 13.289999999999964, &apos;value&apos;: &apos;.&apos;, &apos;children&apos;: [], &apos;features&apos;: {}}, {&apos;type&apos;: &apos;text&apos;, &apos;bbox&apos;: (341.24199999999996, 583.312, 344.01199999999994, 596.602), &apos;color_space&apos;: &apos;DeviceGray&apos;, &apos;ncolor&apos;: None, &apos;size&apos;: 13.289999999999964, &apos;value&apos;: &apos;.&apos;, &apos;children&apos;: [], &apos;features&apos;: {}}, {&apos;type&apos;: &apos;text&apos;, &apos;bbox&apos;: (344.01199999999994, 583.312, 346.7819999999999, 596.602), &apos;color_space&apos;: &apos;DeviceGray&apos;, &apos;ncolor&apos;: None, &apos;size&apos;: 13.289999999999964, &apos;value&apos;: &apos;.&apos;, &apos;children&apos;: [], &apos;features&apos;: {}}, {&apos;type&apos;: &apos;text&apos;, &apos;bbox&apos;: (346.7819999999999, 583.312, 349.5519999999999, 596.602), &apos;color_space&apos;: &apos;DeviceGray&apos;, &apos;ncolor&apos;: None, &apos;size&apos;: 13.289999999999964, &apos;value&apos;: &apos;.&apos;, &apos;children&apos;: [], &apos;features&apos;: {}}, {&apos;type&apos;: &apos;text&apos;, &apos;bbox&apos;: (349.55199999999996, 583.312, 352.32199999999995, 596.602), &apos;color_space&apos;: &apos;DeviceGray&apos;, &apos;ncolor&apos;: None, &apos;size&apos;: 13.289999999999964, &apos;value&apos;: &apos;.&apos;, &apos;children&apos;: [], &apos;features&apos;: {}}, {&apos;type&apos;: &apos;text&apos;, &apos;bbox&apos;: (352.322, 583.312, 355.092, 596.602), &apos;color_space&apos;: &apos;DeviceGray&apos;, &apos;ncolor&apos;: None, &apos;size&apos;: 13.289999999999964, &apos;value&apos;: &apos;.&apos;, &apos;children&apos;: [], &apos;features&apos;: {}}, {&apos;type&apos;: &apos;text&apos;, &apos;bbox&apos;: (355.092, 583.312, 357.86199999999997, 596.602), &apos;color_space&apos;: &apos;DeviceGray&apos;, &apos;ncolor&apos;: None, &apos;size&apos;: 13.289999999999964, &apos;value&apos;: &apos;.&apos;, &apos;children&apos;: [], &apos;features&apos;: {}}, {&apos;type&apos;: &apos;text&apos;, &apos;bbox&apos;: (357.86199999999997, 583.312, 360.63199999999995, 596.602), &apos;color_space&apos;: &apos;DeviceGray&apos;, &apos;ncolor&apos;: None, &apos;size&apos;: 13.289999999999964, &apos;value&apos;: &apos;.&apos;, &apos;children&apos;: [], &apos;features&apos;: {}}, {&apos;type&apos;: &apos;text&apos;, &apos;bbox&apos;: (360.632, 583.312, 363.402, 596.602), &apos;color_space&apos;: &apos;DeviceGray&apos;, &apos;ncolor&apos;: None, &apos;size&apos;: 13.289999999999964, &apos;value&apos;: &apos;.&apos;, &apos;children&apos;: [], &apos;features&apos;: {}}, {&apos;type&apos;: &apos;text&apos;, &apos;bbox&apos;: (363.40200000000004, 583.312, 366.172, 596.602), &apos;color_space&apos;: &apos;DeviceGray&apos;, &apos;ncolor&apos;: None, &apos;size&apos;: 13.289999999999964, &apos;value&apos;: &apos;.&apos;, &apos;children&apos;: [], &apos;features&apos;: {}}, {&apos;type&apos;: &apos;text&apos;, &apos;bbox&apos;: (366.172, 583.312, 368.942, 596.602), &apos;color_space&apos;: &apos;DeviceGray&apos;, &apos;ncolor&apos;: None, &apos;size&apos;: 13.289999999999964, &apos;value&apos;: &apos;.&apos;, &apos;children&apos;: [], &apos;features&apos;: {}}, {&apos;type&apos;: &apos;text&apos;, &apos;bbox&apos;: (368.942, 583.312, 371.712, 596.602), &apos;color_space&apos;: &apos;DeviceGray&apos;, &apos;ncolor&apos;: None, &apos;size&apos;: 13.289999999999964, &apos;value&apos;: &apos;.&apos;, &apos;children&apos;: [], &apos;features&apos;: {}}, {&apos;type&apos;: &apos;text&apos;, &apos;bbox&apos;: (371.71200000000005, 583.312, 374.482, 596.602), &apos;color_space&apos;: &apos;DeviceGray&apos;, &apos;ncolor&apos;: None, &apos;size&apos;: 13.289999999999964, &apos;value&apos;: &apos;.&apos;, &apos;children&apos;: [], &apos;features&apos;: {}}, {&apos;type&apos;: &apos;text&apos;, &apos;bbox&apos;: (374.4820000000001, 583.312, 377.25200000000007, 596.602), &apos;color_space&apos;: &apos;DeviceGray&apos;, &apos;ncolor&apos;: None, &apos;size&apos;: 13.289999999999964, &apos;value&apos;: &apos;.&apos;, &apos;children&apos;: [], &apos;features&apos;: {}}, {&apos;type&apos;: &apos;text&apos;, &apos;bbox&apos;: (377.25200000000007, 583.312, 380.02200000000005, 596.602), &apos;color_space&apos;: &apos;DeviceGray&apos;, &apos;ncolor&apos;: None, &apos;size&apos;: 13.289999999999964, &apos;value&apos;: &apos;.&apos;, &apos;children&apos;: [], &apos;features&apos;: {}}, {&apos;type&apos;: &apos;text&apos;, &apos;bbox&apos;: (380.02200000000005, 583.312, 382.79200000000003, 596.602), &apos;color_space&apos;: &apos;DeviceGray&apos;, &apos;ncolor&apos;: None, &apos;size&apos;: 13.289999999999964, &apos;value&apos;: &apos;.&apos;, &apos;children&apos;: [], &apos;features&apos;: {}}, {&apos;type&apos;: &apos;text&apos;, &apos;bbox&apos;: (382.7920000000001, 583.312, 385.56200000000007, 596.602), &apos;color_space&apos;: &apos;DeviceGray&apos;, &apos;ncolor&apos;: None, &apos;size&apos;: 13.289999999999964, &apos;value&apos;: &apos;.&apos;, &apos;children&apos;: [], &apos;features&apos;: {}}, {&apos;type&apos;: &apos;text&apos;, &apos;bbox&apos;: (385.5620000000001, 583.312, 388.3320000000001, 596.602), &apos;color_space&apos;: &apos;DeviceGray&apos;, &apos;ncolor&apos;: None, &apos;size&apos;: 13.289999999999964, &apos;value&apos;: &apos;.&apos;, &apos;children&apos;: [], &apos;features&apos;: {}}, {&apos;type&apos;: &apos;text&apos;, &apos;bbox&apos;: (388.3320000000001, 583.312, 391.1020000000001, 596.602), &apos;color_space&apos;: &apos;DeviceGray&apos;, &apos;ncolor&apos;: None, &apos;size&apos;: 13.289999999999964, &apos;value&apos;: &apos;.&apos;, &apos;children&apos;: [], &apos;features&apos;: {}}, {&apos;type&apos;: &apos;text&apos;, &apos;bbox&apos;: (391.1020000000001, 583.312, 393.87200000000007, 596.602), &apos;color_space&apos;: &apos;DeviceGray&apos;, &apos;ncolor&apos;: None, &apos;size&apos;: 13.289999999999964, &apos;value&apos;: &apos;.&apos;, &apos;children&apos;: [], &apos;features&apos;: {}}, {&apos;type&apos;: &apos;text&apos;, &apos;bbox&apos;: (393.8720000000001, 583.312, 396.6420000000001, 596.602), &apos;color_space&apos;: &apos;DeviceGray&apos;, &apos;ncolor&apos;: None, &apos;size&apos;: 13.289999999999964, &apos;value&apos;: &apos;.&apos;, &apos;children&apos;: [], &apos;features&apos;: {}}, {&apos;type&apos;: &apos;text&apos;, &apos;bbox&apos;: (396.64200000000017, 583.312, 399.41200000000015, 596.602), &apos;color_space&apos;: &apos;DeviceGray&apos;, &apos;ncolor&apos;: None, &apos;size&apos;: 13.289999999999964, &apos;value&apos;: &apos;.&apos;, &apos;children&apos;: [], &apos;features&apos;: {}}, {&apos;type&apos;: &apos;text&apos;, &apos;bbox&apos;: (399.41200000000015, 583.312, 402.18200000000013, 596.602), &apos;color_space&apos;: &apos;DeviceGray&apos;, &apos;ncolor&apos;: None, &apos;size&apos;: 13.289999999999964, &apos;value&apos;: &apos;.&apos;, &apos;children&apos;: [], &apos;features&apos;: {}}, {&apos;type&apos;: &apos;text&apos;, &apos;bbox&apos;: (402.18200000000013, 583.312, 404.9520000000001, 596.602), &apos;color_space&apos;: &apos;DeviceGray&apos;, &apos;ncolor&apos;: None, &apos;size&apos;: 13.289999999999964, &apos;value&apos;: &apos;.&apos;, &apos;children&apos;: [], &apos;features&apos;: {}}, {&apos;type&apos;: &apos;text&apos;, &apos;bbox&apos;: (404.95200000000017, 583.312, 407.72200000000015, 596.602), &apos;color_space&apos;: &apos;DeviceGray&apos;, &apos;ncolor&apos;: None, &apos;size&apos;: 13.289999999999964, &apos;value&apos;: &apos;.&apos;, &apos;children&apos;: [], &apos;features&apos;: {}}, {&apos;type&apos;: &apos;text&apos;, &apos;bbox&apos;: (407.7220000000002, 583.312, 410.4920000000002, 596.602), &apos;color_space&apos;: &apos;DeviceGray&apos;, &apos;ncolor&apos;: None, &apos;size&apos;: 13.289999999999964, &apos;value&apos;: &apos;.&apos;, &apos;children&apos;: [], &apos;features&apos;: {}}, {&apos;type&apos;: &apos;text&apos;, &apos;bbox&apos;: (410.4920000000002, 583.312, 413.26200000000017, 596.602), &apos;color_space&apos;: &apos;DeviceGray&apos;, &apos;ncolor&apos;: None, &apos;size&apos;: 13.289999999999964, &apos;value&apos;: &apos;.&apos;, &apos;children&apos;: [], &apos;features&apos;: {}}, {&apos;type&apos;: &apos;text&apos;, &apos;bbox&apos;: (413.26200000000017, 583.312, 416.03200000000015, 596.602), &apos;color_space&apos;: &apos;DeviceGray&apos;, &apos;ncolor&apos;: None, &apos;size&apos;: 13.289999999999964, &apos;value&apos;: &apos;.&apos;, &apos;children&apos;: [], &apos;features&apos;: {}}, {&apos;type&apos;: &apos;text&apos;, &apos;bbox&apos;: (416.0320000000002, 583.312, 418.8020000000002, 596.602), &apos;color_space&apos;: &apos;DeviceGray&apos;, &apos;ncolor&apos;: None, &apos;size&apos;: 13.289999999999964, &apos;value&apos;: &apos;.&apos;, &apos;children&apos;: [], &apos;features&apos;: {}}, {&apos;type&apos;: &apos;text&apos;, &apos;bbox&apos;: (418.80200000000025, 583.312, 421.57200000000023, 596.602), &apos;color_space&apos;: &apos;DeviceGray&apos;, &apos;ncolor&apos;: None, &apos;size&apos;: 13.289999999999964, &apos;value&apos;: &apos;.&apos;, &apos;children&apos;: [], &apos;features&apos;: {}}, {&apos;type&apos;: &apos;text&apos;, &apos;bbox&apos;: (421.57200000000023, 583.312, 424.3420000000002, 596.602), &apos;color_space&apos;: &apos;DeviceGray&apos;, &apos;ncolor&apos;: None, &apos;size&apos;: 13.289999999999964, &apos;value&apos;: &apos;.&apos;, &apos;children&apos;: [], &apos;features&apos;: {}}, {&apos;type&apos;: &apos;text&apos;, &apos;bbox&apos;: (424.3420000000002, 583.312, 427.1120000000002, 596.602), &apos;color_space&apos;: &apos;DeviceGray&apos;, &apos;ncolor&apos;: None, &apos;size&apos;: 13.289999999999964, &apos;value&apos;: &apos;.&apos;, &apos;children&apos;: [], &apos;features&apos;: {}}, {&apos;type&apos;: &apos;text&apos;, &apos;bbox&apos;: (427.11200000000025, 583.312, 429.88200000000023, 596.602), &apos;color_space&apos;: &apos;DeviceGray&apos;, &apos;ncolor&apos;: None, &apos;size&apos;: 13.289999999999964, &apos;value&apos;: &apos;.&apos;, &apos;children&apos;: [], &apos;features&apos;: {}}, {&apos;type&apos;: &apos;text&apos;, &apos;bbox&apos;: (429.8820000000003, 583.312, 432.65200000000027, 596.602), &apos;color_space&apos;: &apos;DeviceGray&apos;, &apos;ncolor&apos;: None, &apos;size&apos;: 13.289999999999964, &apos;value&apos;: &apos;.&apos;, &apos;children&apos;: [], &apos;features&apos;: {}}, {&apos;type&apos;: &apos;text&apos;, &apos;bbox&apos;: (432.65200000000027, 583.312, 435.42200000000025, 596.602), &apos;color_space&apos;: &apos;DeviceGray&apos;, &apos;ncolor&apos;: None, &apos;size&apos;: 13.289999999999964, &apos;value&apos;: &apos;.&apos;, &apos;children&apos;: [], &apos;features&apos;: {}}, {&apos;type&apos;: &apos;text&apos;, &apos;bbox&apos;: (435.42200000000025, 583.312, 438.19200000000023, 596.602), &apos;color_space&apos;: &apos;DeviceGray&apos;, &apos;ncolor&apos;: None, &apos;size&apos;: 13.289999999999964, &apos;value&apos;: &apos;.&apos;, &apos;children&apos;: [], &apos;features&apos;: {}}, {&apos;type&apos;: &apos;text&apos;, &apos;bbox&apos;: (438.1920000000003, 583.312, 440.9620000000003, 596.602), &apos;color_space&apos;: &apos;DeviceGray&apos;, &apos;ncolor&apos;: None, &apos;size&apos;: 13.289999999999964, &apos;value&apos;: &apos;.&apos;, &apos;children&apos;: [], &apos;features&apos;: {}}, {&apos;type&apos;: &apos;text&apos;, &apos;bbox&apos;: (440.96200000000033, 583.312, 443.7320000000003, 596.602), &apos;color_space&apos;: &apos;DeviceGray&apos;, &apos;ncolor&apos;: None, &apos;size&apos;: 13.289999999999964, &apos;value&apos;: &apos;.&apos;, &apos;children&apos;: [], &apos;features&apos;: {}}, {&apos;type&apos;: &apos;text&apos;, &apos;bbox&apos;: (443.7320000000003, 583.312, 446.5020000000003, 596.602), &apos;color_space&apos;: &apos;DeviceGray&apos;, &apos;ncolor&apos;: None, &apos;size&apos;: 13.289999999999964, &apos;value&apos;: &apos;.&apos;, &apos;children&apos;: [], &apos;features&apos;: {}}, {&apos;type&apos;: &apos;text&apos;, &apos;bbox&apos;: (446.5020000000003, 583.312, 449.2720000000003, 596.602), &apos;color_space&apos;: &apos;DeviceGray&apos;, &apos;ncolor&apos;: None, &apos;size&apos;: 13.289999999999964, &apos;value&apos;: &apos;.&apos;, &apos;children&apos;: [], &apos;features&apos;: {}}, {&apos;type&apos;: &apos;text&apos;, &apos;bbox&apos;: (449.27200000000033, 583.312, 452.0420000000003, 596.602), &apos;color_space&apos;: &apos;DeviceGray&apos;, &apos;ncolor&apos;: None, &apos;size&apos;: 13.289999999999964, &apos;value&apos;: &apos;.&apos;, &apos;children&apos;: [], &apos;features&apos;: {}}, {&apos;type&apos;: &apos;text&apos;, &apos;bbox&apos;: (452.04200000000037, 583.312, 454.81200000000035, 596.602), &apos;color_space&apos;: &apos;DeviceGray&apos;, &apos;ncolor&apos;: None, &apos;size&apos;: 13.289999999999964, &apos;value&apos;: &apos;.&apos;, &apos;children&apos;: [], &apos;features&apos;: {}}, {&apos;type&apos;: &apos;text&apos;, &apos;bbox&apos;: (454.81200000000035, 583.312, 457.58200000000033, 596.602), &apos;color_space&apos;: &apos;DeviceGray&apos;, &apos;ncolor&apos;: None, &apos;size&apos;: 13.289999999999964, &apos;value&apos;: &apos;.&apos;, &apos;children&apos;: [], &apos;features&apos;: {}}, {&apos;type&apos;: &apos;text&apos;, &apos;bbox&apos;: (457.58200000000033, 583.312, 460.3520000000003, 596.602), &apos;color_space&apos;: &apos;DeviceGray&apos;, &apos;ncolor&apos;: None, &apos;size&apos;: 13.289999999999964, &apos;value&apos;: &apos;.&apos;, &apos;children&apos;: [], &apos;features&apos;: {}}, {&apos;type&apos;: &apos;text&apos;, &apos;bbox&apos;: (460.3520000000004, 583.312, 463.12200000000036, 596.602), &apos;color_space&apos;: &apos;DeviceGray&apos;, &apos;ncolor&apos;: None, &apos;size&apos;: 13.289999999999964, &apos;value&apos;: &apos;.&apos;, &apos;children&apos;: [], &apos;features&apos;: {}}, {&apos;type&apos;: &apos;text&apos;, &apos;bbox&apos;: (463.1220000000004, 583.312, 465.8920000000004, 596.602), &apos;color_space&apos;: &apos;DeviceGray&apos;, &apos;ncolor&apos;: None, &apos;size&apos;: 13.289999999999964, &apos;value&apos;: &apos;.&apos;, &apos;children&apos;: [], &apos;features&apos;: {}}, {&apos;type&apos;: &apos;text&apos;, &apos;bbox&apos;: (465.8920000000004, 583.312, 468.6620000000004, 596.602), &apos;color_space&apos;: &apos;DeviceGray&apos;, &apos;ncolor&apos;: None, &apos;size&apos;: 13.289999999999964, &apos;value&apos;: &apos;.&apos;, &apos;children&apos;: [], &apos;features&apos;: {}}, {&apos;type&apos;: &apos;text&apos;, &apos;bbox&apos;: (468.6620000000004, 583.312, 471.43200000000036, 596.602), &apos;color_space&apos;: &apos;DeviceGray&apos;, &apos;ncolor&apos;: None, &apos;size&apos;: 13.289999999999964, &apos;value&apos;: &apos;.&apos;, &apos;children&apos;: [], &apos;features&apos;: {}}, {&apos;type&apos;: &apos;text&apos;, &apos;bbox&apos;: (471.4320000000004, 583.312, 474.2020000000004, 596.602), &apos;color_space&apos;: &apos;DeviceGray&apos;, &apos;ncolor&apos;: None, &apos;size&apos;: 13.289999999999964, &apos;value&apos;: &apos;.&apos;, &apos;children&apos;: [], &apos;features&apos;: {}}, {&apos;type&apos;: &apos;text&apos;, &apos;bbox&apos;: (474.20200000000045, 583.312, 476.97200000000043, 596.602), &apos;color_space&apos;: &apos;DeviceGray&apos;, &apos;ncolor&apos;: None, &apos;size&apos;: 13.289999999999964, &apos;value&apos;: &apos;.&apos;, &apos;children&apos;: [], &apos;features&apos;: {}}, {&apos;type&apos;: &apos;text&apos;, &apos;bbox&apos;: (476.97200000000043, 583.312, 479.7420000000004, 596.602), &apos;color_space&apos;: &apos;DeviceGray&apos;, &apos;ncolor&apos;: None, &apos;size&apos;: 13.289999999999964, &apos;value&apos;: &apos;.&apos;, &apos;children&apos;: [], &apos;features&apos;: {}}, {&apos;type&apos;: &apos;text&apos;, &apos;bbox&apos;: (479.7420000000004, 583.312, 482.5120000000004, 596.602), &apos;color_space&apos;: &apos;DeviceGray&apos;, &apos;ncolor&apos;: None, &apos;size&apos;: 13.289999999999964, &apos;value&apos;: &apos;.&apos;, &apos;children&apos;: [], &apos;features&apos;: {}}, {&apos;type&apos;: &apos;text&apos;, &apos;bbox&apos;: (482.5120000000004, 583.312, 485.2820000000004, 596.602), &apos;color_space&apos;: &apos;DeviceGray&apos;, &apos;ncolor&apos;: None, &apos;size&apos;: 13.289999999999964, &apos;value&apos;: &apos;.&apos;, &apos;children&apos;: [], &apos;features&apos;: {}}, {&apos;type&apos;: &apos;text&apos;, &apos;bbox&apos;: (485.2820000000004, 583.312, 488.05200000000036, 596.602), &apos;color_space&apos;: &apos;DeviceGray&apos;, &apos;ncolor&apos;: None, &apos;size&apos;: 13.289999999999964, &apos;value&apos;: &apos;.&apos;, &apos;children&apos;: [], &apos;features&apos;: {}}, {&apos;type&apos;: &apos;text&apos;, &apos;bbox&apos;: (488.05200000000036, 583.312, 490.82200000000034, 596.602), &apos;color_space&apos;: &apos;DeviceGray&apos;, &apos;ncolor&apos;: None, &apos;size&apos;: 13.289999999999964, &apos;value&apos;: &apos;.&apos;, &apos;children&apos;: [], &apos;features&apos;: {}}, {&apos;type&apos;: &apos;text&apos;, &apos;bbox&apos;: (490.82200000000034, 583.312, 493.5920000000003, 596.602), &apos;color_space&apos;: &apos;DeviceGray&apos;, &apos;ncolor&apos;: None, &apos;size&apos;: 13.289999999999964, &apos;value&apos;: &apos;.&apos;, &apos;children&apos;: [], &apos;features&apos;: {}}, {&apos;type&apos;: &apos;text&apos;, &apos;bbox&apos;: (493.5920000000003, 583.312, 496.3620000000003, 596.602), &apos;color_space&apos;: &apos;DeviceGray&apos;, &apos;ncolor&apos;: None, &apos;size&apos;: 13.289999999999964, &apos;value&apos;: &apos;.&apos;, &apos;children&apos;: [], &apos;features&apos;: {}}, {&apos;type&apos;: &apos;text&apos;, &apos;bbox&apos;: (496.3620000000003, 583.312, 499.1320000000003, 596.602), &apos;color_space&apos;: &apos;DeviceGray&apos;, &apos;ncolor&apos;: None, &apos;size&apos;: 13.289999999999964, &apos;value&apos;: &apos;.&apos;, &apos;children&apos;: [], &apos;features&apos;: {}}, {&apos;type&apos;: &apos;text&apos;, &apos;bbox&apos;: (499.1320000000003, 583.312, 501.90200000000027, 596.602), &apos;color_space&apos;: &apos;DeviceGray&apos;, &apos;ncolor&apos;: None, &apos;size&apos;: 13.289999999999964, &apos;value&apos;: &apos;.&apos;, &apos;children&apos;: [], &apos;features&apos;: {}}, {&apos;type&apos;: &apos;text&apos;, &apos;bbox&apos;: (501.90200000000027, 583.312, 504.67200000000025, 596.602), &apos;color_space&apos;: &apos;DeviceGray&apos;, &apos;ncolor&apos;: None, &apos;size&apos;: 13.289999999999964, &apos;value&apos;: &apos;.&apos;, &apos;children&apos;: [], &apos;features&apos;: {}}, {&apos;type&apos;: &apos;text&apos;, &apos;bbox&apos;: (504.67200000000025, 583.312, 507.44200000000023, 596.602), &apos;color_space&apos;: &apos;DeviceGray&apos;, &apos;ncolor&apos;: None, &apos;size&apos;: 13.289999999999964, &apos;value&apos;: &apos;.&apos;, &apos;children&apos;: [], &apos;features&apos;: {}}, {&apos;type&apos;: &apos;text&apos;, &apos;bbox&apos;: (507.44200000000023, 583.312, 510.2120000000002, 596.602), &apos;color_space&apos;: &apos;DeviceGray&apos;, &apos;ncolor&apos;: None, &apos;size&apos;: 13.289999999999964, &apos;value&apos;: &apos;.&apos;, &apos;children&apos;: [], &apos;features&apos;: {}}, {&apos;type&apos;: &apos;text&apos;, &apos;bbox&apos;: (510.2120000000002, 583.312, 512.9820000000002, 596.602), &apos;color_space&apos;: &apos;DeviceGray&apos;, &apos;ncolor&apos;: None, &apos;size&apos;: 13.289999999999964, &apos;value&apos;: &apos;.&apos;, &apos;children&apos;: [], &apos;features&apos;: {}}, {&apos;type&apos;: &apos;text&apos;, &apos;bbox&apos;: (512.9820000000002, 583.312, 515.7520000000002, 596.602), &apos;color_space&apos;: &apos;DeviceGray&apos;, &apos;ncolor&apos;: None, &apos;size&apos;: 13.289999999999964, &apos;value&apos;: &apos;.&apos;, &apos;children&apos;: [], &apos;features&apos;: {}}, {&apos;type&apos;: &apos;text&apos;, &apos;bbox&apos;: (515.7520000000002, 583.312, 518.5220000000002, 596.602), &apos;color_space&apos;: &apos;DeviceGray&apos;, &apos;ncolor&apos;: None, &apos;size&apos;: 13.289999999999964, &apos;value&apos;: &apos;.&apos;, &apos;children&apos;: [], &apos;features&apos;: {}}, {&apos;type&apos;: &apos;text&apos;, &apos;bbox&apos;: (519.986, 583.312, 525.5459999999999, 596.602), &apos;color_space&apos;: &apos;DeviceGray&apos;, &apos;ncolor&apos;: None, &apos;size&apos;: 13.289999999999964, &apos;value&apos;: &apos;7&apos;, &apos;children&apos;: [], &apos;features&apos;: {}}, {&apos;type&apos;: &apos;text&apos;, &apos;bbox&apos;: (525.5459999999999, 583.312, 528.876, 596.602), &apos;color_space&apos;: &apos;DeviceGray&apos;, &apos;ncolor&apos;: None, &apos;size&apos;: 13.289999999999964, &apos;value&apos;: &apos;-&apos;, &apos;children&apos;: [], &apos;features&apos;: {}}, {&apos;type&apos;: &apos;text&apos;, &apos;bbox&apos;: (528.877, 583.312, 534.4369999999999, 596.602), &apos;color_space&apos;: &apos;DeviceGray&apos;, &apos;ncolor&apos;: None, &apos;size&apos;: 13.289999999999964, &apos;value&apos;: &apos;1&apos;, &apos;children&apos;: [], &apos;features&apos;: {}}, {&apos;type&apos;: &apos;text&apos;, &apos;bbox&apos;: (534.4369999999999, 583.312, 539.9969999999998, 596.602), &apos;color_space&apos;: &apos;DeviceGray&apos;, &apos;ncolor&apos;: None, &apos;size&apos;: 13.289999999999964, &apos;value&apos;: &apos;6&apos;, &apos;children&apos;: [], &apos;features&apos;: {}}], &apos;features&apos;: {}}
*********************





--------------------------------- CONTENT AREA --------------------------------- 
This content area has an image
{&apos;type&apos;: &apos;figure&apos;, &apos;bbox&apos;: (0, 0, 612.0, 792.0), &apos;name&apos;: &apos;fx56&apos;, &apos;children&apos;: [{&apos;type&apos;: &apos;text&apos;, &apos;bbox&apos;: (114.0, 567.091, 122.31, 580.571), &apos;color_space&apos;: &apos;DeviceGray&apos;, &apos;ncolor&apos;: None, &apos;size&apos;: 13.480000000000018, &apos;value&apos;: &apos;D&apos;, &apos;children&apos;: [], &apos;features&apos;: {}}, {&apos;type&apos;: &apos;text&apos;, &apos;bbox&apos;: (122.31, 567.091, 126.2, 580.571), &apos;color_space&apos;: &apos;DeviceGray&apos;, &apos;ncolor&apos;: None, &apos;size&apos;: 13.480000000000018, &apos;value&apos;: &apos;I&apos;, &apos;children&apos;: [], &apos;features&apos;: {}}, {&apos;type&apos;: &apos;text&apos;, &apos;bbox&apos;: (126.2, 567.091, 136.2, 580.571), &apos;color_space&apos;: &apos;DeviceGray&apos;, &apos;ncolor&apos;: None, &apos;size&apos;: 13.480000000000018, &apos;value&apos;: &apos;M&apos;, &apos;children&apos;: [], &apos;features&apos;: {}}, {&apos;type&apos;: &apos;text&apos;, &apos;bbox&apos;: (136.2, 567.091, 141.2, 580.571), &apos;color_space&apos;: &apos;DeviceGray&apos;, &apos;ncolor&apos;: None, &apos;size&apos;: 13.480000000000018, &apos;value&apos;: &apos;_&apos;, &apos;children&apos;: [], &apos;features&apos;: {}}, {&apos;type&apos;: &apos;text&apos;, &apos;bbox&apos;: (141.2, 567.091, 147.29999999999998, 580.571), &apos;color_space&apos;: &apos;DeviceGray&apos;, &apos;ncolor&apos;: None, &apos;size&apos;: 13.480000000000018, &apos;value&apos;: &apos;P&apos;, &apos;children&apos;: [], &apos;features&apos;: {}}, {&apos;type&apos;: &apos;text&apos;, &apos;bbox&apos;: (147.3, 567.091, 154.43, 580.571), &apos;color_space&apos;: &apos;DeviceGray&apos;, &apos;ncolor&apos;: None, &apos;size&apos;: 13.480000000000018, &apos;value&apos;: &apos;R&apos;, &apos;children&apos;: [], &apos;features&apos;: {}}, {&apos;type&apos;: &apos;text&apos;, &apos;bbox&apos;: (154.43, 567.091, 162.76000000000002, 580.571), &apos;color_space&apos;: &apos;DeviceGray&apos;, &apos;ncolor&apos;: None, &apos;size&apos;: 13.480000000000018, &apos;value&apos;: &apos;O&apos;, &apos;children&apos;: [], &apos;features&apos;: {}}, {&apos;type&apos;: &apos;text&apos;, &apos;bbox&apos;: (162.76, 567.091, 171.07, 580.571), &apos;color_space&apos;: &apos;DeviceGray&apos;, &apos;ncolor&apos;: None, &apos;size&apos;: 13.480000000000018, &apos;value&apos;: &apos;D&apos;, &apos;children&apos;: [], &apos;features&apos;: {}}, {&apos;type&apos;: &apos;text&apos;, &apos;bbox&apos;: (171.07, 567.091, 178.84, 580.571), &apos;color_space&apos;: &apos;DeviceGray&apos;, &apos;ncolor&apos;: None, &apos;size&apos;: 13.480000000000018, &apos;value&apos;: &apos;U&apos;, &apos;children&apos;: [], &apos;features&apos;: {}}, {&apos;type&apos;: &apos;text&apos;, &apos;bbox&apos;: (178.84, 567.091, 186.06, 580.571), &apos;color_space&apos;: &apos;DeviceGray&apos;, &apos;ncolor&apos;: None, &apos;size&apos;: 13.480000000000018, &apos;value&apos;: &apos;C&apos;, &apos;children&apos;: [], &apos;features&apos;: {}}, {&apos;type&apos;: &apos;text&apos;, &apos;bbox&apos;: (186.06, 567.091, 192.72, 580.571), &apos;color_space&apos;: &apos;DeviceGray&apos;, &apos;ncolor&apos;: None, &apos;size&apos;: 13.480000000000018, &apos;value&apos;: &apos;T&apos;, &apos;children&apos;: [], &apos;features&apos;: {}}, {&apos;type&apos;: &apos;text&apos;, &apos;bbox&apos;: (192.72, 567.091, 198.82, 580.571), &apos;color_space&apos;: &apos;DeviceGray&apos;, &apos;ncolor&apos;: None, &apos;size&apos;: 13.480000000000018, &apos;value&apos;: &apos;S&apos;, &apos;children&apos;: [], &apos;features&apos;: {}}, {&apos;type&apos;: &apos;text&apos;, &apos;bbox&apos;: (198.82, 567.091, 203.82, 580.571), &apos;color_space&apos;: &apos;DeviceGray&apos;, &apos;ncolor&apos;: None, &apos;size&apos;: 13.480000000000018, &apos;value&apos;: &apos;_&apos;, &apos;children&apos;: [], &apos;features&apos;: {}}, {&apos;type&apos;: &apos;text&apos;, &apos;bbox&apos;: (203.82, 567.091, 211.59, 580.571), &apos;color_space&apos;: &apos;DeviceGray&apos;, &apos;ncolor&apos;: None, &apos;size&apos;: 13.480000000000018, &apos;value&apos;: &apos;A&apos;, &apos;children&apos;: [], &apos;features&apos;: {}}, {&apos;type&apos;: &apos;text&apos;, &apos;bbox&apos;: (211.58999999999997, 567.091, 218.24999999999997, 580.571), &apos;color_space&apos;: &apos;DeviceGray&apos;, &apos;ncolor&apos;: None, &apos;size&apos;: 13.480000000000018, &apos;value&apos;: &apos;T&apos;, &apos;children&apos;: [], &apos;features&apos;: {}}, {&apos;type&apos;: &apos;text&apos;, &apos;bbox&apos;: (218.25, 567.091, 224.91, 580.571), &apos;color_space&apos;: &apos;DeviceGray&apos;, &apos;ncolor&apos;: None, &apos;size&apos;: 13.480000000000018, &apos;value&apos;: &apos;T&apos;, &apos;children&apos;: [], &apos;features&apos;: {}}, {&apos;type&apos;: &apos;text&apos;, &apos;bbox&apos;: (224.90999999999997, 567.091, 232.03999999999996, 580.571), &apos;color_space&apos;: &apos;DeviceGray&apos;, &apos;ncolor&apos;: None, &apos;size&apos;: 13.480000000000018, &apos;value&apos;: &apos;R&apos;, &apos;children&apos;: [], &apos;features&apos;: {}}, {&apos;type&apos;: &apos;text&apos;, &apos;bbox&apos;: (232.12, 567.821, 234.89000000000001, 581.111), &apos;color_space&apos;: &apos;DeviceGray&apos;, &apos;ncolor&apos;: None, &apos;size&apos;: 13.289999999999964, &apos;value&apos;: &apos;.&apos;, &apos;children&apos;: [], &apos;features&apos;: {}}, {&apos;type&apos;: &apos;text&apos;, &apos;bbox&apos;: (234.89000000000001, 567.821, 237.66000000000003, 581.111), &apos;color_space&apos;: &apos;DeviceGray&apos;, &apos;ncolor&apos;: None, &apos;size&apos;: 13.289999999999964, &apos;value&apos;: &apos;.&apos;, &apos;children&apos;: [], &apos;features&apos;: {}}, {&apos;type&apos;: &apos;text&apos;, &apos;bbox&apos;: (237.66, 567.821, 240.43, 581.111), &apos;color_space&apos;: &apos;DeviceGray&apos;, &apos;ncolor&apos;: None, &apos;size&apos;: 13.289999999999964, &apos;value&apos;: &apos;.&apos;, &apos;children&apos;: [], &apos;features&apos;: {}}, {&apos;type&apos;: &apos;text&apos;, &apos;bbox&apos;: (240.43, 567.821, 243.20000000000002, 581.111), &apos;color_space&apos;: &apos;DeviceGray&apos;, &apos;ncolor&apos;: None, &apos;size&apos;: 13.289999999999964, &apos;value&apos;: &apos;.&apos;, &apos;children&apos;: [], &apos;features&apos;: {}}, {&apos;type&apos;: &apos;text&apos;, &apos;bbox&apos;: (243.20000000000002, 567.821, 245.97000000000003, 581.111), &apos;color_space&apos;: &apos;DeviceGray&apos;, &apos;ncolor&apos;: None, &apos;size&apos;: 13.289999999999964, &apos;value&apos;: &apos;.&apos;, &apos;children&apos;: [], &apos;features&apos;: {}}, {&apos;type&apos;: &apos;text&apos;, &apos;bbox&apos;: (245.97, 567.821, 248.74, 581.111), &apos;color_space&apos;: &apos;DeviceGray&apos;, &apos;ncolor&apos;: None, &apos;size&apos;: 13.289999999999964, &apos;value&apos;: &apos;.&apos;, &apos;children&apos;: [], &apos;features&apos;: {}}, {&apos;type&apos;: &apos;text&apos;, &apos;bbox&apos;: (248.74, 567.821, 251.51000000000002, 581.111), &apos;color_space&apos;: &apos;DeviceGray&apos;, &apos;ncolor&apos;: None, &apos;size&apos;: 13.289999999999964, &apos;value&apos;: &apos;.&apos;, &apos;children&apos;: [], &apos;features&apos;: {}}, {&apos;type&apos;: &apos;text&apos;, &apos;bbox&apos;: (251.51, 567.821, 254.28, 581.111), &apos;color_space&apos;: &apos;DeviceGray&apos;, &apos;ncolor&apos;: None, &apos;size&apos;: 13.289999999999964, &apos;value&apos;: &apos;.&apos;, &apos;children&apos;: [], &apos;features&apos;: {}}, {&apos;type&apos;: &apos;text&apos;, &apos;bbox&apos;: (254.28, 567.821, 257.05, 581.111), &apos;color_space&apos;: &apos;DeviceGray&apos;, &apos;ncolor&apos;: None, &apos;size&apos;: 13.289999999999964, &apos;value&apos;: &apos;.&apos;, &apos;children&apos;: [], &apos;features&apos;: {}}, {&apos;type&apos;: &apos;text&apos;, &apos;bbox&apos;: (257.05, 567.821, 259.82, 581.111), &apos;color_space&apos;: &apos;DeviceGray&apos;, &apos;ncolor&apos;: None, &apos;size&apos;: 13.289999999999964, &apos;value&apos;: &apos;.&apos;, &apos;children&apos;: [], &apos;features&apos;: {}}, {&apos;type&apos;: &apos;text&apos;, &apos;bbox&apos;: (259.82, 567.821, 262.59, 581.111), &apos;color_space&apos;: &apos;DeviceGray&apos;, &apos;ncolor&apos;: None, &apos;size&apos;: 13.289999999999964, &apos;value&apos;: &apos;.&apos;, &apos;children&apos;: [], &apos;features&apos;: {}}, {&apos;type&apos;: &apos;text&apos;, &apos;bbox&apos;: (262.59000000000003, 567.821, 265.36, 581.111), &apos;color_space&apos;: &apos;DeviceGray&apos;, &apos;ncolor&apos;: None, &apos;size&apos;: 13.289999999999964, &apos;value&apos;: &apos;.&apos;, &apos;children&apos;: [], &apos;features&apos;: {}}, {&apos;type&apos;: &apos;text&apos;, &apos;bbox&apos;: (265.36, 567.821, 268.13, 581.111), &apos;color_space&apos;: &apos;DeviceGray&apos;, &apos;ncolor&apos;: None, &apos;size&apos;: 13.289999999999964, &apos;value&apos;: &apos;.&apos;, &apos;children&apos;: [], &apos;features&apos;: {}}, {&apos;type&apos;: &apos;text&apos;, &apos;bbox&apos;: (268.13, 567.821, 270.9, 581.111), &apos;color_space&apos;: &apos;DeviceGray&apos;, &apos;ncolor&apos;: None, &apos;size&apos;: 13.289999999999964, &apos;value&apos;: &apos;.&apos;, &apos;children&apos;: [], &apos;features&apos;: {}}, {&apos;type&apos;: &apos;text&apos;, &apos;bbox&apos;: (270.90000000000003, 567.821, 273.67, 581.111), &apos;color_space&apos;: &apos;DeviceGray&apos;, &apos;ncolor&apos;: None, &apos;size&apos;: 13.289999999999964, &apos;value&apos;: &apos;.&apos;, &apos;children&apos;: [], &apos;features&apos;: {}}, {&apos;type&apos;: &apos;text&apos;, &apos;bbox&apos;: (273.67, 567.821, 276.44, 581.111), &apos;color_space&apos;: &apos;DeviceGray&apos;, &apos;ncolor&apos;: None, &apos;size&apos;: 13.289999999999964, &apos;value&apos;: &apos;.&apos;, &apos;children&apos;: [], &apos;features&apos;: {}}, {&apos;type&apos;: &apos;text&apos;, &apos;bbox&apos;: (276.44, 567.821, 279.21, 581.111), &apos;color_space&apos;: &apos;DeviceGray&apos;, &apos;ncolor&apos;: None, &apos;size&apos;: 13.289999999999964, &apos;value&apos;: &apos;.&apos;, &apos;children&apos;: [], &apos;features&apos;: {}}, {&apos;type&apos;: &apos;text&apos;, &apos;bbox&apos;: (279.21000000000004, 567.821, 281.98, 581.111), &apos;color_space&apos;: &apos;DeviceGray&apos;, &apos;ncolor&apos;: None, &apos;size&apos;: 13.289999999999964, &apos;value&apos;: &apos;.&apos;, &apos;children&apos;: [], &apos;features&apos;: {}}, {&apos;type&apos;: &apos;text&apos;, &apos;bbox&apos;: (281.98, 567.821, 284.75, 581.111), &apos;color_space&apos;: &apos;DeviceGray&apos;, &apos;ncolor&apos;: None, &apos;size&apos;: 13.289999999999964, &apos;value&apos;: &apos;.&apos;, &apos;children&apos;: [], &apos;features&apos;: {}}, {&apos;type&apos;: &apos;text&apos;, &apos;bbox&apos;: (284.75, 567.821, 287.52, 581.111), &apos;color_space&apos;: &apos;DeviceGray&apos;, &apos;ncolor&apos;: None, &apos;size&apos;: 13.289999999999964, &apos;value&apos;: &apos;.&apos;, &apos;children&apos;: [], &apos;features&apos;: {}}, {&apos;type&apos;: &apos;text&apos;, &apos;bbox&apos;: (287.52000000000004, 567.821, 290.29, 581.111), &apos;color_space&apos;: &apos;DeviceGray&apos;, &apos;ncolor&apos;: None, &apos;size&apos;: 13.289999999999964, &apos;value&apos;: &apos;.&apos;, &apos;children&apos;: [], &apos;features&apos;: {}}, {&apos;type&apos;: &apos;text&apos;, &apos;bbox&apos;: (290.29, 567.821, 293.06, 581.111), &apos;color_space&apos;: &apos;DeviceGray&apos;, &apos;ncolor&apos;: None, &apos;size&apos;: 13.289999999999964, &apos;value&apos;: &apos;.&apos;, &apos;children&apos;: [], &apos;features&apos;: {}}, {&apos;type&apos;: &apos;text&apos;, &apos;bbox&apos;: (293.06000000000006, 567.821, 295.83000000000004, 581.111), &apos;color_space&apos;: &apos;DeviceGray&apos;, &apos;ncolor&apos;: None, &apos;size&apos;: 13.289999999999964, &apos;value&apos;: &apos;.&apos;, &apos;children&apos;: [], &apos;features&apos;: {}}, {&apos;type&apos;: &apos;text&apos;, &apos;bbox&apos;: (295.83000000000004, 567.821, 298.6, 581.111), &apos;color_space&apos;: &apos;DeviceGray&apos;, &apos;ncolor&apos;: None, &apos;size&apos;: 13.289999999999964, &apos;value&apos;: &apos;.&apos;, &apos;children&apos;: [], &apos;features&apos;: {}}, {&apos;type&apos;: &apos;text&apos;, &apos;bbox&apos;: (298.6, 567.821, 301.37, 581.111), &apos;color_space&apos;: &apos;DeviceGray&apos;, &apos;ncolor&apos;: None, &apos;size&apos;: 13.289999999999964, &apos;value&apos;: &apos;.&apos;, &apos;children&apos;: [], &apos;features&apos;: {}}, {&apos;type&apos;: &apos;text&apos;, &apos;bbox&apos;: (301.37, 567.821, 304.14, 581.111), &apos;color_space&apos;: &apos;DeviceGray&apos;, &apos;ncolor&apos;: None, &apos;size&apos;: 13.289999999999964, &apos;value&apos;: &apos;.&apos;, &apos;children&apos;: [], &apos;features&apos;: {}}, {&apos;type&apos;: &apos;text&apos;, &apos;bbox&apos;: (304.14000000000004, 567.821, 306.91, 581.111), &apos;color_space&apos;: &apos;DeviceGray&apos;, &apos;ncolor&apos;: None, &apos;size&apos;: 13.289999999999964, &apos;value&apos;: &apos;.&apos;, &apos;children&apos;: [], &apos;features&apos;: {}}, {&apos;type&apos;: &apos;text&apos;, &apos;bbox&apos;: (306.91, 567.821, 309.68, 581.111), &apos;color_space&apos;: &apos;DeviceGray&apos;, &apos;ncolor&apos;: None, &apos;size&apos;: 13.289999999999964, &apos;value&apos;: &apos;.&apos;, &apos;children&apos;: [], &apos;features&apos;: {}}, {&apos;type&apos;: &apos;text&apos;, &apos;bbox&apos;: (309.68, 567.821, 312.45, 581.111), &apos;color_space&apos;: &apos;DeviceGray&apos;, &apos;ncolor&apos;: None, &apos;size&apos;: 13.289999999999964, &apos;value&apos;: &apos;.&apos;, &apos;children&apos;: [], &apos;features&apos;: {}}, {&apos;type&apos;: &apos;text&apos;, &apos;bbox&apos;: (312.45000000000005, 567.821, 315.22, 581.111), &apos;color_space&apos;: &apos;DeviceGray&apos;, &apos;ncolor&apos;: None, &apos;size&apos;: 13.289999999999964, &apos;value&apos;: &apos;.&apos;, &apos;children&apos;: [], &apos;features&apos;: {}}, {&apos;type&apos;: &apos;text&apos;, &apos;bbox&apos;: (315.22, 567.821, 317.99, 581.111), &apos;color_space&apos;: &apos;DeviceGray&apos;, &apos;ncolor&apos;: None, &apos;size&apos;: 13.289999999999964, &apos;value&apos;: &apos;.&apos;, &apos;children&apos;: [], &apos;features&apos;: {}}, {&apos;type&apos;: &apos;text&apos;, &apos;bbox&apos;: (317.99, 567.821, 320.76, 581.111), &apos;color_space&apos;: &apos;DeviceGray&apos;, &apos;ncolor&apos;: None, &apos;size&apos;: 13.289999999999964, &apos;value&apos;: &apos;.&apos;, &apos;children&apos;: [], &apos;features&apos;: {}}, {&apos;type&apos;: &apos;text&apos;, &apos;bbox&apos;: (320.76, 567.821, 323.53, 581.111), &apos;color_space&apos;: &apos;DeviceGray&apos;, &apos;ncolor&apos;: None, &apos;size&apos;: 13.289999999999964, &apos;value&apos;: &apos;.&apos;, &apos;children&apos;: [], &apos;features&apos;: {}}, {&apos;type&apos;: &apos;text&apos;, &apos;bbox&apos;: (323.53, 567.821, 326.29999999999995, 581.111), &apos;color_space&apos;: &apos;DeviceGray&apos;, &apos;ncolor&apos;: None, &apos;size&apos;: 13.289999999999964, &apos;value&apos;: &apos;.&apos;, &apos;children&apos;: [], &apos;features&apos;: {}}, {&apos;type&apos;: &apos;text&apos;, &apos;bbox&apos;: (326.3, 567.821, 329.07, 581.111), &apos;color_space&apos;: &apos;DeviceGray&apos;, &apos;ncolor&apos;: None, &apos;size&apos;: 13.289999999999964, &apos;value&apos;: &apos;.&apos;, &apos;children&apos;: [], &apos;features&apos;: {}}, {&apos;type&apos;: &apos;text&apos;, &apos;bbox&apos;: (329.07, 567.821, 331.84, 581.111), &apos;color_space&apos;: &apos;DeviceGray&apos;, &apos;ncolor&apos;: None, &apos;size&apos;: 13.289999999999964, &apos;value&apos;: &apos;.&apos;, &apos;children&apos;: [], &apos;features&apos;: {}}, {&apos;type&apos;: &apos;text&apos;, &apos;bbox&apos;: (331.84, 567.821, 334.60999999999996, 581.111), &apos;color_space&apos;: &apos;DeviceGray&apos;, &apos;ncolor&apos;: None, &apos;size&apos;: 13.289999999999964, &apos;value&apos;: &apos;.&apos;, &apos;children&apos;: [], &apos;features&apos;: {}}, {&apos;type&apos;: &apos;text&apos;, &apos;bbox&apos;: (334.61, 567.821, 337.38, 581.111), &apos;color_space&apos;: &apos;DeviceGray&apos;, &apos;ncolor&apos;: None, &apos;size&apos;: 13.289999999999964, &apos;value&apos;: &apos;.&apos;, &apos;children&apos;: [], &apos;features&apos;: {}}, {&apos;type&apos;: &apos;text&apos;, &apos;bbox&apos;: (337.38, 567.821, 340.15, 581.111), &apos;color_space&apos;: &apos;DeviceGray&apos;, &apos;ncolor&apos;: None, &apos;size&apos;: 13.289999999999964, &apos;value&apos;: &apos;.&apos;, &apos;children&apos;: [], &apos;features&apos;: {}}, {&apos;type&apos;: &apos;text&apos;, &apos;bbox&apos;: (340.15, 567.821, 342.91999999999996, 581.111), &apos;color_space&apos;: &apos;DeviceGray&apos;, &apos;ncolor&apos;: None, &apos;size&apos;: 13.289999999999964, &apos;value&apos;: &apos;.&apos;, &apos;children&apos;: [], &apos;features&apos;: {}}, {&apos;type&apos;: &apos;text&apos;, &apos;bbox&apos;: (342.91999999999996, 567.821, 345.68999999999994, 581.111), &apos;color_space&apos;: &apos;DeviceGray&apos;, &apos;ncolor&apos;: None, &apos;size&apos;: 13.289999999999964, &apos;value&apos;: &apos;.&apos;, &apos;children&apos;: [], &apos;features&apos;: {}}, {&apos;type&apos;: &apos;text&apos;, &apos;bbox&apos;: (345.68999999999994, 567.821, 348.4599999999999, 581.111), &apos;color_space&apos;: &apos;DeviceGray&apos;, &apos;ncolor&apos;: None, &apos;size&apos;: 13.289999999999964, &apos;value&apos;: &apos;.&apos;, &apos;children&apos;: [], &apos;features&apos;: {}}, {&apos;type&apos;: &apos;text&apos;, &apos;bbox&apos;: (348.46, 567.821, 351.22999999999996, 581.111), &apos;color_space&apos;: &apos;DeviceGray&apos;, &apos;ncolor&apos;: None, &apos;size&apos;: 13.289999999999964, &apos;value&apos;: &apos;.&apos;, &apos;children&apos;: [], &apos;features&apos;: {}}, {&apos;type&apos;: &apos;text&apos;, &apos;bbox&apos;: (351.22999999999996, 567.821, 353.99999999999994, 581.111), &apos;color_space&apos;: &apos;DeviceGray&apos;, &apos;ncolor&apos;: None, &apos;size&apos;: 13.289999999999964, &apos;value&apos;: &apos;.&apos;, &apos;children&apos;: [], &apos;features&apos;: {}}, {&apos;type&apos;: &apos;text&apos;, &apos;bbox&apos;: (353.99999999999994, 567.821, 356.7699999999999, 581.111), &apos;color_space&apos;: &apos;DeviceGray&apos;, &apos;ncolor&apos;: None, &apos;size&apos;: 13.289999999999964, &apos;value&apos;: &apos;.&apos;, &apos;children&apos;: [], &apos;features&apos;: {}}, {&apos;type&apos;: &apos;text&apos;, &apos;bbox&apos;: (356.77, 567.821, 359.53999999999996, 581.111), &apos;color_space&apos;: &apos;DeviceGray&apos;, &apos;ncolor&apos;: None, &apos;size&apos;: 13.289999999999964, &apos;value&apos;: &apos;.&apos;, &apos;children&apos;: [], &apos;features&apos;: {}}, {&apos;type&apos;: &apos;text&apos;, &apos;bbox&apos;: (359.53999999999996, 567.821, 362.30999999999995, 581.111), &apos;color_space&apos;: &apos;DeviceGray&apos;, &apos;ncolor&apos;: None, &apos;size&apos;: 13.289999999999964, &apos;value&apos;: &apos;.&apos;, &apos;children&apos;: [], &apos;features&apos;: {}}, {&apos;type&apos;: &apos;text&apos;, &apos;bbox&apos;: (362.30999999999995, 567.821, 365.0799999999999, 581.111), &apos;color_space&apos;: &apos;DeviceGray&apos;, &apos;ncolor&apos;: None, &apos;size&apos;: 13.289999999999964, &apos;value&apos;: &apos;.&apos;, &apos;children&apos;: [], &apos;features&apos;: {}}, {&apos;type&apos;: &apos;text&apos;, &apos;bbox&apos;: (365.0799999999999, 567.821, 367.8499999999999, 581.111), &apos;color_space&apos;: &apos;DeviceGray&apos;, &apos;ncolor&apos;: None, &apos;size&apos;: 13.289999999999964, &apos;value&apos;: &apos;.&apos;, &apos;children&apos;: [], &apos;features&apos;: {}}, {&apos;type&apos;: &apos;text&apos;, &apos;bbox&apos;: (367.84999999999997, 567.821, 370.61999999999995, 581.111), &apos;color_space&apos;: &apos;DeviceGray&apos;, &apos;ncolor&apos;: None, &apos;size&apos;: 13.289999999999964, &apos;value&apos;: &apos;.&apos;, &apos;children&apos;: [], &apos;features&apos;: {}}, {&apos;type&apos;: &apos;text&apos;, &apos;bbox&apos;: (370.62, 567.821, 373.39, 581.111), &apos;color_space&apos;: &apos;DeviceGray&apos;, &apos;ncolor&apos;: None, &apos;size&apos;: 13.289999999999964, &apos;value&apos;: &apos;.&apos;, &apos;children&apos;: [], &apos;features&apos;: {}}, {&apos;type&apos;: &apos;text&apos;, &apos;bbox&apos;: (373.39, 567.821, 376.15999999999997, 581.111), &apos;color_space&apos;: &apos;DeviceGray&apos;, &apos;ncolor&apos;: None, &apos;size&apos;: 13.289999999999964, &apos;value&apos;: &apos;.&apos;, &apos;children&apos;: [], &apos;features&apos;: {}}, {&apos;type&apos;: &apos;text&apos;, &apos;bbox&apos;: (376.15999999999997, 567.821, 378.92999999999995, 581.111), &apos;color_space&apos;: &apos;DeviceGray&apos;, &apos;ncolor&apos;: None, &apos;size&apos;: 13.289999999999964, &apos;value&apos;: &apos;.&apos;, &apos;children&apos;: [], &apos;features&apos;: {}}, {&apos;type&apos;: &apos;text&apos;, &apos;bbox&apos;: (378.93, 567.821, 381.7, 581.111), &apos;color_space&apos;: &apos;DeviceGray&apos;, &apos;ncolor&apos;: None, &apos;size&apos;: 13.289999999999964, &apos;value&apos;: &apos;.&apos;, &apos;children&apos;: [], &apos;features&apos;: {}}, {&apos;type&apos;: &apos;text&apos;, &apos;bbox&apos;: (381.70000000000005, 567.821, 384.47, 581.111), &apos;color_space&apos;: &apos;DeviceGray&apos;, &apos;ncolor&apos;: None, &apos;size&apos;: 13.289999999999964, &apos;value&apos;: &apos;.&apos;, &apos;children&apos;: [], &apos;features&apos;: {}}, {&apos;type&apos;: &apos;text&apos;, &apos;bbox&apos;: (384.47, 567.821, 387.24, 581.111), &apos;color_space&apos;: &apos;DeviceGray&apos;, &apos;ncolor&apos;: None, &apos;size&apos;: 13.289999999999964, &apos;value&apos;: &apos;.&apos;, &apos;children&apos;: [], &apos;features&apos;: {}}, {&apos;type&apos;: &apos;text&apos;, &apos;bbox&apos;: (387.24, 567.821, 390.01, 581.111), &apos;color_space&apos;: &apos;DeviceGray&apos;, &apos;ncolor&apos;: None, &apos;size&apos;: 13.289999999999964, &apos;value&apos;: &apos;.&apos;, &apos;children&apos;: [], &apos;features&apos;: {}}, {&apos;type&apos;: &apos;text&apos;, &apos;bbox&apos;: (390.01000000000005, 567.821, 392.78000000000003, 581.111), &apos;color_space&apos;: &apos;DeviceGray&apos;, &apos;ncolor&apos;: None, &apos;size&apos;: 13.289999999999964, &apos;value&apos;: &apos;.&apos;, &apos;children&apos;: [], &apos;features&apos;: {}}, {&apos;type&apos;: &apos;text&apos;, &apos;bbox&apos;: (392.7800000000001, 567.821, 395.55000000000007, 581.111), &apos;color_space&apos;: &apos;DeviceGray&apos;, &apos;ncolor&apos;: None, &apos;size&apos;: 13.289999999999964, &apos;value&apos;: &apos;.&apos;, &apos;children&apos;: [], &apos;features&apos;: {}}, {&apos;type&apos;: &apos;text&apos;, &apos;bbox&apos;: (395.55000000000007, 567.821, 398.32000000000005, 581.111), &apos;color_space&apos;: &apos;DeviceGray&apos;, &apos;ncolor&apos;: None, &apos;size&apos;: 13.289999999999964, &apos;value&apos;: &apos;.&apos;, &apos;children&apos;: [], &apos;features&apos;: {}}, {&apos;type&apos;: &apos;text&apos;, &apos;bbox&apos;: (398.32000000000005, 567.821, 401.09000000000003, 581.111), &apos;color_space&apos;: &apos;DeviceGray&apos;, &apos;ncolor&apos;: None, &apos;size&apos;: 13.289999999999964, &apos;value&apos;: &apos;.&apos;, &apos;children&apos;: [], &apos;features&apos;: {}}, {&apos;type&apos;: &apos;text&apos;, &apos;bbox&apos;: (401.0900000000001, 567.821, 403.86000000000007, 581.111), &apos;color_space&apos;: &apos;DeviceGray&apos;, &apos;ncolor&apos;: None, &apos;size&apos;: 13.289999999999964, &apos;value&apos;: &apos;.&apos;, &apos;children&apos;: [], &apos;features&apos;: {}}, {&apos;type&apos;: &apos;text&apos;, &apos;bbox&apos;: (403.8600000000001, 567.821, 406.6300000000001, 581.111), &apos;color_space&apos;: &apos;DeviceGray&apos;, &apos;ncolor&apos;: None, &apos;size&apos;: 13.289999999999964, &apos;value&apos;: &apos;.&apos;, &apos;children&apos;: [], &apos;features&apos;: {}}, {&apos;type&apos;: &apos;text&apos;, &apos;bbox&apos;: (406.6300000000001, 567.821, 409.4000000000001, 581.111), &apos;color_space&apos;: &apos;DeviceGray&apos;, &apos;ncolor&apos;: None, &apos;size&apos;: 13.289999999999964, &apos;value&apos;: &apos;.&apos;, &apos;children&apos;: [], &apos;features&apos;: {}}, {&apos;type&apos;: &apos;text&apos;, &apos;bbox&apos;: (409.4000000000001, 567.821, 412.1700000000001, 581.111), &apos;color_space&apos;: &apos;DeviceGray&apos;, &apos;ncolor&apos;: None, &apos;size&apos;: 13.289999999999964, &apos;value&apos;: &apos;.&apos;, &apos;children&apos;: [], &apos;features&apos;: {}}, {&apos;type&apos;: &apos;text&apos;, &apos;bbox&apos;: (412.17000000000013, 567.821, 414.9400000000001, 581.111), &apos;color_space&apos;: &apos;DeviceGray&apos;, &apos;ncolor&apos;: None, &apos;size&apos;: 13.289999999999964, &apos;value&apos;: &apos;.&apos;, &apos;children&apos;: [], &apos;features&apos;: {}}, {&apos;type&apos;: &apos;text&apos;, &apos;bbox&apos;: (414.94000000000017, 567.821, 417.71000000000015, 581.111), &apos;color_space&apos;: &apos;DeviceGray&apos;, &apos;ncolor&apos;: None, &apos;size&apos;: 13.289999999999964, &apos;value&apos;: &apos;.&apos;, &apos;children&apos;: [], &apos;features&apos;: {}}, {&apos;type&apos;: &apos;text&apos;, &apos;bbox&apos;: (417.71000000000015, 567.821, 420.48000000000013, 581.111), &apos;color_space&apos;: &apos;DeviceGray&apos;, &apos;ncolor&apos;: None, &apos;size&apos;: 13.289999999999964, &apos;value&apos;: &apos;.&apos;, &apos;children&apos;: [], &apos;features&apos;: {}}, {&apos;type&apos;: &apos;text&apos;, &apos;bbox&apos;: (420.48000000000013, 567.821, 423.2500000000001, 581.111), &apos;color_space&apos;: &apos;DeviceGray&apos;, &apos;ncolor&apos;: None, &apos;size&apos;: 13.289999999999964, &apos;value&apos;: &apos;.&apos;, &apos;children&apos;: [], &apos;features&apos;: {}}, {&apos;type&apos;: &apos;text&apos;, &apos;bbox&apos;: (423.25000000000017, 567.821, 426.02000000000015, 581.111), &apos;color_space&apos;: &apos;DeviceGray&apos;, &apos;ncolor&apos;: None, &apos;size&apos;: 13.289999999999964, &apos;value&apos;: &apos;.&apos;, &apos;children&apos;: [], &apos;features&apos;: {}}, {&apos;type&apos;: &apos;text&apos;, &apos;bbox&apos;: (426.0200000000002, 567.821, 428.7900000000002, 581.111), &apos;color_space&apos;: &apos;DeviceGray&apos;, &apos;ncolor&apos;: None, &apos;size&apos;: 13.289999999999964, &apos;value&apos;: &apos;.&apos;, &apos;children&apos;: [], &apos;features&apos;: {}}, {&apos;type&apos;: &apos;text&apos;, &apos;bbox&apos;: (428.7900000000002, 567.821, 431.5600000000002, 581.111), &apos;color_space&apos;: &apos;DeviceGray&apos;, &apos;ncolor&apos;: None, &apos;size&apos;: 13.289999999999964, &apos;value&apos;: &apos;.&apos;, &apos;children&apos;: [], &apos;features&apos;: {}}, {&apos;type&apos;: &apos;text&apos;, &apos;bbox&apos;: (431.5600000000002, 567.821, 434.33000000000015, 581.111), &apos;color_space&apos;: &apos;DeviceGray&apos;, &apos;ncolor&apos;: None, &apos;size&apos;: 13.289999999999964, &apos;value&apos;: &apos;.&apos;, &apos;children&apos;: [], &apos;features&apos;: {}}, {&apos;type&apos;: &apos;text&apos;, &apos;bbox&apos;: (434.3300000000002, 567.821, 437.1000000000002, 581.111), &apos;color_space&apos;: &apos;DeviceGray&apos;, &apos;ncolor&apos;: None, &apos;size&apos;: 13.289999999999964, &apos;value&apos;: &apos;.&apos;, &apos;children&apos;: [], &apos;features&apos;: {}}, {&apos;type&apos;: &apos;text&apos;, &apos;bbox&apos;: (437.10000000000025, 567.821, 439.87000000000023, 581.111), &apos;color_space&apos;: &apos;DeviceGray&apos;, &apos;ncolor&apos;: None, &apos;size&apos;: 13.289999999999964, &apos;value&apos;: &apos;.&apos;, &apos;children&apos;: [], &apos;features&apos;: {}}, {&apos;type&apos;: &apos;text&apos;, &apos;bbox&apos;: (439.87000000000023, 567.821, 442.6400000000002, 581.111), &apos;color_space&apos;: &apos;DeviceGray&apos;, &apos;ncolor&apos;: None, &apos;size&apos;: 13.289999999999964, &apos;value&apos;: &apos;.&apos;, &apos;children&apos;: [], &apos;features&apos;: {}}, {&apos;type&apos;: &apos;text&apos;, &apos;bbox&apos;: (442.6400000000002, 567.821, 445.4100000000002, 581.111), &apos;color_space&apos;: &apos;DeviceGray&apos;, &apos;ncolor&apos;: None, &apos;size&apos;: 13.289999999999964, &apos;value&apos;: &apos;.&apos;, &apos;children&apos;: [], &apos;features&apos;: {}}, {&apos;type&apos;: &apos;text&apos;, &apos;bbox&apos;: (445.41000000000025, 567.821, 448.18000000000023, 581.111), &apos;color_space&apos;: &apos;DeviceGray&apos;, &apos;ncolor&apos;: None, &apos;size&apos;: 13.289999999999964, &apos;value&apos;: &apos;.&apos;, &apos;children&apos;: [], &apos;features&apos;: {}}, {&apos;type&apos;: &apos;text&apos;, &apos;bbox&apos;: (448.1800000000003, 567.821, 450.9500000000003, 581.111), &apos;color_space&apos;: &apos;DeviceGray&apos;, &apos;ncolor&apos;: None, &apos;size&apos;: 13.289999999999964, &apos;value&apos;: &apos;.&apos;, &apos;children&apos;: [], &apos;features&apos;: {}}, {&apos;type&apos;: &apos;text&apos;, &apos;bbox&apos;: (450.9500000000003, 567.821, 453.72000000000025, 581.111), &apos;color_space&apos;: &apos;DeviceGray&apos;, &apos;ncolor&apos;: None, &apos;size&apos;: 13.289999999999964, &apos;value&apos;: &apos;.&apos;, &apos;children&apos;: [], &apos;features&apos;: {}}, {&apos;type&apos;: &apos;text&apos;, &apos;bbox&apos;: (453.72000000000025, 567.821, 456.49000000000024, 581.111), &apos;color_space&apos;: &apos;DeviceGray&apos;, &apos;ncolor&apos;: None, &apos;size&apos;: 13.289999999999964, &apos;value&apos;: &apos;.&apos;, &apos;children&apos;: [], &apos;features&apos;: {}}, {&apos;type&apos;: &apos;text&apos;, &apos;bbox&apos;: (456.4900000000003, 567.821, 459.2600000000003, 581.111), &apos;color_space&apos;: &apos;DeviceGray&apos;, &apos;ncolor&apos;: None, &apos;size&apos;: 13.289999999999964, &apos;value&apos;: &apos;.&apos;, &apos;children&apos;: [], &apos;features&apos;: {}}, {&apos;type&apos;: &apos;text&apos;, &apos;bbox&apos;: (459.26000000000033, 567.821, 462.0300000000003, 581.111), &apos;color_space&apos;: &apos;DeviceGray&apos;, &apos;ncolor&apos;: None, &apos;size&apos;: 13.289999999999964, &apos;value&apos;: &apos;.&apos;, &apos;children&apos;: [], &apos;features&apos;: {}}, {&apos;type&apos;: &apos;text&apos;, &apos;bbox&apos;: (462.0300000000003, 567.821, 464.8000000000003, 581.111), &apos;color_space&apos;: &apos;DeviceGray&apos;, &apos;ncolor&apos;: None, &apos;size&apos;: 13.289999999999964, &apos;value&apos;: &apos;.&apos;, &apos;children&apos;: [], &apos;features&apos;: {}}, {&apos;type&apos;: &apos;text&apos;, &apos;bbox&apos;: (464.8000000000003, 567.821, 467.5700000000003, 581.111), &apos;color_space&apos;: &apos;DeviceGray&apos;, &apos;ncolor&apos;: None, &apos;size&apos;: 13.289999999999964, &apos;value&apos;: &apos;.&apos;, &apos;children&apos;: [], &apos;features&apos;: {}}, {&apos;type&apos;: &apos;text&apos;, &apos;bbox&apos;: (467.57000000000033, 567.821, 470.3400000000003, 581.111), &apos;color_space&apos;: &apos;DeviceGray&apos;, &apos;ncolor&apos;: None, &apos;size&apos;: 13.289999999999964, &apos;value&apos;: &apos;.&apos;, &apos;children&apos;: [], &apos;features&apos;: {}}, {&apos;type&apos;: &apos;text&apos;, &apos;bbox&apos;: (470.3400000000004, 567.821, 473.11000000000035, 581.111), &apos;color_space&apos;: &apos;DeviceGray&apos;, &apos;ncolor&apos;: None, &apos;size&apos;: 13.289999999999964, &apos;value&apos;: &apos;.&apos;, &apos;children&apos;: [], &apos;features&apos;: {}}, {&apos;type&apos;: &apos;text&apos;, &apos;bbox&apos;: (473.11000000000035, 567.821, 475.88000000000034, 581.111), &apos;color_space&apos;: &apos;DeviceGray&apos;, &apos;ncolor&apos;: None, &apos;size&apos;: 13.289999999999964, &apos;value&apos;: &apos;.&apos;, &apos;children&apos;: [], &apos;features&apos;: {}}, {&apos;type&apos;: &apos;text&apos;, &apos;bbox&apos;: (475.88000000000034, 567.821, 478.6500000000003, 581.111), &apos;color_space&apos;: &apos;DeviceGray&apos;, &apos;ncolor&apos;: None, &apos;size&apos;: 13.289999999999964, &apos;value&apos;: &apos;.&apos;, &apos;children&apos;: [], &apos;features&apos;: {}}, {&apos;type&apos;: &apos;text&apos;, &apos;bbox&apos;: (478.6500000000004, 567.821, 481.42000000000036, 581.111), &apos;color_space&apos;: &apos;DeviceGray&apos;, &apos;ncolor&apos;: None, &apos;size&apos;: 13.289999999999964, &apos;value&apos;: &apos;.&apos;, &apos;children&apos;: [], &apos;features&apos;: {}}, {&apos;type&apos;: &apos;text&apos;, &apos;bbox&apos;: (481.4200000000004, 567.821, 484.1900000000004, 581.111), &apos;color_space&apos;: &apos;DeviceGray&apos;, &apos;ncolor&apos;: None, &apos;size&apos;: 13.289999999999964, &apos;value&apos;: &apos;.&apos;, &apos;children&apos;: [], &apos;features&apos;: {}}, {&apos;type&apos;: &apos;text&apos;, &apos;bbox&apos;: (484.1900000000004, 567.821, 486.9600000000004, 581.111), &apos;color_space&apos;: &apos;DeviceGray&apos;, &apos;ncolor&apos;: None, &apos;size&apos;: 13.289999999999964, &apos;value&apos;: &apos;.&apos;, &apos;children&apos;: [], &apos;features&apos;: {}}, {&apos;type&apos;: &apos;text&apos;, &apos;bbox&apos;: (486.9600000000004, 567.821, 489.73000000000036, 581.111), &apos;color_space&apos;: &apos;DeviceGray&apos;, &apos;ncolor&apos;: None, &apos;size&apos;: 13.289999999999964, &apos;value&apos;: &apos;.&apos;, &apos;children&apos;: [], &apos;features&apos;: {}}, {&apos;type&apos;: &apos;text&apos;, &apos;bbox&apos;: (489.7300000000004, 567.821, 492.5000000000004, 581.111), &apos;color_space&apos;: &apos;DeviceGray&apos;, &apos;ncolor&apos;: None, &apos;size&apos;: 13.289999999999964, &apos;value&apos;: &apos;.&apos;, &apos;children&apos;: [], &apos;features&apos;: {}}, {&apos;type&apos;: &apos;text&apos;, &apos;bbox&apos;: (492.5000000000004, 567.821, 495.2700000000004, 581.111), &apos;color_space&apos;: &apos;DeviceGray&apos;, &apos;ncolor&apos;: None, &apos;size&apos;: 13.289999999999964, &apos;value&apos;: &apos;.&apos;, &apos;children&apos;: [], &apos;features&apos;: {}}, {&apos;type&apos;: &apos;text&apos;, &apos;bbox&apos;: (495.2700000000004, 567.821, 498.04000000000036, 581.111), &apos;color_space&apos;: &apos;DeviceGray&apos;, &apos;ncolor&apos;: None, &apos;size&apos;: 13.289999999999964, &apos;value&apos;: &apos;.&apos;, &apos;children&apos;: [], &apos;features&apos;: {}}, {&apos;type&apos;: &apos;text&apos;, &apos;bbox&apos;: (498.04000000000036, 567.821, 500.81000000000034, 581.111), &apos;color_space&apos;: &apos;DeviceGray&apos;, &apos;ncolor&apos;: None, &apos;size&apos;: 13.289999999999964, &apos;value&apos;: &apos;.&apos;, &apos;children&apos;: [], &apos;features&apos;: {}}, {&apos;type&apos;: &apos;text&apos;, &apos;bbox&apos;: (500.81000000000034, 567.821, 503.5800000000003, 581.111), &apos;color_space&apos;: &apos;DeviceGray&apos;, &apos;ncolor&apos;: None, &apos;size&apos;: 13.289999999999964, &apos;value&apos;: &apos;.&apos;, &apos;children&apos;: [], &apos;features&apos;: {}}, {&apos;type&apos;: &apos;text&apos;, &apos;bbox&apos;: (503.5800000000003, 567.821, 506.3500000000003, 581.111), &apos;color_space&apos;: &apos;DeviceGray&apos;, &apos;ncolor&apos;: None, &apos;size&apos;: 13.289999999999964, &apos;value&apos;: &apos;.&apos;, &apos;children&apos;: [], &apos;features&apos;: {}}, {&apos;type&apos;: &apos;text&apos;, &apos;bbox&apos;: (506.3500000000003, 567.821, 509.1200000000003, 581.111), &apos;color_space&apos;: &apos;DeviceGray&apos;, &apos;ncolor&apos;: None, &apos;size&apos;: 13.289999999999964, &apos;value&apos;: &apos;.&apos;, &apos;children&apos;: [], &apos;features&apos;: {}}, {&apos;type&apos;: &apos;text&apos;, &apos;bbox&apos;: (509.1200000000003, 567.821, 511.89000000000027, 581.111), &apos;color_space&apos;: &apos;DeviceGray&apos;, &apos;ncolor&apos;: None, &apos;size&apos;: 13.289999999999964, &apos;value&apos;: &apos;.&apos;, &apos;children&apos;: [], &apos;features&apos;: {}}, {&apos;type&apos;: &apos;text&apos;, &apos;bbox&apos;: (511.89000000000027, 567.821, 514.6600000000003, 581.111), &apos;color_space&apos;: &apos;DeviceGray&apos;, &apos;ncolor&apos;: None, &apos;size&apos;: 13.289999999999964, &apos;value&apos;: &apos;.&apos;, &apos;children&apos;: [], &apos;features&apos;: {}}, {&apos;type&apos;: &apos;text&apos;, &apos;bbox&apos;: (514.6600000000003, 567.821, 517.4300000000003, 581.111), &apos;color_space&apos;: &apos;DeviceGray&apos;, &apos;ncolor&apos;: None, &apos;size&apos;: 13.289999999999964, &apos;value&apos;: &apos;.&apos;, &apos;children&apos;: [], &apos;features&apos;: {}}, {&apos;type&apos;: &apos;text&apos;, &apos;bbox&apos;: (519.986, 567.821, 525.5459999999999, 581.111), &apos;color_space&apos;: &apos;DeviceGray&apos;, &apos;ncolor&apos;: None, &apos;size&apos;: 13.289999999999964, &apos;value&apos;: &apos;7&apos;, &apos;children&apos;: [], &apos;features&apos;: {}}, {&apos;type&apos;: &apos;text&apos;, &apos;bbox&apos;: (525.5459999999999, 567.821, 528.876, 581.111), &apos;color_space&apos;: &apos;DeviceGray&apos;, &apos;ncolor&apos;: None, &apos;size&apos;: 13.289999999999964, &apos;value&apos;: &apos;-&apos;, &apos;children&apos;: [], &apos;features&apos;: {}}, {&apos;type&apos;: &apos;text&apos;, &apos;bbox&apos;: (528.877, 567.821, 534.4369999999999, 581.111), &apos;color_space&apos;: &apos;DeviceGray&apos;, &apos;ncolor&apos;: None, &apos;size&apos;: 13.289999999999964, &apos;value&apos;: &apos;1&apos;, &apos;children&apos;: [], &apos;features&apos;: {}}, {&apos;type&apos;: &apos;text&apos;, &apos;bbox&apos;: (534.4369999999999, 567.821, 539.9969999999998, 581.111), &apos;color_space&apos;: &apos;DeviceGray&apos;, &apos;ncolor&apos;: None, &apos;size&apos;: 13.289999999999964, &apos;value&apos;: &apos;7&apos;, &apos;children&apos;: [], &apos;features&apos;: {}}], &apos;features&apos;: {}}
*********************





--------------------------------- CONTENT AREA --------------------------------- 
This content area has an image
{&apos;type&apos;: &apos;figure&apos;, &apos;bbox&apos;: (0, 0, 612.0, 792.0), &apos;name&apos;: &apos;fx57&apos;, &apos;children&apos;: [{&apos;type&apos;: &apos;text&apos;, &apos;bbox&apos;: (114.0, 551.6, 122.31, 565.08), &apos;color_space&apos;: &apos;DeviceGray&apos;, &apos;ncolor&apos;: None, &apos;size&apos;: 13.480000000000018, &apos;value&apos;: &apos;D&apos;, &apos;children&apos;: [], &apos;features&apos;: {}}, {&apos;type&apos;: &apos;text&apos;, &apos;bbox&apos;: (122.31, 551.6, 126.2, 565.08), &apos;color_space&apos;: &apos;DeviceGray&apos;, &apos;ncolor&apos;: None, &apos;size&apos;: 13.480000000000018, &apos;value&apos;: &apos;I&apos;, &apos;children&apos;: [], &apos;features&apos;: {}}, {&apos;type&apos;: &apos;text&apos;, &apos;bbox&apos;: (126.2, 551.6, 136.2, 565.08), &apos;color_space&apos;: &apos;DeviceGray&apos;, &apos;ncolor&apos;: None, &apos;size&apos;: 13.480000000000018, &apos;value&apos;: &apos;M&apos;, &apos;children&apos;: [], &apos;features&apos;: {}}, {&apos;type&apos;: &apos;text&apos;, &apos;bbox&apos;: (136.2, 551.6, 141.2, 565.08), &apos;color_space&apos;: &apos;DeviceGray&apos;, &apos;ncolor&apos;: None, &apos;size&apos;: 13.480000000000018, &apos;value&apos;: &apos;_&apos;, &apos;children&apos;: [], &apos;features&apos;: {}}, {&apos;type&apos;: &apos;text&apos;, &apos;bbox&apos;: (141.2, 551.6, 147.29999999999998, 565.08), &apos;color_space&apos;: &apos;DeviceGray&apos;, &apos;ncolor&apos;: None, &apos;size&apos;: 13.480000000000018, &apos;value&apos;: &apos;P&apos;, &apos;children&apos;: [], &apos;features&apos;: {}}, {&apos;type&apos;: &apos;text&apos;, &apos;bbox&apos;: (147.3, 551.6, 154.43, 565.08), &apos;color_space&apos;: &apos;DeviceGray&apos;, &apos;ncolor&apos;: None, &apos;size&apos;: 13.480000000000018, &apos;value&apos;: &apos;R&apos;, &apos;children&apos;: [], &apos;features&apos;: {}}, {&apos;type&apos;: &apos;text&apos;, &apos;bbox&apos;: (154.43, 551.6, 162.76000000000002, 565.08), &apos;color_space&apos;: &apos;DeviceGray&apos;, &apos;ncolor&apos;: None, &apos;size&apos;: 13.480000000000018, &apos;value&apos;: &apos;O&apos;, &apos;children&apos;: [], &apos;features&apos;: {}}, {&apos;type&apos;: &apos;text&apos;, &apos;bbox&apos;: (162.76, 551.6, 171.07, 565.08), &apos;color_space&apos;: &apos;DeviceGray&apos;, &apos;ncolor&apos;: None, &apos;size&apos;: 13.480000000000018, &apos;value&apos;: &apos;D&apos;, &apos;children&apos;: [], &apos;features&apos;: {}}, {&apos;type&apos;: &apos;text&apos;, &apos;bbox&apos;: (171.07, 551.6, 178.84, 565.08), &apos;color_space&apos;: &apos;DeviceGray&apos;, &apos;ncolor&apos;: None, &apos;size&apos;: 13.480000000000018, &apos;value&apos;: &apos;U&apos;, &apos;children&apos;: [], &apos;features&apos;: {}}, {&apos;type&apos;: &apos;text&apos;, &apos;bbox&apos;: (178.84, 551.6, 186.06, 565.08), &apos;color_space&apos;: &apos;DeviceGray&apos;, &apos;ncolor&apos;: None, &apos;size&apos;: 13.480000000000018, &apos;value&apos;: &apos;C&apos;, &apos;children&apos;: [], &apos;features&apos;: {}}, {&apos;type&apos;: &apos;text&apos;, &apos;bbox&apos;: (186.06, 551.6, 192.72, 565.08), &apos;color_space&apos;: &apos;DeviceGray&apos;, &apos;ncolor&apos;: None, &apos;size&apos;: 13.480000000000018, &apos;value&apos;: &apos;T&apos;, &apos;children&apos;: [], &apos;features&apos;: {}}, {&apos;type&apos;: &apos;text&apos;, &apos;bbox&apos;: (192.72, 551.6, 198.82, 565.08), &apos;color_space&apos;: &apos;DeviceGray&apos;, &apos;ncolor&apos;: None, &apos;size&apos;: 13.480000000000018, &apos;value&apos;: &apos;S&apos;, &apos;children&apos;: [], &apos;features&apos;: {}}, {&apos;type&apos;: &apos;text&apos;, &apos;bbox&apos;: (198.82, 551.6, 203.82, 565.08), &apos;color_space&apos;: &apos;DeviceGray&apos;, &apos;ncolor&apos;: None, &apos;size&apos;: 13.480000000000018, &apos;value&apos;: &apos;_&apos;, &apos;children&apos;: [], &apos;features&apos;: {}}, {&apos;type&apos;: &apos;text&apos;, &apos;bbox&apos;: (203.82, 551.6, 212.15, 565.08), &apos;color_space&apos;: &apos;DeviceGray&apos;, &apos;ncolor&apos;: None, &apos;size&apos;: 13.480000000000018, &apos;value&apos;: &apos;H&apos;, &apos;children&apos;: [], &apos;features&apos;: {}}, {&apos;type&apos;: &apos;text&apos;, &apos;bbox&apos;: (212.14999999999998, 551.6, 216.03999999999996, 565.08), &apos;color_space&apos;: &apos;DeviceGray&apos;, &apos;ncolor&apos;: None, &apos;size&apos;: 13.480000000000018, &apos;value&apos;: &apos;I&apos;, &apos;children&apos;: [], &apos;features&apos;: {}}, {&apos;type&apos;: &apos;text&apos;, &apos;bbox&apos;: (216.04, 551.6, 222.09, 565.08), &apos;color_space&apos;: &apos;DeviceGray&apos;, &apos;ncolor&apos;: None, &apos;size&apos;: 13.480000000000018, &apos;value&apos;: &apos;E&apos;, &apos;children&apos;: [], &apos;features&apos;: {}}, {&apos;type&apos;: &apos;text&apos;, &apos;bbox&apos;: (222.08999999999997, 551.6, 229.21999999999997, 565.08), &apos;color_space&apos;: &apos;DeviceGray&apos;, &apos;ncolor&apos;: None, &apos;size&apos;: 13.480000000000018, &apos;value&apos;: &apos;R&apos;, &apos;children&apos;: [], &apos;features&apos;: {}}, {&apos;type&apos;: &apos;text&apos;, &apos;bbox&apos;: (229.283, 552.33, 232.053, 565.62), &apos;color_space&apos;: &apos;DeviceGray&apos;, &apos;ncolor&apos;: None, &apos;size&apos;: 13.289999999999964, &apos;value&apos;: &apos;.&apos;, &apos;children&apos;: [], &apos;features&apos;: {}}, {&apos;type&apos;: &apos;text&apos;, &apos;bbox&apos;: (232.053, 552.33, 234.823, 565.62), &apos;color_space&apos;: &apos;DeviceGray&apos;, &apos;ncolor&apos;: None, &apos;size&apos;: 13.289999999999964, &apos;value&apos;: &apos;.&apos;, &apos;children&apos;: [], &apos;features&apos;: {}}, {&apos;type&apos;: &apos;text&apos;, &apos;bbox&apos;: (234.82299999999998, 552.33, 237.593, 565.62), &apos;color_space&apos;: &apos;DeviceGray&apos;, &apos;ncolor&apos;: None, &apos;size&apos;: 13.289999999999964, &apos;value&apos;: &apos;.&apos;, &apos;children&apos;: [], &apos;features&apos;: {}}, {&apos;type&apos;: &apos;text&apos;, &apos;bbox&apos;: (237.593, 552.33, 240.363, 565.62), &apos;color_space&apos;: &apos;DeviceGray&apos;, &apos;ncolor&apos;: None, &apos;size&apos;: 13.289999999999964, &apos;value&apos;: &apos;.&apos;, &apos;children&apos;: [], &apos;features&apos;: {}}, {&apos;type&apos;: &apos;text&apos;, &apos;bbox&apos;: (240.363, 552.33, 243.133, 565.62), &apos;color_space&apos;: &apos;DeviceGray&apos;, &apos;ncolor&apos;: None, &apos;size&apos;: 13.289999999999964, &apos;value&apos;: &apos;.&apos;, &apos;children&apos;: [], &apos;features&apos;: {}}, {&apos;type&apos;: &apos;text&apos;, &apos;bbox&apos;: (243.13299999999998, 552.33, 245.903, 565.62), &apos;color_space&apos;: &apos;DeviceGray&apos;, &apos;ncolor&apos;: None, &apos;size&apos;: 13.289999999999964, &apos;value&apos;: &apos;.&apos;, &apos;children&apos;: [], &apos;features&apos;: {}}, {&apos;type&apos;: &apos;text&apos;, &apos;bbox&apos;: (245.903, 552.33, 248.673, 565.62), &apos;color_space&apos;: &apos;DeviceGray&apos;, &apos;ncolor&apos;: None, &apos;size&apos;: 13.289999999999964, &apos;value&apos;: &apos;.&apos;, &apos;children&apos;: [], &apos;features&apos;: {}}, {&apos;type&apos;: &apos;text&apos;, &apos;bbox&apos;: (248.673, 552.33, 251.443, 565.62), &apos;color_space&apos;: &apos;DeviceGray&apos;, &apos;ncolor&apos;: None, &apos;size&apos;: 13.289999999999964, &apos;value&apos;: &apos;.&apos;, &apos;children&apos;: [], &apos;features&apos;: {}}, {&apos;type&apos;: &apos;text&apos;, &apos;bbox&apos;: (251.44299999999998, 552.33, 254.213, 565.62), &apos;color_space&apos;: &apos;DeviceGray&apos;, &apos;ncolor&apos;: None, &apos;size&apos;: 13.289999999999964, &apos;value&apos;: &apos;.&apos;, &apos;children&apos;: [], &apos;features&apos;: {}}, {&apos;type&apos;: &apos;text&apos;, &apos;bbox&apos;: (254.213, 552.33, 256.983, 565.62), &apos;color_space&apos;: &apos;DeviceGray&apos;, &apos;ncolor&apos;: None, &apos;size&apos;: 13.289999999999964, &apos;value&apos;: &apos;.&apos;, &apos;children&apos;: [], &apos;features&apos;: {}}, {&apos;type&apos;: &apos;text&apos;, &apos;bbox&apos;: (256.983, 552.33, 259.753, 565.62), &apos;color_space&apos;: &apos;DeviceGray&apos;, &apos;ncolor&apos;: None, &apos;size&apos;: 13.289999999999964, &apos;value&apos;: &apos;.&apos;, &apos;children&apos;: [], &apos;features&apos;: {}}, {&apos;type&apos;: &apos;text&apos;, &apos;bbox&apos;: (259.753, 552.33, 262.52299999999997, 565.62), &apos;color_space&apos;: &apos;DeviceGray&apos;, &apos;ncolor&apos;: None, &apos;size&apos;: 13.289999999999964, &apos;value&apos;: &apos;.&apos;, &apos;children&apos;: [], &apos;features&apos;: {}}, {&apos;type&apos;: &apos;text&apos;, &apos;bbox&apos;: (262.52299999999997, 552.33, 265.29299999999995, 565.62), &apos;color_space&apos;: &apos;DeviceGray&apos;, &apos;ncolor&apos;: None, &apos;size&apos;: 13.289999999999964, &apos;value&apos;: &apos;.&apos;, &apos;children&apos;: [], &apos;features&apos;: {}}, {&apos;type&apos;: &apos;text&apos;, &apos;bbox&apos;: (265.293, 552.33, 268.063, 565.62), &apos;color_space&apos;: &apos;DeviceGray&apos;, &apos;ncolor&apos;: None, &apos;size&apos;: 13.289999999999964, &apos;value&apos;: &apos;.&apos;, &apos;children&apos;: [], &apos;features&apos;: {}}, {&apos;type&apos;: &apos;text&apos;, &apos;bbox&apos;: (268.063, 552.33, 270.83299999999997, 565.62), &apos;color_space&apos;: &apos;DeviceGray&apos;, &apos;ncolor&apos;: None, &apos;size&apos;: 13.289999999999964, &apos;value&apos;: &apos;.&apos;, &apos;children&apos;: [], &apos;features&apos;: {}}, {&apos;type&apos;: &apos;text&apos;, &apos;bbox&apos;: (270.83299999999997, 552.33, 273.60299999999995, 565.62), &apos;color_space&apos;: &apos;DeviceGray&apos;, &apos;ncolor&apos;: None, &apos;size&apos;: 13.289999999999964, &apos;value&apos;: &apos;.&apos;, &apos;children&apos;: [], &apos;features&apos;: {}}, {&apos;type&apos;: &apos;text&apos;, &apos;bbox&apos;: (273.603, 552.33, 276.373, 565.62), &apos;color_space&apos;: &apos;DeviceGray&apos;, &apos;ncolor&apos;: None, &apos;size&apos;: 13.289999999999964, &apos;value&apos;: &apos;.&apos;, &apos;children&apos;: [], &apos;features&apos;: {}}, {&apos;type&apos;: &apos;text&apos;, &apos;bbox&apos;: (276.373, 552.33, 279.143, 565.62), &apos;color_space&apos;: &apos;DeviceGray&apos;, &apos;ncolor&apos;: None, &apos;size&apos;: 13.289999999999964, &apos;value&apos;: &apos;.&apos;, &apos;children&apos;: [], &apos;features&apos;: {}}, {&apos;type&apos;: &apos;text&apos;, &apos;bbox&apos;: (279.14300000000003, 552.33, 281.913, 565.62), &apos;color_space&apos;: &apos;DeviceGray&apos;, &apos;ncolor&apos;: None, &apos;size&apos;: 13.289999999999964, &apos;value&apos;: &apos;.&apos;, &apos;children&apos;: [], &apos;features&apos;: {}}, {&apos;type&apos;: &apos;text&apos;, &apos;bbox&apos;: (281.913, 552.33, 284.683, 565.62), &apos;color_space&apos;: &apos;DeviceGray&apos;, &apos;ncolor&apos;: None, &apos;size&apos;: 13.289999999999964, &apos;value&apos;: &apos;.&apos;, &apos;children&apos;: [], &apos;features&apos;: {}}, {&apos;type&apos;: &apos;text&apos;, &apos;bbox&apos;: (284.683, 552.33, 287.453, 565.62), &apos;color_space&apos;: &apos;DeviceGray&apos;, &apos;ncolor&apos;: None, &apos;size&apos;: 13.289999999999964, &apos;value&apos;: &apos;.&apos;, &apos;children&apos;: [], &apos;features&apos;: {}}, {&apos;type&apos;: &apos;text&apos;, &apos;bbox&apos;: (287.45300000000003, 552.33, 290.223, 565.62), &apos;color_space&apos;: &apos;DeviceGray&apos;, &apos;ncolor&apos;: None, &apos;size&apos;: 13.289999999999964, &apos;value&apos;: &apos;.&apos;, &apos;children&apos;: [], &apos;features&apos;: {}}, {&apos;type&apos;: &apos;text&apos;, &apos;bbox&apos;: (290.223, 552.33, 292.993, 565.62), &apos;color_space&apos;: &apos;DeviceGray&apos;, &apos;ncolor&apos;: None, &apos;size&apos;: 13.289999999999964, &apos;value&apos;: &apos;.&apos;, &apos;children&apos;: [], &apos;features&apos;: {}}, {&apos;type&apos;: &apos;text&apos;, &apos;bbox&apos;: (292.99300000000005, 552.33, 295.76300000000003, 565.62), &apos;color_space&apos;: &apos;DeviceGray&apos;, &apos;ncolor&apos;: None, &apos;size&apos;: 13.289999999999964, &apos;value&apos;: &apos;.&apos;, &apos;children&apos;: [], &apos;features&apos;: {}}, {&apos;type&apos;: &apos;text&apos;, &apos;bbox&apos;: (295.76300000000003, 552.33, 298.533, 565.62), &apos;color_space&apos;: &apos;DeviceGray&apos;, &apos;ncolor&apos;: None, &apos;size&apos;: 13.289999999999964, &apos;value&apos;: &apos;.&apos;, &apos;children&apos;: [], &apos;features&apos;: {}}, {&apos;type&apos;: &apos;text&apos;, &apos;bbox&apos;: (298.533, 552.33, 301.303, 565.62), &apos;color_space&apos;: &apos;DeviceGray&apos;, &apos;ncolor&apos;: None, &apos;size&apos;: 13.289999999999964, &apos;value&apos;: &apos;.&apos;, &apos;children&apos;: [], &apos;features&apos;: {}}, {&apos;type&apos;: &apos;text&apos;, &apos;bbox&apos;: (301.303, 552.33, 304.073, 565.62), &apos;color_space&apos;: &apos;DeviceGray&apos;, &apos;ncolor&apos;: None, &apos;size&apos;: 13.289999999999964, &apos;value&apos;: &apos;.&apos;, &apos;children&apos;: [], &apos;features&apos;: {}}, {&apos;type&apos;: &apos;text&apos;, &apos;bbox&apos;: (304.073, 552.33, 306.84299999999996, 565.62), &apos;color_space&apos;: &apos;DeviceGray&apos;, &apos;ncolor&apos;: None, &apos;size&apos;: 13.289999999999964, &apos;value&apos;: &apos;.&apos;, &apos;children&apos;: [], &apos;features&apos;: {}}, {&apos;type&apos;: &apos;text&apos;, &apos;bbox&apos;: (306.843, 552.33, 309.613, 565.62), &apos;color_space&apos;: &apos;DeviceGray&apos;, &apos;ncolor&apos;: None, &apos;size&apos;: 13.289999999999964, &apos;value&apos;: &apos;.&apos;, &apos;children&apos;: [], &apos;features&apos;: {}}, {&apos;type&apos;: &apos;text&apos;, &apos;bbox&apos;: (309.613, 552.33, 312.383, 565.62), &apos;color_space&apos;: &apos;DeviceGray&apos;, &apos;ncolor&apos;: None, &apos;size&apos;: 13.289999999999964, &apos;value&apos;: &apos;.&apos;, &apos;children&apos;: [], &apos;features&apos;: {}}, {&apos;type&apos;: &apos;text&apos;, &apos;bbox&apos;: (312.383, 552.33, 315.15299999999996, 565.62), &apos;color_space&apos;: &apos;DeviceGray&apos;, &apos;ncolor&apos;: None, &apos;size&apos;: 13.289999999999964, &apos;value&apos;: &apos;.&apos;, &apos;children&apos;: [], &apos;features&apos;: {}}, {&apos;type&apos;: &apos;text&apos;, &apos;bbox&apos;: (315.153, 552.33, 317.923, 565.62), &apos;color_space&apos;: &apos;DeviceGray&apos;, &apos;ncolor&apos;: None, &apos;size&apos;: 13.289999999999964, &apos;value&apos;: &apos;.&apos;, &apos;children&apos;: [], &apos;features&apos;: {}}, {&apos;type&apos;: &apos;text&apos;, &apos;bbox&apos;: (317.923, 552.33, 320.693, 565.62), &apos;color_space&apos;: &apos;DeviceGray&apos;, &apos;ncolor&apos;: None, &apos;size&apos;: 13.289999999999964, &apos;value&apos;: &apos;.&apos;, &apos;children&apos;: [], &apos;features&apos;: {}}, {&apos;type&apos;: &apos;text&apos;, &apos;bbox&apos;: (320.693, 552.33, 323.46299999999997, 565.62), &apos;color_space&apos;: &apos;DeviceGray&apos;, &apos;ncolor&apos;: None, &apos;size&apos;: 13.289999999999964, &apos;value&apos;: &apos;.&apos;, &apos;children&apos;: [], &apos;features&apos;: {}}, {&apos;type&apos;: &apos;text&apos;, &apos;bbox&apos;: (323.46299999999997, 552.33, 326.23299999999995, 565.62), &apos;color_space&apos;: &apos;DeviceGray&apos;, &apos;ncolor&apos;: None, &apos;size&apos;: 13.289999999999964, &apos;value&apos;: &apos;.&apos;, &apos;children&apos;: [], &apos;features&apos;: {}}, {&apos;type&apos;: &apos;text&apos;, &apos;bbox&apos;: (326.23299999999995, 552.33, 329.00299999999993, 565.62), &apos;color_space&apos;: &apos;DeviceGray&apos;, &apos;ncolor&apos;: None, &apos;size&apos;: 13.289999999999964, &apos;value&apos;: &apos;.&apos;, &apos;children&apos;: [], &apos;features&apos;: {}}, {&apos;type&apos;: &apos;text&apos;, &apos;bbox&apos;: (329.003, 552.33, 331.77299999999997, 565.62), &apos;color_space&apos;: &apos;DeviceGray&apos;, &apos;ncolor&apos;: None, &apos;size&apos;: 13.289999999999964, &apos;value&apos;: &apos;.&apos;, &apos;children&apos;: [], &apos;features&apos;: {}}, {&apos;type&apos;: &apos;text&apos;, &apos;bbox&apos;: (331.77299999999997, 552.33, 334.54299999999995, 565.62), &apos;color_space&apos;: &apos;DeviceGray&apos;, &apos;ncolor&apos;: None, &apos;size&apos;: 13.289999999999964, &apos;value&apos;: &apos;.&apos;, &apos;children&apos;: [], &apos;features&apos;: {}}, {&apos;type&apos;: &apos;text&apos;, &apos;bbox&apos;: (334.54299999999995, 552.33, 337.31299999999993, 565.62), &apos;color_space&apos;: &apos;DeviceGray&apos;, &apos;ncolor&apos;: None, &apos;size&apos;: 13.289999999999964, &apos;value&apos;: &apos;.&apos;, &apos;children&apos;: [], &apos;features&apos;: {}}, {&apos;type&apos;: &apos;text&apos;, &apos;bbox&apos;: (337.313, 552.33, 340.08299999999997, 565.62), &apos;color_space&apos;: &apos;DeviceGray&apos;, &apos;ncolor&apos;: None, &apos;size&apos;: 13.289999999999964, &apos;value&apos;: &apos;.&apos;, &apos;children&apos;: [], &apos;features&apos;: {}}, {&apos;type&apos;: &apos;text&apos;, &apos;bbox&apos;: (340.08299999999997, 552.33, 342.85299999999995, 565.62), &apos;color_space&apos;: &apos;DeviceGray&apos;, &apos;ncolor&apos;: None, &apos;size&apos;: 13.289999999999964, &apos;value&apos;: &apos;.&apos;, &apos;children&apos;: [], &apos;features&apos;: {}}, {&apos;type&apos;: &apos;text&apos;, &apos;bbox&apos;: (342.85299999999995, 552.33, 345.62299999999993, 565.62), &apos;color_space&apos;: &apos;DeviceGray&apos;, &apos;ncolor&apos;: None, &apos;size&apos;: 13.289999999999964, &apos;value&apos;: &apos;.&apos;, &apos;children&apos;: [], &apos;features&apos;: {}}, {&apos;type&apos;: &apos;text&apos;, &apos;bbox&apos;: (345.62299999999993, 552.33, 348.3929999999999, 565.62), &apos;color_space&apos;: &apos;DeviceGray&apos;, &apos;ncolor&apos;: None, &apos;size&apos;: 13.289999999999964, &apos;value&apos;: &apos;.&apos;, &apos;children&apos;: [], &apos;features&apos;: {}}, {&apos;type&apos;: &apos;text&apos;, &apos;bbox&apos;: (348.3929999999999, 552.33, 351.1629999999999, 565.62), &apos;color_space&apos;: &apos;DeviceGray&apos;, &apos;ncolor&apos;: None, &apos;size&apos;: 13.289999999999964, &apos;value&apos;: &apos;.&apos;, &apos;children&apos;: [], &apos;features&apos;: {}}, {&apos;type&apos;: &apos;text&apos;, &apos;bbox&apos;: (351.16299999999995, 552.33, 353.93299999999994, 565.62), &apos;color_space&apos;: &apos;DeviceGray&apos;, &apos;ncolor&apos;: None, &apos;size&apos;: 13.289999999999964, &apos;value&apos;: &apos;.&apos;, &apos;children&apos;: [], &apos;features&apos;: {}}, {&apos;type&apos;: &apos;text&apos;, &apos;bbox&apos;: (353.93299999999994, 552.33, 356.7029999999999, 565.62), &apos;color_space&apos;: &apos;DeviceGray&apos;, &apos;ncolor&apos;: None, &apos;size&apos;: 13.289999999999964, &apos;value&apos;: &apos;.&apos;, &apos;children&apos;: [], &apos;features&apos;: {}}, {&apos;type&apos;: &apos;text&apos;, &apos;bbox&apos;: (356.7029999999999, 552.33, 359.4729999999999, 565.62), &apos;color_space&apos;: &apos;DeviceGray&apos;, &apos;ncolor&apos;: None, &apos;size&apos;: 13.289999999999964, &apos;value&apos;: &apos;.&apos;, &apos;children&apos;: [], &apos;features&apos;: {}}, {&apos;type&apos;: &apos;text&apos;, &apos;bbox&apos;: (359.47299999999996, 552.33, 362.24299999999994, 565.62), &apos;color_space&apos;: &apos;DeviceGray&apos;, &apos;ncolor&apos;: None, &apos;size&apos;: 13.289999999999964, &apos;value&apos;: &apos;.&apos;, &apos;children&apos;: [], &apos;features&apos;: {}}, {&apos;type&apos;: &apos;text&apos;, &apos;bbox&apos;: (362.24299999999994, 552.33, 365.0129999999999, 565.62), &apos;color_space&apos;: &apos;DeviceGray&apos;, &apos;ncolor&apos;: None, &apos;size&apos;: 13.289999999999964, &apos;value&apos;: &apos;.&apos;, &apos;children&apos;: [], &apos;features&apos;: {}}, {&apos;type&apos;: &apos;text&apos;, &apos;bbox&apos;: (365.0129999999999, 552.33, 367.7829999999999, 565.62), &apos;color_space&apos;: &apos;DeviceGray&apos;, &apos;ncolor&apos;: None, &apos;size&apos;: 13.289999999999964, &apos;value&apos;: &apos;.&apos;, &apos;children&apos;: [], &apos;features&apos;: {}}, {&apos;type&apos;: &apos;text&apos;, &apos;bbox&apos;: (367.78299999999996, 552.33, 370.55299999999994, 565.62), &apos;color_space&apos;: &apos;DeviceGray&apos;, &apos;ncolor&apos;: None, &apos;size&apos;: 13.289999999999964, &apos;value&apos;: &apos;.&apos;, &apos;children&apos;: [], &apos;features&apos;: {}}, {&apos;type&apos;: &apos;text&apos;, &apos;bbox&apos;: (370.553, 552.33, 373.323, 565.62), &apos;color_space&apos;: &apos;DeviceGray&apos;, &apos;ncolor&apos;: None, &apos;size&apos;: 13.289999999999964, &apos;value&apos;: &apos;.&apos;, &apos;children&apos;: [], &apos;features&apos;: {}}, {&apos;type&apos;: &apos;text&apos;, &apos;bbox&apos;: (373.323, 552.33, 376.09299999999996, 565.62), &apos;color_space&apos;: &apos;DeviceGray&apos;, &apos;ncolor&apos;: None, &apos;size&apos;: 13.289999999999964, &apos;value&apos;: &apos;.&apos;, &apos;children&apos;: [], &apos;features&apos;: {}}, {&apos;type&apos;: &apos;text&apos;, &apos;bbox&apos;: (376.09299999999996, 552.33, 378.86299999999994, 565.62), &apos;color_space&apos;: &apos;DeviceGray&apos;, &apos;ncolor&apos;: None, &apos;size&apos;: 13.289999999999964, &apos;value&apos;: &apos;.&apos;, &apos;children&apos;: [], &apos;features&apos;: {}}, {&apos;type&apos;: &apos;text&apos;, &apos;bbox&apos;: (378.863, 552.33, 381.633, 565.62), &apos;color_space&apos;: &apos;DeviceGray&apos;, &apos;ncolor&apos;: None, &apos;size&apos;: 13.289999999999964, &apos;value&apos;: &apos;.&apos;, &apos;children&apos;: [], &apos;features&apos;: {}}, {&apos;type&apos;: &apos;text&apos;, &apos;bbox&apos;: (381.63300000000004, 552.33, 384.403, 565.62), &apos;color_space&apos;: &apos;DeviceGray&apos;, &apos;ncolor&apos;: None, &apos;size&apos;: 13.289999999999964, &apos;value&apos;: &apos;.&apos;, &apos;children&apos;: [], &apos;features&apos;: {}}, {&apos;type&apos;: &apos;text&apos;, &apos;bbox&apos;: (384.403, 552.33, 387.173, 565.62), &apos;color_space&apos;: &apos;DeviceGray&apos;, &apos;ncolor&apos;: None, &apos;size&apos;: 13.289999999999964, &apos;value&apos;: &apos;.&apos;, &apos;children&apos;: [], &apos;features&apos;: {}}, {&apos;type&apos;: &apos;text&apos;, &apos;bbox&apos;: (387.173, 552.33, 389.943, 565.62), &apos;color_space&apos;: &apos;DeviceGray&apos;, &apos;ncolor&apos;: None, &apos;size&apos;: 13.289999999999964, &apos;value&apos;: &apos;.&apos;, &apos;children&apos;: [], &apos;features&apos;: {}}, {&apos;type&apos;: &apos;text&apos;, &apos;bbox&apos;: (389.94300000000004, 552.33, 392.713, 565.62), &apos;color_space&apos;: &apos;DeviceGray&apos;, &apos;ncolor&apos;: None, &apos;size&apos;: 13.289999999999964, &apos;value&apos;: &apos;.&apos;, &apos;children&apos;: [], &apos;features&apos;: {}}, {&apos;type&apos;: &apos;text&apos;, &apos;bbox&apos;: (392.7130000000001, 552.33, 395.48300000000006, 565.62), &apos;color_space&apos;: &apos;DeviceGray&apos;, &apos;ncolor&apos;: None, &apos;size&apos;: 13.289999999999964, &apos;value&apos;: &apos;.&apos;, &apos;children&apos;: [], &apos;features&apos;: {}}, {&apos;type&apos;: &apos;text&apos;, &apos;bbox&apos;: (395.48300000000006, 552.33, 398.25300000000004, 565.62), &apos;color_space&apos;: &apos;DeviceGray&apos;, &apos;ncolor&apos;: None, &apos;size&apos;: 13.289999999999964, &apos;value&apos;: &apos;.&apos;, &apos;children&apos;: [], &apos;features&apos;: {}}, {&apos;type&apos;: &apos;text&apos;, &apos;bbox&apos;: (398.25300000000004, 552.33, 401.023, 565.62), &apos;color_space&apos;: &apos;DeviceGray&apos;, &apos;ncolor&apos;: None, &apos;size&apos;: 13.289999999999964, &apos;value&apos;: &apos;.&apos;, &apos;children&apos;: [], &apos;features&apos;: {}}, {&apos;type&apos;: &apos;text&apos;, &apos;bbox&apos;: (401.0230000000001, 552.33, 403.79300000000006, 565.62), &apos;color_space&apos;: &apos;DeviceGray&apos;, &apos;ncolor&apos;: None, &apos;size&apos;: 13.289999999999964, &apos;value&apos;: &apos;.&apos;, &apos;children&apos;: [], &apos;features&apos;: {}}, {&apos;type&apos;: &apos;text&apos;, &apos;bbox&apos;: (403.7930000000001, 552.33, 406.5630000000001, 565.62), &apos;color_space&apos;: &apos;DeviceGray&apos;, &apos;ncolor&apos;: None, &apos;size&apos;: 13.289999999999964, &apos;value&apos;: &apos;.&apos;, &apos;children&apos;: [], &apos;features&apos;: {}}, {&apos;type&apos;: &apos;text&apos;, &apos;bbox&apos;: (406.5630000000001, 552.33, 409.3330000000001, 565.62), &apos;color_space&apos;: &apos;DeviceGray&apos;, &apos;ncolor&apos;: None, &apos;size&apos;: 13.289999999999964, &apos;value&apos;: &apos;.&apos;, &apos;children&apos;: [], &apos;features&apos;: {}}, {&apos;type&apos;: &apos;text&apos;, &apos;bbox&apos;: (409.3330000000001, 552.33, 412.10300000000007, 565.62), &apos;color_space&apos;: &apos;DeviceGray&apos;, &apos;ncolor&apos;: None, &apos;size&apos;: 13.289999999999964, &apos;value&apos;: &apos;.&apos;, &apos;children&apos;: [], &apos;features&apos;: {}}, {&apos;type&apos;: &apos;text&apos;, &apos;bbox&apos;: (412.1030000000001, 552.33, 414.8730000000001, 565.62), &apos;color_space&apos;: &apos;DeviceGray&apos;, &apos;ncolor&apos;: None, &apos;size&apos;: 13.289999999999964, &apos;value&apos;: &apos;.&apos;, &apos;children&apos;: [], &apos;features&apos;: {}}, {&apos;type&apos;: &apos;text&apos;, &apos;bbox&apos;: (414.87300000000016, 552.33, 417.64300000000014, 565.62), &apos;color_space&apos;: &apos;DeviceGray&apos;, &apos;ncolor&apos;: None, &apos;size&apos;: 13.289999999999964, &apos;value&apos;: &apos;.&apos;, &apos;children&apos;: [], &apos;features&apos;: {}}, {&apos;type&apos;: &apos;text&apos;, &apos;bbox&apos;: (417.64300000000014, 552.33, 420.4130000000001, 565.62), &apos;color_space&apos;: &apos;DeviceGray&apos;, &apos;ncolor&apos;: None, &apos;size&apos;: 13.289999999999964, &apos;value&apos;: &apos;.&apos;, &apos;children&apos;: [], &apos;features&apos;: {}}, {&apos;type&apos;: &apos;text&apos;, &apos;bbox&apos;: (420.4130000000001, 552.33, 423.1830000000001, 565.62), &apos;color_space&apos;: &apos;DeviceGray&apos;, &apos;ncolor&apos;: None, &apos;size&apos;: 13.289999999999964, &apos;value&apos;: &apos;.&apos;, &apos;children&apos;: [], &apos;features&apos;: {}}, {&apos;type&apos;: &apos;text&apos;, &apos;bbox&apos;: (423.18300000000016, 552.33, 425.95300000000015, 565.62), &apos;color_space&apos;: &apos;DeviceGray&apos;, &apos;ncolor&apos;: None, &apos;size&apos;: 13.289999999999964, &apos;value&apos;: &apos;.&apos;, &apos;children&apos;: [], &apos;features&apos;: {}}, {&apos;type&apos;: &apos;text&apos;, &apos;bbox&apos;: (425.9530000000002, 552.33, 428.7230000000002, 565.62), &apos;color_space&apos;: &apos;DeviceGray&apos;, &apos;ncolor&apos;: None, &apos;size&apos;: 13.289999999999964, &apos;value&apos;: &apos;.&apos;, &apos;children&apos;: [], &apos;features&apos;: {}}, {&apos;type&apos;: &apos;text&apos;, &apos;bbox&apos;: (428.7230000000002, 552.33, 431.49300000000017, 565.62), &apos;color_space&apos;: &apos;DeviceGray&apos;, &apos;ncolor&apos;: None, &apos;size&apos;: 13.289999999999964, &apos;value&apos;: &apos;.&apos;, &apos;children&apos;: [], &apos;features&apos;: {}}, {&apos;type&apos;: &apos;text&apos;, &apos;bbox&apos;: (431.49300000000017, 552.33, 434.26300000000015, 565.62), &apos;color_space&apos;: &apos;DeviceGray&apos;, &apos;ncolor&apos;: None, &apos;size&apos;: 13.289999999999964, &apos;value&apos;: &apos;.&apos;, &apos;children&apos;: [], &apos;features&apos;: {}}, {&apos;type&apos;: &apos;text&apos;, &apos;bbox&apos;: (434.2630000000002, 552.33, 437.0330000000002, 565.62), &apos;color_space&apos;: &apos;DeviceGray&apos;, &apos;ncolor&apos;: None, &apos;size&apos;: 13.289999999999964, &apos;value&apos;: &apos;.&apos;, &apos;children&apos;: [], &apos;features&apos;: {}}, {&apos;type&apos;: &apos;text&apos;, &apos;bbox&apos;: (437.03300000000024, 552.33, 439.8030000000002, 565.62), &apos;color_space&apos;: &apos;DeviceGray&apos;, &apos;ncolor&apos;: None, &apos;size&apos;: 13.289999999999964, &apos;value&apos;: &apos;.&apos;, &apos;children&apos;: [], &apos;features&apos;: {}}, {&apos;type&apos;: &apos;text&apos;, &apos;bbox&apos;: (439.8030000000002, 552.33, 442.5730000000002, 565.62), &apos;color_space&apos;: &apos;DeviceGray&apos;, &apos;ncolor&apos;: None, &apos;size&apos;: 13.289999999999964, &apos;value&apos;: &apos;.&apos;, &apos;children&apos;: [], &apos;features&apos;: {}}, {&apos;type&apos;: &apos;text&apos;, &apos;bbox&apos;: (442.5730000000002, 552.33, 445.3430000000002, 565.62), &apos;color_space&apos;: &apos;DeviceGray&apos;, &apos;ncolor&apos;: None, &apos;size&apos;: 13.289999999999964, &apos;value&apos;: &apos;.&apos;, &apos;children&apos;: [], &apos;features&apos;: {}}, {&apos;type&apos;: &apos;text&apos;, &apos;bbox&apos;: (445.34300000000025, 552.33, 448.1130000000002, 565.62), &apos;color_space&apos;: &apos;DeviceGray&apos;, &apos;ncolor&apos;: None, &apos;size&apos;: 13.289999999999964, &apos;value&apos;: &apos;.&apos;, &apos;children&apos;: [], &apos;features&apos;: {}}, {&apos;type&apos;: &apos;text&apos;, &apos;bbox&apos;: (448.1130000000003, 552.33, 450.88300000000027, 565.62), &apos;color_space&apos;: &apos;DeviceGray&apos;, &apos;ncolor&apos;: None, &apos;size&apos;: 13.289999999999964, &apos;value&apos;: &apos;.&apos;, &apos;children&apos;: [], &apos;features&apos;: {}}, {&apos;type&apos;: &apos;text&apos;, &apos;bbox&apos;: (450.88300000000027, 552.33, 453.65300000000025, 565.62), &apos;color_space&apos;: &apos;DeviceGray&apos;, &apos;ncolor&apos;: None, &apos;size&apos;: 13.289999999999964, &apos;value&apos;: &apos;.&apos;, &apos;children&apos;: [], &apos;features&apos;: {}}, {&apos;type&apos;: &apos;text&apos;, &apos;bbox&apos;: (453.65300000000025, 552.33, 456.42300000000023, 565.62), &apos;color_space&apos;: &apos;DeviceGray&apos;, &apos;ncolor&apos;: None, &apos;size&apos;: 13.289999999999964, &apos;value&apos;: &apos;.&apos;, &apos;children&apos;: [], &apos;features&apos;: {}}, {&apos;type&apos;: &apos;text&apos;, &apos;bbox&apos;: (456.4230000000003, 552.33, 459.19300000000027, 565.62), &apos;color_space&apos;: &apos;DeviceGray&apos;, &apos;ncolor&apos;: None, &apos;size&apos;: 13.289999999999964, &apos;value&apos;: &apos;.&apos;, &apos;children&apos;: [], &apos;features&apos;: {}}, {&apos;type&apos;: &apos;text&apos;, &apos;bbox&apos;: (459.1930000000003, 552.33, 461.9630000000003, 565.62), &apos;color_space&apos;: &apos;DeviceGray&apos;, &apos;ncolor&apos;: None, &apos;size&apos;: 13.289999999999964, &apos;value&apos;: &apos;.&apos;, &apos;children&apos;: [], &apos;features&apos;: {}}, {&apos;type&apos;: &apos;text&apos;, &apos;bbox&apos;: (461.9630000000003, 552.33, 464.7330000000003, 565.62), &apos;color_space&apos;: &apos;DeviceGray&apos;, &apos;ncolor&apos;: None, &apos;size&apos;: 13.289999999999964, &apos;value&apos;: &apos;.&apos;, &apos;children&apos;: [], &apos;features&apos;: {}}, {&apos;type&apos;: &apos;text&apos;, &apos;bbox&apos;: (464.7330000000003, 552.33, 467.50300000000027, 565.62), &apos;color_space&apos;: &apos;DeviceGray&apos;, &apos;ncolor&apos;: None, &apos;size&apos;: 13.289999999999964, &apos;value&apos;: &apos;.&apos;, &apos;children&apos;: [], &apos;features&apos;: {}}, {&apos;type&apos;: &apos;text&apos;, &apos;bbox&apos;: (467.5030000000003, 552.33, 470.2730000000003, 565.62), &apos;color_space&apos;: &apos;DeviceGray&apos;, &apos;ncolor&apos;: None, &apos;size&apos;: 13.289999999999964, &apos;value&apos;: &apos;.&apos;, &apos;children&apos;: [], &apos;features&apos;: {}}, {&apos;type&apos;: &apos;text&apos;, &apos;bbox&apos;: (470.27300000000037, 552.33, 473.04300000000035, 565.62), &apos;color_space&apos;: &apos;DeviceGray&apos;, &apos;ncolor&apos;: None, &apos;size&apos;: 13.289999999999964, &apos;value&apos;: &apos;.&apos;, &apos;children&apos;: [], &apos;features&apos;: {}}, {&apos;type&apos;: &apos;text&apos;, &apos;bbox&apos;: (473.04300000000035, 552.33, 475.81300000000033, 565.62), &apos;color_space&apos;: &apos;DeviceGray&apos;, &apos;ncolor&apos;: None, &apos;size&apos;: 13.289999999999964, &apos;value&apos;: &apos;.&apos;, &apos;children&apos;: [], &apos;features&apos;: {}}, {&apos;type&apos;: &apos;text&apos;, &apos;bbox&apos;: (475.81300000000033, 552.33, 478.5830000000003, 565.62), &apos;color_space&apos;: &apos;DeviceGray&apos;, &apos;ncolor&apos;: None, &apos;size&apos;: 13.289999999999964, &apos;value&apos;: &apos;.&apos;, &apos;children&apos;: [], &apos;features&apos;: {}}, {&apos;type&apos;: &apos;text&apos;, &apos;bbox&apos;: (478.58300000000037, 552.33, 481.35300000000035, 565.62), &apos;color_space&apos;: &apos;DeviceGray&apos;, &apos;ncolor&apos;: None, &apos;size&apos;: 13.289999999999964, &apos;value&apos;: &apos;.&apos;, &apos;children&apos;: [], &apos;features&apos;: {}}, {&apos;type&apos;: &apos;text&apos;, &apos;bbox&apos;: (481.3530000000004, 552.33, 484.1230000000004, 565.62), &apos;color_space&apos;: &apos;DeviceGray&apos;, &apos;ncolor&apos;: None, &apos;size&apos;: 13.289999999999964, &apos;value&apos;: &apos;.&apos;, &apos;children&apos;: [], &apos;features&apos;: {}}, {&apos;type&apos;: &apos;text&apos;, &apos;bbox&apos;: (484.1230000000004, 552.33, 486.89300000000037, 565.62), &apos;color_space&apos;: &apos;DeviceGray&apos;, &apos;ncolor&apos;: None, &apos;size&apos;: 13.289999999999964, &apos;value&apos;: &apos;.&apos;, &apos;children&apos;: [], &apos;features&apos;: {}}, {&apos;type&apos;: &apos;text&apos;, &apos;bbox&apos;: (486.89300000000037, 552.33, 489.66300000000035, 565.62), &apos;color_space&apos;: &apos;DeviceGray&apos;, &apos;ncolor&apos;: None, &apos;size&apos;: 13.289999999999964, &apos;value&apos;: &apos;.&apos;, &apos;children&apos;: [], &apos;features&apos;: {}}, {&apos;type&apos;: &apos;text&apos;, &apos;bbox&apos;: (489.66300000000035, 552.33, 492.43300000000033, 565.62), &apos;color_space&apos;: &apos;DeviceGray&apos;, &apos;ncolor&apos;: None, &apos;size&apos;: 13.289999999999964, &apos;value&apos;: &apos;.&apos;, &apos;children&apos;: [], &apos;features&apos;: {}}, {&apos;type&apos;: &apos;text&apos;, &apos;bbox&apos;: (492.43300000000033, 552.33, 495.2030000000003, 565.62), &apos;color_space&apos;: &apos;DeviceGray&apos;, &apos;ncolor&apos;: None, &apos;size&apos;: 13.289999999999964, &apos;value&apos;: &apos;.&apos;, &apos;children&apos;: [], &apos;features&apos;: {}}, {&apos;type&apos;: &apos;text&apos;, &apos;bbox&apos;: (495.2030000000003, 552.33, 497.9730000000003, 565.62), &apos;color_space&apos;: &apos;DeviceGray&apos;, &apos;ncolor&apos;: None, &apos;size&apos;: 13.289999999999964, &apos;value&apos;: &apos;.&apos;, &apos;children&apos;: [], &apos;features&apos;: {}}, {&apos;type&apos;: &apos;text&apos;, &apos;bbox&apos;: (497.9730000000003, 552.33, 500.7430000000003, 565.62), &apos;color_space&apos;: &apos;DeviceGray&apos;, &apos;ncolor&apos;: None, &apos;size&apos;: 13.289999999999964, &apos;value&apos;: &apos;.&apos;, &apos;children&apos;: [], &apos;features&apos;: {}}, {&apos;type&apos;: &apos;text&apos;, &apos;bbox&apos;: (500.7430000000003, 552.33, 503.51300000000026, 565.62), &apos;color_space&apos;: &apos;DeviceGray&apos;, &apos;ncolor&apos;: None, &apos;size&apos;: 13.289999999999964, &apos;value&apos;: &apos;.&apos;, &apos;children&apos;: [], &apos;features&apos;: {}}, {&apos;type&apos;: &apos;text&apos;, &apos;bbox&apos;: (503.51300000000026, 552.33, 506.28300000000024, 565.62), &apos;color_space&apos;: &apos;DeviceGray&apos;, &apos;ncolor&apos;: None, &apos;size&apos;: 13.289999999999964, &apos;value&apos;: &apos;.&apos;, &apos;children&apos;: [], &apos;features&apos;: {}}, {&apos;type&apos;: &apos;text&apos;, &apos;bbox&apos;: (506.28300000000024, 552.33, 509.0530000000002, 565.62), &apos;color_space&apos;: &apos;DeviceGray&apos;, &apos;ncolor&apos;: None, &apos;size&apos;: 13.289999999999964, &apos;value&apos;: &apos;.&apos;, &apos;children&apos;: [], &apos;features&apos;: {}}, {&apos;type&apos;: &apos;text&apos;, &apos;bbox&apos;: (509.0530000000002, 552.33, 511.8230000000002, 565.62), &apos;color_space&apos;: &apos;DeviceGray&apos;, &apos;ncolor&apos;: None, &apos;size&apos;: 13.289999999999964, &apos;value&apos;: &apos;.&apos;, &apos;children&apos;: [], &apos;features&apos;: {}}, {&apos;type&apos;: &apos;text&apos;, &apos;bbox&apos;: (511.8230000000002, 552.33, 514.5930000000002, 565.62), &apos;color_space&apos;: &apos;DeviceGray&apos;, &apos;ncolor&apos;: None, &apos;size&apos;: 13.289999999999964, &apos;value&apos;: &apos;.&apos;, &apos;children&apos;: [], &apos;features&apos;: {}}, {&apos;type&apos;: &apos;text&apos;, &apos;bbox&apos;: (514.5930000000002, 552.33, 517.3630000000002, 565.62), &apos;color_space&apos;: &apos;DeviceGray&apos;, &apos;ncolor&apos;: None, &apos;size&apos;: 13.289999999999964, &apos;value&apos;: &apos;.&apos;, &apos;children&apos;: [], &apos;features&apos;: {}}, {&apos;type&apos;: &apos;text&apos;, &apos;bbox&apos;: (519.986, 552.33, 525.5459999999999, 565.62), &apos;color_space&apos;: &apos;DeviceGray&apos;, &apos;ncolor&apos;: None, &apos;size&apos;: 13.289999999999964, &apos;value&apos;: &apos;7&apos;, &apos;children&apos;: [], &apos;features&apos;: {}}, {&apos;type&apos;: &apos;text&apos;, &apos;bbox&apos;: (525.5459999999999, 552.33, 528.876, 565.62), &apos;color_space&apos;: &apos;DeviceGray&apos;, &apos;ncolor&apos;: None, &apos;size&apos;: 13.289999999999964, &apos;value&apos;: &apos;-&apos;, &apos;children&apos;: [], &apos;features&apos;: {}}, {&apos;type&apos;: &apos;text&apos;, &apos;bbox&apos;: (528.877, 552.33, 534.4369999999999, 565.62), &apos;color_space&apos;: &apos;DeviceGray&apos;, &apos;ncolor&apos;: None, &apos;size&apos;: 13.289999999999964, &apos;value&apos;: &apos;1&apos;, &apos;children&apos;: [], &apos;features&apos;: {}}, {&apos;type&apos;: &apos;text&apos;, &apos;bbox&apos;: (534.4369999999999, 552.33, 539.9969999999998, 565.62), &apos;color_space&apos;: &apos;DeviceGray&apos;, &apos;ncolor&apos;: None, &apos;size&apos;: 13.289999999999964, &apos;value&apos;: &apos;8&apos;, &apos;children&apos;: [], &apos;features&apos;: {}}], &apos;features&apos;: {}}
*********************





--------------------------------- CONTENT AREA --------------------------------- 
This content area has an image
{&apos;type&apos;: &apos;figure&apos;, &apos;bbox&apos;: (0, 0, 612.0, 792.0), &apos;name&apos;: &apos;fx58&apos;, &apos;children&apos;: [{&apos;type&apos;: &apos;text&apos;, &apos;bbox&apos;: (114.0, 500.31100000000004, 122.33, 513.791), &apos;color_space&apos;: &apos;DeviceGray&apos;, &apos;ncolor&apos;: None, &apos;size&apos;: 13.480000000000018, &apos;value&apos;: &apos;O&apos;, &apos;children&apos;: [], &apos;features&apos;: {}}, {&apos;type&apos;: &apos;text&apos;, &apos;bbox&apos;: (122.33, 500.31100000000004, 127.88, 513.791), &apos;color_space&apos;: &apos;DeviceGray&apos;, &apos;ncolor&apos;: None, &apos;size&apos;: 13.480000000000018, &apos;value&apos;: &apos;v&apos;, &apos;children&apos;: [], &apos;features&apos;: {}}, {&apos;type&apos;: &apos;text&apos;, &apos;bbox&apos;: (127.88, 500.31100000000004, 132.88, 513.791), &apos;color_space&apos;: &apos;DeviceGray&apos;, &apos;ncolor&apos;: None, &apos;size&apos;: 13.480000000000018, &apos;value&apos;: &apos;e&apos;, &apos;children&apos;: [], &apos;features&apos;: {}}, {&apos;type&apos;: &apos;text&apos;, &apos;bbox&apos;: (132.88, 500.31100000000004, 136.76999999999998, 513.791), &apos;color_space&apos;: &apos;DeviceGray&apos;, &apos;ncolor&apos;: None, &apos;size&apos;: 13.480000000000018, &apos;value&apos;: &apos;r&apos;, &apos;children&apos;: [], &apos;features&apos;: {}}, {&apos;type&apos;: &apos;text&apos;, &apos;bbox&apos;: (136.77, 500.31100000000004, 142.32000000000002, 513.791), &apos;color_space&apos;: &apos;DeviceGray&apos;, &apos;ncolor&apos;: None, &apos;size&apos;: 13.480000000000018, &apos;value&apos;: &apos;v&apos;, &apos;children&apos;: [], &apos;features&apos;: {}}, {&apos;type&apos;: &apos;text&apos;, &apos;bbox&apos;: (142.32, 500.31100000000004, 145.65, 513.791), &apos;color_space&apos;: &apos;DeviceGray&apos;, &apos;ncolor&apos;: None, &apos;size&apos;: 13.480000000000018, &apos;value&apos;: &apos;i&apos;, &apos;children&apos;: [], &apos;features&apos;: {}}, {&apos;type&apos;: &apos;text&apos;, &apos;bbox&apos;: (145.65, 500.31100000000004, 150.65, 513.791), &apos;color_space&apos;: &apos;DeviceGray&apos;, &apos;ncolor&apos;: None, &apos;size&apos;: 13.480000000000018, &apos;value&apos;: &apos;e&apos;, &apos;children&apos;: [], &apos;features&apos;: {}}, {&apos;type&apos;: &apos;text&apos;, &apos;bbox&apos;: (150.65, 500.31100000000004, 158.98000000000002, 513.791), &apos;color_space&apos;: &apos;DeviceGray&apos;, &apos;ncolor&apos;: None, &apos;size&apos;: 13.480000000000018, &apos;value&apos;: &apos;w&apos;, &apos;children&apos;: [], &apos;features&apos;: {}}, {&apos;type&apos;: &apos;text&apos;, &apos;bbox&apos;: (161.495, 500.31100000000004, 167.055, 513.791), &apos;color_space&apos;: &apos;DeviceGray&apos;, &apos;ncolor&apos;: None, &apos;size&apos;: 13.480000000000018, &apos;value&apos;: &apos;o&apos;, &apos;children&apos;: [], &apos;features&apos;: {}}, {&apos;type&apos;: &apos;text&apos;, &apos;bbox&apos;: (167.055, 500.31100000000004, 170.945, 513.791), &apos;color_space&apos;: &apos;DeviceGray&apos;, &apos;ncolor&apos;: None, &apos;size&apos;: 13.480000000000018, &apos;value&apos;: &apos;f&apos;, &apos;children&apos;: [], &apos;features&apos;: {}}, {&apos;type&apos;: &apos;text&apos;, &apos;bbox&apos;: (173.448, 500.31100000000004, 176.77800000000002, 513.791), &apos;color_space&apos;: &apos;DeviceGray&apos;, &apos;ncolor&apos;: None, &apos;size&apos;: 13.480000000000018, &apos;value&apos;: &apos;t&apos;, &apos;children&apos;: [], &apos;features&apos;: {}}, {&apos;type&apos;: &apos;text&apos;, &apos;bbox&apos;: (176.77800000000002, 500.31100000000004, 182.87800000000001, 513.791), &apos;color_space&apos;: &apos;DeviceGray&apos;, &apos;ncolor&apos;: None, &apos;size&apos;: 13.480000000000018, &apos;value&apos;: &apos;h&apos;, &apos;children&apos;: [], &apos;features&apos;: {}}, {&apos;type&apos;: &apos;text&apos;, &apos;bbox&apos;: (182.87800000000001, 500.31100000000004, 187.87800000000001, 513.791), &apos;color_space&apos;: &apos;DeviceGray&apos;, &apos;ncolor&apos;: None, &apos;size&apos;: 13.480000000000018, &apos;value&apos;: &apos;e&apos;, &apos;children&apos;: [], &apos;features&apos;: {}}, {&apos;type&apos;: &apos;text&apos;, &apos;bbox&apos;: (190.386, 500.31100000000004, 197.516, 513.791), &apos;color_space&apos;: &apos;DeviceGray&apos;, &apos;ncolor&apos;: None, &apos;size&apos;: 13.480000000000018, &apos;value&apos;: &apos;R&apos;, &apos;children&apos;: [], &apos;features&apos;: {}}, {&apos;type&apos;: &apos;text&apos;, &apos;bbox&apos;: (197.516, 500.31100000000004, 202.516, 513.791), &apos;color_space&apos;: &apos;DeviceGray&apos;, &apos;ncolor&apos;: None, &apos;size&apos;: 13.480000000000018, &apos;value&apos;: &apos;e&apos;, &apos;children&apos;: [], &apos;features&apos;: {}}, {&apos;type&apos;: &apos;text&apos;, &apos;bbox&apos;: (202.516, 500.31100000000004, 206.946, 513.791), &apos;color_space&apos;: &apos;DeviceGray&apos;, &apos;ncolor&apos;: None, &apos;size&apos;: 13.480000000000018, &apos;value&apos;: &apos;s&apos;, &apos;children&apos;: [], &apos;features&apos;: {}}, {&apos;type&apos;: &apos;text&apos;, &apos;bbox&apos;: (206.946, 500.31100000000004, 213.046, 513.791), &apos;color_space&apos;: &apos;DeviceGray&apos;, &apos;ncolor&apos;: None, &apos;size&apos;: 13.480000000000018, &apos;value&apos;: &apos;u&apos;, &apos;children&apos;: [], &apos;features&apos;: {}}, {&apos;type&apos;: &apos;text&apos;, &apos;bbox&apos;: (213.046, 500.31100000000004, 216.376, 513.791), &apos;color_space&apos;: &apos;DeviceGray&apos;, &apos;ncolor&apos;: None, &apos;size&apos;: 13.480000000000018, &apos;value&apos;: &apos;l&apos;, &apos;children&apos;: [], &apos;features&apos;: {}}, {&apos;type&apos;: &apos;text&apos;, &apos;bbox&apos;: (216.37599999999998, 500.31100000000004, 219.706, 513.791), &apos;color_space&apos;: &apos;DeviceGray&apos;, &apos;ncolor&apos;: None, &apos;size&apos;: 13.480000000000018, &apos;value&apos;: &apos;t&apos;, &apos;children&apos;: [], &apos;features&apos;: {}}, {&apos;type&apos;: &apos;text&apos;, &apos;bbox&apos;: (219.706, 500.31100000000004, 224.136, 513.791), &apos;color_space&apos;: &apos;DeviceGray&apos;, &apos;ncolor&apos;: None, &apos;size&apos;: 13.480000000000018, &apos;value&apos;: &apos;s&apos;, &apos;children&apos;: [], &apos;features&apos;: {}}, {&apos;type&apos;: &apos;text&apos;, &apos;bbox&apos;: (226.67, 500.31100000000004, 234.98, 513.791), &apos;color_space&apos;: &apos;DeviceGray&apos;, &apos;ncolor&apos;: None, &apos;size&apos;: 13.480000000000018, &apos;value&apos;: &apos;D&apos;, &apos;children&apos;: [], &apos;features&apos;: {}}, {&apos;type&apos;: &apos;text&apos;, &apos;bbox&apos;: (234.98, 500.31100000000004, 239.98, 513.791), &apos;color_space&apos;: &apos;DeviceGray&apos;, &apos;ncolor&apos;: None, &apos;size&apos;: 13.480000000000018, &apos;value&apos;: &apos;a&apos;, &apos;children&apos;: [], &apos;features&apos;: {}}, {&apos;type&apos;: &apos;text&apos;, &apos;bbox&apos;: (239.98, 500.31100000000004, 243.31, 513.791), &apos;color_space&apos;: &apos;DeviceGray&apos;, &apos;ncolor&apos;: None, &apos;size&apos;: 13.480000000000018, &apos;value&apos;: &apos;t&apos;, &apos;children&apos;: [], &apos;features&apos;: {}}, {&apos;type&apos;: &apos;text&apos;, &apos;bbox&apos;: (243.31, 500.31100000000004, 248.31, 513.791), &apos;color_space&apos;: &apos;DeviceGray&apos;, &apos;ncolor&apos;: None, &apos;size&apos;: 13.480000000000018, &apos;value&apos;: &apos;a&apos;, &apos;children&apos;: [], &apos;features&apos;: {}}, {&apos;type&apos;: &apos;text&apos;, &apos;bbox&apos;: (248.31, 500.31100000000004, 254.41, 513.791), &apos;color_space&apos;: &apos;DeviceGray&apos;, &apos;ncolor&apos;: None, &apos;size&apos;: 13.480000000000018, &apos;value&apos;: &apos;b&apos;, &apos;children&apos;: [], &apos;features&apos;: {}}, {&apos;type&apos;: &apos;text&apos;, &apos;bbox&apos;: (254.41, 500.31100000000004, 259.40999999999997, 513.791), &apos;color_space&apos;: &apos;DeviceGray&apos;, &apos;ncolor&apos;: None, &apos;size&apos;: 13.480000000000018, &apos;value&apos;: &apos;a&apos;, &apos;children&apos;: [], &apos;features&apos;: {}}, {&apos;type&apos;: &apos;text&apos;, &apos;bbox&apos;: (259.40999999999997, 500.31100000000004, 263.84, 513.791), &apos;color_space&apos;: &apos;DeviceGray&apos;, &apos;ncolor&apos;: None, &apos;size&apos;: 13.480000000000018, &apos;value&apos;: &apos;s&apos;, &apos;children&apos;: [], &apos;features&apos;: {}}, {&apos;type&apos;: &apos;text&apos;, &apos;bbox&apos;: (263.84, 500.31100000000004, 268.84, 513.791), &apos;color_space&apos;: &apos;DeviceGray&apos;, &apos;ncolor&apos;: None, &apos;size&apos;: 13.480000000000018, &apos;value&apos;: &apos;e&apos;, &apos;children&apos;: [], &apos;features&apos;: {}}, {&apos;type&apos;: &apos;text&apos;, &apos;bbox&apos;: (271.357, 500.31100000000004, 274.687, 513.791), &apos;color_space&apos;: &apos;DeviceGray&apos;, &apos;ncolor&apos;: None, &apos;size&apos;: 13.480000000000018, &apos;value&apos;: &apos;t&apos;, &apos;children&apos;: [], &apos;features&apos;: {}}, {&apos;type&apos;: &apos;text&apos;, &apos;bbox&apos;: (274.687, 500.31100000000004, 279.687, 513.791), &apos;color_space&apos;: &apos;DeviceGray&apos;, &apos;ncolor&apos;: None, &apos;size&apos;: 13.480000000000018, &apos;value&apos;: &apos;a&apos;, &apos;children&apos;: [], &apos;features&apos;: {}}, {&apos;type&apos;: &apos;text&apos;, &apos;bbox&apos;: (279.687, 500.31100000000004, 285.78700000000003, 513.791), &apos;color_space&apos;: &apos;DeviceGray&apos;, &apos;ncolor&apos;: None, &apos;size&apos;: 13.480000000000018, &apos;value&apos;: &apos;b&apos;, &apos;children&apos;: [], &apos;features&apos;: {}}, {&apos;type&apos;: &apos;text&apos;, &apos;bbox&apos;: (285.78700000000003, 500.31100000000004, 289.117, 513.791), &apos;color_space&apos;: &apos;DeviceGray&apos;, &apos;ncolor&apos;: None, &apos;size&apos;: 13.480000000000018, &apos;value&apos;: &apos;l&apos;, &apos;children&apos;: [], &apos;features&apos;: {}}, {&apos;type&apos;: &apos;text&apos;, &apos;bbox&apos;: (289.117, 500.31100000000004, 294.117, 513.791), &apos;color_space&apos;: &apos;DeviceGray&apos;, &apos;ncolor&apos;: None, &apos;size&apos;: 13.480000000000018, &apos;value&apos;: &apos;e&apos;, &apos;children&apos;: [], &apos;features&apos;: {}}, {&apos;type&apos;: &apos;text&apos;, &apos;bbox&apos;: (294.117, 500.31100000000004, 298.547, 513.791), &apos;color_space&apos;: &apos;DeviceGray&apos;, &apos;ncolor&apos;: None, &apos;size&apos;: 13.480000000000018, &apos;value&apos;: &apos;s&apos;, &apos;children&apos;: [], &apos;features&apos;: {}}, {&apos;type&apos;: &apos;text&apos;, &apos;bbox&apos;: (298.564, 501.041, 301.334, 514.331), &apos;color_space&apos;: &apos;DeviceGray&apos;, &apos;ncolor&apos;: None, &apos;size&apos;: 13.29000000000002, &apos;value&apos;: &apos;.&apos;, &apos;children&apos;: [], &apos;features&apos;: {}}, {&apos;type&apos;: &apos;text&apos;, &apos;bbox&apos;: (301.334, 501.041, 304.104, 514.331), &apos;color_space&apos;: &apos;DeviceGray&apos;, &apos;ncolor&apos;: None, &apos;size&apos;: 13.29000000000002, &apos;value&apos;: &apos;.&apos;, &apos;children&apos;: [], &apos;features&apos;: {}}, {&apos;type&apos;: &apos;text&apos;, &apos;bbox&apos;: (304.10400000000004, 501.041, 306.874, 514.331), &apos;color_space&apos;: &apos;DeviceGray&apos;, &apos;ncolor&apos;: None, &apos;size&apos;: 13.29000000000002, &apos;value&apos;: &apos;.&apos;, &apos;children&apos;: [], &apos;features&apos;: {}}, {&apos;type&apos;: &apos;text&apos;, &apos;bbox&apos;: (306.874, 501.041, 309.644, 514.331), &apos;color_space&apos;: &apos;DeviceGray&apos;, &apos;ncolor&apos;: None, &apos;size&apos;: 13.29000000000002, &apos;value&apos;: &apos;.&apos;, &apos;children&apos;: [], &apos;features&apos;: {}}, {&apos;type&apos;: &apos;text&apos;, &apos;bbox&apos;: (309.644, 501.041, 312.414, 514.331), &apos;color_space&apos;: &apos;DeviceGray&apos;, &apos;ncolor&apos;: None, &apos;size&apos;: 13.29000000000002, &apos;value&apos;: &apos;.&apos;, &apos;children&apos;: [], &apos;features&apos;: {}}, {&apos;type&apos;: &apos;text&apos;, &apos;bbox&apos;: (312.41400000000004, 501.041, 315.184, 514.331), &apos;color_space&apos;: &apos;DeviceGray&apos;, &apos;ncolor&apos;: None, &apos;size&apos;: 13.29000000000002, &apos;value&apos;: &apos;.&apos;, &apos;children&apos;: [], &apos;features&apos;: {}}, {&apos;type&apos;: &apos;text&apos;, &apos;bbox&apos;: (315.184, 501.041, 317.954, 514.331), &apos;color_space&apos;: &apos;DeviceGray&apos;, &apos;ncolor&apos;: None, &apos;size&apos;: 13.29000000000002, &apos;value&apos;: &apos;.&apos;, &apos;children&apos;: [], &apos;features&apos;: {}}, {&apos;type&apos;: &apos;text&apos;, &apos;bbox&apos;: (317.954, 501.041, 320.724, 514.331), &apos;color_space&apos;: &apos;DeviceGray&apos;, &apos;ncolor&apos;: None, &apos;size&apos;: 13.29000000000002, &apos;value&apos;: &apos;.&apos;, &apos;children&apos;: [], &apos;features&apos;: {}}, {&apos;type&apos;: &apos;text&apos;, &apos;bbox&apos;: (320.72400000000005, 501.041, 323.494, 514.331), &apos;color_space&apos;: &apos;DeviceGray&apos;, &apos;ncolor&apos;: None, &apos;size&apos;: 13.29000000000002, &apos;value&apos;: &apos;.&apos;, &apos;children&apos;: [], &apos;features&apos;: {}}, {&apos;type&apos;: &apos;text&apos;, &apos;bbox&apos;: (323.494, 501.041, 326.264, 514.331), &apos;color_space&apos;: &apos;DeviceGray&apos;, &apos;ncolor&apos;: None, &apos;size&apos;: 13.29000000000002, &apos;value&apos;: &apos;.&apos;, &apos;children&apos;: [], &apos;features&apos;: {}}, {&apos;type&apos;: &apos;text&apos;, &apos;bbox&apos;: (326.264, 501.041, 329.034, 514.331), &apos;color_space&apos;: &apos;DeviceGray&apos;, &apos;ncolor&apos;: None, &apos;size&apos;: 13.29000000000002, &apos;value&apos;: &apos;.&apos;, &apos;children&apos;: [], &apos;features&apos;: {}}, {&apos;type&apos;: &apos;text&apos;, &apos;bbox&apos;: (329.034, 501.041, 331.804, 514.331), &apos;color_space&apos;: &apos;DeviceGray&apos;, &apos;ncolor&apos;: None, &apos;size&apos;: 13.29000000000002, &apos;value&apos;: &apos;.&apos;, &apos;children&apos;: [], &apos;features&apos;: {}}, {&apos;type&apos;: &apos;text&apos;, &apos;bbox&apos;: (331.80400000000003, 501.041, 334.574, 514.331), &apos;color_space&apos;: &apos;DeviceGray&apos;, &apos;ncolor&apos;: None, &apos;size&apos;: 13.29000000000002, &apos;value&apos;: &apos;.&apos;, &apos;children&apos;: [], &apos;features&apos;: {}}, {&apos;type&apos;: &apos;text&apos;, &apos;bbox&apos;: (334.574, 501.041, 337.344, 514.331), &apos;color_space&apos;: &apos;DeviceGray&apos;, &apos;ncolor&apos;: None, &apos;size&apos;: 13.29000000000002, &apos;value&apos;: &apos;.&apos;, &apos;children&apos;: [], &apos;features&apos;: {}}, {&apos;type&apos;: &apos;text&apos;, &apos;bbox&apos;: (337.34400000000005, 501.041, 340.11400000000003, 514.331), &apos;color_space&apos;: &apos;DeviceGray&apos;, &apos;ncolor&apos;: None, &apos;size&apos;: 13.29000000000002, &apos;value&apos;: &apos;.&apos;, &apos;children&apos;: [], &apos;features&apos;: {}}, {&apos;type&apos;: &apos;text&apos;, &apos;bbox&apos;: (340.11400000000003, 501.041, 342.884, 514.331), &apos;color_space&apos;: &apos;DeviceGray&apos;, &apos;ncolor&apos;: None, &apos;size&apos;: 13.29000000000002, &apos;value&apos;: &apos;.&apos;, &apos;children&apos;: [], &apos;features&apos;: {}}, {&apos;type&apos;: &apos;text&apos;, &apos;bbox&apos;: (342.884, 501.041, 345.654, 514.331), &apos;color_space&apos;: &apos;DeviceGray&apos;, &apos;ncolor&apos;: None, &apos;size&apos;: 13.29000000000002, &apos;value&apos;: &apos;.&apos;, &apos;children&apos;: [], &apos;features&apos;: {}}, {&apos;type&apos;: &apos;text&apos;, &apos;bbox&apos;: (345.65400000000005, 501.041, 348.42400000000004, 514.331), &apos;color_space&apos;: &apos;DeviceGray&apos;, &apos;ncolor&apos;: None, &apos;size&apos;: 13.29000000000002, &apos;value&apos;: &apos;.&apos;, &apos;children&apos;: [], &apos;features&apos;: {}}, {&apos;type&apos;: &apos;text&apos;, &apos;bbox&apos;: (348.42400000000004, 501.041, 351.194, 514.331), &apos;color_space&apos;: &apos;DeviceGray&apos;, &apos;ncolor&apos;: None, &apos;size&apos;: 13.29000000000002, &apos;value&apos;: &apos;.&apos;, &apos;children&apos;: [], &apos;features&apos;: {}}, {&apos;type&apos;: &apos;text&apos;, &apos;bbox&apos;: (351.1940000000001, 501.041, 353.96400000000006, 514.331), &apos;color_space&apos;: &apos;DeviceGray&apos;, &apos;ncolor&apos;: None, &apos;size&apos;: 13.29000000000002, &apos;value&apos;: &apos;.&apos;, &apos;children&apos;: [], &apos;features&apos;: {}}, {&apos;type&apos;: &apos;text&apos;, &apos;bbox&apos;: (353.96400000000006, 501.041, 356.73400000000004, 514.331), &apos;color_space&apos;: &apos;DeviceGray&apos;, &apos;ncolor&apos;: None, &apos;size&apos;: 13.29000000000002, &apos;value&apos;: &apos;.&apos;, &apos;children&apos;: [], &apos;features&apos;: {}}, {&apos;type&apos;: &apos;text&apos;, &apos;bbox&apos;: (356.73400000000004, 501.041, 359.504, 514.331), &apos;color_space&apos;: &apos;DeviceGray&apos;, &apos;ncolor&apos;: None, &apos;size&apos;: 13.29000000000002, &apos;value&apos;: &apos;.&apos;, &apos;children&apos;: [], &apos;features&apos;: {}}, {&apos;type&apos;: &apos;text&apos;, &apos;bbox&apos;: (359.5040000000001, 501.041, 362.27400000000006, 514.331), &apos;color_space&apos;: &apos;DeviceGray&apos;, &apos;ncolor&apos;: None, &apos;size&apos;: 13.29000000000002, &apos;value&apos;: &apos;.&apos;, &apos;children&apos;: [], &apos;features&apos;: {}}, {&apos;type&apos;: &apos;text&apos;, &apos;bbox&apos;: (362.27400000000006, 501.041, 365.04400000000004, 514.331), &apos;color_space&apos;: &apos;DeviceGray&apos;, &apos;ncolor&apos;: None, &apos;size&apos;: 13.29000000000002, &apos;value&apos;: &apos;.&apos;, &apos;children&apos;: [], &apos;features&apos;: {}}, {&apos;type&apos;: &apos;text&apos;, &apos;bbox&apos;: (365.04400000000004, 501.041, 367.814, 514.331), &apos;color_space&apos;: &apos;DeviceGray&apos;, &apos;ncolor&apos;: None, &apos;size&apos;: 13.29000000000002, &apos;value&apos;: &apos;.&apos;, &apos;children&apos;: [], &apos;features&apos;: {}}, {&apos;type&apos;: &apos;text&apos;, &apos;bbox&apos;: (367.8140000000001, 501.041, 370.58400000000006, 514.331), &apos;color_space&apos;: &apos;DeviceGray&apos;, &apos;ncolor&apos;: None, &apos;size&apos;: 13.29000000000002, &apos;value&apos;: &apos;.&apos;, &apos;children&apos;: [], &apos;features&apos;: {}}, {&apos;type&apos;: &apos;text&apos;, &apos;bbox&apos;: (370.58400000000006, 501.041, 373.35400000000004, 514.331), &apos;color_space&apos;: &apos;DeviceGray&apos;, &apos;ncolor&apos;: None, &apos;size&apos;: 13.29000000000002, &apos;value&apos;: &apos;.&apos;, &apos;children&apos;: [], &apos;features&apos;: {}}, {&apos;type&apos;: &apos;text&apos;, &apos;bbox&apos;: (373.35400000000004, 501.041, 376.124, 514.331), &apos;color_space&apos;: &apos;DeviceGray&apos;, &apos;ncolor&apos;: None, &apos;size&apos;: 13.29000000000002, &apos;value&apos;: &apos;.&apos;, &apos;children&apos;: [], &apos;features&apos;: {}}, {&apos;type&apos;: &apos;text&apos;, &apos;bbox&apos;: (376.124, 501.041, 378.894, 514.331), &apos;color_space&apos;: &apos;DeviceGray&apos;, &apos;ncolor&apos;: None, &apos;size&apos;: 13.29000000000002, &apos;value&apos;: &apos;.&apos;, &apos;children&apos;: [], &apos;features&apos;: {}}, {&apos;type&apos;: &apos;text&apos;, &apos;bbox&apos;: (378.894, 501.041, 381.664, 514.331), &apos;color_space&apos;: &apos;DeviceGray&apos;, &apos;ncolor&apos;: None, &apos;size&apos;: 13.29000000000002, &apos;value&apos;: &apos;.&apos;, &apos;children&apos;: [], &apos;features&apos;: {}}, {&apos;type&apos;: &apos;text&apos;, &apos;bbox&apos;: (381.66400000000004, 501.041, 384.434, 514.331), &apos;color_space&apos;: &apos;DeviceGray&apos;, &apos;ncolor&apos;: None, &apos;size&apos;: 13.29000000000002, &apos;value&apos;: &apos;.&apos;, &apos;children&apos;: [], &apos;features&apos;: {}}, {&apos;type&apos;: &apos;text&apos;, &apos;bbox&apos;: (384.434, 501.041, 387.204, 514.331), &apos;color_space&apos;: &apos;DeviceGray&apos;, &apos;ncolor&apos;: None, &apos;size&apos;: 13.29000000000002, &apos;value&apos;: &apos;.&apos;, &apos;children&apos;: [], &apos;features&apos;: {}}, {&apos;type&apos;: &apos;text&apos;, &apos;bbox&apos;: (387.204, 501.041, 389.974, 514.331), &apos;color_space&apos;: &apos;DeviceGray&apos;, &apos;ncolor&apos;: None, &apos;size&apos;: 13.29000000000002, &apos;value&apos;: &apos;.&apos;, &apos;children&apos;: [], &apos;features&apos;: {}}, {&apos;type&apos;: &apos;text&apos;, &apos;bbox&apos;: (389.97400000000005, 501.041, 392.744, 514.331), &apos;color_space&apos;: &apos;DeviceGray&apos;, &apos;ncolor&apos;: None, &apos;size&apos;: 13.29000000000002, &apos;value&apos;: &apos;.&apos;, &apos;children&apos;: [], &apos;features&apos;: {}}, {&apos;type&apos;: &apos;text&apos;, &apos;bbox&apos;: (392.744, 501.041, 395.514, 514.331), &apos;color_space&apos;: &apos;DeviceGray&apos;, &apos;ncolor&apos;: None, &apos;size&apos;: 13.29000000000002, &apos;value&apos;: &apos;.&apos;, &apos;children&apos;: [], &apos;features&apos;: {}}, {&apos;type&apos;: &apos;text&apos;, &apos;bbox&apos;: (395.514, 501.041, 398.284, 514.331), &apos;color_space&apos;: &apos;DeviceGray&apos;, &apos;ncolor&apos;: None, &apos;size&apos;: 13.29000000000002, &apos;value&apos;: &apos;.&apos;, &apos;children&apos;: [], &apos;features&apos;: {}}, {&apos;type&apos;: &apos;text&apos;, &apos;bbox&apos;: (398.284, 501.041, 401.054, 514.331), &apos;color_space&apos;: &apos;DeviceGray&apos;, &apos;ncolor&apos;: None, &apos;size&apos;: 13.29000000000002, &apos;value&apos;: &apos;.&apos;, &apos;children&apos;: [], &apos;features&apos;: {}}, {&apos;type&apos;: &apos;text&apos;, &apos;bbox&apos;: (401.054, 501.041, 403.82399999999996, 514.331), &apos;color_space&apos;: &apos;DeviceGray&apos;, &apos;ncolor&apos;: None, &apos;size&apos;: 13.29000000000002, &apos;value&apos;: &apos;.&apos;, &apos;children&apos;: [], &apos;features&apos;: {}}, {&apos;type&apos;: &apos;text&apos;, &apos;bbox&apos;: (403.824, 501.041, 406.594, 514.331), &apos;color_space&apos;: &apos;DeviceGray&apos;, &apos;ncolor&apos;: None, &apos;size&apos;: 13.29000000000002, &apos;value&apos;: &apos;.&apos;, &apos;children&apos;: [], &apos;features&apos;: {}}, {&apos;type&apos;: &apos;text&apos;, &apos;bbox&apos;: (406.594, 501.041, 409.364, 514.331), &apos;color_space&apos;: &apos;DeviceGray&apos;, &apos;ncolor&apos;: None, &apos;size&apos;: 13.29000000000002, &apos;value&apos;: &apos;.&apos;, &apos;children&apos;: [], &apos;features&apos;: {}}, {&apos;type&apos;: &apos;text&apos;, &apos;bbox&apos;: (409.364, 501.041, 412.13399999999996, 514.331), &apos;color_space&apos;: &apos;DeviceGray&apos;, &apos;ncolor&apos;: None, &apos;size&apos;: 13.29000000000002, &apos;value&apos;: &apos;.&apos;, &apos;children&apos;: [], &apos;features&apos;: {}}, {&apos;type&apos;: &apos;text&apos;, &apos;bbox&apos;: (412.134, 501.041, 414.904, 514.331), &apos;color_space&apos;: &apos;DeviceGray&apos;, &apos;ncolor&apos;: None, &apos;size&apos;: 13.29000000000002, &apos;value&apos;: &apos;.&apos;, &apos;children&apos;: [], &apos;features&apos;: {}}, {&apos;type&apos;: &apos;text&apos;, &apos;bbox&apos;: (414.904, 501.041, 417.674, 514.331), &apos;color_space&apos;: &apos;DeviceGray&apos;, &apos;ncolor&apos;: None, &apos;size&apos;: 13.29000000000002, &apos;value&apos;: &apos;.&apos;, &apos;children&apos;: [], &apos;features&apos;: {}}, {&apos;type&apos;: &apos;text&apos;, &apos;bbox&apos;: (417.674, 501.041, 420.44399999999996, 514.331), &apos;color_space&apos;: &apos;DeviceGray&apos;, &apos;ncolor&apos;: None, &apos;size&apos;: 13.29000000000002, &apos;value&apos;: &apos;.&apos;, &apos;children&apos;: [], &apos;features&apos;: {}}, {&apos;type&apos;: &apos;text&apos;, &apos;bbox&apos;: (420.44399999999996, 501.041, 423.21399999999994, 514.331), &apos;color_space&apos;: &apos;DeviceGray&apos;, &apos;ncolor&apos;: None, &apos;size&apos;: 13.29000000000002, &apos;value&apos;: &apos;.&apos;, &apos;children&apos;: [], &apos;features&apos;: {}}, {&apos;type&apos;: &apos;text&apos;, &apos;bbox&apos;: (423.21399999999994, 501.041, 425.9839999999999, 514.331), &apos;color_space&apos;: &apos;DeviceGray&apos;, &apos;ncolor&apos;: None, &apos;size&apos;: 13.29000000000002, &apos;value&apos;: &apos;.&apos;, &apos;children&apos;: [], &apos;features&apos;: {}}, {&apos;type&apos;: &apos;text&apos;, &apos;bbox&apos;: (425.984, 501.041, 428.75399999999996, 514.331), &apos;color_space&apos;: &apos;DeviceGray&apos;, &apos;ncolor&apos;: None, &apos;size&apos;: 13.29000000000002, &apos;value&apos;: &apos;.&apos;, &apos;children&apos;: [], &apos;features&apos;: {}}, {&apos;type&apos;: &apos;text&apos;, &apos;bbox&apos;: (428.75399999999996, 501.041, 431.52399999999994, 514.331), &apos;color_space&apos;: &apos;DeviceGray&apos;, &apos;ncolor&apos;: None, &apos;size&apos;: 13.29000000000002, &apos;value&apos;: &apos;.&apos;, &apos;children&apos;: [], &apos;features&apos;: {}}, {&apos;type&apos;: &apos;text&apos;, &apos;bbox&apos;: (431.524, 501.041, 434.294, 514.331), &apos;color_space&apos;: &apos;DeviceGray&apos;, &apos;ncolor&apos;: None, &apos;size&apos;: 13.29000000000002, &apos;value&apos;: &apos;.&apos;, &apos;children&apos;: [], &apos;features&apos;: {}}, {&apos;type&apos;: &apos;text&apos;, &apos;bbox&apos;: (434.294, 501.041, 437.06399999999996, 514.331), &apos;color_space&apos;: &apos;DeviceGray&apos;, &apos;ncolor&apos;: None, &apos;size&apos;: 13.29000000000002, &apos;value&apos;: &apos;.&apos;, &apos;children&apos;: [], &apos;features&apos;: {}}, {&apos;type&apos;: &apos;text&apos;, &apos;bbox&apos;: (437.06399999999996, 501.041, 439.83399999999995, 514.331), &apos;color_space&apos;: &apos;DeviceGray&apos;, &apos;ncolor&apos;: None, &apos;size&apos;: 13.29000000000002, &apos;value&apos;: &apos;.&apos;, &apos;children&apos;: [], &apos;features&apos;: {}}, {&apos;type&apos;: &apos;text&apos;, &apos;bbox&apos;: (439.834, 501.041, 442.604, 514.331), &apos;color_space&apos;: &apos;DeviceGray&apos;, &apos;ncolor&apos;: None, &apos;size&apos;: 13.29000000000002, &apos;value&apos;: &apos;.&apos;, &apos;children&apos;: [], &apos;features&apos;: {}}, {&apos;type&apos;: &apos;text&apos;, &apos;bbox&apos;: (442.60400000000004, 501.041, 445.374, 514.331), &apos;color_space&apos;: &apos;DeviceGray&apos;, &apos;ncolor&apos;: None, &apos;size&apos;: 13.29000000000002, &apos;value&apos;: &apos;.&apos;, &apos;children&apos;: [], &apos;features&apos;: {}}, {&apos;type&apos;: &apos;text&apos;, &apos;bbox&apos;: (445.374, 501.041, 448.144, 514.331), &apos;color_space&apos;: &apos;DeviceGray&apos;, &apos;ncolor&apos;: None, &apos;size&apos;: 13.29000000000002, &apos;value&apos;: &apos;.&apos;, &apos;children&apos;: [], &apos;features&apos;: {}}, {&apos;type&apos;: &apos;text&apos;, &apos;bbox&apos;: (448.144, 501.041, 450.914, 514.331), &apos;color_space&apos;: &apos;DeviceGray&apos;, &apos;ncolor&apos;: None, &apos;size&apos;: 13.29000000000002, &apos;value&apos;: &apos;.&apos;, &apos;children&apos;: [], &apos;features&apos;: {}}, {&apos;type&apos;: &apos;text&apos;, &apos;bbox&apos;: (450.91400000000004, 501.041, 453.684, 514.331), &apos;color_space&apos;: &apos;DeviceGray&apos;, &apos;ncolor&apos;: None, &apos;size&apos;: 13.29000000000002, &apos;value&apos;: &apos;.&apos;, &apos;children&apos;: [], &apos;features&apos;: {}}, {&apos;type&apos;: &apos;text&apos;, &apos;bbox&apos;: (453.6840000000001, 501.041, 456.45400000000006, 514.331), &apos;color_space&apos;: &apos;DeviceGray&apos;, &apos;ncolor&apos;: None, &apos;size&apos;: 13.29000000000002, &apos;value&apos;: &apos;.&apos;, &apos;children&apos;: [], &apos;features&apos;: {}}, {&apos;type&apos;: &apos;text&apos;, &apos;bbox&apos;: (456.45400000000006, 501.041, 459.22400000000005, 514.331), &apos;color_space&apos;: &apos;DeviceGray&apos;, &apos;ncolor&apos;: None, &apos;size&apos;: 13.29000000000002, &apos;value&apos;: &apos;.&apos;, &apos;children&apos;: [], &apos;features&apos;: {}}, {&apos;type&apos;: &apos;text&apos;, &apos;bbox&apos;: (459.22400000000005, 501.041, 461.994, 514.331), &apos;color_space&apos;: &apos;DeviceGray&apos;, &apos;ncolor&apos;: None, &apos;size&apos;: 13.29000000000002, &apos;value&apos;: &apos;.&apos;, &apos;children&apos;: [], &apos;features&apos;: {}}, {&apos;type&apos;: &apos;text&apos;, &apos;bbox&apos;: (461.9940000000001, 501.041, 464.76400000000007, 514.331), &apos;color_space&apos;: &apos;DeviceGray&apos;, &apos;ncolor&apos;: None, &apos;size&apos;: 13.29000000000002, &apos;value&apos;: &apos;.&apos;, &apos;children&apos;: [], &apos;features&apos;: {}}, {&apos;type&apos;: &apos;text&apos;, &apos;bbox&apos;: (464.7640000000001, 501.041, 467.5340000000001, 514.331), &apos;color_space&apos;: &apos;DeviceGray&apos;, &apos;ncolor&apos;: None, &apos;size&apos;: 13.29000000000002, &apos;value&apos;: &apos;.&apos;, &apos;children&apos;: [], &apos;features&apos;: {}}, {&apos;type&apos;: &apos;text&apos;, &apos;bbox&apos;: (467.5340000000001, 501.041, 470.3040000000001, 514.331), &apos;color_space&apos;: &apos;DeviceGray&apos;, &apos;ncolor&apos;: None, &apos;size&apos;: 13.29000000000002, &apos;value&apos;: &apos;.&apos;, &apos;children&apos;: [], &apos;features&apos;: {}}, {&apos;type&apos;: &apos;text&apos;, &apos;bbox&apos;: (470.3040000000001, 501.041, 473.07400000000007, 514.331), &apos;color_space&apos;: &apos;DeviceGray&apos;, &apos;ncolor&apos;: None, &apos;size&apos;: 13.29000000000002, &apos;value&apos;: &apos;.&apos;, &apos;children&apos;: [], &apos;features&apos;: {}}, {&apos;type&apos;: &apos;text&apos;, &apos;bbox&apos;: (473.0740000000001, 501.041, 475.8440000000001, 514.331), &apos;color_space&apos;: &apos;DeviceGray&apos;, &apos;ncolor&apos;: None, &apos;size&apos;: 13.29000000000002, &apos;value&apos;: &apos;.&apos;, &apos;children&apos;: [], &apos;features&apos;: {}}, {&apos;type&apos;: &apos;text&apos;, &apos;bbox&apos;: (475.84400000000016, 501.041, 478.61400000000015, 514.331), &apos;color_space&apos;: &apos;DeviceGray&apos;, &apos;ncolor&apos;: None, &apos;size&apos;: 13.29000000000002, &apos;value&apos;: &apos;.&apos;, &apos;children&apos;: [], &apos;features&apos;: {}}, {&apos;type&apos;: &apos;text&apos;, &apos;bbox&apos;: (478.61400000000015, 501.041, 481.3840000000001, 514.331), &apos;color_space&apos;: &apos;DeviceGray&apos;, &apos;ncolor&apos;: None, &apos;size&apos;: 13.29000000000002, &apos;value&apos;: &apos;.&apos;, &apos;children&apos;: [], &apos;features&apos;: {}}, {&apos;type&apos;: &apos;text&apos;, &apos;bbox&apos;: (481.3840000000001, 501.041, 484.1540000000001, 514.331), &apos;color_space&apos;: &apos;DeviceGray&apos;, &apos;ncolor&apos;: None, &apos;size&apos;: 13.29000000000002, &apos;value&apos;: &apos;.&apos;, &apos;children&apos;: [], &apos;features&apos;: {}}, {&apos;type&apos;: &apos;text&apos;, &apos;bbox&apos;: (484.15400000000017, 501.041, 486.92400000000015, 514.331), &apos;color_space&apos;: &apos;DeviceGray&apos;, &apos;ncolor&apos;: None, &apos;size&apos;: 13.29000000000002, &apos;value&apos;: &apos;.&apos;, &apos;children&apos;: [], &apos;features&apos;: {}}, {&apos;type&apos;: &apos;text&apos;, &apos;bbox&apos;: (486.9240000000002, 501.041, 489.6940000000002, 514.331), &apos;color_space&apos;: &apos;DeviceGray&apos;, &apos;ncolor&apos;: None, &apos;size&apos;: 13.29000000000002, &apos;value&apos;: &apos;.&apos;, &apos;children&apos;: [], &apos;features&apos;: {}}, {&apos;type&apos;: &apos;text&apos;, &apos;bbox&apos;: (489.6940000000002, 501.041, 492.46400000000017, 514.331), &apos;color_space&apos;: &apos;DeviceGray&apos;, &apos;ncolor&apos;: None, &apos;size&apos;: 13.29000000000002, &apos;value&apos;: &apos;.&apos;, &apos;children&apos;: [], &apos;features&apos;: {}}, {&apos;type&apos;: &apos;text&apos;, &apos;bbox&apos;: (492.46400000000017, 501.041, 495.23400000000015, 514.331), &apos;color_space&apos;: &apos;DeviceGray&apos;, &apos;ncolor&apos;: None, &apos;size&apos;: 13.29000000000002, &apos;value&apos;: &apos;.&apos;, &apos;children&apos;: [], &apos;features&apos;: {}}, {&apos;type&apos;: &apos;text&apos;, &apos;bbox&apos;: (495.2340000000002, 501.041, 498.0040000000002, 514.331), &apos;color_space&apos;: &apos;DeviceGray&apos;, &apos;ncolor&apos;: None, &apos;size&apos;: 13.29000000000002, &apos;value&apos;: &apos;.&apos;, &apos;children&apos;: [], &apos;features&apos;: {}}, {&apos;type&apos;: &apos;text&apos;, &apos;bbox&apos;: (498.00400000000025, 501.041, 500.7740000000002, 514.331), &apos;color_space&apos;: &apos;DeviceGray&apos;, &apos;ncolor&apos;: None, &apos;size&apos;: 13.29000000000002, &apos;value&apos;: &apos;.&apos;, &apos;children&apos;: [], &apos;features&apos;: {}}, {&apos;type&apos;: &apos;text&apos;, &apos;bbox&apos;: (500.7740000000002, 501.041, 503.5440000000002, 514.331), &apos;color_space&apos;: &apos;DeviceGray&apos;, &apos;ncolor&apos;: None, &apos;size&apos;: 13.29000000000002, &apos;value&apos;: &apos;.&apos;, &apos;children&apos;: [], &apos;features&apos;: {}}, {&apos;type&apos;: &apos;text&apos;, &apos;bbox&apos;: (503.5440000000002, 501.041, 506.3140000000002, 514.331), &apos;color_space&apos;: &apos;DeviceGray&apos;, &apos;ncolor&apos;: None, &apos;size&apos;: 13.29000000000002, &apos;value&apos;: &apos;.&apos;, &apos;children&apos;: [], &apos;features&apos;: {}}, {&apos;type&apos;: &apos;text&apos;, &apos;bbox&apos;: (506.31400000000025, 501.041, 509.08400000000023, 514.331), &apos;color_space&apos;: &apos;DeviceGray&apos;, &apos;ncolor&apos;: None, &apos;size&apos;: 13.29000000000002, &apos;value&apos;: &apos;.&apos;, &apos;children&apos;: [], &apos;features&apos;: {}}, {&apos;type&apos;: &apos;text&apos;, &apos;bbox&apos;: (509.0840000000003, 501.041, 511.85400000000027, 514.331), &apos;color_space&apos;: &apos;DeviceGray&apos;, &apos;ncolor&apos;: None, &apos;size&apos;: 13.29000000000002, &apos;value&apos;: &apos;.&apos;, &apos;children&apos;: [], &apos;features&apos;: {}}, {&apos;type&apos;: &apos;text&apos;, &apos;bbox&apos;: (511.85400000000027, 501.041, 514.6240000000003, 514.331), &apos;color_space&apos;: &apos;DeviceGray&apos;, &apos;ncolor&apos;: None, &apos;size&apos;: 13.29000000000002, &apos;value&apos;: &apos;.&apos;, &apos;children&apos;: [], &apos;features&apos;: {}}, {&apos;type&apos;: &apos;text&apos;, &apos;bbox&apos;: (514.6240000000003, 501.041, 517.3940000000002, 514.331), &apos;color_space&apos;: &apos;DeviceGray&apos;, &apos;ncolor&apos;: None, &apos;size&apos;: 13.29000000000002, &apos;value&apos;: &apos;.&apos;, &apos;children&apos;: [], &apos;features&apos;: {}}, {&apos;type&apos;: &apos;text&apos;, &apos;bbox&apos;: (517.3940000000002, 501.041, 520.1640000000002, 514.331), &apos;color_space&apos;: &apos;DeviceGray&apos;, &apos;ncolor&apos;: None, &apos;size&apos;: 13.29000000000002, &apos;value&apos;: &apos;.&apos;, &apos;children&apos;: [], &apos;features&apos;: {}}, {&apos;type&apos;: &apos;text&apos;, &apos;bbox&apos;: (520.1640000000003, 501.041, 522.9340000000003, 514.331), &apos;color_space&apos;: &apos;DeviceGray&apos;, &apos;ncolor&apos;: None, &apos;size&apos;: 13.29000000000002, &apos;value&apos;: &apos;.&apos;, &apos;children&apos;: [], &apos;features&apos;: {}}, {&apos;type&apos;: &apos;text&apos;, &apos;bbox&apos;: (525.548, 501.041, 531.108, 514.331), &apos;color_space&apos;: &apos;DeviceGray&apos;, &apos;ncolor&apos;: None, &apos;size&apos;: 13.29000000000002, &apos;value&apos;: &apos;8&apos;, &apos;children&apos;: [], &apos;features&apos;: {}}, {&apos;type&apos;: &apos;text&apos;, &apos;bbox&apos;: (531.108, 501.041, 534.438, 514.331), &apos;color_space&apos;: &apos;DeviceGray&apos;, &apos;ncolor&apos;: None, &apos;size&apos;: 13.29000000000002, &apos;value&apos;: &apos;-&apos;, &apos;children&apos;: [], &apos;features&apos;: {}}, {&apos;type&apos;: &apos;text&apos;, &apos;bbox&apos;: (534.439, 501.041, 539.9989999999999, 514.331), &apos;color_space&apos;: &apos;DeviceGray&apos;, &apos;ncolor&apos;: None, &apos;size&apos;: 13.29000000000002, &apos;value&apos;: &apos;1&apos;, &apos;children&apos;: [], &apos;features&apos;: {}}], &apos;features&apos;: {}}
*********************





--------------------------------- CONTENT AREA --------------------------------- 
This content area has an image
{&apos;type&apos;: &apos;figure&apos;, &apos;bbox&apos;: (0, 0, 612.0, 792.0), &apos;name&apos;: &apos;fx59&apos;, &apos;children&apos;: [{&apos;type&apos;: &apos;text&apos;, &apos;bbox&apos;: (114.0, 484.82000000000005, 119.57, 498.3), &apos;color_space&apos;: &apos;DeviceGray&apos;, &apos;ncolor&apos;: None, &apos;size&apos;: 13.479999999999961, &apos;value&apos;: &apos;F&apos;, &apos;children&apos;: [], &apos;features&apos;: {}}, {&apos;type&apos;: &apos;text&apos;, &apos;bbox&apos;: (119.57, 484.82000000000005, 125.66999999999999, 498.3), &apos;color_space&apos;: &apos;DeviceGray&apos;, &apos;ncolor&apos;: None, &apos;size&apos;: 13.479999999999961, &apos;value&apos;: &apos;S&apos;, &apos;children&apos;: [], &apos;features&apos;: {}}, {&apos;type&apos;: &apos;text&apos;, &apos;bbox&apos;: (125.67, 484.82000000000005, 129.56, 498.3), &apos;color_space&apos;: &apos;DeviceGray&apos;, &apos;ncolor&apos;: None, &apos;size&apos;: 13.479999999999961, &apos;value&apos;: &apos;I&apos;, &apos;children&apos;: [], &apos;features&apos;: {}}, {&apos;type&apos;: &apos;text&apos;, &apos;bbox&apos;: (129.56, 484.82000000000005, 134.56, 498.3), &apos;color_space&apos;: &apos;DeviceGray&apos;, &apos;ncolor&apos;: None, &apos;size&apos;: 13.479999999999961, &apos;value&apos;: &apos;_&apos;, &apos;children&apos;: [], &apos;features&apos;: {}}, {&apos;type&apos;: &apos;text&apos;, &apos;bbox&apos;: (134.56, 484.82000000000005, 142.89000000000001, 498.3), &apos;color_space&apos;: &apos;DeviceGray&apos;, &apos;ncolor&apos;: None, &apos;size&apos;: 13.479999999999961, &apos;value&apos;: &apos;O&apos;, &apos;children&apos;: [], &apos;features&apos;: {}}, {&apos;type&apos;: &apos;text&apos;, &apos;bbox&apos;: (142.89, 484.82000000000005, 147.89, 498.3), &apos;color_space&apos;: &apos;DeviceGray&apos;, &apos;ncolor&apos;: None, &apos;size&apos;: 13.479999999999961, &apos;value&apos;: &apos;_&apos;, &apos;children&apos;: [], &apos;features&apos;: {}}, {&apos;type&apos;: &apos;text&apos;, &apos;bbox&apos;: (147.89, 484.82000000000005, 155.01999999999998, 498.3), &apos;color_space&apos;: &apos;DeviceGray&apos;, &apos;ncolor&apos;: None, &apos;size&apos;: 13.479999999999961, &apos;value&apos;: &apos;R&apos;, &apos;children&apos;: [], &apos;features&apos;: {}}, {&apos;type&apos;: &apos;text&apos;, &apos;bbox&apos;: (155.02, 484.82000000000005, 161.07000000000002, 498.3), &apos;color_space&apos;: &apos;DeviceGray&apos;, &apos;ncolor&apos;: None, &apos;size&apos;: 13.479999999999961, &apos;value&apos;: &apos;E&apos;, &apos;children&apos;: [], &apos;features&apos;: {}}, {&apos;type&apos;: &apos;text&apos;, &apos;bbox&apos;: (161.07, 484.82000000000005, 167.17, 498.3), &apos;color_space&apos;: &apos;DeviceGray&apos;, &apos;ncolor&apos;: None, &apos;size&apos;: 13.479999999999961, &apos;value&apos;: &apos;S&apos;, &apos;children&apos;: [], &apos;features&apos;: {}}, {&apos;type&apos;: &apos;text&apos;, &apos;bbox&apos;: (167.17000000000002, 484.82000000000005, 174.94000000000003, 498.3), &apos;color_space&apos;: &apos;DeviceGray&apos;, &apos;ncolor&apos;: None, &apos;size&apos;: 13.479999999999961, &apos;value&apos;: &apos;U&apos;, &apos;children&apos;: [], &apos;features&apos;: {}}, {&apos;type&apos;: &apos;text&apos;, &apos;bbox&apos;: (174.94, 484.82000000000005, 180.99, 498.3), &apos;color_space&apos;: &apos;DeviceGray&apos;, &apos;ncolor&apos;: None, &apos;size&apos;: 13.479999999999961, &apos;value&apos;: &apos;L&apos;, &apos;children&apos;: [], &apos;features&apos;: {}}, {&apos;type&apos;: &apos;text&apos;, &apos;bbox&apos;: (180.99, 484.82000000000005, 187.65, 498.3), &apos;color_space&apos;: &apos;DeviceGray&apos;, &apos;ncolor&apos;: None, &apos;size&apos;: 13.479999999999961, &apos;value&apos;: &apos;T&apos;, &apos;children&apos;: [], &apos;features&apos;: {}}, {&apos;type&apos;: &apos;text&apos;, &apos;bbox&apos;: (187.65, 484.82000000000005, 192.65, 498.3), &apos;color_space&apos;: &apos;DeviceGray&apos;, &apos;ncolor&apos;: None, &apos;size&apos;: 13.479999999999961, &apos;value&apos;: &apos;_&apos;, &apos;children&apos;: [], &apos;features&apos;: {}}, {&apos;type&apos;: &apos;text&apos;, &apos;bbox&apos;: (192.65, 484.82000000000005, 200.96, 498.3), &apos;color_space&apos;: &apos;DeviceGray&apos;, &apos;ncolor&apos;: None, &apos;size&apos;: 13.479999999999961, &apos;value&apos;: &apos;D&apos;, &apos;children&apos;: [], &apos;features&apos;: {}}, {&apos;type&apos;: &apos;text&apos;, &apos;bbox&apos;: (200.96, 484.82000000000005, 207.01000000000002, 498.3), &apos;color_space&apos;: &apos;DeviceGray&apos;, &apos;ncolor&apos;: None, &apos;size&apos;: 13.479999999999961, &apos;value&apos;: &apos;E&apos;, &apos;children&apos;: [], &apos;features&apos;: {}}, {&apos;type&apos;: &apos;text&apos;, &apos;bbox&apos;: (207.01, 484.82000000000005, 213.67, 498.3), &apos;color_space&apos;: &apos;DeviceGray&apos;, &apos;ncolor&apos;: None, &apos;size&apos;: 13.479999999999961, &apos;value&apos;: &apos;T&apos;, &apos;children&apos;: [], &apos;features&apos;: {}}, {&apos;type&apos;: &apos;text&apos;, &apos;bbox&apos;: (213.67000000000002, 484.82000000000005, 221.44000000000003, 498.3), &apos;color_space&apos;: &apos;DeviceGray&apos;, &apos;ncolor&apos;: None, &apos;size&apos;: 13.479999999999961, &apos;value&apos;: &apos;A&apos;, &apos;children&apos;: [], &apos;features&apos;: {}}, {&apos;type&apos;: &apos;text&apos;, &apos;bbox&apos;: (221.44, 484.82000000000005, 225.32999999999998, 498.3), &apos;color_space&apos;: &apos;DeviceGray&apos;, &apos;ncolor&apos;: None, &apos;size&apos;: 13.479999999999961, &apos;value&apos;: &apos;I&apos;, &apos;children&apos;: [], &apos;features&apos;: {}}, {&apos;type&apos;: &apos;text&apos;, &apos;bbox&apos;: (225.32999999999998, 484.82000000000005, 231.38, 498.3), &apos;color_space&apos;: &apos;DeviceGray&apos;, &apos;ncolor&apos;: None, &apos;size&apos;: 13.479999999999961, &apos;value&apos;: &apos;L&apos;, &apos;children&apos;: [], &apos;features&apos;: {}}, {&apos;type&apos;: &apos;text&apos;, &apos;bbox&apos;: (231.38, 484.82000000000005, 236.38, 498.3), &apos;color_space&apos;: &apos;DeviceGray&apos;, &apos;ncolor&apos;: None, &apos;size&apos;: 13.479999999999961, &apos;value&apos;: &apos;_&apos;, &apos;children&apos;: [], &apos;features&apos;: {}}, {&apos;type&apos;: &apos;text&apos;, &apos;bbox&apos;: (236.38, 484.82000000000005, 243.04, 498.3), &apos;color_space&apos;: &apos;DeviceGray&apos;, &apos;ncolor&apos;: None, &apos;size&apos;: 13.479999999999961, &apos;value&apos;: &apos;T&apos;, &apos;children&apos;: [], &apos;features&apos;: {}}, {&apos;type&apos;: &apos;text&apos;, &apos;bbox&apos;: (243.04, 484.82000000000005, 249.09, 498.3), &apos;color_space&apos;: &apos;DeviceGray&apos;, &apos;ncolor&apos;: None, &apos;size&apos;: 13.479999999999961, &apos;value&apos;: &apos;E&apos;, &apos;children&apos;: [], &apos;features&apos;: {}}, {&apos;type&apos;: &apos;text&apos;, &apos;bbox&apos;: (249.09, 484.82000000000005, 259.09000000000003, 498.3), &apos;color_space&apos;: &apos;DeviceGray&apos;, &apos;ncolor&apos;: None, &apos;size&apos;: 13.479999999999961, &apos;value&apos;: &apos;M&apos;, &apos;children&apos;: [], &apos;features&apos;: {}}, {&apos;type&apos;: &apos;text&apos;, &apos;bbox&apos;: (259.09000000000003, 484.82000000000005, 265.19000000000005, 498.3), &apos;color_space&apos;: &apos;DeviceGray&apos;, &apos;ncolor&apos;: None, &apos;size&apos;: 13.479999999999961, &apos;value&apos;: &apos;P&apos;, &apos;children&apos;: [], &apos;features&apos;: {}}, {&apos;type&apos;: &apos;text&apos;, &apos;bbox&apos;: (265.19, 484.82000000000005, 271.24, 498.3), &apos;color_space&apos;: &apos;DeviceGray&apos;, &apos;ncolor&apos;: None, &apos;size&apos;: 13.479999999999961, &apos;value&apos;: &apos;L&apos;, &apos;children&apos;: [], &apos;features&apos;: {}}, {&apos;type&apos;: &apos;text&apos;, &apos;bbox&apos;: (271.24, 484.82000000000005, 279.01, 498.3), &apos;color_space&apos;: &apos;DeviceGray&apos;, &apos;ncolor&apos;: None, &apos;size&apos;: 13.479999999999961, &apos;value&apos;: &apos;A&apos;, &apos;children&apos;: [], &apos;features&apos;: {}}, {&apos;type&apos;: &apos;text&apos;, &apos;bbox&apos;: (279.01, 484.82000000000005, 285.67, 498.3), &apos;color_space&apos;: &apos;DeviceGray&apos;, &apos;ncolor&apos;: None, &apos;size&apos;: 13.479999999999961, &apos;value&apos;: &apos;T&apos;, &apos;children&apos;: [], &apos;features&apos;: {}}, {&apos;type&apos;: &apos;text&apos;, &apos;bbox&apos;: (285.67, 484.82000000000005, 291.72, 498.3), &apos;color_space&apos;: &apos;DeviceGray&apos;, &apos;ncolor&apos;: None, &apos;size&apos;: 13.479999999999961, &apos;value&apos;: &apos;E&apos;, &apos;children&apos;: [], &apos;features&apos;: {}}, {&apos;type&apos;: &apos;text&apos;, &apos;bbox&apos;: (291.89, 485.55, 294.65999999999997, 498.84000000000003), &apos;color_space&apos;: &apos;DeviceGray&apos;, &apos;ncolor&apos;: None, &apos;size&apos;: 13.29000000000002, &apos;value&apos;: &apos;.&apos;, &apos;children&apos;: [], &apos;features&apos;: {}}, {&apos;type&apos;: &apos;text&apos;, &apos;bbox&apos;: (294.65999999999997, 485.55, 297.42999999999995, 498.84000000000003), &apos;color_space&apos;: &apos;DeviceGray&apos;, &apos;ncolor&apos;: None, &apos;size&apos;: 13.29000000000002, &apos;value&apos;: &apos;.&apos;, &apos;children&apos;: [], &apos;features&apos;: {}}, {&apos;type&apos;: &apos;text&apos;, &apos;bbox&apos;: (297.43, 485.55, 300.2, 498.84000000000003), &apos;color_space&apos;: &apos;DeviceGray&apos;, &apos;ncolor&apos;: None, &apos;size&apos;: 13.29000000000002, &apos;value&apos;: &apos;.&apos;, &apos;children&apos;: [], &apos;features&apos;: {}}, {&apos;type&apos;: &apos;text&apos;, &apos;bbox&apos;: (300.2, 485.55, 302.96999999999997, 498.84000000000003), &apos;color_space&apos;: &apos;DeviceGray&apos;, &apos;ncolor&apos;: None, &apos;size&apos;: 13.29000000000002, &apos;value&apos;: &apos;.&apos;, &apos;children&apos;: [], &apos;features&apos;: {}}, {&apos;type&apos;: &apos;text&apos;, &apos;bbox&apos;: (302.96999999999997, 485.55, 305.73999999999995, 498.84000000000003), &apos;color_space&apos;: &apos;DeviceGray&apos;, &apos;ncolor&apos;: None, &apos;size&apos;: 13.29000000000002, &apos;value&apos;: &apos;.&apos;, &apos;children&apos;: [], &apos;features&apos;: {}}, {&apos;type&apos;: &apos;text&apos;, &apos;bbox&apos;: (305.74, 485.55, 308.51, 498.84000000000003), &apos;color_space&apos;: &apos;DeviceGray&apos;, &apos;ncolor&apos;: None, &apos;size&apos;: 13.29000000000002, &apos;value&apos;: &apos;.&apos;, &apos;children&apos;: [], &apos;features&apos;: {}}, {&apos;type&apos;: &apos;text&apos;, &apos;bbox&apos;: (308.51, 485.55, 311.28, 498.84000000000003), &apos;color_space&apos;: &apos;DeviceGray&apos;, &apos;ncolor&apos;: None, &apos;size&apos;: 13.29000000000002, &apos;value&apos;: &apos;.&apos;, &apos;children&apos;: [], &apos;features&apos;: {}}, {&apos;type&apos;: &apos;text&apos;, &apos;bbox&apos;: (311.28, 485.55, 314.04999999999995, 498.84000000000003), &apos;color_space&apos;: &apos;DeviceGray&apos;, &apos;ncolor&apos;: None, &apos;size&apos;: 13.29000000000002, &apos;value&apos;: &apos;.&apos;, &apos;children&apos;: [], &apos;features&apos;: {}}, {&apos;type&apos;: &apos;text&apos;, &apos;bbox&apos;: (314.05, 485.55, 316.82, 498.84000000000003), &apos;color_space&apos;: &apos;DeviceGray&apos;, &apos;ncolor&apos;: None, &apos;size&apos;: 13.29000000000002, &apos;value&apos;: &apos;.&apos;, &apos;children&apos;: [], &apos;features&apos;: {}}, {&apos;type&apos;: &apos;text&apos;, &apos;bbox&apos;: (316.82, 485.55, 319.59, 498.84000000000003), &apos;color_space&apos;: &apos;DeviceGray&apos;, &apos;ncolor&apos;: None, &apos;size&apos;: 13.29000000000002, &apos;value&apos;: &apos;.&apos;, &apos;children&apos;: [], &apos;features&apos;: {}}, {&apos;type&apos;: &apos;text&apos;, &apos;bbox&apos;: (319.59, 485.55, 322.35999999999996, 498.84000000000003), &apos;color_space&apos;: &apos;DeviceGray&apos;, &apos;ncolor&apos;: None, &apos;size&apos;: 13.29000000000002, &apos;value&apos;: &apos;.&apos;, &apos;children&apos;: [], &apos;features&apos;: {}}, {&apos;type&apos;: &apos;text&apos;, &apos;bbox&apos;: (322.36, 485.55, 325.13, 498.84000000000003), &apos;color_space&apos;: &apos;DeviceGray&apos;, &apos;ncolor&apos;: None, &apos;size&apos;: 13.29000000000002, &apos;value&apos;: &apos;.&apos;, &apos;children&apos;: [], &apos;features&apos;: {}}, {&apos;type&apos;: &apos;text&apos;, &apos;bbox&apos;: (325.13, 485.55, 327.9, 498.84000000000003), &apos;color_space&apos;: &apos;DeviceGray&apos;, &apos;ncolor&apos;: None, &apos;size&apos;: 13.29000000000002, &apos;value&apos;: &apos;.&apos;, &apos;children&apos;: [], &apos;features&apos;: {}}, {&apos;type&apos;: &apos;text&apos;, &apos;bbox&apos;: (327.9, 485.55, 330.66999999999996, 498.84000000000003), &apos;color_space&apos;: &apos;DeviceGray&apos;, &apos;ncolor&apos;: None, &apos;size&apos;: 13.29000000000002, &apos;value&apos;: &apos;.&apos;, &apos;children&apos;: [], &apos;features&apos;: {}}, {&apos;type&apos;: &apos;text&apos;, &apos;bbox&apos;: (330.67, 485.55, 333.44, 498.84000000000003), &apos;color_space&apos;: &apos;DeviceGray&apos;, &apos;ncolor&apos;: None, &apos;size&apos;: 13.29000000000002, &apos;value&apos;: &apos;.&apos;, &apos;children&apos;: [], &apos;features&apos;: {}}, {&apos;type&apos;: &apos;text&apos;, &apos;bbox&apos;: (333.44, 485.55, 336.21, 498.84000000000003), &apos;color_space&apos;: &apos;DeviceGray&apos;, &apos;ncolor&apos;: None, &apos;size&apos;: 13.29000000000002, &apos;value&apos;: &apos;.&apos;, &apos;children&apos;: [], &apos;features&apos;: {}}, {&apos;type&apos;: &apos;text&apos;, &apos;bbox&apos;: (336.21, 485.55, 338.97999999999996, 498.84000000000003), &apos;color_space&apos;: &apos;DeviceGray&apos;, &apos;ncolor&apos;: None, &apos;size&apos;: 13.29000000000002, &apos;value&apos;: &apos;.&apos;, &apos;children&apos;: [], &apos;features&apos;: {}}, {&apos;type&apos;: &apos;text&apos;, &apos;bbox&apos;: (338.98, 485.55, 341.75, 498.84000000000003), &apos;color_space&apos;: &apos;DeviceGray&apos;, &apos;ncolor&apos;: None, &apos;size&apos;: 13.29000000000002, &apos;value&apos;: &apos;.&apos;, &apos;children&apos;: [], &apos;features&apos;: {}}, {&apos;type&apos;: &apos;text&apos;, &apos;bbox&apos;: (341.75, 485.55, 344.52, 498.84000000000003), &apos;color_space&apos;: &apos;DeviceGray&apos;, &apos;ncolor&apos;: None, &apos;size&apos;: 13.29000000000002, &apos;value&apos;: &apos;.&apos;, &apos;children&apos;: [], &apos;features&apos;: {}}, {&apos;type&apos;: &apos;text&apos;, &apos;bbox&apos;: (344.52, 485.55, 347.28999999999996, 498.84000000000003), &apos;color_space&apos;: &apos;DeviceGray&apos;, &apos;ncolor&apos;: None, &apos;size&apos;: 13.29000000000002, &apos;value&apos;: &apos;.&apos;, &apos;children&apos;: [], &apos;features&apos;: {}}, {&apos;type&apos;: &apos;text&apos;, &apos;bbox&apos;: (347.29, 485.55, 350.06, 498.84000000000003), &apos;color_space&apos;: &apos;DeviceGray&apos;, &apos;ncolor&apos;: None, &apos;size&apos;: 13.29000000000002, &apos;value&apos;: &apos;.&apos;, &apos;children&apos;: [], &apos;features&apos;: {}}, {&apos;type&apos;: &apos;text&apos;, &apos;bbox&apos;: (350.06, 485.55, 352.83, 498.84000000000003), &apos;color_space&apos;: &apos;DeviceGray&apos;, &apos;ncolor&apos;: None, &apos;size&apos;: 13.29000000000002, &apos;value&apos;: &apos;.&apos;, &apos;children&apos;: [], &apos;features&apos;: {}}, {&apos;type&apos;: &apos;text&apos;, &apos;bbox&apos;: (352.83000000000004, 485.55, 355.6, 498.84000000000003), &apos;color_space&apos;: &apos;DeviceGray&apos;, &apos;ncolor&apos;: None, &apos;size&apos;: 13.29000000000002, &apos;value&apos;: &apos;.&apos;, &apos;children&apos;: [], &apos;features&apos;: {}}, {&apos;type&apos;: &apos;text&apos;, &apos;bbox&apos;: (355.6, 485.55, 358.37, 498.84000000000003), &apos;color_space&apos;: &apos;DeviceGray&apos;, &apos;ncolor&apos;: None, &apos;size&apos;: 13.29000000000002, &apos;value&apos;: &apos;.&apos;, &apos;children&apos;: [], &apos;features&apos;: {}}, {&apos;type&apos;: &apos;text&apos;, &apos;bbox&apos;: (358.37, 485.55, 361.14, 498.84000000000003), &apos;color_space&apos;: &apos;DeviceGray&apos;, &apos;ncolor&apos;: None, &apos;size&apos;: 13.29000000000002, &apos;value&apos;: &apos;.&apos;, &apos;children&apos;: [], &apos;features&apos;: {}}, {&apos;type&apos;: &apos;text&apos;, &apos;bbox&apos;: (361.14, 485.55, 363.90999999999997, 498.84000000000003), &apos;color_space&apos;: &apos;DeviceGray&apos;, &apos;ncolor&apos;: None, &apos;size&apos;: 13.29000000000002, &apos;value&apos;: &apos;.&apos;, &apos;children&apos;: [], &apos;features&apos;: {}}, {&apos;type&apos;: &apos;text&apos;, &apos;bbox&apos;: (363.91, 485.55, 366.68, 498.84000000000003), &apos;color_space&apos;: &apos;DeviceGray&apos;, &apos;ncolor&apos;: None, &apos;size&apos;: 13.29000000000002, &apos;value&apos;: &apos;.&apos;, &apos;children&apos;: [], &apos;features&apos;: {}}, {&apos;type&apos;: &apos;text&apos;, &apos;bbox&apos;: (366.68, 485.55, 369.45, 498.84000000000003), &apos;color_space&apos;: &apos;DeviceGray&apos;, &apos;ncolor&apos;: None, &apos;size&apos;: 13.29000000000002, &apos;value&apos;: &apos;.&apos;, &apos;children&apos;: [], &apos;features&apos;: {}}, {&apos;type&apos;: &apos;text&apos;, &apos;bbox&apos;: (369.45, 485.55, 372.21999999999997, 498.84000000000003), &apos;color_space&apos;: &apos;DeviceGray&apos;, &apos;ncolor&apos;: None, &apos;size&apos;: 13.29000000000002, &apos;value&apos;: &apos;.&apos;, &apos;children&apos;: [], &apos;features&apos;: {}}, {&apos;type&apos;: &apos;text&apos;, &apos;bbox&apos;: (372.22, 485.55, 374.99, 498.84000000000003), &apos;color_space&apos;: &apos;DeviceGray&apos;, &apos;ncolor&apos;: None, &apos;size&apos;: 13.29000000000002, &apos;value&apos;: &apos;.&apos;, &apos;children&apos;: [], &apos;features&apos;: {}}, {&apos;type&apos;: &apos;text&apos;, &apos;bbox&apos;: (374.99, 485.55, 377.76, 498.84000000000003), &apos;color_space&apos;: &apos;DeviceGray&apos;, &apos;ncolor&apos;: None, &apos;size&apos;: 13.29000000000002, &apos;value&apos;: &apos;.&apos;, &apos;children&apos;: [], &apos;features&apos;: {}}, {&apos;type&apos;: &apos;text&apos;, &apos;bbox&apos;: (377.76, 485.55, 380.53, 498.84000000000003), &apos;color_space&apos;: &apos;DeviceGray&apos;, &apos;ncolor&apos;: None, &apos;size&apos;: 13.29000000000002, &apos;value&apos;: &apos;.&apos;, &apos;children&apos;: [], &apos;features&apos;: {}}, {&apos;type&apos;: &apos;text&apos;, &apos;bbox&apos;: (380.53, 485.55, 383.29999999999995, 498.84000000000003), &apos;color_space&apos;: &apos;DeviceGray&apos;, &apos;ncolor&apos;: None, &apos;size&apos;: 13.29000000000002, &apos;value&apos;: &apos;.&apos;, &apos;children&apos;: [], &apos;features&apos;: {}}, {&apos;type&apos;: &apos;text&apos;, &apos;bbox&apos;: (383.29999999999995, 485.55, 386.06999999999994, 498.84000000000003), &apos;color_space&apos;: &apos;DeviceGray&apos;, &apos;ncolor&apos;: None, &apos;size&apos;: 13.29000000000002, &apos;value&apos;: &apos;.&apos;, &apos;children&apos;: [], &apos;features&apos;: {}}, {&apos;type&apos;: &apos;text&apos;, &apos;bbox&apos;: (386.07, 485.55, 388.84, 498.84000000000003), &apos;color_space&apos;: &apos;DeviceGray&apos;, &apos;ncolor&apos;: None, &apos;size&apos;: 13.29000000000002, &apos;value&apos;: &apos;.&apos;, &apos;children&apos;: [], &apos;features&apos;: {}}, {&apos;type&apos;: &apos;text&apos;, &apos;bbox&apos;: (388.84, 485.55, 391.60999999999996, 498.84000000000003), &apos;color_space&apos;: &apos;DeviceGray&apos;, &apos;ncolor&apos;: None, &apos;size&apos;: 13.29000000000002, &apos;value&apos;: &apos;.&apos;, &apos;children&apos;: [], &apos;features&apos;: {}}, {&apos;type&apos;: &apos;text&apos;, &apos;bbox&apos;: (391.60999999999996, 485.55, 394.37999999999994, 498.84000000000003), &apos;color_space&apos;: &apos;DeviceGray&apos;, &apos;ncolor&apos;: None, &apos;size&apos;: 13.29000000000002, &apos;value&apos;: &apos;.&apos;, &apos;children&apos;: [], &apos;features&apos;: {}}, {&apos;type&apos;: &apos;text&apos;, &apos;bbox&apos;: (394.38, 485.55, 397.15, 498.84000000000003), &apos;color_space&apos;: &apos;DeviceGray&apos;, &apos;ncolor&apos;: None, &apos;size&apos;: 13.29000000000002, &apos;value&apos;: &apos;.&apos;, &apos;children&apos;: [], &apos;features&apos;: {}}, {&apos;type&apos;: &apos;text&apos;, &apos;bbox&apos;: (397.15, 485.55, 399.91999999999996, 498.84000000000003), &apos;color_space&apos;: &apos;DeviceGray&apos;, &apos;ncolor&apos;: None, &apos;size&apos;: 13.29000000000002, &apos;value&apos;: &apos;.&apos;, &apos;children&apos;: [], &apos;features&apos;: {}}, {&apos;type&apos;: &apos;text&apos;, &apos;bbox&apos;: (399.91999999999996, 485.55, 402.68999999999994, 498.84000000000003), &apos;color_space&apos;: &apos;DeviceGray&apos;, &apos;ncolor&apos;: None, &apos;size&apos;: 13.29000000000002, &apos;value&apos;: &apos;.&apos;, &apos;children&apos;: [], &apos;features&apos;: {}}, {&apos;type&apos;: &apos;text&apos;, &apos;bbox&apos;: (402.68999999999994, 485.55, 405.4599999999999, 498.84000000000003), &apos;color_space&apos;: &apos;DeviceGray&apos;, &apos;ncolor&apos;: None, &apos;size&apos;: 13.29000000000002, &apos;value&apos;: &apos;.&apos;, &apos;children&apos;: [], &apos;features&apos;: {}}, {&apos;type&apos;: &apos;text&apos;, &apos;bbox&apos;: (405.4599999999999, 485.55, 408.2299999999999, 498.84000000000003), &apos;color_space&apos;: &apos;DeviceGray&apos;, &apos;ncolor&apos;: None, &apos;size&apos;: 13.29000000000002, &apos;value&apos;: &apos;.&apos;, &apos;children&apos;: [], &apos;features&apos;: {}}, {&apos;type&apos;: &apos;text&apos;, &apos;bbox&apos;: (408.22999999999996, 485.55, 410.99999999999994, 498.84000000000003), &apos;color_space&apos;: &apos;DeviceGray&apos;, &apos;ncolor&apos;: None, &apos;size&apos;: 13.29000000000002, &apos;value&apos;: &apos;.&apos;, &apos;children&apos;: [], &apos;features&apos;: {}}, {&apos;type&apos;: &apos;text&apos;, &apos;bbox&apos;: (410.99999999999994, 485.55, 413.7699999999999, 498.84000000000003), &apos;color_space&apos;: &apos;DeviceGray&apos;, &apos;ncolor&apos;: None, &apos;size&apos;: 13.29000000000002, &apos;value&apos;: &apos;.&apos;, &apos;children&apos;: [], &apos;features&apos;: {}}, {&apos;type&apos;: &apos;text&apos;, &apos;bbox&apos;: (413.7699999999999, 485.55, 416.5399999999999, 498.84000000000003), &apos;color_space&apos;: &apos;DeviceGray&apos;, &apos;ncolor&apos;: None, &apos;size&apos;: 13.29000000000002, &apos;value&apos;: &apos;.&apos;, &apos;children&apos;: [], &apos;features&apos;: {}}, {&apos;type&apos;: &apos;text&apos;, &apos;bbox&apos;: (416.53999999999996, 485.55, 419.30999999999995, 498.84000000000003), &apos;color_space&apos;: &apos;DeviceGray&apos;, &apos;ncolor&apos;: None, &apos;size&apos;: 13.29000000000002, &apos;value&apos;: &apos;.&apos;, &apos;children&apos;: [], &apos;features&apos;: {}}, {&apos;type&apos;: &apos;text&apos;, &apos;bbox&apos;: (419.30999999999995, 485.55, 422.0799999999999, 498.84000000000003), &apos;color_space&apos;: &apos;DeviceGray&apos;, &apos;ncolor&apos;: None, &apos;size&apos;: 13.29000000000002, &apos;value&apos;: &apos;.&apos;, &apos;children&apos;: [], &apos;features&apos;: {}}, {&apos;type&apos;: &apos;text&apos;, &apos;bbox&apos;: (422.0799999999999, 485.55, 424.8499999999999, 498.84000000000003), &apos;color_space&apos;: &apos;DeviceGray&apos;, &apos;ncolor&apos;: None, &apos;size&apos;: 13.29000000000002, &apos;value&apos;: &apos;.&apos;, &apos;children&apos;: [], &apos;features&apos;: {}}, {&apos;type&apos;: &apos;text&apos;, &apos;bbox&apos;: (424.8499999999999, 485.55, 427.6199999999999, 498.84000000000003), &apos;color_space&apos;: &apos;DeviceGray&apos;, &apos;ncolor&apos;: None, &apos;size&apos;: 13.29000000000002, &apos;value&apos;: &apos;.&apos;, &apos;children&apos;: [], &apos;features&apos;: {}}, {&apos;type&apos;: &apos;text&apos;, &apos;bbox&apos;: (427.61999999999995, 485.55, 430.38999999999993, 498.84000000000003), &apos;color_space&apos;: &apos;DeviceGray&apos;, &apos;ncolor&apos;: None, &apos;size&apos;: 13.29000000000002, &apos;value&apos;: &apos;.&apos;, &apos;children&apos;: [], &apos;features&apos;: {}}, {&apos;type&apos;: &apos;text&apos;, &apos;bbox&apos;: (430.39, 485.55, 433.15999999999997, 498.84000000000003), &apos;color_space&apos;: &apos;DeviceGray&apos;, &apos;ncolor&apos;: None, &apos;size&apos;: 13.29000000000002, &apos;value&apos;: &apos;.&apos;, &apos;children&apos;: [], &apos;features&apos;: {}}, {&apos;type&apos;: &apos;text&apos;, &apos;bbox&apos;: (433.15999999999997, 485.55, 435.92999999999995, 498.84000000000003), &apos;color_space&apos;: &apos;DeviceGray&apos;, &apos;ncolor&apos;: None, &apos;size&apos;: 13.29000000000002, &apos;value&apos;: &apos;.&apos;, &apos;children&apos;: [], &apos;features&apos;: {}}, {&apos;type&apos;: &apos;text&apos;, &apos;bbox&apos;: (435.92999999999995, 485.55, 438.69999999999993, 498.84000000000003), &apos;color_space&apos;: &apos;DeviceGray&apos;, &apos;ncolor&apos;: None, &apos;size&apos;: 13.29000000000002, &apos;value&apos;: &apos;.&apos;, &apos;children&apos;: [], &apos;features&apos;: {}}, {&apos;type&apos;: &apos;text&apos;, &apos;bbox&apos;: (438.7, 485.55, 441.46999999999997, 498.84000000000003), &apos;color_space&apos;: &apos;DeviceGray&apos;, &apos;ncolor&apos;: None, &apos;size&apos;: 13.29000000000002, &apos;value&apos;: &apos;.&apos;, &apos;children&apos;: [], &apos;features&apos;: {}}, {&apos;type&apos;: &apos;text&apos;, &apos;bbox&apos;: (441.47, 485.55, 444.24, 498.84000000000003), &apos;color_space&apos;: &apos;DeviceGray&apos;, &apos;ncolor&apos;: None, &apos;size&apos;: 13.29000000000002, &apos;value&apos;: &apos;.&apos;, &apos;children&apos;: [], &apos;features&apos;: {}}, {&apos;type&apos;: &apos;text&apos;, &apos;bbox&apos;: (444.24, 485.55, 447.01, 498.84000000000003), &apos;color_space&apos;: &apos;DeviceGray&apos;, &apos;ncolor&apos;: None, &apos;size&apos;: 13.29000000000002, &apos;value&apos;: &apos;.&apos;, &apos;children&apos;: [], &apos;features&apos;: {}}, {&apos;type&apos;: &apos;text&apos;, &apos;bbox&apos;: (447.01, 485.55, 449.78, 498.84000000000003), &apos;color_space&apos;: &apos;DeviceGray&apos;, &apos;ncolor&apos;: None, &apos;size&apos;: 13.29000000000002, &apos;value&apos;: &apos;.&apos;, &apos;children&apos;: [], &apos;features&apos;: {}}, {&apos;type&apos;: &apos;text&apos;, &apos;bbox&apos;: (449.78000000000003, 485.55, 452.55, 498.84000000000003), &apos;color_space&apos;: &apos;DeviceGray&apos;, &apos;ncolor&apos;: None, &apos;size&apos;: 13.29000000000002, &apos;value&apos;: &apos;.&apos;, &apos;children&apos;: [], &apos;features&apos;: {}}, {&apos;type&apos;: &apos;text&apos;, &apos;bbox&apos;: (452.55000000000007, 485.55, 455.32000000000005, 498.84000000000003), &apos;color_space&apos;: &apos;DeviceGray&apos;, &apos;ncolor&apos;: None, &apos;size&apos;: 13.29000000000002, &apos;value&apos;: &apos;.&apos;, &apos;children&apos;: [], &apos;features&apos;: {}}, {&apos;type&apos;: &apos;text&apos;, &apos;bbox&apos;: (455.32000000000005, 485.55, 458.09000000000003, 498.84000000000003), &apos;color_space&apos;: &apos;DeviceGray&apos;, &apos;ncolor&apos;: None, &apos;size&apos;: 13.29000000000002, &apos;value&apos;: &apos;.&apos;, &apos;children&apos;: [], &apos;features&apos;: {}}, {&apos;type&apos;: &apos;text&apos;, &apos;bbox&apos;: (458.09000000000003, 485.55, 460.86, 498.84000000000003), &apos;color_space&apos;: &apos;DeviceGray&apos;, &apos;ncolor&apos;: None, &apos;size&apos;: 13.29000000000002, &apos;value&apos;: &apos;.&apos;, &apos;children&apos;: [], &apos;features&apos;: {}}, {&apos;type&apos;: &apos;text&apos;, &apos;bbox&apos;: (460.86000000000007, 485.55, 463.63000000000005, 498.84000000000003), &apos;color_space&apos;: &apos;DeviceGray&apos;, &apos;ncolor&apos;: None, &apos;size&apos;: 13.29000000000002, &apos;value&apos;: &apos;.&apos;, &apos;children&apos;: [], &apos;features&apos;: {}}, {&apos;type&apos;: &apos;text&apos;, &apos;bbox&apos;: (463.6300000000001, 485.55, 466.4000000000001, 498.84000000000003), &apos;color_space&apos;: &apos;DeviceGray&apos;, &apos;ncolor&apos;: None, &apos;size&apos;: 13.29000000000002, &apos;value&apos;: &apos;.&apos;, &apos;children&apos;: [], &apos;features&apos;: {}}, {&apos;type&apos;: &apos;text&apos;, &apos;bbox&apos;: (466.4000000000001, 485.55, 469.1700000000001, 498.84000000000003), &apos;color_space&apos;: &apos;DeviceGray&apos;, &apos;ncolor&apos;: None, &apos;size&apos;: 13.29000000000002, &apos;value&apos;: &apos;.&apos;, &apos;children&apos;: [], &apos;features&apos;: {}}, {&apos;type&apos;: &apos;text&apos;, &apos;bbox&apos;: (469.1700000000001, 485.55, 471.94000000000005, 498.84000000000003), &apos;color_space&apos;: &apos;DeviceGray&apos;, &apos;ncolor&apos;: None, &apos;size&apos;: 13.29000000000002, &apos;value&apos;: &apos;.&apos;, &apos;children&apos;: [], &apos;features&apos;: {}}, {&apos;type&apos;: &apos;text&apos;, &apos;bbox&apos;: (471.9400000000001, 485.55, 474.7100000000001, 498.84000000000003), &apos;color_space&apos;: &apos;DeviceGray&apos;, &apos;ncolor&apos;: None, &apos;size&apos;: 13.29000000000002, &apos;value&apos;: &apos;.&apos;, &apos;children&apos;: [], &apos;features&apos;: {}}, {&apos;type&apos;: &apos;text&apos;, &apos;bbox&apos;: (474.71000000000015, 485.55, 477.48000000000013, 498.84000000000003), &apos;color_space&apos;: &apos;DeviceGray&apos;, &apos;ncolor&apos;: None, &apos;size&apos;: 13.29000000000002, &apos;value&apos;: &apos;.&apos;, &apos;children&apos;: [], &apos;features&apos;: {}}, {&apos;type&apos;: &apos;text&apos;, &apos;bbox&apos;: (477.48000000000013, 485.55, 480.2500000000001, 498.84000000000003), &apos;color_space&apos;: &apos;DeviceGray&apos;, &apos;ncolor&apos;: None, &apos;size&apos;: 13.29000000000002, &apos;value&apos;: &apos;.&apos;, &apos;children&apos;: [], &apos;features&apos;: {}}, {&apos;type&apos;: &apos;text&apos;, &apos;bbox&apos;: (480.2500000000001, 485.55, 483.0200000000001, 498.84000000000003), &apos;color_space&apos;: &apos;DeviceGray&apos;, &apos;ncolor&apos;: None, &apos;size&apos;: 13.29000000000002, &apos;value&apos;: &apos;.&apos;, &apos;children&apos;: [], &apos;features&apos;: {}}, {&apos;type&apos;: &apos;text&apos;, &apos;bbox&apos;: (483.02000000000015, 485.55, 485.79000000000013, 498.84000000000003), &apos;color_space&apos;: &apos;DeviceGray&apos;, &apos;ncolor&apos;: None, &apos;size&apos;: 13.29000000000002, &apos;value&apos;: &apos;.&apos;, &apos;children&apos;: [], &apos;features&apos;: {}}, {&apos;type&apos;: &apos;text&apos;, &apos;bbox&apos;: (485.7900000000002, 485.55, 488.5600000000002, 498.84000000000003), &apos;color_space&apos;: &apos;DeviceGray&apos;, &apos;ncolor&apos;: None, &apos;size&apos;: 13.29000000000002, &apos;value&apos;: &apos;.&apos;, &apos;children&apos;: [], &apos;features&apos;: {}}, {&apos;type&apos;: &apos;text&apos;, &apos;bbox&apos;: (488.5600000000002, 485.55, 491.33000000000015, 498.84000000000003), &apos;color_space&apos;: &apos;DeviceGray&apos;, &apos;ncolor&apos;: None, &apos;size&apos;: 13.29000000000002, &apos;value&apos;: &apos;.&apos;, &apos;children&apos;: [], &apos;features&apos;: {}}, {&apos;type&apos;: &apos;text&apos;, &apos;bbox&apos;: (491.33000000000015, 485.55, 494.10000000000014, 498.84000000000003), &apos;color_space&apos;: &apos;DeviceGray&apos;, &apos;ncolor&apos;: None, &apos;size&apos;: 13.29000000000002, &apos;value&apos;: &apos;.&apos;, &apos;children&apos;: [], &apos;features&apos;: {}}, {&apos;type&apos;: &apos;text&apos;, &apos;bbox&apos;: (494.1000000000002, 485.55, 496.8700000000002, 498.84000000000003), &apos;color_space&apos;: &apos;DeviceGray&apos;, &apos;ncolor&apos;: None, &apos;size&apos;: 13.29000000000002, &apos;value&apos;: &apos;.&apos;, &apos;children&apos;: [], &apos;features&apos;: {}}, {&apos;type&apos;: &apos;text&apos;, &apos;bbox&apos;: (496.87000000000023, 485.55, 499.6400000000002, 498.84000000000003), &apos;color_space&apos;: &apos;DeviceGray&apos;, &apos;ncolor&apos;: None, &apos;size&apos;: 13.29000000000002, &apos;value&apos;: &apos;.&apos;, &apos;children&apos;: [], &apos;features&apos;: {}}, {&apos;type&apos;: &apos;text&apos;, &apos;bbox&apos;: (499.6400000000002, 485.55, 502.4100000000002, 498.84000000000003), &apos;color_space&apos;: &apos;DeviceGray&apos;, &apos;ncolor&apos;: None, &apos;size&apos;: 13.29000000000002, &apos;value&apos;: &apos;.&apos;, &apos;children&apos;: [], &apos;features&apos;: {}}, {&apos;type&apos;: &apos;text&apos;, &apos;bbox&apos;: (502.4100000000002, 485.55, 505.1800000000002, 498.84000000000003), &apos;color_space&apos;: &apos;DeviceGray&apos;, &apos;ncolor&apos;: None, &apos;size&apos;: 13.29000000000002, &apos;value&apos;: &apos;.&apos;, &apos;children&apos;: [], &apos;features&apos;: {}}, {&apos;type&apos;: &apos;text&apos;, &apos;bbox&apos;: (505.18000000000023, 485.55, 507.9500000000002, 498.84000000000003), &apos;color_space&apos;: &apos;DeviceGray&apos;, &apos;ncolor&apos;: None, &apos;size&apos;: 13.29000000000002, &apos;value&apos;: &apos;.&apos;, &apos;children&apos;: [], &apos;features&apos;: {}}, {&apos;type&apos;: &apos;text&apos;, &apos;bbox&apos;: (507.9500000000003, 485.55, 510.72000000000025, 498.84000000000003), &apos;color_space&apos;: &apos;DeviceGray&apos;, &apos;ncolor&apos;: None, &apos;size&apos;: 13.29000000000002, &apos;value&apos;: &apos;.&apos;, &apos;children&apos;: [], &apos;features&apos;: {}}, {&apos;type&apos;: &apos;text&apos;, &apos;bbox&apos;: (510.72000000000025, 485.55, 513.4900000000002, 498.84000000000003), &apos;color_space&apos;: &apos;DeviceGray&apos;, &apos;ncolor&apos;: None, &apos;size&apos;: 13.29000000000002, &apos;value&apos;: &apos;.&apos;, &apos;children&apos;: [], &apos;features&apos;: {}}, {&apos;type&apos;: &apos;text&apos;, &apos;bbox&apos;: (513.4900000000002, 485.55, 516.2600000000002, 498.84000000000003), &apos;color_space&apos;: &apos;DeviceGray&apos;, &apos;ncolor&apos;: None, &apos;size&apos;: 13.29000000000002, &apos;value&apos;: &apos;.&apos;, &apos;children&apos;: [], &apos;features&apos;: {}}, {&apos;type&apos;: &apos;text&apos;, &apos;bbox&apos;: (516.2600000000002, 485.55, 519.0300000000002, 498.84000000000003), &apos;color_space&apos;: &apos;DeviceGray&apos;, &apos;ncolor&apos;: None, &apos;size&apos;: 13.29000000000002, &apos;value&apos;: &apos;.&apos;, &apos;children&apos;: [], &apos;features&apos;: {}}, {&apos;type&apos;: &apos;text&apos;, &apos;bbox&apos;: (519.0300000000003, 485.55, 521.8000000000003, 498.84000000000003), &apos;color_space&apos;: &apos;DeviceGray&apos;, &apos;ncolor&apos;: None, &apos;size&apos;: 13.29000000000002, &apos;value&apos;: &apos;.&apos;, &apos;children&apos;: [], &apos;features&apos;: {}}, {&apos;type&apos;: &apos;text&apos;, &apos;bbox&apos;: (521.8000000000003, 485.55, 524.5700000000003, 498.84000000000003), &apos;color_space&apos;: &apos;DeviceGray&apos;, &apos;ncolor&apos;: None, &apos;size&apos;: 13.29000000000002, &apos;value&apos;: &apos;.&apos;, &apos;children&apos;: [], &apos;features&apos;: {}}, {&apos;type&apos;: &apos;text&apos;, &apos;bbox&apos;: (525.548, 485.55, 531.108, 498.84000000000003), &apos;color_space&apos;: &apos;DeviceGray&apos;, &apos;ncolor&apos;: None, &apos;size&apos;: 13.29000000000002, &apos;value&apos;: &apos;8&apos;, &apos;children&apos;: [], &apos;features&apos;: {}}, {&apos;type&apos;: &apos;text&apos;, &apos;bbox&apos;: (531.108, 485.55, 534.438, 498.84000000000003), &apos;color_space&apos;: &apos;DeviceGray&apos;, &apos;ncolor&apos;: None, &apos;size&apos;: 13.29000000000002, &apos;value&apos;: &apos;-&apos;, &apos;children&apos;: [], &apos;features&apos;: {}}, {&apos;type&apos;: &apos;text&apos;, &apos;bbox&apos;: (534.439, 485.55, 539.9989999999999, 498.84000000000003), &apos;color_space&apos;: &apos;DeviceGray&apos;, &apos;ncolor&apos;: None, &apos;size&apos;: 13.29000000000002, &apos;value&apos;: &apos;1&apos;, &apos;children&apos;: [], &apos;features&apos;: {}}], &apos;features&apos;: {}}
*********************





--------------------------------- CONTENT AREA --------------------------------- 
This content area has an image
{&apos;type&apos;: &apos;figure&apos;, &apos;bbox&apos;: (0, 0, 612.0, 792.0), &apos;name&apos;: &apos;fx60&apos;, &apos;children&apos;: [{&apos;type&apos;: &apos;text&apos;, &apos;bbox&apos;: (114.0, 469.329, 119.57, 482.80899999999997), &apos;color_space&apos;: &apos;DeviceGray&apos;, &apos;ncolor&apos;: None, &apos;size&apos;: 13.479999999999961, &apos;value&apos;: &apos;F&apos;, &apos;children&apos;: [], &apos;features&apos;: {}}, {&apos;type&apos;: &apos;text&apos;, &apos;bbox&apos;: (119.57, 469.329, 125.66999999999999, 482.80899999999997), &apos;color_space&apos;: &apos;DeviceGray&apos;, &apos;ncolor&apos;: None, &apos;size&apos;: 13.479999999999961, &apos;value&apos;: &apos;S&apos;, &apos;children&apos;: [], &apos;features&apos;: {}}, {&apos;type&apos;: &apos;text&apos;, &apos;bbox&apos;: (125.67, 469.329, 129.56, 482.80899999999997), &apos;color_space&apos;: &apos;DeviceGray&apos;, &apos;ncolor&apos;: None, &apos;size&apos;: 13.479999999999961, &apos;value&apos;: &apos;I&apos;, &apos;children&apos;: [], &apos;features&apos;: {}}, {&apos;type&apos;: &apos;text&apos;, &apos;bbox&apos;: (129.56, 469.329, 134.56, 482.80899999999997), &apos;color_space&apos;: &apos;DeviceGray&apos;, &apos;ncolor&apos;: None, &apos;size&apos;: 13.479999999999961, &apos;value&apos;: &apos;_&apos;, &apos;children&apos;: [], &apos;features&apos;: {}}, {&apos;type&apos;: &apos;text&apos;, &apos;bbox&apos;: (134.56, 469.329, 142.89000000000001, 482.80899999999997), &apos;color_space&apos;: &apos;DeviceGray&apos;, &apos;ncolor&apos;: None, &apos;size&apos;: 13.479999999999961, &apos;value&apos;: &apos;O&apos;, &apos;children&apos;: [], &apos;features&apos;: {}}, {&apos;type&apos;: &apos;text&apos;, &apos;bbox&apos;: (142.89, 469.329, 147.89, 482.80899999999997), &apos;color_space&apos;: &apos;DeviceGray&apos;, &apos;ncolor&apos;: None, &apos;size&apos;: 13.479999999999961, &apos;value&apos;: &apos;_&apos;, &apos;children&apos;: [], &apos;features&apos;: {}}, {&apos;type&apos;: &apos;text&apos;, &apos;bbox&apos;: (147.89, 469.329, 155.10999999999999, 482.80899999999997), &apos;color_space&apos;: &apos;DeviceGray&apos;, &apos;ncolor&apos;: None, &apos;size&apos;: 13.479999999999961, &apos;value&apos;: &apos;C&apos;, &apos;children&apos;: [], &apos;features&apos;: {}}, {&apos;type&apos;: &apos;text&apos;, &apos;bbox&apos;: (155.11, 469.329, 163.44000000000003, 482.80899999999997), &apos;color_space&apos;: &apos;DeviceGray&apos;, &apos;ncolor&apos;: None, &apos;size&apos;: 13.479999999999961, &apos;value&apos;: &apos;O&apos;, &apos;children&apos;: [], &apos;features&apos;: {}}, {&apos;type&apos;: &apos;text&apos;, &apos;bbox&apos;: (163.44, 469.329, 171.77, 482.80899999999997), &apos;color_space&apos;: &apos;DeviceGray&apos;, &apos;ncolor&apos;: None, &apos;size&apos;: 13.479999999999961, &apos;value&apos;: &apos;N&apos;, &apos;children&apos;: [], &apos;features&apos;: {}}, {&apos;type&apos;: &apos;text&apos;, &apos;bbox&apos;: (171.76999999999998, 469.329, 177.86999999999998, 482.80899999999997), &apos;color_space&apos;: &apos;DeviceGray&apos;, &apos;ncolor&apos;: None, &apos;size&apos;: 13.479999999999961, &apos;value&apos;: &apos;S&apos;, &apos;children&apos;: [], &apos;features&apos;: {}}, {&apos;type&apos;: &apos;text&apos;, &apos;bbox&apos;: (177.87, 469.329, 182.87, 482.80899999999997), &apos;color_space&apos;: &apos;DeviceGray&apos;, &apos;ncolor&apos;: None, &apos;size&apos;: 13.479999999999961, &apos;value&apos;: &apos;_&apos;, &apos;children&apos;: [], &apos;features&apos;: {}}, {&apos;type&apos;: &apos;text&apos;, &apos;bbox&apos;: (182.87, 469.329, 191.18, 482.80899999999997), &apos;color_space&apos;: &apos;DeviceGray&apos;, &apos;ncolor&apos;: None, &apos;size&apos;: 13.479999999999961, &apos;value&apos;: &apos;D&apos;, &apos;children&apos;: [], &apos;features&apos;: {}}, {&apos;type&apos;: &apos;text&apos;, &apos;bbox&apos;: (191.18, 469.329, 197.23000000000002, 482.80899999999997), &apos;color_space&apos;: &apos;DeviceGray&apos;, &apos;ncolor&apos;: None, &apos;size&apos;: 13.479999999999961, &apos;value&apos;: &apos;E&apos;, &apos;children&apos;: [], &apos;features&apos;: {}}, {&apos;type&apos;: &apos;text&apos;, &apos;bbox&apos;: (197.23000000000002, 469.329, 203.89000000000001, 482.80899999999997), &apos;color_space&apos;: &apos;DeviceGray&apos;, &apos;ncolor&apos;: None, &apos;size&apos;: 13.479999999999961, &apos;value&apos;: &apos;T&apos;, &apos;children&apos;: [], &apos;features&apos;: {}}, {&apos;type&apos;: &apos;text&apos;, &apos;bbox&apos;: (203.89, 469.329, 211.66, 482.80899999999997), &apos;color_space&apos;: &apos;DeviceGray&apos;, &apos;ncolor&apos;: None, &apos;size&apos;: 13.479999999999961, &apos;value&apos;: &apos;A&apos;, &apos;children&apos;: [], &apos;features&apos;: {}}, {&apos;type&apos;: &apos;text&apos;, &apos;bbox&apos;: (211.66, 469.329, 215.54999999999998, 482.80899999999997), &apos;color_space&apos;: &apos;DeviceGray&apos;, &apos;ncolor&apos;: None, &apos;size&apos;: 13.479999999999961, &apos;value&apos;: &apos;I&apos;, &apos;children&apos;: [], &apos;features&apos;: {}}, {&apos;type&apos;: &apos;text&apos;, &apos;bbox&apos;: (215.55, 469.329, 221.60000000000002, 482.80899999999997), &apos;color_space&apos;: &apos;DeviceGray&apos;, &apos;ncolor&apos;: None, &apos;size&apos;: 13.479999999999961, &apos;value&apos;: &apos;L&apos;, &apos;children&apos;: [], &apos;features&apos;: {}}, {&apos;type&apos;: &apos;text&apos;, &apos;bbox&apos;: (221.6, 469.329, 226.6, 482.80899999999997), &apos;color_space&apos;: &apos;DeviceGray&apos;, &apos;ncolor&apos;: None, &apos;size&apos;: 13.479999999999961, &apos;value&apos;: &apos;_&apos;, &apos;children&apos;: [], &apos;features&apos;: {}}, {&apos;type&apos;: &apos;text&apos;, &apos;bbox&apos;: (226.6, 469.329, 233.26, 482.80899999999997), &apos;color_space&apos;: &apos;DeviceGray&apos;, &apos;ncolor&apos;: None, &apos;size&apos;: 13.479999999999961, &apos;value&apos;: &apos;T&apos;, &apos;children&apos;: [], &apos;features&apos;: {}}, {&apos;type&apos;: &apos;text&apos;, &apos;bbox&apos;: (233.26, 469.329, 239.31, 482.80899999999997), &apos;color_space&apos;: &apos;DeviceGray&apos;, &apos;ncolor&apos;: None, &apos;size&apos;: 13.479999999999961, &apos;value&apos;: &apos;E&apos;, &apos;children&apos;: [], &apos;features&apos;: {}}, {&apos;type&apos;: &apos;text&apos;, &apos;bbox&apos;: (239.31, 469.329, 249.31, 482.80899999999997), &apos;color_space&apos;: &apos;DeviceGray&apos;, &apos;ncolor&apos;: None, &apos;size&apos;: 13.479999999999961, &apos;value&apos;: &apos;M&apos;, &apos;children&apos;: [], &apos;features&apos;: {}}, {&apos;type&apos;: &apos;text&apos;, &apos;bbox&apos;: (249.31, 469.329, 255.41, 482.80899999999997), &apos;color_space&apos;: &apos;DeviceGray&apos;, &apos;ncolor&apos;: None, &apos;size&apos;: 13.479999999999961, &apos;value&apos;: &apos;P&apos;, &apos;children&apos;: [], &apos;features&apos;: {}}, {&apos;type&apos;: &apos;text&apos;, &apos;bbox&apos;: (255.41, 469.329, 261.46, 482.80899999999997), &apos;color_space&apos;: &apos;DeviceGray&apos;, &apos;ncolor&apos;: None, &apos;size&apos;: 13.479999999999961, &apos;value&apos;: &apos;L&apos;, &apos;children&apos;: [], &apos;features&apos;: {}}, {&apos;type&apos;: &apos;text&apos;, &apos;bbox&apos;: (261.46000000000004, 469.329, 269.23, 482.80899999999997), &apos;color_space&apos;: &apos;DeviceGray&apos;, &apos;ncolor&apos;: None, &apos;size&apos;: 13.479999999999961, &apos;value&apos;: &apos;A&apos;, &apos;children&apos;: [], &apos;features&apos;: {}}, {&apos;type&apos;: &apos;text&apos;, &apos;bbox&apos;: (269.23, 469.329, 275.89000000000004, 482.80899999999997), &apos;color_space&apos;: &apos;DeviceGray&apos;, &apos;ncolor&apos;: None, &apos;size&apos;: 13.479999999999961, &apos;value&apos;: &apos;T&apos;, &apos;children&apos;: [], &apos;features&apos;: {}}, {&apos;type&apos;: &apos;text&apos;, &apos;bbox&apos;: (275.89, 469.329, 281.94, 482.80899999999997), &apos;color_space&apos;: &apos;DeviceGray&apos;, &apos;ncolor&apos;: None, &apos;size&apos;: 13.479999999999961, &apos;value&apos;: &apos;E&apos;, &apos;children&apos;: [], &apos;features&apos;: {}}, {&apos;type&apos;: &apos;text&apos;, &apos;bbox&apos;: (282.066, 470.05899999999997, 284.83599999999996, 483.349), &apos;color_space&apos;: &apos;DeviceGray&apos;, &apos;ncolor&apos;: None, &apos;size&apos;: 13.29000000000002, &apos;value&apos;: &apos;.&apos;, &apos;children&apos;: [], &apos;features&apos;: {}}, {&apos;type&apos;: &apos;text&apos;, &apos;bbox&apos;: (284.83599999999996, 470.05899999999997, 287.60599999999994, 483.349), &apos;color_space&apos;: &apos;DeviceGray&apos;, &apos;ncolor&apos;: None, &apos;size&apos;: 13.29000000000002, &apos;value&apos;: &apos;.&apos;, &apos;children&apos;: [], &apos;features&apos;: {}}, {&apos;type&apos;: &apos;text&apos;, &apos;bbox&apos;: (287.606, 470.05899999999997, 290.376, 483.349), &apos;color_space&apos;: &apos;DeviceGray&apos;, &apos;ncolor&apos;: None, &apos;size&apos;: 13.29000000000002, &apos;value&apos;: &apos;.&apos;, &apos;children&apos;: [], &apos;features&apos;: {}}, {&apos;type&apos;: &apos;text&apos;, &apos;bbox&apos;: (290.376, 470.05899999999997, 293.14599999999996, 483.349), &apos;color_space&apos;: &apos;DeviceGray&apos;, &apos;ncolor&apos;: None, &apos;size&apos;: 13.29000000000002, &apos;value&apos;: &apos;.&apos;, &apos;children&apos;: [], &apos;features&apos;: {}}, {&apos;type&apos;: &apos;text&apos;, &apos;bbox&apos;: (293.14599999999996, 470.05899999999997, 295.91599999999994, 483.349), &apos;color_space&apos;: &apos;DeviceGray&apos;, &apos;ncolor&apos;: None, &apos;size&apos;: 13.29000000000002, &apos;value&apos;: &apos;.&apos;, &apos;children&apos;: [], &apos;features&apos;: {}}, {&apos;type&apos;: &apos;text&apos;, &apos;bbox&apos;: (295.916, 470.05899999999997, 298.686, 483.349), &apos;color_space&apos;: &apos;DeviceGray&apos;, &apos;ncolor&apos;: None, &apos;size&apos;: 13.29000000000002, &apos;value&apos;: &apos;.&apos;, &apos;children&apos;: [], &apos;features&apos;: {}}, {&apos;type&apos;: &apos;text&apos;, &apos;bbox&apos;: (298.686, 470.05899999999997, 301.45599999999996, 483.349), &apos;color_space&apos;: &apos;DeviceGray&apos;, &apos;ncolor&apos;: None, &apos;size&apos;: 13.29000000000002, &apos;value&apos;: &apos;.&apos;, &apos;children&apos;: [], &apos;features&apos;: {}}, {&apos;type&apos;: &apos;text&apos;, &apos;bbox&apos;: (301.45599999999996, 470.05899999999997, 304.22599999999994, 483.349), &apos;color_space&apos;: &apos;DeviceGray&apos;, &apos;ncolor&apos;: None, &apos;size&apos;: 13.29000000000002, &apos;value&apos;: &apos;.&apos;, &apos;children&apos;: [], &apos;features&apos;: {}}, {&apos;type&apos;: &apos;text&apos;, &apos;bbox&apos;: (304.226, 470.05899999999997, 306.996, 483.349), &apos;color_space&apos;: &apos;DeviceGray&apos;, &apos;ncolor&apos;: None, &apos;size&apos;: 13.29000000000002, &apos;value&apos;: &apos;.&apos;, &apos;children&apos;: [], &apos;features&apos;: {}}, {&apos;type&apos;: &apos;text&apos;, &apos;bbox&apos;: (306.996, 470.05899999999997, 309.76599999999996, 483.349), &apos;color_space&apos;: &apos;DeviceGray&apos;, &apos;ncolor&apos;: None, &apos;size&apos;: 13.29000000000002, &apos;value&apos;: &apos;.&apos;, &apos;children&apos;: [], &apos;features&apos;: {}}, {&apos;type&apos;: &apos;text&apos;, &apos;bbox&apos;: (309.76599999999996, 470.05899999999997, 312.53599999999994, 483.349), &apos;color_space&apos;: &apos;DeviceGray&apos;, &apos;ncolor&apos;: None, &apos;size&apos;: 13.29000000000002, &apos;value&apos;: &apos;.&apos;, &apos;children&apos;: [], &apos;features&apos;: {}}, {&apos;type&apos;: &apos;text&apos;, &apos;bbox&apos;: (312.53599999999994, 470.05899999999997, 315.3059999999999, 483.349), &apos;color_space&apos;: &apos;DeviceGray&apos;, &apos;ncolor&apos;: None, &apos;size&apos;: 13.29000000000002, &apos;value&apos;: &apos;.&apos;, &apos;children&apos;: [], &apos;features&apos;: {}}, {&apos;type&apos;: &apos;text&apos;, &apos;bbox&apos;: (315.306, 470.05899999999997, 318.07599999999996, 483.349), &apos;color_space&apos;: &apos;DeviceGray&apos;, &apos;ncolor&apos;: None, &apos;size&apos;: 13.29000000000002, &apos;value&apos;: &apos;.&apos;, &apos;children&apos;: [], &apos;features&apos;: {}}, {&apos;type&apos;: &apos;text&apos;, &apos;bbox&apos;: (318.07599999999996, 470.05899999999997, 320.84599999999995, 483.349), &apos;color_space&apos;: &apos;DeviceGray&apos;, &apos;ncolor&apos;: None, &apos;size&apos;: 13.29000000000002, &apos;value&apos;: &apos;.&apos;, &apos;children&apos;: [], &apos;features&apos;: {}}, {&apos;type&apos;: &apos;text&apos;, &apos;bbox&apos;: (320.846, 470.05899999999997, 323.616, 483.349), &apos;color_space&apos;: &apos;DeviceGray&apos;, &apos;ncolor&apos;: None, &apos;size&apos;: 13.29000000000002, &apos;value&apos;: &apos;.&apos;, &apos;children&apos;: [], &apos;features&apos;: {}}, {&apos;type&apos;: &apos;text&apos;, &apos;bbox&apos;: (323.616, 470.05899999999997, 326.38599999999997, 483.349), &apos;color_space&apos;: &apos;DeviceGray&apos;, &apos;ncolor&apos;: None, &apos;size&apos;: 13.29000000000002, &apos;value&apos;: &apos;.&apos;, &apos;children&apos;: [], &apos;features&apos;: {}}, {&apos;type&apos;: &apos;text&apos;, &apos;bbox&apos;: (326.38599999999997, 470.05899999999997, 329.15599999999995, 483.349), &apos;color_space&apos;: &apos;DeviceGray&apos;, &apos;ncolor&apos;: None, &apos;size&apos;: 13.29000000000002, &apos;value&apos;: &apos;.&apos;, &apos;children&apos;: [], &apos;features&apos;: {}}, {&apos;type&apos;: &apos;text&apos;, &apos;bbox&apos;: (329.156, 470.05899999999997, 331.926, 483.349), &apos;color_space&apos;: &apos;DeviceGray&apos;, &apos;ncolor&apos;: None, &apos;size&apos;: 13.29000000000002, &apos;value&apos;: &apos;.&apos;, &apos;children&apos;: [], &apos;features&apos;: {}}, {&apos;type&apos;: &apos;text&apos;, &apos;bbox&apos;: (331.926, 470.05899999999997, 334.69599999999997, 483.349), &apos;color_space&apos;: &apos;DeviceGray&apos;, &apos;ncolor&apos;: None, &apos;size&apos;: 13.29000000000002, &apos;value&apos;: &apos;.&apos;, &apos;children&apos;: [], &apos;features&apos;: {}}, {&apos;type&apos;: &apos;text&apos;, &apos;bbox&apos;: (334.696, 470.05899999999997, 337.466, 483.349), &apos;color_space&apos;: &apos;DeviceGray&apos;, &apos;ncolor&apos;: None, &apos;size&apos;: 13.29000000000002, &apos;value&apos;: &apos;.&apos;, &apos;children&apos;: [], &apos;features&apos;: {}}, {&apos;type&apos;: &apos;text&apos;, &apos;bbox&apos;: (337.466, 470.05899999999997, 340.236, 483.349), &apos;color_space&apos;: &apos;DeviceGray&apos;, &apos;ncolor&apos;: None, &apos;size&apos;: 13.29000000000002, &apos;value&apos;: &apos;.&apos;, &apos;children&apos;: [], &apos;features&apos;: {}}, {&apos;type&apos;: &apos;text&apos;, &apos;bbox&apos;: (340.236, 470.05899999999997, 343.006, 483.349), &apos;color_space&apos;: &apos;DeviceGray&apos;, &apos;ncolor&apos;: None, &apos;size&apos;: 13.29000000000002, &apos;value&apos;: &apos;.&apos;, &apos;children&apos;: [], &apos;features&apos;: {}}, {&apos;type&apos;: &apos;text&apos;, &apos;bbox&apos;: (343.00600000000003, 470.05899999999997, 345.776, 483.349), &apos;color_space&apos;: &apos;DeviceGray&apos;, &apos;ncolor&apos;: None, &apos;size&apos;: 13.29000000000002, &apos;value&apos;: &apos;.&apos;, &apos;children&apos;: [], &apos;features&apos;: {}}, {&apos;type&apos;: &apos;text&apos;, &apos;bbox&apos;: (345.776, 470.05899999999997, 348.546, 483.349), &apos;color_space&apos;: &apos;DeviceGray&apos;, &apos;ncolor&apos;: None, &apos;size&apos;: 13.29000000000002, &apos;value&apos;: &apos;.&apos;, &apos;children&apos;: [], &apos;features&apos;: {}}, {&apos;type&apos;: &apos;text&apos;, &apos;bbox&apos;: (348.546, 470.05899999999997, 351.316, 483.349), &apos;color_space&apos;: &apos;DeviceGray&apos;, &apos;ncolor&apos;: None, &apos;size&apos;: 13.29000000000002, &apos;value&apos;: &apos;.&apos;, &apos;children&apos;: [], &apos;features&apos;: {}}, {&apos;type&apos;: &apos;text&apos;, &apos;bbox&apos;: (351.31600000000003, 470.05899999999997, 354.086, 483.349), &apos;color_space&apos;: &apos;DeviceGray&apos;, &apos;ncolor&apos;: None, &apos;size&apos;: 13.29000000000002, &apos;value&apos;: &apos;.&apos;, &apos;children&apos;: [], &apos;features&apos;: {}}, {&apos;type&apos;: &apos;text&apos;, &apos;bbox&apos;: (354.086, 470.05899999999997, 356.856, 483.349), &apos;color_space&apos;: &apos;DeviceGray&apos;, &apos;ncolor&apos;: None, &apos;size&apos;: 13.29000000000002, &apos;value&apos;: &apos;.&apos;, &apos;children&apos;: [], &apos;features&apos;: {}}, {&apos;type&apos;: &apos;text&apos;, &apos;bbox&apos;: (356.856, 470.05899999999997, 359.626, 483.349), &apos;color_space&apos;: &apos;DeviceGray&apos;, &apos;ncolor&apos;: None, &apos;size&apos;: 13.29000000000002, &apos;value&apos;: &apos;.&apos;, &apos;children&apos;: [], &apos;features&apos;: {}}, {&apos;type&apos;: &apos;text&apos;, &apos;bbox&apos;: (359.626, 470.05899999999997, 362.39599999999996, 483.349), &apos;color_space&apos;: &apos;DeviceGray&apos;, &apos;ncolor&apos;: None, &apos;size&apos;: 13.29000000000002, &apos;value&apos;: &apos;.&apos;, &apos;children&apos;: [], &apos;features&apos;: {}}, {&apos;type&apos;: &apos;text&apos;, &apos;bbox&apos;: (362.39599999999996, 470.05899999999997, 365.16599999999994, 483.349), &apos;color_space&apos;: &apos;DeviceGray&apos;, &apos;ncolor&apos;: None, &apos;size&apos;: 13.29000000000002, &apos;value&apos;: &apos;.&apos;, &apos;children&apos;: [], &apos;features&apos;: {}}, {&apos;type&apos;: &apos;text&apos;, &apos;bbox&apos;: (365.166, 470.05899999999997, 367.936, 483.349), &apos;color_space&apos;: &apos;DeviceGray&apos;, &apos;ncolor&apos;: None, &apos;size&apos;: 13.29000000000002, &apos;value&apos;: &apos;.&apos;, &apos;children&apos;: [], &apos;features&apos;: {}}, {&apos;type&apos;: &apos;text&apos;, &apos;bbox&apos;: (367.936, 470.05899999999997, 370.70599999999996, 483.349), &apos;color_space&apos;: &apos;DeviceGray&apos;, &apos;ncolor&apos;: None, &apos;size&apos;: 13.29000000000002, &apos;value&apos;: &apos;.&apos;, &apos;children&apos;: [], &apos;features&apos;: {}}, {&apos;type&apos;: &apos;text&apos;, &apos;bbox&apos;: (370.70599999999996, 470.05899999999997, 373.47599999999994, 483.349), &apos;color_space&apos;: &apos;DeviceGray&apos;, &apos;ncolor&apos;: None, &apos;size&apos;: 13.29000000000002, &apos;value&apos;: &apos;.&apos;, &apos;children&apos;: [], &apos;features&apos;: {}}, {&apos;type&apos;: &apos;text&apos;, &apos;bbox&apos;: (373.476, 470.05899999999997, 376.246, 483.349), &apos;color_space&apos;: &apos;DeviceGray&apos;, &apos;ncolor&apos;: None, &apos;size&apos;: 13.29000000000002, &apos;value&apos;: &apos;.&apos;, &apos;children&apos;: [], &apos;features&apos;: {}}, {&apos;type&apos;: &apos;text&apos;, &apos;bbox&apos;: (376.246, 470.05899999999997, 379.01599999999996, 483.349), &apos;color_space&apos;: &apos;DeviceGray&apos;, &apos;ncolor&apos;: None, &apos;size&apos;: 13.29000000000002, &apos;value&apos;: &apos;.&apos;, &apos;children&apos;: [], &apos;features&apos;: {}}, {&apos;type&apos;: &apos;text&apos;, &apos;bbox&apos;: (379.01599999999996, 470.05899999999997, 381.78599999999994, 483.349), &apos;color_space&apos;: &apos;DeviceGray&apos;, &apos;ncolor&apos;: None, &apos;size&apos;: 13.29000000000002, &apos;value&apos;: &apos;.&apos;, &apos;children&apos;: [], &apos;features&apos;: {}}, {&apos;type&apos;: &apos;text&apos;, &apos;bbox&apos;: (381.78599999999994, 470.05899999999997, 384.5559999999999, 483.349), &apos;color_space&apos;: &apos;DeviceGray&apos;, &apos;ncolor&apos;: None, &apos;size&apos;: 13.29000000000002, &apos;value&apos;: &apos;.&apos;, &apos;children&apos;: [], &apos;features&apos;: {}}, {&apos;type&apos;: &apos;text&apos;, &apos;bbox&apos;: (384.5559999999999, 470.05899999999997, 387.3259999999999, 483.349), &apos;color_space&apos;: &apos;DeviceGray&apos;, &apos;ncolor&apos;: None, &apos;size&apos;: 13.29000000000002, &apos;value&apos;: &apos;.&apos;, &apos;children&apos;: [], &apos;features&apos;: {}}, {&apos;type&apos;: &apos;text&apos;, &apos;bbox&apos;: (387.32599999999996, 470.05899999999997, 390.09599999999995, 483.349), &apos;color_space&apos;: &apos;DeviceGray&apos;, &apos;ncolor&apos;: None, &apos;size&apos;: 13.29000000000002, &apos;value&apos;: &apos;.&apos;, &apos;children&apos;: [], &apos;features&apos;: {}}, {&apos;type&apos;: &apos;text&apos;, &apos;bbox&apos;: (390.09599999999995, 470.05899999999997, 392.86599999999993, 483.349), &apos;color_space&apos;: &apos;DeviceGray&apos;, &apos;ncolor&apos;: None, &apos;size&apos;: 13.29000000000002, &apos;value&apos;: &apos;.&apos;, &apos;children&apos;: [], &apos;features&apos;: {}}, {&apos;type&apos;: &apos;text&apos;, &apos;bbox&apos;: (392.86599999999993, 470.05899999999997, 395.6359999999999, 483.349), &apos;color_space&apos;: &apos;DeviceGray&apos;, &apos;ncolor&apos;: None, &apos;size&apos;: 13.29000000000002, &apos;value&apos;: &apos;.&apos;, &apos;children&apos;: [], &apos;features&apos;: {}}, {&apos;type&apos;: &apos;text&apos;, &apos;bbox&apos;: (395.63599999999997, 470.05899999999997, 398.40599999999995, 483.349), &apos;color_space&apos;: &apos;DeviceGray&apos;, &apos;ncolor&apos;: None, &apos;size&apos;: 13.29000000000002, &apos;value&apos;: &apos;.&apos;, &apos;children&apos;: [], &apos;features&apos;: {}}, {&apos;type&apos;: &apos;text&apos;, &apos;bbox&apos;: (398.40599999999995, 470.05899999999997, 401.17599999999993, 483.349), &apos;color_space&apos;: &apos;DeviceGray&apos;, &apos;ncolor&apos;: None, &apos;size&apos;: 13.29000000000002, &apos;value&apos;: &apos;.&apos;, &apos;children&apos;: [], &apos;features&apos;: {}}, {&apos;type&apos;: &apos;text&apos;, &apos;bbox&apos;: (401.17599999999993, 470.05899999999997, 403.9459999999999, 483.349), &apos;color_space&apos;: &apos;DeviceGray&apos;, &apos;ncolor&apos;: None, &apos;size&apos;: 13.29000000000002, &apos;value&apos;: &apos;.&apos;, &apos;children&apos;: [], &apos;features&apos;: {}}, {&apos;type&apos;: &apos;text&apos;, &apos;bbox&apos;: (403.9459999999999, 470.05899999999997, 406.7159999999999, 483.349), &apos;color_space&apos;: &apos;DeviceGray&apos;, &apos;ncolor&apos;: None, &apos;size&apos;: 13.29000000000002, &apos;value&apos;: &apos;.&apos;, &apos;children&apos;: [], &apos;features&apos;: {}}, {&apos;type&apos;: &apos;text&apos;, &apos;bbox&apos;: (406.7159999999999, 470.05899999999997, 409.4859999999999, 483.349), &apos;color_space&apos;: &apos;DeviceGray&apos;, &apos;ncolor&apos;: None, &apos;size&apos;: 13.29000000000002, &apos;value&apos;: &apos;.&apos;, &apos;children&apos;: [], &apos;features&apos;: {}}, {&apos;type&apos;: &apos;text&apos;, &apos;bbox&apos;: (409.48599999999993, 470.05899999999997, 412.2559999999999, 483.349), &apos;color_space&apos;: &apos;DeviceGray&apos;, &apos;ncolor&apos;: None, &apos;size&apos;: 13.29000000000002, &apos;value&apos;: &apos;.&apos;, &apos;children&apos;: [], &apos;features&apos;: {}}, {&apos;type&apos;: &apos;text&apos;, &apos;bbox&apos;: (412.2559999999999, 470.05899999999997, 415.0259999999999, 483.349), &apos;color_space&apos;: &apos;DeviceGray&apos;, &apos;ncolor&apos;: None, &apos;size&apos;: 13.29000000000002, &apos;value&apos;: &apos;.&apos;, &apos;children&apos;: [], &apos;features&apos;: {}}, {&apos;type&apos;: &apos;text&apos;, &apos;bbox&apos;: (415.02599999999995, 470.05899999999997, 417.79599999999994, 483.349), &apos;color_space&apos;: &apos;DeviceGray&apos;, &apos;ncolor&apos;: None, &apos;size&apos;: 13.29000000000002, &apos;value&apos;: &apos;.&apos;, &apos;children&apos;: [], &apos;features&apos;: {}}, {&apos;type&apos;: &apos;text&apos;, &apos;bbox&apos;: (417.79599999999994, 470.05899999999997, 420.5659999999999, 483.349), &apos;color_space&apos;: &apos;DeviceGray&apos;, &apos;ncolor&apos;: None, &apos;size&apos;: 13.29000000000002, &apos;value&apos;: &apos;.&apos;, &apos;children&apos;: [], &apos;features&apos;: {}}, {&apos;type&apos;: &apos;text&apos;, &apos;bbox&apos;: (420.5659999999999, 470.05899999999997, 423.3359999999999, 483.349), &apos;color_space&apos;: &apos;DeviceGray&apos;, &apos;ncolor&apos;: None, &apos;size&apos;: 13.29000000000002, &apos;value&apos;: &apos;.&apos;, &apos;children&apos;: [], &apos;features&apos;: {}}, {&apos;type&apos;: &apos;text&apos;, &apos;bbox&apos;: (423.33599999999996, 470.05899999999997, 426.10599999999994, 483.349), &apos;color_space&apos;: &apos;DeviceGray&apos;, &apos;ncolor&apos;: None, &apos;size&apos;: 13.29000000000002, &apos;value&apos;: &apos;.&apos;, &apos;children&apos;: [], &apos;features&apos;: {}}, {&apos;type&apos;: &apos;text&apos;, &apos;bbox&apos;: (426.106, 470.05899999999997, 428.876, 483.349), &apos;color_space&apos;: &apos;DeviceGray&apos;, &apos;ncolor&apos;: None, &apos;size&apos;: 13.29000000000002, &apos;value&apos;: &apos;.&apos;, &apos;children&apos;: [], &apos;features&apos;: {}}, {&apos;type&apos;: &apos;text&apos;, &apos;bbox&apos;: (428.876, 470.05899999999997, 431.64599999999996, 483.349), &apos;color_space&apos;: &apos;DeviceGray&apos;, &apos;ncolor&apos;: None, &apos;size&apos;: 13.29000000000002, &apos;value&apos;: &apos;.&apos;, &apos;children&apos;: [], &apos;features&apos;: {}}, {&apos;type&apos;: &apos;text&apos;, &apos;bbox&apos;: (431.64599999999996, 470.05899999999997, 434.41599999999994, 483.349), &apos;color_space&apos;: &apos;DeviceGray&apos;, &apos;ncolor&apos;: None, &apos;size&apos;: 13.29000000000002, &apos;value&apos;: &apos;.&apos;, &apos;children&apos;: [], &apos;features&apos;: {}}, {&apos;type&apos;: &apos;text&apos;, &apos;bbox&apos;: (434.416, 470.05899999999997, 437.186, 483.349), &apos;color_space&apos;: &apos;DeviceGray&apos;, &apos;ncolor&apos;: None, &apos;size&apos;: 13.29000000000002, &apos;value&apos;: &apos;.&apos;, &apos;children&apos;: [], &apos;features&apos;: {}}, {&apos;type&apos;: &apos;text&apos;, &apos;bbox&apos;: (437.18600000000004, 470.05899999999997, 439.956, 483.349), &apos;color_space&apos;: &apos;DeviceGray&apos;, &apos;ncolor&apos;: None, &apos;size&apos;: 13.29000000000002, &apos;value&apos;: &apos;.&apos;, &apos;children&apos;: [], &apos;features&apos;: {}}, {&apos;type&apos;: &apos;text&apos;, &apos;bbox&apos;: (439.956, 470.05899999999997, 442.726, 483.349), &apos;color_space&apos;: &apos;DeviceGray&apos;, &apos;ncolor&apos;: None, &apos;size&apos;: 13.29000000000002, &apos;value&apos;: &apos;.&apos;, &apos;children&apos;: [], &apos;features&apos;: {}}, {&apos;type&apos;: &apos;text&apos;, &apos;bbox&apos;: (442.726, 470.05899999999997, 445.496, 483.349), &apos;color_space&apos;: &apos;DeviceGray&apos;, &apos;ncolor&apos;: None, &apos;size&apos;: 13.29000000000002, &apos;value&apos;: &apos;.&apos;, &apos;children&apos;: [], &apos;features&apos;: {}}, {&apos;type&apos;: &apos;text&apos;, &apos;bbox&apos;: (445.49600000000004, 470.05899999999997, 448.266, 483.349), &apos;color_space&apos;: &apos;DeviceGray&apos;, &apos;ncolor&apos;: None, &apos;size&apos;: 13.29000000000002, &apos;value&apos;: &apos;.&apos;, &apos;children&apos;: [], &apos;features&apos;: {}}, {&apos;type&apos;: &apos;text&apos;, &apos;bbox&apos;: (448.2660000000001, 470.05899999999997, 451.03600000000006, 483.349), &apos;color_space&apos;: &apos;DeviceGray&apos;, &apos;ncolor&apos;: None, &apos;size&apos;: 13.29000000000002, &apos;value&apos;: &apos;.&apos;, &apos;children&apos;: [], &apos;features&apos;: {}}, {&apos;type&apos;: &apos;text&apos;, &apos;bbox&apos;: (451.03600000000006, 470.05899999999997, 453.80600000000004, 483.349), &apos;color_space&apos;: &apos;DeviceGray&apos;, &apos;ncolor&apos;: None, &apos;size&apos;: 13.29000000000002, &apos;value&apos;: &apos;.&apos;, &apos;children&apos;: [], &apos;features&apos;: {}}, {&apos;type&apos;: &apos;text&apos;, &apos;bbox&apos;: (453.80600000000004, 470.05899999999997, 456.576, 483.349), &apos;color_space&apos;: &apos;DeviceGray&apos;, &apos;ncolor&apos;: None, &apos;size&apos;: 13.29000000000002, &apos;value&apos;: &apos;.&apos;, &apos;children&apos;: [], &apos;features&apos;: {}}, {&apos;type&apos;: &apos;text&apos;, &apos;bbox&apos;: (456.5760000000001, 470.05899999999997, 459.34600000000006, 483.349), &apos;color_space&apos;: &apos;DeviceGray&apos;, &apos;ncolor&apos;: None, &apos;size&apos;: 13.29000000000002, &apos;value&apos;: &apos;.&apos;, &apos;children&apos;: [], &apos;features&apos;: {}}, {&apos;type&apos;: &apos;text&apos;, &apos;bbox&apos;: (459.3460000000001, 470.05899999999997, 462.1160000000001, 483.349), &apos;color_space&apos;: &apos;DeviceGray&apos;, &apos;ncolor&apos;: None, &apos;size&apos;: 13.29000000000002, &apos;value&apos;: &apos;.&apos;, &apos;children&apos;: [], &apos;features&apos;: {}}, {&apos;type&apos;: &apos;text&apos;, &apos;bbox&apos;: (462.1160000000001, 470.05899999999997, 464.8860000000001, 483.349), &apos;color_space&apos;: &apos;DeviceGray&apos;, &apos;ncolor&apos;: None, &apos;size&apos;: 13.29000000000002, &apos;value&apos;: &apos;.&apos;, &apos;children&apos;: [], &apos;features&apos;: {}}, {&apos;type&apos;: &apos;text&apos;, &apos;bbox&apos;: (464.8860000000001, 470.05899999999997, 467.65600000000006, 483.349), &apos;color_space&apos;: &apos;DeviceGray&apos;, &apos;ncolor&apos;: None, &apos;size&apos;: 13.29000000000002, &apos;value&apos;: &apos;.&apos;, &apos;children&apos;: [], &apos;features&apos;: {}}, {&apos;type&apos;: &apos;text&apos;, &apos;bbox&apos;: (467.6560000000001, 470.05899999999997, 470.4260000000001, 483.349), &apos;color_space&apos;: &apos;DeviceGray&apos;, &apos;ncolor&apos;: None, &apos;size&apos;: 13.29000000000002, &apos;value&apos;: &apos;.&apos;, &apos;children&apos;: [], &apos;features&apos;: {}}, {&apos;type&apos;: &apos;text&apos;, &apos;bbox&apos;: (470.42600000000016, 470.05899999999997, 473.19600000000014, 483.349), &apos;color_space&apos;: &apos;DeviceGray&apos;, &apos;ncolor&apos;: None, &apos;size&apos;: 13.29000000000002, &apos;value&apos;: &apos;.&apos;, &apos;children&apos;: [], &apos;features&apos;: {}}, {&apos;type&apos;: &apos;text&apos;, &apos;bbox&apos;: (473.19600000000014, 470.05899999999997, 475.9660000000001, 483.349), &apos;color_space&apos;: &apos;DeviceGray&apos;, &apos;ncolor&apos;: None, &apos;size&apos;: 13.29000000000002, &apos;value&apos;: &apos;.&apos;, &apos;children&apos;: [], &apos;features&apos;: {}}, {&apos;type&apos;: &apos;text&apos;, &apos;bbox&apos;: (475.9660000000001, 470.05899999999997, 478.7360000000001, 483.349), &apos;color_space&apos;: &apos;DeviceGray&apos;, &apos;ncolor&apos;: None, &apos;size&apos;: 13.29000000000002, &apos;value&apos;: &apos;.&apos;, &apos;children&apos;: [], &apos;features&apos;: {}}, {&apos;type&apos;: &apos;text&apos;, &apos;bbox&apos;: (478.73600000000016, 470.05899999999997, 481.50600000000014, 483.349), &apos;color_space&apos;: &apos;DeviceGray&apos;, &apos;ncolor&apos;: None, &apos;size&apos;: 13.29000000000002, &apos;value&apos;: &apos;.&apos;, &apos;children&apos;: [], &apos;features&apos;: {}}, {&apos;type&apos;: &apos;text&apos;, &apos;bbox&apos;: (481.5060000000002, 470.05899999999997, 484.2760000000002, 483.349), &apos;color_space&apos;: &apos;DeviceGray&apos;, &apos;ncolor&apos;: None, &apos;size&apos;: 13.29000000000002, &apos;value&apos;: &apos;.&apos;, &apos;children&apos;: [], &apos;features&apos;: {}}, {&apos;type&apos;: &apos;text&apos;, &apos;bbox&apos;: (484.2760000000002, 470.05899999999997, 487.04600000000016, 483.349), &apos;color_space&apos;: &apos;DeviceGray&apos;, &apos;ncolor&apos;: None, &apos;size&apos;: 13.29000000000002, &apos;value&apos;: &apos;.&apos;, &apos;children&apos;: [], &apos;features&apos;: {}}, {&apos;type&apos;: &apos;text&apos;, &apos;bbox&apos;: (487.04600000000016, 470.05899999999997, 489.81600000000014, 483.349), &apos;color_space&apos;: &apos;DeviceGray&apos;, &apos;ncolor&apos;: None, &apos;size&apos;: 13.29000000000002, &apos;value&apos;: &apos;.&apos;, &apos;children&apos;: [], &apos;features&apos;: {}}, {&apos;type&apos;: &apos;text&apos;, &apos;bbox&apos;: (489.8160000000002, 470.05899999999997, 492.5860000000002, 483.349), &apos;color_space&apos;: &apos;DeviceGray&apos;, &apos;ncolor&apos;: None, &apos;size&apos;: 13.29000000000002, &apos;value&apos;: &apos;.&apos;, &apos;children&apos;: [], &apos;features&apos;: {}}, {&apos;type&apos;: &apos;text&apos;, &apos;bbox&apos;: (492.58600000000024, 470.05899999999997, 495.3560000000002, 483.349), &apos;color_space&apos;: &apos;DeviceGray&apos;, &apos;ncolor&apos;: None, &apos;size&apos;: 13.29000000000002, &apos;value&apos;: &apos;.&apos;, &apos;children&apos;: [], &apos;features&apos;: {}}, {&apos;type&apos;: &apos;text&apos;, &apos;bbox&apos;: (495.3560000000002, 470.05899999999997, 498.1260000000002, 483.349), &apos;color_space&apos;: &apos;DeviceGray&apos;, &apos;ncolor&apos;: None, &apos;size&apos;: 13.29000000000002, &apos;value&apos;: &apos;.&apos;, &apos;children&apos;: [], &apos;features&apos;: {}}, {&apos;type&apos;: &apos;text&apos;, &apos;bbox&apos;: (498.1260000000002, 470.05899999999997, 500.8960000000002, 483.349), &apos;color_space&apos;: &apos;DeviceGray&apos;, &apos;ncolor&apos;: None, &apos;size&apos;: 13.29000000000002, &apos;value&apos;: &apos;.&apos;, &apos;children&apos;: [], &apos;features&apos;: {}}, {&apos;type&apos;: &apos;text&apos;, &apos;bbox&apos;: (500.89600000000024, 470.05899999999997, 503.6660000000002, 483.349), &apos;color_space&apos;: &apos;DeviceGray&apos;, &apos;ncolor&apos;: None, &apos;size&apos;: 13.29000000000002, &apos;value&apos;: &apos;.&apos;, &apos;children&apos;: [], &apos;features&apos;: {}}, {&apos;type&apos;: &apos;text&apos;, &apos;bbox&apos;: (503.6660000000003, 470.05899999999997, 506.43600000000026, 483.349), &apos;color_space&apos;: &apos;DeviceGray&apos;, &apos;ncolor&apos;: None, &apos;size&apos;: 13.29000000000002, &apos;value&apos;: &apos;.&apos;, &apos;children&apos;: [], &apos;features&apos;: {}}, {&apos;type&apos;: &apos;text&apos;, &apos;bbox&apos;: (506.43600000000026, 470.05899999999997, 509.20600000000024, 483.349), &apos;color_space&apos;: &apos;DeviceGray&apos;, &apos;ncolor&apos;: None, &apos;size&apos;: 13.29000000000002, &apos;value&apos;: &apos;.&apos;, &apos;children&apos;: [], &apos;features&apos;: {}}, {&apos;type&apos;: &apos;text&apos;, &apos;bbox&apos;: (509.20600000000024, 470.05899999999997, 511.9760000000002, 483.349), &apos;color_space&apos;: &apos;DeviceGray&apos;, &apos;ncolor&apos;: None, &apos;size&apos;: 13.29000000000002, &apos;value&apos;: &apos;.&apos;, &apos;children&apos;: [], &apos;features&apos;: {}}, {&apos;type&apos;: &apos;text&apos;, &apos;bbox&apos;: (511.9760000000003, 470.05899999999997, 514.7460000000003, 483.349), &apos;color_space&apos;: &apos;DeviceGray&apos;, &apos;ncolor&apos;: None, &apos;size&apos;: 13.29000000000002, &apos;value&apos;: &apos;.&apos;, &apos;children&apos;: [], &apos;features&apos;: {}}, {&apos;type&apos;: &apos;text&apos;, &apos;bbox&apos;: (514.7460000000003, 470.05899999999997, 517.5160000000003, 483.349), &apos;color_space&apos;: &apos;DeviceGray&apos;, &apos;ncolor&apos;: None, &apos;size&apos;: 13.29000000000002, &apos;value&apos;: &apos;.&apos;, &apos;children&apos;: [], &apos;features&apos;: {}}, {&apos;type&apos;: &apos;text&apos;, &apos;bbox&apos;: (517.5160000000003, 470.05899999999997, 520.2860000000003, 483.349), &apos;color_space&apos;: &apos;DeviceGray&apos;, &apos;ncolor&apos;: None, &apos;size&apos;: 13.29000000000002, &apos;value&apos;: &apos;.&apos;, &apos;children&apos;: [], &apos;features&apos;: {}}, {&apos;type&apos;: &apos;text&apos;, &apos;bbox&apos;: (520.2860000000003, 470.05899999999997, 523.0560000000003, 483.349), &apos;color_space&apos;: &apos;DeviceGray&apos;, &apos;ncolor&apos;: None, &apos;size&apos;: 13.29000000000002, &apos;value&apos;: &apos;.&apos;, &apos;children&apos;: [], &apos;features&apos;: {}}, {&apos;type&apos;: &apos;text&apos;, &apos;bbox&apos;: (525.548, 470.05899999999997, 531.108, 483.349), &apos;color_space&apos;: &apos;DeviceGray&apos;, &apos;ncolor&apos;: None, &apos;size&apos;: 13.29000000000002, &apos;value&apos;: &apos;8&apos;, &apos;children&apos;: [], &apos;features&apos;: {}}, {&apos;type&apos;: &apos;text&apos;, &apos;bbox&apos;: (531.108, 470.05899999999997, 534.438, 483.349), &apos;color_space&apos;: &apos;DeviceGray&apos;, &apos;ncolor&apos;: None, &apos;size&apos;: 13.29000000000002, &apos;value&apos;: &apos;-&apos;, &apos;children&apos;: [], &apos;features&apos;: {}}, {&apos;type&apos;: &apos;text&apos;, &apos;bbox&apos;: (534.439, 470.05899999999997, 539.9989999999999, 483.349), &apos;color_space&apos;: &apos;DeviceGray&apos;, &apos;ncolor&apos;: None, &apos;size&apos;: 13.29000000000002, &apos;value&apos;: &apos;3&apos;, &apos;children&apos;: [], &apos;features&apos;: {}}], &apos;features&apos;: {}}
*********************





--------------------------------- CONTENT AREA --------------------------------- 
This content area has an image
{&apos;type&apos;: &apos;figure&apos;, &apos;bbox&apos;: (0, 0, 612.0, 792.0), &apos;name&apos;: &apos;fx61&apos;, &apos;children&apos;: [{&apos;type&apos;: &apos;text&apos;, &apos;bbox&apos;: (114.0, 453.838, 119.57, 467.318), &apos;color_space&apos;: &apos;DeviceGray&apos;, &apos;ncolor&apos;: None, &apos;size&apos;: 13.479999999999961, &apos;value&apos;: &apos;F&apos;, &apos;children&apos;: [], &apos;features&apos;: {}}, {&apos;type&apos;: &apos;text&apos;, &apos;bbox&apos;: (119.57, 453.838, 125.66999999999999, 467.318), &apos;color_space&apos;: &apos;DeviceGray&apos;, &apos;ncolor&apos;: None, &apos;size&apos;: 13.479999999999961, &apos;value&apos;: &apos;S&apos;, &apos;children&apos;: [], &apos;features&apos;: {}}, {&apos;type&apos;: &apos;text&apos;, &apos;bbox&apos;: (125.67, 453.838, 129.56, 467.318), &apos;color_space&apos;: &apos;DeviceGray&apos;, &apos;ncolor&apos;: None, &apos;size&apos;: 13.479999999999961, &apos;value&apos;: &apos;I&apos;, &apos;children&apos;: [], &apos;features&apos;: {}}, {&apos;type&apos;: &apos;text&apos;, &apos;bbox&apos;: (129.56, 453.838, 134.56, 467.318), &apos;color_space&apos;: &apos;DeviceGray&apos;, &apos;ncolor&apos;: None, &apos;size&apos;: 13.479999999999961, &apos;value&apos;: &apos;_&apos;, &apos;children&apos;: [], &apos;features&apos;: {}}, {&apos;type&apos;: &apos;text&apos;, &apos;bbox&apos;: (134.56, 453.838, 142.89000000000001, 467.318), &apos;color_space&apos;: &apos;DeviceGray&apos;, &apos;ncolor&apos;: None, &apos;size&apos;: 13.479999999999961, &apos;value&apos;: &apos;O&apos;, &apos;children&apos;: [], &apos;features&apos;: {}}, {&apos;type&apos;: &apos;text&apos;, &apos;bbox&apos;: (142.89, 453.838, 147.89, 467.318), &apos;color_space&apos;: &apos;DeviceGray&apos;, &apos;ncolor&apos;: None, &apos;size&apos;: 13.479999999999961, &apos;value&apos;: &apos;_&apos;, &apos;children&apos;: [], &apos;features&apos;: {}}, {&apos;type&apos;: &apos;text&apos;, &apos;bbox&apos;: (147.89, 453.838, 153.94, 467.318), &apos;color_space&apos;: &apos;DeviceGray&apos;, &apos;ncolor&apos;: None, &apos;size&apos;: 13.479999999999961, &apos;value&apos;: &apos;E&apos;, &apos;children&apos;: [], &apos;features&apos;: {}}, {&apos;type&apos;: &apos;text&apos;, &apos;bbox&apos;: (153.94, 453.838, 161.71, 467.318), &apos;color_space&apos;: &apos;DeviceGray&apos;, &apos;ncolor&apos;: None, &apos;size&apos;: 13.479999999999961, &apos;value&apos;: &apos;A&apos;, &apos;children&apos;: [], &apos;features&apos;: {}}, {&apos;type&apos;: &apos;text&apos;, &apos;bbox&apos;: (161.71, 453.838, 168.84, 467.318), &apos;color_space&apos;: &apos;DeviceGray&apos;, &apos;ncolor&apos;: None, &apos;size&apos;: 13.479999999999961, &apos;value&apos;: &apos;R&apos;, &apos;children&apos;: [], &apos;features&apos;: {}}, {&apos;type&apos;: &apos;text&apos;, &apos;bbox&apos;: (168.84, 453.838, 173.84, 467.318), &apos;color_space&apos;: &apos;DeviceGray&apos;, &apos;ncolor&apos;: None, &apos;size&apos;: 13.479999999999961, &apos;value&apos;: &apos;_&apos;, &apos;children&apos;: [], &apos;features&apos;: {}}, {&apos;type&apos;: &apos;text&apos;, &apos;bbox&apos;: (173.84, 453.838, 179.89000000000001, 467.318), &apos;color_space&apos;: &apos;DeviceGray&apos;, &apos;ncolor&apos;: None, &apos;size&apos;: 13.479999999999961, &apos;value&apos;: &apos;L&apos;, &apos;children&apos;: [], &apos;features&apos;: {}}, {&apos;type&apos;: &apos;text&apos;, &apos;bbox&apos;: (179.89, 453.838, 185.94, 467.318), &apos;color_space&apos;: &apos;DeviceGray&apos;, &apos;ncolor&apos;: None, &apos;size&apos;: 13.479999999999961, &apos;value&apos;: &apos;E&apos;, &apos;children&apos;: [], &apos;features&apos;: {}}, {&apos;type&apos;: &apos;text&apos;, &apos;bbox&apos;: (185.94, 453.838, 193.71, 467.318), &apos;color_space&apos;: &apos;DeviceGray&apos;, &apos;ncolor&apos;: None, &apos;size&apos;: 13.479999999999961, &apos;value&apos;: &apos;A&apos;, &apos;children&apos;: [], &apos;features&apos;: {}}, {&apos;type&apos;: &apos;text&apos;, &apos;bbox&apos;: (193.70999999999998, 453.838, 199.27999999999997, 467.318), &apos;color_space&apos;: &apos;DeviceGray&apos;, &apos;ncolor&apos;: None, &apos;size&apos;: 13.479999999999961, &apos;value&apos;: &apos;F&apos;, &apos;children&apos;: [], &apos;features&apos;: {}}, {&apos;type&apos;: &apos;text&apos;, &apos;bbox&apos;: (199.28, 453.838, 204.28, 467.318), &apos;color_space&apos;: &apos;DeviceGray&apos;, &apos;ncolor&apos;: None, &apos;size&apos;: 13.479999999999961, &apos;value&apos;: &apos;_&apos;, &apos;children&apos;: [], &apos;features&apos;: {}}, {&apos;type&apos;: &apos;text&apos;, &apos;bbox&apos;: (204.28, 453.838, 212.05, 467.318), &apos;color_space&apos;: &apos;DeviceGray&apos;, &apos;ncolor&apos;: None, &apos;size&apos;: 13.479999999999961, &apos;value&apos;: &apos;A&apos;, &apos;children&apos;: [], &apos;features&apos;: {}}, {&apos;type&apos;: &apos;text&apos;, &apos;bbox&apos;: (212.05, 453.838, 219.82000000000002, 467.318), &apos;color_space&apos;: &apos;DeviceGray&apos;, &apos;ncolor&apos;: None, &apos;size&apos;: 13.479999999999961, &apos;value&apos;: &apos;V&apos;, &apos;children&apos;: [], &apos;features&apos;: {}}, {&apos;type&apos;: &apos;text&apos;, &apos;bbox&apos;: (219.82, 453.838, 228.15, 467.318), &apos;color_space&apos;: &apos;DeviceGray&apos;, &apos;ncolor&apos;: None, &apos;size&apos;: 13.479999999999961, &apos;value&apos;: &apos;G&apos;, &apos;children&apos;: [], &apos;features&apos;: {}}, {&apos;type&apos;: &apos;text&apos;, &apos;bbox&apos;: (228.243, 454.567, 231.013, 467.857), &apos;color_space&apos;: &apos;DeviceGray&apos;, &apos;ncolor&apos;: None, &apos;size&apos;: 13.29000000000002, &apos;value&apos;: &apos;.&apos;, &apos;children&apos;: [], &apos;features&apos;: {}}, {&apos;type&apos;: &apos;text&apos;, &apos;bbox&apos;: (231.013, 454.567, 233.78300000000002, 467.857), &apos;color_space&apos;: &apos;DeviceGray&apos;, &apos;ncolor&apos;: None, &apos;size&apos;: 13.29000000000002, &apos;value&apos;: &apos;.&apos;, &apos;children&apos;: [], &apos;features&apos;: {}}, {&apos;type&apos;: &apos;text&apos;, &apos;bbox&apos;: (233.783, 454.567, 236.553, 467.857), &apos;color_space&apos;: &apos;DeviceGray&apos;, &apos;ncolor&apos;: None, &apos;size&apos;: 13.29000000000002, &apos;value&apos;: &apos;.&apos;, &apos;children&apos;: [], &apos;features&apos;: {}}, {&apos;type&apos;: &apos;text&apos;, &apos;bbox&apos;: (236.553, 454.567, 239.323, 467.857), &apos;color_space&apos;: &apos;DeviceGray&apos;, &apos;ncolor&apos;: None, &apos;size&apos;: 13.29000000000002, &apos;value&apos;: &apos;.&apos;, &apos;children&apos;: [], &apos;features&apos;: {}}, {&apos;type&apos;: &apos;text&apos;, &apos;bbox&apos;: (239.323, 454.567, 242.09300000000002, 467.857), &apos;color_space&apos;: &apos;DeviceGray&apos;, &apos;ncolor&apos;: None, &apos;size&apos;: 13.29000000000002, &apos;value&apos;: &apos;.&apos;, &apos;children&apos;: [], &apos;features&apos;: {}}, {&apos;type&apos;: &apos;text&apos;, &apos;bbox&apos;: (242.093, 454.567, 244.863, 467.857), &apos;color_space&apos;: &apos;DeviceGray&apos;, &apos;ncolor&apos;: None, &apos;size&apos;: 13.29000000000002, &apos;value&apos;: &apos;.&apos;, &apos;children&apos;: [], &apos;features&apos;: {}}, {&apos;type&apos;: &apos;text&apos;, &apos;bbox&apos;: (244.863, 454.567, 247.633, 467.857), &apos;color_space&apos;: &apos;DeviceGray&apos;, &apos;ncolor&apos;: None, &apos;size&apos;: 13.29000000000002, &apos;value&apos;: &apos;.&apos;, &apos;children&apos;: [], &apos;features&apos;: {}}, {&apos;type&apos;: &apos;text&apos;, &apos;bbox&apos;: (247.63299999999998, 454.567, 250.403, 467.857), &apos;color_space&apos;: &apos;DeviceGray&apos;, &apos;ncolor&apos;: None, &apos;size&apos;: 13.29000000000002, &apos;value&apos;: &apos;.&apos;, &apos;children&apos;: [], &apos;features&apos;: {}}, {&apos;type&apos;: &apos;text&apos;, &apos;bbox&apos;: (250.403, 454.567, 253.173, 467.857), &apos;color_space&apos;: &apos;DeviceGray&apos;, &apos;ncolor&apos;: None, &apos;size&apos;: 13.29000000000002, &apos;value&apos;: &apos;.&apos;, &apos;children&apos;: [], &apos;features&apos;: {}}, {&apos;type&apos;: &apos;text&apos;, &apos;bbox&apos;: (253.173, 454.567, 255.943, 467.857), &apos;color_space&apos;: &apos;DeviceGray&apos;, &apos;ncolor&apos;: None, &apos;size&apos;: 13.29000000000002, &apos;value&apos;: &apos;.&apos;, &apos;children&apos;: [], &apos;features&apos;: {}}, {&apos;type&apos;: &apos;text&apos;, &apos;bbox&apos;: (255.94299999999998, 454.567, 258.71299999999997, 467.857), &apos;color_space&apos;: &apos;DeviceGray&apos;, &apos;ncolor&apos;: None, &apos;size&apos;: 13.29000000000002, &apos;value&apos;: &apos;.&apos;, &apos;children&apos;: [], &apos;features&apos;: {}}, {&apos;type&apos;: &apos;text&apos;, &apos;bbox&apos;: (258.71299999999997, 454.567, 261.48299999999995, 467.857), &apos;color_space&apos;: &apos;DeviceGray&apos;, &apos;ncolor&apos;: None, &apos;size&apos;: 13.29000000000002, &apos;value&apos;: &apos;.&apos;, &apos;children&apos;: [], &apos;features&apos;: {}}, {&apos;type&apos;: &apos;text&apos;, &apos;bbox&apos;: (261.483, 454.567, 264.253, 467.857), &apos;color_space&apos;: &apos;DeviceGray&apos;, &apos;ncolor&apos;: None, &apos;size&apos;: 13.29000000000002, &apos;value&apos;: &apos;.&apos;, &apos;children&apos;: [], &apos;features&apos;: {}}, {&apos;type&apos;: &apos;text&apos;, &apos;bbox&apos;: (264.253, 454.567, 267.02299999999997, 467.857), &apos;color_space&apos;: &apos;DeviceGray&apos;, &apos;ncolor&apos;: None, &apos;size&apos;: 13.29000000000002, &apos;value&apos;: &apos;.&apos;, &apos;children&apos;: [], &apos;features&apos;: {}}, {&apos;type&apos;: &apos;text&apos;, &apos;bbox&apos;: (267.023, 454.567, 269.793, 467.857), &apos;color_space&apos;: &apos;DeviceGray&apos;, &apos;ncolor&apos;: None, &apos;size&apos;: 13.29000000000002, &apos;value&apos;: &apos;.&apos;, &apos;children&apos;: [], &apos;features&apos;: {}}, {&apos;type&apos;: &apos;text&apos;, &apos;bbox&apos;: (269.793, 454.567, 272.563, 467.857), &apos;color_space&apos;: &apos;DeviceGray&apos;, &apos;ncolor&apos;: None, &apos;size&apos;: 13.29000000000002, &apos;value&apos;: &apos;.&apos;, &apos;children&apos;: [], &apos;features&apos;: {}}, {&apos;type&apos;: &apos;text&apos;, &apos;bbox&apos;: (272.563, 454.567, 275.33299999999997, 467.857), &apos;color_space&apos;: &apos;DeviceGray&apos;, &apos;ncolor&apos;: None, &apos;size&apos;: 13.29000000000002, &apos;value&apos;: &apos;.&apos;, &apos;children&apos;: [], &apos;features&apos;: {}}, {&apos;type&apos;: &apos;text&apos;, &apos;bbox&apos;: (275.333, 454.567, 278.103, 467.857), &apos;color_space&apos;: &apos;DeviceGray&apos;, &apos;ncolor&apos;: None, &apos;size&apos;: 13.29000000000002, &apos;value&apos;: &apos;.&apos;, &apos;children&apos;: [], &apos;features&apos;: {}}, {&apos;type&apos;: &apos;text&apos;, &apos;bbox&apos;: (278.103, 454.567, 280.873, 467.857), &apos;color_space&apos;: &apos;DeviceGray&apos;, &apos;ncolor&apos;: None, &apos;size&apos;: 13.29000000000002, &apos;value&apos;: &apos;.&apos;, &apos;children&apos;: [], &apos;features&apos;: {}}, {&apos;type&apos;: &apos;text&apos;, &apos;bbox&apos;: (280.87300000000005, 454.567, 283.64300000000003, 467.857), &apos;color_space&apos;: &apos;DeviceGray&apos;, &apos;ncolor&apos;: None, &apos;size&apos;: 13.29000000000002, &apos;value&apos;: &apos;.&apos;, &apos;children&apos;: [], &apos;features&apos;: {}}, {&apos;type&apos;: &apos;text&apos;, &apos;bbox&apos;: (283.64300000000003, 454.567, 286.413, 467.857), &apos;color_space&apos;: &apos;DeviceGray&apos;, &apos;ncolor&apos;: None, &apos;size&apos;: 13.29000000000002, &apos;value&apos;: &apos;.&apos;, &apos;children&apos;: [], &apos;features&apos;: {}}, {&apos;type&apos;: &apos;text&apos;, &apos;bbox&apos;: (286.413, 454.567, 289.183, 467.857), &apos;color_space&apos;: &apos;DeviceGray&apos;, &apos;ncolor&apos;: None, &apos;size&apos;: 13.29000000000002, &apos;value&apos;: &apos;.&apos;, &apos;children&apos;: [], &apos;features&apos;: {}}, {&apos;type&apos;: &apos;text&apos;, &apos;bbox&apos;: (289.18300000000005, 454.567, 291.95300000000003, 467.857), &apos;color_space&apos;: &apos;DeviceGray&apos;, &apos;ncolor&apos;: None, &apos;size&apos;: 13.29000000000002, &apos;value&apos;: &apos;.&apos;, &apos;children&apos;: [], &apos;features&apos;: {}}, {&apos;type&apos;: &apos;text&apos;, &apos;bbox&apos;: (291.95300000000003, 454.567, 294.723, 467.857), &apos;color_space&apos;: &apos;DeviceGray&apos;, &apos;ncolor&apos;: None, &apos;size&apos;: 13.29000000000002, &apos;value&apos;: &apos;.&apos;, &apos;children&apos;: [], &apos;features&apos;: {}}, {&apos;type&apos;: &apos;text&apos;, &apos;bbox&apos;: (294.723, 454.567, 297.493, 467.857), &apos;color_space&apos;: &apos;DeviceGray&apos;, &apos;ncolor&apos;: None, &apos;size&apos;: 13.29000000000002, &apos;value&apos;: &apos;.&apos;, &apos;children&apos;: [], &apos;features&apos;: {}}, {&apos;type&apos;: &apos;text&apos;, &apos;bbox&apos;: (297.49300000000005, 454.567, 300.26300000000003, 467.857), &apos;color_space&apos;: &apos;DeviceGray&apos;, &apos;ncolor&apos;: None, &apos;size&apos;: 13.29000000000002, &apos;value&apos;: &apos;.&apos;, &apos;children&apos;: [], &apos;features&apos;: {}}, {&apos;type&apos;: &apos;text&apos;, &apos;bbox&apos;: (300.26300000000003, 454.567, 303.033, 467.857), &apos;color_space&apos;: &apos;DeviceGray&apos;, &apos;ncolor&apos;: None, &apos;size&apos;: 13.29000000000002, &apos;value&apos;: &apos;.&apos;, &apos;children&apos;: [], &apos;features&apos;: {}}, {&apos;type&apos;: &apos;text&apos;, &apos;bbox&apos;: (303.033, 454.567, 305.803, 467.857), &apos;color_space&apos;: &apos;DeviceGray&apos;, &apos;ncolor&apos;: None, &apos;size&apos;: 13.29000000000002, &apos;value&apos;: &apos;.&apos;, &apos;children&apos;: [], &apos;features&apos;: {}}, {&apos;type&apos;: &apos;text&apos;, &apos;bbox&apos;: (305.803, 454.567, 308.573, 467.857), &apos;color_space&apos;: &apos;DeviceGray&apos;, &apos;ncolor&apos;: None, &apos;size&apos;: 13.29000000000002, &apos;value&apos;: &apos;.&apos;, &apos;children&apos;: [], &apos;features&apos;: {}}, {&apos;type&apos;: &apos;text&apos;, &apos;bbox&apos;: (308.573, 454.567, 311.34299999999996, 467.857), &apos;color_space&apos;: &apos;DeviceGray&apos;, &apos;ncolor&apos;: None, &apos;size&apos;: 13.29000000000002, &apos;value&apos;: &apos;.&apos;, &apos;children&apos;: [], &apos;features&apos;: {}}, {&apos;type&apos;: &apos;text&apos;, &apos;bbox&apos;: (311.343, 454.567, 314.113, 467.857), &apos;color_space&apos;: &apos;DeviceGray&apos;, &apos;ncolor&apos;: None, &apos;size&apos;: 13.29000000000002, &apos;value&apos;: &apos;.&apos;, &apos;children&apos;: [], &apos;features&apos;: {}}, {&apos;type&apos;: &apos;text&apos;, &apos;bbox&apos;: (314.113, 454.567, 316.883, 467.857), &apos;color_space&apos;: &apos;DeviceGray&apos;, &apos;ncolor&apos;: None, &apos;size&apos;: 13.29000000000002, &apos;value&apos;: &apos;.&apos;, &apos;children&apos;: [], &apos;features&apos;: {}}, {&apos;type&apos;: &apos;text&apos;, &apos;bbox&apos;: (316.883, 454.567, 319.65299999999996, 467.857), &apos;color_space&apos;: &apos;DeviceGray&apos;, &apos;ncolor&apos;: None, &apos;size&apos;: 13.29000000000002, &apos;value&apos;: &apos;.&apos;, &apos;children&apos;: [], &apos;features&apos;: {}}, {&apos;type&apos;: &apos;text&apos;, &apos;bbox&apos;: (319.653, 454.567, 322.423, 467.857), &apos;color_space&apos;: &apos;DeviceGray&apos;, &apos;ncolor&apos;: None, &apos;size&apos;: 13.29000000000002, &apos;value&apos;: &apos;.&apos;, &apos;children&apos;: [], &apos;features&apos;: {}}, {&apos;type&apos;: &apos;text&apos;, &apos;bbox&apos;: (322.423, 454.567, 325.193, 467.857), &apos;color_space&apos;: &apos;DeviceGray&apos;, &apos;ncolor&apos;: None, &apos;size&apos;: 13.29000000000002, &apos;value&apos;: &apos;.&apos;, &apos;children&apos;: [], &apos;features&apos;: {}}, {&apos;type&apos;: &apos;text&apos;, &apos;bbox&apos;: (325.193, 454.567, 327.96299999999997, 467.857), &apos;color_space&apos;: &apos;DeviceGray&apos;, &apos;ncolor&apos;: None, &apos;size&apos;: 13.29000000000002, &apos;value&apos;: &apos;.&apos;, &apos;children&apos;: [], &apos;features&apos;: {}}, {&apos;type&apos;: &apos;text&apos;, &apos;bbox&apos;: (327.96299999999997, 454.567, 330.73299999999995, 467.857), &apos;color_space&apos;: &apos;DeviceGray&apos;, &apos;ncolor&apos;: None, &apos;size&apos;: 13.29000000000002, &apos;value&apos;: &apos;.&apos;, &apos;children&apos;: [], &apos;features&apos;: {}}, {&apos;type&apos;: &apos;text&apos;, &apos;bbox&apos;: (330.73299999999995, 454.567, 333.50299999999993, 467.857), &apos;color_space&apos;: &apos;DeviceGray&apos;, &apos;ncolor&apos;: None, &apos;size&apos;: 13.29000000000002, &apos;value&apos;: &apos;.&apos;, &apos;children&apos;: [], &apos;features&apos;: {}}, {&apos;type&apos;: &apos;text&apos;, &apos;bbox&apos;: (333.503, 454.567, 336.27299999999997, 467.857), &apos;color_space&apos;: &apos;DeviceGray&apos;, &apos;ncolor&apos;: None, &apos;size&apos;: 13.29000000000002, &apos;value&apos;: &apos;.&apos;, &apos;children&apos;: [], &apos;features&apos;: {}}, {&apos;type&apos;: &apos;text&apos;, &apos;bbox&apos;: (336.27299999999997, 454.567, 339.04299999999995, 467.857), &apos;color_space&apos;: &apos;DeviceGray&apos;, &apos;ncolor&apos;: None, &apos;size&apos;: 13.29000000000002, &apos;value&apos;: &apos;.&apos;, &apos;children&apos;: [], &apos;features&apos;: {}}, {&apos;type&apos;: &apos;text&apos;, &apos;bbox&apos;: (339.04299999999995, 454.567, 341.81299999999993, 467.857), &apos;color_space&apos;: &apos;DeviceGray&apos;, &apos;ncolor&apos;: None, &apos;size&apos;: 13.29000000000002, &apos;value&apos;: &apos;.&apos;, &apos;children&apos;: [], &apos;features&apos;: {}}, {&apos;type&apos;: &apos;text&apos;, &apos;bbox&apos;: (341.813, 454.567, 344.58299999999997, 467.857), &apos;color_space&apos;: &apos;DeviceGray&apos;, &apos;ncolor&apos;: None, &apos;size&apos;: 13.29000000000002, &apos;value&apos;: &apos;.&apos;, &apos;children&apos;: [], &apos;features&apos;: {}}, {&apos;type&apos;: &apos;text&apos;, &apos;bbox&apos;: (344.58299999999997, 454.567, 347.35299999999995, 467.857), &apos;color_space&apos;: &apos;DeviceGray&apos;, &apos;ncolor&apos;: None, &apos;size&apos;: 13.29000000000002, &apos;value&apos;: &apos;.&apos;, &apos;children&apos;: [], &apos;features&apos;: {}}, {&apos;type&apos;: &apos;text&apos;, &apos;bbox&apos;: (347.35299999999995, 454.567, 350.12299999999993, 467.857), &apos;color_space&apos;: &apos;DeviceGray&apos;, &apos;ncolor&apos;: None, &apos;size&apos;: 13.29000000000002, &apos;value&apos;: &apos;.&apos;, &apos;children&apos;: [], &apos;features&apos;: {}}, {&apos;type&apos;: &apos;text&apos;, &apos;bbox&apos;: (350.12299999999993, 454.567, 352.8929999999999, 467.857), &apos;color_space&apos;: &apos;DeviceGray&apos;, &apos;ncolor&apos;: None, &apos;size&apos;: 13.29000000000002, &apos;value&apos;: &apos;.&apos;, &apos;children&apos;: [], &apos;features&apos;: {}}, {&apos;type&apos;: &apos;text&apos;, &apos;bbox&apos;: (352.8929999999999, 454.567, 355.6629999999999, 467.857), &apos;color_space&apos;: &apos;DeviceGray&apos;, &apos;ncolor&apos;: None, &apos;size&apos;: 13.29000000000002, &apos;value&apos;: &apos;.&apos;, &apos;children&apos;: [], &apos;features&apos;: {}}, {&apos;type&apos;: &apos;text&apos;, &apos;bbox&apos;: (355.66299999999995, 454.567, 358.43299999999994, 467.857), &apos;color_space&apos;: &apos;DeviceGray&apos;, &apos;ncolor&apos;: None, &apos;size&apos;: 13.29000000000002, &apos;value&apos;: &apos;.&apos;, &apos;children&apos;: [], &apos;features&apos;: {}}, {&apos;type&apos;: &apos;text&apos;, &apos;bbox&apos;: (358.43299999999994, 454.567, 361.2029999999999, 467.857), &apos;color_space&apos;: &apos;DeviceGray&apos;, &apos;ncolor&apos;: None, &apos;size&apos;: 13.29000000000002, &apos;value&apos;: &apos;.&apos;, &apos;children&apos;: [], &apos;features&apos;: {}}, {&apos;type&apos;: &apos;text&apos;, &apos;bbox&apos;: (361.203, 454.567, 363.97299999999996, 467.857), &apos;color_space&apos;: &apos;DeviceGray&apos;, &apos;ncolor&apos;: None, &apos;size&apos;: 13.29000000000002, &apos;value&apos;: &apos;.&apos;, &apos;children&apos;: [], &apos;features&apos;: {}}, {&apos;type&apos;: &apos;text&apos;, &apos;bbox&apos;: (363.97299999999996, 454.567, 366.74299999999994, 467.857), &apos;color_space&apos;: &apos;DeviceGray&apos;, &apos;ncolor&apos;: None, &apos;size&apos;: 13.29000000000002, &apos;value&apos;: &apos;.&apos;, &apos;children&apos;: [], &apos;features&apos;: {}}, {&apos;type&apos;: &apos;text&apos;, &apos;bbox&apos;: (366.74299999999994, 454.567, 369.5129999999999, 467.857), &apos;color_space&apos;: &apos;DeviceGray&apos;, &apos;ncolor&apos;: None, &apos;size&apos;: 13.29000000000002, &apos;value&apos;: &apos;.&apos;, &apos;children&apos;: [], &apos;features&apos;: {}}, {&apos;type&apos;: &apos;text&apos;, &apos;bbox&apos;: (369.513, 454.567, 372.28299999999996, 467.857), &apos;color_space&apos;: &apos;DeviceGray&apos;, &apos;ncolor&apos;: None, &apos;size&apos;: 13.29000000000002, &apos;value&apos;: &apos;.&apos;, &apos;children&apos;: [], &apos;features&apos;: {}}, {&apos;type&apos;: &apos;text&apos;, &apos;bbox&apos;: (372.283, 454.567, 375.053, 467.857), &apos;color_space&apos;: &apos;DeviceGray&apos;, &apos;ncolor&apos;: None, &apos;size&apos;: 13.29000000000002, &apos;value&apos;: &apos;.&apos;, &apos;children&apos;: [], &apos;features&apos;: {}}, {&apos;type&apos;: &apos;text&apos;, &apos;bbox&apos;: (375.053, 454.567, 377.823, 467.857), &apos;color_space&apos;: &apos;DeviceGray&apos;, &apos;ncolor&apos;: None, &apos;size&apos;: 13.29000000000002, &apos;value&apos;: &apos;.&apos;, &apos;children&apos;: [], &apos;features&apos;: {}}, {&apos;type&apos;: &apos;text&apos;, &apos;bbox&apos;: (377.823, 454.567, 380.59299999999996, 467.857), &apos;color_space&apos;: &apos;DeviceGray&apos;, &apos;ncolor&apos;: None, &apos;size&apos;: 13.29000000000002, &apos;value&apos;: &apos;.&apos;, &apos;children&apos;: [], &apos;features&apos;: {}}, {&apos;type&apos;: &apos;text&apos;, &apos;bbox&apos;: (380.593, 454.567, 383.363, 467.857), &apos;color_space&apos;: &apos;DeviceGray&apos;, &apos;ncolor&apos;: None, &apos;size&apos;: 13.29000000000002, &apos;value&apos;: &apos;.&apos;, &apos;children&apos;: [], &apos;features&apos;: {}}, {&apos;type&apos;: &apos;text&apos;, &apos;bbox&apos;: (383.36300000000006, 454.567, 386.13300000000004, 467.857), &apos;color_space&apos;: &apos;DeviceGray&apos;, &apos;ncolor&apos;: None, &apos;size&apos;: 13.29000000000002, &apos;value&apos;: &apos;.&apos;, &apos;children&apos;: [], &apos;features&apos;: {}}, {&apos;type&apos;: &apos;text&apos;, &apos;bbox&apos;: (386.13300000000004, 454.567, 388.903, 467.857), &apos;color_space&apos;: &apos;DeviceGray&apos;, &apos;ncolor&apos;: None, &apos;size&apos;: 13.29000000000002, &apos;value&apos;: &apos;.&apos;, &apos;children&apos;: [], &apos;features&apos;: {}}, {&apos;type&apos;: &apos;text&apos;, &apos;bbox&apos;: (388.903, 454.567, 391.673, 467.857), &apos;color_space&apos;: &apos;DeviceGray&apos;, &apos;ncolor&apos;: None, &apos;size&apos;: 13.29000000000002, &apos;value&apos;: &apos;.&apos;, &apos;children&apos;: [], &apos;features&apos;: {}}, {&apos;type&apos;: &apos;text&apos;, &apos;bbox&apos;: (391.67300000000006, 454.567, 394.44300000000004, 467.857), &apos;color_space&apos;: &apos;DeviceGray&apos;, &apos;ncolor&apos;: None, &apos;size&apos;: 13.29000000000002, &apos;value&apos;: &apos;.&apos;, &apos;children&apos;: [], &apos;features&apos;: {}}, {&apos;type&apos;: &apos;text&apos;, &apos;bbox&apos;: (394.4430000000001, 454.567, 397.2130000000001, 467.857), &apos;color_space&apos;: &apos;DeviceGray&apos;, &apos;ncolor&apos;: None, &apos;size&apos;: 13.29000000000002, &apos;value&apos;: &apos;.&apos;, &apos;children&apos;: [], &apos;features&apos;: {}}, {&apos;type&apos;: &apos;text&apos;, &apos;bbox&apos;: (397.2130000000001, 454.567, 399.98300000000006, 467.857), &apos;color_space&apos;: &apos;DeviceGray&apos;, &apos;ncolor&apos;: None, &apos;size&apos;: 13.29000000000002, &apos;value&apos;: &apos;.&apos;, &apos;children&apos;: [], &apos;features&apos;: {}}, {&apos;type&apos;: &apos;text&apos;, &apos;bbox&apos;: (399.98300000000006, 454.567, 402.75300000000004, 467.857), &apos;color_space&apos;: &apos;DeviceGray&apos;, &apos;ncolor&apos;: None, &apos;size&apos;: 13.29000000000002, &apos;value&apos;: &apos;.&apos;, &apos;children&apos;: [], &apos;features&apos;: {}}, {&apos;type&apos;: &apos;text&apos;, &apos;bbox&apos;: (402.7530000000001, 454.567, 405.5230000000001, 467.857), &apos;color_space&apos;: &apos;DeviceGray&apos;, &apos;ncolor&apos;: None, &apos;size&apos;: 13.29000000000002, &apos;value&apos;: &apos;.&apos;, &apos;children&apos;: [], &apos;features&apos;: {}}, {&apos;type&apos;: &apos;text&apos;, &apos;bbox&apos;: (405.52300000000014, 454.567, 408.2930000000001, 467.857), &apos;color_space&apos;: &apos;DeviceGray&apos;, &apos;ncolor&apos;: None, &apos;size&apos;: 13.29000000000002, &apos;value&apos;: &apos;.&apos;, &apos;children&apos;: [], &apos;features&apos;: {}}, {&apos;type&apos;: &apos;text&apos;, &apos;bbox&apos;: (408.2930000000001, 454.567, 411.0630000000001, 467.857), &apos;color_space&apos;: &apos;DeviceGray&apos;, &apos;ncolor&apos;: None, &apos;size&apos;: 13.29000000000002, &apos;value&apos;: &apos;.&apos;, &apos;children&apos;: [], &apos;features&apos;: {}}, {&apos;type&apos;: &apos;text&apos;, &apos;bbox&apos;: (411.0630000000001, 454.567, 413.8330000000001, 467.857), &apos;color_space&apos;: &apos;DeviceGray&apos;, &apos;ncolor&apos;: None, &apos;size&apos;: 13.29000000000002, &apos;value&apos;: &apos;.&apos;, &apos;children&apos;: [], &apos;features&apos;: {}}, {&apos;type&apos;: &apos;text&apos;, &apos;bbox&apos;: (413.83300000000014, 454.567, 416.6030000000001, 467.857), &apos;color_space&apos;: &apos;DeviceGray&apos;, &apos;ncolor&apos;: None, &apos;size&apos;: 13.29000000000002, &apos;value&apos;: &apos;.&apos;, &apos;children&apos;: [], &apos;features&apos;: {}}, {&apos;type&apos;: &apos;text&apos;, &apos;bbox&apos;: (416.6030000000002, 454.567, 419.37300000000016, 467.857), &apos;color_space&apos;: &apos;DeviceGray&apos;, &apos;ncolor&apos;: None, &apos;size&apos;: 13.29000000000002, &apos;value&apos;: &apos;.&apos;, &apos;children&apos;: [], &apos;features&apos;: {}}, {&apos;type&apos;: &apos;text&apos;, &apos;bbox&apos;: (419.37300000000016, 454.567, 422.14300000000014, 467.857), &apos;color_space&apos;: &apos;DeviceGray&apos;, &apos;ncolor&apos;: None, &apos;size&apos;: 13.29000000000002, &apos;value&apos;: &apos;.&apos;, &apos;children&apos;: [], &apos;features&apos;: {}}, {&apos;type&apos;: &apos;text&apos;, &apos;bbox&apos;: (422.14300000000014, 454.567, 424.9130000000001, 467.857), &apos;color_space&apos;: &apos;DeviceGray&apos;, &apos;ncolor&apos;: None, &apos;size&apos;: 13.29000000000002, &apos;value&apos;: &apos;.&apos;, &apos;children&apos;: [], &apos;features&apos;: {}}, {&apos;type&apos;: &apos;text&apos;, &apos;bbox&apos;: (424.9130000000002, 454.567, 427.68300000000016, 467.857), &apos;color_space&apos;: &apos;DeviceGray&apos;, &apos;ncolor&apos;: None, &apos;size&apos;: 13.29000000000002, &apos;value&apos;: &apos;.&apos;, &apos;children&apos;: [], &apos;features&apos;: {}}, {&apos;type&apos;: &apos;text&apos;, &apos;bbox&apos;: (427.6830000000002, 454.567, 430.4530000000002, 467.857), &apos;color_space&apos;: &apos;DeviceGray&apos;, &apos;ncolor&apos;: None, &apos;size&apos;: 13.29000000000002, &apos;value&apos;: &apos;.&apos;, &apos;children&apos;: [], &apos;features&apos;: {}}, {&apos;type&apos;: &apos;text&apos;, &apos;bbox&apos;: (430.4530000000002, 454.567, 433.2230000000002, 467.857), &apos;color_space&apos;: &apos;DeviceGray&apos;, &apos;ncolor&apos;: None, &apos;size&apos;: 13.29000000000002, &apos;value&apos;: &apos;.&apos;, &apos;children&apos;: [], &apos;features&apos;: {}}, {&apos;type&apos;: &apos;text&apos;, &apos;bbox&apos;: (433.2230000000002, 454.567, 435.99300000000017, 467.857), &apos;color_space&apos;: &apos;DeviceGray&apos;, &apos;ncolor&apos;: None, &apos;size&apos;: 13.29000000000002, &apos;value&apos;: &apos;.&apos;, &apos;children&apos;: [], &apos;features&apos;: {}}, {&apos;type&apos;: &apos;text&apos;, &apos;bbox&apos;: (435.9930000000002, 454.567, 438.7630000000002, 467.857), &apos;color_space&apos;: &apos;DeviceGray&apos;, &apos;ncolor&apos;: None, &apos;size&apos;: 13.29000000000002, &apos;value&apos;: &apos;.&apos;, &apos;children&apos;: [], &apos;features&apos;: {}}, {&apos;type&apos;: &apos;text&apos;, &apos;bbox&apos;: (438.76300000000026, 454.567, 441.53300000000024, 467.857), &apos;color_space&apos;: &apos;DeviceGray&apos;, &apos;ncolor&apos;: None, &apos;size&apos;: 13.29000000000002, &apos;value&apos;: &apos;.&apos;, &apos;children&apos;: [], &apos;features&apos;: {}}, {&apos;type&apos;: &apos;text&apos;, &apos;bbox&apos;: (441.53300000000024, 454.567, 444.3030000000002, 467.857), &apos;color_space&apos;: &apos;DeviceGray&apos;, &apos;ncolor&apos;: None, &apos;size&apos;: 13.29000000000002, &apos;value&apos;: &apos;.&apos;, &apos;children&apos;: [], &apos;features&apos;: {}}, {&apos;type&apos;: &apos;text&apos;, &apos;bbox&apos;: (444.3030000000002, 454.567, 447.0730000000002, 467.857), &apos;color_space&apos;: &apos;DeviceGray&apos;, &apos;ncolor&apos;: None, &apos;size&apos;: 13.29000000000002, &apos;value&apos;: &apos;.&apos;, &apos;children&apos;: [], &apos;features&apos;: {}}, {&apos;type&apos;: &apos;text&apos;, &apos;bbox&apos;: (447.07300000000026, 454.567, 449.84300000000025, 467.857), &apos;color_space&apos;: &apos;DeviceGray&apos;, &apos;ncolor&apos;: None, &apos;size&apos;: 13.29000000000002, &apos;value&apos;: &apos;.&apos;, &apos;children&apos;: [], &apos;features&apos;: {}}, {&apos;type&apos;: &apos;text&apos;, &apos;bbox&apos;: (449.8430000000003, 454.567, 452.6130000000003, 467.857), &apos;color_space&apos;: &apos;DeviceGray&apos;, &apos;ncolor&apos;: None, &apos;size&apos;: 13.29000000000002, &apos;value&apos;: &apos;.&apos;, &apos;children&apos;: [], &apos;features&apos;: {}}, {&apos;type&apos;: &apos;text&apos;, &apos;bbox&apos;: (452.6130000000003, 454.567, 455.38300000000027, 467.857), &apos;color_space&apos;: &apos;DeviceGray&apos;, &apos;ncolor&apos;: None, &apos;size&apos;: 13.29000000000002, &apos;value&apos;: &apos;.&apos;, &apos;children&apos;: [], &apos;features&apos;: {}}, {&apos;type&apos;: &apos;text&apos;, &apos;bbox&apos;: (455.38300000000027, 454.567, 458.15300000000025, 467.857), &apos;color_space&apos;: &apos;DeviceGray&apos;, &apos;ncolor&apos;: None, &apos;size&apos;: 13.29000000000002, &apos;value&apos;: &apos;.&apos;, &apos;children&apos;: [], &apos;features&apos;: {}}, {&apos;type&apos;: &apos;text&apos;, &apos;bbox&apos;: (458.1530000000003, 454.567, 460.9230000000003, 467.857), &apos;color_space&apos;: &apos;DeviceGray&apos;, &apos;ncolor&apos;: None, &apos;size&apos;: 13.29000000000002, &apos;value&apos;: &apos;.&apos;, &apos;children&apos;: [], &apos;features&apos;: {}}, {&apos;type&apos;: &apos;text&apos;, &apos;bbox&apos;: (460.92300000000034, 454.567, 463.6930000000003, 467.857), &apos;color_space&apos;: &apos;DeviceGray&apos;, &apos;ncolor&apos;: None, &apos;size&apos;: 13.29000000000002, &apos;value&apos;: &apos;.&apos;, &apos;children&apos;: [], &apos;features&apos;: {}}, {&apos;type&apos;: &apos;text&apos;, &apos;bbox&apos;: (463.6930000000003, 454.567, 466.4630000000003, 467.857), &apos;color_space&apos;: &apos;DeviceGray&apos;, &apos;ncolor&apos;: None, &apos;size&apos;: 13.29000000000002, &apos;value&apos;: &apos;.&apos;, &apos;children&apos;: [], &apos;features&apos;: {}}, {&apos;type&apos;: &apos;text&apos;, &apos;bbox&apos;: (466.4630000000003, 454.567, 469.2330000000003, 467.857), &apos;color_space&apos;: &apos;DeviceGray&apos;, &apos;ncolor&apos;: None, &apos;size&apos;: 13.29000000000002, &apos;value&apos;: &apos;.&apos;, &apos;children&apos;: [], &apos;features&apos;: {}}, {&apos;type&apos;: &apos;text&apos;, &apos;bbox&apos;: (469.23300000000035, 454.567, 472.0030000000003, 467.857), &apos;color_space&apos;: &apos;DeviceGray&apos;, &apos;ncolor&apos;: None, &apos;size&apos;: 13.29000000000002, &apos;value&apos;: &apos;.&apos;, &apos;children&apos;: [], &apos;features&apos;: {}}, {&apos;type&apos;: &apos;text&apos;, &apos;bbox&apos;: (472.0030000000004, 454.567, 474.77300000000037, 467.857), &apos;color_space&apos;: &apos;DeviceGray&apos;, &apos;ncolor&apos;: None, &apos;size&apos;: 13.29000000000002, &apos;value&apos;: &apos;.&apos;, &apos;children&apos;: [], &apos;features&apos;: {}}, {&apos;type&apos;: &apos;text&apos;, &apos;bbox&apos;: (474.77300000000037, 454.567, 477.54300000000035, 467.857), &apos;color_space&apos;: &apos;DeviceGray&apos;, &apos;ncolor&apos;: None, &apos;size&apos;: 13.29000000000002, &apos;value&apos;: &apos;.&apos;, &apos;children&apos;: [], &apos;features&apos;: {}}, {&apos;type&apos;: &apos;text&apos;, &apos;bbox&apos;: (477.54300000000035, 454.567, 480.31300000000033, 467.857), &apos;color_space&apos;: &apos;DeviceGray&apos;, &apos;ncolor&apos;: None, &apos;size&apos;: 13.29000000000002, &apos;value&apos;: &apos;.&apos;, &apos;children&apos;: [], &apos;features&apos;: {}}, {&apos;type&apos;: &apos;text&apos;, &apos;bbox&apos;: (480.3130000000004, 454.567, 483.08300000000037, 467.857), &apos;color_space&apos;: &apos;DeviceGray&apos;, &apos;ncolor&apos;: None, &apos;size&apos;: 13.29000000000002, &apos;value&apos;: &apos;.&apos;, &apos;children&apos;: [], &apos;features&apos;: {}}, {&apos;type&apos;: &apos;text&apos;, &apos;bbox&apos;: (483.0830000000004, 454.567, 485.8530000000004, 467.857), &apos;color_space&apos;: &apos;DeviceGray&apos;, &apos;ncolor&apos;: None, &apos;size&apos;: 13.29000000000002, &apos;value&apos;: &apos;.&apos;, &apos;children&apos;: [], &apos;features&apos;: {}}, {&apos;type&apos;: &apos;text&apos;, &apos;bbox&apos;: (485.8530000000004, 454.567, 488.6230000000004, 467.857), &apos;color_space&apos;: &apos;DeviceGray&apos;, &apos;ncolor&apos;: None, &apos;size&apos;: 13.29000000000002, &apos;value&apos;: &apos;.&apos;, &apos;children&apos;: [], &apos;features&apos;: {}}, {&apos;type&apos;: &apos;text&apos;, &apos;bbox&apos;: (488.6230000000004, 454.567, 491.39300000000037, 467.857), &apos;color_space&apos;: &apos;DeviceGray&apos;, &apos;ncolor&apos;: None, &apos;size&apos;: 13.29000000000002, &apos;value&apos;: &apos;.&apos;, &apos;children&apos;: [], &apos;features&apos;: {}}, {&apos;type&apos;: &apos;text&apos;, &apos;bbox&apos;: (491.39300000000037, 454.567, 494.16300000000035, 467.857), &apos;color_space&apos;: &apos;DeviceGray&apos;, &apos;ncolor&apos;: None, &apos;size&apos;: 13.29000000000002, &apos;value&apos;: &apos;.&apos;, &apos;children&apos;: [], &apos;features&apos;: {}}, {&apos;type&apos;: &apos;text&apos;, &apos;bbox&apos;: (494.16300000000035, 454.567, 496.93300000000033, 467.857), &apos;color_space&apos;: &apos;DeviceGray&apos;, &apos;ncolor&apos;: None, &apos;size&apos;: 13.29000000000002, &apos;value&apos;: &apos;.&apos;, &apos;children&apos;: [], &apos;features&apos;: {}}, {&apos;type&apos;: &apos;text&apos;, &apos;bbox&apos;: (496.93300000000033, 454.567, 499.7030000000003, 467.857), &apos;color_space&apos;: &apos;DeviceGray&apos;, &apos;ncolor&apos;: None, &apos;size&apos;: 13.29000000000002, &apos;value&apos;: &apos;.&apos;, &apos;children&apos;: [], &apos;features&apos;: {}}, {&apos;type&apos;: &apos;text&apos;, &apos;bbox&apos;: (499.7030000000003, 454.567, 502.4730000000003, 467.857), &apos;color_space&apos;: &apos;DeviceGray&apos;, &apos;ncolor&apos;: None, &apos;size&apos;: 13.29000000000002, &apos;value&apos;: &apos;.&apos;, &apos;children&apos;: [], &apos;features&apos;: {}}, {&apos;type&apos;: &apos;text&apos;, &apos;bbox&apos;: (502.4730000000003, 454.567, 505.2430000000003, 467.857), &apos;color_space&apos;: &apos;DeviceGray&apos;, &apos;ncolor&apos;: None, &apos;size&apos;: 13.29000000000002, &apos;value&apos;: &apos;.&apos;, &apos;children&apos;: [], &apos;features&apos;: {}}, {&apos;type&apos;: &apos;text&apos;, &apos;bbox&apos;: (505.2430000000003, 454.567, 508.01300000000026, 467.857), &apos;color_space&apos;: &apos;DeviceGray&apos;, &apos;ncolor&apos;: None, &apos;size&apos;: 13.29000000000002, &apos;value&apos;: &apos;.&apos;, &apos;children&apos;: [], &apos;features&apos;: {}}, {&apos;type&apos;: &apos;text&apos;, &apos;bbox&apos;: (508.01300000000026, 454.567, 510.78300000000024, 467.857), &apos;color_space&apos;: &apos;DeviceGray&apos;, &apos;ncolor&apos;: None, &apos;size&apos;: 13.29000000000002, &apos;value&apos;: &apos;.&apos;, &apos;children&apos;: [], &apos;features&apos;: {}}, {&apos;type&apos;: &apos;text&apos;, &apos;bbox&apos;: (510.78300000000024, 454.567, 513.5530000000002, 467.857), &apos;color_space&apos;: &apos;DeviceGray&apos;, &apos;ncolor&apos;: None, &apos;size&apos;: 13.29000000000002, &apos;value&apos;: &apos;.&apos;, &apos;children&apos;: [], &apos;features&apos;: {}}, {&apos;type&apos;: &apos;text&apos;, &apos;bbox&apos;: (513.5530000000002, 454.567, 516.3230000000002, 467.857), &apos;color_space&apos;: &apos;DeviceGray&apos;, &apos;ncolor&apos;: None, &apos;size&apos;: 13.29000000000002, &apos;value&apos;: &apos;.&apos;, &apos;children&apos;: [], &apos;features&apos;: {}}, {&apos;type&apos;: &apos;text&apos;, &apos;bbox&apos;: (516.3230000000002, 454.567, 519.0930000000002, 467.857), &apos;color_space&apos;: &apos;DeviceGray&apos;, &apos;ncolor&apos;: None, &apos;size&apos;: 13.29000000000002, &apos;value&apos;: &apos;.&apos;, &apos;children&apos;: [], &apos;features&apos;: {}}, {&apos;type&apos;: &apos;text&apos;, &apos;bbox&apos;: (519.0930000000002, 454.567, 521.8630000000002, 467.857), &apos;color_space&apos;: &apos;DeviceGray&apos;, &apos;ncolor&apos;: None, &apos;size&apos;: 13.29000000000002, &apos;value&apos;: &apos;.&apos;, &apos;children&apos;: [], &apos;features&apos;: {}}, {&apos;type&apos;: &apos;text&apos;, &apos;bbox&apos;: (521.8630000000002, 454.567, 524.6330000000002, 467.857), &apos;color_space&apos;: &apos;DeviceGray&apos;, &apos;ncolor&apos;: None, &apos;size&apos;: 13.29000000000002, &apos;value&apos;: &apos;.&apos;, &apos;children&apos;: [], &apos;features&apos;: {}}, {&apos;type&apos;: &apos;text&apos;, &apos;bbox&apos;: (525.548, 454.567, 531.108, 467.857), &apos;color_space&apos;: &apos;DeviceGray&apos;, &apos;ncolor&apos;: None, &apos;size&apos;: 13.29000000000002, &apos;value&apos;: &apos;8&apos;, &apos;children&apos;: [], &apos;features&apos;: {}}, {&apos;type&apos;: &apos;text&apos;, &apos;bbox&apos;: (531.108, 454.567, 534.438, 467.857), &apos;color_space&apos;: &apos;DeviceGray&apos;, &apos;ncolor&apos;: None, &apos;size&apos;: 13.29000000000002, &apos;value&apos;: &apos;-&apos;, &apos;children&apos;: [], &apos;features&apos;: {}}, {&apos;type&apos;: &apos;text&apos;, &apos;bbox&apos;: (534.439, 454.567, 539.9989999999999, 467.857), &apos;color_space&apos;: &apos;DeviceGray&apos;, &apos;ncolor&apos;: None, &apos;size&apos;: 13.29000000000002, &apos;value&apos;: &apos;5&apos;, &apos;children&apos;: [], &apos;features&apos;: {}}], &apos;features&apos;: {}}
*********************





--------------------------------- CONTENT AREA --------------------------------- 
This content area has an image
{&apos;type&apos;: &apos;figure&apos;, &apos;bbox&apos;: (0, 0, 612.0, 792.0), &apos;name&apos;: &apos;fx62&apos;, &apos;children&apos;: [{&apos;type&apos;: &apos;text&apos;, &apos;bbox&apos;: (114.0, 438.34700000000004, 119.57, 451.827), &apos;color_space&apos;: &apos;DeviceGray&apos;, &apos;ncolor&apos;: None, &apos;size&apos;: 13.479999999999961, &apos;value&apos;: &apos;F&apos;, &apos;children&apos;: [], &apos;features&apos;: {}}, {&apos;type&apos;: &apos;text&apos;, &apos;bbox&apos;: (119.57, 438.34700000000004, 125.66999999999999, 451.827), &apos;color_space&apos;: &apos;DeviceGray&apos;, &apos;ncolor&apos;: None, &apos;size&apos;: 13.479999999999961, &apos;value&apos;: &apos;S&apos;, &apos;children&apos;: [], &apos;features&apos;: {}}, {&apos;type&apos;: &apos;text&apos;, &apos;bbox&apos;: (125.67, 438.34700000000004, 129.56, 451.827), &apos;color_space&apos;: &apos;DeviceGray&apos;, &apos;ncolor&apos;: None, &apos;size&apos;: 13.479999999999961, &apos;value&apos;: &apos;I&apos;, &apos;children&apos;: [], &apos;features&apos;: {}}, {&apos;type&apos;: &apos;text&apos;, &apos;bbox&apos;: (129.56, 438.34700000000004, 134.56, 451.827), &apos;color_space&apos;: &apos;DeviceGray&apos;, &apos;ncolor&apos;: None, &apos;size&apos;: 13.479999999999961, &apos;value&apos;: &apos;_&apos;, &apos;children&apos;: [], &apos;features&apos;: {}}, {&apos;type&apos;: &apos;text&apos;, &apos;bbox&apos;: (134.56, 438.34700000000004, 142.89000000000001, 451.827), &apos;color_space&apos;: &apos;DeviceGray&apos;, &apos;ncolor&apos;: None, &apos;size&apos;: 13.479999999999961, &apos;value&apos;: &apos;O&apos;, &apos;children&apos;: [], &apos;features&apos;: {}}, {&apos;type&apos;: &apos;text&apos;, &apos;bbox&apos;: (142.89, 438.34700000000004, 147.89, 451.827), &apos;color_space&apos;: &apos;DeviceGray&apos;, &apos;ncolor&apos;: None, &apos;size&apos;: 13.479999999999961, &apos;value&apos;: &apos;_&apos;, &apos;children&apos;: [], &apos;features&apos;: {}}, {&apos;type&apos;: &apos;text&apos;, &apos;bbox&apos;: (147.89, 438.34700000000004, 153.94, 451.827), &apos;color_space&apos;: &apos;DeviceGray&apos;, &apos;ncolor&apos;: None, &apos;size&apos;: 13.479999999999961, &apos;value&apos;: &apos;E&apos;, &apos;children&apos;: [], &apos;features&apos;: {}}, {&apos;type&apos;: &apos;text&apos;, &apos;bbox&apos;: (153.94, 438.34700000000004, 161.71, 451.827), &apos;color_space&apos;: &apos;DeviceGray&apos;, &apos;ncolor&apos;: None, &apos;size&apos;: 13.479999999999961, &apos;value&apos;: &apos;A&apos;, &apos;children&apos;: [], &apos;features&apos;: {}}, {&apos;type&apos;: &apos;text&apos;, &apos;bbox&apos;: (161.71, 438.34700000000004, 168.84, 451.827), &apos;color_space&apos;: &apos;DeviceGray&apos;, &apos;ncolor&apos;: None, &apos;size&apos;: 13.479999999999961, &apos;value&apos;: &apos;R&apos;, &apos;children&apos;: [], &apos;features&apos;: {}}, {&apos;type&apos;: &apos;text&apos;, &apos;bbox&apos;: (168.84, 438.34700000000004, 173.84, 451.827), &apos;color_space&apos;: &apos;DeviceGray&apos;, &apos;ncolor&apos;: None, &apos;size&apos;: 13.479999999999961, &apos;value&apos;: &apos;_&apos;, &apos;children&apos;: [], &apos;features&apos;: {}}, {&apos;type&apos;: &apos;text&apos;, &apos;bbox&apos;: (173.84, 438.34700000000004, 179.89000000000001, 451.827), &apos;color_space&apos;: &apos;DeviceGray&apos;, &apos;ncolor&apos;: None, &apos;size&apos;: 13.479999999999961, &apos;value&apos;: &apos;L&apos;, &apos;children&apos;: [], &apos;features&apos;: {}}, {&apos;type&apos;: &apos;text&apos;, &apos;bbox&apos;: (179.89, 438.34700000000004, 185.94, 451.827), &apos;color_space&apos;: &apos;DeviceGray&apos;, &apos;ncolor&apos;: None, &apos;size&apos;: 13.479999999999961, &apos;value&apos;: &apos;E&apos;, &apos;children&apos;: [], &apos;features&apos;: {}}, {&apos;type&apos;: &apos;text&apos;, &apos;bbox&apos;: (185.94, 438.34700000000004, 193.71, 451.827), &apos;color_space&apos;: &apos;DeviceGray&apos;, &apos;ncolor&apos;: None, &apos;size&apos;: 13.479999999999961, &apos;value&apos;: &apos;A&apos;, &apos;children&apos;: [], &apos;features&apos;: {}}, {&apos;type&apos;: &apos;text&apos;, &apos;bbox&apos;: (193.70999999999998, 438.34700000000004, 199.27999999999997, 451.827), &apos;color_space&apos;: &apos;DeviceGray&apos;, &apos;ncolor&apos;: None, &apos;size&apos;: 13.479999999999961, &apos;value&apos;: &apos;F&apos;, &apos;children&apos;: [], &apos;features&apos;: {}}, {&apos;type&apos;: &apos;text&apos;, &apos;bbox&apos;: (199.28, 438.34700000000004, 204.28, 451.827), &apos;color_space&apos;: &apos;DeviceGray&apos;, &apos;ncolor&apos;: None, &apos;size&apos;: 13.479999999999961, &apos;value&apos;: &apos;_&apos;, &apos;children&apos;: [], &apos;features&apos;: {}}, {&apos;type&apos;: &apos;text&apos;, &apos;bbox&apos;: (204.28, 438.34700000000004, 212.59, 451.827), &apos;color_space&apos;: &apos;DeviceGray&apos;, &apos;ncolor&apos;: None, &apos;size&apos;: 13.479999999999961, &apos;value&apos;: &apos;D&apos;, &apos;children&apos;: [], &apos;features&apos;: {}}, {&apos;type&apos;: &apos;text&apos;, &apos;bbox&apos;: (212.59, 438.34700000000004, 219.25, 451.827), &apos;color_space&apos;: &apos;DeviceGray&apos;, &apos;ncolor&apos;: None, &apos;size&apos;: 13.479999999999961, &apos;value&apos;: &apos;T&apos;, &apos;children&apos;: [], &apos;features&apos;: {}}, {&apos;type&apos;: &apos;text&apos;, &apos;bbox&apos;: (219.25, 438.34700000000004, 225.3, 451.827), &apos;color_space&apos;: &apos;DeviceGray&apos;, &apos;ncolor&apos;: None, &apos;size&apos;: 13.479999999999961, &apos;value&apos;: &apos;L&apos;, &apos;children&apos;: [], &apos;features&apos;: {}}, {&apos;type&apos;: &apos;text&apos;, &apos;bbox&apos;: (225.396, 439.07599999999996, 228.166, 452.366), &apos;color_space&apos;: &apos;DeviceGray&apos;, &apos;ncolor&apos;: None, &apos;size&apos;: 13.29000000000002, &apos;value&apos;: &apos;.&apos;, &apos;children&apos;: [], &apos;features&apos;: {}}, {&apos;type&apos;: &apos;text&apos;, &apos;bbox&apos;: (228.166, 439.07599999999996, 230.936, 452.366), &apos;color_space&apos;: &apos;DeviceGray&apos;, &apos;ncolor&apos;: None, &apos;size&apos;: 13.29000000000002, &apos;value&apos;: &apos;.&apos;, &apos;children&apos;: [], &apos;features&apos;: {}}, {&apos;type&apos;: &apos;text&apos;, &apos;bbox&apos;: (230.93599999999998, 439.07599999999996, 233.706, 452.366), &apos;color_space&apos;: &apos;DeviceGray&apos;, &apos;ncolor&apos;: None, &apos;size&apos;: 13.29000000000002, &apos;value&apos;: &apos;.&apos;, &apos;children&apos;: [], &apos;features&apos;: {}}, {&apos;type&apos;: &apos;text&apos;, &apos;bbox&apos;: (233.706, 439.07599999999996, 236.476, 452.366), &apos;color_space&apos;: &apos;DeviceGray&apos;, &apos;ncolor&apos;: None, &apos;size&apos;: 13.29000000000002, &apos;value&apos;: &apos;.&apos;, &apos;children&apos;: [], &apos;features&apos;: {}}, {&apos;type&apos;: &apos;text&apos;, &apos;bbox&apos;: (236.476, 439.07599999999996, 239.246, 452.366), &apos;color_space&apos;: &apos;DeviceGray&apos;, &apos;ncolor&apos;: None, &apos;size&apos;: 13.29000000000002, &apos;value&apos;: &apos;.&apos;, &apos;children&apos;: [], &apos;features&apos;: {}}, {&apos;type&apos;: &apos;text&apos;, &apos;bbox&apos;: (239.24599999999998, 439.07599999999996, 242.016, 452.366), &apos;color_space&apos;: &apos;DeviceGray&apos;, &apos;ncolor&apos;: None, &apos;size&apos;: 13.29000000000002, &apos;value&apos;: &apos;.&apos;, &apos;children&apos;: [], &apos;features&apos;: {}}, {&apos;type&apos;: &apos;text&apos;, &apos;bbox&apos;: (242.016, 439.07599999999996, 244.786, 452.366), &apos;color_space&apos;: &apos;DeviceGray&apos;, &apos;ncolor&apos;: None, &apos;size&apos;: 13.29000000000002, &apos;value&apos;: &apos;.&apos;, &apos;children&apos;: [], &apos;features&apos;: {}}, {&apos;type&apos;: &apos;text&apos;, &apos;bbox&apos;: (244.786, 439.07599999999996, 247.556, 452.366), &apos;color_space&apos;: &apos;DeviceGray&apos;, &apos;ncolor&apos;: None, &apos;size&apos;: 13.29000000000002, &apos;value&apos;: &apos;.&apos;, &apos;children&apos;: [], &apos;features&apos;: {}}, {&apos;type&apos;: &apos;text&apos;, &apos;bbox&apos;: (247.55599999999998, 439.07599999999996, 250.326, 452.366), &apos;color_space&apos;: &apos;DeviceGray&apos;, &apos;ncolor&apos;: None, &apos;size&apos;: 13.29000000000002, &apos;value&apos;: &apos;.&apos;, &apos;children&apos;: [], &apos;features&apos;: {}}, {&apos;type&apos;: &apos;text&apos;, &apos;bbox&apos;: (250.326, 439.07599999999996, 253.096, 452.366), &apos;color_space&apos;: &apos;DeviceGray&apos;, &apos;ncolor&apos;: None, &apos;size&apos;: 13.29000000000002, &apos;value&apos;: &apos;.&apos;, &apos;children&apos;: [], &apos;features&apos;: {}}, {&apos;type&apos;: &apos;text&apos;, &apos;bbox&apos;: (253.09599999999998, 439.07599999999996, 255.86599999999999, 452.366), &apos;color_space&apos;: &apos;DeviceGray&apos;, &apos;ncolor&apos;: None, &apos;size&apos;: 13.29000000000002, &apos;value&apos;: &apos;.&apos;, &apos;children&apos;: [], &apos;features&apos;: {}}, {&apos;type&apos;: &apos;text&apos;, &apos;bbox&apos;: (255.86599999999999, 439.07599999999996, 258.63599999999997, 452.366), &apos;color_space&apos;: &apos;DeviceGray&apos;, &apos;ncolor&apos;: None, &apos;size&apos;: 13.29000000000002, &apos;value&apos;: &apos;.&apos;, &apos;children&apos;: [], &apos;features&apos;: {}}, {&apos;type&apos;: &apos;text&apos;, &apos;bbox&apos;: (258.63599999999997, 439.07599999999996, 261.40599999999995, 452.366), &apos;color_space&apos;: &apos;DeviceGray&apos;, &apos;ncolor&apos;: None, &apos;size&apos;: 13.29000000000002, &apos;value&apos;: &apos;.&apos;, &apos;children&apos;: [], &apos;features&apos;: {}}, {&apos;type&apos;: &apos;text&apos;, &apos;bbox&apos;: (261.406, 439.07599999999996, 264.176, 452.366), &apos;color_space&apos;: &apos;DeviceGray&apos;, &apos;ncolor&apos;: None, &apos;size&apos;: 13.29000000000002, &apos;value&apos;: &apos;.&apos;, &apos;children&apos;: [], &apos;features&apos;: {}}, {&apos;type&apos;: &apos;text&apos;, &apos;bbox&apos;: (264.176, 439.07599999999996, 266.94599999999997, 452.366), &apos;color_space&apos;: &apos;DeviceGray&apos;, &apos;ncolor&apos;: None, &apos;size&apos;: 13.29000000000002, &apos;value&apos;: &apos;.&apos;, &apos;children&apos;: [], &apos;features&apos;: {}}, {&apos;type&apos;: &apos;text&apos;, &apos;bbox&apos;: (266.946, 439.07599999999996, 269.716, 452.366), &apos;color_space&apos;: &apos;DeviceGray&apos;, &apos;ncolor&apos;: None, &apos;size&apos;: 13.29000000000002, &apos;value&apos;: &apos;.&apos;, &apos;children&apos;: [], &apos;features&apos;: {}}, {&apos;type&apos;: &apos;text&apos;, &apos;bbox&apos;: (269.716, 439.07599999999996, 272.486, 452.366), &apos;color_space&apos;: &apos;DeviceGray&apos;, &apos;ncolor&apos;: None, &apos;size&apos;: 13.29000000000002, &apos;value&apos;: &apos;.&apos;, &apos;children&apos;: [], &apos;features&apos;: {}}, {&apos;type&apos;: &apos;text&apos;, &apos;bbox&apos;: (272.486, 439.07599999999996, 275.256, 452.366), &apos;color_space&apos;: &apos;DeviceGray&apos;, &apos;ncolor&apos;: None, &apos;size&apos;: 13.29000000000002, &apos;value&apos;: &apos;.&apos;, &apos;children&apos;: [], &apos;features&apos;: {}}, {&apos;type&apos;: &apos;text&apos;, &apos;bbox&apos;: (275.25600000000003, 439.07599999999996, 278.026, 452.366), &apos;color_space&apos;: &apos;DeviceGray&apos;, &apos;ncolor&apos;: None, &apos;size&apos;: 13.29000000000002, &apos;value&apos;: &apos;.&apos;, &apos;children&apos;: [], &apos;features&apos;: {}}, {&apos;type&apos;: &apos;text&apos;, &apos;bbox&apos;: (278.026, 439.07599999999996, 280.796, 452.366), &apos;color_space&apos;: &apos;DeviceGray&apos;, &apos;ncolor&apos;: None, &apos;size&apos;: 13.29000000000002, &apos;value&apos;: &apos;.&apos;, &apos;children&apos;: [], &apos;features&apos;: {}}, {&apos;type&apos;: &apos;text&apos;, &apos;bbox&apos;: (280.796, 439.07599999999996, 283.566, 452.366), &apos;color_space&apos;: &apos;DeviceGray&apos;, &apos;ncolor&apos;: None, &apos;size&apos;: 13.29000000000002, &apos;value&apos;: &apos;.&apos;, &apos;children&apos;: [], &apos;features&apos;: {}}, {&apos;type&apos;: &apos;text&apos;, &apos;bbox&apos;: (283.56600000000003, 439.07599999999996, 286.336, 452.366), &apos;color_space&apos;: &apos;DeviceGray&apos;, &apos;ncolor&apos;: None, &apos;size&apos;: 13.29000000000002, &apos;value&apos;: &apos;.&apos;, &apos;children&apos;: [], &apos;features&apos;: {}}, {&apos;type&apos;: &apos;text&apos;, &apos;bbox&apos;: (286.336, 439.07599999999996, 289.106, 452.366), &apos;color_space&apos;: &apos;DeviceGray&apos;, &apos;ncolor&apos;: None, &apos;size&apos;: 13.29000000000002, &apos;value&apos;: &apos;.&apos;, &apos;children&apos;: [], &apos;features&apos;: {}}, {&apos;type&apos;: &apos;text&apos;, &apos;bbox&apos;: (289.106, 439.07599999999996, 291.876, 452.366), &apos;color_space&apos;: &apos;DeviceGray&apos;, &apos;ncolor&apos;: None, &apos;size&apos;: 13.29000000000002, &apos;value&apos;: &apos;.&apos;, &apos;children&apos;: [], &apos;features&apos;: {}}, {&apos;type&apos;: &apos;text&apos;, &apos;bbox&apos;: (291.87600000000003, 439.07599999999996, 294.646, 452.366), &apos;color_space&apos;: &apos;DeviceGray&apos;, &apos;ncolor&apos;: None, &apos;size&apos;: 13.29000000000002, &apos;value&apos;: &apos;.&apos;, &apos;children&apos;: [], &apos;features&apos;: {}}, {&apos;type&apos;: &apos;text&apos;, &apos;bbox&apos;: (294.646, 439.07599999999996, 297.416, 452.366), &apos;color_space&apos;: &apos;DeviceGray&apos;, &apos;ncolor&apos;: None, &apos;size&apos;: 13.29000000000002, &apos;value&apos;: &apos;.&apos;, &apos;children&apos;: [], &apos;features&apos;: {}}, {&apos;type&apos;: &apos;text&apos;, &apos;bbox&apos;: (297.416, 439.07599999999996, 300.186, 452.366), &apos;color_space&apos;: &apos;DeviceGray&apos;, &apos;ncolor&apos;: None, &apos;size&apos;: 13.29000000000002, &apos;value&apos;: &apos;.&apos;, &apos;children&apos;: [], &apos;features&apos;: {}}, {&apos;type&apos;: &apos;text&apos;, &apos;bbox&apos;: (300.18600000000004, 439.07599999999996, 302.956, 452.366), &apos;color_space&apos;: &apos;DeviceGray&apos;, &apos;ncolor&apos;: None, &apos;size&apos;: 13.29000000000002, &apos;value&apos;: &apos;.&apos;, &apos;children&apos;: [], &apos;features&apos;: {}}, {&apos;type&apos;: &apos;text&apos;, &apos;bbox&apos;: (302.956, 439.07599999999996, 305.726, 452.366), &apos;color_space&apos;: &apos;DeviceGray&apos;, &apos;ncolor&apos;: None, &apos;size&apos;: 13.29000000000002, &apos;value&apos;: &apos;.&apos;, &apos;children&apos;: [], &apos;features&apos;: {}}, {&apos;type&apos;: &apos;text&apos;, &apos;bbox&apos;: (305.726, 439.07599999999996, 308.496, 452.366), &apos;color_space&apos;: &apos;DeviceGray&apos;, &apos;ncolor&apos;: None, &apos;size&apos;: 13.29000000000002, &apos;value&apos;: &apos;.&apos;, &apos;children&apos;: [], &apos;features&apos;: {}}, {&apos;type&apos;: &apos;text&apos;, &apos;bbox&apos;: (308.496, 439.07599999999996, 311.26599999999996, 452.366), &apos;color_space&apos;: &apos;DeviceGray&apos;, &apos;ncolor&apos;: None, &apos;size&apos;: 13.29000000000002, &apos;value&apos;: &apos;.&apos;, &apos;children&apos;: [], &apos;features&apos;: {}}, {&apos;type&apos;: &apos;text&apos;, &apos;bbox&apos;: (311.26599999999996, 439.07599999999996, 314.03599999999994, 452.366), &apos;color_space&apos;: &apos;DeviceGray&apos;, &apos;ncolor&apos;: None, &apos;size&apos;: 13.29000000000002, &apos;value&apos;: &apos;.&apos;, &apos;children&apos;: [], &apos;features&apos;: {}}, {&apos;type&apos;: &apos;text&apos;, &apos;bbox&apos;: (314.036, 439.07599999999996, 316.806, 452.366), &apos;color_space&apos;: &apos;DeviceGray&apos;, &apos;ncolor&apos;: None, &apos;size&apos;: 13.29000000000002, &apos;value&apos;: &apos;.&apos;, &apos;children&apos;: [], &apos;features&apos;: {}}, {&apos;type&apos;: &apos;text&apos;, &apos;bbox&apos;: (316.806, 439.07599999999996, 319.57599999999996, 452.366), &apos;color_space&apos;: &apos;DeviceGray&apos;, &apos;ncolor&apos;: None, &apos;size&apos;: 13.29000000000002, &apos;value&apos;: &apos;.&apos;, &apos;children&apos;: [], &apos;features&apos;: {}}, {&apos;type&apos;: &apos;text&apos;, &apos;bbox&apos;: (319.57599999999996, 439.07599999999996, 322.34599999999995, 452.366), &apos;color_space&apos;: &apos;DeviceGray&apos;, &apos;ncolor&apos;: None, &apos;size&apos;: 13.29000000000002, &apos;value&apos;: &apos;.&apos;, &apos;children&apos;: [], &apos;features&apos;: {}}, {&apos;type&apos;: &apos;text&apos;, &apos;bbox&apos;: (322.346, 439.07599999999996, 325.116, 452.366), &apos;color_space&apos;: &apos;DeviceGray&apos;, &apos;ncolor&apos;: None, &apos;size&apos;: 13.29000000000002, &apos;value&apos;: &apos;.&apos;, &apos;children&apos;: [], &apos;features&apos;: {}}, {&apos;type&apos;: &apos;text&apos;, &apos;bbox&apos;: (325.116, 439.07599999999996, 327.88599999999997, 452.366), &apos;color_space&apos;: &apos;DeviceGray&apos;, &apos;ncolor&apos;: None, &apos;size&apos;: 13.29000000000002, &apos;value&apos;: &apos;.&apos;, &apos;children&apos;: [], &apos;features&apos;: {}}, {&apos;type&apos;: &apos;text&apos;, &apos;bbox&apos;: (327.88599999999997, 439.07599999999996, 330.65599999999995, 452.366), &apos;color_space&apos;: &apos;DeviceGray&apos;, &apos;ncolor&apos;: None, &apos;size&apos;: 13.29000000000002, &apos;value&apos;: &apos;.&apos;, &apos;children&apos;: [], &apos;features&apos;: {}}, {&apos;type&apos;: &apos;text&apos;, &apos;bbox&apos;: (330.65599999999995, 439.07599999999996, 333.42599999999993, 452.366), &apos;color_space&apos;: &apos;DeviceGray&apos;, &apos;ncolor&apos;: None, &apos;size&apos;: 13.29000000000002, &apos;value&apos;: &apos;.&apos;, &apos;children&apos;: [], &apos;features&apos;: {}}, {&apos;type&apos;: &apos;text&apos;, &apos;bbox&apos;: (333.42599999999993, 439.07599999999996, 336.1959999999999, 452.366), &apos;color_space&apos;: &apos;DeviceGray&apos;, &apos;ncolor&apos;: None, &apos;size&apos;: 13.29000000000002, &apos;value&apos;: &apos;.&apos;, &apos;children&apos;: [], &apos;features&apos;: {}}, {&apos;type&apos;: &apos;text&apos;, &apos;bbox&apos;: (336.19599999999997, 439.07599999999996, 338.96599999999995, 452.366), &apos;color_space&apos;: &apos;DeviceGray&apos;, &apos;ncolor&apos;: None, &apos;size&apos;: 13.29000000000002, &apos;value&apos;: &apos;.&apos;, &apos;children&apos;: [], &apos;features&apos;: {}}, {&apos;type&apos;: &apos;text&apos;, &apos;bbox&apos;: (338.96599999999995, 439.07599999999996, 341.73599999999993, 452.366), &apos;color_space&apos;: &apos;DeviceGray&apos;, &apos;ncolor&apos;: None, &apos;size&apos;: 13.29000000000002, &apos;value&apos;: &apos;.&apos;, &apos;children&apos;: [], &apos;features&apos;: {}}, {&apos;type&apos;: &apos;text&apos;, &apos;bbox&apos;: (341.73599999999993, 439.07599999999996, 344.5059999999999, 452.366), &apos;color_space&apos;: &apos;DeviceGray&apos;, &apos;ncolor&apos;: None, &apos;size&apos;: 13.29000000000002, &apos;value&apos;: &apos;.&apos;, &apos;children&apos;: [], &apos;features&apos;: {}}, {&apos;type&apos;: &apos;text&apos;, &apos;bbox&apos;: (344.506, 439.07599999999996, 347.27599999999995, 452.366), &apos;color_space&apos;: &apos;DeviceGray&apos;, &apos;ncolor&apos;: None, &apos;size&apos;: 13.29000000000002, &apos;value&apos;: &apos;.&apos;, &apos;children&apos;: [], &apos;features&apos;: {}}, {&apos;type&apos;: &apos;text&apos;, &apos;bbox&apos;: (347.27599999999995, 439.07599999999996, 350.04599999999994, 452.366), &apos;color_space&apos;: &apos;DeviceGray&apos;, &apos;ncolor&apos;: None, &apos;size&apos;: 13.29000000000002, &apos;value&apos;: &apos;.&apos;, &apos;children&apos;: [], &apos;features&apos;: {}}, {&apos;type&apos;: &apos;text&apos;, &apos;bbox&apos;: (350.04599999999994, 439.07599999999996, 352.8159999999999, 452.366), &apos;color_space&apos;: &apos;DeviceGray&apos;, &apos;ncolor&apos;: None, &apos;size&apos;: 13.29000000000002, &apos;value&apos;: &apos;.&apos;, &apos;children&apos;: [], &apos;features&apos;: {}}, {&apos;type&apos;: &apos;text&apos;, &apos;bbox&apos;: (352.8159999999999, 439.07599999999996, 355.5859999999999, 452.366), &apos;color_space&apos;: &apos;DeviceGray&apos;, &apos;ncolor&apos;: None, &apos;size&apos;: 13.29000000000002, &apos;value&apos;: &apos;.&apos;, &apos;children&apos;: [], &apos;features&apos;: {}}, {&apos;type&apos;: &apos;text&apos;, &apos;bbox&apos;: (355.5859999999999, 439.07599999999996, 358.3559999999999, 452.366), &apos;color_space&apos;: &apos;DeviceGray&apos;, &apos;ncolor&apos;: None, &apos;size&apos;: 13.29000000000002, &apos;value&apos;: &apos;.&apos;, &apos;children&apos;: [], &apos;features&apos;: {}}, {&apos;type&apos;: &apos;text&apos;, &apos;bbox&apos;: (358.35599999999994, 439.07599999999996, 361.1259999999999, 452.366), &apos;color_space&apos;: &apos;DeviceGray&apos;, &apos;ncolor&apos;: None, &apos;size&apos;: 13.29000000000002, &apos;value&apos;: &apos;.&apos;, &apos;children&apos;: [], &apos;features&apos;: {}}, {&apos;type&apos;: &apos;text&apos;, &apos;bbox&apos;: (361.126, 439.07599999999996, 363.89599999999996, 452.366), &apos;color_space&apos;: &apos;DeviceGray&apos;, &apos;ncolor&apos;: None, &apos;size&apos;: 13.29000000000002, &apos;value&apos;: &apos;.&apos;, &apos;children&apos;: [], &apos;features&apos;: {}}, {&apos;type&apos;: &apos;text&apos;, &apos;bbox&apos;: (363.89599999999996, 439.07599999999996, 366.66599999999994, 452.366), &apos;color_space&apos;: &apos;DeviceGray&apos;, &apos;ncolor&apos;: None, &apos;size&apos;: 13.29000000000002, &apos;value&apos;: &apos;.&apos;, &apos;children&apos;: [], &apos;features&apos;: {}}, {&apos;type&apos;: &apos;text&apos;, &apos;bbox&apos;: (366.66599999999994, 439.07599999999996, 369.4359999999999, 452.366), &apos;color_space&apos;: &apos;DeviceGray&apos;, &apos;ncolor&apos;: None, &apos;size&apos;: 13.29000000000002, &apos;value&apos;: &apos;.&apos;, &apos;children&apos;: [], &apos;features&apos;: {}}, {&apos;type&apos;: &apos;text&apos;, &apos;bbox&apos;: (369.436, 439.07599999999996, 372.20599999999996, 452.366), &apos;color_space&apos;: &apos;DeviceGray&apos;, &apos;ncolor&apos;: None, &apos;size&apos;: 13.29000000000002, &apos;value&apos;: &apos;.&apos;, &apos;children&apos;: [], &apos;features&apos;: {}}, {&apos;type&apos;: &apos;text&apos;, &apos;bbox&apos;: (372.206, 439.07599999999996, 374.976, 452.366), &apos;color_space&apos;: &apos;DeviceGray&apos;, &apos;ncolor&apos;: None, &apos;size&apos;: 13.29000000000002, &apos;value&apos;: &apos;.&apos;, &apos;children&apos;: [], &apos;features&apos;: {}}, {&apos;type&apos;: &apos;text&apos;, &apos;bbox&apos;: (374.976, 439.07599999999996, 377.746, 452.366), &apos;color_space&apos;: &apos;DeviceGray&apos;, &apos;ncolor&apos;: None, &apos;size&apos;: 13.29000000000002, &apos;value&apos;: &apos;.&apos;, &apos;children&apos;: [], &apos;features&apos;: {}}, {&apos;type&apos;: &apos;text&apos;, &apos;bbox&apos;: (377.746, 439.07599999999996, 380.51599999999996, 452.366), &apos;color_space&apos;: &apos;DeviceGray&apos;, &apos;ncolor&apos;: None, &apos;size&apos;: 13.29000000000002, &apos;value&apos;: &apos;.&apos;, &apos;children&apos;: [], &apos;features&apos;: {}}, {&apos;type&apos;: &apos;text&apos;, &apos;bbox&apos;: (380.516, 439.07599999999996, 383.286, 452.366), &apos;color_space&apos;: &apos;DeviceGray&apos;, &apos;ncolor&apos;: None, &apos;size&apos;: 13.29000000000002, &apos;value&apos;: &apos;.&apos;, &apos;children&apos;: [], &apos;features&apos;: {}}, {&apos;type&apos;: &apos;text&apos;, &apos;bbox&apos;: (383.28600000000006, 439.07599999999996, 386.05600000000004, 452.366), &apos;color_space&apos;: &apos;DeviceGray&apos;, &apos;ncolor&apos;: None, &apos;size&apos;: 13.29000000000002, &apos;value&apos;: &apos;.&apos;, &apos;children&apos;: [], &apos;features&apos;: {}}, {&apos;type&apos;: &apos;text&apos;, &apos;bbox&apos;: (386.05600000000004, 439.07599999999996, 388.826, 452.366), &apos;color_space&apos;: &apos;DeviceGray&apos;, &apos;ncolor&apos;: None, &apos;size&apos;: 13.29000000000002, &apos;value&apos;: &apos;.&apos;, &apos;children&apos;: [], &apos;features&apos;: {}}, {&apos;type&apos;: &apos;text&apos;, &apos;bbox&apos;: (388.826, 439.07599999999996, 391.596, 452.366), &apos;color_space&apos;: &apos;DeviceGray&apos;, &apos;ncolor&apos;: None, &apos;size&apos;: 13.29000000000002, &apos;value&apos;: &apos;.&apos;, &apos;children&apos;: [], &apos;features&apos;: {}}, {&apos;type&apos;: &apos;text&apos;, &apos;bbox&apos;: (391.59600000000006, 439.07599999999996, 394.36600000000004, 452.366), &apos;color_space&apos;: &apos;DeviceGray&apos;, &apos;ncolor&apos;: None, &apos;size&apos;: 13.29000000000002, &apos;value&apos;: &apos;.&apos;, &apos;children&apos;: [], &apos;features&apos;: {}}, {&apos;type&apos;: &apos;text&apos;, &apos;bbox&apos;: (394.3660000000001, 439.07599999999996, 397.1360000000001, 452.366), &apos;color_space&apos;: &apos;DeviceGray&apos;, &apos;ncolor&apos;: None, &apos;size&apos;: 13.29000000000002, &apos;value&apos;: &apos;.&apos;, &apos;children&apos;: [], &apos;features&apos;: {}}, {&apos;type&apos;: &apos;text&apos;, &apos;bbox&apos;: (397.1360000000001, 439.07599999999996, 399.90600000000006, 452.366), &apos;color_space&apos;: &apos;DeviceGray&apos;, &apos;ncolor&apos;: None, &apos;size&apos;: 13.29000000000002, &apos;value&apos;: &apos;.&apos;, &apos;children&apos;: [], &apos;features&apos;: {}}, {&apos;type&apos;: &apos;text&apos;, &apos;bbox&apos;: (399.90600000000006, 439.07599999999996, 402.67600000000004, 452.366), &apos;color_space&apos;: &apos;DeviceGray&apos;, &apos;ncolor&apos;: None, &apos;size&apos;: 13.29000000000002, &apos;value&apos;: &apos;.&apos;, &apos;children&apos;: [], &apos;features&apos;: {}}, {&apos;type&apos;: &apos;text&apos;, &apos;bbox&apos;: (402.6760000000001, 439.07599999999996, 405.4460000000001, 452.366), &apos;color_space&apos;: &apos;DeviceGray&apos;, &apos;ncolor&apos;: None, &apos;size&apos;: 13.29000000000002, &apos;value&apos;: &apos;.&apos;, &apos;children&apos;: [], &apos;features&apos;: {}}, {&apos;type&apos;: &apos;text&apos;, &apos;bbox&apos;: (405.44600000000014, 439.07599999999996, 408.2160000000001, 452.366), &apos;color_space&apos;: &apos;DeviceGray&apos;, &apos;ncolor&apos;: None, &apos;size&apos;: 13.29000000000002, &apos;value&apos;: &apos;.&apos;, &apos;children&apos;: [], &apos;features&apos;: {}}, {&apos;type&apos;: &apos;text&apos;, &apos;bbox&apos;: (408.2160000000001, 439.07599999999996, 410.9860000000001, 452.366), &apos;color_space&apos;: &apos;DeviceGray&apos;, &apos;ncolor&apos;: None, &apos;size&apos;: 13.29000000000002, &apos;value&apos;: &apos;.&apos;, &apos;children&apos;: [], &apos;features&apos;: {}}, {&apos;type&apos;: &apos;text&apos;, &apos;bbox&apos;: (410.9860000000001, 439.07599999999996, 413.7560000000001, 452.366), &apos;color_space&apos;: &apos;DeviceGray&apos;, &apos;ncolor&apos;: None, &apos;size&apos;: 13.29000000000002, &apos;value&apos;: &apos;.&apos;, &apos;children&apos;: [], &apos;features&apos;: {}}, {&apos;type&apos;: &apos;text&apos;, &apos;bbox&apos;: (413.75600000000014, 439.07599999999996, 416.5260000000001, 452.366), &apos;color_space&apos;: &apos;DeviceGray&apos;, &apos;ncolor&apos;: None, &apos;size&apos;: 13.29000000000002, &apos;value&apos;: &apos;.&apos;, &apos;children&apos;: [], &apos;features&apos;: {}}, {&apos;type&apos;: &apos;text&apos;, &apos;bbox&apos;: (416.5260000000002, 439.07599999999996, 419.29600000000016, 452.366), &apos;color_space&apos;: &apos;DeviceGray&apos;, &apos;ncolor&apos;: None, &apos;size&apos;: 13.29000000000002, &apos;value&apos;: &apos;.&apos;, &apos;children&apos;: [], &apos;features&apos;: {}}, {&apos;type&apos;: &apos;text&apos;, &apos;bbox&apos;: (419.29600000000016, 439.07599999999996, 422.06600000000014, 452.366), &apos;color_space&apos;: &apos;DeviceGray&apos;, &apos;ncolor&apos;: None, &apos;size&apos;: 13.29000000000002, &apos;value&apos;: &apos;.&apos;, &apos;children&apos;: [], &apos;features&apos;: {}}, {&apos;type&apos;: &apos;text&apos;, &apos;bbox&apos;: (422.06600000000014, 439.07599999999996, 424.8360000000001, 452.366), &apos;color_space&apos;: &apos;DeviceGray&apos;, &apos;ncolor&apos;: None, &apos;size&apos;: 13.29000000000002, &apos;value&apos;: &apos;.&apos;, &apos;children&apos;: [], &apos;features&apos;: {}}, {&apos;type&apos;: &apos;text&apos;, &apos;bbox&apos;: (424.8360000000002, 439.07599999999996, 427.60600000000017, 452.366), &apos;color_space&apos;: &apos;DeviceGray&apos;, &apos;ncolor&apos;: None, &apos;size&apos;: 13.29000000000002, &apos;value&apos;: &apos;.&apos;, &apos;children&apos;: [], &apos;features&apos;: {}}, {&apos;type&apos;: &apos;text&apos;, &apos;bbox&apos;: (427.6060000000002, 439.07599999999996, 430.3760000000002, 452.366), &apos;color_space&apos;: &apos;DeviceGray&apos;, &apos;ncolor&apos;: None, &apos;size&apos;: 13.29000000000002, &apos;value&apos;: &apos;.&apos;, &apos;children&apos;: [], &apos;features&apos;: {}}, {&apos;type&apos;: &apos;text&apos;, &apos;bbox&apos;: (430.3760000000002, 439.07599999999996, 433.1460000000002, 452.366), &apos;color_space&apos;: &apos;DeviceGray&apos;, &apos;ncolor&apos;: None, &apos;size&apos;: 13.29000000000002, &apos;value&apos;: &apos;.&apos;, &apos;children&apos;: [], &apos;features&apos;: {}}, {&apos;type&apos;: &apos;text&apos;, &apos;bbox&apos;: (433.1460000000002, 439.07599999999996, 435.91600000000017, 452.366), &apos;color_space&apos;: &apos;DeviceGray&apos;, &apos;ncolor&apos;: None, &apos;size&apos;: 13.29000000000002, &apos;value&apos;: &apos;.&apos;, &apos;children&apos;: [], &apos;features&apos;: {}}, {&apos;type&apos;: &apos;text&apos;, &apos;bbox&apos;: (435.9160000000002, 439.07599999999996, 438.6860000000002, 452.366), &apos;color_space&apos;: &apos;DeviceGray&apos;, &apos;ncolor&apos;: None, &apos;size&apos;: 13.29000000000002, &apos;value&apos;: &apos;.&apos;, &apos;children&apos;: [], &apos;features&apos;: {}}, {&apos;type&apos;: &apos;text&apos;, &apos;bbox&apos;: (438.68600000000026, 439.07599999999996, 441.45600000000024, 452.366), &apos;color_space&apos;: &apos;DeviceGray&apos;, &apos;ncolor&apos;: None, &apos;size&apos;: 13.29000000000002, &apos;value&apos;: &apos;.&apos;, &apos;children&apos;: [], &apos;features&apos;: {}}, {&apos;type&apos;: &apos;text&apos;, &apos;bbox&apos;: (441.45600000000024, 439.07599999999996, 444.2260000000002, 452.366), &apos;color_space&apos;: &apos;DeviceGray&apos;, &apos;ncolor&apos;: None, &apos;size&apos;: 13.29000000000002, &apos;value&apos;: &apos;.&apos;, &apos;children&apos;: [], &apos;features&apos;: {}}, {&apos;type&apos;: &apos;text&apos;, &apos;bbox&apos;: (444.2260000000002, 439.07599999999996, 446.9960000000002, 452.366), &apos;color_space&apos;: &apos;DeviceGray&apos;, &apos;ncolor&apos;: None, &apos;size&apos;: 13.29000000000002, &apos;value&apos;: &apos;.&apos;, &apos;children&apos;: [], &apos;features&apos;: {}}, {&apos;type&apos;: &apos;text&apos;, &apos;bbox&apos;: (446.99600000000027, 439.07599999999996, 449.76600000000025, 452.366), &apos;color_space&apos;: &apos;DeviceGray&apos;, &apos;ncolor&apos;: None, &apos;size&apos;: 13.29000000000002, &apos;value&apos;: &apos;.&apos;, &apos;children&apos;: [], &apos;features&apos;: {}}, {&apos;type&apos;: &apos;text&apos;, &apos;bbox&apos;: (449.7660000000003, 439.07599999999996, 452.5360000000003, 452.366), &apos;color_space&apos;: &apos;DeviceGray&apos;, &apos;ncolor&apos;: None, &apos;size&apos;: 13.29000000000002, &apos;value&apos;: &apos;.&apos;, &apos;children&apos;: [], &apos;features&apos;: {}}, {&apos;type&apos;: &apos;text&apos;, &apos;bbox&apos;: (452.5360000000003, 439.07599999999996, 455.30600000000027, 452.366), &apos;color_space&apos;: &apos;DeviceGray&apos;, &apos;ncolor&apos;: None, &apos;size&apos;: 13.29000000000002, &apos;value&apos;: &apos;.&apos;, &apos;children&apos;: [], &apos;features&apos;: {}}, {&apos;type&apos;: &apos;text&apos;, &apos;bbox&apos;: (455.30600000000027, 439.07599999999996, 458.07600000000025, 452.366), &apos;color_space&apos;: &apos;DeviceGray&apos;, &apos;ncolor&apos;: None, &apos;size&apos;: 13.29000000000002, &apos;value&apos;: &apos;.&apos;, &apos;children&apos;: [], &apos;features&apos;: {}}, {&apos;type&apos;: &apos;text&apos;, &apos;bbox&apos;: (458.0760000000003, 439.07599999999996, 460.8460000000003, 452.366), &apos;color_space&apos;: &apos;DeviceGray&apos;, &apos;ncolor&apos;: None, &apos;size&apos;: 13.29000000000002, &apos;value&apos;: &apos;.&apos;, &apos;children&apos;: [], &apos;features&apos;: {}}, {&apos;type&apos;: &apos;text&apos;, &apos;bbox&apos;: (460.84600000000034, 439.07599999999996, 463.6160000000003, 452.366), &apos;color_space&apos;: &apos;DeviceGray&apos;, &apos;ncolor&apos;: None, &apos;size&apos;: 13.29000000000002, &apos;value&apos;: &apos;.&apos;, &apos;children&apos;: [], &apos;features&apos;: {}}, {&apos;type&apos;: &apos;text&apos;, &apos;bbox&apos;: (463.6160000000003, 439.07599999999996, 466.3860000000003, 452.366), &apos;color_space&apos;: &apos;DeviceGray&apos;, &apos;ncolor&apos;: None, &apos;size&apos;: 13.29000000000002, &apos;value&apos;: &apos;.&apos;, &apos;children&apos;: [], &apos;features&apos;: {}}, {&apos;type&apos;: &apos;text&apos;, &apos;bbox&apos;: (466.3860000000003, 439.07599999999996, 469.1560000000003, 452.366), &apos;color_space&apos;: &apos;DeviceGray&apos;, &apos;ncolor&apos;: None, &apos;size&apos;: 13.29000000000002, &apos;value&apos;: &apos;.&apos;, &apos;children&apos;: [], &apos;features&apos;: {}}, {&apos;type&apos;: &apos;text&apos;, &apos;bbox&apos;: (469.15600000000035, 439.07599999999996, 471.92600000000033, 452.366), &apos;color_space&apos;: &apos;DeviceGray&apos;, &apos;ncolor&apos;: None, &apos;size&apos;: 13.29000000000002, &apos;value&apos;: &apos;.&apos;, &apos;children&apos;: [], &apos;features&apos;: {}}, {&apos;type&apos;: &apos;text&apos;, &apos;bbox&apos;: (471.9260000000004, 439.07599999999996, 474.69600000000037, 452.366), &apos;color_space&apos;: &apos;DeviceGray&apos;, &apos;ncolor&apos;: None, &apos;size&apos;: 13.29000000000002, &apos;value&apos;: &apos;.&apos;, &apos;children&apos;: [], &apos;features&apos;: {}}, {&apos;type&apos;: &apos;text&apos;, &apos;bbox&apos;: (474.69600000000037, 439.07599999999996, 477.46600000000035, 452.366), &apos;color_space&apos;: &apos;DeviceGray&apos;, &apos;ncolor&apos;: None, &apos;size&apos;: 13.29000000000002, &apos;value&apos;: &apos;.&apos;, &apos;children&apos;: [], &apos;features&apos;: {}}, {&apos;type&apos;: &apos;text&apos;, &apos;bbox&apos;: (477.46600000000035, 439.07599999999996, 480.23600000000033, 452.366), &apos;color_space&apos;: &apos;DeviceGray&apos;, &apos;ncolor&apos;: None, &apos;size&apos;: 13.29000000000002, &apos;value&apos;: &apos;.&apos;, &apos;children&apos;: [], &apos;features&apos;: {}}, {&apos;type&apos;: &apos;text&apos;, &apos;bbox&apos;: (480.2360000000004, 439.07599999999996, 483.00600000000037, 452.366), &apos;color_space&apos;: &apos;DeviceGray&apos;, &apos;ncolor&apos;: None, &apos;size&apos;: 13.29000000000002, &apos;value&apos;: &apos;.&apos;, &apos;children&apos;: [], &apos;features&apos;: {}}, {&apos;type&apos;: &apos;text&apos;, &apos;bbox&apos;: (483.0060000000004, 439.07599999999996, 485.7760000000004, 452.366), &apos;color_space&apos;: &apos;DeviceGray&apos;, &apos;ncolor&apos;: None, &apos;size&apos;: 13.29000000000002, &apos;value&apos;: &apos;.&apos;, &apos;children&apos;: [], &apos;features&apos;: {}}, {&apos;type&apos;: &apos;text&apos;, &apos;bbox&apos;: (485.7760000000004, 439.07599999999996, 488.5460000000004, 452.366), &apos;color_space&apos;: &apos;DeviceGray&apos;, &apos;ncolor&apos;: None, &apos;size&apos;: 13.29000000000002, &apos;value&apos;: &apos;.&apos;, &apos;children&apos;: [], &apos;features&apos;: {}}, {&apos;type&apos;: &apos;text&apos;, &apos;bbox&apos;: (488.5460000000004, 439.07599999999996, 491.3160000000004, 452.366), &apos;color_space&apos;: &apos;DeviceGray&apos;, &apos;ncolor&apos;: None, &apos;size&apos;: 13.29000000000002, &apos;value&apos;: &apos;.&apos;, &apos;children&apos;: [], &apos;features&apos;: {}}, {&apos;type&apos;: &apos;text&apos;, &apos;bbox&apos;: (491.3160000000004, 439.07599999999996, 494.08600000000035, 452.366), &apos;color_space&apos;: &apos;DeviceGray&apos;, &apos;ncolor&apos;: None, &apos;size&apos;: 13.29000000000002, &apos;value&apos;: &apos;.&apos;, &apos;children&apos;: [], &apos;features&apos;: {}}, {&apos;type&apos;: &apos;text&apos;, &apos;bbox&apos;: (494.08600000000035, 439.07599999999996, 496.85600000000034, 452.366), &apos;color_space&apos;: &apos;DeviceGray&apos;, &apos;ncolor&apos;: None, &apos;size&apos;: 13.29000000000002, &apos;value&apos;: &apos;.&apos;, &apos;children&apos;: [], &apos;features&apos;: {}}, {&apos;type&apos;: &apos;text&apos;, &apos;bbox&apos;: (496.85600000000034, 439.07599999999996, 499.6260000000003, 452.366), &apos;color_space&apos;: &apos;DeviceGray&apos;, &apos;ncolor&apos;: None, &apos;size&apos;: 13.29000000000002, &apos;value&apos;: &apos;.&apos;, &apos;children&apos;: [], &apos;features&apos;: {}}, {&apos;type&apos;: &apos;text&apos;, &apos;bbox&apos;: (499.6260000000003, 439.07599999999996, 502.3960000000003, 452.366), &apos;color_space&apos;: &apos;DeviceGray&apos;, &apos;ncolor&apos;: None, &apos;size&apos;: 13.29000000000002, &apos;value&apos;: &apos;.&apos;, &apos;children&apos;: [], &apos;features&apos;: {}}, {&apos;type&apos;: &apos;text&apos;, &apos;bbox&apos;: (502.3960000000003, 439.07599999999996, 505.1660000000003, 452.366), &apos;color_space&apos;: &apos;DeviceGray&apos;, &apos;ncolor&apos;: None, &apos;size&apos;: 13.29000000000002, &apos;value&apos;: &apos;.&apos;, &apos;children&apos;: [], &apos;features&apos;: {}}, {&apos;type&apos;: &apos;text&apos;, &apos;bbox&apos;: (505.1660000000003, 439.07599999999996, 507.93600000000026, 452.366), &apos;color_space&apos;: &apos;DeviceGray&apos;, &apos;ncolor&apos;: None, &apos;size&apos;: 13.29000000000002, &apos;value&apos;: &apos;.&apos;, &apos;children&apos;: [], &apos;features&apos;: {}}, {&apos;type&apos;: &apos;text&apos;, &apos;bbox&apos;: (507.93600000000026, 439.07599999999996, 510.70600000000024, 452.366), &apos;color_space&apos;: &apos;DeviceGray&apos;, &apos;ncolor&apos;: None, &apos;size&apos;: 13.29000000000002, &apos;value&apos;: &apos;.&apos;, &apos;children&apos;: [], &apos;features&apos;: {}}, {&apos;type&apos;: &apos;text&apos;, &apos;bbox&apos;: (510.70600000000024, 439.07599999999996, 513.4760000000002, 452.366), &apos;color_space&apos;: &apos;DeviceGray&apos;, &apos;ncolor&apos;: None, &apos;size&apos;: 13.29000000000002, &apos;value&apos;: &apos;.&apos;, &apos;children&apos;: [], &apos;features&apos;: {}}, {&apos;type&apos;: &apos;text&apos;, &apos;bbox&apos;: (513.4760000000002, 439.07599999999996, 516.2460000000002, 452.366), &apos;color_space&apos;: &apos;DeviceGray&apos;, &apos;ncolor&apos;: None, &apos;size&apos;: 13.29000000000002, &apos;value&apos;: &apos;.&apos;, &apos;children&apos;: [], &apos;features&apos;: {}}, {&apos;type&apos;: &apos;text&apos;, &apos;bbox&apos;: (516.2460000000002, 439.07599999999996, 519.0160000000002, 452.366), &apos;color_space&apos;: &apos;DeviceGray&apos;, &apos;ncolor&apos;: None, &apos;size&apos;: 13.29000000000002, &apos;value&apos;: &apos;.&apos;, &apos;children&apos;: [], &apos;features&apos;: {}}, {&apos;type&apos;: &apos;text&apos;, &apos;bbox&apos;: (519.0160000000002, 439.07599999999996, 521.7860000000002, 452.366), &apos;color_space&apos;: &apos;DeviceGray&apos;, &apos;ncolor&apos;: None, &apos;size&apos;: 13.29000000000002, &apos;value&apos;: &apos;.&apos;, &apos;children&apos;: [], &apos;features&apos;: {}}, {&apos;type&apos;: &apos;text&apos;, &apos;bbox&apos;: (521.7860000000002, 439.07599999999996, 524.5560000000002, 452.366), &apos;color_space&apos;: &apos;DeviceGray&apos;, &apos;ncolor&apos;: None, &apos;size&apos;: 13.29000000000002, &apos;value&apos;: &apos;.&apos;, &apos;children&apos;: [], &apos;features&apos;: {}}, {&apos;type&apos;: &apos;text&apos;, &apos;bbox&apos;: (525.548, 439.07599999999996, 531.108, 452.366), &apos;color_space&apos;: &apos;DeviceGray&apos;, &apos;ncolor&apos;: None, &apos;size&apos;: 13.29000000000002, &apos;value&apos;: &apos;8&apos;, &apos;children&apos;: [], &apos;features&apos;: {}}, {&apos;type&apos;: &apos;text&apos;, &apos;bbox&apos;: (531.108, 439.07599999999996, 534.438, 452.366), &apos;color_space&apos;: &apos;DeviceGray&apos;, &apos;ncolor&apos;: None, &apos;size&apos;: 13.29000000000002, &apos;value&apos;: &apos;-&apos;, &apos;children&apos;: [], &apos;features&apos;: {}}, {&apos;type&apos;: &apos;text&apos;, &apos;bbox&apos;: (534.439, 439.07599999999996, 539.9989999999999, 452.366), &apos;color_space&apos;: &apos;DeviceGray&apos;, &apos;ncolor&apos;: None, &apos;size&apos;: 13.29000000000002, &apos;value&apos;: &apos;5&apos;, &apos;children&apos;: [], &apos;features&apos;: {}}], &apos;features&apos;: {}}
*********************





--------------------------------- CONTENT AREA --------------------------------- 
This content area has an image
{&apos;type&apos;: &apos;figure&apos;, &apos;bbox&apos;: (0, 0, 612.0, 792.0), &apos;name&apos;: &apos;fx63&apos;, &apos;children&apos;: [{&apos;type&apos;: &apos;text&apos;, &apos;bbox&apos;: (114.0, 422.85600000000005, 119.57, 436.336), &apos;color_space&apos;: &apos;DeviceGray&apos;, &apos;ncolor&apos;: None, &apos;size&apos;: 13.479999999999961, &apos;value&apos;: &apos;F&apos;, &apos;children&apos;: [], &apos;features&apos;: {}}, {&apos;type&apos;: &apos;text&apos;, &apos;bbox&apos;: (119.57, 422.85600000000005, 125.66999999999999, 436.336), &apos;color_space&apos;: &apos;DeviceGray&apos;, &apos;ncolor&apos;: None, &apos;size&apos;: 13.479999999999961, &apos;value&apos;: &apos;S&apos;, &apos;children&apos;: [], &apos;features&apos;: {}}, {&apos;type&apos;: &apos;text&apos;, &apos;bbox&apos;: (125.67, 422.85600000000005, 129.56, 436.336), &apos;color_space&apos;: &apos;DeviceGray&apos;, &apos;ncolor&apos;: None, &apos;size&apos;: 13.479999999999961, &apos;value&apos;: &apos;I&apos;, &apos;children&apos;: [], &apos;features&apos;: {}}, {&apos;type&apos;: &apos;text&apos;, &apos;bbox&apos;: (129.56, 422.85600000000005, 134.56, 436.336), &apos;color_space&apos;: &apos;DeviceGray&apos;, &apos;ncolor&apos;: None, &apos;size&apos;: 13.479999999999961, &apos;value&apos;: &apos;_&apos;, &apos;children&apos;: [], &apos;features&apos;: {}}, {&apos;type&apos;: &apos;text&apos;, &apos;bbox&apos;: (134.56, 422.85600000000005, 142.89000000000001, 436.336), &apos;color_space&apos;: &apos;DeviceGray&apos;, &apos;ncolor&apos;: None, &apos;size&apos;: 13.479999999999961, &apos;value&apos;: &apos;O&apos;, &apos;children&apos;: [], &apos;features&apos;: {}}, {&apos;type&apos;: &apos;text&apos;, &apos;bbox&apos;: (142.89, 422.85600000000005, 147.89, 436.336), &apos;color_space&apos;: &apos;DeviceGray&apos;, &apos;ncolor&apos;: None, &apos;size&apos;: 13.479999999999961, &apos;value&apos;: &apos;_&apos;, &apos;children&apos;: [], &apos;features&apos;: {}}, {&apos;type&apos;: &apos;text&apos;, &apos;bbox&apos;: (147.89, 422.85600000000005, 153.94, 436.336), &apos;color_space&apos;: &apos;DeviceGray&apos;, &apos;ncolor&apos;: None, &apos;size&apos;: 13.479999999999961, &apos;value&apos;: &apos;E&apos;, &apos;children&apos;: [], &apos;features&apos;: {}}, {&apos;type&apos;: &apos;text&apos;, &apos;bbox&apos;: (153.94, 422.85600000000005, 161.71, 436.336), &apos;color_space&apos;: &apos;DeviceGray&apos;, &apos;ncolor&apos;: None, &apos;size&apos;: 13.479999999999961, &apos;value&apos;: &apos;A&apos;, &apos;children&apos;: [], &apos;features&apos;: {}}, {&apos;type&apos;: &apos;text&apos;, &apos;bbox&apos;: (161.71, 422.85600000000005, 168.84, 436.336), &apos;color_space&apos;: &apos;DeviceGray&apos;, &apos;ncolor&apos;: None, &apos;size&apos;: 13.479999999999961, &apos;value&apos;: &apos;R&apos;, &apos;children&apos;: [], &apos;features&apos;: {}}, {&apos;type&apos;: &apos;text&apos;, &apos;bbox&apos;: (168.84, 422.85600000000005, 173.84, 436.336), &apos;color_space&apos;: &apos;DeviceGray&apos;, &apos;ncolor&apos;: None, &apos;size&apos;: 13.479999999999961, &apos;value&apos;: &apos;_&apos;, &apos;children&apos;: [], &apos;features&apos;: {}}, {&apos;type&apos;: &apos;text&apos;, &apos;bbox&apos;: (173.84, 422.85600000000005, 180.5, 436.336), &apos;color_space&apos;: &apos;DeviceGray&apos;, &apos;ncolor&apos;: None, &apos;size&apos;: 13.479999999999961, &apos;value&apos;: &apos;T&apos;, &apos;children&apos;: [], &apos;features&apos;: {}}, {&apos;type&apos;: &apos;text&apos;, &apos;bbox&apos;: (180.5, 422.85600000000005, 188.83, 436.336), &apos;color_space&apos;: &apos;DeviceGray&apos;, &apos;ncolor&apos;: None, &apos;size&apos;: 13.479999999999961, &apos;value&apos;: &apos;O&apos;, &apos;children&apos;: [], &apos;features&apos;: {}}, {&apos;type&apos;: &apos;text&apos;, &apos;bbox&apos;: (188.82999999999998, 422.85600000000005, 195.48999999999998, 436.336), &apos;color_space&apos;: &apos;DeviceGray&apos;, &apos;ncolor&apos;: None, &apos;size&apos;: 13.479999999999961, &apos;value&apos;: &apos;T&apos;, &apos;children&apos;: [], &apos;features&apos;: {}}, {&apos;type&apos;: &apos;text&apos;, &apos;bbox&apos;: (195.49, 422.85600000000005, 203.26000000000002, 436.336), &apos;color_space&apos;: &apos;DeviceGray&apos;, &apos;ncolor&apos;: None, &apos;size&apos;: 13.479999999999961, &apos;value&apos;: &apos;A&apos;, &apos;children&apos;: [], &apos;features&apos;: {}}, {&apos;type&apos;: &apos;text&apos;, &apos;bbox&apos;: (203.26, 422.85600000000005, 209.31, 436.336), &apos;color_space&apos;: &apos;DeviceGray&apos;, &apos;ncolor&apos;: None, &apos;size&apos;: 13.479999999999961, &apos;value&apos;: &apos;L&apos;, &apos;children&apos;: [], &apos;features&apos;: {}}, {&apos;type&apos;: &apos;text&apos;, &apos;bbox&apos;: (209.31, 422.85600000000005, 214.31, 436.336), &apos;color_space&apos;: &apos;DeviceGray&apos;, &apos;ncolor&apos;: None, &apos;size&apos;: 13.479999999999961, &apos;value&apos;: &apos;_&apos;, &apos;children&apos;: [], &apos;features&apos;: {}}, {&apos;type&apos;: &apos;text&apos;, &apos;bbox&apos;: (214.31, 422.85600000000005, 222.08, 436.336), &apos;color_space&apos;: &apos;DeviceGray&apos;, &apos;ncolor&apos;: None, &apos;size&apos;: 13.479999999999961, &apos;value&apos;: &apos;A&apos;, &apos;children&apos;: [], &apos;features&apos;: {}}, {&apos;type&apos;: &apos;text&apos;, &apos;bbox&apos;: (222.07999999999998, 422.85600000000005, 229.85, 436.336), &apos;color_space&apos;: &apos;DeviceGray&apos;, &apos;ncolor&apos;: None, &apos;size&apos;: 13.479999999999961, &apos;value&apos;: &apos;V&apos;, &apos;children&apos;: [], &apos;features&apos;: {}}, {&apos;type&apos;: &apos;text&apos;, &apos;bbox&apos;: (229.84999999999997, 422.85600000000005, 238.17999999999998, 436.336), &apos;color_space&apos;: &apos;DeviceGray&apos;, &apos;ncolor&apos;: None, &apos;size&apos;: 13.479999999999961, &apos;value&apos;: &apos;G&apos;, &apos;children&apos;: [], &apos;features&apos;: {}}, {&apos;type&apos;: &apos;text&apos;, &apos;bbox&apos;: (238.277, 423.585, 241.047, 436.875), &apos;color_space&apos;: &apos;DeviceGray&apos;, &apos;ncolor&apos;: None, &apos;size&apos;: 13.29000000000002, &apos;value&apos;: &apos;.&apos;, &apos;children&apos;: [], &apos;features&apos;: {}}, {&apos;type&apos;: &apos;text&apos;, &apos;bbox&apos;: (241.047, 423.585, 243.817, 436.875), &apos;color_space&apos;: &apos;DeviceGray&apos;, &apos;ncolor&apos;: None, &apos;size&apos;: 13.29000000000002, &apos;value&apos;: &apos;.&apos;, &apos;children&apos;: [], &apos;features&apos;: {}}, {&apos;type&apos;: &apos;text&apos;, &apos;bbox&apos;: (243.81699999999998, 423.585, 246.587, 436.875), &apos;color_space&apos;: &apos;DeviceGray&apos;, &apos;ncolor&apos;: None, &apos;size&apos;: 13.29000000000002, &apos;value&apos;: &apos;.&apos;, &apos;children&apos;: [], &apos;features&apos;: {}}, {&apos;type&apos;: &apos;text&apos;, &apos;bbox&apos;: (246.587, 423.585, 249.357, 436.875), &apos;color_space&apos;: &apos;DeviceGray&apos;, &apos;ncolor&apos;: None, &apos;size&apos;: 13.29000000000002, &apos;value&apos;: &apos;.&apos;, &apos;children&apos;: [], &apos;features&apos;: {}}, {&apos;type&apos;: &apos;text&apos;, &apos;bbox&apos;: (249.357, 423.585, 252.127, 436.875), &apos;color_space&apos;: &apos;DeviceGray&apos;, &apos;ncolor&apos;: None, &apos;size&apos;: 13.29000000000002, &apos;value&apos;: &apos;.&apos;, &apos;children&apos;: [], &apos;features&apos;: {}}, {&apos;type&apos;: &apos;text&apos;, &apos;bbox&apos;: (252.12699999999998, 423.585, 254.897, 436.875), &apos;color_space&apos;: &apos;DeviceGray&apos;, &apos;ncolor&apos;: None, &apos;size&apos;: 13.29000000000002, &apos;value&apos;: &apos;.&apos;, &apos;children&apos;: [], &apos;features&apos;: {}}, {&apos;type&apos;: &apos;text&apos;, &apos;bbox&apos;: (254.897, 423.585, 257.667, 436.875), &apos;color_space&apos;: &apos;DeviceGray&apos;, &apos;ncolor&apos;: None, &apos;size&apos;: 13.29000000000002, &apos;value&apos;: &apos;.&apos;, &apos;children&apos;: [], &apos;features&apos;: {}}, {&apos;type&apos;: &apos;text&apos;, &apos;bbox&apos;: (257.667, 423.585, 260.43699999999995, 436.875), &apos;color_space&apos;: &apos;DeviceGray&apos;, &apos;ncolor&apos;: None, &apos;size&apos;: 13.29000000000002, &apos;value&apos;: &apos;.&apos;, &apos;children&apos;: [], &apos;features&apos;: {}}, {&apos;type&apos;: &apos;text&apos;, &apos;bbox&apos;: (260.437, 423.585, 263.207, 436.875), &apos;color_space&apos;: &apos;DeviceGray&apos;, &apos;ncolor&apos;: None, &apos;size&apos;: 13.29000000000002, &apos;value&apos;: &apos;.&apos;, &apos;children&apos;: [], &apos;features&apos;: {}}, {&apos;type&apos;: &apos;text&apos;, &apos;bbox&apos;: (263.207, 423.585, 265.977, 436.875), &apos;color_space&apos;: &apos;DeviceGray&apos;, &apos;ncolor&apos;: None, &apos;size&apos;: 13.29000000000002, &apos;value&apos;: &apos;.&apos;, &apos;children&apos;: [], &apos;features&apos;: {}}, {&apos;type&apos;: &apos;text&apos;, &apos;bbox&apos;: (265.977, 423.585, 268.74699999999996, 436.875), &apos;color_space&apos;: &apos;DeviceGray&apos;, &apos;ncolor&apos;: None, &apos;size&apos;: 13.29000000000002, &apos;value&apos;: &apos;.&apos;, &apos;children&apos;: [], &apos;features&apos;: {}}, {&apos;type&apos;: &apos;text&apos;, &apos;bbox&apos;: (268.74699999999996, 423.585, 271.51699999999994, 436.875), &apos;color_space&apos;: &apos;DeviceGray&apos;, &apos;ncolor&apos;: None, &apos;size&apos;: 13.29000000000002, &apos;value&apos;: &apos;.&apos;, &apos;children&apos;: [], &apos;features&apos;: {}}, {&apos;type&apos;: &apos;text&apos;, &apos;bbox&apos;: (271.517, 423.585, 274.287, 436.875), &apos;color_space&apos;: &apos;DeviceGray&apos;, &apos;ncolor&apos;: None, &apos;size&apos;: 13.29000000000002, &apos;value&apos;: &apos;.&apos;, &apos;children&apos;: [], &apos;features&apos;: {}}, {&apos;type&apos;: &apos;text&apos;, &apos;bbox&apos;: (274.287, 423.585, 277.05699999999996, 436.875), &apos;color_space&apos;: &apos;DeviceGray&apos;, &apos;ncolor&apos;: None, &apos;size&apos;: 13.29000000000002, &apos;value&apos;: &apos;.&apos;, &apos;children&apos;: [], &apos;features&apos;: {}}, {&apos;type&apos;: &apos;text&apos;, &apos;bbox&apos;: (277.057, 423.585, 279.827, 436.875), &apos;color_space&apos;: &apos;DeviceGray&apos;, &apos;ncolor&apos;: None, &apos;size&apos;: 13.29000000000002, &apos;value&apos;: &apos;.&apos;, &apos;children&apos;: [], &apos;features&apos;: {}}, {&apos;type&apos;: &apos;text&apos;, &apos;bbox&apos;: (279.827, 423.585, 282.597, 436.875), &apos;color_space&apos;: &apos;DeviceGray&apos;, &apos;ncolor&apos;: None, &apos;size&apos;: 13.29000000000002, &apos;value&apos;: &apos;.&apos;, &apos;children&apos;: [], &apos;features&apos;: {}}, {&apos;type&apos;: &apos;text&apos;, &apos;bbox&apos;: (282.597, 423.585, 285.36699999999996, 436.875), &apos;color_space&apos;: &apos;DeviceGray&apos;, &apos;ncolor&apos;: None, &apos;size&apos;: 13.29000000000002, &apos;value&apos;: &apos;.&apos;, &apos;children&apos;: [], &apos;features&apos;: {}}, {&apos;type&apos;: &apos;text&apos;, &apos;bbox&apos;: (285.367, 423.585, 288.137, 436.875), &apos;color_space&apos;: &apos;DeviceGray&apos;, &apos;ncolor&apos;: None, &apos;size&apos;: 13.29000000000002, &apos;value&apos;: &apos;.&apos;, &apos;children&apos;: [], &apos;features&apos;: {}}, {&apos;type&apos;: &apos;text&apos;, &apos;bbox&apos;: (288.137, 423.585, 290.907, 436.875), &apos;color_space&apos;: &apos;DeviceGray&apos;, &apos;ncolor&apos;: None, &apos;size&apos;: 13.29000000000002, &apos;value&apos;: &apos;.&apos;, &apos;children&apos;: [], &apos;features&apos;: {}}, {&apos;type&apos;: &apos;text&apos;, &apos;bbox&apos;: (290.90700000000004, 423.585, 293.677, 436.875), &apos;color_space&apos;: &apos;DeviceGray&apos;, &apos;ncolor&apos;: None, &apos;size&apos;: 13.29000000000002, &apos;value&apos;: &apos;.&apos;, &apos;children&apos;: [], &apos;features&apos;: {}}, {&apos;type&apos;: &apos;text&apos;, &apos;bbox&apos;: (293.677, 423.585, 296.447, 436.875), &apos;color_space&apos;: &apos;DeviceGray&apos;, &apos;ncolor&apos;: None, &apos;size&apos;: 13.29000000000002, &apos;value&apos;: &apos;.&apos;, &apos;children&apos;: [], &apos;features&apos;: {}}, {&apos;type&apos;: &apos;text&apos;, &apos;bbox&apos;: (296.447, 423.585, 299.217, 436.875), &apos;color_space&apos;: &apos;DeviceGray&apos;, &apos;ncolor&apos;: None, &apos;size&apos;: 13.29000000000002, &apos;value&apos;: &apos;.&apos;, &apos;children&apos;: [], &apos;features&apos;: {}}, {&apos;type&apos;: &apos;text&apos;, &apos;bbox&apos;: (299.21700000000004, 423.585, 301.987, 436.875), &apos;color_space&apos;: &apos;DeviceGray&apos;, &apos;ncolor&apos;: None, &apos;size&apos;: 13.29000000000002, &apos;value&apos;: &apos;.&apos;, &apos;children&apos;: [], &apos;features&apos;: {}}, {&apos;type&apos;: &apos;text&apos;, &apos;bbox&apos;: (301.987, 423.585, 304.757, 436.875), &apos;color_space&apos;: &apos;DeviceGray&apos;, &apos;ncolor&apos;: None, &apos;size&apos;: 13.29000000000002, &apos;value&apos;: &apos;.&apos;, &apos;children&apos;: [], &apos;features&apos;: {}}, {&apos;type&apos;: &apos;text&apos;, &apos;bbox&apos;: (304.757, 423.585, 307.527, 436.875), &apos;color_space&apos;: &apos;DeviceGray&apos;, &apos;ncolor&apos;: None, &apos;size&apos;: 13.29000000000002, &apos;value&apos;: &apos;.&apos;, &apos;children&apos;: [], &apos;features&apos;: {}}, {&apos;type&apos;: &apos;text&apos;, &apos;bbox&apos;: (307.52700000000004, 423.585, 310.297, 436.875), &apos;color_space&apos;: &apos;DeviceGray&apos;, &apos;ncolor&apos;: None, &apos;size&apos;: 13.29000000000002, &apos;value&apos;: &apos;.&apos;, &apos;children&apos;: [], &apos;features&apos;: {}}, {&apos;type&apos;: &apos;text&apos;, &apos;bbox&apos;: (310.297, 423.585, 313.067, 436.875), &apos;color_space&apos;: &apos;DeviceGray&apos;, &apos;ncolor&apos;: None, &apos;size&apos;: 13.29000000000002, &apos;value&apos;: &apos;.&apos;, &apos;children&apos;: [], &apos;features&apos;: {}}, {&apos;type&apos;: &apos;text&apos;, &apos;bbox&apos;: (313.067, 423.585, 315.837, 436.875), &apos;color_space&apos;: &apos;DeviceGray&apos;, &apos;ncolor&apos;: None, &apos;size&apos;: 13.29000000000002, &apos;value&apos;: &apos;.&apos;, &apos;children&apos;: [], &apos;features&apos;: {}}, {&apos;type&apos;: &apos;text&apos;, &apos;bbox&apos;: (315.837, 423.585, 318.60699999999997, 436.875), &apos;color_space&apos;: &apos;DeviceGray&apos;, &apos;ncolor&apos;: None, &apos;size&apos;: 13.29000000000002, &apos;value&apos;: &apos;.&apos;, &apos;children&apos;: [], &apos;features&apos;: {}}, {&apos;type&apos;: &apos;text&apos;, &apos;bbox&apos;: (318.60699999999997, 423.585, 321.37699999999995, 436.875), &apos;color_space&apos;: &apos;DeviceGray&apos;, &apos;ncolor&apos;: None, &apos;size&apos;: 13.29000000000002, &apos;value&apos;: &apos;.&apos;, &apos;children&apos;: [], &apos;features&apos;: {}}, {&apos;type&apos;: &apos;text&apos;, &apos;bbox&apos;: (321.377, 423.585, 324.147, 436.875), &apos;color_space&apos;: &apos;DeviceGray&apos;, &apos;ncolor&apos;: None, &apos;size&apos;: 13.29000000000002, &apos;value&apos;: &apos;.&apos;, &apos;children&apos;: [], &apos;features&apos;: {}}, {&apos;type&apos;: &apos;text&apos;, &apos;bbox&apos;: (324.147, 423.585, 326.917, 436.875), &apos;color_space&apos;: &apos;DeviceGray&apos;, &apos;ncolor&apos;: None, &apos;size&apos;: 13.29000000000002, &apos;value&apos;: &apos;.&apos;, &apos;children&apos;: [], &apos;features&apos;: {}}, {&apos;type&apos;: &apos;text&apos;, &apos;bbox&apos;: (326.917, 423.585, 329.68699999999995, 436.875), &apos;color_space&apos;: &apos;DeviceGray&apos;, &apos;ncolor&apos;: None, &apos;size&apos;: 13.29000000000002, &apos;value&apos;: &apos;.&apos;, &apos;children&apos;: [], &apos;features&apos;: {}}, {&apos;type&apos;: &apos;text&apos;, &apos;bbox&apos;: (329.687, 423.585, 332.457, 436.875), &apos;color_space&apos;: &apos;DeviceGray&apos;, &apos;ncolor&apos;: None, &apos;size&apos;: 13.29000000000002, &apos;value&apos;: &apos;.&apos;, &apos;children&apos;: [], &apos;features&apos;: {}}, {&apos;type&apos;: &apos;text&apos;, &apos;bbox&apos;: (332.457, 423.585, 335.227, 436.875), &apos;color_space&apos;: &apos;DeviceGray&apos;, &apos;ncolor&apos;: None, &apos;size&apos;: 13.29000000000002, &apos;value&apos;: &apos;.&apos;, &apos;children&apos;: [], &apos;features&apos;: {}}, {&apos;type&apos;: &apos;text&apos;, &apos;bbox&apos;: (335.227, 423.585, 337.99699999999996, 436.875), &apos;color_space&apos;: &apos;DeviceGray&apos;, &apos;ncolor&apos;: None, &apos;size&apos;: 13.29000000000002, &apos;value&apos;: &apos;.&apos;, &apos;children&apos;: [], &apos;features&apos;: {}}, {&apos;type&apos;: &apos;text&apos;, &apos;bbox&apos;: (337.99699999999996, 423.585, 340.76699999999994, 436.875), &apos;color_space&apos;: &apos;DeviceGray&apos;, &apos;ncolor&apos;: None, &apos;size&apos;: 13.29000000000002, &apos;value&apos;: &apos;.&apos;, &apos;children&apos;: [], &apos;features&apos;: {}}, {&apos;type&apos;: &apos;text&apos;, &apos;bbox&apos;: (340.76699999999994, 423.585, 343.5369999999999, 436.875), &apos;color_space&apos;: &apos;DeviceGray&apos;, &apos;ncolor&apos;: None, &apos;size&apos;: 13.29000000000002, &apos;value&apos;: &apos;.&apos;, &apos;children&apos;: [], &apos;features&apos;: {}}, {&apos;type&apos;: &apos;text&apos;, &apos;bbox&apos;: (343.537, 423.585, 346.30699999999996, 436.875), &apos;color_space&apos;: &apos;DeviceGray&apos;, &apos;ncolor&apos;: None, &apos;size&apos;: 13.29000000000002, &apos;value&apos;: &apos;.&apos;, &apos;children&apos;: [], &apos;features&apos;: {}}, {&apos;type&apos;: &apos;text&apos;, &apos;bbox&apos;: (346.30699999999996, 423.585, 349.07699999999994, 436.875), &apos;color_space&apos;: &apos;DeviceGray&apos;, &apos;ncolor&apos;: None, &apos;size&apos;: 13.29000000000002, &apos;value&apos;: &apos;.&apos;, &apos;children&apos;: [], &apos;features&apos;: {}}, {&apos;type&apos;: &apos;text&apos;, &apos;bbox&apos;: (349.07699999999994, 423.585, 351.8469999999999, 436.875), &apos;color_space&apos;: &apos;DeviceGray&apos;, &apos;ncolor&apos;: None, &apos;size&apos;: 13.29000000000002, &apos;value&apos;: &apos;.&apos;, &apos;children&apos;: [], &apos;features&apos;: {}}, {&apos;type&apos;: &apos;text&apos;, &apos;bbox&apos;: (351.847, 423.585, 354.61699999999996, 436.875), &apos;color_space&apos;: &apos;DeviceGray&apos;, &apos;ncolor&apos;: None, &apos;size&apos;: 13.29000000000002, &apos;value&apos;: &apos;.&apos;, &apos;children&apos;: [], &apos;features&apos;: {}}, {&apos;type&apos;: &apos;text&apos;, &apos;bbox&apos;: (354.61699999999996, 423.585, 357.38699999999994, 436.875), &apos;color_space&apos;: &apos;DeviceGray&apos;, &apos;ncolor&apos;: None, &apos;size&apos;: 13.29000000000002, &apos;value&apos;: &apos;.&apos;, &apos;children&apos;: [], &apos;features&apos;: {}}, {&apos;type&apos;: &apos;text&apos;, &apos;bbox&apos;: (357.38699999999994, 423.585, 360.1569999999999, 436.875), &apos;color_space&apos;: &apos;DeviceGray&apos;, &apos;ncolor&apos;: None, &apos;size&apos;: 13.29000000000002, &apos;value&apos;: &apos;.&apos;, &apos;children&apos;: [], &apos;features&apos;: {}}, {&apos;type&apos;: &apos;text&apos;, &apos;bbox&apos;: (360.1569999999999, 423.585, 362.9269999999999, 436.875), &apos;color_space&apos;: &apos;DeviceGray&apos;, &apos;ncolor&apos;: None, &apos;size&apos;: 13.29000000000002, &apos;value&apos;: &apos;.&apos;, &apos;children&apos;: [], &apos;features&apos;: {}}, {&apos;type&apos;: &apos;text&apos;, &apos;bbox&apos;: (362.9269999999999, 423.585, 365.6969999999999, 436.875), &apos;color_space&apos;: &apos;DeviceGray&apos;, &apos;ncolor&apos;: None, &apos;size&apos;: 13.29000000000002, &apos;value&apos;: &apos;.&apos;, &apos;children&apos;: [], &apos;features&apos;: {}}, {&apos;type&apos;: &apos;text&apos;, &apos;bbox&apos;: (365.69699999999995, 423.585, 368.4669999999999, 436.875), &apos;color_space&apos;: &apos;DeviceGray&apos;, &apos;ncolor&apos;: None, &apos;size&apos;: 13.29000000000002, &apos;value&apos;: &apos;.&apos;, &apos;children&apos;: [], &apos;features&apos;: {}}, {&apos;type&apos;: &apos;text&apos;, &apos;bbox&apos;: (368.4669999999999, 423.585, 371.2369999999999, 436.875), &apos;color_space&apos;: &apos;DeviceGray&apos;, &apos;ncolor&apos;: None, &apos;size&apos;: 13.29000000000002, &apos;value&apos;: &apos;.&apos;, &apos;children&apos;: [], &apos;features&apos;: {}}, {&apos;type&apos;: &apos;text&apos;, &apos;bbox&apos;: (371.23699999999997, 423.585, 374.00699999999995, 436.875), &apos;color_space&apos;: &apos;DeviceGray&apos;, &apos;ncolor&apos;: None, &apos;size&apos;: 13.29000000000002, &apos;value&apos;: &apos;.&apos;, &apos;children&apos;: [], &apos;features&apos;: {}}, {&apos;type&apos;: &apos;text&apos;, &apos;bbox&apos;: (374.00699999999995, 423.585, 376.77699999999993, 436.875), &apos;color_space&apos;: &apos;DeviceGray&apos;, &apos;ncolor&apos;: None, &apos;size&apos;: 13.29000000000002, &apos;value&apos;: &apos;.&apos;, &apos;children&apos;: [], &apos;features&apos;: {}}, {&apos;type&apos;: &apos;text&apos;, &apos;bbox&apos;: (376.77699999999993, 423.585, 379.5469999999999, 436.875), &apos;color_space&apos;: &apos;DeviceGray&apos;, &apos;ncolor&apos;: None, &apos;size&apos;: 13.29000000000002, &apos;value&apos;: &apos;.&apos;, &apos;children&apos;: [], &apos;features&apos;: {}}, {&apos;type&apos;: &apos;text&apos;, &apos;bbox&apos;: (379.54699999999997, 423.585, 382.31699999999995, 436.875), &apos;color_space&apos;: &apos;DeviceGray&apos;, &apos;ncolor&apos;: None, &apos;size&apos;: 13.29000000000002, &apos;value&apos;: &apos;.&apos;, &apos;children&apos;: [], &apos;features&apos;: {}}, {&apos;type&apos;: &apos;text&apos;, &apos;bbox&apos;: (382.317, 423.585, 385.087, 436.875), &apos;color_space&apos;: &apos;DeviceGray&apos;, &apos;ncolor&apos;: None, &apos;size&apos;: 13.29000000000002, &apos;value&apos;: &apos;.&apos;, &apos;children&apos;: [], &apos;features&apos;: {}}, {&apos;type&apos;: &apos;text&apos;, &apos;bbox&apos;: (385.087, 423.585, 387.85699999999997, 436.875), &apos;color_space&apos;: &apos;DeviceGray&apos;, &apos;ncolor&apos;: None, &apos;size&apos;: 13.29000000000002, &apos;value&apos;: &apos;.&apos;, &apos;children&apos;: [], &apos;features&apos;: {}}, {&apos;type&apos;: &apos;text&apos;, &apos;bbox&apos;: (387.85699999999997, 423.585, 390.62699999999995, 436.875), &apos;color_space&apos;: &apos;DeviceGray&apos;, &apos;ncolor&apos;: None, &apos;size&apos;: 13.29000000000002, &apos;value&apos;: &apos;.&apos;, &apos;children&apos;: [], &apos;features&apos;: {}}, {&apos;type&apos;: &apos;text&apos;, &apos;bbox&apos;: (390.627, 423.585, 393.397, 436.875), &apos;color_space&apos;: &apos;DeviceGray&apos;, &apos;ncolor&apos;: None, &apos;size&apos;: 13.29000000000002, &apos;value&apos;: &apos;.&apos;, &apos;children&apos;: [], &apos;features&apos;: {}}, {&apos;type&apos;: &apos;text&apos;, &apos;bbox&apos;: (393.39700000000005, 423.585, 396.16700000000003, 436.875), &apos;color_space&apos;: &apos;DeviceGray&apos;, &apos;ncolor&apos;: None, &apos;size&apos;: 13.29000000000002, &apos;value&apos;: &apos;.&apos;, &apos;children&apos;: [], &apos;features&apos;: {}}, {&apos;type&apos;: &apos;text&apos;, &apos;bbox&apos;: (396.16700000000003, 423.585, 398.937, 436.875), &apos;color_space&apos;: &apos;DeviceGray&apos;, &apos;ncolor&apos;: None, &apos;size&apos;: 13.29000000000002, &apos;value&apos;: &apos;.&apos;, &apos;children&apos;: [], &apos;features&apos;: {}}, {&apos;type&apos;: &apos;text&apos;, &apos;bbox&apos;: (398.937, 423.585, 401.707, 436.875), &apos;color_space&apos;: &apos;DeviceGray&apos;, &apos;ncolor&apos;: None, &apos;size&apos;: 13.29000000000002, &apos;value&apos;: &apos;.&apos;, &apos;children&apos;: [], &apos;features&apos;: {}}, {&apos;type&apos;: &apos;text&apos;, &apos;bbox&apos;: (401.70700000000005, 423.585, 404.47700000000003, 436.875), &apos;color_space&apos;: &apos;DeviceGray&apos;, &apos;ncolor&apos;: None, &apos;size&apos;: 13.29000000000002, &apos;value&apos;: &apos;.&apos;, &apos;children&apos;: [], &apos;features&apos;: {}}, {&apos;type&apos;: &apos;text&apos;, &apos;bbox&apos;: (404.4770000000001, 423.585, 407.24700000000007, 436.875), &apos;color_space&apos;: &apos;DeviceGray&apos;, &apos;ncolor&apos;: None, &apos;size&apos;: 13.29000000000002, &apos;value&apos;: &apos;.&apos;, &apos;children&apos;: [], &apos;features&apos;: {}}, {&apos;type&apos;: &apos;text&apos;, &apos;bbox&apos;: (407.24700000000007, 423.585, 410.01700000000005, 436.875), &apos;color_space&apos;: &apos;DeviceGray&apos;, &apos;ncolor&apos;: None, &apos;size&apos;: 13.29000000000002, &apos;value&apos;: &apos;.&apos;, &apos;children&apos;: [], &apos;features&apos;: {}}, {&apos;type&apos;: &apos;text&apos;, &apos;bbox&apos;: (410.01700000000005, 423.585, 412.78700000000003, 436.875), &apos;color_space&apos;: &apos;DeviceGray&apos;, &apos;ncolor&apos;: None, &apos;size&apos;: 13.29000000000002, &apos;value&apos;: &apos;.&apos;, &apos;children&apos;: [], &apos;features&apos;: {}}, {&apos;type&apos;: &apos;text&apos;, &apos;bbox&apos;: (412.7870000000001, 423.585, 415.5570000000001, 436.875), &apos;color_space&apos;: &apos;DeviceGray&apos;, &apos;ncolor&apos;: None, &apos;size&apos;: 13.29000000000002, &apos;value&apos;: &apos;.&apos;, &apos;children&apos;: [], &apos;features&apos;: {}}, {&apos;type&apos;: &apos;text&apos;, &apos;bbox&apos;: (415.55700000000013, 423.585, 418.3270000000001, 436.875), &apos;color_space&apos;: &apos;DeviceGray&apos;, &apos;ncolor&apos;: None, &apos;size&apos;: 13.29000000000002, &apos;value&apos;: &apos;.&apos;, &apos;children&apos;: [], &apos;features&apos;: {}}, {&apos;type&apos;: &apos;text&apos;, &apos;bbox&apos;: (418.3270000000001, 423.585, 421.0970000000001, 436.875), &apos;color_space&apos;: &apos;DeviceGray&apos;, &apos;ncolor&apos;: None, &apos;size&apos;: 13.29000000000002, &apos;value&apos;: &apos;.&apos;, &apos;children&apos;: [], &apos;features&apos;: {}}, {&apos;type&apos;: &apos;text&apos;, &apos;bbox&apos;: (421.0970000000001, 423.585, 423.8670000000001, 436.875), &apos;color_space&apos;: &apos;DeviceGray&apos;, &apos;ncolor&apos;: None, &apos;size&apos;: 13.29000000000002, &apos;value&apos;: &apos;.&apos;, &apos;children&apos;: [], &apos;features&apos;: {}}, {&apos;type&apos;: &apos;text&apos;, &apos;bbox&apos;: (423.86700000000013, 423.585, 426.6370000000001, 436.875), &apos;color_space&apos;: &apos;DeviceGray&apos;, &apos;ncolor&apos;: None, &apos;size&apos;: 13.29000000000002, &apos;value&apos;: &apos;.&apos;, &apos;children&apos;: [], &apos;features&apos;: {}}, {&apos;type&apos;: &apos;text&apos;, &apos;bbox&apos;: (426.63700000000017, 423.585, 429.40700000000015, 436.875), &apos;color_space&apos;: &apos;DeviceGray&apos;, &apos;ncolor&apos;: None, &apos;size&apos;: 13.29000000000002, &apos;value&apos;: &apos;.&apos;, &apos;children&apos;: [], &apos;features&apos;: {}}, {&apos;type&apos;: &apos;text&apos;, &apos;bbox&apos;: (429.40700000000015, 423.585, 432.17700000000013, 436.875), &apos;color_space&apos;: &apos;DeviceGray&apos;, &apos;ncolor&apos;: None, &apos;size&apos;: 13.29000000000002, &apos;value&apos;: &apos;.&apos;, &apos;children&apos;: [], &apos;features&apos;: {}}, {&apos;type&apos;: &apos;text&apos;, &apos;bbox&apos;: (432.17700000000013, 423.585, 434.9470000000001, 436.875), &apos;color_space&apos;: &apos;DeviceGray&apos;, &apos;ncolor&apos;: None, &apos;size&apos;: 13.29000000000002, &apos;value&apos;: &apos;.&apos;, &apos;children&apos;: [], &apos;features&apos;: {}}, {&apos;type&apos;: &apos;text&apos;, &apos;bbox&apos;: (434.9470000000002, 423.585, 437.71700000000016, 436.875), &apos;color_space&apos;: &apos;DeviceGray&apos;, &apos;ncolor&apos;: None, &apos;size&apos;: 13.29000000000002, &apos;value&apos;: &apos;.&apos;, &apos;children&apos;: [], &apos;features&apos;: {}}, {&apos;type&apos;: &apos;text&apos;, &apos;bbox&apos;: (437.7170000000002, 423.585, 440.4870000000002, 436.875), &apos;color_space&apos;: &apos;DeviceGray&apos;, &apos;ncolor&apos;: None, &apos;size&apos;: 13.29000000000002, &apos;value&apos;: &apos;.&apos;, &apos;children&apos;: [], &apos;features&apos;: {}}, {&apos;type&apos;: &apos;text&apos;, &apos;bbox&apos;: (440.4870000000002, 423.585, 443.2570000000002, 436.875), &apos;color_space&apos;: &apos;DeviceGray&apos;, &apos;ncolor&apos;: None, &apos;size&apos;: 13.29000000000002, &apos;value&apos;: &apos;.&apos;, &apos;children&apos;: [], &apos;features&apos;: {}}, {&apos;type&apos;: &apos;text&apos;, &apos;bbox&apos;: (443.2570000000002, 423.585, 446.02700000000016, 436.875), &apos;color_space&apos;: &apos;DeviceGray&apos;, &apos;ncolor&apos;: None, &apos;size&apos;: 13.29000000000002, &apos;value&apos;: &apos;.&apos;, &apos;children&apos;: [], &apos;features&apos;: {}}, {&apos;type&apos;: &apos;text&apos;, &apos;bbox&apos;: (446.0270000000002, 423.585, 448.7970000000002, 436.875), &apos;color_space&apos;: &apos;DeviceGray&apos;, &apos;ncolor&apos;: None, &apos;size&apos;: 13.29000000000002, &apos;value&apos;: &apos;.&apos;, &apos;children&apos;: [], &apos;features&apos;: {}}, {&apos;type&apos;: &apos;text&apos;, &apos;bbox&apos;: (448.79700000000025, 423.585, 451.56700000000023, 436.875), &apos;color_space&apos;: &apos;DeviceGray&apos;, &apos;ncolor&apos;: None, &apos;size&apos;: 13.29000000000002, &apos;value&apos;: &apos;.&apos;, &apos;children&apos;: [], &apos;features&apos;: {}}, {&apos;type&apos;: &apos;text&apos;, &apos;bbox&apos;: (451.56700000000023, 423.585, 454.3370000000002, 436.875), &apos;color_space&apos;: &apos;DeviceGray&apos;, &apos;ncolor&apos;: None, &apos;size&apos;: 13.29000000000002, &apos;value&apos;: &apos;.&apos;, &apos;children&apos;: [], &apos;features&apos;: {}}, {&apos;type&apos;: &apos;text&apos;, &apos;bbox&apos;: (454.3370000000002, 423.585, 457.1070000000002, 436.875), &apos;color_space&apos;: &apos;DeviceGray&apos;, &apos;ncolor&apos;: None, &apos;size&apos;: 13.29000000000002, &apos;value&apos;: &apos;.&apos;, &apos;children&apos;: [], &apos;features&apos;: {}}, {&apos;type&apos;: &apos;text&apos;, &apos;bbox&apos;: (457.10700000000026, 423.585, 459.87700000000024, 436.875), &apos;color_space&apos;: &apos;DeviceGray&apos;, &apos;ncolor&apos;: None, &apos;size&apos;: 13.29000000000002, &apos;value&apos;: &apos;.&apos;, &apos;children&apos;: [], &apos;features&apos;: {}}, {&apos;type&apos;: &apos;text&apos;, &apos;bbox&apos;: (459.8770000000003, 423.585, 462.6470000000003, 436.875), &apos;color_space&apos;: &apos;DeviceGray&apos;, &apos;ncolor&apos;: None, &apos;size&apos;: 13.29000000000002, &apos;value&apos;: &apos;.&apos;, &apos;children&apos;: [], &apos;features&apos;: {}}, {&apos;type&apos;: &apos;text&apos;, &apos;bbox&apos;: (462.6470000000003, 423.585, 465.41700000000026, 436.875), &apos;color_space&apos;: &apos;DeviceGray&apos;, &apos;ncolor&apos;: None, &apos;size&apos;: 13.29000000000002, &apos;value&apos;: &apos;.&apos;, &apos;children&apos;: [], &apos;features&apos;: {}}, {&apos;type&apos;: &apos;text&apos;, &apos;bbox&apos;: (465.41700000000026, 423.585, 468.18700000000024, 436.875), &apos;color_space&apos;: &apos;DeviceGray&apos;, &apos;ncolor&apos;: None, &apos;size&apos;: 13.29000000000002, &apos;value&apos;: &apos;.&apos;, &apos;children&apos;: [], &apos;features&apos;: {}}, {&apos;type&apos;: &apos;text&apos;, &apos;bbox&apos;: (468.1870000000003, 423.585, 470.9570000000003, 436.875), &apos;color_space&apos;: &apos;DeviceGray&apos;, &apos;ncolor&apos;: None, &apos;size&apos;: 13.29000000000002, &apos;value&apos;: &apos;.&apos;, &apos;children&apos;: [], &apos;features&apos;: {}}, {&apos;type&apos;: &apos;text&apos;, &apos;bbox&apos;: (470.95700000000033, 423.585, 473.7270000000003, 436.875), &apos;color_space&apos;: &apos;DeviceGray&apos;, &apos;ncolor&apos;: None, &apos;size&apos;: 13.29000000000002, &apos;value&apos;: &apos;.&apos;, &apos;children&apos;: [], &apos;features&apos;: {}}, {&apos;type&apos;: &apos;text&apos;, &apos;bbox&apos;: (473.7270000000003, 423.585, 476.4970000000003, 436.875), &apos;color_space&apos;: &apos;DeviceGray&apos;, &apos;ncolor&apos;: None, &apos;size&apos;: 13.29000000000002, &apos;value&apos;: &apos;.&apos;, &apos;children&apos;: [], &apos;features&apos;: {}}, {&apos;type&apos;: &apos;text&apos;, &apos;bbox&apos;: (476.4970000000003, 423.585, 479.2670000000003, 436.875), &apos;color_space&apos;: &apos;DeviceGray&apos;, &apos;ncolor&apos;: None, &apos;size&apos;: 13.29000000000002, &apos;value&apos;: &apos;.&apos;, &apos;children&apos;: [], &apos;features&apos;: {}}, {&apos;type&apos;: &apos;text&apos;, &apos;bbox&apos;: (479.26700000000034, 423.585, 482.0370000000003, 436.875), &apos;color_space&apos;: &apos;DeviceGray&apos;, &apos;ncolor&apos;: None, &apos;size&apos;: 13.29000000000002, &apos;value&apos;: &apos;.&apos;, &apos;children&apos;: [], &apos;features&apos;: {}}, {&apos;type&apos;: &apos;text&apos;, &apos;bbox&apos;: (482.0370000000004, 423.585, 484.80700000000036, 436.875), &apos;color_space&apos;: &apos;DeviceGray&apos;, &apos;ncolor&apos;: None, &apos;size&apos;: 13.29000000000002, &apos;value&apos;: &apos;.&apos;, &apos;children&apos;: [], &apos;features&apos;: {}}, {&apos;type&apos;: &apos;text&apos;, &apos;bbox&apos;: (484.80700000000036, 423.585, 487.57700000000034, 436.875), &apos;color_space&apos;: &apos;DeviceGray&apos;, &apos;ncolor&apos;: None, &apos;size&apos;: 13.29000000000002, &apos;value&apos;: &apos;.&apos;, &apos;children&apos;: [], &apos;features&apos;: {}}, {&apos;type&apos;: &apos;text&apos;, &apos;bbox&apos;: (487.57700000000034, 423.585, 490.3470000000003, 436.875), &apos;color_space&apos;: &apos;DeviceGray&apos;, &apos;ncolor&apos;: None, &apos;size&apos;: 13.29000000000002, &apos;value&apos;: &apos;.&apos;, &apos;children&apos;: [], &apos;features&apos;: {}}, {&apos;type&apos;: &apos;text&apos;, &apos;bbox&apos;: (490.3470000000004, 423.585, 493.11700000000036, 436.875), &apos;color_space&apos;: &apos;DeviceGray&apos;, &apos;ncolor&apos;: None, &apos;size&apos;: 13.29000000000002, &apos;value&apos;: &apos;.&apos;, &apos;children&apos;: [], &apos;features&apos;: {}}, {&apos;type&apos;: &apos;text&apos;, &apos;bbox&apos;: (493.1170000000004, 423.585, 495.8870000000004, 436.875), &apos;color_space&apos;: &apos;DeviceGray&apos;, &apos;ncolor&apos;: None, &apos;size&apos;: 13.29000000000002, &apos;value&apos;: &apos;.&apos;, &apos;children&apos;: [], &apos;features&apos;: {}}, {&apos;type&apos;: &apos;text&apos;, &apos;bbox&apos;: (495.8870000000004, 423.585, 498.6570000000004, 436.875), &apos;color_space&apos;: &apos;DeviceGray&apos;, &apos;ncolor&apos;: None, &apos;size&apos;: 13.29000000000002, &apos;value&apos;: &apos;.&apos;, &apos;children&apos;: [], &apos;features&apos;: {}}, {&apos;type&apos;: &apos;text&apos;, &apos;bbox&apos;: (498.6570000000004, 423.585, 501.42700000000036, 436.875), &apos;color_space&apos;: &apos;DeviceGray&apos;, &apos;ncolor&apos;: None, &apos;size&apos;: 13.29000000000002, &apos;value&apos;: &apos;.&apos;, &apos;children&apos;: [], &apos;features&apos;: {}}, {&apos;type&apos;: &apos;text&apos;, &apos;bbox&apos;: (501.42700000000036, 423.585, 504.19700000000034, 436.875), &apos;color_space&apos;: &apos;DeviceGray&apos;, &apos;ncolor&apos;: None, &apos;size&apos;: 13.29000000000002, &apos;value&apos;: &apos;.&apos;, &apos;children&apos;: [], &apos;features&apos;: {}}, {&apos;type&apos;: &apos;text&apos;, &apos;bbox&apos;: (504.19700000000034, 423.585, 506.9670000000003, 436.875), &apos;color_space&apos;: &apos;DeviceGray&apos;, &apos;ncolor&apos;: None, &apos;size&apos;: 13.29000000000002, &apos;value&apos;: &apos;.&apos;, &apos;children&apos;: [], &apos;features&apos;: {}}, {&apos;type&apos;: &apos;text&apos;, &apos;bbox&apos;: (506.9670000000003, 423.585, 509.7370000000003, 436.875), &apos;color_space&apos;: &apos;DeviceGray&apos;, &apos;ncolor&apos;: None, &apos;size&apos;: 13.29000000000002, &apos;value&apos;: &apos;.&apos;, &apos;children&apos;: [], &apos;features&apos;: {}}, {&apos;type&apos;: &apos;text&apos;, &apos;bbox&apos;: (509.7370000000003, 423.585, 512.5070000000003, 436.875), &apos;color_space&apos;: &apos;DeviceGray&apos;, &apos;ncolor&apos;: None, &apos;size&apos;: 13.29000000000002, &apos;value&apos;: &apos;.&apos;, &apos;children&apos;: [], &apos;features&apos;: {}}, {&apos;type&apos;: &apos;text&apos;, &apos;bbox&apos;: (512.5070000000003, 423.585, 515.2770000000003, 436.875), &apos;color_space&apos;: &apos;DeviceGray&apos;, &apos;ncolor&apos;: None, &apos;size&apos;: 13.29000000000002, &apos;value&apos;: &apos;.&apos;, &apos;children&apos;: [], &apos;features&apos;: {}}, {&apos;type&apos;: &apos;text&apos;, &apos;bbox&apos;: (515.2770000000003, 423.585, 518.0470000000003, 436.875), &apos;color_space&apos;: &apos;DeviceGray&apos;, &apos;ncolor&apos;: None, &apos;size&apos;: 13.29000000000002, &apos;value&apos;: &apos;.&apos;, &apos;children&apos;: [], &apos;features&apos;: {}}, {&apos;type&apos;: &apos;text&apos;, &apos;bbox&apos;: (518.0470000000003, 423.585, 520.8170000000002, 436.875), &apos;color_space&apos;: &apos;DeviceGray&apos;, &apos;ncolor&apos;: None, &apos;size&apos;: 13.29000000000002, &apos;value&apos;: &apos;.&apos;, &apos;children&apos;: [], &apos;features&apos;: {}}, {&apos;type&apos;: &apos;text&apos;, &apos;bbox&apos;: (520.8170000000002, 423.585, 523.5870000000002, 436.875), &apos;color_space&apos;: &apos;DeviceGray&apos;, &apos;ncolor&apos;: None, &apos;size&apos;: 13.29000000000002, &apos;value&apos;: &apos;.&apos;, &apos;children&apos;: [], &apos;features&apos;: {}}, {&apos;type&apos;: &apos;text&apos;, &apos;bbox&apos;: (525.548, 423.585, 531.108, 436.875), &apos;color_space&apos;: &apos;DeviceGray&apos;, &apos;ncolor&apos;: None, &apos;size&apos;: 13.29000000000002, &apos;value&apos;: &apos;8&apos;, &apos;children&apos;: [], &apos;features&apos;: {}}, {&apos;type&apos;: &apos;text&apos;, &apos;bbox&apos;: (531.108, 423.585, 534.438, 436.875), &apos;color_space&apos;: &apos;DeviceGray&apos;, &apos;ncolor&apos;: None, &apos;size&apos;: 13.29000000000002, &apos;value&apos;: &apos;-&apos;, &apos;children&apos;: [], &apos;features&apos;: {}}, {&apos;type&apos;: &apos;text&apos;, &apos;bbox&apos;: (534.439, 423.585, 539.9989999999999, 436.875), &apos;color_space&apos;: &apos;DeviceGray&apos;, &apos;ncolor&apos;: None, &apos;size&apos;: 13.29000000000002, &apos;value&apos;: &apos;6&apos;, &apos;children&apos;: [], &apos;features&apos;: {}}], &apos;features&apos;: {}}
*********************





--------------------------------- CONTENT AREA --------------------------------- 
This content area has an image
{&apos;type&apos;: &apos;figure&apos;, &apos;bbox&apos;: (0, 0, 612.0, 792.0), &apos;name&apos;: &apos;fx64&apos;, &apos;children&apos;: [{&apos;type&apos;: &apos;text&apos;, &apos;bbox&apos;: (114.0, 407.365, 119.57, 420.84499999999997), &apos;color_space&apos;: &apos;DeviceGray&apos;, &apos;ncolor&apos;: None, &apos;size&apos;: 13.479999999999961, &apos;value&apos;: &apos;F&apos;, &apos;children&apos;: [], &apos;features&apos;: {}}, {&apos;type&apos;: &apos;text&apos;, &apos;bbox&apos;: (119.57, 407.365, 125.66999999999999, 420.84499999999997), &apos;color_space&apos;: &apos;DeviceGray&apos;, &apos;ncolor&apos;: None, &apos;size&apos;: 13.479999999999961, &apos;value&apos;: &apos;S&apos;, &apos;children&apos;: [], &apos;features&apos;: {}}, {&apos;type&apos;: &apos;text&apos;, &apos;bbox&apos;: (125.67, 407.365, 129.56, 420.84499999999997), &apos;color_space&apos;: &apos;DeviceGray&apos;, &apos;ncolor&apos;: None, &apos;size&apos;: 13.479999999999961, &apos;value&apos;: &apos;I&apos;, &apos;children&apos;: [], &apos;features&apos;: {}}, {&apos;type&apos;: &apos;text&apos;, &apos;bbox&apos;: (129.56, 407.365, 134.56, 420.84499999999997), &apos;color_space&apos;: &apos;DeviceGray&apos;, &apos;ncolor&apos;: None, &apos;size&apos;: 13.479999999999961, &apos;value&apos;: &apos;_&apos;, &apos;children&apos;: [], &apos;features&apos;: {}}, {&apos;type&apos;: &apos;text&apos;, &apos;bbox&apos;: (134.56, 407.365, 142.89000000000001, 420.84499999999997), &apos;color_space&apos;: &apos;DeviceGray&apos;, &apos;ncolor&apos;: None, &apos;size&apos;: 13.479999999999961, &apos;value&apos;: &apos;O&apos;, &apos;children&apos;: [], &apos;features&apos;: {}}, {&apos;type&apos;: &apos;text&apos;, &apos;bbox&apos;: (142.89, 407.365, 147.89, 420.84499999999997), &apos;color_space&apos;: &apos;DeviceGray&apos;, &apos;ncolor&apos;: None, &apos;size&apos;: 13.479999999999961, &apos;value&apos;: &apos;_&apos;, &apos;children&apos;: [], &apos;features&apos;: {}}, {&apos;type&apos;: &apos;text&apos;, &apos;bbox&apos;: (147.89, 407.365, 153.94, 420.84499999999997), &apos;color_space&apos;: &apos;DeviceGray&apos;, &apos;ncolor&apos;: None, &apos;size&apos;: 13.479999999999961, &apos;value&apos;: &apos;E&apos;, &apos;children&apos;: [], &apos;features&apos;: {}}, {&apos;type&apos;: &apos;text&apos;, &apos;bbox&apos;: (153.94, 407.365, 161.71, 420.84499999999997), &apos;color_space&apos;: &apos;DeviceGray&apos;, &apos;ncolor&apos;: None, &apos;size&apos;: 13.479999999999961, &apos;value&apos;: &apos;A&apos;, &apos;children&apos;: [], &apos;features&apos;: {}}, {&apos;type&apos;: &apos;text&apos;, &apos;bbox&apos;: (161.71, 407.365, 168.84, 420.84499999999997), &apos;color_space&apos;: &apos;DeviceGray&apos;, &apos;ncolor&apos;: None, &apos;size&apos;: 13.479999999999961, &apos;value&apos;: &apos;R&apos;, &apos;children&apos;: [], &apos;features&apos;: {}}, {&apos;type&apos;: &apos;text&apos;, &apos;bbox&apos;: (168.84, 407.365, 173.84, 420.84499999999997), &apos;color_space&apos;: &apos;DeviceGray&apos;, &apos;ncolor&apos;: None, &apos;size&apos;: 13.479999999999961, &apos;value&apos;: &apos;_&apos;, &apos;children&apos;: [], &apos;features&apos;: {}}, {&apos;type&apos;: &apos;text&apos;, &apos;bbox&apos;: (173.84, 407.365, 180.5, 420.84499999999997), &apos;color_space&apos;: &apos;DeviceGray&apos;, &apos;ncolor&apos;: None, &apos;size&apos;: 13.479999999999961, &apos;value&apos;: &apos;T&apos;, &apos;children&apos;: [], &apos;features&apos;: {}}, {&apos;type&apos;: &apos;text&apos;, &apos;bbox&apos;: (180.5, 407.365, 188.83, 420.84499999999997), &apos;color_space&apos;: &apos;DeviceGray&apos;, &apos;ncolor&apos;: None, &apos;size&apos;: 13.479999999999961, &apos;value&apos;: &apos;O&apos;, &apos;children&apos;: [], &apos;features&apos;: {}}, {&apos;type&apos;: &apos;text&apos;, &apos;bbox&apos;: (188.82999999999998, 407.365, 195.48999999999998, 420.84499999999997), &apos;color_space&apos;: &apos;DeviceGray&apos;, &apos;ncolor&apos;: None, &apos;size&apos;: 13.479999999999961, &apos;value&apos;: &apos;T&apos;, &apos;children&apos;: [], &apos;features&apos;: {}}, {&apos;type&apos;: &apos;text&apos;, &apos;bbox&apos;: (195.49, 407.365, 203.26000000000002, 420.84499999999997), &apos;color_space&apos;: &apos;DeviceGray&apos;, &apos;ncolor&apos;: None, &apos;size&apos;: 13.479999999999961, &apos;value&apos;: &apos;A&apos;, &apos;children&apos;: [], &apos;features&apos;: {}}, {&apos;type&apos;: &apos;text&apos;, &apos;bbox&apos;: (203.26, 407.365, 209.31, 420.84499999999997), &apos;color_space&apos;: &apos;DeviceGray&apos;, &apos;ncolor&apos;: None, &apos;size&apos;: 13.479999999999961, &apos;value&apos;: &apos;L&apos;, &apos;children&apos;: [], &apos;features&apos;: {}}, {&apos;type&apos;: &apos;text&apos;, &apos;bbox&apos;: (209.31, 407.365, 214.31, 420.84499999999997), &apos;color_space&apos;: &apos;DeviceGray&apos;, &apos;ncolor&apos;: None, &apos;size&apos;: 13.479999999999961, &apos;value&apos;: &apos;_&apos;, &apos;children&apos;: [], &apos;features&apos;: {}}, {&apos;type&apos;: &apos;text&apos;, &apos;bbox&apos;: (214.31, 407.365, 222.62, 420.84499999999997), &apos;color_space&apos;: &apos;DeviceGray&apos;, &apos;ncolor&apos;: None, &apos;size&apos;: 13.479999999999961, &apos;value&apos;: &apos;D&apos;, &apos;children&apos;: [], &apos;features&apos;: {}}, {&apos;type&apos;: &apos;text&apos;, &apos;bbox&apos;: (222.62, 407.365, 229.28, 420.84499999999997), &apos;color_space&apos;: &apos;DeviceGray&apos;, &apos;ncolor&apos;: None, &apos;size&apos;: 13.479999999999961, &apos;value&apos;: &apos;T&apos;, &apos;children&apos;: [], &apos;features&apos;: {}}, {&apos;type&apos;: &apos;text&apos;, &apos;bbox&apos;: (229.27999999999997, 407.365, 235.32999999999998, 420.84499999999997), &apos;color_space&apos;: &apos;DeviceGray&apos;, &apos;ncolor&apos;: None, &apos;size&apos;: 13.479999999999961, &apos;value&apos;: &apos;L&apos;, &apos;children&apos;: [], &apos;features&apos;: {}}, {&apos;type&apos;: &apos;text&apos;, &apos;bbox&apos;: (235.43, 408.09499999999997, 238.20000000000002, 421.385), &apos;color_space&apos;: &apos;DeviceGray&apos;, &apos;ncolor&apos;: None, &apos;size&apos;: 13.29000000000002, &apos;value&apos;: &apos;.&apos;, &apos;children&apos;: [], &apos;features&apos;: {}}, {&apos;type&apos;: &apos;text&apos;, &apos;bbox&apos;: (238.20000000000002, 408.09499999999997, 240.97000000000003, 421.385), &apos;color_space&apos;: &apos;DeviceGray&apos;, &apos;ncolor&apos;: None, &apos;size&apos;: 13.29000000000002, &apos;value&apos;: &apos;.&apos;, &apos;children&apos;: [], &apos;features&apos;: {}}, {&apos;type&apos;: &apos;text&apos;, &apos;bbox&apos;: (240.97, 408.09499999999997, 243.74, 421.385), &apos;color_space&apos;: &apos;DeviceGray&apos;, &apos;ncolor&apos;: None, &apos;size&apos;: 13.29000000000002, &apos;value&apos;: &apos;.&apos;, &apos;children&apos;: [], &apos;features&apos;: {}}, {&apos;type&apos;: &apos;text&apos;, &apos;bbox&apos;: (243.74, 408.09499999999997, 246.51000000000002, 421.385), &apos;color_space&apos;: &apos;DeviceGray&apos;, &apos;ncolor&apos;: None, &apos;size&apos;: 13.29000000000002, &apos;value&apos;: &apos;.&apos;, &apos;children&apos;: [], &apos;features&apos;: {}}, {&apos;type&apos;: &apos;text&apos;, &apos;bbox&apos;: (246.51000000000002, 408.09499999999997, 249.28000000000003, 421.385), &apos;color_space&apos;: &apos;DeviceGray&apos;, &apos;ncolor&apos;: None, &apos;size&apos;: 13.29000000000002, &apos;value&apos;: &apos;.&apos;, &apos;children&apos;: [], &apos;features&apos;: {}}, {&apos;type&apos;: &apos;text&apos;, &apos;bbox&apos;: (249.28, 408.09499999999997, 252.05, 421.385), &apos;color_space&apos;: &apos;DeviceGray&apos;, &apos;ncolor&apos;: None, &apos;size&apos;: 13.29000000000002, &apos;value&apos;: &apos;.&apos;, &apos;children&apos;: [], &apos;features&apos;: {}}, {&apos;type&apos;: &apos;text&apos;, &apos;bbox&apos;: (252.05, 408.09499999999997, 254.82000000000002, 421.385), &apos;color_space&apos;: &apos;DeviceGray&apos;, &apos;ncolor&apos;: None, &apos;size&apos;: 13.29000000000002, &apos;value&apos;: &apos;.&apos;, &apos;children&apos;: [], &apos;features&apos;: {}}, {&apos;type&apos;: &apos;text&apos;, &apos;bbox&apos;: (254.82, 408.09499999999997, 257.59, 421.385), &apos;color_space&apos;: &apos;DeviceGray&apos;, &apos;ncolor&apos;: None, &apos;size&apos;: 13.29000000000002, &apos;value&apos;: &apos;.&apos;, &apos;children&apos;: [], &apos;features&apos;: {}}, {&apos;type&apos;: &apos;text&apos;, &apos;bbox&apos;: (257.59000000000003, 408.09499999999997, 260.36, 421.385), &apos;color_space&apos;: &apos;DeviceGray&apos;, &apos;ncolor&apos;: None, &apos;size&apos;: 13.29000000000002, &apos;value&apos;: &apos;.&apos;, &apos;children&apos;: [], &apos;features&apos;: {}}, {&apos;type&apos;: &apos;text&apos;, &apos;bbox&apos;: (260.36, 408.09499999999997, 263.13, 421.385), &apos;color_space&apos;: &apos;DeviceGray&apos;, &apos;ncolor&apos;: None, &apos;size&apos;: 13.29000000000002, &apos;value&apos;: &apos;.&apos;, &apos;children&apos;: [], &apos;features&apos;: {}}, {&apos;type&apos;: &apos;text&apos;, &apos;bbox&apos;: (263.13, 408.09499999999997, 265.9, 421.385), &apos;color_space&apos;: &apos;DeviceGray&apos;, &apos;ncolor&apos;: None, &apos;size&apos;: 13.29000000000002, &apos;value&apos;: &apos;.&apos;, &apos;children&apos;: [], &apos;features&apos;: {}}, {&apos;type&apos;: &apos;text&apos;, &apos;bbox&apos;: (265.9, 408.09499999999997, 268.66999999999996, 421.385), &apos;color_space&apos;: &apos;DeviceGray&apos;, &apos;ncolor&apos;: None, &apos;size&apos;: 13.29000000000002, &apos;value&apos;: &apos;.&apos;, &apos;children&apos;: [], &apos;features&apos;: {}}, {&apos;type&apos;: &apos;text&apos;, &apos;bbox&apos;: (268.67, 408.09499999999997, 271.44, 421.385), &apos;color_space&apos;: &apos;DeviceGray&apos;, &apos;ncolor&apos;: None, &apos;size&apos;: 13.29000000000002, &apos;value&apos;: &apos;.&apos;, &apos;children&apos;: [], &apos;features&apos;: {}}, {&apos;type&apos;: &apos;text&apos;, &apos;bbox&apos;: (271.44, 408.09499999999997, 274.21, 421.385), &apos;color_space&apos;: &apos;DeviceGray&apos;, &apos;ncolor&apos;: None, &apos;size&apos;: 13.29000000000002, &apos;value&apos;: &apos;.&apos;, &apos;children&apos;: [], &apos;features&apos;: {}}, {&apos;type&apos;: &apos;text&apos;, &apos;bbox&apos;: (274.21000000000004, 408.09499999999997, 276.98, 421.385), &apos;color_space&apos;: &apos;DeviceGray&apos;, &apos;ncolor&apos;: None, &apos;size&apos;: 13.29000000000002, &apos;value&apos;: &apos;.&apos;, &apos;children&apos;: [], &apos;features&apos;: {}}, {&apos;type&apos;: &apos;text&apos;, &apos;bbox&apos;: (276.98, 408.09499999999997, 279.75, 421.385), &apos;color_space&apos;: &apos;DeviceGray&apos;, &apos;ncolor&apos;: None, &apos;size&apos;: 13.29000000000002, &apos;value&apos;: &apos;.&apos;, &apos;children&apos;: [], &apos;features&apos;: {}}, {&apos;type&apos;: &apos;text&apos;, &apos;bbox&apos;: (279.75, 408.09499999999997, 282.52, 421.385), &apos;color_space&apos;: &apos;DeviceGray&apos;, &apos;ncolor&apos;: None, &apos;size&apos;: 13.29000000000002, &apos;value&apos;: &apos;.&apos;, &apos;children&apos;: [], &apos;features&apos;: {}}, {&apos;type&apos;: &apos;text&apos;, &apos;bbox&apos;: (282.52000000000004, 408.09499999999997, 285.29, 421.385), &apos;color_space&apos;: &apos;DeviceGray&apos;, &apos;ncolor&apos;: None, &apos;size&apos;: 13.29000000000002, &apos;value&apos;: &apos;.&apos;, &apos;children&apos;: [], &apos;features&apos;: {}}, {&apos;type&apos;: &apos;text&apos;, &apos;bbox&apos;: (285.29, 408.09499999999997, 288.06, 421.385), &apos;color_space&apos;: &apos;DeviceGray&apos;, &apos;ncolor&apos;: None, &apos;size&apos;: 13.29000000000002, &apos;value&apos;: &apos;.&apos;, &apos;children&apos;: [], &apos;features&apos;: {}}, {&apos;type&apos;: &apos;text&apos;, &apos;bbox&apos;: (288.06000000000006, 408.09499999999997, 290.83000000000004, 421.385), &apos;color_space&apos;: &apos;DeviceGray&apos;, &apos;ncolor&apos;: None, &apos;size&apos;: 13.29000000000002, &apos;value&apos;: &apos;.&apos;, &apos;children&apos;: [], &apos;features&apos;: {}}, {&apos;type&apos;: &apos;text&apos;, &apos;bbox&apos;: (290.83000000000004, 408.09499999999997, 293.6, 421.385), &apos;color_space&apos;: &apos;DeviceGray&apos;, &apos;ncolor&apos;: None, &apos;size&apos;: 13.29000000000002, &apos;value&apos;: &apos;.&apos;, &apos;children&apos;: [], &apos;features&apos;: {}}, {&apos;type&apos;: &apos;text&apos;, &apos;bbox&apos;: (293.6, 408.09499999999997, 296.37, 421.385), &apos;color_space&apos;: &apos;DeviceGray&apos;, &apos;ncolor&apos;: None, &apos;size&apos;: 13.29000000000002, &apos;value&apos;: &apos;.&apos;, &apos;children&apos;: [], &apos;features&apos;: {}}, {&apos;type&apos;: &apos;text&apos;, &apos;bbox&apos;: (296.37000000000006, 408.09499999999997, 299.14000000000004, 421.385), &apos;color_space&apos;: &apos;DeviceGray&apos;, &apos;ncolor&apos;: None, &apos;size&apos;: 13.29000000000002, &apos;value&apos;: &apos;.&apos;, &apos;children&apos;: [], &apos;features&apos;: {}}, {&apos;type&apos;: &apos;text&apos;, &apos;bbox&apos;: (299.14000000000004, 408.09499999999997, 301.91, 421.385), &apos;color_space&apos;: &apos;DeviceGray&apos;, &apos;ncolor&apos;: None, &apos;size&apos;: 13.29000000000002, &apos;value&apos;: &apos;.&apos;, &apos;children&apos;: [], &apos;features&apos;: {}}, {&apos;type&apos;: &apos;text&apos;, &apos;bbox&apos;: (301.91, 408.09499999999997, 304.68, 421.385), &apos;color_space&apos;: &apos;DeviceGray&apos;, &apos;ncolor&apos;: None, &apos;size&apos;: 13.29000000000002, &apos;value&apos;: &apos;.&apos;, &apos;children&apos;: [], &apos;features&apos;: {}}, {&apos;type&apos;: &apos;text&apos;, &apos;bbox&apos;: (304.68000000000006, 408.09499999999997, 307.45000000000005, 421.385), &apos;color_space&apos;: &apos;DeviceGray&apos;, &apos;ncolor&apos;: None, &apos;size&apos;: 13.29000000000002, &apos;value&apos;: &apos;.&apos;, &apos;children&apos;: [], &apos;features&apos;: {}}, {&apos;type&apos;: &apos;text&apos;, &apos;bbox&apos;: (307.45000000000005, 408.09499999999997, 310.22, 421.385), &apos;color_space&apos;: &apos;DeviceGray&apos;, &apos;ncolor&apos;: None, &apos;size&apos;: 13.29000000000002, &apos;value&apos;: &apos;.&apos;, &apos;children&apos;: [], &apos;features&apos;: {}}, {&apos;type&apos;: &apos;text&apos;, &apos;bbox&apos;: (310.22, 408.09499999999997, 312.99, 421.385), &apos;color_space&apos;: &apos;DeviceGray&apos;, &apos;ncolor&apos;: None, &apos;size&apos;: 13.29000000000002, &apos;value&apos;: &apos;.&apos;, &apos;children&apos;: [], &apos;features&apos;: {}}, {&apos;type&apos;: &apos;text&apos;, &apos;bbox&apos;: (312.99, 408.09499999999997, 315.76, 421.385), &apos;color_space&apos;: &apos;DeviceGray&apos;, &apos;ncolor&apos;: None, &apos;size&apos;: 13.29000000000002, &apos;value&apos;: &apos;.&apos;, &apos;children&apos;: [], &apos;features&apos;: {}}, {&apos;type&apos;: &apos;text&apos;, &apos;bbox&apos;: (315.76, 408.09499999999997, 318.53, 421.385), &apos;color_space&apos;: &apos;DeviceGray&apos;, &apos;ncolor&apos;: None, &apos;size&apos;: 13.29000000000002, &apos;value&apos;: &apos;.&apos;, &apos;children&apos;: [], &apos;features&apos;: {}}, {&apos;type&apos;: &apos;text&apos;, &apos;bbox&apos;: (318.53000000000003, 408.09499999999997, 321.3, 421.385), &apos;color_space&apos;: &apos;DeviceGray&apos;, &apos;ncolor&apos;: None, &apos;size&apos;: 13.29000000000002, &apos;value&apos;: &apos;.&apos;, &apos;children&apos;: [], &apos;features&apos;: {}}, {&apos;type&apos;: &apos;text&apos;, &apos;bbox&apos;: (321.3, 408.09499999999997, 324.07, 421.385), &apos;color_space&apos;: &apos;DeviceGray&apos;, &apos;ncolor&apos;: None, &apos;size&apos;: 13.29000000000002, &apos;value&apos;: &apos;.&apos;, &apos;children&apos;: [], &apos;features&apos;: {}}, {&apos;type&apos;: &apos;text&apos;, &apos;bbox&apos;: (324.07, 408.09499999999997, 326.84, 421.385), &apos;color_space&apos;: &apos;DeviceGray&apos;, &apos;ncolor&apos;: None, &apos;size&apos;: 13.29000000000002, &apos;value&apos;: &apos;.&apos;, &apos;children&apos;: [], &apos;features&apos;: {}}, {&apos;type&apos;: &apos;text&apos;, &apos;bbox&apos;: (326.84000000000003, 408.09499999999997, 329.61, 421.385), &apos;color_space&apos;: &apos;DeviceGray&apos;, &apos;ncolor&apos;: None, &apos;size&apos;: 13.29000000000002, &apos;value&apos;: &apos;.&apos;, &apos;children&apos;: [], &apos;features&apos;: {}}, {&apos;type&apos;: &apos;text&apos;, &apos;bbox&apos;: (329.61, 408.09499999999997, 332.38, 421.385), &apos;color_space&apos;: &apos;DeviceGray&apos;, &apos;ncolor&apos;: None, &apos;size&apos;: 13.29000000000002, &apos;value&apos;: &apos;.&apos;, &apos;children&apos;: [], &apos;features&apos;: {}}, {&apos;type&apos;: &apos;text&apos;, &apos;bbox&apos;: (332.38, 408.09499999999997, 335.15, 421.385), &apos;color_space&apos;: &apos;DeviceGray&apos;, &apos;ncolor&apos;: None, &apos;size&apos;: 13.29000000000002, &apos;value&apos;: &apos;.&apos;, &apos;children&apos;: [], &apos;features&apos;: {}}, {&apos;type&apos;: &apos;text&apos;, &apos;bbox&apos;: (335.15, 408.09499999999997, 337.91999999999996, 421.385), &apos;color_space&apos;: &apos;DeviceGray&apos;, &apos;ncolor&apos;: None, &apos;size&apos;: 13.29000000000002, &apos;value&apos;: &apos;.&apos;, &apos;children&apos;: [], &apos;features&apos;: {}}, {&apos;type&apos;: &apos;text&apos;, &apos;bbox&apos;: (337.91999999999996, 408.09499999999997, 340.68999999999994, 421.385), &apos;color_space&apos;: &apos;DeviceGray&apos;, &apos;ncolor&apos;: None, &apos;size&apos;: 13.29000000000002, &apos;value&apos;: &apos;.&apos;, &apos;children&apos;: [], &apos;features&apos;: {}}, {&apos;type&apos;: &apos;text&apos;, &apos;bbox&apos;: (340.69, 408.09499999999997, 343.46, 421.385), &apos;color_space&apos;: &apos;DeviceGray&apos;, &apos;ncolor&apos;: None, &apos;size&apos;: 13.29000000000002, &apos;value&apos;: &apos;.&apos;, &apos;children&apos;: [], &apos;features&apos;: {}}, {&apos;type&apos;: &apos;text&apos;, &apos;bbox&apos;: (343.46, 408.09499999999997, 346.22999999999996, 421.385), &apos;color_space&apos;: &apos;DeviceGray&apos;, &apos;ncolor&apos;: None, &apos;size&apos;: 13.29000000000002, &apos;value&apos;: &apos;.&apos;, &apos;children&apos;: [], &apos;features&apos;: {}}, {&apos;type&apos;: &apos;text&apos;, &apos;bbox&apos;: (346.22999999999996, 408.09499999999997, 348.99999999999994, 421.385), &apos;color_space&apos;: &apos;DeviceGray&apos;, &apos;ncolor&apos;: None, &apos;size&apos;: 13.29000000000002, &apos;value&apos;: &apos;.&apos;, &apos;children&apos;: [], &apos;features&apos;: {}}, {&apos;type&apos;: &apos;text&apos;, &apos;bbox&apos;: (349.0, 408.09499999999997, 351.77, 421.385), &apos;color_space&apos;: &apos;DeviceGray&apos;, &apos;ncolor&apos;: None, &apos;size&apos;: 13.29000000000002, &apos;value&apos;: &apos;.&apos;, &apos;children&apos;: [], &apos;features&apos;: {}}, {&apos;type&apos;: &apos;text&apos;, &apos;bbox&apos;: (351.77, 408.09499999999997, 354.53999999999996, 421.385), &apos;color_space&apos;: &apos;DeviceGray&apos;, &apos;ncolor&apos;: None, &apos;size&apos;: 13.29000000000002, &apos;value&apos;: &apos;.&apos;, &apos;children&apos;: [], &apos;features&apos;: {}}, {&apos;type&apos;: &apos;text&apos;, &apos;bbox&apos;: (354.53999999999996, 408.09499999999997, 357.30999999999995, 421.385), &apos;color_space&apos;: &apos;DeviceGray&apos;, &apos;ncolor&apos;: None, &apos;size&apos;: 13.29000000000002, &apos;value&apos;: &apos;.&apos;, &apos;children&apos;: [], &apos;features&apos;: {}}, {&apos;type&apos;: &apos;text&apos;, &apos;bbox&apos;: (357.30999999999995, 408.09499999999997, 360.0799999999999, 421.385), &apos;color_space&apos;: &apos;DeviceGray&apos;, &apos;ncolor&apos;: None, &apos;size&apos;: 13.29000000000002, &apos;value&apos;: &apos;.&apos;, &apos;children&apos;: [], &apos;features&apos;: {}}, {&apos;type&apos;: &apos;text&apos;, &apos;bbox&apos;: (360.0799999999999, 408.09499999999997, 362.8499999999999, 421.385), &apos;color_space&apos;: &apos;DeviceGray&apos;, &apos;ncolor&apos;: None, &apos;size&apos;: 13.29000000000002, &apos;value&apos;: &apos;.&apos;, &apos;children&apos;: [], &apos;features&apos;: {}}, {&apos;type&apos;: &apos;text&apos;, &apos;bbox&apos;: (362.84999999999997, 408.09499999999997, 365.61999999999995, 421.385), &apos;color_space&apos;: &apos;DeviceGray&apos;, &apos;ncolor&apos;: None, &apos;size&apos;: 13.29000000000002, &apos;value&apos;: &apos;.&apos;, &apos;children&apos;: [], &apos;features&apos;: {}}, {&apos;type&apos;: &apos;text&apos;, &apos;bbox&apos;: (365.61999999999995, 408.09499999999997, 368.38999999999993, 421.385), &apos;color_space&apos;: &apos;DeviceGray&apos;, &apos;ncolor&apos;: None, &apos;size&apos;: 13.29000000000002, &apos;value&apos;: &apos;.&apos;, &apos;children&apos;: [], &apos;features&apos;: {}}, {&apos;type&apos;: &apos;text&apos;, &apos;bbox&apos;: (368.39, 408.09499999999997, 371.15999999999997, 421.385), &apos;color_space&apos;: &apos;DeviceGray&apos;, &apos;ncolor&apos;: None, &apos;size&apos;: 13.29000000000002, &apos;value&apos;: &apos;.&apos;, &apos;children&apos;: [], &apos;features&apos;: {}}, {&apos;type&apos;: &apos;text&apos;, &apos;bbox&apos;: (371.15999999999997, 408.09499999999997, 373.92999999999995, 421.385), &apos;color_space&apos;: &apos;DeviceGray&apos;, &apos;ncolor&apos;: None, &apos;size&apos;: 13.29000000000002, &apos;value&apos;: &apos;.&apos;, &apos;children&apos;: [], &apos;features&apos;: {}}, {&apos;type&apos;: &apos;text&apos;, &apos;bbox&apos;: (373.92999999999995, 408.09499999999997, 376.69999999999993, 421.385), &apos;color_space&apos;: &apos;DeviceGray&apos;, &apos;ncolor&apos;: None, &apos;size&apos;: 13.29000000000002, &apos;value&apos;: &apos;.&apos;, &apos;children&apos;: [], &apos;features&apos;: {}}, {&apos;type&apos;: &apos;text&apos;, &apos;bbox&apos;: (376.7, 408.09499999999997, 379.46999999999997, 421.385), &apos;color_space&apos;: &apos;DeviceGray&apos;, &apos;ncolor&apos;: None, &apos;size&apos;: 13.29000000000002, &apos;value&apos;: &apos;.&apos;, &apos;children&apos;: [], &apos;features&apos;: {}}, {&apos;type&apos;: &apos;text&apos;, &apos;bbox&apos;: (379.47, 408.09499999999997, 382.24, 421.385), &apos;color_space&apos;: &apos;DeviceGray&apos;, &apos;ncolor&apos;: None, &apos;size&apos;: 13.29000000000002, &apos;value&apos;: &apos;.&apos;, &apos;children&apos;: [], &apos;features&apos;: {}}, {&apos;type&apos;: &apos;text&apos;, &apos;bbox&apos;: (382.24, 408.09499999999997, 385.01, 421.385), &apos;color_space&apos;: &apos;DeviceGray&apos;, &apos;ncolor&apos;: None, &apos;size&apos;: 13.29000000000002, &apos;value&apos;: &apos;.&apos;, &apos;children&apos;: [], &apos;features&apos;: {}}, {&apos;type&apos;: &apos;text&apos;, &apos;bbox&apos;: (385.01, 408.09499999999997, 387.78, 421.385), &apos;color_space&apos;: &apos;DeviceGray&apos;, &apos;ncolor&apos;: None, &apos;size&apos;: 13.29000000000002, &apos;value&apos;: &apos;.&apos;, &apos;children&apos;: [], &apos;features&apos;: {}}, {&apos;type&apos;: &apos;text&apos;, &apos;bbox&apos;: (387.78000000000003, 408.09499999999997, 390.55, 421.385), &apos;color_space&apos;: &apos;DeviceGray&apos;, &apos;ncolor&apos;: None, &apos;size&apos;: 13.29000000000002, &apos;value&apos;: &apos;.&apos;, &apos;children&apos;: [], &apos;features&apos;: {}}, {&apos;type&apos;: &apos;text&apos;, &apos;bbox&apos;: (390.55000000000007, 408.09499999999997, 393.32000000000005, 421.385), &apos;color_space&apos;: &apos;DeviceGray&apos;, &apos;ncolor&apos;: None, &apos;size&apos;: 13.29000000000002, &apos;value&apos;: &apos;.&apos;, &apos;children&apos;: [], &apos;features&apos;: {}}, {&apos;type&apos;: &apos;text&apos;, &apos;bbox&apos;: (393.32000000000005, 408.09499999999997, 396.09000000000003, 421.385), &apos;color_space&apos;: &apos;DeviceGray&apos;, &apos;ncolor&apos;: None, &apos;size&apos;: 13.29000000000002, &apos;value&apos;: &apos;.&apos;, &apos;children&apos;: [], &apos;features&apos;: {}}, {&apos;type&apos;: &apos;text&apos;, &apos;bbox&apos;: (396.09000000000003, 408.09499999999997, 398.86, 421.385), &apos;color_space&apos;: &apos;DeviceGray&apos;, &apos;ncolor&apos;: None, &apos;size&apos;: 13.29000000000002, &apos;value&apos;: &apos;.&apos;, &apos;children&apos;: [], &apos;features&apos;: {}}, {&apos;type&apos;: &apos;text&apos;, &apos;bbox&apos;: (398.86000000000007, 408.09499999999997, 401.63000000000005, 421.385), &apos;color_space&apos;: &apos;DeviceGray&apos;, &apos;ncolor&apos;: None, &apos;size&apos;: 13.29000000000002, &apos;value&apos;: &apos;.&apos;, &apos;children&apos;: [], &apos;features&apos;: {}}, {&apos;type&apos;: &apos;text&apos;, &apos;bbox&apos;: (401.6300000000001, 408.09499999999997, 404.4000000000001, 421.385), &apos;color_space&apos;: &apos;DeviceGray&apos;, &apos;ncolor&apos;: None, &apos;size&apos;: 13.29000000000002, &apos;value&apos;: &apos;.&apos;, &apos;children&apos;: [], &apos;features&apos;: {}}, {&apos;type&apos;: &apos;text&apos;, &apos;bbox&apos;: (404.4000000000001, 408.09499999999997, 407.1700000000001, 421.385), &apos;color_space&apos;: &apos;DeviceGray&apos;, &apos;ncolor&apos;: None, &apos;size&apos;: 13.29000000000002, &apos;value&apos;: &apos;.&apos;, &apos;children&apos;: [], &apos;features&apos;: {}}, {&apos;type&apos;: &apos;text&apos;, &apos;bbox&apos;: (407.1700000000001, 408.09499999999997, 409.94000000000005, 421.385), &apos;color_space&apos;: &apos;DeviceGray&apos;, &apos;ncolor&apos;: None, &apos;size&apos;: 13.29000000000002, &apos;value&apos;: &apos;.&apos;, &apos;children&apos;: [], &apos;features&apos;: {}}, {&apos;type&apos;: &apos;text&apos;, &apos;bbox&apos;: (409.9400000000001, 408.09499999999997, 412.7100000000001, 421.385), &apos;color_space&apos;: &apos;DeviceGray&apos;, &apos;ncolor&apos;: None, &apos;size&apos;: 13.29000000000002, &apos;value&apos;: &apos;.&apos;, &apos;children&apos;: [], &apos;features&apos;: {}}, {&apos;type&apos;: &apos;text&apos;, &apos;bbox&apos;: (412.71000000000015, 408.09499999999997, 415.48000000000013, 421.385), &apos;color_space&apos;: &apos;DeviceGray&apos;, &apos;ncolor&apos;: None, &apos;size&apos;: 13.29000000000002, &apos;value&apos;: &apos;.&apos;, &apos;children&apos;: [], &apos;features&apos;: {}}, {&apos;type&apos;: &apos;text&apos;, &apos;bbox&apos;: (415.48000000000013, 408.09499999999997, 418.2500000000001, 421.385), &apos;color_space&apos;: &apos;DeviceGray&apos;, &apos;ncolor&apos;: None, &apos;size&apos;: 13.29000000000002, &apos;value&apos;: &apos;.&apos;, &apos;children&apos;: [], &apos;features&apos;: {}}, {&apos;type&apos;: &apos;text&apos;, &apos;bbox&apos;: (418.2500000000001, 408.09499999999997, 421.0200000000001, 421.385), &apos;color_space&apos;: &apos;DeviceGray&apos;, &apos;ncolor&apos;: None, &apos;size&apos;: 13.29000000000002, &apos;value&apos;: &apos;.&apos;, &apos;children&apos;: [], &apos;features&apos;: {}}, {&apos;type&apos;: &apos;text&apos;, &apos;bbox&apos;: (421.02000000000015, 408.09499999999997, 423.79000000000013, 421.385), &apos;color_space&apos;: &apos;DeviceGray&apos;, &apos;ncolor&apos;: None, &apos;size&apos;: 13.29000000000002, &apos;value&apos;: &apos;.&apos;, &apos;children&apos;: [], &apos;features&apos;: {}}, {&apos;type&apos;: &apos;text&apos;, &apos;bbox&apos;: (423.7900000000002, 408.09499999999997, 426.5600000000002, 421.385), &apos;color_space&apos;: &apos;DeviceGray&apos;, &apos;ncolor&apos;: None, &apos;size&apos;: 13.29000000000002, &apos;value&apos;: &apos;.&apos;, &apos;children&apos;: [], &apos;features&apos;: {}}, {&apos;type&apos;: &apos;text&apos;, &apos;bbox&apos;: (426.5600000000002, 408.09499999999997, 429.33000000000015, 421.385), &apos;color_space&apos;: &apos;DeviceGray&apos;, &apos;ncolor&apos;: None, &apos;size&apos;: 13.29000000000002, &apos;value&apos;: &apos;.&apos;, &apos;children&apos;: [], &apos;features&apos;: {}}, {&apos;type&apos;: &apos;text&apos;, &apos;bbox&apos;: (429.33000000000015, 408.09499999999997, 432.10000000000014, 421.385), &apos;color_space&apos;: &apos;DeviceGray&apos;, &apos;ncolor&apos;: None, &apos;size&apos;: 13.29000000000002, &apos;value&apos;: &apos;.&apos;, &apos;children&apos;: [], &apos;features&apos;: {}}, {&apos;type&apos;: &apos;text&apos;, &apos;bbox&apos;: (432.1000000000002, 408.09499999999997, 434.8700000000002, 421.385), &apos;color_space&apos;: &apos;DeviceGray&apos;, &apos;ncolor&apos;: None, &apos;size&apos;: 13.29000000000002, &apos;value&apos;: &apos;.&apos;, &apos;children&apos;: [], &apos;features&apos;: {}}, {&apos;type&apos;: &apos;text&apos;, &apos;bbox&apos;: (434.87000000000023, 408.09499999999997, 437.6400000000002, 421.385), &apos;color_space&apos;: &apos;DeviceGray&apos;, &apos;ncolor&apos;: None, &apos;size&apos;: 13.29000000000002, &apos;value&apos;: &apos;.&apos;, &apos;children&apos;: [], &apos;features&apos;: {}}, {&apos;type&apos;: &apos;text&apos;, &apos;bbox&apos;: (437.6400000000002, 408.09499999999997, 440.4100000000002, 421.385), &apos;color_space&apos;: &apos;DeviceGray&apos;, &apos;ncolor&apos;: None, &apos;size&apos;: 13.29000000000002, &apos;value&apos;: &apos;.&apos;, &apos;children&apos;: [], &apos;features&apos;: {}}, {&apos;type&apos;: &apos;text&apos;, &apos;bbox&apos;: (440.4100000000002, 408.09499999999997, 443.1800000000002, 421.385), &apos;color_space&apos;: &apos;DeviceGray&apos;, &apos;ncolor&apos;: None, &apos;size&apos;: 13.29000000000002, &apos;value&apos;: &apos;.&apos;, &apos;children&apos;: [], &apos;features&apos;: {}}, {&apos;type&apos;: &apos;text&apos;, &apos;bbox&apos;: (443.18000000000023, 408.09499999999997, 445.9500000000002, 421.385), &apos;color_space&apos;: &apos;DeviceGray&apos;, &apos;ncolor&apos;: None, &apos;size&apos;: 13.29000000000002, &apos;value&apos;: &apos;.&apos;, &apos;children&apos;: [], &apos;features&apos;: {}}, {&apos;type&apos;: &apos;text&apos;, &apos;bbox&apos;: (445.9500000000003, 408.09499999999997, 448.72000000000025, 421.385), &apos;color_space&apos;: &apos;DeviceGray&apos;, &apos;ncolor&apos;: None, &apos;size&apos;: 13.29000000000002, &apos;value&apos;: &apos;.&apos;, &apos;children&apos;: [], &apos;features&apos;: {}}, {&apos;type&apos;: &apos;text&apos;, &apos;bbox&apos;: (448.72000000000025, 408.09499999999997, 451.49000000000024, 421.385), &apos;color_space&apos;: &apos;DeviceGray&apos;, &apos;ncolor&apos;: None, &apos;size&apos;: 13.29000000000002, &apos;value&apos;: &apos;.&apos;, &apos;children&apos;: [], &apos;features&apos;: {}}, {&apos;type&apos;: &apos;text&apos;, &apos;bbox&apos;: (451.49000000000024, 408.09499999999997, 454.2600000000002, 421.385), &apos;color_space&apos;: &apos;DeviceGray&apos;, &apos;ncolor&apos;: None, &apos;size&apos;: 13.29000000000002, &apos;value&apos;: &apos;.&apos;, &apos;children&apos;: [], &apos;features&apos;: {}}, {&apos;type&apos;: &apos;text&apos;, &apos;bbox&apos;: (454.2600000000003, 408.09499999999997, 457.03000000000026, 421.385), &apos;color_space&apos;: &apos;DeviceGray&apos;, &apos;ncolor&apos;: None, &apos;size&apos;: 13.29000000000002, &apos;value&apos;: &apos;.&apos;, &apos;children&apos;: [], &apos;features&apos;: {}}, {&apos;type&apos;: &apos;text&apos;, &apos;bbox&apos;: (457.0300000000003, 408.09499999999997, 459.8000000000003, 421.385), &apos;color_space&apos;: &apos;DeviceGray&apos;, &apos;ncolor&apos;: None, &apos;size&apos;: 13.29000000000002, &apos;value&apos;: &apos;.&apos;, &apos;children&apos;: [], &apos;features&apos;: {}}, {&apos;type&apos;: &apos;text&apos;, &apos;bbox&apos;: (459.8000000000003, 408.09499999999997, 462.5700000000003, 421.385), &apos;color_space&apos;: &apos;DeviceGray&apos;, &apos;ncolor&apos;: None, &apos;size&apos;: 13.29000000000002, &apos;value&apos;: &apos;.&apos;, &apos;children&apos;: [], &apos;features&apos;: {}}, {&apos;type&apos;: &apos;text&apos;, &apos;bbox&apos;: (462.5700000000003, 408.09499999999997, 465.34000000000026, 421.385), &apos;color_space&apos;: &apos;DeviceGray&apos;, &apos;ncolor&apos;: None, &apos;size&apos;: 13.29000000000002, &apos;value&apos;: &apos;.&apos;, &apos;children&apos;: [], &apos;features&apos;: {}}, {&apos;type&apos;: &apos;text&apos;, &apos;bbox&apos;: (465.3400000000003, 408.09499999999997, 468.1100000000003, 421.385), &apos;color_space&apos;: &apos;DeviceGray&apos;, &apos;ncolor&apos;: None, &apos;size&apos;: 13.29000000000002, &apos;value&apos;: &apos;.&apos;, &apos;children&apos;: [], &apos;features&apos;: {}}, {&apos;type&apos;: &apos;text&apos;, &apos;bbox&apos;: (468.11000000000035, 408.09499999999997, 470.88000000000034, 421.385), &apos;color_space&apos;: &apos;DeviceGray&apos;, &apos;ncolor&apos;: None, &apos;size&apos;: 13.29000000000002, &apos;value&apos;: &apos;.&apos;, &apos;children&apos;: [], &apos;features&apos;: {}}, {&apos;type&apos;: &apos;text&apos;, &apos;bbox&apos;: (470.88000000000034, 408.09499999999997, 473.6500000000003, 421.385), &apos;color_space&apos;: &apos;DeviceGray&apos;, &apos;ncolor&apos;: None, &apos;size&apos;: 13.29000000000002, &apos;value&apos;: &apos;.&apos;, &apos;children&apos;: [], &apos;features&apos;: {}}, {&apos;type&apos;: &apos;text&apos;, &apos;bbox&apos;: (473.6500000000003, 408.09499999999997, 476.4200000000003, 421.385), &apos;color_space&apos;: &apos;DeviceGray&apos;, &apos;ncolor&apos;: None, &apos;size&apos;: 13.29000000000002, &apos;value&apos;: &apos;.&apos;, &apos;children&apos;: [], &apos;features&apos;: {}}, {&apos;type&apos;: &apos;text&apos;, &apos;bbox&apos;: (476.42000000000036, 408.09499999999997, 479.19000000000034, 421.385), &apos;color_space&apos;: &apos;DeviceGray&apos;, &apos;ncolor&apos;: None, &apos;size&apos;: 13.29000000000002, &apos;value&apos;: &apos;.&apos;, &apos;children&apos;: [], &apos;features&apos;: {}}, {&apos;type&apos;: &apos;text&apos;, &apos;bbox&apos;: (479.1900000000004, 408.09499999999997, 481.9600000000004, 421.385), &apos;color_space&apos;: &apos;DeviceGray&apos;, &apos;ncolor&apos;: None, &apos;size&apos;: 13.29000000000002, &apos;value&apos;: &apos;.&apos;, &apos;children&apos;: [], &apos;features&apos;: {}}, {&apos;type&apos;: &apos;text&apos;, &apos;bbox&apos;: (481.9600000000004, 408.09499999999997, 484.73000000000036, 421.385), &apos;color_space&apos;: &apos;DeviceGray&apos;, &apos;ncolor&apos;: None, &apos;size&apos;: 13.29000000000002, &apos;value&apos;: &apos;.&apos;, &apos;children&apos;: [], &apos;features&apos;: {}}, {&apos;type&apos;: &apos;text&apos;, &apos;bbox&apos;: (484.73000000000036, 408.09499999999997, 487.50000000000034, 421.385), &apos;color_space&apos;: &apos;DeviceGray&apos;, &apos;ncolor&apos;: None, &apos;size&apos;: 13.29000000000002, &apos;value&apos;: &apos;.&apos;, &apos;children&apos;: [], &apos;features&apos;: {}}, {&apos;type&apos;: &apos;text&apos;, &apos;bbox&apos;: (487.5000000000004, 408.09499999999997, 490.2700000000004, 421.385), &apos;color_space&apos;: &apos;DeviceGray&apos;, &apos;ncolor&apos;: None, &apos;size&apos;: 13.29000000000002, &apos;value&apos;: &apos;.&apos;, &apos;children&apos;: [], &apos;features&apos;: {}}, {&apos;type&apos;: &apos;text&apos;, &apos;bbox&apos;: (490.27000000000044, 408.09499999999997, 493.0400000000004, 421.385), &apos;color_space&apos;: &apos;DeviceGray&apos;, &apos;ncolor&apos;: None, &apos;size&apos;: 13.29000000000002, &apos;value&apos;: &apos;.&apos;, &apos;children&apos;: [], &apos;features&apos;: {}}, {&apos;type&apos;: &apos;text&apos;, &apos;bbox&apos;: (493.0400000000004, 408.09499999999997, 495.8100000000004, 421.385), &apos;color_space&apos;: &apos;DeviceGray&apos;, &apos;ncolor&apos;: None, &apos;size&apos;: 13.29000000000002, &apos;value&apos;: &apos;.&apos;, &apos;children&apos;: [], &apos;features&apos;: {}}, {&apos;type&apos;: &apos;text&apos;, &apos;bbox&apos;: (495.8100000000004, 408.09499999999997, 498.5800000000004, 421.385), &apos;color_space&apos;: &apos;DeviceGray&apos;, &apos;ncolor&apos;: None, &apos;size&apos;: 13.29000000000002, &apos;value&apos;: &apos;.&apos;, &apos;children&apos;: [], &apos;features&apos;: {}}, {&apos;type&apos;: &apos;text&apos;, &apos;bbox&apos;: (498.5800000000004, 408.09499999999997, 501.35000000000036, 421.385), &apos;color_space&apos;: &apos;DeviceGray&apos;, &apos;ncolor&apos;: None, &apos;size&apos;: 13.29000000000002, &apos;value&apos;: &apos;.&apos;, &apos;children&apos;: [], &apos;features&apos;: {}}, {&apos;type&apos;: &apos;text&apos;, &apos;bbox&apos;: (501.35000000000036, 408.09499999999997, 504.12000000000035, 421.385), &apos;color_space&apos;: &apos;DeviceGray&apos;, &apos;ncolor&apos;: None, &apos;size&apos;: 13.29000000000002, &apos;value&apos;: &apos;.&apos;, &apos;children&apos;: [], &apos;features&apos;: {}}, {&apos;type&apos;: &apos;text&apos;, &apos;bbox&apos;: (504.12000000000035, 408.09499999999997, 506.8900000000003, 421.385), &apos;color_space&apos;: &apos;DeviceGray&apos;, &apos;ncolor&apos;: None, &apos;size&apos;: 13.29000000000002, &apos;value&apos;: &apos;.&apos;, &apos;children&apos;: [], &apos;features&apos;: {}}, {&apos;type&apos;: &apos;text&apos;, &apos;bbox&apos;: (506.8900000000003, 408.09499999999997, 509.6600000000003, 421.385), &apos;color_space&apos;: &apos;DeviceGray&apos;, &apos;ncolor&apos;: None, &apos;size&apos;: 13.29000000000002, &apos;value&apos;: &apos;.&apos;, &apos;children&apos;: [], &apos;features&apos;: {}}, {&apos;type&apos;: &apos;text&apos;, &apos;bbox&apos;: (509.6600000000003, 408.09499999999997, 512.4300000000003, 421.385), &apos;color_space&apos;: &apos;DeviceGray&apos;, &apos;ncolor&apos;: None, &apos;size&apos;: 13.29000000000002, &apos;value&apos;: &apos;.&apos;, &apos;children&apos;: [], &apos;features&apos;: {}}, {&apos;type&apos;: &apos;text&apos;, &apos;bbox&apos;: (512.4300000000003, 408.09499999999997, 515.2000000000003, 421.385), &apos;color_space&apos;: &apos;DeviceGray&apos;, &apos;ncolor&apos;: None, &apos;size&apos;: 13.29000000000002, &apos;value&apos;: &apos;.&apos;, &apos;children&apos;: [], &apos;features&apos;: {}}, {&apos;type&apos;: &apos;text&apos;, &apos;bbox&apos;: (515.2000000000003, 408.09499999999997, 517.9700000000003, 421.385), &apos;color_space&apos;: &apos;DeviceGray&apos;, &apos;ncolor&apos;: None, &apos;size&apos;: 13.29000000000002, &apos;value&apos;: &apos;.&apos;, &apos;children&apos;: [], &apos;features&apos;: {}}, {&apos;type&apos;: &apos;text&apos;, &apos;bbox&apos;: (517.9700000000003, 408.09499999999997, 520.7400000000002, 421.385), &apos;color_space&apos;: &apos;DeviceGray&apos;, &apos;ncolor&apos;: None, &apos;size&apos;: 13.29000000000002, &apos;value&apos;: &apos;.&apos;, &apos;children&apos;: [], &apos;features&apos;: {}}, {&apos;type&apos;: &apos;text&apos;, &apos;bbox&apos;: (520.7400000000002, 408.09499999999997, 523.5100000000002, 421.385), &apos;color_space&apos;: &apos;DeviceGray&apos;, &apos;ncolor&apos;: None, &apos;size&apos;: 13.29000000000002, &apos;value&apos;: &apos;.&apos;, &apos;children&apos;: [], &apos;features&apos;: {}}, {&apos;type&apos;: &apos;text&apos;, &apos;bbox&apos;: (525.548, 408.09499999999997, 531.108, 421.385), &apos;color_space&apos;: &apos;DeviceGray&apos;, &apos;ncolor&apos;: None, &apos;size&apos;: 13.29000000000002, &apos;value&apos;: &apos;8&apos;, &apos;children&apos;: [], &apos;features&apos;: {}}, {&apos;type&apos;: &apos;text&apos;, &apos;bbox&apos;: (531.108, 408.09499999999997, 534.438, 421.385), &apos;color_space&apos;: &apos;DeviceGray&apos;, &apos;ncolor&apos;: None, &apos;size&apos;: 13.29000000000002, &apos;value&apos;: &apos;-&apos;, &apos;children&apos;: [], &apos;features&apos;: {}}, {&apos;type&apos;: &apos;text&apos;, &apos;bbox&apos;: (534.439, 408.09499999999997, 539.9989999999999, 421.385), &apos;color_space&apos;: &apos;DeviceGray&apos;, &apos;ncolor&apos;: None, &apos;size&apos;: 13.29000000000002, &apos;value&apos;: &apos;7&apos;, &apos;children&apos;: [], &apos;features&apos;: {}}], &apos;features&apos;: {}}
*********************





--------------------------------- CONTENT AREA --------------------------------- 
This content area has an image
{&apos;type&apos;: &apos;figure&apos;, &apos;bbox&apos;: (0, 0, 612.0, 792.0), &apos;name&apos;: &apos;fx65&apos;, &apos;children&apos;: [{&apos;type&apos;: &apos;text&apos;, &apos;bbox&apos;: (114.0, 391.874, 119.57, 405.354), &apos;color_space&apos;: &apos;DeviceGray&apos;, &apos;ncolor&apos;: None, &apos;size&apos;: 13.479999999999961, &apos;value&apos;: &apos;F&apos;, &apos;children&apos;: [], &apos;features&apos;: {}}, {&apos;type&apos;: &apos;text&apos;, &apos;bbox&apos;: (119.57, 391.874, 125.66999999999999, 405.354), &apos;color_space&apos;: &apos;DeviceGray&apos;, &apos;ncolor&apos;: None, &apos;size&apos;: 13.479999999999961, &apos;value&apos;: &apos;S&apos;, &apos;children&apos;: [], &apos;features&apos;: {}}, {&apos;type&apos;: &apos;text&apos;, &apos;bbox&apos;: (125.67, 391.874, 129.56, 405.354), &apos;color_space&apos;: &apos;DeviceGray&apos;, &apos;ncolor&apos;: None, &apos;size&apos;: 13.479999999999961, &apos;value&apos;: &apos;I&apos;, &apos;children&apos;: [], &apos;features&apos;: {}}, {&apos;type&apos;: &apos;text&apos;, &apos;bbox&apos;: (129.56, 391.874, 134.56, 405.354), &apos;color_space&apos;: &apos;DeviceGray&apos;, &apos;ncolor&apos;: None, &apos;size&apos;: 13.479999999999961, &apos;value&apos;: &apos;_&apos;, &apos;children&apos;: [], &apos;features&apos;: {}}, {&apos;type&apos;: &apos;text&apos;, &apos;bbox&apos;: (134.56, 391.874, 142.89000000000001, 405.354), &apos;color_space&apos;: &apos;DeviceGray&apos;, &apos;ncolor&apos;: None, &apos;size&apos;: 13.479999999999961, &apos;value&apos;: &apos;O&apos;, &apos;children&apos;: [], &apos;features&apos;: {}}, {&apos;type&apos;: &apos;text&apos;, &apos;bbox&apos;: (142.89, 391.874, 147.89, 405.354), &apos;color_space&apos;: &apos;DeviceGray&apos;, &apos;ncolor&apos;: None, &apos;size&apos;: 13.479999999999961, &apos;value&apos;: &apos;_&apos;, &apos;children&apos;: [], &apos;features&apos;: {}}, {&apos;type&apos;: &apos;text&apos;, &apos;bbox&apos;: (147.89, 391.874, 155.01999999999998, 405.354), &apos;color_space&apos;: &apos;DeviceGray&apos;, &apos;ncolor&apos;: None, &apos;size&apos;: 13.479999999999961, &apos;value&apos;: &apos;R&apos;, &apos;children&apos;: [], &apos;features&apos;: {}}, {&apos;type&apos;: &apos;text&apos;, &apos;bbox&apos;: (155.02, 391.874, 161.07000000000002, 405.354), &apos;color_space&apos;: &apos;DeviceGray&apos;, &apos;ncolor&apos;: None, &apos;size&apos;: 13.479999999999961, &apos;value&apos;: &apos;E&apos;, &apos;children&apos;: [], &apos;features&apos;: {}}, {&apos;type&apos;: &apos;text&apos;, &apos;bbox&apos;: (161.07, 391.874, 167.17, 405.354), &apos;color_space&apos;: &apos;DeviceGray&apos;, &apos;ncolor&apos;: None, &apos;size&apos;: 13.479999999999961, &apos;value&apos;: &apos;S&apos;, &apos;children&apos;: [], &apos;features&apos;: {}}, {&apos;type&apos;: &apos;text&apos;, &apos;bbox&apos;: (167.17000000000002, 391.874, 174.94000000000003, 405.354), &apos;color_space&apos;: &apos;DeviceGray&apos;, &apos;ncolor&apos;: None, &apos;size&apos;: 13.479999999999961, &apos;value&apos;: &apos;U&apos;, &apos;children&apos;: [], &apos;features&apos;: {}}, {&apos;type&apos;: &apos;text&apos;, &apos;bbox&apos;: (174.94, 391.874, 180.99, 405.354), &apos;color_space&apos;: &apos;DeviceGray&apos;, &apos;ncolor&apos;: None, &apos;size&apos;: 13.479999999999961, &apos;value&apos;: &apos;L&apos;, &apos;children&apos;: [], &apos;features&apos;: {}}, {&apos;type&apos;: &apos;text&apos;, &apos;bbox&apos;: (180.99, 391.874, 187.65, 405.354), &apos;color_space&apos;: &apos;DeviceGray&apos;, &apos;ncolor&apos;: None, &apos;size&apos;: 13.479999999999961, &apos;value&apos;: &apos;T&apos;, &apos;children&apos;: [], &apos;features&apos;: {}}, {&apos;type&apos;: &apos;text&apos;, &apos;bbox&apos;: (187.65, 391.874, 192.65, 405.354), &apos;color_space&apos;: &apos;DeviceGray&apos;, &apos;ncolor&apos;: None, &apos;size&apos;: 13.479999999999961, &apos;value&apos;: &apos;_&apos;, &apos;children&apos;: [], &apos;features&apos;: {}}, {&apos;type&apos;: &apos;text&apos;, &apos;bbox&apos;: (192.65, 391.874, 202.65, 405.354), &apos;color_space&apos;: &apos;DeviceGray&apos;, &apos;ncolor&apos;: None, &apos;size&apos;: 13.479999999999961, &apos;value&apos;: &apos;M&apos;, &apos;children&apos;: [], &apos;features&apos;: {}}, {&apos;type&apos;: &apos;text&apos;, &apos;bbox&apos;: (202.65, 391.874, 210.42000000000002, 405.354), &apos;color_space&apos;: &apos;DeviceGray&apos;, &apos;ncolor&apos;: None, &apos;size&apos;: 13.479999999999961, &apos;value&apos;: &apos;A&apos;, &apos;children&apos;: [], &apos;features&apos;: {}}, {&apos;type&apos;: &apos;text&apos;, &apos;bbox&apos;: (210.42000000000002, 391.874, 216.52, 405.354), &apos;color_space&apos;: &apos;DeviceGray&apos;, &apos;ncolor&apos;: None, &apos;size&apos;: 13.479999999999961, &apos;value&apos;: &apos;S&apos;, &apos;children&apos;: [], &apos;features&apos;: {}}, {&apos;type&apos;: &apos;text&apos;, &apos;bbox&apos;: (216.51999999999998, 391.874, 223.17999999999998, 405.354), &apos;color_space&apos;: &apos;DeviceGray&apos;, &apos;ncolor&apos;: None, &apos;size&apos;: 13.479999999999961, &apos;value&apos;: &apos;T&apos;, &apos;children&apos;: [], &apos;features&apos;: {}}, {&apos;type&apos;: &apos;text&apos;, &apos;bbox&apos;: (223.18, 391.874, 229.23000000000002, 405.354), &apos;color_space&apos;: &apos;DeviceGray&apos;, &apos;ncolor&apos;: None, &apos;size&apos;: 13.479999999999961, &apos;value&apos;: &apos;E&apos;, &apos;children&apos;: [], &apos;features&apos;: {}}, {&apos;type&apos;: &apos;text&apos;, &apos;bbox&apos;: (229.23, 391.874, 236.35999999999999, 405.354), &apos;color_space&apos;: &apos;DeviceGray&apos;, &apos;ncolor&apos;: None, &apos;size&apos;: 13.479999999999961, &apos;value&apos;: &apos;R&apos;, &apos;children&apos;: [], &apos;features&apos;: {}}, {&apos;type&apos;: &apos;text&apos;, &apos;bbox&apos;: (236.475, 392.604, 239.245, 405.894), &apos;color_space&apos;: &apos;DeviceGray&apos;, &apos;ncolor&apos;: None, &apos;size&apos;: 13.29000000000002, &apos;value&apos;: &apos;.&apos;, &apos;children&apos;: [], &apos;features&apos;: {}}, {&apos;type&apos;: &apos;text&apos;, &apos;bbox&apos;: (239.245, 392.604, 242.01500000000001, 405.894), &apos;color_space&apos;: &apos;DeviceGray&apos;, &apos;ncolor&apos;: None, &apos;size&apos;: 13.29000000000002, &apos;value&apos;: &apos;.&apos;, &apos;children&apos;: [], &apos;features&apos;: {}}, {&apos;type&apos;: &apos;text&apos;, &apos;bbox&apos;: (242.015, 392.604, 244.785, 405.894), &apos;color_space&apos;: &apos;DeviceGray&apos;, &apos;ncolor&apos;: None, &apos;size&apos;: 13.29000000000002, &apos;value&apos;: &apos;.&apos;, &apos;children&apos;: [], &apos;features&apos;: {}}, {&apos;type&apos;: &apos;text&apos;, &apos;bbox&apos;: (244.785, 392.604, 247.555, 405.894), &apos;color_space&apos;: &apos;DeviceGray&apos;, &apos;ncolor&apos;: None, &apos;size&apos;: 13.29000000000002, &apos;value&apos;: &apos;.&apos;, &apos;children&apos;: [], &apos;features&apos;: {}}, {&apos;type&apos;: &apos;text&apos;, &apos;bbox&apos;: (247.555, 392.604, 250.32500000000002, 405.894), &apos;color_space&apos;: &apos;DeviceGray&apos;, &apos;ncolor&apos;: None, &apos;size&apos;: 13.29000000000002, &apos;value&apos;: &apos;.&apos;, &apos;children&apos;: [], &apos;features&apos;: {}}, {&apos;type&apos;: &apos;text&apos;, &apos;bbox&apos;: (250.325, 392.604, 253.095, 405.894), &apos;color_space&apos;: &apos;DeviceGray&apos;, &apos;ncolor&apos;: None, &apos;size&apos;: 13.29000000000002, &apos;value&apos;: &apos;.&apos;, &apos;children&apos;: [], &apos;features&apos;: {}}, {&apos;type&apos;: &apos;text&apos;, &apos;bbox&apos;: (253.095, 392.604, 255.865, 405.894), &apos;color_space&apos;: &apos;DeviceGray&apos;, &apos;ncolor&apos;: None, &apos;size&apos;: 13.29000000000002, &apos;value&apos;: &apos;.&apos;, &apos;children&apos;: [], &apos;features&apos;: {}}, {&apos;type&apos;: &apos;text&apos;, &apos;bbox&apos;: (255.865, 392.604, 258.635, 405.894), &apos;color_space&apos;: &apos;DeviceGray&apos;, &apos;ncolor&apos;: None, &apos;size&apos;: 13.29000000000002, &apos;value&apos;: &apos;.&apos;, &apos;children&apos;: [], &apos;features&apos;: {}}, {&apos;type&apos;: &apos;text&apos;, &apos;bbox&apos;: (258.635, 392.604, 261.405, 405.894), &apos;color_space&apos;: &apos;DeviceGray&apos;, &apos;ncolor&apos;: None, &apos;size&apos;: 13.29000000000002, &apos;value&apos;: &apos;.&apos;, &apos;children&apos;: [], &apos;features&apos;: {}}, {&apos;type&apos;: &apos;text&apos;, &apos;bbox&apos;: (261.405, 392.604, 264.17499999999995, 405.894), &apos;color_space&apos;: &apos;DeviceGray&apos;, &apos;ncolor&apos;: None, &apos;size&apos;: 13.29000000000002, &apos;value&apos;: &apos;.&apos;, &apos;children&apos;: [], &apos;features&apos;: {}}, {&apos;type&apos;: &apos;text&apos;, &apos;bbox&apos;: (264.175, 392.604, 266.945, 405.894), &apos;color_space&apos;: &apos;DeviceGray&apos;, &apos;ncolor&apos;: None, &apos;size&apos;: 13.29000000000002, &apos;value&apos;: &apos;.&apos;, &apos;children&apos;: [], &apos;features&apos;: {}}, {&apos;type&apos;: &apos;text&apos;, &apos;bbox&apos;: (266.945, 392.604, 269.715, 405.894), &apos;color_space&apos;: &apos;DeviceGray&apos;, &apos;ncolor&apos;: None, &apos;size&apos;: 13.29000000000002, &apos;value&apos;: &apos;.&apos;, &apos;children&apos;: [], &apos;features&apos;: {}}, {&apos;type&apos;: &apos;text&apos;, &apos;bbox&apos;: (269.715, 392.604, 272.48499999999996, 405.894), &apos;color_space&apos;: &apos;DeviceGray&apos;, &apos;ncolor&apos;: None, &apos;size&apos;: 13.29000000000002, &apos;value&apos;: &apos;.&apos;, &apos;children&apos;: [], &apos;features&apos;: {}}, {&apos;type&apos;: &apos;text&apos;, &apos;bbox&apos;: (272.485, 392.604, 275.255, 405.894), &apos;color_space&apos;: &apos;DeviceGray&apos;, &apos;ncolor&apos;: None, &apos;size&apos;: 13.29000000000002, &apos;value&apos;: &apos;.&apos;, &apos;children&apos;: [], &apos;features&apos;: {}}, {&apos;type&apos;: &apos;text&apos;, &apos;bbox&apos;: (275.255, 392.604, 278.025, 405.894), &apos;color_space&apos;: &apos;DeviceGray&apos;, &apos;ncolor&apos;: None, &apos;size&apos;: 13.29000000000002, &apos;value&apos;: &apos;.&apos;, &apos;children&apos;: [], &apos;features&apos;: {}}, {&apos;type&apos;: &apos;text&apos;, &apos;bbox&apos;: (278.025, 392.604, 280.79499999999996, 405.894), &apos;color_space&apos;: &apos;DeviceGray&apos;, &apos;ncolor&apos;: None, &apos;size&apos;: 13.29000000000002, &apos;value&apos;: &apos;.&apos;, &apos;children&apos;: [], &apos;features&apos;: {}}, {&apos;type&apos;: &apos;text&apos;, &apos;bbox&apos;: (280.795, 392.604, 283.565, 405.894), &apos;color_space&apos;: &apos;DeviceGray&apos;, &apos;ncolor&apos;: None, &apos;size&apos;: 13.29000000000002, &apos;value&apos;: &apos;.&apos;, &apos;children&apos;: [], &apos;features&apos;: {}}, {&apos;type&apos;: &apos;text&apos;, &apos;bbox&apos;: (283.565, 392.604, 286.335, 405.894), &apos;color_space&apos;: &apos;DeviceGray&apos;, &apos;ncolor&apos;: None, &apos;size&apos;: 13.29000000000002, &apos;value&apos;: &apos;.&apos;, &apos;children&apos;: [], &apos;features&apos;: {}}, {&apos;type&apos;: &apos;text&apos;, &apos;bbox&apos;: (286.33500000000004, 392.604, 289.105, 405.894), &apos;color_space&apos;: &apos;DeviceGray&apos;, &apos;ncolor&apos;: None, &apos;size&apos;: 13.29000000000002, &apos;value&apos;: &apos;.&apos;, &apos;children&apos;: [], &apos;features&apos;: {}}, {&apos;type&apos;: &apos;text&apos;, &apos;bbox&apos;: (289.105, 392.604, 291.875, 405.894), &apos;color_space&apos;: &apos;DeviceGray&apos;, &apos;ncolor&apos;: None, &apos;size&apos;: 13.29000000000002, &apos;value&apos;: &apos;.&apos;, &apos;children&apos;: [], &apos;features&apos;: {}}, {&apos;type&apos;: &apos;text&apos;, &apos;bbox&apos;: (291.875, 392.604, 294.645, 405.894), &apos;color_space&apos;: &apos;DeviceGray&apos;, &apos;ncolor&apos;: None, &apos;size&apos;: 13.29000000000002, &apos;value&apos;: &apos;.&apos;, &apos;children&apos;: [], &apos;features&apos;: {}}, {&apos;type&apos;: &apos;text&apos;, &apos;bbox&apos;: (294.64500000000004, 392.604, 297.415, 405.894), &apos;color_space&apos;: &apos;DeviceGray&apos;, &apos;ncolor&apos;: None, &apos;size&apos;: 13.29000000000002, &apos;value&apos;: &apos;.&apos;, &apos;children&apos;: [], &apos;features&apos;: {}}, {&apos;type&apos;: &apos;text&apos;, &apos;bbox&apos;: (297.415, 392.604, 300.185, 405.894), &apos;color_space&apos;: &apos;DeviceGray&apos;, &apos;ncolor&apos;: None, &apos;size&apos;: 13.29000000000002, &apos;value&apos;: &apos;.&apos;, &apos;children&apos;: [], &apos;features&apos;: {}}, {&apos;type&apos;: &apos;text&apos;, &apos;bbox&apos;: (300.18500000000006, 392.604, 302.95500000000004, 405.894), &apos;color_space&apos;: &apos;DeviceGray&apos;, &apos;ncolor&apos;: None, &apos;size&apos;: 13.29000000000002, &apos;value&apos;: &apos;.&apos;, &apos;children&apos;: [], &apos;features&apos;: {}}, {&apos;type&apos;: &apos;text&apos;, &apos;bbox&apos;: (302.95500000000004, 392.604, 305.725, 405.894), &apos;color_space&apos;: &apos;DeviceGray&apos;, &apos;ncolor&apos;: None, &apos;size&apos;: 13.29000000000002, &apos;value&apos;: &apos;.&apos;, &apos;children&apos;: [], &apos;features&apos;: {}}, {&apos;type&apos;: &apos;text&apos;, &apos;bbox&apos;: (305.725, 392.604, 308.495, 405.894), &apos;color_space&apos;: &apos;DeviceGray&apos;, &apos;ncolor&apos;: None, &apos;size&apos;: 13.29000000000002, &apos;value&apos;: &apos;.&apos;, &apos;children&apos;: [], &apos;features&apos;: {}}, {&apos;type&apos;: &apos;text&apos;, &apos;bbox&apos;: (308.495, 392.604, 311.265, 405.894), &apos;color_space&apos;: &apos;DeviceGray&apos;, &apos;ncolor&apos;: None, &apos;size&apos;: 13.29000000000002, &apos;value&apos;: &apos;.&apos;, &apos;children&apos;: [], &apos;features&apos;: {}}, {&apos;type&apos;: &apos;text&apos;, &apos;bbox&apos;: (311.265, 392.604, 314.03499999999997, 405.894), &apos;color_space&apos;: &apos;DeviceGray&apos;, &apos;ncolor&apos;: None, &apos;size&apos;: 13.29000000000002, &apos;value&apos;: &apos;.&apos;, &apos;children&apos;: [], &apos;features&apos;: {}}, {&apos;type&apos;: &apos;text&apos;, &apos;bbox&apos;: (314.035, 392.604, 316.805, 405.894), &apos;color_space&apos;: &apos;DeviceGray&apos;, &apos;ncolor&apos;: None, &apos;size&apos;: 13.29000000000002, &apos;value&apos;: &apos;.&apos;, &apos;children&apos;: [], &apos;features&apos;: {}}, {&apos;type&apos;: &apos;text&apos;, &apos;bbox&apos;: (316.805, 392.604, 319.575, 405.894), &apos;color_space&apos;: &apos;DeviceGray&apos;, &apos;ncolor&apos;: None, &apos;size&apos;: 13.29000000000002, &apos;value&apos;: &apos;.&apos;, &apos;children&apos;: [], &apos;features&apos;: {}}, {&apos;type&apos;: &apos;text&apos;, &apos;bbox&apos;: (319.575, 392.604, 322.34499999999997, 405.894), &apos;color_space&apos;: &apos;DeviceGray&apos;, &apos;ncolor&apos;: None, &apos;size&apos;: 13.29000000000002, &apos;value&apos;: &apos;.&apos;, &apos;children&apos;: [], &apos;features&apos;: {}}, {&apos;type&apos;: &apos;text&apos;, &apos;bbox&apos;: (322.345, 392.604, 325.115, 405.894), &apos;color_space&apos;: &apos;DeviceGray&apos;, &apos;ncolor&apos;: None, &apos;size&apos;: 13.29000000000002, &apos;value&apos;: &apos;.&apos;, &apos;children&apos;: [], &apos;features&apos;: {}}, {&apos;type&apos;: &apos;text&apos;, &apos;bbox&apos;: (325.115, 392.604, 327.885, 405.894), &apos;color_space&apos;: &apos;DeviceGray&apos;, &apos;ncolor&apos;: None, &apos;size&apos;: 13.29000000000002, &apos;value&apos;: &apos;.&apos;, &apos;children&apos;: [], &apos;features&apos;: {}}, {&apos;type&apos;: &apos;text&apos;, &apos;bbox&apos;: (327.885, 392.604, 330.655, 405.894), &apos;color_space&apos;: &apos;DeviceGray&apos;, &apos;ncolor&apos;: None, &apos;size&apos;: 13.29000000000002, &apos;value&apos;: &apos;.&apos;, &apos;children&apos;: [], &apos;features&apos;: {}}, {&apos;type&apos;: &apos;text&apos;, &apos;bbox&apos;: (330.655, 392.604, 333.42499999999995, 405.894), &apos;color_space&apos;: &apos;DeviceGray&apos;, &apos;ncolor&apos;: None, &apos;size&apos;: 13.29000000000002, &apos;value&apos;: &apos;.&apos;, &apos;children&apos;: [], &apos;features&apos;: {}}, {&apos;type&apos;: &apos;text&apos;, &apos;bbox&apos;: (333.42499999999995, 392.604, 336.19499999999994, 405.894), &apos;color_space&apos;: &apos;DeviceGray&apos;, &apos;ncolor&apos;: None, &apos;size&apos;: 13.29000000000002, &apos;value&apos;: &apos;.&apos;, &apos;children&apos;: [], &apos;features&apos;: {}}, {&apos;type&apos;: &apos;text&apos;, &apos;bbox&apos;: (336.195, 392.604, 338.965, 405.894), &apos;color_space&apos;: &apos;DeviceGray&apos;, &apos;ncolor&apos;: None, &apos;size&apos;: 13.29000000000002, &apos;value&apos;: &apos;.&apos;, &apos;children&apos;: [], &apos;features&apos;: {}}, {&apos;type&apos;: &apos;text&apos;, &apos;bbox&apos;: (338.965, 392.604, 341.73499999999996, 405.894), &apos;color_space&apos;: &apos;DeviceGray&apos;, &apos;ncolor&apos;: None, &apos;size&apos;: 13.29000000000002, &apos;value&apos;: &apos;.&apos;, &apos;children&apos;: [], &apos;features&apos;: {}}, {&apos;type&apos;: &apos;text&apos;, &apos;bbox&apos;: (341.73499999999996, 392.604, 344.50499999999994, 405.894), &apos;color_space&apos;: &apos;DeviceGray&apos;, &apos;ncolor&apos;: None, &apos;size&apos;: 13.29000000000002, &apos;value&apos;: &apos;.&apos;, &apos;children&apos;: [], &apos;features&apos;: {}}, {&apos;type&apos;: &apos;text&apos;, &apos;bbox&apos;: (344.505, 392.604, 347.275, 405.894), &apos;color_space&apos;: &apos;DeviceGray&apos;, &apos;ncolor&apos;: None, &apos;size&apos;: 13.29000000000002, &apos;value&apos;: &apos;.&apos;, &apos;children&apos;: [], &apos;features&apos;: {}}, {&apos;type&apos;: &apos;text&apos;, &apos;bbox&apos;: (347.275, 392.604, 350.04499999999996, 405.894), &apos;color_space&apos;: &apos;DeviceGray&apos;, &apos;ncolor&apos;: None, &apos;size&apos;: 13.29000000000002, &apos;value&apos;: &apos;.&apos;, &apos;children&apos;: [], &apos;features&apos;: {}}, {&apos;type&apos;: &apos;text&apos;, &apos;bbox&apos;: (350.04499999999996, 392.604, 352.81499999999994, 405.894), &apos;color_space&apos;: &apos;DeviceGray&apos;, &apos;ncolor&apos;: None, &apos;size&apos;: 13.29000000000002, &apos;value&apos;: &apos;.&apos;, &apos;children&apos;: [], &apos;features&apos;: {}}, {&apos;type&apos;: &apos;text&apos;, &apos;bbox&apos;: (352.81499999999994, 392.604, 355.5849999999999, 405.894), &apos;color_space&apos;: &apos;DeviceGray&apos;, &apos;ncolor&apos;: None, &apos;size&apos;: 13.29000000000002, &apos;value&apos;: &apos;.&apos;, &apos;children&apos;: [], &apos;features&apos;: {}}, {&apos;type&apos;: &apos;text&apos;, &apos;bbox&apos;: (355.5849999999999, 392.604, 358.3549999999999, 405.894), &apos;color_space&apos;: &apos;DeviceGray&apos;, &apos;ncolor&apos;: None, &apos;size&apos;: 13.29000000000002, &apos;value&apos;: &apos;.&apos;, &apos;children&apos;: [], &apos;features&apos;: {}}, {&apos;type&apos;: &apos;text&apos;, &apos;bbox&apos;: (358.35499999999996, 392.604, 361.12499999999994, 405.894), &apos;color_space&apos;: &apos;DeviceGray&apos;, &apos;ncolor&apos;: None, &apos;size&apos;: 13.29000000000002, &apos;value&apos;: &apos;.&apos;, &apos;children&apos;: [], &apos;features&apos;: {}}, {&apos;type&apos;: &apos;text&apos;, &apos;bbox&apos;: (361.12499999999994, 392.604, 363.8949999999999, 405.894), &apos;color_space&apos;: &apos;DeviceGray&apos;, &apos;ncolor&apos;: None, &apos;size&apos;: 13.29000000000002, &apos;value&apos;: &apos;.&apos;, &apos;children&apos;: [], &apos;features&apos;: {}}, {&apos;type&apos;: &apos;text&apos;, &apos;bbox&apos;: (363.8949999999999, 392.604, 366.6649999999999, 405.894), &apos;color_space&apos;: &apos;DeviceGray&apos;, &apos;ncolor&apos;: None, &apos;size&apos;: 13.29000000000002, &apos;value&apos;: &apos;.&apos;, &apos;children&apos;: [], &apos;features&apos;: {}}, {&apos;type&apos;: &apos;text&apos;, &apos;bbox&apos;: (366.66499999999996, 392.604, 369.43499999999995, 405.894), &apos;color_space&apos;: &apos;DeviceGray&apos;, &apos;ncolor&apos;: None, &apos;size&apos;: 13.29000000000002, &apos;value&apos;: &apos;.&apos;, &apos;children&apos;: [], &apos;features&apos;: {}}, {&apos;type&apos;: &apos;text&apos;, &apos;bbox&apos;: (369.43499999999995, 392.604, 372.2049999999999, 405.894), &apos;color_space&apos;: &apos;DeviceGray&apos;, &apos;ncolor&apos;: None, &apos;size&apos;: 13.29000000000002, &apos;value&apos;: &apos;.&apos;, &apos;children&apos;: [], &apos;features&apos;: {}}, {&apos;type&apos;: &apos;text&apos;, &apos;bbox&apos;: (372.2049999999999, 392.604, 374.9749999999999, 405.894), &apos;color_space&apos;: &apos;DeviceGray&apos;, &apos;ncolor&apos;: None, &apos;size&apos;: 13.29000000000002, &apos;value&apos;: &apos;.&apos;, &apos;children&apos;: [], &apos;features&apos;: {}}, {&apos;type&apos;: &apos;text&apos;, &apos;bbox&apos;: (374.97499999999997, 392.604, 377.74499999999995, 405.894), &apos;color_space&apos;: &apos;DeviceGray&apos;, &apos;ncolor&apos;: None, &apos;size&apos;: 13.29000000000002, &apos;value&apos;: &apos;.&apos;, &apos;children&apos;: [], &apos;features&apos;: {}}, {&apos;type&apos;: &apos;text&apos;, &apos;bbox&apos;: (377.745, 392.604, 380.515, 405.894), &apos;color_space&apos;: &apos;DeviceGray&apos;, &apos;ncolor&apos;: None, &apos;size&apos;: 13.29000000000002, &apos;value&apos;: &apos;.&apos;, &apos;children&apos;: [], &apos;features&apos;: {}}, {&apos;type&apos;: &apos;text&apos;, &apos;bbox&apos;: (380.515, 392.604, 383.28499999999997, 405.894), &apos;color_space&apos;: &apos;DeviceGray&apos;, &apos;ncolor&apos;: None, &apos;size&apos;: 13.29000000000002, &apos;value&apos;: &apos;.&apos;, &apos;children&apos;: [], &apos;features&apos;: {}}, {&apos;type&apos;: &apos;text&apos;, &apos;bbox&apos;: (383.28499999999997, 392.604, 386.05499999999995, 405.894), &apos;color_space&apos;: &apos;DeviceGray&apos;, &apos;ncolor&apos;: None, &apos;size&apos;: 13.29000000000002, &apos;value&apos;: &apos;.&apos;, &apos;children&apos;: [], &apos;features&apos;: {}}, {&apos;type&apos;: &apos;text&apos;, &apos;bbox&apos;: (386.055, 392.604, 388.825, 405.894), &apos;color_space&apos;: &apos;DeviceGray&apos;, &apos;ncolor&apos;: None, &apos;size&apos;: 13.29000000000002, &apos;value&apos;: &apos;.&apos;, &apos;children&apos;: [], &apos;features&apos;: {}}, {&apos;type&apos;: &apos;text&apos;, &apos;bbox&apos;: (388.82500000000005, 392.604, 391.595, 405.894), &apos;color_space&apos;: &apos;DeviceGray&apos;, &apos;ncolor&apos;: None, &apos;size&apos;: 13.29000000000002, &apos;value&apos;: &apos;.&apos;, &apos;children&apos;: [], &apos;features&apos;: {}}, {&apos;type&apos;: &apos;text&apos;, &apos;bbox&apos;: (391.595, 392.604, 394.365, 405.894), &apos;color_space&apos;: &apos;DeviceGray&apos;, &apos;ncolor&apos;: None, &apos;size&apos;: 13.29000000000002, &apos;value&apos;: &apos;.&apos;, &apos;children&apos;: [], &apos;features&apos;: {}}, {&apos;type&apos;: &apos;text&apos;, &apos;bbox&apos;: (394.365, 392.604, 397.135, 405.894), &apos;color_space&apos;: &apos;DeviceGray&apos;, &apos;ncolor&apos;: None, &apos;size&apos;: 13.29000000000002, &apos;value&apos;: &apos;.&apos;, &apos;children&apos;: [], &apos;features&apos;: {}}, {&apos;type&apos;: &apos;text&apos;, &apos;bbox&apos;: (397.13500000000005, 392.604, 399.90500000000003, 405.894), &apos;color_space&apos;: &apos;DeviceGray&apos;, &apos;ncolor&apos;: None, &apos;size&apos;: 13.29000000000002, &apos;value&apos;: &apos;.&apos;, &apos;children&apos;: [], &apos;features&apos;: {}}, {&apos;type&apos;: &apos;text&apos;, &apos;bbox&apos;: (399.9050000000001, 392.604, 402.67500000000007, 405.894), &apos;color_space&apos;: &apos;DeviceGray&apos;, &apos;ncolor&apos;: None, &apos;size&apos;: 13.29000000000002, &apos;value&apos;: &apos;.&apos;, &apos;children&apos;: [], &apos;features&apos;: {}}, {&apos;type&apos;: &apos;text&apos;, &apos;bbox&apos;: (402.67500000000007, 392.604, 405.44500000000005, 405.894), &apos;color_space&apos;: &apos;DeviceGray&apos;, &apos;ncolor&apos;: None, &apos;size&apos;: 13.29000000000002, &apos;value&apos;: &apos;.&apos;, &apos;children&apos;: [], &apos;features&apos;: {}}, {&apos;type&apos;: &apos;text&apos;, &apos;bbox&apos;: (405.44500000000005, 392.604, 408.21500000000003, 405.894), &apos;color_space&apos;: &apos;DeviceGray&apos;, &apos;ncolor&apos;: None, &apos;size&apos;: 13.29000000000002, &apos;value&apos;: &apos;.&apos;, &apos;children&apos;: [], &apos;features&apos;: {}}, {&apos;type&apos;: &apos;text&apos;, &apos;bbox&apos;: (408.2150000000001, 392.604, 410.98500000000007, 405.894), &apos;color_space&apos;: &apos;DeviceGray&apos;, &apos;ncolor&apos;: None, &apos;size&apos;: 13.29000000000002, &apos;value&apos;: &apos;.&apos;, &apos;children&apos;: [], &apos;features&apos;: {}}, {&apos;type&apos;: &apos;text&apos;, &apos;bbox&apos;: (410.9850000000001, 392.604, 413.7550000000001, 405.894), &apos;color_space&apos;: &apos;DeviceGray&apos;, &apos;ncolor&apos;: None, &apos;size&apos;: 13.29000000000002, &apos;value&apos;: &apos;.&apos;, &apos;children&apos;: [], &apos;features&apos;: {}}, {&apos;type&apos;: &apos;text&apos;, &apos;bbox&apos;: (413.7550000000001, 392.604, 416.5250000000001, 405.894), &apos;color_space&apos;: &apos;DeviceGray&apos;, &apos;ncolor&apos;: None, &apos;size&apos;: 13.29000000000002, &apos;value&apos;: &apos;.&apos;, &apos;children&apos;: [], &apos;features&apos;: {}}, {&apos;type&apos;: &apos;text&apos;, &apos;bbox&apos;: (416.5250000000001, 392.604, 419.2950000000001, 405.894), &apos;color_space&apos;: &apos;DeviceGray&apos;, &apos;ncolor&apos;: None, &apos;size&apos;: 13.29000000000002, &apos;value&apos;: &apos;.&apos;, &apos;children&apos;: [], &apos;features&apos;: {}}, {&apos;type&apos;: &apos;text&apos;, &apos;bbox&apos;: (419.29500000000013, 392.604, 422.0650000000001, 405.894), &apos;color_space&apos;: &apos;DeviceGray&apos;, &apos;ncolor&apos;: None, &apos;size&apos;: 13.29000000000002, &apos;value&apos;: &apos;.&apos;, &apos;children&apos;: [], &apos;features&apos;: {}}, {&apos;type&apos;: &apos;text&apos;, &apos;bbox&apos;: (422.06500000000017, 392.604, 424.83500000000015, 405.894), &apos;color_space&apos;: &apos;DeviceGray&apos;, &apos;ncolor&apos;: None, &apos;size&apos;: 13.29000000000002, &apos;value&apos;: &apos;.&apos;, &apos;children&apos;: [], &apos;features&apos;: {}}, {&apos;type&apos;: &apos;text&apos;, &apos;bbox&apos;: (424.83500000000015, 392.604, 427.60500000000013, 405.894), &apos;color_space&apos;: &apos;DeviceGray&apos;, &apos;ncolor&apos;: None, &apos;size&apos;: 13.29000000000002, &apos;value&apos;: &apos;.&apos;, &apos;children&apos;: [], &apos;features&apos;: {}}, {&apos;type&apos;: &apos;text&apos;, &apos;bbox&apos;: (427.60500000000013, 392.604, 430.3750000000001, 405.894), &apos;color_space&apos;: &apos;DeviceGray&apos;, &apos;ncolor&apos;: None, &apos;size&apos;: 13.29000000000002, &apos;value&apos;: &apos;.&apos;, &apos;children&apos;: [], &apos;features&apos;: {}}, {&apos;type&apos;: &apos;text&apos;, &apos;bbox&apos;: (430.37500000000017, 392.604, 433.14500000000015, 405.894), &apos;color_space&apos;: &apos;DeviceGray&apos;, &apos;ncolor&apos;: None, &apos;size&apos;: 13.29000000000002, &apos;value&apos;: &apos;.&apos;, &apos;children&apos;: [], &apos;features&apos;: {}}, {&apos;type&apos;: &apos;text&apos;, &apos;bbox&apos;: (433.1450000000002, 392.604, 435.9150000000002, 405.894), &apos;color_space&apos;: &apos;DeviceGray&apos;, &apos;ncolor&apos;: None, &apos;size&apos;: 13.29000000000002, &apos;value&apos;: &apos;.&apos;, &apos;children&apos;: [], &apos;features&apos;: {}}, {&apos;type&apos;: &apos;text&apos;, &apos;bbox&apos;: (435.9150000000002, 392.604, 438.6850000000002, 405.894), &apos;color_space&apos;: &apos;DeviceGray&apos;, &apos;ncolor&apos;: None, &apos;size&apos;: 13.29000000000002, &apos;value&apos;: &apos;.&apos;, &apos;children&apos;: [], &apos;features&apos;: {}}, {&apos;type&apos;: &apos;text&apos;, &apos;bbox&apos;: (438.6850000000002, 392.604, 441.45500000000015, 405.894), &apos;color_space&apos;: &apos;DeviceGray&apos;, &apos;ncolor&apos;: None, &apos;size&apos;: 13.29000000000002, &apos;value&apos;: &apos;.&apos;, &apos;children&apos;: [], &apos;features&apos;: {}}, {&apos;type&apos;: &apos;text&apos;, &apos;bbox&apos;: (441.4550000000002, 392.604, 444.2250000000002, 405.894), &apos;color_space&apos;: &apos;DeviceGray&apos;, &apos;ncolor&apos;: None, &apos;size&apos;: 13.29000000000002, &apos;value&apos;: &apos;.&apos;, &apos;children&apos;: [], &apos;features&apos;: {}}, {&apos;type&apos;: &apos;text&apos;, &apos;bbox&apos;: (444.22500000000025, 392.604, 446.99500000000023, 405.894), &apos;color_space&apos;: &apos;DeviceGray&apos;, &apos;ncolor&apos;: None, &apos;size&apos;: 13.29000000000002, &apos;value&apos;: &apos;.&apos;, &apos;children&apos;: [], &apos;features&apos;: {}}, {&apos;type&apos;: &apos;text&apos;, &apos;bbox&apos;: (446.99500000000023, 392.604, 449.7650000000002, 405.894), &apos;color_space&apos;: &apos;DeviceGray&apos;, &apos;ncolor&apos;: None, &apos;size&apos;: 13.29000000000002, &apos;value&apos;: &apos;.&apos;, &apos;children&apos;: [], &apos;features&apos;: {}}, {&apos;type&apos;: &apos;text&apos;, &apos;bbox&apos;: (449.7650000000002, 392.604, 452.5350000000002, 405.894), &apos;color_space&apos;: &apos;DeviceGray&apos;, &apos;ncolor&apos;: None, &apos;size&apos;: 13.29000000000002, &apos;value&apos;: &apos;.&apos;, &apos;children&apos;: [], &apos;features&apos;: {}}, {&apos;type&apos;: &apos;text&apos;, &apos;bbox&apos;: (452.53500000000025, 392.604, 455.30500000000023, 405.894), &apos;color_space&apos;: &apos;DeviceGray&apos;, &apos;ncolor&apos;: None, &apos;size&apos;: 13.29000000000002, &apos;value&apos;: &apos;.&apos;, &apos;children&apos;: [], &apos;features&apos;: {}}, {&apos;type&apos;: &apos;text&apos;, &apos;bbox&apos;: (455.3050000000003, 392.604, 458.0750000000003, 405.894), &apos;color_space&apos;: &apos;DeviceGray&apos;, &apos;ncolor&apos;: None, &apos;size&apos;: 13.29000000000002, &apos;value&apos;: &apos;.&apos;, &apos;children&apos;: [], &apos;features&apos;: {}}, {&apos;type&apos;: &apos;text&apos;, &apos;bbox&apos;: (458.0750000000003, 392.604, 460.84500000000025, 405.894), &apos;color_space&apos;: &apos;DeviceGray&apos;, &apos;ncolor&apos;: None, &apos;size&apos;: 13.29000000000002, &apos;value&apos;: &apos;.&apos;, &apos;children&apos;: [], &apos;features&apos;: {}}, {&apos;type&apos;: &apos;text&apos;, &apos;bbox&apos;: (460.84500000000025, 392.604, 463.61500000000024, 405.894), &apos;color_space&apos;: &apos;DeviceGray&apos;, &apos;ncolor&apos;: None, &apos;size&apos;: 13.29000000000002, &apos;value&apos;: &apos;.&apos;, &apos;children&apos;: [], &apos;features&apos;: {}}, {&apos;type&apos;: &apos;text&apos;, &apos;bbox&apos;: (463.6150000000003, 392.604, 466.3850000000003, 405.894), &apos;color_space&apos;: &apos;DeviceGray&apos;, &apos;ncolor&apos;: None, &apos;size&apos;: 13.29000000000002, &apos;value&apos;: &apos;.&apos;, &apos;children&apos;: [], &apos;features&apos;: {}}, {&apos;type&apos;: &apos;text&apos;, &apos;bbox&apos;: (466.38500000000033, 392.604, 469.1550000000003, 405.894), &apos;color_space&apos;: &apos;DeviceGray&apos;, &apos;ncolor&apos;: None, &apos;size&apos;: 13.29000000000002, &apos;value&apos;: &apos;.&apos;, &apos;children&apos;: [], &apos;features&apos;: {}}, {&apos;type&apos;: &apos;text&apos;, &apos;bbox&apos;: (469.1550000000003, 392.604, 471.9250000000003, 405.894), &apos;color_space&apos;: &apos;DeviceGray&apos;, &apos;ncolor&apos;: None, &apos;size&apos;: 13.29000000000002, &apos;value&apos;: &apos;.&apos;, &apos;children&apos;: [], &apos;features&apos;: {}}, {&apos;type&apos;: &apos;text&apos;, &apos;bbox&apos;: (471.9250000000003, 392.604, 474.6950000000003, 405.894), &apos;color_space&apos;: &apos;DeviceGray&apos;, &apos;ncolor&apos;: None, &apos;size&apos;: 13.29000000000002, &apos;value&apos;: &apos;.&apos;, &apos;children&apos;: [], &apos;features&apos;: {}}, {&apos;type&apos;: &apos;text&apos;, &apos;bbox&apos;: (474.69500000000033, 392.604, 477.4650000000003, 405.894), &apos;color_space&apos;: &apos;DeviceGray&apos;, &apos;ncolor&apos;: None, &apos;size&apos;: 13.29000000000002, &apos;value&apos;: &apos;.&apos;, &apos;children&apos;: [], &apos;features&apos;: {}}, {&apos;type&apos;: &apos;text&apos;, &apos;bbox&apos;: (477.4650000000004, 392.604, 480.23500000000035, 405.894), &apos;color_space&apos;: &apos;DeviceGray&apos;, &apos;ncolor&apos;: None, &apos;size&apos;: 13.29000000000002, &apos;value&apos;: &apos;.&apos;, &apos;children&apos;: [], &apos;features&apos;: {}}, {&apos;type&apos;: &apos;text&apos;, &apos;bbox&apos;: (480.23500000000035, 392.604, 483.00500000000034, 405.894), &apos;color_space&apos;: &apos;DeviceGray&apos;, &apos;ncolor&apos;: None, &apos;size&apos;: 13.29000000000002, &apos;value&apos;: &apos;.&apos;, &apos;children&apos;: [], &apos;features&apos;: {}}, {&apos;type&apos;: &apos;text&apos;, &apos;bbox&apos;: (483.00500000000034, 392.604, 485.7750000000003, 405.894), &apos;color_space&apos;: &apos;DeviceGray&apos;, &apos;ncolor&apos;: None, &apos;size&apos;: 13.29000000000002, &apos;value&apos;: &apos;.&apos;, &apos;children&apos;: [], &apos;features&apos;: {}}, {&apos;type&apos;: &apos;text&apos;, &apos;bbox&apos;: (485.7750000000004, 392.604, 488.54500000000036, 405.894), &apos;color_space&apos;: &apos;DeviceGray&apos;, &apos;ncolor&apos;: None, &apos;size&apos;: 13.29000000000002, &apos;value&apos;: &apos;.&apos;, &apos;children&apos;: [], &apos;features&apos;: {}}, {&apos;type&apos;: &apos;text&apos;, &apos;bbox&apos;: (488.5450000000004, 392.604, 491.3150000000004, 405.894), &apos;color_space&apos;: &apos;DeviceGray&apos;, &apos;ncolor&apos;: None, &apos;size&apos;: 13.29000000000002, &apos;value&apos;: &apos;.&apos;, &apos;children&apos;: [], &apos;features&apos;: {}}, {&apos;type&apos;: &apos;text&apos;, &apos;bbox&apos;: (491.3150000000004, 392.604, 494.0850000000004, 405.894), &apos;color_space&apos;: &apos;DeviceGray&apos;, &apos;ncolor&apos;: None, &apos;size&apos;: 13.29000000000002, &apos;value&apos;: &apos;.&apos;, &apos;children&apos;: [], &apos;features&apos;: {}}, {&apos;type&apos;: &apos;text&apos;, &apos;bbox&apos;: (494.0850000000004, 392.604, 496.85500000000036, 405.894), &apos;color_space&apos;: &apos;DeviceGray&apos;, &apos;ncolor&apos;: None, &apos;size&apos;: 13.29000000000002, &apos;value&apos;: &apos;.&apos;, &apos;children&apos;: [], &apos;features&apos;: {}}, {&apos;type&apos;: &apos;text&apos;, &apos;bbox&apos;: (496.85500000000036, 392.604, 499.62500000000034, 405.894), &apos;color_space&apos;: &apos;DeviceGray&apos;, &apos;ncolor&apos;: None, &apos;size&apos;: 13.29000000000002, &apos;value&apos;: &apos;.&apos;, &apos;children&apos;: [], &apos;features&apos;: {}}, {&apos;type&apos;: &apos;text&apos;, &apos;bbox&apos;: (499.62500000000034, 392.604, 502.3950000000003, 405.894), &apos;color_space&apos;: &apos;DeviceGray&apos;, &apos;ncolor&apos;: None, &apos;size&apos;: 13.29000000000002, &apos;value&apos;: &apos;.&apos;, &apos;children&apos;: [], &apos;features&apos;: {}}, {&apos;type&apos;: &apos;text&apos;, &apos;bbox&apos;: (502.3950000000003, 392.604, 505.1650000000003, 405.894), &apos;color_space&apos;: &apos;DeviceGray&apos;, &apos;ncolor&apos;: None, &apos;size&apos;: 13.29000000000002, &apos;value&apos;: &apos;.&apos;, &apos;children&apos;: [], &apos;features&apos;: {}}, {&apos;type&apos;: &apos;text&apos;, &apos;bbox&apos;: (505.1650000000003, 392.604, 507.9350000000003, 405.894), &apos;color_space&apos;: &apos;DeviceGray&apos;, &apos;ncolor&apos;: None, &apos;size&apos;: 13.29000000000002, &apos;value&apos;: &apos;.&apos;, &apos;children&apos;: [], &apos;features&apos;: {}}, {&apos;type&apos;: &apos;text&apos;, &apos;bbox&apos;: (507.9350000000003, 392.604, 510.70500000000027, 405.894), &apos;color_space&apos;: &apos;DeviceGray&apos;, &apos;ncolor&apos;: None, &apos;size&apos;: 13.29000000000002, &apos;value&apos;: &apos;.&apos;, &apos;children&apos;: [], &apos;features&apos;: {}}, {&apos;type&apos;: &apos;text&apos;, &apos;bbox&apos;: (510.70500000000027, 392.604, 513.4750000000003, 405.894), &apos;color_space&apos;: &apos;DeviceGray&apos;, &apos;ncolor&apos;: None, &apos;size&apos;: 13.29000000000002, &apos;value&apos;: &apos;.&apos;, &apos;children&apos;: [], &apos;features&apos;: {}}, {&apos;type&apos;: &apos;text&apos;, &apos;bbox&apos;: (513.4750000000003, 392.604, 516.2450000000002, 405.894), &apos;color_space&apos;: &apos;DeviceGray&apos;, &apos;ncolor&apos;: None, &apos;size&apos;: 13.29000000000002, &apos;value&apos;: &apos;.&apos;, &apos;children&apos;: [], &apos;features&apos;: {}}, {&apos;type&apos;: &apos;text&apos;, &apos;bbox&apos;: (516.2450000000002, 392.604, 519.0150000000002, 405.894), &apos;color_space&apos;: &apos;DeviceGray&apos;, &apos;ncolor&apos;: None, &apos;size&apos;: 13.29000000000002, &apos;value&apos;: &apos;.&apos;, &apos;children&apos;: [], &apos;features&apos;: {}}, {&apos;type&apos;: &apos;text&apos;, &apos;bbox&apos;: (519.0150000000002, 392.604, 521.7850000000002, 405.894), &apos;color_space&apos;: &apos;DeviceGray&apos;, &apos;ncolor&apos;: None, &apos;size&apos;: 13.29000000000002, &apos;value&apos;: &apos;.&apos;, &apos;children&apos;: [], &apos;features&apos;: {}}, {&apos;type&apos;: &apos;text&apos;, &apos;bbox&apos;: (521.7850000000002, 392.604, 524.5550000000002, 405.894), &apos;color_space&apos;: &apos;DeviceGray&apos;, &apos;ncolor&apos;: None, &apos;size&apos;: 13.29000000000002, &apos;value&apos;: &apos;.&apos;, &apos;children&apos;: [], &apos;features&apos;: {}}, {&apos;type&apos;: &apos;text&apos;, &apos;bbox&apos;: (525.548, 392.604, 531.108, 405.894), &apos;color_space&apos;: &apos;DeviceGray&apos;, &apos;ncolor&apos;: None, &apos;size&apos;: 13.29000000000002, &apos;value&apos;: &apos;8&apos;, &apos;children&apos;: [], &apos;features&apos;: {}}, {&apos;type&apos;: &apos;text&apos;, &apos;bbox&apos;: (531.108, 392.604, 534.438, 405.894), &apos;color_space&apos;: &apos;DeviceGray&apos;, &apos;ncolor&apos;: None, &apos;size&apos;: 13.29000000000002, &apos;value&apos;: &apos;-&apos;, &apos;children&apos;: [], &apos;features&apos;: {}}, {&apos;type&apos;: &apos;text&apos;, &apos;bbox&apos;: (534.439, 392.604, 539.9989999999999, 405.894), &apos;color_space&apos;: &apos;DeviceGray&apos;, &apos;ncolor&apos;: None, &apos;size&apos;: 13.29000000000002, &apos;value&apos;: &apos;7&apos;, &apos;children&apos;: [], &apos;features&apos;: {}}], &apos;features&apos;: {}}
*********************





--------------------------------- CONTENT AREA --------------------------------- 
This content area has an image
{&apos;type&apos;: &apos;figure&apos;, &apos;bbox&apos;: (0, 0, 612.0, 792.0), &apos;name&apos;: &apos;fx66&apos;, &apos;children&apos;: [{&apos;type&apos;: &apos;text&apos;, &apos;bbox&apos;: (114.0, 340.58500000000004, 119.57, 354.065), &apos;color_space&apos;: &apos;DeviceGray&apos;, &apos;ncolor&apos;: None, &apos;size&apos;: 13.479999999999961, &apos;value&apos;: &apos;F&apos;, &apos;children&apos;: [], &apos;features&apos;: {}}, {&apos;type&apos;: &apos;text&apos;, &apos;bbox&apos;: (119.57, 340.58500000000004, 125.66999999999999, 354.065), &apos;color_space&apos;: &apos;DeviceGray&apos;, &apos;ncolor&apos;: None, &apos;size&apos;: 13.479999999999961, &apos;value&apos;: &apos;S&apos;, &apos;children&apos;: [], &apos;features&apos;: {}}, {&apos;type&apos;: &apos;text&apos;, &apos;bbox&apos;: (125.67, 340.58500000000004, 129.56, 354.065), &apos;color_space&apos;: &apos;DeviceGray&apos;, &apos;ncolor&apos;: None, &apos;size&apos;: 13.479999999999961, &apos;value&apos;: &apos;I&apos;, &apos;children&apos;: [], &apos;features&apos;: {}}, {&apos;type&apos;: &apos;text&apos;, &apos;bbox&apos;: (129.56, 340.58500000000004, 134.56, 354.065), &apos;color_space&apos;: &apos;DeviceGray&apos;, &apos;ncolor&apos;: None, &apos;size&apos;: 13.479999999999961, &apos;value&apos;: &apos;_&apos;, &apos;children&apos;: [], &apos;features&apos;: {}}, {&apos;type&apos;: &apos;text&apos;, &apos;bbox&apos;: (134.56, 340.58500000000004, 142.33, 354.065), &apos;color_space&apos;: &apos;DeviceGray&apos;, &apos;ncolor&apos;: None, &apos;size&apos;: 13.479999999999961, &apos;value&apos;: &apos;A&apos;, &apos;children&apos;: [], &apos;features&apos;: {}}, {&apos;type&apos;: &apos;text&apos;, &apos;bbox&apos;: (142.33, 340.58500000000004, 149.55, 354.065), &apos;color_space&apos;: &apos;DeviceGray&apos;, &apos;ncolor&apos;: None, &apos;size&apos;: 13.479999999999961, &apos;value&apos;: &apos;C&apos;, &apos;children&apos;: [], &apos;features&apos;: {}}, {&apos;type&apos;: &apos;text&apos;, &apos;bbox&apos;: (149.55, 340.58500000000004, 156.77, 354.065), &apos;color_space&apos;: &apos;DeviceGray&apos;, &apos;ncolor&apos;: None, &apos;size&apos;: 13.479999999999961, &apos;value&apos;: &apos;C&apos;, &apos;children&apos;: [], &apos;features&apos;: {}}, {&apos;type&apos;: &apos;text&apos;, &apos;bbox&apos;: (156.77, 340.58500000000004, 163.9, 354.065), &apos;color_space&apos;: &apos;DeviceGray&apos;, &apos;ncolor&apos;: None, &apos;size&apos;: 13.479999999999961, &apos;value&apos;: &apos;R&apos;, &apos;children&apos;: [], &apos;features&apos;: {}}, {&apos;type&apos;: &apos;text&apos;, &apos;bbox&apos;: (163.9, 340.58500000000004, 171.67000000000002, 354.065), &apos;color_space&apos;: &apos;DeviceGray&apos;, &apos;ncolor&apos;: None, &apos;size&apos;: 13.479999999999961, &apos;value&apos;: &apos;U&apos;, &apos;children&apos;: [], &apos;features&apos;: {}}, {&apos;type&apos;: &apos;text&apos;, &apos;bbox&apos;: (171.67000000000002, 340.58500000000004, 179.44000000000003, 354.065), &apos;color_space&apos;: &apos;DeviceGray&apos;, &apos;ncolor&apos;: None, &apos;size&apos;: 13.479999999999961, &apos;value&apos;: &apos;A&apos;, &apos;children&apos;: [], &apos;features&apos;: {}}, {&apos;type&apos;: &apos;text&apos;, &apos;bbox&apos;: (179.44, 340.58500000000004, 185.49, 354.065), &apos;color_space&apos;: &apos;DeviceGray&apos;, &apos;ncolor&apos;: None, &apos;size&apos;: 13.479999999999961, &apos;value&apos;: &apos;L&apos;, &apos;children&apos;: [], &apos;features&apos;: {}}, {&apos;type&apos;: &apos;text&apos;, &apos;bbox&apos;: (185.49, 340.58500000000004, 190.49, 354.065), &apos;color_space&apos;: &apos;DeviceGray&apos;, &apos;ncolor&apos;: None, &apos;size&apos;: 13.479999999999961, &apos;value&apos;: &apos;_&apos;, &apos;children&apos;: [], &apos;features&apos;: {}}, {&apos;type&apos;: &apos;text&apos;, &apos;bbox&apos;: (190.49, 340.58500000000004, 197.09, 354.065), &apos;color_space&apos;: &apos;DeviceGray&apos;, &apos;ncolor&apos;: None, &apos;size&apos;: 13.479999999999961, &apos;value&apos;: &apos;B&apos;, &apos;children&apos;: [], &apos;features&apos;: {}}, {&apos;type&apos;: &apos;text&apos;, &apos;bbox&apos;: (197.09, 340.58500000000004, 204.86, 354.065), &apos;color_space&apos;: &apos;DeviceGray&apos;, &apos;ncolor&apos;: None, &apos;size&apos;: 13.479999999999961, &apos;value&apos;: &apos;A&apos;, &apos;children&apos;: [], &apos;features&apos;: {}}, {&apos;type&apos;: &apos;text&apos;, &apos;bbox&apos;: (204.86, 340.58500000000004, 210.96, 354.065), &apos;color_space&apos;: &apos;DeviceGray&apos;, &apos;ncolor&apos;: None, &apos;size&apos;: 13.479999999999961, &apos;value&apos;: &apos;S&apos;, &apos;children&apos;: [], &apos;features&apos;: {}}, {&apos;type&apos;: &apos;text&apos;, &apos;bbox&apos;: (210.95999999999998, 340.58500000000004, 214.84999999999997, 354.065), &apos;color_space&apos;: &apos;DeviceGray&apos;, &apos;ncolor&apos;: None, &apos;size&apos;: 13.479999999999961, &apos;value&apos;: &apos;I&apos;, &apos;children&apos;: [], &apos;features&apos;: {}}, {&apos;type&apos;: &apos;text&apos;, &apos;bbox&apos;: (214.85, 340.58500000000004, 220.95, 354.065), &apos;color_space&apos;: &apos;DeviceGray&apos;, &apos;ncolor&apos;: None, &apos;size&apos;: 13.479999999999961, &apos;value&apos;: &apos;S&apos;, &apos;children&apos;: [], &apos;features&apos;: {}}, {&apos;type&apos;: &apos;text&apos;, &apos;bbox&apos;: (220.95, 340.58500000000004, 225.95, 354.065), &apos;color_space&apos;: &apos;DeviceGray&apos;, &apos;ncolor&apos;: None, &apos;size&apos;: 13.479999999999961, &apos;value&apos;: &apos;_&apos;, &apos;children&apos;: [], &apos;features&apos;: {}}, {&apos;type&apos;: &apos;text&apos;, &apos;bbox&apos;: (225.95, 340.58500000000004, 235.95, 354.065), &apos;color_space&apos;: &apos;DeviceGray&apos;, &apos;ncolor&apos;: None, &apos;size&apos;: 13.479999999999961, &apos;value&apos;: &apos;M&apos;, &apos;children&apos;: [], &apos;features&apos;: {}}, {&apos;type&apos;: &apos;text&apos;, &apos;bbox&apos;: (235.95, 340.58500000000004, 242.0, 354.065), &apos;color_space&apos;: &apos;DeviceGray&apos;, &apos;ncolor&apos;: None, &apos;size&apos;: 13.479999999999961, &apos;value&apos;: &apos;L&apos;, &apos;children&apos;: [], &apos;features&apos;: {}}, {&apos;type&apos;: &apos;text&apos;, &apos;bbox&apos;: (242.0, 340.58500000000004, 248.1, 354.065), &apos;color_space&apos;: &apos;DeviceGray&apos;, &apos;ncolor&apos;: None, &apos;size&apos;: 13.479999999999961, &apos;value&apos;: &apos;S&apos;, &apos;children&apos;: [], &apos;features&apos;: {}}, {&apos;type&apos;: &apos;text&apos;, &apos;bbox&apos;: (248.213, 341.315, 250.983, 354.605), &apos;color_space&apos;: &apos;DeviceGray&apos;, &apos;ncolor&apos;: None, &apos;size&apos;: 13.29000000000002, &apos;value&apos;: &apos;.&apos;, &apos;children&apos;: [], &apos;features&apos;: {}}, {&apos;type&apos;: &apos;text&apos;, &apos;bbox&apos;: (250.983, 341.315, 253.75300000000001, 354.605), &apos;color_space&apos;: &apos;DeviceGray&apos;, &apos;ncolor&apos;: None, &apos;size&apos;: 13.29000000000002, &apos;value&apos;: &apos;.&apos;, &apos;children&apos;: [], &apos;features&apos;: {}}, {&apos;type&apos;: &apos;text&apos;, &apos;bbox&apos;: (253.753, 341.315, 256.52299999999997, 354.605), &apos;color_space&apos;: &apos;DeviceGray&apos;, &apos;ncolor&apos;: None, &apos;size&apos;: 13.29000000000002, &apos;value&apos;: &apos;.&apos;, &apos;children&apos;: [], &apos;features&apos;: {}}, {&apos;type&apos;: &apos;text&apos;, &apos;bbox&apos;: (256.523, 341.315, 259.293, 354.605), &apos;color_space&apos;: &apos;DeviceGray&apos;, &apos;ncolor&apos;: None, &apos;size&apos;: 13.29000000000002, &apos;value&apos;: &apos;.&apos;, &apos;children&apos;: [], &apos;features&apos;: {}}, {&apos;type&apos;: &apos;text&apos;, &apos;bbox&apos;: (259.293, 341.315, 262.063, 354.605), &apos;color_space&apos;: &apos;DeviceGray&apos;, &apos;ncolor&apos;: None, &apos;size&apos;: 13.29000000000002, &apos;value&apos;: &apos;.&apos;, &apos;children&apos;: [], &apos;features&apos;: {}}, {&apos;type&apos;: &apos;text&apos;, &apos;bbox&apos;: (262.063, 341.315, 264.83299999999997, 354.605), &apos;color_space&apos;: &apos;DeviceGray&apos;, &apos;ncolor&apos;: None, &apos;size&apos;: 13.29000000000002, &apos;value&apos;: &apos;.&apos;, &apos;children&apos;: [], &apos;features&apos;: {}}, {&apos;type&apos;: &apos;text&apos;, &apos;bbox&apos;: (264.83299999999997, 341.315, 267.60299999999995, 354.605), &apos;color_space&apos;: &apos;DeviceGray&apos;, &apos;ncolor&apos;: None, &apos;size&apos;: 13.29000000000002, &apos;value&apos;: &apos;.&apos;, &apos;children&apos;: [], &apos;features&apos;: {}}, {&apos;type&apos;: &apos;text&apos;, &apos;bbox&apos;: (267.603, 341.315, 270.373, 354.605), &apos;color_space&apos;: &apos;DeviceGray&apos;, &apos;ncolor&apos;: None, &apos;size&apos;: 13.29000000000002, &apos;value&apos;: &apos;.&apos;, &apos;children&apos;: [], &apos;features&apos;: {}}, {&apos;type&apos;: &apos;text&apos;, &apos;bbox&apos;: (270.373, 341.315, 273.143, 354.605), &apos;color_space&apos;: &apos;DeviceGray&apos;, &apos;ncolor&apos;: None, &apos;size&apos;: 13.29000000000002, &apos;value&apos;: &apos;.&apos;, &apos;children&apos;: [], &apos;features&apos;: {}}, {&apos;type&apos;: &apos;text&apos;, &apos;bbox&apos;: (273.143, 341.315, 275.91299999999995, 354.605), &apos;color_space&apos;: &apos;DeviceGray&apos;, &apos;ncolor&apos;: None, &apos;size&apos;: 13.29000000000002, &apos;value&apos;: &apos;.&apos;, &apos;children&apos;: [], &apos;features&apos;: {}}, {&apos;type&apos;: &apos;text&apos;, &apos;bbox&apos;: (275.913, 341.315, 278.683, 354.605), &apos;color_space&apos;: &apos;DeviceGray&apos;, &apos;ncolor&apos;: None, &apos;size&apos;: 13.29000000000002, &apos;value&apos;: &apos;.&apos;, &apos;children&apos;: [], &apos;features&apos;: {}}, {&apos;type&apos;: &apos;text&apos;, &apos;bbox&apos;: (278.683, 341.315, 281.453, 354.605), &apos;color_space&apos;: &apos;DeviceGray&apos;, &apos;ncolor&apos;: None, &apos;size&apos;: 13.29000000000002, &apos;value&apos;: &apos;.&apos;, &apos;children&apos;: [], &apos;features&apos;: {}}, {&apos;type&apos;: &apos;text&apos;, &apos;bbox&apos;: (281.453, 341.315, 284.22299999999996, 354.605), &apos;color_space&apos;: &apos;DeviceGray&apos;, &apos;ncolor&apos;: None, &apos;size&apos;: 13.29000000000002, &apos;value&apos;: &apos;.&apos;, &apos;children&apos;: [], &apos;features&apos;: {}}, {&apos;type&apos;: &apos;text&apos;, &apos;bbox&apos;: (284.223, 341.315, 286.993, 354.605), &apos;color_space&apos;: &apos;DeviceGray&apos;, &apos;ncolor&apos;: None, &apos;size&apos;: 13.29000000000002, &apos;value&apos;: &apos;.&apos;, &apos;children&apos;: [], &apos;features&apos;: {}}, {&apos;type&apos;: &apos;text&apos;, &apos;bbox&apos;: (286.993, 341.315, 289.763, 354.605), &apos;color_space&apos;: &apos;DeviceGray&apos;, &apos;ncolor&apos;: None, &apos;size&apos;: 13.29000000000002, &apos;value&apos;: &apos;.&apos;, &apos;children&apos;: [], &apos;features&apos;: {}}, {&apos;type&apos;: &apos;text&apos;, &apos;bbox&apos;: (289.76300000000003, 341.315, 292.533, 354.605), &apos;color_space&apos;: &apos;DeviceGray&apos;, &apos;ncolor&apos;: None, &apos;size&apos;: 13.29000000000002, &apos;value&apos;: &apos;.&apos;, &apos;children&apos;: [], &apos;features&apos;: {}}, {&apos;type&apos;: &apos;text&apos;, &apos;bbox&apos;: (292.533, 341.315, 295.303, 354.605), &apos;color_space&apos;: &apos;DeviceGray&apos;, &apos;ncolor&apos;: None, &apos;size&apos;: 13.29000000000002, &apos;value&apos;: &apos;.&apos;, &apos;children&apos;: [], &apos;features&apos;: {}}, {&apos;type&apos;: &apos;text&apos;, &apos;bbox&apos;: (295.303, 341.315, 298.073, 354.605), &apos;color_space&apos;: &apos;DeviceGray&apos;, &apos;ncolor&apos;: None, &apos;size&apos;: 13.29000000000002, &apos;value&apos;: &apos;.&apos;, &apos;children&apos;: [], &apos;features&apos;: {}}, {&apos;type&apos;: &apos;text&apos;, &apos;bbox&apos;: (298.07300000000004, 341.315, 300.843, 354.605), &apos;color_space&apos;: &apos;DeviceGray&apos;, &apos;ncolor&apos;: None, &apos;size&apos;: 13.29000000000002, &apos;value&apos;: &apos;.&apos;, &apos;children&apos;: [], &apos;features&apos;: {}}, {&apos;type&apos;: &apos;text&apos;, &apos;bbox&apos;: (300.843, 341.315, 303.613, 354.605), &apos;color_space&apos;: &apos;DeviceGray&apos;, &apos;ncolor&apos;: None, &apos;size&apos;: 13.29000000000002, &apos;value&apos;: &apos;.&apos;, &apos;children&apos;: [], &apos;features&apos;: {}}, {&apos;type&apos;: &apos;text&apos;, &apos;bbox&apos;: (303.613, 341.315, 306.383, 354.605), &apos;color_space&apos;: &apos;DeviceGray&apos;, &apos;ncolor&apos;: None, &apos;size&apos;: 13.29000000000002, &apos;value&apos;: &apos;.&apos;, &apos;children&apos;: [], &apos;features&apos;: {}}, {&apos;type&apos;: &apos;text&apos;, &apos;bbox&apos;: (306.38300000000004, 341.315, 309.153, 354.605), &apos;color_space&apos;: &apos;DeviceGray&apos;, &apos;ncolor&apos;: None, &apos;size&apos;: 13.29000000000002, &apos;value&apos;: &apos;.&apos;, &apos;children&apos;: [], &apos;features&apos;: {}}, {&apos;type&apos;: &apos;text&apos;, &apos;bbox&apos;: (309.153, 341.315, 311.923, 354.605), &apos;color_space&apos;: &apos;DeviceGray&apos;, &apos;ncolor&apos;: None, &apos;size&apos;: 13.29000000000002, &apos;value&apos;: &apos;.&apos;, &apos;children&apos;: [], &apos;features&apos;: {}}, {&apos;type&apos;: &apos;text&apos;, &apos;bbox&apos;: (311.923, 341.315, 314.693, 354.605), &apos;color_space&apos;: &apos;DeviceGray&apos;, &apos;ncolor&apos;: None, &apos;size&apos;: 13.29000000000002, &apos;value&apos;: &apos;.&apos;, &apos;children&apos;: [], &apos;features&apos;: {}}, {&apos;type&apos;: &apos;text&apos;, &apos;bbox&apos;: (314.69300000000004, 341.315, 317.463, 354.605), &apos;color_space&apos;: &apos;DeviceGray&apos;, &apos;ncolor&apos;: None, &apos;size&apos;: 13.29000000000002, &apos;value&apos;: &apos;.&apos;, &apos;children&apos;: [], &apos;features&apos;: {}}, {&apos;type&apos;: &apos;text&apos;, &apos;bbox&apos;: (317.463, 341.315, 320.233, 354.605), &apos;color_space&apos;: &apos;DeviceGray&apos;, &apos;ncolor&apos;: None, &apos;size&apos;: 13.29000000000002, &apos;value&apos;: &apos;.&apos;, &apos;children&apos;: [], &apos;features&apos;: {}}, {&apos;type&apos;: &apos;text&apos;, &apos;bbox&apos;: (320.233, 341.315, 323.003, 354.605), &apos;color_space&apos;: &apos;DeviceGray&apos;, &apos;ncolor&apos;: None, &apos;size&apos;: 13.29000000000002, &apos;value&apos;: &apos;.&apos;, &apos;children&apos;: [], &apos;features&apos;: {}}, {&apos;type&apos;: &apos;text&apos;, &apos;bbox&apos;: (323.00300000000004, 341.315, 325.773, 354.605), &apos;color_space&apos;: &apos;DeviceGray&apos;, &apos;ncolor&apos;: None, &apos;size&apos;: 13.29000000000002, &apos;value&apos;: &apos;.&apos;, &apos;children&apos;: [], &apos;features&apos;: {}}, {&apos;type&apos;: &apos;text&apos;, &apos;bbox&apos;: (325.773, 341.315, 328.543, 354.605), &apos;color_space&apos;: &apos;DeviceGray&apos;, &apos;ncolor&apos;: None, &apos;size&apos;: 13.29000000000002, &apos;value&apos;: &apos;.&apos;, &apos;children&apos;: [], &apos;features&apos;: {}}, {&apos;type&apos;: &apos;text&apos;, &apos;bbox&apos;: (328.543, 341.315, 331.313, 354.605), &apos;color_space&apos;: &apos;DeviceGray&apos;, &apos;ncolor&apos;: None, &apos;size&apos;: 13.29000000000002, &apos;value&apos;: &apos;.&apos;, &apos;children&apos;: [], &apos;features&apos;: {}}, {&apos;type&apos;: &apos;text&apos;, &apos;bbox&apos;: (331.313, 341.315, 334.08299999999997, 354.605), &apos;color_space&apos;: &apos;DeviceGray&apos;, &apos;ncolor&apos;: None, &apos;size&apos;: 13.29000000000002, &apos;value&apos;: &apos;.&apos;, &apos;children&apos;: [], &apos;features&apos;: {}}, {&apos;type&apos;: &apos;text&apos;, &apos;bbox&apos;: (334.08299999999997, 341.315, 336.85299999999995, 354.605), &apos;color_space&apos;: &apos;DeviceGray&apos;, &apos;ncolor&apos;: None, &apos;size&apos;: 13.29000000000002, &apos;value&apos;: &apos;.&apos;, &apos;children&apos;: [], &apos;features&apos;: {}}, {&apos;type&apos;: &apos;text&apos;, &apos;bbox&apos;: (336.853, 341.315, 339.623, 354.605), &apos;color_space&apos;: &apos;DeviceGray&apos;, &apos;ncolor&apos;: None, &apos;size&apos;: 13.29000000000002, &apos;value&apos;: &apos;.&apos;, &apos;children&apos;: [], &apos;features&apos;: {}}, {&apos;type&apos;: &apos;text&apos;, &apos;bbox&apos;: (339.623, 341.315, 342.393, 354.605), &apos;color_space&apos;: &apos;DeviceGray&apos;, &apos;ncolor&apos;: None, &apos;size&apos;: 13.29000000000002, &apos;value&apos;: &apos;.&apos;, &apos;children&apos;: [], &apos;features&apos;: {}}, {&apos;type&apos;: &apos;text&apos;, &apos;bbox&apos;: (342.393, 341.315, 345.16299999999995, 354.605), &apos;color_space&apos;: &apos;DeviceGray&apos;, &apos;ncolor&apos;: None, &apos;size&apos;: 13.29000000000002, &apos;value&apos;: &apos;.&apos;, &apos;children&apos;: [], &apos;features&apos;: {}}, {&apos;type&apos;: &apos;text&apos;, &apos;bbox&apos;: (345.163, 341.315, 347.933, 354.605), &apos;color_space&apos;: &apos;DeviceGray&apos;, &apos;ncolor&apos;: None, &apos;size&apos;: 13.29000000000002, &apos;value&apos;: &apos;.&apos;, &apos;children&apos;: [], &apos;features&apos;: {}}, {&apos;type&apos;: &apos;text&apos;, &apos;bbox&apos;: (347.933, 341.315, 350.703, 354.605), &apos;color_space&apos;: &apos;DeviceGray&apos;, &apos;ncolor&apos;: None, &apos;size&apos;: 13.29000000000002, &apos;value&apos;: &apos;.&apos;, &apos;children&apos;: [], &apos;features&apos;: {}}, {&apos;type&apos;: &apos;text&apos;, &apos;bbox&apos;: (350.703, 341.315, 353.47299999999996, 354.605), &apos;color_space&apos;: &apos;DeviceGray&apos;, &apos;ncolor&apos;: None, &apos;size&apos;: 13.29000000000002, &apos;value&apos;: &apos;.&apos;, &apos;children&apos;: [], &apos;features&apos;: {}}, {&apos;type&apos;: &apos;text&apos;, &apos;bbox&apos;: (353.47299999999996, 341.315, 356.24299999999994, 354.605), &apos;color_space&apos;: &apos;DeviceGray&apos;, &apos;ncolor&apos;: None, &apos;size&apos;: 13.29000000000002, &apos;value&apos;: &apos;.&apos;, &apos;children&apos;: [], &apos;features&apos;: {}}, {&apos;type&apos;: &apos;text&apos;, &apos;bbox&apos;: (356.24299999999994, 341.315, 359.0129999999999, 354.605), &apos;color_space&apos;: &apos;DeviceGray&apos;, &apos;ncolor&apos;: None, &apos;size&apos;: 13.29000000000002, &apos;value&apos;: &apos;.&apos;, &apos;children&apos;: [], &apos;features&apos;: {}}, {&apos;type&apos;: &apos;text&apos;, &apos;bbox&apos;: (359.013, 341.315, 361.78299999999996, 354.605), &apos;color_space&apos;: &apos;DeviceGray&apos;, &apos;ncolor&apos;: None, &apos;size&apos;: 13.29000000000002, &apos;value&apos;: &apos;.&apos;, &apos;children&apos;: [], &apos;features&apos;: {}}, {&apos;type&apos;: &apos;text&apos;, &apos;bbox&apos;: (361.78299999999996, 341.315, 364.55299999999994, 354.605), &apos;color_space&apos;: &apos;DeviceGray&apos;, &apos;ncolor&apos;: None, &apos;size&apos;: 13.29000000000002, &apos;value&apos;: &apos;.&apos;, &apos;children&apos;: [], &apos;features&apos;: {}}, {&apos;type&apos;: &apos;text&apos;, &apos;bbox&apos;: (364.55299999999994, 341.315, 367.3229999999999, 354.605), &apos;color_space&apos;: &apos;DeviceGray&apos;, &apos;ncolor&apos;: None, &apos;size&apos;: 13.29000000000002, &apos;value&apos;: &apos;.&apos;, &apos;children&apos;: [], &apos;features&apos;: {}}, {&apos;type&apos;: &apos;text&apos;, &apos;bbox&apos;: (367.323, 341.315, 370.09299999999996, 354.605), &apos;color_space&apos;: &apos;DeviceGray&apos;, &apos;ncolor&apos;: None, &apos;size&apos;: 13.29000000000002, &apos;value&apos;: &apos;.&apos;, &apos;children&apos;: [], &apos;features&apos;: {}}, {&apos;type&apos;: &apos;text&apos;, &apos;bbox&apos;: (370.09299999999996, 341.315, 372.86299999999994, 354.605), &apos;color_space&apos;: &apos;DeviceGray&apos;, &apos;ncolor&apos;: None, &apos;size&apos;: 13.29000000000002, &apos;value&apos;: &apos;.&apos;, &apos;children&apos;: [], &apos;features&apos;: {}}, {&apos;type&apos;: &apos;text&apos;, &apos;bbox&apos;: (372.86299999999994, 341.315, 375.6329999999999, 354.605), &apos;color_space&apos;: &apos;DeviceGray&apos;, &apos;ncolor&apos;: None, &apos;size&apos;: 13.29000000000002, &apos;value&apos;: &apos;.&apos;, &apos;children&apos;: [], &apos;features&apos;: {}}, {&apos;type&apos;: &apos;text&apos;, &apos;bbox&apos;: (375.6329999999999, 341.315, 378.4029999999999, 354.605), &apos;color_space&apos;: &apos;DeviceGray&apos;, &apos;ncolor&apos;: None, &apos;size&apos;: 13.29000000000002, &apos;value&apos;: &apos;.&apos;, &apos;children&apos;: [], &apos;features&apos;: {}}, {&apos;type&apos;: &apos;text&apos;, &apos;bbox&apos;: (378.4029999999999, 341.315, 381.1729999999999, 354.605), &apos;color_space&apos;: &apos;DeviceGray&apos;, &apos;ncolor&apos;: None, &apos;size&apos;: 13.29000000000002, &apos;value&apos;: &apos;.&apos;, &apos;children&apos;: [], &apos;features&apos;: {}}, {&apos;type&apos;: &apos;text&apos;, &apos;bbox&apos;: (381.17299999999994, 341.315, 383.9429999999999, 354.605), &apos;color_space&apos;: &apos;DeviceGray&apos;, &apos;ncolor&apos;: None, &apos;size&apos;: 13.29000000000002, &apos;value&apos;: &apos;.&apos;, &apos;children&apos;: [], &apos;features&apos;: {}}, {&apos;type&apos;: &apos;text&apos;, &apos;bbox&apos;: (383.943, 341.315, 386.71299999999997, 354.605), &apos;color_space&apos;: &apos;DeviceGray&apos;, &apos;ncolor&apos;: None, &apos;size&apos;: 13.29000000000002, &apos;value&apos;: &apos;.&apos;, &apos;children&apos;: [], &apos;features&apos;: {}}, {&apos;type&apos;: &apos;text&apos;, &apos;bbox&apos;: (386.71299999999997, 341.315, 389.48299999999995, 354.605), &apos;color_space&apos;: &apos;DeviceGray&apos;, &apos;ncolor&apos;: None, &apos;size&apos;: 13.29000000000002, &apos;value&apos;: &apos;.&apos;, &apos;children&apos;: [], &apos;features&apos;: {}}, {&apos;type&apos;: &apos;text&apos;, &apos;bbox&apos;: (389.48299999999995, 341.315, 392.25299999999993, 354.605), &apos;color_space&apos;: &apos;DeviceGray&apos;, &apos;ncolor&apos;: None, &apos;size&apos;: 13.29000000000002, &apos;value&apos;: &apos;.&apos;, &apos;children&apos;: [], &apos;features&apos;: {}}, {&apos;type&apos;: &apos;text&apos;, &apos;bbox&apos;: (392.253, 341.315, 395.02299999999997, 354.605), &apos;color_space&apos;: &apos;DeviceGray&apos;, &apos;ncolor&apos;: None, &apos;size&apos;: 13.29000000000002, &apos;value&apos;: &apos;.&apos;, &apos;children&apos;: [], &apos;features&apos;: {}}, {&apos;type&apos;: &apos;text&apos;, &apos;bbox&apos;: (395.023, 341.315, 397.793, 354.605), &apos;color_space&apos;: &apos;DeviceGray&apos;, &apos;ncolor&apos;: None, &apos;size&apos;: 13.29000000000002, &apos;value&apos;: &apos;.&apos;, &apos;children&apos;: [], &apos;features&apos;: {}}, {&apos;type&apos;: &apos;text&apos;, &apos;bbox&apos;: (397.793, 341.315, 400.563, 354.605), &apos;color_space&apos;: &apos;DeviceGray&apos;, &apos;ncolor&apos;: None, &apos;size&apos;: 13.29000000000002, &apos;value&apos;: &apos;.&apos;, &apos;children&apos;: [], &apos;features&apos;: {}}, {&apos;type&apos;: &apos;text&apos;, &apos;bbox&apos;: (400.563, 341.315, 403.33299999999997, 354.605), &apos;color_space&apos;: &apos;DeviceGray&apos;, &apos;ncolor&apos;: None, &apos;size&apos;: 13.29000000000002, &apos;value&apos;: &apos;.&apos;, &apos;children&apos;: [], &apos;features&apos;: {}}, {&apos;type&apos;: &apos;text&apos;, &apos;bbox&apos;: (403.333, 341.315, 406.103, 354.605), &apos;color_space&apos;: &apos;DeviceGray&apos;, &apos;ncolor&apos;: None, &apos;size&apos;: 13.29000000000002, &apos;value&apos;: &apos;.&apos;, &apos;children&apos;: [], &apos;features&apos;: {}}, {&apos;type&apos;: &apos;text&apos;, &apos;bbox&apos;: (406.10300000000007, 341.315, 408.87300000000005, 354.605), &apos;color_space&apos;: &apos;DeviceGray&apos;, &apos;ncolor&apos;: None, &apos;size&apos;: 13.29000000000002, &apos;value&apos;: &apos;.&apos;, &apos;children&apos;: [], &apos;features&apos;: {}}, {&apos;type&apos;: &apos;text&apos;, &apos;bbox&apos;: (408.87300000000005, 341.315, 411.64300000000003, 354.605), &apos;color_space&apos;: &apos;DeviceGray&apos;, &apos;ncolor&apos;: None, &apos;size&apos;: 13.29000000000002, &apos;value&apos;: &apos;.&apos;, &apos;children&apos;: [], &apos;features&apos;: {}}, {&apos;type&apos;: &apos;text&apos;, &apos;bbox&apos;: (411.64300000000003, 341.315, 414.413, 354.605), &apos;color_space&apos;: &apos;DeviceGray&apos;, &apos;ncolor&apos;: None, &apos;size&apos;: 13.29000000000002, &apos;value&apos;: &apos;.&apos;, &apos;children&apos;: [], &apos;features&apos;: {}}, {&apos;type&apos;: &apos;text&apos;, &apos;bbox&apos;: (414.41300000000007, 341.315, 417.18300000000005, 354.605), &apos;color_space&apos;: &apos;DeviceGray&apos;, &apos;ncolor&apos;: None, &apos;size&apos;: 13.29000000000002, &apos;value&apos;: &apos;.&apos;, &apos;children&apos;: [], &apos;features&apos;: {}}, {&apos;type&apos;: &apos;text&apos;, &apos;bbox&apos;: (417.1830000000001, 341.315, 419.9530000000001, 354.605), &apos;color_space&apos;: &apos;DeviceGray&apos;, &apos;ncolor&apos;: None, &apos;size&apos;: 13.29000000000002, &apos;value&apos;: &apos;.&apos;, &apos;children&apos;: [], &apos;features&apos;: {}}, {&apos;type&apos;: &apos;text&apos;, &apos;bbox&apos;: (419.9530000000001, 341.315, 422.72300000000007, 354.605), &apos;color_space&apos;: &apos;DeviceGray&apos;, &apos;ncolor&apos;: None, &apos;size&apos;: 13.29000000000002, &apos;value&apos;: &apos;.&apos;, &apos;children&apos;: [], &apos;features&apos;: {}}, {&apos;type&apos;: &apos;text&apos;, &apos;bbox&apos;: (422.72300000000007, 341.315, 425.49300000000005, 354.605), &apos;color_space&apos;: &apos;DeviceGray&apos;, &apos;ncolor&apos;: None, &apos;size&apos;: 13.29000000000002, &apos;value&apos;: &apos;.&apos;, &apos;children&apos;: [], &apos;features&apos;: {}}, {&apos;type&apos;: &apos;text&apos;, &apos;bbox&apos;: (425.4930000000001, 341.315, 428.2630000000001, 354.605), &apos;color_space&apos;: &apos;DeviceGray&apos;, &apos;ncolor&apos;: None, &apos;size&apos;: 13.29000000000002, &apos;value&apos;: &apos;.&apos;, &apos;children&apos;: [], &apos;features&apos;: {}}, {&apos;type&apos;: &apos;text&apos;, &apos;bbox&apos;: (428.26300000000015, 341.315, 431.03300000000013, 354.605), &apos;color_space&apos;: &apos;DeviceGray&apos;, &apos;ncolor&apos;: None, &apos;size&apos;: 13.29000000000002, &apos;value&apos;: &apos;.&apos;, &apos;children&apos;: [], &apos;features&apos;: {}}, {&apos;type&apos;: &apos;text&apos;, &apos;bbox&apos;: (431.03300000000013, 341.315, 433.8030000000001, 354.605), &apos;color_space&apos;: &apos;DeviceGray&apos;, &apos;ncolor&apos;: None, &apos;size&apos;: 13.29000000000002, &apos;value&apos;: &apos;.&apos;, &apos;children&apos;: [], &apos;features&apos;: {}}, {&apos;type&apos;: &apos;text&apos;, &apos;bbox&apos;: (433.8030000000001, 341.315, 436.5730000000001, 354.605), &apos;color_space&apos;: &apos;DeviceGray&apos;, &apos;ncolor&apos;: None, &apos;size&apos;: 13.29000000000002, &apos;value&apos;: &apos;.&apos;, &apos;children&apos;: [], &apos;features&apos;: {}}, {&apos;type&apos;: &apos;text&apos;, &apos;bbox&apos;: (436.57300000000015, 341.315, 439.34300000000013, 354.605), &apos;color_space&apos;: &apos;DeviceGray&apos;, &apos;ncolor&apos;: None, &apos;size&apos;: 13.29000000000002, &apos;value&apos;: &apos;.&apos;, &apos;children&apos;: [], &apos;features&apos;: {}}, {&apos;type&apos;: &apos;text&apos;, &apos;bbox&apos;: (439.3430000000002, 341.315, 442.11300000000017, 354.605), &apos;color_space&apos;: &apos;DeviceGray&apos;, &apos;ncolor&apos;: None, &apos;size&apos;: 13.29000000000002, &apos;value&apos;: &apos;.&apos;, &apos;children&apos;: [], &apos;features&apos;: {}}, {&apos;type&apos;: &apos;text&apos;, &apos;bbox&apos;: (442.11300000000017, 341.315, 444.88300000000015, 354.605), &apos;color_space&apos;: &apos;DeviceGray&apos;, &apos;ncolor&apos;: None, &apos;size&apos;: 13.29000000000002, &apos;value&apos;: &apos;.&apos;, &apos;children&apos;: [], &apos;features&apos;: {}}, {&apos;type&apos;: &apos;text&apos;, &apos;bbox&apos;: (444.88300000000015, 341.315, 447.65300000000013, 354.605), &apos;color_space&apos;: &apos;DeviceGray&apos;, &apos;ncolor&apos;: None, &apos;size&apos;: 13.29000000000002, &apos;value&apos;: &apos;.&apos;, &apos;children&apos;: [], &apos;features&apos;: {}}, {&apos;type&apos;: &apos;text&apos;, &apos;bbox&apos;: (447.6530000000002, 341.315, 450.4230000000002, 354.605), &apos;color_space&apos;: &apos;DeviceGray&apos;, &apos;ncolor&apos;: None, &apos;size&apos;: 13.29000000000002, &apos;value&apos;: &apos;.&apos;, &apos;children&apos;: [], &apos;features&apos;: {}}, {&apos;type&apos;: &apos;text&apos;, &apos;bbox&apos;: (450.42300000000023, 341.315, 453.1930000000002, 354.605), &apos;color_space&apos;: &apos;DeviceGray&apos;, &apos;ncolor&apos;: None, &apos;size&apos;: 13.29000000000002, &apos;value&apos;: &apos;.&apos;, &apos;children&apos;: [], &apos;features&apos;: {}}, {&apos;type&apos;: &apos;text&apos;, &apos;bbox&apos;: (453.1930000000002, 341.315, 455.9630000000002, 354.605), &apos;color_space&apos;: &apos;DeviceGray&apos;, &apos;ncolor&apos;: None, &apos;size&apos;: 13.29000000000002, &apos;value&apos;: &apos;.&apos;, &apos;children&apos;: [], &apos;features&apos;: {}}, {&apos;type&apos;: &apos;text&apos;, &apos;bbox&apos;: (455.9630000000002, 341.315, 458.7330000000002, 354.605), &apos;color_space&apos;: &apos;DeviceGray&apos;, &apos;ncolor&apos;: None, &apos;size&apos;: 13.29000000000002, &apos;value&apos;: &apos;.&apos;, &apos;children&apos;: [], &apos;features&apos;: {}}, {&apos;type&apos;: &apos;text&apos;, &apos;bbox&apos;: (458.73300000000023, 341.315, 461.5030000000002, 354.605), &apos;color_space&apos;: &apos;DeviceGray&apos;, &apos;ncolor&apos;: None, &apos;size&apos;: 13.29000000000002, &apos;value&apos;: &apos;.&apos;, &apos;children&apos;: [], &apos;features&apos;: {}}, {&apos;type&apos;: &apos;text&apos;, &apos;bbox&apos;: (461.50300000000027, 341.315, 464.27300000000025, 354.605), &apos;color_space&apos;: &apos;DeviceGray&apos;, &apos;ncolor&apos;: None, &apos;size&apos;: 13.29000000000002, &apos;value&apos;: &apos;.&apos;, &apos;children&apos;: [], &apos;features&apos;: {}}, {&apos;type&apos;: &apos;text&apos;, &apos;bbox&apos;: (464.27300000000025, 341.315, 467.04300000000023, 354.605), &apos;color_space&apos;: &apos;DeviceGray&apos;, &apos;ncolor&apos;: None, &apos;size&apos;: 13.29000000000002, &apos;value&apos;: &apos;.&apos;, &apos;children&apos;: [], &apos;features&apos;: {}}, {&apos;type&apos;: &apos;text&apos;, &apos;bbox&apos;: (467.04300000000023, 341.315, 469.8130000000002, 354.605), &apos;color_space&apos;: &apos;DeviceGray&apos;, &apos;ncolor&apos;: None, &apos;size&apos;: 13.29000000000002, &apos;value&apos;: &apos;.&apos;, &apos;children&apos;: [], &apos;features&apos;: {}}, {&apos;type&apos;: &apos;text&apos;, &apos;bbox&apos;: (469.8130000000003, 341.315, 472.58300000000025, 354.605), &apos;color_space&apos;: &apos;DeviceGray&apos;, &apos;ncolor&apos;: None, &apos;size&apos;: 13.29000000000002, &apos;value&apos;: &apos;.&apos;, &apos;children&apos;: [], &apos;features&apos;: {}}, {&apos;type&apos;: &apos;text&apos;, &apos;bbox&apos;: (472.5830000000003, 341.315, 475.3530000000003, 354.605), &apos;color_space&apos;: &apos;DeviceGray&apos;, &apos;ncolor&apos;: None, &apos;size&apos;: 13.29000000000002, &apos;value&apos;: &apos;.&apos;, &apos;children&apos;: [], &apos;features&apos;: {}}, {&apos;type&apos;: &apos;text&apos;, &apos;bbox&apos;: (475.3530000000003, 341.315, 478.1230000000003, 354.605), &apos;color_space&apos;: &apos;DeviceGray&apos;, &apos;ncolor&apos;: None, &apos;size&apos;: 13.29000000000002, &apos;value&apos;: &apos;.&apos;, &apos;children&apos;: [], &apos;features&apos;: {}}, {&apos;type&apos;: &apos;text&apos;, &apos;bbox&apos;: (478.1230000000003, 341.315, 480.89300000000026, 354.605), &apos;color_space&apos;: &apos;DeviceGray&apos;, &apos;ncolor&apos;: None, &apos;size&apos;: 13.29000000000002, &apos;value&apos;: &apos;.&apos;, &apos;children&apos;: [], &apos;features&apos;: {}}, {&apos;type&apos;: &apos;text&apos;, &apos;bbox&apos;: (480.8930000000003, 341.315, 483.6630000000003, 354.605), &apos;color_space&apos;: &apos;DeviceGray&apos;, &apos;ncolor&apos;: None, &apos;size&apos;: 13.29000000000002, &apos;value&apos;: &apos;.&apos;, &apos;children&apos;: [], &apos;features&apos;: {}}, {&apos;type&apos;: &apos;text&apos;, &apos;bbox&apos;: (483.66300000000035, 341.315, 486.43300000000033, 354.605), &apos;color_space&apos;: &apos;DeviceGray&apos;, &apos;ncolor&apos;: None, &apos;size&apos;: 13.29000000000002, &apos;value&apos;: &apos;.&apos;, &apos;children&apos;: [], &apos;features&apos;: {}}, {&apos;type&apos;: &apos;text&apos;, &apos;bbox&apos;: (486.43300000000033, 341.315, 489.2030000000003, 354.605), &apos;color_space&apos;: &apos;DeviceGray&apos;, &apos;ncolor&apos;: None, &apos;size&apos;: 13.29000000000002, &apos;value&apos;: &apos;.&apos;, &apos;children&apos;: [], &apos;features&apos;: {}}, {&apos;type&apos;: &apos;text&apos;, &apos;bbox&apos;: (489.2030000000003, 341.315, 491.9730000000003, 354.605), &apos;color_space&apos;: &apos;DeviceGray&apos;, &apos;ncolor&apos;: None, &apos;size&apos;: 13.29000000000002, &apos;value&apos;: &apos;.&apos;, &apos;children&apos;: [], &apos;features&apos;: {}}, {&apos;type&apos;: &apos;text&apos;, &apos;bbox&apos;: (491.97300000000035, 341.315, 494.74300000000034, 354.605), &apos;color_space&apos;: &apos;DeviceGray&apos;, &apos;ncolor&apos;: None, &apos;size&apos;: 13.29000000000002, &apos;value&apos;: &apos;.&apos;, &apos;children&apos;: [], &apos;features&apos;: {}}, {&apos;type&apos;: &apos;text&apos;, &apos;bbox&apos;: (494.7430000000004, 341.315, 497.5130000000004, 354.605), &apos;color_space&apos;: &apos;DeviceGray&apos;, &apos;ncolor&apos;: None, &apos;size&apos;: 13.29000000000002, &apos;value&apos;: &apos;.&apos;, &apos;children&apos;: [], &apos;features&apos;: {}}, {&apos;type&apos;: &apos;text&apos;, &apos;bbox&apos;: (497.5130000000004, 341.315, 500.28300000000036, 354.605), &apos;color_space&apos;: &apos;DeviceGray&apos;, &apos;ncolor&apos;: None, &apos;size&apos;: 13.29000000000002, &apos;value&apos;: &apos;.&apos;, &apos;children&apos;: [], &apos;features&apos;: {}}, {&apos;type&apos;: &apos;text&apos;, &apos;bbox&apos;: (500.28300000000036, 341.315, 503.05300000000034, 354.605), &apos;color_space&apos;: &apos;DeviceGray&apos;, &apos;ncolor&apos;: None, &apos;size&apos;: 13.29000000000002, &apos;value&apos;: &apos;.&apos;, &apos;children&apos;: [], &apos;features&apos;: {}}, {&apos;type&apos;: &apos;text&apos;, &apos;bbox&apos;: (503.0530000000004, 341.315, 505.8230000000004, 354.605), &apos;color_space&apos;: &apos;DeviceGray&apos;, &apos;ncolor&apos;: None, &apos;size&apos;: 13.29000000000002, &apos;value&apos;: &apos;.&apos;, &apos;children&apos;: [], &apos;features&apos;: {}}, {&apos;type&apos;: &apos;text&apos;, &apos;bbox&apos;: (505.82300000000043, 341.315, 508.5930000000004, 354.605), &apos;color_space&apos;: &apos;DeviceGray&apos;, &apos;ncolor&apos;: None, &apos;size&apos;: 13.29000000000002, &apos;value&apos;: &apos;.&apos;, &apos;children&apos;: [], &apos;features&apos;: {}}, {&apos;type&apos;: &apos;text&apos;, &apos;bbox&apos;: (508.5930000000004, 341.315, 511.3630000000004, 354.605), &apos;color_space&apos;: &apos;DeviceGray&apos;, &apos;ncolor&apos;: None, &apos;size&apos;: 13.29000000000002, &apos;value&apos;: &apos;.&apos;, &apos;children&apos;: [], &apos;features&apos;: {}}, {&apos;type&apos;: &apos;text&apos;, &apos;bbox&apos;: (511.3630000000004, 341.315, 514.1330000000004, 354.605), &apos;color_space&apos;: &apos;DeviceGray&apos;, &apos;ncolor&apos;: None, &apos;size&apos;: 13.29000000000002, &apos;value&apos;: &apos;.&apos;, &apos;children&apos;: [], &apos;features&apos;: {}}, {&apos;type&apos;: &apos;text&apos;, &apos;bbox&apos;: (514.1330000000004, 341.315, 516.9030000000004, 354.605), &apos;color_space&apos;: &apos;DeviceGray&apos;, &apos;ncolor&apos;: None, &apos;size&apos;: 13.29000000000002, &apos;value&apos;: &apos;.&apos;, &apos;children&apos;: [], &apos;features&apos;: {}}, {&apos;type&apos;: &apos;text&apos;, &apos;bbox&apos;: (516.9030000000004, 341.315, 519.6730000000003, 354.605), &apos;color_space&apos;: &apos;DeviceGray&apos;, &apos;ncolor&apos;: None, &apos;size&apos;: 13.29000000000002, &apos;value&apos;: &apos;.&apos;, &apos;children&apos;: [], &apos;features&apos;: {}}, {&apos;type&apos;: &apos;text&apos;, &apos;bbox&apos;: (519.6730000000003, 341.315, 522.4430000000003, 354.605), &apos;color_space&apos;: &apos;DeviceGray&apos;, &apos;ncolor&apos;: None, &apos;size&apos;: 13.29000000000002, &apos;value&apos;: &apos;.&apos;, &apos;children&apos;: [], &apos;features&apos;: {}}, {&apos;type&apos;: &apos;text&apos;, &apos;bbox&apos;: (525.548, 341.315, 531.108, 354.605), &apos;color_space&apos;: &apos;DeviceGray&apos;, &apos;ncolor&apos;: None, &apos;size&apos;: 13.29000000000002, &apos;value&apos;: &apos;9&apos;, &apos;children&apos;: [], &apos;features&apos;: {}}, {&apos;type&apos;: &apos;text&apos;, &apos;bbox&apos;: (531.108, 341.315, 534.438, 354.605), &apos;color_space&apos;: &apos;DeviceGray&apos;, &apos;ncolor&apos;: None, &apos;size&apos;: 13.29000000000002, &apos;value&apos;: &apos;-&apos;, &apos;children&apos;: [], &apos;features&apos;: {}}, {&apos;type&apos;: &apos;text&apos;, &apos;bbox&apos;: (534.439, 341.315, 539.9989999999999, 354.605), &apos;color_space&apos;: &apos;DeviceGray&apos;, &apos;ncolor&apos;: None, &apos;size&apos;: 13.29000000000002, &apos;value&apos;: &apos;1&apos;, &apos;children&apos;: [], &apos;features&apos;: {}}], &apos;features&apos;: {}}
*********************





--------------------------------- CONTENT AREA --------------------------------- 
This content area has an image
{&apos;type&apos;: &apos;figure&apos;, &apos;bbox&apos;: (0, 0, 612.0, 792.0), &apos;name&apos;: &apos;fx67&apos;, &apos;children&apos;: [{&apos;type&apos;: &apos;text&apos;, &apos;bbox&apos;: (114.0, 325.09400000000005, 119.57, 338.574), &apos;color_space&apos;: &apos;DeviceGray&apos;, &apos;ncolor&apos;: None, &apos;size&apos;: 13.479999999999961, &apos;value&apos;: &apos;F&apos;, &apos;children&apos;: [], &apos;features&apos;: {}}, {&apos;type&apos;: &apos;text&apos;, &apos;bbox&apos;: (119.57, 325.09400000000005, 125.66999999999999, 338.574), &apos;color_space&apos;: &apos;DeviceGray&apos;, &apos;ncolor&apos;: None, &apos;size&apos;: 13.479999999999961, &apos;value&apos;: &apos;S&apos;, &apos;children&apos;: [], &apos;features&apos;: {}}, {&apos;type&apos;: &apos;text&apos;, &apos;bbox&apos;: (125.67, 325.09400000000005, 129.56, 338.574), &apos;color_space&apos;: &apos;DeviceGray&apos;, &apos;ncolor&apos;: None, &apos;size&apos;: 13.479999999999961, &apos;value&apos;: &apos;I&apos;, &apos;children&apos;: [], &apos;features&apos;: {}}, {&apos;type&apos;: &apos;text&apos;, &apos;bbox&apos;: (129.56, 325.09400000000005, 134.56, 338.574), &apos;color_space&apos;: &apos;DeviceGray&apos;, &apos;ncolor&apos;: None, &apos;size&apos;: 13.479999999999961, &apos;value&apos;: &apos;_&apos;, &apos;children&apos;: [], &apos;features&apos;: {}}, {&apos;type&apos;: &apos;text&apos;, &apos;bbox&apos;: (134.56, 325.09400000000005, 142.33, 338.574), &apos;color_space&apos;: &apos;DeviceGray&apos;, &apos;ncolor&apos;: None, &apos;size&apos;: 13.479999999999961, &apos;value&apos;: &apos;A&apos;, &apos;children&apos;: [], &apos;features&apos;: {}}, {&apos;type&apos;: &apos;text&apos;, &apos;bbox&apos;: (142.33, 325.09400000000005, 150.64000000000001, 338.574), &apos;color_space&apos;: &apos;DeviceGray&apos;, &apos;ncolor&apos;: None, &apos;size&apos;: 13.479999999999961, &apos;value&apos;: &apos;D&apos;, &apos;children&apos;: [], &apos;features&apos;: {}}, {&apos;type&apos;: &apos;text&apos;, &apos;bbox&apos;: (150.64, 325.09400000000005, 154.52999999999997, 338.574), &apos;color_space&apos;: &apos;DeviceGray&apos;, &apos;ncolor&apos;: None, &apos;size&apos;: 13.479999999999961, &apos;value&apos;: &apos;J&apos;, &apos;children&apos;: [], &apos;features&apos;: {}}, {&apos;type&apos;: &apos;text&apos;, &apos;bbox&apos;: (154.53, 325.09400000000005, 162.3, 338.574), &apos;color_space&apos;: &apos;DeviceGray&apos;, &apos;ncolor&apos;: None, &apos;size&apos;: 13.479999999999961, &apos;value&apos;: &apos;U&apos;, &apos;children&apos;: [], &apos;features&apos;: {}}, {&apos;type&apos;: &apos;text&apos;, &apos;bbox&apos;: (162.3, 325.09400000000005, 168.4, 338.574), &apos;color_space&apos;: &apos;DeviceGray&apos;, &apos;ncolor&apos;: None, &apos;size&apos;: 13.479999999999961, &apos;value&apos;: &apos;S&apos;, &apos;children&apos;: [], &apos;features&apos;: {}}, {&apos;type&apos;: &apos;text&apos;, &apos;bbox&apos;: (168.4, 325.09400000000005, 175.06, 338.574), &apos;color_space&apos;: &apos;DeviceGray&apos;, &apos;ncolor&apos;: None, &apos;size&apos;: 13.479999999999961, &apos;value&apos;: &apos;T&apos;, &apos;children&apos;: [], &apos;features&apos;: {}}, {&apos;type&apos;: &apos;text&apos;, &apos;bbox&apos;: (175.06, 325.09400000000005, 182.83, 338.574), &apos;color_space&apos;: &apos;DeviceGray&apos;, &apos;ncolor&apos;: None, &apos;size&apos;: 13.479999999999961, &apos;value&apos;: &apos;A&apos;, &apos;children&apos;: [], &apos;features&apos;: {}}, {&apos;type&apos;: &apos;text&apos;, &apos;bbox&apos;: (182.82999999999998, 325.09400000000005, 189.42999999999998, 338.574), &apos;color_space&apos;: &apos;DeviceGray&apos;, &apos;ncolor&apos;: None, &apos;size&apos;: 13.479999999999961, &apos;value&apos;: &apos;B&apos;, &apos;children&apos;: [], &apos;features&apos;: {}}, {&apos;type&apos;: &apos;text&apos;, &apos;bbox&apos;: (189.43, 325.09400000000005, 195.48000000000002, 338.574), &apos;color_space&apos;: &apos;DeviceGray&apos;, &apos;ncolor&apos;: None, &apos;size&apos;: 13.479999999999961, &apos;value&apos;: &apos;L&apos;, &apos;children&apos;: [], &apos;features&apos;: {}}, {&apos;type&apos;: &apos;text&apos;, &apos;bbox&apos;: (195.48, 325.09400000000005, 201.53, 338.574), &apos;color_space&apos;: &apos;DeviceGray&apos;, &apos;ncolor&apos;: None, &apos;size&apos;: 13.479999999999961, &apos;value&apos;: &apos;E&apos;, &apos;children&apos;: [], &apos;features&apos;: {}}, {&apos;type&apos;: &apos;text&apos;, &apos;bbox&apos;: (201.52999999999997, 325.09400000000005, 206.52999999999997, 338.574), &apos;color_space&apos;: &apos;DeviceGray&apos;, &apos;ncolor&apos;: None, &apos;size&apos;: 13.479999999999961, &apos;value&apos;: &apos;_&apos;, &apos;children&apos;: [], &apos;features&apos;: {}}, {&apos;type&apos;: &apos;text&apos;, &apos;bbox&apos;: (206.52999999999997, 325.09400000000005, 213.18999999999997, 338.574), &apos;color_space&apos;: &apos;DeviceGray&apos;, &apos;ncolor&apos;: None, &apos;size&apos;: 13.479999999999961, &apos;value&apos;: &apos;T&apos;, &apos;children&apos;: [], &apos;features&apos;: {}}, {&apos;type&apos;: &apos;text&apos;, &apos;bbox&apos;: (213.19, 325.09400000000005, 219.85, 338.574), &apos;color_space&apos;: &apos;DeviceGray&apos;, &apos;ncolor&apos;: None, &apos;size&apos;: 13.479999999999961, &apos;value&apos;: &apos;Y&apos;, &apos;children&apos;: [], &apos;features&apos;: {}}, {&apos;type&apos;: &apos;text&apos;, &apos;bbox&apos;: (219.84999999999997, 325.09400000000005, 225.94999999999996, 338.574), &apos;color_space&apos;: &apos;DeviceGray&apos;, &apos;ncolor&apos;: None, &apos;size&apos;: 13.479999999999961, &apos;value&apos;: &apos;P&apos;, &apos;children&apos;: [], &apos;features&apos;: {}}, {&apos;type&apos;: &apos;text&apos;, &apos;bbox&apos;: (225.95, 325.09400000000005, 232.0, 338.574), &apos;color_space&apos;: &apos;DeviceGray&apos;, &apos;ncolor&apos;: None, &apos;size&apos;: 13.479999999999961, &apos;value&apos;: &apos;E&apos;, &apos;children&apos;: [], &apos;features&apos;: {}}, {&apos;type&apos;: &apos;text&apos;, &apos;bbox&apos;: (231.99999999999997, 325.09400000000005, 236.99999999999997, 338.574), &apos;color_space&apos;: &apos;DeviceGray&apos;, &apos;ncolor&apos;: None, &apos;size&apos;: 13.479999999999961, &apos;value&apos;: &apos;_&apos;, &apos;children&apos;: [], &apos;features&apos;: {}}, {&apos;type&apos;: &apos;text&apos;, &apos;bbox&apos;: (236.99999999999997, 325.09400000000005, 246.99999999999997, 338.574), &apos;color_space&apos;: &apos;DeviceGray&apos;, &apos;ncolor&apos;: None, &apos;size&apos;: 13.479999999999961, &apos;value&apos;: &apos;M&apos;, &apos;children&apos;: [], &apos;features&apos;: {}}, {&apos;type&apos;: &apos;text&apos;, &apos;bbox&apos;: (246.99999999999997, 325.09400000000005, 253.04999999999998, 338.574), &apos;color_space&apos;: &apos;DeviceGray&apos;, &apos;ncolor&apos;: None, &apos;size&apos;: 13.479999999999961, &apos;value&apos;: &apos;L&apos;, &apos;children&apos;: [], &apos;features&apos;: {}}, {&apos;type&apos;: &apos;text&apos;, &apos;bbox&apos;: (253.04999999999998, 325.09400000000005, 259.15, 338.574), &apos;color_space&apos;: &apos;DeviceGray&apos;, &apos;ncolor&apos;: None, &apos;size&apos;: 13.479999999999961, &apos;value&apos;: &apos;S&apos;, &apos;children&apos;: [], &apos;features&apos;: {}}, {&apos;type&apos;: &apos;text&apos;, &apos;bbox&apos;: (259.288, 325.824, 262.058, 339.11400000000003), &apos;color_space&apos;: &apos;DeviceGray&apos;, &apos;ncolor&apos;: None, &apos;size&apos;: 13.29000000000002, &apos;value&apos;: &apos;.&apos;, &apos;children&apos;: [], &apos;features&apos;: {}}, {&apos;type&apos;: &apos;text&apos;, &apos;bbox&apos;: (262.058, 325.824, 264.828, 339.11400000000003), &apos;color_space&apos;: &apos;DeviceGray&apos;, &apos;ncolor&apos;: None, &apos;size&apos;: 13.29000000000002, &apos;value&apos;: &apos;.&apos;, &apos;children&apos;: [], &apos;features&apos;: {}}, {&apos;type&apos;: &apos;text&apos;, &apos;bbox&apos;: (264.82800000000003, 325.824, 267.598, 339.11400000000003), &apos;color_space&apos;: &apos;DeviceGray&apos;, &apos;ncolor&apos;: None, &apos;size&apos;: 13.29000000000002, &apos;value&apos;: &apos;.&apos;, &apos;children&apos;: [], &apos;features&apos;: {}}, {&apos;type&apos;: &apos;text&apos;, &apos;bbox&apos;: (267.598, 325.824, 270.368, 339.11400000000003), &apos;color_space&apos;: &apos;DeviceGray&apos;, &apos;ncolor&apos;: None, &apos;size&apos;: 13.29000000000002, &apos;value&apos;: &apos;.&apos;, &apos;children&apos;: [], &apos;features&apos;: {}}, {&apos;type&apos;: &apos;text&apos;, &apos;bbox&apos;: (270.368, 325.824, 273.138, 339.11400000000003), &apos;color_space&apos;: &apos;DeviceGray&apos;, &apos;ncolor&apos;: None, &apos;size&apos;: 13.29000000000002, &apos;value&apos;: &apos;.&apos;, &apos;children&apos;: [], &apos;features&apos;: {}}, {&apos;type&apos;: &apos;text&apos;, &apos;bbox&apos;: (273.13800000000003, 325.824, 275.908, 339.11400000000003), &apos;color_space&apos;: &apos;DeviceGray&apos;, &apos;ncolor&apos;: None, &apos;size&apos;: 13.29000000000002, &apos;value&apos;: &apos;.&apos;, &apos;children&apos;: [], &apos;features&apos;: {}}, {&apos;type&apos;: &apos;text&apos;, &apos;bbox&apos;: (275.908, 325.824, 278.678, 339.11400000000003), &apos;color_space&apos;: &apos;DeviceGray&apos;, &apos;ncolor&apos;: None, &apos;size&apos;: 13.29000000000002, &apos;value&apos;: &apos;.&apos;, &apos;children&apos;: [], &apos;features&apos;: {}}, {&apos;type&apos;: &apos;text&apos;, &apos;bbox&apos;: (278.678, 325.824, 281.448, 339.11400000000003), &apos;color_space&apos;: &apos;DeviceGray&apos;, &apos;ncolor&apos;: None, &apos;size&apos;: 13.29000000000002, &apos;value&apos;: &apos;.&apos;, &apos;children&apos;: [], &apos;features&apos;: {}}, {&apos;type&apos;: &apos;text&apos;, &apos;bbox&apos;: (281.44800000000004, 325.824, 284.218, 339.11400000000003), &apos;color_space&apos;: &apos;DeviceGray&apos;, &apos;ncolor&apos;: None, &apos;size&apos;: 13.29000000000002, &apos;value&apos;: &apos;.&apos;, &apos;children&apos;: [], &apos;features&apos;: {}}, {&apos;type&apos;: &apos;text&apos;, &apos;bbox&apos;: (284.218, 325.824, 286.988, 339.11400000000003), &apos;color_space&apos;: &apos;DeviceGray&apos;, &apos;ncolor&apos;: None, &apos;size&apos;: 13.29000000000002, &apos;value&apos;: &apos;.&apos;, &apos;children&apos;: [], &apos;features&apos;: {}}, {&apos;type&apos;: &apos;text&apos;, &apos;bbox&apos;: (286.988, 325.824, 289.758, 339.11400000000003), &apos;color_space&apos;: &apos;DeviceGray&apos;, &apos;ncolor&apos;: None, &apos;size&apos;: 13.29000000000002, &apos;value&apos;: &apos;.&apos;, &apos;children&apos;: [], &apos;features&apos;: {}}, {&apos;type&apos;: &apos;text&apos;, &apos;bbox&apos;: (289.75800000000004, 325.824, 292.528, 339.11400000000003), &apos;color_space&apos;: &apos;DeviceGray&apos;, &apos;ncolor&apos;: None, &apos;size&apos;: 13.29000000000002, &apos;value&apos;: &apos;.&apos;, &apos;children&apos;: [], &apos;features&apos;: {}}, {&apos;type&apos;: &apos;text&apos;, &apos;bbox&apos;: (292.528, 325.824, 295.298, 339.11400000000003), &apos;color_space&apos;: &apos;DeviceGray&apos;, &apos;ncolor&apos;: None, &apos;size&apos;: 13.29000000000002, &apos;value&apos;: &apos;.&apos;, &apos;children&apos;: [], &apos;features&apos;: {}}, {&apos;type&apos;: &apos;text&apos;, &apos;bbox&apos;: (295.298, 325.824, 298.068, 339.11400000000003), &apos;color_space&apos;: &apos;DeviceGray&apos;, &apos;ncolor&apos;: None, &apos;size&apos;: 13.29000000000002, &apos;value&apos;: &apos;.&apos;, &apos;children&apos;: [], &apos;features&apos;: {}}, {&apos;type&apos;: &apos;text&apos;, &apos;bbox&apos;: (298.06800000000004, 325.824, 300.838, 339.11400000000003), &apos;color_space&apos;: &apos;DeviceGray&apos;, &apos;ncolor&apos;: None, &apos;size&apos;: 13.29000000000002, &apos;value&apos;: &apos;.&apos;, &apos;children&apos;: [], &apos;features&apos;: {}}, {&apos;type&apos;: &apos;text&apos;, &apos;bbox&apos;: (300.838, 325.824, 303.608, 339.11400000000003), &apos;color_space&apos;: &apos;DeviceGray&apos;, &apos;ncolor&apos;: None, &apos;size&apos;: 13.29000000000002, &apos;value&apos;: &apos;.&apos;, &apos;children&apos;: [], &apos;features&apos;: {}}, {&apos;type&apos;: &apos;text&apos;, &apos;bbox&apos;: (303.608, 325.824, 306.378, 339.11400000000003), &apos;color_space&apos;: &apos;DeviceGray&apos;, &apos;ncolor&apos;: None, &apos;size&apos;: 13.29000000000002, &apos;value&apos;: &apos;.&apos;, &apos;children&apos;: [], &apos;features&apos;: {}}, {&apos;type&apos;: &apos;text&apos;, &apos;bbox&apos;: (306.37800000000004, 325.824, 309.148, 339.11400000000003), &apos;color_space&apos;: &apos;DeviceGray&apos;, &apos;ncolor&apos;: None, &apos;size&apos;: 13.29000000000002, &apos;value&apos;: &apos;.&apos;, &apos;children&apos;: [], &apos;features&apos;: {}}, {&apos;type&apos;: &apos;text&apos;, &apos;bbox&apos;: (309.148, 325.824, 311.918, 339.11400000000003), &apos;color_space&apos;: &apos;DeviceGray&apos;, &apos;ncolor&apos;: None, &apos;size&apos;: 13.29000000000002, &apos;value&apos;: &apos;.&apos;, &apos;children&apos;: [], &apos;features&apos;: {}}, {&apos;type&apos;: &apos;text&apos;, &apos;bbox&apos;: (311.918, 325.824, 314.688, 339.11400000000003), &apos;color_space&apos;: &apos;DeviceGray&apos;, &apos;ncolor&apos;: None, &apos;size&apos;: 13.29000000000002, &apos;value&apos;: &apos;.&apos;, &apos;children&apos;: [], &apos;features&apos;: {}}, {&apos;type&apos;: &apos;text&apos;, &apos;bbox&apos;: (314.68800000000005, 325.824, 317.458, 339.11400000000003), &apos;color_space&apos;: &apos;DeviceGray&apos;, &apos;ncolor&apos;: None, &apos;size&apos;: 13.29000000000002, &apos;value&apos;: &apos;.&apos;, &apos;children&apos;: [], &apos;features&apos;: {}}, {&apos;type&apos;: &apos;text&apos;, &apos;bbox&apos;: (317.458, 325.824, 320.228, 339.11400000000003), &apos;color_space&apos;: &apos;DeviceGray&apos;, &apos;ncolor&apos;: None, &apos;size&apos;: 13.29000000000002, &apos;value&apos;: &apos;.&apos;, &apos;children&apos;: [], &apos;features&apos;: {}}, {&apos;type&apos;: &apos;text&apos;, &apos;bbox&apos;: (320.22800000000007, 325.824, 322.99800000000005, 339.11400000000003), &apos;color_space&apos;: &apos;DeviceGray&apos;, &apos;ncolor&apos;: None, &apos;size&apos;: 13.29000000000002, &apos;value&apos;: &apos;.&apos;, &apos;children&apos;: [], &apos;features&apos;: {}}, {&apos;type&apos;: &apos;text&apos;, &apos;bbox&apos;: (322.99800000000005, 325.824, 325.76800000000003, 339.11400000000003), &apos;color_space&apos;: &apos;DeviceGray&apos;, &apos;ncolor&apos;: None, &apos;size&apos;: 13.29000000000002, &apos;value&apos;: &apos;.&apos;, &apos;children&apos;: [], &apos;features&apos;: {}}, {&apos;type&apos;: &apos;text&apos;, &apos;bbox&apos;: (325.76800000000003, 325.824, 328.538, 339.11400000000003), &apos;color_space&apos;: &apos;DeviceGray&apos;, &apos;ncolor&apos;: None, &apos;size&apos;: 13.29000000000002, &apos;value&apos;: &apos;.&apos;, &apos;children&apos;: [], &apos;features&apos;: {}}, {&apos;type&apos;: &apos;text&apos;, &apos;bbox&apos;: (328.538, 325.824, 331.308, 339.11400000000003), &apos;color_space&apos;: &apos;DeviceGray&apos;, &apos;ncolor&apos;: None, &apos;size&apos;: 13.29000000000002, &apos;value&apos;: &apos;.&apos;, &apos;children&apos;: [], &apos;features&apos;: {}}, {&apos;type&apos;: &apos;text&apos;, &apos;bbox&apos;: (331.30800000000005, 325.824, 334.07800000000003, 339.11400000000003), &apos;color_space&apos;: &apos;DeviceGray&apos;, &apos;ncolor&apos;: None, &apos;size&apos;: 13.29000000000002, &apos;value&apos;: &apos;.&apos;, &apos;children&apos;: [], &apos;features&apos;: {}}, {&apos;type&apos;: &apos;text&apos;, &apos;bbox&apos;: (334.07800000000003, 325.824, 336.848, 339.11400000000003), &apos;color_space&apos;: &apos;DeviceGray&apos;, &apos;ncolor&apos;: None, &apos;size&apos;: 13.29000000000002, &apos;value&apos;: &apos;.&apos;, &apos;children&apos;: [], &apos;features&apos;: {}}, {&apos;type&apos;: &apos;text&apos;, &apos;bbox&apos;: (336.848, 325.824, 339.618, 339.11400000000003), &apos;color_space&apos;: &apos;DeviceGray&apos;, &apos;ncolor&apos;: None, &apos;size&apos;: 13.29000000000002, &apos;value&apos;: &apos;.&apos;, &apos;children&apos;: [], &apos;features&apos;: {}}, {&apos;type&apos;: &apos;text&apos;, &apos;bbox&apos;: (339.61800000000005, 325.824, 342.38800000000003, 339.11400000000003), &apos;color_space&apos;: &apos;DeviceGray&apos;, &apos;ncolor&apos;: None, &apos;size&apos;: 13.29000000000002, &apos;value&apos;: &apos;.&apos;, &apos;children&apos;: [], &apos;features&apos;: {}}, {&apos;type&apos;: &apos;text&apos;, &apos;bbox&apos;: (342.38800000000003, 325.824, 345.158, 339.11400000000003), &apos;color_space&apos;: &apos;DeviceGray&apos;, &apos;ncolor&apos;: None, &apos;size&apos;: 13.29000000000002, &apos;value&apos;: &apos;.&apos;, &apos;children&apos;: [], &apos;features&apos;: {}}, {&apos;type&apos;: &apos;text&apos;, &apos;bbox&apos;: (345.158, 325.824, 347.928, 339.11400000000003), &apos;color_space&apos;: &apos;DeviceGray&apos;, &apos;ncolor&apos;: None, &apos;size&apos;: 13.29000000000002, &apos;value&apos;: &apos;.&apos;, &apos;children&apos;: [], &apos;features&apos;: {}}, {&apos;type&apos;: &apos;text&apos;, &apos;bbox&apos;: (347.928, 325.824, 350.698, 339.11400000000003), &apos;color_space&apos;: &apos;DeviceGray&apos;, &apos;ncolor&apos;: None, &apos;size&apos;: 13.29000000000002, &apos;value&apos;: &apos;.&apos;, &apos;children&apos;: [], &apos;features&apos;: {}}, {&apos;type&apos;: &apos;text&apos;, &apos;bbox&apos;: (350.698, 325.824, 353.46799999999996, 339.11400000000003), &apos;color_space&apos;: &apos;DeviceGray&apos;, &apos;ncolor&apos;: None, &apos;size&apos;: 13.29000000000002, &apos;value&apos;: &apos;.&apos;, &apos;children&apos;: [], &apos;features&apos;: {}}, {&apos;type&apos;: &apos;text&apos;, &apos;bbox&apos;: (353.468, 325.824, 356.238, 339.11400000000003), &apos;color_space&apos;: &apos;DeviceGray&apos;, &apos;ncolor&apos;: None, &apos;size&apos;: 13.29000000000002, &apos;value&apos;: &apos;.&apos;, &apos;children&apos;: [], &apos;features&apos;: {}}, {&apos;type&apos;: &apos;text&apos;, &apos;bbox&apos;: (356.238, 325.824, 359.008, 339.11400000000003), &apos;color_space&apos;: &apos;DeviceGray&apos;, &apos;ncolor&apos;: None, &apos;size&apos;: 13.29000000000002, &apos;value&apos;: &apos;.&apos;, &apos;children&apos;: [], &apos;features&apos;: {}}, {&apos;type&apos;: &apos;text&apos;, &apos;bbox&apos;: (359.008, 325.824, 361.77799999999996, 339.11400000000003), &apos;color_space&apos;: &apos;DeviceGray&apos;, &apos;ncolor&apos;: None, &apos;size&apos;: 13.29000000000002, &apos;value&apos;: &apos;.&apos;, &apos;children&apos;: [], &apos;features&apos;: {}}, {&apos;type&apos;: &apos;text&apos;, &apos;bbox&apos;: (361.778, 325.824, 364.548, 339.11400000000003), &apos;color_space&apos;: &apos;DeviceGray&apos;, &apos;ncolor&apos;: None, &apos;size&apos;: 13.29000000000002, &apos;value&apos;: &apos;.&apos;, &apos;children&apos;: [], &apos;features&apos;: {}}, {&apos;type&apos;: &apos;text&apos;, &apos;bbox&apos;: (364.548, 325.824, 367.318, 339.11400000000003), &apos;color_space&apos;: &apos;DeviceGray&apos;, &apos;ncolor&apos;: None, &apos;size&apos;: 13.29000000000002, &apos;value&apos;: &apos;.&apos;, &apos;children&apos;: [], &apos;features&apos;: {}}, {&apos;type&apos;: &apos;text&apos;, &apos;bbox&apos;: (367.318, 325.824, 370.08799999999997, 339.11400000000003), &apos;color_space&apos;: &apos;DeviceGray&apos;, &apos;ncolor&apos;: None, &apos;size&apos;: 13.29000000000002, &apos;value&apos;: &apos;.&apos;, &apos;children&apos;: [], &apos;features&apos;: {}}, {&apos;type&apos;: &apos;text&apos;, &apos;bbox&apos;: (370.08799999999997, 325.824, 372.85799999999995, 339.11400000000003), &apos;color_space&apos;: &apos;DeviceGray&apos;, &apos;ncolor&apos;: None, &apos;size&apos;: 13.29000000000002, &apos;value&apos;: &apos;.&apos;, &apos;children&apos;: [], &apos;features&apos;: {}}, {&apos;type&apos;: &apos;text&apos;, &apos;bbox&apos;: (372.85799999999995, 325.824, 375.62799999999993, 339.11400000000003), &apos;color_space&apos;: &apos;DeviceGray&apos;, &apos;ncolor&apos;: None, &apos;size&apos;: 13.29000000000002, &apos;value&apos;: &apos;.&apos;, &apos;children&apos;: [], &apos;features&apos;: {}}, {&apos;type&apos;: &apos;text&apos;, &apos;bbox&apos;: (375.628, 325.824, 378.39799999999997, 339.11400000000003), &apos;color_space&apos;: &apos;DeviceGray&apos;, &apos;ncolor&apos;: None, &apos;size&apos;: 13.29000000000002, &apos;value&apos;: &apos;.&apos;, &apos;children&apos;: [], &apos;features&apos;: {}}, {&apos;type&apos;: &apos;text&apos;, &apos;bbox&apos;: (378.39799999999997, 325.824, 381.16799999999995, 339.11400000000003), &apos;color_space&apos;: &apos;DeviceGray&apos;, &apos;ncolor&apos;: None, &apos;size&apos;: 13.29000000000002, &apos;value&apos;: &apos;.&apos;, &apos;children&apos;: [], &apos;features&apos;: {}}, {&apos;type&apos;: &apos;text&apos;, &apos;bbox&apos;: (381.16799999999995, 325.824, 383.93799999999993, 339.11400000000003), &apos;color_space&apos;: &apos;DeviceGray&apos;, &apos;ncolor&apos;: None, &apos;size&apos;: 13.29000000000002, &apos;value&apos;: &apos;.&apos;, &apos;children&apos;: [], &apos;features&apos;: {}}, {&apos;type&apos;: &apos;text&apos;, &apos;bbox&apos;: (383.938, 325.824, 386.70799999999997, 339.11400000000003), &apos;color_space&apos;: &apos;DeviceGray&apos;, &apos;ncolor&apos;: None, &apos;size&apos;: 13.29000000000002, &apos;value&apos;: &apos;.&apos;, &apos;children&apos;: [], &apos;features&apos;: {}}, {&apos;type&apos;: &apos;text&apos;, &apos;bbox&apos;: (386.70799999999997, 325.824, 389.47799999999995, 339.11400000000003), &apos;color_space&apos;: &apos;DeviceGray&apos;, &apos;ncolor&apos;: None, &apos;size&apos;: 13.29000000000002, &apos;value&apos;: &apos;.&apos;, &apos;children&apos;: [], &apos;features&apos;: {}}, {&apos;type&apos;: &apos;text&apos;, &apos;bbox&apos;: (389.47799999999995, 325.824, 392.24799999999993, 339.11400000000003), &apos;color_space&apos;: &apos;DeviceGray&apos;, &apos;ncolor&apos;: None, &apos;size&apos;: 13.29000000000002, &apos;value&apos;: &apos;.&apos;, &apos;children&apos;: [], &apos;features&apos;: {}}, {&apos;type&apos;: &apos;text&apos;, &apos;bbox&apos;: (392.24799999999993, 325.824, 395.0179999999999, 339.11400000000003), &apos;color_space&apos;: &apos;DeviceGray&apos;, &apos;ncolor&apos;: None, &apos;size&apos;: 13.29000000000002, &apos;value&apos;: &apos;.&apos;, &apos;children&apos;: [], &apos;features&apos;: {}}, {&apos;type&apos;: &apos;text&apos;, &apos;bbox&apos;: (395.018, 325.824, 397.78799999999995, 339.11400000000003), &apos;color_space&apos;: &apos;DeviceGray&apos;, &apos;ncolor&apos;: None, &apos;size&apos;: 13.29000000000002, &apos;value&apos;: &apos;.&apos;, &apos;children&apos;: [], &apos;features&apos;: {}}, {&apos;type&apos;: &apos;text&apos;, &apos;bbox&apos;: (397.788, 325.824, 400.558, 339.11400000000003), &apos;color_space&apos;: &apos;DeviceGray&apos;, &apos;ncolor&apos;: None, &apos;size&apos;: 13.29000000000002, &apos;value&apos;: &apos;.&apos;, &apos;children&apos;: [], &apos;features&apos;: {}}, {&apos;type&apos;: &apos;text&apos;, &apos;bbox&apos;: (400.558, 325.824, 403.328, 339.11400000000003), &apos;color_space&apos;: &apos;DeviceGray&apos;, &apos;ncolor&apos;: None, &apos;size&apos;: 13.29000000000002, &apos;value&apos;: &apos;.&apos;, &apos;children&apos;: [], &apos;features&apos;: {}}, {&apos;type&apos;: &apos;text&apos;, &apos;bbox&apos;: (403.328, 325.824, 406.09799999999996, 339.11400000000003), &apos;color_space&apos;: &apos;DeviceGray&apos;, &apos;ncolor&apos;: None, &apos;size&apos;: 13.29000000000002, &apos;value&apos;: &apos;.&apos;, &apos;children&apos;: [], &apos;features&apos;: {}}, {&apos;type&apos;: &apos;text&apos;, &apos;bbox&apos;: (406.098, 325.824, 408.868, 339.11400000000003), &apos;color_space&apos;: &apos;DeviceGray&apos;, &apos;ncolor&apos;: None, &apos;size&apos;: 13.29000000000002, &apos;value&apos;: &apos;.&apos;, &apos;children&apos;: [], &apos;features&apos;: {}}, {&apos;type&apos;: &apos;text&apos;, &apos;bbox&apos;: (408.86800000000005, 325.824, 411.63800000000003, 339.11400000000003), &apos;color_space&apos;: &apos;DeviceGray&apos;, &apos;ncolor&apos;: None, &apos;size&apos;: 13.29000000000002, &apos;value&apos;: &apos;.&apos;, &apos;children&apos;: [], &apos;features&apos;: {}}, {&apos;type&apos;: &apos;text&apos;, &apos;bbox&apos;: (411.63800000000003, 325.824, 414.408, 339.11400000000003), &apos;color_space&apos;: &apos;DeviceGray&apos;, &apos;ncolor&apos;: None, &apos;size&apos;: 13.29000000000002, &apos;value&apos;: &apos;.&apos;, &apos;children&apos;: [], &apos;features&apos;: {}}, {&apos;type&apos;: &apos;text&apos;, &apos;bbox&apos;: (414.408, 325.824, 417.178, 339.11400000000003), &apos;color_space&apos;: &apos;DeviceGray&apos;, &apos;ncolor&apos;: None, &apos;size&apos;: 13.29000000000002, &apos;value&apos;: &apos;.&apos;, &apos;children&apos;: [], &apos;features&apos;: {}}, {&apos;type&apos;: &apos;text&apos;, &apos;bbox&apos;: (417.17800000000005, 325.824, 419.94800000000004, 339.11400000000003), &apos;color_space&apos;: &apos;DeviceGray&apos;, &apos;ncolor&apos;: None, &apos;size&apos;: 13.29000000000002, &apos;value&apos;: &apos;.&apos;, &apos;children&apos;: [], &apos;features&apos;: {}}, {&apos;type&apos;: &apos;text&apos;, &apos;bbox&apos;: (419.9480000000001, 325.824, 422.7180000000001, 339.11400000000003), &apos;color_space&apos;: &apos;DeviceGray&apos;, &apos;ncolor&apos;: None, &apos;size&apos;: 13.29000000000002, &apos;value&apos;: &apos;.&apos;, &apos;children&apos;: [], &apos;features&apos;: {}}, {&apos;type&apos;: &apos;text&apos;, &apos;bbox&apos;: (422.7180000000001, 325.824, 425.48800000000006, 339.11400000000003), &apos;color_space&apos;: &apos;DeviceGray&apos;, &apos;ncolor&apos;: None, &apos;size&apos;: 13.29000000000002, &apos;value&apos;: &apos;.&apos;, &apos;children&apos;: [], &apos;features&apos;: {}}, {&apos;type&apos;: &apos;text&apos;, &apos;bbox&apos;: (425.48800000000006, 325.824, 428.25800000000004, 339.11400000000003), &apos;color_space&apos;: &apos;DeviceGray&apos;, &apos;ncolor&apos;: None, &apos;size&apos;: 13.29000000000002, &apos;value&apos;: &apos;.&apos;, &apos;children&apos;: [], &apos;features&apos;: {}}, {&apos;type&apos;: &apos;text&apos;, &apos;bbox&apos;: (428.2580000000001, 325.824, 431.0280000000001, 339.11400000000003), &apos;color_space&apos;: &apos;DeviceGray&apos;, &apos;ncolor&apos;: None, &apos;size&apos;: 13.29000000000002, &apos;value&apos;: &apos;.&apos;, &apos;children&apos;: [], &apos;features&apos;: {}}, {&apos;type&apos;: &apos;text&apos;, &apos;bbox&apos;: (431.02800000000013, 325.824, 433.7980000000001, 339.11400000000003), &apos;color_space&apos;: &apos;DeviceGray&apos;, &apos;ncolor&apos;: None, &apos;size&apos;: 13.29000000000002, &apos;value&apos;: &apos;.&apos;, &apos;children&apos;: [], &apos;features&apos;: {}}, {&apos;type&apos;: &apos;text&apos;, &apos;bbox&apos;: (433.7980000000001, 325.824, 436.5680000000001, 339.11400000000003), &apos;color_space&apos;: &apos;DeviceGray&apos;, &apos;ncolor&apos;: None, &apos;size&apos;: 13.29000000000002, &apos;value&apos;: &apos;.&apos;, &apos;children&apos;: [], &apos;features&apos;: {}}, {&apos;type&apos;: &apos;text&apos;, &apos;bbox&apos;: (436.5680000000001, 325.824, 439.3380000000001, 339.11400000000003), &apos;color_space&apos;: &apos;DeviceGray&apos;, &apos;ncolor&apos;: None, &apos;size&apos;: 13.29000000000002, &apos;value&apos;: &apos;.&apos;, &apos;children&apos;: [], &apos;features&apos;: {}}, {&apos;type&apos;: &apos;text&apos;, &apos;bbox&apos;: (439.33800000000014, 325.824, 442.1080000000001, 339.11400000000003), &apos;color_space&apos;: &apos;DeviceGray&apos;, &apos;ncolor&apos;: None, &apos;size&apos;: 13.29000000000002, &apos;value&apos;: &apos;.&apos;, &apos;children&apos;: [], &apos;features&apos;: {}}, {&apos;type&apos;: &apos;text&apos;, &apos;bbox&apos;: (442.1080000000002, 325.824, 444.87800000000016, 339.11400000000003), &apos;color_space&apos;: &apos;DeviceGray&apos;, &apos;ncolor&apos;: None, &apos;size&apos;: 13.29000000000002, &apos;value&apos;: &apos;.&apos;, &apos;children&apos;: [], &apos;features&apos;: {}}, {&apos;type&apos;: &apos;text&apos;, &apos;bbox&apos;: (444.87800000000016, 325.824, 447.64800000000014, 339.11400000000003), &apos;color_space&apos;: &apos;DeviceGray&apos;, &apos;ncolor&apos;: None, &apos;size&apos;: 13.29000000000002, &apos;value&apos;: &apos;.&apos;, &apos;children&apos;: [], &apos;features&apos;: {}}, {&apos;type&apos;: &apos;text&apos;, &apos;bbox&apos;: (447.64800000000014, 325.824, 450.4180000000001, 339.11400000000003), &apos;color_space&apos;: &apos;DeviceGray&apos;, &apos;ncolor&apos;: None, &apos;size&apos;: 13.29000000000002, &apos;value&apos;: &apos;.&apos;, &apos;children&apos;: [], &apos;features&apos;: {}}, {&apos;type&apos;: &apos;text&apos;, &apos;bbox&apos;: (450.4180000000002, 325.824, 453.18800000000016, 339.11400000000003), &apos;color_space&apos;: &apos;DeviceGray&apos;, &apos;ncolor&apos;: None, &apos;size&apos;: 13.29000000000002, &apos;value&apos;: &apos;.&apos;, &apos;children&apos;: [], &apos;features&apos;: {}}, {&apos;type&apos;: &apos;text&apos;, &apos;bbox&apos;: (453.1880000000002, 325.824, 455.9580000000002, 339.11400000000003), &apos;color_space&apos;: &apos;DeviceGray&apos;, &apos;ncolor&apos;: None, &apos;size&apos;: 13.29000000000002, &apos;value&apos;: &apos;.&apos;, &apos;children&apos;: [], &apos;features&apos;: {}}, {&apos;type&apos;: &apos;text&apos;, &apos;bbox&apos;: (455.9580000000002, 325.824, 458.7280000000002, 339.11400000000003), &apos;color_space&apos;: &apos;DeviceGray&apos;, &apos;ncolor&apos;: None, &apos;size&apos;: 13.29000000000002, &apos;value&apos;: &apos;.&apos;, &apos;children&apos;: [], &apos;features&apos;: {}}, {&apos;type&apos;: &apos;text&apos;, &apos;bbox&apos;: (458.7280000000002, 325.824, 461.49800000000016, 339.11400000000003), &apos;color_space&apos;: &apos;DeviceGray&apos;, &apos;ncolor&apos;: None, &apos;size&apos;: 13.29000000000002, &apos;value&apos;: &apos;.&apos;, &apos;children&apos;: [], &apos;features&apos;: {}}, {&apos;type&apos;: &apos;text&apos;, &apos;bbox&apos;: (461.4980000000002, 325.824, 464.2680000000002, 339.11400000000003), &apos;color_space&apos;: &apos;DeviceGray&apos;, &apos;ncolor&apos;: None, &apos;size&apos;: 13.29000000000002, &apos;value&apos;: &apos;.&apos;, &apos;children&apos;: [], &apos;features&apos;: {}}, {&apos;type&apos;: &apos;text&apos;, &apos;bbox&apos;: (464.26800000000026, 325.824, 467.03800000000024, 339.11400000000003), &apos;color_space&apos;: &apos;DeviceGray&apos;, &apos;ncolor&apos;: None, &apos;size&apos;: 13.29000000000002, &apos;value&apos;: &apos;.&apos;, &apos;children&apos;: [], &apos;features&apos;: {}}, {&apos;type&apos;: &apos;text&apos;, &apos;bbox&apos;: (467.03800000000024, 325.824, 469.8080000000002, 339.11400000000003), &apos;color_space&apos;: &apos;DeviceGray&apos;, &apos;ncolor&apos;: None, &apos;size&apos;: 13.29000000000002, &apos;value&apos;: &apos;.&apos;, &apos;children&apos;: [], &apos;features&apos;: {}}, {&apos;type&apos;: &apos;text&apos;, &apos;bbox&apos;: (469.8080000000002, 325.824, 472.5780000000002, 339.11400000000003), &apos;color_space&apos;: &apos;DeviceGray&apos;, &apos;ncolor&apos;: None, &apos;size&apos;: 13.29000000000002, &apos;value&apos;: &apos;.&apos;, &apos;children&apos;: [], &apos;features&apos;: {}}, {&apos;type&apos;: &apos;text&apos;, &apos;bbox&apos;: (472.57800000000026, 325.824, 475.34800000000024, 339.11400000000003), &apos;color_space&apos;: &apos;DeviceGray&apos;, &apos;ncolor&apos;: None, &apos;size&apos;: 13.29000000000002, &apos;value&apos;: &apos;.&apos;, &apos;children&apos;: [], &apos;features&apos;: {}}, {&apos;type&apos;: &apos;text&apos;, &apos;bbox&apos;: (475.3480000000003, 325.824, 478.1180000000003, 339.11400000000003), &apos;color_space&apos;: &apos;DeviceGray&apos;, &apos;ncolor&apos;: None, &apos;size&apos;: 13.29000000000002, &apos;value&apos;: &apos;.&apos;, &apos;children&apos;: [], &apos;features&apos;: {}}, {&apos;type&apos;: &apos;text&apos;, &apos;bbox&apos;: (478.1180000000003, 325.824, 480.88800000000026, 339.11400000000003), &apos;color_space&apos;: &apos;DeviceGray&apos;, &apos;ncolor&apos;: None, &apos;size&apos;: 13.29000000000002, &apos;value&apos;: &apos;.&apos;, &apos;children&apos;: [], &apos;features&apos;: {}}, {&apos;type&apos;: &apos;text&apos;, &apos;bbox&apos;: (480.88800000000026, 325.824, 483.65800000000024, 339.11400000000003), &apos;color_space&apos;: &apos;DeviceGray&apos;, &apos;ncolor&apos;: None, &apos;size&apos;: 13.29000000000002, &apos;value&apos;: &apos;.&apos;, &apos;children&apos;: [], &apos;features&apos;: {}}, {&apos;type&apos;: &apos;text&apos;, &apos;bbox&apos;: (483.6580000000003, 325.824, 486.4280000000003, 339.11400000000003), &apos;color_space&apos;: &apos;DeviceGray&apos;, &apos;ncolor&apos;: None, &apos;size&apos;: 13.29000000000002, &apos;value&apos;: &apos;.&apos;, &apos;children&apos;: [], &apos;features&apos;: {}}, {&apos;type&apos;: &apos;text&apos;, &apos;bbox&apos;: (486.42800000000034, 325.824, 489.1980000000003, 339.11400000000003), &apos;color_space&apos;: &apos;DeviceGray&apos;, &apos;ncolor&apos;: None, &apos;size&apos;: 13.29000000000002, &apos;value&apos;: &apos;.&apos;, &apos;children&apos;: [], &apos;features&apos;: {}}, {&apos;type&apos;: &apos;text&apos;, &apos;bbox&apos;: (489.1980000000003, 325.824, 491.9680000000003, 339.11400000000003), &apos;color_space&apos;: &apos;DeviceGray&apos;, &apos;ncolor&apos;: None, &apos;size&apos;: 13.29000000000002, &apos;value&apos;: &apos;.&apos;, &apos;children&apos;: [], &apos;features&apos;: {}}, {&apos;type&apos;: &apos;text&apos;, &apos;bbox&apos;: (491.9680000000003, 325.824, 494.7380000000003, 339.11400000000003), &apos;color_space&apos;: &apos;DeviceGray&apos;, &apos;ncolor&apos;: None, &apos;size&apos;: 13.29000000000002, &apos;value&apos;: &apos;.&apos;, &apos;children&apos;: [], &apos;features&apos;: {}}, {&apos;type&apos;: &apos;text&apos;, &apos;bbox&apos;: (494.73800000000034, 325.824, 497.5080000000003, 339.11400000000003), &apos;color_space&apos;: &apos;DeviceGray&apos;, &apos;ncolor&apos;: None, &apos;size&apos;: 13.29000000000002, &apos;value&apos;: &apos;.&apos;, &apos;children&apos;: [], &apos;features&apos;: {}}, {&apos;type&apos;: &apos;text&apos;, &apos;bbox&apos;: (497.5080000000004, 325.824, 500.27800000000036, 339.11400000000003), &apos;color_space&apos;: &apos;DeviceGray&apos;, &apos;ncolor&apos;: None, &apos;size&apos;: 13.29000000000002, &apos;value&apos;: &apos;.&apos;, &apos;children&apos;: [], &apos;features&apos;: {}}, {&apos;type&apos;: &apos;text&apos;, &apos;bbox&apos;: (500.27800000000036, 325.824, 503.04800000000034, 339.11400000000003), &apos;color_space&apos;: &apos;DeviceGray&apos;, &apos;ncolor&apos;: None, &apos;size&apos;: 13.29000000000002, &apos;value&apos;: &apos;.&apos;, &apos;children&apos;: [], &apos;features&apos;: {}}, {&apos;type&apos;: &apos;text&apos;, &apos;bbox&apos;: (503.04800000000034, 325.824, 505.8180000000003, 339.11400000000003), &apos;color_space&apos;: &apos;DeviceGray&apos;, &apos;ncolor&apos;: None, &apos;size&apos;: 13.29000000000002, &apos;value&apos;: &apos;.&apos;, &apos;children&apos;: [], &apos;features&apos;: {}}, {&apos;type&apos;: &apos;text&apos;, &apos;bbox&apos;: (505.8180000000004, 325.824, 508.58800000000036, 339.11400000000003), &apos;color_space&apos;: &apos;DeviceGray&apos;, &apos;ncolor&apos;: None, &apos;size&apos;: 13.29000000000002, &apos;value&apos;: &apos;.&apos;, &apos;children&apos;: [], &apos;features&apos;: {}}, {&apos;type&apos;: &apos;text&apos;, &apos;bbox&apos;: (508.5880000000004, 325.824, 511.3580000000004, 339.11400000000003), &apos;color_space&apos;: &apos;DeviceGray&apos;, &apos;ncolor&apos;: None, &apos;size&apos;: 13.29000000000002, &apos;value&apos;: &apos;.&apos;, &apos;children&apos;: [], &apos;features&apos;: {}}, {&apos;type&apos;: &apos;text&apos;, &apos;bbox&apos;: (511.3580000000004, 325.824, 514.1280000000004, 339.11400000000003), &apos;color_space&apos;: &apos;DeviceGray&apos;, &apos;ncolor&apos;: None, &apos;size&apos;: 13.29000000000002, &apos;value&apos;: &apos;.&apos;, &apos;children&apos;: [], &apos;features&apos;: {}}, {&apos;type&apos;: &apos;text&apos;, &apos;bbox&apos;: (514.1280000000004, 325.824, 516.8980000000004, 339.11400000000003), &apos;color_space&apos;: &apos;DeviceGray&apos;, &apos;ncolor&apos;: None, &apos;size&apos;: 13.29000000000002, &apos;value&apos;: &apos;.&apos;, &apos;children&apos;: [], &apos;features&apos;: {}}, {&apos;type&apos;: &apos;text&apos;, &apos;bbox&apos;: (516.8980000000004, 325.824, 519.6680000000003, 339.11400000000003), &apos;color_space&apos;: &apos;DeviceGray&apos;, &apos;ncolor&apos;: None, &apos;size&apos;: 13.29000000000002, &apos;value&apos;: &apos;.&apos;, &apos;children&apos;: [], &apos;features&apos;: {}}, {&apos;type&apos;: &apos;text&apos;, &apos;bbox&apos;: (519.6680000000003, 325.824, 522.4380000000003, 339.11400000000003), &apos;color_space&apos;: &apos;DeviceGray&apos;, &apos;ncolor&apos;: None, &apos;size&apos;: 13.29000000000002, &apos;value&apos;: &apos;.&apos;, &apos;children&apos;: [], &apos;features&apos;: {}}, {&apos;type&apos;: &apos;text&apos;, &apos;bbox&apos;: (525.548, 325.824, 531.108, 339.11400000000003), &apos;color_space&apos;: &apos;DeviceGray&apos;, &apos;ncolor&apos;: None, &apos;size&apos;: 13.29000000000002, &apos;value&apos;: &apos;9&apos;, &apos;children&apos;: [], &apos;features&apos;: {}}, {&apos;type&apos;: &apos;text&apos;, &apos;bbox&apos;: (531.108, 325.824, 534.438, 339.11400000000003), &apos;color_space&apos;: &apos;DeviceGray&apos;, &apos;ncolor&apos;: None, &apos;size&apos;: 13.29000000000002, &apos;value&apos;: &apos;-&apos;, &apos;children&apos;: [], &apos;features&apos;: {}}, {&apos;type&apos;: &apos;text&apos;, &apos;bbox&apos;: (534.439, 325.824, 539.9989999999999, 339.11400000000003), &apos;color_space&apos;: &apos;DeviceGray&apos;, &apos;ncolor&apos;: None, &apos;size&apos;: 13.29000000000002, &apos;value&apos;: &apos;1&apos;, &apos;children&apos;: [], &apos;features&apos;: {}}], &apos;features&apos;: {}}
*********************





--------------------------------- CONTENT AREA --------------------------------- 
This content area has an image
{&apos;type&apos;: &apos;figure&apos;, &apos;bbox&apos;: (0, 0, 612.0, 792.0), &apos;name&apos;: &apos;fx68&apos;, &apos;children&apos;: [{&apos;type&apos;: &apos;text&apos;, &apos;bbox&apos;: (114.0, 309.603, 119.57, 323.08299999999997), &apos;color_space&apos;: &apos;DeviceGray&apos;, &apos;ncolor&apos;: None, &apos;size&apos;: 13.479999999999961, &apos;value&apos;: &apos;F&apos;, &apos;children&apos;: [], &apos;features&apos;: {}}, {&apos;type&apos;: &apos;text&apos;, &apos;bbox&apos;: (119.57, 309.603, 125.66999999999999, 323.08299999999997), &apos;color_space&apos;: &apos;DeviceGray&apos;, &apos;ncolor&apos;: None, &apos;size&apos;: 13.479999999999961, &apos;value&apos;: &apos;S&apos;, &apos;children&apos;: [], &apos;features&apos;: {}}, {&apos;type&apos;: &apos;text&apos;, &apos;bbox&apos;: (125.67, 309.603, 129.56, 323.08299999999997), &apos;color_space&apos;: &apos;DeviceGray&apos;, &apos;ncolor&apos;: None, &apos;size&apos;: 13.479999999999961, &apos;value&apos;: &apos;I&apos;, &apos;children&apos;: [], &apos;features&apos;: {}}, {&apos;type&apos;: &apos;text&apos;, &apos;bbox&apos;: (129.56, 309.603, 134.56, 323.08299999999997), &apos;color_space&apos;: &apos;DeviceGray&apos;, &apos;ncolor&apos;: None, &apos;size&apos;: 13.479999999999961, &apos;value&apos;: &apos;_&apos;, &apos;children&apos;: [], &apos;features&apos;: {}}, {&apos;type&apos;: &apos;text&apos;, &apos;bbox&apos;: (134.56, 309.603, 142.33, 323.08299999999997), &apos;color_space&apos;: &apos;DeviceGray&apos;, &apos;ncolor&apos;: None, &apos;size&apos;: 13.479999999999961, &apos;value&apos;: &apos;A&apos;, &apos;children&apos;: [], &apos;features&apos;: {}}, {&apos;type&apos;: &apos;text&apos;, &apos;bbox&apos;: (142.33, 309.603, 152.33, 323.08299999999997), &apos;color_space&apos;: &apos;DeviceGray&apos;, &apos;ncolor&apos;: None, &apos;size&apos;: 13.479999999999961, &apos;value&apos;: &apos;M&apos;, &apos;children&apos;: [], &apos;features&apos;: {}}, {&apos;type&apos;: &apos;text&apos;, &apos;bbox&apos;: (152.32999999999998, 309.603, 160.66, 323.08299999999997), &apos;color_space&apos;: &apos;DeviceGray&apos;, &apos;ncolor&apos;: None, &apos;size&apos;: 13.479999999999961, &apos;value&apos;: &apos;O&apos;, &apos;children&apos;: [], &apos;features&apos;: {}}, {&apos;type&apos;: &apos;text&apos;, &apos;bbox&apos;: (160.66, 309.603, 167.79, 323.08299999999997), &apos;color_space&apos;: &apos;DeviceGray&apos;, &apos;ncolor&apos;: None, &apos;size&apos;: 13.479999999999961, &apos;value&apos;: &apos;R&apos;, &apos;children&apos;: [], &apos;features&apos;: {}}, {&apos;type&apos;: &apos;text&apos;, &apos;bbox&apos;: (167.79, 309.603, 174.45, 323.08299999999997), &apos;color_space&apos;: &apos;DeviceGray&apos;, &apos;ncolor&apos;: None, &apos;size&apos;: 13.479999999999961, &apos;value&apos;: &apos;T&apos;, &apos;children&apos;: [], &apos;features&apos;: {}}, {&apos;type&apos;: &apos;text&apos;, &apos;bbox&apos;: (174.45, 309.603, 179.45, 323.08299999999997), &apos;color_space&apos;: &apos;DeviceGray&apos;, &apos;ncolor&apos;: None, &apos;size&apos;: 13.479999999999961, &apos;value&apos;: &apos;_&apos;, &apos;children&apos;: [], &apos;features&apos;: {}}, {&apos;type&apos;: &apos;text&apos;, &apos;bbox&apos;: (179.45, 309.603, 189.45, 323.08299999999997), &apos;color_space&apos;: &apos;DeviceGray&apos;, &apos;ncolor&apos;: None, &apos;size&apos;: 13.479999999999961, &apos;value&apos;: &apos;M&apos;, &apos;children&apos;: [], &apos;features&apos;: {}}, {&apos;type&apos;: &apos;text&apos;, &apos;bbox&apos;: (189.45, 309.603, 195.5, 323.08299999999997), &apos;color_space&apos;: &apos;DeviceGray&apos;, &apos;ncolor&apos;: None, &apos;size&apos;: 13.479999999999961, &apos;value&apos;: &apos;E&apos;, &apos;children&apos;: [], &apos;features&apos;: {}}, {&apos;type&apos;: &apos;text&apos;, &apos;bbox&apos;: (195.5, 309.603, 202.16, 323.08299999999997), &apos;color_space&apos;: &apos;DeviceGray&apos;, &apos;ncolor&apos;: None, &apos;size&apos;: 13.479999999999961, &apos;value&apos;: &apos;T&apos;, &apos;children&apos;: [], &apos;features&apos;: {}}, {&apos;type&apos;: &apos;text&apos;, &apos;bbox&apos;: (202.16, 309.603, 210.49, 323.08299999999997), &apos;color_space&apos;: &apos;DeviceGray&apos;, &apos;ncolor&apos;: None, &apos;size&apos;: 13.479999999999961, &apos;value&apos;: &apos;H&apos;, &apos;children&apos;: [], &apos;features&apos;: {}}, {&apos;type&apos;: &apos;text&apos;, &apos;bbox&apos;: (210.49, 309.603, 218.82000000000002, 323.08299999999997), &apos;color_space&apos;: &apos;DeviceGray&apos;, &apos;ncolor&apos;: None, &apos;size&apos;: 13.479999999999961, &apos;value&apos;: &apos;O&apos;, &apos;children&apos;: [], &apos;features&apos;: {}}, {&apos;type&apos;: &apos;text&apos;, &apos;bbox&apos;: (218.82, 309.603, 227.13, 323.08299999999997), &apos;color_space&apos;: &apos;DeviceGray&apos;, &apos;ncolor&apos;: None, &apos;size&apos;: 13.479999999999961, &apos;value&apos;: &apos;D&apos;, &apos;children&apos;: [], &apos;features&apos;: {}}, {&apos;type&apos;: &apos;text&apos;, &apos;bbox&apos;: (227.13, 309.603, 232.13, 323.08299999999997), &apos;color_space&apos;: &apos;DeviceGray&apos;, &apos;ncolor&apos;: None, &apos;size&apos;: 13.479999999999961, &apos;value&apos;: &apos;_&apos;, &apos;children&apos;: [], &apos;features&apos;: {}}, {&apos;type&apos;: &apos;text&apos;, &apos;bbox&apos;: (232.13, 309.603, 242.13, 323.08299999999997), &apos;color_space&apos;: &apos;DeviceGray&apos;, &apos;ncolor&apos;: None, &apos;size&apos;: 13.479999999999961, &apos;value&apos;: &apos;M&apos;, &apos;children&apos;: [], &apos;features&apos;: {}}, {&apos;type&apos;: &apos;text&apos;, &apos;bbox&apos;: (242.13, 309.603, 248.18, 323.08299999999997), &apos;color_space&apos;: &apos;DeviceGray&apos;, &apos;ncolor&apos;: None, &apos;size&apos;: 13.479999999999961, &apos;value&apos;: &apos;L&apos;, &apos;children&apos;: [], &apos;features&apos;: {}}, {&apos;type&apos;: &apos;text&apos;, &apos;bbox&apos;: (248.18, 309.603, 254.28, 323.08299999999997), &apos;color_space&apos;: &apos;DeviceGray&apos;, &apos;ncolor&apos;: None, &apos;size&apos;: 13.479999999999961, &apos;value&apos;: &apos;S&apos;, &apos;children&apos;: [], &apos;features&apos;: {}}, {&apos;type&apos;: &apos;text&apos;, &apos;bbox&apos;: (254.361, 310.33299999999997, 257.131, 323.623), &apos;color_space&apos;: &apos;DeviceGray&apos;, &apos;ncolor&apos;: None, &apos;size&apos;: 13.29000000000002, &apos;value&apos;: &apos;.&apos;, &apos;children&apos;: [], &apos;features&apos;: {}}, {&apos;type&apos;: &apos;text&apos;, &apos;bbox&apos;: (257.131, 310.33299999999997, 259.90099999999995, 323.623), &apos;color_space&apos;: &apos;DeviceGray&apos;, &apos;ncolor&apos;: None, &apos;size&apos;: 13.29000000000002, &apos;value&apos;: &apos;.&apos;, &apos;children&apos;: [], &apos;features&apos;: {}}, {&apos;type&apos;: &apos;text&apos;, &apos;bbox&apos;: (259.901, 310.33299999999997, 262.671, 323.623), &apos;color_space&apos;: &apos;DeviceGray&apos;, &apos;ncolor&apos;: None, &apos;size&apos;: 13.29000000000002, &apos;value&apos;: &apos;.&apos;, &apos;children&apos;: [], &apos;features&apos;: {}}, {&apos;type&apos;: &apos;text&apos;, &apos;bbox&apos;: (262.671, 310.33299999999997, 265.441, 323.623), &apos;color_space&apos;: &apos;DeviceGray&apos;, &apos;ncolor&apos;: None, &apos;size&apos;: 13.29000000000002, &apos;value&apos;: &apos;.&apos;, &apos;children&apos;: [], &apos;features&apos;: {}}, {&apos;type&apos;: &apos;text&apos;, &apos;bbox&apos;: (265.441, 310.33299999999997, 268.21099999999996, 323.623), &apos;color_space&apos;: &apos;DeviceGray&apos;, &apos;ncolor&apos;: None, &apos;size&apos;: 13.29000000000002, &apos;value&apos;: &apos;.&apos;, &apos;children&apos;: [], &apos;features&apos;: {}}, {&apos;type&apos;: &apos;text&apos;, &apos;bbox&apos;: (268.211, 310.33299999999997, 270.981, 323.623), &apos;color_space&apos;: &apos;DeviceGray&apos;, &apos;ncolor&apos;: None, &apos;size&apos;: 13.29000000000002, &apos;value&apos;: &apos;.&apos;, &apos;children&apos;: [], &apos;features&apos;: {}}, {&apos;type&apos;: &apos;text&apos;, &apos;bbox&apos;: (270.981, 310.33299999999997, 273.751, 323.623), &apos;color_space&apos;: &apos;DeviceGray&apos;, &apos;ncolor&apos;: None, &apos;size&apos;: 13.29000000000002, &apos;value&apos;: &apos;.&apos;, &apos;children&apos;: [], &apos;features&apos;: {}}, {&apos;type&apos;: &apos;text&apos;, &apos;bbox&apos;: (273.751, 310.33299999999997, 276.52099999999996, 323.623), &apos;color_space&apos;: &apos;DeviceGray&apos;, &apos;ncolor&apos;: None, &apos;size&apos;: 13.29000000000002, &apos;value&apos;: &apos;.&apos;, &apos;children&apos;: [], &apos;features&apos;: {}}, {&apos;type&apos;: &apos;text&apos;, &apos;bbox&apos;: (276.521, 310.33299999999997, 279.291, 323.623), &apos;color_space&apos;: &apos;DeviceGray&apos;, &apos;ncolor&apos;: None, &apos;size&apos;: 13.29000000000002, &apos;value&apos;: &apos;.&apos;, &apos;children&apos;: [], &apos;features&apos;: {}}, {&apos;type&apos;: &apos;text&apos;, &apos;bbox&apos;: (279.291, 310.33299999999997, 282.061, 323.623), &apos;color_space&apos;: &apos;DeviceGray&apos;, &apos;ncolor&apos;: None, &apos;size&apos;: 13.29000000000002, &apos;value&apos;: &apos;.&apos;, &apos;children&apos;: [], &apos;features&apos;: {}}, {&apos;type&apos;: &apos;text&apos;, &apos;bbox&apos;: (282.061, 310.33299999999997, 284.83099999999996, 323.623), &apos;color_space&apos;: &apos;DeviceGray&apos;, &apos;ncolor&apos;: None, &apos;size&apos;: 13.29000000000002, &apos;value&apos;: &apos;.&apos;, &apos;children&apos;: [], &apos;features&apos;: {}}, {&apos;type&apos;: &apos;text&apos;, &apos;bbox&apos;: (284.831, 310.33299999999997, 287.601, 323.623), &apos;color_space&apos;: &apos;DeviceGray&apos;, &apos;ncolor&apos;: None, &apos;size&apos;: 13.29000000000002, &apos;value&apos;: &apos;.&apos;, &apos;children&apos;: [], &apos;features&apos;: {}}, {&apos;type&apos;: &apos;text&apos;, &apos;bbox&apos;: (287.601, 310.33299999999997, 290.371, 323.623), &apos;color_space&apos;: &apos;DeviceGray&apos;, &apos;ncolor&apos;: None, &apos;size&apos;: 13.29000000000002, &apos;value&apos;: &apos;.&apos;, &apos;children&apos;: [], &apos;features&apos;: {}}, {&apos;type&apos;: &apos;text&apos;, &apos;bbox&apos;: (290.371, 310.33299999999997, 293.14099999999996, 323.623), &apos;color_space&apos;: &apos;DeviceGray&apos;, &apos;ncolor&apos;: None, &apos;size&apos;: 13.29000000000002, &apos;value&apos;: &apos;.&apos;, &apos;children&apos;: [], &apos;features&apos;: {}}, {&apos;type&apos;: &apos;text&apos;, &apos;bbox&apos;: (293.141, 310.33299999999997, 295.911, 323.623), &apos;color_space&apos;: &apos;DeviceGray&apos;, &apos;ncolor&apos;: None, &apos;size&apos;: 13.29000000000002, &apos;value&apos;: &apos;.&apos;, &apos;children&apos;: [], &apos;features&apos;: {}}, {&apos;type&apos;: &apos;text&apos;, &apos;bbox&apos;: (295.911, 310.33299999999997, 298.681, 323.623), &apos;color_space&apos;: &apos;DeviceGray&apos;, &apos;ncolor&apos;: None, &apos;size&apos;: 13.29000000000002, &apos;value&apos;: &apos;.&apos;, &apos;children&apos;: [], &apos;features&apos;: {}}, {&apos;type&apos;: &apos;text&apos;, &apos;bbox&apos;: (298.681, 310.33299999999997, 301.45099999999996, 323.623), &apos;color_space&apos;: &apos;DeviceGray&apos;, &apos;ncolor&apos;: None, &apos;size&apos;: 13.29000000000002, &apos;value&apos;: &apos;.&apos;, &apos;children&apos;: [], &apos;features&apos;: {}}, {&apos;type&apos;: &apos;text&apos;, &apos;bbox&apos;: (301.451, 310.33299999999997, 304.221, 323.623), &apos;color_space&apos;: &apos;DeviceGray&apos;, &apos;ncolor&apos;: None, &apos;size&apos;: 13.29000000000002, &apos;value&apos;: &apos;.&apos;, &apos;children&apos;: [], &apos;features&apos;: {}}, {&apos;type&apos;: &apos;text&apos;, &apos;bbox&apos;: (304.221, 310.33299999999997, 306.991, 323.623), &apos;color_space&apos;: &apos;DeviceGray&apos;, &apos;ncolor&apos;: None, &apos;size&apos;: 13.29000000000002, &apos;value&apos;: &apos;.&apos;, &apos;children&apos;: [], &apos;features&apos;: {}}, {&apos;type&apos;: &apos;text&apos;, &apos;bbox&apos;: (306.991, 310.33299999999997, 309.76099999999997, 323.623), &apos;color_space&apos;: &apos;DeviceGray&apos;, &apos;ncolor&apos;: None, &apos;size&apos;: 13.29000000000002, &apos;value&apos;: &apos;.&apos;, &apos;children&apos;: [], &apos;features&apos;: {}}, {&apos;type&apos;: &apos;text&apos;, &apos;bbox&apos;: (309.761, 310.33299999999997, 312.531, 323.623), &apos;color_space&apos;: &apos;DeviceGray&apos;, &apos;ncolor&apos;: None, &apos;size&apos;: 13.29000000000002, &apos;value&apos;: &apos;.&apos;, &apos;children&apos;: [], &apos;features&apos;: {}}, {&apos;type&apos;: &apos;text&apos;, &apos;bbox&apos;: (312.531, 310.33299999999997, 315.301, 323.623), &apos;color_space&apos;: &apos;DeviceGray&apos;, &apos;ncolor&apos;: None, &apos;size&apos;: 13.29000000000002, &apos;value&apos;: &apos;.&apos;, &apos;children&apos;: [], &apos;features&apos;: {}}, {&apos;type&apos;: &apos;text&apos;, &apos;bbox&apos;: (315.30100000000004, 310.33299999999997, 318.071, 323.623), &apos;color_space&apos;: &apos;DeviceGray&apos;, &apos;ncolor&apos;: None, &apos;size&apos;: 13.29000000000002, &apos;value&apos;: &apos;.&apos;, &apos;children&apos;: [], &apos;features&apos;: {}}, {&apos;type&apos;: &apos;text&apos;, &apos;bbox&apos;: (318.071, 310.33299999999997, 320.841, 323.623), &apos;color_space&apos;: &apos;DeviceGray&apos;, &apos;ncolor&apos;: None, &apos;size&apos;: 13.29000000000002, &apos;value&apos;: &apos;.&apos;, &apos;children&apos;: [], &apos;features&apos;: {}}, {&apos;type&apos;: &apos;text&apos;, &apos;bbox&apos;: (320.841, 310.33299999999997, 323.611, 323.623), &apos;color_space&apos;: &apos;DeviceGray&apos;, &apos;ncolor&apos;: None, &apos;size&apos;: 13.29000000000002, &apos;value&apos;: &apos;.&apos;, &apos;children&apos;: [], &apos;features&apos;: {}}, {&apos;type&apos;: &apos;text&apos;, &apos;bbox&apos;: (323.611, 310.33299999999997, 326.381, 323.623), &apos;color_space&apos;: &apos;DeviceGray&apos;, &apos;ncolor&apos;: None, &apos;size&apos;: 13.29000000000002, &apos;value&apos;: &apos;.&apos;, &apos;children&apos;: [], &apos;features&apos;: {}}, {&apos;type&apos;: &apos;text&apos;, &apos;bbox&apos;: (326.38100000000003, 310.33299999999997, 329.151, 323.623), &apos;color_space&apos;: &apos;DeviceGray&apos;, &apos;ncolor&apos;: None, &apos;size&apos;: 13.29000000000002, &apos;value&apos;: &apos;.&apos;, &apos;children&apos;: [], &apos;features&apos;: {}}, {&apos;type&apos;: &apos;text&apos;, &apos;bbox&apos;: (329.151, 310.33299999999997, 331.921, 323.623), &apos;color_space&apos;: &apos;DeviceGray&apos;, &apos;ncolor&apos;: None, &apos;size&apos;: 13.29000000000002, &apos;value&apos;: &apos;.&apos;, &apos;children&apos;: [], &apos;features&apos;: {}}, {&apos;type&apos;: &apos;text&apos;, &apos;bbox&apos;: (331.921, 310.33299999999997, 334.691, 323.623), &apos;color_space&apos;: &apos;DeviceGray&apos;, &apos;ncolor&apos;: None, &apos;size&apos;: 13.29000000000002, &apos;value&apos;: &apos;.&apos;, &apos;children&apos;: [], &apos;features&apos;: {}}, {&apos;type&apos;: &apos;text&apos;, &apos;bbox&apos;: (334.69100000000003, 310.33299999999997, 337.461, 323.623), &apos;color_space&apos;: &apos;DeviceGray&apos;, &apos;ncolor&apos;: None, &apos;size&apos;: 13.29000000000002, &apos;value&apos;: &apos;.&apos;, &apos;children&apos;: [], &apos;features&apos;: {}}, {&apos;type&apos;: &apos;text&apos;, &apos;bbox&apos;: (337.461, 310.33299999999997, 340.231, 323.623), &apos;color_space&apos;: &apos;DeviceGray&apos;, &apos;ncolor&apos;: None, &apos;size&apos;: 13.29000000000002, &apos;value&apos;: &apos;.&apos;, &apos;children&apos;: [], &apos;features&apos;: {}}, {&apos;type&apos;: &apos;text&apos;, &apos;bbox&apos;: (340.231, 310.33299999999997, 343.001, 323.623), &apos;color_space&apos;: &apos;DeviceGray&apos;, &apos;ncolor&apos;: None, &apos;size&apos;: 13.29000000000002, &apos;value&apos;: &apos;.&apos;, &apos;children&apos;: [], &apos;features&apos;: {}}, {&apos;type&apos;: &apos;text&apos;, &apos;bbox&apos;: (343.001, 310.33299999999997, 345.77099999999996, 323.623), &apos;color_space&apos;: &apos;DeviceGray&apos;, &apos;ncolor&apos;: None, &apos;size&apos;: 13.29000000000002, &apos;value&apos;: &apos;.&apos;, &apos;children&apos;: [], &apos;features&apos;: {}}, {&apos;type&apos;: &apos;text&apos;, &apos;bbox&apos;: (345.77099999999996, 310.33299999999997, 348.54099999999994, 323.623), &apos;color_space&apos;: &apos;DeviceGray&apos;, &apos;ncolor&apos;: None, &apos;size&apos;: 13.29000000000002, &apos;value&apos;: &apos;.&apos;, &apos;children&apos;: [], &apos;features&apos;: {}}, {&apos;type&apos;: &apos;text&apos;, &apos;bbox&apos;: (348.541, 310.33299999999997, 351.311, 323.623), &apos;color_space&apos;: &apos;DeviceGray&apos;, &apos;ncolor&apos;: None, &apos;size&apos;: 13.29000000000002, &apos;value&apos;: &apos;.&apos;, &apos;children&apos;: [], &apos;features&apos;: {}}, {&apos;type&apos;: &apos;text&apos;, &apos;bbox&apos;: (351.311, 310.33299999999997, 354.08099999999996, 323.623), &apos;color_space&apos;: &apos;DeviceGray&apos;, &apos;ncolor&apos;: None, &apos;size&apos;: 13.29000000000002, &apos;value&apos;: &apos;.&apos;, &apos;children&apos;: [], &apos;features&apos;: {}}, {&apos;type&apos;: &apos;text&apos;, &apos;bbox&apos;: (354.08099999999996, 310.33299999999997, 356.85099999999994, 323.623), &apos;color_space&apos;: &apos;DeviceGray&apos;, &apos;ncolor&apos;: None, &apos;size&apos;: 13.29000000000002, &apos;value&apos;: &apos;.&apos;, &apos;children&apos;: [], &apos;features&apos;: {}}, {&apos;type&apos;: &apos;text&apos;, &apos;bbox&apos;: (356.851, 310.33299999999997, 359.621, 323.623), &apos;color_space&apos;: &apos;DeviceGray&apos;, &apos;ncolor&apos;: None, &apos;size&apos;: 13.29000000000002, &apos;value&apos;: &apos;.&apos;, &apos;children&apos;: [], &apos;features&apos;: {}}, {&apos;type&apos;: &apos;text&apos;, &apos;bbox&apos;: (359.621, 310.33299999999997, 362.39099999999996, 323.623), &apos;color_space&apos;: &apos;DeviceGray&apos;, &apos;ncolor&apos;: None, &apos;size&apos;: 13.29000000000002, &apos;value&apos;: &apos;.&apos;, &apos;children&apos;: [], &apos;features&apos;: {}}, {&apos;type&apos;: &apos;text&apos;, &apos;bbox&apos;: (362.39099999999996, 310.33299999999997, 365.16099999999994, 323.623), &apos;color_space&apos;: &apos;DeviceGray&apos;, &apos;ncolor&apos;: None, &apos;size&apos;: 13.29000000000002, &apos;value&apos;: &apos;.&apos;, &apos;children&apos;: [], &apos;features&apos;: {}}, {&apos;type&apos;: &apos;text&apos;, &apos;bbox&apos;: (365.16099999999994, 310.33299999999997, 367.9309999999999, 323.623), &apos;color_space&apos;: &apos;DeviceGray&apos;, &apos;ncolor&apos;: None, &apos;size&apos;: 13.29000000000002, &apos;value&apos;: &apos;.&apos;, &apos;children&apos;: [], &apos;features&apos;: {}}, {&apos;type&apos;: &apos;text&apos;, &apos;bbox&apos;: (367.9309999999999, 310.33299999999997, 370.7009999999999, 323.623), &apos;color_space&apos;: &apos;DeviceGray&apos;, &apos;ncolor&apos;: None, &apos;size&apos;: 13.29000000000002, &apos;value&apos;: &apos;.&apos;, &apos;children&apos;: [], &apos;features&apos;: {}}, {&apos;type&apos;: &apos;text&apos;, &apos;bbox&apos;: (370.70099999999996, 310.33299999999997, 373.47099999999995, 323.623), &apos;color_space&apos;: &apos;DeviceGray&apos;, &apos;ncolor&apos;: None, &apos;size&apos;: 13.29000000000002, &apos;value&apos;: &apos;.&apos;, &apos;children&apos;: [], &apos;features&apos;: {}}, {&apos;type&apos;: &apos;text&apos;, &apos;bbox&apos;: (373.47099999999995, 310.33299999999997, 376.24099999999993, 323.623), &apos;color_space&apos;: &apos;DeviceGray&apos;, &apos;ncolor&apos;: None, &apos;size&apos;: 13.29000000000002, &apos;value&apos;: &apos;.&apos;, &apos;children&apos;: [], &apos;features&apos;: {}}, {&apos;type&apos;: &apos;text&apos;, &apos;bbox&apos;: (376.24099999999993, 310.33299999999997, 379.0109999999999, 323.623), &apos;color_space&apos;: &apos;DeviceGray&apos;, &apos;ncolor&apos;: None, &apos;size&apos;: 13.29000000000002, &apos;value&apos;: &apos;.&apos;, &apos;children&apos;: [], &apos;features&apos;: {}}, {&apos;type&apos;: &apos;text&apos;, &apos;bbox&apos;: (379.01099999999997, 310.33299999999997, 381.78099999999995, 323.623), &apos;color_space&apos;: &apos;DeviceGray&apos;, &apos;ncolor&apos;: None, &apos;size&apos;: 13.29000000000002, &apos;value&apos;: &apos;.&apos;, &apos;children&apos;: [], &apos;features&apos;: {}}, {&apos;type&apos;: &apos;text&apos;, &apos;bbox&apos;: (381.78099999999995, 310.33299999999997, 384.55099999999993, 323.623), &apos;color_space&apos;: &apos;DeviceGray&apos;, &apos;ncolor&apos;: None, &apos;size&apos;: 13.29000000000002, &apos;value&apos;: &apos;.&apos;, &apos;children&apos;: [], &apos;features&apos;: {}}, {&apos;type&apos;: &apos;text&apos;, &apos;bbox&apos;: (384.55099999999993, 310.33299999999997, 387.3209999999999, 323.623), &apos;color_space&apos;: &apos;DeviceGray&apos;, &apos;ncolor&apos;: None, &apos;size&apos;: 13.29000000000002, &apos;value&apos;: &apos;.&apos;, &apos;children&apos;: [], &apos;features&apos;: {}}, {&apos;type&apos;: &apos;text&apos;, &apos;bbox&apos;: (387.3209999999999, 310.33299999999997, 390.0909999999999, 323.623), &apos;color_space&apos;: &apos;DeviceGray&apos;, &apos;ncolor&apos;: None, &apos;size&apos;: 13.29000000000002, &apos;value&apos;: &apos;.&apos;, &apos;children&apos;: [], &apos;features&apos;: {}}, {&apos;type&apos;: &apos;text&apos;, &apos;bbox&apos;: (390.09099999999995, 310.33299999999997, 392.86099999999993, 323.623), &apos;color_space&apos;: &apos;DeviceGray&apos;, &apos;ncolor&apos;: None, &apos;size&apos;: 13.29000000000002, &apos;value&apos;: &apos;.&apos;, &apos;children&apos;: [], &apos;features&apos;: {}}, {&apos;type&apos;: &apos;text&apos;, &apos;bbox&apos;: (392.861, 310.33299999999997, 395.631, 323.623), &apos;color_space&apos;: &apos;DeviceGray&apos;, &apos;ncolor&apos;: None, &apos;size&apos;: 13.29000000000002, &apos;value&apos;: &apos;.&apos;, &apos;children&apos;: [], &apos;features&apos;: {}}, {&apos;type&apos;: &apos;text&apos;, &apos;bbox&apos;: (395.631, 310.33299999999997, 398.40099999999995, 323.623), &apos;color_space&apos;: &apos;DeviceGray&apos;, &apos;ncolor&apos;: None, &apos;size&apos;: 13.29000000000002, &apos;value&apos;: &apos;.&apos;, &apos;children&apos;: [], &apos;features&apos;: {}}, {&apos;type&apos;: &apos;text&apos;, &apos;bbox&apos;: (398.40099999999995, 310.33299999999997, 401.17099999999994, 323.623), &apos;color_space&apos;: &apos;DeviceGray&apos;, &apos;ncolor&apos;: None, &apos;size&apos;: 13.29000000000002, &apos;value&apos;: &apos;.&apos;, &apos;children&apos;: [], &apos;features&apos;: {}}, {&apos;type&apos;: &apos;text&apos;, &apos;bbox&apos;: (401.171, 310.33299999999997, 403.941, 323.623), &apos;color_space&apos;: &apos;DeviceGray&apos;, &apos;ncolor&apos;: None, &apos;size&apos;: 13.29000000000002, &apos;value&apos;: &apos;.&apos;, &apos;children&apos;: [], &apos;features&apos;: {}}, {&apos;type&apos;: &apos;text&apos;, &apos;bbox&apos;: (403.94100000000003, 310.33299999999997, 406.711, 323.623), &apos;color_space&apos;: &apos;DeviceGray&apos;, &apos;ncolor&apos;: None, &apos;size&apos;: 13.29000000000002, &apos;value&apos;: &apos;.&apos;, &apos;children&apos;: [], &apos;features&apos;: {}}, {&apos;type&apos;: &apos;text&apos;, &apos;bbox&apos;: (406.711, 310.33299999999997, 409.481, 323.623), &apos;color_space&apos;: &apos;DeviceGray&apos;, &apos;ncolor&apos;: None, &apos;size&apos;: 13.29000000000002, &apos;value&apos;: &apos;.&apos;, &apos;children&apos;: [], &apos;features&apos;: {}}, {&apos;type&apos;: &apos;text&apos;, &apos;bbox&apos;: (409.481, 310.33299999999997, 412.251, 323.623), &apos;color_space&apos;: &apos;DeviceGray&apos;, &apos;ncolor&apos;: None, &apos;size&apos;: 13.29000000000002, &apos;value&apos;: &apos;.&apos;, &apos;children&apos;: [], &apos;features&apos;: {}}, {&apos;type&apos;: &apos;text&apos;, &apos;bbox&apos;: (412.25100000000003, 310.33299999999997, 415.021, 323.623), &apos;color_space&apos;: &apos;DeviceGray&apos;, &apos;ncolor&apos;: None, &apos;size&apos;: 13.29000000000002, &apos;value&apos;: &apos;.&apos;, &apos;children&apos;: [], &apos;features&apos;: {}}, {&apos;type&apos;: &apos;text&apos;, &apos;bbox&apos;: (415.0210000000001, 310.33299999999997, 417.79100000000005, 323.623), &apos;color_space&apos;: &apos;DeviceGray&apos;, &apos;ncolor&apos;: None, &apos;size&apos;: 13.29000000000002, &apos;value&apos;: &apos;.&apos;, &apos;children&apos;: [], &apos;features&apos;: {}}, {&apos;type&apos;: &apos;text&apos;, &apos;bbox&apos;: (417.79100000000005, 310.33299999999997, 420.56100000000004, 323.623), &apos;color_space&apos;: &apos;DeviceGray&apos;, &apos;ncolor&apos;: None, &apos;size&apos;: 13.29000000000002, &apos;value&apos;: &apos;.&apos;, &apos;children&apos;: [], &apos;features&apos;: {}}, {&apos;type&apos;: &apos;text&apos;, &apos;bbox&apos;: (420.56100000000004, 310.33299999999997, 423.331, 323.623), &apos;color_space&apos;: &apos;DeviceGray&apos;, &apos;ncolor&apos;: None, &apos;size&apos;: 13.29000000000002, &apos;value&apos;: &apos;.&apos;, &apos;children&apos;: [], &apos;features&apos;: {}}, {&apos;type&apos;: &apos;text&apos;, &apos;bbox&apos;: (423.3310000000001, 310.33299999999997, 426.10100000000006, 323.623), &apos;color_space&apos;: &apos;DeviceGray&apos;, &apos;ncolor&apos;: None, &apos;size&apos;: 13.29000000000002, &apos;value&apos;: &apos;.&apos;, &apos;children&apos;: [], &apos;features&apos;: {}}, {&apos;type&apos;: &apos;text&apos;, &apos;bbox&apos;: (426.1010000000001, 310.33299999999997, 428.8710000000001, 323.623), &apos;color_space&apos;: &apos;DeviceGray&apos;, &apos;ncolor&apos;: None, &apos;size&apos;: 13.29000000000002, &apos;value&apos;: &apos;.&apos;, &apos;children&apos;: [], &apos;features&apos;: {}}, {&apos;type&apos;: &apos;text&apos;, &apos;bbox&apos;: (428.8710000000001, 310.33299999999997, 431.6410000000001, 323.623), &apos;color_space&apos;: &apos;DeviceGray&apos;, &apos;ncolor&apos;: None, &apos;size&apos;: 13.29000000000002, &apos;value&apos;: &apos;.&apos;, &apos;children&apos;: [], &apos;features&apos;: {}}, {&apos;type&apos;: &apos;text&apos;, &apos;bbox&apos;: (431.6410000000001, 310.33299999999997, 434.41100000000006, 323.623), &apos;color_space&apos;: &apos;DeviceGray&apos;, &apos;ncolor&apos;: None, &apos;size&apos;: 13.29000000000002, &apos;value&apos;: &apos;.&apos;, &apos;children&apos;: [], &apos;features&apos;: {}}, {&apos;type&apos;: &apos;text&apos;, &apos;bbox&apos;: (434.4110000000001, 310.33299999999997, 437.1810000000001, 323.623), &apos;color_space&apos;: &apos;DeviceGray&apos;, &apos;ncolor&apos;: None, &apos;size&apos;: 13.29000000000002, &apos;value&apos;: &apos;.&apos;, &apos;children&apos;: [], &apos;features&apos;: {}}, {&apos;type&apos;: &apos;text&apos;, &apos;bbox&apos;: (437.18100000000015, 310.33299999999997, 439.95100000000014, 323.623), &apos;color_space&apos;: &apos;DeviceGray&apos;, &apos;ncolor&apos;: None, &apos;size&apos;: 13.29000000000002, &apos;value&apos;: &apos;.&apos;, &apos;children&apos;: [], &apos;features&apos;: {}}, {&apos;type&apos;: &apos;text&apos;, &apos;bbox&apos;: (439.95100000000014, 310.33299999999997, 442.7210000000001, 323.623), &apos;color_space&apos;: &apos;DeviceGray&apos;, &apos;ncolor&apos;: None, &apos;size&apos;: 13.29000000000002, &apos;value&apos;: &apos;.&apos;, &apos;children&apos;: [], &apos;features&apos;: {}}, {&apos;type&apos;: &apos;text&apos;, &apos;bbox&apos;: (442.7210000000001, 310.33299999999997, 445.4910000000001, 323.623), &apos;color_space&apos;: &apos;DeviceGray&apos;, &apos;ncolor&apos;: None, &apos;size&apos;: 13.29000000000002, &apos;value&apos;: &apos;.&apos;, &apos;children&apos;: [], &apos;features&apos;: {}}, {&apos;type&apos;: &apos;text&apos;, &apos;bbox&apos;: (445.49100000000016, 310.33299999999997, 448.26100000000014, 323.623), &apos;color_space&apos;: &apos;DeviceGray&apos;, &apos;ncolor&apos;: None, &apos;size&apos;: 13.29000000000002, &apos;value&apos;: &apos;.&apos;, &apos;children&apos;: [], &apos;features&apos;: {}}, {&apos;type&apos;: &apos;text&apos;, &apos;bbox&apos;: (448.2610000000002, 310.33299999999997, 451.0310000000002, 323.623), &apos;color_space&apos;: &apos;DeviceGray&apos;, &apos;ncolor&apos;: None, &apos;size&apos;: 13.29000000000002, &apos;value&apos;: &apos;.&apos;, &apos;children&apos;: [], &apos;features&apos;: {}}, {&apos;type&apos;: &apos;text&apos;, &apos;bbox&apos;: (451.0310000000002, 310.33299999999997, 453.80100000000016, 323.623), &apos;color_space&apos;: &apos;DeviceGray&apos;, &apos;ncolor&apos;: None, &apos;size&apos;: 13.29000000000002, &apos;value&apos;: &apos;.&apos;, &apos;children&apos;: [], &apos;features&apos;: {}}, {&apos;type&apos;: &apos;text&apos;, &apos;bbox&apos;: (453.80100000000016, 310.33299999999997, 456.57100000000014, 323.623), &apos;color_space&apos;: &apos;DeviceGray&apos;, &apos;ncolor&apos;: None, &apos;size&apos;: 13.29000000000002, &apos;value&apos;: &apos;.&apos;, &apos;children&apos;: [], &apos;features&apos;: {}}, {&apos;type&apos;: &apos;text&apos;, &apos;bbox&apos;: (456.5710000000002, 310.33299999999997, 459.3410000000002, 323.623), &apos;color_space&apos;: &apos;DeviceGray&apos;, &apos;ncolor&apos;: None, &apos;size&apos;: 13.29000000000002, &apos;value&apos;: &apos;.&apos;, &apos;children&apos;: [], &apos;features&apos;: {}}, {&apos;type&apos;: &apos;text&apos;, &apos;bbox&apos;: (459.34100000000024, 310.33299999999997, 462.1110000000002, 323.623), &apos;color_space&apos;: &apos;DeviceGray&apos;, &apos;ncolor&apos;: None, &apos;size&apos;: 13.29000000000002, &apos;value&apos;: &apos;.&apos;, &apos;children&apos;: [], &apos;features&apos;: {}}, {&apos;type&apos;: &apos;text&apos;, &apos;bbox&apos;: (462.1110000000002, 310.33299999999997, 464.8810000000002, 323.623), &apos;color_space&apos;: &apos;DeviceGray&apos;, &apos;ncolor&apos;: None, &apos;size&apos;: 13.29000000000002, &apos;value&apos;: &apos;.&apos;, &apos;children&apos;: [], &apos;features&apos;: {}}, {&apos;type&apos;: &apos;text&apos;, &apos;bbox&apos;: (464.8810000000002, 310.33299999999997, 467.6510000000002, 323.623), &apos;color_space&apos;: &apos;DeviceGray&apos;, &apos;ncolor&apos;: None, &apos;size&apos;: 13.29000000000002, &apos;value&apos;: &apos;.&apos;, &apos;children&apos;: [], &apos;features&apos;: {}}, {&apos;type&apos;: &apos;text&apos;, &apos;bbox&apos;: (467.65100000000024, 310.33299999999997, 470.4210000000002, 323.623), &apos;color_space&apos;: &apos;DeviceGray&apos;, &apos;ncolor&apos;: None, &apos;size&apos;: 13.29000000000002, &apos;value&apos;: &apos;.&apos;, &apos;children&apos;: [], &apos;features&apos;: {}}, {&apos;type&apos;: &apos;text&apos;, &apos;bbox&apos;: (470.4210000000003, 310.33299999999997, 473.19100000000026, 323.623), &apos;color_space&apos;: &apos;DeviceGray&apos;, &apos;ncolor&apos;: None, &apos;size&apos;: 13.29000000000002, &apos;value&apos;: &apos;.&apos;, &apos;children&apos;: [], &apos;features&apos;: {}}, {&apos;type&apos;: &apos;text&apos;, &apos;bbox&apos;: (473.19100000000026, 310.33299999999997, 475.96100000000024, 323.623), &apos;color_space&apos;: &apos;DeviceGray&apos;, &apos;ncolor&apos;: None, &apos;size&apos;: 13.29000000000002, &apos;value&apos;: &apos;.&apos;, &apos;children&apos;: [], &apos;features&apos;: {}}, {&apos;type&apos;: &apos;text&apos;, &apos;bbox&apos;: (475.96100000000024, 310.33299999999997, 478.7310000000002, 323.623), &apos;color_space&apos;: &apos;DeviceGray&apos;, &apos;ncolor&apos;: None, &apos;size&apos;: 13.29000000000002, &apos;value&apos;: &apos;.&apos;, &apos;children&apos;: [], &apos;features&apos;: {}}, {&apos;type&apos;: &apos;text&apos;, &apos;bbox&apos;: (478.7310000000003, 310.33299999999997, 481.50100000000026, 323.623), &apos;color_space&apos;: &apos;DeviceGray&apos;, &apos;ncolor&apos;: None, &apos;size&apos;: 13.29000000000002, &apos;value&apos;: &apos;.&apos;, &apos;children&apos;: [], &apos;features&apos;: {}}, {&apos;type&apos;: &apos;text&apos;, &apos;bbox&apos;: (481.5010000000003, 310.33299999999997, 484.2710000000003, 323.623), &apos;color_space&apos;: &apos;DeviceGray&apos;, &apos;ncolor&apos;: None, &apos;size&apos;: 13.29000000000002, &apos;value&apos;: &apos;.&apos;, &apos;children&apos;: [], &apos;features&apos;: {}}, {&apos;type&apos;: &apos;text&apos;, &apos;bbox&apos;: (484.2710000000003, 310.33299999999997, 487.0410000000003, 323.623), &apos;color_space&apos;: &apos;DeviceGray&apos;, &apos;ncolor&apos;: None, &apos;size&apos;: 13.29000000000002, &apos;value&apos;: &apos;.&apos;, &apos;children&apos;: [], &apos;features&apos;: {}}, {&apos;type&apos;: &apos;text&apos;, &apos;bbox&apos;: (487.0410000000003, 310.33299999999997, 489.81100000000026, 323.623), &apos;color_space&apos;: &apos;DeviceGray&apos;, &apos;ncolor&apos;: None, &apos;size&apos;: 13.29000000000002, &apos;value&apos;: &apos;.&apos;, &apos;children&apos;: [], &apos;features&apos;: {}}, {&apos;type&apos;: &apos;text&apos;, &apos;bbox&apos;: (489.8110000000003, 310.33299999999997, 492.5810000000003, 323.623), &apos;color_space&apos;: &apos;DeviceGray&apos;, &apos;ncolor&apos;: None, &apos;size&apos;: 13.29000000000002, &apos;value&apos;: &apos;.&apos;, &apos;children&apos;: [], &apos;features&apos;: {}}, {&apos;type&apos;: &apos;text&apos;, &apos;bbox&apos;: (492.58100000000036, 310.33299999999997, 495.35100000000034, 323.623), &apos;color_space&apos;: &apos;DeviceGray&apos;, &apos;ncolor&apos;: None, &apos;size&apos;: 13.29000000000002, &apos;value&apos;: &apos;.&apos;, &apos;children&apos;: [], &apos;features&apos;: {}}, {&apos;type&apos;: &apos;text&apos;, &apos;bbox&apos;: (495.35100000000034, 310.33299999999997, 498.1210000000003, 323.623), &apos;color_space&apos;: &apos;DeviceGray&apos;, &apos;ncolor&apos;: None, &apos;size&apos;: 13.29000000000002, &apos;value&apos;: &apos;.&apos;, &apos;children&apos;: [], &apos;features&apos;: {}}, {&apos;type&apos;: &apos;text&apos;, &apos;bbox&apos;: (498.1210000000003, 310.33299999999997, 500.8910000000003, 323.623), &apos;color_space&apos;: &apos;DeviceGray&apos;, &apos;ncolor&apos;: None, &apos;size&apos;: 13.29000000000002, &apos;value&apos;: &apos;.&apos;, &apos;children&apos;: [], &apos;features&apos;: {}}, {&apos;type&apos;: &apos;text&apos;, &apos;bbox&apos;: (500.89100000000036, 310.33299999999997, 503.66100000000034, 323.623), &apos;color_space&apos;: &apos;DeviceGray&apos;, &apos;ncolor&apos;: None, &apos;size&apos;: 13.29000000000002, &apos;value&apos;: &apos;.&apos;, &apos;children&apos;: [], &apos;features&apos;: {}}, {&apos;type&apos;: &apos;text&apos;, &apos;bbox&apos;: (503.6610000000004, 310.33299999999997, 506.4310000000004, 323.623), &apos;color_space&apos;: &apos;DeviceGray&apos;, &apos;ncolor&apos;: None, &apos;size&apos;: 13.29000000000002, &apos;value&apos;: &apos;.&apos;, &apos;children&apos;: [], &apos;features&apos;: {}}, {&apos;type&apos;: &apos;text&apos;, &apos;bbox&apos;: (506.4310000000004, 310.33299999999997, 509.20100000000036, 323.623), &apos;color_space&apos;: &apos;DeviceGray&apos;, &apos;ncolor&apos;: None, &apos;size&apos;: 13.29000000000002, &apos;value&apos;: &apos;.&apos;, &apos;children&apos;: [], &apos;features&apos;: {}}, {&apos;type&apos;: &apos;text&apos;, &apos;bbox&apos;: (509.20100000000036, 310.33299999999997, 511.97100000000034, 323.623), &apos;color_space&apos;: &apos;DeviceGray&apos;, &apos;ncolor&apos;: None, &apos;size&apos;: 13.29000000000002, &apos;value&apos;: &apos;.&apos;, &apos;children&apos;: [], &apos;features&apos;: {}}, {&apos;type&apos;: &apos;text&apos;, &apos;bbox&apos;: (511.9710000000004, 310.33299999999997, 514.7410000000004, 323.623), &apos;color_space&apos;: &apos;DeviceGray&apos;, &apos;ncolor&apos;: None, &apos;size&apos;: 13.29000000000002, &apos;value&apos;: &apos;.&apos;, &apos;children&apos;: [], &apos;features&apos;: {}}, {&apos;type&apos;: &apos;text&apos;, &apos;bbox&apos;: (514.7410000000004, 310.33299999999997, 517.5110000000004, 323.623), &apos;color_space&apos;: &apos;DeviceGray&apos;, &apos;ncolor&apos;: None, &apos;size&apos;: 13.29000000000002, &apos;value&apos;: &apos;.&apos;, &apos;children&apos;: [], &apos;features&apos;: {}}, {&apos;type&apos;: &apos;text&apos;, &apos;bbox&apos;: (517.5110000000004, 310.33299999999997, 520.2810000000004, 323.623), &apos;color_space&apos;: &apos;DeviceGray&apos;, &apos;ncolor&apos;: None, &apos;size&apos;: 13.29000000000002, &apos;value&apos;: &apos;.&apos;, &apos;children&apos;: [], &apos;features&apos;: {}}, {&apos;type&apos;: &apos;text&apos;, &apos;bbox&apos;: (520.2810000000004, 310.33299999999997, 523.0510000000004, 323.623), &apos;color_space&apos;: &apos;DeviceGray&apos;, &apos;ncolor&apos;: None, &apos;size&apos;: 13.29000000000002, &apos;value&apos;: &apos;.&apos;, &apos;children&apos;: [], &apos;features&apos;: {}}, {&apos;type&apos;: &apos;text&apos;, &apos;bbox&apos;: (525.548, 310.33299999999997, 531.108, 323.623), &apos;color_space&apos;: &apos;DeviceGray&apos;, &apos;ncolor&apos;: None, &apos;size&apos;: 13.29000000000002, &apos;value&apos;: &apos;9&apos;, &apos;children&apos;: [], &apos;features&apos;: {}}, {&apos;type&apos;: &apos;text&apos;, &apos;bbox&apos;: (531.108, 310.33299999999997, 534.438, 323.623), &apos;color_space&apos;: &apos;DeviceGray&apos;, &apos;ncolor&apos;: None, &apos;size&apos;: 13.29000000000002, &apos;value&apos;: &apos;-&apos;, &apos;children&apos;: [], &apos;features&apos;: {}}, {&apos;type&apos;: &apos;text&apos;, &apos;bbox&apos;: (534.439, 310.33299999999997, 539.9989999999999, 323.623), &apos;color_space&apos;: &apos;DeviceGray&apos;, &apos;ncolor&apos;: None, &apos;size&apos;: 13.29000000000002, &apos;value&apos;: &apos;2&apos;, &apos;children&apos;: [], &apos;features&apos;: {}}], &apos;features&apos;: {}}
*********************





--------------------------------- CONTENT AREA --------------------------------- 
This content area has an image
{&apos;type&apos;: &apos;figure&apos;, &apos;bbox&apos;: (0, 0, 612.0, 792.0), &apos;name&apos;: &apos;fx69&apos;, &apos;children&apos;: [{&apos;type&apos;: &apos;text&apos;, &apos;bbox&apos;: (114.0, 294.112, 119.57, 307.592), &apos;color_space&apos;: &apos;DeviceGray&apos;, &apos;ncolor&apos;: None, &apos;size&apos;: 13.479999999999961, &apos;value&apos;: &apos;F&apos;, &apos;children&apos;: [], &apos;features&apos;: {}}, {&apos;type&apos;: &apos;text&apos;, &apos;bbox&apos;: (119.57, 294.112, 125.66999999999999, 307.592), &apos;color_space&apos;: &apos;DeviceGray&apos;, &apos;ncolor&apos;: None, &apos;size&apos;: 13.479999999999961, &apos;value&apos;: &apos;S&apos;, &apos;children&apos;: [], &apos;features&apos;: {}}, {&apos;type&apos;: &apos;text&apos;, &apos;bbox&apos;: (125.67, 294.112, 129.56, 307.592), &apos;color_space&apos;: &apos;DeviceGray&apos;, &apos;ncolor&apos;: None, &apos;size&apos;: 13.479999999999961, &apos;value&apos;: &apos;I&apos;, &apos;children&apos;: [], &apos;features&apos;: {}}, {&apos;type&apos;: &apos;text&apos;, &apos;bbox&apos;: (129.56, 294.112, 134.56, 307.592), &apos;color_space&apos;: &apos;DeviceGray&apos;, &apos;ncolor&apos;: None, &apos;size&apos;: 13.479999999999961, &apos;value&apos;: &apos;_&apos;, &apos;children&apos;: [], &apos;features&apos;: {}}, {&apos;type&apos;: &apos;text&apos;, &apos;bbox&apos;: (134.56, 294.112, 141.16, 307.592), &apos;color_space&apos;: &apos;DeviceGray&apos;, &apos;ncolor&apos;: None, &apos;size&apos;: 13.479999999999961, &apos;value&apos;: &apos;B&apos;, &apos;children&apos;: [], &apos;features&apos;: {}}, {&apos;type&apos;: &apos;text&apos;, &apos;bbox&apos;: (141.16, 294.112, 147.21, 307.592), &apos;color_space&apos;: &apos;DeviceGray&apos;, &apos;ncolor&apos;: None, &apos;size&apos;: 13.479999999999961, &apos;value&apos;: &apos;E&apos;, &apos;children&apos;: [], &apos;features&apos;: {}}, {&apos;type&apos;: &apos;text&apos;, &apos;bbox&apos;: (147.21, 294.112, 155.54000000000002, 307.592), &apos;color_space&apos;: &apos;DeviceGray&apos;, &apos;ncolor&apos;: None, &apos;size&apos;: 13.479999999999961, &apos;value&apos;: &apos;H&apos;, &apos;children&apos;: [], &apos;features&apos;: {}}, {&apos;type&apos;: &apos;text&apos;, &apos;bbox&apos;: (155.54, 294.112, 163.31, 307.592), &apos;color_space&apos;: &apos;DeviceGray&apos;, &apos;ncolor&apos;: None, &apos;size&apos;: 13.479999999999961, &apos;value&apos;: &apos;A&apos;, &apos;children&apos;: [], &apos;features&apos;: {}}, {&apos;type&apos;: &apos;text&apos;, &apos;bbox&apos;: (163.31, 294.112, 171.08, 307.592), &apos;color_space&apos;: &apos;DeviceGray&apos;, &apos;ncolor&apos;: None, &apos;size&apos;: 13.479999999999961, &apos;value&apos;: &apos;V&apos;, &apos;children&apos;: [], &apos;features&apos;: {}}, {&apos;type&apos;: &apos;text&apos;, &apos;bbox&apos;: (171.08, 294.112, 174.97, 307.592), &apos;color_space&apos;: &apos;DeviceGray&apos;, &apos;ncolor&apos;: None, &apos;size&apos;: 13.479999999999961, &apos;value&apos;: &apos;I&apos;, &apos;children&apos;: [], &apos;features&apos;: {}}, {&apos;type&apos;: &apos;text&apos;, &apos;bbox&apos;: (174.97, 294.112, 183.3, 307.592), &apos;color_space&apos;: &apos;DeviceGray&apos;, &apos;ncolor&apos;: None, &apos;size&apos;: 13.479999999999961, &apos;value&apos;: &apos;O&apos;, &apos;children&apos;: [], &apos;features&apos;: {}}, {&apos;type&apos;: &apos;text&apos;, &apos;bbox&apos;: (183.3, 294.112, 191.07000000000002, 307.592), &apos;color_space&apos;: &apos;DeviceGray&apos;, &apos;ncolor&apos;: None, &apos;size&apos;: 13.479999999999961, &apos;value&apos;: &apos;U&apos;, &apos;children&apos;: [], &apos;features&apos;: {}}, {&apos;type&apos;: &apos;text&apos;, &apos;bbox&apos;: (191.07, 294.112, 198.2, 307.592), &apos;color_space&apos;: &apos;DeviceGray&apos;, &apos;ncolor&apos;: None, &apos;size&apos;: 13.479999999999961, &apos;value&apos;: &apos;R&apos;, &apos;children&apos;: [], &apos;features&apos;: {}}, {&apos;type&apos;: &apos;text&apos;, &apos;bbox&apos;: (198.2, 294.112, 203.2, 307.592), &apos;color_space&apos;: &apos;DeviceGray&apos;, &apos;ncolor&apos;: None, &apos;size&apos;: 13.479999999999961, &apos;value&apos;: &apos;_&apos;, &apos;children&apos;: [], &apos;features&apos;: {}}, {&apos;type&apos;: &apos;text&apos;, &apos;bbox&apos;: (203.2, 294.112, 209.29999999999998, 307.592), &apos;color_space&apos;: &apos;DeviceGray&apos;, &apos;ncolor&apos;: None, &apos;size&apos;: 13.479999999999961, &apos;value&apos;: &apos;S&apos;, &apos;children&apos;: [], &apos;features&apos;: {}}, {&apos;type&apos;: &apos;text&apos;, &apos;bbox&apos;: (209.3, 294.112, 217.07000000000002, 307.592), &apos;color_space&apos;: &apos;DeviceGray&apos;, &apos;ncolor&apos;: None, &apos;size&apos;: 13.479999999999961, &apos;value&apos;: &apos;U&apos;, &apos;children&apos;: [], &apos;features&apos;: {}}, {&apos;type&apos;: &apos;text&apos;, &apos;bbox&apos;: (217.07, 294.112, 223.67, 307.592), &apos;color_space&apos;: &apos;DeviceGray&apos;, &apos;ncolor&apos;: None, &apos;size&apos;: 13.479999999999961, &apos;value&apos;: &apos;B&apos;, &apos;children&apos;: [], &apos;features&apos;: {}}, {&apos;type&apos;: &apos;text&apos;, &apos;bbox&apos;: (223.67, 294.112, 228.67, 307.592), &apos;color_space&apos;: &apos;DeviceGray&apos;, &apos;ncolor&apos;: None, &apos;size&apos;: 13.479999999999961, &apos;value&apos;: &apos;_&apos;, &apos;children&apos;: [], &apos;features&apos;: {}}, {&apos;type&apos;: &apos;text&apos;, &apos;bbox&apos;: (228.67, 294.112, 235.32999999999998, 307.592), &apos;color_space&apos;: &apos;DeviceGray&apos;, &apos;ncolor&apos;: None, &apos;size&apos;: 13.479999999999961, &apos;value&apos;: &apos;T&apos;, &apos;children&apos;: [], &apos;features&apos;: {}}, {&apos;type&apos;: &apos;text&apos;, &apos;bbox&apos;: (235.32999999999998, 294.112, 241.98999999999998, 307.592), &apos;color_space&apos;: &apos;DeviceGray&apos;, &apos;ncolor&apos;: None, &apos;size&apos;: 13.479999999999961, &apos;value&apos;: &apos;Y&apos;, &apos;children&apos;: [], &apos;features&apos;: {}}, {&apos;type&apos;: &apos;text&apos;, &apos;bbox&apos;: (241.98999999999998, 294.112, 248.08999999999997, 307.592), &apos;color_space&apos;: &apos;DeviceGray&apos;, &apos;ncolor&apos;: None, &apos;size&apos;: 13.479999999999961, &apos;value&apos;: &apos;P&apos;, &apos;children&apos;: [], &apos;features&apos;: {}}, {&apos;type&apos;: &apos;text&apos;, &apos;bbox&apos;: (248.08999999999997, 294.112, 254.14, 307.592), &apos;color_space&apos;: &apos;DeviceGray&apos;, &apos;ncolor&apos;: None, &apos;size&apos;: 13.479999999999961, &apos;value&apos;: &apos;E&apos;, &apos;children&apos;: [], &apos;features&apos;: {}}, {&apos;type&apos;: &apos;text&apos;, &apos;bbox&apos;: (254.14, 294.112, 259.14, 307.592), &apos;color_space&apos;: &apos;DeviceGray&apos;, &apos;ncolor&apos;: None, &apos;size&apos;: 13.479999999999961, &apos;value&apos;: &apos;_&apos;, &apos;children&apos;: [], &apos;features&apos;: {}}, {&apos;type&apos;: &apos;text&apos;, &apos;bbox&apos;: (259.14, 294.112, 269.14, 307.592), &apos;color_space&apos;: &apos;DeviceGray&apos;, &apos;ncolor&apos;: None, &apos;size&apos;: 13.479999999999961, &apos;value&apos;: &apos;M&apos;, &apos;children&apos;: [], &apos;features&apos;: {}}, {&apos;type&apos;: &apos;text&apos;, &apos;bbox&apos;: (269.14, 294.112, 275.19, 307.592), &apos;color_space&apos;: &apos;DeviceGray&apos;, &apos;ncolor&apos;: None, &apos;size&apos;: 13.479999999999961, &apos;value&apos;: &apos;L&apos;, &apos;children&apos;: [], &apos;features&apos;: {}}, {&apos;type&apos;: &apos;text&apos;, &apos;bbox&apos;: (275.19, 294.112, 281.29, 307.592), &apos;color_space&apos;: &apos;DeviceGray&apos;, &apos;ncolor&apos;: None, &apos;size&apos;: 13.479999999999961, &apos;value&apos;: &apos;S&apos;, &apos;children&apos;: [], &apos;features&apos;: {}}, {&apos;type&apos;: &apos;text&apos;, &apos;bbox&apos;: (281.431, 294.842, 284.20099999999996, 308.132), &apos;color_space&apos;: &apos;DeviceGray&apos;, &apos;ncolor&apos;: None, &apos;size&apos;: 13.29000000000002, &apos;value&apos;: &apos;.&apos;, &apos;children&apos;: [], &apos;features&apos;: {}}, {&apos;type&apos;: &apos;text&apos;, &apos;bbox&apos;: (284.20099999999996, 294.842, 286.97099999999995, 308.132), &apos;color_space&apos;: &apos;DeviceGray&apos;, &apos;ncolor&apos;: None, &apos;size&apos;: 13.29000000000002, &apos;value&apos;: &apos;.&apos;, &apos;children&apos;: [], &apos;features&apos;: {}}, {&apos;type&apos;: &apos;text&apos;, &apos;bbox&apos;: (286.971, 294.842, 289.741, 308.132), &apos;color_space&apos;: &apos;DeviceGray&apos;, &apos;ncolor&apos;: None, &apos;size&apos;: 13.29000000000002, &apos;value&apos;: &apos;.&apos;, &apos;children&apos;: [], &apos;features&apos;: {}}, {&apos;type&apos;: &apos;text&apos;, &apos;bbox&apos;: (289.741, 294.842, 292.51099999999997, 308.132), &apos;color_space&apos;: &apos;DeviceGray&apos;, &apos;ncolor&apos;: None, &apos;size&apos;: 13.29000000000002, &apos;value&apos;: &apos;.&apos;, &apos;children&apos;: [], &apos;features&apos;: {}}, {&apos;type&apos;: &apos;text&apos;, &apos;bbox&apos;: (292.51099999999997, 294.842, 295.28099999999995, 308.132), &apos;color_space&apos;: &apos;DeviceGray&apos;, &apos;ncolor&apos;: None, &apos;size&apos;: 13.29000000000002, &apos;value&apos;: &apos;.&apos;, &apos;children&apos;: [], &apos;features&apos;: {}}, {&apos;type&apos;: &apos;text&apos;, &apos;bbox&apos;: (295.281, 294.842, 298.051, 308.132), &apos;color_space&apos;: &apos;DeviceGray&apos;, &apos;ncolor&apos;: None, &apos;size&apos;: 13.29000000000002, &apos;value&apos;: &apos;.&apos;, &apos;children&apos;: [], &apos;features&apos;: {}}, {&apos;type&apos;: &apos;text&apos;, &apos;bbox&apos;: (298.051, 294.842, 300.82099999999997, 308.132), &apos;color_space&apos;: &apos;DeviceGray&apos;, &apos;ncolor&apos;: None, &apos;size&apos;: 13.29000000000002, &apos;value&apos;: &apos;.&apos;, &apos;children&apos;: [], &apos;features&apos;: {}}, {&apos;type&apos;: &apos;text&apos;, &apos;bbox&apos;: (300.82099999999997, 294.842, 303.59099999999995, 308.132), &apos;color_space&apos;: &apos;DeviceGray&apos;, &apos;ncolor&apos;: None, &apos;size&apos;: 13.29000000000002, &apos;value&apos;: &apos;.&apos;, &apos;children&apos;: [], &apos;features&apos;: {}}, {&apos;type&apos;: &apos;text&apos;, &apos;bbox&apos;: (303.591, 294.842, 306.361, 308.132), &apos;color_space&apos;: &apos;DeviceGray&apos;, &apos;ncolor&apos;: None, &apos;size&apos;: 13.29000000000002, &apos;value&apos;: &apos;.&apos;, &apos;children&apos;: [], &apos;features&apos;: {}}, {&apos;type&apos;: &apos;text&apos;, &apos;bbox&apos;: (306.361, 294.842, 309.131, 308.132), &apos;color_space&apos;: &apos;DeviceGray&apos;, &apos;ncolor&apos;: None, &apos;size&apos;: 13.29000000000002, &apos;value&apos;: &apos;.&apos;, &apos;children&apos;: [], &apos;features&apos;: {}}, {&apos;type&apos;: &apos;text&apos;, &apos;bbox&apos;: (309.131, 294.842, 311.90099999999995, 308.132), &apos;color_space&apos;: &apos;DeviceGray&apos;, &apos;ncolor&apos;: None, &apos;size&apos;: 13.29000000000002, &apos;value&apos;: &apos;.&apos;, &apos;children&apos;: [], &apos;features&apos;: {}}, {&apos;type&apos;: &apos;text&apos;, &apos;bbox&apos;: (311.90099999999995, 294.842, 314.67099999999994, 308.132), &apos;color_space&apos;: &apos;DeviceGray&apos;, &apos;ncolor&apos;: None, &apos;size&apos;: 13.29000000000002, &apos;value&apos;: &apos;.&apos;, &apos;children&apos;: [], &apos;features&apos;: {}}, {&apos;type&apos;: &apos;text&apos;, &apos;bbox&apos;: (314.671, 294.842, 317.441, 308.132), &apos;color_space&apos;: &apos;DeviceGray&apos;, &apos;ncolor&apos;: None, &apos;size&apos;: 13.29000000000002, &apos;value&apos;: &apos;.&apos;, &apos;children&apos;: [], &apos;features&apos;: {}}, {&apos;type&apos;: &apos;text&apos;, &apos;bbox&apos;: (317.441, 294.842, 320.21099999999996, 308.132), &apos;color_space&apos;: &apos;DeviceGray&apos;, &apos;ncolor&apos;: None, &apos;size&apos;: 13.29000000000002, &apos;value&apos;: &apos;.&apos;, &apos;children&apos;: [], &apos;features&apos;: {}}, {&apos;type&apos;: &apos;text&apos;, &apos;bbox&apos;: (320.211, 294.842, 322.981, 308.132), &apos;color_space&apos;: &apos;DeviceGray&apos;, &apos;ncolor&apos;: None, &apos;size&apos;: 13.29000000000002, &apos;value&apos;: &apos;.&apos;, &apos;children&apos;: [], &apos;features&apos;: {}}, {&apos;type&apos;: &apos;text&apos;, &apos;bbox&apos;: (322.981, 294.842, 325.751, 308.132), &apos;color_space&apos;: &apos;DeviceGray&apos;, &apos;ncolor&apos;: None, &apos;size&apos;: 13.29000000000002, &apos;value&apos;: &apos;.&apos;, &apos;children&apos;: [], &apos;features&apos;: {}}, {&apos;type&apos;: &apos;text&apos;, &apos;bbox&apos;: (325.751, 294.842, 328.52099999999996, 308.132), &apos;color_space&apos;: &apos;DeviceGray&apos;, &apos;ncolor&apos;: None, &apos;size&apos;: 13.29000000000002, &apos;value&apos;: &apos;.&apos;, &apos;children&apos;: [], &apos;features&apos;: {}}, {&apos;type&apos;: &apos;text&apos;, &apos;bbox&apos;: (328.521, 294.842, 331.291, 308.132), &apos;color_space&apos;: &apos;DeviceGray&apos;, &apos;ncolor&apos;: None, &apos;size&apos;: 13.29000000000002, &apos;value&apos;: &apos;.&apos;, &apos;children&apos;: [], &apos;features&apos;: {}}, {&apos;type&apos;: &apos;text&apos;, &apos;bbox&apos;: (331.291, 294.842, 334.061, 308.132), &apos;color_space&apos;: &apos;DeviceGray&apos;, &apos;ncolor&apos;: None, &apos;size&apos;: 13.29000000000002, &apos;value&apos;: &apos;.&apos;, &apos;children&apos;: [], &apos;features&apos;: {}}, {&apos;type&apos;: &apos;text&apos;, &apos;bbox&apos;: (334.06100000000004, 294.842, 336.831, 308.132), &apos;color_space&apos;: &apos;DeviceGray&apos;, &apos;ncolor&apos;: None, &apos;size&apos;: 13.29000000000002, &apos;value&apos;: &apos;.&apos;, &apos;children&apos;: [], &apos;features&apos;: {}}, {&apos;type&apos;: &apos;text&apos;, &apos;bbox&apos;: (336.831, 294.842, 339.601, 308.132), &apos;color_space&apos;: &apos;DeviceGray&apos;, &apos;ncolor&apos;: None, &apos;size&apos;: 13.29000000000002, &apos;value&apos;: &apos;.&apos;, &apos;children&apos;: [], &apos;features&apos;: {}}, {&apos;type&apos;: &apos;text&apos;, &apos;bbox&apos;: (339.601, 294.842, 342.371, 308.132), &apos;color_space&apos;: &apos;DeviceGray&apos;, &apos;ncolor&apos;: None, &apos;size&apos;: 13.29000000000002, &apos;value&apos;: &apos;.&apos;, &apos;children&apos;: [], &apos;features&apos;: {}}, {&apos;type&apos;: &apos;text&apos;, &apos;bbox&apos;: (342.37100000000004, 294.842, 345.141, 308.132), &apos;color_space&apos;: &apos;DeviceGray&apos;, &apos;ncolor&apos;: None, &apos;size&apos;: 13.29000000000002, &apos;value&apos;: &apos;.&apos;, &apos;children&apos;: [], &apos;features&apos;: {}}, {&apos;type&apos;: &apos;text&apos;, &apos;bbox&apos;: (345.141, 294.842, 347.911, 308.132), &apos;color_space&apos;: &apos;DeviceGray&apos;, &apos;ncolor&apos;: None, &apos;size&apos;: 13.29000000000002, &apos;value&apos;: &apos;.&apos;, &apos;children&apos;: [], &apos;features&apos;: {}}, {&apos;type&apos;: &apos;text&apos;, &apos;bbox&apos;: (347.911, 294.842, 350.681, 308.132), &apos;color_space&apos;: &apos;DeviceGray&apos;, &apos;ncolor&apos;: None, &apos;size&apos;: 13.29000000000002, &apos;value&apos;: &apos;.&apos;, &apos;children&apos;: [], &apos;features&apos;: {}}, {&apos;type&apos;: &apos;text&apos;, &apos;bbox&apos;: (350.68100000000004, 294.842, 353.451, 308.132), &apos;color_space&apos;: &apos;DeviceGray&apos;, &apos;ncolor&apos;: None, &apos;size&apos;: 13.29000000000002, &apos;value&apos;: &apos;.&apos;, &apos;children&apos;: [], &apos;features&apos;: {}}, {&apos;type&apos;: &apos;text&apos;, &apos;bbox&apos;: (353.451, 294.842, 356.221, 308.132), &apos;color_space&apos;: &apos;DeviceGray&apos;, &apos;ncolor&apos;: None, &apos;size&apos;: 13.29000000000002, &apos;value&apos;: &apos;.&apos;, &apos;children&apos;: [], &apos;features&apos;: {}}, {&apos;type&apos;: &apos;text&apos;, &apos;bbox&apos;: (356.221, 294.842, 358.991, 308.132), &apos;color_space&apos;: &apos;DeviceGray&apos;, &apos;ncolor&apos;: None, &apos;size&apos;: 13.29000000000002, &apos;value&apos;: &apos;.&apos;, &apos;children&apos;: [], &apos;features&apos;: {}}, {&apos;type&apos;: &apos;text&apos;, &apos;bbox&apos;: (358.991, 294.842, 361.76099999999997, 308.132), &apos;color_space&apos;: &apos;DeviceGray&apos;, &apos;ncolor&apos;: None, &apos;size&apos;: 13.29000000000002, &apos;value&apos;: &apos;.&apos;, &apos;children&apos;: [], &apos;features&apos;: {}}, {&apos;type&apos;: &apos;text&apos;, &apos;bbox&apos;: (361.76099999999997, 294.842, 364.53099999999995, 308.132), &apos;color_space&apos;: &apos;DeviceGray&apos;, &apos;ncolor&apos;: None, &apos;size&apos;: 13.29000000000002, &apos;value&apos;: &apos;.&apos;, &apos;children&apos;: [], &apos;features&apos;: {}}, {&apos;type&apos;: &apos;text&apos;, &apos;bbox&apos;: (364.531, 294.842, 367.301, 308.132), &apos;color_space&apos;: &apos;DeviceGray&apos;, &apos;ncolor&apos;: None, &apos;size&apos;: 13.29000000000002, &apos;value&apos;: &apos;.&apos;, &apos;children&apos;: [], &apos;features&apos;: {}}, {&apos;type&apos;: &apos;text&apos;, &apos;bbox&apos;: (367.301, 294.842, 370.07099999999997, 308.132), &apos;color_space&apos;: &apos;DeviceGray&apos;, &apos;ncolor&apos;: None, &apos;size&apos;: 13.29000000000002, &apos;value&apos;: &apos;.&apos;, &apos;children&apos;: [], &apos;features&apos;: {}}, {&apos;type&apos;: &apos;text&apos;, &apos;bbox&apos;: (370.07099999999997, 294.842, 372.84099999999995, 308.132), &apos;color_space&apos;: &apos;DeviceGray&apos;, &apos;ncolor&apos;: None, &apos;size&apos;: 13.29000000000002, &apos;value&apos;: &apos;.&apos;, &apos;children&apos;: [], &apos;features&apos;: {}}, {&apos;type&apos;: &apos;text&apos;, &apos;bbox&apos;: (372.841, 294.842, 375.611, 308.132), &apos;color_space&apos;: &apos;DeviceGray&apos;, &apos;ncolor&apos;: None, &apos;size&apos;: 13.29000000000002, &apos;value&apos;: &apos;.&apos;, &apos;children&apos;: [], &apos;features&apos;: {}}, {&apos;type&apos;: &apos;text&apos;, &apos;bbox&apos;: (375.611, 294.842, 378.381, 308.132), &apos;color_space&apos;: &apos;DeviceGray&apos;, &apos;ncolor&apos;: None, &apos;size&apos;: 13.29000000000002, &apos;value&apos;: &apos;.&apos;, &apos;children&apos;: [], &apos;features&apos;: {}}, {&apos;type&apos;: &apos;text&apos;, &apos;bbox&apos;: (378.381, 294.842, 381.15099999999995, 308.132), &apos;color_space&apos;: &apos;DeviceGray&apos;, &apos;ncolor&apos;: None, &apos;size&apos;: 13.29000000000002, &apos;value&apos;: &apos;.&apos;, &apos;children&apos;: [], &apos;features&apos;: {}}, {&apos;type&apos;: &apos;text&apos;, &apos;bbox&apos;: (381.15099999999995, 294.842, 383.92099999999994, 308.132), &apos;color_space&apos;: &apos;DeviceGray&apos;, &apos;ncolor&apos;: None, &apos;size&apos;: 13.29000000000002, &apos;value&apos;: &apos;.&apos;, &apos;children&apos;: [], &apos;features&apos;: {}}, {&apos;type&apos;: &apos;text&apos;, &apos;bbox&apos;: (383.92099999999994, 294.842, 386.6909999999999, 308.132), &apos;color_space&apos;: &apos;DeviceGray&apos;, &apos;ncolor&apos;: None, &apos;size&apos;: 13.29000000000002, &apos;value&apos;: &apos;.&apos;, &apos;children&apos;: [], &apos;features&apos;: {}}, {&apos;type&apos;: &apos;text&apos;, &apos;bbox&apos;: (386.691, 294.842, 389.46099999999996, 308.132), &apos;color_space&apos;: &apos;DeviceGray&apos;, &apos;ncolor&apos;: None, &apos;size&apos;: 13.29000000000002, &apos;value&apos;: &apos;.&apos;, &apos;children&apos;: [], &apos;features&apos;: {}}, {&apos;type&apos;: &apos;text&apos;, &apos;bbox&apos;: (389.46099999999996, 294.842, 392.23099999999994, 308.132), &apos;color_space&apos;: &apos;DeviceGray&apos;, &apos;ncolor&apos;: None, &apos;size&apos;: 13.29000000000002, &apos;value&apos;: &apos;.&apos;, &apos;children&apos;: [], &apos;features&apos;: {}}, {&apos;type&apos;: &apos;text&apos;, &apos;bbox&apos;: (392.23099999999994, 294.842, 395.0009999999999, 308.132), &apos;color_space&apos;: &apos;DeviceGray&apos;, &apos;ncolor&apos;: None, &apos;size&apos;: 13.29000000000002, &apos;value&apos;: &apos;.&apos;, &apos;children&apos;: [], &apos;features&apos;: {}}, {&apos;type&apos;: &apos;text&apos;, &apos;bbox&apos;: (395.001, 294.842, 397.77099999999996, 308.132), &apos;color_space&apos;: &apos;DeviceGray&apos;, &apos;ncolor&apos;: None, &apos;size&apos;: 13.29000000000002, &apos;value&apos;: &apos;.&apos;, &apos;children&apos;: [], &apos;features&apos;: {}}, {&apos;type&apos;: &apos;text&apos;, &apos;bbox&apos;: (397.77099999999996, 294.842, 400.54099999999994, 308.132), &apos;color_space&apos;: &apos;DeviceGray&apos;, &apos;ncolor&apos;: None, &apos;size&apos;: 13.29000000000002, &apos;value&apos;: &apos;.&apos;, &apos;children&apos;: [], &apos;features&apos;: {}}, {&apos;type&apos;: &apos;text&apos;, &apos;bbox&apos;: (400.54099999999994, 294.842, 403.3109999999999, 308.132), &apos;color_space&apos;: &apos;DeviceGray&apos;, &apos;ncolor&apos;: None, &apos;size&apos;: 13.29000000000002, &apos;value&apos;: &apos;.&apos;, &apos;children&apos;: [], &apos;features&apos;: {}}, {&apos;type&apos;: &apos;text&apos;, &apos;bbox&apos;: (403.3109999999999, 294.842, 406.0809999999999, 308.132), &apos;color_space&apos;: &apos;DeviceGray&apos;, &apos;ncolor&apos;: None, &apos;size&apos;: 13.29000000000002, &apos;value&apos;: &apos;.&apos;, &apos;children&apos;: [], &apos;features&apos;: {}}, {&apos;type&apos;: &apos;text&apos;, &apos;bbox&apos;: (406.0809999999999, 294.842, 408.8509999999999, 308.132), &apos;color_space&apos;: &apos;DeviceGray&apos;, &apos;ncolor&apos;: None, &apos;size&apos;: 13.29000000000002, &apos;value&apos;: &apos;.&apos;, &apos;children&apos;: [], &apos;features&apos;: {}}, {&apos;type&apos;: &apos;text&apos;, &apos;bbox&apos;: (408.85099999999994, 294.842, 411.6209999999999, 308.132), &apos;color_space&apos;: &apos;DeviceGray&apos;, &apos;ncolor&apos;: None, &apos;size&apos;: 13.29000000000002, &apos;value&apos;: &apos;.&apos;, &apos;children&apos;: [], &apos;features&apos;: {}}, {&apos;type&apos;: &apos;text&apos;, &apos;bbox&apos;: (411.6209999999999, 294.842, 414.3909999999999, 308.132), &apos;color_space&apos;: &apos;DeviceGray&apos;, &apos;ncolor&apos;: None, &apos;size&apos;: 13.29000000000002, &apos;value&apos;: &apos;.&apos;, &apos;children&apos;: [], &apos;features&apos;: {}}, {&apos;type&apos;: &apos;text&apos;, &apos;bbox&apos;: (414.39099999999996, 294.842, 417.16099999999994, 308.132), &apos;color_space&apos;: &apos;DeviceGray&apos;, &apos;ncolor&apos;: None, &apos;size&apos;: 13.29000000000002, &apos;value&apos;: &apos;.&apos;, &apos;children&apos;: [], &apos;features&apos;: {}}, {&apos;type&apos;: &apos;text&apos;, &apos;bbox&apos;: (417.16099999999994, 294.842, 419.9309999999999, 308.132), &apos;color_space&apos;: &apos;DeviceGray&apos;, &apos;ncolor&apos;: None, &apos;size&apos;: 13.29000000000002, &apos;value&apos;: &apos;.&apos;, &apos;children&apos;: [], &apos;features&apos;: {}}, {&apos;type&apos;: &apos;text&apos;, &apos;bbox&apos;: (419.9309999999999, 294.842, 422.7009999999999, 308.132), &apos;color_space&apos;: &apos;DeviceGray&apos;, &apos;ncolor&apos;: None, &apos;size&apos;: 13.29000000000002, &apos;value&apos;: &apos;.&apos;, &apos;children&apos;: [], &apos;features&apos;: {}}, {&apos;type&apos;: &apos;text&apos;, &apos;bbox&apos;: (422.70099999999996, 294.842, 425.47099999999995, 308.132), &apos;color_space&apos;: &apos;DeviceGray&apos;, &apos;ncolor&apos;: None, &apos;size&apos;: 13.29000000000002, &apos;value&apos;: &apos;.&apos;, &apos;children&apos;: [], &apos;features&apos;: {}}, {&apos;type&apos;: &apos;text&apos;, &apos;bbox&apos;: (425.471, 294.842, 428.241, 308.132), &apos;color_space&apos;: &apos;DeviceGray&apos;, &apos;ncolor&apos;: None, &apos;size&apos;: 13.29000000000002, &apos;value&apos;: &apos;.&apos;, &apos;children&apos;: [], &apos;features&apos;: {}}, {&apos;type&apos;: &apos;text&apos;, &apos;bbox&apos;: (428.241, 294.842, 431.01099999999997, 308.132), &apos;color_space&apos;: &apos;DeviceGray&apos;, &apos;ncolor&apos;: None, &apos;size&apos;: 13.29000000000002, &apos;value&apos;: &apos;.&apos;, &apos;children&apos;: [], &apos;features&apos;: {}}, {&apos;type&apos;: &apos;text&apos;, &apos;bbox&apos;: (431.01099999999997, 294.842, 433.78099999999995, 308.132), &apos;color_space&apos;: &apos;DeviceGray&apos;, &apos;ncolor&apos;: None, &apos;size&apos;: 13.29000000000002, &apos;value&apos;: &apos;.&apos;, &apos;children&apos;: [], &apos;features&apos;: {}}, {&apos;type&apos;: &apos;text&apos;, &apos;bbox&apos;: (433.781, 294.842, 436.551, 308.132), &apos;color_space&apos;: &apos;DeviceGray&apos;, &apos;ncolor&apos;: None, &apos;size&apos;: 13.29000000000002, &apos;value&apos;: &apos;.&apos;, &apos;children&apos;: [], &apos;features&apos;: {}}, {&apos;type&apos;: &apos;text&apos;, &apos;bbox&apos;: (436.55100000000004, 294.842, 439.321, 308.132), &apos;color_space&apos;: &apos;DeviceGray&apos;, &apos;ncolor&apos;: None, &apos;size&apos;: 13.29000000000002, &apos;value&apos;: &apos;.&apos;, &apos;children&apos;: [], &apos;features&apos;: {}}, {&apos;type&apos;: &apos;text&apos;, &apos;bbox&apos;: (439.321, 294.842, 442.091, 308.132), &apos;color_space&apos;: &apos;DeviceGray&apos;, &apos;ncolor&apos;: None, &apos;size&apos;: 13.29000000000002, &apos;value&apos;: &apos;.&apos;, &apos;children&apos;: [], &apos;features&apos;: {}}, {&apos;type&apos;: &apos;text&apos;, &apos;bbox&apos;: (442.091, 294.842, 444.861, 308.132), &apos;color_space&apos;: &apos;DeviceGray&apos;, &apos;ncolor&apos;: None, &apos;size&apos;: 13.29000000000002, &apos;value&apos;: &apos;.&apos;, &apos;children&apos;: [], &apos;features&apos;: {}}, {&apos;type&apos;: &apos;text&apos;, &apos;bbox&apos;: (444.86100000000005, 294.842, 447.63100000000003, 308.132), &apos;color_space&apos;: &apos;DeviceGray&apos;, &apos;ncolor&apos;: None, &apos;size&apos;: 13.29000000000002, &apos;value&apos;: &apos;.&apos;, &apos;children&apos;: [], &apos;features&apos;: {}}, {&apos;type&apos;: &apos;text&apos;, &apos;bbox&apos;: (447.6310000000001, 294.842, 450.40100000000007, 308.132), &apos;color_space&apos;: &apos;DeviceGray&apos;, &apos;ncolor&apos;: None, &apos;size&apos;: 13.29000000000002, &apos;value&apos;: &apos;.&apos;, &apos;children&apos;: [], &apos;features&apos;: {}}, {&apos;type&apos;: &apos;text&apos;, &apos;bbox&apos;: (450.40100000000007, 294.842, 453.17100000000005, 308.132), &apos;color_space&apos;: &apos;DeviceGray&apos;, &apos;ncolor&apos;: None, &apos;size&apos;: 13.29000000000002, &apos;value&apos;: &apos;.&apos;, &apos;children&apos;: [], &apos;features&apos;: {}}, {&apos;type&apos;: &apos;text&apos;, &apos;bbox&apos;: (453.17100000000005, 294.842, 455.94100000000003, 308.132), &apos;color_space&apos;: &apos;DeviceGray&apos;, &apos;ncolor&apos;: None, &apos;size&apos;: 13.29000000000002, &apos;value&apos;: &apos;.&apos;, &apos;children&apos;: [], &apos;features&apos;: {}}, {&apos;type&apos;: &apos;text&apos;, &apos;bbox&apos;: (455.9410000000001, 294.842, 458.71100000000007, 308.132), &apos;color_space&apos;: &apos;DeviceGray&apos;, &apos;ncolor&apos;: None, &apos;size&apos;: 13.29000000000002, &apos;value&apos;: &apos;.&apos;, &apos;children&apos;: [], &apos;features&apos;: {}}, {&apos;type&apos;: &apos;text&apos;, &apos;bbox&apos;: (458.7110000000001, 294.842, 461.4810000000001, 308.132), &apos;color_space&apos;: &apos;DeviceGray&apos;, &apos;ncolor&apos;: None, &apos;size&apos;: 13.29000000000002, &apos;value&apos;: &apos;.&apos;, &apos;children&apos;: [], &apos;features&apos;: {}}, {&apos;type&apos;: &apos;text&apos;, &apos;bbox&apos;: (461.4810000000001, 294.842, 464.2510000000001, 308.132), &apos;color_space&apos;: &apos;DeviceGray&apos;, &apos;ncolor&apos;: None, &apos;size&apos;: 13.29000000000002, &apos;value&apos;: &apos;.&apos;, &apos;children&apos;: [], &apos;features&apos;: {}}, {&apos;type&apos;: &apos;text&apos;, &apos;bbox&apos;: (464.2510000000001, 294.842, 467.0210000000001, 308.132), &apos;color_space&apos;: &apos;DeviceGray&apos;, &apos;ncolor&apos;: None, &apos;size&apos;: 13.29000000000002, &apos;value&apos;: &apos;.&apos;, &apos;children&apos;: [], &apos;features&apos;: {}}, {&apos;type&apos;: &apos;text&apos;, &apos;bbox&apos;: (467.02100000000013, 294.842, 469.7910000000001, 308.132), &apos;color_space&apos;: &apos;DeviceGray&apos;, &apos;ncolor&apos;: None, &apos;size&apos;: 13.29000000000002, &apos;value&apos;: &apos;.&apos;, &apos;children&apos;: [], &apos;features&apos;: {}}, {&apos;type&apos;: &apos;text&apos;, &apos;bbox&apos;: (469.79100000000017, 294.842, 472.56100000000015, 308.132), &apos;color_space&apos;: &apos;DeviceGray&apos;, &apos;ncolor&apos;: None, &apos;size&apos;: 13.29000000000002, &apos;value&apos;: &apos;.&apos;, &apos;children&apos;: [], &apos;features&apos;: {}}, {&apos;type&apos;: &apos;text&apos;, &apos;bbox&apos;: (472.56100000000015, 294.842, 475.33100000000013, 308.132), &apos;color_space&apos;: &apos;DeviceGray&apos;, &apos;ncolor&apos;: None, &apos;size&apos;: 13.29000000000002, &apos;value&apos;: &apos;.&apos;, &apos;children&apos;: [], &apos;features&apos;: {}}, {&apos;type&apos;: &apos;text&apos;, &apos;bbox&apos;: (475.33100000000013, 294.842, 478.1010000000001, 308.132), &apos;color_space&apos;: &apos;DeviceGray&apos;, &apos;ncolor&apos;: None, &apos;size&apos;: 13.29000000000002, &apos;value&apos;: &apos;.&apos;, &apos;children&apos;: [], &apos;features&apos;: {}}, {&apos;type&apos;: &apos;text&apos;, &apos;bbox&apos;: (478.10100000000017, 294.842, 480.87100000000015, 308.132), &apos;color_space&apos;: &apos;DeviceGray&apos;, &apos;ncolor&apos;: None, &apos;size&apos;: 13.29000000000002, &apos;value&apos;: &apos;.&apos;, &apos;children&apos;: [], &apos;features&apos;: {}}, {&apos;type&apos;: &apos;text&apos;, &apos;bbox&apos;: (480.8710000000002, 294.842, 483.6410000000002, 308.132), &apos;color_space&apos;: &apos;DeviceGray&apos;, &apos;ncolor&apos;: None, &apos;size&apos;: 13.29000000000002, &apos;value&apos;: &apos;.&apos;, &apos;children&apos;: [], &apos;features&apos;: {}}, {&apos;type&apos;: &apos;text&apos;, &apos;bbox&apos;: (483.6410000000002, 294.842, 486.4110000000002, 308.132), &apos;color_space&apos;: &apos;DeviceGray&apos;, &apos;ncolor&apos;: None, &apos;size&apos;: 13.29000000000002, &apos;value&apos;: &apos;.&apos;, &apos;children&apos;: [], &apos;features&apos;: {}}, {&apos;type&apos;: &apos;text&apos;, &apos;bbox&apos;: (486.4110000000002, 294.842, 489.18100000000015, 308.132), &apos;color_space&apos;: &apos;DeviceGray&apos;, &apos;ncolor&apos;: None, &apos;size&apos;: 13.29000000000002, &apos;value&apos;: &apos;.&apos;, &apos;children&apos;: [], &apos;features&apos;: {}}, {&apos;type&apos;: &apos;text&apos;, &apos;bbox&apos;: (489.1810000000002, 294.842, 491.9510000000002, 308.132), &apos;color_space&apos;: &apos;DeviceGray&apos;, &apos;ncolor&apos;: None, &apos;size&apos;: 13.29000000000002, &apos;value&apos;: &apos;.&apos;, &apos;children&apos;: [], &apos;features&apos;: {}}, {&apos;type&apos;: &apos;text&apos;, &apos;bbox&apos;: (491.95100000000025, 294.842, 494.72100000000023, 308.132), &apos;color_space&apos;: &apos;DeviceGray&apos;, &apos;ncolor&apos;: None, &apos;size&apos;: 13.29000000000002, &apos;value&apos;: &apos;.&apos;, &apos;children&apos;: [], &apos;features&apos;: {}}, {&apos;type&apos;: &apos;text&apos;, &apos;bbox&apos;: (494.72100000000023, 294.842, 497.4910000000002, 308.132), &apos;color_space&apos;: &apos;DeviceGray&apos;, &apos;ncolor&apos;: None, &apos;size&apos;: 13.29000000000002, &apos;value&apos;: &apos;.&apos;, &apos;children&apos;: [], &apos;features&apos;: {}}, {&apos;type&apos;: &apos;text&apos;, &apos;bbox&apos;: (497.4910000000002, 294.842, 500.2610000000002, 308.132), &apos;color_space&apos;: &apos;DeviceGray&apos;, &apos;ncolor&apos;: None, &apos;size&apos;: 13.29000000000002, &apos;value&apos;: &apos;.&apos;, &apos;children&apos;: [], &apos;features&apos;: {}}, {&apos;type&apos;: &apos;text&apos;, &apos;bbox&apos;: (500.26100000000025, 294.842, 503.03100000000023, 308.132), &apos;color_space&apos;: &apos;DeviceGray&apos;, &apos;ncolor&apos;: None, &apos;size&apos;: 13.29000000000002, &apos;value&apos;: &apos;.&apos;, &apos;children&apos;: [], &apos;features&apos;: {}}, {&apos;type&apos;: &apos;text&apos;, &apos;bbox&apos;: (503.0310000000003, 294.842, 505.8010000000003, 308.132), &apos;color_space&apos;: &apos;DeviceGray&apos;, &apos;ncolor&apos;: None, &apos;size&apos;: 13.29000000000002, &apos;value&apos;: &apos;.&apos;, &apos;children&apos;: [], &apos;features&apos;: {}}, {&apos;type&apos;: &apos;text&apos;, &apos;bbox&apos;: (505.8010000000003, 294.842, 508.57100000000025, 308.132), &apos;color_space&apos;: &apos;DeviceGray&apos;, &apos;ncolor&apos;: None, &apos;size&apos;: 13.29000000000002, &apos;value&apos;: &apos;.&apos;, &apos;children&apos;: [], &apos;features&apos;: {}}, {&apos;type&apos;: &apos;text&apos;, &apos;bbox&apos;: (508.57100000000025, 294.842, 511.34100000000024, 308.132), &apos;color_space&apos;: &apos;DeviceGray&apos;, &apos;ncolor&apos;: None, &apos;size&apos;: 13.29000000000002, &apos;value&apos;: &apos;.&apos;, &apos;children&apos;: [], &apos;features&apos;: {}}, {&apos;type&apos;: &apos;text&apos;, &apos;bbox&apos;: (511.3410000000003, 294.842, 514.1110000000003, 308.132), &apos;color_space&apos;: &apos;DeviceGray&apos;, &apos;ncolor&apos;: None, &apos;size&apos;: 13.29000000000002, &apos;value&apos;: &apos;.&apos;, &apos;children&apos;: [], &apos;features&apos;: {}}, {&apos;type&apos;: &apos;text&apos;, &apos;bbox&apos;: (514.1110000000003, 294.842, 516.8810000000003, 308.132), &apos;color_space&apos;: &apos;DeviceGray&apos;, &apos;ncolor&apos;: None, &apos;size&apos;: 13.29000000000002, &apos;value&apos;: &apos;.&apos;, &apos;children&apos;: [], &apos;features&apos;: {}}, {&apos;type&apos;: &apos;text&apos;, &apos;bbox&apos;: (516.8810000000003, 294.842, 519.6510000000003, 308.132), &apos;color_space&apos;: &apos;DeviceGray&apos;, &apos;ncolor&apos;: None, &apos;size&apos;: 13.29000000000002, &apos;value&apos;: &apos;.&apos;, &apos;children&apos;: [], &apos;features&apos;: {}}, {&apos;type&apos;: &apos;text&apos;, &apos;bbox&apos;: (519.6510000000003, 294.842, 522.4210000000003, 308.132), &apos;color_space&apos;: &apos;DeviceGray&apos;, &apos;ncolor&apos;: None, &apos;size&apos;: 13.29000000000002, &apos;value&apos;: &apos;.&apos;, &apos;children&apos;: [], &apos;features&apos;: {}}, {&apos;type&apos;: &apos;text&apos;, &apos;bbox&apos;: (525.548, 294.842, 531.108, 308.132), &apos;color_space&apos;: &apos;DeviceGray&apos;, &apos;ncolor&apos;: None, &apos;size&apos;: 13.29000000000002, &apos;value&apos;: &apos;9&apos;, &apos;children&apos;: [], &apos;features&apos;: {}}, {&apos;type&apos;: &apos;text&apos;, &apos;bbox&apos;: (531.108, 294.842, 534.438, 308.132), &apos;color_space&apos;: &apos;DeviceGray&apos;, &apos;ncolor&apos;: None, &apos;size&apos;: 13.29000000000002, &apos;value&apos;: &apos;-&apos;, &apos;children&apos;: [], &apos;features&apos;: {}}, {&apos;type&apos;: &apos;text&apos;, &apos;bbox&apos;: (534.439, 294.842, 539.9989999999999, 308.132), &apos;color_space&apos;: &apos;DeviceGray&apos;, &apos;ncolor&apos;: None, &apos;size&apos;: 13.29000000000002, &apos;value&apos;: &apos;2&apos;, &apos;children&apos;: [], &apos;features&apos;: {}}], &apos;features&apos;: {}}
*********************





--------------------------------- CONTENT AREA --------------------------------- 
This content area has an image
{&apos;type&apos;: &apos;figure&apos;, &apos;bbox&apos;: (0, 0, 612.0, 792.0), &apos;name&apos;: &apos;fx70&apos;, &apos;children&apos;: [{&apos;type&apos;: &apos;text&apos;, &apos;bbox&apos;: (114.0, 278.62100000000004, 119.57, 292.101), &apos;color_space&apos;: &apos;DeviceGray&apos;, &apos;ncolor&apos;: None, &apos;size&apos;: 13.479999999999961, &apos;value&apos;: &apos;F&apos;, &apos;children&apos;: [], &apos;features&apos;: {}}, {&apos;type&apos;: &apos;text&apos;, &apos;bbox&apos;: (119.57, 278.62100000000004, 125.66999999999999, 292.101), &apos;color_space&apos;: &apos;DeviceGray&apos;, &apos;ncolor&apos;: None, &apos;size&apos;: 13.479999999999961, &apos;value&apos;: &apos;S&apos;, &apos;children&apos;: [], &apos;features&apos;: {}}, {&apos;type&apos;: &apos;text&apos;, &apos;bbox&apos;: (125.67, 278.62100000000004, 129.56, 292.101), &apos;color_space&apos;: &apos;DeviceGray&apos;, &apos;ncolor&apos;: None, &apos;size&apos;: 13.479999999999961, &apos;value&apos;: &apos;I&apos;, &apos;children&apos;: [], &apos;features&apos;: {}}, {&apos;type&apos;: &apos;text&apos;, &apos;bbox&apos;: (129.56, 278.62100000000004, 134.56, 292.101), &apos;color_space&apos;: &apos;DeviceGray&apos;, &apos;ncolor&apos;: None, &apos;size&apos;: 13.479999999999961, &apos;value&apos;: &apos;_&apos;, &apos;children&apos;: [], &apos;features&apos;: {}}, {&apos;type&apos;: &apos;text&apos;, &apos;bbox&apos;: (134.56, 278.62100000000004, 141.16, 292.101), &apos;color_space&apos;: &apos;DeviceGray&apos;, &apos;ncolor&apos;: None, &apos;size&apos;: 13.479999999999961, &apos;value&apos;: &apos;B&apos;, &apos;children&apos;: [], &apos;features&apos;: {}}, {&apos;type&apos;: &apos;text&apos;, &apos;bbox&apos;: (141.16, 278.62100000000004, 147.21, 292.101), &apos;color_space&apos;: &apos;DeviceGray&apos;, &apos;ncolor&apos;: None, &apos;size&apos;: 13.479999999999961, &apos;value&apos;: &apos;E&apos;, &apos;children&apos;: [], &apos;features&apos;: {}}, {&apos;type&apos;: &apos;text&apos;, &apos;bbox&apos;: (147.21, 278.62100000000004, 155.54000000000002, 292.101), &apos;color_space&apos;: &apos;DeviceGray&apos;, &apos;ncolor&apos;: None, &apos;size&apos;: 13.479999999999961, &apos;value&apos;: &apos;H&apos;, &apos;children&apos;: [], &apos;features&apos;: {}}, {&apos;type&apos;: &apos;text&apos;, &apos;bbox&apos;: (155.54, 278.62100000000004, 163.31, 292.101), &apos;color_space&apos;: &apos;DeviceGray&apos;, &apos;ncolor&apos;: None, &apos;size&apos;: 13.479999999999961, &apos;value&apos;: &apos;A&apos;, &apos;children&apos;: [], &apos;features&apos;: {}}, {&apos;type&apos;: &apos;text&apos;, &apos;bbox&apos;: (163.31, 278.62100000000004, 171.08, 292.101), &apos;color_space&apos;: &apos;DeviceGray&apos;, &apos;ncolor&apos;: None, &apos;size&apos;: 13.479999999999961, &apos;value&apos;: &apos;V&apos;, &apos;children&apos;: [], &apos;features&apos;: {}}, {&apos;type&apos;: &apos;text&apos;, &apos;bbox&apos;: (171.08, 278.62100000000004, 174.97, 292.101), &apos;color_space&apos;: &apos;DeviceGray&apos;, &apos;ncolor&apos;: None, &apos;size&apos;: 13.479999999999961, &apos;value&apos;: &apos;I&apos;, &apos;children&apos;: [], &apos;features&apos;: {}}, {&apos;type&apos;: &apos;text&apos;, &apos;bbox&apos;: (174.97, 278.62100000000004, 183.3, 292.101), &apos;color_space&apos;: &apos;DeviceGray&apos;, &apos;ncolor&apos;: None, &apos;size&apos;: 13.479999999999961, &apos;value&apos;: &apos;O&apos;, &apos;children&apos;: [], &apos;features&apos;: {}}, {&apos;type&apos;: &apos;text&apos;, &apos;bbox&apos;: (183.3, 278.62100000000004, 191.07000000000002, 292.101), &apos;color_space&apos;: &apos;DeviceGray&apos;, &apos;ncolor&apos;: None, &apos;size&apos;: 13.479999999999961, &apos;value&apos;: &apos;U&apos;, &apos;children&apos;: [], &apos;features&apos;: {}}, {&apos;type&apos;: &apos;text&apos;, &apos;bbox&apos;: (191.07, 278.62100000000004, 198.2, 292.101), &apos;color_space&apos;: &apos;DeviceGray&apos;, &apos;ncolor&apos;: None, &apos;size&apos;: 13.479999999999961, &apos;value&apos;: &apos;R&apos;, &apos;children&apos;: [], &apos;features&apos;: {}}, {&apos;type&apos;: &apos;text&apos;, &apos;bbox&apos;: (198.2, 278.62100000000004, 203.2, 292.101), &apos;color_space&apos;: &apos;DeviceGray&apos;, &apos;ncolor&apos;: None, &apos;size&apos;: 13.479999999999961, &apos;value&apos;: &apos;_&apos;, &apos;children&apos;: [], &apos;features&apos;: {}}, {&apos;type&apos;: &apos;text&apos;, &apos;bbox&apos;: (203.2, 278.62100000000004, 209.85999999999999, 292.101), &apos;color_space&apos;: &apos;DeviceGray&apos;, &apos;ncolor&apos;: None, &apos;size&apos;: 13.479999999999961, &apos;value&apos;: &apos;T&apos;, &apos;children&apos;: [], &apos;features&apos;: {}}, {&apos;type&apos;: &apos;text&apos;, &apos;bbox&apos;: (209.86, 278.62100000000004, 216.52, 292.101), &apos;color_space&apos;: &apos;DeviceGray&apos;, &apos;ncolor&apos;: None, &apos;size&apos;: 13.479999999999961, &apos;value&apos;: &apos;Y&apos;, &apos;children&apos;: [], &apos;features&apos;: {}}, {&apos;type&apos;: &apos;text&apos;, &apos;bbox&apos;: (216.51999999999998, 278.62100000000004, 222.61999999999998, 292.101), &apos;color_space&apos;: &apos;DeviceGray&apos;, &apos;ncolor&apos;: None, &apos;size&apos;: 13.479999999999961, &apos;value&apos;: &apos;P&apos;, &apos;children&apos;: [], &apos;features&apos;: {}}, {&apos;type&apos;: &apos;text&apos;, &apos;bbox&apos;: (222.62, 278.62100000000004, 228.67000000000002, 292.101), &apos;color_space&apos;: &apos;DeviceGray&apos;, &apos;ncolor&apos;: None, &apos;size&apos;: 13.479999999999961, &apos;value&apos;: &apos;E&apos;, &apos;children&apos;: [], &apos;features&apos;: {}}, {&apos;type&apos;: &apos;text&apos;, &apos;bbox&apos;: (228.67, 278.62100000000004, 233.67, 292.101), &apos;color_space&apos;: &apos;DeviceGray&apos;, &apos;ncolor&apos;: None, &apos;size&apos;: 13.479999999999961, &apos;value&apos;: &apos;_&apos;, &apos;children&apos;: [], &apos;features&apos;: {}}, {&apos;type&apos;: &apos;text&apos;, &apos;bbox&apos;: (233.67, 278.62100000000004, 243.67, 292.101), &apos;color_space&apos;: &apos;DeviceGray&apos;, &apos;ncolor&apos;: None, &apos;size&apos;: 13.479999999999961, &apos;value&apos;: &apos;M&apos;, &apos;children&apos;: [], &apos;features&apos;: {}}, {&apos;type&apos;: &apos;text&apos;, &apos;bbox&apos;: (243.67, 278.62100000000004, 249.72, 292.101), &apos;color_space&apos;: &apos;DeviceGray&apos;, &apos;ncolor&apos;: None, &apos;size&apos;: 13.479999999999961, &apos;value&apos;: &apos;L&apos;, &apos;children&apos;: [], &apos;features&apos;: {}}, {&apos;type&apos;: &apos;text&apos;, &apos;bbox&apos;: (249.72, 278.62100000000004, 255.82, 292.101), &apos;color_space&apos;: &apos;DeviceGray&apos;, &apos;ncolor&apos;: None, &apos;size&apos;: 13.479999999999961, &apos;value&apos;: &apos;S&apos;, &apos;children&apos;: [], &apos;features&apos;: {}}, {&apos;type&apos;: &apos;text&apos;, &apos;bbox&apos;: (255.938, 279.351, 258.70799999999997, 292.641), &apos;color_space&apos;: &apos;DeviceGray&apos;, &apos;ncolor&apos;: None, &apos;size&apos;: 13.29000000000002, &apos;value&apos;: &apos;.&apos;, &apos;children&apos;: [], &apos;features&apos;: {}}, {&apos;type&apos;: &apos;text&apos;, &apos;bbox&apos;: (258.70799999999997, 279.351, 261.47799999999995, 292.641), &apos;color_space&apos;: &apos;DeviceGray&apos;, &apos;ncolor&apos;: None, &apos;size&apos;: 13.29000000000002, &apos;value&apos;: &apos;.&apos;, &apos;children&apos;: [], &apos;features&apos;: {}}, {&apos;type&apos;: &apos;text&apos;, &apos;bbox&apos;: (261.478, 279.351, 264.248, 292.641), &apos;color_space&apos;: &apos;DeviceGray&apos;, &apos;ncolor&apos;: None, &apos;size&apos;: 13.29000000000002, &apos;value&apos;: &apos;.&apos;, &apos;children&apos;: [], &apos;features&apos;: {}}, {&apos;type&apos;: &apos;text&apos;, &apos;bbox&apos;: (264.248, 279.351, 267.018, 292.641), &apos;color_space&apos;: &apos;DeviceGray&apos;, &apos;ncolor&apos;: None, &apos;size&apos;: 13.29000000000002, &apos;value&apos;: &apos;.&apos;, &apos;children&apos;: [], &apos;features&apos;: {}}, {&apos;type&apos;: &apos;text&apos;, &apos;bbox&apos;: (267.018, 279.351, 269.78799999999995, 292.641), &apos;color_space&apos;: &apos;DeviceGray&apos;, &apos;ncolor&apos;: None, &apos;size&apos;: 13.29000000000002, &apos;value&apos;: &apos;.&apos;, &apos;children&apos;: [], &apos;features&apos;: {}}, {&apos;type&apos;: &apos;text&apos;, &apos;bbox&apos;: (269.788, 279.351, 272.558, 292.641), &apos;color_space&apos;: &apos;DeviceGray&apos;, &apos;ncolor&apos;: None, &apos;size&apos;: 13.29000000000002, &apos;value&apos;: &apos;.&apos;, &apos;children&apos;: [], &apos;features&apos;: {}}, {&apos;type&apos;: &apos;text&apos;, &apos;bbox&apos;: (272.558, 279.351, 275.328, 292.641), &apos;color_space&apos;: &apos;DeviceGray&apos;, &apos;ncolor&apos;: None, &apos;size&apos;: 13.29000000000002, &apos;value&apos;: &apos;.&apos;, &apos;children&apos;: [], &apos;features&apos;: {}}, {&apos;type&apos;: &apos;text&apos;, &apos;bbox&apos;: (275.328, 279.351, 278.09799999999996, 292.641), &apos;color_space&apos;: &apos;DeviceGray&apos;, &apos;ncolor&apos;: None, &apos;size&apos;: 13.29000000000002, &apos;value&apos;: &apos;.&apos;, &apos;children&apos;: [], &apos;features&apos;: {}}, {&apos;type&apos;: &apos;text&apos;, &apos;bbox&apos;: (278.098, 279.351, 280.868, 292.641), &apos;color_space&apos;: &apos;DeviceGray&apos;, &apos;ncolor&apos;: None, &apos;size&apos;: 13.29000000000002, &apos;value&apos;: &apos;.&apos;, &apos;children&apos;: [], &apos;features&apos;: {}}, {&apos;type&apos;: &apos;text&apos;, &apos;bbox&apos;: (280.868, 279.351, 283.638, 292.641), &apos;color_space&apos;: &apos;DeviceGray&apos;, &apos;ncolor&apos;: None, &apos;size&apos;: 13.29000000000002, &apos;value&apos;: &apos;.&apos;, &apos;children&apos;: [], &apos;features&apos;: {}}, {&apos;type&apos;: &apos;text&apos;, &apos;bbox&apos;: (283.638, 279.351, 286.40799999999996, 292.641), &apos;color_space&apos;: &apos;DeviceGray&apos;, &apos;ncolor&apos;: None, &apos;size&apos;: 13.29000000000002, &apos;value&apos;: &apos;.&apos;, &apos;children&apos;: [], &apos;features&apos;: {}}, {&apos;type&apos;: &apos;text&apos;, &apos;bbox&apos;: (286.408, 279.351, 289.178, 292.641), &apos;color_space&apos;: &apos;DeviceGray&apos;, &apos;ncolor&apos;: None, &apos;size&apos;: 13.29000000000002, &apos;value&apos;: &apos;.&apos;, &apos;children&apos;: [], &apos;features&apos;: {}}, {&apos;type&apos;: &apos;text&apos;, &apos;bbox&apos;: (289.178, 279.351, 291.948, 292.641), &apos;color_space&apos;: &apos;DeviceGray&apos;, &apos;ncolor&apos;: None, &apos;size&apos;: 13.29000000000002, &apos;value&apos;: &apos;.&apos;, &apos;children&apos;: [], &apos;features&apos;: {}}, {&apos;type&apos;: &apos;text&apos;, &apos;bbox&apos;: (291.948, 279.351, 294.71799999999996, 292.641), &apos;color_space&apos;: &apos;DeviceGray&apos;, &apos;ncolor&apos;: None, &apos;size&apos;: 13.29000000000002, &apos;value&apos;: &apos;.&apos;, &apos;children&apos;: [], &apos;features&apos;: {}}, {&apos;type&apos;: &apos;text&apos;, &apos;bbox&apos;: (294.718, 279.351, 297.488, 292.641), &apos;color_space&apos;: &apos;DeviceGray&apos;, &apos;ncolor&apos;: None, &apos;size&apos;: 13.29000000000002, &apos;value&apos;: &apos;.&apos;, &apos;children&apos;: [], &apos;features&apos;: {}}, {&apos;type&apos;: &apos;text&apos;, &apos;bbox&apos;: (297.488, 279.351, 300.258, 292.641), &apos;color_space&apos;: &apos;DeviceGray&apos;, &apos;ncolor&apos;: None, &apos;size&apos;: 13.29000000000002, &apos;value&apos;: &apos;.&apos;, &apos;children&apos;: [], &apos;features&apos;: {}}, {&apos;type&apos;: &apos;text&apos;, &apos;bbox&apos;: (300.258, 279.351, 303.02799999999996, 292.641), &apos;color_space&apos;: &apos;DeviceGray&apos;, &apos;ncolor&apos;: None, &apos;size&apos;: 13.29000000000002, &apos;value&apos;: &apos;.&apos;, &apos;children&apos;: [], &apos;features&apos;: {}}, {&apos;type&apos;: &apos;text&apos;, &apos;bbox&apos;: (303.028, 279.351, 305.798, 292.641), &apos;color_space&apos;: &apos;DeviceGray&apos;, &apos;ncolor&apos;: None, &apos;size&apos;: 13.29000000000002, &apos;value&apos;: &apos;.&apos;, &apos;children&apos;: [], &apos;features&apos;: {}}, {&apos;type&apos;: &apos;text&apos;, &apos;bbox&apos;: (305.798, 279.351, 308.568, 292.641), &apos;color_space&apos;: &apos;DeviceGray&apos;, &apos;ncolor&apos;: None, &apos;size&apos;: 13.29000000000002, &apos;value&apos;: &apos;.&apos;, &apos;children&apos;: [], &apos;features&apos;: {}}, {&apos;type&apos;: &apos;text&apos;, &apos;bbox&apos;: (308.568, 279.351, 311.33799999999997, 292.641), &apos;color_space&apos;: &apos;DeviceGray&apos;, &apos;ncolor&apos;: None, &apos;size&apos;: 13.29000000000002, &apos;value&apos;: &apos;.&apos;, &apos;children&apos;: [], &apos;features&apos;: {}}, {&apos;type&apos;: &apos;text&apos;, &apos;bbox&apos;: (311.338, 279.351, 314.108, 292.641), &apos;color_space&apos;: &apos;DeviceGray&apos;, &apos;ncolor&apos;: None, &apos;size&apos;: 13.29000000000002, &apos;value&apos;: &apos;.&apos;, &apos;children&apos;: [], &apos;features&apos;: {}}, {&apos;type&apos;: &apos;text&apos;, &apos;bbox&apos;: (314.108, 279.351, 316.878, 292.641), &apos;color_space&apos;: &apos;DeviceGray&apos;, &apos;ncolor&apos;: None, &apos;size&apos;: 13.29000000000002, &apos;value&apos;: &apos;.&apos;, &apos;children&apos;: [], &apos;features&apos;: {}}, {&apos;type&apos;: &apos;text&apos;, &apos;bbox&apos;: (316.87800000000004, 279.351, 319.648, 292.641), &apos;color_space&apos;: &apos;DeviceGray&apos;, &apos;ncolor&apos;: None, &apos;size&apos;: 13.29000000000002, &apos;value&apos;: &apos;.&apos;, &apos;children&apos;: [], &apos;features&apos;: {}}, {&apos;type&apos;: &apos;text&apos;, &apos;bbox&apos;: (319.648, 279.351, 322.418, 292.641), &apos;color_space&apos;: &apos;DeviceGray&apos;, &apos;ncolor&apos;: None, &apos;size&apos;: 13.29000000000002, &apos;value&apos;: &apos;.&apos;, &apos;children&apos;: [], &apos;features&apos;: {}}, {&apos;type&apos;: &apos;text&apos;, &apos;bbox&apos;: (322.418, 279.351, 325.188, 292.641), &apos;color_space&apos;: &apos;DeviceGray&apos;, &apos;ncolor&apos;: None, &apos;size&apos;: 13.29000000000002, &apos;value&apos;: &apos;.&apos;, &apos;children&apos;: [], &apos;features&apos;: {}}, {&apos;type&apos;: &apos;text&apos;, &apos;bbox&apos;: (325.188, 279.351, 327.95799999999997, 292.641), &apos;color_space&apos;: &apos;DeviceGray&apos;, &apos;ncolor&apos;: None, &apos;size&apos;: 13.29000000000002, &apos;value&apos;: &apos;.&apos;, &apos;children&apos;: [], &apos;features&apos;: {}}, {&apos;type&apos;: &apos;text&apos;, &apos;bbox&apos;: (327.958, 279.351, 330.728, 292.641), &apos;color_space&apos;: &apos;DeviceGray&apos;, &apos;ncolor&apos;: None, &apos;size&apos;: 13.29000000000002, &apos;value&apos;: &apos;.&apos;, &apos;children&apos;: [], &apos;features&apos;: {}}, {&apos;type&apos;: &apos;text&apos;, &apos;bbox&apos;: (330.728, 279.351, 333.498, 292.641), &apos;color_space&apos;: &apos;DeviceGray&apos;, &apos;ncolor&apos;: None, &apos;size&apos;: 13.29000000000002, &apos;value&apos;: &apos;.&apos;, &apos;children&apos;: [], &apos;features&apos;: {}}, {&apos;type&apos;: &apos;text&apos;, &apos;bbox&apos;: (333.498, 279.351, 336.268, 292.641), &apos;color_space&apos;: &apos;DeviceGray&apos;, &apos;ncolor&apos;: None, &apos;size&apos;: 13.29000000000002, &apos;value&apos;: &apos;.&apos;, &apos;children&apos;: [], &apos;features&apos;: {}}, {&apos;type&apos;: &apos;text&apos;, &apos;bbox&apos;: (336.26800000000003, 279.351, 339.038, 292.641), &apos;color_space&apos;: &apos;DeviceGray&apos;, &apos;ncolor&apos;: None, &apos;size&apos;: 13.29000000000002, &apos;value&apos;: &apos;.&apos;, &apos;children&apos;: [], &apos;features&apos;: {}}, {&apos;type&apos;: &apos;text&apos;, &apos;bbox&apos;: (339.038, 279.351, 341.808, 292.641), &apos;color_space&apos;: &apos;DeviceGray&apos;, &apos;ncolor&apos;: None, &apos;size&apos;: 13.29000000000002, &apos;value&apos;: &apos;.&apos;, &apos;children&apos;: [], &apos;features&apos;: {}}, {&apos;type&apos;: &apos;text&apos;, &apos;bbox&apos;: (341.808, 279.351, 344.578, 292.641), &apos;color_space&apos;: &apos;DeviceGray&apos;, &apos;ncolor&apos;: None, &apos;size&apos;: 13.29000000000002, &apos;value&apos;: &apos;.&apos;, &apos;children&apos;: [], &apos;features&apos;: {}}, {&apos;type&apos;: &apos;text&apos;, &apos;bbox&apos;: (344.578, 279.351, 347.34799999999996, 292.641), &apos;color_space&apos;: &apos;DeviceGray&apos;, &apos;ncolor&apos;: None, &apos;size&apos;: 13.29000000000002, &apos;value&apos;: &apos;.&apos;, &apos;children&apos;: [], &apos;features&apos;: {}}, {&apos;type&apos;: &apos;text&apos;, &apos;bbox&apos;: (347.34799999999996, 279.351, 350.11799999999994, 292.641), &apos;color_space&apos;: &apos;DeviceGray&apos;, &apos;ncolor&apos;: None, &apos;size&apos;: 13.29000000000002, &apos;value&apos;: &apos;.&apos;, &apos;children&apos;: [], &apos;features&apos;: {}}, {&apos;type&apos;: &apos;text&apos;, &apos;bbox&apos;: (350.118, 279.351, 352.888, 292.641), &apos;color_space&apos;: &apos;DeviceGray&apos;, &apos;ncolor&apos;: None, &apos;size&apos;: 13.29000000000002, &apos;value&apos;: &apos;.&apos;, &apos;children&apos;: [], &apos;features&apos;: {}}, {&apos;type&apos;: &apos;text&apos;, &apos;bbox&apos;: (352.888, 279.351, 355.65799999999996, 292.641), &apos;color_space&apos;: &apos;DeviceGray&apos;, &apos;ncolor&apos;: None, &apos;size&apos;: 13.29000000000002, &apos;value&apos;: &apos;.&apos;, &apos;children&apos;: [], &apos;features&apos;: {}}, {&apos;type&apos;: &apos;text&apos;, &apos;bbox&apos;: (355.65799999999996, 279.351, 358.42799999999994, 292.641), &apos;color_space&apos;: &apos;DeviceGray&apos;, &apos;ncolor&apos;: None, &apos;size&apos;: 13.29000000000002, &apos;value&apos;: &apos;.&apos;, &apos;children&apos;: [], &apos;features&apos;: {}}, {&apos;type&apos;: &apos;text&apos;, &apos;bbox&apos;: (358.428, 279.351, 361.198, 292.641), &apos;color_space&apos;: &apos;DeviceGray&apos;, &apos;ncolor&apos;: None, &apos;size&apos;: 13.29000000000002, &apos;value&apos;: &apos;.&apos;, &apos;children&apos;: [], &apos;features&apos;: {}}, {&apos;type&apos;: &apos;text&apos;, &apos;bbox&apos;: (361.198, 279.351, 363.96799999999996, 292.641), &apos;color_space&apos;: &apos;DeviceGray&apos;, &apos;ncolor&apos;: None, &apos;size&apos;: 13.29000000000002, &apos;value&apos;: &apos;.&apos;, &apos;children&apos;: [], &apos;features&apos;: {}}, {&apos;type&apos;: &apos;text&apos;, &apos;bbox&apos;: (363.96799999999996, 279.351, 366.73799999999994, 292.641), &apos;color_space&apos;: &apos;DeviceGray&apos;, &apos;ncolor&apos;: None, &apos;size&apos;: 13.29000000000002, &apos;value&apos;: &apos;.&apos;, &apos;children&apos;: [], &apos;features&apos;: {}}, {&apos;type&apos;: &apos;text&apos;, &apos;bbox&apos;: (366.73799999999994, 279.351, 369.5079999999999, 292.641), &apos;color_space&apos;: &apos;DeviceGray&apos;, &apos;ncolor&apos;: None, &apos;size&apos;: 13.29000000000002, &apos;value&apos;: &apos;.&apos;, &apos;children&apos;: [], &apos;features&apos;: {}}, {&apos;type&apos;: &apos;text&apos;, &apos;bbox&apos;: (369.5079999999999, 279.351, 372.2779999999999, 292.641), &apos;color_space&apos;: &apos;DeviceGray&apos;, &apos;ncolor&apos;: None, &apos;size&apos;: 13.29000000000002, &apos;value&apos;: &apos;.&apos;, &apos;children&apos;: [], &apos;features&apos;: {}}, {&apos;type&apos;: &apos;text&apos;, &apos;bbox&apos;: (372.27799999999996, 279.351, 375.04799999999994, 292.641), &apos;color_space&apos;: &apos;DeviceGray&apos;, &apos;ncolor&apos;: None, &apos;size&apos;: 13.29000000000002, &apos;value&apos;: &apos;.&apos;, &apos;children&apos;: [], &apos;features&apos;: {}}, {&apos;type&apos;: &apos;text&apos;, &apos;bbox&apos;: (375.04799999999994, 279.351, 377.8179999999999, 292.641), &apos;color_space&apos;: &apos;DeviceGray&apos;, &apos;ncolor&apos;: None, &apos;size&apos;: 13.29000000000002, &apos;value&apos;: &apos;.&apos;, &apos;children&apos;: [], &apos;features&apos;: {}}, {&apos;type&apos;: &apos;text&apos;, &apos;bbox&apos;: (377.8179999999999, 279.351, 380.5879999999999, 292.641), &apos;color_space&apos;: &apos;DeviceGray&apos;, &apos;ncolor&apos;: None, &apos;size&apos;: 13.29000000000002, &apos;value&apos;: &apos;.&apos;, &apos;children&apos;: [], &apos;features&apos;: {}}, {&apos;type&apos;: &apos;text&apos;, &apos;bbox&apos;: (380.58799999999997, 279.351, 383.35799999999995, 292.641), &apos;color_space&apos;: &apos;DeviceGray&apos;, &apos;ncolor&apos;: None, &apos;size&apos;: 13.29000000000002, &apos;value&apos;: &apos;.&apos;, &apos;children&apos;: [], &apos;features&apos;: {}}, {&apos;type&apos;: &apos;text&apos;, &apos;bbox&apos;: (383.35799999999995, 279.351, 386.12799999999993, 292.641), &apos;color_space&apos;: &apos;DeviceGray&apos;, &apos;ncolor&apos;: None, &apos;size&apos;: 13.29000000000002, &apos;value&apos;: &apos;.&apos;, &apos;children&apos;: [], &apos;features&apos;: {}}, {&apos;type&apos;: &apos;text&apos;, &apos;bbox&apos;: (386.12799999999993, 279.351, 388.8979999999999, 292.641), &apos;color_space&apos;: &apos;DeviceGray&apos;, &apos;ncolor&apos;: None, &apos;size&apos;: 13.29000000000002, &apos;value&apos;: &apos;.&apos;, &apos;children&apos;: [], &apos;features&apos;: {}}, {&apos;type&apos;: &apos;text&apos;, &apos;bbox&apos;: (388.8979999999999, 279.351, 391.6679999999999, 292.641), &apos;color_space&apos;: &apos;DeviceGray&apos;, &apos;ncolor&apos;: None, &apos;size&apos;: 13.29000000000002, &apos;value&apos;: &apos;.&apos;, &apos;children&apos;: [], &apos;features&apos;: {}}, {&apos;type&apos;: &apos;text&apos;, &apos;bbox&apos;: (391.66799999999995, 279.351, 394.43799999999993, 292.641), &apos;color_space&apos;: &apos;DeviceGray&apos;, &apos;ncolor&apos;: None, &apos;size&apos;: 13.29000000000002, &apos;value&apos;: &apos;.&apos;, &apos;children&apos;: [], &apos;features&apos;: {}}, {&apos;type&apos;: &apos;text&apos;, &apos;bbox&apos;: (394.438, 279.351, 397.20799999999997, 292.641), &apos;color_space&apos;: &apos;DeviceGray&apos;, &apos;ncolor&apos;: None, &apos;size&apos;: 13.29000000000002, &apos;value&apos;: &apos;.&apos;, &apos;children&apos;: [], &apos;features&apos;: {}}, {&apos;type&apos;: &apos;text&apos;, &apos;bbox&apos;: (397.20799999999997, 279.351, 399.97799999999995, 292.641), &apos;color_space&apos;: &apos;DeviceGray&apos;, &apos;ncolor&apos;: None, &apos;size&apos;: 13.29000000000002, &apos;value&apos;: &apos;.&apos;, &apos;children&apos;: [], &apos;features&apos;: {}}, {&apos;type&apos;: &apos;text&apos;, &apos;bbox&apos;: (399.97799999999995, 279.351, 402.74799999999993, 292.641), &apos;color_space&apos;: &apos;DeviceGray&apos;, &apos;ncolor&apos;: None, &apos;size&apos;: 13.29000000000002, &apos;value&apos;: &apos;.&apos;, &apos;children&apos;: [], &apos;features&apos;: {}}, {&apos;type&apos;: &apos;text&apos;, &apos;bbox&apos;: (402.748, 279.351, 405.518, 292.641), &apos;color_space&apos;: &apos;DeviceGray&apos;, &apos;ncolor&apos;: None, &apos;size&apos;: 13.29000000000002, &apos;value&apos;: &apos;.&apos;, &apos;children&apos;: [], &apos;features&apos;: {}}, {&apos;type&apos;: &apos;text&apos;, &apos;bbox&apos;: (405.51800000000003, 279.351, 408.288, 292.641), &apos;color_space&apos;: &apos;DeviceGray&apos;, &apos;ncolor&apos;: None, &apos;size&apos;: 13.29000000000002, &apos;value&apos;: &apos;.&apos;, &apos;children&apos;: [], &apos;features&apos;: {}}, {&apos;type&apos;: &apos;text&apos;, &apos;bbox&apos;: (408.288, 279.351, 411.058, 292.641), &apos;color_space&apos;: &apos;DeviceGray&apos;, &apos;ncolor&apos;: None, &apos;size&apos;: 13.29000000000002, &apos;value&apos;: &apos;.&apos;, &apos;children&apos;: [], &apos;features&apos;: {}}, {&apos;type&apos;: &apos;text&apos;, &apos;bbox&apos;: (411.058, 279.351, 413.828, 292.641), &apos;color_space&apos;: &apos;DeviceGray&apos;, &apos;ncolor&apos;: None, &apos;size&apos;: 13.29000000000002, &apos;value&apos;: &apos;.&apos;, &apos;children&apos;: [], &apos;features&apos;: {}}, {&apos;type&apos;: &apos;text&apos;, &apos;bbox&apos;: (413.82800000000003, 279.351, 416.598, 292.641), &apos;color_space&apos;: &apos;DeviceGray&apos;, &apos;ncolor&apos;: None, &apos;size&apos;: 13.29000000000002, &apos;value&apos;: &apos;.&apos;, &apos;children&apos;: [], &apos;features&apos;: {}}, {&apos;type&apos;: &apos;text&apos;, &apos;bbox&apos;: (416.59800000000007, 279.351, 419.36800000000005, 292.641), &apos;color_space&apos;: &apos;DeviceGray&apos;, &apos;ncolor&apos;: None, &apos;size&apos;: 13.29000000000002, &apos;value&apos;: &apos;.&apos;, &apos;children&apos;: [], &apos;features&apos;: {}}, {&apos;type&apos;: &apos;text&apos;, &apos;bbox&apos;: (419.36800000000005, 279.351, 422.13800000000003, 292.641), &apos;color_space&apos;: &apos;DeviceGray&apos;, &apos;ncolor&apos;: None, &apos;size&apos;: 13.29000000000002, &apos;value&apos;: &apos;.&apos;, &apos;children&apos;: [], &apos;features&apos;: {}}, {&apos;type&apos;: &apos;text&apos;, &apos;bbox&apos;: (422.13800000000003, 279.351, 424.908, 292.641), &apos;color_space&apos;: &apos;DeviceGray&apos;, &apos;ncolor&apos;: None, &apos;size&apos;: 13.29000000000002, &apos;value&apos;: &apos;.&apos;, &apos;children&apos;: [], &apos;features&apos;: {}}, {&apos;type&apos;: &apos;text&apos;, &apos;bbox&apos;: (424.9080000000001, 279.351, 427.67800000000005, 292.641), &apos;color_space&apos;: &apos;DeviceGray&apos;, &apos;ncolor&apos;: None, &apos;size&apos;: 13.29000000000002, &apos;value&apos;: &apos;.&apos;, &apos;children&apos;: [], &apos;features&apos;: {}}, {&apos;type&apos;: &apos;text&apos;, &apos;bbox&apos;: (427.6780000000001, 279.351, 430.4480000000001, 292.641), &apos;color_space&apos;: &apos;DeviceGray&apos;, &apos;ncolor&apos;: None, &apos;size&apos;: 13.29000000000002, &apos;value&apos;: &apos;.&apos;, &apos;children&apos;: [], &apos;features&apos;: {}}, {&apos;type&apos;: &apos;text&apos;, &apos;bbox&apos;: (430.4480000000001, 279.351, 433.2180000000001, 292.641), &apos;color_space&apos;: &apos;DeviceGray&apos;, &apos;ncolor&apos;: None, &apos;size&apos;: 13.29000000000002, &apos;value&apos;: &apos;.&apos;, &apos;children&apos;: [], &apos;features&apos;: {}}, {&apos;type&apos;: &apos;text&apos;, &apos;bbox&apos;: (433.2180000000001, 279.351, 435.98800000000006, 292.641), &apos;color_space&apos;: &apos;DeviceGray&apos;, &apos;ncolor&apos;: None, &apos;size&apos;: 13.29000000000002, &apos;value&apos;: &apos;.&apos;, &apos;children&apos;: [], &apos;features&apos;: {}}, {&apos;type&apos;: &apos;text&apos;, &apos;bbox&apos;: (435.9880000000001, 279.351, 438.7580000000001, 292.641), &apos;color_space&apos;: &apos;DeviceGray&apos;, &apos;ncolor&apos;: None, &apos;size&apos;: 13.29000000000002, &apos;value&apos;: &apos;.&apos;, &apos;children&apos;: [], &apos;features&apos;: {}}, {&apos;type&apos;: &apos;text&apos;, &apos;bbox&apos;: (438.75800000000015, 279.351, 441.52800000000013, 292.641), &apos;color_space&apos;: &apos;DeviceGray&apos;, &apos;ncolor&apos;: None, &apos;size&apos;: 13.29000000000002, &apos;value&apos;: &apos;.&apos;, &apos;children&apos;: [], &apos;features&apos;: {}}, {&apos;type&apos;: &apos;text&apos;, &apos;bbox&apos;: (441.52800000000013, 279.351, 444.2980000000001, 292.641), &apos;color_space&apos;: &apos;DeviceGray&apos;, &apos;ncolor&apos;: None, &apos;size&apos;: 13.29000000000002, &apos;value&apos;: &apos;.&apos;, &apos;children&apos;: [], &apos;features&apos;: {}}, {&apos;type&apos;: &apos;text&apos;, &apos;bbox&apos;: (444.2980000000001, 279.351, 447.0680000000001, 292.641), &apos;color_space&apos;: &apos;DeviceGray&apos;, &apos;ncolor&apos;: None, &apos;size&apos;: 13.29000000000002, &apos;value&apos;: &apos;.&apos;, &apos;children&apos;: [], &apos;features&apos;: {}}, {&apos;type&apos;: &apos;text&apos;, &apos;bbox&apos;: (447.06800000000015, 279.351, 449.83800000000014, 292.641), &apos;color_space&apos;: &apos;DeviceGray&apos;, &apos;ncolor&apos;: None, &apos;size&apos;: 13.29000000000002, &apos;value&apos;: &apos;.&apos;, &apos;children&apos;: [], &apos;features&apos;: {}}, {&apos;type&apos;: &apos;text&apos;, &apos;bbox&apos;: (449.8380000000002, 279.351, 452.6080000000002, 292.641), &apos;color_space&apos;: &apos;DeviceGray&apos;, &apos;ncolor&apos;: None, &apos;size&apos;: 13.29000000000002, &apos;value&apos;: &apos;.&apos;, &apos;children&apos;: [], &apos;features&apos;: {}}, {&apos;type&apos;: &apos;text&apos;, &apos;bbox&apos;: (452.6080000000002, 279.351, 455.37800000000016, 292.641), &apos;color_space&apos;: &apos;DeviceGray&apos;, &apos;ncolor&apos;: None, &apos;size&apos;: 13.29000000000002, &apos;value&apos;: &apos;.&apos;, &apos;children&apos;: [], &apos;features&apos;: {}}, {&apos;type&apos;: &apos;text&apos;, &apos;bbox&apos;: (455.37800000000016, 279.351, 458.14800000000014, 292.641), &apos;color_space&apos;: &apos;DeviceGray&apos;, &apos;ncolor&apos;: None, &apos;size&apos;: 13.29000000000002, &apos;value&apos;: &apos;.&apos;, &apos;children&apos;: [], &apos;features&apos;: {}}, {&apos;type&apos;: &apos;text&apos;, &apos;bbox&apos;: (458.1480000000002, 279.351, 460.9180000000002, 292.641), &apos;color_space&apos;: &apos;DeviceGray&apos;, &apos;ncolor&apos;: None, &apos;size&apos;: 13.29000000000002, &apos;value&apos;: &apos;.&apos;, &apos;children&apos;: [], &apos;features&apos;: {}}, {&apos;type&apos;: &apos;text&apos;, &apos;bbox&apos;: (460.91800000000023, 279.351, 463.6880000000002, 292.641), &apos;color_space&apos;: &apos;DeviceGray&apos;, &apos;ncolor&apos;: None, &apos;size&apos;: 13.29000000000002, &apos;value&apos;: &apos;.&apos;, &apos;children&apos;: [], &apos;features&apos;: {}}, {&apos;type&apos;: &apos;text&apos;, &apos;bbox&apos;: (463.6880000000002, 279.351, 466.4580000000002, 292.641), &apos;color_space&apos;: &apos;DeviceGray&apos;, &apos;ncolor&apos;: None, &apos;size&apos;: 13.29000000000002, &apos;value&apos;: &apos;.&apos;, &apos;children&apos;: [], &apos;features&apos;: {}}, {&apos;type&apos;: &apos;text&apos;, &apos;bbox&apos;: (466.4580000000002, 279.351, 469.2280000000002, 292.641), &apos;color_space&apos;: &apos;DeviceGray&apos;, &apos;ncolor&apos;: None, &apos;size&apos;: 13.29000000000002, &apos;value&apos;: &apos;.&apos;, &apos;children&apos;: [], &apos;features&apos;: {}}, {&apos;type&apos;: &apos;text&apos;, &apos;bbox&apos;: (469.22800000000024, 279.351, 471.9980000000002, 292.641), &apos;color_space&apos;: &apos;DeviceGray&apos;, &apos;ncolor&apos;: None, &apos;size&apos;: 13.29000000000002, &apos;value&apos;: &apos;.&apos;, &apos;children&apos;: [], &apos;features&apos;: {}}, {&apos;type&apos;: &apos;text&apos;, &apos;bbox&apos;: (471.9980000000003, 279.351, 474.76800000000026, 292.641), &apos;color_space&apos;: &apos;DeviceGray&apos;, &apos;ncolor&apos;: None, &apos;size&apos;: 13.29000000000002, &apos;value&apos;: &apos;.&apos;, &apos;children&apos;: [], &apos;features&apos;: {}}, {&apos;type&apos;: &apos;text&apos;, &apos;bbox&apos;: (474.76800000000026, 279.351, 477.53800000000024, 292.641), &apos;color_space&apos;: &apos;DeviceGray&apos;, &apos;ncolor&apos;: None, &apos;size&apos;: 13.29000000000002, &apos;value&apos;: &apos;.&apos;, &apos;children&apos;: [], &apos;features&apos;: {}}, {&apos;type&apos;: &apos;text&apos;, &apos;bbox&apos;: (477.53800000000024, 279.351, 480.3080000000002, 292.641), &apos;color_space&apos;: &apos;DeviceGray&apos;, &apos;ncolor&apos;: None, &apos;size&apos;: 13.29000000000002, &apos;value&apos;: &apos;.&apos;, &apos;children&apos;: [], &apos;features&apos;: {}}, {&apos;type&apos;: &apos;text&apos;, &apos;bbox&apos;: (480.3080000000003, 279.351, 483.07800000000026, 292.641), &apos;color_space&apos;: &apos;DeviceGray&apos;, &apos;ncolor&apos;: None, &apos;size&apos;: 13.29000000000002, &apos;value&apos;: &apos;.&apos;, &apos;children&apos;: [], &apos;features&apos;: {}}, {&apos;type&apos;: &apos;text&apos;, &apos;bbox&apos;: (483.0780000000003, 279.351, 485.8480000000003, 292.641), &apos;color_space&apos;: &apos;DeviceGray&apos;, &apos;ncolor&apos;: None, &apos;size&apos;: 13.29000000000002, &apos;value&apos;: &apos;.&apos;, &apos;children&apos;: [], &apos;features&apos;: {}}, {&apos;type&apos;: &apos;text&apos;, &apos;bbox&apos;: (485.8480000000003, 279.351, 488.6180000000003, 292.641), &apos;color_space&apos;: &apos;DeviceGray&apos;, &apos;ncolor&apos;: None, &apos;size&apos;: 13.29000000000002, &apos;value&apos;: &apos;.&apos;, &apos;children&apos;: [], &apos;features&apos;: {}}, {&apos;type&apos;: &apos;text&apos;, &apos;bbox&apos;: (488.6180000000003, 279.351, 491.38800000000026, 292.641), &apos;color_space&apos;: &apos;DeviceGray&apos;, &apos;ncolor&apos;: None, &apos;size&apos;: 13.29000000000002, &apos;value&apos;: &apos;.&apos;, &apos;children&apos;: [], &apos;features&apos;: {}}, {&apos;type&apos;: &apos;text&apos;, &apos;bbox&apos;: (491.3880000000003, 279.351, 494.1580000000003, 292.641), &apos;color_space&apos;: &apos;DeviceGray&apos;, &apos;ncolor&apos;: None, &apos;size&apos;: 13.29000000000002, &apos;value&apos;: &apos;.&apos;, &apos;children&apos;: [], &apos;features&apos;: {}}, {&apos;type&apos;: &apos;text&apos;, &apos;bbox&apos;: (494.15800000000036, 279.351, 496.92800000000034, 292.641), &apos;color_space&apos;: &apos;DeviceGray&apos;, &apos;ncolor&apos;: None, &apos;size&apos;: 13.29000000000002, &apos;value&apos;: &apos;.&apos;, &apos;children&apos;: [], &apos;features&apos;: {}}, {&apos;type&apos;: &apos;text&apos;, &apos;bbox&apos;: (496.92800000000034, 279.351, 499.6980000000003, 292.641), &apos;color_space&apos;: &apos;DeviceGray&apos;, &apos;ncolor&apos;: None, &apos;size&apos;: 13.29000000000002, &apos;value&apos;: &apos;.&apos;, &apos;children&apos;: [], &apos;features&apos;: {}}, {&apos;type&apos;: &apos;text&apos;, &apos;bbox&apos;: (499.6980000000003, 279.351, 502.4680000000003, 292.641), &apos;color_space&apos;: &apos;DeviceGray&apos;, &apos;ncolor&apos;: None, &apos;size&apos;: 13.29000000000002, &apos;value&apos;: &apos;.&apos;, &apos;children&apos;: [], &apos;features&apos;: {}}, {&apos;type&apos;: &apos;text&apos;, &apos;bbox&apos;: (502.46800000000036, 279.351, 505.23800000000034, 292.641), &apos;color_space&apos;: &apos;DeviceGray&apos;, &apos;ncolor&apos;: None, &apos;size&apos;: 13.29000000000002, &apos;value&apos;: &apos;.&apos;, &apos;children&apos;: [], &apos;features&apos;: {}}, {&apos;type&apos;: &apos;text&apos;, &apos;bbox&apos;: (505.2380000000004, 279.351, 508.0080000000004, 292.641), &apos;color_space&apos;: &apos;DeviceGray&apos;, &apos;ncolor&apos;: None, &apos;size&apos;: 13.29000000000002, &apos;value&apos;: &apos;.&apos;, &apos;children&apos;: [], &apos;features&apos;: {}}, {&apos;type&apos;: &apos;text&apos;, &apos;bbox&apos;: (508.0080000000004, 279.351, 510.77800000000036, 292.641), &apos;color_space&apos;: &apos;DeviceGray&apos;, &apos;ncolor&apos;: None, &apos;size&apos;: 13.29000000000002, &apos;value&apos;: &apos;.&apos;, &apos;children&apos;: [], &apos;features&apos;: {}}, {&apos;type&apos;: &apos;text&apos;, &apos;bbox&apos;: (510.77800000000036, 279.351, 513.5480000000003, 292.641), &apos;color_space&apos;: &apos;DeviceGray&apos;, &apos;ncolor&apos;: None, &apos;size&apos;: 13.29000000000002, &apos;value&apos;: &apos;.&apos;, &apos;children&apos;: [], &apos;features&apos;: {}}, {&apos;type&apos;: &apos;text&apos;, &apos;bbox&apos;: (513.5480000000005, 279.351, 516.3180000000004, 292.641), &apos;color_space&apos;: &apos;DeviceGray&apos;, &apos;ncolor&apos;: None, &apos;size&apos;: 13.29000000000002, &apos;value&apos;: &apos;.&apos;, &apos;children&apos;: [], &apos;features&apos;: {}}, {&apos;type&apos;: &apos;text&apos;, &apos;bbox&apos;: (516.3180000000004, 279.351, 519.0880000000004, 292.641), &apos;color_space&apos;: &apos;DeviceGray&apos;, &apos;ncolor&apos;: None, &apos;size&apos;: 13.29000000000002, &apos;value&apos;: &apos;.&apos;, &apos;children&apos;: [], &apos;features&apos;: {}}, {&apos;type&apos;: &apos;text&apos;, &apos;bbox&apos;: (519.0880000000004, 279.351, 521.8580000000004, 292.641), &apos;color_space&apos;: &apos;DeviceGray&apos;, &apos;ncolor&apos;: None, &apos;size&apos;: 13.29000000000002, &apos;value&apos;: &apos;.&apos;, &apos;children&apos;: [], &apos;features&apos;: {}}, {&apos;type&apos;: &apos;text&apos;, &apos;bbox&apos;: (521.8580000000004, 279.351, 524.6280000000004, 292.641), &apos;color_space&apos;: &apos;DeviceGray&apos;, &apos;ncolor&apos;: None, &apos;size&apos;: 13.29000000000002, &apos;value&apos;: &apos;.&apos;, &apos;children&apos;: [], &apos;features&apos;: {}}, {&apos;type&apos;: &apos;text&apos;, &apos;bbox&apos;: (525.548, 279.351, 531.108, 292.641), &apos;color_space&apos;: &apos;DeviceGray&apos;, &apos;ncolor&apos;: None, &apos;size&apos;: 13.29000000000002, &apos;value&apos;: &apos;9&apos;, &apos;children&apos;: [], &apos;features&apos;: {}}, {&apos;type&apos;: &apos;text&apos;, &apos;bbox&apos;: (531.108, 279.351, 534.438, 292.641), &apos;color_space&apos;: &apos;DeviceGray&apos;, &apos;ncolor&apos;: None, &apos;size&apos;: 13.29000000000002, &apos;value&apos;: &apos;-&apos;, &apos;children&apos;: [], &apos;features&apos;: {}}, {&apos;type&apos;: &apos;text&apos;, &apos;bbox&apos;: (534.439, 279.351, 539.9989999999999, 292.641), &apos;color_space&apos;: &apos;DeviceGray&apos;, &apos;ncolor&apos;: None, &apos;size&apos;: 13.29000000000002, &apos;value&apos;: &apos;3&apos;, &apos;children&apos;: [], &apos;features&apos;: {}}], &apos;features&apos;: {}}
*********************





--------------------------------- CONTENT AREA --------------------------------- 
This content area has an image
{&apos;type&apos;: &apos;figure&apos;, &apos;bbox&apos;: (0, 0, 612.0, 792.0), &apos;name&apos;: &apos;fx71&apos;, &apos;children&apos;: [{&apos;type&apos;: &apos;text&apos;, &apos;bbox&apos;: (114.0, 263.129, 119.57, 276.609), &apos;color_space&apos;: &apos;DeviceGray&apos;, &apos;ncolor&apos;: None, &apos;size&apos;: 13.479999999999961, &apos;value&apos;: &apos;F&apos;, &apos;children&apos;: [], &apos;features&apos;: {}}, {&apos;type&apos;: &apos;text&apos;, &apos;bbox&apos;: (119.57, 263.129, 125.66999999999999, 276.609), &apos;color_space&apos;: &apos;DeviceGray&apos;, &apos;ncolor&apos;: None, &apos;size&apos;: 13.479999999999961, &apos;value&apos;: &apos;S&apos;, &apos;children&apos;: [], &apos;features&apos;: {}}, {&apos;type&apos;: &apos;text&apos;, &apos;bbox&apos;: (125.67, 263.129, 129.56, 276.609), &apos;color_space&apos;: &apos;DeviceGray&apos;, &apos;ncolor&apos;: None, &apos;size&apos;: 13.479999999999961, &apos;value&apos;: &apos;I&apos;, &apos;children&apos;: [], &apos;features&apos;: {}}, {&apos;type&apos;: &apos;text&apos;, &apos;bbox&apos;: (129.56, 263.129, 134.56, 276.609), &apos;color_space&apos;: &apos;DeviceGray&apos;, &apos;ncolor&apos;: None, &apos;size&apos;: 13.479999999999961, &apos;value&apos;: &apos;_&apos;, &apos;children&apos;: [], &apos;features&apos;: {}}, {&apos;type&apos;: &apos;text&apos;, &apos;bbox&apos;: (134.56, 263.129, 141.78, 276.609), &apos;color_space&apos;: &apos;DeviceGray&apos;, &apos;ncolor&apos;: None, &apos;size&apos;: 13.479999999999961, &apos;value&apos;: &apos;C&apos;, &apos;children&apos;: [], &apos;features&apos;: {}}, {&apos;type&apos;: &apos;text&apos;, &apos;bbox&apos;: (141.78, 263.129, 149.55, 276.609), &apos;color_space&apos;: &apos;DeviceGray&apos;, &apos;ncolor&apos;: None, &apos;size&apos;: 13.479999999999961, &apos;value&apos;: &apos;A&apos;, &apos;children&apos;: [], &apos;features&apos;: {}}, {&apos;type&apos;: &apos;text&apos;, &apos;bbox&apos;: (149.55, 263.129, 155.60000000000002, 276.609), &apos;color_space&apos;: &apos;DeviceGray&apos;, &apos;ncolor&apos;: None, &apos;size&apos;: 13.479999999999961, &apos;value&apos;: &apos;L&apos;, &apos;children&apos;: [], &apos;features&apos;: {}}, {&apos;type&apos;: &apos;text&apos;, &apos;bbox&apos;: (155.6, 263.129, 160.6, 276.609), &apos;color_space&apos;: &apos;DeviceGray&apos;, &apos;ncolor&apos;: None, &apos;size&apos;: 13.479999999999961, &apos;value&apos;: &apos;_&apos;, &apos;children&apos;: [], &apos;features&apos;: {}}, {&apos;type&apos;: &apos;text&apos;, &apos;bbox&apos;: (160.6, 263.129, 167.73, 276.609), &apos;color_space&apos;: &apos;DeviceGray&apos;, &apos;ncolor&apos;: None, &apos;size&apos;: 13.479999999999961, &apos;value&apos;: &apos;R&apos;, &apos;children&apos;: [], &apos;features&apos;: {}}, {&apos;type&apos;: &apos;text&apos;, &apos;bbox&apos;: (167.73000000000002, 263.129, 176.06000000000003, 276.609), &apos;color_space&apos;: &apos;DeviceGray&apos;, &apos;ncolor&apos;: None, &apos;size&apos;: 13.479999999999961, &apos;value&apos;: &apos;O&apos;, &apos;children&apos;: [], &apos;features&apos;: {}}, {&apos;type&apos;: &apos;text&apos;, &apos;bbox&apos;: (176.06, 263.129, 182.11, 276.609), &apos;color_space&apos;: &apos;DeviceGray&apos;, &apos;ncolor&apos;: None, &apos;size&apos;: 13.479999999999961, &apos;value&apos;: &apos;L&apos;, &apos;children&apos;: [], &apos;features&apos;: {}}, {&apos;type&apos;: &apos;text&apos;, &apos;bbox&apos;: (182.11, 263.129, 188.16000000000003, 276.609), &apos;color_space&apos;: &apos;DeviceGray&apos;, &apos;ncolor&apos;: None, &apos;size&apos;: 13.479999999999961, &apos;value&apos;: &apos;L&apos;, &apos;children&apos;: [], &apos;features&apos;: {}}, {&apos;type&apos;: &apos;text&apos;, &apos;bbox&apos;: (188.16, 263.129, 192.04999999999998, 276.609), &apos;color_space&apos;: &apos;DeviceGray&apos;, &apos;ncolor&apos;: None, &apos;size&apos;: 13.479999999999961, &apos;value&apos;: &apos;I&apos;, &apos;children&apos;: [], &apos;features&apos;: {}}, {&apos;type&apos;: &apos;text&apos;, &apos;bbox&apos;: (192.05, 263.129, 200.38000000000002, 276.609), &apos;color_space&apos;: &apos;DeviceGray&apos;, &apos;ncolor&apos;: None, &apos;size&apos;: 13.479999999999961, &apos;value&apos;: &apos;N&apos;, &apos;children&apos;: [], &apos;features&apos;: {}}, {&apos;type&apos;: &apos;text&apos;, &apos;bbox&apos;: (200.38, 263.129, 208.71, 276.609), &apos;color_space&apos;: &apos;DeviceGray&apos;, &apos;ncolor&apos;: None, &apos;size&apos;: 13.479999999999961, &apos;value&apos;: &apos;G&apos;, &apos;children&apos;: [], &apos;features&apos;: {}}, {&apos;type&apos;: &apos;text&apos;, &apos;bbox&apos;: (208.70999999999998, 263.129, 213.70999999999998, 276.609), &apos;color_space&apos;: &apos;DeviceGray&apos;, &apos;ncolor&apos;: None, &apos;size&apos;: 13.479999999999961, &apos;value&apos;: &apos;_&apos;, &apos;children&apos;: [], &apos;features&apos;: {}}, {&apos;type&apos;: &apos;text&apos;, &apos;bbox&apos;: (213.70999999999998, 263.129, 220.92999999999998, 276.609), &apos;color_space&apos;: &apos;DeviceGray&apos;, &apos;ncolor&apos;: None, &apos;size&apos;: 13.479999999999961, &apos;value&apos;: &apos;C&apos;, &apos;children&apos;: [], &apos;features&apos;: {}}, {&apos;type&apos;: &apos;text&apos;, &apos;bbox&apos;: (220.93, 263.129, 229.26000000000002, 276.609), &apos;color_space&apos;: &apos;DeviceGray&apos;, &apos;ncolor&apos;: None, &apos;size&apos;: 13.479999999999961, &apos;value&apos;: &apos;O&apos;, &apos;children&apos;: [], &apos;features&apos;: {}}, {&apos;type&apos;: &apos;text&apos;, &apos;bbox&apos;: (229.26, 263.129, 237.59, 276.609), &apos;color_space&apos;: &apos;DeviceGray&apos;, &apos;ncolor&apos;: None, &apos;size&apos;: 13.479999999999961, &apos;value&apos;: &apos;N&apos;, &apos;children&apos;: [], &apos;features&apos;: {}}, {&apos;type&apos;: &apos;text&apos;, &apos;bbox&apos;: (237.58999999999997, 263.129, 245.35999999999999, 276.609), &apos;color_space&apos;: &apos;DeviceGray&apos;, &apos;ncolor&apos;: None, &apos;size&apos;: 13.479999999999961, &apos;value&apos;: &apos;V&apos;, &apos;children&apos;: [], &apos;features&apos;: {}}, {&apos;type&apos;: &apos;text&apos;, &apos;bbox&apos;: (245.35999999999999, 263.129, 251.41, 276.609), &apos;color_space&apos;: &apos;DeviceGray&apos;, &apos;ncolor&apos;: None, &apos;size&apos;: 13.479999999999961, &apos;value&apos;: &apos;E&apos;, &apos;children&apos;: [], &apos;features&apos;: {}}, {&apos;type&apos;: &apos;text&apos;, &apos;bbox&apos;: (251.41, 263.129, 259.74, 276.609), &apos;color_space&apos;: &apos;DeviceGray&apos;, &apos;ncolor&apos;: None, &apos;size&apos;: 13.479999999999961, &apos;value&apos;: &apos;N&apos;, &apos;children&apos;: [], &apos;features&apos;: {}}, {&apos;type&apos;: &apos;text&apos;, &apos;bbox&apos;: (259.74, 263.129, 266.40000000000003, 276.609), &apos;color_space&apos;: &apos;DeviceGray&apos;, &apos;ncolor&apos;: None, &apos;size&apos;: 13.479999999999961, &apos;value&apos;: &apos;T&apos;, &apos;children&apos;: [], &apos;features&apos;: {}}, {&apos;type&apos;: &apos;text&apos;, &apos;bbox&apos;: (266.4, 263.129, 270.28999999999996, 276.609), &apos;color_space&apos;: &apos;DeviceGray&apos;, &apos;ncolor&apos;: None, &apos;size&apos;: 13.479999999999961, &apos;value&apos;: &apos;I&apos;, &apos;children&apos;: [], &apos;features&apos;: {}}, {&apos;type&apos;: &apos;text&apos;, &apos;bbox&apos;: (270.28999999999996, 263.129, 278.61999999999995, 276.609), &apos;color_space&apos;: &apos;DeviceGray&apos;, &apos;ncolor&apos;: None, &apos;size&apos;: 13.479999999999961, &apos;value&apos;: &apos;O&apos;, &apos;children&apos;: [], &apos;features&apos;: {}}, {&apos;type&apos;: &apos;text&apos;, &apos;bbox&apos;: (278.62, 263.129, 286.95, 276.609), &apos;color_space&apos;: &apos;DeviceGray&apos;, &apos;ncolor&apos;: None, &apos;size&apos;: 13.479999999999961, &apos;value&apos;: &apos;N&apos;, &apos;children&apos;: [], &apos;features&apos;: {}}, {&apos;type&apos;: &apos;text&apos;, &apos;bbox&apos;: (286.95000000000005, 263.129, 291.95000000000005, 276.609), &apos;color_space&apos;: &apos;DeviceGray&apos;, &apos;ncolor&apos;: None, &apos;size&apos;: 13.479999999999961, &apos;value&apos;: &apos;_&apos;, &apos;children&apos;: [], &apos;features&apos;: {}}, {&apos;type&apos;: &apos;text&apos;, &apos;bbox&apos;: (291.95000000000005, 263.129, 301.95000000000005, 276.609), &apos;color_space&apos;: &apos;DeviceGray&apos;, &apos;ncolor&apos;: None, &apos;size&apos;: 13.479999999999961, &apos;value&apos;: &apos;M&apos;, &apos;children&apos;: [], &apos;features&apos;: {}}, {&apos;type&apos;: &apos;text&apos;, &apos;bbox&apos;: (301.95000000000005, 263.129, 308.00000000000006, 276.609), &apos;color_space&apos;: &apos;DeviceGray&apos;, &apos;ncolor&apos;: None, &apos;size&apos;: 13.479999999999961, &apos;value&apos;: &apos;L&apos;, &apos;children&apos;: [], &apos;features&apos;: {}}, {&apos;type&apos;: &apos;text&apos;, &apos;bbox&apos;: (308.0, 263.129, 314.1, 276.609), &apos;color_space&apos;: &apos;DeviceGray&apos;, &apos;ncolor&apos;: None, &apos;size&apos;: 13.479999999999961, &apos;value&apos;: &apos;S&apos;, &apos;children&apos;: [], &apos;features&apos;: {}}, {&apos;type&apos;: &apos;text&apos;, &apos;bbox&apos;: (314.214, 263.86, 316.984, 277.15000000000003), &apos;color_space&apos;: &apos;DeviceGray&apos;, &apos;ncolor&apos;: None, &apos;size&apos;: 13.29000000000002, &apos;value&apos;: &apos;.&apos;, &apos;children&apos;: [], &apos;features&apos;: {}}, {&apos;type&apos;: &apos;text&apos;, &apos;bbox&apos;: (316.984, 263.86, 319.75399999999996, 277.15000000000003), &apos;color_space&apos;: &apos;DeviceGray&apos;, &apos;ncolor&apos;: None, &apos;size&apos;: 13.29000000000002, &apos;value&apos;: &apos;.&apos;, &apos;children&apos;: [], &apos;features&apos;: {}}, {&apos;type&apos;: &apos;text&apos;, &apos;bbox&apos;: (319.754, 263.86, 322.524, 277.15000000000003), &apos;color_space&apos;: &apos;DeviceGray&apos;, &apos;ncolor&apos;: None, &apos;size&apos;: 13.29000000000002, &apos;value&apos;: &apos;.&apos;, &apos;children&apos;: [], &apos;features&apos;: {}}, {&apos;type&apos;: &apos;text&apos;, &apos;bbox&apos;: (322.524, 263.86, 325.294, 277.15000000000003), &apos;color_space&apos;: &apos;DeviceGray&apos;, &apos;ncolor&apos;: None, &apos;size&apos;: 13.29000000000002, &apos;value&apos;: &apos;.&apos;, &apos;children&apos;: [], &apos;features&apos;: {}}, {&apos;type&apos;: &apos;text&apos;, &apos;bbox&apos;: (325.294, 263.86, 328.06399999999996, 277.15000000000003), &apos;color_space&apos;: &apos;DeviceGray&apos;, &apos;ncolor&apos;: None, &apos;size&apos;: 13.29000000000002, &apos;value&apos;: &apos;.&apos;, &apos;children&apos;: [], &apos;features&apos;: {}}, {&apos;type&apos;: &apos;text&apos;, &apos;bbox&apos;: (328.064, 263.86, 330.834, 277.15000000000003), &apos;color_space&apos;: &apos;DeviceGray&apos;, &apos;ncolor&apos;: None, &apos;size&apos;: 13.29000000000002, &apos;value&apos;: &apos;.&apos;, &apos;children&apos;: [], &apos;features&apos;: {}}, {&apos;type&apos;: &apos;text&apos;, &apos;bbox&apos;: (330.834, 263.86, 333.604, 277.15000000000003), &apos;color_space&apos;: &apos;DeviceGray&apos;, &apos;ncolor&apos;: None, &apos;size&apos;: 13.29000000000002, &apos;value&apos;: &apos;.&apos;, &apos;children&apos;: [], &apos;features&apos;: {}}, {&apos;type&apos;: &apos;text&apos;, &apos;bbox&apos;: (333.604, 263.86, 336.37399999999997, 277.15000000000003), &apos;color_space&apos;: &apos;DeviceGray&apos;, &apos;ncolor&apos;: None, &apos;size&apos;: 13.29000000000002, &apos;value&apos;: &apos;.&apos;, &apos;children&apos;: [], &apos;features&apos;: {}}, {&apos;type&apos;: &apos;text&apos;, &apos;bbox&apos;: (336.374, 263.86, 339.144, 277.15000000000003), &apos;color_space&apos;: &apos;DeviceGray&apos;, &apos;ncolor&apos;: None, &apos;size&apos;: 13.29000000000002, &apos;value&apos;: &apos;.&apos;, &apos;children&apos;: [], &apos;features&apos;: {}}, {&apos;type&apos;: &apos;text&apos;, &apos;bbox&apos;: (339.144, 263.86, 341.914, 277.15000000000003), &apos;color_space&apos;: &apos;DeviceGray&apos;, &apos;ncolor&apos;: None, &apos;size&apos;: 13.29000000000002, &apos;value&apos;: &apos;.&apos;, &apos;children&apos;: [], &apos;features&apos;: {}}, {&apos;type&apos;: &apos;text&apos;, &apos;bbox&apos;: (341.914, 263.86, 344.68399999999997, 277.15000000000003), &apos;color_space&apos;: &apos;DeviceGray&apos;, &apos;ncolor&apos;: None, &apos;size&apos;: 13.29000000000002, &apos;value&apos;: &apos;.&apos;, &apos;children&apos;: [], &apos;features&apos;: {}}, {&apos;type&apos;: &apos;text&apos;, &apos;bbox&apos;: (344.68399999999997, 263.86, 347.45399999999995, 277.15000000000003), &apos;color_space&apos;: &apos;DeviceGray&apos;, &apos;ncolor&apos;: None, &apos;size&apos;: 13.29000000000002, &apos;value&apos;: &apos;.&apos;, &apos;children&apos;: [], &apos;features&apos;: {}}, {&apos;type&apos;: &apos;text&apos;, &apos;bbox&apos;: (347.454, 263.86, 350.224, 277.15000000000003), &apos;color_space&apos;: &apos;DeviceGray&apos;, &apos;ncolor&apos;: None, &apos;size&apos;: 13.29000000000002, &apos;value&apos;: &apos;.&apos;, &apos;children&apos;: [], &apos;features&apos;: {}}, {&apos;type&apos;: &apos;text&apos;, &apos;bbox&apos;: (350.224, 263.86, 352.99399999999997, 277.15000000000003), &apos;color_space&apos;: &apos;DeviceGray&apos;, &apos;ncolor&apos;: None, &apos;size&apos;: 13.29000000000002, &apos;value&apos;: &apos;.&apos;, &apos;children&apos;: [], &apos;features&apos;: {}}, {&apos;type&apos;: &apos;text&apos;, &apos;bbox&apos;: (352.994, 263.86, 355.764, 277.15000000000003), &apos;color_space&apos;: &apos;DeviceGray&apos;, &apos;ncolor&apos;: None, &apos;size&apos;: 13.29000000000002, &apos;value&apos;: &apos;.&apos;, &apos;children&apos;: [], &apos;features&apos;: {}}, {&apos;type&apos;: &apos;text&apos;, &apos;bbox&apos;: (355.764, 263.86, 358.534, 277.15000000000003), &apos;color_space&apos;: &apos;DeviceGray&apos;, &apos;ncolor&apos;: None, &apos;size&apos;: 13.29000000000002, &apos;value&apos;: &apos;.&apos;, &apos;children&apos;: [], &apos;features&apos;: {}}, {&apos;type&apos;: &apos;text&apos;, &apos;bbox&apos;: (358.534, 263.86, 361.304, 277.15000000000003), &apos;color_space&apos;: &apos;DeviceGray&apos;, &apos;ncolor&apos;: None, &apos;size&apos;: 13.29000000000002, &apos;value&apos;: &apos;.&apos;, &apos;children&apos;: [], &apos;features&apos;: {}}, {&apos;type&apos;: &apos;text&apos;, &apos;bbox&apos;: (361.30400000000003, 263.86, 364.074, 277.15000000000003), &apos;color_space&apos;: &apos;DeviceGray&apos;, &apos;ncolor&apos;: None, &apos;size&apos;: 13.29000000000002, &apos;value&apos;: &apos;.&apos;, &apos;children&apos;: [], &apos;features&apos;: {}}, {&apos;type&apos;: &apos;text&apos;, &apos;bbox&apos;: (364.074, 263.86, 366.844, 277.15000000000003), &apos;color_space&apos;: &apos;DeviceGray&apos;, &apos;ncolor&apos;: None, &apos;size&apos;: 13.29000000000002, &apos;value&apos;: &apos;.&apos;, &apos;children&apos;: [], &apos;features&apos;: {}}, {&apos;type&apos;: &apos;text&apos;, &apos;bbox&apos;: (366.84400000000005, 263.86, 369.61400000000003, 277.15000000000003), &apos;color_space&apos;: &apos;DeviceGray&apos;, &apos;ncolor&apos;: None, &apos;size&apos;: 13.29000000000002, &apos;value&apos;: &apos;.&apos;, &apos;children&apos;: [], &apos;features&apos;: {}}, {&apos;type&apos;: &apos;text&apos;, &apos;bbox&apos;: (369.61400000000003, 263.86, 372.384, 277.15000000000003), &apos;color_space&apos;: &apos;DeviceGray&apos;, &apos;ncolor&apos;: None, &apos;size&apos;: 13.29000000000002, &apos;value&apos;: &apos;.&apos;, &apos;children&apos;: [], &apos;features&apos;: {}}, {&apos;type&apos;: &apos;text&apos;, &apos;bbox&apos;: (372.384, 263.86, 375.154, 277.15000000000003), &apos;color_space&apos;: &apos;DeviceGray&apos;, &apos;ncolor&apos;: None, &apos;size&apos;: 13.29000000000002, &apos;value&apos;: &apos;.&apos;, &apos;children&apos;: [], &apos;features&apos;: {}}, {&apos;type&apos;: &apos;text&apos;, &apos;bbox&apos;: (375.15400000000005, 263.86, 377.92400000000004, 277.15000000000003), &apos;color_space&apos;: &apos;DeviceGray&apos;, &apos;ncolor&apos;: None, &apos;size&apos;: 13.29000000000002, &apos;value&apos;: &apos;.&apos;, &apos;children&apos;: [], &apos;features&apos;: {}}, {&apos;type&apos;: &apos;text&apos;, &apos;bbox&apos;: (377.92400000000004, 263.86, 380.694, 277.15000000000003), &apos;color_space&apos;: &apos;DeviceGray&apos;, &apos;ncolor&apos;: None, &apos;size&apos;: 13.29000000000002, &apos;value&apos;: &apos;.&apos;, &apos;children&apos;: [], &apos;features&apos;: {}}, {&apos;type&apos;: &apos;text&apos;, &apos;bbox&apos;: (380.694, 263.86, 383.464, 277.15000000000003), &apos;color_space&apos;: &apos;DeviceGray&apos;, &apos;ncolor&apos;: None, &apos;size&apos;: 13.29000000000002, &apos;value&apos;: &apos;.&apos;, &apos;children&apos;: [], &apos;features&apos;: {}}, {&apos;type&apos;: &apos;text&apos;, &apos;bbox&apos;: (383.46400000000006, 263.86, 386.23400000000004, 277.15000000000003), &apos;color_space&apos;: &apos;DeviceGray&apos;, &apos;ncolor&apos;: None, &apos;size&apos;: 13.29000000000002, &apos;value&apos;: &apos;.&apos;, &apos;children&apos;: [], &apos;features&apos;: {}}, {&apos;type&apos;: &apos;text&apos;, &apos;bbox&apos;: (386.23400000000004, 263.86, 389.004, 277.15000000000003), &apos;color_space&apos;: &apos;DeviceGray&apos;, &apos;ncolor&apos;: None, &apos;size&apos;: 13.29000000000002, &apos;value&apos;: &apos;.&apos;, &apos;children&apos;: [], &apos;features&apos;: {}}, {&apos;type&apos;: &apos;text&apos;, &apos;bbox&apos;: (389.004, 263.86, 391.774, 277.15000000000003), &apos;color_space&apos;: &apos;DeviceGray&apos;, &apos;ncolor&apos;: None, &apos;size&apos;: 13.29000000000002, &apos;value&apos;: &apos;.&apos;, &apos;children&apos;: [], &apos;features&apos;: {}}, {&apos;type&apos;: &apos;text&apos;, &apos;bbox&apos;: (391.774, 263.86, 394.544, 277.15000000000003), &apos;color_space&apos;: &apos;DeviceGray&apos;, &apos;ncolor&apos;: None, &apos;size&apos;: 13.29000000000002, &apos;value&apos;: &apos;.&apos;, &apos;children&apos;: [], &apos;features&apos;: {}}, {&apos;type&apos;: &apos;text&apos;, &apos;bbox&apos;: (394.544, 263.86, 397.31399999999996, 277.15000000000003), &apos;color_space&apos;: &apos;DeviceGray&apos;, &apos;ncolor&apos;: None, &apos;size&apos;: 13.29000000000002, &apos;value&apos;: &apos;.&apos;, &apos;children&apos;: [], &apos;features&apos;: {}}, {&apos;type&apos;: &apos;text&apos;, &apos;bbox&apos;: (397.314, 263.86, 400.084, 277.15000000000003), &apos;color_space&apos;: &apos;DeviceGray&apos;, &apos;ncolor&apos;: None, &apos;size&apos;: 13.29000000000002, &apos;value&apos;: &apos;.&apos;, &apos;children&apos;: [], &apos;features&apos;: {}}, {&apos;type&apos;: &apos;text&apos;, &apos;bbox&apos;: (400.084, 263.86, 402.854, 277.15000000000003), &apos;color_space&apos;: &apos;DeviceGray&apos;, &apos;ncolor&apos;: None, &apos;size&apos;: 13.29000000000002, &apos;value&apos;: &apos;.&apos;, &apos;children&apos;: [], &apos;features&apos;: {}}, {&apos;type&apos;: &apos;text&apos;, &apos;bbox&apos;: (402.854, 263.86, 405.62399999999997, 277.15000000000003), &apos;color_space&apos;: &apos;DeviceGray&apos;, &apos;ncolor&apos;: None, &apos;size&apos;: 13.29000000000002, &apos;value&apos;: &apos;.&apos;, &apos;children&apos;: [], &apos;features&apos;: {}}, {&apos;type&apos;: &apos;text&apos;, &apos;bbox&apos;: (405.624, 263.86, 408.394, 277.15000000000003), &apos;color_space&apos;: &apos;DeviceGray&apos;, &apos;ncolor&apos;: None, &apos;size&apos;: 13.29000000000002, &apos;value&apos;: &apos;.&apos;, &apos;children&apos;: [], &apos;features&apos;: {}}, {&apos;type&apos;: &apos;text&apos;, &apos;bbox&apos;: (408.394, 263.86, 411.164, 277.15000000000003), &apos;color_space&apos;: &apos;DeviceGray&apos;, &apos;ncolor&apos;: None, &apos;size&apos;: 13.29000000000002, &apos;value&apos;: &apos;.&apos;, &apos;children&apos;: [], &apos;features&apos;: {}}, {&apos;type&apos;: &apos;text&apos;, &apos;bbox&apos;: (411.164, 263.86, 413.93399999999997, 277.15000000000003), &apos;color_space&apos;: &apos;DeviceGray&apos;, &apos;ncolor&apos;: None, &apos;size&apos;: 13.29000000000002, &apos;value&apos;: &apos;.&apos;, &apos;children&apos;: [], &apos;features&apos;: {}}, {&apos;type&apos;: &apos;text&apos;, &apos;bbox&apos;: (413.93399999999997, 263.86, 416.70399999999995, 277.15000000000003), &apos;color_space&apos;: &apos;DeviceGray&apos;, &apos;ncolor&apos;: None, &apos;size&apos;: 13.29000000000002, &apos;value&apos;: &apos;.&apos;, &apos;children&apos;: [], &apos;features&apos;: {}}, {&apos;type&apos;: &apos;text&apos;, &apos;bbox&apos;: (416.70399999999995, 263.86, 419.47399999999993, 277.15000000000003), &apos;color_space&apos;: &apos;DeviceGray&apos;, &apos;ncolor&apos;: None, &apos;size&apos;: 13.29000000000002, &apos;value&apos;: &apos;.&apos;, &apos;children&apos;: [], &apos;features&apos;: {}}, {&apos;type&apos;: &apos;text&apos;, &apos;bbox&apos;: (419.474, 263.86, 422.24399999999997, 277.15000000000003), &apos;color_space&apos;: &apos;DeviceGray&apos;, &apos;ncolor&apos;: None, &apos;size&apos;: 13.29000000000002, &apos;value&apos;: &apos;.&apos;, &apos;children&apos;: [], &apos;features&apos;: {}}, {&apos;type&apos;: &apos;text&apos;, &apos;bbox&apos;: (422.24399999999997, 263.86, 425.01399999999995, 277.15000000000003), &apos;color_space&apos;: &apos;DeviceGray&apos;, &apos;ncolor&apos;: None, &apos;size&apos;: 13.29000000000002, &apos;value&apos;: &apos;.&apos;, &apos;children&apos;: [], &apos;features&apos;: {}}, {&apos;type&apos;: &apos;text&apos;, &apos;bbox&apos;: (425.01399999999995, 263.86, 427.78399999999993, 277.15000000000003), &apos;color_space&apos;: &apos;DeviceGray&apos;, &apos;ncolor&apos;: None, &apos;size&apos;: 13.29000000000002, &apos;value&apos;: &apos;.&apos;, &apos;children&apos;: [], &apos;features&apos;: {}}, {&apos;type&apos;: &apos;text&apos;, &apos;bbox&apos;: (427.784, 263.86, 430.554, 277.15000000000003), &apos;color_space&apos;: &apos;DeviceGray&apos;, &apos;ncolor&apos;: None, &apos;size&apos;: 13.29000000000002, &apos;value&apos;: &apos;.&apos;, &apos;children&apos;: [], &apos;features&apos;: {}}, {&apos;type&apos;: &apos;text&apos;, &apos;bbox&apos;: (430.554, 263.86, 433.32399999999996, 277.15000000000003), &apos;color_space&apos;: &apos;DeviceGray&apos;, &apos;ncolor&apos;: None, &apos;size&apos;: 13.29000000000002, &apos;value&apos;: &apos;.&apos;, &apos;children&apos;: [], &apos;features&apos;: {}}, {&apos;type&apos;: &apos;text&apos;, &apos;bbox&apos;: (433.32399999999996, 263.86, 436.09399999999994, 277.15000000000003), &apos;color_space&apos;: &apos;DeviceGray&apos;, &apos;ncolor&apos;: None, &apos;size&apos;: 13.29000000000002, &apos;value&apos;: &apos;.&apos;, &apos;children&apos;: [], &apos;features&apos;: {}}, {&apos;type&apos;: &apos;text&apos;, &apos;bbox&apos;: (436.09399999999994, 263.86, 438.8639999999999, 277.15000000000003), &apos;color_space&apos;: &apos;DeviceGray&apos;, &apos;ncolor&apos;: None, &apos;size&apos;: 13.29000000000002, &apos;value&apos;: &apos;.&apos;, &apos;children&apos;: [], &apos;features&apos;: {}}, {&apos;type&apos;: &apos;text&apos;, &apos;bbox&apos;: (438.8639999999999, 263.86, 441.6339999999999, 277.15000000000003), &apos;color_space&apos;: &apos;DeviceGray&apos;, &apos;ncolor&apos;: None, &apos;size&apos;: 13.29000000000002, &apos;value&apos;: &apos;.&apos;, &apos;children&apos;: [], &apos;features&apos;: {}}, {&apos;type&apos;: &apos;text&apos;, &apos;bbox&apos;: (441.63399999999996, 263.86, 444.40399999999994, 277.15000000000003), &apos;color_space&apos;: &apos;DeviceGray&apos;, &apos;ncolor&apos;: None, &apos;size&apos;: 13.29000000000002, &apos;value&apos;: &apos;.&apos;, &apos;children&apos;: [], &apos;features&apos;: {}}, {&apos;type&apos;: &apos;text&apos;, &apos;bbox&apos;: (444.40399999999994, 263.86, 447.1739999999999, 277.15000000000003), &apos;color_space&apos;: &apos;DeviceGray&apos;, &apos;ncolor&apos;: None, &apos;size&apos;: 13.29000000000002, &apos;value&apos;: &apos;.&apos;, &apos;children&apos;: [], &apos;features&apos;: {}}, {&apos;type&apos;: &apos;text&apos;, &apos;bbox&apos;: (447.174, 263.86, 449.94399999999996, 277.15000000000003), &apos;color_space&apos;: &apos;DeviceGray&apos;, &apos;ncolor&apos;: None, &apos;size&apos;: 13.29000000000002, &apos;value&apos;: &apos;.&apos;, &apos;children&apos;: [], &apos;features&apos;: {}}, {&apos;type&apos;: &apos;text&apos;, &apos;bbox&apos;: (449.94399999999996, 263.86, 452.71399999999994, 277.15000000000003), &apos;color_space&apos;: &apos;DeviceGray&apos;, &apos;ncolor&apos;: None, &apos;size&apos;: 13.29000000000002, &apos;value&apos;: &apos;.&apos;, &apos;children&apos;: [], &apos;features&apos;: {}}, {&apos;type&apos;: &apos;text&apos;, &apos;bbox&apos;: (452.71399999999994, 263.86, 455.4839999999999, 277.15000000000003), &apos;color_space&apos;: &apos;DeviceGray&apos;, &apos;ncolor&apos;: None, &apos;size&apos;: 13.29000000000002, &apos;value&apos;: &apos;.&apos;, &apos;children&apos;: [], &apos;features&apos;: {}}, {&apos;type&apos;: &apos;text&apos;, &apos;bbox&apos;: (455.484, 263.86, 458.25399999999996, 277.15000000000003), &apos;color_space&apos;: &apos;DeviceGray&apos;, &apos;ncolor&apos;: None, &apos;size&apos;: 13.29000000000002, &apos;value&apos;: &apos;.&apos;, &apos;children&apos;: [], &apos;features&apos;: {}}, {&apos;type&apos;: &apos;text&apos;, &apos;bbox&apos;: (458.254, 263.86, 461.024, 277.15000000000003), &apos;color_space&apos;: &apos;DeviceGray&apos;, &apos;ncolor&apos;: None, &apos;size&apos;: 13.29000000000002, &apos;value&apos;: &apos;.&apos;, &apos;children&apos;: [], &apos;features&apos;: {}}, {&apos;type&apos;: &apos;text&apos;, &apos;bbox&apos;: (461.024, 263.86, 463.794, 277.15000000000003), &apos;color_space&apos;: &apos;DeviceGray&apos;, &apos;ncolor&apos;: None, &apos;size&apos;: 13.29000000000002, &apos;value&apos;: &apos;.&apos;, &apos;children&apos;: [], &apos;features&apos;: {}}, {&apos;type&apos;: &apos;text&apos;, &apos;bbox&apos;: (463.794, 263.86, 466.56399999999996, 277.15000000000003), &apos;color_space&apos;: &apos;DeviceGray&apos;, &apos;ncolor&apos;: None, &apos;size&apos;: 13.29000000000002, &apos;value&apos;: &apos;.&apos;, &apos;children&apos;: [], &apos;features&apos;: {}}, {&apos;type&apos;: &apos;text&apos;, &apos;bbox&apos;: (466.564, 263.86, 469.334, 277.15000000000003), &apos;color_space&apos;: &apos;DeviceGray&apos;, &apos;ncolor&apos;: None, &apos;size&apos;: 13.29000000000002, &apos;value&apos;: &apos;.&apos;, &apos;children&apos;: [], &apos;features&apos;: {}}, {&apos;type&apos;: &apos;text&apos;, &apos;bbox&apos;: (469.33400000000006, 263.86, 472.10400000000004, 277.15000000000003), &apos;color_space&apos;: &apos;DeviceGray&apos;, &apos;ncolor&apos;: None, &apos;size&apos;: 13.29000000000002, &apos;value&apos;: &apos;.&apos;, &apos;children&apos;: [], &apos;features&apos;: {}}, {&apos;type&apos;: &apos;text&apos;, &apos;bbox&apos;: (472.10400000000004, 263.86, 474.874, 277.15000000000003), &apos;color_space&apos;: &apos;DeviceGray&apos;, &apos;ncolor&apos;: None, &apos;size&apos;: 13.29000000000002, &apos;value&apos;: &apos;.&apos;, &apos;children&apos;: [], &apos;features&apos;: {}}, {&apos;type&apos;: &apos;text&apos;, &apos;bbox&apos;: (474.874, 263.86, 477.644, 277.15000000000003), &apos;color_space&apos;: &apos;DeviceGray&apos;, &apos;ncolor&apos;: None, &apos;size&apos;: 13.29000000000002, &apos;value&apos;: &apos;.&apos;, &apos;children&apos;: [], &apos;features&apos;: {}}, {&apos;type&apos;: &apos;text&apos;, &apos;bbox&apos;: (477.64400000000006, 263.86, 480.41400000000004, 277.15000000000003), &apos;color_space&apos;: &apos;DeviceGray&apos;, &apos;ncolor&apos;: None, &apos;size&apos;: 13.29000000000002, &apos;value&apos;: &apos;.&apos;, &apos;children&apos;: [], &apos;features&apos;: {}}, {&apos;type&apos;: &apos;text&apos;, &apos;bbox&apos;: (480.4140000000001, 263.86, 483.1840000000001, 277.15000000000003), &apos;color_space&apos;: &apos;DeviceGray&apos;, &apos;ncolor&apos;: None, &apos;size&apos;: 13.29000000000002, &apos;value&apos;: &apos;.&apos;, &apos;children&apos;: [], &apos;features&apos;: {}}, {&apos;type&apos;: &apos;text&apos;, &apos;bbox&apos;: (483.1840000000001, 263.86, 485.95400000000006, 277.15000000000003), &apos;color_space&apos;: &apos;DeviceGray&apos;, &apos;ncolor&apos;: None, &apos;size&apos;: 13.29000000000002, &apos;value&apos;: &apos;.&apos;, &apos;children&apos;: [], &apos;features&apos;: {}}, {&apos;type&apos;: &apos;text&apos;, &apos;bbox&apos;: (485.95400000000006, 263.86, 488.72400000000005, 277.15000000000003), &apos;color_space&apos;: &apos;DeviceGray&apos;, &apos;ncolor&apos;: None, &apos;size&apos;: 13.29000000000002, &apos;value&apos;: &apos;.&apos;, &apos;children&apos;: [], &apos;features&apos;: {}}, {&apos;type&apos;: &apos;text&apos;, &apos;bbox&apos;: (488.7240000000001, 263.86, 491.4940000000001, 277.15000000000003), &apos;color_space&apos;: &apos;DeviceGray&apos;, &apos;ncolor&apos;: None, &apos;size&apos;: 13.29000000000002, &apos;value&apos;: &apos;.&apos;, &apos;children&apos;: [], &apos;features&apos;: {}}, {&apos;type&apos;: &apos;text&apos;, &apos;bbox&apos;: (491.49400000000014, 263.86, 494.2640000000001, 277.15000000000003), &apos;color_space&apos;: &apos;DeviceGray&apos;, &apos;ncolor&apos;: None, &apos;size&apos;: 13.29000000000002, &apos;value&apos;: &apos;.&apos;, &apos;children&apos;: [], &apos;features&apos;: {}}, {&apos;type&apos;: &apos;text&apos;, &apos;bbox&apos;: (494.2640000000001, 263.86, 497.0340000000001, 277.15000000000003), &apos;color_space&apos;: &apos;DeviceGray&apos;, &apos;ncolor&apos;: None, &apos;size&apos;: 13.29000000000002, &apos;value&apos;: &apos;.&apos;, &apos;children&apos;: [], &apos;features&apos;: {}}, {&apos;type&apos;: &apos;text&apos;, &apos;bbox&apos;: (497.0340000000001, 263.86, 499.8040000000001, 277.15000000000003), &apos;color_space&apos;: &apos;DeviceGray&apos;, &apos;ncolor&apos;: None, &apos;size&apos;: 13.29000000000002, &apos;value&apos;: &apos;.&apos;, &apos;children&apos;: [], &apos;features&apos;: {}}, {&apos;type&apos;: &apos;text&apos;, &apos;bbox&apos;: (499.80400000000014, 263.86, 502.5740000000001, 277.15000000000003), &apos;color_space&apos;: &apos;DeviceGray&apos;, &apos;ncolor&apos;: None, &apos;size&apos;: 13.29000000000002, &apos;value&apos;: &apos;.&apos;, &apos;children&apos;: [], &apos;features&apos;: {}}, {&apos;type&apos;: &apos;text&apos;, &apos;bbox&apos;: (502.5740000000002, 263.86, 505.34400000000016, 277.15000000000003), &apos;color_space&apos;: &apos;DeviceGray&apos;, &apos;ncolor&apos;: None, &apos;size&apos;: 13.29000000000002, &apos;value&apos;: &apos;.&apos;, &apos;children&apos;: [], &apos;features&apos;: {}}, {&apos;type&apos;: &apos;text&apos;, &apos;bbox&apos;: (505.34400000000016, 263.86, 508.11400000000015, 277.15000000000003), &apos;color_space&apos;: &apos;DeviceGray&apos;, &apos;ncolor&apos;: None, &apos;size&apos;: 13.29000000000002, &apos;value&apos;: &apos;.&apos;, &apos;children&apos;: [], &apos;features&apos;: {}}, {&apos;type&apos;: &apos;text&apos;, &apos;bbox&apos;: (508.11400000000015, 263.86, 510.8840000000001, 277.15000000000003), &apos;color_space&apos;: &apos;DeviceGray&apos;, &apos;ncolor&apos;: None, &apos;size&apos;: 13.29000000000002, &apos;value&apos;: &apos;.&apos;, &apos;children&apos;: [], &apos;features&apos;: {}}, {&apos;type&apos;: &apos;text&apos;, &apos;bbox&apos;: (510.8840000000002, 263.86, 513.6540000000002, 277.15000000000003), &apos;color_space&apos;: &apos;DeviceGray&apos;, &apos;ncolor&apos;: None, &apos;size&apos;: 13.29000000000002, &apos;value&apos;: &apos;.&apos;, &apos;children&apos;: [], &apos;features&apos;: {}}, {&apos;type&apos;: &apos;text&apos;, &apos;bbox&apos;: (513.6540000000002, 263.86, 516.4240000000002, 277.15000000000003), &apos;color_space&apos;: &apos;DeviceGray&apos;, &apos;ncolor&apos;: None, &apos;size&apos;: 13.29000000000002, &apos;value&apos;: &apos;.&apos;, &apos;children&apos;: [], &apos;features&apos;: {}}, {&apos;type&apos;: &apos;text&apos;, &apos;bbox&apos;: (516.4240000000002, 263.86, 519.1940000000002, 277.15000000000003), &apos;color_space&apos;: &apos;DeviceGray&apos;, &apos;ncolor&apos;: None, &apos;size&apos;: 13.29000000000002, &apos;value&apos;: &apos;.&apos;, &apos;children&apos;: [], &apos;features&apos;: {}}, {&apos;type&apos;: &apos;text&apos;, &apos;bbox&apos;: (519.1940000000002, 263.86, 521.9640000000002, 277.15000000000003), &apos;color_space&apos;: &apos;DeviceGray&apos;, &apos;ncolor&apos;: None, &apos;size&apos;: 13.29000000000002, &apos;value&apos;: &apos;.&apos;, &apos;children&apos;: [], &apos;features&apos;: {}}, {&apos;type&apos;: &apos;text&apos;, &apos;bbox&apos;: (521.9640000000002, 263.86, 524.7340000000002, 277.15000000000003), &apos;color_space&apos;: &apos;DeviceGray&apos;, &apos;ncolor&apos;: None, &apos;size&apos;: 13.29000000000002, &apos;value&apos;: &apos;.&apos;, &apos;children&apos;: [], &apos;features&apos;: {}}, {&apos;type&apos;: &apos;text&apos;, &apos;bbox&apos;: (525.548, 263.86, 531.108, 277.15000000000003), &apos;color_space&apos;: &apos;DeviceGray&apos;, &apos;ncolor&apos;: None, &apos;size&apos;: 13.29000000000002, &apos;value&apos;: &apos;9&apos;, &apos;children&apos;: [], &apos;features&apos;: {}}, {&apos;type&apos;: &apos;text&apos;, &apos;bbox&apos;: (531.108, 263.86, 534.438, 277.15000000000003), &apos;color_space&apos;: &apos;DeviceGray&apos;, &apos;ncolor&apos;: None, &apos;size&apos;: 13.29000000000002, &apos;value&apos;: &apos;-&apos;, &apos;children&apos;: [], &apos;features&apos;: {}}, {&apos;type&apos;: &apos;text&apos;, &apos;bbox&apos;: (534.439, 263.86, 539.9989999999999, 277.15000000000003), &apos;color_space&apos;: &apos;DeviceGray&apos;, &apos;ncolor&apos;: None, &apos;size&apos;: 13.29000000000002, &apos;value&apos;: &apos;4&apos;, &apos;children&apos;: [], &apos;features&apos;: {}}], &apos;features&apos;: {}}
*********************





--------------------------------- CONTENT AREA --------------------------------- 
This content area has an image
{&apos;type&apos;: &apos;figure&apos;, &apos;bbox&apos;: (0, 0, 612.0, 792.0), &apos;name&apos;: &apos;fx72&apos;, &apos;children&apos;: [{&apos;type&apos;: &apos;text&apos;, &apos;bbox&apos;: (114.0, 247.639, 119.57, 261.119), &apos;color_space&apos;: &apos;DeviceGray&apos;, &apos;ncolor&apos;: None, &apos;size&apos;: 13.480000000000018, &apos;value&apos;: &apos;F&apos;, &apos;children&apos;: [], &apos;features&apos;: {}}, {&apos;type&apos;: &apos;text&apos;, &apos;bbox&apos;: (119.57, 247.639, 125.66999999999999, 261.119), &apos;color_space&apos;: &apos;DeviceGray&apos;, &apos;ncolor&apos;: None, &apos;size&apos;: 13.480000000000018, &apos;value&apos;: &apos;S&apos;, &apos;children&apos;: [], &apos;features&apos;: {}}, {&apos;type&apos;: &apos;text&apos;, &apos;bbox&apos;: (125.67, 247.639, 129.56, 261.119), &apos;color_space&apos;: &apos;DeviceGray&apos;, &apos;ncolor&apos;: None, &apos;size&apos;: 13.480000000000018, &apos;value&apos;: &apos;I&apos;, &apos;children&apos;: [], &apos;features&apos;: {}}, {&apos;type&apos;: &apos;text&apos;, &apos;bbox&apos;: (129.56, 247.639, 134.56, 261.119), &apos;color_space&apos;: &apos;DeviceGray&apos;, &apos;ncolor&apos;: None, &apos;size&apos;: 13.480000000000018, &apos;value&apos;: &apos;_&apos;, &apos;children&apos;: [], &apos;features&apos;: {}}, {&apos;type&apos;: &apos;text&apos;, &apos;bbox&apos;: (134.56, 247.639, 141.78, 261.119), &apos;color_space&apos;: &apos;DeviceGray&apos;, &apos;ncolor&apos;: None, &apos;size&apos;: 13.480000000000018, &apos;value&apos;: &apos;C&apos;, &apos;children&apos;: [], &apos;features&apos;: {}}, {&apos;type&apos;: &apos;text&apos;, &apos;bbox&apos;: (141.78, 247.639, 150.11, 261.119), &apos;color_space&apos;: &apos;DeviceGray&apos;, &apos;ncolor&apos;: None, &apos;size&apos;: 13.480000000000018, &apos;value&apos;: &apos;O&apos;, &apos;children&apos;: [], &apos;features&apos;: {}}, {&apos;type&apos;: &apos;text&apos;, &apos;bbox&apos;: (150.11, 247.639, 160.11, 261.119), &apos;color_space&apos;: &apos;DeviceGray&apos;, &apos;ncolor&apos;: None, &apos;size&apos;: 13.480000000000018, &apos;value&apos;: &apos;M&apos;, &apos;children&apos;: [], &apos;features&apos;: {}}, {&apos;type&apos;: &apos;text&apos;, &apos;bbox&apos;: (160.11, 247.639, 166.21, 261.119), &apos;color_space&apos;: &apos;DeviceGray&apos;, &apos;ncolor&apos;: None, &apos;size&apos;: 13.480000000000018, &apos;value&apos;: &apos;P&apos;, &apos;children&apos;: [], &apos;features&apos;: {}}, {&apos;type&apos;: &apos;text&apos;, &apos;bbox&apos;: (166.21, 247.639, 174.54000000000002, 261.119), &apos;color_space&apos;: &apos;DeviceGray&apos;, &apos;ncolor&apos;: None, &apos;size&apos;: 13.480000000000018, &apos;value&apos;: &apos;O&apos;, &apos;children&apos;: [], &apos;features&apos;: {}}, {&apos;type&apos;: &apos;text&apos;, &apos;bbox&apos;: (174.54, 247.639, 182.31, 261.119), &apos;color_space&apos;: &apos;DeviceGray&apos;, &apos;ncolor&apos;: None, &apos;size&apos;: 13.480000000000018, &apos;value&apos;: &apos;U&apos;, &apos;children&apos;: [], &apos;features&apos;: {}}, {&apos;type&apos;: &apos;text&apos;, &apos;bbox&apos;: (182.31, 247.639, 190.64000000000001, 261.119), &apos;color_space&apos;: &apos;DeviceGray&apos;, &apos;ncolor&apos;: None, &apos;size&apos;: 13.480000000000018, &apos;value&apos;: &apos;N&apos;, &apos;children&apos;: [], &apos;features&apos;: {}}, {&apos;type&apos;: &apos;text&apos;, &apos;bbox&apos;: (190.64, 247.639, 198.95, 261.119), &apos;color_space&apos;: &apos;DeviceGray&apos;, &apos;ncolor&apos;: None, &apos;size&apos;: 13.480000000000018, &apos;value&apos;: &apos;D&apos;, &apos;children&apos;: [], &apos;features&apos;: {}}, {&apos;type&apos;: &apos;text&apos;, &apos;bbox&apos;: (198.95, 247.639, 203.95, 261.119), &apos;color_space&apos;: &apos;DeviceGray&apos;, &apos;ncolor&apos;: None, &apos;size&apos;: 13.480000000000018, &apos;value&apos;: &apos;_&apos;, &apos;children&apos;: [], &apos;features&apos;: {}}, {&apos;type&apos;: &apos;text&apos;, &apos;bbox&apos;: (203.95, 247.639, 210.54999999999998, 261.119), &apos;color_space&apos;: &apos;DeviceGray&apos;, &apos;ncolor&apos;: None, &apos;size&apos;: 13.480000000000018, &apos;value&apos;: &apos;B&apos;, &apos;children&apos;: [], &apos;features&apos;: {}}, {&apos;type&apos;: &apos;text&apos;, &apos;bbox&apos;: (210.55, 247.639, 218.32000000000002, 261.119), &apos;color_space&apos;: &apos;DeviceGray&apos;, &apos;ncolor&apos;: None, &apos;size&apos;: 13.480000000000018, &apos;value&apos;: &apos;A&apos;, &apos;children&apos;: [], &apos;features&apos;: {}}, {&apos;type&apos;: &apos;text&apos;, &apos;bbox&apos;: (218.32, 247.639, 224.42, 261.119), &apos;color_space&apos;: &apos;DeviceGray&apos;, &apos;ncolor&apos;: None, &apos;size&apos;: 13.480000000000018, &apos;value&apos;: &apos;S&apos;, &apos;children&apos;: [], &apos;features&apos;: {}}, {&apos;type&apos;: &apos;text&apos;, &apos;bbox&apos;: (224.42, 247.639, 228.30999999999997, 261.119), &apos;color_space&apos;: &apos;DeviceGray&apos;, &apos;ncolor&apos;: None, &apos;size&apos;: 13.480000000000018, &apos;value&apos;: &apos;I&apos;, &apos;children&apos;: [], &apos;features&apos;: {}}, {&apos;type&apos;: &apos;text&apos;, &apos;bbox&apos;: (228.31, 247.639, 234.41, 261.119), &apos;color_space&apos;: &apos;DeviceGray&apos;, &apos;ncolor&apos;: None, &apos;size&apos;: 13.480000000000018, &apos;value&apos;: &apos;S&apos;, &apos;children&apos;: [], &apos;features&apos;: {}}, {&apos;type&apos;: &apos;text&apos;, &apos;bbox&apos;: (234.40999999999997, 247.639, 239.40999999999997, 261.119), &apos;color_space&apos;: &apos;DeviceGray&apos;, &apos;ncolor&apos;: None, &apos;size&apos;: 13.480000000000018, &apos;value&apos;: &apos;_&apos;, &apos;children&apos;: [], &apos;features&apos;: {}}, {&apos;type&apos;: &apos;text&apos;, &apos;bbox&apos;: (239.40999999999997, 247.639, 249.40999999999997, 261.119), &apos;color_space&apos;: &apos;DeviceGray&apos;, &apos;ncolor&apos;: None, &apos;size&apos;: 13.480000000000018, &apos;value&apos;: &apos;M&apos;, &apos;children&apos;: [], &apos;features&apos;: {}}, {&apos;type&apos;: &apos;text&apos;, &apos;bbox&apos;: (249.40999999999997, 247.639, 255.45999999999998, 261.119), &apos;color_space&apos;: &apos;DeviceGray&apos;, &apos;ncolor&apos;: None, &apos;size&apos;: 13.480000000000018, &apos;value&apos;: &apos;L&apos;, &apos;children&apos;: [], &apos;features&apos;: {}}, {&apos;type&apos;: &apos;text&apos;, &apos;bbox&apos;: (255.45999999999998, 247.639, 261.56, 261.119), &apos;color_space&apos;: &apos;DeviceGray&apos;, &apos;ncolor&apos;: None, &apos;size&apos;: 13.480000000000018, &apos;value&apos;: &apos;S&apos;, &apos;children&apos;: [], &apos;features&apos;: {}}, {&apos;type&apos;: &apos;text&apos;, &apos;bbox&apos;: (261.64, 248.369, 264.40999999999997, 261.659), &apos;color_space&apos;: &apos;DeviceGray&apos;, &apos;ncolor&apos;: None, &apos;size&apos;: 13.289999999999992, &apos;value&apos;: &apos;.&apos;, &apos;children&apos;: [], &apos;features&apos;: {}}, {&apos;type&apos;: &apos;text&apos;, &apos;bbox&apos;: (264.40999999999997, 248.369, 267.17999999999995, 261.659), &apos;color_space&apos;: &apos;DeviceGray&apos;, &apos;ncolor&apos;: None, &apos;size&apos;: 13.289999999999992, &apos;value&apos;: &apos;.&apos;, &apos;children&apos;: [], &apos;features&apos;: {}}, {&apos;type&apos;: &apos;text&apos;, &apos;bbox&apos;: (267.18, 248.369, 269.95, 261.659), &apos;color_space&apos;: &apos;DeviceGray&apos;, &apos;ncolor&apos;: None, &apos;size&apos;: 13.289999999999992, &apos;value&apos;: &apos;.&apos;, &apos;children&apos;: [], &apos;features&apos;: {}}, {&apos;type&apos;: &apos;text&apos;, &apos;bbox&apos;: (269.95, 248.369, 272.71999999999997, 261.659), &apos;color_space&apos;: &apos;DeviceGray&apos;, &apos;ncolor&apos;: None, &apos;size&apos;: 13.289999999999992, &apos;value&apos;: &apos;.&apos;, &apos;children&apos;: [], &apos;features&apos;: {}}, {&apos;type&apos;: &apos;text&apos;, &apos;bbox&apos;: (272.71999999999997, 248.369, 275.48999999999995, 261.659), &apos;color_space&apos;: &apos;DeviceGray&apos;, &apos;ncolor&apos;: None, &apos;size&apos;: 13.289999999999992, &apos;value&apos;: &apos;.&apos;, &apos;children&apos;: [], &apos;features&apos;: {}}, {&apos;type&apos;: &apos;text&apos;, &apos;bbox&apos;: (275.49, 248.369, 278.26, 261.659), &apos;color_space&apos;: &apos;DeviceGray&apos;, &apos;ncolor&apos;: None, &apos;size&apos;: 13.289999999999992, &apos;value&apos;: &apos;.&apos;, &apos;children&apos;: [], &apos;features&apos;: {}}, {&apos;type&apos;: &apos;text&apos;, &apos;bbox&apos;: (278.26, 248.369, 281.03, 261.659), &apos;color_space&apos;: &apos;DeviceGray&apos;, &apos;ncolor&apos;: None, &apos;size&apos;: 13.289999999999992, &apos;value&apos;: &apos;.&apos;, &apos;children&apos;: [], &apos;features&apos;: {}}, {&apos;type&apos;: &apos;text&apos;, &apos;bbox&apos;: (281.03, 248.369, 283.79999999999995, 261.659), &apos;color_space&apos;: &apos;DeviceGray&apos;, &apos;ncolor&apos;: None, &apos;size&apos;: 13.289999999999992, &apos;value&apos;: &apos;.&apos;, &apos;children&apos;: [], &apos;features&apos;: {}}, {&apos;type&apos;: &apos;text&apos;, &apos;bbox&apos;: (283.8, 248.369, 286.57, 261.659), &apos;color_space&apos;: &apos;DeviceGray&apos;, &apos;ncolor&apos;: None, &apos;size&apos;: 13.289999999999992, &apos;value&apos;: &apos;.&apos;, &apos;children&apos;: [], &apos;features&apos;: {}}, {&apos;type&apos;: &apos;text&apos;, &apos;bbox&apos;: (286.57, 248.369, 289.34, 261.659), &apos;color_space&apos;: &apos;DeviceGray&apos;, &apos;ncolor&apos;: None, &apos;size&apos;: 13.289999999999992, &apos;value&apos;: &apos;.&apos;, &apos;children&apos;: [], &apos;features&apos;: {}}, {&apos;type&apos;: &apos;text&apos;, &apos;bbox&apos;: (289.34, 248.369, 292.10999999999996, 261.659), &apos;color_space&apos;: &apos;DeviceGray&apos;, &apos;ncolor&apos;: None, &apos;size&apos;: 13.289999999999992, &apos;value&apos;: &apos;.&apos;, &apos;children&apos;: [], &apos;features&apos;: {}}, {&apos;type&apos;: &apos;text&apos;, &apos;bbox&apos;: (292.11, 248.369, 294.88, 261.659), &apos;color_space&apos;: &apos;DeviceGray&apos;, &apos;ncolor&apos;: None, &apos;size&apos;: 13.289999999999992, &apos;value&apos;: &apos;.&apos;, &apos;children&apos;: [], &apos;features&apos;: {}}, {&apos;type&apos;: &apos;text&apos;, &apos;bbox&apos;: (294.88, 248.369, 297.65, 261.659), &apos;color_space&apos;: &apos;DeviceGray&apos;, &apos;ncolor&apos;: None, &apos;size&apos;: 13.289999999999992, &apos;value&apos;: &apos;.&apos;, &apos;children&apos;: [], &apos;features&apos;: {}}, {&apos;type&apos;: &apos;text&apos;, &apos;bbox&apos;: (297.65, 248.369, 300.41999999999996, 261.659), &apos;color_space&apos;: &apos;DeviceGray&apos;, &apos;ncolor&apos;: None, &apos;size&apos;: 13.289999999999992, &apos;value&apos;: &apos;.&apos;, &apos;children&apos;: [], &apos;features&apos;: {}}, {&apos;type&apos;: &apos;text&apos;, &apos;bbox&apos;: (300.42, 248.369, 303.19, 261.659), &apos;color_space&apos;: &apos;DeviceGray&apos;, &apos;ncolor&apos;: None, &apos;size&apos;: 13.289999999999992, &apos;value&apos;: &apos;.&apos;, &apos;children&apos;: [], &apos;features&apos;: {}}, {&apos;type&apos;: &apos;text&apos;, &apos;bbox&apos;: (303.19, 248.369, 305.96, 261.659), &apos;color_space&apos;: &apos;DeviceGray&apos;, &apos;ncolor&apos;: None, &apos;size&apos;: 13.289999999999992, &apos;value&apos;: &apos;.&apos;, &apos;children&apos;: [], &apos;features&apos;: {}}, {&apos;type&apos;: &apos;text&apos;, &apos;bbox&apos;: (305.96, 248.369, 308.72999999999996, 261.659), &apos;color_space&apos;: &apos;DeviceGray&apos;, &apos;ncolor&apos;: None, &apos;size&apos;: 13.289999999999992, &apos;value&apos;: &apos;.&apos;, &apos;children&apos;: [], &apos;features&apos;: {}}, {&apos;type&apos;: &apos;text&apos;, &apos;bbox&apos;: (308.73, 248.369, 311.5, 261.659), &apos;color_space&apos;: &apos;DeviceGray&apos;, &apos;ncolor&apos;: None, &apos;size&apos;: 13.289999999999992, &apos;value&apos;: &apos;.&apos;, &apos;children&apos;: [], &apos;features&apos;: {}}, {&apos;type&apos;: &apos;text&apos;, &apos;bbox&apos;: (311.5, 248.369, 314.27, 261.659), &apos;color_space&apos;: &apos;DeviceGray&apos;, &apos;ncolor&apos;: None, &apos;size&apos;: 13.289999999999992, &apos;value&apos;: &apos;.&apos;, &apos;children&apos;: [], &apos;features&apos;: {}}, {&apos;type&apos;: &apos;text&apos;, &apos;bbox&apos;: (314.27, 248.369, 317.03999999999996, 261.659), &apos;color_space&apos;: &apos;DeviceGray&apos;, &apos;ncolor&apos;: None, &apos;size&apos;: 13.289999999999992, &apos;value&apos;: &apos;.&apos;, &apos;children&apos;: [], &apos;features&apos;: {}}, {&apos;type&apos;: &apos;text&apos;, &apos;bbox&apos;: (317.04, 248.369, 319.81, 261.659), &apos;color_space&apos;: &apos;DeviceGray&apos;, &apos;ncolor&apos;: None, &apos;size&apos;: 13.289999999999992, &apos;value&apos;: &apos;.&apos;, &apos;children&apos;: [], &apos;features&apos;: {}}, {&apos;type&apos;: &apos;text&apos;, &apos;bbox&apos;: (319.81, 248.369, 322.58, 261.659), &apos;color_space&apos;: &apos;DeviceGray&apos;, &apos;ncolor&apos;: None, &apos;size&apos;: 13.289999999999992, &apos;value&apos;: &apos;.&apos;, &apos;children&apos;: [], &apos;features&apos;: {}}, {&apos;type&apos;: &apos;text&apos;, &apos;bbox&apos;: (322.58000000000004, 248.369, 325.35, 261.659), &apos;color_space&apos;: &apos;DeviceGray&apos;, &apos;ncolor&apos;: None, &apos;size&apos;: 13.289999999999992, &apos;value&apos;: &apos;.&apos;, &apos;children&apos;: [], &apos;features&apos;: {}}, {&apos;type&apos;: &apos;text&apos;, &apos;bbox&apos;: (325.35, 248.369, 328.12, 261.659), &apos;color_space&apos;: &apos;DeviceGray&apos;, &apos;ncolor&apos;: None, &apos;size&apos;: 13.289999999999992, &apos;value&apos;: &apos;.&apos;, &apos;children&apos;: [], &apos;features&apos;: {}}, {&apos;type&apos;: &apos;text&apos;, &apos;bbox&apos;: (328.12, 248.369, 330.89, 261.659), &apos;color_space&apos;: &apos;DeviceGray&apos;, &apos;ncolor&apos;: None, &apos;size&apos;: 13.289999999999992, &apos;value&apos;: &apos;.&apos;, &apos;children&apos;: [], &apos;features&apos;: {}}, {&apos;type&apos;: &apos;text&apos;, &apos;bbox&apos;: (330.89, 248.369, 333.65999999999997, 261.659), &apos;color_space&apos;: &apos;DeviceGray&apos;, &apos;ncolor&apos;: None, &apos;size&apos;: 13.289999999999992, &apos;value&apos;: &apos;.&apos;, &apos;children&apos;: [], &apos;features&apos;: {}}, {&apos;type&apos;: &apos;text&apos;, &apos;bbox&apos;: (333.66, 248.369, 336.43, 261.659), &apos;color_space&apos;: &apos;DeviceGray&apos;, &apos;ncolor&apos;: None, &apos;size&apos;: 13.289999999999992, &apos;value&apos;: &apos;.&apos;, &apos;children&apos;: [], &apos;features&apos;: {}}, {&apos;type&apos;: &apos;text&apos;, &apos;bbox&apos;: (336.43, 248.369, 339.2, 261.659), &apos;color_space&apos;: &apos;DeviceGray&apos;, &apos;ncolor&apos;: None, &apos;size&apos;: 13.289999999999992, &apos;value&apos;: &apos;.&apos;, &apos;children&apos;: [], &apos;features&apos;: {}}, {&apos;type&apos;: &apos;text&apos;, &apos;bbox&apos;: (339.2, 248.369, 341.96999999999997, 261.659), &apos;color_space&apos;: &apos;DeviceGray&apos;, &apos;ncolor&apos;: None, &apos;size&apos;: 13.289999999999992, &apos;value&apos;: &apos;.&apos;, &apos;children&apos;: [], &apos;features&apos;: {}}, {&apos;type&apos;: &apos;text&apos;, &apos;bbox&apos;: (341.97, 248.369, 344.74, 261.659), &apos;color_space&apos;: &apos;DeviceGray&apos;, &apos;ncolor&apos;: None, &apos;size&apos;: 13.289999999999992, &apos;value&apos;: &apos;.&apos;, &apos;children&apos;: [], &apos;features&apos;: {}}, {&apos;type&apos;: &apos;text&apos;, &apos;bbox&apos;: (344.74, 248.369, 347.51, 261.659), &apos;color_space&apos;: &apos;DeviceGray&apos;, &apos;ncolor&apos;: None, &apos;size&apos;: 13.289999999999992, &apos;value&apos;: &apos;.&apos;, &apos;children&apos;: [], &apos;features&apos;: {}}, {&apos;type&apos;: &apos;text&apos;, &apos;bbox&apos;: (347.51, 248.369, 350.28, 261.659), &apos;color_space&apos;: &apos;DeviceGray&apos;, &apos;ncolor&apos;: None, &apos;size&apos;: 13.289999999999992, &apos;value&apos;: &apos;.&apos;, &apos;children&apos;: [], &apos;features&apos;: {}}, {&apos;type&apos;: &apos;text&apos;, &apos;bbox&apos;: (350.28, 248.369, 353.04999999999995, 261.659), &apos;color_space&apos;: &apos;DeviceGray&apos;, &apos;ncolor&apos;: None, &apos;size&apos;: 13.289999999999992, &apos;value&apos;: &apos;.&apos;, &apos;children&apos;: [], &apos;features&apos;: {}}, {&apos;type&apos;: &apos;text&apos;, &apos;bbox&apos;: (353.04999999999995, 248.369, 355.81999999999994, 261.659), &apos;color_space&apos;: &apos;DeviceGray&apos;, &apos;ncolor&apos;: None, &apos;size&apos;: 13.289999999999992, &apos;value&apos;: &apos;.&apos;, &apos;children&apos;: [], &apos;features&apos;: {}}, {&apos;type&apos;: &apos;text&apos;, &apos;bbox&apos;: (355.82, 248.369, 358.59, 261.659), &apos;color_space&apos;: &apos;DeviceGray&apos;, &apos;ncolor&apos;: None, &apos;size&apos;: 13.289999999999992, &apos;value&apos;: &apos;.&apos;, &apos;children&apos;: [], &apos;features&apos;: {}}, {&apos;type&apos;: &apos;text&apos;, &apos;bbox&apos;: (358.59, 248.369, 361.35999999999996, 261.659), &apos;color_space&apos;: &apos;DeviceGray&apos;, &apos;ncolor&apos;: None, &apos;size&apos;: 13.289999999999992, &apos;value&apos;: &apos;.&apos;, &apos;children&apos;: [], &apos;features&apos;: {}}, {&apos;type&apos;: &apos;text&apos;, &apos;bbox&apos;: (361.35999999999996, 248.369, 364.12999999999994, 261.659), &apos;color_space&apos;: &apos;DeviceGray&apos;, &apos;ncolor&apos;: None, &apos;size&apos;: 13.289999999999992, &apos;value&apos;: &apos;.&apos;, &apos;children&apos;: [], &apos;features&apos;: {}}, {&apos;type&apos;: &apos;text&apos;, &apos;bbox&apos;: (364.13, 248.369, 366.9, 261.659), &apos;color_space&apos;: &apos;DeviceGray&apos;, &apos;ncolor&apos;: None, &apos;size&apos;: 13.289999999999992, &apos;value&apos;: &apos;.&apos;, &apos;children&apos;: [], &apos;features&apos;: {}}, {&apos;type&apos;: &apos;text&apos;, &apos;bbox&apos;: (366.9, 248.369, 369.66999999999996, 261.659), &apos;color_space&apos;: &apos;DeviceGray&apos;, &apos;ncolor&apos;: None, &apos;size&apos;: 13.289999999999992, &apos;value&apos;: &apos;.&apos;, &apos;children&apos;: [], &apos;features&apos;: {}}, {&apos;type&apos;: &apos;text&apos;, &apos;bbox&apos;: (369.66999999999996, 248.369, 372.43999999999994, 261.659), &apos;color_space&apos;: &apos;DeviceGray&apos;, &apos;ncolor&apos;: None, &apos;size&apos;: 13.289999999999992, &apos;value&apos;: &apos;.&apos;, &apos;children&apos;: [], &apos;features&apos;: {}}, {&apos;type&apos;: &apos;text&apos;, &apos;bbox&apos;: (372.43999999999994, 248.369, 375.2099999999999, 261.659), &apos;color_space&apos;: &apos;DeviceGray&apos;, &apos;ncolor&apos;: None, &apos;size&apos;: 13.289999999999992, &apos;value&apos;: &apos;.&apos;, &apos;children&apos;: [], &apos;features&apos;: {}}, {&apos;type&apos;: &apos;text&apos;, &apos;bbox&apos;: (375.2099999999999, 248.369, 377.9799999999999, 261.659), &apos;color_space&apos;: &apos;DeviceGray&apos;, &apos;ncolor&apos;: None, &apos;size&apos;: 13.289999999999992, &apos;value&apos;: &apos;.&apos;, &apos;children&apos;: [], &apos;features&apos;: {}}, {&apos;type&apos;: &apos;text&apos;, &apos;bbox&apos;: (377.97999999999996, 248.369, 380.74999999999994, 261.659), &apos;color_space&apos;: &apos;DeviceGray&apos;, &apos;ncolor&apos;: None, &apos;size&apos;: 13.289999999999992, &apos;value&apos;: &apos;.&apos;, &apos;children&apos;: [], &apos;features&apos;: {}}, {&apos;type&apos;: &apos;text&apos;, &apos;bbox&apos;: (380.74999999999994, 248.369, 383.5199999999999, 261.659), &apos;color_space&apos;: &apos;DeviceGray&apos;, &apos;ncolor&apos;: None, &apos;size&apos;: 13.289999999999992, &apos;value&apos;: &apos;.&apos;, &apos;children&apos;: [], &apos;features&apos;: {}}, {&apos;type&apos;: &apos;text&apos;, &apos;bbox&apos;: (383.5199999999999, 248.369, 386.2899999999999, 261.659), &apos;color_space&apos;: &apos;DeviceGray&apos;, &apos;ncolor&apos;: None, &apos;size&apos;: 13.289999999999992, &apos;value&apos;: &apos;.&apos;, &apos;children&apos;: [], &apos;features&apos;: {}}, {&apos;type&apos;: &apos;text&apos;, &apos;bbox&apos;: (386.28999999999996, 248.369, 389.05999999999995, 261.659), &apos;color_space&apos;: &apos;DeviceGray&apos;, &apos;ncolor&apos;: None, &apos;size&apos;: 13.289999999999992, &apos;value&apos;: &apos;.&apos;, &apos;children&apos;: [], &apos;features&apos;: {}}, {&apos;type&apos;: &apos;text&apos;, &apos;bbox&apos;: (389.05999999999995, 248.369, 391.8299999999999, 261.659), &apos;color_space&apos;: &apos;DeviceGray&apos;, &apos;ncolor&apos;: None, &apos;size&apos;: 13.289999999999992, &apos;value&apos;: &apos;.&apos;, &apos;children&apos;: [], &apos;features&apos;: {}}, {&apos;type&apos;: &apos;text&apos;, &apos;bbox&apos;: (391.8299999999999, 248.369, 394.5999999999999, 261.659), &apos;color_space&apos;: &apos;DeviceGray&apos;, &apos;ncolor&apos;: None, &apos;size&apos;: 13.289999999999992, &apos;value&apos;: &apos;.&apos;, &apos;children&apos;: [], &apos;features&apos;: {}}, {&apos;type&apos;: &apos;text&apos;, &apos;bbox&apos;: (394.5999999999999, 248.369, 397.3699999999999, 261.659), &apos;color_space&apos;: &apos;DeviceGray&apos;, &apos;ncolor&apos;: None, &apos;size&apos;: 13.289999999999992, &apos;value&apos;: &apos;.&apos;, &apos;children&apos;: [], &apos;features&apos;: {}}, {&apos;type&apos;: &apos;text&apos;, &apos;bbox&apos;: (397.36999999999995, 248.369, 400.13999999999993, 261.659), &apos;color_space&apos;: &apos;DeviceGray&apos;, &apos;ncolor&apos;: None, &apos;size&apos;: 13.289999999999992, &apos;value&apos;: &apos;.&apos;, &apos;children&apos;: [], &apos;features&apos;: {}}, {&apos;type&apos;: &apos;text&apos;, &apos;bbox&apos;: (400.14, 248.369, 402.90999999999997, 261.659), &apos;color_space&apos;: &apos;DeviceGray&apos;, &apos;ncolor&apos;: None, &apos;size&apos;: 13.289999999999992, &apos;value&apos;: &apos;.&apos;, &apos;children&apos;: [], &apos;features&apos;: {}}, {&apos;type&apos;: &apos;text&apos;, &apos;bbox&apos;: (402.90999999999997, 248.369, 405.67999999999995, 261.659), &apos;color_space&apos;: &apos;DeviceGray&apos;, &apos;ncolor&apos;: None, &apos;size&apos;: 13.289999999999992, &apos;value&apos;: &apos;.&apos;, &apos;children&apos;: [], &apos;features&apos;: {}}, {&apos;type&apos;: &apos;text&apos;, &apos;bbox&apos;: (405.67999999999995, 248.369, 408.44999999999993, 261.659), &apos;color_space&apos;: &apos;DeviceGray&apos;, &apos;ncolor&apos;: None, &apos;size&apos;: 13.289999999999992, &apos;value&apos;: &apos;.&apos;, &apos;children&apos;: [], &apos;features&apos;: {}}, {&apos;type&apos;: &apos;text&apos;, &apos;bbox&apos;: (408.45, 248.369, 411.21999999999997, 261.659), &apos;color_space&apos;: &apos;DeviceGray&apos;, &apos;ncolor&apos;: None, &apos;size&apos;: 13.289999999999992, &apos;value&apos;: &apos;.&apos;, &apos;children&apos;: [], &apos;features&apos;: {}}, {&apos;type&apos;: &apos;text&apos;, &apos;bbox&apos;: (411.22, 248.369, 413.99, 261.659), &apos;color_space&apos;: &apos;DeviceGray&apos;, &apos;ncolor&apos;: None, &apos;size&apos;: 13.289999999999992, &apos;value&apos;: &apos;.&apos;, &apos;children&apos;: [], &apos;features&apos;: {}}, {&apos;type&apos;: &apos;text&apos;, &apos;bbox&apos;: (413.99, 248.369, 416.76, 261.659), &apos;color_space&apos;: &apos;DeviceGray&apos;, &apos;ncolor&apos;: None, &apos;size&apos;: 13.289999999999992, &apos;value&apos;: &apos;.&apos;, &apos;children&apos;: [], &apos;features&apos;: {}}, {&apos;type&apos;: &apos;text&apos;, &apos;bbox&apos;: (416.76, 248.369, 419.53, 261.659), &apos;color_space&apos;: &apos;DeviceGray&apos;, &apos;ncolor&apos;: None, &apos;size&apos;: 13.289999999999992, &apos;value&apos;: &apos;.&apos;, &apos;children&apos;: [], &apos;features&apos;: {}}, {&apos;type&apos;: &apos;text&apos;, &apos;bbox&apos;: (419.53000000000003, 248.369, 422.3, 261.659), &apos;color_space&apos;: &apos;DeviceGray&apos;, &apos;ncolor&apos;: None, &apos;size&apos;: 13.289999999999992, &apos;value&apos;: &apos;.&apos;, &apos;children&apos;: [], &apos;features&apos;: {}}, {&apos;type&apos;: &apos;text&apos;, &apos;bbox&apos;: (422.30000000000007, 248.369, 425.07000000000005, 261.659), &apos;color_space&apos;: &apos;DeviceGray&apos;, &apos;ncolor&apos;: None, &apos;size&apos;: 13.289999999999992, &apos;value&apos;: &apos;.&apos;, &apos;children&apos;: [], &apos;features&apos;: {}}, {&apos;type&apos;: &apos;text&apos;, &apos;bbox&apos;: (425.07000000000005, 248.369, 427.84000000000003, 261.659), &apos;color_space&apos;: &apos;DeviceGray&apos;, &apos;ncolor&apos;: None, &apos;size&apos;: 13.289999999999992, &apos;value&apos;: &apos;.&apos;, &apos;children&apos;: [], &apos;features&apos;: {}}, {&apos;type&apos;: &apos;text&apos;, &apos;bbox&apos;: (427.84000000000003, 248.369, 430.61, 261.659), &apos;color_space&apos;: &apos;DeviceGray&apos;, &apos;ncolor&apos;: None, &apos;size&apos;: 13.289999999999992, &apos;value&apos;: &apos;.&apos;, &apos;children&apos;: [], &apos;features&apos;: {}}, {&apos;type&apos;: &apos;text&apos;, &apos;bbox&apos;: (430.61000000000007, 248.369, 433.38000000000005, 261.659), &apos;color_space&apos;: &apos;DeviceGray&apos;, &apos;ncolor&apos;: None, &apos;size&apos;: 13.289999999999992, &apos;value&apos;: &apos;.&apos;, &apos;children&apos;: [], &apos;features&apos;: {}}, {&apos;type&apos;: &apos;text&apos;, &apos;bbox&apos;: (433.3800000000001, 248.369, 436.1500000000001, 261.659), &apos;color_space&apos;: &apos;DeviceGray&apos;, &apos;ncolor&apos;: None, &apos;size&apos;: 13.289999999999992, &apos;value&apos;: &apos;.&apos;, &apos;children&apos;: [], &apos;features&apos;: {}}, {&apos;type&apos;: &apos;text&apos;, &apos;bbox&apos;: (436.1500000000001, 248.369, 438.9200000000001, 261.659), &apos;color_space&apos;: &apos;DeviceGray&apos;, &apos;ncolor&apos;: None, &apos;size&apos;: 13.289999999999992, &apos;value&apos;: &apos;.&apos;, &apos;children&apos;: [], &apos;features&apos;: {}}, {&apos;type&apos;: &apos;text&apos;, &apos;bbox&apos;: (438.9200000000001, 248.369, 441.69000000000005, 261.659), &apos;color_space&apos;: &apos;DeviceGray&apos;, &apos;ncolor&apos;: None, &apos;size&apos;: 13.289999999999992, &apos;value&apos;: &apos;.&apos;, &apos;children&apos;: [], &apos;features&apos;: {}}, {&apos;type&apos;: &apos;text&apos;, &apos;bbox&apos;: (441.6900000000001, 248.369, 444.4600000000001, 261.659), &apos;color_space&apos;: &apos;DeviceGray&apos;, &apos;ncolor&apos;: None, &apos;size&apos;: 13.289999999999992, &apos;value&apos;: &apos;.&apos;, &apos;children&apos;: [], &apos;features&apos;: {}}, {&apos;type&apos;: &apos;text&apos;, &apos;bbox&apos;: (444.46000000000015, 248.369, 447.23000000000013, 261.659), &apos;color_space&apos;: &apos;DeviceGray&apos;, &apos;ncolor&apos;: None, &apos;size&apos;: 13.289999999999992, &apos;value&apos;: &apos;.&apos;, &apos;children&apos;: [], &apos;features&apos;: {}}, {&apos;type&apos;: &apos;text&apos;, &apos;bbox&apos;: (447.23000000000013, 248.369, 450.0000000000001, 261.659), &apos;color_space&apos;: &apos;DeviceGray&apos;, &apos;ncolor&apos;: None, &apos;size&apos;: 13.289999999999992, &apos;value&apos;: &apos;.&apos;, &apos;children&apos;: [], &apos;features&apos;: {}}, {&apos;type&apos;: &apos;text&apos;, &apos;bbox&apos;: (450.0000000000001, 248.369, 452.7700000000001, 261.659), &apos;color_space&apos;: &apos;DeviceGray&apos;, &apos;ncolor&apos;: None, &apos;size&apos;: 13.289999999999992, &apos;value&apos;: &apos;.&apos;, &apos;children&apos;: [], &apos;features&apos;: {}}, {&apos;type&apos;: &apos;text&apos;, &apos;bbox&apos;: (452.77000000000015, 248.369, 455.54000000000013, 261.659), &apos;color_space&apos;: &apos;DeviceGray&apos;, &apos;ncolor&apos;: None, &apos;size&apos;: 13.289999999999992, &apos;value&apos;: &apos;.&apos;, &apos;children&apos;: [], &apos;features&apos;: {}}, {&apos;type&apos;: &apos;text&apos;, &apos;bbox&apos;: (455.5400000000002, 248.369, 458.3100000000002, 261.659), &apos;color_space&apos;: &apos;DeviceGray&apos;, &apos;ncolor&apos;: None, &apos;size&apos;: 13.289999999999992, &apos;value&apos;: &apos;.&apos;, &apos;children&apos;: [], &apos;features&apos;: {}}, {&apos;type&apos;: &apos;text&apos;, &apos;bbox&apos;: (458.3100000000002, 248.369, 461.08000000000015, 261.659), &apos;color_space&apos;: &apos;DeviceGray&apos;, &apos;ncolor&apos;: None, &apos;size&apos;: 13.289999999999992, &apos;value&apos;: &apos;.&apos;, &apos;children&apos;: [], &apos;features&apos;: {}}, {&apos;type&apos;: &apos;text&apos;, &apos;bbox&apos;: (461.08000000000015, 248.369, 463.85000000000014, 261.659), &apos;color_space&apos;: &apos;DeviceGray&apos;, &apos;ncolor&apos;: None, &apos;size&apos;: 13.289999999999992, &apos;value&apos;: &apos;.&apos;, &apos;children&apos;: [], &apos;features&apos;: {}}, {&apos;type&apos;: &apos;text&apos;, &apos;bbox&apos;: (463.8500000000002, 248.369, 466.6200000000002, 261.659), &apos;color_space&apos;: &apos;DeviceGray&apos;, &apos;ncolor&apos;: None, &apos;size&apos;: 13.289999999999992, &apos;value&apos;: &apos;.&apos;, &apos;children&apos;: [], &apos;features&apos;: {}}, {&apos;type&apos;: &apos;text&apos;, &apos;bbox&apos;: (466.62000000000023, 248.369, 469.3900000000002, 261.659), &apos;color_space&apos;: &apos;DeviceGray&apos;, &apos;ncolor&apos;: None, &apos;size&apos;: 13.289999999999992, &apos;value&apos;: &apos;.&apos;, &apos;children&apos;: [], &apos;features&apos;: {}}, {&apos;type&apos;: &apos;text&apos;, &apos;bbox&apos;: (469.3900000000002, 248.369, 472.1600000000002, 261.659), &apos;color_space&apos;: &apos;DeviceGray&apos;, &apos;ncolor&apos;: None, &apos;size&apos;: 13.289999999999992, &apos;value&apos;: &apos;.&apos;, &apos;children&apos;: [], &apos;features&apos;: {}}, {&apos;type&apos;: &apos;text&apos;, &apos;bbox&apos;: (472.1600000000002, 248.369, 474.9300000000002, 261.659), &apos;color_space&apos;: &apos;DeviceGray&apos;, &apos;ncolor&apos;: None, &apos;size&apos;: 13.289999999999992, &apos;value&apos;: &apos;.&apos;, &apos;children&apos;: [], &apos;features&apos;: {}}, {&apos;type&apos;: &apos;text&apos;, &apos;bbox&apos;: (474.93000000000023, 248.369, 477.7000000000002, 261.659), &apos;color_space&apos;: &apos;DeviceGray&apos;, &apos;ncolor&apos;: None, &apos;size&apos;: 13.289999999999992, &apos;value&apos;: &apos;.&apos;, &apos;children&apos;: [], &apos;features&apos;: {}}, {&apos;type&apos;: &apos;text&apos;, &apos;bbox&apos;: (477.7000000000003, 248.369, 480.47000000000025, 261.659), &apos;color_space&apos;: &apos;DeviceGray&apos;, &apos;ncolor&apos;: None, &apos;size&apos;: 13.289999999999992, &apos;value&apos;: &apos;.&apos;, &apos;children&apos;: [], &apos;features&apos;: {}}, {&apos;type&apos;: &apos;text&apos;, &apos;bbox&apos;: (480.47000000000025, 248.369, 483.24000000000024, 261.659), &apos;color_space&apos;: &apos;DeviceGray&apos;, &apos;ncolor&apos;: None, &apos;size&apos;: 13.289999999999992, &apos;value&apos;: &apos;.&apos;, &apos;children&apos;: [], &apos;features&apos;: {}}, {&apos;type&apos;: &apos;text&apos;, &apos;bbox&apos;: (483.24000000000024, 248.369, 486.0100000000002, 261.659), &apos;color_space&apos;: &apos;DeviceGray&apos;, &apos;ncolor&apos;: None, &apos;size&apos;: 13.289999999999992, &apos;value&apos;: &apos;.&apos;, &apos;children&apos;: [], &apos;features&apos;: {}}, {&apos;type&apos;: &apos;text&apos;, &apos;bbox&apos;: (486.0100000000003, 248.369, 488.78000000000026, 261.659), &apos;color_space&apos;: &apos;DeviceGray&apos;, &apos;ncolor&apos;: None, &apos;size&apos;: 13.289999999999992, &apos;value&apos;: &apos;.&apos;, &apos;children&apos;: [], &apos;features&apos;: {}}, {&apos;type&apos;: &apos;text&apos;, &apos;bbox&apos;: (488.7800000000003, 248.369, 491.5500000000003, 261.659), &apos;color_space&apos;: &apos;DeviceGray&apos;, &apos;ncolor&apos;: None, &apos;size&apos;: 13.289999999999992, &apos;value&apos;: &apos;.&apos;, &apos;children&apos;: [], &apos;features&apos;: {}}, {&apos;type&apos;: &apos;text&apos;, &apos;bbox&apos;: (491.5500000000003, 248.369, 494.3200000000003, 261.659), &apos;color_space&apos;: &apos;DeviceGray&apos;, &apos;ncolor&apos;: None, &apos;size&apos;: 13.289999999999992, &apos;value&apos;: &apos;.&apos;, &apos;children&apos;: [], &apos;features&apos;: {}}, {&apos;type&apos;: &apos;text&apos;, &apos;bbox&apos;: (494.3200000000003, 248.369, 497.09000000000026, 261.659), &apos;color_space&apos;: &apos;DeviceGray&apos;, &apos;ncolor&apos;: None, &apos;size&apos;: 13.289999999999992, &apos;value&apos;: &apos;.&apos;, &apos;children&apos;: [], &apos;features&apos;: {}}, {&apos;type&apos;: &apos;text&apos;, &apos;bbox&apos;: (497.0900000000003, 248.369, 499.8600000000003, 261.659), &apos;color_space&apos;: &apos;DeviceGray&apos;, &apos;ncolor&apos;: None, &apos;size&apos;: 13.289999999999992, &apos;value&apos;: &apos;.&apos;, &apos;children&apos;: [], &apos;features&apos;: {}}, {&apos;type&apos;: &apos;text&apos;, &apos;bbox&apos;: (499.86000000000035, 248.369, 502.63000000000034, 261.659), &apos;color_space&apos;: &apos;DeviceGray&apos;, &apos;ncolor&apos;: None, &apos;size&apos;: 13.289999999999992, &apos;value&apos;: &apos;.&apos;, &apos;children&apos;: [], &apos;features&apos;: {}}, {&apos;type&apos;: &apos;text&apos;, &apos;bbox&apos;: (502.63000000000034, 248.369, 505.4000000000003, 261.659), &apos;color_space&apos;: &apos;DeviceGray&apos;, &apos;ncolor&apos;: None, &apos;size&apos;: 13.289999999999992, &apos;value&apos;: &apos;.&apos;, &apos;children&apos;: [], &apos;features&apos;: {}}, {&apos;type&apos;: &apos;text&apos;, &apos;bbox&apos;: (505.4000000000003, 248.369, 508.1700000000003, 261.659), &apos;color_space&apos;: &apos;DeviceGray&apos;, &apos;ncolor&apos;: None, &apos;size&apos;: 13.289999999999992, &apos;value&apos;: &apos;.&apos;, &apos;children&apos;: [], &apos;features&apos;: {}}, {&apos;type&apos;: &apos;text&apos;, &apos;bbox&apos;: (508.17000000000036, 248.369, 510.94000000000034, 261.659), &apos;color_space&apos;: &apos;DeviceGray&apos;, &apos;ncolor&apos;: None, &apos;size&apos;: 13.289999999999992, &apos;value&apos;: &apos;.&apos;, &apos;children&apos;: [], &apos;features&apos;: {}}, {&apos;type&apos;: &apos;text&apos;, &apos;bbox&apos;: (510.9400000000004, 248.369, 513.7100000000004, 261.659), &apos;color_space&apos;: &apos;DeviceGray&apos;, &apos;ncolor&apos;: None, &apos;size&apos;: 13.289999999999992, &apos;value&apos;: &apos;.&apos;, &apos;children&apos;: [], &apos;features&apos;: {}}, {&apos;type&apos;: &apos;text&apos;, &apos;bbox&apos;: (513.7100000000004, 248.369, 516.4800000000004, 261.659), &apos;color_space&apos;: &apos;DeviceGray&apos;, &apos;ncolor&apos;: None, &apos;size&apos;: 13.289999999999992, &apos;value&apos;: &apos;.&apos;, &apos;children&apos;: [], &apos;features&apos;: {}}, {&apos;type&apos;: &apos;text&apos;, &apos;bbox&apos;: (516.4800000000004, 248.369, 519.2500000000003, 261.659), &apos;color_space&apos;: &apos;DeviceGray&apos;, &apos;ncolor&apos;: None, &apos;size&apos;: 13.289999999999992, &apos;value&apos;: &apos;.&apos;, &apos;children&apos;: [], &apos;features&apos;: {}}, {&apos;type&apos;: &apos;text&apos;, &apos;bbox&apos;: (519.2500000000005, 248.369, 522.0200000000004, 261.659), &apos;color_space&apos;: &apos;DeviceGray&apos;, &apos;ncolor&apos;: None, &apos;size&apos;: 13.289999999999992, &apos;value&apos;: &apos;.&apos;, &apos;children&apos;: [], &apos;features&apos;: {}}, {&apos;type&apos;: &apos;text&apos;, &apos;bbox&apos;: (525.548, 248.369, 531.108, 261.659), &apos;color_space&apos;: &apos;DeviceGray&apos;, &apos;ncolor&apos;: None, &apos;size&apos;: 13.289999999999992, &apos;value&apos;: &apos;9&apos;, &apos;children&apos;: [], &apos;features&apos;: {}}, {&apos;type&apos;: &apos;text&apos;, &apos;bbox&apos;: (531.108, 248.369, 534.438, 261.659), &apos;color_space&apos;: &apos;DeviceGray&apos;, &apos;ncolor&apos;: None, &apos;size&apos;: 13.289999999999992, &apos;value&apos;: &apos;-&apos;, &apos;children&apos;: [], &apos;features&apos;: {}}, {&apos;type&apos;: &apos;text&apos;, &apos;bbox&apos;: (534.439, 248.369, 539.9989999999999, 261.659), &apos;color_space&apos;: &apos;DeviceGray&apos;, &apos;ncolor&apos;: None, &apos;size&apos;: 13.289999999999992, &apos;value&apos;: &apos;4&apos;, &apos;children&apos;: [], &apos;features&apos;: {}}], &apos;features&apos;: {}}
*********************





--------------------------------- CONTENT AREA --------------------------------- 
This content area has an image
{&apos;type&apos;: &apos;figure&apos;, &apos;bbox&apos;: (0, 0, 612.0, 792.0), &apos;name&apos;: &apos;fx73&apos;, &apos;children&apos;: [{&apos;type&apos;: &apos;text&apos;, &apos;bbox&apos;: (114.0, 232.147, 119.57, 245.627), &apos;color_space&apos;: &apos;DeviceGray&apos;, &apos;ncolor&apos;: None, &apos;size&apos;: 13.480000000000018, &apos;value&apos;: &apos;F&apos;, &apos;children&apos;: [], &apos;features&apos;: {}}, {&apos;type&apos;: &apos;text&apos;, &apos;bbox&apos;: (119.57, 232.147, 125.66999999999999, 245.627), &apos;color_space&apos;: &apos;DeviceGray&apos;, &apos;ncolor&apos;: None, &apos;size&apos;: 13.480000000000018, &apos;value&apos;: &apos;S&apos;, &apos;children&apos;: [], &apos;features&apos;: {}}, {&apos;type&apos;: &apos;text&apos;, &apos;bbox&apos;: (125.67, 232.147, 129.56, 245.627), &apos;color_space&apos;: &apos;DeviceGray&apos;, &apos;ncolor&apos;: None, &apos;size&apos;: 13.480000000000018, &apos;value&apos;: &apos;I&apos;, &apos;children&apos;: [], &apos;features&apos;: {}}, {&apos;type&apos;: &apos;text&apos;, &apos;bbox&apos;: (129.56, 232.147, 134.56, 245.627), &apos;color_space&apos;: &apos;DeviceGray&apos;, &apos;ncolor&apos;: None, &apos;size&apos;: 13.480000000000018, &apos;value&apos;: &apos;_&apos;, &apos;children&apos;: [], &apos;features&apos;: {}}, {&apos;type&apos;: &apos;text&apos;, &apos;bbox&apos;: (134.56, 232.147, 142.87, 245.627), &apos;color_space&apos;: &apos;DeviceGray&apos;, &apos;ncolor&apos;: None, &apos;size&apos;: 13.480000000000018, &apos;value&apos;: &apos;D&apos;, &apos;children&apos;: [], &apos;features&apos;: {}}, {&apos;type&apos;: &apos;text&apos;, &apos;bbox&apos;: (142.87, 232.147, 148.92000000000002, 245.627), &apos;color_space&apos;: &apos;DeviceGray&apos;, &apos;ncolor&apos;: None, &apos;size&apos;: 13.480000000000018, &apos;value&apos;: &apos;E&apos;, &apos;children&apos;: [], &apos;features&apos;: {}}, {&apos;type&apos;: &apos;text&apos;, &apos;bbox&apos;: (148.92000000000002, 232.147, 156.69000000000003, 245.627), &apos;color_space&apos;: &apos;DeviceGray&apos;, &apos;ncolor&apos;: None, &apos;size&apos;: 13.480000000000018, &apos;value&apos;: &apos;V&apos;, &apos;children&apos;: [], &apos;features&apos;: {}}, {&apos;type&apos;: &apos;text&apos;, &apos;bbox&apos;: (156.69, 232.147, 165.02, 245.627), &apos;color_space&apos;: &apos;DeviceGray&apos;, &apos;ncolor&apos;: None, &apos;size&apos;: 13.480000000000018, &apos;value&apos;: &apos;O&apos;, &apos;children&apos;: [], &apos;features&apos;: {}}, {&apos;type&apos;: &apos;text&apos;, &apos;bbox&apos;: (165.02, 232.147, 171.07000000000002, 245.627), &apos;color_space&apos;: &apos;DeviceGray&apos;, &apos;ncolor&apos;: None, &apos;size&apos;: 13.480000000000018, &apos;value&apos;: &apos;L&apos;, &apos;children&apos;: [], &apos;features&apos;: {}}, {&apos;type&apos;: &apos;text&apos;, &apos;bbox&apos;: (171.07, 232.147, 178.84, 245.627), &apos;color_space&apos;: &apos;DeviceGray&apos;, &apos;ncolor&apos;: None, &apos;size&apos;: 13.480000000000018, &apos;value&apos;: &apos;V&apos;, &apos;children&apos;: [], &apos;features&apos;: {}}, {&apos;type&apos;: &apos;text&apos;, &apos;bbox&apos;: (178.84, 232.147, 184.89000000000001, 245.627), &apos;color_space&apos;: &apos;DeviceGray&apos;, &apos;ncolor&apos;: None, &apos;size&apos;: 13.480000000000018, &apos;value&apos;: &apos;E&apos;, &apos;children&apos;: [], &apos;features&apos;: {}}, {&apos;type&apos;: &apos;text&apos;, &apos;bbox&apos;: (184.89, 232.147, 194.89, 245.627), &apos;color_space&apos;: &apos;DeviceGray&apos;, &apos;ncolor&apos;: None, &apos;size&apos;: 13.480000000000018, &apos;value&apos;: &apos;M&apos;, &apos;children&apos;: [], &apos;features&apos;: {}}, {&apos;type&apos;: &apos;text&apos;, &apos;bbox&apos;: (194.89, 232.147, 200.94, 245.627), &apos;color_space&apos;: &apos;DeviceGray&apos;, &apos;ncolor&apos;: None, &apos;size&apos;: 13.480000000000018, &apos;value&apos;: &apos;E&apos;, &apos;children&apos;: [], &apos;features&apos;: {}}, {&apos;type&apos;: &apos;text&apos;, &apos;bbox&apos;: (200.94, 232.147, 209.27, 245.627), &apos;color_space&apos;: &apos;DeviceGray&apos;, &apos;ncolor&apos;: None, &apos;size&apos;: 13.480000000000018, &apos;value&apos;: &apos;N&apos;, &apos;children&apos;: [], &apos;features&apos;: {}}, {&apos;type&apos;: &apos;text&apos;, &apos;bbox&apos;: (209.26999999999998, 232.147, 215.92999999999998, 245.627), &apos;color_space&apos;: &apos;DeviceGray&apos;, &apos;ncolor&apos;: None, &apos;size&apos;: 13.480000000000018, &apos;value&apos;: &apos;T&apos;, &apos;children&apos;: [], &apos;features&apos;: {}}, {&apos;type&apos;: &apos;text&apos;, &apos;bbox&apos;: (215.93, 232.147, 220.93, 245.627), &apos;color_space&apos;: &apos;DeviceGray&apos;, &apos;ncolor&apos;: None, &apos;size&apos;: 13.480000000000018, &apos;value&apos;: &apos;_&apos;, &apos;children&apos;: [], &apos;features&apos;: {}}, {&apos;type&apos;: &apos;text&apos;, &apos;bbox&apos;: (220.93, 232.147, 227.03, 245.627), &apos;color_space&apos;: &apos;DeviceGray&apos;, &apos;ncolor&apos;: None, &apos;size&apos;: 13.480000000000018, &apos;value&apos;: &apos;S&apos;, &apos;children&apos;: [], &apos;features&apos;: {}}, {&apos;type&apos;: &apos;text&apos;, &apos;bbox&apos;: (227.02999999999997, 232.147, 233.68999999999997, 245.627), &apos;color_space&apos;: &apos;DeviceGray&apos;, &apos;ncolor&apos;: None, &apos;size&apos;: 13.480000000000018, &apos;value&apos;: &apos;T&apos;, &apos;children&apos;: [], &apos;features&apos;: {}}, {&apos;type&apos;: &apos;text&apos;, &apos;bbox&apos;: (233.69, 232.147, 241.46, 245.627), &apos;color_space&apos;: &apos;DeviceGray&apos;, &apos;ncolor&apos;: None, &apos;size&apos;: 13.480000000000018, &apos;value&apos;: &apos;A&apos;, &apos;children&apos;: [], &apos;features&apos;: {}}, {&apos;type&apos;: &apos;text&apos;, &apos;bbox&apos;: (241.45999999999998, 232.147, 248.11999999999998, 245.627), &apos;color_space&apos;: &apos;DeviceGray&apos;, &apos;ncolor&apos;: None, &apos;size&apos;: 13.480000000000018, &apos;value&apos;: &apos;T&apos;, &apos;children&apos;: [], &apos;features&apos;: {}}, {&apos;type&apos;: &apos;text&apos;, &apos;bbox&apos;: (248.11999999999998, 232.147, 255.89, 245.627), &apos;color_space&apos;: &apos;DeviceGray&apos;, &apos;ncolor&apos;: None, &apos;size&apos;: 13.480000000000018, &apos;value&apos;: &apos;U&apos;, &apos;children&apos;: [], &apos;features&apos;: {}}, {&apos;type&apos;: &apos;text&apos;, &apos;bbox&apos;: (255.89, 232.147, 261.99, 245.627), &apos;color_space&apos;: &apos;DeviceGray&apos;, &apos;ncolor&apos;: None, &apos;size&apos;: 13.480000000000018, &apos;value&apos;: &apos;S&apos;, &apos;children&apos;: [], &apos;features&apos;: {}}, {&apos;type&apos;: &apos;text&apos;, &apos;bbox&apos;: (261.99, 232.147, 266.99, 245.627), &apos;color_space&apos;: &apos;DeviceGray&apos;, &apos;ncolor&apos;: None, &apos;size&apos;: 13.480000000000018, &apos;value&apos;: &apos;_&apos;, &apos;children&apos;: [], &apos;features&apos;: {}}, {&apos;type&apos;: &apos;text&apos;, &apos;bbox&apos;: (266.99, 232.147, 276.99, 245.627), &apos;color_space&apos;: &apos;DeviceGray&apos;, &apos;ncolor&apos;: None, &apos;size&apos;: 13.480000000000018, &apos;value&apos;: &apos;M&apos;, &apos;children&apos;: [], &apos;features&apos;: {}}, {&apos;type&apos;: &apos;text&apos;, &apos;bbox&apos;: (276.99, 232.147, 283.04, 245.627), &apos;color_space&apos;: &apos;DeviceGray&apos;, &apos;ncolor&apos;: None, &apos;size&apos;: 13.480000000000018, &apos;value&apos;: &apos;L&apos;, &apos;children&apos;: [], &apos;features&apos;: {}}, {&apos;type&apos;: &apos;text&apos;, &apos;bbox&apos;: (283.03999999999996, 232.147, 289.14, 245.627), &apos;color_space&apos;: &apos;DeviceGray&apos;, &apos;ncolor&apos;: None, &apos;size&apos;: 13.480000000000018, &apos;value&apos;: &apos;S&apos;, &apos;children&apos;: [], &apos;features&apos;: {}}, {&apos;type&apos;: &apos;text&apos;, &apos;bbox&apos;: (289.292, 232.878, 292.06199999999995, 246.168), &apos;color_space&apos;: &apos;DeviceGray&apos;, &apos;ncolor&apos;: None, &apos;size&apos;: 13.29000000000002, &apos;value&apos;: &apos;.&apos;, &apos;children&apos;: [], &apos;features&apos;: {}}, {&apos;type&apos;: &apos;text&apos;, &apos;bbox&apos;: (292.06199999999995, 232.878, 294.83199999999994, 246.168), &apos;color_space&apos;: &apos;DeviceGray&apos;, &apos;ncolor&apos;: None, &apos;size&apos;: 13.29000000000002, &apos;value&apos;: &apos;.&apos;, &apos;children&apos;: [], &apos;features&apos;: {}}, {&apos;type&apos;: &apos;text&apos;, &apos;bbox&apos;: (294.832, 232.878, 297.602, 246.168), &apos;color_space&apos;: &apos;DeviceGray&apos;, &apos;ncolor&apos;: None, &apos;size&apos;: 13.29000000000002, &apos;value&apos;: &apos;.&apos;, &apos;children&apos;: [], &apos;features&apos;: {}}, {&apos;type&apos;: &apos;text&apos;, &apos;bbox&apos;: (297.602, 232.878, 300.37199999999996, 246.168), &apos;color_space&apos;: &apos;DeviceGray&apos;, &apos;ncolor&apos;: None, &apos;size&apos;: 13.29000000000002, &apos;value&apos;: &apos;.&apos;, &apos;children&apos;: [], &apos;features&apos;: {}}, {&apos;type&apos;: &apos;text&apos;, &apos;bbox&apos;: (300.37199999999996, 232.878, 303.14199999999994, 246.168), &apos;color_space&apos;: &apos;DeviceGray&apos;, &apos;ncolor&apos;: None, &apos;size&apos;: 13.29000000000002, &apos;value&apos;: &apos;.&apos;, &apos;children&apos;: [], &apos;features&apos;: {}}, {&apos;type&apos;: &apos;text&apos;, &apos;bbox&apos;: (303.142, 232.878, 305.912, 246.168), &apos;color_space&apos;: &apos;DeviceGray&apos;, &apos;ncolor&apos;: None, &apos;size&apos;: 13.29000000000002, &apos;value&apos;: &apos;.&apos;, &apos;children&apos;: [], &apos;features&apos;: {}}, {&apos;type&apos;: &apos;text&apos;, &apos;bbox&apos;: (305.912, 232.878, 308.68199999999996, 246.168), &apos;color_space&apos;: &apos;DeviceGray&apos;, &apos;ncolor&apos;: None, &apos;size&apos;: 13.29000000000002, &apos;value&apos;: &apos;.&apos;, &apos;children&apos;: [], &apos;features&apos;: {}}, {&apos;type&apos;: &apos;text&apos;, &apos;bbox&apos;: (308.68199999999996, 232.878, 311.45199999999994, 246.168), &apos;color_space&apos;: &apos;DeviceGray&apos;, &apos;ncolor&apos;: None, &apos;size&apos;: 13.29000000000002, &apos;value&apos;: &apos;.&apos;, &apos;children&apos;: [], &apos;features&apos;: {}}, {&apos;type&apos;: &apos;text&apos;, &apos;bbox&apos;: (311.452, 232.878, 314.222, 246.168), &apos;color_space&apos;: &apos;DeviceGray&apos;, &apos;ncolor&apos;: None, &apos;size&apos;: 13.29000000000002, &apos;value&apos;: &apos;.&apos;, &apos;children&apos;: [], &apos;features&apos;: {}}, {&apos;type&apos;: &apos;text&apos;, &apos;bbox&apos;: (314.222, 232.878, 316.99199999999996, 246.168), &apos;color_space&apos;: &apos;DeviceGray&apos;, &apos;ncolor&apos;: None, &apos;size&apos;: 13.29000000000002, &apos;value&apos;: &apos;.&apos;, &apos;children&apos;: [], &apos;features&apos;: {}}, {&apos;type&apos;: &apos;text&apos;, &apos;bbox&apos;: (316.99199999999996, 232.878, 319.76199999999994, 246.168), &apos;color_space&apos;: &apos;DeviceGray&apos;, &apos;ncolor&apos;: None, &apos;size&apos;: 13.29000000000002, &apos;value&apos;: &apos;.&apos;, &apos;children&apos;: [], &apos;features&apos;: {}}, {&apos;type&apos;: &apos;text&apos;, &apos;bbox&apos;: (319.76199999999994, 232.878, 322.5319999999999, 246.168), &apos;color_space&apos;: &apos;DeviceGray&apos;, &apos;ncolor&apos;: None, &apos;size&apos;: 13.29000000000002, &apos;value&apos;: &apos;.&apos;, &apos;children&apos;: [], &apos;features&apos;: {}}, {&apos;type&apos;: &apos;text&apos;, &apos;bbox&apos;: (322.532, 232.878, 325.30199999999996, 246.168), &apos;color_space&apos;: &apos;DeviceGray&apos;, &apos;ncolor&apos;: None, &apos;size&apos;: 13.29000000000002, &apos;value&apos;: &apos;.&apos;, &apos;children&apos;: [], &apos;features&apos;: {}}, {&apos;type&apos;: &apos;text&apos;, &apos;bbox&apos;: (325.30199999999996, 232.878, 328.07199999999995, 246.168), &apos;color_space&apos;: &apos;DeviceGray&apos;, &apos;ncolor&apos;: None, &apos;size&apos;: 13.29000000000002, &apos;value&apos;: &apos;.&apos;, &apos;children&apos;: [], &apos;features&apos;: {}}, {&apos;type&apos;: &apos;text&apos;, &apos;bbox&apos;: (328.072, 232.878, 330.842, 246.168), &apos;color_space&apos;: &apos;DeviceGray&apos;, &apos;ncolor&apos;: None, &apos;size&apos;: 13.29000000000002, &apos;value&apos;: &apos;.&apos;, &apos;children&apos;: [], &apos;features&apos;: {}}, {&apos;type&apos;: &apos;text&apos;, &apos;bbox&apos;: (330.842, 232.878, 333.61199999999997, 246.168), &apos;color_space&apos;: &apos;DeviceGray&apos;, &apos;ncolor&apos;: None, &apos;size&apos;: 13.29000000000002, &apos;value&apos;: &apos;.&apos;, &apos;children&apos;: [], &apos;features&apos;: {}}, {&apos;type&apos;: &apos;text&apos;, &apos;bbox&apos;: (333.61199999999997, 232.878, 336.38199999999995, 246.168), &apos;color_space&apos;: &apos;DeviceGray&apos;, &apos;ncolor&apos;: None, &apos;size&apos;: 13.29000000000002, &apos;value&apos;: &apos;.&apos;, &apos;children&apos;: [], &apos;features&apos;: {}}, {&apos;type&apos;: &apos;text&apos;, &apos;bbox&apos;: (336.382, 232.878, 339.152, 246.168), &apos;color_space&apos;: &apos;DeviceGray&apos;, &apos;ncolor&apos;: None, &apos;size&apos;: 13.29000000000002, &apos;value&apos;: &apos;.&apos;, &apos;children&apos;: [], &apos;features&apos;: {}}, {&apos;type&apos;: &apos;text&apos;, &apos;bbox&apos;: (339.152, 232.878, 341.92199999999997, 246.168), &apos;color_space&apos;: &apos;DeviceGray&apos;, &apos;ncolor&apos;: None, &apos;size&apos;: 13.29000000000002, &apos;value&apos;: &apos;.&apos;, &apos;children&apos;: [], &apos;features&apos;: {}}, {&apos;type&apos;: &apos;text&apos;, &apos;bbox&apos;: (341.922, 232.878, 344.692, 246.168), &apos;color_space&apos;: &apos;DeviceGray&apos;, &apos;ncolor&apos;: None, &apos;size&apos;: 13.29000000000002, &apos;value&apos;: &apos;.&apos;, &apos;children&apos;: [], &apos;features&apos;: {}}, {&apos;type&apos;: &apos;text&apos;, &apos;bbox&apos;: (344.692, 232.878, 347.462, 246.168), &apos;color_space&apos;: &apos;DeviceGray&apos;, &apos;ncolor&apos;: None, &apos;size&apos;: 13.29000000000002, &apos;value&apos;: &apos;.&apos;, &apos;children&apos;: [], &apos;features&apos;: {}}, {&apos;type&apos;: &apos;text&apos;, &apos;bbox&apos;: (347.462, 232.878, 350.23199999999997, 246.168), &apos;color_space&apos;: &apos;DeviceGray&apos;, &apos;ncolor&apos;: None, &apos;size&apos;: 13.29000000000002, &apos;value&apos;: &apos;.&apos;, &apos;children&apos;: [], &apos;features&apos;: {}}, {&apos;type&apos;: &apos;text&apos;, &apos;bbox&apos;: (350.232, 232.878, 353.002, 246.168), &apos;color_space&apos;: &apos;DeviceGray&apos;, &apos;ncolor&apos;: None, &apos;size&apos;: 13.29000000000002, &apos;value&apos;: &apos;.&apos;, &apos;children&apos;: [], &apos;features&apos;: {}}, {&apos;type&apos;: &apos;text&apos;, &apos;bbox&apos;: (353.002, 232.878, 355.772, 246.168), &apos;color_space&apos;: &apos;DeviceGray&apos;, &apos;ncolor&apos;: None, &apos;size&apos;: 13.29000000000002, &apos;value&apos;: &apos;.&apos;, &apos;children&apos;: [], &apos;features&apos;: {}}, {&apos;type&apos;: &apos;text&apos;, &apos;bbox&apos;: (355.772, 232.878, 358.542, 246.168), &apos;color_space&apos;: &apos;DeviceGray&apos;, &apos;ncolor&apos;: None, &apos;size&apos;: 13.29000000000002, &apos;value&apos;: &apos;.&apos;, &apos;children&apos;: [], &apos;features&apos;: {}}, {&apos;type&apos;: &apos;text&apos;, &apos;bbox&apos;: (358.54200000000003, 232.878, 361.312, 246.168), &apos;color_space&apos;: &apos;DeviceGray&apos;, &apos;ncolor&apos;: None, &apos;size&apos;: 13.29000000000002, &apos;value&apos;: &apos;.&apos;, &apos;children&apos;: [], &apos;features&apos;: {}}, {&apos;type&apos;: &apos;text&apos;, &apos;bbox&apos;: (361.312, 232.878, 364.082, 246.168), &apos;color_space&apos;: &apos;DeviceGray&apos;, &apos;ncolor&apos;: None, &apos;size&apos;: 13.29000000000002, &apos;value&apos;: &apos;.&apos;, &apos;children&apos;: [], &apos;features&apos;: {}}, {&apos;type&apos;: &apos;text&apos;, &apos;bbox&apos;: (364.082, 232.878, 366.852, 246.168), &apos;color_space&apos;: &apos;DeviceGray&apos;, &apos;ncolor&apos;: None, &apos;size&apos;: 13.29000000000002, &apos;value&apos;: &apos;.&apos;, &apos;children&apos;: [], &apos;features&apos;: {}}, {&apos;type&apos;: &apos;text&apos;, &apos;bbox&apos;: (366.852, 232.878, 369.62199999999996, 246.168), &apos;color_space&apos;: &apos;DeviceGray&apos;, &apos;ncolor&apos;: None, &apos;size&apos;: 13.29000000000002, &apos;value&apos;: &apos;.&apos;, &apos;children&apos;: [], &apos;features&apos;: {}}, {&apos;type&apos;: &apos;text&apos;, &apos;bbox&apos;: (369.62199999999996, 232.878, 372.39199999999994, 246.168), &apos;color_space&apos;: &apos;DeviceGray&apos;, &apos;ncolor&apos;: None, &apos;size&apos;: 13.29000000000002, &apos;value&apos;: &apos;.&apos;, &apos;children&apos;: [], &apos;features&apos;: {}}, {&apos;type&apos;: &apos;text&apos;, &apos;bbox&apos;: (372.392, 232.878, 375.162, 246.168), &apos;color_space&apos;: &apos;DeviceGray&apos;, &apos;ncolor&apos;: None, &apos;size&apos;: 13.29000000000002, &apos;value&apos;: &apos;.&apos;, &apos;children&apos;: [], &apos;features&apos;: {}}, {&apos;type&apos;: &apos;text&apos;, &apos;bbox&apos;: (375.162, 232.878, 377.93199999999996, 246.168), &apos;color_space&apos;: &apos;DeviceGray&apos;, &apos;ncolor&apos;: None, &apos;size&apos;: 13.29000000000002, &apos;value&apos;: &apos;.&apos;, &apos;children&apos;: [], &apos;features&apos;: {}}, {&apos;type&apos;: &apos;text&apos;, &apos;bbox&apos;: (377.93199999999996, 232.878, 380.70199999999994, 246.168), &apos;color_space&apos;: &apos;DeviceGray&apos;, &apos;ncolor&apos;: None, &apos;size&apos;: 13.29000000000002, &apos;value&apos;: &apos;.&apos;, &apos;children&apos;: [], &apos;features&apos;: {}}, {&apos;type&apos;: &apos;text&apos;, &apos;bbox&apos;: (380.702, 232.878, 383.472, 246.168), &apos;color_space&apos;: &apos;DeviceGray&apos;, &apos;ncolor&apos;: None, &apos;size&apos;: 13.29000000000002, &apos;value&apos;: &apos;.&apos;, &apos;children&apos;: [], &apos;features&apos;: {}}, {&apos;type&apos;: &apos;text&apos;, &apos;bbox&apos;: (383.472, 232.878, 386.24199999999996, 246.168), &apos;color_space&apos;: &apos;DeviceGray&apos;, &apos;ncolor&apos;: None, &apos;size&apos;: 13.29000000000002, &apos;value&apos;: &apos;.&apos;, &apos;children&apos;: [], &apos;features&apos;: {}}, {&apos;type&apos;: &apos;text&apos;, &apos;bbox&apos;: (386.24199999999996, 232.878, 389.01199999999994, 246.168), &apos;color_space&apos;: &apos;DeviceGray&apos;, &apos;ncolor&apos;: None, &apos;size&apos;: 13.29000000000002, &apos;value&apos;: &apos;.&apos;, &apos;children&apos;: [], &apos;features&apos;: {}}, {&apos;type&apos;: &apos;text&apos;, &apos;bbox&apos;: (389.01199999999994, 232.878, 391.7819999999999, 246.168), &apos;color_space&apos;: &apos;DeviceGray&apos;, &apos;ncolor&apos;: None, &apos;size&apos;: 13.29000000000002, &apos;value&apos;: &apos;.&apos;, &apos;children&apos;: [], &apos;features&apos;: {}}, {&apos;type&apos;: &apos;text&apos;, &apos;bbox&apos;: (391.7819999999999, 232.878, 394.5519999999999, 246.168), &apos;color_space&apos;: &apos;DeviceGray&apos;, &apos;ncolor&apos;: None, &apos;size&apos;: 13.29000000000002, &apos;value&apos;: &apos;.&apos;, &apos;children&apos;: [], &apos;features&apos;: {}}, {&apos;type&apos;: &apos;text&apos;, &apos;bbox&apos;: (394.55199999999996, 232.878, 397.32199999999995, 246.168), &apos;color_space&apos;: &apos;DeviceGray&apos;, &apos;ncolor&apos;: None, &apos;size&apos;: 13.29000000000002, &apos;value&apos;: &apos;.&apos;, &apos;children&apos;: [], &apos;features&apos;: {}}, {&apos;type&apos;: &apos;text&apos;, &apos;bbox&apos;: (397.32199999999995, 232.878, 400.0919999999999, 246.168), &apos;color_space&apos;: &apos;DeviceGray&apos;, &apos;ncolor&apos;: None, &apos;size&apos;: 13.29000000000002, &apos;value&apos;: &apos;.&apos;, &apos;children&apos;: [], &apos;features&apos;: {}}, {&apos;type&apos;: &apos;text&apos;, &apos;bbox&apos;: (400.0919999999999, 232.878, 402.8619999999999, 246.168), &apos;color_space&apos;: &apos;DeviceGray&apos;, &apos;ncolor&apos;: None, &apos;size&apos;: 13.29000000000002, &apos;value&apos;: &apos;.&apos;, &apos;children&apos;: [], &apos;features&apos;: {}}, {&apos;type&apos;: &apos;text&apos;, &apos;bbox&apos;: (402.86199999999997, 232.878, 405.63199999999995, 246.168), &apos;color_space&apos;: &apos;DeviceGray&apos;, &apos;ncolor&apos;: None, &apos;size&apos;: 13.29000000000002, &apos;value&apos;: &apos;.&apos;, &apos;children&apos;: [], &apos;features&apos;: {}}, {&apos;type&apos;: &apos;text&apos;, &apos;bbox&apos;: (405.63199999999995, 232.878, 408.40199999999993, 246.168), &apos;color_space&apos;: &apos;DeviceGray&apos;, &apos;ncolor&apos;: None, &apos;size&apos;: 13.29000000000002, &apos;value&apos;: &apos;.&apos;, &apos;children&apos;: [], &apos;features&apos;: {}}, {&apos;type&apos;: &apos;text&apos;, &apos;bbox&apos;: (408.40199999999993, 232.878, 411.1719999999999, 246.168), &apos;color_space&apos;: &apos;DeviceGray&apos;, &apos;ncolor&apos;: None, &apos;size&apos;: 13.29000000000002, &apos;value&apos;: &apos;.&apos;, &apos;children&apos;: [], &apos;features&apos;: {}}, {&apos;type&apos;: &apos;text&apos;, &apos;bbox&apos;: (411.1719999999999, 232.878, 413.9419999999999, 246.168), &apos;color_space&apos;: &apos;DeviceGray&apos;, &apos;ncolor&apos;: None, &apos;size&apos;: 13.29000000000002, &apos;value&apos;: &apos;.&apos;, &apos;children&apos;: [], &apos;features&apos;: {}}, {&apos;type&apos;: &apos;text&apos;, &apos;bbox&apos;: (413.9419999999999, 232.878, 416.7119999999999, 246.168), &apos;color_space&apos;: &apos;DeviceGray&apos;, &apos;ncolor&apos;: None, &apos;size&apos;: 13.29000000000002, &apos;value&apos;: &apos;.&apos;, &apos;children&apos;: [], &apos;features&apos;: {}}, {&apos;type&apos;: &apos;text&apos;, &apos;bbox&apos;: (416.71199999999993, 232.878, 419.4819999999999, 246.168), &apos;color_space&apos;: &apos;DeviceGray&apos;, &apos;ncolor&apos;: None, &apos;size&apos;: 13.29000000000002, &apos;value&apos;: &apos;.&apos;, &apos;children&apos;: [], &apos;features&apos;: {}}, {&apos;type&apos;: &apos;text&apos;, &apos;bbox&apos;: (419.4819999999999, 232.878, 422.2519999999999, 246.168), &apos;color_space&apos;: &apos;DeviceGray&apos;, &apos;ncolor&apos;: None, &apos;size&apos;: 13.29000000000002, &apos;value&apos;: &apos;.&apos;, &apos;children&apos;: [], &apos;features&apos;: {}}, {&apos;type&apos;: &apos;text&apos;, &apos;bbox&apos;: (422.25199999999995, 232.878, 425.02199999999993, 246.168), &apos;color_space&apos;: &apos;DeviceGray&apos;, &apos;ncolor&apos;: None, &apos;size&apos;: 13.29000000000002, &apos;value&apos;: &apos;.&apos;, &apos;children&apos;: [], &apos;features&apos;: {}}, {&apos;type&apos;: &apos;text&apos;, &apos;bbox&apos;: (425.02199999999993, 232.878, 427.7919999999999, 246.168), &apos;color_space&apos;: &apos;DeviceGray&apos;, &apos;ncolor&apos;: None, &apos;size&apos;: 13.29000000000002, &apos;value&apos;: &apos;.&apos;, &apos;children&apos;: [], &apos;features&apos;: {}}, {&apos;type&apos;: &apos;text&apos;, &apos;bbox&apos;: (427.7919999999999, 232.878, 430.5619999999999, 246.168), &apos;color_space&apos;: &apos;DeviceGray&apos;, &apos;ncolor&apos;: None, &apos;size&apos;: 13.29000000000002, &apos;value&apos;: &apos;.&apos;, &apos;children&apos;: [], &apos;features&apos;: {}}, {&apos;type&apos;: &apos;text&apos;, &apos;bbox&apos;: (430.56199999999995, 232.878, 433.33199999999994, 246.168), &apos;color_space&apos;: &apos;DeviceGray&apos;, &apos;ncolor&apos;: None, &apos;size&apos;: 13.29000000000002, &apos;value&apos;: &apos;.&apos;, &apos;children&apos;: [], &apos;features&apos;: {}}, {&apos;type&apos;: &apos;text&apos;, &apos;bbox&apos;: (433.332, 232.878, 436.102, 246.168), &apos;color_space&apos;: &apos;DeviceGray&apos;, &apos;ncolor&apos;: None, &apos;size&apos;: 13.29000000000002, &apos;value&apos;: &apos;.&apos;, &apos;children&apos;: [], &apos;features&apos;: {}}, {&apos;type&apos;: &apos;text&apos;, &apos;bbox&apos;: (436.102, 232.878, 438.87199999999996, 246.168), &apos;color_space&apos;: &apos;DeviceGray&apos;, &apos;ncolor&apos;: None, &apos;size&apos;: 13.29000000000002, &apos;value&apos;: &apos;.&apos;, &apos;children&apos;: [], &apos;features&apos;: {}}, {&apos;type&apos;: &apos;text&apos;, &apos;bbox&apos;: (438.87199999999996, 232.878, 441.64199999999994, 246.168), &apos;color_space&apos;: &apos;DeviceGray&apos;, &apos;ncolor&apos;: None, &apos;size&apos;: 13.29000000000002, &apos;value&apos;: &apos;.&apos;, &apos;children&apos;: [], &apos;features&apos;: {}}, {&apos;type&apos;: &apos;text&apos;, &apos;bbox&apos;: (441.642, 232.878, 444.412, 246.168), &apos;color_space&apos;: &apos;DeviceGray&apos;, &apos;ncolor&apos;: None, &apos;size&apos;: 13.29000000000002, &apos;value&apos;: &apos;.&apos;, &apos;children&apos;: [], &apos;features&apos;: {}}, {&apos;type&apos;: &apos;text&apos;, &apos;bbox&apos;: (444.41200000000003, 232.878, 447.182, 246.168), &apos;color_space&apos;: &apos;DeviceGray&apos;, &apos;ncolor&apos;: None, &apos;size&apos;: 13.29000000000002, &apos;value&apos;: &apos;.&apos;, &apos;children&apos;: [], &apos;features&apos;: {}}, {&apos;type&apos;: &apos;text&apos;, &apos;bbox&apos;: (447.182, 232.878, 449.952, 246.168), &apos;color_space&apos;: &apos;DeviceGray&apos;, &apos;ncolor&apos;: None, &apos;size&apos;: 13.29000000000002, &apos;value&apos;: &apos;.&apos;, &apos;children&apos;: [], &apos;features&apos;: {}}, {&apos;type&apos;: &apos;text&apos;, &apos;bbox&apos;: (449.952, 232.878, 452.722, 246.168), &apos;color_space&apos;: &apos;DeviceGray&apos;, &apos;ncolor&apos;: None, &apos;size&apos;: 13.29000000000002, &apos;value&apos;: &apos;.&apos;, &apos;children&apos;: [], &apos;features&apos;: {}}, {&apos;type&apos;: &apos;text&apos;, &apos;bbox&apos;: (452.72200000000004, 232.878, 455.492, 246.168), &apos;color_space&apos;: &apos;DeviceGray&apos;, &apos;ncolor&apos;: None, &apos;size&apos;: 13.29000000000002, &apos;value&apos;: &apos;.&apos;, &apos;children&apos;: [], &apos;features&apos;: {}}, {&apos;type&apos;: &apos;text&apos;, &apos;bbox&apos;: (455.4920000000001, 232.878, 458.26200000000006, 246.168), &apos;color_space&apos;: &apos;DeviceGray&apos;, &apos;ncolor&apos;: None, &apos;size&apos;: 13.29000000000002, &apos;value&apos;: &apos;.&apos;, &apos;children&apos;: [], &apos;features&apos;: {}}, {&apos;type&apos;: &apos;text&apos;, &apos;bbox&apos;: (458.26200000000006, 232.878, 461.03200000000004, 246.168), &apos;color_space&apos;: &apos;DeviceGray&apos;, &apos;ncolor&apos;: None, &apos;size&apos;: 13.29000000000002, &apos;value&apos;: &apos;.&apos;, &apos;children&apos;: [], &apos;features&apos;: {}}, {&apos;type&apos;: &apos;text&apos;, &apos;bbox&apos;: (461.03200000000004, 232.878, 463.802, 246.168), &apos;color_space&apos;: &apos;DeviceGray&apos;, &apos;ncolor&apos;: None, &apos;size&apos;: 13.29000000000002, &apos;value&apos;: &apos;.&apos;, &apos;children&apos;: [], &apos;features&apos;: {}}, {&apos;type&apos;: &apos;text&apos;, &apos;bbox&apos;: (463.8020000000001, 232.878, 466.57200000000006, 246.168), &apos;color_space&apos;: &apos;DeviceGray&apos;, &apos;ncolor&apos;: None, &apos;size&apos;: 13.29000000000002, &apos;value&apos;: &apos;.&apos;, &apos;children&apos;: [], &apos;features&apos;: {}}, {&apos;type&apos;: &apos;text&apos;, &apos;bbox&apos;: (466.5720000000001, 232.878, 469.3420000000001, 246.168), &apos;color_space&apos;: &apos;DeviceGray&apos;, &apos;ncolor&apos;: None, &apos;size&apos;: 13.29000000000002, &apos;value&apos;: &apos;.&apos;, &apos;children&apos;: [], &apos;features&apos;: {}}, {&apos;type&apos;: &apos;text&apos;, &apos;bbox&apos;: (469.3420000000001, 232.878, 472.1120000000001, 246.168), &apos;color_space&apos;: &apos;DeviceGray&apos;, &apos;ncolor&apos;: None, &apos;size&apos;: 13.29000000000002, &apos;value&apos;: &apos;.&apos;, &apos;children&apos;: [], &apos;features&apos;: {}}, {&apos;type&apos;: &apos;text&apos;, &apos;bbox&apos;: (472.1120000000001, 232.878, 474.88200000000006, 246.168), &apos;color_space&apos;: &apos;DeviceGray&apos;, &apos;ncolor&apos;: None, &apos;size&apos;: 13.29000000000002, &apos;value&apos;: &apos;.&apos;, &apos;children&apos;: [], &apos;features&apos;: {}}, {&apos;type&apos;: &apos;text&apos;, &apos;bbox&apos;: (474.8820000000001, 232.878, 477.6520000000001, 246.168), &apos;color_space&apos;: &apos;DeviceGray&apos;, &apos;ncolor&apos;: None, &apos;size&apos;: 13.29000000000002, &apos;value&apos;: &apos;.&apos;, &apos;children&apos;: [], &apos;features&apos;: {}}, {&apos;type&apos;: &apos;text&apos;, &apos;bbox&apos;: (477.65200000000016, 232.878, 480.42200000000014, 246.168), &apos;color_space&apos;: &apos;DeviceGray&apos;, &apos;ncolor&apos;: None, &apos;size&apos;: 13.29000000000002, &apos;value&apos;: &apos;.&apos;, &apos;children&apos;: [], &apos;features&apos;: {}}, {&apos;type&apos;: &apos;text&apos;, &apos;bbox&apos;: (480.42200000000014, 232.878, 483.1920000000001, 246.168), &apos;color_space&apos;: &apos;DeviceGray&apos;, &apos;ncolor&apos;: None, &apos;size&apos;: 13.29000000000002, &apos;value&apos;: &apos;.&apos;, &apos;children&apos;: [], &apos;features&apos;: {}}, {&apos;type&apos;: &apos;text&apos;, &apos;bbox&apos;: (483.1920000000001, 232.878, 485.9620000000001, 246.168), &apos;color_space&apos;: &apos;DeviceGray&apos;, &apos;ncolor&apos;: None, &apos;size&apos;: 13.29000000000002, &apos;value&apos;: &apos;.&apos;, &apos;children&apos;: [], &apos;features&apos;: {}}, {&apos;type&apos;: &apos;text&apos;, &apos;bbox&apos;: (485.96200000000016, 232.878, 488.73200000000014, 246.168), &apos;color_space&apos;: &apos;DeviceGray&apos;, &apos;ncolor&apos;: None, &apos;size&apos;: 13.29000000000002, &apos;value&apos;: &apos;.&apos;, &apos;children&apos;: [], &apos;features&apos;: {}}, {&apos;type&apos;: &apos;text&apos;, &apos;bbox&apos;: (488.7320000000002, 232.878, 491.5020000000002, 246.168), &apos;color_space&apos;: &apos;DeviceGray&apos;, &apos;ncolor&apos;: None, &apos;size&apos;: 13.29000000000002, &apos;value&apos;: &apos;.&apos;, &apos;children&apos;: [], &apos;features&apos;: {}}, {&apos;type&apos;: &apos;text&apos;, &apos;bbox&apos;: (491.5020000000002, 232.878, 494.27200000000016, 246.168), &apos;color_space&apos;: &apos;DeviceGray&apos;, &apos;ncolor&apos;: None, &apos;size&apos;: 13.29000000000002, &apos;value&apos;: &apos;.&apos;, &apos;children&apos;: [], &apos;features&apos;: {}}, {&apos;type&apos;: &apos;text&apos;, &apos;bbox&apos;: (494.27200000000016, 232.878, 497.04200000000014, 246.168), &apos;color_space&apos;: &apos;DeviceGray&apos;, &apos;ncolor&apos;: None, &apos;size&apos;: 13.29000000000002, &apos;value&apos;: &apos;.&apos;, &apos;children&apos;: [], &apos;features&apos;: {}}, {&apos;type&apos;: &apos;text&apos;, &apos;bbox&apos;: (497.0420000000002, 232.878, 499.8120000000002, 246.168), &apos;color_space&apos;: &apos;DeviceGray&apos;, &apos;ncolor&apos;: None, &apos;size&apos;: 13.29000000000002, &apos;value&apos;: &apos;.&apos;, &apos;children&apos;: [], &apos;features&apos;: {}}, {&apos;type&apos;: &apos;text&apos;, &apos;bbox&apos;: (499.81200000000024, 232.878, 502.5820000000002, 246.168), &apos;color_space&apos;: &apos;DeviceGray&apos;, &apos;ncolor&apos;: None, &apos;size&apos;: 13.29000000000002, &apos;value&apos;: &apos;.&apos;, &apos;children&apos;: [], &apos;features&apos;: {}}, {&apos;type&apos;: &apos;text&apos;, &apos;bbox&apos;: (502.5820000000002, 232.878, 505.3520000000002, 246.168), &apos;color_space&apos;: &apos;DeviceGray&apos;, &apos;ncolor&apos;: None, &apos;size&apos;: 13.29000000000002, &apos;value&apos;: &apos;.&apos;, &apos;children&apos;: [], &apos;features&apos;: {}}, {&apos;type&apos;: &apos;text&apos;, &apos;bbox&apos;: (505.3520000000002, 232.878, 508.1220000000002, 246.168), &apos;color_space&apos;: &apos;DeviceGray&apos;, &apos;ncolor&apos;: None, &apos;size&apos;: 13.29000000000002, &apos;value&apos;: &apos;.&apos;, &apos;children&apos;: [], &apos;features&apos;: {}}, {&apos;type&apos;: &apos;text&apos;, &apos;bbox&apos;: (508.12200000000024, 232.878, 510.8920000000002, 246.168), &apos;color_space&apos;: &apos;DeviceGray&apos;, &apos;ncolor&apos;: None, &apos;size&apos;: 13.29000000000002, &apos;value&apos;: &apos;.&apos;, &apos;children&apos;: [], &apos;features&apos;: {}}, {&apos;type&apos;: &apos;text&apos;, &apos;bbox&apos;: (510.8920000000003, 232.878, 513.6620000000003, 246.168), &apos;color_space&apos;: &apos;DeviceGray&apos;, &apos;ncolor&apos;: None, &apos;size&apos;: 13.29000000000002, &apos;value&apos;: &apos;.&apos;, &apos;children&apos;: [], &apos;features&apos;: {}}, {&apos;type&apos;: &apos;text&apos;, &apos;bbox&apos;: (513.6620000000003, 232.878, 516.4320000000002, 246.168), &apos;color_space&apos;: &apos;DeviceGray&apos;, &apos;ncolor&apos;: None, &apos;size&apos;: 13.29000000000002, &apos;value&apos;: &apos;.&apos;, &apos;children&apos;: [], &apos;features&apos;: {}}, {&apos;type&apos;: &apos;text&apos;, &apos;bbox&apos;: (516.4320000000002, 232.878, 519.2020000000002, 246.168), &apos;color_space&apos;: &apos;DeviceGray&apos;, &apos;ncolor&apos;: None, &apos;size&apos;: 13.29000000000002, &apos;value&apos;: &apos;.&apos;, &apos;children&apos;: [], &apos;features&apos;: {}}, {&apos;type&apos;: &apos;text&apos;, &apos;bbox&apos;: (519.2020000000002, 232.878, 521.9720000000002, 246.168), &apos;color_space&apos;: &apos;DeviceGray&apos;, &apos;ncolor&apos;: None, &apos;size&apos;: 13.29000000000002, &apos;value&apos;: &apos;.&apos;, &apos;children&apos;: [], &apos;features&apos;: {}}, {&apos;type&apos;: &apos;text&apos;, &apos;bbox&apos;: (521.9720000000003, 232.878, 524.7420000000003, 246.168), &apos;color_space&apos;: &apos;DeviceGray&apos;, &apos;ncolor&apos;: None, &apos;size&apos;: 13.29000000000002, &apos;value&apos;: &apos;.&apos;, &apos;children&apos;: [], &apos;features&apos;: {}}, {&apos;type&apos;: &apos;text&apos;, &apos;bbox&apos;: (525.548, 232.878, 531.108, 246.168), &apos;color_space&apos;: &apos;DeviceGray&apos;, &apos;ncolor&apos;: None, &apos;size&apos;: 13.29000000000002, &apos;value&apos;: &apos;9&apos;, &apos;children&apos;: [], &apos;features&apos;: {}}, {&apos;type&apos;: &apos;text&apos;, &apos;bbox&apos;: (531.108, 232.878, 534.438, 246.168), &apos;color_space&apos;: &apos;DeviceGray&apos;, &apos;ncolor&apos;: None, &apos;size&apos;: 13.29000000000002, &apos;value&apos;: &apos;-&apos;, &apos;children&apos;: [], &apos;features&apos;: {}}, {&apos;type&apos;: &apos;text&apos;, &apos;bbox&apos;: (534.439, 232.878, 539.9989999999999, 246.168), &apos;color_space&apos;: &apos;DeviceGray&apos;, &apos;ncolor&apos;: None, &apos;size&apos;: 13.29000000000002, &apos;value&apos;: &apos;5&apos;, &apos;children&apos;: [], &apos;features&apos;: {}}], &apos;features&apos;: {}}
*********************





--------------------------------- CONTENT AREA --------------------------------- 
This content area has an image
{&apos;type&apos;: &apos;figure&apos;, &apos;bbox&apos;: (0, 0, 612.0, 792.0), &apos;name&apos;: &apos;fx74&apos;, &apos;children&apos;: [{&apos;type&apos;: &apos;text&apos;, &apos;bbox&apos;: (114.0, 216.656, 119.57, 230.13600000000002), &apos;color_space&apos;: &apos;DeviceGray&apos;, &apos;ncolor&apos;: None, &apos;size&apos;: 13.480000000000018, &apos;value&apos;: &apos;F&apos;, &apos;children&apos;: [], &apos;features&apos;: {}}, {&apos;type&apos;: &apos;text&apos;, &apos;bbox&apos;: (119.57, 216.656, 125.66999999999999, 230.13600000000002), &apos;color_space&apos;: &apos;DeviceGray&apos;, &apos;ncolor&apos;: None, &apos;size&apos;: 13.480000000000018, &apos;value&apos;: &apos;S&apos;, &apos;children&apos;: [], &apos;features&apos;: {}}, {&apos;type&apos;: &apos;text&apos;, &apos;bbox&apos;: (125.67, 216.656, 129.56, 230.13600000000002), &apos;color_space&apos;: &apos;DeviceGray&apos;, &apos;ncolor&apos;: None, &apos;size&apos;: 13.480000000000018, &apos;value&apos;: &apos;I&apos;, &apos;children&apos;: [], &apos;features&apos;: {}}, {&apos;type&apos;: &apos;text&apos;, &apos;bbox&apos;: (129.56, 216.656, 134.56, 230.13600000000002), &apos;color_space&apos;: &apos;DeviceGray&apos;, &apos;ncolor&apos;: None, &apos;size&apos;: 13.480000000000018, &apos;value&apos;: &apos;_&apos;, &apos;children&apos;: [], &apos;features&apos;: {}}, {&apos;type&apos;: &apos;text&apos;, &apos;bbox&apos;: (134.56, 216.656, 138.45, 230.13600000000002), &apos;color_space&apos;: &apos;DeviceGray&apos;, &apos;ncolor&apos;: None, &apos;size&apos;: 13.480000000000018, &apos;value&apos;: &apos;I&apos;, &apos;children&apos;: [], &apos;features&apos;: {}}, {&apos;type&apos;: &apos;text&apos;, &apos;bbox&apos;: (138.45, 216.656, 146.78, 230.13600000000002), &apos;color_space&apos;: &apos;DeviceGray&apos;, &apos;ncolor&apos;: None, &apos;size&apos;: 13.480000000000018, &apos;value&apos;: &apos;N&apos;, &apos;children&apos;: [], &apos;features&apos;: {}}, {&apos;type&apos;: &apos;text&apos;, &apos;bbox&apos;: (146.78, 216.656, 153.44, 230.13600000000002), &apos;color_space&apos;: &apos;DeviceGray&apos;, &apos;ncolor&apos;: None, &apos;size&apos;: 13.480000000000018, &apos;value&apos;: &apos;T&apos;, &apos;children&apos;: [], &apos;features&apos;: {}}, {&apos;type&apos;: &apos;text&apos;, &apos;bbox&apos;: (153.44, 216.656, 159.49, 230.13600000000002), &apos;color_space&apos;: &apos;DeviceGray&apos;, &apos;ncolor&apos;: None, &apos;size&apos;: 13.480000000000018, &apos;value&apos;: &apos;E&apos;, &apos;children&apos;: [], &apos;features&apos;: {}}, {&apos;type&apos;: &apos;text&apos;, &apos;bbox&apos;: (159.49, 216.656, 166.62, 230.13600000000002), &apos;color_space&apos;: &apos;DeviceGray&apos;, &apos;ncolor&apos;: None, &apos;size&apos;: 13.480000000000018, &apos;value&apos;: &apos;R&apos;, &apos;children&apos;: [], &apos;features&apos;: {}}, {&apos;type&apos;: &apos;text&apos;, &apos;bbox&apos;: (166.62, 216.656, 172.67000000000002, 230.13600000000002), &apos;color_space&apos;: &apos;DeviceGray&apos;, &apos;ncolor&apos;: None, &apos;size&apos;: 13.480000000000018, &apos;value&apos;: &apos;E&apos;, &apos;children&apos;: [], &apos;features&apos;: {}}, {&apos;type&apos;: &apos;text&apos;, &apos;bbox&apos;: (172.67, 216.656, 178.76999999999998, 230.13600000000002), &apos;color_space&apos;: &apos;DeviceGray&apos;, &apos;ncolor&apos;: None, &apos;size&apos;: 13.480000000000018, &apos;value&apos;: &apos;S&apos;, &apos;children&apos;: [], &apos;features&apos;: {}}, {&apos;type&apos;: &apos;text&apos;, &apos;bbox&apos;: (178.76999999999998, 216.656, 185.42999999999998, 230.13600000000002), &apos;color_space&apos;: &apos;DeviceGray&apos;, &apos;ncolor&apos;: None, &apos;size&apos;: 13.480000000000018, &apos;value&apos;: &apos;T&apos;, &apos;children&apos;: [], &apos;features&apos;: {}}, {&apos;type&apos;: &apos;text&apos;, &apos;bbox&apos;: (185.43, 216.656, 190.43, 230.13600000000002), &apos;color_space&apos;: &apos;DeviceGray&apos;, &apos;ncolor&apos;: None, &apos;size&apos;: 13.480000000000018, &apos;value&apos;: &apos;_&apos;, &apos;children&apos;: [], &apos;features&apos;: {}}, {&apos;type&apos;: &apos;text&apos;, &apos;bbox&apos;: (190.43, 216.656, 197.09, 230.13600000000002), &apos;color_space&apos;: &apos;DeviceGray&apos;, &apos;ncolor&apos;: None, &apos;size&apos;: 13.480000000000018, &apos;value&apos;: &apos;T&apos;, &apos;children&apos;: [], &apos;features&apos;: {}}, {&apos;type&apos;: &apos;text&apos;, &apos;bbox&apos;: (197.08999999999997, 216.656, 200.97999999999996, 230.13600000000002), &apos;color_space&apos;: &apos;DeviceGray&apos;, &apos;ncolor&apos;: None, &apos;size&apos;: 13.480000000000018, &apos;value&apos;: &apos;I&apos;, &apos;children&apos;: [], &apos;features&apos;: {}}, {&apos;type&apos;: &apos;text&apos;, &apos;bbox&apos;: (200.98, 216.656, 210.98, 230.13600000000002), &apos;color_space&apos;: &apos;DeviceGray&apos;, &apos;ncolor&apos;: None, &apos;size&apos;: 13.480000000000018, &apos;value&apos;: &apos;M&apos;, &apos;children&apos;: [], &apos;features&apos;: {}}, {&apos;type&apos;: &apos;text&apos;, &apos;bbox&apos;: (210.98, 216.656, 214.86999999999998, 230.13600000000002), &apos;color_space&apos;: &apos;DeviceGray&apos;, &apos;ncolor&apos;: None, &apos;size&apos;: 13.480000000000018, &apos;value&apos;: &apos;I&apos;, &apos;children&apos;: [], &apos;features&apos;: {}}, {&apos;type&apos;: &apos;text&apos;, &apos;bbox&apos;: (214.87, 216.656, 223.20000000000002, 230.13600000000002), &apos;color_space&apos;: &apos;DeviceGray&apos;, &apos;ncolor&apos;: None, &apos;size&apos;: 13.480000000000018, &apos;value&apos;: &apos;N&apos;, &apos;children&apos;: [], &apos;features&apos;: {}}, {&apos;type&apos;: &apos;text&apos;, &apos;bbox&apos;: (223.2, 216.656, 231.53, 230.13600000000002), &apos;color_space&apos;: &apos;DeviceGray&apos;, &apos;ncolor&apos;: None, &apos;size&apos;: 13.480000000000018, &apos;value&apos;: &apos;G&apos;, &apos;children&apos;: [], &apos;features&apos;: {}}, {&apos;type&apos;: &apos;text&apos;, &apos;bbox&apos;: (231.52999999999997, 216.656, 236.52999999999997, 230.13600000000002), &apos;color_space&apos;: &apos;DeviceGray&apos;, &apos;ncolor&apos;: None, &apos;size&apos;: 13.480000000000018, &apos;value&apos;: &apos;_&apos;, &apos;children&apos;: [], &apos;features&apos;: {}}, {&apos;type&apos;: &apos;text&apos;, &apos;bbox&apos;: (236.52999999999997, 216.656, 243.18999999999997, 230.13600000000002), &apos;color_space&apos;: &apos;DeviceGray&apos;, &apos;ncolor&apos;: None, &apos;size&apos;: 13.480000000000018, &apos;value&apos;: &apos;T&apos;, &apos;children&apos;: [], &apos;features&apos;: {}}, {&apos;type&apos;: &apos;text&apos;, &apos;bbox&apos;: (243.19, 216.656, 249.85, 230.13600000000002), &apos;color_space&apos;: &apos;DeviceGray&apos;, &apos;ncolor&apos;: None, &apos;size&apos;: 13.480000000000018, &apos;value&apos;: &apos;Y&apos;, &apos;children&apos;: [], &apos;features&apos;: {}}, {&apos;type&apos;: &apos;text&apos;, &apos;bbox&apos;: (249.85, 216.656, 255.95, 230.13600000000002), &apos;color_space&apos;: &apos;DeviceGray&apos;, &apos;ncolor&apos;: None, &apos;size&apos;: 13.480000000000018, &apos;value&apos;: &apos;P&apos;, &apos;children&apos;: [], &apos;features&apos;: {}}, {&apos;type&apos;: &apos;text&apos;, &apos;bbox&apos;: (255.95, 216.656, 262.0, 230.13600000000002), &apos;color_space&apos;: &apos;DeviceGray&apos;, &apos;ncolor&apos;: None, &apos;size&apos;: 13.480000000000018, &apos;value&apos;: &apos;E&apos;, &apos;children&apos;: [], &apos;features&apos;: {}}, {&apos;type&apos;: &apos;text&apos;, &apos;bbox&apos;: (262.0, 216.656, 267.0, 230.13600000000002), &apos;color_space&apos;: &apos;DeviceGray&apos;, &apos;ncolor&apos;: None, &apos;size&apos;: 13.480000000000018, &apos;value&apos;: &apos;_&apos;, &apos;children&apos;: [], &apos;features&apos;: {}}, {&apos;type&apos;: &apos;text&apos;, &apos;bbox&apos;: (267.0, 216.656, 277.0, 230.13600000000002), &apos;color_space&apos;: &apos;DeviceGray&apos;, &apos;ncolor&apos;: None, &apos;size&apos;: 13.480000000000018, &apos;value&apos;: &apos;M&apos;, &apos;children&apos;: [], &apos;features&apos;: {}}, {&apos;type&apos;: &apos;text&apos;, &apos;bbox&apos;: (277.0, 216.656, 283.05, 230.13600000000002), &apos;color_space&apos;: &apos;DeviceGray&apos;, &apos;ncolor&apos;: None, &apos;size&apos;: 13.480000000000018, &apos;value&apos;: &apos;L&apos;, &apos;children&apos;: [], &apos;features&apos;: {}}, {&apos;type&apos;: &apos;text&apos;, &apos;bbox&apos;: (283.05, 216.656, 289.15000000000003, 230.13600000000002), &apos;color_space&apos;: &apos;DeviceGray&apos;, &apos;ncolor&apos;: None, &apos;size&apos;: 13.480000000000018, &apos;value&apos;: &apos;S&apos;, &apos;children&apos;: [], &apos;features&apos;: {}}, {&apos;type&apos;: &apos;text&apos;, &apos;bbox&apos;: (289.288, 217.387, 292.058, 230.67700000000002), &apos;color_space&apos;: &apos;DeviceGray&apos;, &apos;ncolor&apos;: None, &apos;size&apos;: 13.29000000000002, &apos;value&apos;: &apos;.&apos;, &apos;children&apos;: [], &apos;features&apos;: {}}, {&apos;type&apos;: &apos;text&apos;, &apos;bbox&apos;: (292.058, 217.387, 294.828, 230.67700000000002), &apos;color_space&apos;: &apos;DeviceGray&apos;, &apos;ncolor&apos;: None, &apos;size&apos;: 13.29000000000002, &apos;value&apos;: &apos;.&apos;, &apos;children&apos;: [], &apos;features&apos;: {}}, {&apos;type&apos;: &apos;text&apos;, &apos;bbox&apos;: (294.82800000000003, 217.387, 297.598, 230.67700000000002), &apos;color_space&apos;: &apos;DeviceGray&apos;, &apos;ncolor&apos;: None, &apos;size&apos;: 13.29000000000002, &apos;value&apos;: &apos;.&apos;, &apos;children&apos;: [], &apos;features&apos;: {}}, {&apos;type&apos;: &apos;text&apos;, &apos;bbox&apos;: (297.598, 217.387, 300.368, 230.67700000000002), &apos;color_space&apos;: &apos;DeviceGray&apos;, &apos;ncolor&apos;: None, &apos;size&apos;: 13.29000000000002, &apos;value&apos;: &apos;.&apos;, &apos;children&apos;: [], &apos;features&apos;: {}}, {&apos;type&apos;: &apos;text&apos;, &apos;bbox&apos;: (300.368, 217.387, 303.138, 230.67700000000002), &apos;color_space&apos;: &apos;DeviceGray&apos;, &apos;ncolor&apos;: None, &apos;size&apos;: 13.29000000000002, &apos;value&apos;: &apos;.&apos;, &apos;children&apos;: [], &apos;features&apos;: {}}, {&apos;type&apos;: &apos;text&apos;, &apos;bbox&apos;: (303.13800000000003, 217.387, 305.908, 230.67700000000002), &apos;color_space&apos;: &apos;DeviceGray&apos;, &apos;ncolor&apos;: None, &apos;size&apos;: 13.29000000000002, &apos;value&apos;: &apos;.&apos;, &apos;children&apos;: [], &apos;features&apos;: {}}, {&apos;type&apos;: &apos;text&apos;, &apos;bbox&apos;: (305.908, 217.387, 308.678, 230.67700000000002), &apos;color_space&apos;: &apos;DeviceGray&apos;, &apos;ncolor&apos;: None, &apos;size&apos;: 13.29000000000002, &apos;value&apos;: &apos;.&apos;, &apos;children&apos;: [], &apos;features&apos;: {}}, {&apos;type&apos;: &apos;text&apos;, &apos;bbox&apos;: (308.678, 217.387, 311.448, 230.67700000000002), &apos;color_space&apos;: &apos;DeviceGray&apos;, &apos;ncolor&apos;: None, &apos;size&apos;: 13.29000000000002, &apos;value&apos;: &apos;.&apos;, &apos;children&apos;: [], &apos;features&apos;: {}}, {&apos;type&apos;: &apos;text&apos;, &apos;bbox&apos;: (311.44800000000004, 217.387, 314.218, 230.67700000000002), &apos;color_space&apos;: &apos;DeviceGray&apos;, &apos;ncolor&apos;: None, &apos;size&apos;: 13.29000000000002, &apos;value&apos;: &apos;.&apos;, &apos;children&apos;: [], &apos;features&apos;: {}}, {&apos;type&apos;: &apos;text&apos;, &apos;bbox&apos;: (314.218, 217.387, 316.988, 230.67700000000002), &apos;color_space&apos;: &apos;DeviceGray&apos;, &apos;ncolor&apos;: None, &apos;size&apos;: 13.29000000000002, &apos;value&apos;: &apos;.&apos;, &apos;children&apos;: [], &apos;features&apos;: {}}, {&apos;type&apos;: &apos;text&apos;, &apos;bbox&apos;: (316.988, 217.387, 319.758, 230.67700000000002), &apos;color_space&apos;: &apos;DeviceGray&apos;, &apos;ncolor&apos;: None, &apos;size&apos;: 13.29000000000002, &apos;value&apos;: &apos;.&apos;, &apos;children&apos;: [], &apos;features&apos;: {}}, {&apos;type&apos;: &apos;text&apos;, &apos;bbox&apos;: (319.75800000000004, 217.387, 322.528, 230.67700000000002), &apos;color_space&apos;: &apos;DeviceGray&apos;, &apos;ncolor&apos;: None, &apos;size&apos;: 13.29000000000002, &apos;value&apos;: &apos;.&apos;, &apos;children&apos;: [], &apos;features&apos;: {}}, {&apos;type&apos;: &apos;text&apos;, &apos;bbox&apos;: (322.528, 217.387, 325.298, 230.67700000000002), &apos;color_space&apos;: &apos;DeviceGray&apos;, &apos;ncolor&apos;: None, &apos;size&apos;: 13.29000000000002, &apos;value&apos;: &apos;.&apos;, &apos;children&apos;: [], &apos;features&apos;: {}}, {&apos;type&apos;: &apos;text&apos;, &apos;bbox&apos;: (325.298, 217.387, 328.068, 230.67700000000002), &apos;color_space&apos;: &apos;DeviceGray&apos;, &apos;ncolor&apos;: None, &apos;size&apos;: 13.29000000000002, &apos;value&apos;: &apos;.&apos;, &apos;children&apos;: [], &apos;features&apos;: {}}, {&apos;type&apos;: &apos;text&apos;, &apos;bbox&apos;: (328.06800000000004, 217.387, 330.838, 230.67700000000002), &apos;color_space&apos;: &apos;DeviceGray&apos;, &apos;ncolor&apos;: None, &apos;size&apos;: 13.29000000000002, &apos;value&apos;: &apos;.&apos;, &apos;children&apos;: [], &apos;features&apos;: {}}, {&apos;type&apos;: &apos;text&apos;, &apos;bbox&apos;: (330.838, 217.387, 333.608, 230.67700000000002), &apos;color_space&apos;: &apos;DeviceGray&apos;, &apos;ncolor&apos;: None, &apos;size&apos;: 13.29000000000002, &apos;value&apos;: &apos;.&apos;, &apos;children&apos;: [], &apos;features&apos;: {}}, {&apos;type&apos;: &apos;text&apos;, &apos;bbox&apos;: (333.608, 217.387, 336.378, 230.67700000000002), &apos;color_space&apos;: &apos;DeviceGray&apos;, &apos;ncolor&apos;: None, &apos;size&apos;: 13.29000000000002, &apos;value&apos;: &apos;.&apos;, &apos;children&apos;: [], &apos;features&apos;: {}}, {&apos;type&apos;: &apos;text&apos;, &apos;bbox&apos;: (336.37800000000004, 217.387, 339.148, 230.67700000000002), &apos;color_space&apos;: &apos;DeviceGray&apos;, &apos;ncolor&apos;: None, &apos;size&apos;: 13.29000000000002, &apos;value&apos;: &apos;.&apos;, &apos;children&apos;: [], &apos;features&apos;: {}}, {&apos;type&apos;: &apos;text&apos;, &apos;bbox&apos;: (339.148, 217.387, 341.918, 230.67700000000002), &apos;color_space&apos;: &apos;DeviceGray&apos;, &apos;ncolor&apos;: None, &apos;size&apos;: 13.29000000000002, &apos;value&apos;: &apos;.&apos;, &apos;children&apos;: [], &apos;features&apos;: {}}, {&apos;type&apos;: &apos;text&apos;, &apos;bbox&apos;: (341.918, 217.387, 344.688, 230.67700000000002), &apos;color_space&apos;: &apos;DeviceGray&apos;, &apos;ncolor&apos;: None, &apos;size&apos;: 13.29000000000002, &apos;value&apos;: &apos;.&apos;, &apos;children&apos;: [], &apos;features&apos;: {}}, {&apos;type&apos;: &apos;text&apos;, &apos;bbox&apos;: (344.68800000000005, 217.387, 347.458, 230.67700000000002), &apos;color_space&apos;: &apos;DeviceGray&apos;, &apos;ncolor&apos;: None, &apos;size&apos;: 13.29000000000002, &apos;value&apos;: &apos;.&apos;, &apos;children&apos;: [], &apos;features&apos;: {}}, {&apos;type&apos;: &apos;text&apos;, &apos;bbox&apos;: (347.458, 217.387, 350.228, 230.67700000000002), &apos;color_space&apos;: &apos;DeviceGray&apos;, &apos;ncolor&apos;: None, &apos;size&apos;: 13.29000000000002, &apos;value&apos;: &apos;.&apos;, &apos;children&apos;: [], &apos;features&apos;: {}}, {&apos;type&apos;: &apos;text&apos;, &apos;bbox&apos;: (350.22800000000007, 217.387, 352.99800000000005, 230.67700000000002), &apos;color_space&apos;: &apos;DeviceGray&apos;, &apos;ncolor&apos;: None, &apos;size&apos;: 13.29000000000002, &apos;value&apos;: &apos;.&apos;, &apos;children&apos;: [], &apos;features&apos;: {}}, {&apos;type&apos;: &apos;text&apos;, &apos;bbox&apos;: (352.99800000000005, 217.387, 355.76800000000003, 230.67700000000002), &apos;color_space&apos;: &apos;DeviceGray&apos;, &apos;ncolor&apos;: None, &apos;size&apos;: 13.29000000000002, &apos;value&apos;: &apos;.&apos;, &apos;children&apos;: [], &apos;features&apos;: {}}, {&apos;type&apos;: &apos;text&apos;, &apos;bbox&apos;: (355.76800000000003, 217.387, 358.538, 230.67700000000002), &apos;color_space&apos;: &apos;DeviceGray&apos;, &apos;ncolor&apos;: None, &apos;size&apos;: 13.29000000000002, &apos;value&apos;: &apos;.&apos;, &apos;children&apos;: [], &apos;features&apos;: {}}, {&apos;type&apos;: &apos;text&apos;, &apos;bbox&apos;: (358.538, 217.387, 361.308, 230.67700000000002), &apos;color_space&apos;: &apos;DeviceGray&apos;, &apos;ncolor&apos;: None, &apos;size&apos;: 13.29000000000002, &apos;value&apos;: &apos;.&apos;, &apos;children&apos;: [], &apos;features&apos;: {}}, {&apos;type&apos;: &apos;text&apos;, &apos;bbox&apos;: (361.30800000000005, 217.387, 364.07800000000003, 230.67700000000002), &apos;color_space&apos;: &apos;DeviceGray&apos;, &apos;ncolor&apos;: None, &apos;size&apos;: 13.29000000000002, &apos;value&apos;: &apos;.&apos;, &apos;children&apos;: [], &apos;features&apos;: {}}, {&apos;type&apos;: &apos;text&apos;, &apos;bbox&apos;: (364.07800000000003, 217.387, 366.848, 230.67700000000002), &apos;color_space&apos;: &apos;DeviceGray&apos;, &apos;ncolor&apos;: None, &apos;size&apos;: 13.29000000000002, &apos;value&apos;: &apos;.&apos;, &apos;children&apos;: [], &apos;features&apos;: {}}, {&apos;type&apos;: &apos;text&apos;, &apos;bbox&apos;: (366.848, 217.387, 369.618, 230.67700000000002), &apos;color_space&apos;: &apos;DeviceGray&apos;, &apos;ncolor&apos;: None, &apos;size&apos;: 13.29000000000002, &apos;value&apos;: &apos;.&apos;, &apos;children&apos;: [], &apos;features&apos;: {}}, {&apos;type&apos;: &apos;text&apos;, &apos;bbox&apos;: (369.61800000000005, 217.387, 372.38800000000003, 230.67700000000002), &apos;color_space&apos;: &apos;DeviceGray&apos;, &apos;ncolor&apos;: None, &apos;size&apos;: 13.29000000000002, &apos;value&apos;: &apos;.&apos;, &apos;children&apos;: [], &apos;features&apos;: {}}, {&apos;type&apos;: &apos;text&apos;, &apos;bbox&apos;: (372.38800000000003, 217.387, 375.158, 230.67700000000002), &apos;color_space&apos;: &apos;DeviceGray&apos;, &apos;ncolor&apos;: None, &apos;size&apos;: 13.29000000000002, &apos;value&apos;: &apos;.&apos;, &apos;children&apos;: [], &apos;features&apos;: {}}, {&apos;type&apos;: &apos;text&apos;, &apos;bbox&apos;: (375.158, 217.387, 377.928, 230.67700000000002), &apos;color_space&apos;: &apos;DeviceGray&apos;, &apos;ncolor&apos;: None, &apos;size&apos;: 13.29000000000002, &apos;value&apos;: &apos;.&apos;, &apos;children&apos;: [], &apos;features&apos;: {}}, {&apos;type&apos;: &apos;text&apos;, &apos;bbox&apos;: (377.928, 217.387, 380.698, 230.67700000000002), &apos;color_space&apos;: &apos;DeviceGray&apos;, &apos;ncolor&apos;: None, &apos;size&apos;: 13.29000000000002, &apos;value&apos;: &apos;.&apos;, &apos;children&apos;: [], &apos;features&apos;: {}}, {&apos;type&apos;: &apos;text&apos;, &apos;bbox&apos;: (380.698, 217.387, 383.46799999999996, 230.67700000000002), &apos;color_space&apos;: &apos;DeviceGray&apos;, &apos;ncolor&apos;: None, &apos;size&apos;: 13.29000000000002, &apos;value&apos;: &apos;.&apos;, &apos;children&apos;: [], &apos;features&apos;: {}}, {&apos;type&apos;: &apos;text&apos;, &apos;bbox&apos;: (383.468, 217.387, 386.238, 230.67700000000002), &apos;color_space&apos;: &apos;DeviceGray&apos;, &apos;ncolor&apos;: None, &apos;size&apos;: 13.29000000000002, &apos;value&apos;: &apos;.&apos;, &apos;children&apos;: [], &apos;features&apos;: {}}, {&apos;type&apos;: &apos;text&apos;, &apos;bbox&apos;: (386.238, 217.387, 389.008, 230.67700000000002), &apos;color_space&apos;: &apos;DeviceGray&apos;, &apos;ncolor&apos;: None, &apos;size&apos;: 13.29000000000002, &apos;value&apos;: &apos;.&apos;, &apos;children&apos;: [], &apos;features&apos;: {}}, {&apos;type&apos;: &apos;text&apos;, &apos;bbox&apos;: (389.008, 217.387, 391.77799999999996, 230.67700000000002), &apos;color_space&apos;: &apos;DeviceGray&apos;, &apos;ncolor&apos;: None, &apos;size&apos;: 13.29000000000002, &apos;value&apos;: &apos;.&apos;, &apos;children&apos;: [], &apos;features&apos;: {}}, {&apos;type&apos;: &apos;text&apos;, &apos;bbox&apos;: (391.778, 217.387, 394.548, 230.67700000000002), &apos;color_space&apos;: &apos;DeviceGray&apos;, &apos;ncolor&apos;: None, &apos;size&apos;: 13.29000000000002, &apos;value&apos;: &apos;.&apos;, &apos;children&apos;: [], &apos;features&apos;: {}}, {&apos;type&apos;: &apos;text&apos;, &apos;bbox&apos;: (394.548, 217.387, 397.318, 230.67700000000002), &apos;color_space&apos;: &apos;DeviceGray&apos;, &apos;ncolor&apos;: None, &apos;size&apos;: 13.29000000000002, &apos;value&apos;: &apos;.&apos;, &apos;children&apos;: [], &apos;features&apos;: {}}, {&apos;type&apos;: &apos;text&apos;, &apos;bbox&apos;: (397.318, 217.387, 400.08799999999997, 230.67700000000002), &apos;color_space&apos;: &apos;DeviceGray&apos;, &apos;ncolor&apos;: None, &apos;size&apos;: 13.29000000000002, &apos;value&apos;: &apos;.&apos;, &apos;children&apos;: [], &apos;features&apos;: {}}, {&apos;type&apos;: &apos;text&apos;, &apos;bbox&apos;: (400.08799999999997, 217.387, 402.85799999999995, 230.67700000000002), &apos;color_space&apos;: &apos;DeviceGray&apos;, &apos;ncolor&apos;: None, &apos;size&apos;: 13.29000000000002, &apos;value&apos;: &apos;.&apos;, &apos;children&apos;: [], &apos;features&apos;: {}}, {&apos;type&apos;: &apos;text&apos;, &apos;bbox&apos;: (402.85799999999995, 217.387, 405.62799999999993, 230.67700000000002), &apos;color_space&apos;: &apos;DeviceGray&apos;, &apos;ncolor&apos;: None, &apos;size&apos;: 13.29000000000002, &apos;value&apos;: &apos;.&apos;, &apos;children&apos;: [], &apos;features&apos;: {}}, {&apos;type&apos;: &apos;text&apos;, &apos;bbox&apos;: (405.628, 217.387, 408.39799999999997, 230.67700000000002), &apos;color_space&apos;: &apos;DeviceGray&apos;, &apos;ncolor&apos;: None, &apos;size&apos;: 13.29000000000002, &apos;value&apos;: &apos;.&apos;, &apos;children&apos;: [], &apos;features&apos;: {}}, {&apos;type&apos;: &apos;text&apos;, &apos;bbox&apos;: (408.39799999999997, 217.387, 411.16799999999995, 230.67700000000002), &apos;color_space&apos;: &apos;DeviceGray&apos;, &apos;ncolor&apos;: None, &apos;size&apos;: 13.29000000000002, &apos;value&apos;: &apos;.&apos;, &apos;children&apos;: [], &apos;features&apos;: {}}, {&apos;type&apos;: &apos;text&apos;, &apos;bbox&apos;: (411.16799999999995, 217.387, 413.93799999999993, 230.67700000000002), &apos;color_space&apos;: &apos;DeviceGray&apos;, &apos;ncolor&apos;: None, &apos;size&apos;: 13.29000000000002, &apos;value&apos;: &apos;.&apos;, &apos;children&apos;: [], &apos;features&apos;: {}}, {&apos;type&apos;: &apos;text&apos;, &apos;bbox&apos;: (413.938, 217.387, 416.70799999999997, 230.67700000000002), &apos;color_space&apos;: &apos;DeviceGray&apos;, &apos;ncolor&apos;: None, &apos;size&apos;: 13.29000000000002, &apos;value&apos;: &apos;.&apos;, &apos;children&apos;: [], &apos;features&apos;: {}}, {&apos;type&apos;: &apos;text&apos;, &apos;bbox&apos;: (416.70799999999997, 217.387, 419.47799999999995, 230.67700000000002), &apos;color_space&apos;: &apos;DeviceGray&apos;, &apos;ncolor&apos;: None, &apos;size&apos;: 13.29000000000002, &apos;value&apos;: &apos;.&apos;, &apos;children&apos;: [], &apos;features&apos;: {}}, {&apos;type&apos;: &apos;text&apos;, &apos;bbox&apos;: (419.47799999999995, 217.387, 422.24799999999993, 230.67700000000002), &apos;color_space&apos;: &apos;DeviceGray&apos;, &apos;ncolor&apos;: None, &apos;size&apos;: 13.29000000000002, &apos;value&apos;: &apos;.&apos;, &apos;children&apos;: [], &apos;features&apos;: {}}, {&apos;type&apos;: &apos;text&apos;, &apos;bbox&apos;: (422.24799999999993, 217.387, 425.0179999999999, 230.67700000000002), &apos;color_space&apos;: &apos;DeviceGray&apos;, &apos;ncolor&apos;: None, &apos;size&apos;: 13.29000000000002, &apos;value&apos;: &apos;.&apos;, &apos;children&apos;: [], &apos;features&apos;: {}}, {&apos;type&apos;: &apos;text&apos;, &apos;bbox&apos;: (425.018, 217.387, 427.78799999999995, 230.67700000000002), &apos;color_space&apos;: &apos;DeviceGray&apos;, &apos;ncolor&apos;: None, &apos;size&apos;: 13.29000000000002, &apos;value&apos;: &apos;.&apos;, &apos;children&apos;: [], &apos;features&apos;: {}}, {&apos;type&apos;: &apos;text&apos;, &apos;bbox&apos;: (427.788, 217.387, 430.558, 230.67700000000002), &apos;color_space&apos;: &apos;DeviceGray&apos;, &apos;ncolor&apos;: None, &apos;size&apos;: 13.29000000000002, &apos;value&apos;: &apos;.&apos;, &apos;children&apos;: [], &apos;features&apos;: {}}, {&apos;type&apos;: &apos;text&apos;, &apos;bbox&apos;: (430.558, 217.387, 433.328, 230.67700000000002), &apos;color_space&apos;: &apos;DeviceGray&apos;, &apos;ncolor&apos;: None, &apos;size&apos;: 13.29000000000002, &apos;value&apos;: &apos;.&apos;, &apos;children&apos;: [], &apos;features&apos;: {}}, {&apos;type&apos;: &apos;text&apos;, &apos;bbox&apos;: (433.328, 217.387, 436.09799999999996, 230.67700000000002), &apos;color_space&apos;: &apos;DeviceGray&apos;, &apos;ncolor&apos;: None, &apos;size&apos;: 13.29000000000002, &apos;value&apos;: &apos;.&apos;, &apos;children&apos;: [], &apos;features&apos;: {}}, {&apos;type&apos;: &apos;text&apos;, &apos;bbox&apos;: (436.098, 217.387, 438.868, 230.67700000000002), &apos;color_space&apos;: &apos;DeviceGray&apos;, &apos;ncolor&apos;: None, &apos;size&apos;: 13.29000000000002, &apos;value&apos;: &apos;.&apos;, &apos;children&apos;: [], &apos;features&apos;: {}}, {&apos;type&apos;: &apos;text&apos;, &apos;bbox&apos;: (438.86800000000005, 217.387, 441.63800000000003, 230.67700000000002), &apos;color_space&apos;: &apos;DeviceGray&apos;, &apos;ncolor&apos;: None, &apos;size&apos;: 13.29000000000002, &apos;value&apos;: &apos;.&apos;, &apos;children&apos;: [], &apos;features&apos;: {}}, {&apos;type&apos;: &apos;text&apos;, &apos;bbox&apos;: (441.63800000000003, 217.387, 444.408, 230.67700000000002), &apos;color_space&apos;: &apos;DeviceGray&apos;, &apos;ncolor&apos;: None, &apos;size&apos;: 13.29000000000002, &apos;value&apos;: &apos;.&apos;, &apos;children&apos;: [], &apos;features&apos;: {}}, {&apos;type&apos;: &apos;text&apos;, &apos;bbox&apos;: (444.408, 217.387, 447.178, 230.67700000000002), &apos;color_space&apos;: &apos;DeviceGray&apos;, &apos;ncolor&apos;: None, &apos;size&apos;: 13.29000000000002, &apos;value&apos;: &apos;.&apos;, &apos;children&apos;: [], &apos;features&apos;: {}}, {&apos;type&apos;: &apos;text&apos;, &apos;bbox&apos;: (447.17800000000005, 217.387, 449.94800000000004, 230.67700000000002), &apos;color_space&apos;: &apos;DeviceGray&apos;, &apos;ncolor&apos;: None, &apos;size&apos;: 13.29000000000002, &apos;value&apos;: &apos;.&apos;, &apos;children&apos;: [], &apos;features&apos;: {}}, {&apos;type&apos;: &apos;text&apos;, &apos;bbox&apos;: (449.9480000000001, 217.387, 452.7180000000001, 230.67700000000002), &apos;color_space&apos;: &apos;DeviceGray&apos;, &apos;ncolor&apos;: None, &apos;size&apos;: 13.29000000000002, &apos;value&apos;: &apos;.&apos;, &apos;children&apos;: [], &apos;features&apos;: {}}, {&apos;type&apos;: &apos;text&apos;, &apos;bbox&apos;: (452.7180000000001, 217.387, 455.48800000000006, 230.67700000000002), &apos;color_space&apos;: &apos;DeviceGray&apos;, &apos;ncolor&apos;: None, &apos;size&apos;: 13.29000000000002, &apos;value&apos;: &apos;.&apos;, &apos;children&apos;: [], &apos;features&apos;: {}}, {&apos;type&apos;: &apos;text&apos;, &apos;bbox&apos;: (455.48800000000006, 217.387, 458.25800000000004, 230.67700000000002), &apos;color_space&apos;: &apos;DeviceGray&apos;, &apos;ncolor&apos;: None, &apos;size&apos;: 13.29000000000002, &apos;value&apos;: &apos;.&apos;, &apos;children&apos;: [], &apos;features&apos;: {}}, {&apos;type&apos;: &apos;text&apos;, &apos;bbox&apos;: (458.2580000000001, 217.387, 461.0280000000001, 230.67700000000002), &apos;color_space&apos;: &apos;DeviceGray&apos;, &apos;ncolor&apos;: None, &apos;size&apos;: 13.29000000000002, &apos;value&apos;: &apos;.&apos;, &apos;children&apos;: [], &apos;features&apos;: {}}, {&apos;type&apos;: &apos;text&apos;, &apos;bbox&apos;: (461.02800000000013, 217.387, 463.7980000000001, 230.67700000000002), &apos;color_space&apos;: &apos;DeviceGray&apos;, &apos;ncolor&apos;: None, &apos;size&apos;: 13.29000000000002, &apos;value&apos;: &apos;.&apos;, &apos;children&apos;: [], &apos;features&apos;: {}}, {&apos;type&apos;: &apos;text&apos;, &apos;bbox&apos;: (463.7980000000001, 217.387, 466.5680000000001, 230.67700000000002), &apos;color_space&apos;: &apos;DeviceGray&apos;, &apos;ncolor&apos;: None, &apos;size&apos;: 13.29000000000002, &apos;value&apos;: &apos;.&apos;, &apos;children&apos;: [], &apos;features&apos;: {}}, {&apos;type&apos;: &apos;text&apos;, &apos;bbox&apos;: (466.5680000000001, 217.387, 469.3380000000001, 230.67700000000002), &apos;color_space&apos;: &apos;DeviceGray&apos;, &apos;ncolor&apos;: None, &apos;size&apos;: 13.29000000000002, &apos;value&apos;: &apos;.&apos;, &apos;children&apos;: [], &apos;features&apos;: {}}, {&apos;type&apos;: &apos;text&apos;, &apos;bbox&apos;: (469.33800000000014, 217.387, 472.1080000000001, 230.67700000000002), &apos;color_space&apos;: &apos;DeviceGray&apos;, &apos;ncolor&apos;: None, &apos;size&apos;: 13.29000000000002, &apos;value&apos;: &apos;.&apos;, &apos;children&apos;: [], &apos;features&apos;: {}}, {&apos;type&apos;: &apos;text&apos;, &apos;bbox&apos;: (472.1080000000002, 217.387, 474.87800000000016, 230.67700000000002), &apos;color_space&apos;: &apos;DeviceGray&apos;, &apos;ncolor&apos;: None, &apos;size&apos;: 13.29000000000002, &apos;value&apos;: &apos;.&apos;, &apos;children&apos;: [], &apos;features&apos;: {}}, {&apos;type&apos;: &apos;text&apos;, &apos;bbox&apos;: (474.87800000000016, 217.387, 477.64800000000014, 230.67700000000002), &apos;color_space&apos;: &apos;DeviceGray&apos;, &apos;ncolor&apos;: None, &apos;size&apos;: 13.29000000000002, &apos;value&apos;: &apos;.&apos;, &apos;children&apos;: [], &apos;features&apos;: {}}, {&apos;type&apos;: &apos;text&apos;, &apos;bbox&apos;: (477.64800000000014, 217.387, 480.4180000000001, 230.67700000000002), &apos;color_space&apos;: &apos;DeviceGray&apos;, &apos;ncolor&apos;: None, &apos;size&apos;: 13.29000000000002, &apos;value&apos;: &apos;.&apos;, &apos;children&apos;: [], &apos;features&apos;: {}}, {&apos;type&apos;: &apos;text&apos;, &apos;bbox&apos;: (480.4180000000002, 217.387, 483.18800000000016, 230.67700000000002), &apos;color_space&apos;: &apos;DeviceGray&apos;, &apos;ncolor&apos;: None, &apos;size&apos;: 13.29000000000002, &apos;value&apos;: &apos;.&apos;, &apos;children&apos;: [], &apos;features&apos;: {}}, {&apos;type&apos;: &apos;text&apos;, &apos;bbox&apos;: (483.1880000000002, 217.387, 485.9580000000002, 230.67700000000002), &apos;color_space&apos;: &apos;DeviceGray&apos;, &apos;ncolor&apos;: None, &apos;size&apos;: 13.29000000000002, &apos;value&apos;: &apos;.&apos;, &apos;children&apos;: [], &apos;features&apos;: {}}, {&apos;type&apos;: &apos;text&apos;, &apos;bbox&apos;: (485.9580000000002, 217.387, 488.7280000000002, 230.67700000000002), &apos;color_space&apos;: &apos;DeviceGray&apos;, &apos;ncolor&apos;: None, &apos;size&apos;: 13.29000000000002, &apos;value&apos;: &apos;.&apos;, &apos;children&apos;: [], &apos;features&apos;: {}}, {&apos;type&apos;: &apos;text&apos;, &apos;bbox&apos;: (488.7280000000002, 217.387, 491.49800000000016, 230.67700000000002), &apos;color_space&apos;: &apos;DeviceGray&apos;, &apos;ncolor&apos;: None, &apos;size&apos;: 13.29000000000002, &apos;value&apos;: &apos;.&apos;, &apos;children&apos;: [], &apos;features&apos;: {}}, {&apos;type&apos;: &apos;text&apos;, &apos;bbox&apos;: (491.4980000000002, 217.387, 494.2680000000002, 230.67700000000002), &apos;color_space&apos;: &apos;DeviceGray&apos;, &apos;ncolor&apos;: None, &apos;size&apos;: 13.29000000000002, &apos;value&apos;: &apos;.&apos;, &apos;children&apos;: [], &apos;features&apos;: {}}, {&apos;type&apos;: &apos;text&apos;, &apos;bbox&apos;: (494.26800000000026, 217.387, 497.03800000000024, 230.67700000000002), &apos;color_space&apos;: &apos;DeviceGray&apos;, &apos;ncolor&apos;: None, &apos;size&apos;: 13.29000000000002, &apos;value&apos;: &apos;.&apos;, &apos;children&apos;: [], &apos;features&apos;: {}}, {&apos;type&apos;: &apos;text&apos;, &apos;bbox&apos;: (497.03800000000024, 217.387, 499.8080000000002, 230.67700000000002), &apos;color_space&apos;: &apos;DeviceGray&apos;, &apos;ncolor&apos;: None, &apos;size&apos;: 13.29000000000002, &apos;value&apos;: &apos;.&apos;, &apos;children&apos;: [], &apos;features&apos;: {}}, {&apos;type&apos;: &apos;text&apos;, &apos;bbox&apos;: (499.8080000000002, 217.387, 502.5780000000002, 230.67700000000002), &apos;color_space&apos;: &apos;DeviceGray&apos;, &apos;ncolor&apos;: None, &apos;size&apos;: 13.29000000000002, &apos;value&apos;: &apos;.&apos;, &apos;children&apos;: [], &apos;features&apos;: {}}, {&apos;type&apos;: &apos;text&apos;, &apos;bbox&apos;: (502.57800000000026, 217.387, 505.34800000000024, 230.67700000000002), &apos;color_space&apos;: &apos;DeviceGray&apos;, &apos;ncolor&apos;: None, &apos;size&apos;: 13.29000000000002, &apos;value&apos;: &apos;.&apos;, &apos;children&apos;: [], &apos;features&apos;: {}}, {&apos;type&apos;: &apos;text&apos;, &apos;bbox&apos;: (505.3480000000003, 217.387, 508.1180000000003, 230.67700000000002), &apos;color_space&apos;: &apos;DeviceGray&apos;, &apos;ncolor&apos;: None, &apos;size&apos;: 13.29000000000002, &apos;value&apos;: &apos;.&apos;, &apos;children&apos;: [], &apos;features&apos;: {}}, {&apos;type&apos;: &apos;text&apos;, &apos;bbox&apos;: (508.1180000000003, 217.387, 510.88800000000026, 230.67700000000002), &apos;color_space&apos;: &apos;DeviceGray&apos;, &apos;ncolor&apos;: None, &apos;size&apos;: 13.29000000000002, &apos;value&apos;: &apos;.&apos;, &apos;children&apos;: [], &apos;features&apos;: {}}, {&apos;type&apos;: &apos;text&apos;, &apos;bbox&apos;: (510.88800000000026, 217.387, 513.6580000000002, 230.67700000000002), &apos;color_space&apos;: &apos;DeviceGray&apos;, &apos;ncolor&apos;: None, &apos;size&apos;: 13.29000000000002, &apos;value&apos;: &apos;.&apos;, &apos;children&apos;: [], &apos;features&apos;: {}}, {&apos;type&apos;: &apos;text&apos;, &apos;bbox&apos;: (513.6580000000004, 217.387, 516.4280000000003, 230.67700000000002), &apos;color_space&apos;: &apos;DeviceGray&apos;, &apos;ncolor&apos;: None, &apos;size&apos;: 13.29000000000002, &apos;value&apos;: &apos;.&apos;, &apos;children&apos;: [], &apos;features&apos;: {}}, {&apos;type&apos;: &apos;text&apos;, &apos;bbox&apos;: (516.4280000000003, 217.387, 519.1980000000003, 230.67700000000002), &apos;color_space&apos;: &apos;DeviceGray&apos;, &apos;ncolor&apos;: None, &apos;size&apos;: 13.29000000000002, &apos;value&apos;: &apos;.&apos;, &apos;children&apos;: [], &apos;features&apos;: {}}, {&apos;type&apos;: &apos;text&apos;, &apos;bbox&apos;: (519.1980000000003, 217.387, 521.9680000000003, 230.67700000000002), &apos;color_space&apos;: &apos;DeviceGray&apos;, &apos;ncolor&apos;: None, &apos;size&apos;: 13.29000000000002, &apos;value&apos;: &apos;.&apos;, &apos;children&apos;: [], &apos;features&apos;: {}}, {&apos;type&apos;: &apos;text&apos;, &apos;bbox&apos;: (521.9680000000003, 217.387, 524.7380000000003, 230.67700000000002), &apos;color_space&apos;: &apos;DeviceGray&apos;, &apos;ncolor&apos;: None, &apos;size&apos;: 13.29000000000002, &apos;value&apos;: &apos;.&apos;, &apos;children&apos;: [], &apos;features&apos;: {}}, {&apos;type&apos;: &apos;text&apos;, &apos;bbox&apos;: (525.548, 217.387, 531.108, 230.67700000000002), &apos;color_space&apos;: &apos;DeviceGray&apos;, &apos;ncolor&apos;: None, &apos;size&apos;: 13.29000000000002, &apos;value&apos;: &apos;9&apos;, &apos;children&apos;: [], &apos;features&apos;: {}}, {&apos;type&apos;: &apos;text&apos;, &apos;bbox&apos;: (531.108, 217.387, 534.438, 230.67700000000002), &apos;color_space&apos;: &apos;DeviceGray&apos;, &apos;ncolor&apos;: None, &apos;size&apos;: 13.29000000000002, &apos;value&apos;: &apos;-&apos;, &apos;children&apos;: [], &apos;features&apos;: {}}, {&apos;type&apos;: &apos;text&apos;, &apos;bbox&apos;: (534.439, 217.387, 539.9989999999999, 230.67700000000002), &apos;color_space&apos;: &apos;DeviceGray&apos;, &apos;ncolor&apos;: None, &apos;size&apos;: 13.29000000000002, &apos;value&apos;: &apos;5&apos;, &apos;children&apos;: [], &apos;features&apos;: {}}], &apos;features&apos;: {}}
*********************





--------------------------------- CONTENT AREA --------------------------------- 
This content area has an image
{&apos;type&apos;: &apos;figure&apos;, &apos;bbox&apos;: (0, 0, 612.0, 792.0), &apos;name&apos;: &apos;fx75&apos;, &apos;children&apos;: [{&apos;type&apos;: &apos;text&apos;, &apos;bbox&apos;: (114.0, 201.165, 119.57, 214.64499999999998), &apos;color_space&apos;: &apos;DeviceGray&apos;, &apos;ncolor&apos;: None, &apos;size&apos;: 13.47999999999999, &apos;value&apos;: &apos;F&apos;, &apos;children&apos;: [], &apos;features&apos;: {}}, {&apos;type&apos;: &apos;text&apos;, &apos;bbox&apos;: (119.57, 201.165, 125.66999999999999, 214.64499999999998), &apos;color_space&apos;: &apos;DeviceGray&apos;, &apos;ncolor&apos;: None, &apos;size&apos;: 13.47999999999999, &apos;value&apos;: &apos;S&apos;, &apos;children&apos;: [], &apos;features&apos;: {}}, {&apos;type&apos;: &apos;text&apos;, &apos;bbox&apos;: (125.67, 201.165, 129.56, 214.64499999999998), &apos;color_space&apos;: &apos;DeviceGray&apos;, &apos;ncolor&apos;: None, &apos;size&apos;: 13.47999999999999, &apos;value&apos;: &apos;I&apos;, &apos;children&apos;: [], &apos;features&apos;: {}}, {&apos;type&apos;: &apos;text&apos;, &apos;bbox&apos;: (129.56, 201.165, 134.56, 214.64499999999998), &apos;color_space&apos;: &apos;DeviceGray&apos;, &apos;ncolor&apos;: None, &apos;size&apos;: 13.47999999999999, &apos;value&apos;: &apos;_&apos;, &apos;children&apos;: [], &apos;features&apos;: {}}, {&apos;type&apos;: &apos;text&apos;, &apos;bbox&apos;: (134.56, 201.165, 138.45, 214.64499999999998), &apos;color_space&apos;: &apos;DeviceGray&apos;, &apos;ncolor&apos;: None, &apos;size&apos;: 13.47999999999999, &apos;value&apos;: &apos;I&apos;, &apos;children&apos;: [], &apos;features&apos;: {}}, {&apos;type&apos;: &apos;text&apos;, &apos;bbox&apos;: (138.45, 201.165, 146.78, 214.64499999999998), &apos;color_space&apos;: &apos;DeviceGray&apos;, &apos;ncolor&apos;: None, &apos;size&apos;: 13.47999999999999, &apos;value&apos;: &apos;N&apos;, &apos;children&apos;: [], &apos;features&apos;: {}}, {&apos;type&apos;: &apos;text&apos;, &apos;bbox&apos;: (146.78, 201.165, 152.88, 214.64499999999998), &apos;color_space&apos;: &apos;DeviceGray&apos;, &apos;ncolor&apos;: None, &apos;size&apos;: 13.47999999999999, &apos;value&apos;: &apos;S&apos;, &apos;children&apos;: [], &apos;features&apos;: {}}, {&apos;type&apos;: &apos;text&apos;, &apos;bbox&apos;: (152.88, 201.165, 159.54, 214.64499999999998), &apos;color_space&apos;: &apos;DeviceGray&apos;, &apos;ncolor&apos;: None, &apos;size&apos;: 13.47999999999999, &apos;value&apos;: &apos;T&apos;, &apos;children&apos;: [], &apos;features&apos;: {}}, {&apos;type&apos;: &apos;text&apos;, &apos;bbox&apos;: (159.54000000000002, 201.165, 166.67000000000002, 214.64499999999998), &apos;color_space&apos;: &apos;DeviceGray&apos;, &apos;ncolor&apos;: None, &apos;size&apos;: 13.47999999999999, &apos;value&apos;: &apos;R&apos;, &apos;children&apos;: [], &apos;features&apos;: {}}, {&apos;type&apos;: &apos;text&apos;, &apos;bbox&apos;: (166.67000000000002, 201.165, 174.44000000000003, 214.64499999999998), &apos;color_space&apos;: &apos;DeviceGray&apos;, &apos;ncolor&apos;: None, &apos;size&apos;: 13.47999999999999, &apos;value&apos;: &apos;U&apos;, &apos;children&apos;: [], &apos;features&apos;: {}}, {&apos;type&apos;: &apos;text&apos;, &apos;bbox&apos;: (174.44, 201.165, 184.44, 214.64499999999998), &apos;color_space&apos;: &apos;DeviceGray&apos;, &apos;ncolor&apos;: None, &apos;size&apos;: 13.47999999999999, &apos;value&apos;: &apos;M&apos;, &apos;children&apos;: [], &apos;features&apos;: {}}, {&apos;type&apos;: &apos;text&apos;, &apos;bbox&apos;: (184.44, 201.165, 190.49, 214.64499999999998), &apos;color_space&apos;: &apos;DeviceGray&apos;, &apos;ncolor&apos;: None, &apos;size&apos;: 13.47999999999999, &apos;value&apos;: &apos;E&apos;, &apos;children&apos;: [], &apos;features&apos;: {}}, {&apos;type&apos;: &apos;text&apos;, &apos;bbox&apos;: (190.49, 201.165, 198.82000000000002, 214.64499999999998), &apos;color_space&apos;: &apos;DeviceGray&apos;, &apos;ncolor&apos;: None, &apos;size&apos;: 13.47999999999999, &apos;value&apos;: &apos;N&apos;, &apos;children&apos;: [], &apos;features&apos;: {}}, {&apos;type&apos;: &apos;text&apos;, &apos;bbox&apos;: (198.82, 201.165, 205.48, 214.64499999999998), &apos;color_space&apos;: &apos;DeviceGray&apos;, &apos;ncolor&apos;: None, &apos;size&apos;: 13.47999999999999, &apos;value&apos;: &apos;T&apos;, &apos;children&apos;: [], &apos;features&apos;: {}}, {&apos;type&apos;: &apos;text&apos;, &apos;bbox&apos;: (205.48000000000002, 201.165, 210.48000000000002, 214.64499999999998), &apos;color_space&apos;: &apos;DeviceGray&apos;, &apos;ncolor&apos;: None, &apos;size&apos;: 13.47999999999999, &apos;value&apos;: &apos;_&apos;, &apos;children&apos;: [], &apos;features&apos;: {}}, {&apos;type&apos;: &apos;text&apos;, &apos;bbox&apos;: (210.48000000000002, 201.165, 217.14000000000001, 214.64499999999998), &apos;color_space&apos;: &apos;DeviceGray&apos;, &apos;ncolor&apos;: None, &apos;size&apos;: 13.47999999999999, &apos;value&apos;: &apos;T&apos;, &apos;children&apos;: [], &apos;features&apos;: {}}, {&apos;type&apos;: &apos;text&apos;, &apos;bbox&apos;: (217.14, 201.165, 223.79999999999998, 214.64499999999998), &apos;color_space&apos;: &apos;DeviceGray&apos;, &apos;ncolor&apos;: None, &apos;size&apos;: 13.47999999999999, &apos;value&apos;: &apos;Y&apos;, &apos;children&apos;: [], &apos;features&apos;: {}}, {&apos;type&apos;: &apos;text&apos;, &apos;bbox&apos;: (223.8, 201.165, 229.9, 214.64499999999998), &apos;color_space&apos;: &apos;DeviceGray&apos;, &apos;ncolor&apos;: None, &apos;size&apos;: 13.47999999999999, &apos;value&apos;: &apos;P&apos;, &apos;children&apos;: [], &apos;features&apos;: {}}, {&apos;type&apos;: &apos;text&apos;, &apos;bbox&apos;: (229.89999999999998, 201.165, 235.95, 214.64499999999998), &apos;color_space&apos;: &apos;DeviceGray&apos;, &apos;ncolor&apos;: None, &apos;size&apos;: 13.47999999999999, &apos;value&apos;: &apos;E&apos;, &apos;children&apos;: [], &apos;features&apos;: {}}, {&apos;type&apos;: &apos;text&apos;, &apos;bbox&apos;: (235.95, 201.165, 240.95, 214.64499999999998), &apos;color_space&apos;: &apos;DeviceGray&apos;, &apos;ncolor&apos;: None, &apos;size&apos;: 13.47999999999999, &apos;value&apos;: &apos;_&apos;, &apos;children&apos;: [], &apos;features&apos;: {}}, {&apos;type&apos;: &apos;text&apos;, &apos;bbox&apos;: (240.95, 201.165, 250.95, 214.64499999999998), &apos;color_space&apos;: &apos;DeviceGray&apos;, &apos;ncolor&apos;: None, &apos;size&apos;: 13.47999999999999, &apos;value&apos;: &apos;M&apos;, &apos;children&apos;: [], &apos;features&apos;: {}}, {&apos;type&apos;: &apos;text&apos;, &apos;bbox&apos;: (250.95, 201.165, 257.0, 214.64499999999998), &apos;color_space&apos;: &apos;DeviceGray&apos;, &apos;ncolor&apos;: None, &apos;size&apos;: 13.47999999999999, &apos;value&apos;: &apos;L&apos;, &apos;children&apos;: [], &apos;features&apos;: {}}, {&apos;type&apos;: &apos;text&apos;, &apos;bbox&apos;: (257.0, 201.165, 263.1, 214.64499999999998), &apos;color_space&apos;: &apos;DeviceGray&apos;, &apos;ncolor&apos;: None, &apos;size&apos;: 13.47999999999999, &apos;value&apos;: &apos;S&apos;, &apos;children&apos;: [], &apos;features&apos;: {}}, {&apos;type&apos;: &apos;text&apos;, &apos;bbox&apos;: (263.223, 201.896, 265.993, 215.186), &apos;color_space&apos;: &apos;DeviceGray&apos;, &apos;ncolor&apos;: None, &apos;size&apos;: 13.29000000000002, &apos;value&apos;: &apos;.&apos;, &apos;children&apos;: [], &apos;features&apos;: {}}, {&apos;type&apos;: &apos;text&apos;, &apos;bbox&apos;: (265.993, 201.896, 268.763, 215.186), &apos;color_space&apos;: &apos;DeviceGray&apos;, &apos;ncolor&apos;: None, &apos;size&apos;: 13.29000000000002, &apos;value&apos;: &apos;.&apos;, &apos;children&apos;: [], &apos;features&apos;: {}}, {&apos;type&apos;: &apos;text&apos;, &apos;bbox&apos;: (268.76300000000003, 201.896, 271.533, 215.186), &apos;color_space&apos;: &apos;DeviceGray&apos;, &apos;ncolor&apos;: None, &apos;size&apos;: 13.29000000000002, &apos;value&apos;: &apos;.&apos;, &apos;children&apos;: [], &apos;features&apos;: {}}, {&apos;type&apos;: &apos;text&apos;, &apos;bbox&apos;: (271.533, 201.896, 274.303, 215.186), &apos;color_space&apos;: &apos;DeviceGray&apos;, &apos;ncolor&apos;: None, &apos;size&apos;: 13.29000000000002, &apos;value&apos;: &apos;.&apos;, &apos;children&apos;: [], &apos;features&apos;: {}}, {&apos;type&apos;: &apos;text&apos;, &apos;bbox&apos;: (274.303, 201.896, 277.073, 215.186), &apos;color_space&apos;: &apos;DeviceGray&apos;, &apos;ncolor&apos;: None, &apos;size&apos;: 13.29000000000002, &apos;value&apos;: &apos;.&apos;, &apos;children&apos;: [], &apos;features&apos;: {}}, {&apos;type&apos;: &apos;text&apos;, &apos;bbox&apos;: (277.07300000000004, 201.896, 279.843, 215.186), &apos;color_space&apos;: &apos;DeviceGray&apos;, &apos;ncolor&apos;: None, &apos;size&apos;: 13.29000000000002, &apos;value&apos;: &apos;.&apos;, &apos;children&apos;: [], &apos;features&apos;: {}}, {&apos;type&apos;: &apos;text&apos;, &apos;bbox&apos;: (279.843, 201.896, 282.613, 215.186), &apos;color_space&apos;: &apos;DeviceGray&apos;, &apos;ncolor&apos;: None, &apos;size&apos;: 13.29000000000002, &apos;value&apos;: &apos;.&apos;, &apos;children&apos;: [], &apos;features&apos;: {}}, {&apos;type&apos;: &apos;text&apos;, &apos;bbox&apos;: (282.613, 201.896, 285.383, 215.186), &apos;color_space&apos;: &apos;DeviceGray&apos;, &apos;ncolor&apos;: None, &apos;size&apos;: 13.29000000000002, &apos;value&apos;: &apos;.&apos;, &apos;children&apos;: [], &apos;features&apos;: {}}, {&apos;type&apos;: &apos;text&apos;, &apos;bbox&apos;: (285.38300000000004, 201.896, 288.153, 215.186), &apos;color_space&apos;: &apos;DeviceGray&apos;, &apos;ncolor&apos;: None, &apos;size&apos;: 13.29000000000002, &apos;value&apos;: &apos;.&apos;, &apos;children&apos;: [], &apos;features&apos;: {}}, {&apos;type&apos;: &apos;text&apos;, &apos;bbox&apos;: (288.153, 201.896, 290.923, 215.186), &apos;color_space&apos;: &apos;DeviceGray&apos;, &apos;ncolor&apos;: None, &apos;size&apos;: 13.29000000000002, &apos;value&apos;: &apos;.&apos;, &apos;children&apos;: [], &apos;features&apos;: {}}, {&apos;type&apos;: &apos;text&apos;, &apos;bbox&apos;: (290.923, 201.896, 293.693, 215.186), &apos;color_space&apos;: &apos;DeviceGray&apos;, &apos;ncolor&apos;: None, &apos;size&apos;: 13.29000000000002, &apos;value&apos;: &apos;.&apos;, &apos;children&apos;: [], &apos;features&apos;: {}}, {&apos;type&apos;: &apos;text&apos;, &apos;bbox&apos;: (293.693, 201.896, 296.46299999999997, 215.186), &apos;color_space&apos;: &apos;DeviceGray&apos;, &apos;ncolor&apos;: None, &apos;size&apos;: 13.29000000000002, &apos;value&apos;: &apos;.&apos;, &apos;children&apos;: [], &apos;features&apos;: {}}, {&apos;type&apos;: &apos;text&apos;, &apos;bbox&apos;: (296.463, 201.896, 299.233, 215.186), &apos;color_space&apos;: &apos;DeviceGray&apos;, &apos;ncolor&apos;: None, &apos;size&apos;: 13.29000000000002, &apos;value&apos;: &apos;.&apos;, &apos;children&apos;: [], &apos;features&apos;: {}}, {&apos;type&apos;: &apos;text&apos;, &apos;bbox&apos;: (299.233, 201.896, 302.003, 215.186), &apos;color_space&apos;: &apos;DeviceGray&apos;, &apos;ncolor&apos;: None, &apos;size&apos;: 13.29000000000002, &apos;value&apos;: &apos;.&apos;, &apos;children&apos;: [], &apos;features&apos;: {}}, {&apos;type&apos;: &apos;text&apos;, &apos;bbox&apos;: (302.00300000000004, 201.896, 304.773, 215.186), &apos;color_space&apos;: &apos;DeviceGray&apos;, &apos;ncolor&apos;: None, &apos;size&apos;: 13.29000000000002, &apos;value&apos;: &apos;.&apos;, &apos;children&apos;: [], &apos;features&apos;: {}}, {&apos;type&apos;: &apos;text&apos;, &apos;bbox&apos;: (304.773, 201.896, 307.543, 215.186), &apos;color_space&apos;: &apos;DeviceGray&apos;, &apos;ncolor&apos;: None, &apos;size&apos;: 13.29000000000002, &apos;value&apos;: &apos;.&apos;, &apos;children&apos;: [], &apos;features&apos;: {}}, {&apos;type&apos;: &apos;text&apos;, &apos;bbox&apos;: (307.543, 201.896, 310.313, 215.186), &apos;color_space&apos;: &apos;DeviceGray&apos;, &apos;ncolor&apos;: None, &apos;size&apos;: 13.29000000000002, &apos;value&apos;: &apos;.&apos;, &apos;children&apos;: [], &apos;features&apos;: {}}, {&apos;type&apos;: &apos;text&apos;, &apos;bbox&apos;: (310.31300000000005, 201.896, 313.083, 215.186), &apos;color_space&apos;: &apos;DeviceGray&apos;, &apos;ncolor&apos;: None, &apos;size&apos;: 13.29000000000002, &apos;value&apos;: &apos;.&apos;, &apos;children&apos;: [], &apos;features&apos;: {}}, {&apos;type&apos;: &apos;text&apos;, &apos;bbox&apos;: (313.083, 201.896, 315.853, 215.186), &apos;color_space&apos;: &apos;DeviceGray&apos;, &apos;ncolor&apos;: None, &apos;size&apos;: 13.29000000000002, &apos;value&apos;: &apos;.&apos;, &apos;children&apos;: [], &apos;features&apos;: {}}, {&apos;type&apos;: &apos;text&apos;, &apos;bbox&apos;: (315.85300000000007, 201.896, 318.62300000000005, 215.186), &apos;color_space&apos;: &apos;DeviceGray&apos;, &apos;ncolor&apos;: None, &apos;size&apos;: 13.29000000000002, &apos;value&apos;: &apos;.&apos;, &apos;children&apos;: [], &apos;features&apos;: {}}, {&apos;type&apos;: &apos;text&apos;, &apos;bbox&apos;: (318.62300000000005, 201.896, 321.39300000000003, 215.186), &apos;color_space&apos;: &apos;DeviceGray&apos;, &apos;ncolor&apos;: None, &apos;size&apos;: 13.29000000000002, &apos;value&apos;: &apos;.&apos;, &apos;children&apos;: [], &apos;features&apos;: {}}, {&apos;type&apos;: &apos;text&apos;, &apos;bbox&apos;: (321.39300000000003, 201.896, 324.163, 215.186), &apos;color_space&apos;: &apos;DeviceGray&apos;, &apos;ncolor&apos;: None, &apos;size&apos;: 13.29000000000002, &apos;value&apos;: &apos;.&apos;, &apos;children&apos;: [], &apos;features&apos;: {}}, {&apos;type&apos;: &apos;text&apos;, &apos;bbox&apos;: (324.16300000000007, 201.896, 326.93300000000005, 215.186), &apos;color_space&apos;: &apos;DeviceGray&apos;, &apos;ncolor&apos;: None, &apos;size&apos;: 13.29000000000002, &apos;value&apos;: &apos;.&apos;, &apos;children&apos;: [], &apos;features&apos;: {}}, {&apos;type&apos;: &apos;text&apos;, &apos;bbox&apos;: (326.93300000000005, 201.896, 329.70300000000003, 215.186), &apos;color_space&apos;: &apos;DeviceGray&apos;, &apos;ncolor&apos;: None, &apos;size&apos;: 13.29000000000002, &apos;value&apos;: &apos;.&apos;, &apos;children&apos;: [], &apos;features&apos;: {}}, {&apos;type&apos;: &apos;text&apos;, &apos;bbox&apos;: (329.70300000000003, 201.896, 332.473, 215.186), &apos;color_space&apos;: &apos;DeviceGray&apos;, &apos;ncolor&apos;: None, &apos;size&apos;: 13.29000000000002, &apos;value&apos;: &apos;.&apos;, &apos;children&apos;: [], &apos;features&apos;: {}}, {&apos;type&apos;: &apos;text&apos;, &apos;bbox&apos;: (332.47300000000007, 201.896, 335.24300000000005, 215.186), &apos;color_space&apos;: &apos;DeviceGray&apos;, &apos;ncolor&apos;: None, &apos;size&apos;: 13.29000000000002, &apos;value&apos;: &apos;.&apos;, &apos;children&apos;: [], &apos;features&apos;: {}}, {&apos;type&apos;: &apos;text&apos;, &apos;bbox&apos;: (335.24300000000005, 201.896, 338.01300000000003, 215.186), &apos;color_space&apos;: &apos;DeviceGray&apos;, &apos;ncolor&apos;: None, &apos;size&apos;: 13.29000000000002, &apos;value&apos;: &apos;.&apos;, &apos;children&apos;: [], &apos;features&apos;: {}}, {&apos;type&apos;: &apos;text&apos;, &apos;bbox&apos;: (338.01300000000003, 201.896, 340.783, 215.186), &apos;color_space&apos;: &apos;DeviceGray&apos;, &apos;ncolor&apos;: None, &apos;size&apos;: 13.29000000000002, &apos;value&apos;: &apos;.&apos;, &apos;children&apos;: [], &apos;features&apos;: {}}, {&apos;type&apos;: &apos;text&apos;, &apos;bbox&apos;: (340.783, 201.896, 343.553, 215.186), &apos;color_space&apos;: &apos;DeviceGray&apos;, &apos;ncolor&apos;: None, &apos;size&apos;: 13.29000000000002, &apos;value&apos;: &apos;.&apos;, &apos;children&apos;: [], &apos;features&apos;: {}}, {&apos;type&apos;: &apos;text&apos;, &apos;bbox&apos;: (343.553, 201.896, 346.323, 215.186), &apos;color_space&apos;: &apos;DeviceGray&apos;, &apos;ncolor&apos;: None, &apos;size&apos;: 13.29000000000002, &apos;value&apos;: &apos;.&apos;, &apos;children&apos;: [], &apos;features&apos;: {}}, {&apos;type&apos;: &apos;text&apos;, &apos;bbox&apos;: (346.32300000000004, 201.896, 349.093, 215.186), &apos;color_space&apos;: &apos;DeviceGray&apos;, &apos;ncolor&apos;: None, &apos;size&apos;: 13.29000000000002, &apos;value&apos;: &apos;.&apos;, &apos;children&apos;: [], &apos;features&apos;: {}}, {&apos;type&apos;: &apos;text&apos;, &apos;bbox&apos;: (349.093, 201.896, 351.863, 215.186), &apos;color_space&apos;: &apos;DeviceGray&apos;, &apos;ncolor&apos;: None, &apos;size&apos;: 13.29000000000002, &apos;value&apos;: &apos;.&apos;, &apos;children&apos;: [], &apos;features&apos;: {}}, {&apos;type&apos;: &apos;text&apos;, &apos;bbox&apos;: (351.863, 201.896, 354.633, 215.186), &apos;color_space&apos;: &apos;DeviceGray&apos;, &apos;ncolor&apos;: None, &apos;size&apos;: 13.29000000000002, &apos;value&apos;: &apos;.&apos;, &apos;children&apos;: [], &apos;features&apos;: {}}, {&apos;type&apos;: &apos;text&apos;, &apos;bbox&apos;: (354.63300000000004, 201.896, 357.403, 215.186), &apos;color_space&apos;: &apos;DeviceGray&apos;, &apos;ncolor&apos;: None, &apos;size&apos;: 13.29000000000002, &apos;value&apos;: &apos;.&apos;, &apos;children&apos;: [], &apos;features&apos;: {}}, {&apos;type&apos;: &apos;text&apos;, &apos;bbox&apos;: (357.403, 201.896, 360.173, 215.186), &apos;color_space&apos;: &apos;DeviceGray&apos;, &apos;ncolor&apos;: None, &apos;size&apos;: 13.29000000000002, &apos;value&apos;: &apos;.&apos;, &apos;children&apos;: [], &apos;features&apos;: {}}, {&apos;type&apos;: &apos;text&apos;, &apos;bbox&apos;: (360.173, 201.896, 362.943, 215.186), &apos;color_space&apos;: &apos;DeviceGray&apos;, &apos;ncolor&apos;: None, &apos;size&apos;: 13.29000000000002, &apos;value&apos;: &apos;.&apos;, &apos;children&apos;: [], &apos;features&apos;: {}}, {&apos;type&apos;: &apos;text&apos;, &apos;bbox&apos;: (362.943, 201.896, 365.71299999999997, 215.186), &apos;color_space&apos;: &apos;DeviceGray&apos;, &apos;ncolor&apos;: None, &apos;size&apos;: 13.29000000000002, &apos;value&apos;: &apos;.&apos;, &apos;children&apos;: [], &apos;features&apos;: {}}, {&apos;type&apos;: &apos;text&apos;, &apos;bbox&apos;: (365.71299999999997, 201.896, 368.48299999999995, 215.186), &apos;color_space&apos;: &apos;DeviceGray&apos;, &apos;ncolor&apos;: None, &apos;size&apos;: 13.29000000000002, &apos;value&apos;: &apos;.&apos;, &apos;children&apos;: [], &apos;features&apos;: {}}, {&apos;type&apos;: &apos;text&apos;, &apos;bbox&apos;: (368.483, 201.896, 371.253, 215.186), &apos;color_space&apos;: &apos;DeviceGray&apos;, &apos;ncolor&apos;: None, &apos;size&apos;: 13.29000000000002, &apos;value&apos;: &apos;.&apos;, &apos;children&apos;: [], &apos;features&apos;: {}}, {&apos;type&apos;: &apos;text&apos;, &apos;bbox&apos;: (371.253, 201.896, 374.02299999999997, 215.186), &apos;color_space&apos;: &apos;DeviceGray&apos;, &apos;ncolor&apos;: None, &apos;size&apos;: 13.29000000000002, &apos;value&apos;: &apos;.&apos;, &apos;children&apos;: [], &apos;features&apos;: {}}, {&apos;type&apos;: &apos;text&apos;, &apos;bbox&apos;: (374.02299999999997, 201.896, 376.79299999999995, 215.186), &apos;color_space&apos;: &apos;DeviceGray&apos;, &apos;ncolor&apos;: None, &apos;size&apos;: 13.29000000000002, &apos;value&apos;: &apos;.&apos;, &apos;children&apos;: [], &apos;features&apos;: {}}, {&apos;type&apos;: &apos;text&apos;, &apos;bbox&apos;: (376.793, 201.896, 379.563, 215.186), &apos;color_space&apos;: &apos;DeviceGray&apos;, &apos;ncolor&apos;: None, &apos;size&apos;: 13.29000000000002, &apos;value&apos;: &apos;.&apos;, &apos;children&apos;: [], &apos;features&apos;: {}}, {&apos;type&apos;: &apos;text&apos;, &apos;bbox&apos;: (379.563, 201.896, 382.33299999999997, 215.186), &apos;color_space&apos;: &apos;DeviceGray&apos;, &apos;ncolor&apos;: None, &apos;size&apos;: 13.29000000000002, &apos;value&apos;: &apos;.&apos;, &apos;children&apos;: [], &apos;features&apos;: {}}, {&apos;type&apos;: &apos;text&apos;, &apos;bbox&apos;: (382.33299999999997, 201.896, 385.10299999999995, 215.186), &apos;color_space&apos;: &apos;DeviceGray&apos;, &apos;ncolor&apos;: None, &apos;size&apos;: 13.29000000000002, &apos;value&apos;: &apos;.&apos;, &apos;children&apos;: [], &apos;features&apos;: {}}, {&apos;type&apos;: &apos;text&apos;, &apos;bbox&apos;: (385.10299999999995, 201.896, 387.87299999999993, 215.186), &apos;color_space&apos;: &apos;DeviceGray&apos;, &apos;ncolor&apos;: None, &apos;size&apos;: 13.29000000000002, &apos;value&apos;: &apos;.&apos;, &apos;children&apos;: [], &apos;features&apos;: {}}, {&apos;type&apos;: &apos;text&apos;, &apos;bbox&apos;: (387.87299999999993, 201.896, 390.6429999999999, 215.186), &apos;color_space&apos;: &apos;DeviceGray&apos;, &apos;ncolor&apos;: None, &apos;size&apos;: 13.29000000000002, &apos;value&apos;: &apos;.&apos;, &apos;children&apos;: [], &apos;features&apos;: {}}, {&apos;type&apos;: &apos;text&apos;, &apos;bbox&apos;: (390.643, 201.896, 393.41299999999995, 215.186), &apos;color_space&apos;: &apos;DeviceGray&apos;, &apos;ncolor&apos;: None, &apos;size&apos;: 13.29000000000002, &apos;value&apos;: &apos;.&apos;, &apos;children&apos;: [], &apos;features&apos;: {}}, {&apos;type&apos;: &apos;text&apos;, &apos;bbox&apos;: (393.41299999999995, 201.896, 396.18299999999994, 215.186), &apos;color_space&apos;: &apos;DeviceGray&apos;, &apos;ncolor&apos;: None, &apos;size&apos;: 13.29000000000002, &apos;value&apos;: &apos;.&apos;, &apos;children&apos;: [], &apos;features&apos;: {}}, {&apos;type&apos;: &apos;text&apos;, &apos;bbox&apos;: (396.183, 201.896, 398.953, 215.186), &apos;color_space&apos;: &apos;DeviceGray&apos;, &apos;ncolor&apos;: None, &apos;size&apos;: 13.29000000000002, &apos;value&apos;: &apos;.&apos;, &apos;children&apos;: [], &apos;features&apos;: {}}, {&apos;type&apos;: &apos;text&apos;, &apos;bbox&apos;: (398.953, 201.896, 401.72299999999996, 215.186), &apos;color_space&apos;: &apos;DeviceGray&apos;, &apos;ncolor&apos;: None, &apos;size&apos;: 13.29000000000002, &apos;value&apos;: &apos;.&apos;, &apos;children&apos;: [], &apos;features&apos;: {}}, {&apos;type&apos;: &apos;text&apos;, &apos;bbox&apos;: (401.72299999999996, 201.896, 404.49299999999994, 215.186), &apos;color_space&apos;: &apos;DeviceGray&apos;, &apos;ncolor&apos;: None, &apos;size&apos;: 13.29000000000002, &apos;value&apos;: &apos;.&apos;, &apos;children&apos;: [], &apos;features&apos;: {}}, {&apos;type&apos;: &apos;text&apos;, &apos;bbox&apos;: (404.493, 201.896, 407.263, 215.186), &apos;color_space&apos;: &apos;DeviceGray&apos;, &apos;ncolor&apos;: None, &apos;size&apos;: 13.29000000000002, &apos;value&apos;: &apos;.&apos;, &apos;children&apos;: [], &apos;features&apos;: {}}, {&apos;type&apos;: &apos;text&apos;, &apos;bbox&apos;: (407.26300000000003, 201.896, 410.033, 215.186), &apos;color_space&apos;: &apos;DeviceGray&apos;, &apos;ncolor&apos;: None, &apos;size&apos;: 13.29000000000002, &apos;value&apos;: &apos;.&apos;, &apos;children&apos;: [], &apos;features&apos;: {}}, {&apos;type&apos;: &apos;text&apos;, &apos;bbox&apos;: (410.033, 201.896, 412.803, 215.186), &apos;color_space&apos;: &apos;DeviceGray&apos;, &apos;ncolor&apos;: None, &apos;size&apos;: 13.29000000000002, &apos;value&apos;: &apos;.&apos;, &apos;children&apos;: [], &apos;features&apos;: {}}, {&apos;type&apos;: &apos;text&apos;, &apos;bbox&apos;: (412.803, 201.896, 415.573, 215.186), &apos;color_space&apos;: &apos;DeviceGray&apos;, &apos;ncolor&apos;: None, &apos;size&apos;: 13.29000000000002, &apos;value&apos;: &apos;.&apos;, &apos;children&apos;: [], &apos;features&apos;: {}}, {&apos;type&apos;: &apos;text&apos;, &apos;bbox&apos;: (415.57300000000004, 201.896, 418.343, 215.186), &apos;color_space&apos;: &apos;DeviceGray&apos;, &apos;ncolor&apos;: None, &apos;size&apos;: 13.29000000000002, &apos;value&apos;: &apos;.&apos;, &apos;children&apos;: [], &apos;features&apos;: {}}, {&apos;type&apos;: &apos;text&apos;, &apos;bbox&apos;: (418.3430000000001, 201.896, 421.11300000000006, 215.186), &apos;color_space&apos;: &apos;DeviceGray&apos;, &apos;ncolor&apos;: None, &apos;size&apos;: 13.29000000000002, &apos;value&apos;: &apos;.&apos;, &apos;children&apos;: [], &apos;features&apos;: {}}, {&apos;type&apos;: &apos;text&apos;, &apos;bbox&apos;: (421.11300000000006, 201.896, 423.88300000000004, 215.186), &apos;color_space&apos;: &apos;DeviceGray&apos;, &apos;ncolor&apos;: None, &apos;size&apos;: 13.29000000000002, &apos;value&apos;: &apos;.&apos;, &apos;children&apos;: [], &apos;features&apos;: {}}, {&apos;type&apos;: &apos;text&apos;, &apos;bbox&apos;: (423.88300000000004, 201.896, 426.653, 215.186), &apos;color_space&apos;: &apos;DeviceGray&apos;, &apos;ncolor&apos;: None, &apos;size&apos;: 13.29000000000002, &apos;value&apos;: &apos;.&apos;, &apos;children&apos;: [], &apos;features&apos;: {}}, {&apos;type&apos;: &apos;text&apos;, &apos;bbox&apos;: (426.6530000000001, 201.896, 429.42300000000006, 215.186), &apos;color_space&apos;: &apos;DeviceGray&apos;, &apos;ncolor&apos;: None, &apos;size&apos;: 13.29000000000002, &apos;value&apos;: &apos;.&apos;, &apos;children&apos;: [], &apos;features&apos;: {}}, {&apos;type&apos;: &apos;text&apos;, &apos;bbox&apos;: (429.4230000000001, 201.896, 432.1930000000001, 215.186), &apos;color_space&apos;: &apos;DeviceGray&apos;, &apos;ncolor&apos;: None, &apos;size&apos;: 13.29000000000002, &apos;value&apos;: &apos;.&apos;, &apos;children&apos;: [], &apos;features&apos;: {}}, {&apos;type&apos;: &apos;text&apos;, &apos;bbox&apos;: (432.1930000000001, 201.896, 434.9630000000001, 215.186), &apos;color_space&apos;: &apos;DeviceGray&apos;, &apos;ncolor&apos;: None, &apos;size&apos;: 13.29000000000002, &apos;value&apos;: &apos;.&apos;, &apos;children&apos;: [], &apos;features&apos;: {}}, {&apos;type&apos;: &apos;text&apos;, &apos;bbox&apos;: (434.9630000000001, 201.896, 437.73300000000006, 215.186), &apos;color_space&apos;: &apos;DeviceGray&apos;, &apos;ncolor&apos;: None, &apos;size&apos;: 13.29000000000002, &apos;value&apos;: &apos;.&apos;, &apos;children&apos;: [], &apos;features&apos;: {}}, {&apos;type&apos;: &apos;text&apos;, &apos;bbox&apos;: (437.7330000000001, 201.896, 440.5030000000001, 215.186), &apos;color_space&apos;: &apos;DeviceGray&apos;, &apos;ncolor&apos;: None, &apos;size&apos;: 13.29000000000002, &apos;value&apos;: &apos;.&apos;, &apos;children&apos;: [], &apos;features&apos;: {}}, {&apos;type&apos;: &apos;text&apos;, &apos;bbox&apos;: (440.50300000000016, 201.896, 443.27300000000014, 215.186), &apos;color_space&apos;: &apos;DeviceGray&apos;, &apos;ncolor&apos;: None, &apos;size&apos;: 13.29000000000002, &apos;value&apos;: &apos;.&apos;, &apos;children&apos;: [], &apos;features&apos;: {}}, {&apos;type&apos;: &apos;text&apos;, &apos;bbox&apos;: (443.27300000000014, 201.896, 446.0430000000001, 215.186), &apos;color_space&apos;: &apos;DeviceGray&apos;, &apos;ncolor&apos;: None, &apos;size&apos;: 13.29000000000002, &apos;value&apos;: &apos;.&apos;, &apos;children&apos;: [], &apos;features&apos;: {}}, {&apos;type&apos;: &apos;text&apos;, &apos;bbox&apos;: (446.0430000000001, 201.896, 448.8130000000001, 215.186), &apos;color_space&apos;: &apos;DeviceGray&apos;, &apos;ncolor&apos;: None, &apos;size&apos;: 13.29000000000002, &apos;value&apos;: &apos;.&apos;, &apos;children&apos;: [], &apos;features&apos;: {}}, {&apos;type&apos;: &apos;text&apos;, &apos;bbox&apos;: (448.81300000000016, 201.896, 451.58300000000014, 215.186), &apos;color_space&apos;: &apos;DeviceGray&apos;, &apos;ncolor&apos;: None, &apos;size&apos;: 13.29000000000002, &apos;value&apos;: &apos;.&apos;, &apos;children&apos;: [], &apos;features&apos;: {}}, {&apos;type&apos;: &apos;text&apos;, &apos;bbox&apos;: (451.5830000000002, 201.896, 454.3530000000002, 215.186), &apos;color_space&apos;: &apos;DeviceGray&apos;, &apos;ncolor&apos;: None, &apos;size&apos;: 13.29000000000002, &apos;value&apos;: &apos;.&apos;, &apos;children&apos;: [], &apos;features&apos;: {}}, {&apos;type&apos;: &apos;text&apos;, &apos;bbox&apos;: (454.3530000000002, 201.896, 457.12300000000016, 215.186), &apos;color_space&apos;: &apos;DeviceGray&apos;, &apos;ncolor&apos;: None, &apos;size&apos;: 13.29000000000002, &apos;value&apos;: &apos;.&apos;, &apos;children&apos;: [], &apos;features&apos;: {}}, {&apos;type&apos;: &apos;text&apos;, &apos;bbox&apos;: (457.12300000000016, 201.896, 459.89300000000014, 215.186), &apos;color_space&apos;: &apos;DeviceGray&apos;, &apos;ncolor&apos;: None, &apos;size&apos;: 13.29000000000002, &apos;value&apos;: &apos;.&apos;, &apos;children&apos;: [], &apos;features&apos;: {}}, {&apos;type&apos;: &apos;text&apos;, &apos;bbox&apos;: (459.8930000000002, 201.896, 462.6630000000002, 215.186), &apos;color_space&apos;: &apos;DeviceGray&apos;, &apos;ncolor&apos;: None, &apos;size&apos;: 13.29000000000002, &apos;value&apos;: &apos;.&apos;, &apos;children&apos;: [], &apos;features&apos;: {}}, {&apos;type&apos;: &apos;text&apos;, &apos;bbox&apos;: (462.66300000000024, 201.896, 465.4330000000002, 215.186), &apos;color_space&apos;: &apos;DeviceGray&apos;, &apos;ncolor&apos;: None, &apos;size&apos;: 13.29000000000002, &apos;value&apos;: &apos;.&apos;, &apos;children&apos;: [], &apos;features&apos;: {}}, {&apos;type&apos;: &apos;text&apos;, &apos;bbox&apos;: (465.4330000000002, 201.896, 468.2030000000002, 215.186), &apos;color_space&apos;: &apos;DeviceGray&apos;, &apos;ncolor&apos;: None, &apos;size&apos;: 13.29000000000002, &apos;value&apos;: &apos;.&apos;, &apos;children&apos;: [], &apos;features&apos;: {}}, {&apos;type&apos;: &apos;text&apos;, &apos;bbox&apos;: (468.2030000000002, 201.896, 470.9730000000002, 215.186), &apos;color_space&apos;: &apos;DeviceGray&apos;, &apos;ncolor&apos;: None, &apos;size&apos;: 13.29000000000002, &apos;value&apos;: &apos;.&apos;, &apos;children&apos;: [], &apos;features&apos;: {}}, {&apos;type&apos;: &apos;text&apos;, &apos;bbox&apos;: (470.97300000000024, 201.896, 473.7430000000002, 215.186), &apos;color_space&apos;: &apos;DeviceGray&apos;, &apos;ncolor&apos;: None, &apos;size&apos;: 13.29000000000002, &apos;value&apos;: &apos;.&apos;, &apos;children&apos;: [], &apos;features&apos;: {}}, {&apos;type&apos;: &apos;text&apos;, &apos;bbox&apos;: (473.7430000000003, 201.896, 476.51300000000026, 215.186), &apos;color_space&apos;: &apos;DeviceGray&apos;, &apos;ncolor&apos;: None, &apos;size&apos;: 13.29000000000002, &apos;value&apos;: &apos;.&apos;, &apos;children&apos;: [], &apos;features&apos;: {}}, {&apos;type&apos;: &apos;text&apos;, &apos;bbox&apos;: (476.51300000000026, 201.896, 479.28300000000024, 215.186), &apos;color_space&apos;: &apos;DeviceGray&apos;, &apos;ncolor&apos;: None, &apos;size&apos;: 13.29000000000002, &apos;value&apos;: &apos;.&apos;, &apos;children&apos;: [], &apos;features&apos;: {}}, {&apos;type&apos;: &apos;text&apos;, &apos;bbox&apos;: (479.28300000000024, 201.896, 482.0530000000002, 215.186), &apos;color_space&apos;: &apos;DeviceGray&apos;, &apos;ncolor&apos;: None, &apos;size&apos;: 13.29000000000002, &apos;value&apos;: &apos;.&apos;, &apos;children&apos;: [], &apos;features&apos;: {}}, {&apos;type&apos;: &apos;text&apos;, &apos;bbox&apos;: (482.0530000000003, 201.896, 484.82300000000026, 215.186), &apos;color_space&apos;: &apos;DeviceGray&apos;, &apos;ncolor&apos;: None, &apos;size&apos;: 13.29000000000002, &apos;value&apos;: &apos;.&apos;, &apos;children&apos;: [], &apos;features&apos;: {}}, {&apos;type&apos;: &apos;text&apos;, &apos;bbox&apos;: (484.8230000000003, 201.896, 487.5930000000003, 215.186), &apos;color_space&apos;: &apos;DeviceGray&apos;, &apos;ncolor&apos;: None, &apos;size&apos;: 13.29000000000002, &apos;value&apos;: &apos;.&apos;, &apos;children&apos;: [], &apos;features&apos;: {}}, {&apos;type&apos;: &apos;text&apos;, &apos;bbox&apos;: (487.5930000000003, 201.896, 490.3630000000003, 215.186), &apos;color_space&apos;: &apos;DeviceGray&apos;, &apos;ncolor&apos;: None, &apos;size&apos;: 13.29000000000002, &apos;value&apos;: &apos;.&apos;, &apos;children&apos;: [], &apos;features&apos;: {}}, {&apos;type&apos;: &apos;text&apos;, &apos;bbox&apos;: (490.3630000000003, 201.896, 493.13300000000027, 215.186), &apos;color_space&apos;: &apos;DeviceGray&apos;, &apos;ncolor&apos;: None, &apos;size&apos;: 13.29000000000002, &apos;value&apos;: &apos;.&apos;, &apos;children&apos;: [], &apos;features&apos;: {}}, {&apos;type&apos;: &apos;text&apos;, &apos;bbox&apos;: (493.1330000000003, 201.896, 495.9030000000003, 215.186), &apos;color_space&apos;: &apos;DeviceGray&apos;, &apos;ncolor&apos;: None, &apos;size&apos;: 13.29000000000002, &apos;value&apos;: &apos;.&apos;, &apos;children&apos;: [], &apos;features&apos;: {}}, {&apos;type&apos;: &apos;text&apos;, &apos;bbox&apos;: (495.90300000000036, 201.896, 498.67300000000034, 215.186), &apos;color_space&apos;: &apos;DeviceGray&apos;, &apos;ncolor&apos;: None, &apos;size&apos;: 13.29000000000002, &apos;value&apos;: &apos;.&apos;, &apos;children&apos;: [], &apos;features&apos;: {}}, {&apos;type&apos;: &apos;text&apos;, &apos;bbox&apos;: (498.67300000000034, 201.896, 501.4430000000003, 215.186), &apos;color_space&apos;: &apos;DeviceGray&apos;, &apos;ncolor&apos;: None, &apos;size&apos;: 13.29000000000002, &apos;value&apos;: &apos;.&apos;, &apos;children&apos;: [], &apos;features&apos;: {}}, {&apos;type&apos;: &apos;text&apos;, &apos;bbox&apos;: (501.4430000000003, 201.896, 504.2130000000003, 215.186), &apos;color_space&apos;: &apos;DeviceGray&apos;, &apos;ncolor&apos;: None, &apos;size&apos;: 13.29000000000002, &apos;value&apos;: &apos;.&apos;, &apos;children&apos;: [], &apos;features&apos;: {}}, {&apos;type&apos;: &apos;text&apos;, &apos;bbox&apos;: (504.21300000000036, 201.896, 506.98300000000035, 215.186), &apos;color_space&apos;: &apos;DeviceGray&apos;, &apos;ncolor&apos;: None, &apos;size&apos;: 13.29000000000002, &apos;value&apos;: &apos;.&apos;, &apos;children&apos;: [], &apos;features&apos;: {}}, {&apos;type&apos;: &apos;text&apos;, &apos;bbox&apos;: (506.9830000000004, 201.896, 509.7530000000004, 215.186), &apos;color_space&apos;: &apos;DeviceGray&apos;, &apos;ncolor&apos;: None, &apos;size&apos;: 13.29000000000002, &apos;value&apos;: &apos;.&apos;, &apos;children&apos;: [], &apos;features&apos;: {}}, {&apos;type&apos;: &apos;text&apos;, &apos;bbox&apos;: (509.7530000000004, 201.896, 512.5230000000004, 215.186), &apos;color_space&apos;: &apos;DeviceGray&apos;, &apos;ncolor&apos;: None, &apos;size&apos;: 13.29000000000002, &apos;value&apos;: &apos;.&apos;, &apos;children&apos;: [], &apos;features&apos;: {}}, {&apos;type&apos;: &apos;text&apos;, &apos;bbox&apos;: (512.5230000000004, 201.896, 515.2930000000003, 215.186), &apos;color_space&apos;: &apos;DeviceGray&apos;, &apos;ncolor&apos;: None, &apos;size&apos;: 13.29000000000002, &apos;value&apos;: &apos;.&apos;, &apos;children&apos;: [], &apos;features&apos;: {}}, {&apos;type&apos;: &apos;text&apos;, &apos;bbox&apos;: (515.2930000000003, 201.896, 518.0630000000003, 215.186), &apos;color_space&apos;: &apos;DeviceGray&apos;, &apos;ncolor&apos;: None, &apos;size&apos;: 13.29000000000002, &apos;value&apos;: &apos;.&apos;, &apos;children&apos;: [], &apos;features&apos;: {}}, {&apos;type&apos;: &apos;text&apos;, &apos;bbox&apos;: (518.0630000000004, 201.896, 520.8330000000004, 215.186), &apos;color_space&apos;: &apos;DeviceGray&apos;, &apos;ncolor&apos;: None, &apos;size&apos;: 13.29000000000002, &apos;value&apos;: &apos;.&apos;, &apos;children&apos;: [], &apos;features&apos;: {}}, {&apos;type&apos;: &apos;text&apos;, &apos;bbox&apos;: (520.8330000000004, 201.896, 523.6030000000004, 215.186), &apos;color_space&apos;: &apos;DeviceGray&apos;, &apos;ncolor&apos;: None, &apos;size&apos;: 13.29000000000002, &apos;value&apos;: &apos;.&apos;, &apos;children&apos;: [], &apos;features&apos;: {}}, {&apos;type&apos;: &apos;text&apos;, &apos;bbox&apos;: (525.548, 201.896, 531.108, 215.186), &apos;color_space&apos;: &apos;DeviceGray&apos;, &apos;ncolor&apos;: None, &apos;size&apos;: 13.29000000000002, &apos;value&apos;: &apos;9&apos;, &apos;children&apos;: [], &apos;features&apos;: {}}, {&apos;type&apos;: &apos;text&apos;, &apos;bbox&apos;: (531.108, 201.896, 534.438, 215.186), &apos;color_space&apos;: &apos;DeviceGray&apos;, &apos;ncolor&apos;: None, &apos;size&apos;: 13.29000000000002, &apos;value&apos;: &apos;-&apos;, &apos;children&apos;: [], &apos;features&apos;: {}}, {&apos;type&apos;: &apos;text&apos;, &apos;bbox&apos;: (534.439, 201.896, 539.9989999999999, 215.186), &apos;color_space&apos;: &apos;DeviceGray&apos;, &apos;ncolor&apos;: None, &apos;size&apos;: 13.29000000000002, &apos;value&apos;: &apos;5&apos;, &apos;children&apos;: [], &apos;features&apos;: {}}], &apos;features&apos;: {}}
*********************





--------------------------------- CONTENT AREA --------------------------------- 
This content area has an image
{&apos;type&apos;: &apos;figure&apos;, &apos;bbox&apos;: (0, 0, 612.0, 792.0), &apos;name&apos;: &apos;fx76&apos;, &apos;children&apos;: [{&apos;type&apos;: &apos;text&apos;, &apos;bbox&apos;: (114.0, 185.674, 119.57, 199.154), &apos;color_space&apos;: &apos;DeviceGray&apos;, &apos;ncolor&apos;: None, &apos;size&apos;: 13.47999999999999, &apos;value&apos;: &apos;F&apos;, &apos;children&apos;: [], &apos;features&apos;: {}}, {&apos;type&apos;: &apos;text&apos;, &apos;bbox&apos;: (119.57, 185.674, 125.66999999999999, 199.154), &apos;color_space&apos;: &apos;DeviceGray&apos;, &apos;ncolor&apos;: None, &apos;size&apos;: 13.47999999999999, &apos;value&apos;: &apos;S&apos;, &apos;children&apos;: [], &apos;features&apos;: {}}, {&apos;type&apos;: &apos;text&apos;, &apos;bbox&apos;: (125.67, 185.674, 129.56, 199.154), &apos;color_space&apos;: &apos;DeviceGray&apos;, &apos;ncolor&apos;: None, &apos;size&apos;: 13.47999999999999, &apos;value&apos;: &apos;I&apos;, &apos;children&apos;: [], &apos;features&apos;: {}}, {&apos;type&apos;: &apos;text&apos;, &apos;bbox&apos;: (129.56, 185.674, 134.56, 199.154), &apos;color_space&apos;: &apos;DeviceGray&apos;, &apos;ncolor&apos;: None, &apos;size&apos;: 13.47999999999999, &apos;value&apos;: &apos;_&apos;, &apos;children&apos;: [], &apos;features&apos;: {}}, {&apos;type&apos;: &apos;text&apos;, &apos;bbox&apos;: (134.56, 185.674, 142.89000000000001, 199.154), &apos;color_space&apos;: &apos;DeviceGray&apos;, &apos;ncolor&apos;: None, &apos;size&apos;: 13.47999999999999, &apos;value&apos;: &apos;N&apos;, &apos;children&apos;: [], &apos;features&apos;: {}}, {&apos;type&apos;: &apos;text&apos;, &apos;bbox&apos;: (142.89, 185.674, 148.94, 199.154), &apos;color_space&apos;: &apos;DeviceGray&apos;, &apos;ncolor&apos;: None, &apos;size&apos;: 13.47999999999999, &apos;value&apos;: &apos;E&apos;, &apos;children&apos;: [], &apos;features&apos;: {}}, {&apos;type&apos;: &apos;text&apos;, &apos;bbox&apos;: (148.94, 185.674, 155.6, 199.154), &apos;color_space&apos;: &apos;DeviceGray&apos;, &apos;ncolor&apos;: None, &apos;size&apos;: 13.47999999999999, &apos;value&apos;: &apos;T&apos;, &apos;children&apos;: [], &apos;features&apos;: {}}, {&apos;type&apos;: &apos;text&apos;, &apos;bbox&apos;: (155.6, 185.674, 160.6, 199.154), &apos;color_space&apos;: &apos;DeviceGray&apos;, &apos;ncolor&apos;: None, &apos;size&apos;: 13.47999999999999, &apos;value&apos;: &apos;_&apos;, &apos;children&apos;: [], &apos;features&apos;: {}}, {&apos;type&apos;: &apos;text&apos;, &apos;bbox&apos;: (160.6, 185.674, 170.6, 199.154), &apos;color_space&apos;: &apos;DeviceGray&apos;, &apos;ncolor&apos;: None, &apos;size&apos;: 13.47999999999999, &apos;value&apos;: &apos;M&apos;, &apos;children&apos;: [], &apos;features&apos;: {}}, {&apos;type&apos;: &apos;text&apos;, &apos;bbox&apos;: (170.6, 185.674, 178.37, 199.154), &apos;color_space&apos;: &apos;DeviceGray&apos;, &apos;ncolor&apos;: None, &apos;size&apos;: 13.47999999999999, &apos;value&apos;: &apos;A&apos;, &apos;children&apos;: [], &apos;features&apos;: {}}, {&apos;type&apos;: &apos;text&apos;, &apos;bbox&apos;: (178.37, 185.674, 185.5, 199.154), &apos;color_space&apos;: &apos;DeviceGray&apos;, &apos;ncolor&apos;: None, &apos;size&apos;: 13.47999999999999, &apos;value&apos;: &apos;R&apos;, &apos;children&apos;: [], &apos;features&apos;: {}}, {&apos;type&apos;: &apos;text&apos;, &apos;bbox&apos;: (185.5, 185.674, 193.83, 199.154), &apos;color_space&apos;: &apos;DeviceGray&apos;, &apos;ncolor&apos;: None, &apos;size&apos;: 13.47999999999999, &apos;value&apos;: &apos;G&apos;, &apos;children&apos;: [], &apos;features&apos;: {}}, {&apos;type&apos;: &apos;text&apos;, &apos;bbox&apos;: (193.82999999999998, 185.674, 197.71999999999997, 199.154), &apos;color_space&apos;: &apos;DeviceGray&apos;, &apos;ncolor&apos;: None, &apos;size&apos;: 13.47999999999999, &apos;value&apos;: &apos;I&apos;, &apos;children&apos;: [], &apos;features&apos;: {}}, {&apos;type&apos;: &apos;text&apos;, &apos;bbox&apos;: (197.71999999999997, 185.674, 206.04999999999998, 199.154), &apos;color_space&apos;: &apos;DeviceGray&apos;, &apos;ncolor&apos;: None, &apos;size&apos;: 13.47999999999999, &apos;value&apos;: &apos;N&apos;, &apos;children&apos;: [], &apos;features&apos;: {}}, {&apos;type&apos;: &apos;text&apos;, &apos;bbox&apos;: (206.04999999999998, 185.674, 211.04999999999998, 199.154), &apos;color_space&apos;: &apos;DeviceGray&apos;, &apos;ncolor&apos;: None, &apos;size&apos;: 13.47999999999999, &apos;value&apos;: &apos;_&apos;, &apos;children&apos;: [], &apos;features&apos;: {}}, {&apos;type&apos;: &apos;text&apos;, &apos;bbox&apos;: (211.04999999999998, 185.674, 221.04999999999998, 199.154), &apos;color_space&apos;: &apos;DeviceGray&apos;, &apos;ncolor&apos;: None, &apos;size&apos;: 13.47999999999999, &apos;value&apos;: &apos;M&apos;, &apos;children&apos;: [], &apos;features&apos;: {}}, {&apos;type&apos;: &apos;text&apos;, &apos;bbox&apos;: (221.04999999999998, 185.674, 227.1, 199.154), &apos;color_space&apos;: &apos;DeviceGray&apos;, &apos;ncolor&apos;: None, &apos;size&apos;: 13.47999999999999, &apos;value&apos;: &apos;L&apos;, &apos;children&apos;: [], &apos;features&apos;: {}}, {&apos;type&apos;: &apos;text&apos;, &apos;bbox&apos;: (227.09999999999997, 185.674, 233.19999999999996, 199.154), &apos;color_space&apos;: &apos;DeviceGray&apos;, &apos;ncolor&apos;: None, &apos;size&apos;: 13.47999999999999, &apos;value&apos;: &apos;S&apos;, &apos;children&apos;: [], &apos;features&apos;: {}}, {&apos;type&apos;: &apos;text&apos;, &apos;bbox&apos;: (233.272, 186.40499999999997, 236.042, 199.695), &apos;color_space&apos;: &apos;DeviceGray&apos;, &apos;ncolor&apos;: None, &apos;size&apos;: 13.29000000000002, &apos;value&apos;: &apos;.&apos;, &apos;children&apos;: [], &apos;features&apos;: {}}, {&apos;type&apos;: &apos;text&apos;, &apos;bbox&apos;: (236.042, 186.40499999999997, 238.812, 199.695), &apos;color_space&apos;: &apos;DeviceGray&apos;, &apos;ncolor&apos;: None, &apos;size&apos;: 13.29000000000002, &apos;value&apos;: &apos;.&apos;, &apos;children&apos;: [], &apos;features&apos;: {}}, {&apos;type&apos;: &apos;text&apos;, &apos;bbox&apos;: (238.81199999999998, 186.40499999999997, 241.582, 199.695), &apos;color_space&apos;: &apos;DeviceGray&apos;, &apos;ncolor&apos;: None, &apos;size&apos;: 13.29000000000002, &apos;value&apos;: &apos;.&apos;, &apos;children&apos;: [], &apos;features&apos;: {}}, {&apos;type&apos;: &apos;text&apos;, &apos;bbox&apos;: (241.582, 186.40499999999997, 244.352, 199.695), &apos;color_space&apos;: &apos;DeviceGray&apos;, &apos;ncolor&apos;: None, &apos;size&apos;: 13.29000000000002, &apos;value&apos;: &apos;.&apos;, &apos;children&apos;: [], &apos;features&apos;: {}}, {&apos;type&apos;: &apos;text&apos;, &apos;bbox&apos;: (244.352, 186.40499999999997, 247.122, 199.695), &apos;color_space&apos;: &apos;DeviceGray&apos;, &apos;ncolor&apos;: None, &apos;size&apos;: 13.29000000000002, &apos;value&apos;: &apos;.&apos;, &apos;children&apos;: [], &apos;features&apos;: {}}, {&apos;type&apos;: &apos;text&apos;, &apos;bbox&apos;: (247.12199999999999, 186.40499999999997, 249.892, 199.695), &apos;color_space&apos;: &apos;DeviceGray&apos;, &apos;ncolor&apos;: None, &apos;size&apos;: 13.29000000000002, &apos;value&apos;: &apos;.&apos;, &apos;children&apos;: [], &apos;features&apos;: {}}, {&apos;type&apos;: &apos;text&apos;, &apos;bbox&apos;: (249.892, 186.40499999999997, 252.662, 199.695), &apos;color_space&apos;: &apos;DeviceGray&apos;, &apos;ncolor&apos;: None, &apos;size&apos;: 13.29000000000002, &apos;value&apos;: &apos;.&apos;, &apos;children&apos;: [], &apos;features&apos;: {}}, {&apos;type&apos;: &apos;text&apos;, &apos;bbox&apos;: (252.66199999999998, 186.40499999999997, 255.432, 199.695), &apos;color_space&apos;: &apos;DeviceGray&apos;, &apos;ncolor&apos;: None, &apos;size&apos;: 13.29000000000002, &apos;value&apos;: &apos;.&apos;, &apos;children&apos;: [], &apos;features&apos;: {}}, {&apos;type&apos;: &apos;text&apos;, &apos;bbox&apos;: (255.432, 186.40499999999997, 258.202, 199.695), &apos;color_space&apos;: &apos;DeviceGray&apos;, &apos;ncolor&apos;: None, &apos;size&apos;: 13.29000000000002, &apos;value&apos;: &apos;.&apos;, &apos;children&apos;: [], &apos;features&apos;: {}}, {&apos;type&apos;: &apos;text&apos;, &apos;bbox&apos;: (258.202, 186.40499999999997, 260.972, 199.695), &apos;color_space&apos;: &apos;DeviceGray&apos;, &apos;ncolor&apos;: None, &apos;size&apos;: 13.29000000000002, &apos;value&apos;: &apos;.&apos;, &apos;children&apos;: [], &apos;features&apos;: {}}, {&apos;type&apos;: &apos;text&apos;, &apos;bbox&apos;: (260.972, 186.40499999999997, 263.74199999999996, 199.695), &apos;color_space&apos;: &apos;DeviceGray&apos;, &apos;ncolor&apos;: None, &apos;size&apos;: 13.29000000000002, &apos;value&apos;: &apos;.&apos;, &apos;children&apos;: [], &apos;features&apos;: {}}, {&apos;type&apos;: &apos;text&apos;, &apos;bbox&apos;: (263.74199999999996, 186.40499999999997, 266.51199999999994, 199.695), &apos;color_space&apos;: &apos;DeviceGray&apos;, &apos;ncolor&apos;: None, &apos;size&apos;: 13.29000000000002, &apos;value&apos;: &apos;.&apos;, &apos;children&apos;: [], &apos;features&apos;: {}}, {&apos;type&apos;: &apos;text&apos;, &apos;bbox&apos;: (266.512, 186.40499999999997, 269.282, 199.695), &apos;color_space&apos;: &apos;DeviceGray&apos;, &apos;ncolor&apos;: None, &apos;size&apos;: 13.29000000000002, &apos;value&apos;: &apos;.&apos;, &apos;children&apos;: [], &apos;features&apos;: {}}, {&apos;type&apos;: &apos;text&apos;, &apos;bbox&apos;: (269.282, 186.40499999999997, 272.05199999999996, 199.695), &apos;color_space&apos;: &apos;DeviceGray&apos;, &apos;ncolor&apos;: None, &apos;size&apos;: 13.29000000000002, &apos;value&apos;: &apos;.&apos;, &apos;children&apos;: [], &apos;features&apos;: {}}, {&apos;type&apos;: &apos;text&apos;, &apos;bbox&apos;: (272.052, 186.40499999999997, 274.822, 199.695), &apos;color_space&apos;: &apos;DeviceGray&apos;, &apos;ncolor&apos;: None, &apos;size&apos;: 13.29000000000002, &apos;value&apos;: &apos;.&apos;, &apos;children&apos;: [], &apos;features&apos;: {}}, {&apos;type&apos;: &apos;text&apos;, &apos;bbox&apos;: (274.822, 186.40499999999997, 277.592, 199.695), &apos;color_space&apos;: &apos;DeviceGray&apos;, &apos;ncolor&apos;: None, &apos;size&apos;: 13.29000000000002, &apos;value&apos;: &apos;.&apos;, &apos;children&apos;: [], &apos;features&apos;: {}}, {&apos;type&apos;: &apos;text&apos;, &apos;bbox&apos;: (277.592, 186.40499999999997, 280.36199999999997, 199.695), &apos;color_space&apos;: &apos;DeviceGray&apos;, &apos;ncolor&apos;: None, &apos;size&apos;: 13.29000000000002, &apos;value&apos;: &apos;.&apos;, &apos;children&apos;: [], &apos;features&apos;: {}}, {&apos;type&apos;: &apos;text&apos;, &apos;bbox&apos;: (280.362, 186.40499999999997, 283.132, 199.695), &apos;color_space&apos;: &apos;DeviceGray&apos;, &apos;ncolor&apos;: None, &apos;size&apos;: 13.29000000000002, &apos;value&apos;: &apos;.&apos;, &apos;children&apos;: [], &apos;features&apos;: {}}, {&apos;type&apos;: &apos;text&apos;, &apos;bbox&apos;: (283.132, 186.40499999999997, 285.902, 199.695), &apos;color_space&apos;: &apos;DeviceGray&apos;, &apos;ncolor&apos;: None, &apos;size&apos;: 13.29000000000002, &apos;value&apos;: &apos;.&apos;, &apos;children&apos;: [], &apos;features&apos;: {}}, {&apos;type&apos;: &apos;text&apos;, &apos;bbox&apos;: (285.90200000000004, 186.40499999999997, 288.672, 199.695), &apos;color_space&apos;: &apos;DeviceGray&apos;, &apos;ncolor&apos;: None, &apos;size&apos;: 13.29000000000002, &apos;value&apos;: &apos;.&apos;, &apos;children&apos;: [], &apos;features&apos;: {}}, {&apos;type&apos;: &apos;text&apos;, &apos;bbox&apos;: (288.672, 186.40499999999997, 291.442, 199.695), &apos;color_space&apos;: &apos;DeviceGray&apos;, &apos;ncolor&apos;: None, &apos;size&apos;: 13.29000000000002, &apos;value&apos;: &apos;.&apos;, &apos;children&apos;: [], &apos;features&apos;: {}}, {&apos;type&apos;: &apos;text&apos;, &apos;bbox&apos;: (291.442, 186.40499999999997, 294.212, 199.695), &apos;color_space&apos;: &apos;DeviceGray&apos;, &apos;ncolor&apos;: None, &apos;size&apos;: 13.29000000000002, &apos;value&apos;: &apos;.&apos;, &apos;children&apos;: [], &apos;features&apos;: {}}, {&apos;type&apos;: &apos;text&apos;, &apos;bbox&apos;: (294.21200000000005, 186.40499999999997, 296.982, 199.695), &apos;color_space&apos;: &apos;DeviceGray&apos;, &apos;ncolor&apos;: None, &apos;size&apos;: 13.29000000000002, &apos;value&apos;: &apos;.&apos;, &apos;children&apos;: [], &apos;features&apos;: {}}, {&apos;type&apos;: &apos;text&apos;, &apos;bbox&apos;: (296.982, 186.40499999999997, 299.752, 199.695), &apos;color_space&apos;: &apos;DeviceGray&apos;, &apos;ncolor&apos;: None, &apos;size&apos;: 13.29000000000002, &apos;value&apos;: &apos;.&apos;, &apos;children&apos;: [], &apos;features&apos;: {}}, {&apos;type&apos;: &apos;text&apos;, &apos;bbox&apos;: (299.752, 186.40499999999997, 302.522, 199.695), &apos;color_space&apos;: &apos;DeviceGray&apos;, &apos;ncolor&apos;: None, &apos;size&apos;: 13.29000000000002, &apos;value&apos;: &apos;.&apos;, &apos;children&apos;: [], &apos;features&apos;: {}}, {&apos;type&apos;: &apos;text&apos;, &apos;bbox&apos;: (302.52200000000005, 186.40499999999997, 305.29200000000003, 199.695), &apos;color_space&apos;: &apos;DeviceGray&apos;, &apos;ncolor&apos;: None, &apos;size&apos;: 13.29000000000002, &apos;value&apos;: &apos;.&apos;, &apos;children&apos;: [], &apos;features&apos;: {}}, {&apos;type&apos;: &apos;text&apos;, &apos;bbox&apos;: (305.29200000000003, 186.40499999999997, 308.062, 199.695), &apos;color_space&apos;: &apos;DeviceGray&apos;, &apos;ncolor&apos;: None, &apos;size&apos;: 13.29000000000002, &apos;value&apos;: &apos;.&apos;, &apos;children&apos;: [], &apos;features&apos;: {}}, {&apos;type&apos;: &apos;text&apos;, &apos;bbox&apos;: (308.062, 186.40499999999997, 310.832, 199.695), &apos;color_space&apos;: &apos;DeviceGray&apos;, &apos;ncolor&apos;: None, &apos;size&apos;: 13.29000000000002, &apos;value&apos;: &apos;.&apos;, &apos;children&apos;: [], &apos;features&apos;: {}}, {&apos;type&apos;: &apos;text&apos;, &apos;bbox&apos;: (310.832, 186.40499999999997, 313.602, 199.695), &apos;color_space&apos;: &apos;DeviceGray&apos;, &apos;ncolor&apos;: None, &apos;size&apos;: 13.29000000000002, &apos;value&apos;: &apos;.&apos;, &apos;children&apos;: [], &apos;features&apos;: {}}, {&apos;type&apos;: &apos;text&apos;, &apos;bbox&apos;: (313.602, 186.40499999999997, 316.37199999999996, 199.695), &apos;color_space&apos;: &apos;DeviceGray&apos;, &apos;ncolor&apos;: None, &apos;size&apos;: 13.29000000000002, &apos;value&apos;: &apos;.&apos;, &apos;children&apos;: [], &apos;features&apos;: {}}, {&apos;type&apos;: &apos;text&apos;, &apos;bbox&apos;: (316.372, 186.40499999999997, 319.142, 199.695), &apos;color_space&apos;: &apos;DeviceGray&apos;, &apos;ncolor&apos;: None, &apos;size&apos;: 13.29000000000002, &apos;value&apos;: &apos;.&apos;, &apos;children&apos;: [], &apos;features&apos;: {}}, {&apos;type&apos;: &apos;text&apos;, &apos;bbox&apos;: (319.142, 186.40499999999997, 321.912, 199.695), &apos;color_space&apos;: &apos;DeviceGray&apos;, &apos;ncolor&apos;: None, &apos;size&apos;: 13.29000000000002, &apos;value&apos;: &apos;.&apos;, &apos;children&apos;: [], &apos;features&apos;: {}}, {&apos;type&apos;: &apos;text&apos;, &apos;bbox&apos;: (321.912, 186.40499999999997, 324.68199999999996, 199.695), &apos;color_space&apos;: &apos;DeviceGray&apos;, &apos;ncolor&apos;: None, &apos;size&apos;: 13.29000000000002, &apos;value&apos;: &apos;.&apos;, &apos;children&apos;: [], &apos;features&apos;: {}}, {&apos;type&apos;: &apos;text&apos;, &apos;bbox&apos;: (324.682, 186.40499999999997, 327.452, 199.695), &apos;color_space&apos;: &apos;DeviceGray&apos;, &apos;ncolor&apos;: None, &apos;size&apos;: 13.29000000000002, &apos;value&apos;: &apos;.&apos;, &apos;children&apos;: [], &apos;features&apos;: {}}, {&apos;type&apos;: &apos;text&apos;, &apos;bbox&apos;: (327.452, 186.40499999999997, 330.222, 199.695), &apos;color_space&apos;: &apos;DeviceGray&apos;, &apos;ncolor&apos;: None, &apos;size&apos;: 13.29000000000002, &apos;value&apos;: &apos;.&apos;, &apos;children&apos;: [], &apos;features&apos;: {}}, {&apos;type&apos;: &apos;text&apos;, &apos;bbox&apos;: (330.222, 186.40499999999997, 332.99199999999996, 199.695), &apos;color_space&apos;: &apos;DeviceGray&apos;, &apos;ncolor&apos;: None, &apos;size&apos;: 13.29000000000002, &apos;value&apos;: &apos;.&apos;, &apos;children&apos;: [], &apos;features&apos;: {}}, {&apos;type&apos;: &apos;text&apos;, &apos;bbox&apos;: (332.99199999999996, 186.40499999999997, 335.76199999999994, 199.695), &apos;color_space&apos;: &apos;DeviceGray&apos;, &apos;ncolor&apos;: None, &apos;size&apos;: 13.29000000000002, &apos;value&apos;: &apos;.&apos;, &apos;children&apos;: [], &apos;features&apos;: {}}, {&apos;type&apos;: &apos;text&apos;, &apos;bbox&apos;: (335.76199999999994, 186.40499999999997, 338.5319999999999, 199.695), &apos;color_space&apos;: &apos;DeviceGray&apos;, &apos;ncolor&apos;: None, &apos;size&apos;: 13.29000000000002, &apos;value&apos;: &apos;.&apos;, &apos;children&apos;: [], &apos;features&apos;: {}}, {&apos;type&apos;: &apos;text&apos;, &apos;bbox&apos;: (338.532, 186.40499999999997, 341.30199999999996, 199.695), &apos;color_space&apos;: &apos;DeviceGray&apos;, &apos;ncolor&apos;: None, &apos;size&apos;: 13.29000000000002, &apos;value&apos;: &apos;.&apos;, &apos;children&apos;: [], &apos;features&apos;: {}}, {&apos;type&apos;: &apos;text&apos;, &apos;bbox&apos;: (341.30199999999996, 186.40499999999997, 344.07199999999995, 199.695), &apos;color_space&apos;: &apos;DeviceGray&apos;, &apos;ncolor&apos;: None, &apos;size&apos;: 13.29000000000002, &apos;value&apos;: &apos;.&apos;, &apos;children&apos;: [], &apos;features&apos;: {}}, {&apos;type&apos;: &apos;text&apos;, &apos;bbox&apos;: (344.07199999999995, 186.40499999999997, 346.8419999999999, 199.695), &apos;color_space&apos;: &apos;DeviceGray&apos;, &apos;ncolor&apos;: None, &apos;size&apos;: 13.29000000000002, &apos;value&apos;: &apos;.&apos;, &apos;children&apos;: [], &apos;features&apos;: {}}, {&apos;type&apos;: &apos;text&apos;, &apos;bbox&apos;: (346.842, 186.40499999999997, 349.61199999999997, 199.695), &apos;color_space&apos;: &apos;DeviceGray&apos;, &apos;ncolor&apos;: None, &apos;size&apos;: 13.29000000000002, &apos;value&apos;: &apos;.&apos;, &apos;children&apos;: [], &apos;features&apos;: {}}, {&apos;type&apos;: &apos;text&apos;, &apos;bbox&apos;: (349.61199999999997, 186.40499999999997, 352.38199999999995, 199.695), &apos;color_space&apos;: &apos;DeviceGray&apos;, &apos;ncolor&apos;: None, &apos;size&apos;: 13.29000000000002, &apos;value&apos;: &apos;.&apos;, &apos;children&apos;: [], &apos;features&apos;: {}}, {&apos;type&apos;: &apos;text&apos;, &apos;bbox&apos;: (352.38199999999995, 186.40499999999997, 355.15199999999993, 199.695), &apos;color_space&apos;: &apos;DeviceGray&apos;, &apos;ncolor&apos;: None, &apos;size&apos;: 13.29000000000002, &apos;value&apos;: &apos;.&apos;, &apos;children&apos;: [], &apos;features&apos;: {}}, {&apos;type&apos;: &apos;text&apos;, &apos;bbox&apos;: (355.15199999999993, 186.40499999999997, 357.9219999999999, 199.695), &apos;color_space&apos;: &apos;DeviceGray&apos;, &apos;ncolor&apos;: None, &apos;size&apos;: 13.29000000000002, &apos;value&apos;: &apos;.&apos;, &apos;children&apos;: [], &apos;features&apos;: {}}, {&apos;type&apos;: &apos;text&apos;, &apos;bbox&apos;: (357.9219999999999, 186.40499999999997, 360.6919999999999, 199.695), &apos;color_space&apos;: &apos;DeviceGray&apos;, &apos;ncolor&apos;: None, &apos;size&apos;: 13.29000000000002, &apos;value&apos;: &apos;.&apos;, &apos;children&apos;: [], &apos;features&apos;: {}}, {&apos;type&apos;: &apos;text&apos;, &apos;bbox&apos;: (360.69199999999995, 186.40499999999997, 363.46199999999993, 199.695), &apos;color_space&apos;: &apos;DeviceGray&apos;, &apos;ncolor&apos;: None, &apos;size&apos;: 13.29000000000002, &apos;value&apos;: &apos;.&apos;, &apos;children&apos;: [], &apos;features&apos;: {}}, {&apos;type&apos;: &apos;text&apos;, &apos;bbox&apos;: (363.46199999999993, 186.40499999999997, 366.2319999999999, 199.695), &apos;color_space&apos;: &apos;DeviceGray&apos;, &apos;ncolor&apos;: None, &apos;size&apos;: 13.29000000000002, &apos;value&apos;: &apos;.&apos;, &apos;children&apos;: [], &apos;features&apos;: {}}, {&apos;type&apos;: &apos;text&apos;, &apos;bbox&apos;: (366.23199999999997, 186.40499999999997, 369.00199999999995, 199.695), &apos;color_space&apos;: &apos;DeviceGray&apos;, &apos;ncolor&apos;: None, &apos;size&apos;: 13.29000000000002, &apos;value&apos;: &apos;.&apos;, &apos;children&apos;: [], &apos;features&apos;: {}}, {&apos;type&apos;: &apos;text&apos;, &apos;bbox&apos;: (369.00199999999995, 186.40499999999997, 371.77199999999993, 199.695), &apos;color_space&apos;: &apos;DeviceGray&apos;, &apos;ncolor&apos;: None, &apos;size&apos;: 13.29000000000002, &apos;value&apos;: &apos;.&apos;, &apos;children&apos;: [], &apos;features&apos;: {}}, {&apos;type&apos;: &apos;text&apos;, &apos;bbox&apos;: (371.77199999999993, 186.40499999999997, 374.5419999999999, 199.695), &apos;color_space&apos;: &apos;DeviceGray&apos;, &apos;ncolor&apos;: None, &apos;size&apos;: 13.29000000000002, &apos;value&apos;: &apos;.&apos;, &apos;children&apos;: [], &apos;features&apos;: {}}, {&apos;type&apos;: &apos;text&apos;, &apos;bbox&apos;: (374.542, 186.40499999999997, 377.31199999999995, 199.695), &apos;color_space&apos;: &apos;DeviceGray&apos;, &apos;ncolor&apos;: None, &apos;size&apos;: 13.29000000000002, &apos;value&apos;: &apos;.&apos;, &apos;children&apos;: [], &apos;features&apos;: {}}, {&apos;type&apos;: &apos;text&apos;, &apos;bbox&apos;: (377.312, 186.40499999999997, 380.082, 199.695), &apos;color_space&apos;: &apos;DeviceGray&apos;, &apos;ncolor&apos;: None, &apos;size&apos;: 13.29000000000002, &apos;value&apos;: &apos;.&apos;, &apos;children&apos;: [], &apos;features&apos;: {}}, {&apos;type&apos;: &apos;text&apos;, &apos;bbox&apos;: (380.082, 186.40499999999997, 382.852, 199.695), &apos;color_space&apos;: &apos;DeviceGray&apos;, &apos;ncolor&apos;: None, &apos;size&apos;: 13.29000000000002, &apos;value&apos;: &apos;.&apos;, &apos;children&apos;: [], &apos;features&apos;: {}}, {&apos;type&apos;: &apos;text&apos;, &apos;bbox&apos;: (382.852, 186.40499999999997, 385.62199999999996, 199.695), &apos;color_space&apos;: &apos;DeviceGray&apos;, &apos;ncolor&apos;: None, &apos;size&apos;: 13.29000000000002, &apos;value&apos;: &apos;.&apos;, &apos;children&apos;: [], &apos;features&apos;: {}}, {&apos;type&apos;: &apos;text&apos;, &apos;bbox&apos;: (385.622, 186.40499999999997, 388.392, 199.695), &apos;color_space&apos;: &apos;DeviceGray&apos;, &apos;ncolor&apos;: None, &apos;size&apos;: 13.29000000000002, &apos;value&apos;: &apos;.&apos;, &apos;children&apos;: [], &apos;features&apos;: {}}, {&apos;type&apos;: &apos;text&apos;, &apos;bbox&apos;: (388.39200000000005, 186.40499999999997, 391.16200000000003, 199.695), &apos;color_space&apos;: &apos;DeviceGray&apos;, &apos;ncolor&apos;: None, &apos;size&apos;: 13.29000000000002, &apos;value&apos;: &apos;.&apos;, &apos;children&apos;: [], &apos;features&apos;: {}}, {&apos;type&apos;: &apos;text&apos;, &apos;bbox&apos;: (391.16200000000003, 186.40499999999997, 393.932, 199.695), &apos;color_space&apos;: &apos;DeviceGray&apos;, &apos;ncolor&apos;: None, &apos;size&apos;: 13.29000000000002, &apos;value&apos;: &apos;.&apos;, &apos;children&apos;: [], &apos;features&apos;: {}}, {&apos;type&apos;: &apos;text&apos;, &apos;bbox&apos;: (393.932, 186.40499999999997, 396.702, 199.695), &apos;color_space&apos;: &apos;DeviceGray&apos;, &apos;ncolor&apos;: None, &apos;size&apos;: 13.29000000000002, &apos;value&apos;: &apos;.&apos;, &apos;children&apos;: [], &apos;features&apos;: {}}, {&apos;type&apos;: &apos;text&apos;, &apos;bbox&apos;: (396.70200000000006, 186.40499999999997, 399.47200000000004, 199.695), &apos;color_space&apos;: &apos;DeviceGray&apos;, &apos;ncolor&apos;: None, &apos;size&apos;: 13.29000000000002, &apos;value&apos;: &apos;.&apos;, &apos;children&apos;: [], &apos;features&apos;: {}}, {&apos;type&apos;: &apos;text&apos;, &apos;bbox&apos;: (399.4720000000001, 186.40499999999997, 402.2420000000001, 199.695), &apos;color_space&apos;: &apos;DeviceGray&apos;, &apos;ncolor&apos;: None, &apos;size&apos;: 13.29000000000002, &apos;value&apos;: &apos;.&apos;, &apos;children&apos;: [], &apos;features&apos;: {}}, {&apos;type&apos;: &apos;text&apos;, &apos;bbox&apos;: (402.2420000000001, 186.40499999999997, 405.01200000000006, 199.695), &apos;color_space&apos;: &apos;DeviceGray&apos;, &apos;ncolor&apos;: None, &apos;size&apos;: 13.29000000000002, &apos;value&apos;: &apos;.&apos;, &apos;children&apos;: [], &apos;features&apos;: {}}, {&apos;type&apos;: &apos;text&apos;, &apos;bbox&apos;: (405.01200000000006, 186.40499999999997, 407.78200000000004, 199.695), &apos;color_space&apos;: &apos;DeviceGray&apos;, &apos;ncolor&apos;: None, &apos;size&apos;: 13.29000000000002, &apos;value&apos;: &apos;.&apos;, &apos;children&apos;: [], &apos;features&apos;: {}}, {&apos;type&apos;: &apos;text&apos;, &apos;bbox&apos;: (407.7820000000001, 186.40499999999997, 410.5520000000001, 199.695), &apos;color_space&apos;: &apos;DeviceGray&apos;, &apos;ncolor&apos;: None, &apos;size&apos;: 13.29000000000002, &apos;value&apos;: &apos;.&apos;, &apos;children&apos;: [], &apos;features&apos;: {}}, {&apos;type&apos;: &apos;text&apos;, &apos;bbox&apos;: (410.55200000000013, 186.40499999999997, 413.3220000000001, 199.695), &apos;color_space&apos;: &apos;DeviceGray&apos;, &apos;ncolor&apos;: None, &apos;size&apos;: 13.29000000000002, &apos;value&apos;: &apos;.&apos;, &apos;children&apos;: [], &apos;features&apos;: {}}, {&apos;type&apos;: &apos;text&apos;, &apos;bbox&apos;: (413.3220000000001, 186.40499999999997, 416.0920000000001, 199.695), &apos;color_space&apos;: &apos;DeviceGray&apos;, &apos;ncolor&apos;: None, &apos;size&apos;: 13.29000000000002, &apos;value&apos;: &apos;.&apos;, &apos;children&apos;: [], &apos;features&apos;: {}}, {&apos;type&apos;: &apos;text&apos;, &apos;bbox&apos;: (416.0920000000001, 186.40499999999997, 418.8620000000001, 199.695), &apos;color_space&apos;: &apos;DeviceGray&apos;, &apos;ncolor&apos;: None, &apos;size&apos;: 13.29000000000002, &apos;value&apos;: &apos;.&apos;, &apos;children&apos;: [], &apos;features&apos;: {}}, {&apos;type&apos;: &apos;text&apos;, &apos;bbox&apos;: (418.86200000000014, 186.40499999999997, 421.6320000000001, 199.695), &apos;color_space&apos;: &apos;DeviceGray&apos;, &apos;ncolor&apos;: None, &apos;size&apos;: 13.29000000000002, &apos;value&apos;: &apos;.&apos;, &apos;children&apos;: [], &apos;features&apos;: {}}, {&apos;type&apos;: &apos;text&apos;, &apos;bbox&apos;: (421.6320000000002, 186.40499999999997, 424.40200000000016, 199.695), &apos;color_space&apos;: &apos;DeviceGray&apos;, &apos;ncolor&apos;: None, &apos;size&apos;: 13.29000000000002, &apos;value&apos;: &apos;.&apos;, &apos;children&apos;: [], &apos;features&apos;: {}}, {&apos;type&apos;: &apos;text&apos;, &apos;bbox&apos;: (424.40200000000016, 186.40499999999997, 427.17200000000014, 199.695), &apos;color_space&apos;: &apos;DeviceGray&apos;, &apos;ncolor&apos;: None, &apos;size&apos;: 13.29000000000002, &apos;value&apos;: &apos;.&apos;, &apos;children&apos;: [], &apos;features&apos;: {}}, {&apos;type&apos;: &apos;text&apos;, &apos;bbox&apos;: (427.17200000000014, 186.40499999999997, 429.9420000000001, 199.695), &apos;color_space&apos;: &apos;DeviceGray&apos;, &apos;ncolor&apos;: None, &apos;size&apos;: 13.29000000000002, &apos;value&apos;: &apos;.&apos;, &apos;children&apos;: [], &apos;features&apos;: {}}, {&apos;type&apos;: &apos;text&apos;, &apos;bbox&apos;: (429.9420000000002, 186.40499999999997, 432.71200000000016, 199.695), &apos;color_space&apos;: &apos;DeviceGray&apos;, &apos;ncolor&apos;: None, &apos;size&apos;: 13.29000000000002, &apos;value&apos;: &apos;.&apos;, &apos;children&apos;: [], &apos;features&apos;: {}}, {&apos;type&apos;: &apos;text&apos;, &apos;bbox&apos;: (432.7120000000002, 186.40499999999997, 435.4820000000002, 199.695), &apos;color_space&apos;: &apos;DeviceGray&apos;, &apos;ncolor&apos;: None, &apos;size&apos;: 13.29000000000002, &apos;value&apos;: &apos;.&apos;, &apos;children&apos;: [], &apos;features&apos;: {}}, {&apos;type&apos;: &apos;text&apos;, &apos;bbox&apos;: (435.4820000000002, 186.40499999999997, 438.2520000000002, 199.695), &apos;color_space&apos;: &apos;DeviceGray&apos;, &apos;ncolor&apos;: None, &apos;size&apos;: 13.29000000000002, &apos;value&apos;: &apos;.&apos;, &apos;children&apos;: [], &apos;features&apos;: {}}, {&apos;type&apos;: &apos;text&apos;, &apos;bbox&apos;: (438.2520000000002, 186.40499999999997, 441.02200000000016, 199.695), &apos;color_space&apos;: &apos;DeviceGray&apos;, &apos;ncolor&apos;: None, &apos;size&apos;: 13.29000000000002, &apos;value&apos;: &apos;.&apos;, &apos;children&apos;: [], &apos;features&apos;: {}}, {&apos;type&apos;: &apos;text&apos;, &apos;bbox&apos;: (441.0220000000002, 186.40499999999997, 443.7920000000002, 199.695), &apos;color_space&apos;: &apos;DeviceGray&apos;, &apos;ncolor&apos;: None, &apos;size&apos;: 13.29000000000002, &apos;value&apos;: &apos;.&apos;, &apos;children&apos;: [], &apos;features&apos;: {}}, {&apos;type&apos;: &apos;text&apos;, &apos;bbox&apos;: (443.79200000000026, 186.40499999999997, 446.56200000000024, 199.695), &apos;color_space&apos;: &apos;DeviceGray&apos;, &apos;ncolor&apos;: None, &apos;size&apos;: 13.29000000000002, &apos;value&apos;: &apos;.&apos;, &apos;children&apos;: [], &apos;features&apos;: {}}, {&apos;type&apos;: &apos;text&apos;, &apos;bbox&apos;: (446.56200000000024, 186.40499999999997, 449.3320000000002, 199.695), &apos;color_space&apos;: &apos;DeviceGray&apos;, &apos;ncolor&apos;: None, &apos;size&apos;: 13.29000000000002, &apos;value&apos;: &apos;.&apos;, &apos;children&apos;: [], &apos;features&apos;: {}}, {&apos;type&apos;: &apos;text&apos;, &apos;bbox&apos;: (449.3320000000002, 186.40499999999997, 452.1020000000002, 199.695), &apos;color_space&apos;: &apos;DeviceGray&apos;, &apos;ncolor&apos;: None, &apos;size&apos;: 13.29000000000002, &apos;value&apos;: &apos;.&apos;, &apos;children&apos;: [], &apos;features&apos;: {}}, {&apos;type&apos;: &apos;text&apos;, &apos;bbox&apos;: (452.10200000000026, 186.40499999999997, 454.87200000000024, 199.695), &apos;color_space&apos;: &apos;DeviceGray&apos;, &apos;ncolor&apos;: None, &apos;size&apos;: 13.29000000000002, &apos;value&apos;: &apos;.&apos;, &apos;children&apos;: [], &apos;features&apos;: {}}, {&apos;type&apos;: &apos;text&apos;, &apos;bbox&apos;: (454.8720000000003, 186.40499999999997, 457.6420000000003, 199.695), &apos;color_space&apos;: &apos;DeviceGray&apos;, &apos;ncolor&apos;: None, &apos;size&apos;: 13.29000000000002, &apos;value&apos;: &apos;.&apos;, &apos;children&apos;: [], &apos;features&apos;: {}}, {&apos;type&apos;: &apos;text&apos;, &apos;bbox&apos;: (457.6420000000003, 186.40499999999997, 460.41200000000026, 199.695), &apos;color_space&apos;: &apos;DeviceGray&apos;, &apos;ncolor&apos;: None, &apos;size&apos;: 13.29000000000002, &apos;value&apos;: &apos;.&apos;, &apos;children&apos;: [], &apos;features&apos;: {}}, {&apos;type&apos;: &apos;text&apos;, &apos;bbox&apos;: (460.41200000000026, 186.40499999999997, 463.18200000000024, 199.695), &apos;color_space&apos;: &apos;DeviceGray&apos;, &apos;ncolor&apos;: None, &apos;size&apos;: 13.29000000000002, &apos;value&apos;: &apos;.&apos;, &apos;children&apos;: [], &apos;features&apos;: {}}, {&apos;type&apos;: &apos;text&apos;, &apos;bbox&apos;: (463.1820000000003, 186.40499999999997, 465.9520000000003, 199.695), &apos;color_space&apos;: &apos;DeviceGray&apos;, &apos;ncolor&apos;: None, &apos;size&apos;: 13.29000000000002, &apos;value&apos;: &apos;.&apos;, &apos;children&apos;: [], &apos;features&apos;: {}}, {&apos;type&apos;: &apos;text&apos;, &apos;bbox&apos;: (465.95200000000034, 186.40499999999997, 468.7220000000003, 199.695), &apos;color_space&apos;: &apos;DeviceGray&apos;, &apos;ncolor&apos;: None, &apos;size&apos;: 13.29000000000002, &apos;value&apos;: &apos;.&apos;, &apos;children&apos;: [], &apos;features&apos;: {}}, {&apos;type&apos;: &apos;text&apos;, &apos;bbox&apos;: (468.7220000000003, 186.40499999999997, 471.4920000000003, 199.695), &apos;color_space&apos;: &apos;DeviceGray&apos;, &apos;ncolor&apos;: None, &apos;size&apos;: 13.29000000000002, &apos;value&apos;: &apos;.&apos;, &apos;children&apos;: [], &apos;features&apos;: {}}, {&apos;type&apos;: &apos;text&apos;, &apos;bbox&apos;: (471.4920000000003, 186.40499999999997, 474.2620000000003, 199.695), &apos;color_space&apos;: &apos;DeviceGray&apos;, &apos;ncolor&apos;: None, &apos;size&apos;: 13.29000000000002, &apos;value&apos;: &apos;.&apos;, &apos;children&apos;: [], &apos;features&apos;: {}}, {&apos;type&apos;: &apos;text&apos;, &apos;bbox&apos;: (474.26200000000034, 186.40499999999997, 477.0320000000003, 199.695), &apos;color_space&apos;: &apos;DeviceGray&apos;, &apos;ncolor&apos;: None, &apos;size&apos;: 13.29000000000002, &apos;value&apos;: &apos;.&apos;, &apos;children&apos;: [], &apos;features&apos;: {}}, {&apos;type&apos;: &apos;text&apos;, &apos;bbox&apos;: (477.0320000000004, 186.40499999999997, 479.80200000000036, 199.695), &apos;color_space&apos;: &apos;DeviceGray&apos;, &apos;ncolor&apos;: None, &apos;size&apos;: 13.29000000000002, &apos;value&apos;: &apos;.&apos;, &apos;children&apos;: [], &apos;features&apos;: {}}, {&apos;type&apos;: &apos;text&apos;, &apos;bbox&apos;: (479.80200000000036, 186.40499999999997, 482.57200000000034, 199.695), &apos;color_space&apos;: &apos;DeviceGray&apos;, &apos;ncolor&apos;: None, &apos;size&apos;: 13.29000000000002, &apos;value&apos;: &apos;.&apos;, &apos;children&apos;: [], &apos;features&apos;: {}}, {&apos;type&apos;: &apos;text&apos;, &apos;bbox&apos;: (482.57200000000034, 186.40499999999997, 485.3420000000003, 199.695), &apos;color_space&apos;: &apos;DeviceGray&apos;, &apos;ncolor&apos;: None, &apos;size&apos;: 13.29000000000002, &apos;value&apos;: &apos;.&apos;, &apos;children&apos;: [], &apos;features&apos;: {}}, {&apos;type&apos;: &apos;text&apos;, &apos;bbox&apos;: (485.3420000000004, 186.40499999999997, 488.11200000000036, 199.695), &apos;color_space&apos;: &apos;DeviceGray&apos;, &apos;ncolor&apos;: None, &apos;size&apos;: 13.29000000000002, &apos;value&apos;: &apos;.&apos;, &apos;children&apos;: [], &apos;features&apos;: {}}, {&apos;type&apos;: &apos;text&apos;, &apos;bbox&apos;: (488.1120000000004, 186.40499999999997, 490.8820000000004, 199.695), &apos;color_space&apos;: &apos;DeviceGray&apos;, &apos;ncolor&apos;: None, &apos;size&apos;: 13.29000000000002, &apos;value&apos;: &apos;.&apos;, &apos;children&apos;: [], &apos;features&apos;: {}}, {&apos;type&apos;: &apos;text&apos;, &apos;bbox&apos;: (490.8820000000004, 186.40499999999997, 493.6520000000004, 199.695), &apos;color_space&apos;: &apos;DeviceGray&apos;, &apos;ncolor&apos;: None, &apos;size&apos;: 13.29000000000002, &apos;value&apos;: &apos;.&apos;, &apos;children&apos;: [], &apos;features&apos;: {}}, {&apos;type&apos;: &apos;text&apos;, &apos;bbox&apos;: (493.6520000000004, 186.40499999999997, 496.42200000000037, 199.695), &apos;color_space&apos;: &apos;DeviceGray&apos;, &apos;ncolor&apos;: None, &apos;size&apos;: 13.29000000000002, &apos;value&apos;: &apos;.&apos;, &apos;children&apos;: [], &apos;features&apos;: {}}, {&apos;type&apos;: &apos;text&apos;, &apos;bbox&apos;: (496.42200000000037, 186.40499999999997, 499.19200000000035, 199.695), &apos;color_space&apos;: &apos;DeviceGray&apos;, &apos;ncolor&apos;: None, &apos;size&apos;: 13.29000000000002, &apos;value&apos;: &apos;.&apos;, &apos;children&apos;: [], &apos;features&apos;: {}}, {&apos;type&apos;: &apos;text&apos;, &apos;bbox&apos;: (499.19200000000035, 186.40499999999997, 501.96200000000033, 199.695), &apos;color_space&apos;: &apos;DeviceGray&apos;, &apos;ncolor&apos;: None, &apos;size&apos;: 13.29000000000002, &apos;value&apos;: &apos;.&apos;, &apos;children&apos;: [], &apos;features&apos;: {}}, {&apos;type&apos;: &apos;text&apos;, &apos;bbox&apos;: (501.96200000000033, 186.40499999999997, 504.7320000000003, 199.695), &apos;color_space&apos;: &apos;DeviceGray&apos;, &apos;ncolor&apos;: None, &apos;size&apos;: 13.29000000000002, &apos;value&apos;: &apos;.&apos;, &apos;children&apos;: [], &apos;features&apos;: {}}, {&apos;type&apos;: &apos;text&apos;, &apos;bbox&apos;: (504.7320000000003, 186.40499999999997, 507.5020000000003, 199.695), &apos;color_space&apos;: &apos;DeviceGray&apos;, &apos;ncolor&apos;: None, &apos;size&apos;: 13.29000000000002, &apos;value&apos;: &apos;.&apos;, &apos;children&apos;: [], &apos;features&apos;: {}}, {&apos;type&apos;: &apos;text&apos;, &apos;bbox&apos;: (507.5020000000003, 186.40499999999997, 510.2720000000003, 199.695), &apos;color_space&apos;: &apos;DeviceGray&apos;, &apos;ncolor&apos;: None, &apos;size&apos;: 13.29000000000002, &apos;value&apos;: &apos;.&apos;, &apos;children&apos;: [], &apos;features&apos;: {}}, {&apos;type&apos;: &apos;text&apos;, &apos;bbox&apos;: (510.2720000000003, 186.40499999999997, 513.0420000000003, 199.695), &apos;color_space&apos;: &apos;DeviceGray&apos;, &apos;ncolor&apos;: None, &apos;size&apos;: 13.29000000000002, &apos;value&apos;: &apos;.&apos;, &apos;children&apos;: [], &apos;features&apos;: {}}, {&apos;type&apos;: &apos;text&apos;, &apos;bbox&apos;: (513.0420000000003, 186.40499999999997, 515.8120000000002, 199.695), &apos;color_space&apos;: &apos;DeviceGray&apos;, &apos;ncolor&apos;: None, &apos;size&apos;: 13.29000000000002, &apos;value&apos;: &apos;.&apos;, &apos;children&apos;: [], &apos;features&apos;: {}}, {&apos;type&apos;: &apos;text&apos;, &apos;bbox&apos;: (515.8120000000002, 186.40499999999997, 518.5820000000002, 199.695), &apos;color_space&apos;: &apos;DeviceGray&apos;, &apos;ncolor&apos;: None, &apos;size&apos;: 13.29000000000002, &apos;value&apos;: &apos;.&apos;, &apos;children&apos;: [], &apos;features&apos;: {}}, {&apos;type&apos;: &apos;text&apos;, &apos;bbox&apos;: (518.5820000000002, 186.40499999999997, 521.3520000000002, 199.695), &apos;color_space&apos;: &apos;DeviceGray&apos;, &apos;ncolor&apos;: None, &apos;size&apos;: 13.29000000000002, &apos;value&apos;: &apos;.&apos;, &apos;children&apos;: [], &apos;features&apos;: {}}, {&apos;type&apos;: &apos;text&apos;, &apos;bbox&apos;: (521.3520000000002, 186.40499999999997, 524.1220000000002, 199.695), &apos;color_space&apos;: &apos;DeviceGray&apos;, &apos;ncolor&apos;: None, &apos;size&apos;: 13.29000000000002, &apos;value&apos;: &apos;.&apos;, &apos;children&apos;: [], &apos;features&apos;: {}}, {&apos;type&apos;: &apos;text&apos;, &apos;bbox&apos;: (525.548, 186.40499999999997, 531.108, 199.695), &apos;color_space&apos;: &apos;DeviceGray&apos;, &apos;ncolor&apos;: None, &apos;size&apos;: 13.29000000000002, &apos;value&apos;: &apos;9&apos;, &apos;children&apos;: [], &apos;features&apos;: {}}, {&apos;type&apos;: &apos;text&apos;, &apos;bbox&apos;: (531.108, 186.40499999999997, 534.438, 199.695), &apos;color_space&apos;: &apos;DeviceGray&apos;, &apos;ncolor&apos;: None, &apos;size&apos;: 13.29000000000002, &apos;value&apos;: &apos;-&apos;, &apos;children&apos;: [], &apos;features&apos;: {}}, {&apos;type&apos;: &apos;text&apos;, &apos;bbox&apos;: (534.439, 186.40499999999997, 539.9989999999999, 199.695), &apos;color_space&apos;: &apos;DeviceGray&apos;, &apos;ncolor&apos;: None, &apos;size&apos;: 13.29000000000002, &apos;value&apos;: &apos;7&apos;, &apos;children&apos;: [], &apos;features&apos;: {}}], &apos;features&apos;: {}}
*********************





--------------------------------- CONTENT AREA --------------------------------- 
This content area has an image
{&apos;type&apos;: &apos;figure&apos;, &apos;bbox&apos;: (0, 0, 612.0, 792.0), &apos;name&apos;: &apos;fx77&apos;, &apos;children&apos;: [{&apos;type&apos;: &apos;text&apos;, &apos;bbox&apos;: (114.0, 170.183, 119.57, 183.663), &apos;color_space&apos;: &apos;DeviceGray&apos;, &apos;ncolor&apos;: None, &apos;size&apos;: 13.480000000000018, &apos;value&apos;: &apos;F&apos;, &apos;children&apos;: [], &apos;features&apos;: {}}, {&apos;type&apos;: &apos;text&apos;, &apos;bbox&apos;: (119.57, 170.183, 125.66999999999999, 183.663), &apos;color_space&apos;: &apos;DeviceGray&apos;, &apos;ncolor&apos;: None, &apos;size&apos;: 13.480000000000018, &apos;value&apos;: &apos;S&apos;, &apos;children&apos;: [], &apos;features&apos;: {}}, {&apos;type&apos;: &apos;text&apos;, &apos;bbox&apos;: (125.67, 170.183, 129.56, 183.663), &apos;color_space&apos;: &apos;DeviceGray&apos;, &apos;ncolor&apos;: None, &apos;size&apos;: 13.480000000000018, &apos;value&apos;: &apos;I&apos;, &apos;children&apos;: [], &apos;features&apos;: {}}, {&apos;type&apos;: &apos;text&apos;, &apos;bbox&apos;: (129.56, 170.183, 134.56, 183.663), &apos;color_space&apos;: &apos;DeviceGray&apos;, &apos;ncolor&apos;: None, &apos;size&apos;: 13.480000000000018, &apos;value&apos;: &apos;_&apos;, &apos;children&apos;: [], &apos;features&apos;: {}}, {&apos;type&apos;: &apos;text&apos;, &apos;bbox&apos;: (134.56, 170.183, 141.69, 183.663), &apos;color_space&apos;: &apos;DeviceGray&apos;, &apos;ncolor&apos;: None, &apos;size&apos;: 13.480000000000018, &apos;value&apos;: &apos;R&apos;, &apos;children&apos;: [], &apos;features&apos;: {}}, {&apos;type&apos;: &apos;text&apos;, &apos;bbox&apos;: (141.69, 170.183, 149.46, 183.663), &apos;color_space&apos;: &apos;DeviceGray&apos;, &apos;ncolor&apos;: None, &apos;size&apos;: 13.480000000000018, &apos;value&apos;: &apos;A&apos;, &apos;children&apos;: [], &apos;features&apos;: {}}, {&apos;type&apos;: &apos;text&apos;, &apos;bbox&apos;: (149.46, 170.183, 156.12, 183.663), &apos;color_space&apos;: &apos;DeviceGray&apos;, &apos;ncolor&apos;: None, &apos;size&apos;: 13.480000000000018, &apos;value&apos;: &apos;T&apos;, &apos;children&apos;: [], &apos;features&apos;: {}}, {&apos;type&apos;: &apos;text&apos;, &apos;bbox&apos;: (156.12, 170.183, 162.17000000000002, 183.663), &apos;color_space&apos;: &apos;DeviceGray&apos;, &apos;ncolor&apos;: None, &apos;size&apos;: 13.480000000000018, &apos;value&apos;: &apos;E&apos;, &apos;children&apos;: [], &apos;features&apos;: {}}, {&apos;type&apos;: &apos;text&apos;, &apos;bbox&apos;: (162.17000000000002, 170.183, 167.17000000000002, 183.663), &apos;color_space&apos;: &apos;DeviceGray&apos;, &apos;ncolor&apos;: None, &apos;size&apos;: 13.480000000000018, &apos;value&apos;: &apos;_&apos;, &apos;children&apos;: [], &apos;features&apos;: {}}, {&apos;type&apos;: &apos;text&apos;, &apos;bbox&apos;: (167.17000000000002, 170.183, 174.39000000000001, 183.663), &apos;color_space&apos;: &apos;DeviceGray&apos;, &apos;ncolor&apos;: None, &apos;size&apos;: 13.480000000000018, &apos;value&apos;: &apos;C&apos;, &apos;children&apos;: [], &apos;features&apos;: {}}, {&apos;type&apos;: &apos;text&apos;, &apos;bbox&apos;: (174.39, 170.183, 182.72, 183.663), &apos;color_space&apos;: &apos;DeviceGray&apos;, &apos;ncolor&apos;: None, &apos;size&apos;: 13.480000000000018, &apos;value&apos;: &apos;H&apos;, &apos;children&apos;: [], &apos;features&apos;: {}}, {&apos;type&apos;: &apos;text&apos;, &apos;bbox&apos;: (182.72, 170.183, 191.05, 183.663), &apos;color_space&apos;: &apos;DeviceGray&apos;, &apos;ncolor&apos;: None, &apos;size&apos;: 13.480000000000018, &apos;value&apos;: &apos;G&apos;, &apos;children&apos;: [], &apos;features&apos;: {}}, {&apos;type&apos;: &apos;text&apos;, &apos;bbox&apos;: (191.05, 170.183, 196.05, 183.663), &apos;color_space&apos;: &apos;DeviceGray&apos;, &apos;ncolor&apos;: None, &apos;size&apos;: 13.480000000000018, &apos;value&apos;: &apos;_&apos;, &apos;children&apos;: [], &apos;features&apos;: {}}, {&apos;type&apos;: &apos;text&apos;, &apos;bbox&apos;: (196.05, 170.183, 203.18, 183.663), &apos;color_space&apos;: &apos;DeviceGray&apos;, &apos;ncolor&apos;: None, &apos;size&apos;: 13.480000000000018, &apos;value&apos;: &apos;R&apos;, &apos;children&apos;: [], &apos;features&apos;: {}}, {&apos;type&apos;: &apos;text&apos;, &apos;bbox&apos;: (203.18, 170.183, 211.51000000000002, 183.663), &apos;color_space&apos;: &apos;DeviceGray&apos;, &apos;ncolor&apos;: None, &apos;size&apos;: 13.480000000000018, &apos;value&apos;: &apos;O&apos;, &apos;children&apos;: [], &apos;features&apos;: {}}, {&apos;type&apos;: &apos;text&apos;, &apos;bbox&apos;: (211.51, 170.183, 219.28, 183.663), &apos;color_space&apos;: &apos;DeviceGray&apos;, &apos;ncolor&apos;: None, &apos;size&apos;: 13.480000000000018, &apos;value&apos;: &apos;U&apos;, &apos;children&apos;: [], &apos;features&apos;: {}}, {&apos;type&apos;: &apos;text&apos;, &apos;bbox&apos;: (219.27999999999997, 170.183, 227.60999999999999, 183.663), &apos;color_space&apos;: &apos;DeviceGray&apos;, &apos;ncolor&apos;: None, &apos;size&apos;: 13.480000000000018, &apos;value&apos;: &apos;N&apos;, &apos;children&apos;: [], &apos;features&apos;: {}}, {&apos;type&apos;: &apos;text&apos;, &apos;bbox&apos;: (227.60999999999999, 170.183, 235.92, 183.663), &apos;color_space&apos;: &apos;DeviceGray&apos;, &apos;ncolor&apos;: None, &apos;size&apos;: 13.480000000000018, &apos;value&apos;: &apos;D&apos;, &apos;children&apos;: [], &apos;features&apos;: {}}, {&apos;type&apos;: &apos;text&apos;, &apos;bbox&apos;: (235.92, 170.183, 239.80999999999997, 183.663), &apos;color_space&apos;: &apos;DeviceGray&apos;, &apos;ncolor&apos;: None, &apos;size&apos;: 13.480000000000018, &apos;value&apos;: &apos;I&apos;, &apos;children&apos;: [], &apos;features&apos;: {}}, {&apos;type&apos;: &apos;text&apos;, &apos;bbox&apos;: (239.81, 170.183, 248.14000000000001, 183.663), &apos;color_space&apos;: &apos;DeviceGray&apos;, &apos;ncolor&apos;: None, &apos;size&apos;: 13.480000000000018, &apos;value&apos;: &apos;N&apos;, &apos;children&apos;: [], &apos;features&apos;: {}}, {&apos;type&apos;: &apos;text&apos;, &apos;bbox&apos;: (248.14, 170.183, 256.46999999999997, 183.663), &apos;color_space&apos;: &apos;DeviceGray&apos;, &apos;ncolor&apos;: None, &apos;size&apos;: 13.480000000000018, &apos;value&apos;: &apos;G&apos;, &apos;children&apos;: [], &apos;features&apos;: {}}, {&apos;type&apos;: &apos;text&apos;, &apos;bbox&apos;: (256.47, 170.183, 261.47, 183.663), &apos;color_space&apos;: &apos;DeviceGray&apos;, &apos;ncolor&apos;: None, &apos;size&apos;: 13.480000000000018, &apos;value&apos;: &apos;_&apos;, &apos;children&apos;: [], &apos;features&apos;: {}}, {&apos;type&apos;: &apos;text&apos;, &apos;bbox&apos;: (261.47, 170.183, 271.47, 183.663), &apos;color_space&apos;: &apos;DeviceGray&apos;, &apos;ncolor&apos;: None, &apos;size&apos;: 13.480000000000018, &apos;value&apos;: &apos;M&apos;, &apos;children&apos;: [], &apos;features&apos;: {}}, {&apos;type&apos;: &apos;text&apos;, &apos;bbox&apos;: (271.47, 170.183, 277.52000000000004, 183.663), &apos;color_space&apos;: &apos;DeviceGray&apos;, &apos;ncolor&apos;: None, &apos;size&apos;: 13.480000000000018, &apos;value&apos;: &apos;L&apos;, &apos;children&apos;: [], &apos;features&apos;: {}}, {&apos;type&apos;: &apos;text&apos;, &apos;bbox&apos;: (277.52, 170.183, 283.62, 183.663), &apos;color_space&apos;: &apos;DeviceGray&apos;, &apos;ncolor&apos;: None, &apos;size&apos;: 13.480000000000018, &apos;value&apos;: &apos;S&apos;, &apos;children&apos;: [], &apos;features&apos;: {}}, {&apos;type&apos;: &apos;text&apos;, &apos;bbox&apos;: (283.711, 170.914, 286.481, 184.204), &apos;color_space&apos;: &apos;DeviceGray&apos;, &apos;ncolor&apos;: None, &apos;size&apos;: 13.29000000000002, &apos;value&apos;: &apos;.&apos;, &apos;children&apos;: [], &apos;features&apos;: {}}, {&apos;type&apos;: &apos;text&apos;, &apos;bbox&apos;: (286.481, 170.914, 289.251, 184.204), &apos;color_space&apos;: &apos;DeviceGray&apos;, &apos;ncolor&apos;: None, &apos;size&apos;: 13.29000000000002, &apos;value&apos;: &apos;.&apos;, &apos;children&apos;: [], &apos;features&apos;: {}}, {&apos;type&apos;: &apos;text&apos;, &apos;bbox&apos;: (289.25100000000003, 170.914, 292.021, 184.204), &apos;color_space&apos;: &apos;DeviceGray&apos;, &apos;ncolor&apos;: None, &apos;size&apos;: 13.29000000000002, &apos;value&apos;: &apos;.&apos;, &apos;children&apos;: [], &apos;features&apos;: {}}, {&apos;type&apos;: &apos;text&apos;, &apos;bbox&apos;: (292.021, 170.914, 294.791, 184.204), &apos;color_space&apos;: &apos;DeviceGray&apos;, &apos;ncolor&apos;: None, &apos;size&apos;: 13.29000000000002, &apos;value&apos;: &apos;.&apos;, &apos;children&apos;: [], &apos;features&apos;: {}}, {&apos;type&apos;: &apos;text&apos;, &apos;bbox&apos;: (294.791, 170.914, 297.561, 184.204), &apos;color_space&apos;: &apos;DeviceGray&apos;, &apos;ncolor&apos;: None, &apos;size&apos;: 13.29000000000002, &apos;value&apos;: &apos;.&apos;, &apos;children&apos;: [], &apos;features&apos;: {}}, {&apos;type&apos;: &apos;text&apos;, &apos;bbox&apos;: (297.56100000000004, 170.914, 300.331, 184.204), &apos;color_space&apos;: &apos;DeviceGray&apos;, &apos;ncolor&apos;: None, &apos;size&apos;: 13.29000000000002, &apos;value&apos;: &apos;.&apos;, &apos;children&apos;: [], &apos;features&apos;: {}}, {&apos;type&apos;: &apos;text&apos;, &apos;bbox&apos;: (300.331, 170.914, 303.101, 184.204), &apos;color_space&apos;: &apos;DeviceGray&apos;, &apos;ncolor&apos;: None, &apos;size&apos;: 13.29000000000002, &apos;value&apos;: &apos;.&apos;, &apos;children&apos;: [], &apos;features&apos;: {}}, {&apos;type&apos;: &apos;text&apos;, &apos;bbox&apos;: (303.101, 170.914, 305.871, 184.204), &apos;color_space&apos;: &apos;DeviceGray&apos;, &apos;ncolor&apos;: None, &apos;size&apos;: 13.29000000000002, &apos;value&apos;: &apos;.&apos;, &apos;children&apos;: [], &apos;features&apos;: {}}, {&apos;type&apos;: &apos;text&apos;, &apos;bbox&apos;: (305.87100000000004, 170.914, 308.641, 184.204), &apos;color_space&apos;: &apos;DeviceGray&apos;, &apos;ncolor&apos;: None, &apos;size&apos;: 13.29000000000002, &apos;value&apos;: &apos;.&apos;, &apos;children&apos;: [], &apos;features&apos;: {}}, {&apos;type&apos;: &apos;text&apos;, &apos;bbox&apos;: (308.641, 170.914, 311.411, 184.204), &apos;color_space&apos;: &apos;DeviceGray&apos;, &apos;ncolor&apos;: None, &apos;size&apos;: 13.29000000000002, &apos;value&apos;: &apos;.&apos;, &apos;children&apos;: [], &apos;features&apos;: {}}, {&apos;type&apos;: &apos;text&apos;, &apos;bbox&apos;: (311.411, 170.914, 314.181, 184.204), &apos;color_space&apos;: &apos;DeviceGray&apos;, &apos;ncolor&apos;: None, &apos;size&apos;: 13.29000000000002, &apos;value&apos;: &apos;.&apos;, &apos;children&apos;: [], &apos;features&apos;: {}}, {&apos;type&apos;: &apos;text&apos;, &apos;bbox&apos;: (314.18100000000004, 170.914, 316.951, 184.204), &apos;color_space&apos;: &apos;DeviceGray&apos;, &apos;ncolor&apos;: None, &apos;size&apos;: 13.29000000000002, &apos;value&apos;: &apos;.&apos;, &apos;children&apos;: [], &apos;features&apos;: {}}, {&apos;type&apos;: &apos;text&apos;, &apos;bbox&apos;: (316.951, 170.914, 319.721, 184.204), &apos;color_space&apos;: &apos;DeviceGray&apos;, &apos;ncolor&apos;: None, &apos;size&apos;: 13.29000000000002, &apos;value&apos;: &apos;.&apos;, &apos;children&apos;: [], &apos;features&apos;: {}}, {&apos;type&apos;: &apos;text&apos;, &apos;bbox&apos;: (319.721, 170.914, 322.491, 184.204), &apos;color_space&apos;: &apos;DeviceGray&apos;, &apos;ncolor&apos;: None, &apos;size&apos;: 13.29000000000002, &apos;value&apos;: &apos;.&apos;, &apos;children&apos;: [], &apos;features&apos;: {}}, {&apos;type&apos;: &apos;text&apos;, &apos;bbox&apos;: (322.49100000000004, 170.914, 325.261, 184.204), &apos;color_space&apos;: &apos;DeviceGray&apos;, &apos;ncolor&apos;: None, &apos;size&apos;: 13.29000000000002, &apos;value&apos;: &apos;.&apos;, &apos;children&apos;: [], &apos;features&apos;: {}}, {&apos;type&apos;: &apos;text&apos;, &apos;bbox&apos;: (325.261, 170.914, 328.031, 184.204), &apos;color_space&apos;: &apos;DeviceGray&apos;, &apos;ncolor&apos;: None, &apos;size&apos;: 13.29000000000002, &apos;value&apos;: &apos;.&apos;, &apos;children&apos;: [], &apos;features&apos;: {}}, {&apos;type&apos;: &apos;text&apos;, &apos;bbox&apos;: (328.031, 170.914, 330.801, 184.204), &apos;color_space&apos;: &apos;DeviceGray&apos;, &apos;ncolor&apos;: None, &apos;size&apos;: 13.29000000000002, &apos;value&apos;: &apos;.&apos;, &apos;children&apos;: [], &apos;features&apos;: {}}, {&apos;type&apos;: &apos;text&apos;, &apos;bbox&apos;: (330.80100000000004, 170.914, 333.571, 184.204), &apos;color_space&apos;: &apos;DeviceGray&apos;, &apos;ncolor&apos;: None, &apos;size&apos;: 13.29000000000002, &apos;value&apos;: &apos;.&apos;, &apos;children&apos;: [], &apos;features&apos;: {}}, {&apos;type&apos;: &apos;text&apos;, &apos;bbox&apos;: (333.571, 170.914, 336.341, 184.204), &apos;color_space&apos;: &apos;DeviceGray&apos;, &apos;ncolor&apos;: None, &apos;size&apos;: 13.29000000000002, &apos;value&apos;: &apos;.&apos;, &apos;children&apos;: [], &apos;features&apos;: {}}, {&apos;type&apos;: &apos;text&apos;, &apos;bbox&apos;: (336.341, 170.914, 339.111, 184.204), &apos;color_space&apos;: &apos;DeviceGray&apos;, &apos;ncolor&apos;: None, &apos;size&apos;: 13.29000000000002, &apos;value&apos;: &apos;.&apos;, &apos;children&apos;: [], &apos;features&apos;: {}}, {&apos;type&apos;: &apos;text&apos;, &apos;bbox&apos;: (339.11100000000005, 170.914, 341.88100000000003, 184.204), &apos;color_space&apos;: &apos;DeviceGray&apos;, &apos;ncolor&apos;: None, &apos;size&apos;: 13.29000000000002, &apos;value&apos;: &apos;.&apos;, &apos;children&apos;: [], &apos;features&apos;: {}}, {&apos;type&apos;: &apos;text&apos;, &apos;bbox&apos;: (341.88100000000003, 170.914, 344.651, 184.204), &apos;color_space&apos;: &apos;DeviceGray&apos;, &apos;ncolor&apos;: None, &apos;size&apos;: 13.29000000000002, &apos;value&apos;: &apos;.&apos;, &apos;children&apos;: [], &apos;features&apos;: {}}, {&apos;type&apos;: &apos;text&apos;, &apos;bbox&apos;: (344.65100000000007, 170.914, 347.42100000000005, 184.204), &apos;color_space&apos;: &apos;DeviceGray&apos;, &apos;ncolor&apos;: None, &apos;size&apos;: 13.29000000000002, &apos;value&apos;: &apos;.&apos;, &apos;children&apos;: [], &apos;features&apos;: {}}, {&apos;type&apos;: &apos;text&apos;, &apos;bbox&apos;: (347.42100000000005, 170.914, 350.19100000000003, 184.204), &apos;color_space&apos;: &apos;DeviceGray&apos;, &apos;ncolor&apos;: None, &apos;size&apos;: 13.29000000000002, &apos;value&apos;: &apos;.&apos;, &apos;children&apos;: [], &apos;features&apos;: {}}, {&apos;type&apos;: &apos;text&apos;, &apos;bbox&apos;: (350.19100000000003, 170.914, 352.961, 184.204), &apos;color_space&apos;: &apos;DeviceGray&apos;, &apos;ncolor&apos;: None, &apos;size&apos;: 13.29000000000002, &apos;value&apos;: &apos;.&apos;, &apos;children&apos;: [], &apos;features&apos;: {}}, {&apos;type&apos;: &apos;text&apos;, &apos;bbox&apos;: (352.961, 170.914, 355.731, 184.204), &apos;color_space&apos;: &apos;DeviceGray&apos;, &apos;ncolor&apos;: None, &apos;size&apos;: 13.29000000000002, &apos;value&apos;: &apos;.&apos;, &apos;children&apos;: [], &apos;features&apos;: {}}, {&apos;type&apos;: &apos;text&apos;, &apos;bbox&apos;: (355.73100000000005, 170.914, 358.50100000000003, 184.204), &apos;color_space&apos;: &apos;DeviceGray&apos;, &apos;ncolor&apos;: None, &apos;size&apos;: 13.29000000000002, &apos;value&apos;: &apos;.&apos;, &apos;children&apos;: [], &apos;features&apos;: {}}, {&apos;type&apos;: &apos;text&apos;, &apos;bbox&apos;: (358.50100000000003, 170.914, 361.271, 184.204), &apos;color_space&apos;: &apos;DeviceGray&apos;, &apos;ncolor&apos;: None, &apos;size&apos;: 13.29000000000002, &apos;value&apos;: &apos;.&apos;, &apos;children&apos;: [], &apos;features&apos;: {}}, {&apos;type&apos;: &apos;text&apos;, &apos;bbox&apos;: (361.271, 170.914, 364.041, 184.204), &apos;color_space&apos;: &apos;DeviceGray&apos;, &apos;ncolor&apos;: None, &apos;size&apos;: 13.29000000000002, &apos;value&apos;: &apos;.&apos;, &apos;children&apos;: [], &apos;features&apos;: {}}, {&apos;type&apos;: &apos;text&apos;, &apos;bbox&apos;: (364.04100000000005, 170.914, 366.81100000000004, 184.204), &apos;color_space&apos;: &apos;DeviceGray&apos;, &apos;ncolor&apos;: None, &apos;size&apos;: 13.29000000000002, &apos;value&apos;: &apos;.&apos;, &apos;children&apos;: [], &apos;features&apos;: {}}, {&apos;type&apos;: &apos;text&apos;, &apos;bbox&apos;: (366.81100000000004, 170.914, 369.581, 184.204), &apos;color_space&apos;: &apos;DeviceGray&apos;, &apos;ncolor&apos;: None, &apos;size&apos;: 13.29000000000002, &apos;value&apos;: &apos;.&apos;, &apos;children&apos;: [], &apos;features&apos;: {}}, {&apos;type&apos;: &apos;text&apos;, &apos;bbox&apos;: (369.581, 170.914, 372.351, 184.204), &apos;color_space&apos;: &apos;DeviceGray&apos;, &apos;ncolor&apos;: None, &apos;size&apos;: 13.29000000000002, &apos;value&apos;: &apos;.&apos;, &apos;children&apos;: [], &apos;features&apos;: {}}, {&apos;type&apos;: &apos;text&apos;, &apos;bbox&apos;: (372.351, 170.914, 375.121, 184.204), &apos;color_space&apos;: &apos;DeviceGray&apos;, &apos;ncolor&apos;: None, &apos;size&apos;: 13.29000000000002, &apos;value&apos;: &apos;.&apos;, &apos;children&apos;: [], &apos;features&apos;: {}}, {&apos;type&apos;: &apos;text&apos;, &apos;bbox&apos;: (375.121, 170.914, 377.89099999999996, 184.204), &apos;color_space&apos;: &apos;DeviceGray&apos;, &apos;ncolor&apos;: None, &apos;size&apos;: 13.29000000000002, &apos;value&apos;: &apos;.&apos;, &apos;children&apos;: [], &apos;features&apos;: {}}, {&apos;type&apos;: &apos;text&apos;, &apos;bbox&apos;: (377.891, 170.914, 380.661, 184.204), &apos;color_space&apos;: &apos;DeviceGray&apos;, &apos;ncolor&apos;: None, &apos;size&apos;: 13.29000000000002, &apos;value&apos;: &apos;.&apos;, &apos;children&apos;: [], &apos;features&apos;: {}}, {&apos;type&apos;: &apos;text&apos;, &apos;bbox&apos;: (380.661, 170.914, 383.431, 184.204), &apos;color_space&apos;: &apos;DeviceGray&apos;, &apos;ncolor&apos;: None, &apos;size&apos;: 13.29000000000002, &apos;value&apos;: &apos;.&apos;, &apos;children&apos;: [], &apos;features&apos;: {}}, {&apos;type&apos;: &apos;text&apos;, &apos;bbox&apos;: (383.431, 170.914, 386.20099999999996, 184.204), &apos;color_space&apos;: &apos;DeviceGray&apos;, &apos;ncolor&apos;: None, &apos;size&apos;: 13.29000000000002, &apos;value&apos;: &apos;.&apos;, &apos;children&apos;: [], &apos;features&apos;: {}}, {&apos;type&apos;: &apos;text&apos;, &apos;bbox&apos;: (386.201, 170.914, 388.971, 184.204), &apos;color_space&apos;: &apos;DeviceGray&apos;, &apos;ncolor&apos;: None, &apos;size&apos;: 13.29000000000002, &apos;value&apos;: &apos;.&apos;, &apos;children&apos;: [], &apos;features&apos;: {}}, {&apos;type&apos;: &apos;text&apos;, &apos;bbox&apos;: (388.971, 170.914, 391.741, 184.204), &apos;color_space&apos;: &apos;DeviceGray&apos;, &apos;ncolor&apos;: None, &apos;size&apos;: 13.29000000000002, &apos;value&apos;: &apos;.&apos;, &apos;children&apos;: [], &apos;features&apos;: {}}, {&apos;type&apos;: &apos;text&apos;, &apos;bbox&apos;: (391.741, 170.914, 394.51099999999997, 184.204), &apos;color_space&apos;: &apos;DeviceGray&apos;, &apos;ncolor&apos;: None, &apos;size&apos;: 13.29000000000002, &apos;value&apos;: &apos;.&apos;, &apos;children&apos;: [], &apos;features&apos;: {}}, {&apos;type&apos;: &apos;text&apos;, &apos;bbox&apos;: (394.51099999999997, 170.914, 397.28099999999995, 184.204), &apos;color_space&apos;: &apos;DeviceGray&apos;, &apos;ncolor&apos;: None, &apos;size&apos;: 13.29000000000002, &apos;value&apos;: &apos;.&apos;, &apos;children&apos;: [], &apos;features&apos;: {}}, {&apos;type&apos;: &apos;text&apos;, &apos;bbox&apos;: (397.28099999999995, 170.914, 400.05099999999993, 184.204), &apos;color_space&apos;: &apos;DeviceGray&apos;, &apos;ncolor&apos;: None, &apos;size&apos;: 13.29000000000002, &apos;value&apos;: &apos;.&apos;, &apos;children&apos;: [], &apos;features&apos;: {}}, {&apos;type&apos;: &apos;text&apos;, &apos;bbox&apos;: (400.051, 170.914, 402.82099999999997, 184.204), &apos;color_space&apos;: &apos;DeviceGray&apos;, &apos;ncolor&apos;: None, &apos;size&apos;: 13.29000000000002, &apos;value&apos;: &apos;.&apos;, &apos;children&apos;: [], &apos;features&apos;: {}}, {&apos;type&apos;: &apos;text&apos;, &apos;bbox&apos;: (402.82099999999997, 170.914, 405.59099999999995, 184.204), &apos;color_space&apos;: &apos;DeviceGray&apos;, &apos;ncolor&apos;: None, &apos;size&apos;: 13.29000000000002, &apos;value&apos;: &apos;.&apos;, &apos;children&apos;: [], &apos;features&apos;: {}}, {&apos;type&apos;: &apos;text&apos;, &apos;bbox&apos;: (405.59099999999995, 170.914, 408.36099999999993, 184.204), &apos;color_space&apos;: &apos;DeviceGray&apos;, &apos;ncolor&apos;: None, &apos;size&apos;: 13.29000000000002, &apos;value&apos;: &apos;.&apos;, &apos;children&apos;: [], &apos;features&apos;: {}}, {&apos;type&apos;: &apos;text&apos;, &apos;bbox&apos;: (408.361, 170.914, 411.131, 184.204), &apos;color_space&apos;: &apos;DeviceGray&apos;, &apos;ncolor&apos;: None, &apos;size&apos;: 13.29000000000002, &apos;value&apos;: &apos;.&apos;, &apos;children&apos;: [], &apos;features&apos;: {}}, {&apos;type&apos;: &apos;text&apos;, &apos;bbox&apos;: (411.131, 170.914, 413.90099999999995, 184.204), &apos;color_space&apos;: &apos;DeviceGray&apos;, &apos;ncolor&apos;: None, &apos;size&apos;: 13.29000000000002, &apos;value&apos;: &apos;.&apos;, &apos;children&apos;: [], &apos;features&apos;: {}}, {&apos;type&apos;: &apos;text&apos;, &apos;bbox&apos;: (413.90099999999995, 170.914, 416.67099999999994, 184.204), &apos;color_space&apos;: &apos;DeviceGray&apos;, &apos;ncolor&apos;: None, &apos;size&apos;: 13.29000000000002, &apos;value&apos;: &apos;.&apos;, &apos;children&apos;: [], &apos;features&apos;: {}}, {&apos;type&apos;: &apos;text&apos;, &apos;bbox&apos;: (416.67099999999994, 170.914, 419.4409999999999, 184.204), &apos;color_space&apos;: &apos;DeviceGray&apos;, &apos;ncolor&apos;: None, &apos;size&apos;: 13.29000000000002, &apos;value&apos;: &apos;.&apos;, &apos;children&apos;: [], &apos;features&apos;: {}}, {&apos;type&apos;: &apos;text&apos;, &apos;bbox&apos;: (419.441, 170.914, 422.21099999999996, 184.204), &apos;color_space&apos;: &apos;DeviceGray&apos;, &apos;ncolor&apos;: None, &apos;size&apos;: 13.29000000000002, &apos;value&apos;: &apos;.&apos;, &apos;children&apos;: [], &apos;features&apos;: {}}, {&apos;type&apos;: &apos;text&apos;, &apos;bbox&apos;: (422.211, 170.914, 424.981, 184.204), &apos;color_space&apos;: &apos;DeviceGray&apos;, &apos;ncolor&apos;: None, &apos;size&apos;: 13.29000000000002, &apos;value&apos;: &apos;.&apos;, &apos;children&apos;: [], &apos;features&apos;: {}}, {&apos;type&apos;: &apos;text&apos;, &apos;bbox&apos;: (424.981, 170.914, 427.751, 184.204), &apos;color_space&apos;: &apos;DeviceGray&apos;, &apos;ncolor&apos;: None, &apos;size&apos;: 13.29000000000002, &apos;value&apos;: &apos;.&apos;, &apos;children&apos;: [], &apos;features&apos;: {}}, {&apos;type&apos;: &apos;text&apos;, &apos;bbox&apos;: (427.751, 170.914, 430.52099999999996, 184.204), &apos;color_space&apos;: &apos;DeviceGray&apos;, &apos;ncolor&apos;: None, &apos;size&apos;: 13.29000000000002, &apos;value&apos;: &apos;.&apos;, &apos;children&apos;: [], &apos;features&apos;: {}}, {&apos;type&apos;: &apos;text&apos;, &apos;bbox&apos;: (430.521, 170.914, 433.291, 184.204), &apos;color_space&apos;: &apos;DeviceGray&apos;, &apos;ncolor&apos;: None, &apos;size&apos;: 13.29000000000002, &apos;value&apos;: &apos;.&apos;, &apos;children&apos;: [], &apos;features&apos;: {}}, {&apos;type&apos;: &apos;text&apos;, &apos;bbox&apos;: (433.29100000000005, 170.914, 436.06100000000004, 184.204), &apos;color_space&apos;: &apos;DeviceGray&apos;, &apos;ncolor&apos;: None, &apos;size&apos;: 13.29000000000002, &apos;value&apos;: &apos;.&apos;, &apos;children&apos;: [], &apos;features&apos;: {}}, {&apos;type&apos;: &apos;text&apos;, &apos;bbox&apos;: (436.06100000000004, 170.914, 438.831, 184.204), &apos;color_space&apos;: &apos;DeviceGray&apos;, &apos;ncolor&apos;: None, &apos;size&apos;: 13.29000000000002, &apos;value&apos;: &apos;.&apos;, &apos;children&apos;: [], &apos;features&apos;: {}}, {&apos;type&apos;: &apos;text&apos;, &apos;bbox&apos;: (438.831, 170.914, 441.601, 184.204), &apos;color_space&apos;: &apos;DeviceGray&apos;, &apos;ncolor&apos;: None, &apos;size&apos;: 13.29000000000002, &apos;value&apos;: &apos;.&apos;, &apos;children&apos;: [], &apos;features&apos;: {}}, {&apos;type&apos;: &apos;text&apos;, &apos;bbox&apos;: (441.60100000000006, 170.914, 444.37100000000004, 184.204), &apos;color_space&apos;: &apos;DeviceGray&apos;, &apos;ncolor&apos;: None, &apos;size&apos;: 13.29000000000002, &apos;value&apos;: &apos;.&apos;, &apos;children&apos;: [], &apos;features&apos;: {}}, {&apos;type&apos;: &apos;text&apos;, &apos;bbox&apos;: (444.3710000000001, 170.914, 447.1410000000001, 184.204), &apos;color_space&apos;: &apos;DeviceGray&apos;, &apos;ncolor&apos;: None, &apos;size&apos;: 13.29000000000002, &apos;value&apos;: &apos;.&apos;, &apos;children&apos;: [], &apos;features&apos;: {}}, {&apos;type&apos;: &apos;text&apos;, &apos;bbox&apos;: (447.1410000000001, 170.914, 449.91100000000006, 184.204), &apos;color_space&apos;: &apos;DeviceGray&apos;, &apos;ncolor&apos;: None, &apos;size&apos;: 13.29000000000002, &apos;value&apos;: &apos;.&apos;, &apos;children&apos;: [], &apos;features&apos;: {}}, {&apos;type&apos;: &apos;text&apos;, &apos;bbox&apos;: (449.91100000000006, 170.914, 452.68100000000004, 184.204), &apos;color_space&apos;: &apos;DeviceGray&apos;, &apos;ncolor&apos;: None, &apos;size&apos;: 13.29000000000002, &apos;value&apos;: &apos;.&apos;, &apos;children&apos;: [], &apos;features&apos;: {}}, {&apos;type&apos;: &apos;text&apos;, &apos;bbox&apos;: (452.6810000000001, 170.914, 455.4510000000001, 184.204), &apos;color_space&apos;: &apos;DeviceGray&apos;, &apos;ncolor&apos;: None, &apos;size&apos;: 13.29000000000002, &apos;value&apos;: &apos;.&apos;, &apos;children&apos;: [], &apos;features&apos;: {}}, {&apos;type&apos;: &apos;text&apos;, &apos;bbox&apos;: (455.45100000000014, 170.914, 458.2210000000001, 184.204), &apos;color_space&apos;: &apos;DeviceGray&apos;, &apos;ncolor&apos;: None, &apos;size&apos;: 13.29000000000002, &apos;value&apos;: &apos;.&apos;, &apos;children&apos;: [], &apos;features&apos;: {}}, {&apos;type&apos;: &apos;text&apos;, &apos;bbox&apos;: (458.2210000000001, 170.914, 460.9910000000001, 184.204), &apos;color_space&apos;: &apos;DeviceGray&apos;, &apos;ncolor&apos;: None, &apos;size&apos;: 13.29000000000002, &apos;value&apos;: &apos;.&apos;, &apos;children&apos;: [], &apos;features&apos;: {}}, {&apos;type&apos;: &apos;text&apos;, &apos;bbox&apos;: (460.9910000000001, 170.914, 463.7610000000001, 184.204), &apos;color_space&apos;: &apos;DeviceGray&apos;, &apos;ncolor&apos;: None, &apos;size&apos;: 13.29000000000002, &apos;value&apos;: &apos;.&apos;, &apos;children&apos;: [], &apos;features&apos;: {}}, {&apos;type&apos;: &apos;text&apos;, &apos;bbox&apos;: (463.76100000000014, 170.914, 466.5310000000001, 184.204), &apos;color_space&apos;: &apos;DeviceGray&apos;, &apos;ncolor&apos;: None, &apos;size&apos;: 13.29000000000002, &apos;value&apos;: &apos;.&apos;, &apos;children&apos;: [], &apos;features&apos;: {}}, {&apos;type&apos;: &apos;text&apos;, &apos;bbox&apos;: (466.5310000000002, 170.914, 469.30100000000016, 184.204), &apos;color_space&apos;: &apos;DeviceGray&apos;, &apos;ncolor&apos;: None, &apos;size&apos;: 13.29000000000002, &apos;value&apos;: &apos;.&apos;, &apos;children&apos;: [], &apos;features&apos;: {}}, {&apos;type&apos;: &apos;text&apos;, &apos;bbox&apos;: (469.30100000000016, 170.914, 472.07100000000014, 184.204), &apos;color_space&apos;: &apos;DeviceGray&apos;, &apos;ncolor&apos;: None, &apos;size&apos;: 13.29000000000002, &apos;value&apos;: &apos;.&apos;, &apos;children&apos;: [], &apos;features&apos;: {}}, {&apos;type&apos;: &apos;text&apos;, &apos;bbox&apos;: (472.07100000000014, 170.914, 474.8410000000001, 184.204), &apos;color_space&apos;: &apos;DeviceGray&apos;, &apos;ncolor&apos;: None, &apos;size&apos;: 13.29000000000002, &apos;value&apos;: &apos;.&apos;, &apos;children&apos;: [], &apos;features&apos;: {}}, {&apos;type&apos;: &apos;text&apos;, &apos;bbox&apos;: (474.8410000000002, 170.914, 477.61100000000016, 184.204), &apos;color_space&apos;: &apos;DeviceGray&apos;, &apos;ncolor&apos;: None, &apos;size&apos;: 13.29000000000002, &apos;value&apos;: &apos;.&apos;, &apos;children&apos;: [], &apos;features&apos;: {}}, {&apos;type&apos;: &apos;text&apos;, &apos;bbox&apos;: (477.6110000000002, 170.914, 480.3810000000002, 184.204), &apos;color_space&apos;: &apos;DeviceGray&apos;, &apos;ncolor&apos;: None, &apos;size&apos;: 13.29000000000002, &apos;value&apos;: &apos;.&apos;, &apos;children&apos;: [], &apos;features&apos;: {}}, {&apos;type&apos;: &apos;text&apos;, &apos;bbox&apos;: (480.3810000000002, 170.914, 483.1510000000002, 184.204), &apos;color_space&apos;: &apos;DeviceGray&apos;, &apos;ncolor&apos;: None, &apos;size&apos;: 13.29000000000002, &apos;value&apos;: &apos;.&apos;, &apos;children&apos;: [], &apos;features&apos;: {}}, {&apos;type&apos;: &apos;text&apos;, &apos;bbox&apos;: (483.1510000000002, 170.914, 485.92100000000016, 184.204), &apos;color_space&apos;: &apos;DeviceGray&apos;, &apos;ncolor&apos;: None, &apos;size&apos;: 13.29000000000002, &apos;value&apos;: &apos;.&apos;, &apos;children&apos;: [], &apos;features&apos;: {}}, {&apos;type&apos;: &apos;text&apos;, &apos;bbox&apos;: (485.9210000000002, 170.914, 488.6910000000002, 184.204), &apos;color_space&apos;: &apos;DeviceGray&apos;, &apos;ncolor&apos;: None, &apos;size&apos;: 13.29000000000002, &apos;value&apos;: &apos;.&apos;, &apos;children&apos;: [], &apos;features&apos;: {}}, {&apos;type&apos;: &apos;text&apos;, &apos;bbox&apos;: (488.69100000000026, 170.914, 491.46100000000024, 184.204), &apos;color_space&apos;: &apos;DeviceGray&apos;, &apos;ncolor&apos;: None, &apos;size&apos;: 13.29000000000002, &apos;value&apos;: &apos;.&apos;, &apos;children&apos;: [], &apos;features&apos;: {}}, {&apos;type&apos;: &apos;text&apos;, &apos;bbox&apos;: (491.46100000000024, 170.914, 494.2310000000002, 184.204), &apos;color_space&apos;: &apos;DeviceGray&apos;, &apos;ncolor&apos;: None, &apos;size&apos;: 13.29000000000002, &apos;value&apos;: &apos;.&apos;, &apos;children&apos;: [], &apos;features&apos;: {}}, {&apos;type&apos;: &apos;text&apos;, &apos;bbox&apos;: (494.2310000000002, 170.914, 497.0010000000002, 184.204), &apos;color_space&apos;: &apos;DeviceGray&apos;, &apos;ncolor&apos;: None, &apos;size&apos;: 13.29000000000002, &apos;value&apos;: &apos;.&apos;, &apos;children&apos;: [], &apos;features&apos;: {}}, {&apos;type&apos;: &apos;text&apos;, &apos;bbox&apos;: (497.00100000000026, 170.914, 499.77100000000024, 184.204), &apos;color_space&apos;: &apos;DeviceGray&apos;, &apos;ncolor&apos;: None, &apos;size&apos;: 13.29000000000002, &apos;value&apos;: &apos;.&apos;, &apos;children&apos;: [], &apos;features&apos;: {}}, {&apos;type&apos;: &apos;text&apos;, &apos;bbox&apos;: (499.7710000000003, 170.914, 502.5410000000003, 184.204), &apos;color_space&apos;: &apos;DeviceGray&apos;, &apos;ncolor&apos;: None, &apos;size&apos;: 13.29000000000002, &apos;value&apos;: &apos;.&apos;, &apos;children&apos;: [], &apos;features&apos;: {}}, {&apos;type&apos;: &apos;text&apos;, &apos;bbox&apos;: (502.5410000000003, 170.914, 505.31100000000026, 184.204), &apos;color_space&apos;: &apos;DeviceGray&apos;, &apos;ncolor&apos;: None, &apos;size&apos;: 13.29000000000002, &apos;value&apos;: &apos;.&apos;, &apos;children&apos;: [], &apos;features&apos;: {}}, {&apos;type&apos;: &apos;text&apos;, &apos;bbox&apos;: (505.31100000000026, 170.914, 508.08100000000024, 184.204), &apos;color_space&apos;: &apos;DeviceGray&apos;, &apos;ncolor&apos;: None, &apos;size&apos;: 13.29000000000002, &apos;value&apos;: &apos;.&apos;, &apos;children&apos;: [], &apos;features&apos;: {}}, {&apos;type&apos;: &apos;text&apos;, &apos;bbox&apos;: (508.0810000000003, 170.914, 510.8510000000003, 184.204), &apos;color_space&apos;: &apos;DeviceGray&apos;, &apos;ncolor&apos;: None, &apos;size&apos;: 13.29000000000002, &apos;value&apos;: &apos;.&apos;, &apos;children&apos;: [], &apos;features&apos;: {}}, {&apos;type&apos;: &apos;text&apos;, &apos;bbox&apos;: (510.85100000000034, 170.914, 513.6210000000003, 184.204), &apos;color_space&apos;: &apos;DeviceGray&apos;, &apos;ncolor&apos;: None, &apos;size&apos;: 13.29000000000002, &apos;value&apos;: &apos;.&apos;, &apos;children&apos;: [], &apos;features&apos;: {}}, {&apos;type&apos;: &apos;text&apos;, &apos;bbox&apos;: (513.6210000000003, 170.914, 516.3910000000003, 184.204), &apos;color_space&apos;: &apos;DeviceGray&apos;, &apos;ncolor&apos;: None, &apos;size&apos;: 13.29000000000002, &apos;value&apos;: &apos;.&apos;, &apos;children&apos;: [], &apos;features&apos;: {}}, {&apos;type&apos;: &apos;text&apos;, &apos;bbox&apos;: (516.3910000000003, 170.914, 519.1610000000003, 184.204), &apos;color_space&apos;: &apos;DeviceGray&apos;, &apos;ncolor&apos;: None, &apos;size&apos;: 13.29000000000002, &apos;value&apos;: &apos;.&apos;, &apos;children&apos;: [], &apos;features&apos;: {}}, {&apos;type&apos;: &apos;text&apos;, &apos;bbox&apos;: (519.1610000000003, 170.914, 521.9310000000003, 184.204), &apos;color_space&apos;: &apos;DeviceGray&apos;, &apos;ncolor&apos;: None, &apos;size&apos;: 13.29000000000002, &apos;value&apos;: &apos;.&apos;, &apos;children&apos;: [], &apos;features&apos;: {}}, {&apos;type&apos;: &apos;text&apos;, &apos;bbox&apos;: (521.9310000000004, 170.914, 524.7010000000004, 184.204), &apos;color_space&apos;: &apos;DeviceGray&apos;, &apos;ncolor&apos;: None, &apos;size&apos;: 13.29000000000002, &apos;value&apos;: &apos;.&apos;, &apos;children&apos;: [], &apos;features&apos;: {}}, {&apos;type&apos;: &apos;text&apos;, &apos;bbox&apos;: (525.548, 170.914, 531.108, 184.204), &apos;color_space&apos;: &apos;DeviceGray&apos;, &apos;ncolor&apos;: None, &apos;size&apos;: 13.29000000000002, &apos;value&apos;: &apos;9&apos;, &apos;children&apos;: [], &apos;features&apos;: {}}, {&apos;type&apos;: &apos;text&apos;, &apos;bbox&apos;: (531.108, 170.914, 534.438, 184.204), &apos;color_space&apos;: &apos;DeviceGray&apos;, &apos;ncolor&apos;: None, &apos;size&apos;: 13.29000000000002, &apos;value&apos;: &apos;-&apos;, &apos;children&apos;: [], &apos;features&apos;: {}}, {&apos;type&apos;: &apos;text&apos;, &apos;bbox&apos;: (534.439, 170.914, 539.9989999999999, 184.204), &apos;color_space&apos;: &apos;DeviceGray&apos;, &apos;ncolor&apos;: None, &apos;size&apos;: 13.29000000000002, &apos;value&apos;: &apos;7&apos;, &apos;children&apos;: [], &apos;features&apos;: {}}], &apos;features&apos;: {}}
*********************





--------------------------------- CONTENT AREA --------------------------------- 
This content area has an image
{&apos;type&apos;: &apos;figure&apos;, &apos;bbox&apos;: (0, 0, 612.0, 792.0), &apos;name&apos;: &apos;fx78&apos;, &apos;children&apos;: [{&apos;type&apos;: &apos;text&apos;, &apos;bbox&apos;: (114.0, 118.89399999999999, 119.57, 132.374), &apos;color_space&apos;: &apos;DeviceGray&apos;, &apos;ncolor&apos;: None, &apos;size&apos;: 13.480000000000004, &apos;value&apos;: &apos;F&apos;, &apos;children&apos;: [], &apos;features&apos;: {}}, {&apos;type&apos;: &apos;text&apos;, &apos;bbox&apos;: (119.57, 118.89399999999999, 125.66999999999999, 132.374), &apos;color_space&apos;: &apos;DeviceGray&apos;, &apos;ncolor&apos;: None, &apos;size&apos;: 13.480000000000004, &apos;value&apos;: &apos;S&apos;, &apos;children&apos;: [], &apos;features&apos;: {}}, {&apos;type&apos;: &apos;text&apos;, &apos;bbox&apos;: (125.67, 118.89399999999999, 129.56, 132.374), &apos;color_space&apos;: &apos;DeviceGray&apos;, &apos;ncolor&apos;: None, &apos;size&apos;: 13.480000000000004, &apos;value&apos;: &apos;I&apos;, &apos;children&apos;: [], &apos;features&apos;: {}}, {&apos;type&apos;: &apos;text&apos;, &apos;bbox&apos;: (129.56, 118.89399999999999, 134.56, 132.374), &apos;color_space&apos;: &apos;DeviceGray&apos;, &apos;ncolor&apos;: None, &apos;size&apos;: 13.480000000000004, &apos;value&apos;: &apos;_&apos;, &apos;children&apos;: [], &apos;features&apos;: {}}, {&apos;type&apos;: &apos;text&apos;, &apos;bbox&apos;: (134.56, 118.89399999999999, 141.16, 132.374), &apos;color_space&apos;: &apos;DeviceGray&apos;, &apos;ncolor&apos;: None, &apos;size&apos;: 13.480000000000004, &apos;value&apos;: &apos;B&apos;, &apos;children&apos;: [], &apos;features&apos;: {}}, {&apos;type&apos;: &apos;text&apos;, &apos;bbox&apos;: (141.16, 118.89399999999999, 145.04999999999998, 132.374), &apos;color_space&apos;: &apos;DeviceGray&apos;, &apos;ncolor&apos;: None, &apos;size&apos;: 13.480000000000004, &apos;value&apos;: &apos;I&apos;, &apos;children&apos;: [], &apos;features&apos;: {}}, {&apos;type&apos;: &apos;text&apos;, &apos;bbox&apos;: (145.05, 118.89399999999999, 151.10000000000002, 132.374), &apos;color_space&apos;: &apos;DeviceGray&apos;, &apos;ncolor&apos;: None, &apos;size&apos;: 13.480000000000004, &apos;value&apos;: &apos;L&apos;, &apos;children&apos;: [], &apos;features&apos;: {}}, {&apos;type&apos;: &apos;text&apos;, &apos;bbox&apos;: (151.1, 118.89399999999999, 157.15, 132.374), &apos;color_space&apos;: &apos;DeviceGray&apos;, &apos;ncolor&apos;: None, &apos;size&apos;: 13.480000000000004, &apos;value&apos;: &apos;L&apos;, &apos;children&apos;: [], &apos;features&apos;: {}}, {&apos;type&apos;: &apos;text&apos;, &apos;bbox&apos;: (157.15, 118.89399999999999, 161.04, 132.374), &apos;color_space&apos;: &apos;DeviceGray&apos;, &apos;ncolor&apos;: None, &apos;size&apos;: 13.480000000000004, &apos;value&apos;: &apos;I&apos;, &apos;children&apos;: [], &apos;features&apos;: {}}, {&apos;type&apos;: &apos;text&apos;, &apos;bbox&apos;: (161.04, 118.89399999999999, 169.37, 132.374), &apos;color_space&apos;: &apos;DeviceGray&apos;, &apos;ncolor&apos;: None, &apos;size&apos;: 13.480000000000004, &apos;value&apos;: &apos;N&apos;, &apos;children&apos;: [], &apos;features&apos;: {}}, {&apos;type&apos;: &apos;text&apos;, &apos;bbox&apos;: (169.37, 118.89399999999999, 177.70000000000002, 132.374), &apos;color_space&apos;: &apos;DeviceGray&apos;, &apos;ncolor&apos;: None, &apos;size&apos;: 13.480000000000004, &apos;value&apos;: &apos;G&apos;, &apos;children&apos;: [], &apos;features&apos;: {}}, {&apos;type&apos;: &apos;text&apos;, &apos;bbox&apos;: (177.7, 118.89399999999999, 182.7, 132.374), &apos;color_space&apos;: &apos;DeviceGray&apos;, &apos;ncolor&apos;: None, &apos;size&apos;: 13.480000000000004, &apos;value&apos;: &apos;_&apos;, &apos;children&apos;: [], &apos;features&apos;: {}}, {&apos;type&apos;: &apos;text&apos;, &apos;bbox&apos;: (182.7, 118.89399999999999, 192.7, 132.374), &apos;color_space&apos;: &apos;DeviceGray&apos;, &apos;ncolor&apos;: None, &apos;size&apos;: 13.480000000000004, &apos;value&apos;: &apos;M&apos;, &apos;children&apos;: [], &apos;features&apos;: {}}, {&apos;type&apos;: &apos;text&apos;, &apos;bbox&apos;: (192.7, 118.89399999999999, 198.75, 132.374), &apos;color_space&apos;: &apos;DeviceGray&apos;, &apos;ncolor&apos;: None, &apos;size&apos;: 13.480000000000004, &apos;value&apos;: &apos;E&apos;, &apos;children&apos;: [], &apos;features&apos;: {}}, {&apos;type&apos;: &apos;text&apos;, &apos;bbox&apos;: (198.75, 118.89399999999999, 205.41, 132.374), &apos;color_space&apos;: &apos;DeviceGray&apos;, &apos;ncolor&apos;: None, &apos;size&apos;: 13.480000000000004, &apos;value&apos;: &apos;T&apos;, &apos;children&apos;: [], &apos;features&apos;: {}}, {&apos;type&apos;: &apos;text&apos;, &apos;bbox&apos;: (205.40999999999997, 118.89399999999999, 213.73999999999998, 132.374), &apos;color_space&apos;: &apos;DeviceGray&apos;, &apos;ncolor&apos;: None, &apos;size&apos;: 13.480000000000004, &apos;value&apos;: &apos;H&apos;, &apos;children&apos;: [], &apos;features&apos;: {}}, {&apos;type&apos;: &apos;text&apos;, &apos;bbox&apos;: (213.73999999999998, 118.89399999999999, 222.07, 132.374), &apos;color_space&apos;: &apos;DeviceGray&apos;, &apos;ncolor&apos;: None, &apos;size&apos;: 13.480000000000004, &apos;value&apos;: &apos;O&apos;, &apos;children&apos;: [], &apos;features&apos;: {}}, {&apos;type&apos;: &apos;text&apos;, &apos;bbox&apos;: (222.07, 118.89399999999999, 230.38, 132.374), &apos;color_space&apos;: &apos;DeviceGray&apos;, &apos;ncolor&apos;: None, &apos;size&apos;: 13.480000000000004, &apos;value&apos;: &apos;D&apos;, &apos;children&apos;: [], &apos;features&apos;: {}}, {&apos;type&apos;: &apos;text&apos;, &apos;bbox&apos;: (230.38, 118.89399999999999, 235.38, 132.374), &apos;color_space&apos;: &apos;DeviceGray&apos;, &apos;ncolor&apos;: None, &apos;size&apos;: 13.480000000000004, &apos;value&apos;: &apos;_&apos;, &apos;children&apos;: [], &apos;features&apos;: {}}, {&apos;type&apos;: &apos;text&apos;, &apos;bbox&apos;: (235.38, 118.89399999999999, 245.38, 132.374), &apos;color_space&apos;: &apos;DeviceGray&apos;, &apos;ncolor&apos;: None, &apos;size&apos;: 13.480000000000004, &apos;value&apos;: &apos;M&apos;, &apos;children&apos;: [], &apos;features&apos;: {}}, {&apos;type&apos;: &apos;text&apos;, &apos;bbox&apos;: (245.38, 118.89399999999999, 251.43, 132.374), &apos;color_space&apos;: &apos;DeviceGray&apos;, &apos;ncolor&apos;: None, &apos;size&apos;: 13.480000000000004, &apos;value&apos;: &apos;L&apos;, &apos;children&apos;: [], &apos;features&apos;: {}}, {&apos;type&apos;: &apos;text&apos;, &apos;bbox&apos;: (251.43, 118.89399999999999, 257.53000000000003, 132.374), &apos;color_space&apos;: &apos;DeviceGray&apos;, &apos;ncolor&apos;: None, &apos;size&apos;: 13.480000000000004, &apos;value&apos;: &apos;S&apos;, &apos;children&apos;: [], &apos;features&apos;: {}}, {&apos;type&apos;: &apos;text&apos;, &apos;bbox&apos;: (257.613, 119.625, 260.383, 132.915), &apos;color_space&apos;: &apos;DeviceGray&apos;, &apos;ncolor&apos;: None, &apos;size&apos;: 13.289999999999992, &apos;value&apos;: &apos;.&apos;, &apos;children&apos;: [], &apos;features&apos;: {}}, {&apos;type&apos;: &apos;text&apos;, &apos;bbox&apos;: (260.383, 119.625, 263.15299999999996, 132.915), &apos;color_space&apos;: &apos;DeviceGray&apos;, &apos;ncolor&apos;: None, &apos;size&apos;: 13.289999999999992, &apos;value&apos;: &apos;.&apos;, &apos;children&apos;: [], &apos;features&apos;: {}}, {&apos;type&apos;: &apos;text&apos;, &apos;bbox&apos;: (263.153, 119.625, 265.923, 132.915), &apos;color_space&apos;: &apos;DeviceGray&apos;, &apos;ncolor&apos;: None, &apos;size&apos;: 13.289999999999992, &apos;value&apos;: &apos;.&apos;, &apos;children&apos;: [], &apos;features&apos;: {}}, {&apos;type&apos;: &apos;text&apos;, &apos;bbox&apos;: (265.923, 119.625, 268.693, 132.915), &apos;color_space&apos;: &apos;DeviceGray&apos;, &apos;ncolor&apos;: None, &apos;size&apos;: 13.289999999999992, &apos;value&apos;: &apos;.&apos;, &apos;children&apos;: [], &apos;features&apos;: {}}, {&apos;type&apos;: &apos;text&apos;, &apos;bbox&apos;: (268.693, 119.625, 271.46299999999997, 132.915), &apos;color_space&apos;: &apos;DeviceGray&apos;, &apos;ncolor&apos;: None, &apos;size&apos;: 13.289999999999992, &apos;value&apos;: &apos;.&apos;, &apos;children&apos;: [], &apos;features&apos;: {}}, {&apos;type&apos;: &apos;text&apos;, &apos;bbox&apos;: (271.463, 119.625, 274.233, 132.915), &apos;color_space&apos;: &apos;DeviceGray&apos;, &apos;ncolor&apos;: None, &apos;size&apos;: 13.289999999999992, &apos;value&apos;: &apos;.&apos;, &apos;children&apos;: [], &apos;features&apos;: {}}, {&apos;type&apos;: &apos;text&apos;, &apos;bbox&apos;: (274.233, 119.625, 277.003, 132.915), &apos;color_space&apos;: &apos;DeviceGray&apos;, &apos;ncolor&apos;: None, &apos;size&apos;: 13.289999999999992, &apos;value&apos;: &apos;.&apos;, &apos;children&apos;: [], &apos;features&apos;: {}}, {&apos;type&apos;: &apos;text&apos;, &apos;bbox&apos;: (277.003, 119.625, 279.77299999999997, 132.915), &apos;color_space&apos;: &apos;DeviceGray&apos;, &apos;ncolor&apos;: None, &apos;size&apos;: 13.289999999999992, &apos;value&apos;: &apos;.&apos;, &apos;children&apos;: [], &apos;features&apos;: {}}, {&apos;type&apos;: &apos;text&apos;, &apos;bbox&apos;: (279.773, 119.625, 282.543, 132.915), &apos;color_space&apos;: &apos;DeviceGray&apos;, &apos;ncolor&apos;: None, &apos;size&apos;: 13.289999999999992, &apos;value&apos;: &apos;.&apos;, &apos;children&apos;: [], &apos;features&apos;: {}}, {&apos;type&apos;: &apos;text&apos;, &apos;bbox&apos;: (282.543, 119.625, 285.313, 132.915), &apos;color_space&apos;: &apos;DeviceGray&apos;, &apos;ncolor&apos;: None, &apos;size&apos;: 13.289999999999992, &apos;value&apos;: &apos;.&apos;, &apos;children&apos;: [], &apos;features&apos;: {}}, {&apos;type&apos;: &apos;text&apos;, &apos;bbox&apos;: (285.313, 119.625, 288.08299999999997, 132.915), &apos;color_space&apos;: &apos;DeviceGray&apos;, &apos;ncolor&apos;: None, &apos;size&apos;: 13.289999999999992, &apos;value&apos;: &apos;.&apos;, &apos;children&apos;: [], &apos;features&apos;: {}}, {&apos;type&apos;: &apos;text&apos;, &apos;bbox&apos;: (288.08299999999997, 119.625, 290.85299999999995, 132.915), &apos;color_space&apos;: &apos;DeviceGray&apos;, &apos;ncolor&apos;: None, &apos;size&apos;: 13.289999999999992, &apos;value&apos;: &apos;.&apos;, &apos;children&apos;: [], &apos;features&apos;: {}}, {&apos;type&apos;: &apos;text&apos;, &apos;bbox&apos;: (290.853, 119.625, 293.623, 132.915), &apos;color_space&apos;: &apos;DeviceGray&apos;, &apos;ncolor&apos;: None, &apos;size&apos;: 13.289999999999992, &apos;value&apos;: &apos;.&apos;, &apos;children&apos;: [], &apos;features&apos;: {}}, {&apos;type&apos;: &apos;text&apos;, &apos;bbox&apos;: (293.623, 119.625, 296.393, 132.915), &apos;color_space&apos;: &apos;DeviceGray&apos;, &apos;ncolor&apos;: None, &apos;size&apos;: 13.289999999999992, &apos;value&apos;: &apos;.&apos;, &apos;children&apos;: [], &apos;features&apos;: {}}, {&apos;type&apos;: &apos;text&apos;, &apos;bbox&apos;: (296.39300000000003, 119.625, 299.163, 132.915), &apos;color_space&apos;: &apos;DeviceGray&apos;, &apos;ncolor&apos;: None, &apos;size&apos;: 13.289999999999992, &apos;value&apos;: &apos;.&apos;, &apos;children&apos;: [], &apos;features&apos;: {}}, {&apos;type&apos;: &apos;text&apos;, &apos;bbox&apos;: (299.163, 119.625, 301.933, 132.915), &apos;color_space&apos;: &apos;DeviceGray&apos;, &apos;ncolor&apos;: None, &apos;size&apos;: 13.289999999999992, &apos;value&apos;: &apos;.&apos;, &apos;children&apos;: [], &apos;features&apos;: {}}, {&apos;type&apos;: &apos;text&apos;, &apos;bbox&apos;: (301.933, 119.625, 304.703, 132.915), &apos;color_space&apos;: &apos;DeviceGray&apos;, &apos;ncolor&apos;: None, &apos;size&apos;: 13.289999999999992, &apos;value&apos;: &apos;.&apos;, &apos;children&apos;: [], &apos;features&apos;: {}}, {&apos;type&apos;: &apos;text&apos;, &apos;bbox&apos;: (304.70300000000003, 119.625, 307.473, 132.915), &apos;color_space&apos;: &apos;DeviceGray&apos;, &apos;ncolor&apos;: None, &apos;size&apos;: 13.289999999999992, &apos;value&apos;: &apos;.&apos;, &apos;children&apos;: [], &apos;features&apos;: {}}, {&apos;type&apos;: &apos;text&apos;, &apos;bbox&apos;: (307.473, 119.625, 310.243, 132.915), &apos;color_space&apos;: &apos;DeviceGray&apos;, &apos;ncolor&apos;: None, &apos;size&apos;: 13.289999999999992, &apos;value&apos;: &apos;.&apos;, &apos;children&apos;: [], &apos;features&apos;: {}}, {&apos;type&apos;: &apos;text&apos;, &apos;bbox&apos;: (310.24300000000005, 119.625, 313.01300000000003, 132.915), &apos;color_space&apos;: &apos;DeviceGray&apos;, &apos;ncolor&apos;: None, &apos;size&apos;: 13.289999999999992, &apos;value&apos;: &apos;.&apos;, &apos;children&apos;: [], &apos;features&apos;: {}}, {&apos;type&apos;: &apos;text&apos;, &apos;bbox&apos;: (313.01300000000003, 119.625, 315.783, 132.915), &apos;color_space&apos;: &apos;DeviceGray&apos;, &apos;ncolor&apos;: None, &apos;size&apos;: 13.289999999999992, &apos;value&apos;: &apos;.&apos;, &apos;children&apos;: [], &apos;features&apos;: {}}, {&apos;type&apos;: &apos;text&apos;, &apos;bbox&apos;: (315.783, 119.625, 318.553, 132.915), &apos;color_space&apos;: &apos;DeviceGray&apos;, &apos;ncolor&apos;: None, &apos;size&apos;: 13.289999999999992, &apos;value&apos;: &apos;.&apos;, &apos;children&apos;: [], &apos;features&apos;: {}}, {&apos;type&apos;: &apos;text&apos;, &apos;bbox&apos;: (318.55300000000005, 119.625, 321.32300000000004, 132.915), &apos;color_space&apos;: &apos;DeviceGray&apos;, &apos;ncolor&apos;: None, &apos;size&apos;: 13.289999999999992, &apos;value&apos;: &apos;.&apos;, &apos;children&apos;: [], &apos;features&apos;: {}}, {&apos;type&apos;: &apos;text&apos;, &apos;bbox&apos;: (321.32300000000004, 119.625, 324.093, 132.915), &apos;color_space&apos;: &apos;DeviceGray&apos;, &apos;ncolor&apos;: None, &apos;size&apos;: 13.289999999999992, &apos;value&apos;: &apos;.&apos;, &apos;children&apos;: [], &apos;features&apos;: {}}, {&apos;type&apos;: &apos;text&apos;, &apos;bbox&apos;: (324.093, 119.625, 326.863, 132.915), &apos;color_space&apos;: &apos;DeviceGray&apos;, &apos;ncolor&apos;: None, &apos;size&apos;: 13.289999999999992, &apos;value&apos;: &apos;.&apos;, &apos;children&apos;: [], &apos;features&apos;: {}}, {&apos;type&apos;: &apos;text&apos;, &apos;bbox&apos;: (326.86300000000006, 119.625, 329.63300000000004, 132.915), &apos;color_space&apos;: &apos;DeviceGray&apos;, &apos;ncolor&apos;: None, &apos;size&apos;: 13.289999999999992, &apos;value&apos;: &apos;.&apos;, &apos;children&apos;: [], &apos;features&apos;: {}}, {&apos;type&apos;: &apos;text&apos;, &apos;bbox&apos;: (329.63300000000004, 119.625, 332.403, 132.915), &apos;color_space&apos;: &apos;DeviceGray&apos;, &apos;ncolor&apos;: None, &apos;size&apos;: 13.289999999999992, &apos;value&apos;: &apos;.&apos;, &apos;children&apos;: [], &apos;features&apos;: {}}, {&apos;type&apos;: &apos;text&apos;, &apos;bbox&apos;: (332.403, 119.625, 335.173, 132.915), &apos;color_space&apos;: &apos;DeviceGray&apos;, &apos;ncolor&apos;: None, &apos;size&apos;: 13.289999999999992, &apos;value&apos;: &apos;.&apos;, &apos;children&apos;: [], &apos;features&apos;: {}}, {&apos;type&apos;: &apos;text&apos;, &apos;bbox&apos;: (335.173, 119.625, 337.943, 132.915), &apos;color_space&apos;: &apos;DeviceGray&apos;, &apos;ncolor&apos;: None, &apos;size&apos;: 13.289999999999992, &apos;value&apos;: &apos;.&apos;, &apos;children&apos;: [], &apos;features&apos;: {}}, {&apos;type&apos;: &apos;text&apos;, &apos;bbox&apos;: (337.943, 119.625, 340.71299999999997, 132.915), &apos;color_space&apos;: &apos;DeviceGray&apos;, &apos;ncolor&apos;: None, &apos;size&apos;: 13.289999999999992, &apos;value&apos;: &apos;.&apos;, &apos;children&apos;: [], &apos;features&apos;: {}}, {&apos;type&apos;: &apos;text&apos;, &apos;bbox&apos;: (340.713, 119.625, 343.483, 132.915), &apos;color_space&apos;: &apos;DeviceGray&apos;, &apos;ncolor&apos;: None, &apos;size&apos;: 13.289999999999992, &apos;value&apos;: &apos;.&apos;, &apos;children&apos;: [], &apos;features&apos;: {}}, {&apos;type&apos;: &apos;text&apos;, &apos;bbox&apos;: (343.483, 119.625, 346.253, 132.915), &apos;color_space&apos;: &apos;DeviceGray&apos;, &apos;ncolor&apos;: None, &apos;size&apos;: 13.289999999999992, &apos;value&apos;: &apos;.&apos;, &apos;children&apos;: [], &apos;features&apos;: {}}, {&apos;type&apos;: &apos;text&apos;, &apos;bbox&apos;: (346.253, 119.625, 349.02299999999997, 132.915), &apos;color_space&apos;: &apos;DeviceGray&apos;, &apos;ncolor&apos;: None, &apos;size&apos;: 13.289999999999992, &apos;value&apos;: &apos;.&apos;, &apos;children&apos;: [], &apos;features&apos;: {}}, {&apos;type&apos;: &apos;text&apos;, &apos;bbox&apos;: (349.023, 119.625, 351.793, 132.915), &apos;color_space&apos;: &apos;DeviceGray&apos;, &apos;ncolor&apos;: None, &apos;size&apos;: 13.289999999999992, &apos;value&apos;: &apos;.&apos;, &apos;children&apos;: [], &apos;features&apos;: {}}, {&apos;type&apos;: &apos;text&apos;, &apos;bbox&apos;: (351.793, 119.625, 354.563, 132.915), &apos;color_space&apos;: &apos;DeviceGray&apos;, &apos;ncolor&apos;: None, &apos;size&apos;: 13.289999999999992, &apos;value&apos;: &apos;.&apos;, &apos;children&apos;: [], &apos;features&apos;: {}}, {&apos;type&apos;: &apos;text&apos;, &apos;bbox&apos;: (354.563, 119.625, 357.33299999999997, 132.915), &apos;color_space&apos;: &apos;DeviceGray&apos;, &apos;ncolor&apos;: None, &apos;size&apos;: 13.289999999999992, &apos;value&apos;: &apos;.&apos;, &apos;children&apos;: [], &apos;features&apos;: {}}, {&apos;type&apos;: &apos;text&apos;, &apos;bbox&apos;: (357.33299999999997, 119.625, 360.10299999999995, 132.915), &apos;color_space&apos;: &apos;DeviceGray&apos;, &apos;ncolor&apos;: None, &apos;size&apos;: 13.289999999999992, &apos;value&apos;: &apos;.&apos;, &apos;children&apos;: [], &apos;features&apos;: {}}, {&apos;type&apos;: &apos;text&apos;, &apos;bbox&apos;: (360.10299999999995, 119.625, 362.87299999999993, 132.915), &apos;color_space&apos;: &apos;DeviceGray&apos;, &apos;ncolor&apos;: None, &apos;size&apos;: 13.289999999999992, &apos;value&apos;: &apos;.&apos;, &apos;children&apos;: [], &apos;features&apos;: {}}, {&apos;type&apos;: &apos;text&apos;, &apos;bbox&apos;: (362.873, 119.625, 365.643, 132.915), &apos;color_space&apos;: &apos;DeviceGray&apos;, &apos;ncolor&apos;: None, &apos;size&apos;: 13.289999999999992, &apos;value&apos;: &apos;.&apos;, &apos;children&apos;: [], &apos;features&apos;: {}}, {&apos;type&apos;: &apos;text&apos;, &apos;bbox&apos;: (365.643, 119.625, 368.41299999999995, 132.915), &apos;color_space&apos;: &apos;DeviceGray&apos;, &apos;ncolor&apos;: None, &apos;size&apos;: 13.289999999999992, &apos;value&apos;: &apos;.&apos;, &apos;children&apos;: [], &apos;features&apos;: {}}, {&apos;type&apos;: &apos;text&apos;, &apos;bbox&apos;: (368.41299999999995, 119.625, 371.18299999999994, 132.915), &apos;color_space&apos;: &apos;DeviceGray&apos;, &apos;ncolor&apos;: None, &apos;size&apos;: 13.289999999999992, &apos;value&apos;: &apos;.&apos;, &apos;children&apos;: [], &apos;features&apos;: {}}, {&apos;type&apos;: &apos;text&apos;, &apos;bbox&apos;: (371.183, 119.625, 373.953, 132.915), &apos;color_space&apos;: &apos;DeviceGray&apos;, &apos;ncolor&apos;: None, &apos;size&apos;: 13.289999999999992, &apos;value&apos;: &apos;.&apos;, &apos;children&apos;: [], &apos;features&apos;: {}}, {&apos;type&apos;: &apos;text&apos;, &apos;bbox&apos;: (373.953, 119.625, 376.72299999999996, 132.915), &apos;color_space&apos;: &apos;DeviceGray&apos;, &apos;ncolor&apos;: None, &apos;size&apos;: 13.289999999999992, &apos;value&apos;: &apos;.&apos;, &apos;children&apos;: [], &apos;features&apos;: {}}, {&apos;type&apos;: &apos;text&apos;, &apos;bbox&apos;: (376.72299999999996, 119.625, 379.49299999999994, 132.915), &apos;color_space&apos;: &apos;DeviceGray&apos;, &apos;ncolor&apos;: None, &apos;size&apos;: 13.289999999999992, &apos;value&apos;: &apos;.&apos;, &apos;children&apos;: [], &apos;features&apos;: {}}, {&apos;type&apos;: &apos;text&apos;, &apos;bbox&apos;: (379.49299999999994, 119.625, 382.2629999999999, 132.915), &apos;color_space&apos;: &apos;DeviceGray&apos;, &apos;ncolor&apos;: None, &apos;size&apos;: 13.289999999999992, &apos;value&apos;: &apos;.&apos;, &apos;children&apos;: [], &apos;features&apos;: {}}, {&apos;type&apos;: &apos;text&apos;, &apos;bbox&apos;: (382.2629999999999, 119.625, 385.0329999999999, 132.915), &apos;color_space&apos;: &apos;DeviceGray&apos;, &apos;ncolor&apos;: None, &apos;size&apos;: 13.289999999999992, &apos;value&apos;: &apos;.&apos;, &apos;children&apos;: [], &apos;features&apos;: {}}, {&apos;type&apos;: &apos;text&apos;, &apos;bbox&apos;: (385.03299999999996, 119.625, 387.80299999999994, 132.915), &apos;color_space&apos;: &apos;DeviceGray&apos;, &apos;ncolor&apos;: None, &apos;size&apos;: 13.289999999999992, &apos;value&apos;: &apos;.&apos;, &apos;children&apos;: [], &apos;features&apos;: {}}, {&apos;type&apos;: &apos;text&apos;, &apos;bbox&apos;: (387.80299999999994, 119.625, 390.5729999999999, 132.915), &apos;color_space&apos;: &apos;DeviceGray&apos;, &apos;ncolor&apos;: None, &apos;size&apos;: 13.289999999999992, &apos;value&apos;: &apos;.&apos;, &apos;children&apos;: [], &apos;features&apos;: {}}, {&apos;type&apos;: &apos;text&apos;, &apos;bbox&apos;: (390.573, 119.625, 393.34299999999996, 132.915), &apos;color_space&apos;: &apos;DeviceGray&apos;, &apos;ncolor&apos;: None, &apos;size&apos;: 13.289999999999992, &apos;value&apos;: &apos;.&apos;, &apos;children&apos;: [], &apos;features&apos;: {}}, {&apos;type&apos;: &apos;text&apos;, &apos;bbox&apos;: (393.34299999999996, 119.625, 396.11299999999994, 132.915), &apos;color_space&apos;: &apos;DeviceGray&apos;, &apos;ncolor&apos;: None, &apos;size&apos;: 13.289999999999992, &apos;value&apos;: &apos;.&apos;, &apos;children&apos;: [], &apos;features&apos;: {}}, {&apos;type&apos;: &apos;text&apos;, &apos;bbox&apos;: (396.11299999999994, 119.625, 398.8829999999999, 132.915), &apos;color_space&apos;: &apos;DeviceGray&apos;, &apos;ncolor&apos;: None, &apos;size&apos;: 13.289999999999992, &apos;value&apos;: &apos;.&apos;, &apos;children&apos;: [], &apos;features&apos;: {}}, {&apos;type&apos;: &apos;text&apos;, &apos;bbox&apos;: (398.883, 119.625, 401.65299999999996, 132.915), &apos;color_space&apos;: &apos;DeviceGray&apos;, &apos;ncolor&apos;: None, &apos;size&apos;: 13.289999999999992, &apos;value&apos;: &apos;.&apos;, &apos;children&apos;: [], &apos;features&apos;: {}}, {&apos;type&apos;: &apos;text&apos;, &apos;bbox&apos;: (401.653, 119.625, 404.423, 132.915), &apos;color_space&apos;: &apos;DeviceGray&apos;, &apos;ncolor&apos;: None, &apos;size&apos;: 13.289999999999992, &apos;value&apos;: &apos;.&apos;, &apos;children&apos;: [], &apos;features&apos;: {}}, {&apos;type&apos;: &apos;text&apos;, &apos;bbox&apos;: (404.423, 119.625, 407.193, 132.915), &apos;color_space&apos;: &apos;DeviceGray&apos;, &apos;ncolor&apos;: None, &apos;size&apos;: 13.289999999999992, &apos;value&apos;: &apos;.&apos;, &apos;children&apos;: [], &apos;features&apos;: {}}, {&apos;type&apos;: &apos;text&apos;, &apos;bbox&apos;: (407.193, 119.625, 409.96299999999997, 132.915), &apos;color_space&apos;: &apos;DeviceGray&apos;, &apos;ncolor&apos;: None, &apos;size&apos;: 13.289999999999992, &apos;value&apos;: &apos;.&apos;, &apos;children&apos;: [], &apos;features&apos;: {}}, {&apos;type&apos;: &apos;text&apos;, &apos;bbox&apos;: (409.963, 119.625, 412.733, 132.915), &apos;color_space&apos;: &apos;DeviceGray&apos;, &apos;ncolor&apos;: None, &apos;size&apos;: 13.289999999999992, &apos;value&apos;: &apos;.&apos;, &apos;children&apos;: [], &apos;features&apos;: {}}, {&apos;type&apos;: &apos;text&apos;, &apos;bbox&apos;: (412.73300000000006, 119.625, 415.50300000000004, 132.915), &apos;color_space&apos;: &apos;DeviceGray&apos;, &apos;ncolor&apos;: None, &apos;size&apos;: 13.289999999999992, &apos;value&apos;: &apos;.&apos;, &apos;children&apos;: [], &apos;features&apos;: {}}, {&apos;type&apos;: &apos;text&apos;, &apos;bbox&apos;: (415.50300000000004, 119.625, 418.273, 132.915), &apos;color_space&apos;: &apos;DeviceGray&apos;, &apos;ncolor&apos;: None, &apos;size&apos;: 13.289999999999992, &apos;value&apos;: &apos;.&apos;, &apos;children&apos;: [], &apos;features&apos;: {}}, {&apos;type&apos;: &apos;text&apos;, &apos;bbox&apos;: (418.273, 119.625, 421.043, 132.915), &apos;color_space&apos;: &apos;DeviceGray&apos;, &apos;ncolor&apos;: None, &apos;size&apos;: 13.289999999999992, &apos;value&apos;: &apos;.&apos;, &apos;children&apos;: [], &apos;features&apos;: {}}, {&apos;type&apos;: &apos;text&apos;, &apos;bbox&apos;: (421.04300000000006, 119.625, 423.81300000000005, 132.915), &apos;color_space&apos;: &apos;DeviceGray&apos;, &apos;ncolor&apos;: None, &apos;size&apos;: 13.289999999999992, &apos;value&apos;: &apos;.&apos;, &apos;children&apos;: [], &apos;features&apos;: {}}, {&apos;type&apos;: &apos;text&apos;, &apos;bbox&apos;: (423.8130000000001, 119.625, 426.5830000000001, 132.915), &apos;color_space&apos;: &apos;DeviceGray&apos;, &apos;ncolor&apos;: None, &apos;size&apos;: 13.289999999999992, &apos;value&apos;: &apos;.&apos;, &apos;children&apos;: [], &apos;features&apos;: {}}, {&apos;type&apos;: &apos;text&apos;, &apos;bbox&apos;: (426.5830000000001, 119.625, 429.35300000000007, 132.915), &apos;color_space&apos;: &apos;DeviceGray&apos;, &apos;ncolor&apos;: None, &apos;size&apos;: 13.289999999999992, &apos;value&apos;: &apos;.&apos;, &apos;children&apos;: [], &apos;features&apos;: {}}, {&apos;type&apos;: &apos;text&apos;, &apos;bbox&apos;: (429.35300000000007, 119.625, 432.12300000000005, 132.915), &apos;color_space&apos;: &apos;DeviceGray&apos;, &apos;ncolor&apos;: None, &apos;size&apos;: 13.289999999999992, &apos;value&apos;: &apos;.&apos;, &apos;children&apos;: [], &apos;features&apos;: {}}, {&apos;type&apos;: &apos;text&apos;, &apos;bbox&apos;: (432.1230000000001, 119.625, 434.8930000000001, 132.915), &apos;color_space&apos;: &apos;DeviceGray&apos;, &apos;ncolor&apos;: None, &apos;size&apos;: 13.289999999999992, &apos;value&apos;: &apos;.&apos;, &apos;children&apos;: [], &apos;features&apos;: {}}, {&apos;type&apos;: &apos;text&apos;, &apos;bbox&apos;: (434.89300000000014, 119.625, 437.6630000000001, 132.915), &apos;color_space&apos;: &apos;DeviceGray&apos;, &apos;ncolor&apos;: None, &apos;size&apos;: 13.289999999999992, &apos;value&apos;: &apos;.&apos;, &apos;children&apos;: [], &apos;features&apos;: {}}, {&apos;type&apos;: &apos;text&apos;, &apos;bbox&apos;: (437.6630000000001, 119.625, 440.4330000000001, 132.915), &apos;color_space&apos;: &apos;DeviceGray&apos;, &apos;ncolor&apos;: None, &apos;size&apos;: 13.289999999999992, &apos;value&apos;: &apos;.&apos;, &apos;children&apos;: [], &apos;features&apos;: {}}, {&apos;type&apos;: &apos;text&apos;, &apos;bbox&apos;: (440.4330000000001, 119.625, 443.2030000000001, 132.915), &apos;color_space&apos;: &apos;DeviceGray&apos;, &apos;ncolor&apos;: None, &apos;size&apos;: 13.289999999999992, &apos;value&apos;: &apos;.&apos;, &apos;children&apos;: [], &apos;features&apos;: {}}, {&apos;type&apos;: &apos;text&apos;, &apos;bbox&apos;: (443.20300000000015, 119.625, 445.9730000000001, 132.915), &apos;color_space&apos;: &apos;DeviceGray&apos;, &apos;ncolor&apos;: None, &apos;size&apos;: 13.289999999999992, &apos;value&apos;: &apos;.&apos;, &apos;children&apos;: [], &apos;features&apos;: {}}, {&apos;type&apos;: &apos;text&apos;, &apos;bbox&apos;: (445.9730000000002, 119.625, 448.74300000000017, 132.915), &apos;color_space&apos;: &apos;DeviceGray&apos;, &apos;ncolor&apos;: None, &apos;size&apos;: 13.289999999999992, &apos;value&apos;: &apos;.&apos;, &apos;children&apos;: [], &apos;features&apos;: {}}, {&apos;type&apos;: &apos;text&apos;, &apos;bbox&apos;: (448.74300000000017, 119.625, 451.51300000000015, 132.915), &apos;color_space&apos;: &apos;DeviceGray&apos;, &apos;ncolor&apos;: None, &apos;size&apos;: 13.289999999999992, &apos;value&apos;: &apos;.&apos;, &apos;children&apos;: [], &apos;features&apos;: {}}, {&apos;type&apos;: &apos;text&apos;, &apos;bbox&apos;: (451.51300000000015, 119.625, 454.28300000000013, 132.915), &apos;color_space&apos;: &apos;DeviceGray&apos;, &apos;ncolor&apos;: None, &apos;size&apos;: 13.289999999999992, &apos;value&apos;: &apos;.&apos;, &apos;children&apos;: [], &apos;features&apos;: {}}, {&apos;type&apos;: &apos;text&apos;, &apos;bbox&apos;: (454.2830000000002, 119.625, 457.05300000000017, 132.915), &apos;color_space&apos;: &apos;DeviceGray&apos;, &apos;ncolor&apos;: None, &apos;size&apos;: 13.289999999999992, &apos;value&apos;: &apos;.&apos;, &apos;children&apos;: [], &apos;features&apos;: {}}, {&apos;type&apos;: &apos;text&apos;, &apos;bbox&apos;: (457.0530000000002, 119.625, 459.8230000000002, 132.915), &apos;color_space&apos;: &apos;DeviceGray&apos;, &apos;ncolor&apos;: None, &apos;size&apos;: 13.289999999999992, &apos;value&apos;: &apos;.&apos;, &apos;children&apos;: [], &apos;features&apos;: {}}, {&apos;type&apos;: &apos;text&apos;, &apos;bbox&apos;: (459.8230000000002, 119.625, 462.5930000000002, 132.915), &apos;color_space&apos;: &apos;DeviceGray&apos;, &apos;ncolor&apos;: None, &apos;size&apos;: 13.289999999999992, &apos;value&apos;: &apos;.&apos;, &apos;children&apos;: [], &apos;features&apos;: {}}, {&apos;type&apos;: &apos;text&apos;, &apos;bbox&apos;: (462.5930000000002, 119.625, 465.36300000000017, 132.915), &apos;color_space&apos;: &apos;DeviceGray&apos;, &apos;ncolor&apos;: None, &apos;size&apos;: 13.289999999999992, &apos;value&apos;: &apos;.&apos;, &apos;children&apos;: [], &apos;features&apos;: {}}, {&apos;type&apos;: &apos;text&apos;, &apos;bbox&apos;: (465.3630000000002, 119.625, 468.1330000000002, 132.915), &apos;color_space&apos;: &apos;DeviceGray&apos;, &apos;ncolor&apos;: None, &apos;size&apos;: 13.289999999999992, &apos;value&apos;: &apos;.&apos;, &apos;children&apos;: [], &apos;features&apos;: {}}, {&apos;type&apos;: &apos;text&apos;, &apos;bbox&apos;: (468.13300000000027, 119.625, 470.90300000000025, 132.915), &apos;color_space&apos;: &apos;DeviceGray&apos;, &apos;ncolor&apos;: None, &apos;size&apos;: 13.289999999999992, &apos;value&apos;: &apos;.&apos;, &apos;children&apos;: [], &apos;features&apos;: {}}, {&apos;type&apos;: &apos;text&apos;, &apos;bbox&apos;: (470.90300000000025, 119.625, 473.67300000000023, 132.915), &apos;color_space&apos;: &apos;DeviceGray&apos;, &apos;ncolor&apos;: None, &apos;size&apos;: 13.289999999999992, &apos;value&apos;: &apos;.&apos;, &apos;children&apos;: [], &apos;features&apos;: {}}, {&apos;type&apos;: &apos;text&apos;, &apos;bbox&apos;: (473.67300000000023, 119.625, 476.4430000000002, 132.915), &apos;color_space&apos;: &apos;DeviceGray&apos;, &apos;ncolor&apos;: None, &apos;size&apos;: 13.289999999999992, &apos;value&apos;: &apos;.&apos;, &apos;children&apos;: [], &apos;features&apos;: {}}, {&apos;type&apos;: &apos;text&apos;, &apos;bbox&apos;: (476.44300000000027, 119.625, 479.21300000000025, 132.915), &apos;color_space&apos;: &apos;DeviceGray&apos;, &apos;ncolor&apos;: None, &apos;size&apos;: 13.289999999999992, &apos;value&apos;: &apos;.&apos;, &apos;children&apos;: [], &apos;features&apos;: {}}, {&apos;type&apos;: &apos;text&apos;, &apos;bbox&apos;: (479.2130000000003, 119.625, 481.9830000000003, 132.915), &apos;color_space&apos;: &apos;DeviceGray&apos;, &apos;ncolor&apos;: None, &apos;size&apos;: 13.289999999999992, &apos;value&apos;: &apos;.&apos;, &apos;children&apos;: [], &apos;features&apos;: {}}, {&apos;type&apos;: &apos;text&apos;, &apos;bbox&apos;: (481.9830000000003, 119.625, 484.75300000000027, 132.915), &apos;color_space&apos;: &apos;DeviceGray&apos;, &apos;ncolor&apos;: None, &apos;size&apos;: 13.289999999999992, &apos;value&apos;: &apos;.&apos;, &apos;children&apos;: [], &apos;features&apos;: {}}, {&apos;type&apos;: &apos;text&apos;, &apos;bbox&apos;: (484.75300000000027, 119.625, 487.52300000000025, 132.915), &apos;color_space&apos;: &apos;DeviceGray&apos;, &apos;ncolor&apos;: None, &apos;size&apos;: 13.289999999999992, &apos;value&apos;: &apos;.&apos;, &apos;children&apos;: [], &apos;features&apos;: {}}, {&apos;type&apos;: &apos;text&apos;, &apos;bbox&apos;: (487.5230000000003, 119.625, 490.2930000000003, 132.915), &apos;color_space&apos;: &apos;DeviceGray&apos;, &apos;ncolor&apos;: None, &apos;size&apos;: 13.289999999999992, &apos;value&apos;: &apos;.&apos;, &apos;children&apos;: [], &apos;features&apos;: {}}, {&apos;type&apos;: &apos;text&apos;, &apos;bbox&apos;: (490.29300000000035, 119.625, 493.06300000000033, 132.915), &apos;color_space&apos;: &apos;DeviceGray&apos;, &apos;ncolor&apos;: None, &apos;size&apos;: 13.289999999999992, &apos;value&apos;: &apos;.&apos;, &apos;children&apos;: [], &apos;features&apos;: {}}, {&apos;type&apos;: &apos;text&apos;, &apos;bbox&apos;: (493.06300000000033, 119.625, 495.8330000000003, 132.915), &apos;color_space&apos;: &apos;DeviceGray&apos;, &apos;ncolor&apos;: None, &apos;size&apos;: 13.289999999999992, &apos;value&apos;: &apos;.&apos;, &apos;children&apos;: [], &apos;features&apos;: {}}, {&apos;type&apos;: &apos;text&apos;, &apos;bbox&apos;: (495.8330000000003, 119.625, 498.6030000000003, 132.915), &apos;color_space&apos;: &apos;DeviceGray&apos;, &apos;ncolor&apos;: None, &apos;size&apos;: 13.289999999999992, &apos;value&apos;: &apos;.&apos;, &apos;children&apos;: [], &apos;features&apos;: {}}, {&apos;type&apos;: &apos;text&apos;, &apos;bbox&apos;: (498.60300000000035, 119.625, 501.37300000000033, 132.915), &apos;color_space&apos;: &apos;DeviceGray&apos;, &apos;ncolor&apos;: None, &apos;size&apos;: 13.289999999999992, &apos;value&apos;: &apos;.&apos;, &apos;children&apos;: [], &apos;features&apos;: {}}, {&apos;type&apos;: &apos;text&apos;, &apos;bbox&apos;: (501.3730000000004, 119.625, 504.14300000000037, 132.915), &apos;color_space&apos;: &apos;DeviceGray&apos;, &apos;ncolor&apos;: None, &apos;size&apos;: 13.289999999999992, &apos;value&apos;: &apos;.&apos;, &apos;children&apos;: [], &apos;features&apos;: {}}, {&apos;type&apos;: &apos;text&apos;, &apos;bbox&apos;: (504.14300000000037, 119.625, 506.91300000000035, 132.915), &apos;color_space&apos;: &apos;DeviceGray&apos;, &apos;ncolor&apos;: None, &apos;size&apos;: 13.289999999999992, &apos;value&apos;: &apos;.&apos;, &apos;children&apos;: [], &apos;features&apos;: {}}, {&apos;type&apos;: &apos;text&apos;, &apos;bbox&apos;: (506.91300000000035, 119.625, 509.68300000000033, 132.915), &apos;color_space&apos;: &apos;DeviceGray&apos;, &apos;ncolor&apos;: None, &apos;size&apos;: 13.289999999999992, &apos;value&apos;: &apos;.&apos;, &apos;children&apos;: [], &apos;features&apos;: {}}, {&apos;type&apos;: &apos;text&apos;, &apos;bbox&apos;: (509.6830000000004, 119.625, 512.4530000000004, 132.915), &apos;color_space&apos;: &apos;DeviceGray&apos;, &apos;ncolor&apos;: None, &apos;size&apos;: 13.289999999999992, &apos;value&apos;: &apos;.&apos;, &apos;children&apos;: [], &apos;features&apos;: {}}, {&apos;type&apos;: &apos;text&apos;, &apos;bbox&apos;: (512.4530000000004, 119.625, 515.2230000000004, 132.915), &apos;color_space&apos;: &apos;DeviceGray&apos;, &apos;ncolor&apos;: None, &apos;size&apos;: 13.289999999999992, &apos;value&apos;: &apos;.&apos;, &apos;children&apos;: [], &apos;features&apos;: {}}, {&apos;type&apos;: &apos;text&apos;, &apos;bbox&apos;: (515.2230000000004, 119.625, 517.9930000000004, 132.915), &apos;color_space&apos;: &apos;DeviceGray&apos;, &apos;ncolor&apos;: None, &apos;size&apos;: 13.289999999999992, &apos;value&apos;: &apos;.&apos;, &apos;children&apos;: [], &apos;features&apos;: {}}, {&apos;type&apos;: &apos;text&apos;, &apos;bbox&apos;: (519.986, 119.625, 525.5459999999999, 132.915), &apos;color_space&apos;: &apos;DeviceGray&apos;, &apos;ncolor&apos;: None, &apos;size&apos;: 13.289999999999992, &apos;value&apos;: &apos;1&apos;, &apos;children&apos;: [], &apos;features&apos;: {}}, {&apos;type&apos;: &apos;text&apos;, &apos;bbox&apos;: (525.5459999999999, 119.625, 531.1059999999999, 132.915), &apos;color_space&apos;: &apos;DeviceGray&apos;, &apos;ncolor&apos;: None, &apos;size&apos;: 13.289999999999992, &apos;value&apos;: &apos;0&apos;, &apos;children&apos;: [], &apos;features&apos;: {}}, {&apos;type&apos;: &apos;text&apos;, &apos;bbox&apos;: (531.106, 119.625, 534.436, 132.915), &apos;color_space&apos;: &apos;DeviceGray&apos;, &apos;ncolor&apos;: None, &apos;size&apos;: 13.289999999999992, &apos;value&apos;: &apos;-&apos;, &apos;children&apos;: [], &apos;features&apos;: {}}, {&apos;type&apos;: &apos;text&apos;, &apos;bbox&apos;: (534.439, 119.625, 539.9989999999999, 132.915), &apos;color_space&apos;: &apos;DeviceGray&apos;, &apos;ncolor&apos;: None, &apos;size&apos;: 13.289999999999992, &apos;value&apos;: &apos;1&apos;, &apos;children&apos;: [], &apos;features&apos;: {}}], &apos;features&apos;: {}}
*********************





--------------------------------- CONTENT AREA --------------------------------- 
This content area has an image
{&apos;type&apos;: &apos;figure&apos;, &apos;bbox&apos;: (0, 0, 612.0, 792.0), &apos;name&apos;: &apos;fx79&apos;, &apos;children&apos;: [{&apos;type&apos;: &apos;text&apos;, &apos;bbox&apos;: (114.0, 103.40299999999999, 119.57, 116.883), &apos;color_space&apos;: &apos;DeviceGray&apos;, &apos;ncolor&apos;: None, &apos;size&apos;: 13.480000000000004, &apos;value&apos;: &apos;F&apos;, &apos;children&apos;: [], &apos;features&apos;: {}}, {&apos;type&apos;: &apos;text&apos;, &apos;bbox&apos;: (119.57, 103.40299999999999, 125.66999999999999, 116.883), &apos;color_space&apos;: &apos;DeviceGray&apos;, &apos;ncolor&apos;: None, &apos;size&apos;: 13.480000000000004, &apos;value&apos;: &apos;S&apos;, &apos;children&apos;: [], &apos;features&apos;: {}}, {&apos;type&apos;: &apos;text&apos;, &apos;bbox&apos;: (125.67, 103.40299999999999, 129.56, 116.883), &apos;color_space&apos;: &apos;DeviceGray&apos;, &apos;ncolor&apos;: None, &apos;size&apos;: 13.480000000000004, &apos;value&apos;: &apos;I&apos;, &apos;children&apos;: [], &apos;features&apos;: {}}, {&apos;type&apos;: &apos;text&apos;, &apos;bbox&apos;: (129.56, 103.40299999999999, 134.56, 116.883), &apos;color_space&apos;: &apos;DeviceGray&apos;, &apos;ncolor&apos;: None, &apos;size&apos;: 13.480000000000004, &apos;value&apos;: &apos;_&apos;, &apos;children&apos;: [], &apos;features&apos;: {}}, {&apos;type&apos;: &apos;text&apos;, &apos;bbox&apos;: (134.56, 103.40299999999999, 141.78, 116.883), &apos;color_space&apos;: &apos;DeviceGray&apos;, &apos;ncolor&apos;: None, &apos;size&apos;: 13.480000000000004, &apos;value&apos;: &apos;C&apos;, &apos;children&apos;: [], &apos;features&apos;: {}}, {&apos;type&apos;: &apos;text&apos;, &apos;bbox&apos;: (141.78, 103.40299999999999, 151.78, 116.883), &apos;color_space&apos;: &apos;DeviceGray&apos;, &apos;ncolor&apos;: None, &apos;size&apos;: 13.480000000000004, &apos;value&apos;: &apos;M&apos;, &apos;children&apos;: [], &apos;features&apos;: {}}, {&apos;type&apos;: &apos;text&apos;, &apos;bbox&apos;: (151.78, 103.40299999999999, 160.11, 116.883), &apos;color_space&apos;: &apos;DeviceGray&apos;, &apos;ncolor&apos;: None, &apos;size&apos;: 13.480000000000004, &apos;value&apos;: &apos;O&apos;, &apos;children&apos;: [], &apos;features&apos;: {}}, {&apos;type&apos;: &apos;text&apos;, &apos;bbox&apos;: (160.11, 103.40299999999999, 165.11, 116.883), &apos;color_space&apos;: &apos;DeviceGray&apos;, &apos;ncolor&apos;: None, &apos;size&apos;: 13.480000000000004, &apos;value&apos;: &apos;_&apos;, &apos;children&apos;: [], &apos;features&apos;: {}}, {&apos;type&apos;: &apos;text&apos;, &apos;bbox&apos;: (165.11, 103.40299999999999, 171.77, 116.883), &apos;color_space&apos;: &apos;DeviceGray&apos;, &apos;ncolor&apos;: None, &apos;size&apos;: 13.480000000000004, &apos;value&apos;: &apos;T&apos;, &apos;children&apos;: [], &apos;features&apos;: {}}, {&apos;type&apos;: &apos;text&apos;, &apos;bbox&apos;: (171.76999999999998, 103.40299999999999, 178.89999999999998, 116.883), &apos;color_space&apos;: &apos;DeviceGray&apos;, &apos;ncolor&apos;: None, &apos;size&apos;: 13.480000000000004, &apos;value&apos;: &apos;R&apos;, &apos;children&apos;: [], &apos;features&apos;: {}}, {&apos;type&apos;: &apos;text&apos;, &apos;bbox&apos;: (178.89999999999998, 103.40299999999999, 186.67, 116.883), &apos;color_space&apos;: &apos;DeviceGray&apos;, &apos;ncolor&apos;: None, &apos;size&apos;: 13.480000000000004, &apos;value&apos;: &apos;A&apos;, &apos;children&apos;: [], &apos;features&apos;: {}}, {&apos;type&apos;: &apos;text&apos;, &apos;bbox&apos;: (186.67, 103.40299999999999, 195.0, 116.883), &apos;color_space&apos;: &apos;DeviceGray&apos;, &apos;ncolor&apos;: None, &apos;size&apos;: 13.480000000000004, &apos;value&apos;: &apos;N&apos;, &apos;children&apos;: [], &apos;features&apos;: {}}, {&apos;type&apos;: &apos;text&apos;, &apos;bbox&apos;: (195.0, 103.40299999999999, 202.22, 116.883), &apos;color_space&apos;: &apos;DeviceGray&apos;, &apos;ncolor&apos;: None, &apos;size&apos;: 13.480000000000004, &apos;value&apos;: &apos;C&apos;, &apos;children&apos;: [], &apos;features&apos;: {}}, {&apos;type&apos;: &apos;text&apos;, &apos;bbox&apos;: (202.21999999999997, 103.40299999999999, 210.54999999999998, 116.883), &apos;color_space&apos;: &apos;DeviceGray&apos;, &apos;ncolor&apos;: None, &apos;size&apos;: 13.480000000000004, &apos;value&apos;: &apos;H&apos;, &apos;children&apos;: [], &apos;features&apos;: {}}, {&apos;type&apos;: &apos;text&apos;, &apos;bbox&apos;: (210.54999999999998, 103.40299999999999, 216.6, 116.883), &apos;color_space&apos;: &apos;DeviceGray&apos;, &apos;ncolor&apos;: None, &apos;size&apos;: 13.480000000000004, &apos;value&apos;: &apos;E&apos;, &apos;children&apos;: [], &apos;features&apos;: {}}, {&apos;type&apos;: &apos;text&apos;, &apos;bbox&apos;: (216.59999999999997, 103.40299999999999, 221.59999999999997, 116.883), &apos;color_space&apos;: &apos;DeviceGray&apos;, &apos;ncolor&apos;: None, &apos;size&apos;: 13.480000000000004, &apos;value&apos;: &apos;_&apos;, &apos;children&apos;: [], &apos;features&apos;: {}}, {&apos;type&apos;: &apos;text&apos;, &apos;bbox&apos;: (221.59999999999997, 103.40299999999999, 231.59999999999997, 116.883), &apos;color_space&apos;: &apos;DeviceGray&apos;, &apos;ncolor&apos;: None, &apos;size&apos;: 13.480000000000004, &apos;value&apos;: &apos;M&apos;, &apos;children&apos;: [], &apos;features&apos;: {}}, {&apos;type&apos;: &apos;text&apos;, &apos;bbox&apos;: (231.59999999999997, 103.40299999999999, 237.64999999999998, 116.883), &apos;color_space&apos;: &apos;DeviceGray&apos;, &apos;ncolor&apos;: None, &apos;size&apos;: 13.480000000000004, &apos;value&apos;: &apos;L&apos;, &apos;children&apos;: [], &apos;features&apos;: {}}, {&apos;type&apos;: &apos;text&apos;, &apos;bbox&apos;: (237.64999999999998, 103.40299999999999, 243.74999999999997, 116.883), &apos;color_space&apos;: &apos;DeviceGray&apos;, &apos;ncolor&apos;: None, &apos;size&apos;: 13.480000000000004, &apos;value&apos;: &apos;S&apos;, &apos;children&apos;: [], &apos;features&apos;: {}}, {&apos;type&apos;: &apos;text&apos;, &apos;bbox&apos;: (243.824, 104.134, 246.59400000000002, 117.424), &apos;color_space&apos;: &apos;DeviceGray&apos;, &apos;ncolor&apos;: None, &apos;size&apos;: 13.290000000000006, &apos;value&apos;: &apos;.&apos;, &apos;children&apos;: [], &apos;features&apos;: {}}, {&apos;type&apos;: &apos;text&apos;, &apos;bbox&apos;: (246.59400000000002, 104.134, 249.36400000000003, 117.424), &apos;color_space&apos;: &apos;DeviceGray&apos;, &apos;ncolor&apos;: None, &apos;size&apos;: 13.290000000000006, &apos;value&apos;: &apos;.&apos;, &apos;children&apos;: [], &apos;features&apos;: {}}, {&apos;type&apos;: &apos;text&apos;, &apos;bbox&apos;: (249.364, 104.134, 252.13400000000001, 117.424), &apos;color_space&apos;: &apos;DeviceGray&apos;, &apos;ncolor&apos;: None, &apos;size&apos;: 13.290000000000006, &apos;value&apos;: &apos;.&apos;, &apos;children&apos;: [], &apos;features&apos;: {}}, {&apos;type&apos;: &apos;text&apos;, &apos;bbox&apos;: (252.13400000000001, 104.134, 254.90400000000002, 117.424), &apos;color_space&apos;: &apos;DeviceGray&apos;, &apos;ncolor&apos;: None, &apos;size&apos;: 13.290000000000006, &apos;value&apos;: &apos;.&apos;, &apos;children&apos;: [], &apos;features&apos;: {}}, {&apos;type&apos;: &apos;text&apos;, &apos;bbox&apos;: (254.90400000000002, 104.134, 257.67400000000004, 117.424), &apos;color_space&apos;: &apos;DeviceGray&apos;, &apos;ncolor&apos;: None, &apos;size&apos;: 13.290000000000006, &apos;value&apos;: &apos;.&apos;, &apos;children&apos;: [], &apos;features&apos;: {}}, {&apos;type&apos;: &apos;text&apos;, &apos;bbox&apos;: (257.67400000000004, 104.134, 260.444, 117.424), &apos;color_space&apos;: &apos;DeviceGray&apos;, &apos;ncolor&apos;: None, &apos;size&apos;: 13.290000000000006, &apos;value&apos;: &apos;.&apos;, &apos;children&apos;: [], &apos;features&apos;: {}}, {&apos;type&apos;: &apos;text&apos;, &apos;bbox&apos;: (260.444, 104.134, 263.214, 117.424), &apos;color_space&apos;: &apos;DeviceGray&apos;, &apos;ncolor&apos;: None, &apos;size&apos;: 13.290000000000006, &apos;value&apos;: &apos;.&apos;, &apos;children&apos;: [], &apos;features&apos;: {}}, {&apos;type&apos;: &apos;text&apos;, &apos;bbox&apos;: (263.214, 104.134, 265.984, 117.424), &apos;color_space&apos;: &apos;DeviceGray&apos;, &apos;ncolor&apos;: None, &apos;size&apos;: 13.290000000000006, &apos;value&apos;: &apos;.&apos;, &apos;children&apos;: [], &apos;features&apos;: {}}, {&apos;type&apos;: &apos;text&apos;, &apos;bbox&apos;: (265.98400000000004, 104.134, 268.754, 117.424), &apos;color_space&apos;: &apos;DeviceGray&apos;, &apos;ncolor&apos;: None, &apos;size&apos;: 13.290000000000006, &apos;value&apos;: &apos;.&apos;, &apos;children&apos;: [], &apos;features&apos;: {}}, {&apos;type&apos;: &apos;text&apos;, &apos;bbox&apos;: (268.754, 104.134, 271.524, 117.424), &apos;color_space&apos;: &apos;DeviceGray&apos;, &apos;ncolor&apos;: None, &apos;size&apos;: 13.290000000000006, &apos;value&apos;: &apos;.&apos;, &apos;children&apos;: [], &apos;features&apos;: {}}, {&apos;type&apos;: &apos;text&apos;, &apos;bbox&apos;: (271.524, 104.134, 274.294, 117.424), &apos;color_space&apos;: &apos;DeviceGray&apos;, &apos;ncolor&apos;: None, &apos;size&apos;: 13.290000000000006, &apos;value&apos;: &apos;.&apos;, &apos;children&apos;: [], &apos;features&apos;: {}}, {&apos;type&apos;: &apos;text&apos;, &apos;bbox&apos;: (274.294, 104.134, 277.06399999999996, 117.424), &apos;color_space&apos;: &apos;DeviceGray&apos;, &apos;ncolor&apos;: None, &apos;size&apos;: 13.290000000000006, &apos;value&apos;: &apos;.&apos;, &apos;children&apos;: [], &apos;features&apos;: {}}, {&apos;type&apos;: &apos;text&apos;, &apos;bbox&apos;: (277.064, 104.134, 279.834, 117.424), &apos;color_space&apos;: &apos;DeviceGray&apos;, &apos;ncolor&apos;: None, &apos;size&apos;: 13.290000000000006, &apos;value&apos;: &apos;.&apos;, &apos;children&apos;: [], &apos;features&apos;: {}}, {&apos;type&apos;: &apos;text&apos;, &apos;bbox&apos;: (279.834, 104.134, 282.604, 117.424), &apos;color_space&apos;: &apos;DeviceGray&apos;, &apos;ncolor&apos;: None, &apos;size&apos;: 13.290000000000006, &apos;value&apos;: &apos;.&apos;, &apos;children&apos;: [], &apos;features&apos;: {}}, {&apos;type&apos;: &apos;text&apos;, &apos;bbox&apos;: (282.60400000000004, 104.134, 285.374, 117.424), &apos;color_space&apos;: &apos;DeviceGray&apos;, &apos;ncolor&apos;: None, &apos;size&apos;: 13.290000000000006, &apos;value&apos;: &apos;.&apos;, &apos;children&apos;: [], &apos;features&apos;: {}}, {&apos;type&apos;: &apos;text&apos;, &apos;bbox&apos;: (285.374, 104.134, 288.144, 117.424), &apos;color_space&apos;: &apos;DeviceGray&apos;, &apos;ncolor&apos;: None, &apos;size&apos;: 13.290000000000006, &apos;value&apos;: &apos;.&apos;, &apos;children&apos;: [], &apos;features&apos;: {}}, {&apos;type&apos;: &apos;text&apos;, &apos;bbox&apos;: (288.144, 104.134, 290.914, 117.424), &apos;color_space&apos;: &apos;DeviceGray&apos;, &apos;ncolor&apos;: None, &apos;size&apos;: 13.290000000000006, &apos;value&apos;: &apos;.&apos;, &apos;children&apos;: [], &apos;features&apos;: {}}, {&apos;type&apos;: &apos;text&apos;, &apos;bbox&apos;: (290.91400000000004, 104.134, 293.684, 117.424), &apos;color_space&apos;: &apos;DeviceGray&apos;, &apos;ncolor&apos;: None, &apos;size&apos;: 13.290000000000006, &apos;value&apos;: &apos;.&apos;, &apos;children&apos;: [], &apos;features&apos;: {}}, {&apos;type&apos;: &apos;text&apos;, &apos;bbox&apos;: (293.684, 104.134, 296.454, 117.424), &apos;color_space&apos;: &apos;DeviceGray&apos;, &apos;ncolor&apos;: None, &apos;size&apos;: 13.290000000000006, &apos;value&apos;: &apos;.&apos;, &apos;children&apos;: [], &apos;features&apos;: {}}, {&apos;type&apos;: &apos;text&apos;, &apos;bbox&apos;: (296.45400000000006, 104.134, 299.22400000000005, 117.424), &apos;color_space&apos;: &apos;DeviceGray&apos;, &apos;ncolor&apos;: None, &apos;size&apos;: 13.290000000000006, &apos;value&apos;: &apos;.&apos;, &apos;children&apos;: [], &apos;features&apos;: {}}, {&apos;type&apos;: &apos;text&apos;, &apos;bbox&apos;: (299.22400000000005, 104.134, 301.994, 117.424), &apos;color_space&apos;: &apos;DeviceGray&apos;, &apos;ncolor&apos;: None, &apos;size&apos;: 13.290000000000006, &apos;value&apos;: &apos;.&apos;, &apos;children&apos;: [], &apos;features&apos;: {}}, {&apos;type&apos;: &apos;text&apos;, &apos;bbox&apos;: (301.994, 104.134, 304.764, 117.424), &apos;color_space&apos;: &apos;DeviceGray&apos;, &apos;ncolor&apos;: None, &apos;size&apos;: 13.290000000000006, &apos;value&apos;: &apos;.&apos;, &apos;children&apos;: [], &apos;features&apos;: {}}, {&apos;type&apos;: &apos;text&apos;, &apos;bbox&apos;: (304.76400000000007, 104.134, 307.53400000000005, 117.424), &apos;color_space&apos;: &apos;DeviceGray&apos;, &apos;ncolor&apos;: None, &apos;size&apos;: 13.290000000000006, &apos;value&apos;: &apos;.&apos;, &apos;children&apos;: [], &apos;features&apos;: {}}, {&apos;type&apos;: &apos;text&apos;, &apos;bbox&apos;: (307.53400000000005, 104.134, 310.30400000000003, 117.424), &apos;color_space&apos;: &apos;DeviceGray&apos;, &apos;ncolor&apos;: None, &apos;size&apos;: 13.290000000000006, &apos;value&apos;: &apos;.&apos;, &apos;children&apos;: [], &apos;features&apos;: {}}, {&apos;type&apos;: &apos;text&apos;, &apos;bbox&apos;: (310.30400000000003, 104.134, 313.074, 117.424), &apos;color_space&apos;: &apos;DeviceGray&apos;, &apos;ncolor&apos;: None, &apos;size&apos;: 13.290000000000006, &apos;value&apos;: &apos;.&apos;, &apos;children&apos;: [], &apos;features&apos;: {}}, {&apos;type&apos;: &apos;text&apos;, &apos;bbox&apos;: (313.07400000000007, 104.134, 315.84400000000005, 117.424), &apos;color_space&apos;: &apos;DeviceGray&apos;, &apos;ncolor&apos;: None, &apos;size&apos;: 13.290000000000006, &apos;value&apos;: &apos;.&apos;, &apos;children&apos;: [], &apos;features&apos;: {}}, {&apos;type&apos;: &apos;text&apos;, &apos;bbox&apos;: (315.84400000000005, 104.134, 318.61400000000003, 117.424), &apos;color_space&apos;: &apos;DeviceGray&apos;, &apos;ncolor&apos;: None, &apos;size&apos;: 13.290000000000006, &apos;value&apos;: &apos;.&apos;, &apos;children&apos;: [], &apos;features&apos;: {}}, {&apos;type&apos;: &apos;text&apos;, &apos;bbox&apos;: (318.61400000000003, 104.134, 321.384, 117.424), &apos;color_space&apos;: &apos;DeviceGray&apos;, &apos;ncolor&apos;: None, &apos;size&apos;: 13.290000000000006, &apos;value&apos;: &apos;.&apos;, &apos;children&apos;: [], &apos;features&apos;: {}}, {&apos;type&apos;: &apos;text&apos;, &apos;bbox&apos;: (321.384, 104.134, 324.154, 117.424), &apos;color_space&apos;: &apos;DeviceGray&apos;, &apos;ncolor&apos;: None, &apos;size&apos;: 13.290000000000006, &apos;value&apos;: &apos;.&apos;, &apos;children&apos;: [], &apos;features&apos;: {}}, {&apos;type&apos;: &apos;text&apos;, &apos;bbox&apos;: (324.154, 104.134, 326.924, 117.424), &apos;color_space&apos;: &apos;DeviceGray&apos;, &apos;ncolor&apos;: None, &apos;size&apos;: 13.290000000000006, &apos;value&apos;: &apos;.&apos;, &apos;children&apos;: [], &apos;features&apos;: {}}, {&apos;type&apos;: &apos;text&apos;, &apos;bbox&apos;: (326.92400000000004, 104.134, 329.694, 117.424), &apos;color_space&apos;: &apos;DeviceGray&apos;, &apos;ncolor&apos;: None, &apos;size&apos;: 13.290000000000006, &apos;value&apos;: &apos;.&apos;, &apos;children&apos;: [], &apos;features&apos;: {}}, {&apos;type&apos;: &apos;text&apos;, &apos;bbox&apos;: (329.694, 104.134, 332.464, 117.424), &apos;color_space&apos;: &apos;DeviceGray&apos;, &apos;ncolor&apos;: None, &apos;size&apos;: 13.290000000000006, &apos;value&apos;: &apos;.&apos;, &apos;children&apos;: [], &apos;features&apos;: {}}, {&apos;type&apos;: &apos;text&apos;, &apos;bbox&apos;: (332.464, 104.134, 335.234, 117.424), &apos;color_space&apos;: &apos;DeviceGray&apos;, &apos;ncolor&apos;: None, &apos;size&apos;: 13.290000000000006, &apos;value&apos;: &apos;.&apos;, &apos;children&apos;: [], &apos;features&apos;: {}}, {&apos;type&apos;: &apos;text&apos;, &apos;bbox&apos;: (335.23400000000004, 104.134, 338.004, 117.424), &apos;color_space&apos;: &apos;DeviceGray&apos;, &apos;ncolor&apos;: None, &apos;size&apos;: 13.290000000000006, &apos;value&apos;: &apos;.&apos;, &apos;children&apos;: [], &apos;features&apos;: {}}, {&apos;type&apos;: &apos;text&apos;, &apos;bbox&apos;: (338.004, 104.134, 340.774, 117.424), &apos;color_space&apos;: &apos;DeviceGray&apos;, &apos;ncolor&apos;: None, &apos;size&apos;: 13.290000000000006, &apos;value&apos;: &apos;.&apos;, &apos;children&apos;: [], &apos;features&apos;: {}}, {&apos;type&apos;: &apos;text&apos;, &apos;bbox&apos;: (340.774, 104.134, 343.544, 117.424), &apos;color_space&apos;: &apos;DeviceGray&apos;, &apos;ncolor&apos;: None, &apos;size&apos;: 13.290000000000006, &apos;value&apos;: &apos;.&apos;, &apos;children&apos;: [], &apos;features&apos;: {}}, {&apos;type&apos;: &apos;text&apos;, &apos;bbox&apos;: (343.544, 104.134, 346.31399999999996, 117.424), &apos;color_space&apos;: &apos;DeviceGray&apos;, &apos;ncolor&apos;: None, &apos;size&apos;: 13.290000000000006, &apos;value&apos;: &apos;.&apos;, &apos;children&apos;: [], &apos;features&apos;: {}}, {&apos;type&apos;: &apos;text&apos;, &apos;bbox&apos;: (346.31399999999996, 104.134, 349.08399999999995, 117.424), &apos;color_space&apos;: &apos;DeviceGray&apos;, &apos;ncolor&apos;: None, &apos;size&apos;: 13.290000000000006, &apos;value&apos;: &apos;.&apos;, &apos;children&apos;: [], &apos;features&apos;: {}}, {&apos;type&apos;: &apos;text&apos;, &apos;bbox&apos;: (349.084, 104.134, 351.854, 117.424), &apos;color_space&apos;: &apos;DeviceGray&apos;, &apos;ncolor&apos;: None, &apos;size&apos;: 13.290000000000006, &apos;value&apos;: &apos;.&apos;, &apos;children&apos;: [], &apos;features&apos;: {}}, {&apos;type&apos;: &apos;text&apos;, &apos;bbox&apos;: (351.854, 104.134, 354.62399999999997, 117.424), &apos;color_space&apos;: &apos;DeviceGray&apos;, &apos;ncolor&apos;: None, &apos;size&apos;: 13.290000000000006, &apos;value&apos;: &apos;.&apos;, &apos;children&apos;: [], &apos;features&apos;: {}}, {&apos;type&apos;: &apos;text&apos;, &apos;bbox&apos;: (354.62399999999997, 104.134, 357.39399999999995, 117.424), &apos;color_space&apos;: &apos;DeviceGray&apos;, &apos;ncolor&apos;: None, &apos;size&apos;: 13.290000000000006, &apos;value&apos;: &apos;.&apos;, &apos;children&apos;: [], &apos;features&apos;: {}}, {&apos;type&apos;: &apos;text&apos;, &apos;bbox&apos;: (357.394, 104.134, 360.164, 117.424), &apos;color_space&apos;: &apos;DeviceGray&apos;, &apos;ncolor&apos;: None, &apos;size&apos;: 13.290000000000006, &apos;value&apos;: &apos;.&apos;, &apos;children&apos;: [], &apos;features&apos;: {}}, {&apos;type&apos;: &apos;text&apos;, &apos;bbox&apos;: (360.164, 104.134, 362.93399999999997, 117.424), &apos;color_space&apos;: &apos;DeviceGray&apos;, &apos;ncolor&apos;: None, &apos;size&apos;: 13.290000000000006, &apos;value&apos;: &apos;.&apos;, &apos;children&apos;: [], &apos;features&apos;: {}}, {&apos;type&apos;: &apos;text&apos;, &apos;bbox&apos;: (362.93399999999997, 104.134, 365.70399999999995, 117.424), &apos;color_space&apos;: &apos;DeviceGray&apos;, &apos;ncolor&apos;: None, &apos;size&apos;: 13.290000000000006, &apos;value&apos;: &apos;.&apos;, &apos;children&apos;: [], &apos;features&apos;: {}}, {&apos;type&apos;: &apos;text&apos;, &apos;bbox&apos;: (365.70399999999995, 104.134, 368.47399999999993, 117.424), &apos;color_space&apos;: &apos;DeviceGray&apos;, &apos;ncolor&apos;: None, &apos;size&apos;: 13.290000000000006, &apos;value&apos;: &apos;.&apos;, &apos;children&apos;: [], &apos;features&apos;: {}}, {&apos;type&apos;: &apos;text&apos;, &apos;bbox&apos;: (368.47399999999993, 104.134, 371.2439999999999, 117.424), &apos;color_space&apos;: &apos;DeviceGray&apos;, &apos;ncolor&apos;: None, &apos;size&apos;: 13.290000000000006, &apos;value&apos;: &apos;.&apos;, &apos;children&apos;: [], &apos;features&apos;: {}}, {&apos;type&apos;: &apos;text&apos;, &apos;bbox&apos;: (371.24399999999997, 104.134, 374.01399999999995, 117.424), &apos;color_space&apos;: &apos;DeviceGray&apos;, &apos;ncolor&apos;: None, &apos;size&apos;: 13.290000000000006, &apos;value&apos;: &apos;.&apos;, &apos;children&apos;: [], &apos;features&apos;: {}}, {&apos;type&apos;: &apos;text&apos;, &apos;bbox&apos;: (374.01399999999995, 104.134, 376.78399999999993, 117.424), &apos;color_space&apos;: &apos;DeviceGray&apos;, &apos;ncolor&apos;: None, &apos;size&apos;: 13.290000000000006, &apos;value&apos;: &apos;.&apos;, &apos;children&apos;: [], &apos;features&apos;: {}}, {&apos;type&apos;: &apos;text&apos;, &apos;bbox&apos;: (376.784, 104.134, 379.554, 117.424), &apos;color_space&apos;: &apos;DeviceGray&apos;, &apos;ncolor&apos;: None, &apos;size&apos;: 13.290000000000006, &apos;value&apos;: &apos;.&apos;, &apos;children&apos;: [], &apos;features&apos;: {}}, {&apos;type&apos;: &apos;text&apos;, &apos;bbox&apos;: (379.554, 104.134, 382.32399999999996, 117.424), &apos;color_space&apos;: &apos;DeviceGray&apos;, &apos;ncolor&apos;: None, &apos;size&apos;: 13.290000000000006, &apos;value&apos;: &apos;.&apos;, &apos;children&apos;: [], &apos;features&apos;: {}}, {&apos;type&apos;: &apos;text&apos;, &apos;bbox&apos;: (382.32399999999996, 104.134, 385.09399999999994, 117.424), &apos;color_space&apos;: &apos;DeviceGray&apos;, &apos;ncolor&apos;: None, &apos;size&apos;: 13.290000000000006, &apos;value&apos;: &apos;.&apos;, &apos;children&apos;: [], &apos;features&apos;: {}}, {&apos;type&apos;: &apos;text&apos;, &apos;bbox&apos;: (385.094, 104.134, 387.864, 117.424), &apos;color_space&apos;: &apos;DeviceGray&apos;, &apos;ncolor&apos;: None, &apos;size&apos;: 13.290000000000006, &apos;value&apos;: &apos;.&apos;, &apos;children&apos;: [], &apos;features&apos;: {}}, {&apos;type&apos;: &apos;text&apos;, &apos;bbox&apos;: (387.86400000000003, 104.134, 390.634, 117.424), &apos;color_space&apos;: &apos;DeviceGray&apos;, &apos;ncolor&apos;: None, &apos;size&apos;: 13.290000000000006, &apos;value&apos;: &apos;.&apos;, &apos;children&apos;: [], &apos;features&apos;: {}}, {&apos;type&apos;: &apos;text&apos;, &apos;bbox&apos;: (390.634, 104.134, 393.404, 117.424), &apos;color_space&apos;: &apos;DeviceGray&apos;, &apos;ncolor&apos;: None, &apos;size&apos;: 13.290000000000006, &apos;value&apos;: &apos;.&apos;, &apos;children&apos;: [], &apos;features&apos;: {}}, {&apos;type&apos;: &apos;text&apos;, &apos;bbox&apos;: (393.404, 104.134, 396.174, 117.424), &apos;color_space&apos;: &apos;DeviceGray&apos;, &apos;ncolor&apos;: None, &apos;size&apos;: 13.290000000000006, &apos;value&apos;: &apos;.&apos;, &apos;children&apos;: [], &apos;features&apos;: {}}, {&apos;type&apos;: &apos;text&apos;, &apos;bbox&apos;: (396.17400000000004, 104.134, 398.944, 117.424), &apos;color_space&apos;: &apos;DeviceGray&apos;, &apos;ncolor&apos;: None, &apos;size&apos;: 13.290000000000006, &apos;value&apos;: &apos;.&apos;, &apos;children&apos;: [], &apos;features&apos;: {}}, {&apos;type&apos;: &apos;text&apos;, &apos;bbox&apos;: (398.9440000000001, 104.134, 401.71400000000006, 117.424), &apos;color_space&apos;: &apos;DeviceGray&apos;, &apos;ncolor&apos;: None, &apos;size&apos;: 13.290000000000006, &apos;value&apos;: &apos;.&apos;, &apos;children&apos;: [], &apos;features&apos;: {}}, {&apos;type&apos;: &apos;text&apos;, &apos;bbox&apos;: (401.71400000000006, 104.134, 404.48400000000004, 117.424), &apos;color_space&apos;: &apos;DeviceGray&apos;, &apos;ncolor&apos;: None, &apos;size&apos;: 13.290000000000006, &apos;value&apos;: &apos;.&apos;, &apos;children&apos;: [], &apos;features&apos;: {}}, {&apos;type&apos;: &apos;text&apos;, &apos;bbox&apos;: (404.48400000000004, 104.134, 407.254, 117.424), &apos;color_space&apos;: &apos;DeviceGray&apos;, &apos;ncolor&apos;: None, &apos;size&apos;: 13.290000000000006, &apos;value&apos;: &apos;.&apos;, &apos;children&apos;: [], &apos;features&apos;: {}}, {&apos;type&apos;: &apos;text&apos;, &apos;bbox&apos;: (407.2540000000001, 104.134, 410.02400000000006, 117.424), &apos;color_space&apos;: &apos;DeviceGray&apos;, &apos;ncolor&apos;: None, &apos;size&apos;: 13.290000000000006, &apos;value&apos;: &apos;.&apos;, &apos;children&apos;: [], &apos;features&apos;: {}}, {&apos;type&apos;: &apos;text&apos;, &apos;bbox&apos;: (410.0240000000001, 104.134, 412.7940000000001, 117.424), &apos;color_space&apos;: &apos;DeviceGray&apos;, &apos;ncolor&apos;: None, &apos;size&apos;: 13.290000000000006, &apos;value&apos;: &apos;.&apos;, &apos;children&apos;: [], &apos;features&apos;: {}}, {&apos;type&apos;: &apos;text&apos;, &apos;bbox&apos;: (412.7940000000001, 104.134, 415.5640000000001, 117.424), &apos;color_space&apos;: &apos;DeviceGray&apos;, &apos;ncolor&apos;: None, &apos;size&apos;: 13.290000000000006, &apos;value&apos;: &apos;.&apos;, &apos;children&apos;: [], &apos;features&apos;: {}}, {&apos;type&apos;: &apos;text&apos;, &apos;bbox&apos;: (415.5640000000001, 104.134, 418.33400000000006, 117.424), &apos;color_space&apos;: &apos;DeviceGray&apos;, &apos;ncolor&apos;: None, &apos;size&apos;: 13.290000000000006, &apos;value&apos;: &apos;.&apos;, &apos;children&apos;: [], &apos;features&apos;: {}}, {&apos;type&apos;: &apos;text&apos;, &apos;bbox&apos;: (418.3340000000001, 104.134, 421.1040000000001, 117.424), &apos;color_space&apos;: &apos;DeviceGray&apos;, &apos;ncolor&apos;: None, &apos;size&apos;: 13.290000000000006, &apos;value&apos;: &apos;.&apos;, &apos;children&apos;: [], &apos;features&apos;: {}}, {&apos;type&apos;: &apos;text&apos;, &apos;bbox&apos;: (421.10400000000016, 104.134, 423.87400000000014, 117.424), &apos;color_space&apos;: &apos;DeviceGray&apos;, &apos;ncolor&apos;: None, &apos;size&apos;: 13.290000000000006, &apos;value&apos;: &apos;.&apos;, &apos;children&apos;: [], &apos;features&apos;: {}}, {&apos;type&apos;: &apos;text&apos;, &apos;bbox&apos;: (423.87400000000014, 104.134, 426.6440000000001, 117.424), &apos;color_space&apos;: &apos;DeviceGray&apos;, &apos;ncolor&apos;: None, &apos;size&apos;: 13.290000000000006, &apos;value&apos;: &apos;.&apos;, &apos;children&apos;: [], &apos;features&apos;: {}}, {&apos;type&apos;: &apos;text&apos;, &apos;bbox&apos;: (426.6440000000001, 104.134, 429.4140000000001, 117.424), &apos;color_space&apos;: &apos;DeviceGray&apos;, &apos;ncolor&apos;: None, &apos;size&apos;: 13.290000000000006, &apos;value&apos;: &apos;.&apos;, &apos;children&apos;: [], &apos;features&apos;: {}}, {&apos;type&apos;: &apos;text&apos;, &apos;bbox&apos;: (429.41400000000016, 104.134, 432.18400000000014, 117.424), &apos;color_space&apos;: &apos;DeviceGray&apos;, &apos;ncolor&apos;: None, &apos;size&apos;: 13.290000000000006, &apos;value&apos;: &apos;.&apos;, &apos;children&apos;: [], &apos;features&apos;: {}}, {&apos;type&apos;: &apos;text&apos;, &apos;bbox&apos;: (432.1840000000002, 104.134, 434.9540000000002, 117.424), &apos;color_space&apos;: &apos;DeviceGray&apos;, &apos;ncolor&apos;: None, &apos;size&apos;: 13.290000000000006, &apos;value&apos;: &apos;.&apos;, &apos;children&apos;: [], &apos;features&apos;: {}}, {&apos;type&apos;: &apos;text&apos;, &apos;bbox&apos;: (434.9540000000002, 104.134, 437.72400000000016, 117.424), &apos;color_space&apos;: &apos;DeviceGray&apos;, &apos;ncolor&apos;: None, &apos;size&apos;: 13.290000000000006, &apos;value&apos;: &apos;.&apos;, &apos;children&apos;: [], &apos;features&apos;: {}}, {&apos;type&apos;: &apos;text&apos;, &apos;bbox&apos;: (437.72400000000016, 104.134, 440.49400000000014, 117.424), &apos;color_space&apos;: &apos;DeviceGray&apos;, &apos;ncolor&apos;: None, &apos;size&apos;: 13.290000000000006, &apos;value&apos;: &apos;.&apos;, &apos;children&apos;: [], &apos;features&apos;: {}}, {&apos;type&apos;: &apos;text&apos;, &apos;bbox&apos;: (440.4940000000002, 104.134, 443.2640000000002, 117.424), &apos;color_space&apos;: &apos;DeviceGray&apos;, &apos;ncolor&apos;: None, &apos;size&apos;: 13.290000000000006, &apos;value&apos;: &apos;.&apos;, &apos;children&apos;: [], &apos;features&apos;: {}}, {&apos;type&apos;: &apos;text&apos;, &apos;bbox&apos;: (443.26400000000024, 104.134, 446.0340000000002, 117.424), &apos;color_space&apos;: &apos;DeviceGray&apos;, &apos;ncolor&apos;: None, &apos;size&apos;: 13.290000000000006, &apos;value&apos;: &apos;.&apos;, &apos;children&apos;: [], &apos;features&apos;: {}}, {&apos;type&apos;: &apos;text&apos;, &apos;bbox&apos;: (446.0340000000002, 104.134, 448.8040000000002, 117.424), &apos;color_space&apos;: &apos;DeviceGray&apos;, &apos;ncolor&apos;: None, &apos;size&apos;: 13.290000000000006, &apos;value&apos;: &apos;.&apos;, &apos;children&apos;: [], &apos;features&apos;: {}}, {&apos;type&apos;: &apos;text&apos;, &apos;bbox&apos;: (448.8040000000002, 104.134, 451.5740000000002, 117.424), &apos;color_space&apos;: &apos;DeviceGray&apos;, &apos;ncolor&apos;: None, &apos;size&apos;: 13.290000000000006, &apos;value&apos;: &apos;.&apos;, &apos;children&apos;: [], &apos;features&apos;: {}}, {&apos;type&apos;: &apos;text&apos;, &apos;bbox&apos;: (451.57400000000024, 104.134, 454.3440000000002, 117.424), &apos;color_space&apos;: &apos;DeviceGray&apos;, &apos;ncolor&apos;: None, &apos;size&apos;: 13.290000000000006, &apos;value&apos;: &apos;.&apos;, &apos;children&apos;: [], &apos;features&apos;: {}}, {&apos;type&apos;: &apos;text&apos;, &apos;bbox&apos;: (454.3440000000003, 104.134, 457.11400000000026, 117.424), &apos;color_space&apos;: &apos;DeviceGray&apos;, &apos;ncolor&apos;: None, &apos;size&apos;: 13.290000000000006, &apos;value&apos;: &apos;.&apos;, &apos;children&apos;: [], &apos;features&apos;: {}}, {&apos;type&apos;: &apos;text&apos;, &apos;bbox&apos;: (457.11400000000026, 104.134, 459.88400000000024, 117.424), &apos;color_space&apos;: &apos;DeviceGray&apos;, &apos;ncolor&apos;: None, &apos;size&apos;: 13.290000000000006, &apos;value&apos;: &apos;.&apos;, &apos;children&apos;: [], &apos;features&apos;: {}}, {&apos;type&apos;: &apos;text&apos;, &apos;bbox&apos;: (459.88400000000024, 104.134, 462.6540000000002, 117.424), &apos;color_space&apos;: &apos;DeviceGray&apos;, &apos;ncolor&apos;: None, &apos;size&apos;: 13.290000000000006, &apos;value&apos;: &apos;.&apos;, &apos;children&apos;: [], &apos;features&apos;: {}}, {&apos;type&apos;: &apos;text&apos;, &apos;bbox&apos;: (462.6540000000003, 104.134, 465.42400000000026, 117.424), &apos;color_space&apos;: &apos;DeviceGray&apos;, &apos;ncolor&apos;: None, &apos;size&apos;: 13.290000000000006, &apos;value&apos;: &apos;.&apos;, &apos;children&apos;: [], &apos;features&apos;: {}}, {&apos;type&apos;: &apos;text&apos;, &apos;bbox&apos;: (465.4240000000003, 104.134, 468.1940000000003, 117.424), &apos;color_space&apos;: &apos;DeviceGray&apos;, &apos;ncolor&apos;: None, &apos;size&apos;: 13.290000000000006, &apos;value&apos;: &apos;.&apos;, &apos;children&apos;: [], &apos;features&apos;: {}}, {&apos;type&apos;: &apos;text&apos;, &apos;bbox&apos;: (468.1940000000003, 104.134, 470.9640000000003, 117.424), &apos;color_space&apos;: &apos;DeviceGray&apos;, &apos;ncolor&apos;: None, &apos;size&apos;: 13.290000000000006, &apos;value&apos;: &apos;.&apos;, &apos;children&apos;: [], &apos;features&apos;: {}}, {&apos;type&apos;: &apos;text&apos;, &apos;bbox&apos;: (470.9640000000003, 104.134, 473.73400000000026, 117.424), &apos;color_space&apos;: &apos;DeviceGray&apos;, &apos;ncolor&apos;: None, &apos;size&apos;: 13.290000000000006, &apos;value&apos;: &apos;.&apos;, &apos;children&apos;: [], &apos;features&apos;: {}}, {&apos;type&apos;: &apos;text&apos;, &apos;bbox&apos;: (473.7340000000003, 104.134, 476.5040000000003, 117.424), &apos;color_space&apos;: &apos;DeviceGray&apos;, &apos;ncolor&apos;: None, &apos;size&apos;: 13.290000000000006, &apos;value&apos;: &apos;.&apos;, &apos;children&apos;: [], &apos;features&apos;: {}}, {&apos;type&apos;: &apos;text&apos;, &apos;bbox&apos;: (476.50400000000036, 104.134, 479.27400000000034, 117.424), &apos;color_space&apos;: &apos;DeviceGray&apos;, &apos;ncolor&apos;: None, &apos;size&apos;: 13.290000000000006, &apos;value&apos;: &apos;.&apos;, &apos;children&apos;: [], &apos;features&apos;: {}}, {&apos;type&apos;: &apos;text&apos;, &apos;bbox&apos;: (479.27400000000034, 104.134, 482.0440000000003, 117.424), &apos;color_space&apos;: &apos;DeviceGray&apos;, &apos;ncolor&apos;: None, &apos;size&apos;: 13.290000000000006, &apos;value&apos;: &apos;.&apos;, &apos;children&apos;: [], &apos;features&apos;: {}}, {&apos;type&apos;: &apos;text&apos;, &apos;bbox&apos;: (482.0440000000003, 104.134, 484.8140000000003, 117.424), &apos;color_space&apos;: &apos;DeviceGray&apos;, &apos;ncolor&apos;: None, &apos;size&apos;: 13.290000000000006, &apos;value&apos;: &apos;.&apos;, &apos;children&apos;: [], &apos;features&apos;: {}}, {&apos;type&apos;: &apos;text&apos;, &apos;bbox&apos;: (484.81400000000036, 104.134, 487.58400000000034, 117.424), &apos;color_space&apos;: &apos;DeviceGray&apos;, &apos;ncolor&apos;: None, &apos;size&apos;: 13.290000000000006, &apos;value&apos;: &apos;.&apos;, &apos;children&apos;: [], &apos;features&apos;: {}}, {&apos;type&apos;: &apos;text&apos;, &apos;bbox&apos;: (487.5840000000004, 104.134, 490.3540000000004, 117.424), &apos;color_space&apos;: &apos;DeviceGray&apos;, &apos;ncolor&apos;: None, &apos;size&apos;: 13.290000000000006, &apos;value&apos;: &apos;.&apos;, &apos;children&apos;: [], &apos;features&apos;: {}}, {&apos;type&apos;: &apos;text&apos;, &apos;bbox&apos;: (490.3540000000004, 104.134, 493.12400000000036, 117.424), &apos;color_space&apos;: &apos;DeviceGray&apos;, &apos;ncolor&apos;: None, &apos;size&apos;: 13.290000000000006, &apos;value&apos;: &apos;.&apos;, &apos;children&apos;: [], &apos;features&apos;: {}}, {&apos;type&apos;: &apos;text&apos;, &apos;bbox&apos;: (493.12400000000036, 104.134, 495.89400000000035, 117.424), &apos;color_space&apos;: &apos;DeviceGray&apos;, &apos;ncolor&apos;: None, &apos;size&apos;: 13.290000000000006, &apos;value&apos;: &apos;.&apos;, &apos;children&apos;: [], &apos;features&apos;: {}}, {&apos;type&apos;: &apos;text&apos;, &apos;bbox&apos;: (495.8940000000004, 104.134, 498.6640000000004, 117.424), &apos;color_space&apos;: &apos;DeviceGray&apos;, &apos;ncolor&apos;: None, &apos;size&apos;: 13.290000000000006, &apos;value&apos;: &apos;.&apos;, &apos;children&apos;: [], &apos;features&apos;: {}}, {&apos;type&apos;: &apos;text&apos;, &apos;bbox&apos;: (498.66400000000044, 104.134, 501.4340000000004, 117.424), &apos;color_space&apos;: &apos;DeviceGray&apos;, &apos;ncolor&apos;: None, &apos;size&apos;: 13.290000000000006, &apos;value&apos;: &apos;.&apos;, &apos;children&apos;: [], &apos;features&apos;: {}}, {&apos;type&apos;: &apos;text&apos;, &apos;bbox&apos;: (501.4340000000004, 104.134, 504.2040000000004, 117.424), &apos;color_space&apos;: &apos;DeviceGray&apos;, &apos;ncolor&apos;: None, &apos;size&apos;: 13.290000000000006, &apos;value&apos;: &apos;.&apos;, &apos;children&apos;: [], &apos;features&apos;: {}}, {&apos;type&apos;: &apos;text&apos;, &apos;bbox&apos;: (504.2040000000004, 104.134, 506.9740000000004, 117.424), &apos;color_space&apos;: &apos;DeviceGray&apos;, &apos;ncolor&apos;: None, &apos;size&apos;: 13.290000000000006, &apos;value&apos;: &apos;.&apos;, &apos;children&apos;: [], &apos;features&apos;: {}}, {&apos;type&apos;: &apos;text&apos;, &apos;bbox&apos;: (506.9740000000004, 104.134, 509.74400000000037, 117.424), &apos;color_space&apos;: &apos;DeviceGray&apos;, &apos;ncolor&apos;: None, &apos;size&apos;: 13.290000000000006, &apos;value&apos;: &apos;.&apos;, &apos;children&apos;: [], &apos;features&apos;: {}}, {&apos;type&apos;: &apos;text&apos;, &apos;bbox&apos;: (509.74400000000037, 104.134, 512.5140000000004, 117.424), &apos;color_space&apos;: &apos;DeviceGray&apos;, &apos;ncolor&apos;: None, &apos;size&apos;: 13.290000000000006, &apos;value&apos;: &apos;.&apos;, &apos;children&apos;: [], &apos;features&apos;: {}}, {&apos;type&apos;: &apos;text&apos;, &apos;bbox&apos;: (512.5140000000004, 104.134, 515.2840000000003, 117.424), &apos;color_space&apos;: &apos;DeviceGray&apos;, &apos;ncolor&apos;: None, &apos;size&apos;: 13.290000000000006, &apos;value&apos;: &apos;.&apos;, &apos;children&apos;: [], &apos;features&apos;: {}}, {&apos;type&apos;: &apos;text&apos;, &apos;bbox&apos;: (515.2840000000003, 104.134, 518.0540000000003, 117.424), &apos;color_space&apos;: &apos;DeviceGray&apos;, &apos;ncolor&apos;: None, &apos;size&apos;: 13.290000000000006, &apos;value&apos;: &apos;.&apos;, &apos;children&apos;: [], &apos;features&apos;: {}}, {&apos;type&apos;: &apos;text&apos;, &apos;bbox&apos;: (519.986, 104.134, 525.5459999999999, 117.424), &apos;color_space&apos;: &apos;DeviceGray&apos;, &apos;ncolor&apos;: None, &apos;size&apos;: 13.290000000000006, &apos;value&apos;: &apos;1&apos;, &apos;children&apos;: [], &apos;features&apos;: {}}, {&apos;type&apos;: &apos;text&apos;, &apos;bbox&apos;: (525.5459999999999, 104.134, 531.1059999999999, 117.424), &apos;color_space&apos;: &apos;DeviceGray&apos;, &apos;ncolor&apos;: None, &apos;size&apos;: 13.290000000000006, &apos;value&apos;: &apos;0&apos;, &apos;children&apos;: [], &apos;features&apos;: {}}, {&apos;type&apos;: &apos;text&apos;, &apos;bbox&apos;: (531.106, 104.134, 534.436, 117.424), &apos;color_space&apos;: &apos;DeviceGray&apos;, &apos;ncolor&apos;: None, &apos;size&apos;: 13.290000000000006, &apos;value&apos;: &apos;-&apos;, &apos;children&apos;: [], &apos;features&apos;: {}}, {&apos;type&apos;: &apos;text&apos;, &apos;bbox&apos;: (534.439, 104.134, 539.9989999999999, 117.424), &apos;color_space&apos;: &apos;DeviceGray&apos;, &apos;ncolor&apos;: None, &apos;size&apos;: 13.290000000000006, &apos;value&apos;: &apos;1&apos;, &apos;children&apos;: [], &apos;features&apos;: {}}], &apos;features&apos;: {}}
*********************





--------------------------------- CONTENT AREA --------------------------------- 
This content area has an image
{&apos;type&apos;: &apos;figure&apos;, &apos;bbox&apos;: (0, 0, 612.0, 792.0), &apos;name&apos;: &apos;fx80&apos;, &apos;children&apos;: [{&apos;type&apos;: &apos;text&apos;, &apos;bbox&apos;: (114.0, 87.91199999999999, 119.57, 101.392), &apos;color_space&apos;: &apos;DeviceGray&apos;, &apos;ncolor&apos;: None, &apos;size&apos;: 13.480000000000004, &apos;value&apos;: &apos;F&apos;, &apos;children&apos;: [], &apos;features&apos;: {}}, {&apos;type&apos;: &apos;text&apos;, &apos;bbox&apos;: (119.57, 87.91199999999999, 125.66999999999999, 101.392), &apos;color_space&apos;: &apos;DeviceGray&apos;, &apos;ncolor&apos;: None, &apos;size&apos;: 13.480000000000004, &apos;value&apos;: &apos;S&apos;, &apos;children&apos;: [], &apos;features&apos;: {}}, {&apos;type&apos;: &apos;text&apos;, &apos;bbox&apos;: (125.67, 87.91199999999999, 129.56, 101.392), &apos;color_space&apos;: &apos;DeviceGray&apos;, &apos;ncolor&apos;: None, &apos;size&apos;: 13.480000000000004, &apos;value&apos;: &apos;I&apos;, &apos;children&apos;: [], &apos;features&apos;: {}}, {&apos;type&apos;: &apos;text&apos;, &apos;bbox&apos;: (129.56, 87.91199999999999, 134.56, 101.392), &apos;color_space&apos;: &apos;DeviceGray&apos;, &apos;ncolor&apos;: None, &apos;size&apos;: 13.480000000000004, &apos;value&apos;: &apos;_&apos;, &apos;children&apos;: [], &apos;features&apos;: {}}, {&apos;type&apos;: &apos;text&apos;, &apos;bbox&apos;: (134.56, 87.91199999999999, 141.78, 101.392), &apos;color_space&apos;: &apos;DeviceGray&apos;, &apos;ncolor&apos;: None, &apos;size&apos;: 13.480000000000004, &apos;value&apos;: &apos;C&apos;, &apos;children&apos;: [], &apos;features&apos;: {}}, {&apos;type&apos;: &apos;text&apos;, &apos;bbox&apos;: (141.78, 87.91199999999999, 150.11, 101.392), &apos;color_space&apos;: &apos;DeviceGray&apos;, &apos;ncolor&apos;: None, &apos;size&apos;: 13.480000000000004, &apos;value&apos;: &apos;O&apos;, &apos;children&apos;: [], &apos;features&apos;: {}}, {&apos;type&apos;: &apos;text&apos;, &apos;bbox&apos;: (150.11, 87.91199999999999, 156.16000000000003, 101.392), &apos;color_space&apos;: &apos;DeviceGray&apos;, &apos;ncolor&apos;: None, &apos;size&apos;: 13.480000000000004, &apos;value&apos;: &apos;L&apos;, &apos;children&apos;: [], &apos;features&apos;: {}}, {&apos;type&apos;: &apos;text&apos;, &apos;bbox&apos;: (156.16, 87.91199999999999, 162.21, 101.392), &apos;color_space&apos;: &apos;DeviceGray&apos;, &apos;ncolor&apos;: None, &apos;size&apos;: 13.480000000000004, &apos;value&apos;: &apos;L&apos;, &apos;children&apos;: [], &apos;features&apos;: {}}, {&apos;type&apos;: &apos;text&apos;, &apos;bbox&apos;: (162.20999999999998, 87.91199999999999, 169.98, 101.392), &apos;color_space&apos;: &apos;DeviceGray&apos;, &apos;ncolor&apos;: None, &apos;size&apos;: 13.480000000000004, &apos;value&apos;: &apos;A&apos;, &apos;children&apos;: [], &apos;features&apos;: {}}, {&apos;type&apos;: &apos;text&apos;, &apos;bbox&apos;: (169.98, 87.91199999999999, 176.64, 101.392), &apos;color_space&apos;: &apos;DeviceGray&apos;, &apos;ncolor&apos;: None, &apos;size&apos;: 13.480000000000004, &apos;value&apos;: &apos;T&apos;, &apos;children&apos;: [], &apos;features&apos;: {}}, {&apos;type&apos;: &apos;text&apos;, &apos;bbox&apos;: (176.64, 87.91199999999999, 182.69, 101.392), &apos;color_space&apos;: &apos;DeviceGray&apos;, &apos;ncolor&apos;: None, &apos;size&apos;: 13.480000000000004, &apos;value&apos;: &apos;E&apos;, &apos;children&apos;: [], &apos;features&apos;: {}}, {&apos;type&apos;: &apos;text&apos;, &apos;bbox&apos;: (182.69, 87.91199999999999, 189.82, 101.392), &apos;color_space&apos;: &apos;DeviceGray&apos;, &apos;ncolor&apos;: None, &apos;size&apos;: 13.480000000000004, &apos;value&apos;: &apos;R&apos;, &apos;children&apos;: [], &apos;features&apos;: {}}, {&apos;type&apos;: &apos;text&apos;, &apos;bbox&apos;: (189.82, 87.91199999999999, 197.59, 101.392), &apos;color_space&apos;: &apos;DeviceGray&apos;, &apos;ncolor&apos;: None, &apos;size&apos;: 13.480000000000004, &apos;value&apos;: &apos;A&apos;, &apos;children&apos;: [], &apos;features&apos;: {}}, {&apos;type&apos;: &apos;text&apos;, &apos;bbox&apos;: (197.58999999999997, 87.91199999999999, 203.64, 101.392), &apos;color_space&apos;: &apos;DeviceGray&apos;, &apos;ncolor&apos;: None, &apos;size&apos;: 13.480000000000004, &apos;value&apos;: &apos;L&apos;, &apos;children&apos;: [], &apos;features&apos;: {}}, {&apos;type&apos;: &apos;text&apos;, &apos;bbox&apos;: (203.64, 87.91199999999999, 208.64, 101.392), &apos;color_space&apos;: &apos;DeviceGray&apos;, &apos;ncolor&apos;: None, &apos;size&apos;: 13.480000000000004, &apos;value&apos;: &apos;_&apos;, &apos;children&apos;: [], &apos;features&apos;: {}}, {&apos;type&apos;: &apos;text&apos;, &apos;bbox&apos;: (208.64, 87.91199999999999, 218.64, 101.392), &apos;color_space&apos;: &apos;DeviceGray&apos;, &apos;ncolor&apos;: None, &apos;size&apos;: 13.480000000000004, &apos;value&apos;: &apos;M&apos;, &apos;children&apos;: [], &apos;features&apos;: {}}, {&apos;type&apos;: &apos;text&apos;, &apos;bbox&apos;: (218.64, 87.91199999999999, 224.69, 101.392), &apos;color_space&apos;: &apos;DeviceGray&apos;, &apos;ncolor&apos;: None, &apos;size&apos;: 13.480000000000004, &apos;value&apos;: &apos;L&apos;, &apos;children&apos;: [], &apos;features&apos;: {}}, {&apos;type&apos;: &apos;text&apos;, &apos;bbox&apos;: (224.69, 87.91199999999999, 230.79, 101.392), &apos;color_space&apos;: &apos;DeviceGray&apos;, &apos;ncolor&apos;: None, &apos;size&apos;: 13.480000000000004, &apos;value&apos;: &apos;S&apos;, &apos;children&apos;: [], &apos;features&apos;: {}}, {&apos;type&apos;: &apos;text&apos;, &apos;bbox&apos;: (230.899, 88.643, 233.669, 101.93299999999999), &apos;color_space&apos;: &apos;DeviceGray&apos;, &apos;ncolor&apos;: None, &apos;size&apos;: 13.289999999999992, &apos;value&apos;: &apos;.&apos;, &apos;children&apos;: [], &apos;features&apos;: {}}, {&apos;type&apos;: &apos;text&apos;, &apos;bbox&apos;: (233.669, 88.643, 236.43900000000002, 101.93299999999999), &apos;color_space&apos;: &apos;DeviceGray&apos;, &apos;ncolor&apos;: None, &apos;size&apos;: 13.289999999999992, &apos;value&apos;: &apos;.&apos;, &apos;children&apos;: [], &apos;features&apos;: {}}, {&apos;type&apos;: &apos;text&apos;, &apos;bbox&apos;: (236.439, 88.643, 239.209, 101.93299999999999), &apos;color_space&apos;: &apos;DeviceGray&apos;, &apos;ncolor&apos;: None, &apos;size&apos;: 13.289999999999992, &apos;value&apos;: &apos;.&apos;, &apos;children&apos;: [], &apos;features&apos;: {}}, {&apos;type&apos;: &apos;text&apos;, &apos;bbox&apos;: (239.209, 88.643, 241.979, 101.93299999999999), &apos;color_space&apos;: &apos;DeviceGray&apos;, &apos;ncolor&apos;: None, &apos;size&apos;: 13.289999999999992, &apos;value&apos;: &apos;.&apos;, &apos;children&apos;: [], &apos;features&apos;: {}}, {&apos;type&apos;: &apos;text&apos;, &apos;bbox&apos;: (241.979, 88.643, 244.74900000000002, 101.93299999999999), &apos;color_space&apos;: &apos;DeviceGray&apos;, &apos;ncolor&apos;: None, &apos;size&apos;: 13.289999999999992, &apos;value&apos;: &apos;.&apos;, &apos;children&apos;: [], &apos;features&apos;: {}}, {&apos;type&apos;: &apos;text&apos;, &apos;bbox&apos;: (244.749, 88.643, 247.519, 101.93299999999999), &apos;color_space&apos;: &apos;DeviceGray&apos;, &apos;ncolor&apos;: None, &apos;size&apos;: 13.289999999999992, &apos;value&apos;: &apos;.&apos;, &apos;children&apos;: [], &apos;features&apos;: {}}, {&apos;type&apos;: &apos;text&apos;, &apos;bbox&apos;: (247.519, 88.643, 250.28900000000002, 101.93299999999999), &apos;color_space&apos;: &apos;DeviceGray&apos;, &apos;ncolor&apos;: None, &apos;size&apos;: 13.289999999999992, &apos;value&apos;: &apos;.&apos;, &apos;children&apos;: [], &apos;features&apos;: {}}, {&apos;type&apos;: &apos;text&apos;, &apos;bbox&apos;: (250.289, 88.643, 253.059, 101.93299999999999), &apos;color_space&apos;: &apos;DeviceGray&apos;, &apos;ncolor&apos;: None, &apos;size&apos;: 13.289999999999992, &apos;value&apos;: &apos;.&apos;, &apos;children&apos;: [], &apos;features&apos;: {}}, {&apos;type&apos;: &apos;text&apos;, &apos;bbox&apos;: (253.059, 88.643, 255.829, 101.93299999999999), &apos;color_space&apos;: &apos;DeviceGray&apos;, &apos;ncolor&apos;: None, &apos;size&apos;: 13.289999999999992, &apos;value&apos;: &apos;.&apos;, &apos;children&apos;: [], &apos;features&apos;: {}}, {&apos;type&apos;: &apos;text&apos;, &apos;bbox&apos;: (255.829, 88.643, 258.599, 101.93299999999999), &apos;color_space&apos;: &apos;DeviceGray&apos;, &apos;ncolor&apos;: None, &apos;size&apos;: 13.289999999999992, &apos;value&apos;: &apos;.&apos;, &apos;children&apos;: [], &apos;features&apos;: {}}, {&apos;type&apos;: &apos;text&apos;, &apos;bbox&apos;: (258.599, 88.643, 261.36899999999997, 101.93299999999999), &apos;color_space&apos;: &apos;DeviceGray&apos;, &apos;ncolor&apos;: None, &apos;size&apos;: 13.289999999999992, &apos;value&apos;: &apos;.&apos;, &apos;children&apos;: [], &apos;features&apos;: {}}, {&apos;type&apos;: &apos;text&apos;, &apos;bbox&apos;: (261.369, 88.643, 264.139, 101.93299999999999), &apos;color_space&apos;: &apos;DeviceGray&apos;, &apos;ncolor&apos;: None, &apos;size&apos;: 13.289999999999992, &apos;value&apos;: &apos;.&apos;, &apos;children&apos;: [], &apos;features&apos;: {}}, {&apos;type&apos;: &apos;text&apos;, &apos;bbox&apos;: (264.139, 88.643, 266.909, 101.93299999999999), &apos;color_space&apos;: &apos;DeviceGray&apos;, &apos;ncolor&apos;: None, &apos;size&apos;: 13.289999999999992, &apos;value&apos;: &apos;.&apos;, &apos;children&apos;: [], &apos;features&apos;: {}}, {&apos;type&apos;: &apos;text&apos;, &apos;bbox&apos;: (266.909, 88.643, 269.679, 101.93299999999999), &apos;color_space&apos;: &apos;DeviceGray&apos;, &apos;ncolor&apos;: None, &apos;size&apos;: 13.289999999999992, &apos;value&apos;: &apos;.&apos;, &apos;children&apos;: [], &apos;features&apos;: {}}, {&apos;type&apos;: &apos;text&apos;, &apos;bbox&apos;: (269.67900000000003, 88.643, 272.449, 101.93299999999999), &apos;color_space&apos;: &apos;DeviceGray&apos;, &apos;ncolor&apos;: None, &apos;size&apos;: 13.289999999999992, &apos;value&apos;: &apos;.&apos;, &apos;children&apos;: [], &apos;features&apos;: {}}, {&apos;type&apos;: &apos;text&apos;, &apos;bbox&apos;: (272.449, 88.643, 275.219, 101.93299999999999), &apos;color_space&apos;: &apos;DeviceGray&apos;, &apos;ncolor&apos;: None, &apos;size&apos;: 13.289999999999992, &apos;value&apos;: &apos;.&apos;, &apos;children&apos;: [], &apos;features&apos;: {}}, {&apos;type&apos;: &apos;text&apos;, &apos;bbox&apos;: (275.219, 88.643, 277.989, 101.93299999999999), &apos;color_space&apos;: &apos;DeviceGray&apos;, &apos;ncolor&apos;: None, &apos;size&apos;: 13.289999999999992, &apos;value&apos;: &apos;.&apos;, &apos;children&apos;: [], &apos;features&apos;: {}}, {&apos;type&apos;: &apos;text&apos;, &apos;bbox&apos;: (277.98900000000003, 88.643, 280.759, 101.93299999999999), &apos;color_space&apos;: &apos;DeviceGray&apos;, &apos;ncolor&apos;: None, &apos;size&apos;: 13.289999999999992, &apos;value&apos;: &apos;.&apos;, &apos;children&apos;: [], &apos;features&apos;: {}}, {&apos;type&apos;: &apos;text&apos;, &apos;bbox&apos;: (280.759, 88.643, 283.529, 101.93299999999999), &apos;color_space&apos;: &apos;DeviceGray&apos;, &apos;ncolor&apos;: None, &apos;size&apos;: 13.289999999999992, &apos;value&apos;: &apos;.&apos;, &apos;children&apos;: [], &apos;features&apos;: {}}, {&apos;type&apos;: &apos;text&apos;, &apos;bbox&apos;: (283.529, 88.643, 286.299, 101.93299999999999), &apos;color_space&apos;: &apos;DeviceGray&apos;, &apos;ncolor&apos;: None, &apos;size&apos;: 13.289999999999992, &apos;value&apos;: &apos;.&apos;, &apos;children&apos;: [], &apos;features&apos;: {}}, {&apos;type&apos;: &apos;text&apos;, &apos;bbox&apos;: (286.29900000000004, 88.643, 289.069, 101.93299999999999), &apos;color_space&apos;: &apos;DeviceGray&apos;, &apos;ncolor&apos;: None, &apos;size&apos;: 13.289999999999992, &apos;value&apos;: &apos;.&apos;, &apos;children&apos;: [], &apos;features&apos;: {}}, {&apos;type&apos;: &apos;text&apos;, &apos;bbox&apos;: (289.069, 88.643, 291.839, 101.93299999999999), &apos;color_space&apos;: &apos;DeviceGray&apos;, &apos;ncolor&apos;: None, &apos;size&apos;: 13.289999999999992, &apos;value&apos;: &apos;.&apos;, &apos;children&apos;: [], &apos;features&apos;: {}}, {&apos;type&apos;: &apos;text&apos;, &apos;bbox&apos;: (291.83900000000006, 88.643, 294.60900000000004, 101.93299999999999), &apos;color_space&apos;: &apos;DeviceGray&apos;, &apos;ncolor&apos;: None, &apos;size&apos;: 13.289999999999992, &apos;value&apos;: &apos;.&apos;, &apos;children&apos;: [], &apos;features&apos;: {}}, {&apos;type&apos;: &apos;text&apos;, &apos;bbox&apos;: (294.60900000000004, 88.643, 297.379, 101.93299999999999), &apos;color_space&apos;: &apos;DeviceGray&apos;, &apos;ncolor&apos;: None, &apos;size&apos;: 13.289999999999992, &apos;value&apos;: &apos;.&apos;, &apos;children&apos;: [], &apos;features&apos;: {}}, {&apos;type&apos;: &apos;text&apos;, &apos;bbox&apos;: (297.379, 88.643, 300.149, 101.93299999999999), &apos;color_space&apos;: &apos;DeviceGray&apos;, &apos;ncolor&apos;: None, &apos;size&apos;: 13.289999999999992, &apos;value&apos;: &apos;.&apos;, &apos;children&apos;: [], &apos;features&apos;: {}}, {&apos;type&apos;: &apos;text&apos;, &apos;bbox&apos;: (300.149, 88.643, 302.919, 101.93299999999999), &apos;color_space&apos;: &apos;DeviceGray&apos;, &apos;ncolor&apos;: None, &apos;size&apos;: 13.289999999999992, &apos;value&apos;: &apos;.&apos;, &apos;children&apos;: [], &apos;features&apos;: {}}, {&apos;type&apos;: &apos;text&apos;, &apos;bbox&apos;: (302.91900000000004, 88.643, 305.689, 101.93299999999999), &apos;color_space&apos;: &apos;DeviceGray&apos;, &apos;ncolor&apos;: None, &apos;size&apos;: 13.289999999999992, &apos;value&apos;: &apos;.&apos;, &apos;children&apos;: [], &apos;features&apos;: {}}, {&apos;type&apos;: &apos;text&apos;, &apos;bbox&apos;: (305.689, 88.643, 308.459, 101.93299999999999), &apos;color_space&apos;: &apos;DeviceGray&apos;, &apos;ncolor&apos;: None, &apos;size&apos;: 13.289999999999992, &apos;value&apos;: &apos;.&apos;, &apos;children&apos;: [], &apos;features&apos;: {}}, {&apos;type&apos;: &apos;text&apos;, &apos;bbox&apos;: (308.459, 88.643, 311.229, 101.93299999999999), &apos;color_space&apos;: &apos;DeviceGray&apos;, &apos;ncolor&apos;: None, &apos;size&apos;: 13.289999999999992, &apos;value&apos;: &apos;.&apos;, &apos;children&apos;: [], &apos;features&apos;: {}}, {&apos;type&apos;: &apos;text&apos;, &apos;bbox&apos;: (311.22900000000004, 88.643, 313.999, 101.93299999999999), &apos;color_space&apos;: &apos;DeviceGray&apos;, &apos;ncolor&apos;: None, &apos;size&apos;: 13.289999999999992, &apos;value&apos;: &apos;.&apos;, &apos;children&apos;: [], &apos;features&apos;: {}}, {&apos;type&apos;: &apos;text&apos;, &apos;bbox&apos;: (313.999, 88.643, 316.769, 101.93299999999999), &apos;color_space&apos;: &apos;DeviceGray&apos;, &apos;ncolor&apos;: None, &apos;size&apos;: 13.289999999999992, &apos;value&apos;: &apos;.&apos;, &apos;children&apos;: [], &apos;features&apos;: {}}, {&apos;type&apos;: &apos;text&apos;, &apos;bbox&apos;: (316.769, 88.643, 319.539, 101.93299999999999), &apos;color_space&apos;: &apos;DeviceGray&apos;, &apos;ncolor&apos;: None, &apos;size&apos;: 13.289999999999992, &apos;value&apos;: &apos;.&apos;, &apos;children&apos;: [], &apos;features&apos;: {}}, {&apos;type&apos;: &apos;text&apos;, &apos;bbox&apos;: (319.539, 88.643, 322.30899999999997, 101.93299999999999), &apos;color_space&apos;: &apos;DeviceGray&apos;, &apos;ncolor&apos;: None, &apos;size&apos;: 13.289999999999992, &apos;value&apos;: &apos;.&apos;, &apos;children&apos;: [], &apos;features&apos;: {}}, {&apos;type&apos;: &apos;text&apos;, &apos;bbox&apos;: (322.30899999999997, 88.643, 325.07899999999995, 101.93299999999999), &apos;color_space&apos;: &apos;DeviceGray&apos;, &apos;ncolor&apos;: None, &apos;size&apos;: 13.289999999999992, &apos;value&apos;: &apos;.&apos;, &apos;children&apos;: [], &apos;features&apos;: {}}, {&apos;type&apos;: &apos;text&apos;, &apos;bbox&apos;: (325.079, 88.643, 327.849, 101.93299999999999), &apos;color_space&apos;: &apos;DeviceGray&apos;, &apos;ncolor&apos;: None, &apos;size&apos;: 13.289999999999992, &apos;value&apos;: &apos;.&apos;, &apos;children&apos;: [], &apos;features&apos;: {}}, {&apos;type&apos;: &apos;text&apos;, &apos;bbox&apos;: (327.849, 88.643, 330.61899999999997, 101.93299999999999), &apos;color_space&apos;: &apos;DeviceGray&apos;, &apos;ncolor&apos;: None, &apos;size&apos;: 13.289999999999992, &apos;value&apos;: &apos;.&apos;, &apos;children&apos;: [], &apos;features&apos;: {}}, {&apos;type&apos;: &apos;text&apos;, &apos;bbox&apos;: (330.61899999999997, 88.643, 333.38899999999995, 101.93299999999999), &apos;color_space&apos;: &apos;DeviceGray&apos;, &apos;ncolor&apos;: None, &apos;size&apos;: 13.289999999999992, &apos;value&apos;: &apos;.&apos;, &apos;children&apos;: [], &apos;features&apos;: {}}, {&apos;type&apos;: &apos;text&apos;, &apos;bbox&apos;: (333.389, 88.643, 336.159, 101.93299999999999), &apos;color_space&apos;: &apos;DeviceGray&apos;, &apos;ncolor&apos;: None, &apos;size&apos;: 13.289999999999992, &apos;value&apos;: &apos;.&apos;, &apos;children&apos;: [], &apos;features&apos;: {}}, {&apos;type&apos;: &apos;text&apos;, &apos;bbox&apos;: (336.159, 88.643, 338.929, 101.93299999999999), &apos;color_space&apos;: &apos;DeviceGray&apos;, &apos;ncolor&apos;: None, &apos;size&apos;: 13.289999999999992, &apos;value&apos;: &apos;.&apos;, &apos;children&apos;: [], &apos;features&apos;: {}}, {&apos;type&apos;: &apos;text&apos;, &apos;bbox&apos;: (338.929, 88.643, 341.69899999999996, 101.93299999999999), &apos;color_space&apos;: &apos;DeviceGray&apos;, &apos;ncolor&apos;: None, &apos;size&apos;: 13.289999999999992, &apos;value&apos;: &apos;.&apos;, &apos;children&apos;: [], &apos;features&apos;: {}}, {&apos;type&apos;: &apos;text&apos;, &apos;bbox&apos;: (341.69899999999996, 88.643, 344.46899999999994, 101.93299999999999), &apos;color_space&apos;: &apos;DeviceGray&apos;, &apos;ncolor&apos;: None, &apos;size&apos;: 13.289999999999992, &apos;value&apos;: &apos;.&apos;, &apos;children&apos;: [], &apos;features&apos;: {}}, {&apos;type&apos;: &apos;text&apos;, &apos;bbox&apos;: (344.46899999999994, 88.643, 347.2389999999999, 101.93299999999999), &apos;color_space&apos;: &apos;DeviceGray&apos;, &apos;ncolor&apos;: None, &apos;size&apos;: 13.289999999999992, &apos;value&apos;: &apos;.&apos;, &apos;children&apos;: [], &apos;features&apos;: {}}, {&apos;type&apos;: &apos;text&apos;, &apos;bbox&apos;: (347.239, 88.643, 350.00899999999996, 101.93299999999999), &apos;color_space&apos;: &apos;DeviceGray&apos;, &apos;ncolor&apos;: None, &apos;size&apos;: 13.289999999999992, &apos;value&apos;: &apos;.&apos;, &apos;children&apos;: [], &apos;features&apos;: {}}, {&apos;type&apos;: &apos;text&apos;, &apos;bbox&apos;: (350.00899999999996, 88.643, 352.77899999999994, 101.93299999999999), &apos;color_space&apos;: &apos;DeviceGray&apos;, &apos;ncolor&apos;: None, &apos;size&apos;: 13.289999999999992, &apos;value&apos;: &apos;.&apos;, &apos;children&apos;: [], &apos;features&apos;: {}}, {&apos;type&apos;: &apos;text&apos;, &apos;bbox&apos;: (352.77899999999994, 88.643, 355.5489999999999, 101.93299999999999), &apos;color_space&apos;: &apos;DeviceGray&apos;, &apos;ncolor&apos;: None, &apos;size&apos;: 13.289999999999992, &apos;value&apos;: &apos;.&apos;, &apos;children&apos;: [], &apos;features&apos;: {}}, {&apos;type&apos;: &apos;text&apos;, &apos;bbox&apos;: (355.549, 88.643, 358.31899999999996, 101.93299999999999), &apos;color_space&apos;: &apos;DeviceGray&apos;, &apos;ncolor&apos;: None, &apos;size&apos;: 13.289999999999992, &apos;value&apos;: &apos;.&apos;, &apos;children&apos;: [], &apos;features&apos;: {}}, {&apos;type&apos;: &apos;text&apos;, &apos;bbox&apos;: (358.31899999999996, 88.643, 361.08899999999994, 101.93299999999999), &apos;color_space&apos;: &apos;DeviceGray&apos;, &apos;ncolor&apos;: None, &apos;size&apos;: 13.289999999999992, &apos;value&apos;: &apos;.&apos;, &apos;children&apos;: [], &apos;features&apos;: {}}, {&apos;type&apos;: &apos;text&apos;, &apos;bbox&apos;: (361.08899999999994, 88.643, 363.8589999999999, 101.93299999999999), &apos;color_space&apos;: &apos;DeviceGray&apos;, &apos;ncolor&apos;: None, &apos;size&apos;: 13.289999999999992, &apos;value&apos;: &apos;.&apos;, &apos;children&apos;: [], &apos;features&apos;: {}}, {&apos;type&apos;: &apos;text&apos;, &apos;bbox&apos;: (363.8589999999999, 88.643, 366.6289999999999, 101.93299999999999), &apos;color_space&apos;: &apos;DeviceGray&apos;, &apos;ncolor&apos;: None, &apos;size&apos;: 13.289999999999992, &apos;value&apos;: &apos;.&apos;, &apos;children&apos;: [], &apos;features&apos;: {}}, {&apos;type&apos;: &apos;text&apos;, &apos;bbox&apos;: (366.62899999999996, 88.643, 369.39899999999994, 101.93299999999999), &apos;color_space&apos;: &apos;DeviceGray&apos;, &apos;ncolor&apos;: None, &apos;size&apos;: 13.289999999999992, &apos;value&apos;: &apos;.&apos;, &apos;children&apos;: [], &apos;features&apos;: {}}, {&apos;type&apos;: &apos;text&apos;, &apos;bbox&apos;: (369.399, 88.643, 372.169, 101.93299999999999), &apos;color_space&apos;: &apos;DeviceGray&apos;, &apos;ncolor&apos;: None, &apos;size&apos;: 13.289999999999992, &apos;value&apos;: &apos;.&apos;, &apos;children&apos;: [], &apos;features&apos;: {}}, {&apos;type&apos;: &apos;text&apos;, &apos;bbox&apos;: (372.169, 88.643, 374.93899999999996, 101.93299999999999), &apos;color_space&apos;: &apos;DeviceGray&apos;, &apos;ncolor&apos;: None, &apos;size&apos;: 13.289999999999992, &apos;value&apos;: &apos;.&apos;, &apos;children&apos;: [], &apos;features&apos;: {}}, {&apos;type&apos;: &apos;text&apos;, &apos;bbox&apos;: (374.93899999999996, 88.643, 377.70899999999995, 101.93299999999999), &apos;color_space&apos;: &apos;DeviceGray&apos;, &apos;ncolor&apos;: None, &apos;size&apos;: 13.289999999999992, &apos;value&apos;: &apos;.&apos;, &apos;children&apos;: [], &apos;features&apos;: {}}, {&apos;type&apos;: &apos;text&apos;, &apos;bbox&apos;: (377.709, 88.643, 380.479, 101.93299999999999), &apos;color_space&apos;: &apos;DeviceGray&apos;, &apos;ncolor&apos;: None, &apos;size&apos;: 13.289999999999992, &apos;value&apos;: &apos;.&apos;, &apos;children&apos;: [], &apos;features&apos;: {}}, {&apos;type&apos;: &apos;text&apos;, &apos;bbox&apos;: (380.47900000000004, 88.643, 383.249, 101.93299999999999), &apos;color_space&apos;: &apos;DeviceGray&apos;, &apos;ncolor&apos;: None, &apos;size&apos;: 13.289999999999992, &apos;value&apos;: &apos;.&apos;, &apos;children&apos;: [], &apos;features&apos;: {}}, {&apos;type&apos;: &apos;text&apos;, &apos;bbox&apos;: (383.249, 88.643, 386.019, 101.93299999999999), &apos;color_space&apos;: &apos;DeviceGray&apos;, &apos;ncolor&apos;: None, &apos;size&apos;: 13.289999999999992, &apos;value&apos;: &apos;.&apos;, &apos;children&apos;: [], &apos;features&apos;: {}}, {&apos;type&apos;: &apos;text&apos;, &apos;bbox&apos;: (386.019, 88.643, 388.789, 101.93299999999999), &apos;color_space&apos;: &apos;DeviceGray&apos;, &apos;ncolor&apos;: None, &apos;size&apos;: 13.289999999999992, &apos;value&apos;: &apos;.&apos;, &apos;children&apos;: [], &apos;features&apos;: {}}, {&apos;type&apos;: &apos;text&apos;, &apos;bbox&apos;: (388.78900000000004, 88.643, 391.559, 101.93299999999999), &apos;color_space&apos;: &apos;DeviceGray&apos;, &apos;ncolor&apos;: None, &apos;size&apos;: 13.289999999999992, &apos;value&apos;: &apos;.&apos;, &apos;children&apos;: [], &apos;features&apos;: {}}, {&apos;type&apos;: &apos;text&apos;, &apos;bbox&apos;: (391.5590000000001, 88.643, 394.32900000000006, 101.93299999999999), &apos;color_space&apos;: &apos;DeviceGray&apos;, &apos;ncolor&apos;: None, &apos;size&apos;: 13.289999999999992, &apos;value&apos;: &apos;.&apos;, &apos;children&apos;: [], &apos;features&apos;: {}}, {&apos;type&apos;: &apos;text&apos;, &apos;bbox&apos;: (394.32900000000006, 88.643, 397.09900000000005, 101.93299999999999), &apos;color_space&apos;: &apos;DeviceGray&apos;, &apos;ncolor&apos;: None, &apos;size&apos;: 13.289999999999992, &apos;value&apos;: &apos;.&apos;, &apos;children&apos;: [], &apos;features&apos;: {}}, {&apos;type&apos;: &apos;text&apos;, &apos;bbox&apos;: (397.09900000000005, 88.643, 399.869, 101.93299999999999), &apos;color_space&apos;: &apos;DeviceGray&apos;, &apos;ncolor&apos;: None, &apos;size&apos;: 13.289999999999992, &apos;value&apos;: &apos;.&apos;, &apos;children&apos;: [], &apos;features&apos;: {}}, {&apos;type&apos;: &apos;text&apos;, &apos;bbox&apos;: (399.8690000000001, 88.643, 402.63900000000007, 101.93299999999999), &apos;color_space&apos;: &apos;DeviceGray&apos;, &apos;ncolor&apos;: None, &apos;size&apos;: 13.289999999999992, &apos;value&apos;: &apos;.&apos;, &apos;children&apos;: [], &apos;features&apos;: {}}, {&apos;type&apos;: &apos;text&apos;, &apos;bbox&apos;: (402.6390000000001, 88.643, 405.4090000000001, 101.93299999999999), &apos;color_space&apos;: &apos;DeviceGray&apos;, &apos;ncolor&apos;: None, &apos;size&apos;: 13.289999999999992, &apos;value&apos;: &apos;.&apos;, &apos;children&apos;: [], &apos;features&apos;: {}}, {&apos;type&apos;: &apos;text&apos;, &apos;bbox&apos;: (405.4090000000001, 88.643, 408.1790000000001, 101.93299999999999), &apos;color_space&apos;: &apos;DeviceGray&apos;, &apos;ncolor&apos;: None, &apos;size&apos;: 13.289999999999992, &apos;value&apos;: &apos;.&apos;, &apos;children&apos;: [], &apos;features&apos;: {}}, {&apos;type&apos;: &apos;text&apos;, &apos;bbox&apos;: (408.1790000000001, 88.643, 410.94900000000007, 101.93299999999999), &apos;color_space&apos;: &apos;DeviceGray&apos;, &apos;ncolor&apos;: None, &apos;size&apos;: 13.289999999999992, &apos;value&apos;: &apos;.&apos;, &apos;children&apos;: [], &apos;features&apos;: {}}, {&apos;type&apos;: &apos;text&apos;, &apos;bbox&apos;: (410.9490000000001, 88.643, 413.7190000000001, 101.93299999999999), &apos;color_space&apos;: &apos;DeviceGray&apos;, &apos;ncolor&apos;: None, &apos;size&apos;: 13.289999999999992, &apos;value&apos;: &apos;.&apos;, &apos;children&apos;: [], &apos;features&apos;: {}}, {&apos;type&apos;: &apos;text&apos;, &apos;bbox&apos;: (413.71900000000016, 88.643, 416.48900000000015, 101.93299999999999), &apos;color_space&apos;: &apos;DeviceGray&apos;, &apos;ncolor&apos;: None, &apos;size&apos;: 13.289999999999992, &apos;value&apos;: &apos;.&apos;, &apos;children&apos;: [], &apos;features&apos;: {}}, {&apos;type&apos;: &apos;text&apos;, &apos;bbox&apos;: (416.48900000000015, 88.643, 419.2590000000001, 101.93299999999999), &apos;color_space&apos;: &apos;DeviceGray&apos;, &apos;ncolor&apos;: None, &apos;size&apos;: 13.289999999999992, &apos;value&apos;: &apos;.&apos;, &apos;children&apos;: [], &apos;features&apos;: {}}, {&apos;type&apos;: &apos;text&apos;, &apos;bbox&apos;: (419.2590000000001, 88.643, 422.0290000000001, 101.93299999999999), &apos;color_space&apos;: &apos;DeviceGray&apos;, &apos;ncolor&apos;: None, &apos;size&apos;: 13.289999999999992, &apos;value&apos;: &apos;.&apos;, &apos;children&apos;: [], &apos;features&apos;: {}}, {&apos;type&apos;: &apos;text&apos;, &apos;bbox&apos;: (422.02900000000017, 88.643, 424.79900000000015, 101.93299999999999), &apos;color_space&apos;: &apos;DeviceGray&apos;, &apos;ncolor&apos;: None, &apos;size&apos;: 13.289999999999992, &apos;value&apos;: &apos;.&apos;, &apos;children&apos;: [], &apos;features&apos;: {}}, {&apos;type&apos;: &apos;text&apos;, &apos;bbox&apos;: (424.7990000000002, 88.643, 427.5690000000002, 101.93299999999999), &apos;color_space&apos;: &apos;DeviceGray&apos;, &apos;ncolor&apos;: None, &apos;size&apos;: 13.289999999999992, &apos;value&apos;: &apos;.&apos;, &apos;children&apos;: [], &apos;features&apos;: {}}, {&apos;type&apos;: &apos;text&apos;, &apos;bbox&apos;: (427.5690000000002, 88.643, 430.33900000000017, 101.93299999999999), &apos;color_space&apos;: &apos;DeviceGray&apos;, &apos;ncolor&apos;: None, &apos;size&apos;: 13.289999999999992, &apos;value&apos;: &apos;.&apos;, &apos;children&apos;: [], &apos;features&apos;: {}}, {&apos;type&apos;: &apos;text&apos;, &apos;bbox&apos;: (430.33900000000017, 88.643, 433.10900000000015, 101.93299999999999), &apos;color_space&apos;: &apos;DeviceGray&apos;, &apos;ncolor&apos;: None, &apos;size&apos;: 13.289999999999992, &apos;value&apos;: &apos;.&apos;, &apos;children&apos;: [], &apos;features&apos;: {}}, {&apos;type&apos;: &apos;text&apos;, &apos;bbox&apos;: (433.1090000000002, 88.643, 435.8790000000002, 101.93299999999999), &apos;color_space&apos;: &apos;DeviceGray&apos;, &apos;ncolor&apos;: None, &apos;size&apos;: 13.289999999999992, &apos;value&apos;: &apos;.&apos;, &apos;children&apos;: [], &apos;features&apos;: {}}, {&apos;type&apos;: &apos;text&apos;, &apos;bbox&apos;: (435.87900000000025, 88.643, 438.6490000000002, 101.93299999999999), &apos;color_space&apos;: &apos;DeviceGray&apos;, &apos;ncolor&apos;: None, &apos;size&apos;: 13.289999999999992, &apos;value&apos;: &apos;.&apos;, &apos;children&apos;: [], &apos;features&apos;: {}}, {&apos;type&apos;: &apos;text&apos;, &apos;bbox&apos;: (438.6490000000002, 88.643, 441.4190000000002, 101.93299999999999), &apos;color_space&apos;: &apos;DeviceGray&apos;, &apos;ncolor&apos;: None, &apos;size&apos;: 13.289999999999992, &apos;value&apos;: &apos;.&apos;, &apos;children&apos;: [], &apos;features&apos;: {}}, {&apos;type&apos;: &apos;text&apos;, &apos;bbox&apos;: (441.4190000000002, 88.643, 444.1890000000002, 101.93299999999999), &apos;color_space&apos;: &apos;DeviceGray&apos;, &apos;ncolor&apos;: None, &apos;size&apos;: 13.289999999999992, &apos;value&apos;: &apos;.&apos;, &apos;children&apos;: [], &apos;features&apos;: {}}, {&apos;type&apos;: &apos;text&apos;, &apos;bbox&apos;: (444.18900000000025, 88.643, 446.95900000000023, 101.93299999999999), &apos;color_space&apos;: &apos;DeviceGray&apos;, &apos;ncolor&apos;: None, &apos;size&apos;: 13.289999999999992, &apos;value&apos;: &apos;.&apos;, &apos;children&apos;: [], &apos;features&apos;: {}}, {&apos;type&apos;: &apos;text&apos;, &apos;bbox&apos;: (446.9590000000003, 88.643, 449.72900000000027, 101.93299999999999), &apos;color_space&apos;: &apos;DeviceGray&apos;, &apos;ncolor&apos;: None, &apos;size&apos;: 13.289999999999992, &apos;value&apos;: &apos;.&apos;, &apos;children&apos;: [], &apos;features&apos;: {}}, {&apos;type&apos;: &apos;text&apos;, &apos;bbox&apos;: (449.72900000000027, 88.643, 452.49900000000025, 101.93299999999999), &apos;color_space&apos;: &apos;DeviceGray&apos;, &apos;ncolor&apos;: None, &apos;size&apos;: 13.289999999999992, &apos;value&apos;: &apos;.&apos;, &apos;children&apos;: [], &apos;features&apos;: {}}, {&apos;type&apos;: &apos;text&apos;, &apos;bbox&apos;: (452.49900000000025, 88.643, 455.26900000000023, 101.93299999999999), &apos;color_space&apos;: &apos;DeviceGray&apos;, &apos;ncolor&apos;: None, &apos;size&apos;: 13.289999999999992, &apos;value&apos;: &apos;.&apos;, &apos;children&apos;: [], &apos;features&apos;: {}}, {&apos;type&apos;: &apos;text&apos;, &apos;bbox&apos;: (455.2690000000003, 88.643, 458.03900000000027, 101.93299999999999), &apos;color_space&apos;: &apos;DeviceGray&apos;, &apos;ncolor&apos;: None, &apos;size&apos;: 13.289999999999992, &apos;value&apos;: &apos;.&apos;, &apos;children&apos;: [], &apos;features&apos;: {}}, {&apos;type&apos;: &apos;text&apos;, &apos;bbox&apos;: (458.0390000000003, 88.643, 460.8090000000003, 101.93299999999999), &apos;color_space&apos;: &apos;DeviceGray&apos;, &apos;ncolor&apos;: None, &apos;size&apos;: 13.289999999999992, &apos;value&apos;: &apos;.&apos;, &apos;children&apos;: [], &apos;features&apos;: {}}, {&apos;type&apos;: &apos;text&apos;, &apos;bbox&apos;: (460.8090000000003, 88.643, 463.5790000000003, 101.93299999999999), &apos;color_space&apos;: &apos;DeviceGray&apos;, &apos;ncolor&apos;: None, &apos;size&apos;: 13.289999999999992, &apos;value&apos;: &apos;.&apos;, &apos;children&apos;: [], &apos;features&apos;: {}}, {&apos;type&apos;: &apos;text&apos;, &apos;bbox&apos;: (463.5790000000003, 88.643, 466.3490000000003, 101.93299999999999), &apos;color_space&apos;: &apos;DeviceGray&apos;, &apos;ncolor&apos;: None, &apos;size&apos;: 13.289999999999992, &apos;value&apos;: &apos;.&apos;, &apos;children&apos;: [], &apos;features&apos;: {}}, {&apos;type&apos;: &apos;text&apos;, &apos;bbox&apos;: (466.34900000000033, 88.643, 469.1190000000003, 101.93299999999999), &apos;color_space&apos;: &apos;DeviceGray&apos;, &apos;ncolor&apos;: None, &apos;size&apos;: 13.289999999999992, &apos;value&apos;: &apos;.&apos;, &apos;children&apos;: [], &apos;features&apos;: {}}, {&apos;type&apos;: &apos;text&apos;, &apos;bbox&apos;: (469.11900000000037, 88.643, 471.88900000000035, 101.93299999999999), &apos;color_space&apos;: &apos;DeviceGray&apos;, &apos;ncolor&apos;: None, &apos;size&apos;: 13.289999999999992, &apos;value&apos;: &apos;.&apos;, &apos;children&apos;: [], &apos;features&apos;: {}}, {&apos;type&apos;: &apos;text&apos;, &apos;bbox&apos;: (471.88900000000035, 88.643, 474.65900000000033, 101.93299999999999), &apos;color_space&apos;: &apos;DeviceGray&apos;, &apos;ncolor&apos;: None, &apos;size&apos;: 13.289999999999992, &apos;value&apos;: &apos;.&apos;, &apos;children&apos;: [], &apos;features&apos;: {}}, {&apos;type&apos;: &apos;text&apos;, &apos;bbox&apos;: (474.65900000000033, 88.643, 477.4290000000003, 101.93299999999999), &apos;color_space&apos;: &apos;DeviceGray&apos;, &apos;ncolor&apos;: None, &apos;size&apos;: 13.289999999999992, &apos;value&apos;: &apos;.&apos;, &apos;children&apos;: [], &apos;features&apos;: {}}, {&apos;type&apos;: &apos;text&apos;, &apos;bbox&apos;: (477.42900000000037, 88.643, 480.19900000000035, 101.93299999999999), &apos;color_space&apos;: &apos;DeviceGray&apos;, &apos;ncolor&apos;: None, &apos;size&apos;: 13.289999999999992, &apos;value&apos;: &apos;.&apos;, &apos;children&apos;: [], &apos;features&apos;: {}}, {&apos;type&apos;: &apos;text&apos;, &apos;bbox&apos;: (480.1990000000004, 88.643, 482.9690000000004, 101.93299999999999), &apos;color_space&apos;: &apos;DeviceGray&apos;, &apos;ncolor&apos;: None, &apos;size&apos;: 13.289999999999992, &apos;value&apos;: &apos;.&apos;, &apos;children&apos;: [], &apos;features&apos;: {}}, {&apos;type&apos;: &apos;text&apos;, &apos;bbox&apos;: (482.9690000000004, 88.643, 485.7390000000004, 101.93299999999999), &apos;color_space&apos;: &apos;DeviceGray&apos;, &apos;ncolor&apos;: None, &apos;size&apos;: 13.289999999999992, &apos;value&apos;: &apos;.&apos;, &apos;children&apos;: [], &apos;features&apos;: {}}, {&apos;type&apos;: &apos;text&apos;, &apos;bbox&apos;: (485.7390000000004, 88.643, 488.50900000000036, 101.93299999999999), &apos;color_space&apos;: &apos;DeviceGray&apos;, &apos;ncolor&apos;: None, &apos;size&apos;: 13.289999999999992, &apos;value&apos;: &apos;.&apos;, &apos;children&apos;: [], &apos;features&apos;: {}}, {&apos;type&apos;: &apos;text&apos;, &apos;bbox&apos;: (488.5090000000004, 88.643, 491.2790000000004, 101.93299999999999), &apos;color_space&apos;: &apos;DeviceGray&apos;, &apos;ncolor&apos;: None, &apos;size&apos;: 13.289999999999992, &apos;value&apos;: &apos;.&apos;, &apos;children&apos;: [], &apos;features&apos;: {}}, {&apos;type&apos;: &apos;text&apos;, &apos;bbox&apos;: (491.2790000000004, 88.643, 494.0490000000004, 101.93299999999999), &apos;color_space&apos;: &apos;DeviceGray&apos;, &apos;ncolor&apos;: None, &apos;size&apos;: 13.289999999999992, &apos;value&apos;: &apos;.&apos;, &apos;children&apos;: [], &apos;features&apos;: {}}, {&apos;type&apos;: &apos;text&apos;, &apos;bbox&apos;: (494.0490000000004, 88.643, 496.81900000000036, 101.93299999999999), &apos;color_space&apos;: &apos;DeviceGray&apos;, &apos;ncolor&apos;: None, &apos;size&apos;: 13.289999999999992, &apos;value&apos;: &apos;.&apos;, &apos;children&apos;: [], &apos;features&apos;: {}}, {&apos;type&apos;: &apos;text&apos;, &apos;bbox&apos;: (496.81900000000036, 88.643, 499.58900000000034, 101.93299999999999), &apos;color_space&apos;: &apos;DeviceGray&apos;, &apos;ncolor&apos;: None, &apos;size&apos;: 13.289999999999992, &apos;value&apos;: &apos;.&apos;, &apos;children&apos;: [], &apos;features&apos;: {}}, {&apos;type&apos;: &apos;text&apos;, &apos;bbox&apos;: (499.58900000000034, 88.643, 502.3590000000003, 101.93299999999999), &apos;color_space&apos;: &apos;DeviceGray&apos;, &apos;ncolor&apos;: None, &apos;size&apos;: 13.289999999999992, &apos;value&apos;: &apos;.&apos;, &apos;children&apos;: [], &apos;features&apos;: {}}, {&apos;type&apos;: &apos;text&apos;, &apos;bbox&apos;: (502.3590000000003, 88.643, 505.1290000000003, 101.93299999999999), &apos;color_space&apos;: &apos;DeviceGray&apos;, &apos;ncolor&apos;: None, &apos;size&apos;: 13.289999999999992, &apos;value&apos;: &apos;.&apos;, &apos;children&apos;: [], &apos;features&apos;: {}}, {&apos;type&apos;: &apos;text&apos;, &apos;bbox&apos;: (505.1290000000003, 88.643, 507.8990000000003, 101.93299999999999), &apos;color_space&apos;: &apos;DeviceGray&apos;, &apos;ncolor&apos;: None, &apos;size&apos;: 13.289999999999992, &apos;value&apos;: &apos;.&apos;, &apos;children&apos;: [], &apos;features&apos;: {}}, {&apos;type&apos;: &apos;text&apos;, &apos;bbox&apos;: (507.8990000000003, 88.643, 510.66900000000027, 101.93299999999999), &apos;color_space&apos;: &apos;DeviceGray&apos;, &apos;ncolor&apos;: None, &apos;size&apos;: 13.289999999999992, &apos;value&apos;: &apos;.&apos;, &apos;children&apos;: [], &apos;features&apos;: {}}, {&apos;type&apos;: &apos;text&apos;, &apos;bbox&apos;: (510.66900000000027, 88.643, 513.4390000000003, 101.93299999999999), &apos;color_space&apos;: &apos;DeviceGray&apos;, &apos;ncolor&apos;: None, &apos;size&apos;: 13.289999999999992, &apos;value&apos;: &apos;.&apos;, &apos;children&apos;: [], &apos;features&apos;: {}}, {&apos;type&apos;: &apos;text&apos;, &apos;bbox&apos;: (513.4390000000003, 88.643, 516.2090000000003, 101.93299999999999), &apos;color_space&apos;: &apos;DeviceGray&apos;, &apos;ncolor&apos;: None, &apos;size&apos;: 13.289999999999992, &apos;value&apos;: &apos;.&apos;, &apos;children&apos;: [], &apos;features&apos;: {}}, {&apos;type&apos;: &apos;text&apos;, &apos;bbox&apos;: (516.2090000000003, 88.643, 518.9790000000003, 101.93299999999999), &apos;color_space&apos;: &apos;DeviceGray&apos;, &apos;ncolor&apos;: None, &apos;size&apos;: 13.289999999999992, &apos;value&apos;: &apos;.&apos;, &apos;children&apos;: [], &apos;features&apos;: {}}, {&apos;type&apos;: &apos;text&apos;, &apos;bbox&apos;: (519.986, 88.643, 525.5459999999999, 101.93299999999999), &apos;color_space&apos;: &apos;DeviceGray&apos;, &apos;ncolor&apos;: None, &apos;size&apos;: 13.289999999999992, &apos;value&apos;: &apos;1&apos;, &apos;children&apos;: [], &apos;features&apos;: {}}, {&apos;type&apos;: &apos;text&apos;, &apos;bbox&apos;: (525.5459999999999, 88.643, 531.1059999999999, 101.93299999999999), &apos;color_space&apos;: &apos;DeviceGray&apos;, &apos;ncolor&apos;: None, &apos;size&apos;: 13.289999999999992, &apos;value&apos;: &apos;0&apos;, &apos;children&apos;: [], &apos;features&apos;: {}}, {&apos;type&apos;: &apos;text&apos;, &apos;bbox&apos;: (531.106, 88.643, 534.436, 101.93299999999999), &apos;color_space&apos;: &apos;DeviceGray&apos;, &apos;ncolor&apos;: None, &apos;size&apos;: 13.289999999999992, &apos;value&apos;: &apos;-&apos;, &apos;children&apos;: [], &apos;features&apos;: {}}, {&apos;type&apos;: &apos;text&apos;, &apos;bbox&apos;: (534.439, 88.643, 539.9989999999999, 101.93299999999999), &apos;color_space&apos;: &apos;DeviceGray&apos;, &apos;ncolor&apos;: None, &apos;size&apos;: 13.289999999999992, &apos;value&apos;: &apos;1&apos;, &apos;children&apos;: [], &apos;features&apos;: {}}], &apos;features&apos;: {}}
*********************





</system-out></testcase></testsuite>