<?xml version="1.0" encoding="utf-8"?><testsuite errors="0" failures="0" name="pytest" skips="0" tests="0" time="741.233"><testcase time="0.0007758140563964844"></testcase></testsuite>