<<<<<<< HEAD
<?xml version="1.0" encoding="utf-8"?><testsuite errors="0" failures="0" name="pytest" skips="0" tests="1" time="13.853"><testcase classname="tests.basic_parse_test" file="tests/basic_parse_test.py" line="156" name="test_prospectus" time="13.364786863327026"><system-out>Parsing PDF /Users/audodds/src/hohonu/padhana/tests/../test_documents/FRS189 Pricing Supplement 20190301.pdf
--------------------------------- NEW PAGE --------------------------------
--------------------------------- CONTENT AREA --------------------------------- 
This content area has an image
{&apos;type&apos;: &apos;figure&apos;, &apos;bbox&apos;: (174.25, 648.02, 420.95, 734.87), &apos;name&apos;: &apos;Image11&apos;, &apos;children&apos;: [{&apos;type&apos;: &apos;image&apos;, &apos;height&apos;: 86.85000000000002, &apos;width&apos;: 246.7, &apos;value&apos;: &apos;data:image/jpeg;base64,/9j/4AAQSkZJRgABAQEA3ADcAAD/2wBDAAgGBgcGBQgHBwcJCQgKDBQNDAsLDBkSEw8UHRofHh0aHBwgJC4nICIsIxwcKDcpLDAxNDQ0Hyc5PTgyPC4zNDL/2wBDAQkJCQwLDBgNDRgyIRwhMjIyMjIyMjIyMjIyMjIyMjIyMjIyMjIyMjIyMjIyMjIyMjIyMjIyMjIyMjIyMjIyMjL/wAARCAELAvcDASIAAhEBAxEB/8QAHwAAAQUBAQEBAQEAAAAAAAAAAAECAwQFBgcICQoL/8QAtRAAAgEDAwIEAwUFBAQAAAF9AQIDAAQRBRIhMUEGE1FhByJxFDKBkaEII0KxwRVS0fAkM2JyggkKFhcYGRolJicoKSo0NTY3ODk6Q0RFRkdISUpTVFVWV1hZWmNkZWZnaGlqc3R1dnd4eXqDhIWGh4iJipKTlJWWl5iZmqKjpKWmp6ipqrKztLW2t7i5usLDxMXGx8jJytLT1NXW19jZ2uHi4+Tl5ufo6erx8vP09fb3+Pn6/8QAHwEAAwEBAQEBAQEBAQAAAAAAAAECAwQFBgcICQoL/8QAtREAAgECBAQDBAcFBAQAAQJ3AAECAxEEBSExBhJBUQdhcRMiMoEIFEKRobHBCSMzUvAVYnLRChYkNOEl8RcYGRomJygpKjU2Nzg5OkNERUZHSElKU1RVVldYWVpjZGVmZ2hpanN0dXZ3eHl6goOEhYaHiImKkpOUlZaXmJmaoqOkpaanqKmqsrO0tba3uLm6wsPExcbHyMnK0tPU1dbX2Nna4uPk5ebn6Onq8vP09fb3+Pn6/9oADAMBAAIRAxEAPwD36iiikMKKKKACiiigAooooAKKKKACiiigAooooAKKKKACiiigAooooAKKKKACiiigAooooAKKKKACiiigAooooAKKKKACiiigAooooAKKKKACiiigAooooAKKKKACiiigAooooAKKKKACiiigAooooAKKKKACiiigAooooAKKKKACiiigAooooAKKKKACiiigAooooAKKKKACiiigAooooAKKKKACiiigAooooAKKKKACiiigAooooAKKKKACiiigAooooAKKKKACiiigAooooAKKKKACiiigAooooAKKKKACiiigAooooAKKKKACiiigAooooAKKKKACiiigAooooAKKKKACiiigAooooAKKKKACiiigAoorG1rxTonh2Pfqup29txkIz5c/RRzQBs0V49rXx/0a1LR6Pp1zfMOkkp8pD/Nv0FcbffHvxRO+bW2sbVfQRlz+poA+k6M18n3Hxe8b3Em4ay0I/uxwoB/Kof8Aha3jgHI8QT/9+4//AImnYD62or5ZtPjV41tVAe+guPeWBc/piuj039oTVYtq6lo9tcL/ABNDIY2P5giiwH0HRXnehfGjwlrBWOa4m06Y8bbtML/30Mj88V31tdW95As9tNHNCwyrxsGU/iKQE1FFFABRRRQAUUUUAFFFFABRRRQAUUUUAFFFFABRRRQAUUUUAFFFFABRRRQAUUUUAFFFFABRRRQAUUUUAFFFFABRRRQAUUUUAFFFFABRRRQAUUUUAFFFFABRRRQAUUUUAFFFFABRRRQAUUUUAFFFFABRRRQAUUUUAFFFFABRRRQAUUUUAFFFFABRRRQAUUUUAFFFFABRRRQAUUUUAFFFFABRRRQAUUUUAFZGv+JNJ8MWBvNWvEgi52g8s59FHU1gfED4iWHgmw2jbcapKP3NsG6f7Teg/nXzLq+s6z4x1v7Teyy3l5MdscajOPRVXsKYHf8Ai344axqrSW2godNtDlRKeZmH16L+H5151aafrHiO+Y20F1f3Ltl35ck+pJ/rXqHhH4Nh447zxKzDdyLONsEf7zf0H5165Y6dZ6ZarbWNtFbwKPlSJNoqlEVzxDRvgprN4ok1S7gsEI/1ajzH/HHA/M12Nl8FvDluFNzNeXLDrlwoP5V6RTZH8uJ32s21SdqjJP0q+VE3OQT4XeDkHOjq3u08n/xVSt8NPBzLg6JDx6SOP61ytx8b7CC6mhOiXgEZKjfIqtkeo7fnVO0+M+pXVxI8fhvzrVPvCGQl1+pxj9KV4hqdXc/CbwhOhVNPkgP96Od8/qTXPah8DtOlBOn6rcQN2EqCQf0rqNI+JvhbVo4/+JgLWd+DDcjYVPpnofwNderBlDKQVIyCD1osmGp82a38LvE+ihnFot5ABkyWrbv06/pWNofifXvCd60mmX09q4P7yI/cb/eQ8V9W1zfiTwPofiiMm9tQtyBhbmL5ZB+Pf8aTiO5i+CvjfYas6WPiFEsLo4CXCn9059/7p/SvW0kSWNZI3V0YZVlOQRXyX4w+HWq+FHacD7Xp2fluIx932Ydv5VqfD34qah4Sljsb5pLvRy3MZOXhz1Kf/E9PpUWKPqOiqmnalZ6tYQ31hOk9tMu5JFPB/wDr1bpAFFFFABRRRQAUUUUAFFFFABRRRQAUUUUAFFFFABRRRQAUUUUAFFFFABRRRQAUUUUAFFFFABRRRQAUUUUAFFFFABRRRQAUUUUAFFFFABRRRQAUUUUAFFFFABRRRQAUUUUAFFFFABRRRQAUUUUAFFFFABRRRQAUUUUAFFFFABRRRQAUUUUAFFFFABRRRQAUUUUAFFFFABRRRQAUUUUAFcr498Z23grw9JeyBZLqT5LWAn77/wCA6munkdYo2kdgqqMsxPAAr5G+Ini6Xxh4ruLsO32OE+TaJ2CA9fqev/6qAMiWXVvF3iFnYSXmpXknQdyf5AfpXv8A4G+H9l4TtFnlVLjVHX95ORkJ/sr6D371m/CvwVHoekrq15F/xMrtMqG/5ZRnoPqe9ejYrWMSWwooqNJY5QTHIrgMVO05wR1FUSSVxvxO1u80LwZNc2EjRXEkyQrIvVM5JP6frXQXmvaRp8whvNTtLeU9EklCn8qyfHOmx+IvA2oQwMkn7rzoWVsglfm6/gaTGeWaD4ki8aXNxpus6Nps+ovaStBeCHbI8irkA479fyrh9Atry71qPTrW/FhJdZgeSSQouD1VseuMY9cVSsb2402+hvbSQx3ELh0YdiK7RdW8GeJroTa3aXOj38hzLc2XzQs394p1B+grMotTfB3WoNXsrQXNvPDOSZZYt37pR1JyPy9697srWOysbe0izshjWNc+gGK4DwD4fiju21AeLJdbgiGLaITsUiB4yyk/exx7V6NVxRLCopLiGEqsksaFvuhmAzTL2+tdPtXuby4jghQZZ5GwK+W9e1TUfEWt3+qO088SybsrnbHHnC/7opt2BI+qZI0miaOVFeNhhlYZBFeFfEj4a/2MJNZ0ZCbAnM0AHMPuP9n+Vet+DYjF4S0399cSq0KupuDl1B52k98VtuiyRsjqGVhhlIyCKGrhsfPXwv8AiHN4P1VbO8ldtGuXAlU8+S3TeP6+or6jilSaJJY3V43UMrKcgg9DXyf8SPBp8K655lsn/EtuyWgI/gPdPw/lXqXwN8ZnUdMk8OXsmbizXfbFv44u6/8AAT+h9qyehZ7FRQKKQBRRRQAUUUUAFFFFABRRRQAUUUUAFFFFABRRRQAUUUUAFFFFABRRRQAUUUUAFFFFABRRRQAUUUUAFFFFABRRRQAUUUUAFFFFABRRRQAUUUUAFFFFABRRRQAUUUUAFFFFABRRRQAUUUUAFFFFABRRRQAUUUUAFFFFABRRRQAUUUUAFFFFABRRRQAUUUUAFFFFABRRRQAUUUdqAPO/jL4gfRPAc8EMmy41BvsykHkKfv8A6ZH414T8OPDy+IfF9tFMm+1t/wB/MCOCB0B+pxXbftCaiz69pOmD7kNsZzz1LsV/9k/WrnwO0wR6NqWqMvzzTiFCf7qjP82/SqitRM9YGAMAUUUVqQBrxP4gaB4p0fXbzUtAfUF068PmSi0mb5X75Vf517ZRSauM+XdH8EeJPEV6qxWNwqsfnuLgFVX6k9fwr0/wLFdeFfGF/wCDrq7N1Zm1FzEzDAU8bhj0OT+Vdx4i8VaT4Ys2n1G5RXx+7hU5kkPoBXm1q2rPZ+IPHl7ZSrcXlubWwtlQkqjYG7+XP1qbWGeQXIX7XME+55h2/TNOu7SaxvJLW5QpJG2GH9RXQeHPAut+Ib6NFspobUnMtzKpRFXvyep9hW3qHhy68b/ES8GlQSDTkkSF7phhFWNVQnPfO3jHWpsMzdFj1Hwd8QrG2jlLF5Ywdn3Z4pMdu+QfwNP8Ua/4g0TxVqmnWuu6ikENwyxqLlsBc5A6+hr1G50LTLf4k2F9ezpJcCOO30+yj5b5V5lf0CjP5CvLb/UfDt9491a61y3vJbSW6bY9tIFKgHHII56eop7Ac3d6nqesTKLy9uryQnaolkZzn0Ga99+HfgePQ/DEqalAsl1qKf6TG4yFTHCfrz71J4W0vwDPNb3+gpZPNCm2Mbsume5Dc7vc125ZV5YgfU1UUJsI0WONURQqKMKoGABTqTNLVEnN+OfDw8S+FLyyVM3Cr5tv/vjoPx6fjXzv4Q11/DHizT9UG4LBMBMo7oeGH5V9WV8s+O9OGl+NtVtlUrH55kQH0b5v61EykfYiMsiK6sGVhkEHginVyvw31BtT+HuizufnW3ER5/ufL/SuqrMoKKKKACiiigAooooAKKKKACiiigAooooAKKKKACiiigAooooAKKKKACiiigAooooAKKKKACiiigAooooAKKKKACiiigAooooAKKKKACiiigAooooAKKKKACiiigAooooAKKKKACiiigAooooAKKKKACiiigAooooAKKKKACiiigAooooAKKKKACiiigAooooAKKKKACiiigD5d+N0zy/Eu6RukNvEi/Tbu/ma9I+EShfh5ZkD70spP/fZrgvj1aCDx/FOB/x8WMbk47hmX+grtfgzeLceBfIB+a2uZEYfXDf+zVcNxPY9CooqjrOorpOi3uosu4W0LS7c/ewOlaEGX4m8aaP4WjUXsxe5f/V20I3SN+HYe5rlBq/j7xgmNKsY9B09/wDl5uP9aR7A/wA8fjUvw48OJfWzeLdZUXeqX7GRGkGREuf4R2/wr0c8VO49jiNB+Gemaddf2hqk0ur6lnPnXRyqn2X/ABz+FQ/ErxrD4d0R7OxulXVZ/ljEZ+aId2Pp7VwvxH+I2o3Gs3GkaRdtb2VuxjkkhOGlYcH5vQdOOteYu7yOXkdnY9WY5JpN20Q7HYaf8T/FGnmdjdrdvMAN10C+wf7IzgflVG68c+KNQkjDarOuxsxx26iMA/RQK2fDPhDQNc8PXWpPqGoSXNmm+4sreJd+PVc9RSaX408PeHHWTR/CwkuF/wCXm+n3v+GBgfhipGdF4e8Oa/ouhXWtPY3d54i1OIw2qNkmBD1d2PCn2Jz+tcne/C/xbaxQytprTPLkskLhyn+9/wDWzXV23x0uhKPtWiwmPv5UxB/UV6n4c8Saf4o0pdQ09yUztdGGGjb0NUkmLVHgunfC7xlcTIy2BtB/z1lnVdv5Hd+lJ4z0DxL4Zhsl1XV2uY5ciJUuHbaR7H619J1QutF0u+u47u7sLee4jHySSRhiv0p8oXOM+E41+PQp4taExhzHJaNMckqy5Iz1wOPzNehUgAAwBgDoBS1S0JCvnX4wKF8fzkD70EZP5V9FV81/FW7W7+IF9s6QqkR+oWpnsNHuPwTkaT4aWe7+GaVR/wB9V6HXCfB62+zfDPTMj/WF5PzY13dZFhRRRQAUUUUAFFFFABRRRQAUUUUAFFFFABRRRQAUUUUAFFFFABRRRQAUUUUAFFFFABRRRQAUUUUAFFFFABRRRQAUUUUAFFFFABRRRQAUUUUAFFFFABRRRQAUUUUAFFFFABRRRQAUUUUAFFFFABRRRQAUUUUAFFFFABRRRQAUUUUAFFFFABRRRQAUUUUAFFFFABRRRQAUUUUAeL/tBaQZtJ0vVkX/AI95Whc47NyP1H61yfwS1kW2tX2kyNhbqMSRj/aX/wCsf0r3rxXoEPibwxf6RNx9oiIRv7rjlT+BxXyJbT3/AIX8RpKFMV7YT8qw7qeQfY81SdhH1rVPVdPj1bSLzT5SVS5haIsB0yMZqHQtZttf0W21K0bMcyZxnlT3B+hrSrUg8p0jVvGHgmwGhT+GLjVI7fItrm1BZWXPAOAcVYmsfH3jTal88fh7S2HzRRtmVx79/wCXuK9ONeZ6x8Y9P0u6urP+yrtru3kaNkdgoyDjr6VL0GeQeLfDsvhfxHdaa29oVbdBI3V0PQ/X196w66bV9W174h+IAy2xnmCHybaBeI0HP+TVVPBfieSXyl8P6mGJxlrV1H5kYqCg8H6xNofimwu4WO0yiOVezo3BBrS8deEb/RNf1KeKwuP7KM2+KcRHywG5Az7Zx+FdH4R+Emstq1vd60iWltDIJDEXDO+OcfLwK7z4j+LdI0fw9faZLLHNfXMJiS2U5K5HVvQd6dtNQvqfONe1fAuGYWWrzEMIWkRRxwWAP+IrynQPD+o+JNTjsdOgaRzy74+WNfVj2r6d8NaBbeGtBt9MthlYxl3PV3PVqIoGa9FFFaEBRRRQBBeXcNhZT3dw4SGCMySMewAya+Tr+5uNe1+e4Cs9xe3BKp1OWPA/kK9i+MnitLTTV8P2subi5w9xtP3I+wP1P6CuX+C3hd9c8YrqMsebPTAJWYjgyH7g/mfwrOTLR9G6Bpi6L4f0/TFIP2W3SIsowGIHJ/E81o0UVAwooooAKKKKACiiigAooooAKKKKACiiigAooooAKKKKACiiigAooooAKKKKACiiigAooooAKKKKACiiigAooooAKKKKACiiigAooooAKKKKACiiigAooooAKKKKACiiigAooooAKKKKACiiigAooooAKKKKACiiigAooooAKKKKACiiigAooooAKKKKACiiigAooooAKKKKACvCfjf4CO4+K9NiJGAt8ijp6Sf0P4V7tUc0Mc8LwzIskTqVdGGQwPUGgD5U+HHjp/CupfZrx2OlXDfvABnym/vj+tfRcE8VzBHPBIskUihkdDkMPUGvCPif8MLjwvdSarpcZk0aRskLybcnsf8AZ9DWZ4E+I174VkW0ut1zpTHmPPzRe6/4VcZWJaPo2vHPi34Kv7m8bxDYR+fEIwLiKNBvTH8XH3h/KvVNH1vTtfsFvdNuUnhbrg8qfQjsa0MDpVtJoWx8z/DXxFaeGfFq3V98tvPC1u74/wBXkqc/+O19JwTRXMKzQSJLE43K6NuDD1BrjPEvwt8P6+zzxo1hdt/y1twNpPuvQ/hivOta0XxZ8M7JZbTX1NnNJ5apGxBJ/wBxv6UldD3PfK88+Jfw+bxNEupaaFXU4V2sh4Ey+mfUVynhPxX8QEaG/ubS61DR2kCytJCM4PG5T14/KvbgcjPtT3Qtj5S0jVtW8G6+LiFZLe6hbbLBKpG4d1YV7Vp3xj8N3NiJb0z2lwB80Pll+fYius1vwtoviFNuqWEU7AYEmNrr9GHNcynwk8LWtrdiO0nuJJEPliWb7hxxtxj9aVmhtpm5onjrw74hnFvYaijXBGRDIpRz9M9fwroq8T8P/BnU1k+1ajqS2M0bB4BbjzCGByCTxXtEQZYkWRtzhQGbHU+tNX6iJK5rxn4ws/CGkm5mIkupMi3gzy7ep9h3NZ3jP4kaX4XjktoWS71LHECNwh/2z2+nWvAr6/1bxZrommMt5fXLhI40XJ9lUUnKw0hP+Jp4t8RAANdajfS4AHcn+QH6AV9Y+CPCsHg/wzb6ZFtaXG+4kA+/Iep/oPpXM/C/4aReELP+0NQVZNYnXB7iBf7o9/U16TWZQUUUUgCiiigAooooAKKKKACiiigAooooAKKKKACiiigAooooAKKKKACiiigAooooAKKKKACiiigAooooAKKKKACiiigAooooAKKKKACiiigAooooAKKKKACiiigAooooAKKKKACiiigAooooAKKKKACiiigAooooAKKKKACiiigAooooAKKKKACiiigAooooAKKKKACiiigAooooAKKKKAIpoY7iF4Zo1kikUqyOMhgeoIrwzx98EZBLJqXhRcocl7AnkH/YPp7H8694ooA+K7HUtY8L6o7WstxY3kbbZIyCp47Mp/rXqvh342QuiweILQxyDj7RbDKn6r2/CvW/EvgfQPFkW3VLFWmxhbiP5ZF/4F/jXjXiL4CatZu8uhXsd9B1WKb5JR+PRv0qk2hWPUtI8T6Lry/8S3Ure4fGTGrgOPqp5rWIBHIr5O1Xw3rvh+X/AImWmXdng8SPGQv4N0P51YsvGfiTTwot9avFVeitIWH61SmLlPqqivm1Pix4wQY/tGM+7QIf6U8/Fzxh/wA/8P8A4DJ/hT5kFmfR9NZlRSzEKoGSSeBXzRc/E/xdcrtbVmj94o1U/wAqwL3WNW1d1W8v7q6YnCq8hbn2HrRzoOU+iNZ+JnhfRgym/W7mA/1dr+8/Xp+teVeJ/i5rWtb7fTR/ZtmRj5GzK31bt+H51maJ8MPFuulWg0maCFv+Wt0PKX/x7n9K9W8L/AXTbErc+ILs38w5FvFlIh9T1b9KhybHY8Z8M+ENb8Y37RaZbPKA3764c4RM/wB5vX9a+j/Afw00rwXbrNgXWqMuJLph09kHYfqa7CysLXTrRLWyt47eBBhY412qPwqzU3GFFFFABRRRQAUUUUAFFFFABRRRQAUUUUAFFFFABRRRQAUUUUAFFFFABRRRQAUUUUAFFFFABRRRQAUUUUAFFFFABRRRQAUUUUAFFFFABRRRQAUUUUAFFFFABRRRQAUUUUAFFFFABRRRQAUUUUAFFFFABRRRQAUUUUAFFFFABRRRQAUUUUAFFFFABRRRQAUUUUAFFFFABRRRQAUUUUAFFFFABRRRQAUUUUAFFFFADXRXUq6hlIwQRkGufvvAvhbUn3XWg2LN6rCEJ+u3FdFRQBwVz8G/BNy27+y3i56RTsv9arj4I+Cc5+x3P/gS1ei0UAcXbfCjwVargaHDJ7yszH+ddHp+gaRpIH9n6ZaWpAxuihVT+fWtGigAxRRRQAUUUUAFFFFABRRRQAUUUUAFFFFABRRRQAUUUUAFFFFABRRRQAUUUUAFFFFABRRRQAUUUUAFFFFABRRRQAUUUUAFFFFABRRRQAUUUUAFFFFABRRRQAUUUUAFFFFABRRRQAUUVQn1vSrW5a2uNTs4Z1xujknVWGeRwTQBforP/t7Rz01Wx/8AAhP8aP7c0j/oKWX/AIEJ/jQBoUVn/wBuaR/0FbH/AMCE/wAaP7d0j/oK2P8A4EJ/jQBoUVHBPDcxLLBKksbdHjYMD+IqSgAorH13xTovhqNH1fUYbXzM7FY/M2PQDmn6J4j0jxHbvPpF/Ddohw+w8r6ZHUUAatFFFABRRRQAUUUUAFFFFABRRRQAUUUUAFFFFABRRRQAUUVmt4g0ZJ5IH1axWaNirxtcIGUjqCM0AaVFZ517RwMnVrEfW5T/ABqBvFPh9Tg65pufT7Un+NAGvRWfDr2j3JxBqtjKT0CXCN/Wr4IIyD+NAC0UUUAFFFFABRRRQAUUUUAFFFFABRRRQAUUUUAFFFFABRRRQAUUUGgAorzrx0/j3R7C91XR9WsZrOEGRrdrTbJGnsckNgfSvCL/AOJfjHUkZJteukRuqwER/wDoODQB9eUVWsVKafbKSSViUEk8ngVZoAKKKKACikJCgknAHU0iurjKsG9waAHUU1nVfvMB9TTftEH/AD2j/wC+hQBJRSBgRkHI9RS0AFFFFABRRRQAUUUUAFFFFABRRRQAUUUUAFFFFABRRXN+J5vF0CrJ4btdKuEVMvHdu6yFv9nHy4xjqaAOkor5m1T40+NkuZ7Vxa2csbFHQQfMjDg9a9i+FOr6hrngW3v9Uunubp5pA0j4yQDx0oA7eiiigAooooAKKKKACiiigAooooAKKKKACiiigArmfFXgbQ/FVlcLeafB9sdfku1QCVWxgfMOSPY8V01FAHw5PE1vcSwsctG5Qn6HFe5+F/gpoWt+F9L1Se+vkmu7ZJnVGXAJGeOK8T1X/kMX3/Xw/wD6Ea+uPh9/yTzw/wD9eMX/AKDTA4k/s/8Ahz/oI6j/AN9L/hWD4l+AYtdNmutB1Kae4jXd9nuFH7zHYMO/1r3ig9KQHCfB3I+GGlBgQwaYEHsfNeu7rM0PRrfQrBrO2d2jM0kw39i7FiPpkmtOgD51+OHh3WpfGI1WO0nuLCS3RI5I1LiMjqpx055/GtH4D+HNZs9avtVubWa2sWtvKXzVK+YxYEYB64wefevecA9RRgDpQAUUUUAFFFFABRRRQAUUUUAFFFFABRRRQAUZorw/4gfEEan430fw3pcubSDUYDdSof8AWOJB8o9h/P6UAe4UUDpRQAVwfxD8B6Hrfh3Ubz+z4ItRiheZLmJArlgM/MR97OO9d5VDWxu0HUR62sn/AKCaAPicdcZNfSlp8DfCMtnC7/bizxqxPn46j6V82dH/ABr7esf+Qfbf9ck/lTA8f1z9n/T3tnk0PU54LhRlI7gBkY9hkcj6815hY+J/F/w81mTTvtc8LW77ZLOdt8R78A8YPqK+t68H/aF0yFJ9H1RVxNIrwOfUDkfzNAHpngLxxZ+N9E+1RL5N5CQlzbk/cb1HqD2rrK+Y/gZqMtp8QktFciK8t5EdexKjeP5H86+nKQBRRRQAUUUUAFFFFABRRRQAUUUUAFFFFABRRRQAUUUUAFFFFAGZ4jiE3hnVom+69nMp/FDXxXX2zrf/ACAdR/69ZP8A0E18TUwPuOEYgjH+yKkpsf8Aq1/3RTqQBRRRQBFc28N3bS21xGskMqFHRhwwPUGvn74xfDzS/DVha6zosTW0LzeTNCHJUEgkEZ57GvoavL/jz/yT2P8A6/o//QXoA8M8C+HYvFvi+00e4uZYI51ctJHyw2oW7/SvZG/Z90Mx4TWNRV/7x2EflivNfgx/yVHTP9yf/wBFNX1TTA+afFXw58UfD2B9T0bWLmXT15kltnaGSP3ZQeR75NX/AAP8bdStr+Gy8TSi5s5GC/atmJIvc4+8P1r6BureK7tJradA8UsbI6sOCCMEV8T6lbLZ6rd2qElYZ3jBPoGIoA+243WWNZEYMjDKsDkEdiKfXKfDW5lu/h3ok0zFn+zBST3A4H6CurpAFFFFABRRRQAUUUUAFFFFABRRRQAUUUUAFFFFAHyH8TY1i+JGuqowPtGcD3UGvfvgyoX4aafju8h/8eNeC/FL/kpmuf8AXcf+grXvnwd/5Jnpn1k/9CNMDvKKKKQBRRRQAUUUUAFFFFABRRRQAUUUUAFFFFABRRRQB8R6r/yGL7/r4f8A9CNfXHw+/wCSeeH/APrxi/8AQa+R9W/5DF9/18P/AOhGvX/Dfj7x3p/hrTrSw8Itc2kNuiQzeVIfMUDg8UwPfaw/FXiJfDWkpemDz2kuI7dI9+3Jdsda8xb4l/Efaf8AiimHv5ElcNq/jLxP4l8YaHa6/EbSOG9hZLURGMZ3j5jnkmkB9RCqGsNqyWLHRYrOS8DDC3bsqEd+VBOa0KKAPAvFvxZ8deHdUbTbzTLCxnA3AhTIGU9CDnpxWr8IfG3iPxd4tvxq995tvFZllhRAqKxdeeB6Z61l/tERKuo6DMAN7RTKT6gFMfzNRfs8L/xO9ab0tox/48aYH0DVHVW1NbCQ6Qlq95kbFu3ZYz65Kgmr1FIDwXxj8U/HvhrU/sF7pun2MhG5GUGVXX1U5pPAfxa1CSbWL3xLfSXKpCgtbSGIAvISflQAdfrUv7RSASeHnwNxFwCfp5f+NZP7P0Mcni3UmeNGZLLKkgEr869KYE/iH4m/EaYNcWmkz6VZn7hFoXYD3Zhj9Kp+Dviz43vPEVjpryxambiYJ5ckSq2D1wVAxgc/hX0eVBBBAI9DXO2HgfQtM8VXHiK0s0ivJ49hCgBFJ6so7E9yPf1NAHSc4ryT4kfF9vDmoPouhxRz38YxNNIMpE390Dua9aOQpxXxdeXRPiye6umZz9tLyFuSfnyaQHtekaD8VvEdmmoX3in+ykmG+OEIN4B6ZCgY/E5qp4h0b4s+GLN7618SyanbxjdJ5YBdAO+1hyPpmvaLC9ttRsYbuzlSW3mQNG6HgirJAYEEZB4xTA4b4T+INU8S+DP7Q1e4E9z9peMOEC/KAuOAPrXdHpWD4W8Nx+F7C6s4JQ8Mt3JcoAuNgfHy/hW9SA8l+I/iXxx/ZV9HpOgz6fp8SN51+8yeYUHUqAfl/n9K+fdKe6XWbF7Jd94LhDCp/ik3Db+tfWnxHO34da8f+nRhXyr4Y/5GzRv+v+D/ANGLTQHtH9tfGr/oC23/AH7T/wCLq1p2sfGB9TtEvdHtktGmQTsEThMjd/F6Zr2CikACqOtf8gLUP+vaT/0E1eqjrX/IC1D/AK9pP/QTQB8T/wAf419vWP8AyD7b/rkn8q+If4/xr7J03xNoUun25TWLE4jUH/SF9PrTA3a8O/aHu4/J0SzDfvN0kpGe2AK9I1z4h+F9Bs5J7nVreR1BKwwOJHc+gA/rxXgF7b+Jvi94ve9tbJxbkiNGbiK3iHq3fqSccmkBo/AnSpbvx02oBT5NlbuWb/aYbQPyzX0vXNeCvBtj4L0FdPtf3kznfcTnrK/9B6CuloAKaxCjJOAO5p1VNSsI9U0y6sJnkSK5iaJ2jbawBGDg+tAHmGtfEXxFrupTaX4A0o3awtsk1B1+Td/s7sLj3Jrk9U0741QRNdz3V84HJW1uIyR/wFD/AEr3jSdJstD0yDTrCFYreBAqqO/ufU1e7UwPlvSPjH4y0W72X119ujRsPDdRgN7jcOQfrX0R4T8T2Xi7QYdVssqr/LJEx5jcdVNeC/HfSbbT/GsF1boEa9thJKAMAuGK5/ICul/Z3u2Nvr1kSdiPDKo9Cd4P8hQB7jXKeKb7xnY+ZN4f0zTb63VM7JZmWbPfA+6R+Oa6uikB8w3/AMbvGcxkiSW1szkj93ACy/8AfWa9E0r4ia7eeE9Lg0PR7rXNXa3X7TdOu2GN/duAT9OBXhnjGJYfG+vRIAFTUbhVA7DzGr6W+EQx8LtF/wByX/0a9MDgNVg+N12GnOYEAz5VpLAuPpzk/nXGn4j/ABC8N6gYL/ULpZk+9BexA5/MZ/I19UV5r8avDcGreCLjUliBvdOIlRwOSmQHH0xz+FAE/wAN/idb+NkksrqFbXVIV3MitlJV/vL/AFFeh18c+BdSm0jx1ot3A+0i7SNvdHO1h/3yTX2KKAFrB8U+LdJ8Iaab3VZ9oORFEnLyt6KP8ita+vINPsLi9uZBHbwRtLI56BQMk18geKfEV/418USXsu9mmcRW0A52LnCqB/nk0gPSv+FpeOfGmovZeEdLS3XpuCh2UdizN8q1sJ4N+LlzH503jC3hkYZ8sTNx9dqY/KvRfBvhi28JeG7XTLdFEirunkA5kkPUn19PoK6CmB89eILn4ueFLKZtRu2vdPZGSSVFSVMEYJPAZevU4rx2vtfXFDaBqQIyPssnB/3TXxRQB9yx/wCrX/dFOpsf+rX/AHRTqQBRRRQAV5h8ef8Aknsf/X9H/wCgvXp9eYfHn/knsf8A1/R/+gvQB5L8GP8AkqOl/wC5N/6KavqmvjnwRqWraT4stLzRLI3t+gcRwBS27KEHge2a9ck+IPxPERI8FOhx9420hpger6/rVp4f0O71S9kCQ28Zbk8seyj3J4r48tLK/wDE2vi3s4DLeXsxIRfVjk/Qe9dZ4j8T6r4i1BI/HE2p2VtG2Y7W0s1Cj1OGYZP1zXrnw0k+HVnH5Phu8ifUJQBI11lZ29sMBx/u8UAd34f0mPQvD9jpcZDLawrHuHcgcn8606QUtIDC8U+KtN8I6Q2oai7YJ2xRIMvK3ZQK8suvGHxV8QBptD0CSwtGGYyYgXx9X4P5V6pf+FtP1PxJZ61eh55bKIpBDIQY0YnO8D+97/T0rbxigD5kvviF8T/DV0o1a4uIi33UurRArfiFH6GvQfh38Y18R38ej63DHbX0gxDNHxHK390j+E13HjrRrXXPBmqWt1EH227yxkjlHUEgj34r5Csbp7G/t7qMkPDKsi4Poc0wPuCo5jIsEhhQPIFJRScAnsM0sL+ZBG/95QafSA8h8V/E3xl4TEb6l4UtoIZThJftHmKT6ZXv7Gud8LfGfWtU8Y2MWsXFpZ6STI0wji7CNiBk5P3sdPpXf/GmFJfhhqLsoLRSQupPY+Yo/kTXgvwxVX+JOhKyhl+0dCP9k0wPYtX+IPjPU2K+EvCV59mP3Lu7hPz+4XjA+pridY8YfF3SQ11frd2sCn5iLKMxj8dp/nX0eOBjFMdFkRkdQysMFSMg0AfPfhz496tb3aR+ILaK7tSQGkgUJIg9cZwf0r33T7+21SwhvrOZZbadA8br0INfK3xU8NQeGPHVza2iBLW4RbmFFHCBsgj8wa9X+AOrSXfhO+06WQv9iucxg/wo4zj/AL6DH8aAPXKKKKQHyP8AFL/kpmu/9dx/6Cte+fB3/kmem/WT/wBCNeB/FL/kpmu/9dx/6Cte+fB3/kmem/WT/wBCNMDtL1LmSzlSzmSG4KkRySJvVT6lcjP514l4o+LXi3wj4guNHvLfS7mSEAiWNWAYEZBxniu6+IXxGs/B9qLW2Autan4htl525/ib29up/WuL8GfCq917UD4n8btJLNcP5otJOr+hk9B/sjtx7UgL3hXxp8RvGWJLHStOtLPvd3CME/AZyx+lerabHexWEKahcRXF2B+8lijMasc9lycfnU8USQRrHEipGg2qqjAA9qkoAKKKKACiiigAooooAKKKKACiiigAooooA+I9W/5DF9/18P8A+hGvrj4ff8k88P8A/XhF/wCgivkfVf8AkMXv/XxJ/wChGvrj4ff8k88P/wDXjF/6DTA6TFcX8RfDE2v6XZXGn2a3Gp2N5FPD8yodoYbhkkDpz+FdpRSAKKKKAPB/2iv+Pnw7/uXH846g/Z4/5DGuf9e8f/oRqf8AaK/4+fD3+5cfzjqD9nj/AJDGuf8AXvH/AOhGmB7/AEUUUgPC/wBor/mXf+3n/wBpVl/s9/8AI1ar/wBeP/s61qftFf8AMu/9vP8A7SrL/Z7/AORq1X/rx/8AZ1pgfRFFFFIAr5x+LHwyvdN1a517Sbd59OuXMk0ca5MDHrx/dJ/Kvo6kKgjBGQeoNAHyD4R8f694Nn/0C58y1Y5ktJvmjb3H90+4r6A8GfFnQfFYS2lf+z9SPH2eZvlc/wCw3f6HBqp40+DuieJDJeaeF03UG5LRr+7kP+0vY+4r558ReG9V8J6u1hqcDQzL80bqflkHZlPcUwPs/NLXl/wX8ZXXiTw/Pp+oSGS804qolY8yRnpn1Ixj8q9QpAcl8Tjj4ba6f+nb/wBmFfLXhf8A5G3Rv+v+D/0YtfUfxS/5Jnrn/XAf+hrXy54Y/wCRs0b/AK/oP/Q1pgfaVFFFIAqjrX/IC1D/AK9pP/QTV6qOtcaDqB/6dpf/AEE0AfE55fHvX0XD8B/DE1lHILvUVkeMNnzFwCR6ba+dP4/xr7esf+Qfbf8AXJf5UwPjnxP4bv8Awlr0+mXyYeNsxyAfLInZhXvnwl+IsHiOwTRb4RQapbp8u0BROo7geo7j8a6H4h+BbXxtoZh4j1CAFrWf0P8AdP8AsmvlZ11Hw9rRU+ZaahZy9QcMjg0AfbVFcF8NPiJB400vyLgrFq9uv7+LoJB/fX29R2rvaQBRmivL/i38RrjwjbwaZpTKNUuoy5kIDeSnQHB7kg4+lAHpU91b2qb7ieKFf70jhR+tZ8nifQov9ZrNgv1uF/xr5w8D+ENX+J2qXU+parc/Y4CDPPI5dmY9FGfp+Fex2PwV8E2ajzdPmu2H8U9w/wDJSBQB5j8dtU0/VNe0mTT72C6VLVldoZAwB3e1a37Ow/07xAfSOD+b1g/Grw5pHhvWdLg0exjtI5bdmdUJO47sZ5ro/wBnVMt4jf0FsB/5Fpge60UUUgPjfxz/AMj/AOIf+wlcf+jGr6S+EX/JLdE/3Jf/AEa9fNvjnB8feIj/ANRK4/8ARjV9JfCL/kluif7kv/o16YHbVz3jtQ3gDxAD/wBA+b/0A10Nc/46/wCRB8Qf9g+f/wBANID5H0PjxBppH/P1F/6GK+2K+J9D/wCQ/pv/AF9Rf+hivtimB578aL97L4bXixsVNzLHCSD2Jyf/AEGvAfh1aLe/EXQYW6C8ST/vj5//AGWvdfjnA03w7d1H+quo2b6cj+teCeAtQXS/HuiXbkLGt2iuzHACsdpP5GgD7GooopAUNa/5AOo/9esv/oJr4nr7Y1r/AJAOo/8AXrL/AOgmviemB9yx/wCrX/dFOpkf+rX6Cn0gCiiigArzD48/8k9j/wCv6P8A9BevT68w+PP/ACT2P/r+j/8AQWoA8l+DH/JUdL/3Jv8A0U1fVOK+Vvgx/wAlR0v/AHJv/RTV9U0wM/VtF03XbGSy1OziuYJBgrIuce4PUH3FfKfj7wpJ4J8Wy2ETubdgJrWXOCUPv6ggj8K+vK8D/aIWP+0dBYAeYYZgx9srj+tAHW/Bvx1P4o0efTtSlMmo2AX96x5ljPAP1BGCfcV6fXzb8Ay48cXQX7psm3f99LX0dNNHbwSTTOEijUu7MeFA5JpASZqrPqNlanFzdwQn0klC/wA6+ZvG/wAV9b8T6hJa6ZczWWl7tsUUJKvKPViOefTpXceGvgZDc2UN34pv7qS6kXc1tFJjy89ixzk/SgD0zWde0dtFv0GqWRZreQAeevPyn3r43P3j9a+oLz4QeCbHSLuZNJd5o4HZXkupTghTg43Yr5gC7nCjucCmB9vWPFhbg/8APJf5VYqO3GLaIeiD+VSUgOD+Mv8AySvWPrB/6OSvAvhd/wAlL0L/AK+P/ZTXvvxl/wCSV6x9YP8A0cleBfC7/kpehf8AXx/7KaYH1zRRRSA+eP2hIVXxRpM4HzPZFCfo5P8A7NWn+zr08RD/AK9//alUf2hj/wAT7Rf+vV//AEKr37Ov/Mxf9u//ALUpge6UUUUgPkf4pf8AJTNd/wCu4/8AQVr0DTfHkvgn4NaObS1eS8u2lSGVk/dRkMeWPc88D65rz/4pf8lM1z/ruP8A0Fa9l8BeHrLxR8F7XSr9MxSiTawHKMGOGHuKYHEfBvUtF1HxfdT6+WuNfnO+1ubltyk9wB2f09umO/0SK+M/EGhan4N8SSWNyWjubd98U8eRvH8Lqa+jPhf8Qo/GWk/Zrt0XWLVR5yjjzR/fA/n6GgD0GiiikAUUUUAFFFFABRRRQAUUUUAFFFFABTXdY0Z2OFUZJPYU6uK8Z23jbVLW603QItNtraZdhupp28wqRzhQuF7jPNAHytqLiTU7p1PytM5B/E19a/DeZZ/hzoDo2QLRUOPVflP6ivEv+FCeLu9xpf8A3/b/AOJrvvBPhz4i+DLH+zgNIvtPDFkikuXVo89dp29O+PXnvTA9YoqvZPdSWcT3kKQ3BH7yON96qfY4GasUgCiis7V5dVhtgdJtLe5uCcbbiYxqB65AOaAPEv2iJkbU9BgB+ZIZXI9iVA/9BNQ/s8zKviHWICfme1VwPYNz/OrHin4WePfF+uSarqNzpIkYBEjSZtsaDoo+X/OaPC3wt8feENbj1TTrjSTIqlHjeZtsinqD8v40wPfKKztHm1Sa0LavaW9tcBsbbeYyKR65IFS6nJfxWTvpttDcXQPyRzSGNT65OD/KkB4p+0VIpm8Px5+ZVnYj2Pl/4Vkfs/TBPGuoQnq+nsR+Eif41reLfhl4/wDGesnUtRn0lCF2RRJM22NfQfL+tVfD3wk8e+GNag1XTbvSluIuMNMxVlPVSNvQ0wPoKisDRbjxPLME1vTtPgj2k+ba3LPlv90qP51vikBmeIZri38OalNaymK4jtpGicAHawU4PNUfBXiOHxT4VsdSjlV5WjCzqDykg4YH8a19StDf6ZdWgYKZ4XjDHtkY/rXhWnfDH4j+DryS48OanasD1VZcCQe6ONtAHv8AXif7Qz239naNGSn2rzXI/vbMc/hnFWxe/G6VfIOl6dCSMeeWhyPf75/lWdB8GvEfiPVjqPjLXFdmPzCFt7EegyAqj6CmAfs9aXMsWsas6ssLlLeM9mI5b8uPzr3KqOk6TZaHpcGnadAsNrCu1EH8/rV6kBznj6ybUPAOuWyDc7WcjKB3Kjd/SvkTTrs2Gp2l4Bk28ySgeu0g19ukAjBGfavBPGXwMv31Ge98NSQPbysX+ySPsKE9lJ4I+uKYHudhfW+pWEF7aSrLbzoJI3HcGrNfOPh7wz8YPDn+j6VBPbwk/wCre4geMe+GYgfhXouh+FvHt9fW134r8UskMDiQWliFTeR2ZlUZHtzSA9JrL8SSrB4Y1WVjhVtJTn/gBrTwa868c6V488T2FxpOnR6XZWErFXkNwxklTPAPy4UHuKAPl4HnNfbunOJNMtHUgq0KEEd+BXzn/wAKE8Xf8/Gl/wDf9v8A4mvV/BNh460Gzs9J1eLTLuxgAjW4S4YSxoOgxtw2BTA7+vL/AIsfDceKLI6tpkajV7dOUHH2hB/D/ven5V6hSEUgPifTdR1Dw/q8V7ZyyW15bPkHGCCOoI/mK+pvAHxAsPG2lhlKwalCALi2J6H+8vqv8u9Yvj74Q2PiudtS06VLDUyP3h2/u5vdh2PvXm1p8IfiFoepR3emG3S4iOUmguguP++sflTA+lq+Y/jpbTw/ENppQfKntY2iJ6YGQR+YP517l4Vn8ZOix+JrHT49qcz20+WY+6Yx+RqLx74Cs/HOlJBLJ5F5AS1vcBc7c9QR3B4oA4X9n3WLT+xtT0Yuq3a3P2lVJ5dWVV49cFf/AB6vae1fMU3we8e6JfLNpkSTuhyk9pdrGw/76KkV1mkeDfixqSxw6r4kuNOtQfmzdb5cf8A6/i1AGT+0HKj+I9JVXVmS1bcAeV+bvWh+zvcwrL4gtS6iZxBIqk8so3gn8Mj863PGHwbi1Hw1Z2+izZ1K0d3ea6fLXJbG7c3r8ox6VwOh/B7x9BqiyIF0oqcfaRdrnHtsJJ/HFAH0yKKxvDWhHw/o6WT31zfTEl5ri4cszuep56D2rO8V/wDCYXEM1p4cg0+ISJtF3cTsGTPXChevvmkB8t+L5luPGuvTIcrJqNwyn1BkavpX4PMG+Fmi89BMP/Iz15G3wG8XuxZrnTCzHJJnbn/xyu/8B+G/H/gqzOnPFpV9p5feqG6ZWjJ64O39KYHq1cz8Qpkt/h7r7uwUGxkUE+rDAH5nFdINxUZGD3Ga8v8AHvh7x94zsm0uGPSrLTfMDMv2lmeXHTd8vTvikB87aTIsOs2MrH5UuI2P4MK+2gcjIPWvmofAXxcDkXGmZHTE7f8AxNe0+El8ZWlvBY+IbfTpI4k2fa7edt7YHGVK9femBseJNFh8ReHb/SJzhbqEoGxna38LfgcGvjjVNMu9F1S40+9jMdxbuUcEence1fblcV46+G+k+NoVkl/0XUIxiO6jXkj0YfxD+VAFD4Y/EWy8U6NBY3dysesW6BJI3ODMB0dfX3FeiV8xal8E/GWlz79PjhvlVvkkt5xG498MR+hrY0fQvjRE6wRXV5bxngvdXcbqv5lj+QoA91111Tw/qLOwVfssnJP+ya+KK+mdL+G2r3Sm58Y+ILrV5ACy2SykQbscZHGR7YArzXT/AIEeLLpY3unsbNWGSryl2X8FBH60AfSFlMlzY288bBo5I1dSO4IzVivP/B/hDxd4ZW1tJvFEN3pkJwbZrbJC+it1FegUgCiiigAryz49yqvgGBCw3PfJgZ64V69NuWnS1la2jWScKTGjNtDN2BPYe9eO+OPA3xA8dXULXTaRbWtvnyrdLhzgnqSdvJpgee/BllX4o6XkgZWYDPf901fVVfN9r8D/ABtYXcV1aXmnw3ETb45I7lwyn1B212S6X8a0UKNc0xscZKR5/wDRdAHrM88NtA808qRRINzO7YCj618pfFPxbH4u8YST2j7rG1QW9uf7wBJLfiT+QFd5qPwz+JPiabbr3iK3aBj8yiZig/4Aqha6Lwp8ENF0S5jvNVmbVLhDlY3XbEp9dv8AF+NAFf4G+D5tH0i412+jKXF+AkCMOViHOf8AgR/9BFeg+L4ZrjwbrUNvnznsZgoHUnYeK2VUKoUAAAYAHalIz2pAfEWm3KWeq2d1Iu5IZ0kZfUBga+1rK8t9Qs4bu0mWa3mQPHIp4YHpXinjX4GXF1qU+oeGpoFSZy7Wkx27Ceu046exrA0TwT8W9FdbbTRc2UOTx9uiMQ99u4/ypgfQWuyJHoGoM7qqi2kyWOB9018VxMEuEdvuq4J/Ovpjw78Otamu47/xrr0+qPG29LISkwBvUjgH6YFea+Ivgf4mtNTl/sWGK/smcmIiZI3VfRgxH6ZoA+j7SWOeygmidXjeNWVlOQQRxip68l+Hvw28R6RNb3HiDW7kW9sQ0GnQXLGPPbd249BXq8pcROY1DOAdqk4BPbmkBwPxqlWP4YairHBlkhVfc+Yp/pXgXw3nS3+I+gu5wpu1TPu3yj9TXr/jzwh8QPHIht5BpNnYQtvWBblmLN03MdnX296422+BvjSyu4bq3utNSaF1kjYTtlWByD92mB9I0Vg+HpfErxeX4hs7GORUH760nLBz/ukDFXNYl1aG0zo9pbXNwTjbcTGNV9+Ac0gPBP2gbgP4y0+3H/LKwDH6s7/4Vr/s7OBJ4gTPJEBA/wC+6p+IfhJ488T63catqN1pZuJj91Zm2oB0UfLwBV7wb8N/H/gnWDf2EmkzLImyaCSd9si/988H3pge6UVU06S9lskfULeK3uTnfHFJ5ij0wcCsfxFL4sxJD4es9OJZPluLudhtP+4F5x9aQHzL8Spln+I+uupyPtJXI9gB/SvffgxIJPhpYAfwySL/AOPV5bcfAzxnd3MlxcXmmyTSuXkd7hiWY8kn5etdv4D8L/EDwRbyWWzSr7T5H3iJrllaNu+07e/pTA6L4l+A4fGmhkwqq6pagtbSdN3qh9j+h/GvmTTdR1Lwtr8d3bl7a/tJSGRxggjgqw/QivtJclBuGGxyM9K8o+J3wml8VahHq2iNbw3zfLcpKSqyDs2QOvb3/CgDtfBXi+y8Z6DHqNqQko+W4gJ5ifuPp6GukrwPwv8ADD4h+ENVW/0u80xW6SRNOxSVfRhtr27SZdSmsFbVrWC3u84ZIJTIn1BIFIC9RRRQAUUUUAFFFFABRRRQAUUUUAFFFFABRRRQAUUUUAFFFFABRRRQAUUUUAFFFFABRRRQAUUUUAFFFFABRRRQAUUUUAFFFFABRRRQAUUUUAFFFFABRRRQAUUUUAFFFFABRRRQAUUUUAFFFFABRRRQAUUUUAFFFFABiiiigAooooAKKKKACiiigAooooAKKKKACiiigAooooAKKKKACiiigAooooAKKKKACiiigAooooAKKKKACiiigAooooAKKKKACiiigAooooAKKKKACiiigAooooAKKKKACiiigAooooAKKKKACiiigAooooAKKKKACiiigAooooAKKKKACiiigAooooAKKKKACiiigAooooAKKKKACiiigAooooAKKKKACiiigAooooAKKKKACiiigAooooAKKKKACiiigAooooAKKKKACiiigAooooAKKKKACiiigAooooAKKKKACiiigAooooAKKKKACiiigAooooAKKKKACiiigAooooAKKKKACiiigAooooAKKKKAP//ZDQo=&apos;, &apos;children&apos;: [], &apos;features&apos;: {}}], &apos;features&apos;: {}}
*********************





--------------------------------- CONTENT AREA --------------------------------- 
(Registration Number 1929/001225/06)
(incorporated with limited liability in South Africa)



--------------------------------- CONTENT AREA --------------------------------- 
Issue of ZAR120,000,000 Index-Linked Notes with Scheduled Termination Date of 03 September 2019
Stock Code FRS189
Under its ZAR30,000,000,000 Note Programme



--------------------------------- CONTENT AREA --------------------------------- 
This document constitutes the Applicable Pricing Supplement relating to the issue of the Notes described herein.
Terms used herein shall be deemed to be defined as such for the purposes of the terms and conditions (the
“Terms and Conditions”) set forth in the Programme Memorandum dated 29 November 2011 as amended and
updated from time to time (the “Programme Memorandum”). This Applicable Pricing Supplement must be
read in conjunction with the Programme Memorandum. The Notes described herein are issued on and subject to
the Terms and Conditions as amended and/or supplemented by the terms and conditions contained in this
Applicable Pricing Supplement. To the extent that there is any conflict or inconsistency between the contents of
this Applicable Pricing Supplement and the Programme Memorandum, the provisions of this Applicable Pricing
Supplement shall prevail. Any capitalised terms not defined in this Applicable Pricing Supplement shall have
the meaning ascribed to them in the Terms and Conditions. To the extent that certain provisions of the pro
forma Pricing Supplement do not apply to the Notes described herein, they may be deleted in this Applicable
Pricing Supplement or indicated to be not applicable.



--------------------------------- CONTENT AREA --------------------------------- 
Description of the Notes



--------------------------------- CONTENT AREA --------------------------------- 
1. Issuer:



--------------------------------- CONTENT AREA --------------------------------- 
2. Status of Notes:



--------------------------------- CONTENT AREA --------------------------------- 
3. Form of Notes:



--------------------------------- CONTENT AREA --------------------------------- 
4. Series Number:



--------------------------------- CONTENT AREA --------------------------------- 
5. Tranche Number:



--------------------------------- CONTENT AREA --------------------------------- 
6. Specified Currency of the Notes:



--------------------------------- CONTENT AREA --------------------------------- 
7. Aggregate Nominal Amount:



--------------------------------- CONTENT AREA --------------------------------- 
(a) Series:



--------------------------------- CONTENT AREA --------------------------------- 
(b) Tranche:



--------------------------------- CONTENT AREA --------------------------------- 
8. Nominal Amount per Note:



--------------------------------- CONTENT AREA --------------------------------- 
9. Specified Denomination and
number of Notes:



--------------------------------- CONTENT AREA --------------------------------- 
10. Issue Date of the Notes:



--------------------------------- CONTENT AREA --------------------------------- 
11. Issue Price of the Notes:



--------------------------------- CONTENT AREA --------------------------------- 
12. Relevant Stock Exchange:



--------------------------------- CONTENT AREA --------------------------------- 
13. Integral multiples of Notes
required for transfer:



--------------------------------- CONTENT AREA --------------------------------- 
14. Type of Notes:



--------------------------------- CONTENT AREA --------------------------------- 
15. If Structured Notes:



--------------------------------- CONTENT AREA --------------------------------- 
FirstRand Bank Limited



--------------------------------- CONTENT AREA --------------------------------- 
Unsecured



--------------------------------- CONTENT AREA --------------------------------- 
Listed Registered Notes



--------------------------------- CONTENT AREA --------------------------------- 
189



--------------------------------- CONTENT AREA --------------------------------- 
1



--------------------------------- CONTENT AREA --------------------------------- 
ZAR



--------------------------------- CONTENT AREA --------------------------------- 
ZAR120,000,000



--------------------------------- CONTENT AREA --------------------------------- 
ZAR120,000,000



--------------------------------- CONTENT AREA --------------------------------- 
ZAR1,000,000



--------------------------------- CONTENT AREA --------------------------------- 
ZAR1,000,000 and 120



--------------------------------- CONTENT AREA --------------------------------- 
01 March 2019



--------------------------------- CONTENT AREA --------------------------------- 
100% (one hundred percent) of par



--------------------------------- CONTENT AREA --------------------------------- 
JSE



--------------------------------- CONTENT AREA --------------------------------- 
N/A



--------------------------------- CONTENT AREA --------------------------------- 
Structured Notes



--------------------------------- NEW PAGE --------------------------------
--------------------------------- CONTENT AREA --------------------------------- 
(a) Type of Structured Notes:



--------------------------------- CONTENT AREA --------------------------------- 
(b) Capital guarantee



--------------------------------- CONTENT AREA --------------------------------- 
16. Deposit Notes



--------------------------------- CONTENT AREA --------------------------------- 
17. Redemption/Payment Basis:



--------------------------------- CONTENT AREA --------------------------------- 
18. Automatic/Optional Conversion
from one Redemption/Payment
Basis to another:



--------------------------------- CONTENT AREA --------------------------------- 
19. Partly Paid Note Provisions:



--------------------------------- CONTENT AREA --------------------------------- 
Single Index Notes



--------------------------------- CONTENT AREA --------------------------------- 
Currency Linked Notes



--------------------------------- CONTENT AREA --------------------------------- 
No



--------------------------------- CONTENT AREA --------------------------------- 
No



--------------------------------- CONTENT AREA --------------------------------- 
Other: The Redemption amount is based on the price of the underlying Index
and the exchange rate between ZAR and the Relevant Currency on the
Valuation Date or relevant date of redemption, as hereinafter set out



--------------------------------- CONTENT AREA --------------------------------- 
N/A



--------------------------------- CONTENT AREA --------------------------------- 
N/A



--------------------------------- CONTENT AREA --------------------------------- 
Provisions relating to interest (if any) payable on the Note



--------------------------------- CONTENT AREA --------------------------------- 
20. General Interest Provisions



--------------------------------- CONTENT AREA --------------------------------- 
(a) Interest payable on the
Note:



--------------------------------- CONTENT AREA --------------------------------- 
(b) Interest Basis:



--------------------------------- CONTENT AREA --------------------------------- 
(c) Automatic/Optional
Conversion from one
Interest Basis to another:



--------------------------------- CONTENT AREA --------------------------------- 
(d) Interest Commencement
Date:



--------------------------------- CONTENT AREA --------------------------------- 
(e) Default Rate:



--------------------------------- CONTENT AREA --------------------------------- 
21. Fixed Rate Note Provisions:



--------------------------------- CONTENT AREA --------------------------------- 
22. Floating Rate Note Provisions:



--------------------------------- CONTENT AREA --------------------------------- 
23. Index Linked Interest Note
Provisions:



--------------------------------- CONTENT AREA --------------------------------- 
23. Dual Currency Note Provisions:



--------------------------------- CONTENT AREA --------------------------------- 
24. Mixed Rate Note Provisions:



--------------------------------- CONTENT AREA --------------------------------- 
Provisions relating to redemption



--------------------------------- CONTENT AREA --------------------------------- 
25. Exchange Rate Time:



--------------------------------- CONTENT AREA --------------------------------- 
26. Maturity Date:



--------------------------------- CONTENT AREA --------------------------------- 
27. Early Redemption following the
occurrence of:



--------------------------------- CONTENT AREA --------------------------------- 
(a) Tax Event:



--------------------------------- CONTENT AREA --------------------------------- 
(b) Change in Law:



--------------------------------- CONTENT AREA --------------------------------- 
(c) Hedging Disruption:



--------------------------------- CONTENT AREA --------------------------------- 
(d) Increased Cost of Hedging:



--------------------------------- CONTENT AREA --------------------------------- 
28. Early Redemption at the Option of
the Issuer:



--------------------------------- CONTENT AREA --------------------------------- 
29. Early Redemption at the Option of
the Noteholders:



--------------------------------- CONTENT AREA --------------------------------- 
30. Valuation Date:



--------------------------------- CONTENT AREA --------------------------------- 
31. Valuation Time:



--------------------------------- CONTENT AREA --------------------------------- 
N/A



--------------------------------- CONTENT AREA --------------------------------- 
N/A



--------------------------------- CONTENT AREA --------------------------------- 
N/A



--------------------------------- CONTENT AREA --------------------------------- 
N/A



--------------------------------- CONTENT AREA --------------------------------- 
N/A



--------------------------------- CONTENT AREA --------------------------------- 
Not Applicable



--------------------------------- CONTENT AREA --------------------------------- 
Not Applicable



--------------------------------- CONTENT AREA --------------------------------- 
Not Applicable



--------------------------------- CONTENT AREA --------------------------------- 
N/A



--------------------------------- CONTENT AREA --------------------------------- 
N/A



--------------------------------- CONTENT AREA --------------------------------- 
N/A



--------------------------------- CONTENT AREA --------------------------------- 
03 September 2019



--------------------------------- CONTENT AREA --------------------------------- 
Applicable



--------------------------------- CONTENT AREA --------------------------------- 
Applicable



--------------------------------- CONTENT AREA --------------------------------- 
Applicable



--------------------------------- CONTENT AREA --------------------------------- 
Applicable



--------------------------------- CONTENT AREA --------------------------------- 
Not Applicable



--------------------------------- CONTENT AREA --------------------------------- 
Not Applicable



--------------------------------- CONTENT AREA --------------------------------- 
26 August 2019



--------------------------------- CONTENT AREA --------------------------------- 
As stated in the Terms and Conditions



</system-out></testcase></testsuite>
=======
<?xml version="1.0" encoding="utf-8"?><testsuite errors="0" failures="0" name="pytest" skips="0" tests="0" time="263.520"><testcase time="0.0003628730773925781"></testcase></testsuite>
>>>>>>> 9db4e3c059d1812698cc1e60bca479dee504c07f
